Scenario - Push Button + tone (0ms)
Logfile written - 10/08/2020 12:24:21

Trial	Event Type	Code	Time	TTime	Uncertainty	Duration	Uncertainty	ReqTime	ReqDur	Stim Type	Pair Index

1	Picture	start	166	0	1	667	3	0	next	other	0
3	Nothing	nothing	5333	0	1			0		hit	3
3	Response	222	38221	32888	1
4	Sound	20	38222	0	2			0		hit	6
5	Sound	20	61421	0	2			0		hit	8
5	Response	222	61421	0	1
6	Sound	20	84061	0	3			0		hit	9
6	Response	222	84061	0	1
6	Response	222	103420	19359	1
7	Sound	20	103421	0	2			0		hit	11
7	Response	222	119979	16558	2
8	Sound	20	119980	0	2			0		hit	13
8	Response	222	137420	17440	1
9	Sound	20	137421	0	2			0		hit	15
9	Response	222	155099	17678	1
10	Sound	20	155100	0	2			0		hit	18
11	Sound	20	172860	0	2			0		hit	20
11	Response	222	172860	0	1
12	Sound	20	189179	0	3			0		hit	21
12	Response	222	189179	0	1
12	Response	222	204458	15279	2
13	Sound	20	204459	0	2			0		hit	23
13	Response	222	221498	17039	2
14	Sound	20	221499	0	2			0		incorrect	26
14	Port Input	14	236318	14819	1
14	Response	10	236318	14819	1
14	Port Input	15	236544	15045	1
14	Port Input	14	236544	15045	1
14	Port Input	15	236546	15047	1
14	Port Input	14	236546	15047	1
14	Port Input	15	236547	15048	1
14	Port Input	14	236547	15048	1
14	Port Input	15	236547	15048	1
14	Port Input	14	236547	15048	1
14	Port Input	15	236548	15049	1
14	Port Input	14	236548	15049	1
14	Port Input	15	236548	15049	1
14	Port Input	14	236548	15049	1
14	Port Input	15	236548	15049	1
14	Port Input	14	236548	15049	1
14	Port Input	15	236548	15049	1
14	Port Input	14	236548	15049	1
14	Port Input	15	236548	15049	1
14	Port Input	14	236548	15049	1
14	Port Input	15	236549	15050	1
14	Port Input	14	236549	15050	1
14	Port Input	15	236550	15051	1
14	Port Input	14	236550	15051	1
14	Port Input	15	236550	15051	1
14	Port Input	14	236550	15051	1
14	Port Input	15	236551	15052	1
14	Port Input	14	236551	15052	1
14	Port Input	15	236553	15054	1
14	Port Input	14	236553	15054	1
14	Port Input	15	236553	15054	1
14	Port Input	14	236553	15054	1
14	Port Input	15	236553	15054	2
14	Port Input	14	236554	15055	1
14	Port Input	15	236554	15055	1
14	Port Input	14	236554	15055	1
14	Port Input	15	236554	15055	1
14	Port Input	14	236554	15055	1
14	Port Input	15	236554	15055	1
14	Port Input	14	236554	15055	1
14	Port Input	15	236555	15056	1
14	Port Input	14	236555	15056	1
14	Port Input	15	236555	15056	1
14	Port Input	14	236555	15056	1
14	Port Input	15	236555	15056	1
14	Port Input	14	236555	15056	1
14	Port Input	15	236556	15057	1
14	Port Input	14	236556	15057	1
14	Port Input	15	236556	15057	1
14	Port Input	14	236556	15057	1
14	Port Input	15	236556	15057	1
14	Port Input	14	236556	15057	1
14	Port Input	15	236557	15058	1
14	Port Input	14	236557	15058	1
14	Port Input	15	236558	15059	1
14	Port Input	14	236558	15059	1
14	Port Input	15	236558	15059	1
14	Port Input	14	236558	15059	1
14	Port Input	15	236559	15060	1
14	Port Input	14	236559	15060	1
14	Port Input	15	236561	15062	1
14	Port Input	14	236561	15062	1
14	Port Input	15	236561	15062	1
14	Port Input	14	236561	15062	1
14	Port Input	15	236562	15063	1
14	Port Input	14	236562	15063	1
14	Port Input	15	236562	15063	1
14	Port Input	14	236562	15063	1
14	Port Input	15	236562	15063	1
14	Port Input	14	236562	15063	2
14	Port Input	15	236563	15064	1
14	Port Input	14	236563	15064	1
14	Port Input	15	236563	15064	1
14	Port Input	14	236563	15064	1
14	Port Input	15	236564	15065	1
14	Port Input	14	236564	15065	1
14	Port Input	15	236564	15065	1
14	Port Input	14	236564	15065	1
14	Port Input	15	236564	15065	1
14	Port Input	14	236564	15065	1
14	Port Input	15	236565	15066	1
14	Port Input	14	236565	15066	1
14	Port Input	15	236565	15066	1
14	Port Input	14	236565	15066	1
14	Port Input	15	236566	15067	1
14	Port Input	14	236566	15067	1
14	Port Input	15	236566	15067	1
14	Port Input	14	236566	15067	1
14	Port Input	15	236566	15067	1
14	Port Input	14	236566	15067	1
14	Port Input	15	236566	15067	1
14	Port Input	14	236566	15067	2
14	Port Input	15	236567	15068	1
14	Port Input	14	236567	15068	1
14	Port Input	15	236567	15068	1
14	Port Input	14	236567	15068	1
14	Port Input	15	236567	15068	1
14	Port Input	14	236567	15068	1
14	Port Input	15	236567	15068	1
14	Port Input	14	236567	15068	1
14	Port Input	15	236567	15068	1
14	Port Input	14	236567	15068	1
14	Port Input	15	236568	15069	1
14	Port Input	14	236568	15069	1
14	Port Input	15	236568	15069	1
14	Port Input	14	236568	15069	1
14	Port Input	15	236569	15070	1
14	Port Input	14	236569	15070	1
14	Port Input	15	236569	15070	1
14	Port Input	14	236569	15070	1
14	Port Input	15	236569	15070	1
14	Port Input	14	236569	15070	1
14	Port Input	15	236569	15070	1
14	Port Input	14	236569	15070	1
14	Port Input	15	236570	15071	1
14	Port Input	14	236570	15071	1
14	Port Input	15	236571	15072	1
14	Port Input	14	236571	15072	1
14	Port Input	15	236571	15072	1
14	Port Input	14	236571	15072	1
14	Port Input	15	236571	15072	1
14	Port Input	14	236571	15072	1
14	Port Input	15	236572	15073	1
14	Port Input	14	236572	15073	1
14	Port Input	15	236572	15073	1
14	Port Input	14	236572	15073	1
14	Port Input	15	236572	15073	1
14	Port Input	14	236572	15073	1
14	Port Input	15	236573	15074	1
14	Port Input	14	236573	15074	1
14	Port Input	15	236573	15074	1
14	Port Input	14	236573	15074	1
14	Port Input	15	236573	15074	1
14	Port Input	14	236573	15074	1
14	Port Input	15	236573	15074	1
14	Port Input	14	236573	15074	1
14	Port Input	15	236573	15074	1
14	Port Input	14	236573	15074	1
14	Port Input	15	236573	15074	1
14	Port Input	14	236573	15074	1
14	Port Input	15	236574	15075	1
14	Port Input	14	236574	15075	1
14	Port Input	15	236574	15075	1
14	Port Input	14	236574	15075	1
14	Port Input	15	236576	15077	1
14	Port Input	14	236576	15077	1
14	Port Input	15	236577	15078	1
14	Port Input	14	236577	15078	1
14	Port Input	15	236578	15079	1
14	Port Input	14	236578	15079	1
14	Port Input	15	236578	15079	1
14	Port Input	14	236578	15079	1
14	Port Input	15	236582	15083	1
14	Port Input	14	236582	15083	1
14	Port Input	15	236582	15083	2
14	Port Input	14	236583	15084	1
14	Port Input	15	236583	15084	1
14	Port Input	14	236583	15084	1
14	Port Input	15	236583	15084	1
14	Port Input	14	236583	15084	1
14	Port Input	15	236583	15084	1
14	Port Input	14	236583	15084	1
14	Port Input	15	236583	15084	1
14	Port Input	14	236583	15084	1
14	Port Input	15	236583	15084	2
14	Port Input	14	236584	15085	1
14	Port Input	15	236584	15085	1
14	Port Input	14	236584	15085	1
14	Port Input	15	236584	15085	1
14	Port Input	14	236584	15085	1
14	Port Input	15	236584	15085	1
14	Port Input	14	236584	15085	1
14	Port Input	15	236585	15086	1
14	Port Input	14	236585	15086	1
14	Port Input	15	236585	15086	1
14	Port Input	14	236585	15086	1
14	Port Input	15	236586	15087	1
14	Port Input	14	236586	15087	1
14	Port Input	15	236587	15088	1
14	Port Input	14	236587	15088	1
14	Port Input	15	236588	15089	1
14	Port Input	14	236588	15089	1
14	Port Input	15	236590	15091	1
14	Port Input	14	236590	15091	1
14	Port Input	15	236590	15091	1
14	Port Input	14	236590	15091	1
14	Port Input	15	236590	15091	1
14	Port Input	14	236590	15091	1
14	Port Input	15	236590	15091	1
14	Port Input	14	236590	15091	1
14	Port Input	15	236591	15092	1
14	Port Input	14	236591	15092	1
14	Port Input	15	236591	15092	1
14	Port Input	14	236591	15092	1
14	Port Input	15	236592	15093	1
14	Port Input	14	236592	15093	1
14	Port Input	15	236593	15094	1
14	Port Input	14	236593	15094	1
14	Port Input	15	236593	15094	1
14	Port Input	14	236593	15094	1
14	Port Input	15	236594	15095	1
14	Port Input	14	236594	15095	1
14	Port Input	15	236602	15103	1
14	Port Input	14	236602	15103	1
14	Port Input	15	236605	15106	1
14	Port Input	14	236605	15106	1
14	Port Input	15	236608	15109	1
14	Port Input	14	236608	15109	1
14	Port Input	15	236610	15111	1
14	Port Input	14	236610	15111	1
14	Port Input	15	236611	15112	1
14	Port Input	14	236611	15112	1
14	Port Input	15	236612	15113	1
14	Port Input	14	236612	15113	1
14	Port Input	15	236613	15114	1
14	Port Input	14	236613	15114	1
14	Port Input	15	236616	15117	1
14	Port Input	14	236616	15117	1
14	Port Input	15	236618	15119	1
14	Port Input	14	236618	15119	1
14	Port Input	15	236618	15119	1
14	Port Input	14	236618	15119	1
14	Port Input	15	236620	15121	1
14	Port Input	14	236620	15121	1
14	Port Input	15	236621	15122	1
14	Port Input	14	236621	15122	1
14	Port Input	15	236621	15122	1
14	Port Input	14	236622	15123	1
14	Port Input	15	236622	15123	1
14	Port Input	14	236622	15123	1
14	Port Input	15	236623	15124	1
14	Port Input	14	236623	15124	1
14	Port Input	15	236625	15126	1
14	Port Input	14	236625	15126	1
14	Port Input	15	236626	15127	1
14	Port Input	14	236626	15127	1
14	Port Input	15	236631	15132	1
14	Port Input	14	236631	15132	1
14	Port Input	15	236631	15132	2
14	Port Input	14	236632	15133	1
14	Port Input	15	236632	15133	1
14	Port Input	14	236632	15133	1
14	Port Input	15	236633	15134	1
14	Port Input	14	236633	15134	1
14	Port Input	15	236633	15134	1
14	Port Input	14	236633	15134	1
14	Port Input	15	236633	15134	1
14	Port Input	14	236633	15134	1
14	Port Input	15	236633	15134	1
14	Port Input	14	236633	15134	1
14	Port Input	15	236635	15136	1
14	Port Input	14	236635	15136	2
14	Port Input	15	236638	15139	1
14	Port Input	14	236638	15139	1
14	Port Input	15	236639	15140	1
14	Port Input	14	236639	15140	1
14	Port Input	15	236640	15141	1
14	Port Input	14	236640	15141	1
14	Port Input	15	236641	15142	1
14	Port Input	14	236641	15142	1
14	Port Input	15	236641	15142	1
14	Port Input	14	236641	15142	1
14	Port Input	15	236643	15144	1
14	Port Input	14	236643	15144	1
14	Port Input	15	236644	15145	1
14	Port Input	14	236644	15145	1
14	Port Input	15	236644	15145	1
14	Port Input	14	236644	15145	1
14	Port Input	15	236645	15146	1
14	Port Input	14	236645	15146	1
14	Port Input	15	236645	15146	1
14	Port Input	14	236645	15146	1
14	Port Input	15	236647	15148	1
14	Port Input	14	236647	15148	1
14	Port Input	15	236648	15149	1
14	Port Input	14	236648	15149	1
14	Port Input	15	236649	15150	1
14	Port Input	14	236649	15150	1
14	Port Input	15	236653	15154	1
14	Port Input	14	236653	15154	1
14	Port Input	15	236653	15154	1
14	Port Input	14	236653	15154	1
14	Port Input	15	236654	15155	1
14	Port Input	14	236654	15155	1
14	Port Input	15	236654	15155	1
14	Port Input	14	236654	15155	1
14	Port Input	15	236654	15155	1
14	Port Input	14	236654	15155	1
14	Port Input	15	236655	15156	1
14	Port Input	14	236655	15156	1
14	Port Input	15	236656	15157	1
14	Port Input	14	236656	15157	1
14	Port Input	15	236657	15158	1
14	Port Input	14	236657	15158	1
14	Port Input	15	236657	15158	1
14	Port Input	14	236657	15158	1
14	Port Input	15	236658	15159	1
14	Port Input	14	236658	15159	1
14	Port Input	15	236660	15161	1
14	Port Input	14	236660	15161	1
14	Port Input	15	236663	15164	1
14	Port Input	14	236663	15164	1
14	Port Input	15	236666	15167	1
14	Port Input	14	236666	15167	1
14	Port Input	15	236667	15168	1
14	Port Input	14	236667	15168	1
14	Port Input	15	236667	15168	1
14	Port Input	14	236667	15168	1
14	Port Input	15	236668	15169	1
14	Port Input	14	236668	15169	1
14	Port Input	15	236668	15169	1
14	Port Input	14	236668	15169	1
14	Port Input	15	236669	15170	1
14	Port Input	14	236669	15170	1
14	Port Input	15	236671	15172	1
14	Port Input	14	236671	15172	1
14	Port Input	15	236672	15173	1
14	Port Input	14	236672	15173	1
14	Port Input	15	236673	15174	1
14	Port Input	14	236673	15174	1
14	Port Input	15	236675	15176	1
14	Port Input	14	236675	15176	1
14	Port Input	15	236675	15176	2
14	Port Input	14	236676	15177	1
14	Port Input	15	236677	15178	1
14	Port Input	14	236677	15178	1
14	Port Input	15	236677	15178	1
14	Port Input	14	236677	15178	1
14	Port Input	15	236678	15179	1
14	Port Input	14	236678	15179	1
14	Port Input	15	236680	15181	1
14	Port Input	14	236680	15181	1
14	Port Input	15	236682	15183	1
14	Port Input	14	236682	15183	1
14	Port Input	15	236682	15183	1
14	Port Input	14	236682	15183	1
14	Port Input	15	236685	15186	1
14	Port Input	14	236685	15186	1
14	Port Input	15	236686	15187	1
14	Port Input	14	236686	15187	1
14	Port Input	15	236688	15189	1
14	Port Input	14	236688	15189	1
14	Port Input	15	236691	15192	1
14	Port Input	14	236691	15192	1
14	Port Input	15	236695	15196	1
14	Port Input	14	236695	15196	1
14	Port Input	15	236697	15198	1
14	Port Input	14	236697	15198	1
14	Port Input	15	236697	15198	1
14	Port Input	14	236697	15198	1
14	Port Input	15	236703	15204	1
14	Port Input	14	236703	15204	1
14	Port Input	15	236707	15208	1
14	Port Input	14	236707	15208	1
14	Port Input	15	236713	15214	1
14	Port Input	14	236713	15214	1
14	Port Input	15	236714	15215	1
14	Port Input	14	236714	15215	1
14	Port Input	15	236714	15215	1
14	Port Input	14	236714	15215	1
14	Port Input	15	236736	15237	1
14	Port Input	14	236736	15237	1
14	Port Input	15	236796	15297	1
14	Port Input	14	236796	15297	1
14	Port Input	15	236855	15356	1
14	Port Input	14	236855	15356	1
14	Port Input	15	236879	15380	1
14	Port Input	14	236879	15380	1
14	Port Input	15	236887	15388	1
14	Port Input	14	236887	15388	1
14	Port Input	15	236902	15403	1
14	Port Input	14	236902	15403	1
14	Port Input	15	236904	15405	1
14	Port Input	14	236904	15405	1
14	Port Input	15	236910	15411	1
14	Port Input	14	236910	15411	1
14	Port Input	15	236932	15433	2
14	Port Input	14	236933	15434	1
14	Port Input	15	236933	15434	1
14	Port Input	14	236933	15434	1
14	Port Input	15	236948	15449	1
14	Port Input	14	236948	15449	1
14	Port Input	15	236955	15456	1
14	Port Input	14	236955	15456	1
14	Port Input	15	236965	15466	1
14	Port Input	14	236965	15466	1
14	Port Input	15	236977	15478	1
14	Port Input	14	236977	15478	1
14	Port Input	15	236996	15497	1
14	Port Input	14	236996	15497	1
14	Port Input	15	237002	15503	1
14	Port Input	14	237002	15503	1
14	Port Input	15	237029	15530	1
14	Port Input	14	237029	15530	1
14	Port Input	15	237032	15533	1
14	Port Input	14	237032	15533	1
14	Port Input	15	237064	15565	1
14	Port Input	14	237064	15565	1
14	Port Input	15	237084	15585	1
14	Port Input	14	237084	15585	1
14	Port Input	15	237088	15589	1
14	Port Input	14	237088	15589	1
14	Port Input	15	237090	15591	1
14	Port Input	14	237090	15591	1
14	Port Input	15	237154	15655	1
14	Port Input	14	237154	15655	1
14	Port Input	15	237240	15741	1
14	Port Input	14	237240	15741	1
14	Port Input	15	238087	16588	1
14	Port Input	14	238087	16588	1
14	Port Input	15	238088	16589	1
14	Port Input	14	238088	16589	1
14	Port Input	15	238115	16616	1
14	Port Input	14	238115	16616	1
14	Port Input	15	238118	16619	1
14	Port Input	14	238118	16619	1
14	Port Input	15	238118	16619	1
14	Port Input	14	238118	16619	1
14	Port Input	15	238124	16625	1
14	Port Input	14	238124	16625	1
14	Port Input	15	238127	16628	1
14	Port Input	14	238127	16628	1
14	Port Input	15	238129	16630	2
14	Port Input	14	238130	16631	1
14	Port Input	15	238139	16640	1
14	Port Input	14	238139	16640	1
14	Port Input	15	238182	16683	1
14	Port Input	14	238182	16683	1
14	Port Input	15	238191	16692	1
14	Port Input	14	238191	16692	1
14	Port Input	15	238198	16699	1
14	Port Input	14	238198	16699	1
14	Port Input	15	238201	16702	1
14	Port Input	14	238201	16702	1
14	Port Input	15	238202	16703	1
14	Port Input	14	238202	16703	1
14	Port Input	15	238204	16705	1
14	Port Input	14	238204	16705	1
14	Port Input	15	238205	16706	1
14	Port Input	14	238205	16706	1
14	Port Input	15	238207	16708	1
14	Port Input	14	238207	16708	1
14	Port Input	15	238210	16711	1
14	Port Input	14	238210	16711	1
14	Port Input	15	238211	16712	1
14	Port Input	14	238211	16712	1
14	Port Input	15	238215	16716	1
14	Port Input	14	238215	16716	1
14	Port Input	15	238215	16716	1
14	Port Input	14	238215	16716	2
14	Port Input	15	238218	16719	1
14	Port Input	14	238218	16719	1
14	Port Input	15	238219	16720	1
14	Port Input	14	238219	16720	1
14	Port Input	15	238221	16722	2
14	Port Input	14	238221	16722	2
14	Port Input	15	238222	16723	1
14	Port Input	14	238222	16723	1
14	Port Input	15	238223	16724	1
14	Port Input	14	238223	16724	1
14	Port Input	15	238224	16725	1
14	Port Input	14	238224	16725	1
14	Port Input	15	238225	16726	1
14	Port Input	14	238225	16726	1
14	Port Input	15	238227	16728	1
14	Port Input	14	238227	16728	1
14	Port Input	15	238229	16730	1
14	Port Input	14	238229	16730	1
14	Port Input	15	238229	16730	1
14	Port Input	14	238229	16730	2
14	Port Input	15	238231	16732	1
14	Port Input	14	238231	16732	1
14	Port Input	15	238233	16734	1
14	Port Input	14	238233	16734	1
14	Port Input	15	238234	16735	1
14	Port Input	14	238234	16735	1
14	Port Input	15	238236	16737	1
14	Port Input	14	238236	16737	1
14	Port Input	15	238237	16738	1
14	Port Input	14	238237	16738	1
14	Port Input	15	238237	16738	1
14	Port Input	14	238237	16738	2
14	Port Input	15	238238	16739	1
14	Port Input	14	238238	16739	1
14	Port Input	15	238239	16740	1
14	Port Input	14	238239	16740	1
14	Port Input	15	238239	16740	1
14	Port Input	14	238239	16740	1
14	Port Input	15	238239	16740	1
14	Port Input	14	238239	16740	1
14	Port Input	15	238241	16742	1
14	Port Input	14	238241	16742	1
14	Port Input	15	238241	16742	1
14	Port Input	14	238241	16742	1
14	Port Input	15	238249	16750	1
14	Port Input	14	238249	16750	1
14	Port Input	15	238255	16756	1
14	Port Input	14	238255	16756	1
14	Port Input	15	238256	16757	1
14	Port Input	14	238256	16757	1
14	Port Input	15	238256	16757	1
14	Port Input	14	238256	16757	2
14	Port Input	15	238257	16758	1
14	Port Input	14	238257	16758	1
14	Port Input	15	238257	16758	1
14	Port Input	14	238257	16758	1
14	Port Input	15	238257	16758	1
14	Port Input	14	238258	16759	1
14	Port Input	15	238258	16759	1
14	Port Input	14	238258	16759	1
14	Port Input	15	238258	16759	1
14	Port Input	14	238258	16759	1
14	Port Input	15	238264	16765	1
14	Port Input	14	238264	16765	1
14	Port Input	15	238264	16765	1
14	Port Input	14	238264	16765	1
14	Port Input	15	238265	16766	1
14	Port Input	14	238265	16766	1
14	Port Input	15	238265	16766	1
14	Port Input	14	238265	16766	1
14	Port Input	15	238265	16766	1
14	Port Input	14	238265	16766	1
14	Port Input	15	238265	16766	1
14	Port Input	14	238265	16766	1
14	Port Input	15	238265	16766	1
14	Port Input	14	238265	16766	2
14	Port Input	15	238266	16767	1
14	Port Input	14	238266	16767	1
14	Port Input	15	238266	16767	1
14	Port Input	14	238266	16767	1
14	Port Input	15	238266	16767	1
14	Port Input	14	238266	16767	1
14	Port Input	15	238266	16767	1
14	Port Input	14	238266	16767	1
14	Port Input	15	238267	16768	1
14	Port Input	14	238267	16768	1
14	Port Input	15	238267	16768	1
14	Port Input	14	238267	16768	1
14	Port Input	15	238268	16769	1
14	Port Input	14	238268	16769	1
14	Port Input	15	238268	16769	1
14	Port Input	14	238268	16769	1
14	Port Input	15	238268	16769	1
14	Port Input	14	238268	16769	2
14	Port Input	15	238269	16770	1
14	Port Input	14	238269	16770	1
14	Port Input	15	238269	16770	1
14	Port Input	14	238269	16770	1
14	Port Input	15	238269	16770	1
14	Port Input	14	238269	16770	1
14	Port Input	15	238269	16770	1
14	Port Input	14	238269	16770	1
14	Port Input	15	238269	16770	2
14	Port Input	14	238270	16771	1
14	Port Input	15	238270	16771	1
14	Port Input	14	238270	16771	1
14	Port Input	15	238270	16771	1
14	Port Input	14	238270	16771	1
14	Port Input	15	238270	16771	1
14	Port Input	14	238270	16771	1
14	Port Input	15	238271	16772	1
14	Port Input	14	238271	16772	1
14	Port Input	15	238272	16773	1
14	Port Input	14	238272	16773	1
14	Port Input	15	238272	16773	1
14	Port Input	14	238272	16773	1
14	Port Input	15	238274	16775	1
14	Port Input	14	238274	16775	1
14	Port Input	15	238275	16776	1
14	Port Input	14	238275	16776	1
14	Port Input	15	238275	16776	1
14	Port Input	14	238275	16776	1
14	Port Input	15	238276	16777	1
14	Port Input	14	238276	16777	1
14	Port Input	15	238278	16779	1
14	Port Input	14	238278	16779	1
14	Port Input	15	238278	16779	1
14	Port Input	14	238278	16779	1
14	Port Input	15	238278	16779	1
14	Port Input	14	238278	16779	1
14	Port Input	15	238283	16784	1
14	Port Input	14	238283	16784	1
14	Port Input	15	238283	16784	1
14	Port Input	14	238283	16784	1
14	Port Input	15	238311	16812	2
14	Port Input	14	238312	16813	1
14	Port Input	15	238331	16832	1
14	Port Input	14	238331	16832	1
14	Response	10	238331	16832	1
14	Port Input	15	238343	16844	1
14	Port Input	14	238343	16844	1
14	Port Input	15	238343	16844	2
14	Port Input	14	238343	16844	2
14	Port Input	15	238344	16845	1
14	Port Input	14	238344	16845	1
14	Port Input	15	238403	16904	1
14	Port Input	14	238403	16904	1
14	Port Input	15	238407	16908	1
14	Port Input	14	238407	16908	1
14	Port Input	15	238409	16910	1
14	Port Input	14	238409	16910	2
14	Port Input	15	238410	16911	1
14	Port Input	14	238410	16911	1
14	Port Input	15	238413	16914	1
14	Port Input	14	238413	16914	1
14	Port Input	15	238413	16914	1
14	Port Input	14	238413	16914	1
14	Port Input	15	238413	16914	1
14	Port Input	14	238413	16914	1
14	Port Input	15	238413	16914	1
14	Port Input	14	238413	16914	1
14	Port Input	15	238414	16915	1
14	Port Input	14	238414	16915	1
14	Port Input	15	238417	16918	1
14	Port Input	14	238417	16918	1
14	Port Input	15	238418	16919	1
14	Port Input	14	238418	16919	1
14	Port Input	15	238422	16923	1
14	Port Input	14	238422	16923	1
14	Port Input	15	238423	16924	1
14	Port Input	14	238423	16924	1
14	Port Input	15	238423	16924	1
14	Port Input	14	238423	16924	1
14	Port Input	15	238423	16924	1
14	Port Input	14	238423	16924	1
14	Port Input	15	238425	16926	1
14	Port Input	14	238425	16926	1
14	Port Input	15	238425	16926	1
14	Port Input	14	238425	16926	1
14	Port Input	15	238426	16927	1
14	Port Input	14	238426	16927	1
14	Port Input	15	238426	16927	1
14	Port Input	14	238426	16927	1
14	Port Input	15	238435	16936	1
14	Port Input	14	238435	16936	1
14	Port Input	15	238442	16943	1
14	Port Input	14	238442	16943	1
14	Port Input	15	238460	16961	1
14	Port Input	14	238460	16961	1
14	Port Input	15	238460	16961	1
14	Port Input	14	238460	16961	1
14	Port Input	15	238462	16963	1
14	Port Input	14	238462	16963	1
14	Port Input	15	238469	16970	1
14	Port Input	14	238469	16970	1
14	Port Input	15	238541	17042	1
14	Port Input	14	238541	17042	1
14	Port Input	15	238542	17043	1
14	Port Input	14	238542	17043	1
14	Port Input	15	238542	17043	1
14	Port Input	14	238542	17043	1
14	Port Input	15	238543	17044	1
14	Port Input	14	238543	17044	1
14	Port Input	15	238544	17045	1
14	Port Input	14	238544	17045	1
14	Port Input	15	238544	17045	2
14	Port Input	14	238545	17046	1
14	Port Input	15	238545	17046	1
14	Port Input	14	238545	17046	1
14	Port Input	15	238545	17046	1
14	Port Input	14	238545	17046	1
14	Port Input	15	238546	17047	1
14	Port Input	14	238546	17047	1
14	Port Input	15	238547	17048	1
14	Port Input	14	238547	17048	1
14	Port Input	15	238547	17048	1
14	Port Input	14	238547	17048	1
14	Port Input	15	238547	17048	1
14	Port Input	14	238547	17048	1
14	Port Input	15	238547	17048	1
14	Response	20	242538	21039	1
14	Response	20	247098	25599	1
14	Response	20	250377	28878	1
14	Response	20	252537	31038	1
14	Port Input	14	257241	35742	1
14	Port Input	15	257241	35742	1
14	Port Input	14	257241	35742	1
14	Port Input	15	257241	35742	1
14	Port Input	14	257241	35742	1
14	Response	10	257241	35742	1
14	Port Input	15	257242	35743	1
14	Port Input	14	257242	35743	1
14	Port Input	15	259550	38051	1
14	Port Input	14	259550	38051	1
14	Port Input	15	259550	38051	1
14	Port Input	14	259550	38051	1
14	Response	10	259550	38051	1
14	Port Input	15	259551	38052	1
14	Port Input	14	259551	38052	1
14	Port Input	15	259552	38053	1
14	Port Input	14	259552	38053	1
14	Port Input	15	259552	38053	1
14	Port Input	14	259552	38053	1
14	Port Input	15	259552	38053	1
14	Port Input	14	259552	38053	1
14	Port Input	15	259552	38053	1
14	Port Input	14	259552	38053	1
14	Port Input	15	259553	38054	1
14	Port Input	14	259553	38054	1
14	Port Input	15	259553	38054	1
14	Port Input	14	259553	38054	1
14	Port Input	15	259554	38055	1
14	Port Input	14	259554	38055	1
14	Port Input	15	259554	38055	1
14	Port Input	14	259554	38055	1
14	Port Input	15	259555	38056	1
14	Port Input	14	259555	38056	1
14	Port Input	15	259555	38056	1
14	Port Input	14	259555	38056	1
14	Port Input	15	259555	38056	1
14	Port Input	14	259555	38056	1
14	Port Input	15	259555	38056	1
14	Port Input	14	259556	38057	1
14	Port Input	15	259557	38058	1
14	Port Input	14	259557	38058	1
14	Port Input	15	259557	38058	1
14	Port Input	14	259557	38058	1
14	Port Input	15	259557	38058	1
14	Port Input	14	259557	38058	1
14	Port Input	15	259557	38058	1
14	Port Input	14	259557	38058	1
14	Port Input	15	259557	38058	1
14	Port Input	14	259557	38058	1
14	Port Input	15	259557	38058	1
14	Port Input	14	259557	38058	1
14	Port Input	15	259557	38058	1
14	Port Input	14	259558	38059	1
14	Port Input	15	259558	38059	1
14	Port Input	14	259558	38059	1
14	Port Input	15	259558	38059	1
14	Port Input	14	259558	38059	1
14	Port Input	15	259558	38059	1
14	Port Input	14	259558	38059	1
14	Port Input	15	259558	38059	1
14	Port Input	14	259558	38059	1
14	Port Input	15	259559	38060	1
14	Port Input	14	259559	38060	1
14	Port Input	15	259559	38060	1
14	Port Input	14	259560	38061	1
14	Port Input	15	259560	38061	1
14	Port Input	14	259560	38061	1
14	Port Input	15	259560	38061	1
14	Port Input	14	259560	38061	1
14	Port Input	15	259560	38061	1
14	Port Input	14	259560	38061	1
14	Port Input	15	259561	38062	1
14	Port Input	14	259561	38062	1
14	Port Input	15	259561	38062	1
14	Response	20	260938	39439	1
14	Response	20	263177	41678	1
14	Port Input	14	266161	44662	1
14	Port Input	15	266161	44662	1
14	Port Input	14	266161	44662	1
14	Port Input	15	266161	44662	1
14	Response	10	266161	44662	1
14	Port Input	14	266162	44663	1
14	Port Input	15	266162	44663	1
14	Port Input	14	266162	44663	1
14	Port Input	15	266162	44663	1
14	Port Input	14	266162	44663	1
14	Port Input	15	266163	44664	1
14	Port Input	14	266163	44664	1
14	Port Input	15	266163	44664	1
14	Port Input	14	266163	44664	1
14	Port Input	15	266163	44664	1
14	Port Input	14	266163	44664	1
14	Port Input	15	266163	44664	1
14	Port Input	14	266163	44664	1
14	Port Input	15	266163	44664	1
14	Port Input	14	266163	44664	2
14	Port Input	15	266164	44665	1
14	Port Input	14	266164	44665	1
14	Port Input	15	266164	44665	1
14	Port Input	14	266164	44665	1
14	Port Input	15	266164	44665	1
14	Port Input	14	266164	44665	1
14	Port Input	15	266164	44665	1
14	Port Input	14	266164	44665	1
14	Port Input	15	266164	44665	1
14	Port Input	14	266164	44665	1
14	Port Input	15	266164	44665	1
14	Port Input	14	266164	44665	1
14	Port Input	15	266164	44665	1
14	Port Input	14	266164	44665	1
14	Port Input	15	266164	44665	1
14	Port Input	14	266164	44665	1
14	Port Input	15	266167	44668	1
14	Port Input	14	266167	44668	1
14	Port Input	15	266167	44668	1
14	Port Input	14	266167	44668	1
14	Port Input	15	266168	44669	1
14	Port Input	14	266168	44669	1
14	Port Input	15	266169	44670	1
14	Port Input	14	266169	44670	1
14	Port Input	15	266171	44672	1
14	Port Input	14	266171	44672	1
14	Port Input	15	266171	44672	1
14	Port Input	14	266171	44672	1
14	Port Input	15	266171	44672	1
14	Port Input	14	266171	44672	1
14	Port Input	15	266171	44672	1
14	Port Input	14	266171	44672	1
14	Port Input	15	266172	44673	1
14	Port Input	14	266172	44673	1
14	Port Input	15	266172	44673	1
14	Port Input	14	266172	44673	1
14	Port Input	15	266172	44673	1
14	Port Input	14	266172	44673	1
14	Port Input	15	266172	44673	1
14	Port Input	14	266172	44673	1
14	Port Input	15	266173	44674	1
14	Port Input	14	266173	44674	1
14	Port Input	15	266173	44674	1
14	Port Input	14	266173	44674	1
14	Port Input	15	266174	44675	1
14	Port Input	14	266174	44675	1
14	Port Input	15	266174	44675	2
14	Port Input	14	266174	44675	2
14	Port Input	15	266176	44677	1
14	Port Input	14	266176	44677	1
14	Port Input	15	266176	44677	1
14	Port Input	14	266176	44677	1
14	Port Input	15	266177	44678	1
14	Port Input	14	266177	44678	2
14	Port Input	15	266178	44679	1
14	Port Input	14	266178	44679	1
14	Port Input	15	266178	44679	1
14	Port Input	14	266178	44679	1
14	Port Input	15	266179	44680	1
14	Port Input	14	266179	44680	1
14	Port Input	15	266179	44680	1
14	Port Input	14	266179	44680	1
14	Port Input	15	266179	44680	1
14	Port Input	14	266179	44680	1
14	Port Input	15	266180	44681	1
14	Port Input	14	266180	44681	1
14	Port Input	15	266180	44681	1
14	Port Input	14	266180	44681	1
14	Port Input	15	266180	44681	1
14	Port Input	14	266180	44681	1
14	Port Input	15	266180	44681	1
14	Port Input	14	266180	44681	2
14	Port Input	15	266181	44682	1
14	Port Input	14	266181	44682	1
14	Port Input	15	266181	44682	1
14	Port Input	14	266181	44682	1
14	Port Input	15	266181	44682	1
14	Port Input	14	266181	44682	1
14	Port Input	15	266181	44682	2
14	Port Input	14	266182	44683	1
14	Port Input	15	266182	44683	1
14	Port Input	14	266182	44683	1
14	Port Input	15	266183	44684	1
14	Port Input	14	266183	44684	1
14	Port Input	15	266183	44684	1
14	Port Input	14	266183	44684	1
14	Port Input	15	266184	44685	1
14	Port Input	14	266184	44685	1
14	Port Input	15	266185	44686	1
14	Port Input	14	266185	44686	1
14	Port Input	15	266186	44687	1
14	Port Input	14	266186	44687	1
14	Port Input	15	266188	44689	1
14	Port Input	14	266188	44689	1
14	Port Input	15	266188	44689	1
14	Port Input	14	266188	44689	1
14	Port Input	15	266188	44689	1
14	Port Input	14	266188	44689	1
14	Port Input	15	266188	44689	1
14	Port Input	14	266188	44689	1
14	Port Input	15	266189	44690	1
14	Port Input	14	266189	44690	1
14	Port Input	15	266191	44692	1
14	Port Input	14	266191	44692	1
14	Port Input	15	266191	44692	1
14	Port Input	14	266191	44692	1
14	Port Input	15	266191	44692	1
14	Port Input	14	266191	44692	1
14	Port Input	15	266280	44781	1
14	Port Input	14	266280	44781	1
14	Port Input	15	266284	44785	1
14	Port Input	14	266284	44785	1
14	Port Input	15	266296	44797	1
14	Port Input	14	266296	44797	1
14	Port Input	15	266420	44921	1
14	Port Input	14	266420	44921	1
14	Port Input	15	266421	44922	1
14	Port Input	14	266421	44922	1
14	Port Input	15	266426	44927	1
14	Port Input	14	266426	44927	1
14	Port Input	15	266433	44934	1
14	Port Input	14	266433	44934	1
14	Port Input	15	266433	44934	1
14	Port Input	14	266433	44934	1
14	Port Input	15	266434	44935	1
14	Port Input	14	266434	44935	1
14	Port Input	15	266446	44947	1
14	Port Input	14	266447	44948	1
14	Port Input	15	266460	44961	1
14	Port Input	14	266460	44961	1
14	Port Input	15	267204	45705	1
14	Port Input	14	267204	45705	1
14	Port Input	15	267211	45712	1
14	Port Input	14	267211	45712	1
14	Port Input	15	267219	45720	2
14	Port Input	14	267220	45721	1
14	Port Input	15	267228	45729	1
14	Port Input	14	267228	45729	1
14	Port Input	15	267330	45831	1
14	Port Input	14	267330	45831	1
14	Port Input	15	267330	45831	1
14	Port Input	14	267330	45831	1
14	Port Input	15	267382	45883	1
14	Port Input	14	267382	45883	1
14	Port Input	15	267382	45883	1
14	Port Input	14	267382	45883	1
14	Port Input	15	267386	45887	1
14	Port Input	14	267386	45887	1
14	Port Input	15	267399	45900	1
14	Port Input	14	267399	45900	1
14	Port Input	15	267406	45907	1
14	Port Input	14	267406	45907	1
14	Port Input	15	267408	45909	1
14	Port Input	14	267408	45909	1
14	Port Input	15	267415	45916	1
14	Port Input	14	267415	45916	1
14	Port Input	15	267417	45918	1
14	Port Input	14	267417	45918	1
14	Port Input	15	267418	45919	1
14	Port Input	14	267418	45919	1
14	Port Input	15	267418	45919	1
14	Port Input	14	267418	45919	1
14	Port Input	15	267419	45920	1
14	Port Input	14	267423	45924	1
14	Port Input	15	267424	45925	1
14	Port Input	14	267428	45929	1
14	Port Input	15	267428	45929	1
14	Port Input	14	267428	45929	1
14	Port Input	15	267429	45930	1
14	Port Input	14	267429	45930	1
14	Port Input	15	267429	45930	1
14	Port Input	14	267429	45930	1
14	Port Input	15	267429	45930	1
14	Port Input	14	267429	45930	1
14	Port Input	15	267429	45930	1
14	Port Input	14	267430	45931	1
14	Port Input	15	267430	45931	1
14	Port Input	14	267430	45931	1
14	Port Input	15	267430	45931	1
14	Port Input	14	267431	45932	1
14	Port Input	15	267431	45932	1
14	Port Input	14	267431	45932	1
14	Port Input	15	267431	45932	1
14	Port Input	14	267431	45932	1
14	Port Input	15	267431	45932	1
14	Port Input	14	267431	45932	1
14	Port Input	15	267431	45932	1
14	Port Input	14	267431	45932	1
14	Port Input	15	267432	45933	1
14	Port Input	14	267432	45933	1
14	Port Input	15	267432	45933	1
14	Port Input	14	267432	45933	1
14	Port Input	15	267432	45933	1
14	Port Input	14	267432	45933	1
14	Port Input	15	267432	45933	1
14	Port Input	14	267432	45933	1
14	Port Input	15	267433	45934	1
14	Port Input	14	267433	45934	1
14	Port Input	15	267433	45934	1
14	Port Input	14	267433	45934	1
14	Port Input	15	267433	45934	1
14	Port Input	14	267434	45935	1
14	Port Input	15	267434	45935	2
14	Port Input	14	267441	45942	1
14	Port Input	15	267442	45943	1
14	Port Input	14	268393	46894	1
14	Port Input	15	268393	46894	2
14	Response	10	268393	46894	2
14	Port Input	14	268394	46895	1
14	Port Input	15	268394	46895	1
14	Port Input	14	268395	46896	1
14	Port Input	15	268395	46896	1
14	Port Input	14	268395	46896	1
14	Port Input	15	268395	46896	1
14	Port Input	14	268395	46896	1
14	Port Input	15	268395	46896	1
14	Port Input	14	268396	46897	1
14	Port Input	15	268396	46897	1
14	Port Input	14	268396	46897	1
14	Port Input	15	268396	46897	1
14	Port Input	14	268396	46897	1
14	Port Input	15	268396	46897	1
14	Port Input	14	268396	46897	1
14	Port Input	15	268397	46898	1
14	Port Input	14	268397	46898	1
14	Port Input	15	268397	46898	1
14	Port Input	14	268397	46898	1
14	Port Input	15	268397	46898	1
14	Port Input	14	268397	46898	1
14	Port Input	15	268397	46898	1
14	Port Input	14	268397	46898	1
14	Port Input	15	268398	46899	1
14	Port Input	14	268398	46899	1
14	Port Input	15	268398	46899	1
14	Port Input	14	268398	46899	1
14	Port Input	15	268398	46899	1
14	Port Input	14	268398	46899	1
14	Port Input	15	268398	46899	1
14	Port Input	14	268398	46899	1
14	Port Input	15	268398	46899	1
14	Port Input	14	268398	46899	2
14	Port Input	15	268399	46900	1
14	Port Input	14	268399	46900	1
14	Port Input	15	268399	46900	1
14	Port Input	14	268399	46900	1
14	Port Input	15	268400	46901	1
14	Port Input	14	268400	46901	1
14	Port Input	15	268400	46901	2
14	Port Input	14	268401	46902	1
14	Port Input	15	268401	46902	1
14	Port Input	14	268401	46902	1
14	Port Input	15	268401	46902	1
14	Port Input	14	268401	46902	1
14	Port Input	15	268401	46902	1
14	Port Input	14	268401	46902	1
14	Port Input	15	268402	46903	1
14	Port Input	14	268402	46903	1
14	Port Input	15	268402	46903	1
14	Port Input	14	268402	46903	1
14	Port Input	15	268402	46903	1
14	Port Input	14	268402	46903	1
14	Port Input	15	268402	46903	1
14	Port Input	14	268402	46903	1
14	Port Input	15	268402	46903	1
14	Port Input	14	268402	46903	1
14	Port Input	15	268402	46903	1
14	Port Input	14	268402	46903	2
14	Port Input	15	268406	46907	1
14	Port Input	14	268406	46907	1
14	Port Input	15	268408	46909	1
14	Port Input	14	268408	46909	1
14	Port Input	15	268408	46909	1
14	Port Input	14	268408	46909	1
14	Port Input	15	268415	46916	2
14	Port Input	14	268416	46917	1
14	Port Input	15	268416	46917	1
14	Port Input	14	268416	46917	1
14	Port Input	15	268417	46918	1
14	Port Input	14	268417	46918	1
14	Port Input	15	268429	46930	1
14	Port Input	14	268429	46930	1
14	Port Input	15	269502	48003	1
14	Port Input	14	269502	48003	1
14	Port Input	15	269559	48060	1
14	Port Input	14	269559	48060	1
14	Port Input	15	269559	48060	1
14	Port Input	14	269559	48060	1
14	Port Input	15	269560	48061	1
14	Port Input	14	269560	48061	1
14	Port Input	15	269563	48064	1
14	Port Input	14	269563	48064	2
14	Port Input	15	269565	48066	1
14	Port Input	14	269565	48066	1
14	Port Input	15	269565	48066	1
14	Port Input	14	269565	48066	1
14	Port Input	15	269566	48067	1
14	Port Input	14	269566	48067	1
14	Port Input	15	269568	48069	1
14	Port Input	14	269568	48069	1
14	Port Input	15	269568	48069	1
14	Port Input	14	269568	48069	1
14	Port Input	15	269569	48070	1
14	Port Input	14	269569	48070	1
14	Port Input	15	269570	48071	1
14	Port Input	14	269570	48071	1
14	Port Input	15	269570	48071	1
14	Port Input	14	269570	48071	1
14	Port Input	15	269571	48072	1
14	Port Input	14	269571	48072	1
14	Port Input	15	269571	48072	1
14	Port Input	14	269571	48072	1
14	Port Input	15	269572	48073	1
14	Port Input	14	269572	48073	1
14	Port Input	15	269572	48073	1
14	Port Input	14	269572	48073	1
14	Port Input	15	269573	48074	1
14	Port Input	14	269573	48074	1
14	Port Input	15	269575	48076	1
14	Port Input	14	269575	48076	1
14	Port Input	15	269577	48078	1
14	Port Input	14	269577	48078	1
14	Port Input	15	269578	48079	1
14	Port Input	14	269578	48079	1
14	Port Input	15	269578	48079	1
14	Port Input	14	269578	48079	1
14	Port Input	15	269578	48079	1
14	Port Input	14	269578	48079	1
14	Port Input	15	269578	48079	1
14	Port Input	14	269578	48079	1
14	Port Input	15	269579	48080	1
14	Port Input	14	269579	48080	1
14	Port Input	15	269579	48080	1
14	Port Input	14	269579	48080	1
14	Port Input	15	269583	48084	1
14	Port Input	14	269583	48084	1
14	Port Input	15	269584	48085	1
14	Port Input	14	269584	48085	1
14	Port Input	15	269584	48085	1
14	Port Input	14	269584	48085	1
14	Port Input	15	269584	48085	1
14	Port Input	14	269584	48085	1
14	Port Input	15	269585	48086	1
14	Port Input	14	269585	48086	1
14	Port Input	15	269586	48087	1
14	Port Input	14	269586	48087	1
14	Port Input	15	269588	48089	1
14	Port Input	14	269588	48089	1
14	Port Input	15	269588	48089	1
14	Port Input	14	269588	48089	1
14	Port Input	15	269588	48089	1
14	Port Input	14	269588	48089	1
14	Port Input	15	269588	48089	1
14	Port Input	14	269588	48089	1
14	Port Input	15	269589	48090	1
14	Port Input	14	269589	48090	1
14	Port Input	15	269589	48090	1
14	Port Input	14	269589	48090	1
14	Port Input	15	269590	48091	1
14	Port Input	14	269590	48091	1
14	Port Input	15	269591	48092	1
14	Port Input	14	269591	48092	1
14	Port Input	15	269591	48092	2
14	Port Input	14	269592	48093	1
14	Port Input	15	269592	48093	1
14	Port Input	14	269592	48093	1
14	Port Input	15	269592	48093	1
14	Port Input	14	269592	48093	1
14	Port Input	15	269593	48094	1
14	Port Input	14	269593	48094	1
14	Port Input	15	269594	48095	1
14	Port Input	14	269594	48095	1
14	Port Input	15	269595	48096	1
14	Port Input	14	269595	48096	1
14	Port Input	15	269596	48097	1
14	Port Input	14	269596	48097	1
14	Port Input	15	269598	48099	1
14	Port Input	14	269598	48099	1
14	Port Input	15	269598	48099	1
14	Port Input	14	269598	48099	1
14	Port Input	15	269598	48099	2
14	Port Input	14	269599	48100	1
14	Port Input	15	269599	48100	1
14	Port Input	14	269599	48100	1
14	Port Input	15	269600	48101	1
14	Port Input	14	269600	48101	1
14	Port Input	15	269600	48101	1
14	Port Input	14	269600	48101	1
14	Port Input	15	269601	48102	1
14	Port Input	14	269601	48102	1
14	Port Input	15	269601	48102	1
14	Port Input	14	269601	48102	1
14	Port Input	15	269602	48103	1
14	Port Input	14	269602	48103	1
14	Port Input	15	269604	48105	1
14	Port Input	14	269604	48105	1
14	Port Input	15	269605	48106	1
14	Port Input	14	269605	48106	1
14	Port Input	15	269606	48107	1
14	Port Input	14	269606	48107	1
14	Port Input	15	269608	48109	1
14	Port Input	14	269608	48109	1
14	Port Input	15	269609	48110	1
14	Port Input	14	269609	48110	1
14	Port Input	15	269609	48110	1
14	Port Input	14	269609	48110	1
14	Port Input	15	269610	48111	1
14	Port Input	14	269610	48111	1
14	Port Input	15	269611	48112	1
14	Port Input	14	269611	48112	1
14	Port Input	15	269612	48113	1
14	Port Input	14	269612	48113	1
14	Port Input	15	269612	48113	1
14	Port Input	14	269612	48113	1
14	Port Input	15	269613	48114	1
14	Port Input	14	269613	48114	1
14	Port Input	15	269613	48114	1
14	Port Input	14	269613	48114	1
14	Port Input	15	269621	48122	1
14	Port Input	14	269621	48122	1
14	Port Input	15	269728	48229	1
14	Port Input	14	269728	48229	1
14	Port Input	15	269729	48230	1
14	Port Input	14	269729	48230	1
14	Port Input	15	269731	48232	1
14	Port Input	14	269731	48232	1
14	Port Input	15	269733	48234	1
14	Port Input	14	269733	48234	1
14	Port Input	15	269734	48235	1
14	Port Input	14	269734	48235	1
14	Port Input	15	269736	48237	1
14	Port Input	14	269736	48237	1
14	Port Input	15	269738	48239	1
14	Port Input	14	269738	48239	1
14	Port Input	15	269739	48240	1
14	Port Input	14	269739	48240	1
14	Port Input	15	269740	48241	1
14	Port Input	14	269740	48241	1
14	Port Input	15	269741	48242	1
14	Port Input	14	269741	48242	1
14	Port Input	15	269742	48243	1
14	Port Input	14	269742	48243	1
14	Port Input	15	269746	48247	1
14	Port Input	14	269746	48247	1
14	Port Input	15	269752	48253	1
14	Port Input	14	269752	48253	1
14	Port Input	15	269752	48253	1
14	Port Input	14	269752	48253	1
14	Port Input	15	269753	48254	1
14	Port Input	14	269753	48254	1
14	Port Input	15	269753	48254	1
14	Port Input	14	269753	48254	1
14	Port Input	15	269753	48254	1
14	Port Input	14	269753	48254	1
14	Port Input	15	269754	48255	1
14	Port Input	14	269754	48255	1
14	Port Input	15	269756	48257	1
14	Port Input	14	269756	48257	1
14	Port Input	15	269756	48257	1
14	Port Input	14	269756	48257	1
14	Port Input	15	269759	48260	1
14	Port Input	14	269759	48260	1
14	Port Input	15	269759	48260	1
14	Port Input	14	269759	48260	1
14	Port Input	15	269760	48261	1
14	Port Input	14	269760	48261	1
14	Port Input	15	269778	48279	1
14	Port Input	14	269778	48279	1
14	Port Input	15	269812	48313	1
14	Port Input	14	269812	48313	1
14	Port Input	15	269812	48313	1
14	Port Input	14	269812	48313	1
14	Port Input	15	269812	48313	1
14	Port Input	14	269812	48313	1
14	Port Input	15	269812	48313	1
14	Port Input	14	269812	48313	1
14	Port Input	15	269812	48313	2
14	Port Input	14	269812	48313	2
14	Port Input	15	269813	48314	1
14	Port Input	14	269813	48314	1
14	Port Input	15	269813	48314	1
14	Port Input	14	269813	48314	1
14	Port Input	15	269814	48315	1
14	Port Input	14	269814	48315	1
14	Port Input	15	269822	48323	1
14	Port Input	14	269822	48323	1
14	Port Input	15	269822	48323	1
14	Port Input	14	269822	48323	1
14	Port Input	15	269822	48323	1
14	Port Input	14	269822	48323	1
14	Port Input	15	269823	48324	1
14	Port Input	14	269823	48324	1
14	Port Input	15	269823	48324	1
14	Port Input	14	269823	48324	1
14	Port Input	15	269823	48324	1
14	Port Input	14	269823	48324	1
14	Port Input	15	269824	48325	1
14	Port Input	14	269824	48325	1
14	Port Input	15	269824	48325	1
14	Port Input	14	269824	48325	1
14	Port Input	15	269824	48325	1
14	Port Input	14	269824	48325	1
14	Port Input	15	269824	48325	1
14	Port Input	14	269824	48325	1
14	Port Input	15	269824	48325	1
14	Port Input	14	269824	48325	1
14	Port Input	15	269825	48326	1
14	Port Input	14	269825	48326	1
14	Port Input	15	269825	48326	1
14	Port Input	14	269825	48326	1
14	Port Input	15	269825	48326	1
14	Port Input	14	269825	48326	1
14	Port Input	15	269827	48328	1
14	Port Input	14	269827	48328	1
14	Port Input	15	269827	48328	1
14	Port Input	14	269827	48328	1
14	Port Input	15	269827	48328	2
14	Quit		272313	50814
