Scenario - Push Button + tone (0ms)
Logfile written - 10/08/2020 12:03:04

Trial	Event Type	Code	Time	TTime	Uncertainty	Duration	Uncertainty	ReqTime	ReqDur	Stim Type	Pair Index

1	Picture	start	166	0	1	667	3	0	next	other	0
3	Nothing	nothing	5336	0	1			0		incorrect	6
3	Port Input	14	17575	12239	1
3	Port Input	15	17575	12239	1
3	Port Input	14	17575	12239	1
3	Response	10	17575	12239	1
3	Port Input	15	17579	12243	1
3	Port Input	14	17579	12243	1
3	Port Input	15	17579	12243	1
3	Port Input	14	17579	12243	1
3	Port Input	15	17579	12243	1
3	Port Input	14	17579	12243	1
3	Port Input	15	17579	12243	2
3	Port Input	14	17580	12244	1
3	Port Input	15	17580	12244	1
3	Port Input	14	17580	12244	1
3	Port Input	15	17580	12244	1
3	Port Input	14	17580	12244	1
3	Port Input	15	17580	12244	1
3	Port Input	14	17580	12244	1
3	Port Input	15	17580	12244	1
3	Port Input	14	17580	12244	1
3	Port Input	15	17581	12245	1
3	Port Input	14	17581	12245	1
3	Port Input	15	17581	12245	1
3	Port Input	14	17581	12245	1
3	Port Input	15	17581	12245	1
3	Port Input	14	17581	12245	1
3	Port Input	15	17706	12370	1
3	Port Input	14	17706	12370	1
3	Port Input	15	17709	12373	1
3	Port Input	14	17709	12373	1
3	Port Input	15	17713	12377	1
3	Port Input	14	17713	12377	1
3	Port Input	15	17713	12377	1
3	Port Input	14	17713	12377	2
3	Port Input	15	17715	12379	1
3	Port Input	14	17715	12379	1
3	Port Input	15	17715	12379	1
3	Port Input	14	17715	12379	1
3	Port Input	15	17715	12379	2
3	Port Input	14	17715	12379	2
3	Port Input	15	17716	12380	1
3	Port Input	14	17716	12380	1
3	Port Input	15	17717	12381	1
3	Port Input	14	17717	12381	1
3	Port Input	15	17717	12381	1
3	Port Input	14	17717	12381	1
3	Port Input	15	17718	12382	1
3	Port Input	14	17718	12382	1
3	Port Input	15	17718	12382	1
3	Port Input	14	17718	12382	1
3	Port Input	15	17718	12382	1
3	Port Input	14	17718	12382	1
3	Port Input	15	17718	12382	1
3	Port Input	14	17718	12382	2
3	Port Input	15	17720	12384	1
3	Port Input	14	17720	12384	1
3	Port Input	15	17720	12384	1
3	Port Input	14	17720	12384	1
3	Port Input	15	17722	12386	1
3	Port Input	14	17722	12386	1
3	Port Input	15	17723	12387	1
3	Port Input	14	17723	12387	1
3	Port Input	15	17723	12387	1
3	Port Input	14	17723	12387	1
3	Port Input	15	17724	12388	1
3	Port Input	14	17724	12388	1
3	Port Input	15	17724	12388	1
3	Port Input	14	17724	12388	1
3	Port Input	15	17724	12388	1
3	Port Input	14	17724	12388	1
3	Port Input	15	17726	12390	1
3	Port Input	14	17726	12390	1
3	Port Input	15	17727	12391	1
3	Port Input	14	17727	12391	1
3	Port Input	15	17731	12395	1
3	Port Input	14	17731	12395	1
3	Port Input	15	17733	12397	1
3	Port Input	14	17733	12397	1
3	Port Input	15	17736	12400	1
3	Port Input	14	17736	12400	1
3	Port Input	15	17736	12400	1
3	Port Input	14	17736	12400	1
3	Port Input	15	17738	12402	1
3	Port Input	14	17738	12402	1
3	Port Input	15	17740	12404	1
3	Port Input	14	17740	12404	1
3	Port Input	15	17742	12406	1
3	Port Input	14	17742	12406	1
3	Port Input	15	17743	12407	2
3	Port Input	14	17743	12407	2
3	Port Input	15	17744	12408	1
3	Port Input	14	17744	12408	1
3	Port Input	15	17745	12409	1
3	Port Input	14	17745	12409	1
3	Port Input	15	17746	12410	1
3	Port Input	14	17746	12410	1
3	Port Input	15	17746	12410	1
3	Port Input	14	17746	12410	1
3	Port Input	15	17746	12410	1
3	Port Input	14	17746	12410	1
3	Port Input	15	17748	12412	1
3	Port Input	14	17748	12412	1
3	Port Input	15	17750	12414	1
3	Port Input	14	17750	12414	1
3	Port Input	15	17751	12415	1
3	Port Input	14	17751	12415	1
3	Port Input	15	17753	12417	1
3	Port Input	14	17753	12417	1
3	Port Input	15	17755	12419	1
3	Port Input	14	17755	12419	1
3	Port Input	15	17756	12420	1
3	Port Input	14	17756	12420	1
3	Port Input	15	17757	12421	1
3	Port Input	14	17757	12421	2
3	Port Input	15	17759	12423	1
3	Port Input	14	17759	12423	1
3	Port Input	15	17760	12424	1
3	Port Input	14	17760	12424	1
3	Port Input	15	17761	12425	1
3	Port Input	14	17761	12425	1
3	Port Input	15	17761	12425	1
3	Port Input	14	17761	12425	1
3	Port Input	15	17764	12428	1
3	Port Input	14	17764	12428	1
3	Port Input	15	17767	12431	1
3	Port Input	14	17767	12431	1
3	Port Input	15	17768	12432	1
3	Port Input	14	17768	12432	1
3	Port Input	15	17770	12434	1
3	Port Input	14	17770	12434	1
3	Port Input	15	17777	12441	1
3	Port Input	14	17777	12441	1
3	Port Input	15	17779	12443	1
3	Port Input	14	17779	12443	1
3	Port Input	15	17779	12443	1
3	Port Input	14	17779	12443	1
3	Port Input	15	17784	12448	1
3	Port Input	14	17784	12448	1
3	Port Input	15	17786	12450	1
3	Port Input	14	17786	12450	1
3	Port Input	15	17787	12451	1
3	Port Input	14	17787	12451	1
3	Port Input	15	17791	12455	1
3	Port Input	14	17791	12455	1
3	Port Input	15	17793	12457	1
3	Port Input	14	17793	12457	1
3	Port Input	15	17793	12457	2
3	Port Input	14	17794	12458	1
3	Port Input	15	17794	12458	1
3	Port Input	14	17794	12458	1
3	Port Input	15	17799	12463	1
3	Port Input	14	17799	12463	1
3	Port Input	15	17799	12463	1
3	Port Input	14	17799	12463	1
3	Port Input	15	17800	12464	1
3	Port Input	14	17800	12464	1
3	Port Input	15	17801	12465	1
3	Port Input	14	17801	12465	1
3	Port Input	15	17802	12466	1
3	Port Input	14	17802	12466	1
3	Port Input	15	17803	12467	1
3	Port Input	14	17803	12467	1
3	Port Input	15	17805	12469	1
3	Port Input	14	17805	12469	1
3	Port Input	15	17806	12470	1
3	Port Input	14	17806	12470	1
3	Port Input	15	17807	12471	1
3	Port Input	14	17807	12471	2
3	Port Input	15	17808	12472	1
3	Port Input	14	17808	12472	1
3	Port Input	15	17809	12473	1
3	Port Input	14	17809	12473	1
3	Port Input	15	17809	12473	1
3	Port Input	14	17809	12473	1
3	Port Input	15	17810	12474	1
3	Port Input	14	17810	12474	1
3	Port Input	15	17814	12478	1
3	Port Input	14	17814	12478	1
3	Port Input	15	17814	12478	1
3	Port Input	14	17814	12478	1
3	Port Input	15	17827	12491	1
3	Port Input	14	17827	12491	1
3	Port Input	15	17827	12491	1
3	Port Input	14	17827	12491	1
3	Port Input	15	17833	12497	1
3	Port Input	14	17833	12497	1
3	Port Input	15	17835	12499	2
3	Port Input	14	17836	12500	1
3	Port Input	15	17836	12500	1
3	Port Input	14	17836	12500	1
3	Port Input	15	17836	12500	1
3	Port Input	14	17836	12500	1
3	Port Input	15	17839	12503	1
3	Port Input	14	17839	12503	1
3	Port Input	15	17844	12508	1
3	Port Input	14	17844	12508	2
3	Port Input	15	17845	12509	1
3	Port Input	14	17845	12509	1
3	Port Input	15	17847	12511	1
3	Port Input	14	17847	12511	1
3	Port Input	15	17850	12514	1
3	Port Input	14	17850	12514	1
3	Port Input	15	17852	12516	1
3	Port Input	14	17852	12516	1
3	Port Input	15	17854	12518	1
3	Port Input	14	17854	12518	1
3	Port Input	15	17854	12518	2
3	Port Input	14	17855	12519	1
3	Port Input	15	17856	12520	1
3	Port Input	14	17856	12520	1
3	Port Input	15	17859	12523	1
3	Port Input	14	17859	12523	1
3	Port Input	15	17861	12525	1
3	Port Input	14	17861	12525	1
3	Port Input	15	17863	12527	1
3	Port Input	14	17863	12527	1
3	Port Input	15	17867	12531	1
3	Port Input	14	17867	12531	1
3	Port Input	15	17871	12535	1
3	Port Input	14	17871	12535	1
3	Port Input	15	17883	12547	1
3	Port Input	14	17883	12547	1
3	Port Input	15	17890	12554	1
3	Port Input	14	17890	12554	1
3	Port Input	15	17893	12557	1
3	Port Input	14	17893	12557	1
3	Port Input	15	17895	12559	2
3	Port Input	14	17896	12560	1
3	Port Input	15	17899	12563	1
3	Port Input	14	17899	12563	1
3	Port Input	15	17900	12564	1
3	Port Input	14	17900	12564	1
3	Port Input	15	17903	12567	1
3	Port Input	14	17903	12567	1
3	Port Input	15	17903	12567	1
3	Port Input	14	17903	12567	1
3	Port Input	15	17903	12567	1
3	Port Input	14	17903	12567	1
3	Port Input	15	17904	12568	1
3	Port Input	14	17904	12568	1
3	Port Input	15	17905	12569	1
3	Port Input	14	17905	12569	1
3	Port Input	15	17907	12571	1
3	Port Input	14	17907	12571	1
3	Port Input	15	17907	12571	1
3	Port Input	14	17907	12571	1
3	Port Input	15	17953	12617	1
3	Port Input	14	17953	12617	1
3	Port Input	15	17954	12618	1
3	Port Input	14	17954	12618	1
3	Port Input	15	17955	12619	1
3	Port Input	14	17955	12619	1
3	Port Input	15	18012	12676	1
3	Port Input	14	18012	12676	1
3	Port Input	15	18037	12701	1
3	Port Input	14	18037	12701	1
3	Port Input	15	18050	12714	1
3	Port Input	14	18050	12714	1
3	Port Input	15	18105	12769	1
3	Port Input	14	18105	12769	1
3	Port Input	15	18717	13381	1
3	Port Input	14	18717	13381	1
3	Port Input	15	20701	15365	1
3	Port Input	14	20701	15365	1
3	Response	10	20701	15365	1
3	Port Input	15	20702	15366	1
3	Port Input	14	20702	15366	1
3	Port Input	15	20702	15366	1
3	Port Input	14	20702	15366	1
3	Port Input	15	20726	15390	1
3	Port Input	14	20726	15390	1
3	Port Input	15	20990	15654	1
3	Port Input	14	20990	15654	1
3	Port Input	15	21113	15777	1
3	Port Input	14	21113	15777	1
3	Port Input	15	21773	16437	1
3	Port Input	14	21773	16437	1
3	Port Input	15	23311	17975	1
3	Port Input	14	23311	17975	1
3	Response	10	23311	17975	1
3	Port Input	15	23395	18059	1
3	Port Input	14	23395	18059	1
3	Port Input	15	23795	18459	1
3	Port Input	14	23795	18459	1
3	Port Input	15	23819	18483	1
3	Port Input	14	23819	18483	1
3	Port Input	15	24617	19281	2
3	Port Input	14	24617	19281	2
3	Port Input	15	24637	19301	1
3	Port Input	14	24637	19301	1
3	Port Input	15	24807	19471	1
3	Port Input	14	24807	19471	1
3	Port Input	15	24852	19516	1
3	Port Input	14	24852	19516	1
3	Port Input	15	24867	19531	1
3	Port Input	14	24867	19531	1
3	Port Input	15	24922	19586	1
3	Port Input	14	24922	19586	1
3	Port Input	15	24937	19601	1
3	Port Input	14	24937	19601	1
3	Port Input	15	24939	19603	1
3	Port Input	14	24939	19603	1
3	Port Input	15	24940	19604	1
3	Port Input	14	24940	19604	1
3	Port Input	15	24943	19607	1
3	Port Input	14	24943	19607	1
3	Port Input	15	24948	19612	1
3	Port Input	14	24948	19612	1
3	Port Input	15	24949	19613	1
3	Port Input	14	24949	19613	1
3	Port Input	15	24950	19614	1
3	Port Input	14	24950	19614	1
3	Port Input	15	24954	19618	1
3	Port Input	14	24954	19618	1
3	Port Input	15	24964	19628	1
3	Port Input	14	24964	19628	1
3	Port Input	15	24966	19630	1
3	Port Input	14	24966	19630	1
3	Port Input	15	24966	19630	1
3	Port Input	14	24966	19630	1
3	Port Input	15	24968	19632	1
3	Port Input	14	24968	19632	2
3	Port Input	15	24973	19637	2
3	Port Input	14	24974	19638	1
3	Port Input	15	24981	19645	1
3	Port Input	14	24981	19645	1
3	Port Input	15	24982	19646	1
3	Port Input	14	24982	19646	1
3	Port Input	15	24982	19646	1
3	Port Input	14	24982	19646	1
3	Port Input	15	24987	19651	1
3	Port Input	14	24987	19651	1
3	Port Input	15	24990	19654	1
3	Port Input	14	24990	19654	1
3	Port Input	15	24990	19654	1
3	Port Input	14	24990	19654	1
3	Port Input	15	24990	19654	1
3	Port Input	14	24990	19654	2
3	Port Input	15	24993	19657	1
3	Port Input	14	24993	19657	1
3	Port Input	15	24993	19657	1
3	Port Input	14	24993	19657	1
3	Port Input	15	24995	19659	1
3	Port Input	14	24995	19659	1
3	Port Input	15	24996	19660	1
3	Port Input	14	24996	19660	1
3	Port Input	15	24996	19660	1
3	Port Input	14	24996	19660	2
3	Port Input	15	24997	19661	1
3	Port Input	14	24997	19661	1
3	Port Input	15	24997	19661	1
3	Port Input	14	24997	19661	1
3	Port Input	15	24997	19661	1
3	Port Input	14	24997	19661	1
3	Port Input	15	24998	19662	1
3	Port Input	14	24998	19662	1
3	Port Input	15	24998	19662	1
3	Port Input	14	24998	19662	1
3	Port Input	15	24998	19662	1
3	Port Input	14	24998	19662	1
3	Port Input	15	24999	19663	1
3	Port Input	14	24999	19663	1
3	Port Input	15	24999	19663	1
3	Port Input	14	24999	19663	1
3	Port Input	15	24999	19663	1
3	Port Input	14	24999	19663	1
3	Port Input	15	25000	19664	1
3	Port Input	14	25000	19664	1
3	Port Input	15	25001	19665	1
3	Port Input	14	25001	19665	1
3	Port Input	15	25002	19666	1
3	Port Input	14	25002	19666	1
3	Port Input	15	25003	19667	1
3	Port Input	14	25003	19667	1
3	Port Input	15	25006	19670	1
3	Port Input	14	25006	19670	1
3	Port Input	15	25006	19670	1
3	Port Input	14	25006	19670	1
3	Port Input	15	25007	19671	1
3	Port Input	14	25007	19671	1
3	Port Input	15	25007	19671	1
3	Port Input	14	25007	19671	1
3	Port Input	15	25008	19672	1
3	Port Input	14	25008	19672	1
3	Port Input	15	25009	19673	1
3	Port Input	14	25009	19673	1
3	Port Input	15	25010	19674	1
3	Port Input	14	25010	19674	1
3	Port Input	15	25010	19674	1
3	Port Input	14	25010	19674	1
3	Port Input	15	25010	19674	1
3	Port Input	14	25010	19674	1
3	Port Input	15	25011	19675	1
3	Port Input	14	25011	19675	1
3	Port Input	15	25011	19675	1
3	Port Input	14	25011	19675	1
3	Port Input	15	25012	19676	1
3	Port Input	14	25012	19676	1
3	Port Input	15	25013	19677	1
3	Port Input	14	25013	19677	1
3	Port Input	15	25014	19678	1
3	Port Input	14	25014	19678	1
3	Port Input	15	25014	19678	1
3	Port Input	14	25014	19678	1
3	Port Input	15	25015	19679	1
3	Port Input	14	25015	19679	1
3	Port Input	15	25015	19679	1
3	Port Input	14	25015	19679	1
3	Port Input	15	25015	19679	1
3	Port Input	14	25015	19679	1
3	Port Input	15	25016	19680	1
3	Port Input	14	25016	19680	1
3	Port Input	15	25016	19680	1
3	Port Input	14	25016	19680	1
3	Port Input	15	25016	19680	1
3	Port Input	14	25016	19680	1
3	Port Input	15	25017	19681	1
3	Port Input	14	25017	19681	1
3	Port Input	15	25018	19682	1
3	Port Input	14	25018	19682	1
3	Port Input	15	25018	19682	1
3	Port Input	14	25018	19682	1
3	Port Input	15	25018	19682	1
3	Port Input	14	25018	19682	1
3	Port Input	15	25018	19682	1
3	Port Input	14	25019	19683	1
3	Port Input	15	25019	19683	1
3	Port Input	14	25019	19683	1
3	Port Input	15	25019	19683	1
3	Port Input	14	25019	19683	1
3	Port Input	15	25022	19686	1
3	Port Input	14	25022	19686	1
3	Port Input	15	25022	19686	1
3	Port Input	14	25022	19686	1
3	Port Input	15	25023	19687	1
3	Port Input	14	25023	19687	1
3	Port Input	15	25023	19687	1
3	Port Input	14	25023	19687	1
3	Port Input	15	25023	19687	1
3	Port Input	14	25023	19687	1
3	Port Input	15	25023	19687	1
3	Port Input	14	25023	19687	1
3	Port Input	15	25024	19688	1
3	Port Input	14	25024	19688	1
3	Port Input	15	25025	19689	1
3	Port Input	14	25026	19690	1
3	Port Input	15	25026	19690	1
3	Port Input	14	25026	19690	1
3	Port Input	15	25026	19690	1
3	Port Input	14	25026	19690	1
3	Port Input	15	25026	19690	1
3	Port Input	14	25026	19690	1
3	Port Input	15	25027	19691	1
3	Port Input	14	25027	19691	1
3	Port Input	15	25028	19692	1
3	Port Input	14	25028	19692	1
3	Port Input	15	25028	19692	1
3	Port Input	14	25028	19692	1
3	Port Input	15	25028	19692	1
3	Port Input	14	25028	19692	1
3	Port Input	15	25029	19693	1
3	Port Input	14	25029	19693	1
3	Port Input	15	25029	19693	1
3	Port Input	14	25029	19693	1
3	Port Input	15	25030	19694	1
3	Port Input	14	25030	19694	1
3	Port Input	15	25030	19694	1
3	Port Input	14	25030	19694	1
3	Port Input	15	25031	19695	1
3	Port Input	14	25031	19695	1
3	Port Input	15	25032	19696	1
3	Port Input	14	25032	19696	1
3	Port Input	15	25033	19697	1
3	Port Input	14	25033	19697	1
3	Port Input	15	25036	19700	1
3	Port Input	14	25036	19700	1
3	Port Input	15	25037	19701	1
3	Port Input	14	25037	19701	1
3	Port Input	15	25038	19702	1
3	Port Input	14	25038	19702	1
3	Port Input	15	25039	19703	1
3	Port Input	14	25039	19703	1
3	Port Input	15	25039	19703	1
3	Port Input	14	25039	19703	1
3	Port Input	15	25043	19707	1
3	Port Input	14	25043	19707	1
3	Port Input	15	25059	19723	1
3	Port Input	14	25059	19723	1
3	Port Input	15	25092	19756	1
3	Port Input	14	25092	19756	1
3	Port Input	15	25130	19794	1
3	Port Input	14	25130	19794	1
3	Port Input	15	25143	19807	1
3	Port Input	14	25143	19807	1
3	Port Input	15	25227	19891	1
3	Port Input	14	25227	19891	1
3	Port Input	15	25227	19891	1
3	Port Input	14	25227	19891	1
3	Port Input	15	25229	19893	1
3	Port Input	14	25229	19893	2
3	Port Input	15	25230	19894	1
3	Port Input	14	25230	19894	1
3	Port Input	15	25230	19894	1
3	Port Input	14	25230	19894	1
3	Port Input	15	25230	19894	1
3	Port Input	14	25230	19894	1
3	Port Input	15	25230	19894	1
3	Port Input	14	25230	19894	1
3	Port Input	15	25231	19895	1
3	Port Input	14	25231	19895	1
3	Port Input	15	25231	19895	1
3	Port Input	14	25231	19895	1
3	Port Input	15	25231	19895	2
3	Port Input	14	25232	19896	1
3	Port Input	15	25232	19896	1
3	Port Input	14	25232	19896	1
3	Port Input	15	25232	19896	1
3	Port Input	14	25232	19896	1
3	Port Input	15	25232	19896	1
3	Port Input	14	25232	19896	1
3	Port Input	15	25233	19897	1
3	Port Input	14	25233	19897	1
3	Port Input	15	25233	19897	1
3	Port Input	14	25233	19897	1
3	Port Input	15	25233	19897	1
3	Port Input	14	25233	19897	1
3	Port Input	15	25233	19897	1
3	Port Input	14	25233	19897	1
3	Port Input	15	25235	19899	1
3	Port Input	14	25235	19899	1
3	Port Input	15	25235	19899	1
3	Port Input	14	25235	19899	1
3	Port Input	15	25236	19900	1
3	Port Input	14	25236	19900	1
3	Port Input	15	25241	19905	1
3	Port Input	14	25241	19905	1
3	Port Input	15	25242	19906	1
3	Port Input	14	25242	19906	1
3	Port Input	15	25243	19907	1
3	Port Input	14	25243	19907	1
3	Port Input	15	25247	19911	1
3	Port Input	14	25247	19911	1
3	Port Input	15	25256	19920	1
3	Port Input	14	25256	19920	2
3	Port Input	15	25257	19921	1
3	Port Input	14	25257	19921	1
3	Port Input	15	25257	19921	1
3	Port Input	14	25257	19921	1
3	Port Input	15	25257	19921	1
3	Port Input	14	25257	19921	1
3	Port Input	15	25257	19921	1
3	Port Input	14	25258	19922	1
3	Port Input	15	25258	19922	1
3	Port Input	14	25258	19922	1
3	Port Input	15	25259	19923	1
3	Port Input	14	25259	19923	1
3	Port Input	15	25259	19923	1
3	Port Input	14	25259	19923	1
3	Port Input	15	25259	19923	1
3	Port Input	14	25259	19923	1
3	Port Input	15	25259	19923	2
3	Port Input	14	25259	19923	2
3	Port Input	15	25260	19924	1
3	Port Input	14	25260	19924	2
3	Port Input	15	25261	19925	1
3	Port Input	14	25261	19925	1
3	Port Input	15	25262	19926	1
3	Port Input	14	25262	19926	1
3	Port Input	15	25262	19926	1
3	Port Input	14	25262	19926	1
3	Port Input	15	25262	19926	1
3	Port Input	14	25262	19926	1
3	Port Input	15	25263	19927	1
3	Port Input	14	25263	19927	1
3	Port Input	15	25263	19927	1
3	Port Input	14	25263	19927	1
3	Port Input	15	25264	19928	1
3	Port Input	14	25264	19928	1
3	Port Input	15	25264	19928	1
3	Port Input	14	25264	19928	1
3	Port Input	15	25264	19928	1
3	Port Input	14	25264	19928	1
3	Port Input	15	25264	19928	1
3	Port Input	14	25264	19928	2
3	Port Input	15	25265	19929	1
3	Port Input	14	25265	19929	1
3	Port Input	15	25265	19929	1
3	Port Input	14	25265	19929	1
3	Port Input	15	25265	19929	1
3	Port Input	14	25265	19929	1
3	Port Input	15	25265	19929	1
3	Port Input	14	25265	19929	1
3	Port Input	15	25265	19929	2
3	Port Input	14	25265	19929	2
3	Port Input	15	25266	19930	1
3	Port Input	14	25266	19930	1
3	Port Input	15	25266	19930	2
3	Port Input	14	25267	19931	1
3	Port Input	15	25267	19931	1
3	Port Input	14	25267	19931	1
3	Port Input	15	25267	19931	1
3	Port Input	14	25267	19931	1
3	Port Input	15	25267	19931	1
3	Port Input	14	25267	19931	1
3	Port Input	15	25267	19931	1
3	Port Input	14	25267	19931	1
3	Port Input	15	25268	19932	1
3	Port Input	14	25268	19932	1
3	Port Input	15	25268	19932	1
3	Port Input	14	25268	19932	1
3	Port Input	15	25268	19932	1
3	Port Input	14	25268	19932	1
3	Port Input	15	25268	19932	1
3	Port Input	14	25268	19932	1
3	Port Input	15	25268	19932	1
3	Port Input	14	25268	19932	1
3	Port Input	15	25268	19932	1
3	Port Input	14	25268	19932	1
3	Port Input	15	25268	19932	1
3	Port Input	14	28611	23275	1
3	Port Input	15	28611	23275	2
3	Response	10	28611	23275	2
3	Port Input	14	28612	23276	1
3	Port Input	15	28612	23276	1
3	Port Input	14	28612	23276	1
3	Port Input	15	28612	23276	1
3	Port Input	14	28613	23277	1
3	Port Input	15	28613	23277	1
3	Port Input	14	28613	23277	1
3	Port Input	15	28614	23278	1
3	Port Input	14	28615	23279	2
3	Port Input	15	28616	23280	1
3	Port Input	14	28616	23280	1
3	Port Input	15	28616	23280	1
3	Port Input	14	28616	23280	1
3	Port Input	15	28616	23280	1
3	Port Input	14	28616	23280	1
3	Port Input	15	28617	23281	1
3	Port Input	14	28617	23281	1
3	Port Input	15	28617	23281	1
3	Port Input	14	28617	23281	1
3	Port Input	15	28617	23281	1
3	Port Input	14	28617	23281	1
3	Port Input	15	28618	23282	1
3	Port Input	14	28618	23282	1
3	Port Input	15	28618	23282	1
3	Port Input	14	28618	23282	1
3	Port Input	15	28618	23282	1
3	Port Input	14	28618	23282	1
3	Port Input	15	28618	23282	1
3	Port Input	14	28618	23282	1
3	Port Input	15	28618	23282	1
3	Port Input	14	28618	23282	2
3	Port Input	15	28619	23283	1
3	Port Input	14	28619	23283	1
3	Port Input	15	28619	23283	1
3	Port Input	14	28619	23283	1
3	Port Input	15	28619	23283	1
3	Port Input	14	28619	23283	1
3	Port Input	15	28627	23291	1
3	Port Input	14	28627	23291	1
3	Port Input	15	28798	23462	1
3	Port Input	14	28798	23462	1
3	Port Input	15	28822	23486	1
3	Port Input	14	28822	23486	1
3	Port Input	15	28848	23512	2
3	Port Input	14	28849	23513	1
3	Port Input	15	28908	23572	1
3	Port Input	14	28908	23572	1
3	Port Input	15	28909	23573	1
3	Port Input	14	28909	23573	1
3	Port Input	15	28909	23573	1
3	Port Input	14	28909	23573	1
3	Port Input	15	28910	23574	1
3	Port Input	14	28910	23574	1
3	Port Input	15	28916	23580	1
3	Port Input	14	28916	23580	1
3	Port Input	15	28917	23581	1
3	Port Input	14	28917	23581	1
3	Port Input	15	28919	23583	1
3	Port Input	14	28919	23583	1
3	Port Input	15	28929	23593	1
3	Port Input	14	28929	23593	1
3	Port Input	15	35291	29955	1
3	Port Input	14	35291	29955	1
3	Response	10	35291	29955	1
3	Port Input	15	35292	29956	1
3	Port Input	14	35292	29956	1
3	Port Input	15	35296	29960	1
3	Port Input	14	35296	29960	1
3	Port Input	15	35306	29970	1
3	Port Input	14	35306	29970	1
3	Port Input	15	35308	29972	1
3	Port Input	14	35308	29972	1
3	Port Input	15	35308	29972	1
3	Port Input	14	35308	29972	1
3	Port Input	15	35317	29981	1
3	Port Input	14	35317	29981	1
3	Port Input	15	35323	29987	1
3	Port Input	14	35323	29987	1
3	Port Input	15	35325	29989	1
3	Port Input	14	35325	29989	1
3	Port Input	15	35329	29993	1
3	Port Input	14	35329	29993	1
3	Port Input	15	35329	29993	1
3	Port Input	14	35329	29993	1
3	Port Input	15	35331	29995	1
3	Port Input	14	35331	29995	1
3	Port Input	15	35335	29999	1
3	Port Input	14	35335	29999	1
3	Port Input	15	35337	30001	1
3	Port Input	14	35337	30001	1
3	Port Input	15	35349	30013	1
3	Port Input	14	35349	30013	1
3	Port Input	15	35349	30013	2
3	Port Input	14	35350	30014	1
3	Port Input	15	35351	30015	1
3	Port Input	14	35351	30015	1
3	Port Input	15	35351	30015	1
3	Port Input	14	35351	30015	1
3	Port Input	15	35355	30019	1
3	Port Input	14	35355	30019	1
3	Port Input	15	35363	30027	1
3	Port Input	14	35363	30027	1
3	Port Input	15	35365	30029	1
3	Port Input	14	35365	30029	1
3	Port Input	15	35366	30030	1
3	Port Input	14	35366	30030	1
3	Port Input	15	35366	30030	1
3	Port Input	14	35366	30030	2
3	Port Input	15	35373	30037	1
3	Port Input	14	35373	30037	1
3	Port Input	15	35374	30038	1
3	Port Input	14	35374	30038	1
3	Port Input	15	35375	30039	1
3	Port Input	14	35375	30039	1
3	Port Input	15	35381	30045	1
3	Port Input	14	35381	30045	1
3	Port Input	15	35383	30047	1
3	Port Input	14	35383	30047	1
3	Port Input	15	35386	30050	1
3	Port Input	14	35386	30050	1
3	Port Input	15	35386	30050	1
3	Port Input	14	35386	30050	1
3	Port Input	15	35388	30052	1
3	Port Input	14	35388	30052	1
3	Port Input	15	35391	30055	1
3	Port Input	14	35391	30055	1
3	Port Input	15	35393	30057	1
3	Port Input	14	35393	30057	1
3	Port Input	15	35396	30060	1
3	Port Input	14	35396	30060	1
3	Port Input	15	35397	30061	1
3	Port Input	14	35397	30061	1
3	Port Input	15	35406	30070	1
3	Port Input	14	35406	30070	1
3	Port Input	15	35407	30071	1
3	Port Input	14	35407	30071	1
3	Port Input	15	35413	30077	1
3	Port Input	14	35413	30077	1
3	Port Input	15	35424	30088	1
3	Port Input	14	35424	30088	1
3	Port Input	15	35431	30095	1
3	Port Input	14	35431	30095	1
3	Port Input	15	35439	30103	1
3	Port Input	14	35439	30103	1
3	Port Input	15	35441	30105	1
3	Port Input	14	35441	30105	1
3	Port Input	15	35443	30107	1
3	Port Input	14	35443	30107	1
3	Port Input	15	35444	30108	1
3	Port Input	14	35444	30108	1
3	Port Input	15	35449	30113	1
3	Port Input	14	35449	30113	1
3	Port Input	15	35450	30114	1
3	Port Input	14	35450	30114	1
3	Port Input	15	35450	30114	1
3	Port Input	14	35450	30114	1
3	Port Input	15	35450	30114	1
3	Port Input	14	35450	30114	1
3	Port Input	15	35453	30117	1
3	Port Input	14	35453	30117	1
3	Port Input	15	35454	30118	1
3	Port Input	14	35454	30118	1
3	Port Input	15	35458	30122	1
3	Port Input	14	35458	30122	1
3	Port Input	15	35463	30127	1
3	Port Input	14	35463	30127	1
3	Port Input	15	35475	30139	1
3	Port Input	14	35475	30139	1
3	Port Input	15	35477	30141	1
3	Port Input	14	35477	30141	1
3	Port Input	15	35660	30324	1
3	Port Input	14	35660	30324	1
3	Port Input	15	35662	30326	1
3	Port Input	14	35662	30326	1
3	Port Input	15	35662	30326	1
3	Port Input	14	35662	30326	1
3	Port Input	15	35667	30331	1
3	Port Input	14	35667	30331	1
3	Port Input	15	35667	30331	1
3	Port Input	14	35667	30331	1
3	Port Input	15	35667	30331	1
3	Port Input	14	35667	30331	2
3	Port Input	15	35668	30332	1
3	Port Input	14	35668	30332	1
3	Port Input	15	35668	30332	1
3	Port Input	14	35668	30332	1
3	Port Input	15	35668	30332	1
3	Port Input	14	35668	30332	1
3	Port Input	15	35668	30332	1
3	Port Input	14	35668	30332	1
3	Port Input	15	35668	30332	1
3	Port Input	14	35668	30332	1
3	Port Input	15	35669	30333	1
3	Port Input	14	35669	30333	1
3	Port Input	15	35669	30333	1
3	Port Input	14	35669	30333	1
3	Port Input	15	35669	30333	1
3	Port Input	14	35669	30333	1
3	Port Input	15	35669	30333	1
3	Port Input	14	35669	30333	1
3	Port Input	15	35678	30342	1
3	Port Input	14	35678	30342	1
3	Port Input	15	35678	30342	1
3	Port Input	14	35678	30342	1
3	Port Input	15	35679	30343	1
3	Port Input	14	35679	30343	1
3	Port Input	15	35679	30343	1
3	Port Input	14	35679	30343	1
3	Port Input	15	35679	30343	1
3	Port Input	14	35679	30343	1
3	Port Input	15	35679	30343	1
3	Port Input	14	35679	30343	1
3	Port Input	15	35679	30343	1
3	Port Input	14	35679	30343	1
3	Port Input	15	35679	30343	1
3	Port Input	14	35679	30343	1
3	Port Input	15	35680	30344	1
3	Port Input	14	35680	30344	1
3	Port Input	15	35680	30344	1
3	Port Input	14	35680	30344	1
3	Port Input	15	35681	30345	1
3	Port Input	14	35681	30345	1
3	Port Input	15	35681	30345	1
3	Port Input	14	35681	30345	1
3	Port Input	15	35681	30345	1
3	Port Input	14	38903	33567	1
3	Response	10	38903	33567	1
3	Port Input	15	45056	39720	1
3	Port Input	14	45056	39720	1
3	Response	10	45056	39720	1
3	Port Input	15	45069	39733	1
3	Port Input	14	45069	39733	1
3	Port Input	15	45071	39735	1
3	Port Input	14	45071	39735	1
3	Port Input	15	45071	39735	1
3	Port Input	14	45071	39735	1
3	Port Input	15	45072	39736	1
3	Port Input	14	45072	39736	1
3	Port Input	15	45072	39736	1
3	Port Input	14	45072	39736	1
3	Port Input	15	45074	39738	1
3	Port Input	14	45074	39738	1
3	Port Input	15	45074	39738	1
3	Port Input	14	45074	39738	1
3	Port Input	15	45076	39740	1
3	Port Input	14	45076	39740	1
3	Port Input	15	45078	39742	2
3	Port Input	14	45078	39742	2
3	Port Input	15	45093	39757	1
3	Port Input	14	45093	39757	1
3	Port Input	15	45094	39758	1
3	Port Input	14	45094	39758	1
3	Port Input	15	45096	39760	1
3	Port Input	14	45096	39760	1
3	Port Input	15	45097	39761	1
3	Port Input	14	45097	39761	1
3	Port Input	15	45123	39787	1
3	Port Input	14	45123	39787	1
3	Port Input	15	45124	39788	1
3	Port Input	14	45124	39788	2
3	Port Input	15	45130	39794	1
3	Port Input	14	45130	39794	1
3	Port Input	15	45206	39870	1
3	Port Input	14	45206	39870	1
3	Port Input	15	45215	39879	1
3	Port Input	14	45215	39879	1
3	Port Input	15	45218	39882	1
3	Port Input	14	45218	39882	1
3	Port Input	15	45254	39918	1
3	Port Input	14	45254	39918	1
3	Port Input	15	45258	39922	1
3	Port Input	14	45258	39922	1
3	Port Input	15	45259	39923	1
3	Port Input	14	45259	39923	1
3	Port Input	15	45260	39924	1
3	Port Input	14	45260	39924	1
3	Port Input	15	45261	39925	1
3	Port Input	14	45261	39925	1
3	Port Input	15	45262	39926	1
3	Port Input	14	45262	39926	1
3	Port Input	15	45264	39928	1
3	Port Input	14	45264	39928	1
3	Port Input	15	45272	39936	1
3	Port Input	14	45272	39936	1
3	Port Input	15	45277	39941	1
3	Port Input	14	45277	39941	1
3	Port Input	15	45284	39948	2
3	Port Input	14	45285	39949	1
3	Port Input	15	45285	39949	1
3	Port Input	14	45285	39949	1
3	Port Input	15	45285	39949	1
3	Port Input	14	45285	39949	1
3	Port Input	15	45287	39951	1
3	Port Input	14	45287	39951	1
3	Port Input	15	45291	39955	1
3	Port Input	14	45291	39955	1
3	Port Input	15	45296	39960	1
3	Port Input	14	45296	39960	1
3	Port Input	15	45308	39972	1
3	Port Input	14	45308	39972	1
3	Port Input	15	45523	40187	1
3	Port Input	14	45523	40187	1
3	Port Input	15	45523	40187	1
3	Port Input	14	45523	40187	1
3	Port Input	15	45523	40187	1
3	Port Input	14	45523	40187	1
3	Port Input	15	45523	40187	1
3	Port Input	14	45523	40187	1
3	Port Input	15	45524	40188	1
3	Port Input	14	45524	40188	1
3	Port Input	15	45524	40188	2
3	Port Input	14	45525	40189	1
3	Port Input	15	45525	40189	1
3	Port Input	14	45525	40189	1
3	Port Input	15	45525	40189	1
3	Port Input	14	45525	40189	1
3	Port Input	15	45525	40189	1
3	Port Input	14	45525	40189	1
3	Port Input	15	45526	40190	1
3	Port Input	14	45526	40190	1
3	Port Input	15	45526	40190	1
3	Port Input	14	45526	40190	1
3	Port Input	15	45526	40190	1
3	Port Input	14	45526	40190	1
3	Port Input	15	45527	40191	1
3	Port Input	14	45527	40191	1
3	Port Input	15	45527	40191	1
3	Port Input	14	45527	40191	1
3	Port Input	15	45528	40192	1
3	Port Input	14	45528	40192	1
3	Port Input	15	45528	40192	1
3	Port Input	14	48928	43592	1
3	Port Input	15	48928	43592	1
3	Port Input	14	48928	43592	1
3	Port Input	15	48928	43592	1
3	Port Input	14	48928	43592	1
3	Port Input	15	48928	43592	2
3	Port Input	14	48928	43592	2
3	Response	10	48928	43592	1
3	Port Input	15	48945	43609	1
3	Port Input	14	48945	43609	1
3	Port Input	15	49180	43844	1
3	Port Input	14	49180	43844	1
3	Port Input	15	49182	43846	1
3	Port Input	14	49182	43846	1
3	Port Input	15	49201	43865	1
3	Port Input	14	49201	43865	1
3	Port Input	15	49214	43878	1
3	Port Input	14	49214	43878	1
3	Port Input	15	49249	43913	1
3	Port Input	14	49249	43913	1
3	Port Input	15	49261	43925	1
3	Port Input	14	49261	43925	1
3	Port Input	15	49261	43925	1
3	Port Input	14	49261	43925	1
3	Port Input	15	49262	43926	1
3	Port Input	14	49262	43926	1
3	Port Input	15	49270	43934	1
3	Port Input	14	49270	43934	1
3	Port Input	15	49274	43938	1
3	Port Input	14	49274	43938	1
3	Port Input	15	49277	43941	1
3	Port Input	14	49277	43941	1
3	Port Input	15	49279	43943	1
3	Port Input	14	49279	43943	1
3	Port Input	15	49279	43943	1
3	Port Input	14	49279	43943	1
3	Port Input	15	49281	43945	1
3	Port Input	14	49281	43945	1
3	Port Input	15	49286	43950	1
3	Port Input	14	49286	43950	1
3	Port Input	15	49289	43953	1
3	Port Input	14	49289	43953	1
3	Port Input	15	49291	43955	1
3	Port Input	14	49291	43955	1
3	Port Input	15	49293	43957	1
3	Port Input	14	49293	43957	1
3	Port Input	15	49295	43959	2
3	Port Input	14	49296	43960	1
3	Port Input	15	49296	43960	1
3	Port Input	14	49296	43960	1
3	Port Input	15	49300	43964	1
3	Port Input	14	49300	43964	1
3	Port Input	15	49306	43970	1
3	Port Input	14	49306	43970	1
3	Port Input	15	49310	43974	1
3	Port Input	14	49310	43974	1
3	Port Input	15	49319	43983	1
3	Port Input	14	49319	43983	1
3	Port Input	15	49320	43984	1
3	Port Input	14	49320	43984	1
3	Port Input	15	49320	43984	1
3	Port Input	14	49320	43984	1
3	Port Input	15	49347	44011	1
3	Port Input	14	49347	44011	1
3	Port Input	15	55191	49855	1
3	Port Input	14	55191	49855	1
3	Response	10	55191	49855	1
3	Port Input	15	55213	49877	1
3	Port Input	14	55213	49877	1
3	Port Input	15	55213	49877	1
3	Port Input	14	55213	49877	1
3	Port Input	15	55214	49878	1
3	Port Input	14	55214	49878	1
3	Port Input	15	55218	49882	1
3	Port Input	14	55218	49882	1
3	Port Input	15	55224	49888	1
3	Port Input	14	55224	49888	1
3	Port Input	15	55226	49890	1
3	Port Input	14	55226	49890	1
3	Port Input	15	55243	49907	1
3	Port Input	14	55243	49907	1
3	Port Input	15	55249	49913	1
3	Port Input	14	55249	49913	1
3	Port Input	15	55260	49924	1
3	Port Input	14	55260	49924	1
3	Port Input	15	55264	49928	1
3	Port Input	14	55264	49928	1
3	Port Input	15	55276	49940	1
3	Port Input	14	55276	49940	1
3	Port Input	15	55279	49943	1
3	Port Input	14	55279	49943	1
3	Port Input	15	55285	49949	1
3	Port Input	14	55286	49950	1
3	Port Input	15	55291	49955	1
3	Port Input	14	55291	49955	1
3	Port Input	15	55302	49966	1
3	Port Input	14	55302	49966	1
3	Port Input	15	55315	49979	1
3	Port Input	14	55315	49979	1
3	Port Input	15	55316	49980	1
3	Port Input	14	55316	49980	1
3	Port Input	15	55319	49983	1
3	Port Input	14	55319	49983	1
3	Port Input	15	55326	49990	1
3	Port Input	14	55326	49990	1
3	Port Input	15	55332	49996	2
3	Port Input	14	55332	49996	2
3	Port Input	15	55338	50002	1
3	Port Input	14	55338	50002	1
3	Port Input	15	55347	50011	1
3	Port Input	14	55347	50011	1
3	Port Input	15	55351	50015	1
3	Port Input	14	55351	50015	1
3	Port Input	15	55394	50058	1
3	Port Input	14	55394	50058	1
3	Port Input	15	55596	50260	1
3	Port Input	14	55596	50260	1
3	Port Input	15	55597	50261	1
3	Port Input	14	55597	50261	1
3	Port Input	15	55597	50261	1
3	Port Input	14	55597	50261	1
3	Port Input	15	55599	50263	1
3	Port Input	14	55599	50263	1
3	Port Input	15	55600	50264	1
3	Port Input	14	55600	50264	1
3	Port Input	15	55601	50265	1
3	Port Input	14	55601	50265	1
3	Port Input	15	55601	50265	1
3	Port Input	14	55601	50265	1
3	Port Input	15	55601	50265	1
3	Port Input	14	55601	50265	1
3	Port Input	15	55602	50266	1
3	Port Input	14	55602	50266	1
3	Port Input	15	55602	50266	1
3	Port Input	14	55602	50266	1
3	Port Input	15	55602	50266	1
3	Port Input	14	55602	50266	1
3	Port Input	15	55603	50267	1
3	Port Input	14	55603	50267	1
3	Port Input	15	55603	50267	1
3	Port Input	14	55603	50267	1
3	Port Input	15	55604	50268	1
3	Port Input	14	55604	50268	1
3	Port Input	15	55604	50268	1
3	Port Input	14	55604	50268	1
3	Port Input	15	55605	50269	1
3	Port Input	14	55605	50269	1
3	Port Input	15	55605	50269	1
3	Port Input	14	55605	50269	1
3	Port Input	15	55605	50269	1
3	Port Input	14	55606	50270	1
3	Port Input	15	55606	50270	1
3	Port Input	14	55606	50270	1
3	Port Input	15	55606	50270	1
3	Port Input	14	58711	53375	1
3	Port Input	15	58711	53375	2
3	Port Input	14	58711	53375	2
3	Response	10	58711	53375	1
3	Port Input	15	58712	53376	1
3	Port Input	14	58712	53376	1
3	Port Input	15	58712	53376	1
3	Port Input	14	58712	53376	1
3	Port Input	15	58712	53376	1
3	Port Input	14	58712	53376	1
3	Port Input	15	58712	53376	1
3	Port Input	14	58712	53376	1
3	Port Input	15	58712	53376	1
3	Port Input	14	58712	53376	1
3	Port Input	15	58712	53376	1
3	Port Input	14	58712	53376	1
3	Port Input	15	58712	53376	1
3	Port Input	14	58712	53376	2
3	Port Input	15	58713	53377	1
3	Port Input	14	58713	53377	1
3	Port Input	15	58713	53377	1
3	Port Input	14	58713	53377	1
3	Port Input	15	58713	53377	1
3	Port Input	14	58713	53377	1
3	Port Input	15	58713	53377	1
3	Port Input	14	58713	53377	1
3	Port Input	15	58713	53377	1
3	Port Input	14	58713	53377	1
3	Port Input	15	58713	53377	1
3	Port Input	14	58713	53377	1
3	Port Input	15	58713	53377	1
3	Port Input	14	58713	53377	1
3	Port Input	15	58713	53377	1
3	Port Input	14	58713	53377	1
3	Port Input	15	58713	53377	1
3	Port Input	14	58713	53377	1
3	Port Input	15	58713	53377	1
3	Port Input	14	58713	53377	1
3	Port Input	15	58713	53377	2
3	Port Input	14	58714	53378	1
3	Port Input	15	58814	53478	1
3	Port Input	14	58814	53478	1
3	Port Input	15	58820	53484	1
3	Port Input	14	58820	53484	1
3	Port Input	15	58823	53487	1
3	Port Input	14	58823	53487	1
3	Port Input	15	58824	53488	1
3	Port Input	14	58824	53488	1
3	Port Input	15	58824	53488	1
3	Port Input	14	58824	53488	1
3	Port Input	15	58826	53490	1
3	Port Input	14	58826	53490	1
3	Port Input	15	58826	53490	1
3	Port Input	14	58826	53490	1
3	Port Input	15	58827	53491	1
3	Port Input	14	58827	53491	1
3	Port Input	15	58828	53492	1
3	Port Input	14	58828	53492	1
3	Port Input	15	58828	53492	1
3	Port Input	14	58828	53492	1
3	Port Input	15	58828	53492	1
3	Port Input	14	58828	53492	1
3	Port Input	15	58830	53494	1
3	Port Input	14	58830	53494	1
3	Port Input	15	58832	53496	1
3	Port Input	14	58832	53496	1
3	Port Input	15	58833	53497	1
3	Port Input	14	58833	53497	1
3	Port Input	15	58833	53497	2
3	Port Input	14	58834	53498	1
3	Port Input	15	58834	53498	1
3	Port Input	14	58834	53498	1
3	Port Input	15	58835	53499	1
3	Port Input	14	58835	53499	1
3	Port Input	15	58837	53501	1
3	Port Input	14	58837	53501	1
3	Port Input	15	58839	53503	1
3	Port Input	14	58839	53503	1
3	Port Input	15	58840	53504	1
3	Port Input	14	58840	53504	1
3	Port Input	15	58840	53504	1
3	Port Input	14	58840	53504	1
3	Port Input	15	58844	53508	1
3	Port Input	14	58844	53508	1
3	Port Input	15	58846	53510	1
3	Port Input	14	58846	53510	1
3	Port Input	15	58850	53514	1
3	Port Input	14	58850	53514	1
3	Port Input	15	58853	53517	1
3	Port Input	14	58853	53517	1
3	Port Input	15	58854	53518	1
3	Port Input	14	58854	53518	1
3	Port Input	15	58854	53518	1
3	Port Input	14	58854	53518	1
3	Port Input	15	58858	53522	1
3	Port Input	14	58858	53522	1
3	Port Input	15	58863	53527	1
3	Port Input	14	58863	53527	1
3	Port Input	15	58865	53529	1
3	Port Input	14	58865	53529	1
3	Port Input	15	58866	53530	1
3	Port Input	14	58866	53530	1
3	Port Input	15	58867	53531	1
3	Port Input	14	58867	53531	1
3	Port Input	15	58869	53533	1
3	Port Input	14	58869	53533	1
3	Port Input	15	58884	53548	1
3	Port Input	14	58884	53548	1
3	Port Input	15	58884	53548	1
3	Port Input	14	58884	53548	1
3	Port Input	15	58908	53572	1
3	Port Input	14	58908	53572	1
3	Port Input	15	58908	53572	1
3	Port Input	14	58908	53572	1
3	Port Input	15	58913	53577	1
3	Port Input	14	58913	53577	1
3	Port Input	15	58916	53580	1
3	Port Input	14	58916	53580	1
3	Port Input	15	58916	53580	1
3	Port Input	14	58916	53580	1
3	Port Input	15	58917	53581	1
3	Port Input	14	58917	53581	1
3	Port Input	15	58920	53584	1
3	Port Input	14	58920	53584	1
3	Port Input	15	58924	53588	1
3	Port Input	14	58924	53588	1
3	Port Input	15	58925	53589	1
3	Port Input	14	58925	53589	1
3	Port Input	15	58926	53590	1
3	Port Input	14	58926	53590	1
3	Port Input	15	58927	53591	1
3	Port Input	14	58927	53591	1
3	Port Input	15	58927	53591	2
3	Port Input	14	58928	53592	1
3	Port Input	15	58928	53592	1
3	Port Input	14	58928	53592	1
3	Port Input	15	58930	53594	1
3	Port Input	14	58930	53594	1
3	Port Input	15	58930	53594	1
3	Port Input	14	58930	53594	1
3	Port Input	15	58931	53595	1
3	Port Input	14	58931	53595	1
3	Port Input	15	58933	53597	1
3	Port Input	14	58933	53597	1
3	Port Input	15	58934	53598	1
3	Port Input	14	58934	53598	1
3	Port Input	15	58934	53598	1
3	Port Input	14	58934	53598	1
3	Port Input	15	58934	53598	1
3	Port Input	14	58934	53598	1
3	Port Input	15	58935	53599	1
3	Port Input	14	58935	53599	1
3	Port Input	15	58935	53599	1
3	Port Input	14	58935	53599	1
3	Port Input	15	58935	53599	1
3	Port Input	14	58935	53599	1
3	Port Input	15	58937	53601	1
3	Port Input	14	58937	53601	1
3	Port Input	15	58938	53602	1
3	Port Input	14	58938	53602	1
3	Port Input	15	58941	53605	1
3	Port Input	14	58941	53605	1
3	Port Input	15	58941	53605	1
3	Port Input	14	58941	53605	1
3	Port Input	15	58942	53606	1
3	Port Input	14	58942	53606	1
3	Port Input	15	58946	53610	1
3	Port Input	14	58946	53610	1
3	Port Input	15	58948	53612	1
3	Port Input	14	58948	53612	1
3	Port Input	15	58948	53612	1
3	Port Input	14	58948	53612	1
3	Port Input	15	58949	53613	1
3	Port Input	14	58949	53613	1
3	Port Input	15	58949	53613	1
3	Port Input	14	58949	53613	1
3	Port Input	15	58950	53614	1
3	Port Input	14	58950	53614	1
3	Port Input	15	58950	53614	1
3	Port Input	14	58950	53614	1
3	Port Input	15	58950	53614	1
3	Port Input	14	58950	53614	1
3	Port Input	15	58951	53615	1
3	Port Input	14	58951	53615	1
3	Port Input	15	58951	53615	1
3	Port Input	14	58951	53615	1
3	Port Input	15	58952	53616	1
3	Port Input	14	58952	53616	1
3	Port Input	15	58952	53616	1
3	Port Input	14	58952	53616	1
3	Port Input	15	58952	53616	1
3	Port Input	14	58952	53616	1
3	Port Input	15	58953	53617	1
3	Port Input	14	58953	53617	1
3	Port Input	15	58954	53618	1
3	Port Input	14	58954	53618	1
3	Port Input	15	58954	53618	1
3	Port Input	14	58954	53618	1
3	Port Input	15	58955	53619	1
3	Port Input	14	58955	53619	1
3	Port Input	15	58957	53621	1
3	Port Input	14	58957	53621	1
3	Port Input	15	58957	53621	1
3	Port Input	14	58957	53621	1
3	Port Input	15	58960	53624	1
3	Port Input	14	58960	53624	1
3	Port Input	15	58962	53626	1
3	Port Input	14	58962	53626	1
3	Port Input	15	58962	53626	1
3	Port Input	14	58962	53626	1
3	Port Input	15	64278	58942	1
3	Port Input	14	64278	58942	2
3	Response	10	64278	58942	2
3	Port Input	15	64288	58952	1
3	Port Input	14	64288	58952	1
3	Port Input	15	64299	58963	1
3	Port Input	14	64299	58963	1
3	Port Input	15	64300	58964	1
3	Port Input	14	64300	58964	1
3	Port Input	15	64300	58964	1
3	Port Input	14	64300	58964	1
3	Port Input	15	64304	58968	1
3	Port Input	14	64304	58968	1
3	Port Input	15	64305	58969	1
3	Port Input	14	64305	58969	1
3	Port Input	15	64306	58970	1
3	Port Input	14	64306	58970	1
3	Port Input	15	64306	58970	1
3	Port Input	14	64306	58970	1
3	Port Input	15	64309	58973	1
3	Port Input	14	64309	58973	1
3	Port Input	15	64311	58975	1
3	Port Input	14	64311	58975	1
3	Port Input	15	64323	58987	1
3	Port Input	14	64323	58987	1
3	Port Input	15	64328	58992	1
3	Port Input	14	64328	58992	1
3	Port Input	15	64331	58995	1
3	Port Input	14	64331	58995	2
3	Port Input	15	64333	58997	1
3	Port Input	14	64333	58997	1
3	Port Input	15	64351	59015	1
3	Port Input	14	64351	59015	1
3	Port Input	15	64353	59017	1
3	Port Input	14	64353	59017	2
3	Port Input	15	64355	59019	1
3	Port Input	14	64355	59019	1
3	Port Input	15	64357	59021	1
3	Port Input	14	64357	59021	1
3	Port Input	15	64358	59022	1
3	Port Input	14	64358	59022	1
3	Port Input	15	64360	59024	1
3	Port Input	14	64360	59024	1
3	Port Input	15	64363	59027	1
3	Port Input	14	64363	59027	1
3	Port Input	15	64366	59030	1
3	Port Input	14	64366	59030	1
3	Port Input	15	64368	59032	1
3	Port Input	14	64368	59032	1
3	Port Input	15	64369	59033	1
3	Port Input	14	64369	59033	1
3	Port Input	15	64373	59037	1
3	Port Input	14	64373	59037	1
3	Port Input	15	64375	59039	1
3	Port Input	14	64375	59039	1
3	Port Input	15	64375	59039	1
3	Port Input	14	64375	59039	1
3	Port Input	15	64375	59039	1
3	Port Input	14	64375	59039	1
3	Port Input	15	64376	59040	1
3	Port Input	14	64376	59040	1
3	Port Input	15	64376	59040	1
3	Port Input	14	64376	59040	1
3	Port Input	15	64376	59040	1
3	Port Input	14	64376	59040	1
3	Port Input	15	64377	59041	1
3	Port Input	14	64377	59041	1
3	Port Input	15	64378	59042	1
3	Port Input	14	64378	59042	1
3	Port Input	15	64382	59046	1
3	Port Input	14	64382	59046	1
3	Port Input	15	64385	59049	1
3	Port Input	14	64385	59049	1
3	Port Input	15	64398	59062	1
3	Port Input	14	64398	59062	1
3	Port Input	15	64401	59065	1
3	Port Input	14	64401	59065	1
3	Port Input	15	64409	59073	1
3	Port Input	14	64409	59073	1
3	Port Input	15	64413	59077	1
3	Port Input	14	64413	59077	1
3	Port Input	15	64415	59079	1
3	Port Input	14	64415	59079	1
3	Port Input	15	64416	59080	1
3	Port Input	14	64416	59080	1
3	Port Input	15	64419	59083	2
3	Port Input	14	64420	59084	1
3	Port Input	15	64438	59102	1
3	Port Input	14	64438	59102	1
3	Port Input	15	64451	59115	1
3	Port Input	14	64451	59115	1
3	Port Input	15	64700	59364	1
3	Port Input	14	64700	59364	1
3	Port Input	15	64710	59374	1
3	Port Input	14	64710	59374	1
3	Port Input	15	64711	59375	1
3	Port Input	14	64711	59375	1
3	Port Input	15	64711	59375	1
3	Port Input	14	64711	59375	1
3	Port Input	15	64712	59376	1
3	Port Input	14	64712	59376	1
3	Port Input	15	64712	59376	1
3	Port Input	14	64712	59376	1
3	Port Input	15	64717	59381	1
3	Port Input	14	64717	59381	1
3	Port Input	15	64717	59381	1
3	Port Input	14	64717	59381	1
3	Port Input	15	64717	59381	2
3	Port Input	14	64718	59382	1
3	Port Input	15	64718	59382	1
3	Port Input	14	64718	59382	1
3	Port Input	15	64718	59382	1
3	Port Input	14	64718	59382	1
3	Port Input	15	64718	59382	1
3	Port Input	14	64718	59382	1
3	Port Input	15	64719	59383	1
3	Port Input	14	66934	61598	1
3	Port Input	15	66934	61598	2
3	Response	10	66934	61598	2
3	Port Input	14	66935	61599	1
3	Port Input	15	66935	61599	1
3	Port Input	14	66935	61599	1
3	Port Input	15	66935	61599	1
3	Port Input	14	66935	61599	1
3	Port Input	15	66935	61599	1
3	Port Input	14	66935	61599	1
3	Port Input	15	66935	61599	1
3	Port Input	14	66935	61599	1
3	Port Input	15	66936	61600	1
3	Port Input	14	66936	61600	1
3	Port Input	15	66936	61600	1
3	Port Input	14	66936	61600	1
3	Port Input	15	66936	61600	1
3	Port Input	14	66936	61600	1
3	Port Input	15	66936	61600	1
3	Port Input	14	66936	61600	1
3	Port Input	15	66936	61600	1
3	Port Input	14	66936	61600	1
3	Port Input	15	66937	61601	1
3	Port Input	14	66937	61601	1
3	Port Input	15	66937	61601	1
3	Port Input	14	66937	61601	1
3	Port Input	15	66937	61601	1
3	Port Input	14	66937	61601	1
3	Port Input	15	66937	61601	1
3	Port Input	14	66937	61601	1
3	Port Input	15	66937	61601	1
3	Port Input	14	66937	61601	1
3	Port Input	15	66938	61602	1
3	Port Input	14	66938	61602	1
3	Port Input	15	66938	61602	1
3	Port Input	14	66938	61602	1
3	Port Input	15	66938	61602	1
3	Port Input	14	66938	61602	1
3	Port Input	15	66938	61602	1
3	Port Input	14	66938	61602	1
3	Port Input	15	66938	61602	1
3	Port Input	14	66938	61602	1
3	Port Input	15	66938	61602	1
3	Port Input	14	66938	61602	1
3	Port Input	15	66938	61602	1
3	Port Input	14	66938	61602	1
3	Port Input	15	66939	61603	1
3	Port Input	14	66939	61603	1
3	Port Input	15	67162	61826	1
3	Port Input	14	67162	61826	1
3	Port Input	15	67162	61826	1
3	Port Input	14	67162	61826	1
3	Port Input	15	67176	61840	1
3	Port Input	14	67176	61840	1
3	Port Input	15	67177	61841	1
3	Port Input	14	67177	61841	1
3	Port Input	15	67193	61857	1
3	Port Input	14	67193	61857	1
3	Port Input	15	67200	61864	1
3	Port Input	14	67200	61864	1
3	Port Input	15	67209	61873	1
3	Port Input	14	67209	61873	1
3	Port Input	15	67210	61874	1
3	Port Input	14	67210	61874	1
3	Port Input	15	67211	61875	1
3	Port Input	14	67211	61875	1
3	Port Input	15	67212	61876	1
3	Port Input	14	67212	61876	1
3	Port Input	15	67217	61881	1
3	Port Input	14	67217	61881	1
3	Port Input	15	67229	61893	1
3	Port Input	14	67229	61893	1
3	Port Input	15	67230	61894	1
3	Port Input	14	67230	61894	1
3	Port Input	15	67237	61901	1
3	Port Input	14	67237	61901	1
3	Port Input	15	67339	62003	2
3	Port Input	14	67340	62004	1
3	Port Input	15	67342	62006	1
3	Port Input	14	67342	62006	1
3	Port Input	15	67342	62006	1
3	Port Input	14	67342	62006	1
3	Port Input	15	67358	62022	1
3	Port Input	14	67358	62022	1
3	Port Input	15	68524	63188	1
3	Port Input	14	68524	63188	1
3	Port Input	15	68538	63202	1
3	Port Input	14	68538	63202	1
3	Port Input	15	68541	63205	1
3	Port Input	14	68541	63205	1
3	Port Input	15	68547	63211	1
3	Port Input	14	68547	63211	1
3	Port Input	15	68547	63211	1
3	Port Input	14	68547	63211	1
3	Port Input	15	68555	63219	1
3	Port Input	14	68555	63219	1
3	Port Input	15	68700	63364	1
3	Port Input	14	68700	63364	1
3	Port Input	15	68732	63396	1
3	Port Input	14	68732	63396	1
3	Port Input	15	68737	63401	1
3	Port Input	14	68737	63401	1
3	Port Input	15	68745	63409	1
3	Port Input	14	68745	63409	1
3	Port Input	15	68745	63409	2
3	Port Input	14	68745	63409	2
3	Port Input	15	68747	63411	1
3	Port Input	14	68747	63411	1
3	Port Input	15	68750	63414	1
3	Port Input	14	68750	63414	1
3	Port Input	15	68751	63415	1
3	Port Input	14	68751	63415	1
3	Port Input	15	68751	63415	1
3	Port Input	14	68751	63415	1
3	Port Input	15	68751	63415	1
3	Port Input	14	68751	63415	1
3	Port Input	15	68751	63415	1
3	Port Input	14	68751	63415	1
3	Port Input	15	68751	63415	1
3	Port Input	14	68751	63415	1
3	Port Input	15	68752	63416	1
3	Port Input	14	68752	63416	1
3	Port Input	15	68752	63416	1
3	Port Input	14	68752	63416	1
3	Port Input	15	68753	63417	1
3	Port Input	14	68753	63417	1
3	Port Input	15	68753	63417	1
3	Port Input	14	68753	63417	1
3	Port Input	15	68754	63418	1
3	Port Input	14	68754	63418	1
3	Port Input	15	68755	63419	1
3	Port Input	14	68755	63419	1
3	Port Input	15	68755	63419	1
3	Port Input	14	68755	63419	1
3	Port Input	15	68755	63419	1
3	Port Input	14	68755	63419	1
3	Port Input	15	68755	63419	1
3	Port Input	14	68755	63419	1
3	Port Input	15	68755	63419	1
3	Port Input	14	68755	63419	2
3	Port Input	15	68756	63420	1
3	Port Input	14	68756	63420	1
3	Port Input	15	68756	63420	1
3	Port Input	14	68756	63420	1
3	Port Input	15	68756	63420	1
3	Port Input	14	68756	63420	1
3	Port Input	15	68756	63420	1
3	Port Input	14	68756	63420	1
3	Port Input	15	68756	63420	1
3	Port Input	14	68756	63420	1
3	Port Input	15	68758	63422	1
3	Port Input	14	68758	63422	1
3	Port Input	15	68758	63422	1
3	Port Input	14	68758	63422	1
3	Port Input	15	68758	63422	1
3	Port Input	14	68758	63422	1
3	Port Input	15	68758	63422	1
3	Port Input	14	68758	63422	1
3	Port Input	15	68759	63423	1
3	Port Input	14	68759	63423	1
3	Port Input	15	68759	63423	1
3	Port Input	14	68759	63423	1
3	Port Input	15	68759	63423	1
3	Port Input	14	68759	63423	1
3	Port Input	15	68759	63423	1
3	Port Input	14	68760	63424	1
3	Port Input	15	68760	63424	1
3	Port Input	14	68760	63424	1
3	Port Input	15	68760	63424	1
3	Port Input	14	68760	63424	1
3	Port Input	15	68760	63424	1
3	Port Input	14	68760	63424	1
3	Port Input	15	68760	63424	1
3	Port Input	14	71992	66656	1
3	Port Input	15	71992	66656	1
3	Response	10	71992	66656	1
3	Port Input	14	71993	66657	1
3	Port Input	15	71993	66657	1
3	Port Input	14	71993	66657	1
3	Port Input	15	71993	66657	1
3	Port Input	14	71993	66657	1
3	Port Input	15	71993	66657	1
3	Port Input	14	71994	66658	1
3	Port Input	15	71994	66658	1
3	Port Input	14	71994	66658	1
3	Port Input	15	71994	66658	1
3	Port Input	14	71994	66658	1
3	Port Input	15	71994	66658	1
3	Port Input	14	71994	66658	1
3	Port Input	15	71994	66658	1
3	Port Input	14	71994	66658	1
3	Port Input	15	71994	66658	1
3	Port Input	14	71994	66658	1
3	Port Input	15	71994	66658	1
3	Port Input	14	71994	66658	1
3	Port Input	15	71994	66658	1
3	Port Input	14	71994	66658	1
3	Port Input	15	71994	66658	2
3	Port Input	14	71995	66659	1
3	Port Input	15	71995	66659	1
3	Port Input	14	71995	66659	1
3	Port Input	15	71995	66659	1
3	Port Input	14	71995	66659	1
3	Port Input	15	71995	66659	1
3	Port Input	14	71995	66659	1
3	Port Input	15	71996	66660	1
3	Port Input	14	71996	66660	1
3	Port Input	15	71996	66660	1
3	Port Input	14	71996	66660	1
3	Port Input	15	71996	66660	1
3	Port Input	14	71996	66660	2
3	Port Input	15	71996	66660	2
3	Port Input	14	71997	66661	1
3	Port Input	15	71997	66661	1
3	Port Input	14	71997	66661	1
3	Port Input	15	71997	66661	1
3	Port Input	14	71997	66661	1
3	Port Input	15	71997	66661	1
3	Port Input	14	71997	66661	1
3	Port Input	15	71997	66661	1
3	Port Input	14	71997	66661	1
3	Port Input	15	71997	66661	1
3	Port Input	14	71997	66661	1
3	Port Input	15	71997	66661	1
3	Port Input	14	71997	66661	1
3	Port Input	15	71997	66661	1
3	Port Input	14	71997	66661	1
3	Port Input	15	71998	66662	1
3	Port Input	14	71998	66662	1
3	Port Input	15	71998	66662	1
3	Port Input	14	71998	66662	1
3	Port Input	15	71998	66662	1
3	Port Input	14	71998	66662	1
3	Port Input	15	71998	66662	1
3	Port Input	14	71998	66662	1
3	Port Input	15	71999	66663	1
3	Port Input	14	71999	66663	1
3	Port Input	15	71999	66663	1
3	Port Input	14	71999	66663	1
3	Port Input	15	71999	66663	2
3	Port Input	14	71999	66663	2
3	Port Input	15	72000	66664	1
3	Port Input	14	72000	66664	1
3	Port Input	15	72000	66664	1
3	Port Input	14	72000	66664	1
3	Port Input	15	72001	66665	1
3	Port Input	14	72001	66665	1
3	Port Input	15	72001	66665	1
3	Port Input	14	72001	66665	1
3	Port Input	15	72218	66882	1
3	Port Input	14	72218	66882	1
3	Port Input	15	72226	66890	1
3	Port Input	14	72226	66890	1
3	Port Input	15	72230	66894	1
3	Port Input	14	72230	66894	1
3	Port Input	15	72230	66894	1
3	Port Input	14	72230	66894	1
3	Port Input	15	72245	66909	1
3	Port Input	14	72245	66909	1
3	Port Input	15	72259	66923	1
3	Port Input	14	72259	66923	1
3	Port Input	15	72264	66928	1
3	Port Input	14	72264	66928	1
3	Port Input	15	72280	66944	1
3	Port Input	14	72280	66944	1
3	Port Input	15	72400	67064	1
3	Port Input	14	72400	67064	1
3	Port Input	15	72413	67077	1
3	Port Input	14	72413	67077	1
3	Port Input	15	72414	67078	1
3	Port Input	14	72414	67078	1
3	Port Input	15	72416	67080	1
3	Port Input	14	72416	67080	1
3	Port Input	15	72423	67087	1
3	Port Input	14	72423	67087	1
3	Port Input	15	72481	67145	1
3	Port Input	14	72481	67145	1
3	Port Input	15	77389	72053	1
3	Port Input	14	77389	72053	2
3	Response	10	77389	72053	2
3	Port Input	15	77390	72054	1
3	Port Input	14	77390	72054	1
3	Port Input	15	77391	72055	1
3	Port Input	14	77391	72055	1
3	Port Input	15	77391	72055	1
3	Port Input	14	77391	72055	1
3	Port Input	15	77399	72063	2
3	Port Input	14	77400	72064	1
3	Port Input	15	77403	72067	1
3	Port Input	14	77403	72067	1
3	Port Input	15	77403	72067	1
3	Port Input	14	77403	72067	1
3	Port Input	15	77407	72071	1
3	Port Input	14	77407	72071	1
3	Port Input	15	77417	72081	1
3	Port Input	14	77417	72081	1
3	Port Input	15	77418	72082	1
3	Port Input	14	77418	72082	1
3	Port Input	15	77419	72083	1
3	Port Input	14	77419	72083	1
3	Port Input	15	77420	72084	1
3	Port Input	14	77420	72084	1
3	Port Input	15	77421	72085	1
3	Port Input	14	77421	72085	1
3	Port Input	15	77421	72085	1
3	Port Input	14	77421	72085	1
3	Port Input	15	77421	72085	1
3	Port Input	14	77421	72085	2
3	Port Input	15	77422	72086	1
3	Port Input	14	77422	72086	1
3	Port Input	15	77422	72086	1
3	Port Input	14	77422	72086	1
3	Port Input	15	77422	72086	1
3	Port Input	14	77422	72086	1
3	Port Input	15	77423	72087	1
3	Port Input	14	77423	72087	1
3	Port Input	15	77423	72087	1
3	Port Input	14	77423	72087	2
3	Port Input	15	77424	72088	1
3	Port Input	14	77424	72088	1
3	Port Input	15	77424	72088	1
3	Port Input	14	77424	72088	1
3	Port Input	15	77425	72089	1
3	Port Input	14	77425	72089	1
3	Port Input	15	77425	72089	1
3	Port Input	14	77425	72089	1
3	Port Input	15	77425	72089	1
3	Port Input	14	77425	72089	1
3	Port Input	15	77425	72089	1
3	Port Input	14	77425	72089	1
3	Port Input	15	77425	72089	1
3	Port Input	14	77425	72089	1
3	Port Input	15	77425	72089	2
3	Port Input	14	77426	72090	1
3	Port Input	15	77426	72090	1
3	Port Input	14	77426	72090	1
3	Port Input	15	77426	72090	1
3	Port Input	14	77426	72090	1
3	Port Input	15	77426	72090	1
3	Port Input	14	77426	72090	1
3	Port Input	15	77426	72090	1
3	Port Input	14	77427	72091	1
3	Port Input	15	77427	72091	1
3	Port Input	14	77427	72091	1
3	Port Input	15	77427	72091	1
3	Port Input	14	77427	72091	1
3	Port Input	15	77427	72091	2
3	Port Input	14	77428	72092	1
3	Port Input	15	77428	72092	1
3	Port Input	14	77428	72092	1
3	Port Input	15	77428	72092	1
3	Port Input	14	77428	72092	1
3	Port Input	15	77429	72093	1
3	Port Input	14	77429	72093	1
3	Port Input	15	77429	72093	1
3	Port Input	14	77429	72093	1
3	Port Input	15	77429	72093	1
3	Port Input	14	77430	72094	1
3	Port Input	15	77430	72094	2
3	Port Input	14	77431	72095	1
3	Port Input	15	77431	72095	1
3	Port Input	14	77431	72095	1
3	Port Input	15	77431	72095	1
3	Port Input	14	77431	72095	1
3	Port Input	15	77432	72096	1
3	Port Input	14	77432	72096	1
3	Port Input	15	77432	72096	1
3	Port Input	14	77433	72097	1
3	Port Input	15	77434	72098	1
3	Port Input	14	81337	76001	1
3	Port Input	15	81337	76001	1
3	Port Input	14	81337	76001	1
3	Port Input	15	81337	76001	1
3	Port Input	14	81337	76001	1
3	Port Input	15	81337	76001	1
3	Port Input	14	81337	76001	1
3	Port Input	15	81337	76001	1
3	Port Input	14	81337	76001	1
3	Response	10	81337	76001	1
3	Port Input	15	81338	76002	1
3	Port Input	14	81338	76002	1
3	Port Input	15	81338	76002	1
3	Port Input	14	81338	76002	1
3	Port Input	15	81338	76002	1
3	Port Input	14	81338	76002	1
3	Port Input	15	81338	76002	1
3	Port Input	14	81338	76002	2
3	Port Input	15	81339	76003	1
3	Port Input	14	81339	76003	1
3	Port Input	15	81339	76003	1
3	Port Input	14	81339	76003	1
3	Port Input	15	81339	76003	1
3	Port Input	14	81339	76003	1
3	Port Input	15	81339	76003	1
3	Port Input	14	81339	76003	1
3	Port Input	15	81339	76003	1
3	Port Input	14	81339	76003	1
3	Port Input	15	81339	76003	1
3	Port Input	14	81339	76003	1
3	Port Input	15	81339	76003	1
3	Port Input	14	81339	76003	1
3	Port Input	15	81340	76004	1
3	Port Input	14	81340	76004	1
3	Port Input	15	81341	76005	1
3	Port Input	14	81341	76005	1
3	Port Input	15	81341	76005	1
3	Port Input	14	81341	76005	1
3	Port Input	15	81341	76005	1
3	Port Input	14	81341	76005	1
3	Port Input	15	81341	76005	1
3	Port Input	14	81341	76005	1
3	Port Input	15	81342	76006	1
3	Port Input	14	81342	76006	1
3	Port Input	15	81342	76006	1
3	Port Input	14	81342	76006	1
3	Port Input	15	81345	76009	1
3	Port Input	14	81345	76009	1
3	Port Input	15	81345	76009	1
3	Port Input	14	81345	76009	1
3	Port Input	15	81345	76009	1
3	Port Input	14	81345	76009	1
3	Port Input	15	81345	76009	1
3	Port Input	14	81345	76009	1
3	Port Input	15	81345	76009	1
3	Port Input	14	81345	76009	1
3	Port Input	15	81346	76010	1
3	Port Input	14	81346	76010	1
3	Port Input	15	81346	76010	1
3	Port Input	14	81346	76010	1
3	Port Input	15	81346	76010	1
3	Port Input	14	81346	76010	1
3	Port Input	15	81473	76137	1
3	Port Input	14	81473	76137	1
3	Port Input	15	81484	76148	1
3	Port Input	14	81484	76148	1
3	Port Input	15	81485	76149	1
3	Port Input	14	81485	76149	1
3	Port Input	15	81498	76162	1
3	Port Input	14	81498	76162	1
3	Port Input	15	81510	76174	1
3	Port Input	14	81510	76174	1
3	Port Input	15	81522	76186	2
3	Port Input	14	81523	76187	1
3	Port Input	15	81528	76192	1
3	Port Input	14	81528	76192	1
3	Port Input	15	81534	76198	1
3	Port Input	14	81534	76198	1
3	Port Input	15	81537	76201	1
3	Port Input	14	81537	76201	1
3	Port Input	15	81538	76202	1
3	Port Input	14	81538	76202	1
3	Port Input	15	81538	76202	1
3	Port Input	14	81538	76202	1
3	Port Input	15	81539	76203	1
3	Port Input	14	81539	76203	1
3	Port Input	15	81539	76203	1
3	Port Input	14	81539	76203	1
3	Port Input	15	81541	76205	1
3	Port Input	14	81541	76205	1
3	Port Input	15	81542	76206	1
3	Port Input	14	81542	76206	1
3	Port Input	15	81549	76213	1
3	Port Input	14	81549	76213	1
3	Port Input	15	81549	76213	1
3	Port Input	14	81549	76213	1
3	Port Input	15	81549	76213	1
3	Port Input	14	81549	76213	2
3	Port Input	15	81553	76217	1
3	Port Input	14	81553	76217	1
3	Port Input	15	81554	76218	1
3	Port Input	14	81554	76218	1
3	Port Input	15	81557	76221	1
3	Port Input	14	81557	76221	1
3	Port Input	15	81557	76221	1
3	Port Input	14	81557	76221	1
3	Port Input	15	81558	76222	1
3	Port Input	14	81558	76222	1
3	Port Input	15	81559	76223	1
3	Port Input	14	81559	76223	1
3	Port Input	15	81564	76228	1
3	Port Input	14	81564	76228	1
3	Port Input	15	81564	76228	1
3	Port Input	14	81564	76228	1
3	Port Input	15	81602	76266	1
3	Port Input	14	81602	76266	1
3	Port Input	15	83420	78084	1
3	Port Input	14	83420	78084	1
3	Response	10	83420	78084	1
3	Port Input	15	83443	78107	1
3	Port Input	14	83443	78107	1
3	Port Input	15	86284	80948	1
3	Port Input	14	86284	80948	1
3	Port Input	15	86284	80948	1
3	Port Input	14	86284	80948	1
3	Response	10	86284	80948	1
3	Port Input	15	86285	80949	1
3	Port Input	14	86285	80949	1
3	Port Input	15	86286	80950	1
3	Port Input	14	86286	80950	1
3	Port Input	15	86287	80951	1
3	Port Input	14	86287	80951	1
3	Port Input	15	86287	80951	1
3	Port Input	14	86287	80951	1
3	Port Input	15	86287	80951	2
3	Port Input	14	86288	80952	1
3	Port Input	15	86288	80952	1
3	Port Input	14	86288	80952	1
3	Port Input	15	86288	80952	1
3	Port Input	14	86288	80952	1
3	Port Input	15	86288	80952	1
3	Port Input	14	86288	80952	1
3	Port Input	15	86289	80953	1
3	Port Input	14	86289	80953	1
3	Port Input	15	86290	80954	1
3	Port Input	14	86290	80954	1
3	Port Input	15	86291	80955	1
3	Port Input	14	86291	80955	1
3	Port Input	15	86291	80955	1
3	Port Input	14	86291	80955	1
3	Port Input	15	86292	80956	1
3	Port Input	14	86292	80956	1
3	Port Input	15	86292	80956	1
3	Port Input	14	86292	80956	1
3	Port Input	15	86292	80956	1
3	Port Input	14	86292	80956	1
3	Port Input	15	86293	80957	1
3	Port Input	14	86293	80957	1
3	Port Input	15	86293	80957	1
3	Port Input	14	86293	80957	1
3	Port Input	15	86293	80957	1
3	Port Input	14	86293	80957	1
3	Port Input	15	86293	80957	1
3	Port Input	14	86293	80957	2
3	Port Input	15	86294	80958	1
3	Port Input	14	86294	80958	1
3	Port Input	15	86295	80959	1
3	Port Input	14	86295	80959	1
3	Port Input	15	86295	80959	1
3	Port Input	14	86295	80959	1
3	Port Input	15	86295	80959	2
3	Port Input	14	86296	80960	1
3	Port Input	15	86296	80960	1
3	Port Input	14	86296	80960	1
3	Port Input	15	86296	80960	1
3	Port Input	14	86296	80960	1
3	Port Input	15	86297	80961	1
3	Port Input	14	86297	80961	1
3	Port Input	15	86298	80962	1
3	Port Input	14	86298	80962	1
3	Port Input	15	86298	80962	1
3	Port Input	14	86298	80962	1
3	Port Input	15	86298	80962	2
3	Port Input	14	86299	80963	1
3	Port Input	15	86299	80963	1
3	Port Input	14	86299	80963	1
3	Port Input	15	86299	80963	1
3	Port Input	14	86299	80963	1
3	Port Input	15	86299	80963	1
3	Port Input	14	86299	80963	1
3	Port Input	15	86300	80964	1
3	Port Input	14	86300	80964	1
3	Port Input	15	86301	80965	1
3	Port Input	14	86301	80965	1
3	Port Input	15	86302	80966	1
3	Port Input	14	86302	80966	1
3	Port Input	15	86302	80966	1
3	Port Input	14	86302	80966	1
3	Port Input	15	86302	80966	1
3	Port Input	14	86302	80966	1
3	Port Input	15	86302	80966	1
3	Port Input	14	86302	80966	2
3	Port Input	15	86303	80967	1
3	Port Input	14	86303	80967	1
3	Port Input	15	86305	80969	1
3	Port Input	14	86305	80969	1
3	Port Input	15	86305	80969	1
3	Port Input	14	86305	80969	1
3	Port Input	15	86306	80970	1
3	Port Input	14	86306	80970	1
3	Port Input	15	86306	80970	1
3	Port Input	14	86306	80970	1
3	Port Input	15	86306	80970	1
3	Port Input	14	86306	80970	1
3	Port Input	15	86306	80970	1
3	Port Input	14	86306	80970	1
3	Port Input	15	86306	80970	1
3	Port Input	14	86306	80970	1
3	Port Input	15	86309	80973	1
3	Port Input	14	86309	80973	1
3	Port Input	15	86309	80973	1
3	Port Input	14	86309	80973	1
3	Port Input	15	86310	80974	1
3	Port Input	14	86311	80975	1
3	Port Input	15	86311	80975	1
3	Port Input	14	86311	80975	1
3	Port Input	15	86312	80976	1
3	Port Input	14	86312	80976	1
3	Port Input	15	86323	80987	1
3	Port Input	14	86323	80987	1
3	Port Input	15	86323	80987	1
3	Port Input	14	86323	80987	1
3	Port Input	15	86324	80988	1
3	Port Input	14	86324	80988	1
3	Port Input	15	86325	80989	1
3	Port Input	14	86325	80989	1
3	Port Input	15	86326	80990	1
3	Port Input	14	86326	80990	1
3	Port Input	15	86326	80990	1
3	Port Input	14	86326	80990	1
3	Port Input	15	86327	80991	1
3	Port Input	14	86327	80991	1
3	Port Input	15	86327	80991	1
3	Port Input	14	86327	80991	1
3	Port Input	15	86327	80991	1
3	Port Input	14	90853	85517	1
3	Port Input	15	90853	85517	1
3	Port Input	14	90853	85517	1
3	Port Input	15	90853	85517	1
3	Port Input	14	90853	85517	1
3	Response	10	90853	85517	1
3	Port Input	15	90854	85518	1
3	Port Input	14	90854	85518	1
3	Port Input	15	90860	85524	1
3	Port Input	14	90860	85524	1
3	Port Input	15	90861	85525	1
3	Port Input	14	90861	85525	1
3	Port Input	15	90861	85525	2
3	Port Input	14	90862	85526	1
3	Port Input	15	90862	85526	1
3	Port Input	14	90862	85526	1
3	Port Input	15	90862	85526	1
3	Port Input	14	90862	85526	1
3	Port Input	15	90862	85526	1
3	Port Input	14	90862	85526	1
3	Port Input	15	90863	85527	1
3	Port Input	14	90863	85527	1
3	Port Input	15	90864	85528	1
3	Port Input	14	90864	85528	1
3	Port Input	15	90864	85528	1
3	Port Input	14	90864	85528	1
3	Port Input	15	90865	85529	1
3	Port Input	14	90865	85529	1
3	Port Input	15	90865	85529	1
3	Port Input	14	90865	85529	1
3	Port Input	15	90865	85529	1
3	Port Input	14	90865	85529	1
3	Port Input	15	90866	85530	1
3	Port Input	14	90866	85530	1
3	Port Input	15	90866	85530	1
3	Port Input	14	90866	85530	1
3	Port Input	15	90866	85530	1
3	Port Input	14	90866	85530	1
3	Port Input	15	91051	85715	1
3	Port Input	14	91051	85715	1
3	Port Input	15	91155	85819	1
3	Port Input	14	91155	85819	1
3	Port Input	15	91195	85859	1
3	Port Input	14	91195	85859	1
3	Port Input	15	91235	85899	1
3	Port Input	14	91235	85899	1
3	Port Input	15	91239	85903	1
3	Port Input	14	91239	85903	1
3	Port Input	15	91246	85910	1
3	Port Input	14	91246	85910	1
3	Port Input	15	91279	85943	1
3	Port Input	14	91279	85943	1
3	Port Input	15	91292	85956	1
3	Port Input	14	91292	85956	1
3	Port Input	15	91307	85971	1
3	Port Input	14	91307	85971	1
3	Port Input	15	94535	89199	1
3	Port Input	14	94535	89199	1
3	Response	10	94535	89199	1
3	Port Input	15	94833	89497	1
3	Port Input	14	94833	89497	1
3	Port Input	15	94835	89499	1
3	Port Input	14	94835	89499	1
3	Port Input	15	94842	89506	1
3	Port Input	14	94842	89506	1
3	Port Input	15	94842	89506	1
3	Port Input	14	94842	89506	1
3	Port Input	15	94842	89506	1
3	Port Input	14	94842	89506	1
3	Port Input	15	94843	89507	1
3	Port Input	14	94843	89507	1
3	Port Input	15	94843	89507	1
3	Port Input	14	94843	89507	1
3	Port Input	15	94844	89508	1
3	Port Input	14	94844	89508	1
3	Port Input	15	94844	89508	1
3	Port Input	14	94844	89508	1
3	Port Input	15	94844	89508	1
3	Port Input	14	94844	89508	1
3	Port Input	15	94844	89508	1
3	Port Input	14	94844	89508	1
3	Port Input	15	94844	89508	1
3	Port Input	14	94844	89508	1
3	Port Input	15	94844	89508	1
3	Port Input	14	94844	89508	1
3	Port Input	15	94845	89509	1
3	Port Input	14	94845	89509	1
3	Port Input	15	94845	89509	1
3	Port Input	14	94845	89509	1
3	Port Input	15	94845	89509	1
3	Port Input	14	94845	89509	1
3	Port Input	15	94846	89510	1
3	Port Input	14	94846	89510	1
3	Port Input	15	94846	89510	1
3	Port Input	14	94846	89510	1
3	Port Input	15	94846	89510	1
3	Port Input	14	94846	89510	1
3	Port Input	15	94846	89510	1
3	Port Input	14	94846	89510	1
3	Port Input	15	94846	89510	1
3	Port Input	14	94846	89510	1
3	Port Input	15	94847	89511	1
3	Port Input	14	94847	89511	1
3	Port Input	15	94848	89512	1
3	Port Input	14	94848	89512	1
3	Port Input	15	94848	89512	1
3	Port Input	14	94848	89512	1
3	Port Input	15	94848	89512	1
3	Port Input	14	94848	89512	1
3	Port Input	15	94849	89513	1
3	Port Input	14	94849	89513	1
3	Port Input	15	94849	89513	1
3	Port Input	14	94849	89513	1
3	Port Input	15	94850	89514	1
3	Port Input	14	94850	89514	1
3	Port Input	15	94850	89514	1
3	Port Input	14	94850	89514	1
3	Port Input	15	94857	89521	1
3	Port Input	14	94857	89521	1
3	Port Input	15	94857	89521	1
3	Port Input	14	94857	89521	1
3	Port Input	15	94858	89522	1
3	Port Input	14	94858	89522	1
3	Port Input	15	94859	89523	1
3	Port Input	14	94859	89523	1
3	Port Input	15	94859	89523	1
3	Port Input	14	94859	89523	1
3	Port Input	15	94860	89524	1
3	Port Input	14	94860	89524	1
3	Port Input	15	94860	89524	1
3	Port Input	14	94860	89524	1
3	Port Input	15	94861	89525	1
3	Port Input	14	94861	89525	1
3	Port Input	15	94861	89525	1
3	Port Input	14	94861	89525	1
3	Port Input	15	94862	89526	1
3	Port Input	14	94862	89526	1
3	Port Input	15	94863	89527	1
3	Port Input	14	94863	89527	1
3	Port Input	15	94863	89527	1
3	Port Input	14	94863	89527	1
3	Port Input	15	94863	89527	1
3	Port Input	14	94863	89527	1
3	Port Input	15	94863	89527	1
3	Port Input	14	94863	89527	1
3	Port Input	15	94863	89527	1
3	Port Input	14	94863	89527	1
3	Port Input	15	94864	89528	1
3	Port Input	14	94864	89528	1
3	Port Input	15	94864	89528	1
3	Port Input	14	94864	89528	1
3	Port Input	15	94864	89528	1
3	Port Input	14	94864	89528	2
3	Port Input	15	94865	89529	1
3	Port Input	14	94865	89529	1
3	Port Input	15	94865	89529	1
3	Port Input	14	94865	89529	1
3	Port Input	15	94865	89529	1
3	Port Input	14	94866	89530	1
3	Port Input	15	94866	89530	1
3	Port Input	14	98633	93297	1
3	Port Input	15	98633	93297	1
3	Port Input	14	98633	93297	1
3	Port Input	15	98633	93297	1
3	Port Input	14	98633	93297	1
3	Port Input	15	98633	93297	1
3	Port Input	14	98633	93297	1
3	Response	10	98633	93297	1
3	Port Input	15	98638	93302	1
3	Port Input	14	98638	93302	1
3	Port Input	15	98638	93302	1
3	Port Input	14	98638	93302	1
3	Port Input	15	98638	93302	1
3	Port Input	14	98638	93302	1
3	Port Input	15	98638	93302	2
3	Port Input	14	98638	93302	2
3	Port Input	15	98639	93303	1
3	Port Input	14	98639	93303	1
3	Port Input	15	98639	93303	1
3	Port Input	14	98639	93303	1
3	Port Input	15	98641	93305	1
3	Port Input	14	98641	93305	1
3	Port Input	15	98735	93399	1
3	Port Input	14	98735	93399	1
3	Port Input	15	98737	93401	1
3	Port Input	14	98737	93401	1
3	Port Input	15	98738	93402	1
3	Port Input	14	98738	93402	1
3	Port Input	15	98739	93403	1
3	Port Input	14	98739	93403	1
3	Port Input	15	98739	93403	1
3	Port Input	14	98739	93403	1
3	Port Input	15	98739	93403	1
3	Port Input	14	98739	93403	2
3	Port Input	15	98740	93404	1
3	Port Input	14	98740	93404	1
3	Port Input	15	98740	93404	1
3	Port Input	14	98740	93404	1
3	Port Input	15	98740	93404	1
3	Port Input	14	98740	93404	1
3	Port Input	15	98741	93405	1
3	Port Input	14	98741	93405	1
3	Port Input	15	98741	93405	1
3	Port Input	14	98741	93405	2
3	Port Input	15	98742	93406	1
3	Port Input	14	98742	93406	1
3	Port Input	15	98743	93407	1
3	Port Input	14	98743	93407	1
3	Port Input	15	98745	93409	1
3	Port Input	14	98745	93409	1
3	Port Input	15	98745	93409	1
3	Port Input	14	98745	93409	1
3	Port Input	15	98747	93411	1
3	Port Input	14	98747	93411	1
3	Port Input	15	98747	93411	1
3	Port Input	14	98747	93411	1
3	Port Input	15	98747	93411	1
3	Port Input	14	98747	93411	1
3	Port Input	15	98749	93413	1
3	Port Input	14	98749	93413	1
3	Port Input	15	98750	93414	1
3	Port Input	14	98750	93414	1
3	Port Input	15	98751	93415	1
3	Port Input	14	98751	93415	1
3	Port Input	15	98751	93415	1
3	Port Input	14	98751	93415	1
3	Port Input	15	98751	93415	1
3	Port Input	14	98751	93415	1
3	Port Input	15	98751	93415	1
3	Port Input	14	98751	93415	1
3	Port Input	15	98752	93416	1
3	Port Input	14	98752	93416	1
3	Port Input	15	98752	93416	1
3	Port Input	14	98752	93416	1
3	Port Input	15	98752	93416	1
3	Port Input	14	98752	93416	1
3	Port Input	15	98752	93416	1
3	Port Input	14	98752	93416	1
3	Port Input	15	98753	93417	1
3	Port Input	14	98753	93417	1
3	Port Input	15	98754	93418	1
3	Port Input	14	98754	93418	1
3	Port Input	15	98756	93420	1
3	Port Input	14	98756	93420	1
3	Port Input	15	98756	93420	1
3	Port Input	14	98756	93420	1
3	Port Input	15	98756	93420	1
3	Port Input	14	98756	93420	1
3	Port Input	15	98757	93421	1
3	Port Input	14	98757	93421	1
3	Port Input	15	98757	93421	1
3	Port Input	14	98757	93421	1
3	Port Input	15	98758	93422	1
3	Port Input	14	98758	93422	1
3	Port Input	15	98759	93423	1
3	Port Input	14	98759	93423	1
3	Port Input	15	98759	93423	1
3	Port Input	14	98759	93423	1
3	Port Input	15	98759	93423	1
3	Port Input	14	98759	93423	1
3	Port Input	15	98761	93425	1
3	Port Input	14	98761	93425	1
3	Port Input	15	98761	93425	1
3	Port Input	14	98761	93425	1
3	Port Input	15	98762	93426	1
3	Port Input	14	98762	93426	1
3	Port Input	15	98762	93426	1
3	Port Input	14	98762	93426	1
3	Port Input	15	98763	93427	1
3	Port Input	14	98763	93427	1
3	Port Input	15	98763	93427	1
3	Port Input	14	98763	93427	1
3	Port Input	15	98763	93427	2
3	Port Input	14	98764	93428	1
3	Port Input	15	98764	93428	1
3	Port Input	14	98764	93428	1
3	Port Input	15	98764	93428	1
3	Port Input	14	98764	93428	1
3	Port Input	15	98765	93429	1
3	Port Input	14	98765	93429	1
3	Port Input	15	98765	93429	1
3	Port Input	14	98765	93429	1
3	Port Input	15	98765	93429	1
3	Port Input	14	98765	93429	1
3	Port Input	15	98766	93430	1
3	Port Input	14	98766	93430	1
3	Port Input	15	98766	93430	1
3	Port Input	14	98766	93430	1
3	Port Input	15	98766	93430	1
3	Port Input	14	98766	93430	1
3	Port Input	15	98766	93430	1
3	Port Input	14	98766	93430	1
3	Port Input	15	98767	93431	1
3	Port Input	14	98767	93431	1
3	Port Input	15	98768	93432	1
3	Port Input	14	98768	93432	1
3	Port Input	15	98768	93432	1
3	Port Input	14	98768	93432	1
3	Port Input	15	98769	93433	1
3	Port Input	14	98769	93433	1
3	Port Input	15	98769	93433	1
3	Port Input	14	98769	93433	1
3	Port Input	15	98769	93433	1
3	Port Input	14	98769	93433	1
3	Port Input	15	98770	93434	1
3	Port Input	14	98770	93434	1
3	Port Input	15	98770	93434	1
3	Port Input	14	98770	93434	1
3	Port Input	15	98770	93434	1
3	Port Input	14	98770	93434	1
3	Port Input	15	98771	93435	1
3	Port Input	14	98771	93435	1
3	Port Input	15	98771	93435	1
3	Port Input	14	98771	93435	2
3	Port Input	15	98772	93436	1
3	Port Input	14	98772	93436	1
3	Port Input	15	98773	93437	1
3	Port Input	14	98773	93437	1
3	Port Input	15	98773	93437	1
3	Port Input	14	98773	93437	1
3	Port Input	15	98773	93437	1
3	Port Input	14	98773	93437	1
3	Port Input	15	98773	93437	2
3	Port Input	14	98774	93438	1
3	Port Input	15	98774	93438	1
3	Port Input	14	98774	93438	1
3	Port Input	15	98774	93438	1
3	Port Input	14	98774	93438	1
3	Port Input	15	98774	93438	1
3	Port Input	14	98774	93438	1
3	Port Input	15	98775	93439	1
3	Port Input	14	98775	93439	1
3	Port Input	15	98775	93439	1
3	Port Input	14	98775	93439	1
3	Port Input	15	98775	93439	1
3	Port Input	14	98775	93439	1
3	Port Input	15	98775	93439	1
3	Port Input	14	98775	93439	1
3	Port Input	15	98776	93440	1
3	Port Input	14	98776	93440	1
3	Port Input	15	98776	93440	1
3	Port Input	14	98776	93440	1
3	Port Input	15	98777	93441	1
3	Port Input	14	98777	93441	1
3	Port Input	15	98777	93441	1
3	Port Input	14	98777	93441	1
3	Port Input	15	98778	93442	1
3	Port Input	14	98778	93442	1
3	Port Input	15	98778	93442	1
3	Port Input	14	98778	93442	1
3	Port Input	15	98779	93443	1
3	Port Input	14	98779	93443	1
3	Port Input	15	98779	93443	1
3	Port Input	14	98779	93443	1
3	Port Input	15	98780	93444	1
3	Port Input	14	98780	93444	1
3	Port Input	15	98780	93444	1
3	Port Input	14	98780	93444	1
3	Port Input	15	98781	93445	1
3	Port Input	14	98781	93445	1
3	Port Input	15	98781	93445	1
3	Port Input	14	98781	93445	1
3	Port Input	15	98781	93445	1
3	Port Input	14	98781	93445	1
3	Port Input	15	98781	93445	1
3	Port Input	14	98781	93445	1
3	Port Input	15	98782	93446	1
3	Port Input	14	98782	93446	1
3	Port Input	15	98782	93446	1
3	Port Input	14	98782	93446	1
3	Port Input	15	98783	93447	1
3	Port Input	14	98783	93447	1
3	Port Input	15	98783	93447	2
3	Port Input	14	98783	93447	2
3	Port Input	15	98784	93448	1
3	Port Input	14	98784	93448	1
3	Port Input	15	98784	93448	1
3	Port Input	14	98784	93448	1
3	Port Input	15	98784	93448	2
3	Port Input	14	98784	93448	2
3	Port Input	15	98785	93449	1
3	Port Input	14	98785	93449	1
3	Port Input	15	98786	93450	1
3	Port Input	14	98786	93450	1
3	Port Input	15	98787	93451	1
3	Port Input	14	98787	93451	1
3	Port Input	15	98787	93451	1
3	Port Input	14	98787	93451	1
3	Port Input	15	98787	93451	1
3	Port Input	14	98787	93451	1
3	Port Input	15	98787	93451	1
3	Port Input	14	98787	93451	1
3	Port Input	15	98788	93452	1
3	Port Input	14	98788	93452	1
3	Port Input	15	98788	93452	1
3	Port Input	14	98788	93452	1
3	Port Input	15	98788	93452	1
3	Port Input	14	98788	93452	1
3	Port Input	15	98789	93453	1
3	Port Input	14	98789	93453	1
3	Port Input	15	98789	93453	1
3	Port Input	14	98789	93453	1
3	Port Input	15	98789	93453	1
3	Port Input	14	98789	93453	1
3	Port Input	15	98789	93453	1
3	Port Input	14	98789	93453	1
3	Port Input	15	98790	93454	1
3	Port Input	14	98790	93454	1
3	Port Input	15	98790	93454	1
3	Port Input	14	98790	93454	1
3	Port Input	15	98791	93455	1
3	Port Input	14	98791	93455	1
3	Port Input	15	98791	93455	1
3	Port Input	14	98791	93455	1
3	Port Input	15	98791	93455	1
3	Port Input	14	98791	93455	1
3	Port Input	15	98792	93456	1
3	Port Input	14	98792	93456	1
3	Port Input	15	98792	93456	1
3	Port Input	14	98792	93456	1
3	Port Input	15	98793	93457	1
3	Port Input	14	98793	93457	1
3	Port Input	15	98795	93459	1
3	Port Input	14	98795	93459	1
3	Port Input	15	98795	93459	1
3	Port Input	14	98795	93459	1
3	Port Input	15	98796	93460	1
3	Port Input	14	98796	93460	1
3	Port Input	15	98796	93460	1
3	Port Input	14	98796	93460	1
3	Port Input	15	98797	93461	1
3	Port Input	14	98797	93461	1
3	Port Input	15	98797	93461	1
3	Port Input	14	98797	93461	1
3	Port Input	15	98797	93461	1
3	Port Input	14	98797	93461	1
3	Port Input	15	98798	93462	1
3	Port Input	14	98798	93462	1
3	Port Input	15	98798	93462	1
3	Port Input	14	98798	93462	1
3	Port Input	15	98801	93465	1
3	Port Input	14	98801	93465	1
3	Port Input	15	98802	93466	1
3	Port Input	14	98802	93466	1
3	Port Input	15	98803	93467	1
3	Port Input	14	98803	93467	1
3	Port Input	15	98805	93469	2
3	Port Input	14	98806	93470	1
3	Port Input	15	98806	93470	1
3	Port Input	14	98806	93470	1
3	Port Input	15	98806	93470	1
3	Port Input	14	98806	93470	1
3	Port Input	15	98807	93471	1
3	Port Input	14	98807	93471	1
3	Port Input	15	98807	93471	1
3	Port Input	14	98807	93471	1
3	Port Input	15	98808	93472	1
3	Port Input	14	98808	93472	1
3	Port Input	15	98808	93472	1
3	Port Input	14	98808	93472	1
3	Port Input	15	98809	93473	1
3	Port Input	14	98809	93473	1
3	Port Input	15	98809	93473	1
3	Port Input	14	98809	93473	1
3	Port Input	15	98809	93473	1
3	Port Input	14	98809	93473	1
3	Port Input	15	98812	93476	1
3	Port Input	14	98812	93476	1
3	Port Input	15	98812	93476	1
3	Port Input	14	98812	93476	1
3	Port Input	15	98812	93476	1
3	Port Input	14	98812	93476	1
3	Port Input	15	98813	93477	1
3	Port Input	14	98813	93477	1
3	Port Input	15	98813	93477	2
3	Port Input	14	98814	93478	1
3	Port Input	15	98816	93480	1
3	Port Input	14	98816	93480	1
3	Port Input	15	98817	93481	1
3	Port Input	14	98817	93481	1
3	Port Input	15	98817	93481	1
3	Port Input	14	98817	93481	1
3	Port Input	15	98818	93482	1
3	Port Input	14	98818	93482	1
3	Port Input	15	98818	93482	1
3	Port Input	14	98818	93482	1
3	Port Input	15	98818	93482	1
3	Port Input	14	98818	93482	1
3	Port Input	15	98818	93482	1
3	Port Input	14	98819	93483	1
3	Port Input	15	98820	93484	1
3	Port Input	14	98820	93484	1
3	Port Input	15	98821	93485	1
3	Port Input	14	98821	93485	1
3	Port Input	15	98821	93485	2
3	Port Input	14	98822	93486	1
3	Port Input	15	98822	93486	1
3	Port Input	14	98822	93486	1
3	Port Input	15	98822	93486	1
3	Port Input	14	98822	93486	1
3	Port Input	15	98822	93486	2
3	Port Input	14	98823	93487	1
3	Port Input	15	98823	93487	1
3	Port Input	14	98823	93487	1
3	Port Input	15	98823	93487	1
3	Port Input	14	98823	93487	1
3	Port Input	15	98824	93488	1
3	Port Input	14	98824	93488	1
3	Port Input	15	98824	93488	1
3	Port Input	14	98824	93488	1
3	Port Input	15	98824	93488	1
3	Port Input	14	98824	93488	1
3	Port Input	15	98825	93489	1
3	Port Input	14	98825	93489	1
3	Port Input	15	98825	93489	1
3	Port Input	14	98825	93489	1
3	Port Input	15	98826	93490	1
3	Port Input	14	98826	93490	1
3	Port Input	15	98826	93490	1
3	Port Input	14	98826	93490	1
3	Port Input	15	98826	93490	1
3	Port Input	14	98826	93490	1
3	Port Input	15	98827	93491	1
3	Port Input	14	98827	93491	1
3	Port Input	15	98827	93491	1
3	Port Input	14	98827	93491	1
3	Port Input	15	98828	93492	1
3	Port Input	14	98828	93492	1
3	Port Input	15	98829	93493	1
3	Port Input	14	98829	93493	1
3	Port Input	15	98829	93493	1
3	Port Input	14	98829	93493	1
3	Port Input	15	98830	93494	1
3	Port Input	14	98830	93494	1
3	Port Input	15	98830	93494	1
3	Port Input	14	98830	93494	1
3	Port Input	15	98830	93494	1
3	Port Input	14	98830	93494	1
3	Port Input	15	98834	93498	1
3	Port Input	14	98834	93498	1
3	Port Input	15	98835	93499	1
3	Port Input	14	98835	93499	1
3	Port Input	15	98836	93500	1
3	Port Input	14	98836	93500	1
3	Port Input	15	98836	93500	1
3	Port Input	14	98836	93500	1
3	Port Input	15	98836	93500	1
3	Port Input	14	98836	93500	1
3	Port Input	15	98837	93501	1
3	Port Input	14	98837	93501	1
3	Port Input	15	98837	93501	1
3	Port Input	14	98837	93501	1
3	Port Input	15	98838	93502	1
3	Port Input	14	98838	93502	1
3	Port Input	15	98838	93502	1
3	Port Input	14	98838	93502	1
3	Port Input	15	98839	93503	1
3	Port Input	14	98839	93503	1
3	Port Input	15	98840	93504	1
3	Port Input	14	98840	93504	1
3	Port Input	15	98840	93504	1
3	Port Input	14	98840	93504	1
3	Port Input	15	98844	93508	1
3	Port Input	14	98844	93508	1
3	Port Input	15	98846	93510	1
3	Port Input	14	98846	93510	1
3	Port Input	15	98847	93511	1
3	Port Input	14	98847	93511	1
3	Port Input	15	98847	93511	1
3	Port Input	14	98847	93511	1
3	Port Input	15	98849	93513	1
3	Port Input	14	98849	93513	1
3	Port Input	15	98849	93513	1
3	Port Input	14	98849	93513	1
3	Port Input	15	98850	93514	1
3	Port Input	14	98850	93514	1
3	Port Input	15	98850	93514	1
3	Port Input	14	98850	93514	1
3	Port Input	15	98851	93515	1
3	Port Input	14	98851	93515	1
3	Port Input	15	98851	93515	1
3	Port Input	14	98851	93515	1
3	Port Input	15	98852	93516	1
3	Port Input	14	98852	93516	1
3	Port Input	15	98854	93518	1
3	Port Input	14	98854	93518	1
3	Port Input	15	98854	93518	1
3	Port Input	14	98854	93518	1
3	Port Input	15	98855	93519	1
3	Port Input	14	98855	93519	1
3	Port Input	15	98857	93521	1
3	Port Input	14	98857	93521	1
3	Port Input	15	98859	93523	1
3	Port Input	14	98859	93523	1
3	Port Input	15	98859	93523	1
3	Port Input	14	98859	93523	2
3	Port Input	15	98860	93524	1
3	Port Input	14	98860	93524	1
3	Port Input	15	98860	93524	1
3	Port Input	14	98860	93524	1
3	Port Input	15	98861	93525	1
3	Port Input	14	98861	93525	1
3	Port Input	15	98863	93527	1
3	Port Input	14	98863	93527	1
3	Port Input	15	98864	93528	1
3	Port Input	14	98864	93528	1
3	Port Input	15	98864	93528	1
3	Port Input	14	98864	93528	1
3	Port Input	15	98865	93529	1
3	Port Input	14	98865	93529	1
3	Port Input	15	98865	93529	1
3	Port Input	14	98865	93529	1
3	Port Input	15	98865	93529	1
3	Port Input	14	98865	93529	1
3	Port Input	15	98866	93530	1
3	Port Input	14	98866	93530	1
3	Port Input	15	98867	93531	1
3	Port Input	14	98867	93531	1
3	Port Input	15	98867	93531	1
3	Port Input	14	98867	93531	1
3	Port Input	15	98869	93533	1
3	Port Input	14	98869	93533	1
3	Port Input	15	98870	93534	1
3	Port Input	14	98870	93534	1
3	Port Input	15	98872	93536	1
3	Port Input	14	98872	93536	1
3	Port Input	15	98872	93536	1
3	Port Input	14	98872	93536	1
3	Port Input	15	98874	93538	1
3	Port Input	14	98874	93538	1
3	Port Input	15	98874	93538	1
3	Port Input	14	98874	93538	1
3	Port Input	15	98875	93539	1
3	Port Input	14	98875	93539	1
3	Port Input	15	98876	93540	1
3	Port Input	14	98876	93540	1
3	Port Input	15	98877	93541	1
3	Port Input	14	98877	93541	1
3	Port Input	15	98877	93541	1
3	Port Input	14	98877	93541	1
3	Port Input	15	98878	93542	1
3	Port Input	14	98878	93542	1
3	Port Input	15	98878	93542	2
3	Port Input	14	98879	93543	1
3	Port Input	15	98879	93543	1
3	Port Input	14	98879	93543	1
3	Port Input	15	98880	93544	1
3	Port Input	14	98880	93544	1
3	Port Input	15	98881	93545	1
3	Port Input	14	98881	93545	1
3	Port Input	15	98883	93547	1
3	Port Input	14	98883	93547	1
3	Port Input	15	98894	93558	1
3	Port Input	14	98894	93558	1
3	Port Input	15	98895	93559	1
3	Port Input	14	98895	93559	1
3	Port Input	15	98896	93560	1
3	Port Input	14	98896	93560	1
3	Port Input	15	98901	93565	1
3	Port Input	14	98901	93565	1
3	Port Input	15	98902	93566	1
3	Port Input	14	98902	93566	1
3	Port Input	15	98903	93567	2
3	Port Input	14	98904	93568	1
3	Port Input	15	98904	93568	1
3	Port Input	14	98904	93568	1
3	Port Input	15	98908	93572	1
3	Port Input	14	98908	93572	1
3	Port Input	15	98910	93574	1
3	Port Input	14	98910	93574	1
3	Port Input	15	98910	93574	1
3	Port Input	14	98910	93574	1
3	Port Input	15	98911	93575	1
3	Port Input	14	98911	93575	1
3	Port Input	15	98912	93576	1
3	Port Input	14	98912	93576	1
3	Port Input	15	98913	93577	1
3	Port Input	14	98913	93577	1
3	Port Input	15	98914	93578	1
3	Port Input	14	98914	93578	1
3	Port Input	15	98915	93579	1
3	Port Input	14	98915	93579	1
3	Port Input	15	98916	93580	1
3	Port Input	14	98916	93580	1
3	Port Input	15	98917	93581	1
3	Port Input	14	98917	93581	1
3	Port Input	15	98918	93582	1
3	Port Input	14	98918	93582	1
3	Port Input	15	98923	93587	1
3	Port Input	14	98923	93587	1
3	Port Input	15	98923	93587	1
3	Port Input	14	98923	93587	1
3	Port Input	15	98939	93603	1
3	Port Input	14	98939	93603	1
3	Port Input	15	98940	93604	1
3	Port Input	14	98940	93604	1
3	Port Input	15	98941	93605	1
3	Port Input	14	98941	93605	1
3	Port Input	15	98941	93605	1
3	Port Input	14	98941	93605	1
3	Port Input	15	98946	93610	1
3	Port Input	14	98946	93610	1
3	Port Input	15	98994	93658	1
3	Port Input	14	98994	93658	1
3	Port Input	15	98996	93660	1
3	Port Input	14	98996	93660	1
3	Port Input	15	99009	93673	1
3	Port Input	14	99009	93673	1
3	Port Input	15	99026	93690	1
3	Port Input	14	99026	93690	1
3	Port Input	15	99030	93694	1
3	Port Input	14	99030	93694	1
3	Port Input	15	99054	93718	1
3	Port Input	14	99054	93718	1
3	Port Input	15	99063	93727	1
3	Port Input	14	99063	93727	2
3	Port Input	15	99085	93749	1
3	Port Input	14	99085	93749	1
3	Port Input	15	99100	93764	1
3	Port Input	14	99100	93764	1
3	Port Input	15	101145	95809	1
3	Port Input	14	101145	95809	1
3	Response	10	101145	95809	2
3	Port Input	15	101174	95838	1
3	Port Input	14	101174	95838	1
3	Port Input	15	101236	95900	1
3	Port Input	14	101236	95900	1
3	Port Input	15	101242	95906	1
3	Port Input	14	101242	95906	1
3	Port Input	15	101246	95910	1
3	Port Input	14	101246	95910	1
3	Port Input	15	101249	95913	2
3	Port Input	14	101250	95914	1
3	Port Input	15	101250	95914	1
3	Port Input	14	101250	95914	1
3	Port Input	15	101250	95914	2
3	Port Input	14	101250	95914	2
3	Port Input	15	101252	95916	1
3	Port Input	14	101252	95916	2
3	Port Input	15	101263	95927	1
3	Port Input	14	101263	95927	1
3	Port Input	15	101264	95928	1
3	Port Input	14	101264	95928	1
3	Port Input	15	101277	95941	1
3	Port Input	14	101277	95941	1
3	Port Input	15	101277	95941	1
3	Port Input	14	101277	95941	1
3	Port Input	15	101303	95967	1
3	Port Input	14	101303	95967	1
3	Port Input	15	101318	95982	1
3	Port Input	14	101318	95982	1
3	Port Input	15	101327	95991	2
3	Port Input	14	101328	95992	1
3	Port Input	15	101343	96007	1
3	Port Input	14	101343	96007	1
3	Port Input	15	101345	96009	1
3	Port Input	14	101346	96010	1
3	Port Input	15	101348	96012	1
3	Port Input	14	101348	96012	1
3	Port Input	15	101383	96047	1
3	Port Input	14	101383	96047	1
3	Port Input	15	101383	96047	1
3	Port Input	14	101383	96047	1
3	Port Input	15	101387	96051	1
3	Port Input	14	101387	96051	1
3	Port Input	15	101467	96131	1
3	Port Input	14	101467	96131	1
3	Port Input	15	101685	96349	1
3	Port Input	14	101685	96349	1
3	Port Input	15	101686	96350	1
3	Port Input	14	101686	96350	1
3	Port Input	15	101687	96351	1
3	Port Input	14	101687	96351	1
3	Port Input	15	101687	96351	1
3	Port Input	14	101687	96351	1
3	Port Input	15	101687	96351	1
3	Port Input	14	101687	96351	1
3	Port Input	15	101687	96351	1
3	Port Input	14	101687	96351	1
3	Port Input	15	101688	96352	1
3	Port Input	14	101688	96352	1
3	Port Input	15	101689	96353	1
3	Port Input	14	101689	96353	1
3	Port Input	15	101690	96354	1
3	Port Input	14	101690	96354	1
3	Port Input	15	101690	96354	1
3	Port Input	14	101690	96354	1
3	Port Input	15	101696	96360	1
3	Port Input	14	101696	96360	1
3	Port Input	15	101696	96360	1
3	Port Input	14	101696	96360	1
3	Port Input	15	101696	96360	1
3	Port Input	14	101696	96360	1
3	Port Input	15	101697	96361	1
3	Port Input	14	101697	96361	1
3	Port Input	15	101697	96361	1
3	Port Input	14	101697	96361	1
3	Port Input	15	101698	96362	1
3	Port Input	14	101698	96362	1
3	Port Input	15	101698	96362	1
3	Port Input	14	101698	96362	1
3	Port Input	15	101698	96362	1
3	Port Input	14	101698	96362	2
3	Port Input	15	101699	96363	1
3	Port Input	14	101699	96363	1
3	Port Input	15	101699	96363	1
3	Port Input	14	101699	96363	1
3	Port Input	15	101699	96363	1
3	Port Input	14	101699	96363	1
3	Port Input	15	101699	96363	1
3	Port Input	14	101699	96363	1
3	Port Input	15	101700	96364	1
3	Port Input	14	101700	96364	1
3	Port Input	15	101700	96364	1
3	Port Input	14	101700	96364	1
3	Port Input	15	101700	96364	1
3	Quit		129617	124281
