Scenario - Push Button + tone (0ms)
Logfile written - 10/08/2020 12:44:45

Trial	Event Type	Code	Time	TTime	Uncertainty	Duration	Uncertainty	ReqTime	ReqDur	Stim Type	Pair Index

1	Picture	start	166	0	1	667	3	0	next	other	0
3	Nothing	nothing	5333	0	1			0		hit	5
3	Port Input	14	14283	8950	1
3	Port Input	15	14283	8950	1
3	Response	111	14283	8950	1
4	Sound	20	14284	0	2			0		incorrect	136
4	Port Input	14	14285	1	1
4	Port Input	15	14285	1	1
4	Port Input	14	14285	1	1
4	Port Input	15	14286	2	1
4	Port Input	14	14286	2	1
4	Port Input	15	14286	2	1
4	Port Input	14	14286	2	1
4	Port Input	15	14286	2	1
4	Port Input	14	14286	2	1
4	Port Input	15	14286	2	1
4	Port Input	14	14286	2	1
4	Port Input	15	14286	2	1
4	Port Input	14	14286	2	1
4	Port Input	15	14286	2	1
4	Port Input	14	14286	2	1
4	Port Input	15	14286	2	1
4	Port Input	14	14286	2	1
4	Port Input	15	14286	2	1
4	Port Input	14	14286	2	2
4	Port Input	15	14287	3	1
4	Port Input	14	14287	3	1
4	Port Input	15	14287	3	1
4	Port Input	14	14287	3	1
4	Port Input	15	14287	3	1
4	Port Input	14	14287	3	1
4	Port Input	15	14324	40	1
4	Port Input	14	14324	40	1
4	Port Input	15	14354	70	1
4	Port Input	14	14354	70	1
4	Port Input	15	14359	75	1
4	Port Input	14	14359	75	1
4	Port Input	15	14359	75	1
4	Port Input	14	14359	75	1
4	Port Input	15	14428	144	1
4	Port Input	14	14428	144	1
4	Port Input	15	14428	144	1
4	Port Input	14	14428	144	1
4	Port Input	15	14428	144	1
4	Port Input	14	14428	144	1
4	Port Input	15	14429	145	2
4	Port Input	14	14430	146	1
4	Port Input	15	14431	147	1
4	Port Input	14	14431	147	1
4	Port Input	15	14431	147	1
4	Port Input	14	14431	147	1
4	Port Input	15	14432	148	1
4	Port Input	14	14432	148	1
4	Port Input	15	14432	148	1
4	Port Input	14	14432	148	1
4	Port Input	15	14433	149	1
4	Port Input	14	14433	149	1
4	Port Input	15	14433	149	2
4	Port Input	14	14434	150	1
4	Port Input	15	14434	150	1
4	Port Input	14	14434	150	1
4	Port Input	15	14435	151	1
4	Port Input	14	14435	151	1
4	Port Input	15	14435	151	1
4	Port Input	14	14435	151	1
4	Port Input	15	14435	151	1
4	Port Input	14	14435	151	1
4	Port Input	15	14435	151	2
4	Port Input	14	14436	152	1
4	Port Input	15	14436	152	1
4	Port Input	14	14436	152	1
4	Port Input	15	14436	152	1
4	Port Input	14	14436	152	1
4	Port Input	15	14436	152	1
4	Port Input	14	14436	152	2
4	Port Input	15	14437	153	1
4	Port Input	14	14437	153	1
4	Port Input	15	14437	153	1
4	Port Input	14	14437	153	1
4	Port Input	15	14437	153	1
4	Port Input	14	14437	153	1
4	Port Input	15	14437	153	1
4	Port Input	14	14437	153	1
4	Port Input	15	14437	153	1
4	Port Input	14	14437	153	1
4	Port Input	15	14437	153	1
4	Port Input	14	14437	153	1
4	Port Input	15	14437	153	1
4	Port Input	14	14437	153	1
4	Port Input	15	14438	154	1
4	Port Input	14	14438	154	1
4	Port Input	15	14438	154	1
4	Port Input	14	14438	154	1
4	Port Input	15	14438	154	1
4	Port Input	14	14438	154	1
4	Port Input	15	14439	155	1
4	Port Input	14	14439	155	1
4	Port Input	15	14440	156	1
4	Port Input	14	14440	156	1
4	Port Input	15	14440	156	1
4	Port Input	14	14440	156	1
4	Port Input	15	14441	157	1
4	Port Input	14	14441	157	1
4	Port Input	15	14443	159	1
4	Port Input	14	14443	159	1
4	Port Input	15	14443	159	1
4	Port Input	14	14443	159	1
4	Port Input	15	14444	160	1
4	Port Input	14	14444	160	1
4	Port Input	15	14459	175	1
4	Port Input	14	14459	175	1
4	Port Input	15	14475	191	1
4	Port Input	14	14475	191	1
4	Port Input	15	14487	203	1
4	Port Input	14	14487	203	1
4	Port Input	15	14506	222	1
4	Port Input	14	14506	222	1
4	Port Input	15	14506	222	1
4	Port Input	14	14506	222	1
4	Port Input	15	14506	222	1
4	Port Input	14	14507	223	1
4	Port Input	15	14509	225	1
4	Port Input	14	14509	225	1
4	Port Input	15	14515	231	1
4	Port Input	14	14515	231	1
4	Port Input	15	14524	240	1
4	Port Input	14	14524	240	1
4	Port Input	15	14525	241	1
4	Port Input	14	14525	241	1
4	Port Input	15	14624	340	1
4	Port Input	14	14624	340	1
4	Port Input	15	17372	3088	1
4	Port Input	14	17372	3088	1
4	Port Input	15	17372	3088	1
4	Port Input	14	17372	3088	1
4	Response	10	17372	3088	1
4	Port Input	15	17373	3089	1
4	Port Input	14	17373	3089	1
4	Port Input	15	17375	3091	1
4	Port Input	14	17375	3091	1
4	Port Input	15	17375	3091	1
4	Port Input	14	17375	3091	1
4	Port Input	15	17376	3092	1
4	Port Input	14	17376	3092	1
4	Port Input	15	17376	3092	2
4	Port Input	14	17376	3092	2
4	Port Input	15	17377	3093	1
4	Port Input	14	17377	3093	1
4	Port Input	15	17377	3093	1
4	Port Input	14	17377	3093	1
4	Port Input	15	17378	3094	1
4	Port Input	14	17378	3094	1
4	Port Input	15	17378	3094	1
4	Port Input	14	17378	3094	1
4	Port Input	15	17379	3095	1
4	Port Input	14	17379	3095	1
4	Port Input	15	17380	3096	1
4	Port Input	14	17380	3096	1
4	Port Input	15	17380	3096	1
4	Port Input	14	17380	3096	1
4	Port Input	15	17380	3096	1
4	Port Input	14	17380	3096	1
4	Port Input	15	17380	3096	1
4	Port Input	14	17380	3096	1
4	Port Input	15	17381	3097	1
4	Port Input	14	17381	3097	1
4	Port Input	15	17383	3099	1
4	Port Input	14	17383	3099	1
4	Port Input	15	17383	3099	1
4	Port Input	14	17383	3099	1
4	Port Input	15	17384	3100	1
4	Port Input	14	17384	3100	1
4	Port Input	15	17384	3100	1
4	Port Input	14	17384	3100	1
4	Port Input	15	17384	3100	1
4	Port Input	14	17384	3100	1
4	Port Input	15	17385	3101	1
4	Port Input	14	17385	3101	1
4	Port Input	15	17385	3101	1
4	Port Input	14	17385	3101	1
4	Port Input	15	17386	3102	1
4	Port Input	14	17386	3102	1
4	Port Input	15	17386	3102	1
4	Port Input	14	17386	3102	1
4	Port Input	15	17386	3102	1
4	Port Input	14	17386	3102	1
4	Port Input	15	17386	3102	2
4	Port Input	14	17387	3103	1
4	Port Input	15	17387	3103	1
4	Port Input	14	17387	3103	1
4	Port Input	15	17387	3103	1
4	Port Input	14	17387	3103	1
4	Port Input	15	17387	3103	1
4	Port Input	14	17387	3103	1
4	Port Input	15	17388	3104	1
4	Port Input	14	17388	3104	1
4	Port Input	15	17388	3104	1
4	Port Input	14	17388	3104	1
4	Port Input	15	17388	3104	1
4	Port Input	14	17388	3104	1
4	Port Input	15	17390	3106	1
4	Port Input	14	17390	3106	1
4	Port Input	15	17392	3108	1
4	Port Input	14	17392	3108	1
4	Port Input	15	17393	3109	1
4	Port Input	14	17393	3109	1
4	Port Input	15	17394	3110	1
4	Port Input	14	17394	3110	1
4	Port Input	15	17394	3110	1
4	Port Input	14	17394	3110	1
4	Port Input	15	17394	3110	1
4	Port Input	14	17394	3110	1
4	Port Input	15	17394	3110	1
4	Port Input	14	17394	3110	1
4	Port Input	15	17394	3110	1
4	Port Input	14	17394	3110	1
4	Port Input	15	17395	3111	1
4	Port Input	14	17395	3111	1
4	Port Input	15	17396	3112	1
4	Port Input	14	17396	3112	1
4	Port Input	15	17396	3112	1
4	Port Input	14	17396	3112	1
4	Port Input	15	17397	3113	1
4	Port Input	14	17397	3113	1
4	Port Input	15	17398	3114	1
4	Port Input	14	17398	3114	1
4	Port Input	15	17398	3114	1
4	Port Input	14	17398	3114	1
4	Port Input	15	17398	3114	1
4	Port Input	14	17398	3114	1
4	Port Input	15	17399	3115	1
4	Port Input	14	17399	3115	1
4	Port Input	15	17400	3116	1
4	Port Input	14	17400	3116	1
4	Port Input	15	17400	3116	1
4	Port Input	14	17400	3116	1
4	Port Input	15	17400	3116	1
4	Port Input	14	17400	3116	1
4	Port Input	15	17400	3116	1
4	Port Input	14	17400	3116	1
4	Port Input	15	17401	3117	1
4	Port Input	14	17401	3117	1
4	Port Input	15	17401	3117	1
4	Port Input	14	17401	3117	1
4	Port Input	15	17402	3118	1
4	Port Input	14	17402	3118	1
4	Port Input	15	17402	3118	1
4	Port Input	14	17402	3118	1
4	Port Input	15	17402	3118	1
4	Port Input	14	17402	3118	1
4	Port Input	15	17403	3119	1
4	Port Input	14	17403	3119	1
4	Port Input	15	17403	3119	1
4	Port Input	14	17403	3119	1
4	Port Input	15	17403	3119	1
4	Port Input	14	17403	3119	2
4	Port Input	15	17404	3120	1
4	Port Input	14	17404	3120	1
4	Port Input	15	17404	3120	1
4	Port Input	14	17404	3120	1
4	Port Input	15	17404	3120	2
4	Port Input	14	17404	3120	2
4	Port Input	15	17405	3121	1
4	Port Input	14	17405	3121	1
4	Port Input	15	17406	3122	1
4	Port Input	14	17406	3122	1
4	Port Input	15	17406	3122	1
4	Port Input	14	17406	3122	1
4	Port Input	15	17407	3123	1
4	Port Input	14	17407	3123	1
4	Port Input	15	17407	3123	1
4	Port Input	14	17407	3123	1
4	Port Input	15	17407	3123	1
4	Port Input	14	17407	3123	1
4	Port Input	15	17407	3123	1
4	Port Input	14	17407	3123	1
4	Port Input	15	17408	3124	1
4	Port Input	14	17408	3124	1
4	Port Input	15	17409	3125	1
4	Port Input	14	17409	3125	1
4	Port Input	15	17410	3126	1
4	Port Input	14	17410	3126	1
4	Port Input	15	17410	3126	1
4	Port Input	14	17410	3126	1
4	Port Input	15	17411	3127	1
4	Port Input	14	17411	3127	1
4	Port Input	15	17411	3127	1
4	Port Input	14	17411	3127	1
4	Port Input	15	17411	3127	1
4	Port Input	14	17411	3127	2
4	Port Input	15	17412	3128	1
4	Port Input	14	17412	3128	1
4	Port Input	15	17413	3129	1
4	Port Input	14	17413	3129	1
4	Port Input	15	17413	3129	1
4	Port Input	14	17413	3129	1
4	Port Input	15	17413	3129	1
4	Port Input	14	17413	3129	1
4	Port Input	15	17414	3130	1
4	Port Input	14	17414	3130	1
4	Port Input	15	17414	3130	1
4	Port Input	14	17414	3130	1
4	Port Input	15	17414	3130	2
4	Port Input	14	17415	3131	1
4	Port Input	15	17415	3131	1
4	Port Input	14	17415	3131	1
4	Port Input	15	17415	3131	1
4	Port Input	14	17415	3131	1
4	Port Input	15	17416	3132	1
4	Port Input	14	17416	3132	1
4	Port Input	15	17416	3132	1
4	Port Input	14	17416	3132	1
4	Port Input	15	17416	3132	1
4	Port Input	14	17416	3132	1
4	Port Input	15	17416	3132	1
4	Port Input	14	17416	3132	1
4	Port Input	15	17416	3132	2
4	Port Input	14	17416	3132	2
4	Port Input	15	17417	3133	1
4	Port Input	14	17417	3133	1
4	Port Input	15	17417	3133	1
4	Port Input	14	17417	3133	1
4	Port Input	15	17417	3133	1
4	Port Input	14	17417	3133	1
4	Port Input	15	17418	3134	1
4	Port Input	14	17418	3134	1
4	Port Input	15	17418	3134	1
4	Port Input	14	17418	3134	1
4	Port Input	15	17418	3134	1
4	Port Input	14	17418	3134	1
4	Port Input	15	17419	3135	1
4	Port Input	14	17419	3135	1
4	Port Input	15	17419	3135	1
4	Port Input	14	17419	3135	1
4	Port Input	15	17419	3135	1
4	Port Input	14	17419	3135	1
4	Port Input	15	17420	3136	1
4	Port Input	14	17420	3136	1
4	Port Input	15	17420	3136	1
4	Port Input	14	17420	3136	1
4	Port Input	15	17420	3136	1
4	Port Input	14	17420	3136	1
4	Port Input	15	17420	3136	1
4	Port Input	14	17420	3136	1
4	Port Input	15	17421	3137	1
4	Port Input	14	17421	3137	1
4	Port Input	15	17421	3137	1
4	Port Input	14	17421	3137	1
4	Port Input	15	17421	3137	1
4	Port Input	14	17421	3137	1
4	Port Input	15	17421	3137	1
4	Port Input	14	17421	3137	1
4	Port Input	15	17421	3137	1
4	Port Input	14	17421	3137	1
4	Port Input	15	17422	3138	1
4	Port Input	14	17422	3138	1
4	Port Input	15	17422	3138	1
4	Port Input	14	17422	3138	1
4	Port Input	15	17422	3138	1
4	Port Input	14	17422	3138	1
4	Port Input	15	17422	3138	1
4	Port Input	14	17422	3138	1
4	Port Input	15	17423	3139	1
4	Port Input	14	17423	3139	1
4	Port Input	15	17423	3139	1
4	Port Input	14	17423	3139	1
4	Port Input	15	17424	3140	1
4	Port Input	14	17424	3140	1
4	Port Input	15	17424	3140	1
4	Port Input	14	17424	3140	1
4	Port Input	15	17424	3140	1
4	Port Input	14	17424	3140	1
4	Port Input	15	17426	3142	1
4	Port Input	14	17426	3142	1
4	Port Input	15	17426	3142	1
4	Port Input	14	17426	3142	1
4	Port Input	15	17426	3142	1
4	Port Input	14	17427	3143	1
4	Port Input	15	17427	3143	1
4	Port Input	14	17427	3143	1
4	Port Input	15	17428	3144	1
4	Port Input	14	17428	3144	1
4	Port Input	15	17428	3144	1
4	Port Input	14	17428	3144	1
4	Port Input	15	17429	3145	1
4	Port Input	14	17429	3145	1
4	Port Input	15	17429	3145	1
4	Port Input	14	17429	3145	1
4	Port Input	15	17430	3146	1
4	Port Input	14	17430	3146	1
4	Port Input	15	17430	3146	1
4	Port Input	14	17430	3146	1
4	Port Input	15	17431	3147	1
4	Port Input	14	17431	3147	1
4	Port Input	15	17431	3147	1
4	Port Input	14	17431	3147	1
4	Port Input	15	17432	3148	1
4	Port Input	14	17432	3148	1
4	Port Input	15	17432	3148	1
4	Port Input	14	17432	3148	1
4	Port Input	15	17432	3148	1
4	Port Input	14	17432	3148	2
4	Port Input	15	17433	3149	1
4	Port Input	14	17433	3149	1
4	Port Input	15	17433	3149	1
4	Port Input	14	17433	3149	1
4	Port Input	15	17433	3149	1
4	Port Input	14	17433	3149	1
4	Port Input	15	17434	3150	1
4	Port Input	14	17434	3150	1
4	Port Input	15	17434	3150	1
4	Port Input	14	17434	3150	1
4	Port Input	15	17434	3150	1
4	Port Input	14	17434	3150	1
4	Port Input	15	17434	3150	1
4	Port Input	14	17434	3150	1
4	Port Input	15	17435	3151	1
4	Port Input	14	17435	3151	1
4	Port Input	15	17436	3152	1
4	Port Input	14	17436	3152	1
4	Port Input	15	17436	3152	1
4	Port Input	14	17436	3152	1
4	Port Input	15	17436	3152	1
4	Port Input	14	17436	3152	1
4	Port Input	15	17437	3153	1
4	Port Input	14	17437	3153	1
4	Port Input	15	17437	3153	1
4	Port Input	14	17437	3153	1
4	Port Input	15	17437	3153	1
4	Port Input	14	17437	3153	1
4	Port Input	15	17438	3154	1
4	Port Input	14	17438	3154	1
4	Port Input	15	17439	3155	1
4	Port Input	14	17439	3155	1
4	Port Input	15	17439	3155	1
4	Port Input	14	17439	3155	1
4	Port Input	15	17440	3156	1
4	Port Input	14	17440	3156	1
4	Port Input	15	17440	3156	1
4	Port Input	14	17440	3156	1
4	Port Input	15	17440	3156	1
4	Port Input	14	17440	3156	1
4	Port Input	15	17441	3157	1
4	Port Input	14	17441	3157	1
4	Port Input	15	17441	3157	1
4	Port Input	14	17441	3157	1
4	Port Input	15	17441	3157	1
4	Port Input	14	17441	3157	1
4	Port Input	15	17441	3157	2
4	Port Input	14	17442	3158	1
4	Port Input	15	17442	3158	1
4	Port Input	14	17442	3158	1
4	Port Input	15	17442	3158	1
4	Port Input	14	17442	3158	2
4	Port Input	15	17443	3159	1
4	Port Input	14	17443	3159	1
4	Port Input	15	17443	3159	1
4	Port Input	14	17443	3159	1
4	Port Input	15	17444	3160	1
4	Port Input	14	17444	3160	1
4	Port Input	15	17445	3161	1
4	Port Input	14	17445	3161	1
4	Port Input	15	17445	3161	1
4	Port Input	14	17445	3161	1
4	Port Input	15	17446	3162	1
4	Port Input	14	17446	3162	1
4	Port Input	15	17446	3162	1
4	Port Input	14	17446	3162	1
4	Port Input	15	17446	3162	1
4	Port Input	14	17446	3162	1
4	Port Input	15	17449	3165	1
4	Port Input	14	17449	3165	1
4	Port Input	15	17450	3166	1
4	Port Input	14	17450	3166	1
4	Port Input	15	17451	3167	1
4	Port Input	14	17451	3167	1
4	Port Input	15	17451	3167	1
4	Port Input	14	17451	3167	1
4	Port Input	15	17452	3168	1
4	Port Input	14	17452	3168	1
4	Port Input	15	17452	3168	1
4	Port Input	14	17452	3168	1
4	Port Input	15	17452	3168	1
4	Port Input	14	17452	3168	2
4	Port Input	15	17453	3169	1
4	Port Input	14	17453	3169	1
4	Port Input	15	17453	3169	1
4	Port Input	14	17453	3169	1
4	Port Input	15	17454	3170	1
4	Port Input	14	17454	3170	1
4	Port Input	15	17455	3171	1
4	Port Input	14	17455	3171	1
4	Port Input	15	17455	3171	1
4	Port Input	14	17455	3171	1
4	Port Input	15	17455	3171	1
4	Port Input	14	17455	3171	1
4	Port Input	15	17455	3171	1
4	Port Input	14	17455	3171	1
4	Port Input	15	17456	3172	1
4	Port Input	14	17456	3172	1
4	Port Input	15	17456	3172	1
4	Port Input	14	17456	3172	1
4	Port Input	15	17456	3172	1
4	Port Input	14	17456	3172	1
4	Port Input	15	17458	3174	1
4	Port Input	14	17458	3174	1
4	Port Input	15	17458	3174	1
4	Port Input	14	17458	3174	1
4	Port Input	15	17460	3176	1
4	Port Input	14	17460	3176	1
4	Port Input	15	17460	3176	1
4	Port Input	14	17460	3176	1
4	Port Input	15	17460	3176	1
4	Port Input	14	17460	3176	1
4	Port Input	15	17461	3177	1
4	Port Input	14	17461	3177	1
4	Port Input	15	17461	3177	1
4	Port Input	14	17461	3177	1
4	Port Input	15	17461	3177	1
4	Port Input	14	17461	3177	1
4	Port Input	15	17462	3178	1
4	Port Input	14	17462	3178	1
4	Port Input	15	17462	3178	2
4	Port Input	14	17463	3179	1
4	Port Input	15	17463	3179	1
4	Port Input	14	17463	3179	1
4	Port Input	15	17464	3180	1
4	Port Input	14	17464	3180	1
4	Port Input	15	17464	3180	1
4	Port Input	14	17464	3180	1
4	Port Input	15	17466	3182	1
4	Port Input	14	17466	3182	1
4	Port Input	15	17466	3182	1
4	Port Input	14	17466	3182	1
4	Port Input	15	17467	3183	1
4	Port Input	14	17467	3183	1
4	Port Input	15	17467	3183	1
4	Port Input	14	17468	3184	1
4	Port Input	15	17469	3185	1
4	Port Input	14	17469	3185	1
4	Port Input	15	17470	3186	1
4	Port Input	14	17470	3186	1
4	Port Input	15	17470	3186	1
4	Port Input	14	17470	3186	1
4	Port Input	15	17471	3187	1
4	Port Input	14	17471	3187	1
4	Port Input	15	17471	3187	1
4	Port Input	14	17471	3187	1
4	Port Input	15	17471	3187	1
4	Port Input	14	17471	3187	1
4	Port Input	15	17541	3257	1
4	Port Input	14	17541	3257	1
4	Port Input	15	17584	3300	1
4	Port Input	14	17584	3300	1
4	Port Input	15	17584	3300	1
4	Port Input	14	17584	3300	1
4	Port Input	15	17584	3300	1
4	Port Input	14	17584	3300	1
4	Port Input	15	17584	3300	1
4	Port Input	14	17584	3300	1
4	Port Input	15	17585	3301	1
4	Port Input	14	17585	3301	1
4	Port Input	15	17585	3301	1
4	Port Input	14	49118	34834	1
4	Response	10	49118	34834	1
4	Port Input	15	49119	34835	1
4	Port Input	14	49119	34835	1
4	Port Input	15	49119	34835	1
4	Port Input	14	49119	34835	1
4	Port Input	15	49421	35137	1
4	Port Input	14	49421	35137	1
4	Port Input	15	49438	35154	1
4	Port Input	14	49438	35154	1
4	Port Input	15	49440	35156	1
4	Port Input	14	49440	35156	1
4	Port Input	15	49465	35181	1
4	Port Input	14	49465	35181	1
4	Port Input	15	49486	35202	1
4	Port Input	14	49486	35202	1
4	Port Input	15	49502	35218	2
4	Port Input	14	49502	35218	2
4	Port Input	15	49507	35223	1
4	Port Input	14	49507	35223	1
4	Port Input	15	49508	35224	1
4	Port Input	14	49508	35224	1
4	Port Input	15	49514	35230	1
4	Port Input	14	49514	35230	1
4	Port Input	15	49516	35232	1
4	Port Input	14	49516	35232	1
4	Port Input	15	49517	35233	1
4	Port Input	14	49517	35233	1
4	Port Input	15	49518	35234	1
4	Port Input	14	49518	35234	1
4	Port Input	15	49523	35239	1
4	Port Input	14	49523	35239	1
4	Port Input	15	49525	35241	1
4	Port Input	14	49525	35241	1
4	Port Input	15	49526	35242	1
4	Port Input	14	49526	35242	1
4	Port Input	15	49527	35243	1
4	Port Input	14	49527	35243	1
4	Port Input	15	49528	35244	1
4	Port Input	14	49528	35244	1
4	Port Input	15	49529	35245	1
4	Port Input	14	49529	35245	1
4	Port Input	15	49531	35247	1
4	Port Input	14	49531	35247	1
4	Port Input	15	49531	35247	2
4	Port Input	14	49532	35248	1
4	Port Input	15	49532	35248	1
4	Port Input	14	49532	35248	1
4	Port Input	15	49533	35249	1
4	Port Input	14	49533	35249	1
4	Port Input	15	49536	35252	1
4	Port Input	14	49536	35252	1
4	Port Input	15	49537	35253	1
4	Port Input	14	49537	35253	1
4	Port Input	15	49538	35254	1
4	Port Input	14	49538	35254	1
4	Port Input	15	49539	35255	1
4	Port Input	14	49539	35255	1
4	Port Input	15	49543	35259	1
4	Port Input	14	49543	35259	1
4	Port Input	15	49544	35260	1
4	Port Input	14	49544	35260	1
4	Port Input	15	49545	35261	1
4	Port Input	14	49545	35261	1
4	Port Input	15	49545	35261	1
4	Port Input	14	49545	35261	1
4	Port Input	15	49546	35262	1
4	Port Input	14	49546	35262	1
4	Port Input	15	49546	35262	1
4	Port Input	14	49546	35262	1
4	Port Input	15	49546	35262	1
4	Port Input	14	49546	35262	1
4	Port Input	15	49547	35263	1
4	Port Input	14	49547	35263	1
4	Port Input	15	49557	35273	1
4	Port Input	14	49557	35273	1
4	Port Input	15	49567	35283	1
4	Port Input	14	49567	35283	1
4	Port Input	15	49755	35471	1
4	Port Input	14	49755	35471	1
4	Port Input	15	51055	36771	1
4	Port Input	14	51055	36771	1
4	Port Input	15	51062	36778	1
4	Port Input	14	51062	36778	1
4	Port Input	15	51068	36784	1
4	Port Input	14	51068	36784	1
4	Port Input	15	51071	36787	1
4	Port Input	14	51071	36787	1
4	Port Input	15	51088	36804	1
4	Port Input	14	51088	36804	1
4	Port Input	15	51088	36804	2
4	Port Input	14	51089	36805	1
4	Port Input	15	51089	36805	1
4	Port Input	14	51089	36805	1
4	Port Input	15	51091	36807	1
4	Port Input	14	51091	36807	1
4	Port Input	15	51092	36808	1
4	Port Input	14	51092	36808	1
4	Port Input	15	51093	36809	1
4	Port Input	14	51093	36809	1
4	Port Input	15	51095	36811	1
4	Port Input	14	51095	36811	1
4	Port Input	15	51096	36812	1
4	Port Input	14	51096	36812	1
4	Port Input	15	51097	36813	1
4	Port Input	14	51097	36813	1
4	Port Input	15	51102	36818	1
4	Port Input	14	51102	36818	1
4	Port Input	15	51103	36819	1
4	Port Input	14	51103	36819	1
4	Port Input	15	51103	36819	1
4	Port Input	14	51103	36819	1
4	Port Input	15	51104	36820	1
4	Port Input	14	51104	36820	1
4	Port Input	15	51104	36820	1
4	Port Input	14	51104	36820	1
4	Port Input	15	51104	36820	1
4	Port Input	14	51104	36820	1
4	Port Input	15	51105	36821	1
4	Port Input	14	51105	36821	1
4	Port Input	15	51106	36822	1
4	Port Input	14	51106	36822	1
4	Port Input	15	51106	36822	1
4	Port Input	14	51106	36822	1
4	Port Input	15	51107	36823	1
4	Port Input	14	51107	36823	1
4	Port Input	15	51111	36827	1
4	Port Input	14	51111	36827	1
4	Port Input	15	51111	36827	1
4	Port Input	14	51111	36827	1
4	Port Input	15	51111	36827	1
4	Port Input	14	51111	36827	1
4	Port Input	15	51112	36828	1
4	Port Input	14	51112	36828	1
4	Port Input	15	51112	36828	1
4	Port Input	14	51112	36828	1
4	Port Input	15	51112	36828	1
4	Port Input	14	51112	36828	1
4	Port Input	15	51116	36832	1
4	Port Input	14	51116	36832	1
4	Port Input	15	51116	36832	1
4	Port Input	14	51116	36832	1
4	Port Input	15	51117	36833	1
4	Port Input	14	51117	36833	1
4	Port Input	15	51134	36850	1
4	Port Input	14	51134	36850	1
4	Response	10	51134	36850	1
4	Port Input	15	51314	37030	1
4	Port Input	14	51314	37030	1
4	Port Input	15	51315	37031	1
4	Port Input	14	51315	37031	1
4	Port Input	15	51315	37031	1
4	Port Input	14	51315	37031	1
4	Port Input	15	51316	37032	1
4	Port Input	14	51316	37032	1
4	Port Input	15	51316	37032	2
4	Port Input	14	51316	37032	2
4	Port Input	15	51317	37033	1
4	Port Input	14	51317	37033	1
4	Port Input	15	51317	37033	1
4	Port Input	14	51317	37033	1
4	Port Input	15	51317	37033	1
4	Port Input	14	51318	37034	1
4	Port Input	15	51318	37034	1
4	Port Input	14	51318	37034	1
4	Port Input	15	51318	37034	1
4	Port Input	14	51318	37034	1
4	Port Input	15	51318	37034	1
4	Port Input	14	51318	37034	1
4	Port Input	15	51318	37034	1
4	Port Input	14	51318	37034	1
4	Port Input	15	51318	37034	1
4	Port Input	14	51319	37035	1
4	Port Input	15	51319	37035	1
4	Port Input	14	51319	37035	1
4	Port Input	15	51319	37035	1
4	Port Input	14	51319	37035	1
4	Port Input	15	51319	37035	1
4	Port Input	14	51319	37035	1
4	Port Input	15	51319	37035	1
4	Port Input	14	51319	37035	1
4	Port Input	15	51319	37035	1
4	Port Input	14	51319	37035	1
4	Port Input	15	51319	37035	2
4	Port Input	14	51320	37036	1
4	Port Input	15	51320	37036	1
4	Port Input	14	51320	37036	1
4	Port Input	15	51320	37036	1
4	Port Input	14	51320	37036	1
4	Port Input	15	51320	37036	1
4	Port Input	14	55399	41115	1
4	Port Input	15	55399	41115	1
4	Port Input	14	55399	41115	1
4	Port Input	15	55399	41115	1
4	Port Input	14	55399	41115	1
4	Response	10	55399	41115	1
4	Port Input	15	55401	41117	1
4	Port Input	14	55401	41117	1
4	Port Input	15	55401	41117	1
4	Port Input	14	55401	41117	1
4	Port Input	15	55595	41311	1
4	Port Input	14	55595	41311	1
4	Port Input	15	55885	41601	1
4	Port Input	14	55885	41601	1
4	Port Input	15	57642	43358	1
4	Port Input	14	57642	43358	1
4	Response	10	57642	43358	1
4	Port Input	15	57652	43368	1
4	Port Input	14	57652	43368	1
4	Port Input	15	57658	43374	1
4	Port Input	14	57658	43374	1
4	Port Input	15	57665	43381	1
4	Port Input	14	57665	43381	1
4	Port Input	15	57667	43383	1
4	Port Input	14	57667	43383	1
4	Port Input	15	57673	43389	1
4	Port Input	14	57673	43389	1
4	Port Input	15	57679	43395	1
4	Port Input	14	57679	43395	1
4	Port Input	15	57683	43399	1
4	Port Input	14	57683	43399	1
4	Port Input	15	57689	43405	1
4	Port Input	14	57689	43405	1
4	Port Input	15	57694	43410	1
4	Port Input	14	57694	43410	1
4	Port Input	15	57695	43411	1
4	Port Input	14	57695	43411	1
4	Port Input	15	57697	43413	1
4	Port Input	14	57697	43413	1
4	Port Input	15	57699	43415	1
4	Port Input	14	57699	43415	1
4	Port Input	15	57700	43416	2
4	Port Input	14	57701	43417	1
4	Port Input	15	57701	43417	1
4	Port Input	14	57701	43417	1
4	Port Input	15	57705	43421	1
4	Port Input	14	57705	43421	1
4	Port Input	15	57711	43427	1
4	Port Input	14	57711	43427	1
4	Port Input	15	57722	43438	1
4	Port Input	14	57722	43438	1
4	Port Input	15	58063	43779	1
4	Port Input	14	58063	43779	1
4	Port Input	15	58064	43780	1
4	Port Input	14	58064	43780	1
4	Port Input	15	58065	43781	1
4	Port Input	14	58065	43781	1
4	Port Input	15	58066	43782	1
4	Port Input	14	58066	43782	1
4	Port Input	15	58066	43782	1
4	Port Input	14	58066	43782	1
4	Port Input	15	58066	43782	1
4	Port Input	14	58066	43782	2
4	Port Input	15	58067	43783	1
4	Port Input	14	58067	43783	1
4	Port Input	15	58067	43783	1
4	Port Input	14	58067	43783	1
4	Port Input	15	58067	43783	1
4	Port Input	14	58067	43783	1
4	Port Input	15	58067	43783	1
4	Port Input	14	58067	43783	1
4	Port Input	15	58067	43783	1
4	Port Input	14	60126	45842	1
4	Port Input	15	60126	45842	1
4	Port Input	14	60126	45842	1
4	Port Input	15	60126	45842	2
4	Response	10	60126	45842	1
4	Port Input	14	60127	45843	1
4	Port Input	15	60127	45843	1
4	Port Input	14	60127	45843	1
4	Port Input	15	60127	45843	1
4	Port Input	14	60127	45843	1
4	Port Input	15	60127	45843	1
4	Port Input	14	60127	45843	1
4	Port Input	15	60127	45843	1
4	Port Input	14	60127	45843	1
4	Port Input	15	60329	46045	1
4	Port Input	14	60329	46045	1
4	Port Input	15	60330	46046	1
4	Port Input	14	60330	46046	1
4	Port Input	15	60331	46047	1
4	Port Input	14	60331	46047	1
4	Port Input	15	60331	46047	1
4	Port Input	14	60331	46047	1
4	Port Input	15	60333	46049	1
4	Port Input	14	60333	46049	1
4	Port Input	15	60335	46051	1
4	Port Input	14	60335	46051	1
4	Port Input	15	60341	46057	1
4	Port Input	14	60341	46057	1
4	Port Input	15	60358	46074	1
4	Port Input	14	60358	46074	1
4	Port Input	15	61416	47132	1
4	Port Input	14	61416	47132	1
4	Port Input	15	61426	47142	1
4	Port Input	14	61426	47142	1
4	Port Input	15	61449	47165	1
4	Port Input	14	61449	47165	1
4	Port Input	15	61449	47165	1
4	Port Input	14	61449	47165	1
4	Port Input	15	61451	47167	1
4	Port Input	14	61451	47167	1
4	Port Input	15	61455	47171	1
4	Port Input	14	61455	47171	1
4	Port Input	15	61456	47172	1
4	Port Input	14	61456	47172	1
4	Port Input	15	61460	47176	1
4	Port Input	14	61460	47176	1
4	Port Input	15	61460	47176	1
4	Port Input	14	61460	47176	1
4	Port Input	15	61462	47178	1
4	Port Input	14	61462	47178	1
4	Port Input	15	61464	47180	1
4	Port Input	14	61464	47180	1
4	Port Input	15	61467	47183	1
4	Port Input	14	61467	47183	1
4	Port Input	15	61467	47183	1
4	Port Input	14	61467	47183	2
4	Port Input	15	61469	47185	1
4	Port Input	14	61469	47185	1
4	Port Input	15	61469	47185	1
4	Port Input	14	61469	47185	1
4	Port Input	15	61475	47191	1
4	Port Input	14	61475	47191	1
4	Port Input	15	61475	47191	1
4	Port Input	14	61475	47191	1
4	Port Input	15	61478	47194	1
4	Port Input	14	61478	47194	1
4	Port Input	15	61478	47194	1
4	Port Input	14	61478	47194	1
4	Port Input	15	61481	47197	1
4	Port Input	14	61481	47197	1
4	Port Input	15	61483	47199	1
4	Port Input	14	61483	47199	1
4	Port Input	15	61486	47202	1
4	Port Input	14	61486	47202	1
4	Port Input	15	61487	47203	1
4	Port Input	14	61487	47203	1
4	Port Input	15	61489	47205	1
4	Port Input	14	61489	47205	1
4	Port Input	15	61490	47206	1
4	Port Input	14	61490	47206	1
4	Port Input	15	61490	47206	2
4	Port Input	14	61490	47206	2
4	Port Input	15	61491	47207	1
4	Port Input	14	61491	47207	1
4	Port Input	15	61492	47208	1
4	Port Input	14	61492	47208	1
4	Port Input	15	61495	47211	1
4	Port Input	14	61495	47211	1
4	Port Input	15	61496	47212	1
4	Port Input	14	61496	47212	1
4	Port Input	15	61498	47214	1
4	Port Input	14	61498	47214	1
4	Port Input	15	61499	47215	1
4	Port Input	14	61499	47215	1
4	Port Input	15	61503	47219	1
4	Port Input	14	61503	47219	1
4	Port Input	15	61504	47220	1
4	Port Input	14	61504	47220	1
4	Port Input	15	61506	47222	1
4	Port Input	14	61506	47222	1
4	Port Input	15	61507	47223	1
4	Port Input	14	61507	47223	2
4	Port Input	15	61734	47450	1
4	Port Input	14	61734	47450	1
4	Port Input	15	61734	47450	1
4	Port Input	14	61734	47450	1
4	Port Input	15	61734	47450	1
4	Port Input	14	61734	47450	1
4	Port Input	15	61737	47453	1
4	Port Input	14	61737	47453	1
4	Port Input	15	61737	47453	1
4	Port Input	14	61737	47453	1
4	Port Input	15	61761	47477	1
4	Port Input	14	61761	47477	1
4	Port Input	15	61761	47477	2
4	Port Input	14	61762	47478	1
4	Port Input	15	61762	47478	1
4	Port Input	14	61762	47478	1
4	Port Input	15	61762	47478	1
4	Port Input	14	61762	47478	1
4	Port Input	15	61762	47478	1
4	Response	20	65347	51063	1
4	Response	20	68787	54503	1
4	Port Input	14	70420	56136	1
4	Port Input	15	70420	56136	1
4	Response	10	70420	56136	1
4	Port Input	14	70421	56137	1
4	Port Input	15	70421	56137	1
4	Port Input	14	70421	56137	1
4	Port Input	15	70421	56137	1
4	Port Input	14	70421	56137	1
4	Port Input	15	70421	56137	1
4	Port Input	14	70421	56137	1
4	Port Input	15	70421	56137	1
4	Port Input	14	70422	56138	1
4	Port Input	15	70422	56138	1
4	Port Input	14	70422	56138	1
4	Port Input	15	70422	56138	1
4	Port Input	14	70422	56138	1
4	Port Input	15	70422	56138	1
4	Port Input	14	70422	56138	1
4	Port Input	15	70422	56138	1
4	Port Input	14	70422	56138	1
4	Port Input	15	70422	56138	1
4	Port Input	14	70422	56138	1
4	Port Input	15	70423	56139	1
4	Port Input	14	70423	56139	1
4	Port Input	15	70423	56139	1
4	Port Input	14	70423	56139	1
4	Port Input	15	70424	56140	1
4	Port Input	14	70424	56140	1
4	Port Input	15	70424	56140	1
4	Port Input	14	70424	56140	1
4	Port Input	15	70424	56140	1
4	Port Input	14	70424	56140	1
4	Port Input	15	70424	56140	1
4	Port Input	14	70425	56141	1
4	Port Input	15	70425	56141	1
4	Port Input	14	70425	56141	1
4	Port Input	15	70425	56141	1
4	Port Input	14	70425	56141	1
4	Port Input	15	70425	56141	1
4	Port Input	14	70425	56141	2
4	Port Input	15	70426	56142	1
4	Port Input	14	70426	56142	1
4	Port Input	15	70426	56142	1
4	Port Input	14	70426	56142	1
4	Port Input	15	70426	56142	1
4	Port Input	14	70426	56142	1
4	Port Input	15	70426	56142	2
4	Port Input	14	70426	56142	2
4	Port Input	15	70427	56143	1
4	Port Input	14	70427	56143	1
4	Port Input	15	70427	56143	1
4	Port Input	14	70427	56143	1
4	Port Input	15	70427	56143	1
4	Port Input	14	70427	56143	2
4	Port Input	15	70428	56144	1
4	Port Input	14	70428	56144	1
4	Port Input	15	70429	56145	2
4	Port Input	14	70430	56146	1
4	Port Input	15	70430	56146	1
4	Port Input	14	70430	56146	1
4	Port Input	15	70819	56535	1
4	Port Input	14	70819	56535	1
4	Port Input	15	70825	56541	1
4	Port Input	14	70825	56541	1
4	Port Input	15	70829	56545	1
4	Port Input	14	70829	56545	1
4	Port Input	15	70830	56546	1
4	Port Input	14	70830	56546	1
4	Port Input	15	70831	56547	1
4	Port Input	14	70831	56547	1
4	Port Input	15	70831	56547	1
4	Port Input	14	70831	56547	1
4	Port Input	15	70832	56548	1
4	Port Input	14	70832	56548	1
4	Port Input	15	70836	56552	1
4	Port Input	14	70836	56552	1
4	Port Input	15	70841	56557	1
4	Port Input	14	70841	56557	1
4	Port Input	15	70841	56557	1
4	Port Input	14	70841	56557	1
4	Port Input	15	70845	56561	1
4	Port Input	14	70845	56561	1
4	Port Input	15	70852	56568	1
4	Port Input	14	70852	56568	1
4	Port Input	15	70861	56577	1
4	Port Input	14	70861	56577	1
4	Port Input	15	70861	56577	2
4	Port Input	14	70862	56578	1
4	Port Input	15	70867	56583	1
4	Port Input	14	70867	56583	1
4	Port Input	15	70867	56583	1
4	Port Input	14	70867	56583	1
4	Port Input	15	70879	56595	1
4	Port Input	14	70879	56595	1
4	Port Input	15	70886	56602	1
4	Port Input	14	70886	56602	2
4	Port Input	15	70891	56607	1
4	Port Input	14	70891	56607	1
4	Port Input	15	70898	56614	1
4	Port Input	14	70898	56614	1
4	Port Input	15	70901	56617	1
4	Port Input	14	70901	56617	1
4	Port Input	15	70929	56645	1
4	Port Input	14	70929	56645	1
4	Port Input	15	70987	56703	1
4	Port Input	14	70987	56703	1
4	Port Input	15	71713	57429	1
4	Port Input	14	71713	57429	1
4	Port Input	15	71717	57433	1
4	Port Input	14	71717	57433	1
4	Port Input	15	71731	57447	1
4	Port Input	14	71731	57447	1
4	Port Input	15	71754	57470	1
4	Port Input	14	71754	57470	1
4	Port Input	15	71758	57474	1
4	Port Input	14	71758	57474	1
4	Port Input	15	71820	57536	1
4	Port Input	14	71820	57536	1
4	Port Input	15	71824	57540	1
4	Port Input	14	71824	57540	1
4	Port Input	15	71842	57558	1
4	Port Input	14	71842	57558	1
4	Port Input	15	71842	57558	1
4	Port Input	14	71842	57558	1
4	Port Input	15	71842	57558	1
4	Port Input	14	71842	57558	1
4	Port Input	15	71844	57560	1
4	Port Input	14	71844	57560	1
4	Port Input	15	71850	57566	1
4	Port Input	14	71850	57566	1
4	Port Input	15	71850	57566	1
4	Port Input	14	71850	57566	1
4	Port Input	15	71850	57566	1
4	Port Input	14	71850	57566	1
4	Port Input	15	71854	57570	2
4	Port Input	14	71854	57570	2
4	Port Input	15	72051	57767	1
4	Port Input	14	72051	57767	1
4	Port Input	15	72051	57767	1
4	Port Input	14	72051	57767	1
4	Port Input	15	72052	57768	1
4	Port Input	14	72052	57768	1
4	Port Input	15	72053	57769	1
4	Port Input	14	72053	57769	1
4	Port Input	15	72053	57769	1
4	Port Input	14	72053	57769	1
4	Port Input	15	72053	57769	1
4	Port Input	14	72053	57769	1
4	Port Input	15	72053	57769	1
4	Port Input	14	72053	57769	1
4	Port Input	15	72053	57769	1
4	Port Input	14	72053	57769	1
4	Port Input	15	72054	57770	1
4	Port Input	14	72054	57770	1
4	Port Input	15	72054	57770	1
4	Port Input	14	72054	57770	1
4	Port Input	15	72054	57770	1
4	Port Input	14	72054	57770	1
4	Port Input	15	72054	57770	1
4	Port Input	14	72054	57770	1
4	Port Input	15	72054	57770	1
4	Port Input	14	72054	57770	1
4	Port Input	15	72055	57771	1
4	Port Input	14	72055	57771	1
4	Port Input	15	72055	57771	1
4	Port Input	14	72055	57771	1
4	Port Input	15	72055	57771	1
4	Port Input	14	73492	59208	1
4	Response	10	73492	59208	1
4	Port Input	15	75652	61368	1
4	Port Input	14	75652	61368	1
4	Port Input	15	75652	61368	1
4	Port Input	14	75652	61368	1
4	Port Input	15	75652	61368	1
4	Port Input	14	75652	61368	1
4	Port Input	15	75652	61368	1
4	Port Input	14	75652	61368	1
4	Port Input	15	75652	61368	2
4	Response	10	75652	61368	1
4	Port Input	14	75653	61369	1
4	Port Input	15	75653	61369	1
4	Port Input	14	75653	61369	1
4	Port Input	15	75653	61369	1
4	Port Input	14	75653	61369	1
4	Port Input	15	75654	61370	1
4	Port Input	14	75654	61370	1
4	Port Input	15	75655	61371	1
4	Port Input	14	75655	61371	1
4	Port Input	15	75655	61371	1
4	Port Input	14	75655	61371	1
4	Port Input	15	75655	61371	1
4	Port Input	14	75655	61371	1
4	Port Input	15	75655	61371	1
4	Port Input	14	83924	69640	1
4	Response	10	83924	69640	1
4	Port Input	15	84216	69932	1
4	Port Input	14	84216	69932	1
4	Port Input	15	84220	69936	1
4	Port Input	14	84220	69936	1
4	Port Input	15	84234	69950	1
4	Port Input	14	84234	69950	1
4	Port Input	15	84252	69968	1
4	Port Input	14	84252	69968	1
4	Port Input	15	84320	70036	1
4	Port Input	14	84320	70036	1
4	Port Input	15	85893	71609	1
4	Port Input	14	85893	71609	1
4	Port Input	15	85894	71610	1
4	Port Input	14	85894	71610	1
4	Port Input	15	85897	71613	1
4	Port Input	14	85897	71613	1
4	Port Input	15	85899	71615	1
4	Port Input	14	85899	71615	1
4	Port Input	15	85900	71616	1
4	Port Input	14	85900	71616	1
4	Port Input	15	85900	71616	1
4	Port Input	14	85900	71616	1
4	Port Input	15	85901	71617	1
4	Port Input	14	85901	71617	1
4	Port Input	15	85903	71619	2
4	Port Input	14	85904	71620	1
4	Port Input	15	85906	71622	1
4	Port Input	14	85906	71622	1
4	Port Input	15	85908	71624	1
4	Port Input	14	85908	71624	1
4	Port Input	15	85908	71624	1
4	Port Input	14	85908	71624	1
4	Port Input	15	85909	71625	1
4	Port Input	14	85909	71625	1
4	Port Input	15	85911	71627	1
4	Port Input	14	85911	71627	1
4	Port Input	15	85911	71627	1
4	Port Input	14	85911	71627	1
4	Port Input	15	85919	71635	1
4	Port Input	14	85919	71635	1
4	Port Input	15	85920	71636	1
4	Port Input	14	85920	71636	1
4	Port Input	15	85921	71637	1
4	Port Input	14	85921	71637	1
4	Port Input	15	85922	71638	1
4	Port Input	14	85922	71638	1
4	Port Input	15	85924	71640	1
4	Port Input	14	85924	71640	1
4	Port Input	15	85925	71641	1
4	Port Input	14	85925	71641	1
4	Response	10	85925	71641	1
4	Port Input	15	85929	71645	1
4	Port Input	14	85929	71645	1
4	Port Input	15	85930	71646	1
4	Port Input	14	85930	71646	1
4	Port Input	15	85932	71648	1
4	Port Input	14	85932	71648	1
4	Port Input	15	85934	71650	1
4	Port Input	14	85934	71650	1
4	Port Input	15	85934	71650	1
4	Port Input	14	85934	71650	1
4	Port Input	15	85939	71655	1
4	Port Input	14	85939	71655	1
4	Port Input	15	85940	71656	1
4	Port Input	14	85940	71656	1
4	Port Input	15	85942	71658	1
4	Port Input	14	85942	71658	1
4	Port Input	15	85945	71661	1
4	Port Input	14	85945	71661	1
4	Port Input	15	85947	71663	1
4	Port Input	14	85947	71663	1
4	Port Input	15	85949	71665	1
4	Port Input	14	85949	71665	1
4	Port Input	15	85950	71666	1
4	Port Input	14	85950	71666	2
4	Port Input	15	85957	71673	1
4	Port Input	14	85957	71673	1
4	Port Input	15	85957	71673	1
4	Port Input	14	85957	71673	1
4	Port Input	15	85958	71674	1
4	Port Input	14	85958	71674	1
4	Port Input	15	85958	71674	1
4	Port Input	14	85958	71674	1
4	Port Input	15	85959	71675	1
4	Port Input	14	85959	71675	1
4	Port Input	15	85960	71676	1
4	Port Input	14	85960	71676	1
4	Port Input	15	85963	71679	1
4	Port Input	14	85963	71679	1
4	Port Input	15	85965	71681	1
4	Port Input	14	85965	71681	1
4	Port Input	15	85966	71682	1
4	Port Input	14	85966	71682	1
4	Port Input	15	85968	71684	1
4	Port Input	14	85968	71684	1
4	Port Input	15	85968	71684	1
4	Port Input	14	85968	71684	1
4	Port Input	15	85980	71696	1
4	Port Input	14	85980	71696	1
4	Port Input	15	85982	71698	1
4	Port Input	14	85982	71698	1
4	Port Input	15	85984	71700	1
4	Port Input	14	85984	71700	1
4	Port Input	15	85985	71701	1
4	Port Input	14	85985	71701	1
4	Port Input	15	85986	71702	1
4	Port Input	14	85986	71702	1
4	Port Input	15	85987	71703	1
4	Port Input	14	85987	71703	1
4	Port Input	15	85995	71711	1
4	Port Input	14	85995	71711	1
4	Port Input	15	85998	71714	1
4	Port Input	14	85998	71714	1
4	Port Input	15	86029	71745	1
4	Port Input	14	86029	71745	1
4	Port Input	15	86063	71779	1
4	Port Input	14	86063	71779	1
4	Port Input	15	86068	71784	1
4	Port Input	14	86068	71784	1
4	Port Input	15	86365	72081	1
4	Port Input	14	86365	72081	1
4	Port Input	15	86365	72081	1
4	Port Input	14	86365	72081	1
4	Port Input	15	86366	72082	1
4	Port Input	14	86366	72082	1
4	Port Input	15	86366	72082	1
4	Port Input	14	86366	72082	1
4	Port Input	15	86366	72082	1
4	Port Input	14	86366	72082	1
4	Port Input	15	86366	72082	1
4	Port Input	14	86366	72082	1
4	Port Input	15	86367	72083	1
4	Port Input	14	86367	72083	1
4	Port Input	15	86367	72083	1
4	Port Input	14	86367	72083	1
4	Port Input	15	86367	72083	1
4	Port Input	14	86367	72083	1
4	Port Input	15	86368	72084	1
4	Port Input	14	86368	72084	1
4	Port Input	15	86370	72086	1
4	Port Input	14	86370	72086	1
4	Port Input	15	86370	72086	1
4	Port Input	14	86370	72086	1
4	Port Input	15	86371	72087	1
4	Port Input	14	86371	72087	1
4	Port Input	15	86371	72087	1
4	Port Input	14	88699	74415	1
4	Port Input	15	88699	74415	1
4	Port Input	14	88699	74415	1
4	Port Input	15	88699	74415	1
4	Port Input	14	88699	74415	1
4	Response	10	88699	74415	1
4	Port Input	15	88701	74417	1
4	Port Input	14	88701	74417	1
4	Port Input	15	88701	74417	1
4	Port Input	14	88701	74417	1
4	Port Input	15	88701	74417	1
4	Port Input	14	88701	74417	1
4	Port Input	15	88701	74417	2
4	Port Input	14	88702	74418	1
4	Port Input	15	88702	74418	1
4	Port Input	14	88702	74418	1
4	Port Input	15	88702	74418	1
4	Port Input	14	88702	74418	1
4	Port Input	15	88702	74418	1
4	Port Input	14	88702	74418	1
4	Port Input	15	88702	74418	1
4	Port Input	14	88702	74418	1
4	Port Input	15	88702	74418	2
4	Port Input	14	88703	74419	1
4	Port Input	15	88703	74419	1
4	Port Input	14	88703	74419	1
4	Port Input	15	88703	74419	1
4	Port Input	14	88703	74419	1
4	Port Input	15	88703	74419	1
4	Port Input	14	88703	74419	1
4	Port Input	15	88703	74419	1
4	Port Input	14	88703	74419	1
4	Port Input	15	88703	74419	1
4	Port Input	14	88703	74419	1
4	Port Input	15	88703	74419	1
4	Port Input	14	88703	74419	1
4	Port Input	15	88731	74447	1
4	Port Input	14	88731	74447	1
4	Port Input	15	88765	74481	1
4	Port Input	14	88765	74481	1
4	Port Input	15	88767	74483	1
4	Port Input	14	88767	74483	1
4	Port Input	15	88767	74483	1
4	Port Input	14	88767	74483	1
4	Port Input	15	88767	74483	1
4	Port Input	14	88767	74483	1
4	Port Input	15	88767	74483	1
4	Port Input	14	88767	74483	1
4	Port Input	15	88767	74483	1
4	Port Input	14	88767	74483	1
4	Port Input	15	88768	74484	1
4	Port Input	14	88768	74484	1
4	Port Input	15	88768	74484	1
4	Port Input	14	88768	74484	1
4	Port Input	15	88768	74484	1
4	Port Input	14	88768	74484	1
4	Port Input	15	88768	74484	1
4	Port Input	14	88768	74484	1
4	Port Input	15	88768	74484	1
4	Port Input	14	88768	74484	1
4	Port Input	15	88768	74484	1
4	Port Input	14	88768	74484	1
4	Port Input	15	88768	74484	1
4	Port Input	14	88768	74484	2
4	Port Input	15	88769	74485	1
4	Port Input	14	88769	74485	1
4	Port Input	15	88769	74485	1
4	Port Input	14	88769	74485	1
4	Port Input	15	88769	74485	1
4	Port Input	14	88769	74485	1
4	Port Input	15	88769	74485	1
4	Port Input	14	88769	74485	1
4	Port Input	15	88769	74485	1
4	Port Input	14	88769	74485	1
4	Port Input	15	88769	74485	1
4	Port Input	14	88769	74485	1
4	Port Input	15	88769	74485	2
4	Port Input	14	88770	74486	1
4	Port Input	15	88770	74486	1
4	Port Input	14	88770	74486	1
4	Port Input	15	88770	74486	1
4	Port Input	14	88770	74486	1
4	Port Input	15	88770	74486	1
4	Port Input	14	88770	74486	1
4	Port Input	15	88770	74486	1
4	Port Input	14	88770	74486	1
4	Port Input	15	88770	74486	1
4	Port Input	14	88770	74486	1
4	Port Input	15	88771	74487	1
4	Port Input	14	88771	74487	1
4	Port Input	15	88771	74487	1
4	Port Input	14	88771	74487	1
4	Port Input	15	88771	74487	1
4	Port Input	14	88771	74487	1
4	Port Input	15	88771	74487	1
4	Port Input	14	88771	74487	1
4	Port Input	15	88771	74487	1
4	Port Input	14	88771	74487	1
4	Port Input	15	88772	74488	1
4	Port Input	14	88772	74488	1
4	Port Input	15	88772	74488	1
4	Port Input	14	88772	74488	1
4	Port Input	15	88773	74489	1
4	Port Input	14	88773	74489	1
4	Port Input	15	88773	74489	1
4	Port Input	14	88773	74489	1
4	Port Input	15	88773	74489	1
4	Port Input	14	88773	74489	1
4	Port Input	15	88885	74601	1
4	Port Input	14	88885	74601	1
4	Port Input	15	88896	74612	1
4	Port Input	14	88896	74612	1
4	Port Input	15	88898	74614	1
4	Port Input	14	88898	74614	1
4	Port Input	15	88899	74615	1
4	Port Input	14	88899	74615	1
4	Port Input	15	88909	74625	1
4	Port Input	14	88909	74625	1
4	Port Input	15	88910	74626	1
4	Port Input	14	88911	74627	1
4	Port Input	15	88911	74627	1
4	Port Input	14	88911	74627	1
4	Port Input	15	88913	74629	1
4	Port Input	14	88913	74629	1
4	Port Input	15	88914	74630	1
4	Port Input	14	88914	74630	1
4	Port Input	15	88914	74630	1
4	Port Input	14	88914	74630	1
4	Port Input	15	88926	74642	1
4	Port Input	14	88926	74642	1
4	Port Input	15	88926	74642	1
4	Port Input	14	88926	74642	1
4	Port Input	15	88927	74643	1
4	Port Input	14	88927	74643	1
4	Port Input	15	88928	74644	1
4	Port Input	14	88928	74644	1
4	Port Input	15	88928	74644	1
4	Port Input	14	88928	74644	1
4	Port Input	15	88928	74644	2
4	Port Input	14	88929	74645	1
4	Port Input	15	88930	74646	1
4	Port Input	14	88930	74646	1
4	Port Input	15	88930	74646	1
4	Port Input	14	88930	74646	1
4	Port Input	15	88933	74649	1
4	Port Input	14	88933	74649	1
4	Port Input	15	88934	74650	1
4	Port Input	14	88934	74650	1
4	Port Input	15	88934	74650	1
4	Port Input	14	88934	74650	1
4	Port Input	15	88936	74652	1
4	Port Input	14	88936	74652	1
4	Port Input	15	88936	74652	1
4	Port Input	14	88936	74652	1
4	Port Input	15	88937	74653	1
4	Port Input	14	88937	74653	1
4	Port Input	15	88937	74653	1
4	Port Input	14	88937	74653	1
4	Port Input	15	88940	74656	1
4	Port Input	14	88940	74656	1
4	Port Input	15	88941	74657	1
4	Port Input	14	88941	74657	1
4	Port Input	15	88942	74658	1
4	Port Input	14	88942	74658	1
4	Port Input	15	88945	74661	2
4	Port Input	14	88946	74662	1
4	Port Input	15	88957	74673	1
4	Port Input	14	88957	74673	1
4	Port Input	15	88962	74678	1
4	Port Input	14	88962	74678	1
4	Port Input	15	88963	74679	1
4	Port Input	14	88963	74679	1
4	Port Input	15	88983	74699	1
4	Port Input	14	88983	74699	1
4	Port Input	15	88991	74707	1
4	Port Input	14	88991	74707	1
4	Port Input	15	88997	74713	1
4	Port Input	14	88997	74713	1
4	Port Input	15	89045	74761	1
4	Port Input	14	89045	74761	1
4	Port Input	15	89377	75093	1
4	Port Input	14	89377	75093	1
4	Port Input	15	89428	75144	1
4	Port Input	14	89428	75144	1
4	Port Input	15	89460	75176	1
4	Port Input	14	89460	75176	1
4	Port Input	15	89467	75183	2
4	Port Input	14	89467	75183	2
4	Port Input	15	89472	75188	1
4	Port Input	14	89472	75188	1
4	Port Input	15	89532	75248	2
4	Port Input	14	89533	75249	1
4	Port Input	15	89538	75254	1
4	Port Input	14	89538	75254	2
4	Port Input	15	89563	75279	2
4	Port Input	14	89563	75279	2
4	Port Input	15	89669	75385	1
4	Port Input	14	89669	75385	1
4	Port Input	15	89712	75428	1
4	Port Input	14	89712	75428	1
4	Port Input	15	89732	75448	1
4	Port Input	14	89732	75448	1
4	Port Input	15	89733	75449	1
4	Port Input	14	89733	75449	1
4	Port Input	15	89744	75460	1
4	Port Input	14	89744	75460	1
4	Port Input	15	89775	75491	1
4	Port Input	14	89775	75491	1
4	Port Input	15	89776	75492	1
4	Port Input	14	89776	75492	1
4	Port Input	15	89782	75498	1
4	Port Input	14	89782	75498	1
4	Port Input	15	89787	75503	1
4	Port Input	14	89787	75503	1
4	Port Input	15	89790	75506	1
4	Port Input	14	89790	75506	1
4	Port Input	15	89792	75508	1
4	Port Input	14	89792	75508	1
4	Port Input	15	89815	75531	1
4	Port Input	14	89815	75531	1
4	Port Input	15	89818	75534	1
4	Port Input	14	89818	75534	1
4	Port Input	15	89839	75555	1
4	Port Input	14	89839	75555	1
4	Port Input	15	89846	75562	1
4	Port Input	14	89846	75562	1
4	Port Input	15	89851	75567	1
4	Port Input	14	89851	75567	1
4	Port Input	15	89852	75568	1
4	Port Input	14	89852	75568	1
4	Port Input	15	89857	75573	1
4	Port Input	14	89858	75574	1
4	Port Input	15	89866	75582	1
4	Port Input	14	89866	75582	1
4	Port Input	15	89876	75592	1
4	Port Input	14	89876	75592	1
4	Port Input	15	89878	75594	1
4	Port Input	14	89878	75594	1
4	Port Input	15	89883	75599	1
4	Port Input	14	89883	75599	1
4	Port Input	15	89886	75602	1
4	Port Input	14	89886	75602	1
4	Port Input	15	89892	75608	1
4	Port Input	14	89892	75608	1
4	Port Input	15	89894	75610	1
4	Port Input	14	89894	75610	1
4	Port Input	15	89896	75612	1
4	Port Input	14	89896	75612	1
4	Port Input	15	89896	75612	1
4	Port Input	14	89896	75612	1
4	Port Input	15	89897	75613	1
4	Port Input	14	89897	75613	1
4	Port Input	15	89899	75615	1
4	Port Input	14	89899	75615	1
4	Port Input	15	89903	75619	1
4	Port Input	14	89903	75619	1
4	Port Input	15	89906	75622	1
4	Port Input	14	89906	75622	1
4	Port Input	15	89907	75623	1
4	Port Input	14	89907	75623	1
4	Port Input	15	89909	75625	1
4	Port Input	14	89909	75625	2
4	Port Input	15	89913	75629	1
4	Port Input	14	89913	75629	1
4	Port Input	15	89918	75634	1
4	Port Input	14	89918	75634	2
4	Port Input	15	89921	75637	1
4	Port Input	14	89921	75637	1
4	Port Input	15	89922	75638	1
4	Port Input	14	89922	75638	1
4	Port Input	15	89923	75639	1
4	Port Input	14	89923	75639	1
4	Port Input	15	89927	75643	1
4	Port Input	14	89927	75643	1
4	Port Input	15	89934	75650	1
4	Port Input	14	89934	75650	1
4	Port Input	15	89935	75651	1
4	Port Input	14	89935	75651	1
4	Port Input	15	89947	75663	1
4	Port Input	14	89947	75663	1
4	Port Input	15	89956	75672	1
4	Port Input	14	89956	75672	1
4	Port Input	15	89957	75673	1
4	Port Input	14	89957	75673	1
4	Port Input	15	89961	75677	1
4	Port Input	14	89961	75677	1
4	Port Input	15	89963	75679	1
4	Port Input	14	89963	75679	1
4	Port Input	15	89971	75687	2
4	Port Input	14	89971	75687	2
4	Port Input	15	89995	75711	1
4	Port Input	14	89995	75711	1
4	Port Input	15	89998	75714	1
4	Port Input	14	89998	75714	1
4	Port Input	15	89999	75715	1
4	Port Input	14	89999	75715	1
4	Port Input	15	90002	75718	1
4	Port Input	14	90002	75718	2
4	Port Input	15	90018	75734	1
4	Port Input	14	90018	75734	1
4	Port Input	15	90018	75734	2
4	Port Input	14	90019	75735	1
4	Port Input	15	90020	75736	1
4	Port Input	14	90020	75736	1
4	Port Input	15	90020	75736	1
4	Port Input	14	90020	75736	1
4	Port Input	15	90021	75737	1
4	Port Input	14	90021	75737	1
4	Port Input	15	90022	75738	1
4	Port Input	14	90022	75738	1
4	Port Input	15	90022	75738	1
4	Port Input	14	90022	75738	1
4	Port Input	15	90023	75739	1
4	Port Input	14	90023	75739	1
4	Port Input	15	90027	75743	1
4	Port Input	14	90027	75743	1
4	Port Input	15	90028	75744	1
4	Port Input	14	90028	75744	1
4	Port Input	15	90031	75747	1
4	Port Input	14	90031	75747	1
4	Port Input	15	90033	75749	1
4	Port Input	14	90033	75749	1
4	Port Input	15	90034	75750	1
4	Port Input	14	90034	75750	1
4	Port Input	15	90035	75751	1
4	Port Input	14	90035	75751	1
4	Port Input	15	90037	75753	1
4	Port Input	14	90037	75753	1
4	Port Input	15	90037	75753	1
4	Port Input	14	90037	75753	1
4	Port Input	15	90038	75754	1
4	Port Input	14	90038	75754	1
4	Port Input	15	90038	75754	1
4	Port Input	14	90038	75754	1
4	Port Input	15	90040	75756	1
4	Port Input	14	90040	75756	1
4	Port Input	15	90040	75756	2
4	Port Input	14	90040	75756	2
4	Port Input	15	90041	75757	1
4	Port Input	14	90041	75757	1
4	Port Input	15	90041	75757	2
4	Port Input	14	90041	75757	2
4	Port Input	15	90042	75758	1
4	Port Input	14	90042	75758	1
4	Port Input	15	90046	75762	1
4	Port Input	14	90046	75762	1
4	Port Input	15	90046	75762	1
4	Port Input	14	90046	75762	1
4	Port Input	15	90048	75764	1
4	Port Input	14	90048	75764	2
4	Port Input	15	90049	75765	1
4	Port Input	14	90049	75765	1
4	Port Input	15	90049	75765	1
4	Port Input	14	90049	75765	1
4	Port Input	15	90049	75765	1
4	Port Input	14	90049	75765	1
4	Port Input	15	90050	75766	1
4	Port Input	14	90050	75766	1
4	Port Input	15	90050	75766	1
4	Port Input	14	90050	75766	1
4	Port Input	15	90050	75766	1
4	Port Input	14	90050	75766	1
4	Port Input	15	90050	75766	1
4	Port Input	14	90050	75766	1
4	Port Input	15	90051	75767	1
4	Port Input	14	90051	75767	1
4	Port Input	15	90051	75767	1
4	Port Input	14	90051	75767	1
4	Port Input	15	90053	75769	1
4	Port Input	14	90053	75769	1
4	Port Input	15	90053	75769	2
4	Port Input	14	90053	75769	2
4	Port Input	15	90054	75770	1
4	Port Input	14	90054	75770	1
4	Port Input	15	90057	75773	1
4	Port Input	14	90057	75773	1
4	Port Input	15	90058	75774	1
4	Port Input	14	90058	75774	1
4	Port Input	15	90058	75774	1
4	Port Input	14	90058	75774	1
4	Port Input	15	90059	75775	1
4	Port Input	14	90059	75775	1
4	Port Input	15	90062	75778	1
4	Port Input	14	90062	75778	1
4	Port Input	15	90065	75781	1
4	Port Input	14	90065	75781	1
4	Port Input	15	90138	75854	1
4	Port Input	14	90138	75854	1
4	Port Input	15	90138	75854	1
4	Port Input	14	90138	75854	1
4	Port Input	15	90145	75861	1
4	Port Input	14	90145	75861	1
4	Port Input	15	90145	75861	1
4	Port Input	14	90145	75861	1
4	Port Input	15	90145	75861	2
4	Port Input	14	90146	75862	1
4	Port Input	15	90146	75862	1
4	Port Input	14	90146	75862	1
4	Port Input	15	90146	75862	1
4	Port Input	14	90146	75862	1
4	Port Input	15	90146	75862	1
4	Port Input	14	90146	75862	1
4	Port Input	15	90146	75862	1
4	Port Input	14	90146	75862	1
4	Port Input	15	90147	75863	1
4	Port Input	14	90147	75863	1
4	Port Input	15	90147	75863	1
4	Port Input	14	92501	78217	1
4	Response	10	92501	78217	1
4	Port Input	15	92567	78283	1
4	Port Input	14	92567	78283	1
4	Port Input	15	92568	78284	1
4	Port Input	14	92568	78284	1
4	Port Input	15	92568	78284	1
4	Port Input	14	92568	78284	1
4	Port Input	15	92568	78284	1
4	Port Input	14	92568	78284	2
4	Port Input	15	92569	78285	1
4	Port Input	14	92569	78285	1
4	Port Input	15	92569	78285	1
4	Port Input	14	92569	78285	1
4	Port Input	15	92572	78288	1
4	Port Input	14	92572	78288	1
4	Port Input	15	92573	78289	1
4	Port Input	14	92573	78289	1
4	Port Input	15	92573	78289	2
4	Port Input	14	92574	78290	1
4	Port Input	15	92574	78290	1
4	Port Input	14	92574	78290	1
4	Port Input	15	92574	78290	1
4	Port Input	14	92574	78290	1
4	Port Input	15	92574	78290	1
4	Port Input	14	92574	78290	1
4	Port Input	15	92574	78290	1
4	Port Input	14	92574	78290	1
4	Port Input	15	92574	78290	1
4	Port Input	14	92574	78290	2
4	Port Input	15	92575	78291	1
4	Port Input	14	92575	78291	1
4	Port Input	15	92575	78291	1
4	Port Input	14	92575	78291	1
4	Port Input	15	92576	78292	1
4	Port Input	14	92576	78292	1
4	Port Input	15	92576	78292	1
4	Port Input	14	92576	78292	1
4	Port Input	15	92579	78295	1
4	Port Input	14	92579	78295	1
4	Port Input	15	92583	78299	1
4	Port Input	14	92583	78299	1
4	Port Input	15	92584	78300	1
4	Port Input	14	92584	78300	1
4	Port Input	15	92584	78300	1
4	Port Input	14	92584	78300	1
4	Port Input	15	92585	78301	1
4	Port Input	14	92585	78301	1
4	Port Input	15	92585	78301	1
4	Port Input	14	92585	78301	1
4	Port Input	15	92587	78303	1
4	Port Input	14	92587	78303	2
4	Port Input	15	92599	78315	1
4	Port Input	14	92599	78315	1
4	Port Input	15	92601	78317	1
4	Port Input	14	92601	78317	1
4	Port Input	15	92605	78321	1
4	Port Input	14	92605	78321	1
4	Port Input	15	92605	78321	1
4	Port Input	14	92605	78321	1
4	Port Input	15	92608	78324	1
4	Port Input	14	92608	78324	1
4	Port Input	15	92609	78325	1
4	Port Input	14	92609	78325	1
4	Port Input	15	92622	78338	1
4	Port Input	14	92622	78338	1
4	Port Input	15	92623	78339	1
4	Port Input	14	92623	78339	1
4	Port Input	15	92627	78343	1
4	Port Input	14	92627	78343	2
4	Port Input	15	92631	78347	1
4	Port Input	14	92631	78347	1
4	Port Input	15	92631	78347	1
4	Port Input	14	92631	78347	1
4	Port Input	15	92632	78348	1
4	Port Input	14	92632	78348	1
4	Port Input	15	92632	78348	1
4	Port Input	14	92632	78348	1
4	Port Input	15	92633	78349	1
4	Port Input	14	92633	78349	1
4	Port Input	15	92635	78351	1
4	Port Input	14	92635	78351	1
4	Port Input	15	92635	78351	1
4	Port Input	14	92635	78351	1
4	Port Input	15	92636	78352	1
4	Port Input	14	92636	78352	1
4	Port Input	15	92637	78353	1
4	Port Input	14	92638	78354	1
4	Port Input	15	92640	78356	1
4	Port Input	14	92640	78356	1
4	Port Input	15	92645	78361	1
4	Port Input	14	92645	78361	1
4	Port Input	15	92646	78362	1
4	Port Input	14	92646	78362	1
4	Port Input	15	92646	78362	1
4	Port Input	14	92646	78362	1
4	Port Input	15	92647	78363	1
4	Port Input	14	92647	78363	1
4	Port Input	15	92649	78365	1
4	Port Input	14	92649	78365	1
4	Port Input	15	92650	78366	1
4	Port Input	14	92650	78366	1
4	Port Input	15	92650	78366	1
4	Port Input	14	92650	78366	1
4	Port Input	15	92652	78368	1
4	Port Input	14	92652	78368	1
4	Port Input	15	92654	78370	1
4	Port Input	14	92654	78370	1
4	Port Input	15	92655	78371	1
4	Port Input	14	92655	78371	1
4	Port Input	15	92655	78371	1
4	Port Input	14	92655	78371	1
4	Port Input	15	92657	78373	1
4	Port Input	14	92657	78373	1
4	Port Input	15	92657	78373	1
4	Port Input	14	92657	78373	1
4	Port Input	15	92658	78374	1
4	Port Input	14	92658	78374	1
4	Port Input	15	92660	78376	1
4	Port Input	14	92660	78376	1
4	Port Input	15	92660	78376	1
4	Port Input	14	92660	78376	1
4	Port Input	15	92662	78378	1
4	Port Input	14	92662	78378	1
4	Port Input	15	92662	78378	1
4	Port Input	14	92662	78378	1
4	Port Input	15	92663	78379	1
4	Port Input	14	92663	78379	1
4	Port Input	15	92663	78379	1
4	Port Input	14	92663	78379	1
4	Port Input	15	92663	78379	2
4	Port Input	14	92664	78380	1
4	Port Input	15	92664	78380	1
4	Port Input	14	92664	78380	1
4	Port Input	15	92665	78381	1
4	Port Input	14	92665	78381	1
4	Port Input	15	92665	78381	1
4	Port Input	14	92665	78381	1
4	Port Input	15	92666	78382	1
4	Port Input	14	92666	78382	1
4	Port Input	15	92666	78382	1
4	Port Input	14	92666	78382	1
4	Port Input	15	92667	78383	1
4	Port Input	14	92667	78383	1
4	Port Input	15	92667	78383	1
4	Port Input	14	92667	78383	1
4	Port Input	15	92667	78383	2
4	Port Input	14	92667	78383	2
4	Port Input	15	92668	78384	1
4	Port Input	14	92668	78384	1
4	Port Input	15	92668	78384	1
4	Port Input	14	92668	78384	1
4	Port Input	15	92668	78384	1
4	Port Input	14	92668	78384	1
4	Port Input	15	92669	78385	1
4	Port Input	14	92669	78385	1
4	Port Input	15	92669	78385	1
4	Port Input	14	92669	78385	1
4	Port Input	15	92669	78385	1
4	Port Input	14	92669	78385	1
4	Port Input	15	92670	78386	1
4	Port Input	14	92670	78386	1
4	Port Input	15	92670	78386	2
4	Port Input	14	92671	78387	1
4	Port Input	15	92671	78387	1
4	Port Input	14	92671	78387	1
4	Port Input	15	92671	78387	1
4	Port Input	14	92671	78387	1
4	Port Input	15	92671	78387	1
4	Port Input	14	92671	78387	1
4	Port Input	15	92671	78387	1
4	Port Input	14	92671	78387	1
4	Port Input	15	92671	78387	2
4	Port Input	14	92672	78388	1
4	Port Input	15	92672	78388	1
4	Port Input	14	92672	78388	1
4	Port Input	15	92673	78389	1
4	Port Input	14	92673	78389	1
4	Port Input	15	92673	78389	1
4	Port Input	14	92673	78389	1
4	Port Input	15	92673	78389	1
4	Port Input	14	92673	78389	1
4	Port Input	15	92673	78389	1
4	Port Input	14	92673	78389	1
4	Port Input	15	92673	78389	1
4	Port Input	14	92673	78389	1
4	Port Input	15	92674	78390	1
4	Port Input	14	92674	78390	1
4	Port Input	15	92674	78390	1
4	Port Input	14	92674	78390	1
4	Port Input	15	92674	78390	1
4	Port Input	14	92674	78390	2
4	Port Input	15	92675	78391	1
4	Port Input	14	92675	78391	1
4	Port Input	15	92676	78392	1
4	Port Input	14	92676	78392	1
4	Port Input	15	92677	78393	1
4	Port Input	14	92677	78393	1
4	Port Input	15	92677	78393	1
4	Port Input	14	92677	78393	1
4	Port Input	15	92678	78394	1
4	Port Input	14	92678	78394	1
4	Port Input	15	92678	78394	1
4	Port Input	14	92678	78394	1
4	Port Input	15	92678	78394	1
4	Port Input	14	92678	78394	1
4	Port Input	15	92678	78394	1
4	Port Input	14	92678	78394	1
4	Port Input	15	92678	78394	1
4	Port Input	14	92678	78394	1
4	Port Input	15	92678	78394	2
4	Port Input	14	92679	78395	1
4	Port Input	15	92679	78395	1
4	Port Input	14	92679	78395	1
4	Port Input	15	92679	78395	1
4	Port Input	14	92679	78395	1
4	Port Input	15	92679	78395	1
4	Port Input	14	92679	78395	1
4	Port Input	15	92680	78396	1
4	Port Input	14	92680	78396	1
4	Port Input	15	92680	78396	1
4	Port Input	14	92680	78396	1
4	Port Input	15	92681	78397	1
4	Port Input	14	92681	78397	1
4	Port Input	15	92681	78397	1
4	Port Input	14	92681	78397	1
4	Port Input	15	92681	78397	1
4	Port Input	14	92681	78397	1
4	Port Input	15	92681	78397	1
4	Port Input	14	92681	78397	1
4	Port Input	15	92681	78397	1
4	Port Input	14	92681	78397	2
4	Port Input	15	92682	78398	1
4	Port Input	14	92682	78398	1
4	Port Input	15	92682	78398	1
4	Port Input	14	92682	78398	1
4	Port Input	15	92682	78398	1
4	Port Input	14	92682	78398	1
4	Port Input	15	92683	78399	1
4	Port Input	14	92683	78399	1
4	Port Input	15	92683	78399	1
4	Port Input	14	92683	78399	1
4	Port Input	15	92683	78399	1
4	Port Input	14	92683	78399	1
4	Port Input	15	92683	78399	1
4	Port Input	14	92683	78399	2
4	Port Input	15	92684	78400	1
4	Port Input	14	92684	78400	1
4	Port Input	15	92684	78400	1
4	Port Input	14	92684	78400	1
4	Port Input	15	92684	78400	1
4	Port Input	14	92684	78400	1
4	Port Input	15	92685	78401	1
4	Port Input	14	92685	78401	1
4	Port Input	15	92685	78401	1
4	Port Input	14	92685	78401	2
4	Port Input	15	92686	78402	1
4	Port Input	14	92686	78402	1
4	Port Input	15	92686	78402	1
4	Port Input	14	92686	78402	1
4	Port Input	15	92686	78402	1
4	Port Input	14	92686	78402	1
4	Port Input	15	92686	78402	1
4	Port Input	14	92687	78403	1
4	Port Input	15	92687	78403	1
4	Port Input	14	92687	78403	1
4	Port Input	15	92687	78403	1
4	Port Input	14	92687	78403	1
4	Port Input	15	92687	78403	1
4	Port Input	14	92687	78403	2
4	Port Input	15	92688	78404	1
4	Port Input	14	92688	78404	1
4	Port Input	15	92688	78404	1
4	Port Input	14	92688	78404	1
4	Port Input	15	92688	78404	2
4	Port Input	14	92689	78405	1
4	Port Input	15	92689	78405	1
4	Port Input	14	92689	78405	1
4	Port Input	15	92689	78405	1
4	Port Input	14	92689	78405	1
4	Port Input	15	92689	78405	1
4	Port Input	14	92689	78405	2
4	Port Input	15	92690	78406	1
4	Port Input	14	92690	78406	1
4	Port Input	15	92690	78406	1
4	Port Input	14	92690	78406	1
4	Port Input	15	92690	78406	1
4	Port Input	14	92691	78407	1
4	Port Input	15	92691	78407	1
4	Port Input	14	92691	78407	1
4	Port Input	15	92691	78407	1
4	Port Input	14	92691	78407	1
4	Port Input	15	92691	78407	1
4	Port Input	14	92691	78407	1
4	Port Input	15	92692	78408	1
4	Port Input	14	92692	78408	1
4	Port Input	15	92692	78408	1
4	Port Input	14	92692	78408	1
4	Port Input	15	92692	78408	1
4	Port Input	14	92692	78408	1
4	Port Input	15	92692	78408	1
4	Port Input	14	92692	78408	1
4	Port Input	15	92692	78408	1
4	Port Input	14	92692	78408	1
4	Port Input	15	92693	78409	1
4	Port Input	14	92693	78409	1
4	Port Input	15	92693	78409	1
4	Port Input	14	92693	78409	1
4	Port Input	15	92693	78409	1
4	Port Input	14	92693	78409	1
4	Port Input	15	92693	78409	1
4	Port Input	14	92694	78410	1
4	Port Input	15	92694	78410	1
4	Port Input	14	92694	78410	1
4	Port Input	15	92694	78410	1
4	Port Input	14	92694	78410	1
4	Port Input	15	92694	78410	1
4	Port Input	14	92694	78410	1
4	Port Input	15	92695	78411	1
4	Port Input	14	92695	78411	1
4	Port Input	15	92695	78411	1
4	Port Input	14	92696	78412	1
4	Port Input	15	92696	78412	1
4	Port Input	14	92696	78412	1
4	Port Input	15	92696	78412	1
4	Port Input	14	92696	78412	1
4	Port Input	15	92697	78413	1
4	Port Input	14	92697	78413	1
4	Port Input	15	92697	78413	2
4	Port Input	14	92698	78414	1
4	Port Input	15	92698	78414	1
4	Port Input	14	92698	78414	1
4	Port Input	15	92698	78414	1
4	Port Input	14	92698	78414	1
4	Port Input	15	92698	78414	1
4	Port Input	14	92698	78414	1
4	Port Input	15	92698	78414	2
4	Port Input	14	92698	78414	2
4	Port Input	15	92699	78415	1
4	Port Input	14	92699	78415	1
4	Port Input	15	92699	78415	1
4	Port Input	14	92699	78415	1
4	Port Input	15	92700	78416	1
4	Port Input	14	92700	78416	1
4	Port Input	15	92700	78416	1
4	Port Input	14	92700	78416	1
4	Port Input	15	92700	78416	1
4	Port Input	14	92700	78416	1
4	Port Input	15	92700	78416	1
4	Port Input	14	92700	78416	1
4	Port Input	15	92701	78417	1
4	Port Input	14	92701	78417	1
4	Port Input	15	92701	78417	1
4	Port Input	14	92701	78417	1
4	Port Input	15	92701	78417	1
4	Port Input	14	92702	78418	1
4	Port Input	15	92702	78418	1
4	Port Input	14	92702	78418	1
4	Port Input	15	92702	78418	1
4	Port Input	14	92702	78418	1
4	Port Input	15	92702	78418	1
4	Port Input	14	92702	78418	1
4	Port Input	15	92702	78418	1
4	Port Input	14	92702	78418	1
4	Port Input	15	92703	78419	1
4	Port Input	14	92703	78419	1
4	Port Input	15	92703	78419	1
4	Port Input	14	92703	78419	1
4	Port Input	15	92704	78420	1
4	Port Input	14	92704	78420	1
4	Port Input	15	92704	78420	1
4	Port Input	14	92704	78420	1
4	Port Input	15	92705	78421	1
4	Port Input	14	92705	78421	1
4	Port Input	15	92705	78421	1
4	Port Input	14	92705	78421	1
4	Port Input	15	92705	78421	1
4	Port Input	14	92705	78421	1
4	Port Input	15	92705	78421	1
4	Port Input	14	92705	78421	1
4	Port Input	15	92706	78422	1
4	Port Input	14	92706	78422	1
4	Port Input	15	92706	78422	1
4	Port Input	14	92706	78422	1
4	Port Input	15	92706	78422	1
4	Port Input	14	92706	78422	1
4	Port Input	15	92707	78423	1
4	Port Input	14	92707	78423	1
4	Port Input	15	92707	78423	1
4	Port Input	14	92707	78423	1
4	Port Input	15	92708	78424	1
4	Port Input	14	92708	78424	1
4	Port Input	15	92708	78424	1
4	Port Input	14	92708	78424	1
4	Port Input	15	92708	78424	2
4	Port Input	14	92709	78425	1
4	Port Input	15	92709	78425	1
4	Port Input	14	92709	78425	1
4	Port Input	15	92709	78425	1
4	Port Input	14	92709	78425	1
4	Port Input	15	92710	78426	1
4	Port Input	14	92710	78426	1
4	Port Input	15	92711	78427	1
4	Port Input	14	92711	78427	1
4	Port Input	15	92711	78427	1
4	Port Input	14	92711	78427	1
4	Port Input	15	92712	78428	1
4	Port Input	14	92712	78428	1
4	Port Input	15	92714	78430	1
4	Port Input	14	92714	78430	1
4	Port Input	15	92714	78430	1
4	Port Input	14	92714	78430	2
4	Port Input	15	92715	78431	1
4	Port Input	14	92715	78431	1
4	Port Input	15	92715	78431	1
4	Port Input	14	92715	78431	1
4	Port Input	15	92715	78431	1
4	Port Input	14	92715	78431	1
4	Port Input	15	92716	78432	1
4	Port Input	14	92716	78432	1
4	Port Input	15	92717	78433	1
4	Port Input	14	92717	78433	1
4	Port Input	15	92717	78433	1
4	Port Input	14	92717	78433	1
4	Port Input	15	92717	78433	1
4	Port Input	14	92717	78433	1
4	Port Input	15	92717	78433	2
4	Port Input	14	92717	78433	2
4	Port Input	15	92718	78434	1
4	Port Input	14	92718	78434	1
4	Port Input	15	92718	78434	1
4	Port Input	14	92718	78434	1
4	Port Input	15	92718	78434	1
4	Port Input	14	92718	78434	2
4	Port Input	15	92719	78435	1
4	Port Input	14	92719	78435	1
4	Port Input	15	92719	78435	1
4	Port Input	14	92719	78435	1
4	Port Input	15	92719	78435	1
4	Port Input	14	92719	78435	1
4	Port Input	15	92719	78435	1
4	Port Input	14	92719	78435	1
4	Port Input	15	92720	78436	1
4	Port Input	14	92720	78436	1
4	Port Input	15	92720	78436	1
4	Port Input	14	92720	78436	1
4	Port Input	15	92721	78437	1
4	Port Input	14	92721	78437	1
4	Port Input	15	92721	78437	1
4	Port Input	14	92721	78437	1
4	Port Input	15	92721	78437	1
4	Port Input	14	92721	78437	1
4	Port Input	15	92721	78437	1
4	Port Input	14	92721	78437	1
4	Port Input	15	92721	78437	2
4	Port Input	14	92722	78438	1
4	Port Input	15	92722	78438	1
4	Port Input	14	92722	78438	1
4	Port Input	15	92723	78439	1
4	Port Input	14	92723	78439	1
4	Port Input	15	92730	78446	1
4	Port Input	14	92730	78446	1
4	Port Input	15	92730	78446	1
4	Port Input	14	92730	78446	1
4	Port Input	15	92731	78447	1
4	Port Input	14	92731	78447	1
4	Port Input	15	92732	78448	1
4	Port Input	14	92732	78448	1
4	Port Input	15	92733	78449	1
4	Port Input	14	92733	78449	1
4	Port Input	15	92733	78449	1
4	Port Input	14	92733	78449	1
4	Port Input	15	92738	78454	1
4	Port Input	14	92738	78454	1
4	Port Input	15	92740	78456	1
4	Port Input	14	92740	78456	1
4	Port Input	15	92741	78457	1
4	Port Input	14	92741	78457	1
4	Port Input	15	92742	78458	2
4	Port Input	14	92743	78459	1
4	Port Input	15	92743	78459	1
4	Port Input	14	92743	78459	1
4	Port Input	15	92743	78459	1
4	Port Input	14	92743	78459	1
4	Port Input	15	92746	78462	1
4	Port Input	14	92746	78462	1
4	Port Input	15	92748	78464	1
4	Port Input	14	92748	78464	1
4	Port Input	15	92748	78464	1
4	Port Input	14	92748	78464	1
4	Port Input	15	92751	78467	2
4	Port Input	14	92752	78468	1
4	Port Input	15	92752	78468	1
4	Port Input	14	92752	78468	1
4	Port Input	15	92752	78468	1
4	Port Input	14	92752	78468	1
4	Port Input	15	92754	78470	1
4	Port Input	14	92754	78470	1
4	Port Input	15	92754	78470	1
4	Port Input	14	92754	78470	1
4	Port Input	15	92762	78478	1
4	Port Input	14	92762	78478	1
4	Port Input	15	92764	78480	1
4	Port Input	14	92764	78480	1
4	Port Input	15	92779	78495	1
4	Port Input	14	92779	78495	1
4	Port Input	15	92780	78496	1
4	Port Input	14	92780	78496	1
4	Port Input	15	92781	78497	1
4	Port Input	14	92781	78497	1
4	Port Input	15	92783	78499	1
4	Port Input	14	92783	78499	1
4	Port Input	15	92784	78500	1
4	Port Input	14	92784	78500	1
4	Port Input	15	92792	78508	1
4	Port Input	14	92792	78508	1
4	Port Input	15	92796	78512	1
4	Port Input	14	92796	78512	1
4	Port Input	15	92797	78513	1
4	Port Input	14	92797	78513	1
4	Port Input	15	92803	78519	1
4	Port Input	14	92803	78519	1
4	Port Input	15	92806	78522	1
4	Port Input	14	92806	78522	1
4	Port Input	15	92808	78524	1
4	Port Input	14	92808	78524	1
4	Port Input	15	92975	78691	2
4	Port Input	14	92975	78691	2
4	Port Input	15	93113	78829	1
4	Port Input	14	93113	78829	1
4	Port Input	15	93123	78839	1
4	Port Input	14	93123	78839	2
4	Port Input	15	94230	79946	1
4	Port Input	14	94230	79946	1
4	Port Input	15	94415	80131	1
4	Port Input	14	94415	80131	1
4	Port Input	15	94495	80211	1
4	Port Input	14	94495	80211	1
4	Port Input	15	94496	80212	1
4	Port Input	14	94496	80212	1
4	Port Input	15	94528	80244	1
4	Port Input	14	94528	80244	1
4	Port Input	15	94528	80244	1
4	Port Input	14	94528	80244	1
4	Response	10	94528	80244	1
4	Port Input	15	94560	80276	1
4	Port Input	14	94560	80276	1
4	Port Input	15	94568	80284	1
4	Port Input	14	94568	80284	1
4	Port Input	15	94569	80285	1
4	Port Input	14	94569	80285	1
4	Port Input	15	94570	80286	2
4	Port Input	14	94570	80286	2
4	Port Input	15	94571	80287	1
4	Port Input	14	94571	80287	1
4	Port Input	15	94573	80289	1
4	Port Input	14	94573	80289	1
4	Port Input	15	94575	80291	1
4	Port Input	14	94575	80291	1
4	Port Input	15	94582	80298	1
4	Port Input	14	94582	80298	2
4	Port Input	15	94584	80300	1
4	Port Input	14	94584	80300	1
4	Port Input	15	94587	80303	1
4	Port Input	14	94587	80303	1
4	Port Input	15	94589	80305	1
4	Port Input	14	94589	80305	1
4	Port Input	15	94593	80309	1
4	Port Input	14	94593	80309	1
4	Port Input	15	94595	80311	1
4	Port Input	14	94595	80311	1
4	Port Input	15	94595	80311	1
4	Port Input	14	94595	80311	1
4	Port Input	15	94596	80312	1
4	Port Input	14	94596	80312	1
4	Port Input	15	94598	80314	1
4	Port Input	14	94598	80314	1
4	Port Input	15	94599	80315	1
4	Port Input	14	94599	80315	1
4	Port Input	15	94600	80316	1
4	Port Input	14	94600	80316	1
4	Port Input	15	94600	80316	1
4	Port Input	14	94600	80316	1
4	Port Input	15	94600	80316	1
4	Port Input	14	94600	80316	2
4	Port Input	15	94602	80318	1
4	Port Input	14	94602	80318	1
4	Port Input	15	94603	80319	1
4	Port Input	14	94603	80319	1
4	Port Input	15	94603	80319	2
4	Port Input	14	94604	80320	1
4	Port Input	15	94604	80320	1
4	Port Input	14	94604	80320	1
4	Port Input	15	94606	80322	1
4	Port Input	14	94606	80322	1
4	Port Input	15	94606	80322	1
4	Port Input	14	94606	80322	1
4	Port Input	15	94607	80323	1
4	Port Input	14	94607	80323	1
4	Port Input	15	94608	80324	1
4	Port Input	14	94608	80324	1
4	Port Input	15	94609	80325	1
4	Port Input	14	94609	80325	1
4	Port Input	15	94609	80325	1
4	Port Input	14	94609	80325	1
4	Port Input	15	94609	80325	1
4	Port Input	14	94609	80325	1
4	Port Input	15	94610	80326	1
4	Port Input	14	94610	80326	1
4	Port Input	15	94611	80327	1
4	Port Input	14	94611	80327	1
4	Port Input	15	94612	80328	1
4	Port Input	14	94612	80328	2
4	Port Input	15	94613	80329	1
4	Port Input	14	94613	80329	1
4	Port Input	15	94614	80330	1
4	Port Input	14	94614	80330	1
4	Port Input	15	94614	80330	2
4	Port Input	14	94615	80331	1
4	Port Input	15	94615	80331	1
4	Port Input	14	94615	80331	1
4	Port Input	15	94615	80331	2
4	Port Input	14	94616	80332	1
4	Port Input	15	94616	80332	1
4	Port Input	14	94616	80332	1
4	Port Input	15	94616	80332	1
4	Port Input	14	94616	80332	1
4	Port Input	15	94616	80332	1
4	Port Input	14	94616	80332	1
4	Port Input	15	94616	80332	1
4	Port Input	14	94616	80332	1
4	Port Input	15	94617	80333	1
4	Port Input	14	94617	80333	1
4	Port Input	15	94617	80333	1
4	Port Input	14	94617	80333	1
4	Port Input	15	94618	80334	1
4	Port Input	14	94618	80334	1
4	Port Input	15	94618	80334	1
4	Port Input	14	94618	80334	1
4	Port Input	15	94618	80334	1
4	Port Input	14	94618	80334	1
4	Port Input	15	94621	80337	1
4	Port Input	14	94621	80337	1
4	Port Input	15	94621	80337	1
4	Port Input	14	94621	80337	1
4	Port Input	15	94622	80338	1
4	Port Input	14	94622	80338	1
4	Port Input	15	94623	80339	1
4	Port Input	14	94623	80339	1
4	Port Input	15	94624	80340	1
4	Port Input	14	94624	80340	1
4	Port Input	15	94624	80340	1
4	Port Input	14	94624	80340	1
4	Port Input	15	94625	80341	1
4	Port Input	14	94625	80341	1
4	Port Input	15	94627	80343	1
4	Port Input	14	94627	80343	1
4	Port Input	15	94629	80345	1
4	Port Input	14	94629	80345	1
4	Port Input	15	94630	80346	1
4	Port Input	14	94630	80346	1
4	Port Input	15	94632	80348	1
4	Port Input	14	94632	80348	1
4	Port Input	15	94635	80351	1
4	Port Input	14	94635	80351	1
4	Port Input	15	94639	80355	1
4	Port Input	14	94639	80355	1
4	Port Input	15	94667	80383	1
4	Port Input	14	94667	80383	1
4	Port Input	15	94695	80411	1
4	Port Input	14	94695	80411	1
4	Port Input	15	94695	80411	1
4	Port Input	14	94695	80411	1
4	Port Input	15	94695	80411	1
4	Port Input	14	94695	80411	1
4	Port Input	15	94696	80412	1
4	Port Input	14	94696	80412	1
4	Port Input	15	94697	80413	1
4	Port Input	14	94697	80413	1
4	Port Input	15	94697	80413	1
4	Port Input	14	94697	80413	1
4	Port Input	15	94699	80415	1
4	Port Input	14	94699	80415	1
4	Port Input	15	94699	80415	1
4	Port Input	14	94699	80415	1
4	Port Input	15	94700	80416	1
4	Port Input	14	94700	80416	1
4	Port Input	15	94700	80416	1
4	Port Input	14	94700	80416	1
4	Port Input	15	94700	80416	1
4	Port Input	14	94700	80416	1
4	Port Input	15	94700	80416	1
4	Port Input	14	94700	80416	1
4	Port Input	15	94700	80416	1
4	Port Input	14	94700	80416	1
4	Port Input	15	94700	80416	1
4	Port Input	14	94700	80416	1
4	Port Input	15	94701	80417	1
4	Port Input	14	94701	80417	1
4	Port Input	15	94701	80417	1
4	Port Input	14	94701	80417	1
4	Port Input	15	94703	80419	1
4	Port Input	14	94703	80419	1
4	Port Input	15	94703	80419	1
4	Port Input	14	94703	80419	1
4	Port Input	15	94703	80419	2
4	Port Input	14	94704	80420	1
4	Port Input	15	94704	80420	1
4	Port Input	14	94704	80420	1
4	Port Input	15	94704	80420	1
4	Port Input	14	94704	80420	1
4	Port Input	15	94705	80421	1
4	Port Input	14	94705	80421	1
4	Port Input	15	94705	80421	1
4	Port Input	14	94705	80421	1
4	Port Input	15	94705	80421	1
4	Port Input	14	94705	80421	1
4	Port Input	15	94705	80421	1
4	Port Input	14	94705	80421	1
4	Port Input	15	94705	80421	1
4	Port Input	14	94705	80421	2
4	Port Input	15	94706	80422	1
4	Port Input	14	94706	80422	1
4	Port Input	15	94706	80422	1
4	Port Input	14	94706	80422	1
4	Port Input	15	94706	80422	1
4	Port Input	14	94706	80422	1
4	Port Input	15	94716	80432	1
4	Port Input	14	94716	80432	1
4	Port Input	15	94718	80434	1
4	Port Input	14	94718	80434	1
4	Port Input	15	94718	80434	1
4	Port Input	14	94718	80434	1
4	Port Input	15	94719	80435	1
4	Port Input	14	94719	80435	1
4	Port Input	15	94719	80435	1
4	Port Input	14	94719	80435	1
4	Port Input	15	94719	80435	1
4	Port Input	14	94719	80435	1
4	Port Input	15	94719	80435	1
4	Port Input	14	94719	80435	2
4	Port Input	15	94720	80436	1
4	Port Input	14	94720	80436	1
4	Port Input	15	94720	80436	1
4	Port Input	14	94720	80436	1
4	Port Input	15	94721	80437	1
4	Port Input	14	94721	80437	1
4	Port Input	15	94721	80437	1
4	Port Input	14	94721	80437	1
4	Port Input	15	94721	80437	1
4	Port Input	14	94721	80437	1
4	Port Input	15	94721	80437	1
4	Port Input	14	94721	80437	1
4	Port Input	15	94722	80438	1
4	Port Input	14	94722	80438	1
4	Port Input	15	94722	80438	1
4	Port Input	14	94722	80438	1
4	Port Input	15	94722	80438	1
4	Port Input	14	94722	80438	1
4	Port Input	15	94722	80438	2
4	Port Input	14	94723	80439	1
4	Port Input	15	94723	80439	1
4	Port Input	14	94723	80439	1
4	Port Input	15	94723	80439	1
4	Port Input	14	94723	80439	1
4	Port Input	15	94723	80439	1
4	Port Input	14	94723	80439	1
4	Port Input	15	94723	80439	1
4	Port Input	14	94723	80439	2
4	Port Input	15	94724	80440	1
4	Port Input	14	94724	80440	1
4	Port Input	15	94724	80440	1
4	Port Input	14	94724	80440	1
4	Port Input	15	94724	80440	1
4	Port Input	14	94724	80440	1
4	Port Input	15	94724	80440	1
4	Port Input	14	94724	80440	1
4	Port Input	15	94724	80440	1
4	Port Input	14	94724	80440	1
4	Port Input	15	94725	80441	1
4	Port Input	14	94725	80441	1
4	Port Input	15	94725	80441	1
4	Port Input	14	94725	80441	1
4	Port Input	15	94725	80441	1
4	Port Input	14	94725	80441	1
4	Port Input	15	94725	80441	1
4	Port Input	14	94725	80441	1
4	Port Input	15	94726	80442	1
4	Port Input	14	94726	80442	1
4	Port Input	15	94727	80443	1
4	Port Input	14	94727	80443	1
4	Port Input	15	94727	80443	1
4	Port Input	14	94727	80443	1
4	Port Input	15	94730	80446	1
4	Port Input	14	94730	80446	1
4	Port Input	15	94731	80447	1
4	Port Input	14	94731	80447	1
4	Port Input	15	94734	80450	1
4	Port Input	14	94734	80450	1
4	Port Input	15	94735	80451	1
4	Port Input	14	94735	80451	1
4	Port Input	15	94736	80452	1
4	Port Input	14	94736	80452	1
4	Port Input	15	94739	80455	1
4	Port Input	14	94739	80455	1
4	Port Input	15	94739	80455	1
4	Port Input	14	94739	80455	1
4	Port Input	15	94739	80455	1
4	Port Input	14	94740	80456	1
4	Port Input	15	94742	80458	1
4	Port Input	14	94742	80458	1
4	Port Input	15	94743	80459	1
4	Port Input	14	94743	80459	1
4	Port Input	15	94743	80459	1
4	Port Input	14	94743	80459	1
4	Port Input	15	94744	80460	1
4	Port Input	14	94744	80460	1
4	Port Input	15	94745	80461	1
4	Port Input	14	94745	80461	1
4	Port Input	15	94745	80461	1
4	Port Input	14	94745	80461	1
4	Port Input	15	94745	80461	1
4	Port Input	14	94745	80461	1
4	Port Input	15	94745	80461	1
4	Port Input	14	94745	80461	1
4	Port Input	15	94746	80462	1
4	Port Input	14	94746	80462	1
4	Port Input	15	94746	80462	1
4	Port Input	14	94746	80462	1
4	Port Input	15	94747	80463	1
4	Port Input	14	94747	80463	1
4	Port Input	15	94747	80463	2
4	Port Input	14	94748	80464	1
4	Port Input	15	94748	80464	1
4	Port Input	14	94748	80464	1
4	Port Input	15	94748	80464	1
4	Port Input	14	94748	80464	1
4	Port Input	15	94748	80464	1
4	Port Input	14	94748	80464	1
4	Port Input	15	94748	80464	1
4	Port Input	14	94748	80464	1
4	Port Input	15	94750	80466	1
4	Port Input	14	94750	80466	1
4	Port Input	15	94750	80466	1
4	Port Input	14	94750	80466	1
4	Port Input	15	94750	80466	1
4	Port Input	14	94750	80466	1
4	Port Input	15	94752	80468	1
4	Port Input	14	94752	80468	1
4	Port Input	15	94753	80469	1
4	Port Input	14	94753	80469	1
4	Port Input	15	94754	80470	1
4	Port Input	14	94754	80470	1
4	Port Input	15	94755	80471	1
4	Port Input	14	94755	80471	1
4	Port Input	15	94755	80471	1
4	Port Input	14	94755	80471	2
4	Port Input	15	94756	80472	1
4	Port Input	14	94756	80472	1
4	Port Input	15	94757	80473	1
4	Port Input	14	94757	80473	1
4	Port Input	15	94757	80473	1
4	Port Input	14	94757	80473	1
4	Port Input	15	94757	80473	1
4	Port Input	14	94758	80474	1
4	Port Input	15	94758	80474	1
4	Port Input	14	94758	80474	1
4	Port Input	15	94759	80475	1
4	Port Input	14	94759	80475	1
4	Port Input	15	94761	80477	1
4	Port Input	14	94761	80477	1
4	Port Input	15	94761	80477	2
4	Port Input	14	94761	80477	2
4	Port Input	15	94762	80478	1
4	Port Input	14	94762	80478	1
4	Port Input	15	94763	80479	1
4	Port Input	14	94763	80479	1
4	Port Input	15	94764	80480	1
4	Port Input	14	94764	80480	1
4	Port Input	15	94764	80480	1
4	Port Input	14	94764	80480	1
4	Port Input	15	94765	80481	1
4	Port Input	14	94765	80481	1
4	Port Input	15	94766	80482	1
4	Port Input	14	94766	80482	1
4	Port Input	15	94767	80483	1
4	Port Input	14	94767	80483	1
4	Port Input	15	94767	80483	1
4	Port Input	14	94767	80483	1
4	Port Input	15	94767	80483	1
4	Port Input	14	94767	80483	1
4	Port Input	15	94767	80483	1
4	Port Input	14	94767	80483	2
4	Port Input	15	94768	80484	1
4	Port Input	14	94768	80484	1
4	Port Input	15	94769	80485	2
4	Port Input	14	94770	80486	1
4	Port Input	15	94770	80486	1
4	Port Input	14	94770	80486	1
4	Port Input	15	94771	80487	1
4	Port Input	14	94771	80487	1
4	Port Input	15	94772	80488	1
4	Port Input	14	94772	80488	1
4	Port Input	15	94776	80492	1
4	Port Input	14	94776	80492	1
4	Port Input	15	94777	80493	1
4	Port Input	14	94777	80493	1
4	Port Input	15	94777	80493	1
4	Port Input	14	94777	80493	1
4	Port Input	15	94777	80493	2
4	Port Input	14	94778	80494	1
4	Port Input	15	94779	80495	1
4	Port Input	14	94779	80495	1
4	Port Input	15	94780	80496	1
4	Port Input	14	94780	80496	1
4	Port Input	15	94781	80497	1
4	Port Input	14	94782	80498	1
4	Port Input	15	94783	80499	1
4	Port Input	14	94783	80499	1
4	Port Input	15	94783	80499	1
4	Port Input	14	94783	80499	1
4	Port Input	15	94783	80499	1
4	Port Input	14	94784	80500	1
4	Port Input	15	94784	80500	1
4	Port Input	14	94784	80500	1
4	Port Input	15	94784	80500	1
4	Port Input	14	94784	80500	1
4	Port Input	15	94786	80502	1
4	Port Input	14	94786	80502	1
4	Port Input	15	94786	80502	1
4	Port Input	14	94786	80502	1
4	Port Input	15	94786	80502	1
4	Port Input	14	94786	80502	1
4	Port Input	15	94786	80502	1
4	Port Input	14	94786	80502	1
4	Port Input	15	94787	80503	1
4	Port Input	14	94787	80503	1
4	Port Input	15	94791	80507	1
4	Port Input	14	94791	80507	1
4	Port Input	15	94791	80507	1
4	Port Input	14	94791	80507	1
4	Port Input	15	94792	80508	1
4	Port Input	14	94792	80508	1
4	Port Input	15	94792	80508	1
4	Port Input	14	94792	80508	1
4	Port Input	15	94793	80509	1
4	Port Input	14	94793	80509	1
4	Port Input	15	94794	80510	1
4	Port Input	14	94794	80510	2
4	Port Input	15	94795	80511	1
4	Port Input	14	94795	80511	1
4	Port Input	15	94800	80516	1
4	Port Input	14	94800	80516	1
4	Port Input	15	94801	80517	1
4	Port Input	14	94801	80517	1
4	Port Input	15	94801	80517	2
4	Port Input	14	94801	80517	2
4	Port Input	15	94802	80518	1
4	Port Input	14	94802	80518	1
4	Port Input	15	94803	80519	1
4	Port Input	14	94803	80519	1
4	Port Input	15	94803	80519	1
4	Port Input	14	94803	80519	1
4	Port Input	15	94804	80520	1
4	Port Input	14	94804	80520	1
4	Port Input	15	94804	80520	1
4	Port Input	14	94804	80520	1
4	Port Input	15	94807	80523	1
4	Port Input	14	94807	80523	1
4	Port Input	15	94808	80524	1
4	Port Input	14	94808	80524	1
4	Port Input	15	94809	80525	1
4	Port Input	14	94809	80525	1
4	Port Input	15	94818	80534	1
4	Port Input	14	94818	80534	1
4	Port Input	15	94822	80538	1
4	Port Input	14	94822	80538	1
4	Port Input	15	94822	80538	1
4	Port Input	14	94822	80538	1
4	Port Input	15	94824	80540	1
4	Port Input	14	94824	80540	1
4	Port Input	15	94825	80541	1
4	Port Input	14	94825	80541	1
4	Port Input	15	94825	80541	1
4	Port Input	14	94825	80541	1
4	Port Input	15	94832	80548	1
4	Port Input	14	94832	80548	1
4	Port Input	15	94834	80550	1
4	Port Input	14	94834	80550	1
4	Port Input	15	94834	80550	1
4	Port Input	14	94834	80550	1
4	Port Input	15	94834	80550	1
4	Port Input	14	94834	80550	1
4	Port Input	15	94834	80550	1
4	Port Input	14	94834	80550	1
4	Port Input	15	94835	80551	1
4	Port Input	14	94836	80552	1
4	Port Input	15	94836	80552	1
4	Port Input	14	94836	80552	1
4	Port Input	15	94837	80553	1
4	Port Input	14	94837	80553	1
4	Port Input	15	94837	80553	1
4	Port Input	14	94837	80553	1
4	Port Input	15	94838	80554	1
4	Port Input	14	94838	80554	1
4	Port Input	15	94839	80555	1
4	Port Input	14	94839	80555	1
4	Port Input	15	94840	80556	1
4	Port Input	14	94840	80556	1
4	Port Input	15	94840	80556	1
4	Port Input	14	94840	80556	1
4	Port Input	15	94842	80558	1
4	Port Input	14	94842	80558	1
4	Port Input	15	94844	80560	1
4	Port Input	14	94844	80560	1
4	Port Input	15	94845	80561	1
4	Port Input	14	94845	80561	1
4	Port Input	15	94848	80564	1
4	Port Input	14	94848	80564	1
4	Port Input	15	94848	80564	1
4	Port Input	14	94848	80564	1
4	Port Input	15	94849	80565	1
4	Port Input	14	94849	80565	1
4	Port Input	15	94849	80565	1
4	Port Input	14	94849	80565	1
4	Port Input	15	94964	80680	1
4	Port Input	14	94964	80680	1
4	Port Input	15	94966	80682	1
4	Port Input	14	94966	80682	1
4	Port Input	15	94967	80683	1
4	Port Input	14	94967	80683	1
4	Port Input	15	94968	80684	1
4	Port Input	14	94968	80684	1
4	Port Input	15	94968	80684	1
4	Port Input	14	94968	80684	1
4	Port Input	15	94968	80684	2
4	Port Input	14	94968	80684	2
4	Port Input	15	94969	80685	1
4	Port Input	14	94969	80685	1
4	Port Input	15	94969	80685	1
4	Port Input	14	94969	80685	1
4	Port Input	15	94969	80685	1
4	Port Input	14	94969	80685	1
4	Port Input	15	94969	80685	1
4	Port Input	14	94969	80685	1
4	Port Input	15	94970	80686	1
4	Port Input	14	97976	83692	1
4	Port Input	15	97976	83692	1
4	Port Input	14	97976	83692	1
4	Response	10	97976	83692	1
4	Port Input	15	97977	83693	1
4	Port Input	14	97977	83693	1
4	Port Input	15	97978	83694	1
4	Port Input	14	97978	83694	1
4	Port Input	15	98058	83774	1
4	Port Input	14	98058	83774	1
4	Port Input	15	98062	83778	2
4	Port Input	14	98062	83778	2
4	Port Input	15	98065	83781	1
4	Port Input	14	98065	83781	1
4	Port Input	15	98073	83789	1
4	Port Input	14	98073	83789	1
4	Port Input	15	98097	83813	1
4	Port Input	14	98097	83813	1
4	Port Input	15	98098	83814	1
4	Port Input	14	98098	83814	1
4	Port Input	15	98099	83815	1
4	Port Input	14	98099	83815	1
4	Port Input	15	98099	83815	1
4	Port Input	14	98099	83815	1
4	Port Input	15	98099	83815	1
4	Port Input	14	98099	83815	1
4	Port Input	15	98100	83816	1
4	Port Input	14	98100	83816	1
4	Port Input	15	98101	83817	1
4	Port Input	14	98101	83817	1
4	Port Input	15	98101	83817	1
4	Port Input	14	98101	83817	1
4	Port Input	15	98106	83822	1
4	Port Input	14	98106	83822	1
4	Port Input	15	98108	83824	1
4	Port Input	14	98108	83824	1
4	Port Input	15	98112	83828	1
4	Port Input	14	98112	83828	1
4	Port Input	15	98112	83828	1
4	Port Input	14	98112	83828	1
4	Port Input	15	98113	83829	1
4	Port Input	14	98113	83829	1
4	Port Input	15	98126	83842	1
4	Port Input	14	98126	83842	1
4	Port Input	15	98127	83843	1
4	Port Input	14	98127	83843	1
4	Port Input	15	98133	83849	1
4	Port Input	14	98133	83849	1
4	Port Input	15	98141	83857	1
4	Port Input	14	98141	83857	1
4	Port Input	15	98149	83865	1
4	Port Input	14	98149	83865	1
4	Port Input	15	98151	83867	1
4	Port Input	14	98151	83867	1
4	Port Input	15	98164	83880	1
4	Port Input	14	98164	83880	1
4	Port Input	15	98165	83881	1
4	Port Input	14	98165	83881	1
4	Port Input	15	98165	83881	1
4	Port Input	14	98165	83881	1
4	Port Input	15	98170	83886	1
4	Port Input	14	98170	83886	1
4	Port Input	15	98174	83890	1
4	Port Input	14	98174	83890	1
4	Port Input	15	98176	83892	1
4	Port Input	14	98176	83892	1
4	Port Input	15	98177	83893	1
4	Port Input	14	98177	83893	2
4	Port Input	15	98180	83896	1
4	Port Input	14	98180	83896	2
4	Port Input	15	98181	83897	1
4	Port Input	14	98181	83897	1
4	Port Input	15	98189	83905	1
4	Port Input	14	98189	83905	1
4	Port Input	15	98189	83905	1
4	Port Input	14	98189	83905	2
4	Port Input	15	98191	83907	2
4	Port Input	14	98191	83907	2
4	Port Input	15	98194	83910	1
4	Port Input	14	98194	83910	1
4	Port Input	15	98204	83920	1
4	Port Input	14	98204	83920	1
4	Port Input	15	98208	83924	1
4	Port Input	14	98208	83924	1
4	Port Input	15	98227	83943	2
4	Port Input	14	98228	83944	1
4	Port Input	15	98229	83945	1
4	Port Input	14	98229	83945	1
4	Port Input	15	98239	83955	1
4	Port Input	14	98239	83955	1
4	Port Input	15	98245	83961	1
4	Port Input	14	98245	83961	1
4	Port Input	15	98257	83973	1
4	Port Input	14	98257	83973	1
4	Port Input	15	98261	83977	1
4	Port Input	14	98261	83977	1
4	Port Input	15	98262	83978	1
4	Port Input	14	98262	83978	1
4	Port Input	15	98272	83988	1
4	Port Input	14	98272	83988	1
4	Port Input	15	98277	83993	1
4	Port Input	14	98277	83993	1
4	Port Input	15	98280	83996	1
4	Port Input	14	98280	83996	1
4	Port Input	15	98285	84001	1
4	Port Input	14	98285	84001	1
4	Port Input	15	98291	84007	1
4	Port Input	14	98291	84007	1
4	Port Input	15	98293	84009	1
4	Port Input	14	98293	84009	1
4	Port Input	15	98320	84036	1
4	Port Input	14	98320	84036	1
4	Port Input	15	98321	84037	1
4	Port Input	14	98321	84037	1
4	Port Input	15	98322	84038	1
4	Port Input	14	98322	84038	2
4	Port Input	15	98335	84051	1
4	Port Input	14	98335	84051	1
4	Port Input	15	98380	84096	1
4	Port Input	14	98380	84096	1
4	Port Input	15	98398	84114	1
4	Port Input	14	98398	84114	1
4	Port Input	15	98400	84116	1
4	Port Input	14	98401	84117	1
4	Port Input	15	98416	84132	1
4	Port Input	14	98416	84132	2
4	Port Input	15	98466	84182	1
4	Port Input	14	98466	84182	1
4	Port Input	15	98552	84268	1
4	Port Input	14	98552	84268	1
4	Port Input	15	98637	84353	1
4	Port Input	14	98637	84353	1
4	Port Input	15	99425	85141	1
4	Port Input	14	99425	85141	1
4	Port Input	15	99436	85152	1
4	Port Input	14	99436	85152	1
4	Port Input	15	99562	85278	2
4	Port Input	14	99563	85279	1
4	Port Input	15	99653	85369	1
4	Port Input	14	99653	85369	1
4	Port Input	15	99673	85389	1
4	Port Input	14	99673	85389	1
4	Port Input	15	99746	85462	1
4	Port Input	14	99746	85462	1
4	Port Input	15	99746	85462	1
4	Port Input	14	99746	85462	1
4	Port Input	15	99785	85501	2
4	Port Input	14	99786	85502	1
4	Port Input	15	99789	85505	2
4	Port Input	14	99790	85506	1
4	Port Input	15	99803	85519	1
4	Port Input	14	99803	85519	1
4	Port Input	15	99820	85536	1
4	Port Input	14	99820	85536	1
4	Port Input	15	99820	85536	1
4	Port Input	14	99820	85536	1
4	Port Input	15	99848	85564	1
4	Port Input	14	99848	85564	1
4	Port Input	15	99863	85579	1
4	Port Input	14	99863	85579	1
4	Port Input	15	99864	85580	1
4	Port Input	14	99864	85580	1
4	Port Input	15	99865	85581	1
4	Port Input	14	99865	85581	1
4	Port Input	15	99869	85585	1
4	Port Input	14	99869	85585	1
4	Port Input	15	99883	85599	1
4	Port Input	14	99883	85599	1
4	Port Input	15	99898	85614	1
4	Port Input	14	99898	85614	1
4	Port Input	15	99904	85620	1
4	Port Input	14	99904	85620	1
4	Port Input	15	99905	85621	1
4	Port Input	14	99905	85621	1
4	Port Input	15	99905	85621	1
4	Port Input	14	99905	85621	1
4	Port Input	15	99909	85625	1
4	Port Input	14	99910	85626	1
4	Port Input	15	99924	85640	2
4	Port Input	14	99925	85641	1
4	Port Input	15	99933	85649	1
4	Port Input	14	99933	85649	1
4	Port Input	15	99933	85649	1
4	Port Input	14	99933	85649	1
4	Port Input	15	99936	85652	1
4	Port Input	14	99936	85652	1
4	Port Input	15	99937	85653	1
4	Port Input	14	99937	85653	1
4	Port Input	15	99938	85654	1
4	Port Input	14	99938	85654	2
4	Port Input	15	99942	85658	1
4	Port Input	14	99942	85658	1
4	Port Input	15	99948	85664	1
4	Port Input	14	99948	85664	1
4	Port Input	15	99948	85664	1
4	Port Input	14	99948	85664	1
4	Port Input	15	99949	85665	2
4	Port Input	14	99950	85666	1
4	Port Input	15	99951	85667	2
4	Port Input	14	99952	85668	1
4	Port Input	15	99958	85674	1
4	Port Input	14	99958	85674	1
4	Port Input	15	99959	85675	1
4	Port Input	14	99959	85675	1
4	Port Input	15	99960	85676	1
4	Port Input	14	99960	85676	1
4	Port Input	15	99970	85686	1
4	Port Input	14	99970	85686	1
4	Port Input	15	99971	85687	1
4	Port Input	14	99971	85687	1
4	Port Input	15	99972	85688	1
4	Port Input	14	99972	85688	1
4	Port Input	15	99976	85692	1
4	Port Input	14	99976	85692	1
4	Port Input	15	99978	85694	1
4	Port Input	14	99978	85694	1
4	Port Input	15	99978	85694	1
4	Port Input	14	99978	85694	2
4	Response	10	99978	85694	1
4	Port Input	15	99980	85696	1
4	Port Input	14	99980	85696	1
4	Port Input	15	99980	85696	1
4	Port Input	14	99980	85696	1
4	Port Input	15	99981	85697	1
4	Port Input	14	99981	85697	1
4	Port Input	15	99982	85698	1
4	Port Input	14	99982	85698	1
4	Port Input	15	99983	85699	1
4	Port Input	14	99983	85699	1
4	Port Input	15	99984	85700	1
4	Port Input	14	99984	85700	1
4	Port Input	15	99984	85700	1
4	Port Input	14	99984	85700	1
4	Port Input	15	99985	85701	1
4	Port Input	14	99985	85701	1
4	Port Input	15	99986	85702	1
4	Port Input	14	99986	85702	1
4	Port Input	15	99987	85703	1
4	Port Input	14	99987	85703	1
4	Port Input	15	99990	85706	1
4	Port Input	14	99990	85706	1
4	Port Input	15	99992	85708	1
4	Port Input	14	99992	85708	1
4	Port Input	15	99993	85709	1
4	Port Input	14	99993	85709	1
4	Port Input	15	99995	85711	1
4	Port Input	14	99995	85711	1
4	Port Input	15	99996	85712	1
4	Port Input	14	99996	85712	1
4	Port Input	15	99998	85714	1
4	Port Input	14	99998	85714	1
4	Port Input	15	99998	85714	1
4	Port Input	14	99998	85714	1
4	Port Input	15	99999	85715	1
4	Port Input	14	99999	85715	1
4	Port Input	15	100000	85716	1
4	Port Input	14	100000	85716	1
4	Port Input	15	100001	85717	1
4	Port Input	14	100001	85717	1
4	Port Input	15	100002	85718	1
4	Port Input	14	100002	85718	1
4	Port Input	15	100002	85718	1
4	Port Input	14	100002	85718	1
4	Port Input	15	100003	85719	1
4	Port Input	14	100003	85719	1
4	Port Input	15	100005	85721	1
4	Port Input	14	100005	85721	1
4	Port Input	15	100005	85721	1
4	Port Input	14	100005	85721	1
4	Port Input	15	100006	85722	1
4	Port Input	14	100006	85722	1
4	Port Input	15	100007	85723	1
4	Port Input	14	100007	85723	1
4	Port Input	15	100019	85735	1
4	Port Input	14	100019	85735	1
4	Port Input	15	100021	85737	2
4	Port Input	14	100021	85737	2
4	Port Input	15	100022	85738	2
4	Port Input	14	100022	85738	2
4	Port Input	15	100023	85739	1
4	Port Input	14	100023	85739	1
4	Port Input	15	100023	85739	1
4	Port Input	14	100023	85739	1
4	Port Input	15	100023	85739	1
4	Port Input	14	100023	85739	1
4	Port Input	15	100028	85744	1
4	Port Input	14	100028	85744	1
4	Port Input	15	100034	85750	1
4	Port Input	14	100034	85750	1
4	Port Input	15	100037	85753	1
4	Port Input	14	100037	85753	1
4	Port Input	15	100037	85753	1
4	Port Input	14	100037	85753	1
4	Port Input	15	100038	85754	1
4	Port Input	14	100038	85754	1
4	Port Input	15	100039	85755	1
4	Port Input	14	100039	85755	1
4	Port Input	15	100040	85756	1
4	Port Input	14	100040	85756	1
4	Port Input	15	100041	85757	1
4	Port Input	14	100041	85757	1
4	Port Input	15	100043	85759	1
4	Port Input	14	100043	85759	1
4	Port Input	15	100044	85760	1
4	Port Input	14	100044	85760	1
4	Port Input	15	100045	85761	1
4	Port Input	14	100045	85761	1
4	Port Input	15	100046	85762	1
4	Port Input	14	100046	85762	1
4	Port Input	15	100047	85763	1
4	Port Input	14	100047	85763	1
4	Port Input	15	100050	85766	1
4	Port Input	14	100050	85766	1
4	Port Input	15	100051	85767	1
4	Port Input	14	100051	85767	1
4	Port Input	15	100051	85767	1
4	Port Input	14	100051	85767	1
4	Port Input	15	100054	85770	1
4	Port Input	14	100054	85770	1
4	Port Input	15	100054	85770	1
4	Port Input	14	100054	85770	1
4	Port Input	15	100054	85770	1
4	Port Input	14	100054	85770	1
4	Port Input	15	100055	85771	1
4	Port Input	14	100055	85771	1
4	Port Input	15	100055	85771	1
4	Port Input	14	100055	85771	1
4	Port Input	15	100055	85771	1
4	Port Input	14	100055	85771	1
4	Port Input	15	100055	85771	2
4	Port Input	14	100056	85772	1
4	Port Input	15	100059	85775	1
4	Port Input	14	100059	85775	1
4	Port Input	15	100059	85775	1
4	Port Input	14	100059	85775	1
4	Port Input	15	100059	85775	1
4	Port Input	14	100059	85775	1
4	Port Input	15	100060	85776	1
4	Port Input	14	100060	85776	1
4	Port Input	15	100061	85777	1
4	Port Input	14	100061	85777	1
4	Port Input	15	100061	85777	1
4	Port Input	14	100061	85777	1
4	Port Input	15	100062	85778	1
4	Port Input	14	100062	85778	1
4	Port Input	15	100063	85779	2
4	Port Input	14	100064	85780	1
4	Port Input	15	100064	85780	1
4	Port Input	14	100064	85780	1
4	Port Input	15	100065	85781	1
4	Port Input	14	100065	85781	1
4	Port Input	15	100065	85781	1
4	Port Input	14	100065	85781	1
4	Port Input	15	100066	85782	1
4	Port Input	14	100066	85782	1
4	Port Input	15	100067	85783	1
4	Port Input	14	100067	85783	1
4	Port Input	15	100067	85783	1
4	Port Input	14	100067	85783	1
4	Port Input	15	100075	85791	1
4	Port Input	14	100075	85791	1
4	Port Input	15	100077	85793	1
4	Port Input	14	100077	85793	1
4	Port Input	15	100077	85793	2
4	Port Input	14	100077	85793	2
4	Port Input	15	100081	85797	1
4	Port Input	14	100081	85797	1
4	Port Input	15	100092	85808	1
4	Port Input	14	100092	85808	1
4	Port Input	15	100093	85809	1
4	Port Input	14	100093	85809	1
4	Port Input	15	100115	85831	1
4	Port Input	14	100115	85831	1
4	Port Input	15	100121	85837	1
4	Port Input	14	100121	85837	1
4	Port Input	15	100129	85845	2
4	Port Input	14	100130	85846	1
4	Port Input	15	100348	86064	1
4	Port Input	14	100348	86064	1
4	Port Input	15	100349	86065	1
4	Port Input	14	100349	86065	1
4	Port Input	15	100349	86065	1
4	Port Input	14	100349	86065	1
4	Port Input	15	100350	86066	1
4	Port Input	14	100350	86066	1
4	Port Input	15	100350	86066	1
4	Port Input	14	100350	86066	2
4	Port Input	15	100351	86067	1
4	Port Input	14	100351	86067	1
4	Port Input	15	100351	86067	1
4	Port Input	14	100351	86067	1
4	Port Input	15	100351	86067	1
4	Port Input	14	100351	86067	1
4	Port Input	15	100351	86067	1
4	Port Input	14	100351	86067	1
4	Port Input	15	100351	86067	2
4	Port Input	14	100352	86068	1
4	Port Input	15	100352	86068	1
4	Port Input	14	100352	86068	1
4	Port Input	15	100352	86068	1
4	Port Input	14	102897	88613	1
4	Response	10	102897	88613	2
4	Port Input	15	102898	88614	1
4	Port Input	14	102898	88614	1
4	Port Input	15	102898	88614	1
4	Port Input	14	102898	88614	1
4	Port Input	15	102898	88614	1
4	Port Input	14	102898	88614	1
4	Port Input	15	102898	88614	1
4	Port Input	14	102898	88614	1
4	Port Input	15	102899	88615	1
4	Port Input	14	102899	88615	1
4	Port Input	15	102899	88615	1
4	Port Input	14	102899	88615	1
4	Port Input	15	103075	88791	1
4	Port Input	14	103075	88791	1
4	Port Input	15	103115	88831	1
4	Port Input	14	103115	88831	1
4	Port Input	15	103115	88831	1
4	Port Input	14	103115	88831	2
4	Port Input	15	103117	88833	1
4	Port Input	14	103117	88833	1
4	Port Input	15	105033	90749	1
4	Port Input	14	105033	90749	1
4	Response	10	105033	90749	1
4	Port Input	15	105082	90798	1
4	Port Input	14	105082	90798	1
4	Port Input	15	105218	90934	1
4	Port Input	14	105218	90934	1
4	Port Input	15	105230	90946	1
4	Port Input	14	105230	90946	1
4	Port Input	15	105233	90949	1
4	Port Input	14	105233	90949	1
4	Port Input	15	105438	91154	1
4	Port Input	14	105438	91154	1
4	Port Input	15	105438	91154	1
4	Port Input	14	105438	91154	1
4	Port Input	15	105438	91154	1
4	Port Input	14	105438	91154	1
4	Port Input	15	105439	91155	1
4	Port Input	14	105439	91155	1
4	Port Input	15	105439	91155	1
4	Port Input	14	105439	91155	1
4	Port Input	15	105439	91155	1
4	Port Input	14	105439	91155	1
4	Port Input	15	105439	91155	1
4	Port Input	14	105439	91155	1
4	Port Input	15	105439	91155	1
4	Port Input	14	105439	91155	1
4	Port Input	15	105439	91155	2
4	Port Input	14	105440	91156	1
4	Port Input	15	105440	91156	1
4	Port Input	14	105440	91156	1
4	Port Input	15	105440	91156	1
4	Port Input	14	105440	91156	1
4	Port Input	15	105440	91156	1
4	Port Input	14	105440	91156	1
4	Port Input	15	105440	91156	1
4	Port Input	14	105440	91156	1
4	Port Input	15	105440	91156	1
4	Port Input	14	105440	91156	1
4	Port Input	15	105440	91156	1
4	Port Input	14	105440	91156	1
4	Port Input	15	105441	91157	1
4	Port Input	14	105441	91157	1
4	Port Input	15	105441	91157	1
4	Port Input	14	105441	91157	1
4	Port Input	15	105441	91157	1
4	Port Input	14	105441	91157	1
4	Port Input	15	105442	91158	1
4	Port Input	14	105442	91158	1
4	Port Input	15	105442	91158	1
4	Port Input	14	105442	91158	1
4	Port Input	15	105442	91158	1
4	Port Input	14	105442	91158	1
4	Port Input	15	105442	91158	1
4	Port Input	14	105442	91158	1
4	Port Input	15	105442	91158	2
4	Port Input	14	105443	91159	1
4	Port Input	15	105443	91159	1
4	Port Input	14	112050	97766	1
4	Port Input	15	112050	97766	1
4	Port Input	14	112050	97766	1
4	Response	10	112050	97766	1
4	Port Input	15	113946	99662	1
4	Port Input	14	113946	99662	1
4	Port Input	15	113946	99662	1
4	Port Input	14	113946	99662	1
4	Port Input	15	113946	99662	1
4	Port Input	14	113946	99662	1
4	Port Input	15	113946	99662	1
4	Port Input	14	113946	99662	1
4	Port Input	15	113948	99664	1
4	Port Input	14	113948	99664	1
4	Port Input	15	113948	99664	1
4	Port Input	14	113948	99664	1
4	Port Input	15	113948	99664	1
4	Port Input	14	113948	99664	1
4	Port Input	15	113948	99664	1
4	Port Input	14	113948	99664	1
4	Port Input	15	113949	99665	1
4	Port Input	14	113949	99665	1
4	Port Input	15	113949	99665	1
4	Port Input	14	113949	99665	1
4	Port Input	15	113949	99665	1
4	Port Input	14	113949	99665	1
4	Port Input	15	113949	99665	1
4	Port Input	14	113949	99665	1
4	Port Input	15	113949	99665	1
4	Port Input	14	113949	99665	1
4	Port Input	15	113949	99665	1
4	Port Input	14	113949	99665	1
4	Port Input	15	113950	99666	1
4	Port Input	14	113950	99666	1
4	Port Input	15	113950	99666	1
4	Port Input	14	113950	99666	1
4	Port Input	15	113950	99666	1
4	Port Input	14	113950	99666	1
4	Port Input	15	113950	99666	1
4	Port Input	14	113950	99666	1
4	Port Input	15	113950	99666	1
4	Port Input	14	113951	99667	1
4	Port Input	15	113951	99667	1
4	Port Input	14	113951	99667	1
4	Port Input	15	113951	99667	1
4	Port Input	14	113951	99667	1
4	Port Input	15	113951	99667	1
4	Port Input	14	113951	99667	1
4	Port Input	15	113951	99667	1
4	Port Input	14	113951	99667	2
4	Port Input	15	113952	99668	1
4	Port Input	14	113952	99668	1
4	Port Input	15	113952	99668	1
4	Port Input	14	113952	99668	1
4	Port Input	15	113952	99668	1
4	Port Input	14	113952	99668	1
4	Port Input	15	113952	99668	2
4	Port Input	14	113953	99669	1
4	Port Input	15	113954	99670	1
4	Port Input	14	113954	99670	1
4	Port Input	15	113954	99670	1
4	Port Input	14	113954	99670	1
4	Port Input	15	113954	99670	1
4	Port Input	14	113955	99671	1
4	Port Input	15	113955	99671	1
4	Port Input	14	113955	99671	1
4	Port Input	15	113955	99671	1
4	Port Input	14	113955	99671	1
4	Port Input	15	113955	99671	1
4	Port Input	14	113956	99672	2
4	Port Input	15	113957	99673	1
4	Port Input	14	113957	99673	1
4	Port Input	15	113957	99673	1
4	Port Input	14	113957	99673	1
4	Port Input	15	113957	99673	1
4	Port Input	14	113957	99673	1
4	Port Input	15	113957	99673	1
4	Port Input	14	113958	99674	1
4	Port Input	15	113958	99674	1
4	Port Input	14	113958	99674	1
4	Port Input	15	113958	99674	1
4	Port Input	14	113958	99674	1
4	Port Input	15	113958	99674	1
4	Quit		116802	102518
