Scenario - passive press generic training 1.2
Logfile written - 10/08/2020 12:10:25

Trial	Event Type	Code	Time	TTime	Uncertainty	Duration	Uncertainty	ReqTime	ReqDur	Stim Type	Pair Index

1	Picture	83	166	0	1	5004	2	0	4950	other	0
1	Picture	82	10174	10008	1	5004	2	9950	4950	other	0
1	Picture	81	20182	20016	1	5004	2	19950	4950	other	0
1	Picture	80	30190	30024	1	5004	2	29950	4950	other	0
1	Picture	81	40198	40032	1	10008	2	39950	9950	other	0
1	Port Input	14	45237	45071	1
1	Port Input	15	45237	45071	1
1	Port Input	14	45237	45071	1
1	Port Input	15	45237	45071	2
1	Response	100	45237	45071	1
1	Port Input	14	45238	45072	1
1	Port Input	15	45238	45072	1
1	Port Input	14	45238	45072	1
1	Port Input	15	45238	45072	1
1	Port Input	14	45238	45072	1
1	Port Input	15	45238	45072	1
1	Port Input	14	45238	45072	1
1	Port Input	15	45238	45072	1
1	Port Input	14	45238	45072	1
1	Port Input	15	45239	45073	1
1	Port Input	14	45239	45073	1
1	Port Input	15	45239	45073	1
1	Port Input	14	45239	45073	1
1	Port Input	15	45240	45074	1
1	Port Input	14	45240	45074	1
1	Port Input	15	45240	45074	1
1	Port Input	14	45240	45074	1
1	Port Input	15	45240	45074	1
1	Port Input	14	45240	45074	1
1	Port Input	15	45240	45074	1
1	Port Input	14	45240	45074	1
1	Port Input	15	45241	45075	1
1	Port Input	14	45241	45075	1
1	Port Input	15	45241	45075	1
1	Port Input	14	45241	45075	1
1	Port Input	15	45241	45075	1
1	Port Input	14	45241	45075	2
1	Port Input	15	45242	45076	1
1	Port Input	14	45242	45076	1
1	Port Input	15	45242	45076	1
1	Port Input	14	45242	45076	1
1	Port Input	15	45242	45076	1
1	Port Input	14	45242	45076	1
1	Port Input	15	45242	45076	1
1	Port Input	14	45242	45076	1
1	Port Input	15	45242	45076	1
1	Port Input	14	45243	45077	1
1	Port Input	15	45244	45078	1
1	Port Input	14	45244	45078	1
1	Port Input	15	45244	45078	1
1	Port Input	14	45244	45078	1
1	Port Input	15	45244	45078	1
1	Port Input	14	45244	45078	1
1	Port Input	15	45244	45078	1
1	Port Input	14	45244	45078	1
1	Port Input	15	45269	45103	1
1	Port Input	14	45269	45103	1
1	Port Input	15	45804	45638	2
1	Port Input	14	45805	45639	1
1	Port Input	15	45806	45640	1
1	Port Input	14	45806	45640	1
1	Port Input	15	45813	45647	1
1	Port Input	14	45813	45647	1
1	Port Input	15	45816	45650	1
1	Port Input	14	45816	45650	1
1	Port Input	15	45818	45652	1
1	Port Input	14	45818	45652	1
1	Port Input	15	45822	45656	1
1	Port Input	14	45822	45656	1
1	Port Input	15	45824	45658	1
1	Port Input	14	45824	45658	1
1	Port Input	15	45825	45659	1
1	Port Input	14	45825	45659	1
1	Port Input	15	45826	45660	1
1	Port Input	14	45826	45660	1
1	Port Input	15	45827	45661	1
1	Port Input	14	45827	45661	1
1	Port Input	15	45827	45661	1
1	Port Input	14	45827	45661	1
1	Port Input	15	45829	45663	1
1	Port Input	14	45829	45663	1
1	Port Input	15	45831	45665	1
1	Port Input	14	45831	45665	1
1	Port Input	15	45832	45666	1
1	Port Input	14	45832	45666	1
1	Port Input	15	45832	45666	1
1	Port Input	14	45832	45666	1
1	Port Input	15	45854	45688	1
1	Port Input	14	45854	45688	1
1	Port Input	15	45856	45690	1
1	Port Input	14	45856	45690	1
1	Port Input	15	45856	45690	1
1	Port Input	14	45856	45690	1
1	Port Input	15	45859	45693	1
1	Port Input	14	45859	45693	1
1	Port Input	15	45860	45694	1
1	Port Input	14	45860	45694	1
1	Port Input	15	45860	45694	1
1	Port Input	14	45860	45694	1
1	Port Input	15	45861	45695	1
1	Port Input	14	45861	45695	1
1	Port Input	15	45861	45695	1
1	Port Input	14	45861	45695	1
1	Port Input	15	45862	45696	1
1	Port Input	14	45862	45696	1
1	Port Input	15	45866	45700	1
1	Port Input	14	45866	45700	1
1	Port Input	15	45866	45700	2
1	Port Input	14	45867	45701	1
1	Port Input	15	45867	45701	1
1	Port Input	14	45867	45701	1
1	Port Input	15	45868	45702	1
1	Port Input	14	45868	45702	1
1	Port Input	15	45868	45702	1
1	Port Input	14	45868	45702	1
1	Port Input	15	45869	45703	1
1	Port Input	14	45869	45703	1
1	Port Input	15	45870	45704	1
1	Port Input	14	45870	45704	1
1	Port Input	15	45870	45704	1
1	Port Input	14	45870	45704	2
1	Port Input	15	45871	45705	1
1	Port Input	14	45871	45705	1
1	Port Input	15	45871	45705	1
1	Port Input	14	45871	45705	1
1	Port Input	15	45871	45705	1
1	Port Input	14	45871	45705	1
1	Port Input	15	45872	45706	1
1	Port Input	14	45872	45706	1
1	Port Input	15	45875	45709	1
1	Port Input	14	45875	45709	1
1	Port Input	15	45877	45711	1
1	Port Input	14	45877	45711	1
1	Port Input	15	45878	45712	1
1	Port Input	14	45878	45712	1
1	Port Input	15	45879	45713	1
1	Port Input	14	45879	45713	1
1	Port Input	15	45883	45717	1
1	Port Input	14	45883	45717	2
1	Port Input	15	45909	45743	1
1	Port Input	14	45909	45743	1
1	Port Input	15	47353	47187	1
1	Port Input	14	47353	47187	1
1	Response	100	47353	47187	1
1	Port Input	15	47361	47195	1
1	Port Input	14	47361	47195	1
1	Port Input	15	47363	47197	1
1	Port Input	14	47363	47197	1
1	Port Input	15	47365	47199	1
1	Port Input	14	47365	47199	1
1	Port Input	15	47366	47200	1
1	Port Input	14	47366	47200	1
1	Port Input	15	47367	47201	1
1	Port Input	14	47367	47201	1
1	Port Input	15	47367	47201	1
1	Port Input	14	47367	47201	1
1	Port Input	15	47370	47204	1
1	Port Input	14	47370	47204	1
1	Port Input	15	47371	47205	1
1	Port Input	14	47371	47205	1
1	Port Input	15	47372	47206	1
1	Port Input	14	47372	47206	1
1	Port Input	15	47372	47206	1
1	Port Input	14	47372	47206	1
1	Port Input	15	47373	47207	1
1	Port Input	14	47373	47207	1
1	Port Input	15	47373	47207	1
1	Port Input	14	47373	47207	1
1	Port Input	15	47373	47207	1
1	Port Input	14	47373	47207	1
1	Port Input	15	47376	47210	1
1	Port Input	14	47376	47210	1
1	Port Input	15	47377	47211	1
1	Port Input	14	47377	47211	1
1	Port Input	15	47377	47211	1
1	Port Input	14	47377	47211	2
1	Port Input	15	47378	47212	1
1	Port Input	14	47378	47212	1
1	Port Input	15	47379	47213	1
1	Port Input	14	47379	47213	1
1	Port Input	15	47379	47213	2
1	Port Input	14	47380	47214	1
1	Port Input	15	47380	47214	1
1	Port Input	14	47380	47214	1
1	Port Input	15	47380	47214	1
1	Port Input	14	47380	47214	1
1	Port Input	15	47381	47215	1
1	Port Input	14	47381	47215	1
1	Port Input	15	47381	47215	1
1	Port Input	14	47381	47215	1
1	Port Input	15	47383	47217	1
1	Port Input	14	47383	47217	1
1	Port Input	15	47383	47217	1
1	Port Input	14	47383	47217	1
1	Port Input	15	47383	47217	1
1	Port Input	14	47383	47217	1
1	Port Input	15	47384	47218	1
1	Port Input	14	47384	47218	1
1	Port Input	15	47385	47219	1
1	Port Input	14	47385	47219	1
1	Port Input	15	47386	47220	1
1	Port Input	14	47386	47220	1
1	Port Input	15	47387	47221	1
1	Port Input	14	47387	47221	1
1	Port Input	15	47387	47221	1
1	Port Input	14	47387	47221	1
1	Port Input	15	47389	47223	1
1	Port Input	14	47389	47223	1
1	Port Input	15	47390	47224	1
1	Port Input	14	47390	47224	1
1	Port Input	15	47390	47224	1
1	Port Input	14	47390	47224	1
1	Port Input	15	47392	47226	1
1	Port Input	14	47392	47226	1
1	Port Input	15	47393	47227	1
1	Port Input	14	47393	47227	1
1	Port Input	15	47394	47228	1
1	Port Input	14	47394	47228	1
1	Port Input	15	47394	47228	1
1	Port Input	14	47394	47228	1
1	Port Input	15	47396	47230	1
1	Port Input	14	47396	47230	1
1	Port Input	15	47397	47231	1
1	Port Input	14	47397	47231	1
1	Port Input	15	47399	47233	2
1	Port Input	14	47399	47233	2
1	Port Input	15	47401	47235	1
1	Port Input	14	47401	47235	1
1	Port Input	15	47402	47236	1
1	Port Input	14	47402	47236	1
1	Port Input	15	47403	47237	1
1	Port Input	14	47403	47237	1
1	Port Input	15	47404	47238	1
1	Port Input	14	47404	47238	1
1	Port Input	15	47406	47240	1
1	Port Input	14	47406	47240	1
1	Port Input	15	47406	47240	1
1	Port Input	14	47406	47240	1
1	Port Input	15	47410	47244	1
1	Port Input	14	47410	47244	1
1	Port Input	15	47411	47245	1
1	Port Input	14	47411	47245	1
1	Port Input	15	47411	47245	2
1	Port Input	14	47412	47246	1
1	Port Input	15	47412	47246	1
1	Port Input	14	47412	47246	1
1	Port Input	15	47413	47247	1
1	Port Input	14	47413	47247	1
1	Port Input	15	47415	47249	1
1	Port Input	14	47415	47249	1
1	Port Input	15	47418	47252	1
1	Port Input	14	47418	47252	1
1	Port Input	15	47420	47254	1
1	Port Input	14	47420	47254	1
1	Port Input	15	47430	47264	1
1	Port Input	14	47430	47264	1
1	Port Input	15	47430	47264	1
1	Port Input	14	47430	47264	1
1	Port Input	15	47432	47266	1
1	Port Input	14	47432	47266	1
1	Port Input	15	47436	47270	1
1	Port Input	14	47436	47270	1
1	Port Input	15	47436	47270	1
1	Port Input	14	47436	47270	1
1	Port Input	15	47441	47275	1
1	Port Input	14	47441	47275	1
1	Port Input	15	47447	47281	1
1	Port Input	14	47447	47281	1
1	Port Input	15	47448	47282	1
1	Port Input	14	47448	47282	1
1	Port Input	15	47449	47283	1
1	Port Input	14	47449	47283	1
1	Port Input	15	47456	47290	1
1	Port Input	14	47456	47290	1
1	Port Input	15	47701	47535	1
1	Port Input	14	47701	47535	1
1	Port Input	15	47701	47535	1
1	Port Input	14	47701	47535	1
1	Port Input	15	47704	47538	1
1	Port Input	14	47704	47538	1
1	Port Input	15	47704	47538	1
1	Port Input	14	47704	47538	1
1	Port Input	15	47704	47538	1
1	Port Input	14	47704	47538	1
1	Port Input	15	47705	47539	1
1	Port Input	14	47705	47539	1
1	Port Input	15	47707	47541	1
1	Port Input	14	47707	47541	1
1	Port Input	15	47707	47541	2
1	Port Input	14	47708	47542	1
1	Port Input	15	47708	47542	1
1	Port Input	14	47708	47542	1
1	Port Input	15	47708	47542	1
1	Port Input	14	47708	47542	1
1	Port Input	15	47708	47542	1
1	Port Input	14	47708	47542	1
1	Port Input	15	47708	47542	1
1	Port Input	14	47708	47542	1
1	Port Input	15	47708	47542	1
1	Port Input	14	47708	47542	1
1	Port Input	15	47709	47543	1
1	Port Input	14	47709	47543	1
1	Port Input	15	47709	47543	1
1	Port Input	14	47709	47543	1
1	Port Input	15	47709	47543	1
1	Port Input	14	47709	47543	1
1	Port Input	15	47709	47543	1
1	Port Input	14	47709	47543	1
1	Port Input	15	47709	47543	1
1	Port Input	14	47709	47543	1
1	Port Input	15	47709	47543	1
1	Port Input	14	47709	47543	1
1	Port Input	15	47710	47544	1
1	Port Input	14	47710	47544	1
1	Port Input	15	47710	47544	1
1	Port Input	14	47710	47544	1
1	Port Input	15	47710	47544	1
1	Port Input	14	47710	47544	1
1	Port Input	15	47710	47544	1
1	Port Input	14	47710	47544	1
1	Port Input	15	47710	47544	1
1	Port Input	14	47710	47544	1
1	Port Input	15	47711	47545	1
1	Port Input	14	47711	47545	1
1	Port Input	15	47711	47545	1
1	Port Input	14	47711	47545	1
1	Port Input	15	47711	47545	1
1	Port Input	14	47711	47545	1
1	Port Input	15	47711	47545	1
1	Port Input	14	47711	47545	1
1	Port Input	15	47711	47545	1
1	Port Input	14	47712	47546	1
1	Port Input	15	47712	47546	1
1	Port Input	14	47712	47546	1
1	Port Input	15	47712	47546	1
1	Port Input	14	47712	47546	1
1	Port Input	15	47712	47546	1
1	Port Input	14	47712	47546	1
1	Port Input	15	47712	47546	1
1	Port Input	14	47712	47546	1
1	Port Input	15	47712	47546	1
1	Port Input	14	47712	47546	1
1	Port Input	15	47712	47546	1
1	Port Input	14	47712	47546	1
1	Port Input	15	47712	47546	1
1	Port Input	14	47712	47546	1
1	Port Input	15	47712	47546	2
1	Port Input	14	47713	47547	1
1	Port Input	15	47713	47547	1
1	Port Input	14	47714	47548	1
1	Port Input	15	47714	47548	1
1	Picture	81	60214	60048	1	10008	2	59950	9950	other	0
1	Port Input	14	66519	66353	1
1	Port Input	15	66519	66353	1
1	Port Input	14	66519	66353	1
1	Port Input	15	66519	66353	1
1	Port Input	14	66519	66353	1
1	Port Input	15	66519	66353	1
1	Port Input	14	66519	66353	1
1	Port Input	15	66519	66353	1
1	Port Input	14	66519	66353	1
1	Response	100	66519	66353	1
1	Port Input	15	66520	66354	1
1	Port Input	14	66520	66354	1
1	Port Input	15	66520	66354	1
1	Port Input	14	66520	66354	1
1	Port Input	15	66520	66354	1
1	Port Input	14	66520	66354	1
1	Port Input	15	66520	66354	1
1	Port Input	14	66520	66354	1
1	Port Input	15	66521	66355	1
1	Port Input	14	66521	66355	1
1	Port Input	15	66521	66355	1
1	Port Input	14	66521	66355	1
1	Port Input	15	66521	66355	1
1	Port Input	14	66521	66355	1
1	Port Input	15	66796	66630	1
1	Port Input	14	66796	66630	1
1	Port Input	15	66796	66630	1
1	Port Input	14	66796	66630	1
1	Port Input	15	66800	66634	1
1	Port Input	14	66800	66634	1
1	Port Input	15	66808	66642	1
1	Port Input	14	66808	66642	1
1	Port Input	15	66855	66689	1
1	Port Input	14	66855	66689	1
1	Port Input	15	66860	66694	2
1	Port Input	14	66861	66695	1
1	Port Input	15	66888	66722	1
1	Port Input	14	66888	66722	1
1	Port Input	15	66890	66724	1
1	Port Input	14	66890	66724	1
1	Port Input	15	66892	66726	1
1	Port Input	14	66892	66726	1
1	Port Input	15	66892	66726	1
1	Port Input	14	66892	66726	1
1	Port Input	15	66893	66727	1
1	Port Input	14	66893	66727	1
1	Port Input	15	66898	66732	1
1	Port Input	14	66898	66732	1
1	Port Input	15	66902	66736	1
1	Port Input	14	66902	66736	1
1	Port Input	15	66903	66737	1
1	Port Input	14	66903	66737	1
1	Port Input	15	66904	66738	1
1	Port Input	14	66904	66738	1
1	Port Input	15	66912	66746	1
1	Port Input	14	66912	66746	1
1	Port Input	15	66915	66749	1
1	Port Input	14	66915	66749	1
1	Port Input	15	66915	66749	1
1	Port Input	14	66915	66749	1
1	Port Input	15	66920	66754	1
1	Port Input	14	66920	66754	1
1	Port Input	15	66922	66756	1
1	Port Input	14	66922	66756	1
1	Port Input	15	66922	66756	1
1	Port Input	14	66922	66756	1
1	Port Input	15	66925	66759	1
1	Port Input	14	66925	66759	1
1	Port Input	15	66931	66765	1
1	Port Input	14	66931	66765	1
1	Port Input	15	66933	66767	1
1	Port Input	14	66933	66767	1
1	Port Input	15	66941	66775	1
1	Port Input	14	66941	66775	1
1	Port Input	15	66942	66776	1
1	Port Input	14	66942	66776	1
1	Port Input	15	66944	66778	1
1	Port Input	14	66944	66778	1
1	Port Input	15	66946	66780	1
1	Port Input	14	66946	66780	1
1	Port Input	15	66984	66818	1
1	Port Input	14	66984	66818	1
1	Port Input	15	67019	66853	1
1	Port Input	14	67019	66853	1
1	Port Input	15	67170	67004	2
1	Port Input	14	67170	67004	2
1	Port Input	15	67171	67005	1
1	Port Input	14	67171	67005	1
1	Port Input	15	67172	67006	1
1	Port Input	14	67172	67006	1
1	Port Input	15	67175	67009	1
1	Port Input	14	67175	67009	1
1	Port Input	15	67178	67012	1
1	Port Input	14	67178	67012	1
1	Port Input	15	67189	67023	1
1	Port Input	14	67189	67023	1
1	Port Input	15	67191	67025	1
1	Port Input	14	67191	67025	1
1	Port Input	15	67202	67036	1
1	Port Input	14	67203	67037	1
1	Port Input	15	67220	67054	1
1	Port Input	14	67220	67054	1
1	Port Input	15	67231	67065	1
1	Port Input	14	67231	67065	1
1	Port Input	15	67257	67091	1
1	Port Input	14	67257	67091	1
1	Port Input	15	67258	67092	1
1	Port Input	14	67258	67092	1
1	Port Input	15	67265	67099	1
1	Port Input	14	67265	67099	2
1	Port Input	15	67303	67137	1
1	Port Input	14	67303	67137	1
1	Port Input	15	67370	67204	1
1	Port Input	14	67370	67204	1
1	Port Input	15	67421	67255	1
1	Port Input	14	67421	67255	1
1	Port Input	15	67609	67443	1
1	Port Input	14	67609	67443	1
1	Port Input	15	69400	69234	1
1	Port Input	14	69400	69234	1
1	Response	100	69400	69234	1
1	Port Input	15	69401	69235	1
1	Port Input	14	69401	69235	1
1	Port Input	15	69401	69235	1
1	Port Input	14	69401	69235	1
1	Port Input	15	69420	69254	1
1	Port Input	14	69420	69254	1
1	Port Input	15	69423	69257	1
1	Port Input	14	69423	69257	1
1	Port Input	15	69480	69314	1
1	Port Input	14	69480	69314	1
1	Port Input	15	69524	69358	1
1	Port Input	14	69524	69358	2
1	Port Input	15	69531	69365	1
1	Port Input	14	69531	69365	1
1	Port Input	15	69532	69366	1
1	Port Input	14	69532	69366	1
1	Port Input	15	69542	69376	1
1	Port Input	14	69542	69376	1
1	Port Input	15	69547	69381	1
1	Port Input	14	69547	69381	1
1	Port Input	15	69587	69421	1
1	Port Input	14	69587	69421	1
1	Port Input	15	69588	69422	1
1	Port Input	14	69588	69422	1
1	Port Input	15	69590	69424	1
1	Port Input	14	69590	69424	1
1	Port Input	15	69594	69428	1
1	Port Input	14	69594	69428	1
1	Port Input	15	69595	69429	1
1	Port Input	14	69595	69429	1
1	Port Input	15	69596	69430	1
1	Port Input	14	69596	69430	1
1	Port Input	15	69597	69431	1
1	Port Input	14	69597	69431	1
1	Port Input	15	69599	69433	1
1	Port Input	14	69599	69433	1
1	Port Input	15	69599	69433	1
1	Port Input	14	69599	69433	1
1	Port Input	15	69600	69434	1
1	Port Input	14	69600	69434	1
1	Port Input	15	69600	69434	1
1	Port Input	14	69600	69434	1
1	Port Input	15	69604	69438	1
1	Port Input	14	69604	69438	1
1	Port Input	15	69607	69441	1
1	Port Input	14	69607	69441	1
1	Port Input	15	69607	69441	1
1	Port Input	14	69607	69441	1
1	Port Input	15	69608	69442	1
1	Port Input	14	69608	69442	2
1	Port Input	15	69609	69443	1
1	Port Input	14	69609	69443	1
1	Port Input	15	69609	69443	1
1	Port Input	14	69609	69443	1
1	Port Input	15	69611	69445	1
1	Port Input	14	69611	69445	1
1	Port Input	15	69615	69449	1
1	Port Input	14	69615	69449	1
1	Port Input	15	69618	69452	2
1	Port Input	14	69618	69452	2
1	Port Input	15	69621	69455	1
1	Port Input	14	69621	69455	1
1	Port Input	15	69622	69456	1
1	Port Input	14	69622	69456	1
1	Port Input	15	69622	69456	1
1	Port Input	14	69622	69456	1
1	Port Input	15	69625	69459	1
1	Port Input	14	69625	69459	1
1	Port Input	15	69625	69459	1
1	Port Input	14	69625	69459	1
1	Port Input	15	69627	69461	1
1	Port Input	14	69627	69461	1
1	Port Input	15	69628	69462	1
1	Port Input	14	69628	69462	1
1	Port Input	15	69633	69467	1
1	Port Input	14	69633	69467	1
1	Port Input	15	69634	69468	1
1	Port Input	14	69634	69468	1
1	Port Input	15	69930	69764	1
1	Port Input	14	69930	69764	1
1	Port Input	15	69930	69764	1
1	Port Input	14	69930	69764	1
1	Port Input	15	69930	69764	1
1	Port Input	14	69930	69764	1
1	Port Input	15	69930	69764	1
1	Port Input	14	69930	69764	1
1	Port Input	15	69931	69765	1
1	Port Input	14	69931	69765	1
1	Port Input	15	69931	69765	1
1	Port Input	14	69931	69765	1
1	Port Input	15	69931	69765	1
1	Port Input	14	69931	69765	1
1	Port Input	15	69931	69765	1
1	Port Input	14	69931	69765	1
1	Port Input	15	69932	69766	1
1	Port Input	14	69932	69766	1
1	Port Input	15	69932	69766	1
1	Port Input	14	69932	69766	1
1	Port Input	15	69932	69766	1
1	Port Input	14	69932	69766	1
1	Port Input	15	69932	69766	1
1	Port Input	14	69932	69766	1
1	Port Input	15	69933	69767	1
1	Port Input	14	69933	69767	1
1	Port Input	15	69933	69767	1
1	Picture	81	80230	80064	1	10008	2	79950	9950	other	0
1	Port Input	14	86980	86814	1
1	Port Input	15	86980	86814	1
1	Port Input	14	86980	86814	1
1	Port Input	15	86980	86814	1
1	Port Input	14	86980	86814	1
1	Port Input	15	86980	86814	1
1	Port Input	14	86980	86814	1
1	Port Input	15	86980	86814	1
1	Port Input	14	86980	86814	1
1	Response	100	86980	86814	1
1	Port Input	15	86981	86815	1
1	Port Input	14	86981	86815	1
1	Port Input	15	86981	86815	1
1	Port Input	14	86981	86815	1
1	Port Input	15	86981	86815	1
1	Port Input	14	86981	86815	1
1	Port Input	15	86981	86815	1
1	Port Input	14	86981	86815	1
1	Port Input	15	86982	86816	1
1	Port Input	14	86982	86816	1
1	Port Input	15	86982	86816	1
1	Port Input	14	86982	86816	1
1	Port Input	15	86984	86818	1
1	Port Input	14	86984	86818	1
1	Port Input	15	86984	86818	1
1	Port Input	14	86984	86818	1
1	Port Input	15	87012	86846	1
1	Port Input	14	87012	86846	1
1	Port Input	15	87014	86848	1
1	Port Input	14	87014	86848	1
1	Port Input	15	87014	86848	1
1	Port Input	14	87014	86848	1
1	Port Input	15	87015	86849	1
1	Port Input	14	87015	86849	1
1	Port Input	15	87117	86951	2
1	Port Input	14	87117	86951	2
1	Port Input	15	87118	86952	1
1	Port Input	14	87118	86952	1
1	Port Input	15	87119	86953	1
1	Port Input	14	87119	86953	1
1	Port Input	15	87120	86954	1
1	Port Input	14	87120	86954	1
1	Port Input	15	87120	86954	1
1	Port Input	14	87120	86954	1
1	Port Input	15	87120	86954	1
1	Port Input	14	87120	86954	1
1	Port Input	15	87120	86954	1
1	Port Input	14	87120	86954	1
1	Port Input	15	87155	86989	1
1	Port Input	14	87155	86989	1
1	Port Input	15	87226	87060	1
1	Port Input	14	87226	87060	2
1	Port Input	15	87336	87170	1
1	Port Input	14	87336	87170	1
1	Port Input	15	87585	87419	1
1	Port Input	14	87585	87419	1
1	Port Input	15	87590	87424	1
1	Port Input	14	87590	87424	2
1	Port Input	15	87591	87425	1
1	Port Input	14	87591	87425	1
1	Port Input	15	87594	87428	1
1	Port Input	14	87594	87428	1
1	Port Input	15	87594	87428	1
1	Port Input	14	87594	87428	1
1	Port Input	15	87595	87429	1
1	Port Input	14	87595	87429	1
1	Port Input	15	87603	87437	1
1	Port Input	14	87603	87437	1
1	Port Input	15	87629	87463	1
1	Port Input	14	87629	87463	1
1	Port Input	15	87936	87770	1
1	Port Input	14	87936	87770	1
1	Port Input	15	87961	87795	1
1	Port Input	14	87961	87795	1
1	Port Input	15	88664	88498	1
1	Port Input	14	88664	88498	2
1	Port Input	15	88913	88747	1
1	Port Input	14	88913	88747	1
1	Port Input	15	88929	88763	1
1	Port Input	14	88929	88763	1
1	Port Input	15	88936	88770	1
1	Port Input	14	88936	88770	1
1	Port Input	15	88939	88773	1
1	Port Input	14	88939	88773	1
1	Port Input	15	88955	88789	1
1	Port Input	14	88955	88789	1
1	Port Input	15	88990	88824	1
1	Port Input	14	88990	88824	1
1	Response	100	88990	88824	1
1	Port Input	15	89002	88836	1
1	Port Input	14	89002	88836	1
1	Port Input	15	89002	88836	1
1	Port Input	14	89002	88836	1
1	Port Input	15	89003	88837	1
1	Port Input	14	89003	88837	1
1	Port Input	15	89012	88846	1
1	Port Input	14	89012	88846	1
1	Port Input	15	89026	88860	1
1	Port Input	14	89026	88860	1
1	Port Input	15	89036	88870	1
1	Port Input	14	89036	88870	1
1	Port Input	15	89074	88908	1
1	Port Input	14	89074	88908	1
1	Port Input	15	89104	88938	1
1	Port Input	14	89104	88938	1
1	Port Input	15	89110	88944	1
1	Port Input	14	89110	88944	1
1	Port Input	15	89158	88992	1
1	Port Input	14	89158	88992	1
1	Port Input	15	89224	89058	1
1	Port Input	14	89224	89058	1
1	Port Input	15	89247	89081	1
1	Port Input	14	89247	89081	1
1	Port Input	15	89247	89081	1
1	Port Input	14	89247	89081	1
1	Port Input	15	89255	89089	1
1	Port Input	14	89255	89089	1
1	Port Input	15	89262	89096	1
1	Port Input	14	89262	89096	1
1	Port Input	15	89264	89098	1
1	Port Input	14	89264	89098	1
1	Port Input	15	89273	89107	1
1	Port Input	14	89273	89107	1
1	Port Input	15	89277	89111	1
1	Port Input	14	89277	89111	1
1	Port Input	15	89277	89111	1
1	Port Input	14	89277	89111	1
1	Port Input	15	89281	89115	1
1	Port Input	14	89281	89115	1
1	Port Input	15	89282	89116	1
1	Port Input	14	89282	89116	1
1	Port Input	15	89283	89117	1
1	Port Input	14	89283	89117	1
1	Port Input	15	89288	89122	1
1	Port Input	14	89288	89122	1
1	Port Input	15	89297	89131	1
1	Port Input	14	89297	89131	1
1	Port Input	15	89298	89132	1
1	Port Input	14	89298	89132	1
1	Port Input	15	89303	89137	1
1	Port Input	14	89303	89137	1
1	Port Input	15	89304	89138	1
1	Port Input	14	89304	89138	1
1	Port Input	15	89305	89139	1
1	Port Input	14	89305	89139	1
1	Port Input	15	89311	89145	1
1	Port Input	14	89311	89145	1
1	Port Input	15	89311	89145	1
1	Port Input	14	89311	89145	1
1	Port Input	15	89312	89146	1
1	Port Input	14	89312	89146	1
1	Port Input	15	89313	89147	1
1	Port Input	14	89313	89147	1
1	Port Input	15	89316	89150	1
1	Port Input	14	89316	89150	1
1	Port Input	15	89321	89155	1
1	Port Input	14	89321	89155	2
1	Port Input	15	89324	89158	1
1	Port Input	14	89324	89158	1
1	Port Input	15	89324	89158	1
1	Port Input	14	89324	89158	1
1	Port Input	15	89327	89161	1
1	Port Input	14	89327	89161	1
1	Port Input	15	89328	89162	1
1	Port Input	14	89328	89162	1
1	Port Input	15	89328	89162	1
1	Port Input	14	89328	89162	1
1	Port Input	15	89330	89164	1
1	Port Input	14	89330	89164	1
1	Port Input	15	89332	89166	1
1	Port Input	14	89332	89166	1
1	Port Input	15	89337	89171	1
1	Port Input	14	89337	89171	1
1	Port Input	15	89339	89173	1
1	Port Input	14	89339	89173	1
1	Port Input	15	89340	89174	1
1	Port Input	14	89340	89174	1
1	Port Input	15	89343	89177	1
1	Port Input	14	89343	89177	1
1	Port Input	15	89347	89181	1
1	Port Input	14	89347	89181	1
1	Port Input	15	89347	89181	2
1	Port Input	14	89348	89182	1
1	Port Input	15	89349	89183	1
1	Port Input	14	89349	89183	1
1	Port Input	15	89351	89185	1
1	Port Input	14	89351	89185	1
1	Port Input	15	89356	89190	1
1	Port Input	14	89356	89190	1
1	Port Input	15	89361	89195	1
1	Port Input	14	89361	89195	1
1	Port Input	15	89361	89195	1
1	Port Input	14	89361	89195	1
1	Port Input	15	89363	89197	1
1	Port Input	14	89363	89197	1
1	Port Input	15	89364	89198	1
1	Port Input	14	89364	89198	1
1	Port Input	15	89365	89199	1
1	Port Input	14	89365	89199	1
1	Port Input	15	89368	89202	1
1	Port Input	14	89368	89202	1
1	Port Input	15	89370	89204	1
1	Port Input	14	89370	89204	1
1	Port Input	15	89370	89204	1
1	Port Input	14	89370	89204	1
1	Port Input	15	89375	89209	1
1	Port Input	14	89375	89209	1
1	Port Input	15	89377	89211	1
1	Port Input	14	89377	89211	1
1	Port Input	15	89377	89211	1
1	Port Input	14	89377	89211	1
1	Port Input	15	89378	89212	1
1	Port Input	14	89378	89212	1
1	Port Input	15	89378	89212	1
1	Port Input	14	89378	89212	1
1	Port Input	15	89380	89214	1
1	Port Input	14	89380	89214	1
1	Port Input	15	89381	89215	1
1	Port Input	14	89381	89215	1
1	Port Input	15	89381	89215	1
1	Port Input	14	89381	89215	1
1	Port Input	15	89381	89215	1
1	Port Input	14	89381	89215	1
1	Port Input	15	89381	89215	1
1	Port Input	14	89381	89215	2
1	Port Input	15	89382	89216	1
1	Port Input	14	89382	89216	1
1	Port Input	15	89382	89216	1
1	Port Input	14	89382	89216	1
1	Port Input	15	89383	89217	1
1	Port Input	14	89383	89217	1
1	Port Input	15	89383	89217	1
1	Port Input	14	89383	89217	1
1	Port Input	15	89383	89217	1
1	Port Input	14	89383	89217	1
1	Port Input	15	89384	89218	1
1	Port Input	14	89384	89218	1
1	Port Input	15	89384	89218	1
1	Port Input	14	89384	89218	1
1	Port Input	15	89384	89218	1
1	Port Input	14	89384	89218	1
1	Port Input	15	89385	89219	1
1	Port Input	14	89385	89219	1
1	Port Input	15	89385	89219	1
1	Port Input	14	89385	89219	1
1	Port Input	15	89385	89219	1
1	Port Input	14	89385	89219	1
1	Port Input	15	89385	89219	1
1	Port Input	14	89385	89219	1
1	Port Input	15	89385	89219	1
1	Port Input	14	89385	89219	1
1	Port Input	15	89386	89220	1
1	Port Input	14	89386	89220	1
1	Port Input	15	89386	89220	1
1	Port Input	14	89386	89220	1
1	Port Input	15	89386	89220	1
1	Port Input	14	89387	89221	1
1	Port Input	15	89387	89221	1
1	Port Input	14	89387	89221	1
1	Port Input	15	89387	89221	1
1	Port Input	14	89387	89221	1
1	Port Input	15	89388	89222	1
1	Port Input	14	89388	89222	1
1	Port Input	15	89388	89222	1
1	Port Input	14	89388	89222	1
1	Port Input	15	89388	89222	1
1	Port Input	14	89388	89222	1
1	Port Input	15	89388	89222	1
1	Port Input	14	89388	89222	1
1	Port Input	15	89389	89223	1
1	Port Input	14	89389	89223	1
1	Port Input	15	89389	89223	1
1	Port Input	14	89389	89223	1
1	Port Input	15	89389	89223	1
1	Port Input	14	89389	89223	1
1	Port Input	15	89389	89223	1
1	Port Input	14	89389	89223	1
1	Port Input	15	89389	89223	1
1	Port Input	14	89389	89223	1
1	Port Input	15	89389	89223	1
1	Port Input	14	89389	89223	1
1	Port Input	15	89390	89224	1
1	Port Input	14	89390	89224	1
1	Port Input	15	89390	89224	1
1	Port Input	14	89390	89224	1
1	Port Input	15	89390	89224	1
1	Port Input	14	89390	89224	1
1	Port Input	15	89390	89224	1
1	Port Input	14	89390	89224	1
1	Port Input	15	89390	89224	1
1	Port Input	14	89390	89224	1
1	Port Input	15	89391	89225	1
1	Port Input	14	89391	89225	1
1	Port Input	15	89391	89225	1
1	Port Input	14	89391	89225	1
1	Port Input	15	89391	89225	1
1	Port Input	14	89391	89225	1
1	Port Input	15	89392	89226	1
1	Port Input	14	89392	89226	1
1	Port Input	15	89392	89226	1
1	Port Input	14	89392	89226	1
1	Port Input	15	89392	89226	1
1	Port Input	14	89392	89226	1
1	Port Input	15	89392	89226	1
1	Port Input	14	89392	89226	1
1	Port Input	15	89392	89226	1
1	Port Input	14	89392	89226	1
1	Port Input	15	89392	89226	2
1	Port Input	14	89393	89227	1
1	Port Input	15	89393	89227	1
1	Port Input	14	89393	89227	1
1	Port Input	15	89394	89228	1
1	Port Input	14	89394	89228	1
1	Port Input	15	89394	89228	1
1	Port Input	14	89394	89228	1
1	Port Input	15	89394	89228	1
1	Port Input	14	89394	89228	1
1	Port Input	15	89394	89228	1
1	Port Input	14	89394	89228	1
1	Port Input	15	89395	89229	1
1	Port Input	14	89395	89229	1
1	Port Input	15	89395	89229	1
1	Port Input	14	89395	89229	1
1	Port Input	15	89395	89229	1
1	Port Input	14	89395	89229	1
1	Port Input	15	89395	89229	1
1	Port Input	14	89396	89230	1
1	Port Input	15	89396	89230	1
1	Port Input	14	89396	89230	1
1	Port Input	15	89396	89230	1
1	Port Input	14	89396	89230	1
1	Port Input	15	89397	89231	1
1	Port Input	14	89397	89231	1
1	Port Input	15	89397	89231	1
1	Port Input	14	89397	89231	1
1	Port Input	15	89398	89232	1
1	Port Input	14	89398	89232	1
1	Port Input	15	89398	89232	1
1	Port Input	14	89398	89232	1
1	Port Input	15	89398	89232	1
1	Port Input	14	89398	89232	1
1	Port Input	15	89399	89233	1
1	Port Input	14	89399	89233	1
1	Port Input	15	89401	89235	1
1	Port Input	14	89401	89235	1
1	Port Input	15	89402	89236	1
1	Port Input	14	89402	89236	1
1	Port Input	15	89402	89236	1
1	Port Input	14	89402	89236	1
1	Port Input	15	89403	89237	1
1	Port Input	14	89403	89237	1
1	Port Input	15	89403	89237	1
1	Port Input	14	89403	89237	1
1	Port Input	15	89404	89238	1
1	Port Input	14	89404	89238	1
1	Port Input	15	89404	89238	1
1	Port Input	14	89404	89238	1
1	Port Input	15	89407	89241	1
1	Port Input	14	89407	89241	1
1	Port Input	15	89491	89325	1
1	Port Input	14	89491	89325	1
1	Port Input	15	89492	89326	1
1	Port Input	14	89492	89326	1
1	Port Input	15	89505	89339	1
1	Port Input	14	89505	89339	1
1	Port Input	15	89505	89339	1
1	Port Input	14	89505	89339	1
1	Port Input	15	89505	89339	1
1	Port Input	14	89505	89339	1
1	Port Input	15	89505	89339	1
1	Port Input	14	89505	89339	1
1	Port Input	15	89506	89340	1
1	Port Input	14	89506	89340	1
1	Port Input	15	89506	89340	1
1	Port Input	14	89506	89340	1
1	Port Input	15	89506	89340	1
1	Port Input	14	89506	89340	2
1	Port Input	15	89507	89341	1
1	Port Input	14	89507	89341	1
1	Port Input	15	89507	89341	1
1	Port Input	14	89507	89341	1
1	Port Input	15	89507	89341	1
1	Port Input	14	89507	89341	1
1	Port Input	15	89507	89341	1
1	Port Input	14	89507	89341	2
1	Port Input	15	89509	89343	1
1	Port Input	14	89509	89343	1
1	Port Input	15	89509	89343	1
1	Port Input	14	89509	89343	1
1	Port Input	15	89509	89343	1
1	Port Input	14	89509	89343	2
1	Port Input	15	89510	89344	1
1	Port Input	14	89510	89344	1
1	Port Input	15	89510	89344	1
1	Port Input	14	89510	89344	1
1	Port Input	15	89510	89344	1
1	Port Input	14	89510	89344	1
1	Port Input	15	89510	89344	1
1	Port Input	14	89510	89344	1
1	Port Input	15	89511	89345	1
1	Port Input	14	89511	89345	1
1	Port Input	15	89511	89345	1
1	Port Input	14	89511	89345	1
1	Port Input	15	89511	89345	1
1	Port Input	14	89511	89345	1
1	Port Input	15	89511	89345	1
1	Port Input	14	89512	89346	1
1	Port Input	15	89512	89346	1
1	Port Input	14	89512	89346	1
1	Port Input	15	89512	89346	1
1	Port Input	14	89512	89346	1
1	Port Input	15	89512	89346	1
1	Port Input	14	89512	89346	1
1	Port Input	15	89512	89346	1
1	Port Input	14	89512	89346	1
1	Port Input	15	89512	89346	1
1	Port Input	14	89512	89346	1
1	Port Input	15	89512	89346	1
1	Port Input	14	89512	89346	1
1	Port Input	15	89512	89346	2
1	Port Input	14	89513	89347	1
1	Port Input	15	89513	89347	1
2	Port Input	14	110807	20403	4
2	Response	100	110807	20403	4
3	Port Input	15	111008	87	1
3	Port Input	14	111008	87	1
3	Port Input	15	111016	95	2
3	Port Input	14	111017	96	3
3	Port Input	15	111033	112	1
3	Port Input	14	111033	112	1
3	Port Input	15	111076	155	4
3	Port Input	14	111079	158	1
3	Port Input	15	111081	160	4
3	Port Input	14	111084	163	2
3	Port Input	15	111085	164	1
3	Port Input	14	111085	164	3
3	Port Input	15	111109	188	1
3	Port Input	14	111109	188	1
3	Port Input	15	111121	200	1
3	Port Input	14	111121	200	1
3	Port Input	15	111159	238	4
3	Port Input	14	111162	241	1
3	Port Input	15	111167	246	4
3	Port Input	14	111170	249	1
3	Port Input	15	111173	252	3
3	Port Input	14	111175	254	1
3	Port Input	15	111186	265	1
3	Port Input	14	111186	265	1
3	Port Input	15	111189	268	1
3	Port Input	14	111189	268	1
3	Port Input	15	111194	273	1
3	Port Input	14	111194	273	4
3	Port Input	15	111197	276	4
3	Port Input	14	111200	279	1
3	Port Input	15	111200	279	3
3	Port Input	14	111202	281	1
3	Port Input	15	111254	333	1
3	Port Input	14	111254	333	1
3	Port Input	15	111338	417	1
3	Port Input	14	111338	417	4
3	Port Input	15	111346	425	4
3	Port Input	14	111349	428	1
3	Port Input	15	111429	508	1
3	Port Input	14	111429	508	4
3	Port Input	15	112572	1651	4
3	Port Input	14	112575	1654	1
3	Port Input	15	112693	1772	1
3	Port Input	14	112693	1772	4
3	Port Input	15	112741	1820	4
3	Port Input	14	112744	1823	1
3	Port Input	15	112760	1839	4
3	Port Input	14	112763	1842	1
3	Port Input	15	112765	1844	1
3	Port Input	14	112765	1844	1
3	Port Input	15	112771	1850	1
3	Port Input	14	112771	1850	1
3	Port Input	15	112818	1897	1
3	Port Input	14	112818	1897	1
3	Response	100	112818	1897	1
3	Port Input	15	112821	1900	1
3	Port Input	14	112821	1900	3
3	Port Input	15	112831	1910	1
3	Port Input	14	112831	1910	1
3	Port Input	15	112883	1962	1
3	Port Input	14	112883	1962	1
3	Port Input	15	113084	2163	1
3	Port Input	14	113084	2163	1
3	Port Input	15	113092	2171	4
3	Port Input	14	113095	2174	1
3	Port Input	15	113095	2174	4
3	Port Input	14	128853	17932	4
3	Response	100	128853	17932	4
3	Port Input	15	128859	17938	1
3	Port Input	14	128859	17938	1
4	Port Input	15	129114	179	3
4	Port Input	14	129116	181	1
4	Port Input	15	129116	181	4
4	Port Input	14	129119	184	1
4	Port Input	15	129195	260	1
4	Port Input	14	129195	260	3
4	Port Input	15	129817	882	1
4	Port Input	14	129817	882	1
4	Port Input	15	129864	929	3
4	Port Input	14	129866	931	1
4	Port Input	15	130524	1589	1
4	Port Input	14	130524	1589	3
4	Port Input	15	130529	1594	4
4	Port Input	14	130532	1597	1
4	Port Input	15	130548	1613	1
4	Port Input	14	130548	1613	1
4	Port Input	15	130548	1613	4
4	Port Input	14	130551	1616	1
4	Port Input	15	130592	1657	1
4	Port Input	14	130592	1657	1
4	Port Input	15	130683	1748	2
4	Port Input	14	130683	1748	4
4	Port Input	15	130912	1977	1
4	Port Input	14	130912	1977	1
4	Port Input	15	130912	1977	3
4	Response	100	130912	1977	1
4	Port Input	14	150265	21330	4
4	Response	100	150265	21330	4
4	Port Input	15	150268	21333	1
4	Port Input	14	150268	21333	1
4	Port Input	15	150272	21337	1
4	Port Input	14	150272	21337	1
5	Port Input	15	151634	1361	1
5	Port Input	14	151634	1361	1
5	Port Input	15	151656	1383	1
5	Port Input	14	151656	1383	1
5	Port Input	15	151661	1388	1
5	Port Input	14	171240	20967	4
5	Response	100	171240	20967	4
5	Port Input	15	171243	20970	1
5	Port Input	14	171243	20970	1
6	Port Input	15	172726	1424	2
6	Port Input	14	172727	1425	1
6	Port Input	15	172729	1427	1
6	Port Input	14	172729	1427	1
6	Port Input	15	172729	1427	4
6	Port Input	14	172732	1430	1
6	Port Input	15	172732	1430	1
6	Port Input	14	190452	19150	1
6	Port Input	15	190452	19150	1
6	Port Input	14	190452	19150	4
6	Response	100	190452	19150	1
7	Port Input	15	190688	204	4
7	Port Input	14	190691	207	1
7	Port Input	15	190696	212	1
7	Port Input	14	190699	215	3
7	Port Input	15	190704	220	4
7	Port Input	14	190707	223	1
7	Port Input	15	190723	239	1
7	Port Input	14	190723	239	1
7	Port Input	15	190728	244	4
7	Port Input	14	190731	247	1
7	Port Input	15	190731	247	4
7	Port Input	14	190734	250	1
7	Port Input	15	190745	261	3
7	Port Input	14	190747	263	1
7	Port Input	15	190747	263	4
7	Port Input	14	190750	266	1
7	Port Input	15	190753	269	1
7	Port Input	14	190753	269	1
7	Port Input	15	190753	269	3
7	Port Input	14	190755	271	1
7	Port Input	15	190764	280	1
7	Port Input	14	190764	280	1
7	Port Input	15	191201	717	1
7	Port Input	14	191201	717	1
7	Port Input	15	191723	1239	4
7	Port Input	14	191726	1242	1
7	Port Input	15	191752	1268	1
7	Port Input	14	191752	1268	1
7	Port Input	15	191758	1274	1
7	Port Input	14	191758	1274	1
7	Port Input	15	191782	1298	3
7	Port Input	14	191784	1300	2
7	Port Input	15	191803	1319	1
7	Port Input	14	191803	1319	1
7	Port Input	15	192024	1540	1
7	Port Input	14	192024	1540	1
7	Port Input	15	192032	1548	4
7	Port Input	14	192035	1551	1
7	Port Input	15	192035	1551	1
7	Port Input	14	211165	20681	4
7	Response	100	211165	20681	4
8	Port Input	15	211575	241	1
8	Port Input	14	211575	241	1
8	Port Input	15	211602	268	4
8	Port Input	14	211605	271	1
8	Port Input	15	211608	274	1
8	Port Input	14	211608	274	1
8	Port Input	15	211799	465	3
8	Port Input	14	211801	467	1
8	Port Input	15	212387	1053	1
8	Port Input	14	212387	1053	1
8	Port Input	15	212395	1061	1
8	Port Input	14	230009	18675	3
8	Response	100	230009	18675	3
8	Port Input	15	230011	18677	1
8	Port Input	14	230011	18677	2
9	Port Input	15	230411	229	1
9	Port Input	14	230411	229	1
9	Port Input	15	230414	232	1
9	Port Input	14	230414	232	1
9	Port Input	15	230425	243	1
9	Port Input	14	230425	243	1
9	Port Input	15	230439	257	1
9	Port Input	14	230439	257	1
9	Port Input	15	230487	305	1
9	Port Input	14	230487	305	1
9	Port Input	15	230501	319	1
9	Port Input	14	230501	319	1
9	Port Input	15	230575	393	4
9	Port Input	14	230578	396	1
9	Port Input	15	230595	413	1
9	Port Input	14	230595	413	3
9	Port Input	15	230600	418	1
9	Port Input	14	230600	418	1
9	Port Input	15	230664	482	2
9	Port Input	14	230665	483	1
9	Port Input	15	230760	578	1
9	Port Input	14	230760	578	1
9	Port Input	15	230809	627	1
9	Port Input	14	230809	627	4
9	Port Input	15	231393	1211	1
9	Port Input	14	231393	1211	2
9	Port Input	15	231404	1222	1
9	Port Input	14	249348	19166	3
9	Response	100	249348	19166	3
10	Port Input	15	250509	978	1
10	Port Input	14	250512	981	1
10	Port Input	15	250512	981	1
10	Port Input	14	250512	981	1
10	Port Input	15	250512	981	4
10	Port Input	14	250515	984	1
10	Port Input	15	250517	986	4
10	Port Input	14	268935	19404	3
10	Response	100	268935	19404	3
11	Port Input	15	269232	186	1
11	Port Input	14	269232	186	1
11	Port Input	15	269238	192	3
11	Port Input	14	269240	194	1
11	Port Input	15	269241	195	3
11	Port Input	14	269243	197	1
11	Port Input	15	269335	289	1
11	Port Input	14	269335	289	1
11	Port Input	15	269461	415	1
11	Port Input	14	269461	415	3
11	Port Input	15	269643	597	1
11	Port Input	14	269643	597	1
11	Port Input	15	269711	665	1
11	Port Input	14	269711	665	1
11	Port Input	15	269859	813	4
11	Port Input	14	269862	816	1
11	Port Input	15	270314	1268	3
11	Port Input	14	288455	19409	3
11	Response	100	288455	19409	3
11	Port Input	15	288457	19411	2
11	Port Input	14	288457	19411	2
12	Port Input	15	289169	607	1
12	Port Input	14	289169	607	4
12	Port Input	15	289220	658	1
12	Port Input	14	289220	658	1
12	Port Input	15	289236	674	1
12	Port Input	14	289236	674	1
12	Port Input	15	289298	736	1
12	Port Input	14	289298	736	1
12	Port Input	15	289304	742	1
12	Port Input	14	289304	742	4
12	Port Input	15	289400	838	1
12	Port Input	14	289400	838	1
12	Port Input	15	289448	886	3
12	Port Input	14	289450	888	1
12	Port Input	15	289456	894	1
12	Port Input	14	289456	894	1
12	Port Input	15	289464	902	1
12	Port Input	14	289464	902	1
12	Port Input	15	289767	1205	4
12	Port Input	14	289770	1208	1
12	Port Input	15	289770	1208	1
12	Port Input	14	289770	1208	1
12	Port Input	15	289778	1216	1
12	Port Input	14	289778	1216	1
12	Port Input	15	289778	1216	3
12	Port Input	14	289780	1218	1
12	Port Input	15	289781	1219	3
12	Port Input	14	306531	17969	1
12	Response	100	306531	17969	1
13	Port Input	15	307689	1113	4
13	Port Input	14	307692	1116	1
13	Port Input	15	307697	1121	1
13	Port Input	14	307697	1121	1
13	Port Input	15	308001	1425	1
13	Port Input	14	308001	1425	3
13	Port Input	15	308006	1430	4
13	Port Input	14	308009	1433	1
13	Port Input	15	308011	1435	4
13	Port Input	14	308014	1438	1
13	Port Input	15	308019	1443	2
13	Port Input	14	308020	1444	3
13	Port Input	15	308025	1449	3
13	Port Input	14	324142	17566	3
13	Response	100	324142	17566	3
14	Port Input	15	324348	91	1
14	Port Input	14	324348	91	4
14	Port Input	15	324359	102	1
14	Port Input	14	324359	102	1
14	Port Input	15	324367	110	1
14	Port Input	14	324367	110	1
14	Port Input	15	324513	256	3
14	Port Input	14	324515	258	1
14	Port Input	15	324529	272	1
14	Port Input	14	324529	272	1
14	Port Input	15	324556	299	1
14	Port Input	14	324556	299	1
14	Port Input	15	324572	315	4
14	Port Input	14	324575	318	1
14	Port Input	15	324635	378	1
14	Port Input	14	324635	378	4
14	Port Input	15	324640	383	1
14	Port Input	14	324640	383	1
14	Port Input	15	324654	397	1
14	Port Input	14	324654	397	1
14	Port Input	15	325239	982	3
14	Port Input	14	325242	985	3
14	Port Input	15	325244	987	1
14	Port Input	14	325244	987	4
14	Port Input	15	325247	990	1
14	Port Input	14	325247	990	4
14	Port Input	15	325250	993	1
14	Port Input	14	325250	993	3
14	Port Input	15	325252	995	1
14	Port Input	14	325252	995	4
14	Port Input	15	325260	1003	1
14	Port Input	14	325260	1003	1
14	Port Input	15	325268	1011	4
14	Port Input	14	343520	19263	4
14	Response	100	343520	19263	4
