Scenario - passive press generic training 1.2
Logfile written - 10/13/2021 14:15:39

Subject	Trial	Event Type	Code	Time	TTime	Uncertainty	Duration	Uncertainty	ReqTime	ReqDur	Stim Type	Pair Index

	1	Picture	83	57	0	1	5000	1	0	4950	other	0
	1	Picture	82	10056	10000	1	5000	1	9950	4950	other	0
	1	Picture	81	20056	19999	1	5000	1	19950	4950	other	0
	1	Picture	80	30056	29999	1	5000	1	29950	4950	other	0
	1	Picture	81	40055	39998	1	10000	1	39950	9950	other	0
	1	Port Input	14	50918	50862	1
	1	Response	100	50918	50862	1
	1	Port Input	15	50918	50862	1
	1	Port Input	14	50919	50862	1
	1	Port Input	15	50919	50862	1
	1	Port Input	14	50919	50862	1
	1	Port Input	15	50919	50862	1
	1	Port Input	14	50922	50866	1
	1	Port Input	15	50922	50866	1
	1	Port Input	14	50923	50867	1
	1	Port Input	15	50924	50867	1
	1	Port Input	14	50924	50867	1
	1	Port Input	15	50924	50867	1
	1	Port Input	14	50924	50867	1
	1	Port Input	15	50925	50868	1
	1	Port Input	14	50925	50868	1
	1	Port Input	15	50925	50868	1
	1	Port Input	14	50925	50868	1
	1	Port Input	15	50925	50868	1
	1	Port Input	14	50925	50868	1
	1	Port Input	15	50925	50868	1
	1	Port Input	14	50925	50868	1
	1	Port Input	15	50925	50869	1
	1	Port Input	14	50926	50869	1
	1	Port Input	15	50926	50869	1
	1	Port Input	14	50926	50869	1
	1	Port Input	15	50926	50869	1
	1	Port Input	14	50926	50869	1
	1	Port Input	15	50926	50869	1
	1	Port Input	14	50926	50869	1
	1	Port Input	15	50926	50869	1
	1	Port Input	14	50926	50870	1
	1	Port Input	15	50926	50870	1
	1	Port Input	14	50926	50870	1
	1	Port Input	15	50927	50870	1
	1	Port Input	14	50927	50870	1
	1	Port Input	15	50927	50870	1
	1	Port Input	14	50927	50870	1
	1	Port Input	15	50927	50870	1
	1	Port Input	14	50927	50870	1
	1	Port Input	15	50927	50871	1
	1	Port Input	14	50928	50871	1
	1	Port Input	15	50928	50871	1
	1	Port Input	14	50928	50871	1
	1	Port Input	15	50928	50871	1
	1	Port Input	14	50929	50872	1
	1	Port Input	15	50929	50872	1
	1	Port Input	14	50929	50872	1
	1	Port Input	15	50929	50872	1
	1	Port Input	14	50929	50872	1
	1	Port Input	15	50929	50873	1
	1	Port Input	14	50929	50873	1
	1	Port Input	15	50930	50873	1
	1	Port Input	14	50930	50873	1
	1	Port Input	15	50930	50873	1
	1	Port Input	14	50930	50873	1
	1	Port Input	15	50930	50874	1
	1	Port Input	14	50930	50874	1
	1	Port Input	15	50930	50874	1
	1	Port Input	14	50931	50874	1
	1	Port Input	15	50931	50874	1
	1	Port Input	14	50931	50874	1
	1	Port Input	15	50931	50874	1
	1	Port Input	14	50931	50874	1
	1	Port Input	15	50931	50874	1
	1	Port Input	14	50931	50875	1
	1	Port Input	15	50931	50875	1
	1	Port Input	14	50931	50875	1
	1	Port Input	15	50932	50875	1
	1	Port Input	14	50932	50875	1
	1	Port Input	15	50933	50876	1
	1	Port Input	14	50933	50876	1
	1	Port Input	15	50933	50876	1
	1	Port Input	14	50933	50876	1
	1	Port Input	15	52469	52413	1
	1	Port Input	14	52469	52413	1
	1	Port Input	15	52470	52413	1
	1	Port Input	14	52470	52413	1
	1	Port Input	15	52470	52413	1
	1	Port Input	14	52470	52413	1
	1	Port Input	15	52470	52413	1
	1	Picture	81	60054	59998	1	10000	1	59950	9950	other	0
	1	Port Input	14	64505	64448	1
	1	Response	100	64505	64448	1
	1	Port Input	15	64505	64448	1
	1	Port Input	14	64507	64450	1
	1	Port Input	15	64507	64450	1
	1	Port Input	14	64507	64450	1
	1	Port Input	15	64507	64450	1
	1	Port Input	14	64507	64450	1
	1	Port Input	15	64507	64451	1
	1	Port Input	14	64508	64451	1
	1	Port Input	15	64508	64451	1
	1	Port Input	14	64508	64451	1
	1	Port Input	15	64508	64451	1
	1	Port Input	14	64508	64451	1
	1	Port Input	15	64508	64451	1
	1	Port Input	14	64508	64451	1
	1	Port Input	15	64508	64451	1
	1	Port Input	14	64509	64452	1
	1	Port Input	15	64509	64452	1
	1	Port Input	14	64509	64452	1
	1	Port Input	15	64509	64452	1
	1	Port Input	14	64510	64453	1
	1	Port Input	15	64510	64454	1
	1	Port Input	14	64511	64454	1
	1	Port Input	15	64511	64454	1
	1	Port Input	14	64511	64455	1
	1	Port Input	15	64511	64455	1
	1	Port Input	14	64511	64455	1
	1	Port Input	15	64512	64455	1
	1	Port Input	14	64512	64455	1
	1	Port Input	15	64512	64455	1
	1	Port Input	14	64512	64455	1
	1	Port Input	15	64512	64455	1
	1	Port Input	14	64512	64455	1
	1	Port Input	15	64512	64455	1
	1	Port Input	14	64512	64455	1
	1	Port Input	15	64512	64455	1
	1	Port Input	14	64512	64455	1
	1	Port Input	15	64512	64455	1
	1	Port Input	14	64512	64455	1
	1	Port Input	15	64512	64455	1
	1	Port Input	14	64512	64455	1
	1	Port Input	15	64512	64455	1
	1	Port Input	14	64512	64455	1
	1	Port Input	15	64512	64456	1
	1	Port Input	14	64512	64456	1
	1	Port Input	15	64512	64456	1
	1	Port Input	14	64512	64456	1
	1	Port Input	15	64513	64456	1
	1	Port Input	14	64513	64456	1
	1	Port Input	15	64513	64457	1
	1	Port Input	14	64513	64457	1
	1	Port Input	15	66104	66047	1
	1	Port Input	14	66104	66047	1
	1	Port Input	15	66104	66048	1
	1	Port Input	14	66105	66048	1
	1	Port Input	15	66105	66048	1
	1	Picture	81	80054	79997	1	10000	1	79950	9950	other	0
	1	Port Input	14	81834	81777	1
	1	Response	100	81834	81777	1
	1	Port Input	15	81834	81777	1
	1	Port Input	14	81834	81778	1
	1	Port Input	15	81834	81778	1
	1	Port Input	14	81835	81778	1
	1	Port Input	15	81835	81778	1
	1	Port Input	14	81835	81778	1
	1	Port Input	15	81835	81778	1
	1	Port Input	14	81835	81778	1
	1	Port Input	15	81835	81778	1
	1	Port Input	14	81835	81778	1
	1	Port Input	15	81835	81778	1
	1	Port Input	14	81835	81778	1
	1	Port Input	15	81835	81778	1
	1	Port Input	14	81836	81779	1
	1	Port Input	15	81836	81779	1
	1	Port Input	14	81836	81779	1
	1	Port Input	15	81836	81779	1
	1	Port Input	14	81836	81779	1
	1	Port Input	15	81837	81780	1
	1	Port Input	14	81837	81780	1
	1	Port Input	15	81837	81780	1
	1	Port Input	14	81837	81780	1
	1	Port Input	15	81837	81781	1
	1	Port Input	14	81838	81781	1
	1	Port Input	15	81838	81781	1
	1	Port Input	14	81838	81781	1
	1	Port Input	15	81838	81781	1
	1	Port Input	14	81838	81782	1
	1	Port Input	15	81838	81782	1
	1	Port Input	14	81838	81782	1
	1	Port Input	15	81838	81782	1
	1	Port Input	14	81839	81782	1
	1	Port Input	15	81839	81782	1
	1	Port Input	14	81839	81782	1
	1	Port Input	15	81839	81782	1
	1	Port Input	14	81839	81782	1
	1	Port Input	15	81839	81782	1
	1	Port Input	14	81839	81782	1
	1	Port Input	15	83492	83435	1
	1	Port Input	14	83492	83435	1
	1	Port Input	15	83494	83437	1
	1	Port Input	14	83494	83437	1
	1	Port Input	15	83494	83437	1
	1	Port Input	14	83494	83437	1
	1	Port Input	15	83494	83437	1
	1	Port Input	14	83494	83437	1
	1	Port Input	15	83495	83438	1
	1	Port Input	14	83495	83438	1
	1	Port Input	15	83495	83438	1
	1	Port Input	14	83495	83438	1
	1	Port Input	15	83495	83439	1
	1	Port Input	14	83495	83439	1
	1	Port Input	15	83496	83440	1
	1	Port Input	14	83496	83440	1
	1	Port Input	15	83497	83440	1
	1	Port Input	14	83497	83440	1
	1	Port Input	15	83497	83440	1
	1	Port Input	14	83497	83440	1
	1	Port Input	15	83498	83441	1
	1	Port Input	14	83498	83441	1
	1	Port Input	15	83498	83441	1
	1	Port Input	14	83498	83441	1
	1	Port Input	15	83498	83441	1
	2	Port Input	14	132923	42800	1
	2	Response	100	132923	42800	1
	2	Port Input	15	132923	42800	1
	2	Port Input	14	132925	42803	1
	2	Port Input	15	132925	42803	1
	2	Port Input	14	132925	42803	1
	2	Port Input	15	132926	42803	1
	2	Port Input	14	132926	42803	2
	2	Port Input	15	132928	42805	1
	2	Port Input	14	132928	42805	4
	3	Port Input	15	134929	1961	8
	3	Port Input	14	148703	15735	1
	3	Response	100	148703	15735	1
	3	Port Input	15	148703	15735	1
	3	Port Input	14	148703	15735	8
	4	Port Input	15	150312	1581	8
	4	Port Input	14	160851	12120	8
	4	Response	100	160851	12120	8
	5	Port Input	15	162293	1409	8
	5	Port Input	14	171947	11063	8
	5	Response	100	171947	11063	8
	6	Port Input	15	173595	1601	8
	6	Port Input	14	183907	11912	8
	6	Response	100	183907	11912	8
	7	Port Input	15	185636	1698	9
	7	Port Input	14	195783	11845	9
	7	Response	100	195783	11845	9
	7	Port Input	15	195791	11853	1
	7	Port Input	14	195792	11853	1
	8	Port Input	15	197551	1738	8
	8	Port Input	14	207687	11874	8
	8	Response	100	207687	11874	8
	9	Port Input	15	209418	1662	8
	9	Port Input	14	219095	11339	8
	9	Response	100	219095	11339	8
	10	Port Input	15	221019	1874	8
	10	Port Input	14	230389	11244	8
	10	Response	100	230389	11244	8
	11	Port Input	15	232245	1781	8
	11	Port Input	14	241113	10649	8
	11	Response	100	241113	10649	8
	12	Port Input	15	242896	1738	1
	12	Port Input	14	242896	1738	1
	12	Port Input	15	242896	1738	1
	12	Port Input	14	252514	11356	9
	12	Response	100	252514	11356	9
	13	Port Input	15	254255	1708	8
	13	Port Input	14	263625	11079	8
	13	Response	100	263625	11079	8
	14	Port Input	15	265294	1637	1
	14	Port Input	14	265294	1637	8
	14	Port Input	15	265478	1821	8
	14	Port Input	14	274636	10979	1
	14	Response	100	274636	10979	1
	14	Port Input	15	274636	10979	1
	14	Port Input	14	274636	10979	1
