Scenario - Push Button + tone (0ms)
Logfile written - 07/14/2021 14:48:38

Subject	Trial	Event Type	Code	Time	TTime	Uncertainty	Duration	Uncertainty	ReqTime	ReqDur	Stim Type	Pair Index

Jeri_Pilot	1	Picture	start	166	0	1	40539	3	0	next	other	0
Jeri_Pilot	3	Nothing	nothing	45208	0	1			0		hit	4
Jeri_Pilot	3	Port Input	14	65952	20744	1
Jeri_Pilot	3	Response	222	65952	20744	1
Jeri_Pilot	4	Port Input	15	65953	0	1
Jeri_Pilot	4	Port Input	14	65953	0	1
Jeri_Pilot	4	Sound	20	65953	0	2			0		hit	141
Jeri_Pilot	4	Port Input	15	65954	1	1
Jeri_Pilot	4	Port Input	14	65954	1	1
Jeri_Pilot	4	Port Input	15	65954	1	1
Jeri_Pilot	4	Port Input	14	65954	1	1
Jeri_Pilot	4	Port Input	15	65955	2	1
Jeri_Pilot	4	Port Input	14	65955	2	1
Jeri_Pilot	4	Port Input	15	65956	3	1
Jeri_Pilot	4	Port Input	14	65956	3	1
Jeri_Pilot	4	Port Input	15	65956	3	1
Jeri_Pilot	4	Port Input	14	65956	3	1
Jeri_Pilot	4	Port Input	15	65956	3	1
Jeri_Pilot	4	Port Input	14	65956	3	1
Jeri_Pilot	4	Port Input	15	65956	3	1
Jeri_Pilot	4	Port Input	14	65956	3	2
Jeri_Pilot	4	Port Input	15	65957	4	1
Jeri_Pilot	4	Port Input	14	65957	4	1
Jeri_Pilot	4	Port Input	15	65957	4	1
Jeri_Pilot	4	Port Input	14	65957	4	1
Jeri_Pilot	4	Port Input	15	65957	4	1
Jeri_Pilot	4	Port Input	14	65957	4	1
Jeri_Pilot	4	Port Input	15	65957	4	2
Jeri_Pilot	4	Port Input	14	65958	5	1
Jeri_Pilot	4	Port Input	15	65958	5	1
Jeri_Pilot	4	Port Input	14	65958	5	1
Jeri_Pilot	4	Port Input	15	65958	5	1
Jeri_Pilot	4	Port Input	14	65958	5	1
Jeri_Pilot	4	Port Input	15	65958	5	1
Jeri_Pilot	4	Port Input	14	65958	5	1
Jeri_Pilot	4	Port Input	15	65960	7	1
Jeri_Pilot	4	Port Input	14	65960	7	1
Jeri_Pilot	4	Port Input	15	65961	8	1
Jeri_Pilot	4	Port Input	14	65961	8	1
Jeri_Pilot	4	Port Input	15	65961	8	1
Jeri_Pilot	4	Port Input	14	65961	8	1
Jeri_Pilot	4	Port Input	15	65961	8	1
Jeri_Pilot	4	Port Input	14	65961	8	1
Jeri_Pilot	4	Port Input	15	65961	8	1
Jeri_Pilot	4	Port Input	14	65961	8	1
Jeri_Pilot	4	Port Input	15	65961	8	1
Jeri_Pilot	4	Port Input	14	65961	8	1
Jeri_Pilot	4	Port Input	15	65961	8	1
Jeri_Pilot	4	Port Input	14	65961	8	1
Jeri_Pilot	4	Port Input	15	65962	9	1
Jeri_Pilot	4	Port Input	14	65962	9	1
Jeri_Pilot	4	Port Input	15	65962	9	1
Jeri_Pilot	4	Port Input	14	65962	9	1
Jeri_Pilot	4	Port Input	15	65962	9	1
Jeri_Pilot	4	Port Input	14	65962	9	1
Jeri_Pilot	4	Port Input	15	65963	10	1
Jeri_Pilot	4	Port Input	14	65963	10	1
Jeri_Pilot	4	Port Input	15	65963	10	1
Jeri_Pilot	4	Port Input	14	65963	10	1
Jeri_Pilot	4	Port Input	15	65964	11	1
Jeri_Pilot	4	Port Input	14	65964	11	1
Jeri_Pilot	4	Port Input	15	65964	11	1
Jeri_Pilot	4	Port Input	14	65964	11	1
Jeri_Pilot	4	Port Input	15	65964	11	1
Jeri_Pilot	4	Port Input	14	65964	11	1
Jeri_Pilot	4	Port Input	15	65964	11	1
Jeri_Pilot	4	Port Input	14	65964	11	1
Jeri_Pilot	4	Port Input	15	65965	12	1
Jeri_Pilot	4	Port Input	14	65965	12	1
Jeri_Pilot	4	Port Input	15	65965	12	2
Jeri_Pilot	4	Port Input	14	65965	12	2
Jeri_Pilot	4	Port Input	15	65966	13	1
Jeri_Pilot	4	Port Input	14	65966	13	1
Jeri_Pilot	4	Port Input	15	65966	13	1
Jeri_Pilot	4	Port Input	14	65966	13	1
Jeri_Pilot	4	Port Input	15	65967	14	1
Jeri_Pilot	4	Port Input	14	65967	14	1
Jeri_Pilot	4	Port Input	15	65967	14	1
Jeri_Pilot	4	Port Input	14	65967	14	1
Jeri_Pilot	4	Port Input	15	65967	14	1
Jeri_Pilot	4	Port Input	14	65967	14	1
Jeri_Pilot	4	Port Input	15	65967	14	1
Jeri_Pilot	4	Port Input	14	65967	14	1
Jeri_Pilot	4	Port Input	15	65967	14	1
Jeri_Pilot	4	Port Input	14	65967	14	1
Jeri_Pilot	4	Port Input	15	65967	14	1
Jeri_Pilot	4	Port Input	14	65967	14	1
Jeri_Pilot	4	Port Input	15	65967	14	1
Jeri_Pilot	4	Port Input	14	65967	14	1
Jeri_Pilot	4	Port Input	15	65968	15	1
Jeri_Pilot	4	Port Input	14	65968	15	1
Jeri_Pilot	4	Port Input	15	65968	15	1
Jeri_Pilot	4	Port Input	14	65968	15	1
Jeri_Pilot	4	Port Input	15	65968	15	1
Jeri_Pilot	4	Port Input	14	65968	15	1
Jeri_Pilot	4	Port Input	15	65968	15	1
Jeri_Pilot	4	Port Input	14	65968	15	1
Jeri_Pilot	4	Port Input	15	65968	15	1
Jeri_Pilot	4	Port Input	14	65968	15	1
Jeri_Pilot	4	Port Input	15	65969	16	1
Jeri_Pilot	4	Port Input	14	65969	16	1
Jeri_Pilot	4	Port Input	15	65969	16	1
Jeri_Pilot	4	Port Input	14	65969	16	1
Jeri_Pilot	4	Port Input	15	65969	16	1
Jeri_Pilot	4	Port Input	14	65969	16	1
Jeri_Pilot	4	Port Input	15	65970	17	1
Jeri_Pilot	4	Port Input	14	65973	20	1
Jeri_Pilot	4	Port Input	15	65973	20	1
Jeri_Pilot	4	Port Input	14	65973	20	1
Jeri_Pilot	4	Port Input	15	65973	20	1
Jeri_Pilot	4	Port Input	14	65973	20	1
Jeri_Pilot	4	Port Input	15	65973	20	1
Jeri_Pilot	4	Port Input	14	65973	20	1
Jeri_Pilot	4	Port Input	15	65973	20	1
Jeri_Pilot	4	Port Input	14	65973	20	1
Jeri_Pilot	4	Port Input	15	65974	21	1
Jeri_Pilot	4	Port Input	14	65974	21	1
Jeri_Pilot	4	Port Input	15	65974	21	1
Jeri_Pilot	4	Port Input	14	65974	21	1
Jeri_Pilot	4	Port Input	15	65974	21	1
Jeri_Pilot	4	Port Input	14	65974	21	1
Jeri_Pilot	4	Port Input	15	65976	23	1
Jeri_Pilot	4	Port Input	14	65976	23	1
Jeri_Pilot	4	Port Input	15	70001	4048	2
Jeri_Pilot	4	Port Input	14	70002	4049	1
Jeri_Pilot	4	Port Input	15	70002	4049	1
Jeri_Pilot	4	Port Input	14	70002	4049	1
Jeri_Pilot	4	Port Input	15	70003	4050	1
Jeri_Pilot	4	Port Input	14	70003	4050	1
Jeri_Pilot	4	Port Input	15	70003	4050	1
Jeri_Pilot	4	Port Input	14	70003	4050	1
Jeri_Pilot	4	Port Input	15	70003	4050	1
Jeri_Pilot	4	Port Input	14	70003	4050	1
Jeri_Pilot	4	Port Input	15	70004	4051	1
Jeri_Pilot	4	Port Input	14	70004	4051	1
Jeri_Pilot	4	Port Input	15	70004	4051	1
Jeri_Pilot	4	Port Input	14	70004	4051	1
Jeri_Pilot	4	Port Input	15	70005	4052	1
Jeri_Pilot	4	Port Input	14	87918	21965	1
Jeri_Pilot	4	Port Input	15	87918	21965	2
Jeri_Pilot	4	Response	222	87918	21965	1
Jeri_Pilot	5	Port Input	14	87919	0	1
Jeri_Pilot	5	Sound	20	87919	0	2			0		hit	148
Jeri_Pilot	5	Port Input	15	93597	5678	1
Jeri_Pilot	5	Port Input	14	93597	5678	1
Jeri_Pilot	5	Port Input	15	93598	5679	1
Jeri_Pilot	5	Port Input	14	116464	28545	1
Jeri_Pilot	5	Response	222	116464	28545	2
Jeri_Pilot	6	Sound	20	116465	0	2			0		hit	154
Jeri_Pilot	6	Port Input	15	122243	5778	1
Jeri_Pilot	6	Port Input	14	122243	5778	1
Jeri_Pilot	6	Port Input	15	122243	5778	1
Jeri_Pilot	6	Port Input	14	145316	28851	1
Jeri_Pilot	6	Response	222	145316	28851	2
Jeri_Pilot	7	Port Input	15	145317	0	1
Jeri_Pilot	7	Port Input	14	145317	0	1
Jeri_Pilot	7	Port Input	15	145317	0	2
Jeri_Pilot	7	Sound	20	145317	0	2			0		hit	213
Jeri_Pilot	7	Port Input	14	145326	9	1
Jeri_Pilot	7	Port Input	15	145327	10	1
Jeri_Pilot	7	Port Input	14	145327	10	1
Jeri_Pilot	7	Port Input	15	145327	10	1
Jeri_Pilot	7	Port Input	14	145327	10	1
Jeri_Pilot	7	Port Input	15	145329	12	1
Jeri_Pilot	7	Port Input	14	145329	12	1
Jeri_Pilot	7	Port Input	15	145329	12	1
Jeri_Pilot	7	Port Input	14	145329	12	1
Jeri_Pilot	7	Port Input	15	145329	12	1
Jeri_Pilot	7	Port Input	14	145329	12	2
Jeri_Pilot	7	Port Input	15	145330	13	1
Jeri_Pilot	7	Port Input	14	145330	13	1
Jeri_Pilot	7	Port Input	15	145330	13	1
Jeri_Pilot	7	Port Input	14	145330	13	1
Jeri_Pilot	7	Port Input	15	145331	14	1
Jeri_Pilot	7	Port Input	14	145331	14	1
Jeri_Pilot	7	Port Input	15	145331	14	1
Jeri_Pilot	7	Port Input	14	145331	14	1
Jeri_Pilot	7	Port Input	15	145331	14	1
Jeri_Pilot	7	Port Input	14	145331	14	2
Jeri_Pilot	7	Port Input	15	145332	15	1
Jeri_Pilot	7	Port Input	14	145332	15	1
Jeri_Pilot	7	Port Input	15	151319	6002	1
Jeri_Pilot	7	Port Input	14	151319	6002	1
Jeri_Pilot	7	Port Input	15	151319	6002	1
Jeri_Pilot	7	Port Input	14	151319	6002	1
Jeri_Pilot	7	Port Input	15	151319	6002	1
Jeri_Pilot	7	Port Input	14	151319	6002	1
Jeri_Pilot	7	Port Input	15	151319	6002	2
Jeri_Pilot	7	Port Input	14	151320	6003	1
Jeri_Pilot	7	Port Input	15	151320	6003	1
Jeri_Pilot	7	Port Input	14	151320	6003	1
Jeri_Pilot	7	Port Input	15	151320	6003	1
Jeri_Pilot	7	Port Input	14	151320	6003	1
Jeri_Pilot	7	Port Input	15	151320	6003	1
Jeri_Pilot	7	Port Input	14	151320	6003	1
Jeri_Pilot	7	Port Input	15	151321	6004	1
Jeri_Pilot	7	Port Input	14	151321	6004	1
Jeri_Pilot	7	Port Input	15	151322	6005	1
Jeri_Pilot	7	Port Input	14	151322	6005	1
Jeri_Pilot	7	Port Input	15	151322	6005	1
Jeri_Pilot	7	Port Input	14	151322	6005	1
Jeri_Pilot	7	Port Input	15	151322	6005	1
Jeri_Pilot	7	Port Input	14	151322	6005	1
Jeri_Pilot	7	Port Input	15	151323	6006	1
Jeri_Pilot	7	Port Input	14	151323	6006	1
Jeri_Pilot	7	Port Input	15	151323	6006	1
Jeri_Pilot	7	Port Input	14	151323	6006	1
Jeri_Pilot	7	Port Input	15	151323	6006	1
Jeri_Pilot	7	Port Input	14	151323	6006	1
Jeri_Pilot	7	Port Input	15	151324	6007	1
Jeri_Pilot	7	Port Input	14	172740	27423	1
Jeri_Pilot	7	Port Input	15	172740	27423	2
Jeri_Pilot	7	Response	222	172740	27423	1
Jeri_Pilot	8	Port Input	14	172741	0	1
Jeri_Pilot	8	Port Input	15	172741	0	1
Jeri_Pilot	8	Port Input	14	172741	0	1
Jeri_Pilot	8	Port Input	15	172741	0	2
Jeri_Pilot	8	Sound	20	172741	0	2			0		hit	245
Jeri_Pilot	8	Port Input	14	172742	1	1
Jeri_Pilot	8	Port Input	15	172742	1	1
Jeri_Pilot	8	Port Input	14	172742	1	1
Jeri_Pilot	8	Port Input	15	172742	1	1
Jeri_Pilot	8	Port Input	14	172742	1	2
Jeri_Pilot	8	Port Input	15	172743	2	1
Jeri_Pilot	8	Port Input	14	172746	5	1
Jeri_Pilot	8	Port Input	15	172746	5	1
Jeri_Pilot	8	Port Input	14	172746	5	1
Jeri_Pilot	8	Port Input	15	172747	6	1
Jeri_Pilot	8	Port Input	14	172747	6	1
Jeri_Pilot	8	Port Input	15	172747	6	1
Jeri_Pilot	8	Port Input	14	172747	6	1
Jeri_Pilot	8	Port Input	15	172748	7	1
Jeri_Pilot	8	Port Input	14	172748	7	1
Jeri_Pilot	8	Port Input	15	172748	7	1
Jeri_Pilot	8	Port Input	14	172748	7	1
Jeri_Pilot	8	Port Input	15	172748	7	1
Jeri_Pilot	8	Port Input	14	172748	7	1
Jeri_Pilot	8	Port Input	15	172748	7	1
Jeri_Pilot	8	Port Input	14	172748	7	2
Jeri_Pilot	8	Port Input	15	172749	8	1
Jeri_Pilot	8	Port Input	14	172749	8	1
Jeri_Pilot	8	Port Input	15	178130	5389	1
Jeri_Pilot	8	Port Input	14	197556	24815	1
Jeri_Pilot	8	Port Input	15	197556	24815	1
Jeri_Pilot	8	Response	222	197556	24815	1
Jeri_Pilot	9	Port Input	14	197557	0	1
Jeri_Pilot	9	Sound	20	197557	0	1			0		hit	256
Jeri_Pilot	9	Port Input	15	202929	5372	1
Jeri_Pilot	9	Port Input	14	202929	5372	1
Jeri_Pilot	9	Port Input	15	202930	5373	1
Jeri_Pilot	9	Port Input	14	202930	5373	1
Jeri_Pilot	9	Port Input	15	202930	5373	1
Jeri_Pilot	9	Port Input	14	220692	23135	1
Jeri_Pilot	9	Port Input	15	220692	23135	1
Jeri_Pilot	9	Port Input	14	220692	23135	1
Jeri_Pilot	9	Response	222	220692	23135	1
Jeri_Pilot	10	Port Input	15	220693	0	1
Jeri_Pilot	10	Port Input	14	220693	0	2
Jeri_Pilot	10	Sound	20	220693	0	1			0		hit	280
Jeri_Pilot	10	Port Input	15	220694	1	1
Jeri_Pilot	10	Port Input	14	220694	1	1
Jeri_Pilot	10	Port Input	15	220694	1	1
Jeri_Pilot	10	Port Input	14	220694	1	1
Jeri_Pilot	10	Port Input	15	220694	1	1
Jeri_Pilot	10	Port Input	14	220694	1	1
Jeri_Pilot	10	Port Input	15	220694	1	1
Jeri_Pilot	10	Port Input	14	220694	1	1
Jeri_Pilot	10	Port Input	15	220694	1	1
Jeri_Pilot	10	Port Input	14	220694	1	1
Jeri_Pilot	10	Port Input	15	220695	2	1
Jeri_Pilot	10	Port Input	14	220695	2	1
Jeri_Pilot	10	Port Input	15	220695	2	1
Jeri_Pilot	10	Port Input	14	220695	2	1
Jeri_Pilot	10	Port Input	15	225127	4434	1
Jeri_Pilot	10	Port Input	14	225127	4434	1
Jeri_Pilot	10	Port Input	15	225127	4434	1
Jeri_Pilot	10	Port Input	14	225127	4434	1
Jeri_Pilot	10	Port Input	15	225127	4434	1
Jeri_Pilot	10	Port Input	14	325838	105145	1
Jeri_Pilot	10	Response	222	325838	105145	1
Jeri_Pilot	11	Sound	20	325839	0	2			0		hit	293
Jeri_Pilot	11	Port Input	15	325845	6	1
Jeri_Pilot	11	Port Input	14	325845	6	1
Jeri_Pilot	11	Port Input	15	329390	3551	1
Jeri_Pilot	11	Port Input	14	329390	3551	1
Jeri_Pilot	11	Port Input	15	329390	3551	1
Jeri_Pilot	11	Port Input	14	329390	3551	1
Jeri_Pilot	11	Port Input	15	329390	3551	2
Jeri_Pilot	11	Port Input	14	329391	3552	1
Jeri_Pilot	11	Port Input	15	329391	3552	1
Jeri_Pilot	12	Port Input	14	344453	0	1
Jeri_Pilot	12	Sound	20	344453	0	2			0		miss	0
Jeri_Pilot	12	Response	222	344453	0	1
Jeri_Pilot	12	Port Input	15	344454	1	1
Jeri_Pilot	12	Port Input	14	344454	1	1
Jeri_Pilot	12	Port Input	15	344454	1	1
Jeri_Pilot	12	Port Input	14	344454	1	1
Jeri_Pilot	12	Port Input	15	344455	2	1
Jeri_Pilot	12	Port Input	14	344455	2	1
Jeri_Pilot	12	Port Input	15	344456	3	1
Jeri_Pilot	12	Port Input	14	344456	3	1
Jeri_Pilot	12	Port Input	15	344456	3	1
Jeri_Pilot	12	Port Input	14	344456	3	1
Jeri_Pilot	12	Port Input	15	344456	3	1
Jeri_Pilot	12	Port Input	14	344456	3	1
Jeri_Pilot	12	Port Input	15	344457	4	1
Jeri_Pilot	12	Port Input	14	344457	4	1
Jeri_Pilot	12	Port Input	15	344457	4	1
Jeri_Pilot	12	Port Input	14	344457	4	1
Jeri_Pilot	12	Port Input	15	344458	5	1
Jeri_Pilot	12	Port Input	14	344458	5	1
Jeri_Pilot	12	Port Input	15	344458	5	1
Jeri_Pilot	12	Port Input	14	344458	5	1
Jeri_Pilot	12	Port Input	15	344458	5	1
Jeri_Pilot	12	Port Input	14	344458	5	1
Jeri_Pilot	12	Port Input	15	344458	5	1
Jeri_Pilot	12	Port Input	14	344458	5	1
Jeri_Pilot	12	Port Input	15	344458	5	1
Jeri_Pilot	12	Port Input	14	344458	5	1
Jeri_Pilot	12	Port Input	15	347545	3092	1
Jeri_Pilot	12	Port Input	14	347545	3092	1
Jeri_Pilot	12	Port Input	15	347545	3092	1
Jeri_Pilot	12	Port Input	14	347545	3092	1
Jeri_Pilot	12	Port Input	15	347545	3092	1
Jeri_Pilot	12	Port Input	14	347545	3092	2
Jeri_Pilot	12	Port Input	15	347546	3093	1
Jeri_Pilot	12	Quit		359605	15152
