Scenario - passive press generic training 1.2
Logfile written - 11/02/2020 13:42:48

Subject	Trial	Event Type	Code	Time	TTime	Uncertainty	Duration	Uncertainty	ReqTime	ReqDur	Stim Type	Pair Index

MT_Pilot	1	Picture	83	166	0	1	5005	2	0	4950	other	0
MT_Pilot	1	Picture	82	10176	10010	1	5005	2	9950	4950	other	0
MT_Pilot	1	Picture	81	20186	20020	1	5005	2	19950	4950	other	0
MT_Pilot	1	Picture	80	30195	30029	2	5005	4	29950	4950	other	0
MT_Pilot	1	Picture	81	40205	40039	1	10010	2	39950	9950	other	0
MT_Pilot	1	Port Input	14	42245	42079	1
MT_Pilot	1	Port Input	15	42245	42079	1
MT_Pilot	1	Port Input	14	42245	42079	1
MT_Pilot	1	Port Input	15	42245	42079	1
MT_Pilot	1	Port Input	14	42245	42079	1
MT_Pilot	1	Response	100	42245	42079	1
MT_Pilot	1	Port Input	15	42246	42080	1
MT_Pilot	1	Port Input	14	42246	42080	1
MT_Pilot	1	Port Input	15	42246	42080	1
MT_Pilot	1	Port Input	14	42246	42080	1
MT_Pilot	1	Port Input	15	42246	42080	1
MT_Pilot	1	Port Input	14	42246	42080	1
MT_Pilot	1	Port Input	15	42246	42080	1
MT_Pilot	1	Port Input	14	42246	42080	1
MT_Pilot	1	Port Input	15	42246	42080	1
MT_Pilot	1	Port Input	14	42246	42080	1
MT_Pilot	1	Port Input	15	42247	42081	1
MT_Pilot	1	Port Input	14	42247	42081	1
MT_Pilot	1	Port Input	15	42247	42081	1
MT_Pilot	1	Port Input	14	42247	42081	1
MT_Pilot	1	Port Input	15	42247	42081	1
MT_Pilot	1	Port Input	14	42247	42081	1
MT_Pilot	1	Port Input	15	42247	42081	1
MT_Pilot	1	Port Input	14	42247	42081	1
MT_Pilot	1	Port Input	15	42247	42081	1
MT_Pilot	1	Port Input	14	42247	42081	1
MT_Pilot	1	Port Input	15	42248	42082	1
MT_Pilot	1	Port Input	14	42248	42082	1
MT_Pilot	1	Port Input	15	42248	42082	1
MT_Pilot	1	Port Input	14	42248	42082	1
MT_Pilot	1	Port Input	15	42248	42082	1
MT_Pilot	1	Port Input	14	42248	42082	1
MT_Pilot	1	Port Input	15	42248	42082	1
MT_Pilot	1	Port Input	14	42248	42082	1
MT_Pilot	1	Port Input	15	42248	42082	1
MT_Pilot	1	Port Input	14	42248	42082	1
MT_Pilot	1	Port Input	15	42473	42307	1
MT_Pilot	1	Port Input	14	42473	42307	1
MT_Pilot	1	Port Input	15	42473	42307	1
MT_Pilot	1	Port Input	14	42473	42307	1
MT_Pilot	1	Port Input	15	42486	42320	1
MT_Pilot	1	Port Input	14	42486	42320	1
MT_Pilot	1	Port Input	15	42496	42330	1
MT_Pilot	1	Port Input	14	42496	42330	1
MT_Pilot	1	Port Input	15	42505	42339	1
MT_Pilot	1	Port Input	14	42505	42339	1
MT_Pilot	1	Port Input	15	42506	42340	1
MT_Pilot	1	Port Input	14	42506	42340	1
MT_Pilot	1	Port Input	15	42511	42345	1
MT_Pilot	1	Port Input	14	42511	42345	1
MT_Pilot	1	Port Input	15	42514	42348	1
MT_Pilot	1	Port Input	14	42514	42348	2
MT_Pilot	1	Port Input	15	42515	42349	1
MT_Pilot	1	Port Input	14	42515	42349	1
MT_Pilot	1	Port Input	15	42517	42351	1
MT_Pilot	1	Port Input	14	42517	42351	2
MT_Pilot	1	Port Input	15	42522	42356	1
MT_Pilot	1	Port Input	14	42522	42356	1
MT_Pilot	1	Port Input	15	42523	42357	1
MT_Pilot	1	Port Input	14	42523	42357	1
MT_Pilot	1	Port Input	15	42528	42362	1
MT_Pilot	1	Port Input	14	42528	42362	1
MT_Pilot	1	Port Input	15	42531	42365	1
MT_Pilot	1	Port Input	14	42531	42365	1
MT_Pilot	1	Port Input	15	42534	42368	1
MT_Pilot	1	Port Input	14	42534	42368	1
MT_Pilot	1	Port Input	15	42534	42368	2
MT_Pilot	1	Port Input	14	42535	42369	1
MT_Pilot	1	Port Input	15	42536	42370	1
MT_Pilot	1	Port Input	14	42536	42370	1
MT_Pilot	1	Port Input	15	42536	42370	1
MT_Pilot	1	Port Input	14	42536	42370	1
MT_Pilot	1	Port Input	15	42538	42372	1
MT_Pilot	1	Port Input	14	42538	42372	1
MT_Pilot	1	Port Input	15	42541	42375	1
MT_Pilot	1	Port Input	14	42541	42375	2
MT_Pilot	1	Port Input	15	42546	42380	1
MT_Pilot	1	Port Input	14	42546	42380	1
MT_Pilot	1	Port Input	15	42548	42382	1
MT_Pilot	1	Port Input	14	42548	42382	1
MT_Pilot	1	Port Input	15	42553	42387	1
MT_Pilot	1	Port Input	14	42553	42387	1
MT_Pilot	1	Port Input	15	42556	42390	1
MT_Pilot	1	Port Input	14	42556	42390	1
MT_Pilot	1	Port Input	15	42570	42404	1
MT_Pilot	1	Port Input	14	42570	42404	1
MT_Pilot	1	Port Input	15	42572	42406	1
MT_Pilot	1	Port Input	14	42572	42406	1
MT_Pilot	1	Port Input	15	42572	42406	1
MT_Pilot	1	Port Input	14	42572	42406	1
MT_Pilot	1	Port Input	15	42585	42419	1
MT_Pilot	1	Port Input	14	42585	42419	1
MT_Pilot	1	Port Input	15	42588	42422	1
MT_Pilot	1	Port Input	14	42588	42422	1
MT_Pilot	1	Port Input	15	42594	42428	1
MT_Pilot	1	Port Input	14	42594	42428	1
MT_Pilot	1	Port Input	15	43223	43057	1
MT_Pilot	1	Port Input	14	43223	43057	1
MT_Pilot	1	Port Input	15	45390	45224	1
MT_Pilot	1	Port Input	14	45390	45224	1
MT_Pilot	1	Response	100	45390	45224	1
MT_Pilot	1	Port Input	15	45394	45228	1
MT_Pilot	1	Port Input	14	45394	45228	1
MT_Pilot	1	Port Input	15	45394	45228	1
MT_Pilot	1	Port Input	14	45394	45228	1
MT_Pilot	1	Port Input	15	45395	45229	1
MT_Pilot	1	Port Input	14	45395	45229	1
MT_Pilot	1	Port Input	15	45395	45229	1
MT_Pilot	1	Port Input	14	45395	45229	1
MT_Pilot	1	Port Input	15	45396	45230	2
MT_Pilot	1	Port Input	14	45396	45230	2
MT_Pilot	1	Port Input	15	45398	45232	1
MT_Pilot	1	Port Input	14	45398	45232	1
MT_Pilot	1	Port Input	15	45398	45232	1
MT_Pilot	1	Port Input	14	45398	45232	1
MT_Pilot	1	Port Input	15	45399	45233	1
MT_Pilot	1	Port Input	14	45399	45233	1
MT_Pilot	1	Port Input	15	45399	45233	1
MT_Pilot	1	Port Input	14	45399	45233	1
MT_Pilot	1	Port Input	15	45400	45234	1
MT_Pilot	1	Port Input	14	45400	45234	1
MT_Pilot	1	Port Input	15	45403	45237	1
MT_Pilot	1	Port Input	14	45403	45237	1
MT_Pilot	1	Port Input	15	45404	45238	1
MT_Pilot	1	Port Input	14	45404	45238	1
MT_Pilot	1	Port Input	15	45407	45241	1
MT_Pilot	1	Port Input	14	45407	45241	1
MT_Pilot	1	Port Input	15	45408	45242	1
MT_Pilot	1	Port Input	14	45408	45242	1
MT_Pilot	1	Port Input	15	45411	45245	1
MT_Pilot	1	Port Input	14	45411	45245	1
MT_Pilot	1	Port Input	15	45413	45247	1
MT_Pilot	1	Port Input	14	45413	45247	1
MT_Pilot	1	Port Input	15	45414	45248	1
MT_Pilot	1	Port Input	14	45414	45248	1
MT_Pilot	1	Port Input	15	45416	45250	1
MT_Pilot	1	Port Input	14	45416	45250	1
MT_Pilot	1	Port Input	15	45416	45250	1
MT_Pilot	1	Port Input	14	45416	45250	1
MT_Pilot	1	Port Input	15	45419	45253	1
MT_Pilot	1	Port Input	14	45419	45253	1
MT_Pilot	1	Port Input	15	45420	45254	1
MT_Pilot	1	Port Input	14	45420	45254	1
MT_Pilot	1	Port Input	15	45421	45255	1
MT_Pilot	1	Port Input	14	45421	45255	1
MT_Pilot	1	Port Input	15	45421	45255	1
MT_Pilot	1	Port Input	14	45421	45255	1
MT_Pilot	1	Port Input	15	45422	45256	1
MT_Pilot	1	Port Input	14	45422	45256	1
MT_Pilot	1	Port Input	15	45422	45256	1
MT_Pilot	1	Port Input	14	45422	45256	1
MT_Pilot	1	Port Input	15	45422	45256	1
MT_Pilot	1	Port Input	14	45422	45256	1
MT_Pilot	1	Port Input	15	45422	45256	2
MT_Pilot	1	Port Input	14	45423	45257	1
MT_Pilot	1	Port Input	15	45424	45258	1
MT_Pilot	1	Port Input	14	45424	45258	1
MT_Pilot	1	Port Input	15	45424	45258	1
MT_Pilot	1	Port Input	14	45424	45258	1
MT_Pilot	1	Port Input	15	45424	45258	1
MT_Pilot	1	Port Input	14	45424	45258	1
MT_Pilot	1	Port Input	15	45425	45259	1
MT_Pilot	1	Port Input	14	45425	45259	1
MT_Pilot	1	Port Input	15	45425	45259	1
MT_Pilot	1	Port Input	14	45425	45259	1
MT_Pilot	1	Port Input	15	45426	45260	1
MT_Pilot	1	Port Input	14	45426	45260	1
MT_Pilot	1	Port Input	15	45426	45260	1
MT_Pilot	1	Port Input	14	45426	45260	1
MT_Pilot	1	Port Input	15	45427	45261	1
MT_Pilot	1	Port Input	14	45427	45261	1
MT_Pilot	1	Port Input	15	45428	45262	1
MT_Pilot	1	Port Input	14	45428	45262	1
MT_Pilot	1	Port Input	15	45428	45262	1
MT_Pilot	1	Port Input	14	45428	45262	1
MT_Pilot	1	Port Input	15	45428	45262	1
MT_Pilot	1	Port Input	14	45428	45262	1
MT_Pilot	1	Port Input	15	45428	45262	2
MT_Pilot	1	Port Input	14	45429	45263	1
MT_Pilot	1	Port Input	15	45431	45265	1
MT_Pilot	1	Port Input	14	45431	45265	1
MT_Pilot	1	Port Input	15	45432	45266	1
MT_Pilot	1	Port Input	14	45432	45266	1
MT_Pilot	1	Port Input	15	45432	45266	1
MT_Pilot	1	Port Input	14	45432	45266	1
MT_Pilot	1	Port Input	15	45432	45266	1
MT_Pilot	1	Port Input	14	45432	45266	1
MT_Pilot	1	Port Input	15	45432	45266	1
MT_Pilot	1	Port Input	14	45432	45266	2
MT_Pilot	1	Port Input	15	45433	45267	1
MT_Pilot	1	Port Input	14	45433	45267	1
MT_Pilot	1	Port Input	15	45433	45267	2
MT_Pilot	1	Port Input	14	45434	45268	1
MT_Pilot	1	Port Input	15	45436	45270	2
MT_Pilot	1	Port Input	14	45437	45271	1
MT_Pilot	1	Port Input	15	45437	45271	1
MT_Pilot	1	Port Input	14	45437	45271	1
MT_Pilot	1	Port Input	15	45437	45271	1
MT_Pilot	1	Port Input	14	45437	45271	1
MT_Pilot	1	Port Input	15	45438	45272	1
MT_Pilot	1	Port Input	14	45438	45272	1
MT_Pilot	1	Port Input	15	45439	45273	1
MT_Pilot	1	Port Input	14	45439	45273	1
MT_Pilot	1	Port Input	15	45440	45274	1
MT_Pilot	1	Port Input	14	45440	45274	1
MT_Pilot	1	Port Input	15	45441	45275	1
MT_Pilot	1	Port Input	14	45441	45275	1
MT_Pilot	1	Port Input	15	45441	45275	1
MT_Pilot	1	Port Input	14	45441	45275	1
MT_Pilot	1	Port Input	15	45442	45276	1
MT_Pilot	1	Port Input	14	45442	45276	1
MT_Pilot	1	Port Input	15	45443	45277	2
MT_Pilot	1	Port Input	14	45444	45278	1
MT_Pilot	1	Port Input	15	45444	45278	1
MT_Pilot	1	Port Input	14	45444	45278	1
MT_Pilot	1	Port Input	15	45445	45279	1
MT_Pilot	1	Port Input	14	45445	45279	2
MT_Pilot	1	Port Input	15	45446	45280	1
MT_Pilot	1	Port Input	14	45446	45280	1
MT_Pilot	1	Port Input	15	45446	45280	1
MT_Pilot	1	Port Input	14	45446	45280	1
MT_Pilot	1	Port Input	15	45447	45281	1
MT_Pilot	1	Port Input	14	45447	45281	1
MT_Pilot	1	Port Input	15	45448	45282	1
MT_Pilot	1	Port Input	14	45448	45282	1
MT_Pilot	1	Port Input	15	45449	45283	1
MT_Pilot	1	Port Input	14	45449	45283	1
MT_Pilot	1	Port Input	15	45452	45286	1
MT_Pilot	1	Port Input	14	45452	45286	1
MT_Pilot	1	Port Input	15	45749	45583	1
MT_Pilot	1	Port Input	14	45749	45583	1
MT_Pilot	1	Port Input	15	45750	45584	1
MT_Pilot	1	Port Input	14	45750	45584	1
MT_Pilot	1	Port Input	15	45752	45586	1
MT_Pilot	1	Port Input	14	45752	45586	1
MT_Pilot	1	Port Input	15	45754	45588	1
MT_Pilot	1	Port Input	14	45754	45588	1
MT_Pilot	1	Port Input	15	45754	45588	1
MT_Pilot	1	Port Input	14	45754	45588	1
MT_Pilot	1	Port Input	15	45755	45589	1
MT_Pilot	1	Port Input	14	45755	45589	1
MT_Pilot	1	Port Input	15	45755	45589	1
MT_Pilot	1	Port Input	14	45755	45589	1
MT_Pilot	1	Port Input	15	45755	45589	1
MT_Pilot	1	Port Input	14	45755	45589	1
MT_Pilot	1	Port Input	15	45756	45590	1
MT_Pilot	1	Port Input	14	45756	45590	1
MT_Pilot	1	Port Input	15	45756	45590	2
MT_Pilot	1	Port Input	14	45757	45591	1
MT_Pilot	1	Port Input	15	45757	45591	1
MT_Pilot	1	Port Input	14	45757	45591	1
MT_Pilot	1	Port Input	15	45757	45591	1
MT_Pilot	1	Port Input	14	45757	45591	1
MT_Pilot	1	Port Input	15	45757	45591	2
MT_Pilot	1	Port Input	14	45758	45592	1
MT_Pilot	1	Port Input	15	45758	45592	1
MT_Pilot	1	Port Input	14	45758	45592	1
MT_Pilot	1	Port Input	15	45758	45592	1
MT_Pilot	1	Port Input	14	45758	45592	1
MT_Pilot	1	Port Input	15	45758	45592	1
MT_Pilot	1	Port Input	14	45759	45593	1
MT_Pilot	1	Port Input	15	45759	45593	1
MT_Pilot	1	Port Input	14	45759	45593	1
MT_Pilot	1	Port Input	15	45759	45593	1
MT_Pilot	1	Port Input	14	45760	45594	1
MT_Pilot	1	Port Input	15	45760	45594	1
MT_Pilot	1	Picture	81	60225	60059	1	10009	3	59950	9950	other	0
MT_Pilot	1	Port Input	14	62464	62298	1
MT_Pilot	1	Port Input	15	62464	62298	1
MT_Pilot	1	Port Input	14	62464	62298	1
MT_Pilot	1	Response	100	62464	62298	1
MT_Pilot	1	Port Input	15	62612	62446	2
MT_Pilot	1	Port Input	14	62612	62446	2
MT_Pilot	1	Port Input	15	62613	62447	1
MT_Pilot	1	Port Input	14	62613	62447	1
MT_Pilot	1	Port Input	15	62614	62448	1
MT_Pilot	1	Port Input	14	62614	62448	1
MT_Pilot	1	Port Input	15	62616	62450	1
MT_Pilot	1	Port Input	14	62616	62450	1
MT_Pilot	1	Port Input	15	62627	62461	1
MT_Pilot	1	Port Input	14	62627	62461	1
MT_Pilot	1	Port Input	15	62635	62469	1
MT_Pilot	1	Port Input	14	62635	62469	1
MT_Pilot	1	Port Input	15	62637	62471	1
MT_Pilot	1	Port Input	14	62637	62471	1
MT_Pilot	1	Port Input	15	62643	62477	1
MT_Pilot	1	Port Input	14	62643	62477	1
MT_Pilot	1	Port Input	15	62697	62531	1
MT_Pilot	1	Port Input	14	62697	62531	1
MT_Pilot	1	Port Input	15	62713	62547	1
MT_Pilot	1	Port Input	14	62713	62547	1
MT_Pilot	1	Port Input	15	62714	62548	1
MT_Pilot	1	Port Input	14	62714	62548	1
MT_Pilot	1	Port Input	15	62774	62608	1
MT_Pilot	1	Port Input	14	62774	62608	1
MT_Pilot	1	Port Input	15	62781	62615	1
MT_Pilot	1	Port Input	14	62781	62615	1
MT_Pilot	1	Port Input	15	62787	62621	1
MT_Pilot	1	Port Input	14	62788	62622	1
MT_Pilot	1	Port Input	15	62793	62627	1
MT_Pilot	1	Port Input	14	62793	62627	1
MT_Pilot	1	Port Input	15	62795	62629	1
MT_Pilot	1	Port Input	14	62795	62629	1
MT_Pilot	1	Port Input	15	62798	62632	1
MT_Pilot	1	Port Input	14	62798	62632	1
MT_Pilot	1	Port Input	15	62817	62651	1
MT_Pilot	1	Port Input	14	62817	62651	1
MT_Pilot	1	Port Input	15	62832	62666	1
MT_Pilot	1	Port Input	14	62832	62666	1
MT_Pilot	1	Port Input	15	62836	62670	1
MT_Pilot	1	Port Input	14	62836	62670	1
MT_Pilot	1	Port Input	15	62842	62676	2
MT_Pilot	1	Port Input	14	62842	62676	2
MT_Pilot	1	Port Input	15	62995	62829	1
MT_Pilot	1	Port Input	14	62995	62829	1
MT_Pilot	1	Port Input	15	63100	62934	1
MT_Pilot	1	Port Input	14	63100	62934	2
MT_Pilot	1	Port Input	15	63123	62957	1
MT_Pilot	1	Port Input	14	63123	62957	1
MT_Pilot	1	Port Input	15	64648	64482	1
MT_Pilot	1	Port Input	14	64648	64482	1
MT_Pilot	1	Response	100	64648	64482	1
MT_Pilot	1	Port Input	15	64657	64491	1
MT_Pilot	1	Port Input	14	64657	64491	1
MT_Pilot	1	Port Input	15	64730	64564	1
MT_Pilot	1	Port Input	14	64730	64564	1
MT_Pilot	1	Port Input	15	64778	64612	1
MT_Pilot	1	Port Input	14	64778	64612	1
MT_Pilot	1	Port Input	15	64778	64612	1
MT_Pilot	1	Port Input	14	64779	64613	1
MT_Pilot	1	Port Input	15	64788	64622	1
MT_Pilot	1	Port Input	14	64788	64622	1
MT_Pilot	1	Port Input	15	64807	64641	1
MT_Pilot	1	Port Input	14	64807	64641	1
MT_Pilot	1	Port Input	15	64807	64641	1
MT_Pilot	1	Port Input	14	64807	64641	1
MT_Pilot	1	Port Input	15	64849	64683	1
MT_Pilot	1	Port Input	14	64849	64683	1
MT_Pilot	1	Port Input	15	64890	64724	1
MT_Pilot	1	Port Input	14	64890	64724	1
MT_Pilot	1	Port Input	15	64891	64725	1
MT_Pilot	1	Port Input	14	64891	64725	1
MT_Pilot	1	Port Input	15	64892	64726	1
MT_Pilot	1	Port Input	14	64892	64726	1
MT_Pilot	1	Port Input	15	64976	64810	1
MT_Pilot	1	Port Input	14	64976	64810	1
MT_Pilot	1	Port Input	15	64977	64811	1
MT_Pilot	1	Port Input	14	64977	64811	1
MT_Pilot	1	Port Input	15	65026	64860	1
MT_Pilot	1	Port Input	14	65026	64860	1
MT_Pilot	1	Port Input	15	65050	64884	1
MT_Pilot	1	Port Input	14	65050	64884	1
MT_Pilot	1	Port Input	15	65055	64889	1
MT_Pilot	1	Port Input	14	65055	64889	1
MT_Pilot	1	Port Input	15	65070	64904	1
MT_Pilot	1	Port Input	14	65070	64904	1
MT_Pilot	1	Port Input	15	65076	64910	1
MT_Pilot	1	Port Input	14	65076	64910	1
MT_Pilot	1	Port Input	15	65082	64916	1
MT_Pilot	1	Port Input	14	65082	64916	1
MT_Pilot	1	Port Input	15	65143	64977	1
MT_Pilot	1	Port Input	14	65143	64977	1
MT_Pilot	1	Port Input	15	65156	64990	1
MT_Pilot	1	Port Input	14	65156	64990	1
MT_Pilot	1	Port Input	15	65158	64992	1
MT_Pilot	1	Port Input	14	65158	64992	1
MT_Pilot	1	Port Input	15	65159	64993	1
MT_Pilot	1	Port Input	14	65159	64993	1
MT_Pilot	1	Port Input	15	65160	64994	1
MT_Pilot	1	Port Input	14	65160	64994	1
MT_Pilot	1	Port Input	15	65165	64999	1
MT_Pilot	1	Port Input	14	65165	64999	1
MT_Pilot	1	Port Input	15	65192	65026	1
MT_Pilot	1	Port Input	14	65192	65026	1
MT_Pilot	1	Port Input	15	65196	65030	1
MT_Pilot	1	Port Input	14	65196	65030	1
MT_Pilot	1	Port Input	15	65208	65042	1
MT_Pilot	1	Port Input	14	65208	65042	1
MT_Pilot	1	Port Input	15	65216	65050	1
MT_Pilot	1	Port Input	14	65216	65050	1
MT_Pilot	1	Port Input	15	65243	65077	1
MT_Pilot	1	Port Input	14	65243	65077	1
MT_Pilot	1	Port Input	15	65246	65080	1
MT_Pilot	1	Port Input	14	65246	65080	1
MT_Pilot	1	Port Input	15	65248	65082	1
MT_Pilot	1	Port Input	14	65248	65082	1
MT_Pilot	1	Port Input	15	65248	65082	1
MT_Pilot	1	Port Input	14	65248	65082	1
MT_Pilot	1	Port Input	15	65249	65083	1
MT_Pilot	1	Port Input	14	65249	65083	1
MT_Pilot	1	Port Input	15	65250	65084	1
MT_Pilot	1	Port Input	14	65250	65084	1
MT_Pilot	1	Port Input	15	65251	65085	1
MT_Pilot	1	Port Input	14	65251	65085	1
MT_Pilot	1	Port Input	15	65251	65085	1
MT_Pilot	1	Port Input	14	65251	65085	1
MT_Pilot	1	Port Input	15	65254	65088	1
MT_Pilot	1	Port Input	14	65254	65088	1
MT_Pilot	1	Port Input	15	65255	65089	1
MT_Pilot	1	Port Input	14	65255	65089	1
MT_Pilot	1	Port Input	15	65256	65090	1
MT_Pilot	1	Port Input	14	65256	65090	1
MT_Pilot	1	Port Input	15	65258	65092	1
MT_Pilot	1	Port Input	14	65258	65092	1
MT_Pilot	1	Port Input	15	65258	65092	1
MT_Pilot	1	Port Input	14	65258	65092	1
MT_Pilot	1	Port Input	15	65259	65093	1
MT_Pilot	1	Port Input	14	65259	65093	1
MT_Pilot	1	Port Input	15	65259	65093	1
MT_Pilot	1	Port Input	14	65259	65093	1
MT_Pilot	1	Port Input	15	65259	65093	1
MT_Pilot	1	Port Input	14	65259	65093	1
MT_Pilot	1	Port Input	15	65259	65093	1
MT_Pilot	1	Port Input	14	65259	65093	1
MT_Pilot	1	Port Input	15	65260	65094	1
MT_Pilot	1	Port Input	14	65260	65094	1
MT_Pilot	1	Port Input	15	65261	65095	1
MT_Pilot	1	Port Input	14	65261	65095	1
MT_Pilot	1	Port Input	15	65262	65096	1
MT_Pilot	1	Port Input	14	65262	65096	1
MT_Pilot	1	Port Input	15	65263	65097	1
MT_Pilot	1	Port Input	14	65263	65097	1
MT_Pilot	1	Port Input	15	65264	65098	1
MT_Pilot	1	Port Input	14	65264	65098	1
MT_Pilot	1	Port Input	15	65264	65098	1
MT_Pilot	1	Port Input	14	65264	65098	1
MT_Pilot	1	Port Input	15	65266	65100	1
MT_Pilot	1	Port Input	14	65266	65100	1
MT_Pilot	1	Port Input	15	65266	65100	1
MT_Pilot	1	Port Input	14	65266	65100	1
MT_Pilot	1	Port Input	15	65267	65101	1
MT_Pilot	1	Port Input	14	65267	65101	1
MT_Pilot	1	Port Input	15	65271	65105	1
MT_Pilot	1	Port Input	14	65271	65105	1
MT_Pilot	1	Port Input	15	65272	65106	2
MT_Pilot	1	Port Input	14	65272	65106	2
MT_Pilot	1	Port Input	15	65275	65109	1
MT_Pilot	1	Port Input	14	65275	65109	2
MT_Pilot	1	Port Input	15	65276	65110	1
MT_Pilot	1	Port Input	14	65276	65110	1
MT_Pilot	1	Port Input	15	65276	65110	1
MT_Pilot	1	Port Input	14	65276	65110	1
MT_Pilot	1	Port Input	15	65277	65111	1
MT_Pilot	1	Port Input	14	65277	65111	1
MT_Pilot	1	Port Input	15	65281	65115	1
MT_Pilot	1	Port Input	14	65281	65115	1
MT_Pilot	1	Port Input	15	65282	65116	1
MT_Pilot	1	Port Input	14	65282	65116	1
MT_Pilot	1	Port Input	15	65284	65118	1
MT_Pilot	1	Port Input	14	65284	65118	1
MT_Pilot	1	Port Input	15	65284	65118	1
MT_Pilot	1	Port Input	14	65284	65118	1
MT_Pilot	1	Port Input	15	65285	65119	1
MT_Pilot	1	Port Input	14	65285	65119	1
MT_Pilot	1	Port Input	15	65286	65120	1
MT_Pilot	1	Port Input	14	65286	65120	1
MT_Pilot	1	Port Input	15	65287	65121	1
MT_Pilot	1	Port Input	14	65287	65121	1
MT_Pilot	1	Port Input	15	65288	65122	1
MT_Pilot	1	Port Input	14	65288	65122	1
MT_Pilot	1	Port Input	15	65289	65123	1
MT_Pilot	1	Port Input	14	65289	65123	1
MT_Pilot	1	Port Input	15	65290	65124	1
MT_Pilot	1	Port Input	14	65290	65124	1
MT_Pilot	1	Port Input	15	65291	65125	1
MT_Pilot	1	Port Input	14	65291	65125	1
MT_Pilot	1	Port Input	15	65292	65126	1
MT_Pilot	1	Port Input	14	65292	65126	1
MT_Pilot	1	Port Input	15	65293	65127	1
MT_Pilot	1	Port Input	14	65293	65127	1
MT_Pilot	1	Port Input	15	65293	65127	1
MT_Pilot	1	Port Input	14	65293	65127	1
MT_Pilot	1	Port Input	15	65294	65128	1
MT_Pilot	1	Port Input	14	65294	65128	1
MT_Pilot	1	Port Input	15	65295	65129	1
MT_Pilot	1	Port Input	14	65295	65129	1
MT_Pilot	1	Port Input	15	65295	65129	1
MT_Pilot	1	Port Input	14	65295	65129	1
MT_Pilot	1	Port Input	15	65296	65130	1
MT_Pilot	1	Port Input	14	65296	65130	1
MT_Pilot	1	Port Input	15	65297	65131	1
MT_Pilot	1	Port Input	14	65297	65131	1
MT_Pilot	1	Port Input	15	65299	65133	1
MT_Pilot	1	Port Input	14	65299	65133	1
MT_Pilot	1	Port Input	15	65300	65134	1
MT_Pilot	1	Port Input	14	65300	65134	1
MT_Pilot	1	Port Input	15	65301	65135	1
MT_Pilot	1	Port Input	14	65301	65135	1
MT_Pilot	1	Port Input	15	65301	65135	1
MT_Pilot	1	Port Input	14	65301	65135	1
MT_Pilot	1	Port Input	15	65308	65142	1
MT_Pilot	1	Port Input	14	65308	65142	1
MT_Pilot	1	Port Input	15	65309	65143	1
MT_Pilot	1	Port Input	14	65309	65143	1
MT_Pilot	1	Port Input	15	65309	65143	1
MT_Pilot	1	Port Input	14	65309	65143	1
MT_Pilot	1	Port Input	15	65310	65144	1
MT_Pilot	1	Port Input	14	65310	65144	1
MT_Pilot	1	Port Input	15	65310	65144	1
MT_Pilot	1	Port Input	14	65310	65144	1
MT_Pilot	1	Port Input	15	65520	65354	1
MT_Pilot	1	Port Input	14	65520	65354	1
MT_Pilot	1	Port Input	15	65520	65354	1
MT_Pilot	1	Port Input	14	65520	65354	1
MT_Pilot	1	Port Input	15	65520	65354	1
MT_Pilot	1	Port Input	14	65520	65354	1
MT_Pilot	1	Port Input	15	65520	65354	1
MT_Pilot	1	Port Input	14	65520	65354	1
MT_Pilot	1	Port Input	15	65520	65354	1
MT_Pilot	1	Port Input	14	65520	65354	1
MT_Pilot	1	Port Input	15	65520	65354	1
MT_Pilot	1	Port Input	14	65520	65354	1
MT_Pilot	1	Port Input	15	65521	65355	1
MT_Pilot	1	Port Input	14	65521	65355	1
MT_Pilot	1	Port Input	15	65521	65355	1
MT_Pilot	1	Port Input	14	65521	65355	1
MT_Pilot	1	Port Input	15	65521	65355	1
MT_Pilot	1	Port Input	14	65521	65355	1
MT_Pilot	1	Port Input	15	65521	65355	1
MT_Pilot	1	Port Input	14	65521	65355	1
MT_Pilot	1	Port Input	15	65521	65355	1
MT_Pilot	1	Port Input	14	65521	65355	1
MT_Pilot	1	Port Input	15	65522	65356	1
MT_Pilot	1	Picture	81	80244	80078	1	10010	2	79950	9950	other	0
MT_Pilot	1	Port Input	14	80831	80665	2
MT_Pilot	1	Response	100	80831	80665	2
MT_Pilot	1	Port Input	15	80832	80666	1
MT_Pilot	1	Port Input	14	80832	80666	1
MT_Pilot	1	Port Input	15	80832	80666	1
MT_Pilot	1	Port Input	14	80832	80666	1
MT_Pilot	1	Port Input	15	80832	80666	1
MT_Pilot	1	Port Input	14	80832	80666	1
MT_Pilot	1	Port Input	15	80833	80667	2
MT_Pilot	1	Port Input	14	80834	80668	1
MT_Pilot	1	Port Input	15	80835	80669	1
MT_Pilot	1	Port Input	14	80835	80669	1
MT_Pilot	1	Port Input	15	80835	80669	1
MT_Pilot	1	Port Input	14	80835	80669	1
MT_Pilot	1	Port Input	15	80835	80669	1
MT_Pilot	1	Port Input	14	80835	80669	1
MT_Pilot	1	Port Input	15	80836	80670	1
MT_Pilot	1	Port Input	14	80836	80670	1
MT_Pilot	1	Port Input	15	80836	80670	1
MT_Pilot	1	Port Input	14	80836	80670	1
MT_Pilot	1	Port Input	15	80836	80670	1
MT_Pilot	1	Port Input	14	80836	80670	1
MT_Pilot	1	Port Input	15	80836	80670	1
MT_Pilot	1	Port Input	14	80836	80670	1
MT_Pilot	1	Port Input	15	80836	80670	1
MT_Pilot	1	Port Input	14	80836	80670	1
MT_Pilot	1	Port Input	15	80836	80670	1
MT_Pilot	1	Port Input	14	80836	80670	1
MT_Pilot	1	Port Input	15	80836	80670	1
MT_Pilot	1	Port Input	14	80836	80670	2
MT_Pilot	1	Port Input	15	80837	80671	1
MT_Pilot	1	Port Input	14	80837	80671	1
MT_Pilot	1	Port Input	15	80837	80671	1
MT_Pilot	1	Port Input	14	80837	80671	1
MT_Pilot	1	Port Input	15	80837	80671	1
MT_Pilot	1	Port Input	14	80837	80671	1
MT_Pilot	1	Port Input	15	80837	80671	1
MT_Pilot	1	Port Input	14	80837	80671	1
MT_Pilot	1	Port Input	15	80838	80672	1
MT_Pilot	1	Port Input	14	80838	80672	1
MT_Pilot	1	Port Input	15	80838	80672	1
MT_Pilot	1	Port Input	14	80838	80672	1
MT_Pilot	1	Port Input	15	80838	80672	1
MT_Pilot	1	Port Input	14	80838	80672	1
MT_Pilot	1	Port Input	15	80838	80672	1
MT_Pilot	1	Port Input	14	80838	80672	1
MT_Pilot	1	Port Input	15	80838	80672	1
MT_Pilot	1	Port Input	14	80838	80672	1
MT_Pilot	1	Port Input	15	80838	80672	1
MT_Pilot	1	Port Input	14	80838	80672	1
MT_Pilot	1	Port Input	15	80838	80672	1
MT_Pilot	1	Port Input	14	80838	80672	1
MT_Pilot	1	Port Input	15	80839	80673	1
MT_Pilot	1	Port Input	14	80839	80673	1
MT_Pilot	1	Port Input	15	80839	80673	1
MT_Pilot	1	Port Input	14	80839	80673	1
MT_Pilot	1	Port Input	15	80839	80673	1
MT_Pilot	1	Port Input	14	80839	80673	1
MT_Pilot	1	Port Input	15	80995	80829	1
MT_Pilot	1	Port Input	14	80995	80829	1
MT_Pilot	1	Port Input	15	80996	80830	1
MT_Pilot	1	Port Input	14	80996	80830	1
MT_Pilot	1	Port Input	15	80996	80830	1
MT_Pilot	1	Port Input	14	80996	80830	1
MT_Pilot	1	Port Input	15	80997	80831	1
MT_Pilot	1	Port Input	14	80997	80831	1
MT_Pilot	1	Port Input	15	80997	80831	1
MT_Pilot	1	Port Input	14	80997	80831	1
MT_Pilot	1	Port Input	15	80998	80832	1
MT_Pilot	1	Port Input	14	80998	80832	1
MT_Pilot	1	Port Input	15	81002	80836	1
MT_Pilot	1	Port Input	14	81002	80836	1
MT_Pilot	1	Port Input	15	81008	80842	2
MT_Pilot	1	Port Input	14	81009	80843	1
MT_Pilot	1	Port Input	15	81009	80843	1
MT_Pilot	1	Port Input	14	81009	80843	1
MT_Pilot	1	Port Input	15	81010	80844	1
MT_Pilot	1	Port Input	14	81010	80844	1
MT_Pilot	1	Port Input	15	81011	80845	1
MT_Pilot	1	Port Input	14	81011	80845	1
MT_Pilot	1	Port Input	15	81054	80888	1
MT_Pilot	1	Port Input	14	81054	80888	1
MT_Pilot	1	Port Input	15	81057	80891	1
MT_Pilot	1	Port Input	14	81057	80891	1
MT_Pilot	1	Port Input	15	81060	80894	1
MT_Pilot	1	Port Input	14	81060	80894	1
MT_Pilot	1	Port Input	15	81061	80895	1
MT_Pilot	1	Port Input	14	81061	80895	1
MT_Pilot	1	Port Input	15	81066	80900	1
MT_Pilot	1	Port Input	14	81066	80900	1
MT_Pilot	1	Port Input	15	81072	80906	1
MT_Pilot	1	Port Input	14	81072	80906	1
MT_Pilot	1	Port Input	15	81073	80907	2
MT_Pilot	1	Port Input	14	81073	80907	2
MT_Pilot	1	Port Input	15	81074	80908	1
MT_Pilot	1	Port Input	14	81074	80908	1
MT_Pilot	1	Port Input	15	81074	80908	1
MT_Pilot	1	Port Input	14	81074	80908	1
MT_Pilot	1	Port Input	15	81076	80910	1
MT_Pilot	1	Port Input	14	81076	80910	1
MT_Pilot	1	Port Input	15	81083	80917	1
MT_Pilot	1	Port Input	14	81083	80917	1
MT_Pilot	1	Port Input	15	81084	80918	1
MT_Pilot	1	Port Input	14	81084	80918	1
MT_Pilot	1	Port Input	15	81086	80920	1
MT_Pilot	1	Port Input	14	81086	80920	1
MT_Pilot	1	Port Input	15	81088	80922	1
MT_Pilot	1	Port Input	14	81088	80922	1
MT_Pilot	1	Port Input	15	81089	80923	1
MT_Pilot	1	Port Input	14	81089	80923	1
MT_Pilot	1	Port Input	15	81091	80925	1
MT_Pilot	1	Port Input	14	81091	80925	1
MT_Pilot	1	Port Input	15	81091	80925	1
MT_Pilot	1	Port Input	14	81091	80925	1
MT_Pilot	1	Port Input	15	81092	80926	1
MT_Pilot	1	Port Input	14	81092	80926	1
MT_Pilot	1	Port Input	15	81093	80927	1
MT_Pilot	1	Port Input	14	81093	80927	1
MT_Pilot	1	Port Input	15	81093	80927	1
MT_Pilot	1	Port Input	14	81093	80927	2
MT_Pilot	1	Port Input	15	81094	80928	1
MT_Pilot	1	Port Input	14	81094	80928	1
MT_Pilot	1	Port Input	15	81094	80928	1
MT_Pilot	1	Port Input	14	81094	80928	1
MT_Pilot	1	Port Input	15	81095	80929	1
MT_Pilot	1	Port Input	14	81095	80929	1
MT_Pilot	1	Port Input	15	81095	80929	1
MT_Pilot	1	Port Input	14	81095	80929	1
MT_Pilot	1	Port Input	15	81096	80930	1
MT_Pilot	1	Port Input	14	81096	80930	1
MT_Pilot	1	Port Input	15	81096	80930	1
MT_Pilot	1	Port Input	14	81096	80930	1
MT_Pilot	1	Port Input	15	81096	80930	2
MT_Pilot	1	Port Input	14	81097	80931	1
MT_Pilot	1	Port Input	15	81097	80931	1
MT_Pilot	1	Port Input	14	81097	80931	1
MT_Pilot	1	Port Input	15	81097	80931	2
MT_Pilot	1	Port Input	14	81097	80931	2
MT_Pilot	1	Port Input	15	81099	80933	1
MT_Pilot	1	Port Input	14	81099	80933	1
MT_Pilot	1	Port Input	15	81101	80935	1
MT_Pilot	1	Port Input	14	81101	80935	1
MT_Pilot	1	Port Input	15	81102	80936	1
MT_Pilot	1	Port Input	14	81102	80936	1
MT_Pilot	1	Port Input	15	81104	80938	1
MT_Pilot	1	Port Input	14	81104	80938	1
MT_Pilot	1	Port Input	15	81104	80938	1
MT_Pilot	1	Port Input	14	81104	80938	1
MT_Pilot	1	Port Input	15	81105	80939	1
MT_Pilot	1	Port Input	14	81105	80939	1
MT_Pilot	1	Port Input	15	81105	80939	1
MT_Pilot	1	Port Input	14	81105	80939	1
MT_Pilot	1	Port Input	15	81107	80941	1
MT_Pilot	1	Port Input	14	81107	80941	1
MT_Pilot	1	Port Input	15	81108	80942	1
MT_Pilot	1	Port Input	14	81108	80942	1
MT_Pilot	1	Port Input	15	81110	80944	1
MT_Pilot	1	Port Input	14	81110	80944	2
MT_Pilot	1	Port Input	15	81111	80945	1
MT_Pilot	1	Port Input	14	81111	80945	1
MT_Pilot	1	Port Input	15	81111	80945	1
MT_Pilot	1	Port Input	14	81111	80945	1
MT_Pilot	1	Port Input	15	81112	80946	1
MT_Pilot	1	Port Input	14	81113	80947	1
MT_Pilot	1	Port Input	15	81113	80947	1
MT_Pilot	1	Port Input	14	81113	80947	1
MT_Pilot	1	Port Input	15	81114	80948	1
MT_Pilot	1	Port Input	14	81114	80948	1
MT_Pilot	1	Port Input	15	81115	80949	1
MT_Pilot	1	Port Input	14	81115	80949	1
MT_Pilot	1	Port Input	15	81115	80949	1
MT_Pilot	1	Port Input	14	81115	80949	2
MT_Pilot	1	Port Input	15	81116	80950	1
MT_Pilot	1	Port Input	14	81116	80950	1
MT_Pilot	1	Port Input	15	81126	80960	1
MT_Pilot	1	Port Input	14	81126	80960	1
MT_Pilot	1	Port Input	15	81127	80961	1
MT_Pilot	1	Port Input	14	81127	80961	1
MT_Pilot	1	Port Input	15	81127	80961	1
MT_Pilot	1	Port Input	14	81127	80961	1
MT_Pilot	1	Port Input	15	81135	80969	1
MT_Pilot	1	Port Input	14	81135	80969	1
MT_Pilot	1	Port Input	15	81141	80975	1
MT_Pilot	1	Port Input	14	81141	80975	1
MT_Pilot	1	Port Input	15	81145	80979	2
MT_Pilot	1	Port Input	14	81146	80980	1
MT_Pilot	1	Port Input	15	81146	80980	1
MT_Pilot	1	Port Input	14	81146	80980	1
MT_Pilot	1	Port Input	15	81148	80982	1
MT_Pilot	1	Port Input	14	81148	80982	1
MT_Pilot	1	Port Input	15	81165	80999	1
MT_Pilot	1	Port Input	14	81165	80999	1
MT_Pilot	1	Port Input	15	84413	84247	1
MT_Pilot	1	Port Input	14	84413	84247	1
MT_Pilot	1	Response	100	84413	84247	1
MT_Pilot	1	Port Input	15	84431	84265	1
MT_Pilot	1	Port Input	14	84431	84265	1
MT_Pilot	1	Port Input	15	84438	84272	1
MT_Pilot	1	Port Input	14	84438	84272	1
MT_Pilot	1	Port Input	15	84442	84276	1
MT_Pilot	1	Port Input	14	84442	84276	1
MT_Pilot	1	Port Input	15	84444	84278	1
MT_Pilot	1	Port Input	14	84444	84278	1
MT_Pilot	1	Port Input	15	84445	84279	1
MT_Pilot	1	Port Input	14	84445	84279	1
MT_Pilot	1	Port Input	15	84451	84285	1
MT_Pilot	1	Port Input	14	84451	84285	1
MT_Pilot	1	Port Input	15	84452	84286	1
MT_Pilot	1	Port Input	14	84452	84286	1
MT_Pilot	1	Port Input	15	84453	84287	1
MT_Pilot	1	Port Input	14	84453	84287	1
MT_Pilot	1	Port Input	15	84454	84288	1
MT_Pilot	1	Port Input	14	84454	84288	1
MT_Pilot	1	Port Input	15	84455	84289	1
MT_Pilot	1	Port Input	14	84455	84289	1
MT_Pilot	1	Port Input	15	84455	84289	1
MT_Pilot	1	Port Input	14	84455	84289	1
MT_Pilot	1	Port Input	15	84455	84289	1
MT_Pilot	1	Port Input	14	84455	84289	1
MT_Pilot	1	Port Input	15	84455	84289	1
MT_Pilot	1	Port Input	14	84455	84289	1
MT_Pilot	1	Port Input	15	84456	84290	1
MT_Pilot	1	Port Input	14	84456	84290	1
MT_Pilot	1	Port Input	15	84456	84290	1
MT_Pilot	1	Port Input	14	84456	84290	1
MT_Pilot	1	Port Input	15	84457	84291	1
MT_Pilot	1	Port Input	14	84457	84291	1
MT_Pilot	1	Port Input	15	84457	84291	1
MT_Pilot	1	Port Input	14	84457	84291	1
MT_Pilot	1	Port Input	15	84457	84291	1
MT_Pilot	1	Port Input	14	84457	84291	1
MT_Pilot	1	Port Input	15	84457	84291	1
MT_Pilot	1	Port Input	14	84457	84291	2
MT_Pilot	1	Port Input	15	84458	84292	1
MT_Pilot	1	Port Input	14	84458	84292	1
MT_Pilot	1	Port Input	15	84458	84292	1
MT_Pilot	1	Port Input	14	84458	84292	2
MT_Pilot	1	Port Input	15	84459	84293	1
MT_Pilot	1	Port Input	14	84459	84293	1
MT_Pilot	1	Port Input	15	84459	84293	1
MT_Pilot	1	Port Input	14	84459	84293	1
MT_Pilot	1	Port Input	15	84459	84293	1
MT_Pilot	1	Port Input	14	84459	84293	1
MT_Pilot	1	Port Input	15	84459	84293	2
MT_Pilot	1	Port Input	14	84460	84294	1
MT_Pilot	1	Port Input	15	84461	84295	1
MT_Pilot	1	Port Input	14	84461	84295	1
MT_Pilot	1	Port Input	15	84462	84296	1
MT_Pilot	1	Port Input	14	84462	84296	1
MT_Pilot	1	Port Input	15	84462	84296	1
MT_Pilot	1	Port Input	14	84462	84296	2
MT_Pilot	1	Port Input	15	84463	84297	1
MT_Pilot	1	Port Input	14	84463	84297	1
MT_Pilot	1	Port Input	15	84464	84298	1
MT_Pilot	1	Port Input	14	84464	84298	1
MT_Pilot	1	Port Input	15	84464	84298	1
MT_Pilot	1	Port Input	14	84464	84298	1
MT_Pilot	1	Port Input	15	84465	84299	1
MT_Pilot	1	Port Input	14	84465	84299	1
MT_Pilot	1	Port Input	15	84465	84299	1
MT_Pilot	1	Port Input	14	84465	84299	1
MT_Pilot	1	Port Input	15	84465	84299	1
MT_Pilot	1	Port Input	14	84465	84299	1
MT_Pilot	1	Port Input	15	84465	84299	1
MT_Pilot	1	Port Input	14	84465	84299	1
MT_Pilot	1	Port Input	15	84466	84300	1
MT_Pilot	1	Port Input	14	84466	84300	1
MT_Pilot	1	Port Input	15	84466	84300	1
MT_Pilot	1	Port Input	14	84466	84300	1
MT_Pilot	1	Port Input	15	84466	84300	1
MT_Pilot	1	Port Input	14	84466	84300	1
MT_Pilot	1	Port Input	15	84466	84300	1
MT_Pilot	1	Port Input	14	84466	84300	1
MT_Pilot	1	Port Input	15	84466	84300	1
MT_Pilot	1	Port Input	14	84466	84300	1
MT_Pilot	1	Port Input	15	84467	84301	1
MT_Pilot	1	Port Input	14	84467	84301	1
MT_Pilot	1	Port Input	15	84467	84301	1
MT_Pilot	1	Port Input	14	84467	84301	1
MT_Pilot	1	Port Input	15	84468	84302	1
MT_Pilot	1	Port Input	14	84468	84302	1
MT_Pilot	1	Port Input	15	84469	84303	1
MT_Pilot	1	Port Input	14	84469	84303	1
MT_Pilot	1	Port Input	15	84470	84304	1
MT_Pilot	1	Port Input	14	84470	84304	1
MT_Pilot	1	Port Input	15	84473	84307	1
MT_Pilot	1	Port Input	14	84473	84307	1
MT_Pilot	1	Port Input	15	84473	84307	1
MT_Pilot	1	Port Input	14	84473	84307	1
MT_Pilot	1	Port Input	15	84476	84310	1
MT_Pilot	1	Port Input	14	84476	84310	1
MT_Pilot	1	Port Input	15	84496	84330	1
MT_Pilot	1	Port Input	14	84496	84330	1
MT_Pilot	1	Port Input	15	84498	84332	1
MT_Pilot	1	Port Input	14	84498	84332	1
MT_Pilot	1	Port Input	15	84713	84547	1
MT_Pilot	1	Port Input	14	84713	84547	1
MT_Pilot	1	Port Input	15	84758	84592	1
MT_Pilot	1	Port Input	14	84758	84592	1
MT_Pilot	1	Port Input	15	84758	84592	1
MT_Pilot	1	Port Input	14	84758	84592	1
MT_Pilot	1	Port Input	15	84759	84593	1
MT_Pilot	1	Port Input	14	84759	84593	1
MT_Pilot	1	Port Input	15	84759	84593	1
MT_Pilot	1	Port Input	14	84759	84593	1
MT_Pilot	1	Port Input	15	84759	84593	1
MT_Pilot	1	Port Input	14	84759	84593	1
MT_Pilot	1	Port Input	15	84760	84594	1
MT_Pilot	1	Port Input	14	84760	84594	1
MT_Pilot	1	Port Input	15	84760	84594	1
MT_Pilot	1	Port Input	14	84760	84594	1
MT_Pilot	1	Port Input	15	84761	84595	1
MT_Pilot	1	Port Input	14	84761	84595	1
MT_Pilot	1	Port Input	15	84761	84595	1
MT_Pilot	1	Port Input	14	84761	84595	1
MT_Pilot	1	Port Input	15	84761	84595	1
MT_Pilot	1	Port Input	14	84761	84595	1
MT_Pilot	1	Port Input	15	84761	84595	1
MT_Pilot	1	Port Input	14	84761	84595	1
MT_Pilot	1	Port Input	15	84761	84595	1
MT_Pilot	1	Port Input	14	84761	84595	1
MT_Pilot	1	Port Input	15	84761	84595	1
MT_Pilot	1	Port Input	14	84761	84595	1
MT_Pilot	1	Port Input	15	84762	84596	1
MT_Pilot	1	Port Input	14	84762	84596	1
MT_Pilot	1	Port Input	15	84762	84596	1
MT_Pilot	1	Port Input	14	84762	84596	1
MT_Pilot	1	Port Input	15	84762	84596	1
MT_Pilot	1	Port Input	14	84762	84596	1
MT_Pilot	1	Port Input	15	84762	84596	1
MT_Pilot	1	Port Input	14	84762	84596	1
MT_Pilot	1	Port Input	15	84762	84596	1
MT_Pilot	1	Port Input	14	84762	84596	1
MT_Pilot	1	Port Input	15	84763	84597	1
MT_Pilot	1	Port Input	14	84763	84597	1
MT_Pilot	1	Port Input	15	84763	84597	1
MT_Pilot	1	Port Input	14	84763	84597	1
MT_Pilot	1	Port Input	15	84763	84597	1
MT_Pilot	1	Port Input	14	84763	84597	1
MT_Pilot	1	Port Input	15	84764	84598	1
MT_Pilot	1	Port Input	14	84764	84598	1
MT_Pilot	1	Port Input	15	84764	84598	1
MT_Pilot	1	Port Input	14	84764	84598	1
MT_Pilot	1	Port Input	15	84764	84598	1
MT_Pilot	1	Port Input	14	84764	84598	1
MT_Pilot	1	Port Input	15	84764	84598	1
MT_Pilot	1	Port Input	14	84764	84598	1
MT_Pilot	1	Port Input	15	84765	84599	1
MT_Pilot	1	Port Input	14	84765	84599	1
MT_Pilot	1	Port Input	15	84765	84599	1
MT_Pilot	1	Port Input	14	84765	84599	1
MT_Pilot	1	Port Input	15	84765	84599	1
MT_Pilot	1	Port Input	14	84765	84599	1
MT_Pilot	1	Port Input	15	84766	84600	1
MT_Pilot	2	Port Input	14	103088	12667	3
MT_Pilot	2	Response	100	103088	12667	4
MT_Pilot	3	Port Input	15	103300	33	1
MT_Pilot	3	Port Input	14	103300	33	4
MT_Pilot	3	Port Input	15	103306	39	1
MT_Pilot	3	Port Input	14	103306	39	1
MT_Pilot	3	Port Input	15	106392	3125	1
MT_Pilot	3	Port Input	14	106392	3125	4
MT_Pilot	3	Response	100	106392	3125	4
MT_Pilot	3	Port Input	15	106398	3131	1
MT_Pilot	3	Port Input	14	106398	3131	1
MT_Pilot	3	Port Input	15	106399	3132	4
MT_Pilot	3	Port Input	14	106401	3134	2
MT_Pilot	3	Port Input	15	106402	3135	1
MT_Pilot	3	Port Input	14	106402	3135	1
MT_Pilot	3	Port Input	15	106402	3135	1
MT_Pilot	3	Port Input	14	106402	3135	2
MT_Pilot	3	Port Input	15	106404	3137	1
MT_Pilot	3	Port Input	14	106404	3137	1
MT_Pilot	3	Port Input	15	106408	3141	1
MT_Pilot	3	Port Input	14	106408	3141	1
MT_Pilot	4	Port Input	15	106635	198	1
MT_Pilot	4	Port Input	14	106635	198	1
MT_Pilot	4	Port Input	15	106635	198	4
MT_Pilot	4	Port Input	14	125069	18632	3
MT_Pilot	4	Response	100	125069	18632	4
MT_Pilot	5	Port Input	15	125195	74	1
MT_Pilot	5	Port Input	14	125195	74	1
MT_Pilot	5	Port Input	15	125216	95	1
MT_Pilot	5	Port Input	14	125216	95	1
MT_Pilot	5	Port Input	15	125358	237	4
MT_Pilot	5	Port Input	14	125361	240	1
MT_Pilot	5	Port Input	15	125429	308	1
MT_Pilot	5	Port Input	14	125429	308	3
MT_Pilot	5	Port Input	15	125459	338	4
MT_Pilot	5	Port Input	14	125462	341	1
MT_Pilot	5	Port Input	15	126088	967	1
MT_Pilot	5	Port Input	14	126088	967	3
MT_Pilot	5	Port Input	15	126169	1048	1
MT_Pilot	5	Port Input	14	126169	1048	1
MT_Pilot	5	Port Input	15	126727	1606	4
MT_Pilot	5	Port Input	14	126730	1609	1
MT_Pilot	5	Port Input	15	126730	1609	1
MT_Pilot	5	Port Input	14	146019	20898	3
MT_Pilot	5	Response	100	146019	20898	4
MT_Pilot	6	Port Input	15	148093	1951	4
MT_Pilot	6	Port Input	14	148096	1954	1
MT_Pilot	6	Port Input	15	148096	1954	1
MT_Pilot	6	Response	100	148096	1954	1
MT_Pilot	6	Port Input	14	166104	19962	4
MT_Pilot	6	Response	100	166104	19962	4
MT_Pilot	6	Port Input	15	166107	19965	1
MT_Pilot	6	Port Input	14	166110	19968	1
MT_Pilot	6	Port Input	15	166110	19968	1
MT_Pilot	6	Port Input	14	166110	19968	1
MT_Pilot	7	Port Input	15	166426	265	3
MT_Pilot	7	Port Input	14	166428	267	1
MT_Pilot	7	Port Input	15	166442	281	3
MT_Pilot	7	Port Input	14	166447	286	1
MT_Pilot	7	Port Input	15	166450	289	1
MT_Pilot	7	Port Input	14	166450	289	4
MT_Pilot	7	Port Input	15	167871	1710	1
MT_Pilot	7	Port Input	14	167874	1713	1
MT_Pilot	7	Port Input	15	167874	1713	1
MT_Pilot	7	Port Input	14	167874	1713	4
MT_Pilot	7	Port Input	15	167888	1727	1
MT_Pilot	7	Port Input	14	167888	1727	1
MT_Pilot	7	Port Input	15	167888	1727	3
MT_Pilot	7	Port Input	14	185932	19771	3
MT_Pilot	7	Response	100	185932	19771	3
MT_Pilot	8	Port Input	15	187774	1760	4
MT_Pilot	8	Port Input	14	187777	1763	1
MT_Pilot	8	Port Input	15	187777	1763	4
MT_Pilot	8	Port Input	14	205068	19054	4
MT_Pilot	8	Response	100	205068	19054	4
MT_Pilot	9	Port Input	15	206571	1372	2
MT_Pilot	9	Port Input	14	206572	1373	3
MT_Pilot	9	Port Input	15	206574	1375	4
MT_Pilot	9	Port Input	14	206577	1378	1
MT_Pilot	9	Port Input	15	206623	1424	4
MT_Pilot	9	Port Input	14	206626	1427	1
MT_Pilot	9	Port Input	15	207098	1899	4
MT_Pilot	9	Port Input	14	223996	18797	4
MT_Pilot	9	Response	100	223996	18797	4
MT_Pilot	10	Port Input	15	224223	172	4
MT_Pilot	10	Port Input	14	224226	175	1
MT_Pilot	10	Port Input	15	224267	216	1
MT_Pilot	10	Port Input	14	224267	216	1
MT_Pilot	10	Port Input	15	225647	1596	4
MT_Pilot	10	Port Input	14	243199	19148	3
MT_Pilot	10	Response	100	243199	19148	4
MT_Pilot	11	Port Input	15	245028	1791	4
MT_Pilot	11	Port Input	14	261782	18545	3
MT_Pilot	11	Response	100	261782	18545	3
MT_Pilot	12	Port Input	15	263834	1913	3
MT_Pilot	12	Port Input	14	281275	19354	4
MT_Pilot	12	Response	100	281275	19354	4
MT_Pilot	13	Port Input	15	283041	1601	4
MT_Pilot	13	Port Input	14	300980	19540	3
MT_Pilot	13	Response	100	300980	19540	3
MT_Pilot	14	Port Input	15	302348	1222	1
MT_Pilot	14	Port Input	14	302348	1222	1
MT_Pilot	14	Port Input	15	302387	1261	1
MT_Pilot	14	Port Input	14	302387	1261	1
MT_Pilot	14	Port Input	15	302390	1264	1
MT_Pilot	14	Port Input	14	302390	1264	1
MT_Pilot	14	Port Input	15	302393	1267	1
MT_Pilot	14	Port Input	14	302393	1267	1
MT_Pilot	14	Port Input	15	302416	1290	1
MT_Pilot	14	Port Input	14	302416	1290	1
MT_Pilot	14	Port Input	15	302419	1293	4
MT_Pilot	14	Port Input	14	302422	1296	1
MT_Pilot	14	Port Input	15	302425	1299	1
MT_Pilot	14	Port Input	14	302425	1299	1
MT_Pilot	14	Port Input	15	302427	1301	1
MT_Pilot	14	Port Input	14	302427	1301	1
MT_Pilot	14	Port Input	15	302444	1318	1
MT_Pilot	14	Port Input	14	302444	1318	3
MT_Pilot	14	Port Input	15	302779	1653	2
MT_Pilot	14	Port Input	14	302780	1654	1
MT_Pilot	14	Port Input	15	302780	1654	3
MT_Pilot	14	Port Input	14	317217	16091	4
MT_Pilot	14	Response	100	317217	16091	4
MT_Pilot	15	Port Input	15	318768	1459	1
MT_Pilot	15	Port Input	14	318768	1459	1
MT_Pilot	15	Port Input	15	318793	1484	1
MT_Pilot	15	Port Input	14	318793	1484	3
MT_Pilot	15	Port Input	15	318798	1489	4
MT_Pilot	15	Port Input	14	318801	1492	1
MT_Pilot	15	Port Input	15	318806	1497	1
MT_Pilot	15	Port Input	14	318806	1497	4
MT_Pilot	15	Port Input	15	318812	1503	1
MT_Pilot	15	Port Input	14	318812	1503	1
MT_Pilot	15	Port Input	15	319146	1837	3
MT_Pilot	15	Port Input	14	343475	26166	4
MT_Pilot	15	Response	100	343475	26166	4
MT_Pilot	16	Port Input	15	345193	1692	1
MT_Pilot	16	Port Input	14	345193	1692	1
MT_Pilot	16	Port Input	15	345207	1706	1
MT_Pilot	16	Port Input	14	345207	1706	1
MT_Pilot	16	Port Input	15	345237	1736	1
MT_Pilot	16	Port Input	14	345237	1736	4
MT_Pilot	16	Port Input	15	345245	1744	1
MT_Pilot	16	Port Input	14	345245	1744	1
MT_Pilot	16	Port Input	15	345251	1750	1
MT_Pilot	16	Port Input	14	345251	1750	1
MT_Pilot	16	Port Input	15	345643	2142	4
MT_Pilot	16	Port Input	14	363907	20406	1
MT_Pilot	16	Port Input	15	363907	20406	1
MT_Pilot	16	Port Input	14	363907	20406	4
MT_Pilot	16	Response	100	363907	20406	1
MT_Pilot	17	Port Input	15	364167	146	1
MT_Pilot	17	Port Input	14	364167	146	2
MT_Pilot	17	Port Input	15	365409	1388	1
MT_Pilot	17	Port Input	14	365409	1388	4
MT_Pilot	17	Port Input	15	365842	1821	4
MT_Pilot	17	Port Input	14	385966	21945	1
MT_Pilot	17	Port Input	15	385966	21945	3
MT_Pilot	17	Response	100	385966	21945	1
MT_Pilot	17	Port Input	14	385969	21948	3
MT_Pilot	17	Port Input	15	385971	21950	1
MT_Pilot	17	Port Input	14	385971	21950	1
MT_Pilot	18	Port Input	15	387425	1382	3
MT_Pilot	18	Port Input	14	387427	1384	1
MT_Pilot	18	Port Input	15	387761	1718	4
MT_Pilot	18	Port Input	14	387764	1721	1
MT_Pilot	18	Port Input	15	387767	1724	3
MT_Pilot	18	Port Input	14	405957	19914	4
MT_Pilot	18	Response	100	405957	19914	4
MT_Pilot	19	Port Input	15	407746	1684	3
MT_Pilot	19	Port Input	14	407748	1686	1
MT_Pilot	19	Port Input	15	407749	1687	3
MT_Pilot	19	Port Input	14	424549	18487	4
MT_Pilot	19	Response	100	424549	18487	4
MT_Pilot	20	Port Input	15	426486	1906	1
MT_Pilot	20	Port Input	14	426486	1906	3
MT_Pilot	20	Port Input	15	426488	1908	1
MT_Pilot	20	Port Input	14	426489	1909	3
MT_Pilot	20	Port Input	15	426491	1911	1
MT_Pilot	20	Port Input	14	426491	1911	4
MT_Pilot	20	Port Input	15	426497	1917	3
MT_Pilot	20	Port Input	14	445761	21181	4
MT_Pilot	20	Response	100	445761	21181	4
