Scenario - Button
Logfile written - 01/04/2024 12:23:01

Subject	Trial	Event Type	Code	Time	TTime	Uncertainty	Duration	Uncertainty	ReqTime	ReqDur	Stim Type	Pair Index

S1007661	1	Picture	start	69	0	1	40554	1	0	next	other	0
S1007661	3	Picture	20	45137	0	1	12152	1	0	next	hit	4
S1007661	3	Port Input	14	57225	12088	1
S1007661	3	Response	22	57225	12088	1
S1007661	4	Picture	20	57290	0	1	14444	1	0	next	hit	16
S1007661	4	Port Input	15	64169	6880	1
S1007661	4	Port Input	14	64169	6880	1
S1007661	4	Port Input	15	64170	6880	1
S1007661	4	Port Input	14	64170	6880	1
S1007661	4	Port Input	15	64170	6881	1
S1007661	4	Port Input	14	64170	6881	1
S1007661	4	Port Input	15	64171	6882	1
S1007661	4	Port Input	14	64172	6882	1
S1007661	4	Port Input	15	64172	6882	1
S1007661	4	Port Input	14	71676	14387	1
S1007661	4	Response	22	71676	14387	1
S1007661	5	Picture	20	71734	0	1	13958	1	0	next	hit	20
S1007661	5	Port Input	15	78395	6662	1
S1007661	5	Port Input	14	85650	13916	1
S1007661	5	Response	22	85650	13916	1
S1007661	6	Picture	20	85691	0	1	13541	1	0	next	hit	24
S1007661	6	Port Input	15	92452	6761	1
S1007661	6	Port Input	14	99188	13497	1
S1007661	6	Response	22	99188	13497	1
S1007661	7	Picture	20	99233	0	1	13888	1	0	next	hit	32
S1007661	7	Port Input	15	106116	6883	1
S1007661	7	Port Input	14	106116	6883	1
S1007661	7	Port Input	15	106116	6883	1
S1007661	7	Port Input	14	106116	6883	1
S1007661	7	Port Input	15	106116	6884	1
S1007661	7	Port Input	14	113073	13840	1
S1007661	7	Response	22	113073	13840	1
S1007661	8	Picture	20	113121	0	1	13888	1	0	next	hit	48
S1007661	8	Port Input	15	119513	6392	1
S1007661	8	Port Input	14	119513	6392	1
S1007661	8	Port Input	15	119514	6393	1
S1007661	8	Port Input	14	119514	6393	1
S1007661	8	Port Input	15	119514	6393	1
S1007661	8	Port Input	14	119514	6393	1
S1007661	8	Port Input	15	119514	6393	1
S1007661	8	Port Input	14	119514	6393	1
S1007661	8	Port Input	15	119514	6393	1
S1007661	8	Port Input	14	119515	6394	1
S1007661	8	Port Input	15	119515	6394	1
S1007661	8	Port Input	14	119515	6394	1
S1007661	8	Port Input	15	119515	6394	1
S1007661	8	Port Input	14	126958	13837	1
S1007661	8	Response	22	126958	13837	1
S1007661	9	Picture	20	127009	0	1	13541	1	0	next	hit	52
S1007661	9	Port Input	15	133620	6611	1
S1007661	9	Port Input	14	140481	13472	1
S1007661	9	Response	22	140481	13472	1
S1007661	10	Picture	20	140551	0	1	14097	1	0	next	hit	56
S1007661	10	Port Input	15	147236	6685	1
S1007661	10	Port Input	14	154640	14089	1
S1007661	10	Response	22	154640	14089	1
S1007661	11	Picture	20	154647	0	1	13611	1	0	next	hit	68
S1007661	11	Port Input	15	160359	5711	1
S1007661	11	Port Input	14	160359	5711	1
S1007661	11	Port Input	15	160359	5712	1
S1007661	11	Port Input	14	160359	5712	1
S1007661	11	Port Input	15	160360	5712	1
S1007661	11	Port Input	14	160360	5712	1
S1007661	11	Port Input	15	160360	5712	1
S1007661	11	Port Input	14	160360	5712	1
S1007661	11	Port Input	15	160360	5712	1
S1007661	11	Port Input	14	168187	13540	1
S1007661	11	Response	22	168187	13540	1
S1007661	12	Picture	20	168258	0	1	13611	1	0	next	hit	72
S1007661	12	Port Input	15	174458	6200	1
S1007661	12	Port Input	14	181856	13598	1
S1007661	12	Response	22	181856	13598	1
S1007661	12	Port Input	15	181856	13598	1
S1007661	12	Port Input	14	181856	13598	1
S1007661	13	Picture	20	181869	0	1	13194	1	0	next	hit	102
S1007661	13	Port Input	15	187279	5411	1
S1007661	13	Port Input	14	187279	5411	1
S1007661	13	Port Input	15	187280	5411	1
S1007661	13	Port Input	14	187280	5411	1
S1007661	13	Port Input	15	187280	5411	1
S1007661	13	Port Input	14	187280	5411	1
S1007661	13	Port Input	15	187280	5412	1
S1007661	13	Port Input	14	187280	5412	1
S1007661	13	Port Input	15	187280	5412	1
S1007661	13	Port Input	14	187280	5412	1
S1007661	13	Port Input	15	187281	5412	1
S1007661	13	Port Input	14	187281	5412	1
S1007661	13	Port Input	15	187282	5413	1
S1007661	13	Port Input	14	187282	5413	1
S1007661	13	Port Input	15	187282	5413	1
S1007661	13	Port Input	14	187282	5413	1
S1007661	13	Port Input	15	187282	5414	1
S1007661	13	Port Input	14	187282	5414	1
S1007661	13	Port Input	15	187282	5414	1
S1007661	13	Port Input	14	187283	5414	1
S1007661	13	Port Input	15	187283	5414	1
S1007661	13	Port Input	14	187283	5414	1
S1007661	13	Port Input	15	187283	5414	1
S1007661	13	Port Input	14	187283	5415	1
S1007661	13	Port Input	15	187283	5415	1
S1007661	13	Port Input	14	195040	13171	1
S1007661	13	Response	22	195040	13171	1
S1007661	13	Port Input	15	195040	13171	1
S1007661	13	Port Input	14	195040	13171	1
S1007661	13	Port Input	15	195040	13171	1
S1007661	13	Port Input	14	195040	13172	1
S1007661	14	Picture	20	195063	0	1	13958	1	0	next	hit	120
S1007661	14	Port Input	15	201004	5942	1
S1007661	14	Port Input	14	201004	5942	1
S1007661	14	Port Input	15	201006	5943	1
S1007661	14	Port Input	14	201006	5943	1
S1007661	14	Port Input	15	201007	5945	1
S1007661	14	Port Input	14	201007	5945	1
S1007661	14	Port Input	15	201007	5945	1
S1007661	14	Port Input	14	201007	5945	1
S1007661	14	Port Input	15	201009	5946	1
S1007661	14	Port Input	14	201009	5946	1
S1007661	14	Port Input	15	201009	5946	1
S1007661	14	Port Input	14	208995	13933	1
S1007661	14	Response	22	208995	13933	1
S1007661	14	Port Input	15	208996	13933	1
S1007661	14	Port Input	14	208996	13933	1
S1007661	15	Picture	20	209021	0	1	14791	1	0	next	hit	126
S1007661	15	Port Input	15	215540	6519	1
S1007661	15	Port Input	14	223779	14759	1
S1007661	15	Response	22	223779	14759	1
S1007661	16	Picture	20	223812	0	1	14444	1	0	next	hit	130
S1007661	16	Port Input	15	230109	6297	1
S1007661	16	Port Input	14	238200	14388	1
S1007661	16	Response	22	238200	14388	1
S1007661	17	Picture	20	238256	0	1	13819	1	0	next	hit	146
S1007661	17	Port Input	15	244330	6075	1
S1007661	17	Port Input	14	244330	6075	1
S1007661	17	Port Input	15	244331	6075	1
S1007661	17	Port Input	14	244331	6075	1
S1007661	17	Port Input	15	244331	6076	1
S1007661	17	Port Input	14	244331	6076	1
S1007661	17	Port Input	15	244332	6076	1
S1007661	17	Port Input	14	244332	6076	1
S1007661	17	Port Input	15	244332	6077	1
S1007661	17	Port Input	14	244332	6077	1
S1007661	17	Port Input	15	244333	6077	1
S1007661	17	Port Input	14	244333	6077	1
S1007661	17	Port Input	15	244333	6077	1
S1007661	17	Port Input	14	252037	13781	1
S1007661	17	Response	22	252037	13781	1
S1007661	18	Picture	20	252075	0	1	14236	1	0	next	hit	150
S1007661	18	Port Input	15	258106	6031	1
S1007661	18	Port Input	14	266279	14204	1
S1007661	18	Response	22	266279	14204	1
S1007661	19	Picture	20	266310	0	1	14583	1	0	next	hit	166
S1007661	19	Port Input	15	272543	6232	1
S1007661	19	Port Input	14	272543	6232	1
S1007661	19	Port Input	15	272543	6233	1
S1007661	19	Port Input	14	272543	6233	1
S1007661	19	Port Input	15	272543	6233	1
S1007661	19	Port Input	14	272543	6233	1
S1007661	19	Port Input	15	272543	6233	1
S1007661	19	Port Input	14	272543	6233	1
S1007661	19	Port Input	15	272543	6233	1
S1007661	19	Port Input	14	272543	6233	1
S1007661	19	Port Input	15	272543	6233	1
S1007661	19	Port Input	14	272543	6233	1
S1007661	19	Port Input	15	272544	6233	1
S1007661	19	Port Input	14	280825	14515	1
S1007661	19	Response	22	280825	14515	1
S1007661	20	Picture	20	280893	0	1	14652	1	0	next	hit	194
S1007661	20	Port Input	15	287961	7068	1
S1007661	20	Port Input	14	287961	7068	1
S1007661	20	Port Input	15	287961	7068	1
S1007661	20	Port Input	14	287961	7068	1
S1007661	20	Port Input	15	287961	7068	1
S1007661	20	Port Input	14	287961	7068	1
S1007661	20	Port Input	15	287961	7068	1
S1007661	20	Port Input	14	287961	7068	1
S1007661	20	Port Input	15	287961	7068	1
S1007661	20	Port Input	14	287961	7068	1
S1007661	20	Port Input	15	287962	7069	1
S1007661	20	Port Input	14	287962	7069	1
S1007661	20	Port Input	15	287962	7069	1
S1007661	20	Port Input	14	287962	7069	1
S1007661	20	Port Input	15	287962	7069	1
S1007661	20	Port Input	14	287962	7069	1
S1007661	20	Port Input	15	287962	7069	1
S1007661	20	Port Input	14	287962	7069	1
S1007661	20	Port Input	15	287962	7069	1
S1007661	20	Port Input	14	287962	7069	1
S1007661	20	Port Input	15	287962	7069	1
S1007661	20	Port Input	14	287962	7069	1
S1007661	20	Port Input	15	287963	7070	1
S1007661	20	Port Input	14	287963	7070	1
S1007661	20	Port Input	15	287963	7070	1
S1007661	20	Port Input	14	295501	14608	1
S1007661	20	Response	22	295501	14608	1
S1007661	21	Picture	20	295545	0	1	13750	1	0	next	hit	204
S1007661	21	Port Input	15	302129	6584	1
S1007661	21	Port Input	14	302129	6584	1
S1007661	21	Port Input	15	302131	6585	1
S1007661	21	Port Input	14	302131	6585	1
S1007661	21	Port Input	15	302132	6587	1
S1007661	21	Port Input	14	302132	6587	1
S1007661	21	Port Input	15	302132	6587	1
S1007661	21	Port Input	14	309287	13742	1
S1007661	21	Response	22	309287	13742	1
S1007661	22	Picture	20	309295	0	1	14444	1	0	next	hit	226
S1007661	22	Port Input	15	316588	7293	1
S1007661	22	Port Input	14	316588	7293	1
S1007661	22	Port Input	15	316588	7293	1
S1007661	22	Port Input	14	316588	7293	1
S1007661	22	Port Input	15	316588	7293	1
S1007661	22	Port Input	14	316588	7293	1
S1007661	22	Port Input	15	316588	7293	1
S1007661	22	Port Input	14	316588	7293	1
S1007661	22	Port Input	15	316589	7294	1
S1007661	22	Port Input	14	316589	7294	1
S1007661	22	Port Input	15	316589	7294	1
S1007661	22	Port Input	14	316589	7294	1
S1007661	22	Port Input	15	316590	7295	1
S1007661	22	Port Input	14	316590	7295	1
S1007661	22	Port Input	15	316590	7295	1
S1007661	22	Port Input	14	316590	7295	1
S1007661	22	Port Input	15	316590	7295	1
S1007661	22	Port Input	14	316590	7295	1
S1007661	22	Port Input	15	316590	7295	1
S1007661	22	Port Input	14	323679	14384	1
S1007661	22	Response	22	323679	14384	1
S1007661	23	Picture	20	323739	0	1	13888	1	0	next	hit	232
S1007661	23	Port Input	15	330649	6911	1
S1007661	23	Port Input	14	330649	6911	1
S1007661	23	Port Input	15	330650	6911	1
S1007661	23	Port Input	14	337567	13828	1
S1007661	23	Response	22	337567	13828	1
S1007661	24	Picture	20	337627	0	1	13888	1	0	next	hit	240
S1007661	24	Port Input	15	344656	7029	1
S1007661	24	Port Input	14	344656	7029	1
S1007661	24	Port Input	15	344656	7029	1
S1007661	24	Port Input	14	344656	7029	1
S1007661	24	Port Input	15	344656	7029	1
S1007661	24	Port Input	14	351489	13862	1
S1007661	24	Response	22	351489	13862	1
S1007661	25	Picture	20	351516	0	1	12708	1	0	next	hit	250
S1007661	25	Port Input	15	357263	5747	1
S1007661	25	Port Input	14	357263	5747	1
S1007661	25	Port Input	15	357263	5747	1
S1007661	25	Port Input	14	357263	5747	1
S1007661	25	Port Input	15	357263	5748	1
S1007661	25	Port Input	14	357263	5748	1
S1007661	25	Port Input	15	357264	5748	1
S1007661	25	Port Input	14	364207	12691	1
S1007661	25	Response	22	364207	12691	1
S1007661	26	Picture	20	364224	0	1	13402	1	0	next	hit	258
S1007661	26	Port Input	15	370459	6235	1
S1007661	26	Port Input	14	370459	6235	1
S1007661	26	Port Input	15	370459	6235	1
S1007661	26	Port Input	14	370459	6236	1
S1007661	26	Port Input	15	370459	6236	1
S1007661	26	Port Input	14	377552	13328	1
S1007661	26	Response	22	377552	13328	1
S1007661	27	Picture	20	377626	0	1	13125	1	0	next	hit	264
S1007661	27	Port Input	15	384601	6975	1
S1007661	27	Port Input	14	384601	6975	1
S1007661	27	Port Input	15	384601	6975	1
S1007661	27	Port Input	14	390710	13084	1
S1007661	27	Response	22	390710	13084	1
S1007661	28	Picture	20	390751	0	1	13333	1	0	next	hit	268
S1007661	28	Port Input	15	398061	7311	1
S1007661	28	Port Input	14	404029	13278	1
S1007661	28	Response	22	404029	13278	1
S1007661	29	Picture	20	404083	0	1	12291	1	0	next	hit	272
S1007661	29	Port Input	15	410411	6328	1
S1007661	29	Port Input	14	416324	12241	1
S1007661	29	Response	22	416324	12241	1
S1007661	30	Picture	20	416375	0	1	13333	1	0	next	hit	276
S1007661	30	Port Input	15	423417	7042	1
S1007661	30	Port Input	14	429684	13310	1
S1007661	30	Response	22	429684	13310	1
S1007661	30	Port Input	15	429684	13310	1
S1007661	30	Port Input	14	429685	13310	1
S1007661	31	Picture	20	429708	0	1	12222	1	0	next	hit	284
S1007661	31	Port Input	15	436331	6623	1
S1007661	31	Port Input	14	436331	6623	1
S1007661	31	Port Input	15	436331	6623	1
S1007661	31	Port Input	14	441882	12175	1
S1007661	31	Response	22	441882	12175	1
S1007661	31	Port Input	15	441883	12175	1
S1007661	31	Port Input	14	441883	12176	4
S1007661	32	Picture	20	441929	0	1	12291	1	0	next	hit	294
S1007661	32	Port Input	15	447683	5754	1
S1007661	32	Port Input	14	447683	5754	1
S1007661	32	Port Input	15	447684	5755	1
S1007661	32	Port Input	14	447685	5755	1
S1007661	32	Port Input	15	447685	5755	1
S1007661	32	Port Input	14	454185	12255	1
S1007661	32	Response	22	454185	12255	1
S1007661	33	Picture	20	454221	0	1	13402	1	0	next	hit	322
S1007661	33	Port Input	15	461914	7694	1
S1007661	33	Port Input	14	461914	7694	1
S1007661	33	Port Input	15	461915	7694	1
S1007661	33	Port Input	14	461915	7694	1
S1007661	33	Port Input	15	461915	7694	1
S1007661	33	Port Input	14	461915	7694	1
S1007661	33	Port Input	15	461915	7694	1
S1007661	33	Port Input	14	461915	7695	1
S1007661	33	Port Input	15	461915	7695	1
S1007661	33	Port Input	14	461915	7695	1
S1007661	33	Port Input	15	461915	7695	1
S1007661	33	Port Input	14	461915	7695	1
S1007661	33	Port Input	15	461915	7695	1
S1007661	33	Port Input	14	461915	7695	1
S1007661	33	Port Input	15	461915	7695	1
S1007661	33	Port Input	14	461916	7695	1
S1007661	33	Port Input	15	461916	7695	1
S1007661	33	Port Input	14	461916	7695	1
S1007661	33	Port Input	15	461916	7695	1
S1007661	33	Port Input	14	461916	7695	1
S1007661	33	Port Input	15	461916	7696	1
S1007661	33	Port Input	14	461916	7696	1
S1007661	33	Port Input	15	461917	7696	1
S1007661	33	Port Input	14	461917	7696	1
S1007661	33	Port Input	15	461917	7696	1
S1007661	33	Port Input	14	467606	13386	1
S1007661	33	Response	22	467606	13386	1
S1007661	34	Picture	20	467623	0	1	12777	1	0	next	hit	328
S1007661	34	Port Input	15	474344	6721	1
S1007661	34	Port Input	14	474344	6721	1
S1007661	34	Port Input	15	474345	6722	1
S1007661	34	Port Input	14	480370	12747	1
S1007661	34	Response	22	480370	12747	1
S1007661	35	Picture	20	480400	0	1	12916	1	0	next	hit	332
S1007661	35	Port Input	15	487063	6663	1
S1007661	35	Port Input	14	493300	12899	1
S1007661	35	Response	22	493300	12899	1
S1007661	36	Picture	20	493316	0	1	12361	1	0	next	hit	342
S1007661	36	Port Input	15	499905	6588	1
S1007661	36	Port Input	14	499905	6588	1
S1007661	36	Port Input	15	499906	6589	1
S1007661	36	Port Input	14	499906	6589	1
S1007661	36	Port Input	15	499906	6590	1
S1007661	36	Port Input	14	499906	6590	1
S1007661	36	Port Input	15	499906	6590	1
S1007661	36	Port Input	14	505613	12297	1
S1007661	36	Response	22	505613	12297	1
S1007661	37	Picture	20	505677	0	1	14027	1	0	next	hit	348
S1007661	37	Port Input	15	512481	6804	1
S1007661	37	Port Input	14	512481	6804	1
S1007661	37	Port Input	15	512481	6804	1
S1007661	37	Port Input	14	519654	13977	1
S1007661	37	Response	22	519654	13977	1
S1007661	38	Picture	20	519705	0	1	12847	1	0	next	hit	352
S1007661	38	Port Input	15	525312	5607	1
S1007661	38	Port Input	14	532479	12774	1
S1007661	38	Response	22	532479	12774	1
S1007661	39	Picture	20	532551	0	1	13125	1	0	next	hit	358
S1007661	39	Port Input	15	538769	6218	1
S1007661	39	Port Input	14	538769	6218	1
S1007661	39	Port Input	15	538769	6218	1
S1007661	39	Port Input	14	545667	13115	1
S1007661	39	Response	22	545667	13115	1
S1007661	39	Port Input	15	545667	13116	1
S1007661	39	Port Input	14	545667	13116	1
S1007661	40	Picture	20	545676	0	1	13819	1	0	next	hit	368
S1007661	40	Port Input	15	553043	7367	1
S1007661	40	Port Input	14	553043	7367	1
S1007661	40	Port Input	15	553043	7367	1
S1007661	40	Port Input	14	553043	7367	1
S1007661	40	Port Input	15	553043	7367	1
S1007661	40	Port Input	14	559465	13789	1
S1007661	40	Response	22	559465	13789	1
S1007661	41	Picture	20	559495	0	1	12430	1	0	next	hit	372
S1007661	41	Port Input	15	565864	6369	1
S1007661	41	Port Input	14	571892	12397	1
S1007661	41	Response	22	571892	12397	1
S1007661	41	Port Input	15	571892	12397	1
S1007661	41	Port Input	14	571892	12397	1
S1007661	42	Picture	20	571925	0	1	13611	1	0	next	hit	386
S1007661	42	Port Input	15	579205	7280	1
S1007661	42	Port Input	14	579205	7280	1
S1007661	42	Port Input	15	579205	7280	1
S1007661	42	Port Input	14	579205	7280	1
S1007661	42	Port Input	15	579205	7280	1
S1007661	42	Port Input	14	579205	7280	1
S1007661	42	Port Input	15	579206	7281	1
S1007661	42	Port Input	14	579206	7281	1
S1007661	42	Port Input	15	579206	7281	1
S1007661	42	Port Input	14	585513	13588	1
S1007661	42	Response	22	585513	13588	1
S1007661	43	Picture	20	585536	0	1	13333	1	0	next	hit	394
S1007661	43	Port Input	15	592626	7090	1
S1007661	43	Port Input	14	592626	7090	1
S1007661	43	Port Input	15	592626	7090	1
S1007661	43	Port Input	14	592626	7090	1
S1007661	43	Port Input	15	592626	7090	1
S1007661	43	Port Input	14	598804	13268	1
S1007661	43	Response	22	598804	13268	1
S1007661	44	Picture	20	598869	0	1	12291	1	0	next	hit	400
S1007661	44	Port Input	15	603303	4434	1
S1007661	44	Port Input	14	603303	4434	1
S1007661	44	Port Input	15	603303	4435	1
S1007661	44	Port Input	14	611098	12230	1
S1007661	44	Response	22	611098	12230	1
S1007661	45	Picture	20	611160	0	1	14027	1	0	next	hit	404
S1007661	45	Port Input	15	618110	6950	1
S1007661	45	Port Input	14	625136	13976	1
S1007661	45	Response	22	625136	13976	1
S1007661	46	Picture	20	625187	0	1	14166	1	0	next	hit	408
S1007661	46	Port Input	15	632399	7211	1
S1007661	46	Port Input	14	639305	14118	1
S1007661	46	Response	22	639305	14118	1
S1007661	47	Picture	20	639353	0	1	13888	1	0	next	hit	412
S1007661	47	Port Input	15	646456	7102	1
S1007661	47	Port Input	14	653198	13844	1
S1007661	47	Response	22	653198	13844	1
S1007661	48	Picture	20	653242	0	1	12569	1	0	next	hit	418
S1007661	48	Port Input	15	659296	6055	1
S1007661	48	Port Input	14	659296	6055	1
S1007661	48	Port Input	15	659296	6055	1
S1007661	48	Port Input	14	665777	12535	1
S1007661	48	Response	22	665777	12535	1
S1007661	49	Picture	20	665811	0	1	14236	1	0	next	hit	422
S1007661	49	Port Input	15	672570	6760	1
S1007661	49	Port Input	14	680001	14190	1
S1007661	49	Response	22	680001	14190	1
S1007661	50	Picture	20	680046	0	1	14791	1	0	next	hit	434
S1007661	50	Port Input	15	687041	6995	1
S1007661	50	Port Input	14	687041	6995	1
S1007661	50	Port Input	15	687041	6995	1
S1007661	50	Port Input	14	687041	6995	1
S1007661	50	Port Input	15	687041	6995	1
S1007661	50	Port Input	14	687041	6995	1
S1007661	50	Port Input	15	687042	6995	1
S1007661	50	Port Input	14	687042	6995	1
S1007661	50	Port Input	15	687042	6995	1
S1007661	50	Port Input	14	694820	14774	1
S1007661	50	Response	22	694820	14774	1
S1007661	51	Picture	20	694837	0	1	13958	1	0	next	hit	438
S1007661	51	Port Input	15	701181	6343	1
S1007661	51	Port Input	14	708741	13903	1
S1007661	51	Response	22	708741	13903	1
S1007661	52	Picture	20	708795	0	1	13888	1	0	next	hit	442
S1007661	52	Port Input	15	715175	6380	1
S1007661	52	Port Input	14	722656	13861	1
S1007661	52	Response	22	722656	13861	1
S1007661	52	Port Input	15	722656	13861	1
S1007661	52	Port Input	14	722656	13861	1
S1007661	53	Picture	20	722684	0	1	13472	1	0	next	hit	450
S1007661	53	Port Input	15	729845	7161	1
S1007661	53	Port Input	14	729845	7161	1
S1007661	53	Port Input	15	729845	7161	1
S1007661	53	Port Input	14	736127	13443	1
S1007661	53	Response	22	736127	13443	1
S1007661	54	Picture	20	736156	0	1	13402	1	0	next	hit	454
S1007661	54	Port Input	15	742791	6635	1
S1007661	54	Port Input	14	749521	13365	1
S1007661	54	Response	22	749521	13365	1
S1007661	55	Picture	20	749558	0	1	13055	1	0	next	hit	458
S1007661	55	Port Input	15	756359	6801	1
S1007661	55	Port Input	14	762586	13028	1
S1007661	55	Response	22	762586	13028	1
S1007661	56	Picture	20	762613	0	1	13263	1	0	next	hit	464
S1007661	56	Port Input	15	768558	5945	1
S1007661	56	Port Input	14	768558	5945	1
S1007661	56	Port Input	15	768558	5945	1
S1007661	56	Port Input	14	775865	13252	1
S1007661	56	Response	22	775865	13252	1
S1007661	57	Picture	20	775876	0	1	12569	1	0	next	hit	468
S1007661	57	Port Input	15	782459	6583	1
S1007661	57	Port Input	14	788419	12543	1
S1007661	57	Response	22	788419	12543	1
S1007661	58	Picture	20	788445	0	1	13194	1	0	next	hit	472
S1007661	58	Port Input	15	795007	6562	1
S1007661	58	Port Input	14	801574	13128	1
S1007661	58	Response	22	801574	13128	1
S1007661	59	Picture	20	801639	0	1	12569	1	0	next	hit	478
S1007661	59	Port Input	15	807835	6196	1
S1007661	59	Port Input	14	807835	6196	1
S1007661	59	Port Input	15	807835	6196	1
S1007661	59	Port Input	14	814154	12515	1
S1007661	59	Response	22	814154	12515	1
S1007661	59	Port Input	15	814155	12515	1
S1007661	59	Port Input	14	814155	12515	1
S1007661	60	Picture	20	814208	0	1	12777	1	0	next	hit	484
S1007661	60	Port Input	15	820673	6465	1
S1007661	60	Port Input	14	826959	12750	1
S1007661	60	Response	22	826959	12750	1
S1007661	61	Picture	20	826986	0	1	12638	1	0	next	hit	488
S1007661	61	Port Input	15	833088	6102	1
S1007661	61	Port Input	14	839613	12627	1
S1007661	61	Response	22	839613	12627	1
S1007661	62	Picture	20	839624	0	1	12222	1	0	next	hit	492
S1007661	62	Port Input	15	845867	6243	1
S1007661	62	Port Input	14	851836	12212	1
S1007661	62	Response	22	851836	12212	1
S1007661	63	Picture	20	851846	0	1	12777	1	0	next	hit	496
S1007661	63	Port Input	15	858675	6829	1
S1007661	63	Port Input	14	864590	12744	1
S1007661	63	Response	22	864590	12744	1
S1007661	64	Picture	20	864623	0	1	11944	1	0	next	hit	502
S1007661	64	Port Input	15	870432	5809	1
S1007661	64	Port Input	14	870432	5809	1
S1007661	64	Port Input	15	870432	5809	1
S1007661	64	Port Input	14	876558	11935	1
S1007661	64	Response	22	876558	11935	1
S1007661	65	Picture	20	876567	0	1	11250	1	0	next	hit	506
S1007661	65	Port Input	15	881955	5388	1
S1007661	65	Port Input	14	887747	11180	1
S1007661	65	Response	22	887747	11180	1
S1007661	66	Picture	20	887817	0	1	11666	1	0	next	hit	512
S1007661	66	Port Input	15	893800	5983	1
S1007661	66	Port Input	14	893800	5983	1
S1007661	66	Port Input	15	893801	5983	1
S1007661	66	Port Input	14	899455	11638	1
S1007661	66	Response	22	899455	11638	1
S1007661	67	Picture	20	899483	0	1	12152	1	0	next	hit	520
S1007661	67	Port Input	15	906478	6994	1
S1007661	67	Port Input	14	906478	6994	1
S1007661	67	Port Input	15	906478	6995	1
S1007661	67	Port Input	14	906478	6995	1
S1007661	67	Port Input	15	906478	6995	1
S1007661	67	Port Input	14	911622	12138	1
S1007661	67	Response	22	911622	12138	1
S1007661	68	Picture	20	911636	0	1	13055	1	0	next	hit	524
S1007661	68	Port Input	15	918667	7032	1
S1007661	68	Port Input	14	924623	12987	1
S1007661	68	Response	22	924623	12987	1
S1007661	69	Picture	20	924691	0	1	11458	1	0	next	hit	532
S1007661	69	Port Input	15	930483	5792	1
S1007661	69	Port Input	14	930483	5792	1
S1007661	69	Port Input	15	930483	5793	1
S1007661	69	Port Input	14	930483	5793	1
S1007661	69	Port Input	15	930486	5795	1
S1007661	69	Port Input	14	936092	11401	1
S1007661	69	Response	22	936092	11401	1
S1007661	70	Picture	20	936149	0	1	12500	1	0	next	hit	536
S1007661	70	Port Input	15	941937	5788	1
S1007661	70	Port Input	14	948574	12425	1
S1007661	70	Response	22	948574	12425	1
S1007661	71	Picture	20	948648	0	1	11666	1	0	next	hit	542
S1007661	71	Port Input	15	953828	5180	1
S1007661	71	Port Input	14	953828	5180	1
S1007661	71	Port Input	15	953829	5180	1
S1007661	71	Port Input	14	960300	11652	1
S1007661	71	Response	22	960300	11652	1
S1007661	72	Picture	20	960315	0	1	11666	1	0	next	hit	556
S1007661	72	Port Input	15	966537	6222	1
S1007661	72	Port Input	14	966537	6222	1
S1007661	72	Port Input	15	966539	6224	1
S1007661	72	Port Input	14	966539	6224	1
S1007661	72	Port Input	15	966539	6225	1
S1007661	72	Port Input	14	966539	6225	1
S1007661	72	Port Input	15	966540	6225	1
S1007661	72	Port Input	14	966540	6225	1
S1007661	72	Port Input	15	966540	6226	1
S1007661	72	Port Input	14	966540	6226	1
S1007661	72	Port Input	15	966540	6226	1
S1007661	72	Port Input	14	971920	11606	1
S1007661	72	Response	22	971920	11606	1
S1007661	73	Picture	20	971981	0	1	12638	1	0	next	hit	560
S1007661	73	Port Input	15	978907	6926	1
S1007661	73	Port Input	14	984559	12579	1
S1007661	73	Response	22	984559	12579	1
S1007661	74	Picture	20	984619	0	1	12013	1	0	next	hit	564
S1007661	74	Port Input	15	990921	6301	1
S1007661	74	Port Input	14	996586	11967	1
S1007661	74	Response	22	996586	11967	1
S1007661	75	Picture	20	996633	0	1	12083	1	0	next	hit	576
S1007661	75	Port Input	15	1003494	6861	1
S1007661	75	Port Input	14	1003494	6862	1
S1007661	75	Port Input	15	1003494	6862	1
S1007661	75	Port Input	14	1003494	6862	1
S1007661	75	Port Input	15	1003495	6862	1
S1007661	75	Port Input	14	1003495	6862	1
S1007661	75	Port Input	15	1003497	6864	1
S1007661	75	Port Input	14	1003497	6864	1
S1007661	75	Port Input	15	1003497	6864	1
S1007661	75	Port Input	14	1008651	12018	1
S1007661	75	Response	22	1008651	12018	1
S1007661	76	Picture	20	1008716	0	1	13194	1	0	next	hit	580
S1007661	76	Port Input	15	1016039	7324	1
S1007661	76	Port Input	14	1021900	13184	1
S1007661	76	Response	22	1021900	13184	1
S1007661	77	Picture	20	1021910	0	1	12638	1	0	next	hit	592
S1007661	77	Port Input	15	1029040	7130	1
S1007661	77	Port Input	14	1029040	7130	1
S1007661	77	Port Input	15	1029041	7131	1
S1007661	77	Port Input	14	1029041	7131	1
S1007661	77	Port Input	15	1029041	7131	1
S1007661	77	Port Input	14	1029041	7131	1
S1007661	77	Port Input	15	1029041	7131	1
S1007661	77	Port Input	14	1029041	7131	1
S1007661	77	Port Input	15	1029041	7131	1
S1007661	77	Port Input	14	1034511	12602	1
S1007661	77	Response	22	1034511	12602	1
S1007661	77	Port Input	15	1034511	12602	1
S1007661	77	Port Input	14	1034512	12602	1
S1007661	78	Picture	20	1034548	0	1	13055	1	0	next	hit	612
S1007661	78	Port Input	15	1042130	7582	1
S1007661	78	Port Input	14	1042130	7582	1
S1007661	78	Port Input	15	1042130	7582	1
S1007661	78	Port Input	14	1042130	7582	1
S1007661	78	Port Input	15	1042131	7583	1
S1007661	78	Port Input	14	1042131	7583	1
S1007661	78	Port Input	15	1042131	7583	1
S1007661	78	Port Input	14	1042132	7583	1
S1007661	78	Port Input	15	1042132	7583	1
S1007661	78	Port Input	14	1042132	7583	1
S1007661	78	Port Input	15	1042132	7583	1
S1007661	78	Port Input	14	1042132	7583	1
S1007661	78	Port Input	15	1042132	7584	1
S1007661	78	Port Input	14	1042132	7584	1
S1007661	78	Port Input	15	1042132	7584	1
S1007661	78	Port Input	14	1047563	13015	1
S1007661	78	Response	22	1047563	13015	1
S1007661	79	Picture	20	1047603	0	1	13194	1	0	next	hit	616
S1007661	79	Port Input	15	1055573	7970	1
S1007661	79	Port Input	14	1060741	13137	1
S1007661	79	Response	22	1060741	13137	1
S1007661	80	Picture	20	1060797	0	1	12847	1	0	next	hit	630
S1007661	80	Port Input	15	1067938	7141	1
S1007661	80	Port Input	14	1067938	7141	1
S1007661	80	Port Input	15	1067945	7148	1
S1007661	80	Port Input	14	1067945	7148	1
S1007661	80	Port Input	15	1067946	7149	1
S1007661	80	Port Input	14	1067946	7149	1
S1007661	80	Port Input	15	1067946	7149	1
S1007661	80	Port Input	14	1067946	7149	1
S1007661	80	Port Input	15	1067947	7149	1
S1007661	80	Port Input	14	1067947	7149	1
S1007661	80	Port Input	15	1067947	7150	1
S1007661	80	Port Input	14	1073630	12833	1
S1007661	80	Response	22	1073630	12833	1
S1007661	81	Picture	20	1073644	0	1	62915	1	0	next	hit	676
S1007661	81	Port Input	15	1081567	7923	1
S1007661	81	Port Input	14	1081567	7923	1
S1007661	81	Port Input	15	1081571	7927	1
S1007661	81	Port Input	14	1086484	12840	1
S1007661	81	Port Input	15	1086485	12840	1
S1007661	81	Port Input	14	1086485	12840	1
S1007661	81	Port Input	15	1094660	21016	1
S1007661	81	Port Input	14	1099477	25833	1
S1007661	81	Port Input	15	1099477	25833	1
S1007661	81	Port Input	14	1099477	25833	1
S1007661	81	Port Input	15	1099477	25833	1
S1007661	81	Port Input	14	1099477	25833	1
S1007661	81	Port Input	15	1099478	25833	1
S1007661	81	Port Input	14	1099478	25833	1
S1007661	81	Port Input	15	1099478	25833	1
S1007661	81	Port Input	14	1099478	25833	1
S1007661	81	Port Input	15	1099478	25834	1
S1007661	81	Port Input	14	1099478	25834	1
S1007661	81	Port Input	15	1107783	34139	1
S1007661	81	Port Input	14	1112308	38664	1
S1007661	81	Port Input	15	1112309	38665	1
S1007661	81	Port Input	14	1112309	38665	1
S1007661	81	Port Input	15	1119679	46035	1
S1007661	81	Port Input	14	1123707	50063	1
S1007661	81	Port Input	15	1123707	50063	1
S1007661	81	Port Input	14	1123707	50063	1
S1007661	81	Port Input	15	1123707	50063	1
S1007661	81	Port Input	14	1123707	50063	1
S1007661	81	Port Input	15	1123707	50063	1
S1007661	81	Port Input	14	1123707	50063	1
S1007661	81	Port Input	15	1123707	50063	1
S1007661	81	Port Input	14	1123707	50063	1
S1007661	81	Port Input	15	1131025	57381	1
S1007661	81	Port Input	14	1131025	57381	1
S1007661	81	Port Input	15	1131027	57383	1
S1007661	81	Port Input	14	1131027	57383	1
S1007661	81	Port Input	15	1131027	57383	1
S1007661	81	Port Input	14	1131027	57383	1
S1007661	81	Port Input	15	1131028	57384	1
S1007661	81	Port Input	14	1131028	57384	1
S1007661	81	Port Input	15	1131028	57384	1
S1007661	81	Port Input	14	1131028	57384	1
S1007661	81	Port Input	15	1131028	57384	1
S1007661	81	Port Input	14	1136548	62904	1
S1007661	81	Response	22	1136548	62904	1
S1007661	82	Picture	20	1136559	0	1	62429	1	0	next	hit	704
S1007661	82	Port Input	15	1144211	7652	1
S1007661	82	Port Input	14	1148631	12072	1
S1007661	82	Port Input	15	1156430	19871	1
S1007661	82	Port Input	14	1160922	24363	1
S1007661	82	Port Input	15	1167892	31333	1
S1007661	82	Port Input	14	1172754	36195	1
S1007661	82	Port Input	15	1180921	44362	1
S1007661	82	Port Input	14	1180921	44362	1
S1007661	82	Port Input	15	1180922	44363	1
S1007661	82	Port Input	14	1180922	44363	1
S1007661	82	Port Input	15	1180922	44363	1
S1007661	82	Port Input	14	1180922	44363	1
S1007661	82	Port Input	15	1180922	44364	1
S1007661	82	Port Input	14	1185835	49276	1
S1007661	82	Port Input	15	1193578	57019	1
S1007661	82	Port Input	14	1193578	57019	1
S1007661	82	Port Input	15	1193578	57019	1
S1007661	82	Port Input	14	1193578	57019	1
S1007661	82	Port Input	15	1193578	57020	1
S1007661	82	Port Input	14	1193578	57020	1
S1007661	82	Port Input	15	1193579	57020	1
S1007661	82	Port Input	14	1193579	57020	1
S1007661	82	Port Input	15	1193579	57021	1
S1007661	82	Port Input	14	1193579	57021	1
S1007661	82	Port Input	15	1193580	57021	1
S1007661	82	Port Input	14	1198974	62415	1
S1007661	82	Response	22	1198974	62415	1
S1007661	83	Picture	20	1198987	0	1	12638	1	0	next	hit	714
S1007661	83	Port Input	15	1205960	6973	1
S1007661	83	Port Input	14	1205960	6973	1
S1007661	83	Port Input	15	1205960	6973	1
S1007661	83	Port Input	14	1205960	6973	1
S1007661	83	Port Input	15	1205960	6973	1
S1007661	83	Port Input	14	1205961	6974	1
S1007661	83	Port Input	15	1205962	6974	1
S1007661	83	Port Input	14	1211600	12613	1
S1007661	83	Response	22	1211600	12613	1
S1007661	84	Picture	20	1211626	0	1	12847	1	0	next	hit	724
S1007661	84	Port Input	15	1218326	6700	1
S1007661	84	Port Input	14	1218326	6700	1
S1007661	84	Port Input	15	1218327	6701	1
S1007661	84	Port Input	14	1218327	6701	1
S1007661	84	Port Input	15	1218327	6702	1
S1007661	84	Port Input	14	1218327	6702	1
S1007661	84	Port Input	15	1218328	6703	1
S1007661	84	Port Input	14	1224423	12798	1
S1007661	84	Response	22	1224423	12798	1
S1007661	85	Picture	20	1224472	0	1	105483	1	0	next	hit	800
S1007661	85	Port Input	15	1231582	7109	1
S1007661	85	Port Input	14	1236244	11772	1
S1007661	85	Port Input	15	1243944	19472	1
S1007661	85	Port Input	14	1243944	19472	1
S1007661	85	Port Input	15	1243944	19472	1
S1007661	85	Port Input	14	1243944	19472	1
S1007661	85	Port Input	15	1243944	19472	1
S1007661	85	Port Input	14	1243944	19472	1
S1007661	85	Port Input	15	1243945	19472	1
S1007661	85	Port Input	14	1243945	19472	1
S1007661	85	Port Input	15	1243945	19473	1
S1007661	85	Port Input	14	1248899	24426	1
S1007661	85	Port Input	15	1258306	33834	1
S1007661	85	Port Input	14	1258306	33834	1
S1007661	85	Port Input	15	1258307	33834	1
S1007661	85	Port Input	14	1262110	37638	1
S1007661	85	Port Input	15	1262111	37638	1
S1007661	85	Port Input	14	1262111	37638	1
S1007661	85	Port Input	15	1271816	47344	1
S1007661	85	Port Input	14	1271816	47344	1
S1007661	85	Port Input	15	1271816	47344	1
S1007661	85	Port Input	14	1271816	47344	1
S1007661	85	Port Input	15	1271820	47347	1
S1007661	85	Port Input	14	1271820	47347	1
S1007661	85	Port Input	15	1271820	47347	1
S1007661	85	Port Input	14	1276183	51711	1
S1007661	85	Port Input	15	1285815	61343	1
S1007661	85	Port Input	14	1290272	65800	1
S1007661	85	Port Input	15	1298574	74102	1
S1007661	85	Port Input	14	1298574	74102	1
S1007661	85	Port Input	15	1298575	74102	1
S1007661	85	Port Input	14	1298575	74102	1
S1007661	85	Port Input	15	1298575	74102	1
S1007661	85	Port Input	14	1298575	74102	1
S1007661	85	Port Input	15	1298575	74103	1
S1007661	85	Port Input	14	1303116	78644	1
S1007661	85	Port Input	15	1312018	87545	1
S1007661	85	Port Input	14	1312018	87545	1
S1007661	85	Port Input	15	1312018	87545	1
S1007661	85	Port Input	14	1312018	87545	1
S1007661	85	Port Input	15	1312018	87546	1
S1007661	85	Port Input	14	1312018	87546	1
S1007661	85	Port Input	15	1312019	87546	1
S1007661	85	Port Input	14	1312019	87546	1
S1007661	85	Port Input	15	1312019	87547	1
S1007661	85	Port Input	14	1312019	87547	1
S1007661	85	Port Input	15	1312019	87547	1
S1007661	85	Port Input	14	1312019	87547	1
S1007661	85	Port Input	15	1312020	87547	1
S1007661	85	Port Input	14	1312020	87547	1
S1007661	85	Port Input	15	1312020	87548	1
S1007661	85	Port Input	14	1312020	87548	1
S1007661	85	Port Input	15	1312020	87548	1
S1007661	85	Port Input	14	1312020	87548	1
S1007661	85	Port Input	15	1312020	87548	1
S1007661	85	Port Input	14	1312020	87548	1
S1007661	85	Port Input	15	1312021	87548	1
S1007661	85	Port Input	14	1312021	87548	1
S1007661	85	Port Input	15	1312021	87548	1
S1007661	85	Port Input	14	1312021	87548	1
S1007661	85	Port Input	15	1312021	87549	1
S1007661	85	Port Input	14	1316816	92344	1
S1007661	85	Port Input	15	1316816	92344	1
S1007661	85	Port Input	14	1316816	92344	1
S1007661	85	Port Input	15	1316816	92344	1
S1007661	85	Port Input	14	1316816	92344	1
S1007661	85	Port Input	15	1316816	92344	1
S1007661	85	Port Input	14	1316817	92344	1
S1007661	85	Port Input	15	1316817	92344	1
S1007661	85	Port Input	14	1316817	92344	1
S1007661	85	Port Input	15	1316817	92345	1
S1007661	85	Port Input	14	1316817	92345	1
S1007661	85	Port Input	15	1324657	100185	1
S1007661	85	Port Input	14	1329939	105467	1
S1007661	85	Response	22	1329939	105467	1
S1007661	86	Picture	20	1329955	0	1	37082	1	0	next	hit	808
S1007661	86	Port Input	15	1338592	8637	1
S1007661	86	Port Input	14	1342337	12382	1
S1007661	86	Port Input	15	1351320	21365	1
S1007661	86	Port Input	14	1355057	25102	1
S1007661	86	Port Input	15	1361875	31920	1
S1007661	86	Port Input	14	1366993	37038	1
S1007661	86	Response	22	1366993	37038	1
S1007661	87	Picture	20	1367037	0	1	12708	1	0	next	hit	812
S1007661	87	Port Input	15	1374547	7510	1
S1007661	87	Port Input	14	1379677	12640	1
S1007661	87	Response	22	1379677	12640	1
S1007661	88	Picture	20	1379745	0	1	115621	1	0	next	hit	850
S1007661	88	Port Input	15	1388282	8537	1
S1007661	88	Port Input	14	1388282	8537	1
S1007661	88	Port Input	15	1388287	8542	1
S1007661	88	Port Input	14	1388287	8542	1
S1007661	88	Port Input	15	1388287	8542	1
S1007661	88	Port Input	14	1388287	8542	1
S1007661	88	Port Input	15	1388288	8543	1
S1007661	88	Port Input	14	1388288	8543	1
S1007661	88	Port Input	15	1388288	8543	1
S1007661	88	Port Input	14	1388288	8544	1
S1007661	88	Port Input	15	1388289	8544	1
S1007661	88	Port Input	14	1392243	12498	1
S1007661	88	Port Input	15	1401814	22069	1
S1007661	88	Port Input	14	1401814	22069	1
S1007661	88	Port Input	15	1401819	22074	1
S1007661	88	Port Input	14	1406025	26280	1
S1007661	88	Port Input	15	1415721	35976	1
S1007661	88	Port Input	14	1419454	39710	1
S1007661	88	Port Input	15	1428082	48337	1
S1007661	88	Port Input	14	1432261	52516	1
S1007661	88	Port Input	15	1439476	59731	1
S1007661	88	Port Input	14	1439476	59731	1
S1007661	88	Port Input	15	1439476	59731	1
S1007661	88	Port Input	14	1444446	64701	1
S1007661	88	Port Input	15	1452347	72603	1
S1007661	88	Port Input	14	1456933	77188	1
S1007661	88	Port Input	15	1456933	77188	1
S1007661	88	Port Input	14	1456933	77188	1
S1007661	88	Port Input	15	1466117	86372	1
S1007661	88	Port Input	14	1469809	90064	1
S1007661	88	Port Input	15	1469809	90064	1
S1007661	88	Port Input	14	1469809	90064	1
S1007661	88	Port Input	15	1477761	98016	1
S1007661	88	Port Input	14	1482683	102938	1
S1007661	88	Port Input	15	1490293	110548	1
S1007661	88	Port Input	14	1495342	115597	1
S1007661	88	Response	22	1495342	115597	1
S1007661	88	Port Input	15	1495342	115597	1
S1007661	88	Port Input	14	1495342	115598	1
S1007661	88	Port Input	15	1495343	115598	1
S1007661	88	Port Input	14	1495343	115598	86
S1007661	89	Picture	20	1495366	0	1	13055	1	0	next	hit	860
S1007661	89	Port Input	15	1502074	6708	1
S1007661	89	Port Input	14	1502074	6708	1
S1007661	89	Port Input	15	1502074	6708	1
S1007661	89	Port Input	14	1508381	13015	1
S1007661	89	Response	22	1508381	13015	1
S1007661	90	Picture	20	1508421	0	1	12986	1	0	next	hit	864
S1007661	90	Port Input	15	1515477	7056	1
S1007661	90	Port Input	14	1521337	12916	1
S1007661	90	Response	22	1521337	12916	1
S1007661	91	Picture	20	1521407	0	1	12361	1	0	next	hit	872
S1007661	91	Port Input	15	1528059	6652	1
S1007661	91	Port Input	14	1528059	6652	1
S1007661	91	Port Input	15	1528059	6652	1
S1007661	91	Port Input	14	1528059	6652	1
S1007661	91	Port Input	15	1528060	6653	1
S1007661	91	Port Input	14	1533691	12285	1
S1007661	91	Response	22	1533691	12285	1
S1007661	92	Picture	20	1533767	0	1	25069	1	0	next	hit	886
S1007661	92	Port Input	15	1540862	7095	1
S1007661	92	Port Input	14	1540862	7095	1
S1007661	92	Port Input	15	1540862	7095	1
S1007661	92	Port Input	14	1540862	7095	1
S1007661	92	Port Input	15	1540862	7095	1
S1007661	92	Port Input	14	1545821	12054	1
S1007661	92	Port Input	15	1552468	18701	1
S1007661	92	Port Input	14	1552469	18701	1
S1007661	92	Port Input	15	1552469	18701	1
S1007661	92	Port Input	14	1552469	18701	1
S1007661	92	Port Input	15	1552469	18702	1
S1007661	92	Port Input	14	1558817	25050	1
S1007661	92	Response	22	1558817	25050	1
S1007661	93	Picture	20	1558836	0	1	12569	1	0	next	hit	890
S1007661	93	Port Input	15	1566292	7456	1
S1007661	93	Port Input	14	1571344	12508	1
S1007661	93	Response	22	1571344	12508	1
S1007661	94	Picture	20	1571405	0	1	85414	1	0	next	hit	968
S1007661	94	Port Input	15	1578799	7394	1
S1007661	94	Port Input	14	1578799	7394	1
S1007661	94	Port Input	15	1578799	7394	1
S1007661	94	Port Input	14	1583199	11794	1
S1007661	94	Port Input	15	1583199	11794	1
S1007661	94	Port Input	14	1583199	11794	1
S1007661	94	Port Input	15	1583200	11795	1
S1007661	94	Port Input	14	1583200	11795	1
S1007661	94	Port Input	15	1583200	11795	1
S1007661	94	Port Input	14	1583200	11795	1
S1007661	94	Port Input	15	1583200	11795	1
S1007661	94	Port Input	14	1583200	11795	1
S1007661	94	Port Input	15	1590898	19493	1
S1007661	94	Port Input	14	1595520	24115	1
S1007661	94	Port Input	15	1595521	24115	1
S1007661	94	Port Input	14	1595521	24116	1
S1007661	94	Port Input	15	1595521	24116	1
S1007661	94	Port Input	14	1595521	24116	1
S1007661	94	Port Input	15	1595521	24116	1
S1007661	94	Port Input	14	1595521	24116	1
S1007661	94	Port Input	15	1604320	32915	1
S1007661	94	Port Input	14	1604320	32915	1
S1007661	94	Port Input	15	1604321	32916	1
S1007661	94	Port Input	14	1608121	36716	1
S1007661	94	Port Input	15	1608121	36716	1
S1007661	94	Port Input	14	1608121	36716	1
S1007661	94	Port Input	15	1608121	36716	1
S1007661	94	Port Input	14	1608122	36717	1
S1007661	94	Port Input	15	1617800	46395	1
S1007661	94	Port Input	14	1617800	46395	1
S1007661	94	Port Input	15	1617802	46397	1
S1007661	94	Port Input	14	1617802	46397	1
S1007661	94	Port Input	15	1617802	46397	1
S1007661	94	Port Input	14	1617802	46397	1
S1007661	94	Port Input	15	1617802	46397	1
S1007661	94	Port Input	14	1620956	49551	1
S1007661	94	Port Input	15	1620956	49551	1
S1007661	94	Port Input	14	1620957	49552	1
S1007661	94	Port Input	15	1627573	56168	1
S1007661	94	Port Input	14	1632553	61148	1
S1007661	94	Port Input	15	1632553	61148	1
S1007661	94	Port Input	14	1632553	61148	1
S1007661	94	Port Input	15	1640534	69129	1
S1007661	94	Port Input	14	1640534	69129	1
S1007661	94	Port Input	15	1640534	69129	1
S1007661	94	Port Input	14	1640534	69129	1
S1007661	94	Port Input	15	1640534	69129	1
S1007661	94	Port Input	14	1640534	69129	1
S1007661	94	Port Input	15	1640535	69130	1
S1007661	94	Port Input	14	1640535	69130	1
S1007661	94	Port Input	15	1640535	69130	1
S1007661	94	Port Input	14	1644874	73469	1
S1007661	94	Port Input	15	1651551	80146	1
S1007661	94	Port Input	14	1651551	80146	1
S1007661	94	Port Input	15	1651551	80146	1
S1007661	94	Port Input	14	1651551	80146	1
S1007661	94	Port Input	15	1651551	80146	1
S1007661	94	Port Input	14	1651551	80146	1
S1007661	94	Port Input	15	1651552	80147	1
S1007661	94	Port Input	14	1651552	80147	1
S1007661	94	Port Input	15	1651552	80147	1
S1007661	94	Port Input	14	1651554	80149	1
S1007661	94	Port Input	15	1651555	80150	1
S1007661	94	Port Input	14	1651555	80150	1
S1007661	94	Port Input	15	1651555	80150	1
S1007661	94	Port Input	14	1651556	80150	1
S1007661	94	Port Input	15	1651556	80151	1
S1007661	94	Port Input	14	1651556	80151	1
S1007661	94	Port Input	15	1651556	80151	1
S1007661	94	Port Input	14	1651556	80151	1
S1007661	94	Port Input	15	1651556	80151	1
S1007661	94	Port Input	14	1651557	80151	1
S1007661	94	Port Input	15	1651557	80152	1
S1007661	94	Port Input	14	1651557	80152	1
S1007661	94	Port Input	15	1651557	80152	1
S1007661	94	Port Input	14	1656800	85395	1
S1007661	94	Response	22	1656800	85395	1
S1007661	94	Port Input	15	1656800	85395	1
S1007661	94	Port Input	14	1656801	85396	1
S1007661	94	Port Input	15	1656801	85396	1
S1007661	94	Port Input	14	1656801	85396	1
S1007661	94	Port Input	15	1656801	85396	1
S1007661	94	Port Input	14	1656802	85397	4
S1007661	95	Picture	20	1656819	0	1	13125	1	0	next	hit	992
S1007661	95	Port Input	15	1664586	7767	1
S1007661	95	Port Input	14	1664586	7767	1
S1007661	95	Port Input	15	1664586	7767	1
S1007661	95	Port Input	14	1664586	7767	1
S1007661	95	Port Input	15	1664586	7767	1
S1007661	95	Port Input	14	1664586	7767	1
S1007661	95	Port Input	15	1664586	7768	1
S1007661	95	Port Input	14	1664586	7768	1
S1007661	95	Port Input	15	1664586	7768	1
S1007661	95	Port Input	14	1664587	7768	1
S1007661	95	Port Input	15	1664587	7768	1
S1007661	95	Port Input	14	1664587	7768	1
S1007661	95	Port Input	15	1664592	7773	1
S1007661	95	Port Input	14	1664593	7774	1
S1007661	95	Port Input	15	1664593	7774	1
S1007661	95	Port Input	14	1669878	13059	1
S1007661	95	Response	22	1669878	13059	1
S1007661	95	Port Input	15	1669878	13059	1
S1007661	95	Port Input	14	1669878	13060	1
S1007661	96	Picture	20	1669943	0	1	109093	1	0	next	hit	1154
S1007661	96	Port Input	15	1677815	7871	1
S1007661	96	Port Input	14	1677815	7871	1
S1007661	96	Port Input	15	1677815	7871	1
S1007661	96	Port Input	14	1677815	7871	1
S1007661	96	Port Input	15	1677815	7871	1
S1007661	96	Port Input	14	1682144	12201	1
S1007661	96	Port Input	15	1682144	12201	1
S1007661	96	Port Input	14	1682144	12201	1
S1007661	96	Port Input	15	1682144	12201	1
S1007661	96	Port Input	14	1682145	12201	1
S1007661	96	Port Input	15	1682145	12201	1
S1007661	96	Port Input	14	1682145	12201	1
S1007661	96	Port Input	15	1682145	12201	1
S1007661	96	Port Input	14	1682145	12201	1
S1007661	96	Port Input	15	1682145	12202	1
S1007661	96	Port Input	14	1682145	12202	1
S1007661	96	Port Input	15	1689820	19877	1
S1007661	96	Port Input	14	1689820	19877	1
S1007661	96	Port Input	15	1689820	19877	1
S1007661	96	Port Input	14	1689820	19877	1
S1007661	96	Port Input	15	1689821	19877	1
S1007661	96	Port Input	14	1689821	19877	1
S1007661	96	Port Input	15	1689821	19877	1
S1007661	96	Port Input	14	1689821	19877	1
S1007661	96	Port Input	15	1689821	19878	1
S1007661	96	Port Input	14	1689821	19878	1
S1007661	96	Port Input	15	1689823	19880	1
S1007661	96	Port Input	14	1689823	19880	1
S1007661	96	Port Input	15	1689824	19880	1
S1007661	96	Port Input	14	1689824	19880	1
S1007661	96	Port Input	15	1689824	19880	1
S1007661	96	Port Input	14	1689824	19880	1
S1007661	96	Port Input	15	1689824	19881	1
S1007661	96	Port Input	14	1693766	23822	1
S1007661	96	Port Input	15	1693766	23822	1
S1007661	96	Port Input	14	1693766	23823	1
S1007661	96	Port Input	15	1693766	23823	1
S1007661	96	Port Input	14	1693766	23823	1
S1007661	96	Port Input	15	1702194	32251	1
S1007661	96	Port Input	14	1702194	32251	1
S1007661	96	Port Input	15	1702194	32251	1
S1007661	96	Port Input	14	1702194	32251	1
S1007661	96	Port Input	15	1702194	32251	1
S1007661	96	Port Input	14	1706164	36221	1
S1007661	96	Port Input	15	1706164	36221	1
S1007661	96	Port Input	14	1706164	36221	1
S1007661	96	Port Input	15	1706164	36221	1
S1007661	96	Port Input	14	1706164	36221	1
S1007661	96	Port Input	15	1706164	36221	1
S1007661	96	Port Input	14	1706165	36221	1
S1007661	96	Port Input	15	1706165	36221	1
S1007661	96	Port Input	14	1706165	36222	1
S1007661	96	Port Input	15	1706165	36222	1
S1007661	96	Port Input	14	1706165	36222	1
S1007661	96	Port Input	15	1714872	44929	1
S1007661	96	Port Input	14	1714872	44929	1
S1007661	96	Port Input	15	1714872	44929	1
S1007661	96	Port Input	14	1714872	44929	1
S1007661	96	Port Input	15	1714873	44929	1
S1007661	96	Port Input	14	1714873	44929	1
S1007661	96	Port Input	15	1714873	44930	1
S1007661	96	Port Input	14	1719237	49294	1
S1007661	96	Port Input	15	1727186	57243	1
S1007661	96	Port Input	14	1727186	57243	1
S1007661	96	Port Input	15	1727186	57243	1
S1007661	96	Port Input	14	1727187	57243	1
S1007661	96	Port Input	15	1727187	57243	1
S1007661	96	Port Input	14	1730997	61054	1
S1007661	96	Port Input	15	1730997	61054	1
S1007661	96	Port Input	14	1730997	61054	1
S1007661	96	Port Input	15	1730997	61054	1
S1007661	96	Port Input	14	1730997	61054	1
S1007661	96	Port Input	15	1730998	61054	1
S1007661	96	Port Input	14	1730998	61054	1
S1007661	96	Port Input	15	1730998	61054	1
S1007661	96	Port Input	14	1730998	61054	1
S1007661	96	Port Input	15	1730998	61055	1
S1007661	96	Port Input	14	1730998	61055	1
S1007661	96	Port Input	15	1730998	61055	1
S1007661	96	Port Input	14	1730998	61055	1
S1007661	96	Port Input	15	1739749	69806	1
S1007661	96	Port Input	14	1739749	69806	1
S1007661	96	Port Input	15	1739750	69807	1
S1007661	96	Port Input	14	1739750	69807	1
S1007661	96	Port Input	15	1739750	69807	1
S1007661	96	Port Input	14	1743350	73407	1
S1007661	96	Port Input	15	1743350	73407	1
S1007661	96	Port Input	14	1743350	73407	1
S1007661	96	Port Input	15	1743350	73407	1
S1007661	96	Port Input	14	1743350	73407	1
S1007661	96	Port Input	15	1743351	73407	1
S1007661	96	Port Input	14	1743351	73407	1
S1007661	96	Port Input	15	1743351	73407	1
S1007661	96	Port Input	14	1743351	73407	1
S1007661	96	Port Input	15	1743351	73407	1
S1007661	96	Port Input	14	1743351	73407	1
S1007661	96	Port Input	15	1743351	73408	1
S1007661	96	Port Input	14	1743351	73408	1
S1007661	96	Port Input	15	1750249	80306	1
S1007661	96	Port Input	14	1750249	80306	1
S1007661	96	Port Input	15	1750249	80306	1
S1007661	96	Port Input	14	1750249	80306	1
S1007661	96	Port Input	15	1750249	80306	1
S1007661	96	Port Input	14	1750249	80306	1
S1007661	96	Port Input	15	1750250	80306	1
S1007661	96	Port Input	14	1750250	80307	1
S1007661	96	Port Input	15	1750251	80307	1
S1007661	96	Port Input	14	1750251	80307	1
S1007661	96	Port Input	15	1750251	80307	1
S1007661	96	Port Input	14	1750251	80308	1
S1007661	96	Port Input	15	1750251	80308	1
S1007661	96	Port Input	14	1750251	80308	1
S1007661	96	Port Input	15	1750251	80308	1
S1007661	96	Port Input	14	1750251	80308	1
S1007661	96	Port Input	15	1750252	80308	1
S1007661	96	Port Input	14	1750252	80308	1
S1007661	96	Port Input	15	1750252	80308	1
S1007661	96	Port Input	14	1750252	80308	1
S1007661	96	Port Input	15	1750252	80309	1
S1007661	96	Port Input	14	1750252	80309	1
S1007661	96	Port Input	15	1750254	80311	1
S1007661	96	Port Input	14	1750254	80311	1
S1007661	96	Port Input	15	1750255	80311	1
S1007661	96	Port Input	14	1754807	84863	1
S1007661	96	Port Input	15	1754807	84864	1
S1007661	96	Port Input	14	1754807	84864	1
S1007661	96	Port Input	15	1754807	84864	1
S1007661	96	Port Input	14	1754807	84864	1
S1007661	96	Port Input	15	1754808	84865	1
S1007661	96	Port Input	14	1754808	84865	1
S1007661	96	Port Input	15	1754808	84865	1
S1007661	96	Port Input	14	1754808	84865	1
S1007661	96	Port Input	15	1762318	92374	1
S1007661	96	Port Input	14	1762318	92374	1
S1007661	96	Port Input	15	1762318	92375	1
S1007661	96	Port Input	14	1767095	97152	1
S1007661	96	Port Input	15	1767095	97152	1
S1007661	96	Port Input	14	1767095	97152	1
S1007661	96	Port Input	15	1767095	97152	1
S1007661	96	Port Input	14	1767096	97152	1
S1007661	96	Port Input	15	1767096	97152	1
S1007661	96	Port Input	14	1767096	97152	1
S1007661	96	Port Input	15	1767096	97152	1
S1007661	96	Port Input	14	1767096	97152	1
S1007661	96	Port Input	15	1767096	97152	1
S1007661	96	Port Input	14	1767096	97152	1
S1007661	96	Port Input	15	1767096	97153	1
S1007661	96	Port Input	14	1767096	97153	1
S1007661	96	Port Input	15	1767096	97153	1
S1007661	96	Port Input	14	1767096	97153	1
S1007661	96	Port Input	15	1767096	97153	1
S1007661	96	Port Input	14	1767097	97153	1
S1007661	96	Port Input	15	1770372	100429	1
S1007661	96	Port Input	14	1770372	100429	1
S1007661	96	Port Input	15	1770372	100429	1
S1007661	96	Port Input	14	1772291	102348	1
S1007661	96	Port Input	15	1773517	103574	1
S1007661	96	Port Input	14	1779023	109080	1
S1007661	96	Response	22	1779023	109080	1
S1007661	97	Picture	20	1779037	0	1	11250	1	0	next	hit	1160
S1007661	97	Port Input	15	1784714	5677	1
S1007661	97	Port Input	14	1784714	5677	1
S1007661	97	Port Input	15	1784714	5677	1
S1007661	97	Port Input	14	1790255	11218	1
S1007661	97	Response	22	1790255	11218	1
S1007661	97	Port Input	15	1790255	11219	1
S1007661	97	Port Input	14	1790256	11219	1
S1007661	98	Picture	20	1790286	0	1	12430	1	0	next	hit	1172
S1007661	98	Port Input	15	1797547	7261	1
S1007661	98	Port Input	14	1797547	7261	1
S1007661	98	Port Input	15	1797548	7261	1
S1007661	98	Port Input	14	1797548	7261	1
S1007661	98	Port Input	15	1797548	7262	1
S1007661	98	Port Input	14	1797548	7262	1
S1007661	98	Port Input	15	1797548	7262	1
S1007661	98	Port Input	14	1802688	12402	1
S1007661	98	Response	22	1802688	12402	1
S1007661	98	Port Input	15	1802688	12402	1
S1007661	98	Port Input	14	1802689	12402	2
S1007661	99	Picture	20	1802717	0	1	12430	1	0	next	hit	1228
S1007661	99	Port Input	15	1809996	7280	1
S1007661	99	Port Input	14	1809996	7280	1
S1007661	99	Port Input	15	1809996	7280	1
S1007661	99	Port Input	14	1809997	7280	1
S1007661	99	Port Input	15	1809997	7280	1
S1007661	99	Port Input	14	1809997	7280	1
S1007661	99	Port Input	15	1809998	7282	1
S1007661	99	Port Input	14	1809998	7282	1
S1007661	99	Port Input	15	1809999	7282	1
S1007661	99	Port Input	14	1809999	7282	1
S1007661	99	Port Input	15	1809999	7282	1
S1007661	99	Port Input	14	1809999	7282	1
S1007661	99	Port Input	15	1810000	7283	1
S1007661	99	Port Input	14	1810000	7283	1
S1007661	99	Port Input	15	1810000	7283	1
S1007661	99	Port Input	14	1810000	7283	1
S1007661	99	Port Input	15	1810000	7283	1
S1007661	99	Port Input	14	1810000	7283	1
S1007661	99	Port Input	15	1810001	7284	1
S1007661	99	Port Input	14	1810001	7284	1
S1007661	99	Port Input	15	1810001	7284	1
S1007661	99	Port Input	14	1810001	7285	1
S1007661	99	Port Input	15	1810002	7285	1
S1007661	99	Port Input	14	1810002	7285	1
S1007661	99	Port Input	15	1810002	7285	1
S1007661	99	Port Input	14	1810002	7285	1
S1007661	99	Port Input	15	1810006	7289	1
S1007661	99	Port Input	14	1810006	7289	1
S1007661	99	Port Input	15	1810006	7290	1
S1007661	99	Port Input	14	1810007	7290	1
S1007661	99	Port Input	15	1810007	7290	1
S1007661	99	Port Input	14	1810007	7290	1
S1007661	99	Port Input	15	1810007	7290	1
S1007661	99	Port Input	14	1810007	7290	1
S1007661	99	Port Input	15	1810007	7290	1
S1007661	99	Port Input	14	1810007	7290	1
S1007661	99	Port Input	15	1810007	7291	1
S1007661	99	Port Input	14	1810008	7291	1
S1007661	99	Port Input	15	1810008	7291	1
S1007661	99	Port Input	14	1810008	7291	1
S1007661	99	Port Input	15	1810008	7291	1
S1007661	99	Port Input	14	1810008	7291	1
S1007661	99	Port Input	15	1810008	7292	1
S1007661	99	Port Input	14	1810008	7292	1
S1007661	99	Port Input	15	1810008	7292	1
S1007661	99	Port Input	14	1810009	7292	1
S1007661	99	Port Input	15	1810009	7292	1
S1007661	99	Port Input	14	1810009	7292	1
S1007661	99	Port Input	15	1810009	7292	1
S1007661	99	Port Input	14	1810009	7292	1
S1007661	99	Port Input	15	1810009	7293	1
S1007661	99	Port Input	14	1815087	12371	1
S1007661	99	Response	22	1815087	12371	1
S1007661	99	Port Input	15	1815088	12371	1
S1007661	99	Port Input	14	1815088	12371	1
S1007661	99	Port Input	15	1815088	12371	1
S1007661	99	Port Input	14	1815088	12371	1
S1007661	100	Picture	20	1815147	0	1	12291	1	0	next	hit	1260
S1007661	100	Port Input	15	1820468	5321	1
S1007661	100	Port Input	14	1820468	5321	1
S1007661	100	Port Input	15	1820468	5321	1
S1007661	100	Port Input	14	1820468	5321	1
S1007661	100	Port Input	15	1820468	5321	1
S1007661	100	Port Input	14	1820468	5322	1
S1007661	100	Port Input	15	1820469	5322	1
S1007661	100	Port Input	14	1820470	5323	1
S1007661	100	Port Input	15	1820470	5323	1
S1007661	100	Port Input	14	1820471	5324	1
S1007661	100	Port Input	15	1820471	5324	1
S1007661	100	Port Input	14	1820471	5324	1
S1007661	100	Port Input	15	1820472	5325	1
S1007661	100	Port Input	14	1820472	5325	1
S1007661	100	Port Input	15	1820473	5326	1
S1007661	100	Port Input	14	1820473	5326	1
S1007661	100	Port Input	15	1820473	5326	1
S1007661	100	Port Input	14	1820473	5326	1
S1007661	100	Port Input	15	1820473	5327	1
S1007661	100	Port Input	14	1820474	5327	1
S1007661	100	Port Input	15	1820474	5327	1
S1007661	100	Port Input	14	1820474	5327	1
S1007661	100	Port Input	15	1820474	5327	1
S1007661	100	Port Input	14	1820474	5327	1
S1007661	100	Port Input	15	1820475	5328	1
S1007661	100	Port Input	14	1827378	12232	1
S1007661	100	Response	22	1827378	12232	1
S1007661	101	Picture	20	1827438	0	1	12222	1	0	next	hit	1266
S1007661	101	Port Input	15	1833094	5656	1
S1007661	101	Port Input	14	1833094	5656	1
S1007661	101	Port Input	15	1833095	5657	1
S1007661	101	Port Input	14	1839631	12193	1
S1007661	101	Response	22	1839631	12193	1
S1007661	101	Port Input	15	1839632	12194	1
S1007661	101	Port Input	14	1839632	12194	1
S1007661	102	Picture	20	1839660	0	1	13125	1	0	next	hit	1278
S1007661	102	Port Input	15	1843403	3743	1
S1007661	102	Port Input	14	1843403	3743	1
S1007661	102	Port Input	15	1843403	3744	1
S1007661	102	Port Input	14	1843403	3744	1
S1007661	102	Port Input	15	1843404	3744	1
S1007661	102	Port Input	14	1843404	3744	1
S1007661	102	Port Input	15	1843404	3744	1
S1007661	102	Port Input	14	1852266	12606	1
S1007661	102	Response	22	1852266	12606	1
S1007661	103	Port Input	15	1857090	4805	1
S1007661	103	Port Input	14	1857090	4805	1
S1007661	103	Port Input	15	1857090	4805	1
S1007661	103	Port Input	14	1857090	4805	1
S1007661	103	Port Input	15	1857090	4805	1
S1007661	103	Port Input	14	1857090	4806	1
S1007661	103	Port Input	15	1857090	4806	1
S1007661	103	Port Input	14	1857090	4806	1
S1007661	103	Port Input	15	1857090	4806	1
S1007661	103	Port Input	14	1857090	4806	1
S1007661	103	Port Input	15	1857090	4806	1
S1007661	103	Port Input	14	1857090	4806	1
S1007661	103	Port Input	15	1857091	4806	1
S1007661	103	Port Input	14	1857092	4807	1
S1007661	103	Port Input	15	1857092	4807	1
S1007661	103	Port Input	14	1857092	4808	1
S1007661	103	Port Input	15	1857092	4808	1
S1007661	103	Port Input	14	1857093	4808	1
S1007661	103	Port Input	15	1857093	4809	1
S1007661	103	Port Input	14	1857093	4809	1
S1007661	103	Port Input	15	1857093	4809	1
S1007661	103	Port Input	14	1857093	4809	1
S1007661	103	Port Input	15	1857094	4809	1
S1007661	103	Port Input	14	1857094	4810	1
S1007661	103	Port Input	15	1857095	4810	1
S1007661	103	Port Input	14	1857095	4810	1
S1007661	103	Port Input	15	1857095	4810	1
S1007661	103	Port Input	14	1857095	4810	1
S1007661	103	Port Input	15	1857095	4810	1
S1007661	103	Port Input	14	1857095	4810	1
S1007661	103	Port Input	15	1857095	4810	1
S1007661	103	Port Input	14	1857095	4811	1
S1007661	103	Port Input	15	1857095	4811	1
S1007661	103	Port Input	14	1857095	4811	1
S1007661	103	Port Input	15	1857095	4811	1
S1007661	103	Port Input	14	1857095	4811	1
S1007661	103	Port Input	15	1857096	4811	1
S1007661	103	Port Input	14	1857096	4811	1
S1007661	103	Port Input	15	1857096	4811	1
S1007661	103	Port Input	14	1857096	4811	1
S1007661	103	Port Input	15	1857096	4812	1
S1007661	103	Port Input	14	1857096	4812	1
S1007661	103	Port Input	15	1857097	4812	1
S1007661	103	Port Input	14	1857097	4812	1
S1007661	103	Port Input	15	1857097	4813	1
S1007661	103	Port Input	14	1857098	4813	1
S1007661	103	Port Input	15	1857098	4813	1
S1007661	103	Port Input	14	1857098	4814	1
S1007661	103	Port Input	15	1857098	4814	1
