Scenario - Button
Logfile written - 07/21/2022 12:54:26

Subject	Trial	Event Type	Code	Time	TTime	Uncertainty	Duration	Uncertainty	ReqTime	ReqDur	Stim Type	Pair Index

S1010859	1	Picture	start	69	0	1	40554	1	0	next	other	0
S1010859	3	Picture	20	45137	0	1	65484	1	0	next	hit	4
S1010859	3	Port Input	14	110570	65433	1
S1010859	3	Response	22	110570	65433	1
S1010859	3	Port Input	15	110571	65433	1
S1010859	3	Port Input	14	110571	65434	4
S1010859	3	Port Input	15	110576	65439	1
S1010859	3	Port Input	14	110576	65439	1
S1010859	4	Picture	20	110621	0	1	91664	1	0	next	hit	14
S1010859	4	Port Input	15	114374	3753	1
S1010859	4	Port Input	14	114374	3753	1
S1010859	4	Port Input	15	114375	3753	1
S1010859	4	Port Input	14	202211	91590	1
S1010859	4	Response	22	202211	91590	1
S1010859	5	Picture	20	202285	0	1	17222	1	0	next	hit	22
S1010859	5	Port Input	15	206009	3724	1
S1010859	5	Port Input	14	208992	6707	1
S1010859	5	Port Input	15	208992	6707	1
S1010859	5	Port Input	14	208992	6707	1
S1010859	5	Port Input	15	212411	10127	1
S1010859	5	Port Input	14	219440	17155	1
S1010859	5	Response	22	219440	17155	1
S1010859	6	Picture	20	219507	0	1	10139	1	0	next	hit	26
S1010859	6	Port Input	15	222974	3468	1
S1010859	6	Port Input	14	229634	10128	1
S1010859	6	Response	22	229634	10128	1
S1010859	7	Picture	20	229645	0	1	10208	1	0	next	hit	34
S1010859	7	Port Input	15	232635	2990	1
S1010859	7	Port Input	14	232635	2990	1
S1010859	7	Port Input	15	232635	2990	1
S1010859	7	Port Input	14	232635	2990	1
S1010859	7	Port Input	15	232636	2991	1
S1010859	7	Port Input	14	239798	10153	1
S1010859	7	Response	22	239798	10153	1
S1010859	8	Picture	20	239853	0	1	9166	1	0	next	hit	50
S1010859	8	Port Input	15	242985	3132	1
S1010859	8	Port Input	14	242985	3132	1
S1010859	8	Port Input	15	242986	3132	1
S1010859	8	Port Input	14	242986	3132	1
S1010859	8	Port Input	15	242986	3133	1
S1010859	8	Port Input	14	242986	3133	1
S1010859	8	Port Input	15	242986	3133	1
S1010859	8	Port Input	14	242986	3133	1
S1010859	8	Port Input	15	242986	3133	1
S1010859	8	Port Input	14	242986	3133	1
S1010859	8	Port Input	15	242986	3133	1
S1010859	8	Port Input	14	242986	3133	1
S1010859	8	Port Input	15	242987	3134	1
S1010859	8	Port Input	14	248982	9129	1
S1010859	8	Response	22	248982	9129	1
S1010859	8	Port Input	15	248982	9129	1
S1010859	8	Port Input	14	248982	9129	1
S1010859	9	Picture	20	249020	0	1	17083	1	0	next	hit	104
S1010859	9	Port Input	15	252308	3288	1
S1010859	9	Port Input	14	252308	3288	1
S1010859	9	Port Input	15	252308	3288	1
S1010859	9	Port Input	14	252308	3288	1
S1010859	9	Port Input	15	252308	3289	1
S1010859	9	Port Input	14	252308	3289	1
S1010859	9	Port Input	15	252309	3289	1
S1010859	9	Port Input	14	252309	3289	1
S1010859	9	Port Input	15	252309	3289	1
S1010859	9	Port Input	14	252309	3289	1
S1010859	9	Port Input	15	252309	3289	1
S1010859	9	Port Input	14	252309	3289	1
S1010859	9	Port Input	15	252309	3289	1
S1010859	9	Port Input	14	252309	3290	1
S1010859	9	Port Input	15	252309	3290	1
S1010859	9	Port Input	14	257277	8257	1
S1010859	9	Port Input	15	257277	8258	1
S1010859	9	Port Input	14	257277	8258	1
S1010859	9	Port Input	15	257278	8258	1
S1010859	9	Port Input	14	257278	8258	1
S1010859	9	Port Input	15	260887	11868	1
S1010859	9	Port Input	14	260887	11868	1
S1010859	9	Port Input	15	260888	11868	1
S1010859	9	Port Input	14	260888	11868	1
S1010859	9	Port Input	15	260888	11869	1
S1010859	9	Port Input	14	260888	11869	1
S1010859	9	Port Input	15	260889	11869	1
S1010859	9	Port Input	14	260889	11869	1
S1010859	9	Port Input	15	260889	11870	1
S1010859	9	Port Input	14	260889	11870	1
S1010859	9	Port Input	15	260889	11870	1
S1010859	9	Port Input	14	260890	11870	1
S1010859	9	Port Input	15	260890	11870	1
S1010859	9	Port Input	14	260890	11870	1
S1010859	9	Port Input	15	260891	11871	1
S1010859	9	Port Input	14	260891	11872	1
S1010859	9	Port Input	15	260891	11872	1
S1010859	9	Port Input	14	260891	11872	1
S1010859	9	Port Input	15	260892	11872	1
S1010859	9	Port Input	14	260892	11872	1
S1010859	9	Port Input	15	260892	11872	1
S1010859	9	Port Input	14	260892	11872	1
S1010859	9	Port Input	15	260892	11873	1
S1010859	9	Port Input	14	260893	11873	1
S1010859	9	Port Input	15	260893	11873	1
S1010859	9	Port Input	14	260893	11873	1
S1010859	9	Port Input	15	260893	11874	1
S1010859	9	Port Input	14	260894	11874	1
S1010859	9	Port Input	15	260894	11874	1
S1010859	9	Port Input	14	266048	17028	1
S1010859	9	Response	22	266048	17028	1
S1010859	10	Picture	20	266102	0	1	10277	1	0	next	hit	126
S1010859	10	Port Input	15	269669	3567	1
S1010859	10	Port Input	14	269670	3567	1
S1010859	10	Port Input	15	269670	3567	1
S1010859	10	Port Input	14	269670	3567	1
S1010859	10	Port Input	15	269670	3568	1
S1010859	10	Port Input	14	269670	3568	1
S1010859	10	Port Input	15	269670	3568	1
S1010859	10	Port Input	14	269670	3568	1
S1010859	10	Port Input	15	269670	3568	1
S1010859	10	Port Input	14	269670	3568	1
S1010859	10	Port Input	15	269670	3568	1
S1010859	10	Port Input	14	269670	3568	1
S1010859	10	Port Input	15	269670	3568	1
S1010859	10	Port Input	14	269671	3568	1
S1010859	10	Port Input	15	269671	3568	1
S1010859	10	Port Input	14	269671	3568	1
S1010859	10	Port Input	15	269671	3569	1
S1010859	10	Port Input	14	269671	3569	1
S1010859	10	Port Input	15	269671	3569	1
S1010859	10	Port Input	14	276326	10224	1
S1010859	10	Response	22	276326	10224	1
S1010859	11	Picture	20	276380	0	1	9027	1	0	next	hit	132
S1010859	11	Port Input	15	279906	3527	1
S1010859	11	Port Input	14	279906	3527	1
S1010859	11	Port Input	15	279907	3527	1
S1010859	11	Port Input	14	285358	8978	1
S1010859	11	Response	22	285358	8978	1
S1010859	12	Picture	20	285407	0	1	10069	1	0	next	hit	136
S1010859	12	Port Input	15	288807	3399	1
S1010859	12	Port Input	14	295451	10044	1
S1010859	12	Response	22	295451	10044	1
S1010859	13	Picture	20	295476	0	1	9305	1	0	next	hit	148
S1010859	13	Port Input	15	298763	3287	1
S1010859	13	Port Input	14	298763	3287	1
S1010859	13	Port Input	15	298763	3287	1
S1010859	13	Port Input	14	298763	3287	1
S1010859	13	Port Input	15	298763	3287	1
S1010859	13	Port Input	14	298763	3287	1
S1010859	13	Port Input	15	298763	3287	1
S1010859	13	Port Input	14	298764	3287	1
S1010859	13	Port Input	15	298764	3287	1
S1010859	13	Port Input	14	304740	9263	1
S1010859	13	Response	22	304740	9263	1
S1010859	14	Picture	20	304782	0	1	8333	1	0	next	hit	160
S1010859	14	Port Input	15	307827	3045	1
S1010859	14	Port Input	14	307827	3045	1
S1010859	14	Port Input	15	307827	3046	1
S1010859	14	Port Input	14	307827	3046	1
S1010859	14	Port Input	15	307828	3046	1
S1010859	14	Port Input	14	307828	3046	1
S1010859	14	Port Input	15	307828	3046	1
S1010859	14	Port Input	14	307828	3046	1
S1010859	14	Port Input	15	307828	3046	1
S1010859	14	Port Input	14	313104	8323	1
S1010859	14	Response	22	313104	8323	1
S1010859	15	Picture	20	313115	0	1	8541	1	0	next	hit	170
S1010859	15	Port Input	15	316375	3261	1
S1010859	15	Port Input	14	316376	3261	1
S1010859	15	Port Input	15	316376	3261	1
S1010859	15	Port Input	14	316376	3261	1
S1010859	15	Port Input	15	316376	3262	1
S1010859	15	Port Input	14	316376	3262	1
S1010859	15	Port Input	15	316377	3262	1
S1010859	15	Port Input	14	321648	8533	1
S1010859	15	Response	22	321648	8533	1
S1010859	16	Picture	20	321656	0	1	9375	1	0	next	hit	176
S1010859	16	Port Input	15	324908	3252	1
S1010859	16	Port Input	14	324908	3252	1
S1010859	16	Port Input	15	324908	3252	1
S1010859	16	Port Input	14	331002	9346	1
S1010859	16	Response	22	331002	9346	1
S1010859	17	Picture	20	331031	0	1	9236	1	0	next	hit	180
S1010859	17	Port Input	15	334234	3203	1
S1010859	17	Port Input	14	340254	9223	1
S1010859	17	Response	22	340254	9223	1
S1010859	18	Picture	20	340267	0	1	9028	1	0	next	hit	190
S1010859	18	Port Input	15	343353	3087	1
S1010859	18	Port Input	14	343353	3087	1
S1010859	18	Port Input	15	343353	3087	1
S1010859	18	Port Input	14	343354	3087	1
S1010859	18	Port Input	15	343354	3087	1
S1010859	18	Port Input	14	343354	3087	1
S1010859	18	Port Input	15	343354	3087	1
S1010859	18	Port Input	14	349226	8959	1
S1010859	18	Response	22	349226	8959	1
S1010859	19	Picture	20	349294	0	1	10000	1	0	next	hit	210
S1010859	19	Port Input	15	352116	2822	1
S1010859	19	Port Input	14	352116	2822	1
S1010859	19	Port Input	15	352116	2822	1
S1010859	19	Port Input	14	352116	2822	1
S1010859	19	Port Input	15	352116	2822	1
S1010859	19	Port Input	14	352117	2822	1
S1010859	19	Port Input	15	352117	2823	1
S1010859	19	Port Input	14	352117	2823	1
S1010859	19	Port Input	15	352118	2823	1
S1010859	19	Port Input	14	352118	2824	1
S1010859	19	Port Input	15	352118	2824	1
S1010859	19	Port Input	14	352118	2824	1
S1010859	19	Port Input	15	352118	2824	1
S1010859	19	Port Input	14	352119	2825	1
S1010859	19	Port Input	15	352119	2825	1
S1010859	19	Port Input	14	352119	2825	1
S1010859	19	Port Input	15	352120	2826	1
S1010859	19	Port Input	14	359279	9985	1
S1010859	19	Response	22	359279	9985	1
S1010859	20	Picture	20	359294	0	1	9514	1	0	next	hit	216
S1010859	20	Port Input	15	361974	2681	1
S1010859	20	Port Input	14	361974	2681	1
S1010859	20	Port Input	15	361975	2681	1
S1010859	20	Port Input	14	368752	9458	1
S1010859	20	Response	22	368752	9458	1
S1010859	21	Picture	20	368807	0	1	8888	1	0	next	hit	236
S1010859	21	Port Input	15	371631	2824	1
S1010859	21	Port Input	14	371631	2824	1
S1010859	21	Port Input	15	371632	2824	1
S1010859	21	Port Input	14	371632	2824	1
S1010859	21	Port Input	15	371633	2825	1
S1010859	21	Port Input	14	371633	2825	1
S1010859	21	Port Input	15	371633	2826	1
S1010859	21	Port Input	14	371633	2826	1
S1010859	21	Port Input	15	371633	2826	1
S1010859	21	Port Input	14	371633	2826	1
S1010859	21	Port Input	15	371634	2826	1
S1010859	21	Port Input	14	371634	2827	1
S1010859	21	Port Input	15	371634	2827	1
S1010859	21	Port Input	14	371635	2827	1
S1010859	21	Port Input	15	371635	2828	1
S1010859	21	Port Input	14	371635	2828	1
S1010859	21	Port Input	15	371635	2828	1
S1010859	21	Port Input	14	377622	8815	1
S1010859	21	Response	22	377622	8815	1
S1010859	22	Picture	20	377696	0	1	9930	1	0	next	hit	242
S1010859	22	Port Input	15	380282	2586	1
S1010859	22	Port Input	14	380282	2586	1
S1010859	22	Port Input	15	380282	2587	1
S1010859	22	Port Input	14	387572	9876	1
S1010859	22	Response	22	387572	9876	1
S1010859	23	Picture	20	387626	0	1	8125	1	0	next	hit	256
S1010859	23	Port Input	15	389986	2360	1
S1010859	23	Port Input	14	389986	2360	1
S1010859	23	Port Input	15	389986	2360	1
S1010859	23	Port Input	14	389987	2360	1
S1010859	23	Port Input	15	389987	2361	1
S1010859	23	Port Input	14	389987	2361	1
S1010859	23	Port Input	15	389987	2361	1
S1010859	23	Port Input	14	389987	2361	1
S1010859	23	Port Input	15	389987	2361	1
S1010859	23	Port Input	14	389987	2361	1
S1010859	23	Port Input	15	389988	2361	1
S1010859	23	Port Input	14	395679	8052	1
S1010859	23	Response	22	395679	8052	1
S1010859	24	Picture	20	395751	0	1	9861	1	0	next	hit	280
S1010859	24	Port Input	15	398688	2937	1
S1010859	24	Port Input	14	398688	2937	1
S1010859	24	Port Input	15	398688	2937	1
S1010859	24	Port Input	14	398688	2937	1
S1010859	24	Port Input	15	398689	2938	1
S1010859	24	Port Input	14	398689	2938	1
S1010859	24	Port Input	15	398689	2938	1
S1010859	24	Port Input	14	398689	2938	1
S1010859	24	Port Input	15	398689	2938	1
S1010859	24	Port Input	14	398689	2938	1
S1010859	24	Port Input	15	398690	2939	1
S1010859	24	Port Input	14	398690	2939	1
S1010859	24	Port Input	15	398690	2939	1
S1010859	24	Port Input	14	398690	2939	1
S1010859	24	Port Input	15	398690	2940	1
S1010859	24	Port Input	14	398691	2940	1
S1010859	24	Port Input	15	398691	2940	1
S1010859	24	Port Input	14	398692	2941	1
S1010859	24	Port Input	15	398692	2941	1
S1010859	24	Port Input	14	398692	2942	1
S1010859	24	Port Input	15	398693	2942	1
S1010859	24	Port Input	14	405592	9841	1
S1010859	24	Response	22	405592	9841	1
S1010859	24	Port Input	15	405592	9841	1
S1010859	24	Port Input	14	405593	9842	1
S1010859	25	Picture	20	405612	0	1	9514	1	0	next	hit	290
S1010859	25	Port Input	15	408307	2695	1
S1010859	25	Port Input	14	408307	2695	1
S1010859	25	Port Input	15	408307	2696	1
S1010859	25	Port Input	14	408308	2696	1
S1010859	25	Port Input	15	408308	2696	1
S1010859	25	Port Input	14	415094	9482	1
S1010859	25	Response	22	415094	9482	1
S1010859	26	Picture	20	415125	0	1	9861	1	0	next	hit	294
S1010859	26	Port Input	15	418131	3006	1
S1010859	26	Port Input	14	424926	9801	1
S1010859	26	Response	22	424926	9801	1
S1010859	27	Picture	20	424986	0	1	10833	1	0	next	hit	298
S1010859	27	Port Input	15	428005	3019	1
S1010859	27	Port Input	14	435806	10820	1
S1010859	27	Response	22	435806	10820	1
S1010859	28	Picture	20	435819	0	1	9305	1	0	next	hit	306
S1010859	28	Port Input	15	438900	3081	1
S1010859	28	Port Input	14	438900	3081	1
S1010859	28	Port Input	15	438900	3081	1
S1010859	28	Port Input	14	438900	3081	1
S1010859	28	Port Input	15	438901	3082	1
S1010859	28	Port Input	14	445056	9237	1
S1010859	28	Response	22	445056	9237	1
S1010859	29	Picture	20	445124	0	1	9166	1	0	next	hit	324
S1010859	29	Port Input	15	448035	2911	1
S1010859	29	Port Input	14	448035	2911	1
S1010859	29	Port Input	15	448035	2911	1
S1010859	29	Port Input	14	448035	2911	1
S1010859	29	Port Input	15	448036	2912	1
S1010859	29	Port Input	14	448036	2912	1
S1010859	29	Port Input	15	448036	2912	1
S1010859	29	Port Input	14	448036	2912	1
S1010859	29	Port Input	15	448036	2912	1
S1010859	29	Port Input	14	448036	2912	1
S1010859	29	Port Input	15	448036	2912	1
S1010859	29	Port Input	14	448036	2912	1
S1010859	29	Port Input	15	448037	2913	1
S1010859	29	Port Input	14	448037	2913	1
S1010859	29	Port Input	15	448038	2913	1
S1010859	29	Port Input	14	454272	9148	1
S1010859	29	Response	22	454272	9148	1
S1010859	30	Picture	20	454291	0	1	9305	1	0	next	hit	356
S1010859	30	Port Input	15	457375	3084	1
S1010859	30	Port Input	14	457375	3084	1
S1010859	30	Port Input	15	457376	3085	1
S1010859	30	Port Input	14	457376	3085	1
S1010859	30	Port Input	15	457376	3085	1
S1010859	30	Port Input	14	457377	3086	1
S1010859	30	Port Input	15	457377	3086	1
S1010859	30	Port Input	14	457377	3087	1
S1010859	30	Port Input	15	457377	3087	1
S1010859	30	Port Input	14	457377	3087	1
S1010859	30	Port Input	15	457378	3087	1
S1010859	30	Port Input	14	457378	3087	1
S1010859	30	Port Input	15	457378	3087	1
S1010859	30	Port Input	14	457378	3087	1
S1010859	30	Port Input	15	457378	3087	1
S1010859	30	Port Input	14	457378	3088	1
S1010859	30	Port Input	15	457378	3088	1
S1010859	30	Port Input	14	457379	3088	1
S1010859	30	Port Input	15	457379	3089	1
S1010859	30	Port Input	14	457379	3089	1
S1010859	30	Port Input	15	457379	3089	1
S1010859	30	Port Input	14	457379	3089	1
S1010859	30	Port Input	15	457380	3089	1
S1010859	30	Port Input	14	457380	3090	1
S1010859	30	Port Input	15	457380	3090	1
S1010859	30	Port Input	14	457381	3091	1
S1010859	30	Port Input	15	457382	3091	1
S1010859	30	Port Input	14	457382	3091	1
S1010859	30	Port Input	15	457382	3091	1
S1010859	30	Port Input	14	463571	9280	1
S1010859	30	Response	22	463571	9280	1
S1010859	31	Picture	20	463596	0	1	10347	1	0	next	hit	362
S1010859	31	Port Input	15	466684	3088	1
S1010859	31	Port Input	14	466684	3088	1
S1010859	31	Port Input	15	466685	3089	1
S1010859	31	Port Input	14	473902	10306	1
S1010859	31	Response	22	473902	10306	1
S1010859	32	Picture	20	473943	0	1	10277	1	0	next	hit	372
S1010859	32	Port Input	15	476876	2934	1
S1010859	32	Port Input	14	476876	2934	1
S1010859	32	Port Input	15	476877	2934	1
S1010859	32	Port Input	14	476877	2934	1
S1010859	32	Port Input	15	476878	2935	1
S1010859	32	Port Input	14	476879	2936	1
S1010859	32	Port Input	15	476879	2936	1
S1010859	32	Port Input	14	484146	10204	1
S1010859	32	Response	22	484146	10204	1
S1010859	33	Picture	20	484220	0	1	9375	1	0	next	hit	378
S1010859	33	Port Input	15	487051	2831	1
S1010859	33	Port Input	14	487051	2831	1
S1010859	33	Port Input	15	487051	2831	1
S1010859	33	Port Input	14	493526	9306	1
S1010859	33	Response	22	493526	9306	1
S1010859	34	Picture	20	493595	0	1	10208	1	0	next	hit	400
S1010859	34	Port Input	15	496516	2921	1
S1010859	34	Port Input	14	496516	2921	1
S1010859	34	Port Input	15	496517	2922	1
S1010859	34	Port Input	14	496517	2922	1
S1010859	34	Port Input	15	496517	2922	1
S1010859	34	Port Input	14	496517	2922	1
S1010859	34	Port Input	15	496517	2922	1
S1010859	34	Port Input	14	496517	2922	1
S1010859	34	Port Input	15	496517	2923	1
S1010859	34	Port Input	14	496517	2923	1
S1010859	34	Port Input	15	496518	2923	1
S1010859	34	Port Input	14	496518	2923	1
S1010859	34	Port Input	15	496518	2923	1
S1010859	34	Port Input	14	496518	2923	1
S1010859	34	Port Input	15	496518	2923	1
S1010859	34	Port Input	14	496518	2923	1
S1010859	34	Port Input	15	496518	2923	1
S1010859	34	Port Input	14	496518	2924	1
S1010859	34	Port Input	15	496519	2924	1
S1010859	34	Port Input	14	503726	10131	1
S1010859	34	Response	22	503726	10131	1
S1010859	35	Picture	20	503803	0	1	10347	1	0	next	hit	404
S1010859	35	Port Input	15	506573	2770	1
S1010859	35	Port Input	14	514110	10307	1
S1010859	35	Response	22	514110	10307	1
S1010859	36	Picture	20	514150	0	1	9791	1	0	next	hit	410
S1010859	36	Port Input	15	517289	3139	1
S1010859	36	Port Input	14	517289	3139	1
S1010859	36	Port Input	15	517289	3139	1
S1010859	36	Port Input	14	523866	9716	1
S1010859	36	Response	22	523866	9716	1
S1010859	37	Picture	20	523941	0	1	9722	1	0	next	hit	414
S1010859	37	Port Input	15	526982	3041	1
S1010859	37	Port Input	14	533618	9677	1
S1010859	37	Response	22	533618	9677	1
S1010859	38	Picture	20	533663	0	1	9375	1	0	next	hit	426
S1010859	38	Port Input	15	536553	2890	1
S1010859	38	Port Input	14	536553	2890	1
S1010859	38	Port Input	15	536558	2895	1
S1010859	38	Port Input	14	536558	2895	1
S1010859	38	Port Input	15	536558	2895	1
S1010859	38	Port Input	14	536558	2895	1
S1010859	38	Port Input	15	536558	2895	1
S1010859	38	Port Input	14	536558	2895	1
S1010859	38	Port Input	15	536559	2896	1
S1010859	38	Port Input	14	543006	9343	1
S1010859	38	Response	22	543006	9343	1
S1010859	39	Picture	20	543038	0	1	9166	1	0	next	hit	432
S1010859	39	Port Input	15	546077	3039	1
S1010859	39	Port Input	14	546077	3039	1
S1010859	39	Port Input	15	546077	3039	1
S1010859	39	Port Input	14	552167	9129	1
S1010859	39	Response	22	552167	9129	1
S1010859	40	Picture	20	552204	0	1	8680	1	0	next	hit	438
S1010859	40	Port Input	15	555050	2846	1
S1010859	40	Port Input	14	555050	2846	1
S1010859	40	Port Input	15	555050	2846	1
S1010859	40	Port Input	14	560838	8634	1
S1010859	40	Response	22	560838	8634	1
S1010859	41	Picture	20	560884	0	1	9791	1	0	next	hit	442
S1010859	41	Port Input	15	564072	3188	1
S1010859	41	Port Input	14	570619	9734	1
S1010859	41	Response	22	570619	9734	1
S1010859	42	Picture	20	570676	0	1	9652	1	0	next	hit	446
S1010859	42	Port Input	15	573691	3015	1
S1010859	42	Port Input	14	580257	9581	1
S1010859	42	Response	22	580257	9581	1
S1010859	43	Picture	20	580328	0	1	9583	1	0	next	hit	466
S1010859	43	Port Input	15	583149	2821	1
S1010859	43	Port Input	14	583149	2821	1
S1010859	43	Port Input	15	583149	2821	1
S1010859	43	Port Input	14	583149	2821	1
S1010859	43	Port Input	15	583150	2821	1
S1010859	43	Port Input	14	583150	2821	1
S1010859	43	Port Input	15	583151	2822	1
S1010859	43	Port Input	14	583151	2822	1
S1010859	43	Port Input	15	583151	2823	1
S1010859	43	Port Input	14	583151	2823	1
S1010859	43	Port Input	15	583151	2823	1
S1010859	43	Port Input	14	583151	2823	1
S1010859	43	Port Input	15	583152	2824	1
S1010859	43	Port Input	14	583152	2824	1
S1010859	43	Port Input	15	583152	2824	1
S1010859	43	Port Input	14	583152	2824	1
S1010859	43	Port Input	15	583152	2824	1
S1010859	43	Port Input	14	589854	9526	1
S1010859	43	Response	22	589854	9526	1
S1010859	44	Picture	20	589911	0	1	9305	1	0	next	hit	472
S1010859	44	Port Input	15	592835	2924	1
S1010859	44	Port Input	14	592835	2924	1
S1010859	44	Port Input	15	592835	2924	1
S1010859	44	Port Input	14	599204	9293	1
S1010859	44	Response	22	599204	9293	1
S1010859	45	Picture	20	599216	0	1	9583	1	0	next	hit	536
S1010859	45	Port Input	15	602229	3013	1
S1010859	45	Port Input	14	602229	3013	1
S1010859	45	Port Input	15	602229	3013	1
S1010859	45	Port Input	14	602230	3013	1
S1010859	45	Port Input	15	602230	3013	1
S1010859	45	Port Input	14	602230	3013	1
S1010859	45	Port Input	15	602230	3013	1
S1010859	45	Port Input	14	602230	3013	1
S1010859	45	Port Input	15	602230	3014	1
S1010859	45	Port Input	14	602230	3014	1
S1010859	45	Port Input	15	602230	3014	1
S1010859	45	Port Input	14	602230	3014	1
S1010859	45	Port Input	15	602231	3014	1
S1010859	45	Port Input	14	602231	3014	1
S1010859	45	Port Input	15	602231	3014	1
S1010859	45	Port Input	14	602231	3015	1
S1010859	45	Port Input	15	602231	3015	1
S1010859	45	Port Input	14	602231	3015	1
S1010859	45	Port Input	15	602231	3015	1
S1010859	45	Port Input	14	602231	3015	1
S1010859	45	Port Input	15	602231	3015	1
S1010859	45	Port Input	14	602231	3015	1
S1010859	45	Port Input	15	602231	3015	1
S1010859	45	Port Input	14	602231	3015	1
S1010859	45	Port Input	15	602232	3015	1
S1010859	45	Port Input	14	602232	3015	1
S1010859	45	Port Input	15	602232	3016	1
S1010859	45	Port Input	14	602232	3016	1
S1010859	45	Port Input	15	602232	3016	1
S1010859	45	Port Input	14	602232	3016	1
S1010859	45	Port Input	15	602232	3016	1
S1010859	45	Port Input	14	602232	3016	1
S1010859	45	Port Input	15	602233	3016	1
S1010859	45	Port Input	14	602233	3016	1
S1010859	45	Port Input	15	602233	3017	1
S1010859	45	Port Input	14	602233	3017	1
S1010859	45	Port Input	15	602234	3017	1
S1010859	45	Port Input	14	602234	3017	1
S1010859	45	Port Input	15	602234	3017	1
S1010859	45	Port Input	14	602234	3017	1
S1010859	45	Port Input	15	602234	3017	1
S1010859	45	Port Input	14	602235	3018	1
S1010859	45	Port Input	15	602235	3019	1
S1010859	45	Port Input	14	602235	3019	1
S1010859	45	Port Input	15	602235	3019	1
S1010859	45	Port Input	14	602235	3019	1
S1010859	45	Port Input	15	602236	3019	1
S1010859	45	Port Input	14	602236	3019	1
S1010859	45	Port Input	15	602236	3019	1
S1010859	45	Port Input	14	602236	3020	1
S1010859	45	Port Input	15	602236	3020	1
S1010859	45	Port Input	14	602236	3020	1
S1010859	45	Port Input	15	602237	3020	1
S1010859	45	Port Input	14	602237	3020	1
S1010859	45	Port Input	15	602237	3020	1
S1010859	45	Port Input	14	602237	3021	1
S1010859	45	Port Input	15	602237	3021	1
S1010859	45	Port Input	14	602237	3021	1
S1010859	45	Port Input	15	602238	3021	1
S1010859	45	Port Input	14	602238	3021	1
S1010859	45	Port Input	15	602238	3022	1
S1010859	45	Port Input	14	608771	9554	1
S1010859	45	Response	22	608771	9554	1
S1010859	46	Picture	20	608800	0	1	9791	1	0	next	hit	540
S1010859	46	Port Input	15	611827	3027	1
S1010859	46	Port Input	14	618577	9778	1
S1010859	46	Response	22	618577	9778	1
S1010859	46	Port Input	15	618577	9778	1
S1010859	46	Port Input	14	618578	9778	1
S1010859	47	Picture	20	618591	0	1	8958	1	0	next	hit	570
S1010859	47	Port Input	15	621513	2922	1
S1010859	47	Port Input	14	621513	2922	1
S1010859	47	Port Input	15	621513	2922	1
S1010859	47	Port Input	14	621513	2922	1
S1010859	47	Port Input	15	621513	2923	1
S1010859	47	Port Input	14	621513	2923	1
S1010859	47	Port Input	15	621514	2923	1
S1010859	47	Port Input	14	621514	2923	1
S1010859	47	Port Input	15	621514	2923	1
S1010859	47	Port Input	14	621514	2923	1
S1010859	47	Port Input	15	621514	2923	1
S1010859	47	Port Input	14	621514	2923	1
S1010859	47	Port Input	15	621515	2924	1
S1010859	47	Port Input	14	621515	2924	1
S1010859	47	Port Input	15	621516	2925	1
S1010859	47	Port Input	14	621516	2925	1
S1010859	47	Port Input	15	621517	2926	1
S1010859	47	Port Input	14	621517	2926	1
S1010859	47	Port Input	15	621517	2926	1
S1010859	47	Port Input	14	621517	2926	1
S1010859	47	Port Input	15	621517	2926	1
S1010859	47	Port Input	14	621517	2926	1
S1010859	47	Port Input	15	621517	2926	1
S1010859	47	Port Input	14	621517	2926	1
S1010859	47	Port Input	15	621517	2927	1
S1010859	47	Port Input	14	627526	8935	1
S1010859	47	Response	22	627526	8935	1
S1010859	48	Picture	20	627549	0	1	11180	1	0	next	hit	584
S1010859	48	Port Input	15	630761	3212	1
S1010859	48	Port Input	14	630761	3212	1
S1010859	48	Port Input	15	630761	3213	1
S1010859	48	Port Input	14	630761	3213	1
S1010859	48	Port Input	15	630762	3213	1
S1010859	48	Port Input	14	630762	3214	1
S1010859	48	Port Input	15	630762	3214	1
S1010859	48	Port Input	14	630763	3214	1
S1010859	48	Port Input	15	630763	3214	1
S1010859	48	Port Input	14	630763	3214	1
S1010859	48	Port Input	15	630763	3214	1
S1010859	48	Port Input	14	638682	11133	1
S1010859	48	Response	22	638682	11133	1
S1010859	49	Picture	20	638729	0	1	9097	1	0	next	hit	588
S1010859	49	Port Input	15	641649	2920	1
S1010859	49	Port Input	14	647755	9026	1
S1010859	49	Response	22	647755	9026	1
S1010859	50	Picture	20	647826	0	1	9861	1	0	next	hit	610
S1010859	50	Port Input	15	650732	2906	1
S1010859	50	Port Input	14	650732	2906	1
S1010859	50	Port Input	15	650732	2906	1
S1010859	50	Port Input	14	650732	2906	1
S1010859	50	Port Input	15	650732	2906	1
S1010859	50	Port Input	14	650732	2906	1
S1010859	50	Port Input	15	650733	2907	1
S1010859	50	Port Input	14	650733	2907	1
S1010859	50	Port Input	15	650733	2907	1
S1010859	50	Port Input	14	650733	2907	1
S1010859	50	Port Input	15	650733	2907	1
S1010859	50	Port Input	14	650733	2907	1
S1010859	50	Port Input	15	650733	2907	1
S1010859	50	Port Input	14	650734	2908	1
S1010859	50	Port Input	15	650734	2908	1
S1010859	50	Port Input	14	650734	2908	1
S1010859	50	Port Input	15	650734	2908	1
S1010859	50	Port Input	14	650734	2908	1
S1010859	50	Port Input	15	650734	2908	1
S1010859	50	Port Input	14	657655	9829	1
S1010859	50	Response	22	657655	9829	1
S1010859	51	Picture	20	657687	0	1	9583	1	0	next	hit	620
S1010859	51	Port Input	15	660626	2940	1
S1010859	51	Port Input	14	660626	2940	1
S1010859	51	Port Input	15	660627	2940	1
S1010859	51	Port Input	14	660627	2940	1
S1010859	51	Port Input	15	660627	2940	1
S1010859	51	Port Input	14	660627	2940	1
S1010859	51	Port Input	15	660627	2940	1
S1010859	51	Port Input	14	667225	9539	1
S1010859	51	Response	22	667225	9539	1
S1010859	52	Picture	20	667270	0	1	9722	1	0	next	hit	640
S1010859	52	Port Input	15	670350	3080	1
S1010859	52	Port Input	14	670350	3080	1
S1010859	52	Port Input	15	670351	3082	1
S1010859	52	Port Input	14	670351	3082	1
S1010859	52	Port Input	15	670351	3082	1
S1010859	52	Port Input	14	670351	3082	1
S1010859	52	Port Input	15	670352	3082	1
S1010859	52	Port Input	14	670352	3082	1
S1010859	52	Port Input	15	670353	3083	1
S1010859	52	Port Input	14	670353	3083	1
S1010859	52	Port Input	15	670354	3084	1
S1010859	52	Port Input	14	670354	3084	1
S1010859	52	Port Input	15	670354	3084	1
S1010859	52	Port Input	14	670354	3084	1
S1010859	52	Port Input	15	670355	3085	1
S1010859	52	Port Input	14	670355	3085	1
S1010859	52	Port Input	15	670355	3085	1
S1010859	52	Port Input	14	676948	9678	1
S1010859	52	Response	22	676948	9678	1
S1010859	53	Picture	20	676992	0	1	10000	1	0	next	hit	644
S1010859	53	Port Input	15	679958	2966	1
S1010859	53	Port Input	14	686948	9956	1
S1010859	53	Response	22	686948	9956	1
S1010859	54	Picture	20	686991	0	1	9791	1	0	next	hit	654
S1010859	54	Port Input	15	690061	3070	1
S1010859	54	Port Input	14	690061	3070	1
S1010859	54	Port Input	15	690062	3070	1
S1010859	54	Port Input	14	690062	3070	1
S1010859	54	Port Input	15	690062	3071	1
S1010859	54	Port Input	14	690062	3071	1
S1010859	54	Port Input	15	690063	3071	1
S1010859	54	Port Input	14	696729	9737	1
S1010859	54	Response	22	696729	9737	1
S1010859	55	Picture	20	696783	0	1	9652	1	0	next	hit	660
S1010859	55	Port Input	15	699872	3090	1
S1010859	55	Port Input	14	699872	3090	1
S1010859	55	Port Input	15	699872	3090	1
S1010859	55	Port Input	14	706403	9620	1
S1010859	55	Response	22	706403	9620	1
S1010859	56	Picture	20	706435	0	1	10902	1	0	next	hit	672
S1010859	56	Port Input	15	709492	3057	1
S1010859	56	Port Input	14	709492	3057	1
S1010859	56	Port Input	15	709492	3057	1
S1010859	56	Port Input	14	709492	3057	1
S1010859	56	Port Input	15	709492	3057	1
S1010859	56	Port Input	14	709493	3057	1
S1010859	56	Port Input	15	709493	3058	1
S1010859	56	Port Input	14	709493	3058	1
S1010859	56	Port Input	15	709494	3059	1
S1010859	56	Port Input	14	717288	10853	1
S1010859	56	Response	22	717288	10853	1
S1010859	57	Picture	20	717338	0	1	9652	1	0	next	hit	684
S1010859	57	Port Input	15	720241	2904	1
S1010859	57	Port Input	14	720241	2904	1
S1010859	57	Port Input	15	720242	2904	1
S1010859	57	Port Input	14	720242	2904	1
S1010859	57	Port Input	15	720243	2905	1
S1010859	57	Port Input	14	720243	2905	1
S1010859	57	Port Input	15	720243	2905	1
S1010859	57	Port Input	14	720243	2906	1
S1010859	57	Port Input	15	720243	2906	1
S1010859	57	Port Input	14	726957	9619	1
S1010859	57	Response	22	726957	9619	1
S1010859	58	Picture	20	726990	0	1	8958	1	0	next	hit	688
S1010859	58	Port Input	15	730009	3019	1
S1010859	58	Port Input	14	735912	8922	1
S1010859	58	Response	22	735912	8922	1
S1010859	58	Port Input	15	735912	8922	1
S1010859	58	Port Input	14	735912	8922	1
S1010859	59	Picture	20	735948	0	1	9930	1	0	next	hit	704
S1010859	59	Port Input	15	738935	2987	1
S1010859	59	Port Input	14	738935	2987	1
S1010859	59	Port Input	15	738935	2987	1
S1010859	59	Port Input	14	738935	2987	1
S1010859	59	Port Input	15	738935	2987	1
S1010859	59	Port Input	14	738935	2987	1
S1010859	59	Port Input	15	738936	2988	1
S1010859	59	Port Input	14	738936	2988	1
S1010859	59	Port Input	15	738936	2988	1
S1010859	59	Port Input	14	738936	2988	1
S1010859	59	Port Input	15	738936	2988	1
S1010859	59	Port Input	14	745861	9913	1
S1010859	59	Response	22	745861	9913	1
S1010859	60	Picture	20	745878	0	1	9236	1	0	next	hit	712
S1010859	60	Port Input	15	748573	2695	1
S1010859	60	Port Input	14	748573	2695	1
S1010859	60	Port Input	15	748574	2695	1
S1010859	60	Port Input	14	748574	2695	1
S1010859	60	Port Input	15	748574	2695	1
S1010859	60	Port Input	14	755094	9215	1
S1010859	60	Response	22	755094	9215	1
S1010859	61	Picture	20	755114	0	1	10139	1	0	next	hit	730
S1010859	61	Port Input	15	758191	3077	1
S1010859	61	Port Input	14	758191	3077	1
S1010859	61	Port Input	15	758192	3078	1
S1010859	61	Port Input	14	758192	3078	1
S1010859	61	Port Input	15	758193	3079	1
S1010859	61	Port Input	14	758193	3079	1
S1010859	61	Port Input	15	758194	3080	1
S1010859	61	Port Input	14	758194	3080	1
S1010859	61	Port Input	15	758194	3080	1
S1010859	61	Port Input	14	758194	3080	1
S1010859	61	Port Input	15	758194	3080	1
S1010859	61	Port Input	14	758194	3080	1
S1010859	61	Port Input	15	758195	3080	1
S1010859	61	Port Input	14	758195	3081	1
S1010859	61	Port Input	15	758195	3081	1
S1010859	61	Port Input	14	765210	10096	1
S1010859	61	Response	22	765210	10096	1
S1010859	62	Picture	20	765253	0	1	9861	1	0	next	hit	738
S1010859	62	Port Input	15	768130	2877	1
S1010859	62	Port Input	14	768130	2877	1
S1010859	62	Port Input	15	768130	2877	1
S1010859	62	Port Input	14	768130	2877	1
S1010859	62	Port Input	15	768130	2878	1
S1010859	62	Port Input	14	775096	9844	1
S1010859	62	Response	22	775096	9844	1
S1010859	63	Picture	20	775114	0	1	8819	1	0	next	hit	750
S1010859	63	Port Input	15	777929	2815	1
S1010859	63	Port Input	14	777929	2816	1
S1010859	63	Port Input	15	777929	2816	1
S1010859	63	Port Input	14	777929	2816	1
S1010859	63	Port Input	15	777930	2816	1
S1010859	63	Port Input	14	777930	2816	1
S1010859	63	Port Input	15	777930	2816	1
S1010859	63	Port Input	14	777930	2816	1
S1010859	63	Port Input	15	777930	2816	1
S1010859	63	Port Input	14	783904	8790	1
S1010859	63	Response	22	783904	8790	1
S1010859	64	Picture	20	783933	0	1	9097	1	0	next	hit	756
S1010859	64	Port Input	15	786809	2876	1
S1010859	64	Port Input	14	786809	2876	1
S1010859	64	Port Input	15	786809	2876	1
S1010859	64	Port Input	14	792965	9033	1
S1010859	64	Response	22	792965	9033	1
S1010859	65	Picture	20	793030	0	1	9791	1	0	next	hit	772
S1010859	65	Port Input	15	795938	2908	1
S1010859	65	Port Input	14	795938	2908	1
S1010859	65	Port Input	15	795938	2908	1
S1010859	65	Port Input	14	795938	2908	1
S1010859	65	Port Input	15	795938	2909	1
S1010859	65	Port Input	14	795938	2909	1
S1010859	65	Port Input	15	795939	2909	1
S1010859	65	Port Input	14	795939	2909	1
S1010859	65	Port Input	15	795939	2910	1
S1010859	65	Port Input	14	795939	2910	1
S1010859	65	Port Input	15	795940	2910	1
S1010859	65	Port Input	14	795940	2910	1
S1010859	65	Port Input	15	795940	2910	1
S1010859	65	Port Input	14	802785	9756	1
S1010859	65	Response	22	802785	9756	1
S1010859	66	Picture	20	802821	0	1	10486	1	0	next	hit	776
S1010859	66	Port Input	15	805703	2882	1
S1010859	66	Port Input	14	813237	10416	1
S1010859	66	Response	22	813237	10416	1
S1010859	67	Picture	20	813307	0	1	10694	1	0	next	hit	794
S1010859	67	Port Input	15	816109	2802	1
S1010859	67	Port Input	14	816109	2802	1
S1010859	67	Port Input	15	816109	2802	1
S1010859	67	Port Input	14	816109	2802	1
S1010859	67	Port Input	15	816109	2802	1
S1010859	67	Port Input	14	816109	2802	1
S1010859	67	Port Input	15	816109	2803	1
S1010859	67	Port Input	14	816110	2803	1
S1010859	67	Port Input	15	816110	2803	1
S1010859	67	Port Input	14	816110	2803	1
S1010859	67	Port Input	15	816110	2803	1
S1010859	67	Port Input	14	816110	2803	1
S1010859	67	Port Input	15	816110	2804	1
S1010859	67	Port Input	14	816111	2804	1
S1010859	67	Port Input	15	816111	2804	1
S1010859	67	Port Input	14	823965	10659	1
S1010859	67	Response	22	823965	10659	1
S1010859	67	Port Input	15	823965	10659	1
S1010859	67	Port Input	14	823966	10659	1
S1010859	68	Picture	20	824001	0	1	9514	1	0	next	hit	810
S1010859	68	Port Input	15	826751	2751	1
S1010859	68	Port Input	14	826751	2751	1
S1010859	68	Port Input	15	826752	2751	1
S1010859	68	Port Input	14	826752	2751	1
S1010859	68	Port Input	15	826752	2751	1
S1010859	68	Port Input	14	826752	2751	1
S1010859	68	Port Input	15	826752	2751	1
S1010859	68	Port Input	14	826752	2751	1
S1010859	68	Port Input	15	826752	2752	1
S1010859	68	Port Input	14	826752	2752	1
S1010859	68	Port Input	15	826753	2752	1
S1010859	68	Port Input	14	833486	9485	1
S1010859	68	Response	22	833486	9485	1
S1010859	68	Port Input	15	833486	9485	1
S1010859	68	Port Input	14	833486	9485	1
S1010859	68	Port Input	15	833486	9485	1
S1010859	68	Port Input	14	833486	9485	1
S1010859	69	Picture	20	833514	0	1	9791	1	0	next	hit	822
S1010859	69	Port Input	15	836341	2827	1
S1010859	69	Port Input	14	836341	2827	1
S1010859	69	Port Input	15	836342	2827	1
S1010859	69	Port Input	14	836342	2827	1
S1010859	69	Port Input	15	836342	2827	1
S1010859	69	Port Input	14	843294	9779	1
S1010859	69	Response	22	843294	9779	1
S1010859	70	Picture	20	843306	0	1	9930	1	0	next	hit	826
S1010859	70	Port Input	15	845993	2687	1
S1010859	70	Port Input	14	853204	9898	1
S1010859	70	Response	22	853204	9898	1
S1010859	70	Port Input	15	853204	9899	1
S1010859	70	Port Input	14	853204	9899	1
S1010859	71	Picture	20	853236	0	1	9444	1	0	next	hit	836
S1010859	71	Port Input	15	856292	3056	1
S1010859	71	Port Input	14	856292	3056	1
S1010859	71	Port Input	15	856293	3057	1
S1010859	71	Port Input	14	856293	3057	1
S1010859	71	Port Input	15	856293	3057	1
S1010859	71	Port Input	14	862663	9427	1
S1010859	71	Response	22	862663	9427	1
S1010859	72	Picture	20	862680	0	1	9791	1	0	next	hit	848
S1010859	72	Port Input	15	865721	3041	1
S1010859	72	Port Input	14	865721	3041	1
S1010859	72	Port Input	15	865721	3041	1
S1010859	72	Port Input	14	865721	3041	1
S1010859	72	Port Input	15	865721	3041	1
S1010859	72	Port Input	14	865721	3041	1
S1010859	72	Port Input	15	865721	3041	1
S1010859	72	Port Input	14	865721	3041	1
S1010859	72	Port Input	15	865722	3042	1
S1010859	72	Port Input	14	872401	9721	1
S1010859	72	Response	22	872401	9721	1
S1010859	72	Port Input	15	872401	9721	1
S1010859	72	Port Input	14	872401	9721	1
S1010859	72	Port Input	15	872401	9721	1
S1010859	72	Port Input	14	872402	9722	4
S1010859	73	Picture	20	872471	0	1	9166	1	0	next	hit	856
S1010859	73	Port Input	15	875316	2845	1
S1010859	73	Port Input	14	881628	9157	1
S1010859	73	Response	22	881628	9157	1
S1010859	74	Picture	20	881638	0	1	8333	1	0	next	hit	866
S1010859	74	Port Input	15	884453	2815	1
S1010859	74	Port Input	14	884453	2815	1
S1010859	74	Port Input	15	884454	2816	1
S1010859	74	Port Input	14	884454	2816	1
S1010859	74	Port Input	15	884454	2817	1
S1010859	74	Port Input	14	884454	2817	1
S1010859	74	Port Input	15	884455	2817	1
S1010859	74	Port Input	14	889963	8325	1
S1010859	74	Response	22	889963	8325	1
S1010859	75	Picture	20	889971	0	1	10833	1	0	next	hit	874
S1010859	75	Port Input	15	893047	3076	1
S1010859	75	Port Input	14	893047	3076	1
S1010859	75	Port Input	15	893047	3076	1
S1010859	75	Port Input	14	893047	3076	1
S1010859	75	Port Input	15	893047	3076	1
S1010859	75	Port Input	14	900788	10817	1
S1010859	75	Response	22	900788	10817	1
S1010859	76	Picture	20	900804	0	1	10347	1	0	next	hit	958
S1010859	76	Port Input	15	901723	919	1
S1010859	76	Port Input	14	901723	919	1
S1010859	76	Port Input	15	901745	941	1
S1010859	76	Port Input	14	901745	941	1
S1010859	76	Port Input	15	901781	977	1
S1010859	76	Port Input	14	901781	977	1
S1010859	76	Port Input	15	901809	1006	1
S1010859	76	Port Input	14	901810	1006	1
S1010859	76	Port Input	15	901832	1028	1
S1010859	76	Port Input	14	901832	1028	1
S1010859	76	Port Input	15	901872	1069	1
S1010859	76	Port Input	14	901872	1069	1
S1010859	76	Port Input	15	901891	1087	1
S1010859	76	Port Input	14	901891	1087	1
S1010859	76	Port Input	15	902993	2189	1
S1010859	76	Port Input	14	902993	2189	1
S1010859	76	Port Input	15	902993	2190	1
S1010859	76	Port Input	14	902993	2190	1
S1010859	76	Port Input	15	903027	2223	1
S1010859	76	Port Input	14	903027	2223	1
S1010859	76	Port Input	15	903032	2228	1
S1010859	76	Port Input	14	903032	2228	1
S1010859	76	Port Input	15	903037	2233	1
S1010859	76	Port Input	14	903037	2233	1
S1010859	76	Port Input	15	903063	2259	1
S1010859	76	Port Input	14	903063	2259	1
S1010859	76	Port Input	15	903066	2262	1
S1010859	76	Port Input	14	903066	2262	1
S1010859	76	Port Input	15	903066	2262	1
S1010859	76	Port Input	14	903066	2262	1
S1010859	76	Port Input	15	903066	2263	1
S1010859	76	Port Input	14	903067	2263	1
S1010859	76	Port Input	15	903080	2276	1
S1010859	76	Port Input	14	903080	2276	1
S1010859	76	Port Input	15	903109	2305	1
S1010859	76	Port Input	14	903109	2305	1
S1010859	76	Port Input	15	903123	2320	1
S1010859	76	Port Input	14	903124	2320	1
S1010859	76	Port Input	15	903126	2322	1
S1010859	76	Port Input	14	903126	2322	1
S1010859	76	Port Input	15	903142	2338	1
S1010859	76	Port Input	14	903142	2338	1
S1010859	76	Port Input	15	903161	2357	1
S1010859	76	Port Input	14	903161	2357	1
S1010859	76	Port Input	15	903164	2361	1
S1010859	76	Port Input	14	903164	2361	1
S1010859	76	Port Input	15	903259	2455	1
S1010859	76	Port Input	14	903259	2455	1
S1010859	76	Port Input	15	903275	2471	1
S1010859	76	Port Input	14	903275	2471	1
S1010859	76	Port Input	15	903276	2472	1
S1010859	76	Port Input	14	903276	2472	1
S1010859	76	Port Input	15	903279	2475	1
S1010859	76	Port Input	14	903279	2475	1
S1010859	76	Port Input	15	903279	2476	1
S1010859	76	Port Input	14	903279	2476	1
S1010859	76	Port Input	15	903283	2480	1
S1010859	76	Port Input	14	903283	2480	1
S1010859	76	Port Input	15	903284	2480	1
S1010859	76	Port Input	14	903284	2480	1
S1010859	76	Port Input	15	903285	2481	1
S1010859	76	Port Input	14	903285	2481	1
S1010859	76	Port Input	15	903334	2530	1
S1010859	76	Port Input	14	903334	2530	1
S1010859	76	Port Input	15	903345	2541	1
S1010859	76	Port Input	14	903345	2541	1
S1010859	76	Port Input	15	903360	2556	1
S1010859	76	Port Input	14	903360	2556	1
S1010859	76	Port Input	15	903361	2557	1
S1010859	76	Port Input	14	903361	2557	1
S1010859	76	Port Input	15	903364	2560	1
S1010859	76	Port Input	14	903364	2560	1
S1010859	76	Port Input	15	903370	2566	1
S1010859	76	Port Input	14	903370	2566	1
S1010859	76	Port Input	15	903593	2789	1
S1010859	76	Port Input	14	903593	2789	1
S1010859	76	Port Input	15	903593	2790	1
S1010859	76	Port Input	14	903593	2790	1
S1010859	76	Port Input	15	903594	2790	1
S1010859	76	Port Input	14	903594	2790	1
S1010859	76	Port Input	15	903594	2790	1
S1010859	76	Port Input	14	911134	10330	1
S1010859	76	Response	22	911134	10330	1
S1010859	76	Port Input	15	911135	10331	1
S1010859	76	Port Input	14	911135	10331	1
S1010859	77	Picture	20	911151	0	1	10694	1	0	next	hit	968
S1010859	77	Port Input	15	913876	2726	1
S1010859	77	Port Input	14	913876	2726	1
S1010859	77	Port Input	15	913877	2726	1
S1010859	77	Port Input	14	913877	2726	1
S1010859	77	Port Input	15	913877	2726	1
S1010859	77	Port Input	14	921792	10641	1
S1010859	77	Response	22	921792	10641	1
S1010859	78	Picture	20	921845	0	1	10277	1	0	next	hit	974
S1010859	78	Port Input	15	924445	2601	1
S1010859	78	Port Input	14	924445	2601	1
S1010859	78	Port Input	15	924446	2601	1
S1010859	78	Port Input	14	932059	10214	1
S1010859	78	Response	22	932059	10214	1
S1010859	79	Picture	20	932122	0	1	10764	1	0	next	hit	994
S1010859	79	Port Input	15	934463	2341	1
S1010859	79	Port Input	14	934463	2341	1
S1010859	79	Port Input	15	934463	2341	1
S1010859	79	Port Input	14	934463	2341	1
S1010859	79	Port Input	15	934463	2341	1
S1010859	79	Port Input	14	934463	2341	1
S1010859	79	Port Input	15	934464	2341	1
S1010859	79	Port Input	14	934464	2342	1
S1010859	79	Port Input	15	934465	2343	1
S1010859	79	Port Input	14	934465	2343	1
S1010859	79	Port Input	15	934465	2343	1
S1010859	79	Port Input	14	934465	2343	1
S1010859	79	Port Input	15	934465	2343	1
S1010859	79	Port Input	14	934465	2343	1
S1010859	79	Port Input	15	934466	2343	1
S1010859	79	Port Input	14	934466	2343	1
S1010859	79	Port Input	15	934466	2344	1
S1010859	79	Port Input	14	942861	10739	1
S1010859	79	Response	22	942861	10739	1
S1010859	80	Picture	20	942886	0	1	9861	1	0	next	hit	1016
S1010859	80	Port Input	15	945851	2966	1
S1010859	80	Port Input	14	945851	2966	1
S1010859	80	Port Input	15	945852	2966	1
S1010859	80	Port Input	14	945852	2966	1
S1010859	80	Port Input	15	945852	2966	1
S1010859	80	Port Input	14	945852	2966	1
S1010859	80	Port Input	15	945852	2967	1
S1010859	80	Port Input	14	945853	2967	1
S1010859	80	Port Input	15	945853	2967	1
S1010859	80	Port Input	14	945853	2967	1
S1010859	80	Port Input	15	945853	2967	1
S1010859	80	Port Input	14	945853	2967	1
S1010859	80	Port Input	15	945854	2968	1
S1010859	80	Port Input	14	945854	2968	1
S1010859	80	Port Input	15	945854	2968	1
S1010859	80	Port Input	14	945854	2968	1
S1010859	80	Port Input	15	945854	2968	1
S1010859	80	Port Input	14	945854	2968	1
S1010859	80	Port Input	15	945854	2969	1
S1010859	80	Port Input	14	952726	9841	1
S1010859	80	Response	22	952726	9841	1
S1010859	81	Picture	20	952747	0	1	9652	1	0	next	hit	1022
S1010859	81	Port Input	15	955630	2884	1
S1010859	81	Port Input	14	955630	2884	1
S1010859	81	Port Input	15	955630	2884	1
S1010859	81	Port Input	14	962345	9599	1
S1010859	81	Response	22	962345	9599	1
S1010859	82	Picture	20	962399	0	1	8541	1	0	next	hit	1036
S1010859	82	Port Input	15	965075	2676	1
S1010859	82	Port Input	14	965075	2676	1
S1010859	82	Port Input	15	965076	2677	1
S1010859	82	Port Input	14	965076	2677	1
S1010859	82	Port Input	15	965077	2678	1
S1010859	82	Port Input	14	965077	2678	1
S1010859	82	Port Input	15	965078	2679	1
S1010859	82	Port Input	14	965078	2679	1
S1010859	82	Port Input	15	965079	2679	1
S1010859	82	Port Input	14	965079	2680	1
S1010859	82	Port Input	15	965079	2680	1
S1010859	82	Port Input	14	970900	8501	1
S1010859	82	Response	22	970900	8501	1
S1010859	83	Picture	20	970941	0	1	8264	1	0	next	hit	1042
S1010859	83	Port Input	15	973973	3032	1
S1010859	83	Port Input	14	973973	3032	1
S1010859	83	Port Input	15	973974	3033	1
S1010859	83	Port Input	14	979166	8225	1
S1010859	83	Response	22	979166	8225	1
S1010859	84	Picture	20	979204	0	1	10139	1	0	next	hit	1056
S1010859	84	Port Input	15	981690	2485	1
S1010859	84	Port Input	14	981690	2485	1
S1010859	84	Port Input	15	981690	2486	1
S1010859	84	Port Input	14	981690	2486	1
S1010859	84	Port Input	15	981690	2486	1
S1010859	84	Port Input	14	981690	2486	1
S1010859	84	Port Input	15	981691	2487	1
S1010859	84	Port Input	14	981691	2487	1
S1010859	84	Port Input	15	981691	2487	1
S1010859	84	Port Input	14	981691	2487	1
S1010859	84	Port Input	15	981691	2487	1
S1010859	84	Port Input	14	989273	10069	1
S1010859	84	Response	22	989273	10069	1
S1010859	85	Picture	20	989343	0	1	9791	1	0	next	hit	1072
S1010859	85	Port Input	15	992093	2750	1
S1010859	85	Port Input	14	992093	2750	1
S1010859	85	Port Input	15	992093	2750	1
S1010859	85	Port Input	14	992093	2750	1
S1010859	85	Port Input	15	992093	2751	1
S1010859	85	Port Input	14	992093	2751	1
S1010859	85	Port Input	15	992093	2751	1
S1010859	85	Port Input	14	992094	2751	1
S1010859	85	Port Input	15	992094	2751	1
S1010859	85	Port Input	14	992094	2751	1
S1010859	85	Port Input	15	992094	2751	1
S1010859	85	Port Input	14	992094	2751	1
S1010859	85	Port Input	15	992094	2752	1
S1010859	85	Port Input	14	999122	9779	1
S1010859	85	Response	22	999122	9779	1
S1010859	86	Picture	20	999134	0	1	9930	1	0	next	hit	1082
S1010859	86	Port Input	15	1002075	2941	1
S1010859	86	Port Input	14	1002075	2941	1
S1010859	86	Port Input	15	1002075	2941	1
S1010859	86	Port Input	14	1002075	2941	1
S1010859	86	Port Input	15	1002076	2942	1
S1010859	86	Port Input	14	1002078	2944	1
S1010859	86	Port Input	15	1002078	2944	1
S1010859	86	Port Input	14	1009015	9881	1
S1010859	86	Response	22	1009015	9881	1
S1010859	87	Picture	20	1009064	0	1	9791	1	0	next	hit	1086
S1010859	87	Port Input	15	1011843	2779	1
S1010859	87	Port Input	14	1018825	9761	1
S1010859	87	Response	22	1018825	9761	1
S1010859	88	Picture	20	1018856	0	1	9305	1	0	next	hit	1106
S1010859	88	Port Input	15	1021562	2707	1
S1010859	88	Port Input	14	1021562	2707	1
S1010859	88	Port Input	15	1021563	2708	1
S1010859	88	Port Input	14	1021563	2708	1
S1010859	88	Port Input	15	1021563	2708	1
S1010859	88	Port Input	14	1021565	2710	1
S1010859	88	Port Input	15	1021566	2710	1
S1010859	88	Port Input	14	1021566	2711	1
S1010859	88	Port Input	15	1021566	2711	1
S1010859	88	Port Input	14	1021566	2711	1
S1010859	88	Port Input	15	1021566	2711	1
S1010859	88	Port Input	14	1021566	2711	1
S1010859	88	Port Input	15	1021567	2712	1
S1010859	88	Port Input	14	1021567	2712	1
S1010859	88	Port Input	15	1021568	2712	1
S1010859	88	Port Input	14	1021568	2712	1
S1010859	88	Port Input	15	1021568	2712	1
S1010859	88	Port Input	14	1028141	9285	1
S1010859	88	Response	22	1028141	9285	1
S1010859	89	Picture	20	1028161	0	1	8611	1	0	next	hit	1112
S1010859	89	Port Input	15	1031065	2904	1
S1010859	89	Port Input	14	1031065	2904	1
S1010859	89	Port Input	15	1031065	2904	1
S1010859	89	Port Input	14	1036750	8589	1
S1010859	89	Response	22	1036750	8589	1
S1010859	90	Picture	20	1036772	0	1	10347	1	0	next	hit	1126
S1010859	90	Port Input	15	1039822	3050	1
S1010859	90	Port Input	14	1039822	3050	1
S1010859	90	Port Input	15	1039822	3050	1
S1010859	90	Port Input	14	1039822	3050	1
S1010859	90	Port Input	15	1039823	3051	1
S1010859	90	Port Input	14	1039823	3051	1
S1010859	90	Port Input	15	1039823	3051	1
S1010859	90	Port Input	14	1039823	3051	1
S1010859	90	Port Input	15	1039823	3051	1
S1010859	90	Port Input	14	1039824	3052	1
S1010859	90	Port Input	15	1039824	3052	1
S1010859	90	Port Input	14	1047096	10324	1
S1010859	90	Response	22	1047096	10324	1
S1010859	91	Picture	20	1047119	0	1	9861	1	0	next	hit	1132
S1010859	91	Port Input	15	1050102	2983	1
S1010859	91	Port Input	14	1050102	2983	1
S1010859	91	Port Input	15	1050102	2984	1
S1010859	91	Port Input	14	1056953	9834	1
S1010859	91	Response	22	1056953	9834	1
S1010859	92	Picture	20	1056979	0	1	9444	1	0	next	hit	1140
S1010859	92	Port Input	15	1060038	3059	1
S1010859	92	Port Input	14	1060038	3059	1
S1010859	92	Port Input	15	1060038	3059	1
S1010859	92	Port Input	14	1060038	3059	1
S1010859	92	Port Input	15	1060039	3059	1
S1010859	92	Port Input	14	1066389	9409	1
S1010859	92	Response	22	1066389	9409	1
S1010859	93	Picture	20	1066423	0	1	9583	1	0	next	hit	1152
S1010859	93	Port Input	15	1069476	3052	1
S1010859	93	Port Input	14	1069476	3052	1
S1010859	93	Port Input	15	1069476	3052	1
S1010859	93	Port Input	14	1069476	3052	1
S1010859	93	Port Input	15	1069476	3053	1
S1010859	93	Port Input	14	1069477	3053	1
S1010859	93	Port Input	15	1069477	3053	1
S1010859	93	Port Input	14	1069477	3053	1
S1010859	93	Port Input	15	1069477	3053	1
S1010859	93	Port Input	14	1075945	9521	1
S1010859	93	Response	22	1075945	9521	1
S1010859	94	Picture	20	1076007	0	1	8819	1	0	next	hit	1160
S1010859	94	Port Input	15	1078959	2952	1
S1010859	94	Port Input	14	1078959	2952	1
S1010859	94	Port Input	15	1078959	2953	1
S1010859	94	Port Input	14	1078959	2953	1
S1010859	94	Port Input	15	1078959	2953	1
S1010859	94	Port Input	14	1084749	8743	1
S1010859	94	Response	22	1084749	8743	1
S1010859	95	Picture	20	1084826	0	1	10347	1	0	next	hit	1166
S1010859	95	Port Input	15	1087672	2846	1
S1010859	95	Port Input	14	1087672	2846	1
S1010859	95	Port Input	15	1087672	2846	1
S1010859	95	Port Input	14	1095157	10331	1
S1010859	95	Response	22	1095157	10331	1
S1010859	96	Picture	20	1095173	0	1	11597	1	0	next	hit	1176
S1010859	96	Port Input	15	1098158	2985	1
S1010859	96	Port Input	14	1098158	2985	1
S1010859	96	Port Input	15	1098158	2985	1
S1010859	96	Port Input	14	1098158	2985	1
S1010859	96	Port Input	15	1098158	2985	1
S1010859	96	Port Input	14	1098158	2986	1
S1010859	96	Port Input	15	1098158	2986	1
S1010859	96	Port Input	14	1106719	11546	1
S1010859	96	Response	22	1106719	11546	1
S1010859	97	Picture	20	1106769	0	1	9166	1	0	next	hit	1184
S1010859	97	Port Input	15	1109469	2700	1
S1010859	97	Port Input	14	1109469	2700	1
S1010859	97	Port Input	15	1109470	2701	1
S1010859	97	Port Input	14	1109470	2701	1
S1010859	97	Port Input	15	1109471	2701	1
S1010859	97	Port Input	14	1115874	9104	1
S1010859	97	Response	22	1115874	9104	1
S1010859	98	Picture	20	1115936	0	1	8958	1	0	next	hit	1222
S1010859	98	Port Input	15	1118739	2803	1
S1010859	98	Port Input	14	1118739	2803	1
S1010859	98	Port Input	15	1118739	2804	1
S1010859	98	Port Input	14	1118739	2804	1
S1010859	98	Port Input	15	1118740	2804	1
S1010859	98	Port Input	14	1118740	2804	1
S1010859	98	Port Input	15	1118740	2804	1
S1010859	98	Port Input	14	1118740	2804	1
S1010859	98	Port Input	15	1118740	2804	1
S1010859	98	Port Input	14	1118740	2804	1
S1010859	98	Port Input	15	1118741	2805	1
S1010859	98	Port Input	14	1118741	2805	1
S1010859	98	Port Input	15	1118741	2805	1
S1010859	98	Port Input	14	1118741	2805	1
S1010859	98	Port Input	15	1118741	2805	1
S1010859	98	Port Input	14	1118741	2805	1
S1010859	98	Port Input	15	1118741	2806	1
S1010859	98	Port Input	14	1118741	2806	1
S1010859	98	Port Input	15	1118742	2806	1
S1010859	98	Port Input	14	1118742	2806	1
S1010859	98	Port Input	15	1118742	2806	1
S1010859	98	Port Input	14	1118742	2806	1
S1010859	98	Port Input	15	1118742	2807	1
S1010859	98	Port Input	14	1118742	2807	1
S1010859	98	Port Input	15	1118743	2807	1
S1010859	98	Port Input	14	1118743	2807	1
S1010859	98	Port Input	15	1118743	2807	1
S1010859	98	Port Input	14	1118743	2807	1
S1010859	98	Port Input	15	1118743	2807	1
S1010859	98	Port Input	14	1118743	2807	1
S1010859	98	Port Input	15	1118743	2808	1
S1010859	98	Port Input	14	1118743	2808	1
S1010859	98	Port Input	15	1118744	2808	1
S1010859	98	Port Input	14	1118744	2808	1
S1010859	98	Port Input	15	1118744	2808	1
S1010859	98	Port Input	14	1124864	8928	1
S1010859	98	Response	22	1124864	8928	1
S1010859	98	Port Input	15	1124864	8928	1
S1010859	98	Port Input	14	1124864	8929	1
S1010859	99	Picture	20	1124894	0	1	9583	1	0	next	hit	1232
S1010859	99	Port Input	15	1127925	3032	1
S1010859	99	Port Input	14	1127925	3032	1
S1010859	99	Port Input	15	1127926	3032	1
S1010859	99	Port Input	14	1127926	3032	1
S1010859	99	Port Input	15	1127926	3032	1
S1010859	99	Port Input	14	1134453	9560	1
S1010859	99	Response	22	1134453	9560	1
S1010859	100	Picture	20	1134477	0	1	9861	1	0	next	hit	1240
S1010859	100	Port Input	15	1137431	2955	1
S1010859	100	Port Input	14	1137431	2955	1
S1010859	100	Port Input	15	1137432	2955	1
S1010859	100	Port Input	14	1137432	2955	1
S1010859	100	Port Input	15	1137434	2958	1
S1010859	100	Port Input	14	1144281	9805	1
S1010859	100	Response	22	1144281	9805	1
S1010859	101	Picture	20	1144338	0	1	8264	1	0	next	hit	1244
S1010859	101	Port Input	15	1147119	2781	1
S1010859	101	Port Input	14	1152576	8238	1
S1010859	101	Response	22	1152576	8238	1
S1010859	102	Picture	20	1152601	0	1	10000	1	0	next	hit	1266
S1010859	102	Port Input	15	1155673	3072	1
S1010859	102	Port Input	14	1155673	3072	1
S1010859	102	Port Input	15	1155674	3072	1
S1010859	102	Port Input	14	1155674	3072	1
S1010859	102	Port Input	15	1155674	3073	1
S1010859	102	Port Input	14	1155674	3073	1
S1010859	102	Port Input	15	1155675	3073	1
S1010859	102	Port Input	14	1155675	3073	1
S1010859	102	Port Input	15	1155675	3074	1
S1010859	102	Port Input	14	1155675	3074	1
S1010859	102	Port Input	15	1155675	3074	1
S1010859	102	Port Input	14	1155675	3074	1
S1010859	102	Port Input	15	1155676	3075	1
S1010859	102	Port Input	14	1155676	3075	1
S1010859	102	Port Input	15	1155676	3075	1
S1010859	102	Port Input	14	1155676	3075	1
S1010859	102	Port Input	15	1155676	3075	1
S1010859	102	Port Input	14	1155676	3075	1
S1010859	102	Port Input	15	1155676	3075	1
S1010859	102	Port Input	14	1162037	9436	1
S1010859	102	Response	22	1162037	9436	1
S1010859	103	Port Input	15	1164796	2695	1
S1010859	103	Port Input	14	1164796	2695	1
S1010859	103	Port Input	15	1164797	2696	1
S1010859	103	Port Input	14	1169752	7651	1
