Scenario - passive press generic training 1.2
Logfile written - 01/03/2024 12:38:12

Subject	Trial	Event Type	Code	Time	TTime	Uncertainty	Duration	Uncertainty	ReqTime	ReqDur	Stim Type	Pair Index

S1012721	1	Picture	83	66	0	1	5000	1	0	4950	other	0
S1012721	1	Picture	82	10066	10000	1	5000	1	9950	4950	other	0
S1012721	1	Picture	81	20065	19999	1	5000	1	19950	4950	other	0
S1012721	1	Picture	80	30065	29999	1	5000	1	29950	4950	other	0
S1012721	1	Picture	81	40065	39998	1	10000	1	39950	9950	other	0
S1012721	1	Port Input	14	44958	44892	1
S1012721	1	Response	100	44958	44892	1
S1012721	1	Port Input	15	44958	44892	1
S1012721	1	Port Input	14	44958	44892	1
S1012721	1	Port Input	15	44959	44893	1
S1012721	1	Port Input	14	44959	44893	1
S1012721	1	Port Input	15	48443	48377	1
S1012721	1	Port Input	14	48444	48377	1
S1012721	1	Port Input	15	48452	48386	1
S1012721	1	Picture	81	60064	59998	1	10000	1	59950	9950	other	0
S1012721	1	Port Input	14	63262	63196	1
S1012721	1	Response	100	63262	63196	1
S1012721	1	Port Input	15	63262	63196	1
S1012721	1	Port Input	14	63262	63196	1
S1012721	1	Port Input	15	63262	63196	1
S1012721	1	Port Input	14	63262	63196	1
S1012721	1	Port Input	15	63262	63196	1
S1012721	1	Port Input	14	63262	63196	1
S1012721	1	Port Input	15	63262	63196	1
S1012721	1	Port Input	14	63263	63196	1
S1012721	1	Port Input	15	63263	63197	1
S1012721	1	Port Input	14	63263	63197	1
S1012721	1	Port Input	15	63263	63197	1
S1012721	1	Port Input	14	63263	63197	1
S1012721	1	Port Input	15	63263	63197	1
S1012721	1	Port Input	14	63263	63197	1
S1012721	1	Port Input	15	66734	66668	1
S1012721	1	Picture	81	80063	79997	1	10000	1	79950	9950	other	0
S1012721	1	Port Input	14	82566	82499	1
S1012721	1	Response	100	82566	82499	1
S1012721	1	Port Input	15	82566	82500	1
S1012721	1	Port Input	14	82566	82500	1
S1012721	1	Port Input	15	82567	82500	1
S1012721	1	Port Input	14	82567	82501	1
S1012721	1	Port Input	15	82568	82502	1
S1012721	1	Port Input	14	82568	82502	1
S1012721	1	Port Input	15	82568	82502	1
S1012721	1	Port Input	14	82568	82502	1
S1012721	1	Port Input	15	82568	82502	1
S1012721	1	Port Input	14	82568	82502	1
S1012721	1	Port Input	15	82570	82504	1
S1012721	1	Port Input	14	82570	82504	1
S1012721	1	Port Input	15	82570	82504	1
S1012721	1	Port Input	14	82571	82504	1
S1012721	1	Port Input	15	82571	82504	1
S1012721	1	Port Input	14	82571	82504	1
S1012721	1	Port Input	15	82571	82505	1
S1012721	1	Port Input	14	82571	82505	1
S1012721	1	Port Input	15	82573	82506	1
S1012721	1	Port Input	14	82573	82506	1
S1012721	1	Port Input	15	82573	82507	1
S1012721	1	Port Input	14	82573	82507	1
S1012721	1	Port Input	15	82574	82507	1
S1012721	1	Port Input	14	82574	82508	1
S1012721	1	Port Input	15	82574	82508	1
S1012721	1	Port Input	14	82574	82508	1
S1012721	1	Port Input	15	82575	82509	1
S1012721	1	Port Input	14	82575	82509	1
S1012721	1	Port Input	15	82575	82509	1
S1012721	1	Port Input	14	82575	82509	1
S1012721	1	Port Input	15	82575	82509	1
S1012721	1	Port Input	14	82575	82509	1
S1012721	1	Port Input	15	82575	82509	1
S1012721	1	Port Input	14	82575	82509	1
S1012721	1	Port Input	15	82955	82888	1
S1012721	1	Port Input	14	82955	82888	1
S1012721	1	Port Input	15	86061	85995	1
S1012721	1	Port Input	14	86061	85995	1
S1012721	1	Port Input	15	86206	86140	1
S1012721	1	Port Input	14	86206	86140	1
S1012721	1	Port Input	15	86210	86144	1
S1012721	1	Port Input	14	86211	86144	1
S1012721	1	Port Input	15	86214	86148	1
S1012721	1	Port Input	14	86214	86148	1
S1012721	1	Port Input	15	86220	86154	1
S1012721	1	Port Input	14	86220	86154	1
S1012721	1	Port Input	15	86253	86186	1
S1012721	1	Port Input	14	86253	86187	1
S1012721	1	Port Input	15	86255	86189	1
S1012721	1	Port Input	14	86255	86189	1
S1012721	1	Port Input	15	86270	86204	1
S1012721	1	Port Input	14	86270	86204	1
S1012721	1	Port Input	15	86306	86240	1
S1012721	1	Port Input	14	86306	86240	1
S1012721	1	Port Input	15	86332	86266	1
S1012721	1	Port Input	14	86332	86266	1
S1012721	1	Port Input	15	86691	86625	1
S1012721	2	Port Input	14	102854	12722	3
S1012721	2	Response	100	102854	12722	3
S1012721	3	Port Input	15	106480	3571	7
S1012721	3	Port Input	14	118104	15195	8
S1012721	3	Response	100	118104	15195	8
S1012721	4	Port Input	15	121931	3745	7
S1012721	4	Port Input	14	133202	15016	1
S1012721	4	Response	100	133202	15016	1
S1012721	5	Port Input	15	137350	4095	8
S1012721	5	Port Input	14	150153	16898	8
S1012721	5	Response	100	150153	16898	8
S1012721	6	Port Input	15	153916	3717	7
S1012721	6	Port Input	14	164848	14649	7
S1012721	6	Response	100	164848	14649	7
S1012721	7	Port Input	15	168207	3286	8
S1012721	7	Port Input	14	178782	13861	7
S1012721	7	Response	100	178782	13861	7
S1012721	8	Port Input	15	183025	4216	8
S1012721	8	Port Input	14	192746	13937	7
S1012721	8	Response	100	192746	13937	7
S1012721	9	Port Input	15	197146	4379	7
S1012721	9	Port Input	14	206356	13589	7
S1012721	9	Response	100	206356	13589	7
S1012721	9	Port Input	15	206363	13596	1
S1012721	9	Port Input	14	206363	13596	8
S1012721	10	Port Input	15	211183	4736	1
S1012721	10	Port Input	14	211183	4736	1
S1012721	10	Port Input	15	211183	4736	7
S1012721	10	Port Input	14	220371	13924	7
S1012721	10	Response	100	220371	13924	7
S1012721	10	Port Input	15	220378	13931	1
S1012721	10	Port Input	14	220378	13931	1
S1012721	10	Port Input	15	220378	13932	1
S1012721	10	Port Input	14	220378	13932	7
S1012721	11	Port Input	15	224926	4521	7
S1012721	11	Port Input	14	234439	14034	8
S1012721	11	Response	100	234439	14034	8
S1012721	12	Port Input	15	238243	3741	7
S1012721	12	Port Input	14	248797	14295	8
S1012721	12	Response	100	248797	14295	8
