Scenario - Button
Logfile written - 03/31/2022 12:18:39

Subject	Trial	Event Type	Code	Time	TTime	Uncertainty	Duration	Uncertainty	ReqTime	ReqDur	Stim Type	Pair Index

S1015381	1	Picture	start	69	0	1	40554	1	0	next	other	0
S1015381	3	Picture	20	45137	0	1	764	1	0	next	hit	4
S1015381	3	Port Input	14	45888	751	1
S1015381	3	Response	22	45888	751	1
S1015381	4	Picture	20	45901	0	1	9097	1	0	next	hit	18
S1015381	4	Port Input	15	47642	1741	1
S1015381	4	Port Input	14	47642	1741	1
S1015381	4	Port Input	15	47643	1742	1
S1015381	4	Port Input	14	47643	1742	1
S1015381	4	Port Input	15	47643	1743	1
S1015381	4	Port Input	14	47643	1743	1
S1015381	4	Port Input	15	47644	1743	1
S1015381	4	Port Input	14	47644	1743	1
S1015381	4	Port Input	15	47644	1743	1
S1015381	4	Port Input	14	47644	1743	1
S1015381	4	Port Input	15	47644	1743	1
S1015381	4	Port Input	14	54974	9073	1
S1015381	4	Response	22	54974	9073	1
S1015381	4	Port Input	15	54974	9073	1
S1015381	4	Port Input	14	54976	9075	5
S1015381	5	Picture	20	54998	0	1	10000	1	0	next	hit	28
S1015381	5	Port Input	15	56591	1593	1
S1015381	5	Port Input	14	56591	1593	1
S1015381	5	Port Input	15	56597	1599	1
S1015381	5	Port Input	14	56597	1599	1
S1015381	5	Port Input	15	56598	1600	1
S1015381	5	Port Input	14	64983	9985	1
S1015381	5	Response	22	64983	9985	1
S1015381	5	Port Input	15	64983	9986	1
S1015381	5	Port Input	14	64984	9986	1
S1015381	6	Picture	20	64997	0	1	10208	1	0	next	hit	52
S1015381	6	Port Input	15	66526	1529	1
S1015381	6	Port Input	14	66526	1529	1
S1015381	6	Port Input	15	66526	1529	1
S1015381	6	Port Input	14	66526	1529	1
S1015381	6	Port Input	15	66526	1529	1
S1015381	6	Port Input	14	66526	1529	1
S1015381	6	Port Input	15	66527	1529	1
S1015381	6	Port Input	14	66527	1529	1
S1015381	6	Port Input	15	66527	1529	1
S1015381	6	Port Input	14	66527	1529	1
S1015381	6	Port Input	15	66527	1530	1
S1015381	6	Port Input	14	66527	1530	1
S1015381	6	Port Input	15	66527	1530	1
S1015381	6	Port Input	14	66527	1530	1
S1015381	6	Port Input	15	66528	1530	1
S1015381	6	Port Input	14	66528	1530	1
S1015381	6	Port Input	15	66528	1530	1
S1015381	6	Port Input	14	66528	1531	1
S1015381	6	Port Input	15	66528	1531	1
S1015381	6	Port Input	14	75148	10151	1
S1015381	6	Response	22	75148	10151	1
S1015381	7	Picture	20	75205	0	1	10486	1	0	next	hit	82
S1015381	7	Port Input	15	76806	1601	1
S1015381	7	Port Input	14	76806	1601	1
S1015381	7	Port Input	15	76806	1601	1
S1015381	7	Port Input	14	76806	1601	1
S1015381	7	Port Input	15	76808	1603	1
S1015381	7	Port Input	14	76808	1603	1
S1015381	7	Port Input	15	76808	1603	1
S1015381	7	Port Input	14	76808	1603	1
S1015381	7	Port Input	15	76808	1603	1
S1015381	7	Port Input	14	76808	1603	1
S1015381	7	Port Input	15	76808	1603	1
S1015381	7	Port Input	14	76809	1603	1
S1015381	7	Port Input	15	76809	1604	1
S1015381	7	Port Input	14	76809	1604	1
S1015381	7	Port Input	15	76809	1604	1
S1015381	7	Port Input	14	76809	1604	1
S1015381	7	Port Input	15	76810	1604	1
S1015381	7	Port Input	14	76810	1604	1
S1015381	7	Port Input	15	76810	1604	1
S1015381	7	Port Input	14	76810	1605	1
S1015381	7	Port Input	15	76810	1605	1
S1015381	7	Port Input	14	76810	1605	1
S1015381	7	Port Input	15	76810	1605	1
S1015381	7	Port Input	14	76810	1605	1
S1015381	7	Port Input	15	76810	1605	1
S1015381	7	Port Input	14	76811	1606	1
S1015381	7	Port Input	15	76811	1606	1
S1015381	7	Port Input	14	85619	10413	1
S1015381	7	Response	22	85619	10413	1
S1015381	8	Picture	20	85691	0	1	10972	1	0	next	hit	108
S1015381	8	Port Input	15	87421	1730	1
S1015381	8	Port Input	14	87421	1730	1
S1015381	8	Port Input	15	87421	1730	1
S1015381	8	Port Input	14	87421	1730	1
S1015381	8	Port Input	15	87422	1731	1
S1015381	8	Port Input	14	87422	1731	1
S1015381	8	Port Input	15	87422	1731	1
S1015381	8	Port Input	14	87422	1731	1
S1015381	8	Port Input	15	87422	1731	1
S1015381	8	Port Input	14	87422	1731	1
S1015381	8	Port Input	15	87422	1731	1
S1015381	8	Port Input	14	87422	1731	1
S1015381	8	Port Input	15	87422	1731	1
S1015381	8	Port Input	14	87422	1731	1
S1015381	8	Port Input	15	87423	1732	1
S1015381	8	Port Input	14	87423	1732	1
S1015381	8	Port Input	15	87423	1732	1
S1015381	8	Port Input	14	87423	1732	1
S1015381	8	Port Input	15	87423	1732	1
S1015381	8	Port Input	14	87423	1732	1
S1015381	8	Port Input	15	87423	1732	1
S1015381	8	Port Input	14	87424	1733	1
S1015381	8	Port Input	15	87424	1733	1
S1015381	8	Port Input	14	96588	10897	1
S1015381	8	Response	22	96588	10897	1
S1015381	8	Port Input	15	96588	10897	1
S1015381	8	Port Input	14	96588	10897	1
S1015381	9	Picture	20	96663	0	1	12152	1	0	next	hit	158
S1015381	9	Port Input	15	98246	1584	1
S1015381	9	Port Input	14	98246	1584	1
S1015381	9	Port Input	15	98248	1585	1
S1015381	9	Port Input	14	98248	1585	1
S1015381	9	Port Input	15	98248	1585	1
S1015381	9	Port Input	14	98248	1585	1
S1015381	9	Port Input	15	98248	1585	1
S1015381	9	Port Input	14	98248	1586	1
S1015381	9	Port Input	15	98248	1586	1
S1015381	9	Port Input	14	98248	1586	1
S1015381	9	Port Input	15	98249	1586	1
S1015381	9	Port Input	14	98249	1586	1
S1015381	9	Port Input	15	98249	1586	1
S1015381	9	Port Input	14	98249	1586	1
S1015381	9	Port Input	15	98249	1586	1
S1015381	9	Port Input	14	98249	1586	1
S1015381	9	Port Input	15	98249	1586	1
S1015381	9	Port Input	14	98249	1587	1
S1015381	9	Port Input	15	98249	1587	1
S1015381	9	Port Input	14	98250	1587	1
S1015381	9	Port Input	15	98250	1587	1
S1015381	9	Port Input	14	98250	1587	1
S1015381	9	Port Input	15	98250	1587	1
S1015381	9	Port Input	14	98250	1587	1
S1015381	9	Port Input	15	98250	1588	1
S1015381	9	Port Input	14	98251	1588	1
S1015381	9	Port Input	15	98251	1588	1
S1015381	9	Port Input	14	98251	1588	1
S1015381	9	Port Input	15	98251	1588	1
S1015381	9	Port Input	14	98251	1588	1
S1015381	9	Port Input	15	98251	1588	1
S1015381	9	Port Input	14	98251	1588	1
S1015381	9	Port Input	15	98251	1589	1
S1015381	9	Port Input	14	98251	1589	1
S1015381	9	Port Input	15	98252	1589	1
S1015381	9	Port Input	14	98252	1589	1
S1015381	9	Port Input	15	98252	1589	1
S1015381	9	Port Input	14	98252	1589	1
S1015381	9	Port Input	15	98252	1589	1
S1015381	9	Port Input	14	98252	1589	1
S1015381	9	Port Input	15	98252	1589	1
S1015381	9	Port Input	14	98252	1590	1
S1015381	9	Port Input	15	98253	1590	1
S1015381	9	Port Input	14	98253	1590	1
S1015381	9	Port Input	15	98253	1590	1
S1015381	9	Port Input	14	108744	12081	1
S1015381	9	Response	22	108744	12081	1
S1015381	9	Port Input	15	108744	12081	1
S1015381	9	Port Input	14	108744	12082	1
S1015381	10	Picture	20	108815	0	1	11736	1	0	next	hit	178
S1015381	10	Port Input	15	110409	1594	1
S1015381	10	Port Input	14	110409	1594	1
S1015381	10	Port Input	15	110409	1594	1
S1015381	10	Port Input	14	110409	1594	1
S1015381	10	Port Input	15	110409	1594	1
S1015381	10	Port Input	14	110409	1594	1
S1015381	10	Port Input	15	110409	1594	1
S1015381	10	Port Input	14	110409	1594	1
S1015381	10	Port Input	15	110410	1595	1
S1015381	10	Port Input	14	110410	1595	1
S1015381	10	Port Input	15	110410	1595	1
S1015381	10	Port Input	14	110410	1595	1
S1015381	10	Port Input	15	110410	1595	1
S1015381	10	Port Input	14	110410	1595	1
S1015381	10	Port Input	15	110410	1595	1
S1015381	10	Port Input	14	120511	11696	1
S1015381	10	Response	22	120511	11696	1
S1015381	10	Port Input	15	120511	11696	1
S1015381	10	Port Input	14	120511	11696	1
S1015381	11	Picture	20	120551	0	1	11388	1	0	next	hit	190
S1015381	11	Port Input	15	122153	1602	1
S1015381	11	Port Input	14	122153	1602	1
S1015381	11	Port Input	15	122153	1602	1
S1015381	11	Port Input	14	122153	1602	1
S1015381	11	Port Input	15	122153	1602	1
S1015381	11	Port Input	14	122153	1603	1
S1015381	11	Port Input	15	122153	1603	1
S1015381	11	Port Input	14	131873	11322	1
S1015381	11	Response	22	131873	11322	1
S1015381	11	Port Input	15	131873	11322	1
S1015381	11	Port Input	14	131874	11323	7
S1015381	11	Port Input	15	131881	11330	1
S1015381	11	Port Input	14	131881	11330	1
S1015381	12	Picture	20	131939	0	1	12013	1	0	next	hit	224
S1015381	12	Port Input	15	133450	1511	1
S1015381	12	Port Input	14	133450	1511	1
S1015381	12	Port Input	15	133452	1513	1
S1015381	12	Port Input	14	133452	1513	1
S1015381	12	Port Input	15	133452	1513	1
S1015381	12	Port Input	14	133452	1513	1
S1015381	12	Port Input	15	133452	1513	1
S1015381	12	Port Input	14	133452	1513	1
S1015381	12	Port Input	15	133452	1513	1
S1015381	12	Port Input	14	133452	1513	1
S1015381	12	Port Input	15	133452	1513	1
S1015381	12	Port Input	14	133452	1513	1
S1015381	12	Port Input	15	133452	1513	1
S1015381	12	Port Input	14	133453	1513	1
S1015381	12	Port Input	15	133453	1514	1
S1015381	12	Port Input	14	133453	1514	1
S1015381	12	Port Input	15	133453	1514	1
S1015381	12	Port Input	14	133453	1514	1
S1015381	12	Port Input	15	133453	1514	1
S1015381	12	Port Input	14	133453	1514	1
S1015381	12	Port Input	15	133453	1514	1
S1015381	12	Port Input	14	133454	1515	1
S1015381	12	Port Input	15	133454	1515	1
S1015381	12	Port Input	14	133455	1516	1
S1015381	12	Port Input	15	133455	1516	1
S1015381	12	Port Input	14	133455	1516	1
S1015381	12	Port Input	15	133455	1516	1
S1015381	12	Port Input	14	143928	11989	1
S1015381	12	Response	22	143928	11989	1
S1015381	12	Port Input	15	143936	11997	1
S1015381	12	Port Input	14	143936	11997	1
S1015381	13	Picture	20	143953	0	1	12708	1	0	next	hit	284
S1015381	13	Port Input	15	145697	1745	1
S1015381	13	Port Input	14	145697	1745	1
S1015381	13	Port Input	15	145698	1745	1
S1015381	13	Port Input	14	145698	1745	1
S1015381	13	Port Input	15	145699	1746	1
S1015381	13	Port Input	14	145699	1746	1
S1015381	13	Port Input	15	145699	1746	1
S1015381	13	Port Input	14	145699	1746	1
S1015381	13	Port Input	15	145699	1747	1
S1015381	13	Port Input	14	145699	1747	1
S1015381	13	Port Input	15	145700	1747	1
S1015381	13	Port Input	14	145700	1747	1
S1015381	13	Port Input	15	145700	1748	1
S1015381	13	Port Input	14	145700	1748	1
S1015381	13	Port Input	15	145700	1748	1
S1015381	13	Port Input	14	145700	1748	1
S1015381	13	Port Input	15	145701	1748	1
S1015381	13	Port Input	14	145701	1748	1
S1015381	13	Port Input	15	145701	1749	1
S1015381	13	Port Input	14	145701	1749	1
S1015381	13	Port Input	15	145702	1750	1
S1015381	13	Port Input	14	145702	1750	1
S1015381	13	Port Input	15	145703	1750	1
S1015381	13	Port Input	14	145703	1750	1
S1015381	13	Port Input	15	145704	1751	1
S1015381	13	Port Input	14	145704	1751	1
S1015381	13	Port Input	15	145704	1752	1
S1015381	13	Port Input	14	145704	1752	1
S1015381	13	Port Input	15	145704	1752	1
S1015381	13	Port Input	14	145704	1752	1
S1015381	13	Port Input	15	145705	1752	1
S1015381	13	Port Input	14	145705	1752	1
S1015381	13	Port Input	15	145705	1752	1
S1015381	13	Port Input	14	145705	1752	1
S1015381	13	Port Input	15	145705	1752	1
S1015381	13	Port Input	14	145705	1752	1
S1015381	13	Port Input	15	145705	1753	1
S1015381	13	Port Input	14	145705	1753	1
S1015381	13	Port Input	15	145705	1753	1
S1015381	13	Port Input	14	145705	1753	1
S1015381	13	Port Input	15	145705	1753	1
S1015381	13	Port Input	14	145706	1753	1
S1015381	13	Port Input	15	145706	1753	1
S1015381	13	Port Input	14	145706	1753	1
S1015381	13	Port Input	15	145706	1753	1
S1015381	13	Port Input	14	145706	1754	1
S1015381	13	Port Input	15	145706	1754	1
S1015381	13	Port Input	14	145706	1754	1
S1015381	13	Port Input	15	145706	1754	1
S1015381	13	Port Input	14	145706	1754	1
S1015381	13	Port Input	15	145706	1754	1
S1015381	13	Port Input	14	145707	1754	1
S1015381	13	Port Input	15	145707	1754	1
S1015381	13	Port Input	14	145707	1755	1
S1015381	13	Port Input	15	145707	1755	1
S1015381	13	Port Input	14	156605	12652	1
S1015381	13	Response	22	156605	12652	1
S1015381	13	Port Input	15	156611	12658	1
S1015381	13	Port Input	14	156611	12659	1
S1015381	13	Port Input	15	156611	12659	1
S1015381	13	Port Input	14	156612	12659	1
S1015381	14	Picture	20	156660	0	1	12361	1	0	next	hit	322
S1015381	14	Port Input	15	158357	1697	1
S1015381	14	Port Input	14	158357	1697	1
S1015381	14	Port Input	15	158358	1697	1
S1015381	14	Port Input	14	158358	1697	1
S1015381	14	Port Input	15	158358	1698	1
S1015381	14	Port Input	14	158358	1698	1
S1015381	14	Port Input	15	158358	1698	1
S1015381	14	Port Input	14	158358	1698	1
S1015381	14	Port Input	15	158359	1698	1
S1015381	14	Port Input	14	158359	1698	1
S1015381	14	Port Input	15	158359	1698	1
S1015381	14	Port Input	14	158359	1699	1
S1015381	14	Port Input	15	158359	1699	1
S1015381	14	Port Input	14	158359	1699	1
S1015381	14	Port Input	15	158359	1699	1
S1015381	14	Port Input	14	158359	1699	1
S1015381	14	Port Input	15	158359	1699	1
S1015381	14	Port Input	14	158360	1699	1
S1015381	14	Port Input	15	158360	1699	1
S1015381	14	Port Input	14	158360	1699	1
S1015381	14	Port Input	15	158360	1700	1
S1015381	14	Port Input	14	158360	1700	1
S1015381	14	Port Input	15	158360	1700	1
S1015381	14	Port Input	14	158361	1700	1
S1015381	14	Port Input	15	158361	1700	1
S1015381	14	Port Input	14	158361	1700	1
S1015381	14	Port Input	15	158361	1701	1
S1015381	14	Port Input	14	158361	1701	1
S1015381	14	Port Input	15	158361	1701	1
S1015381	14	Port Input	14	158361	1701	1
S1015381	14	Port Input	15	158361	1701	1
S1015381	14	Port Input	14	168986	12325	1
S1015381	14	Response	22	168986	12325	1
S1015381	14	Port Input	15	168986	12325	1
S1015381	14	Port Input	14	168986	12326	1
S1015381	14	Port Input	15	168990	12329	1
S1015381	14	Port Input	14	168991	12330	1
S1015381	14	Port Input	15	168991	12331	1
S1015381	14	Port Input	14	168991	12331	1
S1015381	14	Port Input	15	168991	12331	1
S1015381	14	Port Input	14	168991	12331	1
S1015381	14	Port Input	15	168992	12331	1
S1015381	14	Port Input	14	168992	12332	1
S1015381	14	Port Input	15	168992	12332	1
S1015381	14	Port Input	14	168992	12332	1
S1015381	14	Port Input	15	168992	12332	1
S1015381	14	Port Input	14	168993	12332	1
S1015381	14	Port Input	15	168994	12333	1
S1015381	14	Port Input	14	168994	12333	1
S1015381	14	Port Input	15	168994	12334	1
S1015381	14	Port Input	14	168994	12334	1
S1015381	14	Port Input	15	168995	12334	1
S1015381	14	Port Input	14	168995	12334	1
S1015381	14	Port Input	15	168996	12335	1
S1015381	14	Port Input	14	168996	12335	1
S1015381	14	Port Input	15	168997	12337	1
S1015381	14	Port Input	14	168997	12337	1
S1015381	14	Port Input	15	168997	12337	1
S1015381	14	Port Input	14	168998	12337	1
S1015381	15	Picture	20	169021	0	1	12638	1	0	next	hit	356
S1015381	15	Port Input	15	170434	1413	1
S1015381	15	Port Input	14	170434	1413	1
S1015381	15	Port Input	15	170434	1413	1
S1015381	15	Port Input	14	170434	1413	1
S1015381	15	Port Input	15	170434	1414	1
S1015381	15	Port Input	14	181613	12592	1
S1015381	15	Response	22	181613	12592	1
S1015381	15	Port Input	15	181613	12592	1
S1015381	15	Port Input	14	181614	12593	1
S1015381	16	Picture	20	181659	0	1	11180	1	0	next	hit	380
S1015381	16	Port Input	15	183230	1571	1
S1015381	16	Port Input	14	183230	1571	1
S1015381	16	Port Input	15	183232	1572	1
S1015381	16	Port Input	14	183232	1572	1
S1015381	16	Port Input	15	183232	1572	1
S1015381	16	Port Input	14	183232	1572	1
S1015381	16	Port Input	15	183232	1573	1
S1015381	16	Port Input	14	183232	1573	1
S1015381	16	Port Input	15	183232	1573	1
S1015381	16	Port Input	14	183232	1573	1
S1015381	16	Port Input	15	183232	1573	1
S1015381	16	Port Input	14	183232	1573	1
S1015381	16	Port Input	15	183232	1573	1
S1015381	16	Port Input	14	183233	1573	1
S1015381	16	Port Input	15	183233	1573	1
S1015381	16	Port Input	14	183233	1573	1
S1015381	16	Port Input	15	183233	1574	1
S1015381	16	Port Input	14	183233	1574	1
S1015381	16	Port Input	15	183233	1574	1
S1015381	16	Port Input	14	192785	11126	1
S1015381	16	Response	22	192785	11126	1
S1015381	16	Port Input	15	192785	11126	1
S1015381	16	Port Input	14	192785	11126	1
S1015381	16	Port Input	15	192785	11126	1
S1015381	16	Port Input	14	192785	11126	1
S1015381	17	Picture	20	192839	0	1	12569	1	0	next	hit	390
S1015381	17	Port Input	15	194450	1611	1
S1015381	17	Port Input	14	194450	1611	1
S1015381	17	Port Input	15	194452	1613	1
S1015381	17	Port Input	14	205391	12552	1
S1015381	17	Response	22	205391	12552	1
S1015381	17	Port Input	15	205391	12552	1
S1015381	17	Port Input	14	205392	12552	1
S1015381	18	Picture	20	205408	0	1	11875	1	0	next	hit	416
S1015381	18	Port Input	15	207124	1715	1
S1015381	18	Port Input	14	207124	1715	1
S1015381	18	Port Input	15	207124	1716	1
S1015381	18	Port Input	14	207124	1716	1
S1015381	18	Port Input	15	207124	1716	1
S1015381	18	Port Input	14	207124	1716	1
S1015381	18	Port Input	15	207125	1716	1
S1015381	18	Port Input	14	207125	1716	1
S1015381	18	Port Input	15	207125	1716	1
S1015381	18	Port Input	14	207125	1716	1
S1015381	18	Port Input	15	207125	1717	1
S1015381	18	Port Input	14	207125	1717	1
S1015381	18	Port Input	15	207125	1717	1
S1015381	18	Port Input	14	207125	1717	1
S1015381	18	Port Input	15	207125	1717	1
S1015381	18	Port Input	14	207125	1717	1
S1015381	18	Port Input	15	207126	1717	1
S1015381	18	Port Input	14	207126	1717	1
S1015381	18	Port Input	15	207126	1718	1
S1015381	18	Port Input	14	207126	1718	1
S1015381	18	Port Input	15	207128	1719	1
S1015381	18	Port Input	14	217233	11825	1
S1015381	18	Response	22	217233	11825	1
S1015381	19	Picture	20	217283	0	1	12638	1	0	next	hit	440
S1015381	19	Port Input	15	218980	1697	1
S1015381	19	Port Input	14	218980	1697	1
S1015381	19	Port Input	15	218981	1698	1
S1015381	19	Port Input	14	218981	1698	1
S1015381	19	Port Input	15	218981	1698	1
S1015381	19	Port Input	14	218981	1698	1
S1015381	19	Port Input	15	218981	1698	1
S1015381	19	Port Input	14	218981	1698	1
S1015381	19	Port Input	15	218981	1698	1
S1015381	19	Port Input	14	218981	1698	1
S1015381	19	Port Input	15	218981	1698	1
S1015381	19	Port Input	14	218981	1698	1
S1015381	19	Port Input	15	218981	1699	1
S1015381	19	Port Input	14	218981	1699	1
S1015381	19	Port Input	15	218982	1699	1
S1015381	19	Port Input	14	218982	1699	1
S1015381	19	Port Input	15	218982	1699	1
S1015381	19	Port Input	14	218982	1699	1
S1015381	19	Port Input	15	218982	1699	1
S1015381	19	Port Input	14	218982	1699	1
S1015381	19	Port Input	15	218982	1699	1
S1015381	19	Port Input	14	229911	12628	1
S1015381	19	Response	22	229911	12628	1
S1015381	19	Port Input	15	229912	12629	1
S1015381	19	Port Input	14	229912	12629	1
S1015381	19	Port Input	15	229916	12633	1
S1015381	19	Port Input	14	229916	12633	1
S1015381	19	Port Input	15	229917	12634	1
S1015381	19	Port Input	14	229917	12634	1
S1015381	20	Picture	20	229921	0	1	13402	1	0	next	hit	466
S1015381	20	Port Input	15	231543	1621	1
S1015381	20	Port Input	14	231543	1621	1
S1015381	20	Port Input	15	231543	1622	1
S1015381	20	Port Input	14	231543	1622	1
S1015381	20	Port Input	15	231543	1622	1
S1015381	20	Port Input	14	231543	1622	1
S1015381	20	Port Input	15	231544	1622	1
S1015381	20	Port Input	14	231544	1622	1
S1015381	20	Port Input	15	231544	1622	1
S1015381	20	Port Input	14	231544	1622	1
S1015381	20	Port Input	15	231545	1623	1
S1015381	20	Port Input	14	231545	1623	1
S1015381	20	Port Input	15	231545	1624	1
S1015381	20	Port Input	14	231545	1624	1
S1015381	20	Port Input	15	231545	1624	1
S1015381	20	Port Input	14	231545	1624	1
S1015381	20	Port Input	15	231545	1624	1
S1015381	20	Port Input	14	243270	13349	1
S1015381	20	Response	22	243270	13349	1
S1015381	21	Picture	20	243324	0	1	12708	1	0	next	hit	486
S1015381	21	Port Input	15	244804	1480	1
S1015381	21	Port Input	14	244804	1480	1
S1015381	21	Port Input	15	244804	1480	1
S1015381	21	Port Input	14	244804	1480	1
S1015381	21	Port Input	15	244804	1481	1
S1015381	21	Port Input	14	244804	1481	1
S1015381	21	Port Input	15	244804	1481	1
S1015381	21	Port Input	14	244804	1481	1
S1015381	21	Port Input	15	244804	1481	1
S1015381	21	Port Input	14	244805	1481	1
S1015381	21	Port Input	15	244805	1481	1
S1015381	21	Port Input	14	244805	1481	1
S1015381	21	Port Input	15	244805	1481	1
S1015381	21	Port Input	14	244805	1481	1
S1015381	21	Port Input	15	244805	1481	1
S1015381	21	Port Input	14	244805	1481	1
S1015381	21	Port Input	15	244805	1482	1
S1015381	21	Port Input	14	255993	12669	1
S1015381	21	Response	22	255993	12669	1
S1015381	22	Picture	20	256031	0	1	11736	1	0	next	hit	496
S1015381	22	Port Input	15	257595	1564	1
S1015381	22	Port Input	14	257595	1564	1
S1015381	22	Port Input	15	257596	1564	1
S1015381	22	Port Input	14	257596	1565	1
S1015381	22	Port Input	15	257596	1565	1
S1015381	22	Port Input	14	257596	1565	1
S1015381	22	Port Input	15	257596	1565	1
S1015381	22	Port Input	14	267754	11722	1
S1015381	22	Response	22	267754	11722	1
S1015381	22	Port Input	15	267754	11723	1
S1015381	22	Port Input	14	267755	11724	5
S1015381	23	Picture	20	267767	0	1	13541	1	0	next	hit	508
S1015381	23	Port Input	15	269344	1577	1
S1015381	23	Port Input	14	269344	1577	1
S1015381	23	Port Input	15	269345	1578	1
S1015381	23	Port Input	14	269345	1578	1
S1015381	23	Port Input	15	269345	1578	1
S1015381	23	Port Input	14	269345	1578	1
S1015381	23	Port Input	15	269345	1578	1
S1015381	23	Port Input	14	281287	13520	1
S1015381	23	Response	22	281287	13520	1
S1015381	23	Port Input	15	281287	13520	1
S1015381	23	Port Input	14	281287	13520	1
S1015381	24	Picture	20	281308	0	1	10138	1	0	next	hit	524
S1015381	24	Port Input	15	282776	1468	1
S1015381	24	Port Input	14	282776	1468	1
S1015381	24	Port Input	15	282776	1468	1
S1015381	24	Port Input	14	282776	1468	1
S1015381	24	Port Input	15	282776	1468	1
S1015381	24	Port Input	14	282776	1468	1
S1015381	24	Port Input	15	282776	1468	1
S1015381	24	Port Input	14	282777	1468	1
S1015381	24	Port Input	15	282777	1468	1
S1015381	24	Port Input	14	282778	1470	1
S1015381	24	Port Input	15	282778	1470	1
S1015381	24	Port Input	14	291410	10102	1
S1015381	24	Response	22	291410	10102	1
S1015381	25	Picture	20	291447	0	1	12013	1	0	next	hit	546
S1015381	25	Port Input	15	292616	1169	1
S1015381	25	Port Input	14	292616	1169	1
S1015381	25	Port Input	15	292618	1171	1
S1015381	25	Port Input	14	292618	1171	1
S1015381	25	Port Input	15	292618	1171	1
S1015381	25	Port Input	14	292618	1171	1
S1015381	25	Port Input	15	292618	1171	1
S1015381	25	Port Input	14	292618	1172	1
S1015381	25	Port Input	15	292618	1172	1
S1015381	25	Port Input	14	292618	1172	1
S1015381	25	Port Input	15	292619	1172	1
S1015381	25	Port Input	14	292619	1172	1
S1015381	25	Port Input	15	292619	1172	1
S1015381	25	Port Input	14	292619	1172	1
S1015381	25	Port Input	15	292619	1173	1
S1015381	25	Port Input	14	292619	1173	1
S1015381	25	Port Input	15	292619	1173	1
S1015381	25	Port Input	14	292619	1173	1
S1015381	25	Port Input	15	292620	1173	1
S1015381	25	Port Input	14	303411	11964	1
S1015381	25	Response	22	303411	11964	1
S1015381	26	Picture	20	303460	0	1	11805	1	0	next	hit	554
S1015381	26	Port Input	15	305128	1668	1
S1015381	26	Port Input	14	305129	1669	1
S1015381	26	Port Input	15	305129	1669	1
S1015381	26	Port Input	14	305129	1669	1
S1015381	26	Port Input	15	305130	1669	1
S1015381	26	Port Input	14	315203	11743	1
S1015381	26	Response	22	315203	11743	1
S1015381	26	Port Input	15	315203	11743	1
S1015381	26	Port Input	14	315203	11743	1
S1015381	27	Picture	20	315265	0	1	12222	1	0	next	hit	568
S1015381	27	Port Input	15	316718	1453	1
S1015381	27	Port Input	14	316718	1453	1
S1015381	27	Port Input	15	316718	1453	1
S1015381	27	Port Input	14	316718	1453	1
S1015381	27	Port Input	15	316719	1454	1
S1015381	27	Port Input	14	316719	1454	1
S1015381	27	Port Input	15	316720	1454	1
S1015381	27	Port Input	14	316720	1455	1
S1015381	27	Port Input	15	316720	1455	1
S1015381	27	Port Input	14	327479	12214	1
S1015381	27	Response	22	327479	12214	1
S1015381	27	Port Input	15	327479	12214	1
S1015381	27	Port Input	14	327479	12214	1
S1015381	27	Port Input	15	327480	12215	3
S1015381	27	Port Input	14	327484	12219	1
S1015381	27	Port Input	15	327484	12219	1
S1015381	27	Port Input	14	327484	12219	1
S1015381	27	Port Input	15	327485	12220	1
S1015381	27	Port Input	14	327485	12220	1
S1015381	28	Picture	20	327487	0	1	12013	1	0	next	hit	590
S1015381	28	Port Input	15	328945	1458	1
S1015381	28	Port Input	14	328945	1458	1
S1015381	28	Port Input	15	328946	1459	1
S1015381	28	Port Input	14	328946	1459	1
S1015381	28	Port Input	15	328947	1460	1
S1015381	28	Port Input	14	328947	1460	1
S1015381	28	Port Input	15	328947	1460	1
S1015381	28	Port Input	14	328947	1460	1
S1015381	28	Port Input	15	328947	1460	1
S1015381	28	Port Input	14	328947	1460	1
S1015381	28	Port Input	15	328948	1461	1
S1015381	28	Port Input	14	339439	11952	1
S1015381	28	Response	22	339439	11952	1
S1015381	28	Port Input	15	339439	11952	1
S1015381	28	Port Input	14	339439	11952	2
S1015381	29	Picture	20	339500	0	1	12847	1	0	next	hit	604
S1015381	29	Port Input	15	341338	1838	1
S1015381	29	Port Input	14	341338	1838	1
S1015381	29	Port Input	15	341338	1838	1
S1015381	29	Port Input	14	341338	1838	1
S1015381	29	Port Input	15	341338	1838	1
S1015381	29	Port Input	14	341338	1838	1
S1015381	29	Port Input	15	341338	1838	1
S1015381	29	Port Input	14	341339	1838	1
S1015381	29	Port Input	15	341339	1839	1
S1015381	29	Port Input	14	352312	12812	1
S1015381	29	Response	22	352312	12812	1
S1015381	29	Port Input	15	352312	12812	1
S1015381	29	Port Input	14	352313	12812	1
S1015381	30	Picture	20	352347	0	1	12222	1	0	next	hit	614
S1015381	30	Port Input	15	353980	1633	1
S1015381	30	Port Input	14	353980	1633	1
S1015381	30	Port Input	15	353980	1633	1
S1015381	30	Port Input	14	353980	1633	1
S1015381	30	Port Input	15	353980	1633	1
S1015381	30	Port Input	14	364545	12198	1
S1015381	30	Response	22	364545	12198	1
S1015381	30	Port Input	15	364545	12198	1
S1015381	30	Port Input	14	364545	12198	1
S1015381	31	Picture	20	364569	0	1	12430	1	0	next	hit	636
S1015381	31	Port Input	15	366095	1526	1
S1015381	31	Port Input	14	366095	1526	1
S1015381	31	Port Input	15	366095	1526	1
S1015381	31	Port Input	14	366095	1527	1
S1015381	31	Port Input	15	366095	1527	1
S1015381	31	Port Input	14	366095	1527	1
S1015381	31	Port Input	15	366096	1527	1
S1015381	31	Port Input	14	366096	1527	1
S1015381	31	Port Input	15	366096	1527	1
S1015381	31	Port Input	14	366096	1527	1
S1015381	31	Port Input	15	366096	1527	1
S1015381	31	Port Input	14	366096	1527	1
S1015381	31	Port Input	15	366096	1528	1
S1015381	31	Port Input	14	366096	1528	1
S1015381	31	Port Input	15	366097	1528	1
S1015381	31	Port Input	14	366097	1528	1
S1015381	31	Port Input	15	366097	1528	1
S1015381	31	Port Input	14	376925	12356	1
S1015381	31	Response	22	376925	12356	1
S1015381	32	Picture	20	376999	0	1	11805	1	0	next	hit	656
S1015381	32	Port Input	15	378680	1682	1
S1015381	32	Port Input	14	378680	1682	1
S1015381	32	Port Input	15	378681	1682	1
S1015381	32	Port Input	14	378681	1682	1
S1015381	32	Port Input	15	378681	1683	1
S1015381	32	Port Input	14	378681	1683	1
S1015381	32	Port Input	15	378682	1683	1
S1015381	32	Port Input	14	378682	1683	1
S1015381	32	Port Input	15	378682	1683	1
S1015381	32	Port Input	14	378682	1683	1
S1015381	32	Port Input	15	378682	1683	1
S1015381	32	Port Input	14	378682	1683	1
S1015381	32	Port Input	15	378682	1683	1
S1015381	32	Port Input	14	378682	1684	1
S1015381	32	Port Input	15	378682	1684	1
S1015381	32	Port Input	14	378683	1684	1
S1015381	32	Port Input	15	378683	1684	1
S1015381	32	Port Input	14	388758	11759	1
S1015381	32	Response	22	388758	11759	1
S1015381	33	Picture	20	388804	0	1	12013	1	0	next	hit	692
S1015381	33	Port Input	15	390363	1559	1
S1015381	33	Port Input	14	390363	1559	1
S1015381	33	Port Input	15	390363	1559	1
S1015381	33	Port Input	14	390363	1559	1
S1015381	33	Port Input	15	390363	1559	1
S1015381	33	Port Input	14	390363	1559	1
S1015381	33	Port Input	15	390363	1559	1
S1015381	33	Port Input	14	390363	1559	1
S1015381	33	Port Input	15	390364	1560	1
S1015381	33	Port Input	14	390364	1560	1
S1015381	33	Port Input	15	390364	1560	1
S1015381	33	Port Input	14	390364	1560	1
S1015381	33	Port Input	15	390364	1560	1
S1015381	33	Port Input	14	390364	1560	1
S1015381	33	Port Input	15	390364	1560	1
S1015381	33	Port Input	14	390364	1560	1
S1015381	33	Port Input	15	390364	1560	1
S1015381	33	Port Input	14	390364	1560	1
S1015381	33	Port Input	15	390364	1560	1
S1015381	33	Port Input	14	390364	1560	1
S1015381	33	Port Input	15	390364	1560	1
S1015381	33	Port Input	14	390364	1560	1
S1015381	33	Port Input	15	390364	1560	1
S1015381	33	Port Input	14	390364	1561	1
S1015381	33	Port Input	15	390365	1561	1
S1015381	33	Port Input	14	390365	1561	1
S1015381	33	Port Input	15	390365	1561	1
S1015381	33	Port Input	14	390365	1561	1
S1015381	33	Port Input	15	390365	1561	1
S1015381	33	Port Input	14	390365	1561	1
S1015381	33	Port Input	15	390365	1561	1
S1015381	33	Port Input	14	390365	1561	1
S1015381	33	Port Input	15	390365	1561	1
S1015381	33	Port Input	14	400800	11996	1
S1015381	33	Response	22	400800	11996	1
S1015381	34	Picture	20	400817	0	1	10902	1	0	next	hit	718
S1015381	34	Port Input	15	402483	1666	1
S1015381	34	Port Input	14	402483	1666	1
S1015381	34	Port Input	15	402483	1666	1
S1015381	34	Port Input	14	402483	1666	1
S1015381	34	Port Input	15	402483	1666	1
S1015381	34	Port Input	14	402483	1666	1
S1015381	34	Port Input	15	402484	1666	1
S1015381	34	Port Input	14	402484	1666	1
S1015381	34	Port Input	15	402484	1667	1
S1015381	34	Port Input	14	402484	1667	1
S1015381	34	Port Input	15	402484	1667	1
S1015381	34	Port Input	14	402484	1667	1
S1015381	34	Port Input	15	402485	1667	1
S1015381	34	Port Input	14	402485	1668	1
S1015381	34	Port Input	15	402485	1668	1
S1015381	34	Port Input	14	402485	1668	1
S1015381	34	Port Input	15	402485	1668	1
S1015381	34	Port Input	14	402486	1668	1
S1015381	34	Port Input	15	402486	1668	1
S1015381	34	Port Input	14	402486	1668	1
S1015381	34	Port Input	15	402486	1669	1
S1015381	34	Port Input	14	402486	1669	1
S1015381	34	Port Input	15	402486	1669	1
S1015381	34	Port Input	14	411680	10863	1
S1015381	34	Response	22	411680	10863	1
S1015381	35	Picture	20	411720	0	1	12638	1	0	next	hit	772
S1015381	35	Port Input	15	413623	1904	1
S1015381	35	Port Input	14	413623	1904	1
S1015381	35	Port Input	15	413624	1904	1
S1015381	35	Port Input	14	413624	1904	1
S1015381	35	Port Input	15	413624	1904	1
S1015381	35	Port Input	14	413624	1904	1
S1015381	35	Port Input	15	413625	1906	1
S1015381	35	Port Input	14	413625	1906	1
S1015381	35	Port Input	15	413626	1906	1
S1015381	35	Port Input	14	413626	1906	1
S1015381	35	Port Input	15	413626	1906	1
S1015381	35	Port Input	14	413626	1906	1
S1015381	35	Port Input	15	413626	1906	1
S1015381	35	Port Input	14	413626	1906	1
S1015381	35	Port Input	15	413626	1907	1
S1015381	35	Port Input	14	413626	1907	1
S1015381	35	Port Input	15	413627	1907	1
S1015381	35	Port Input	14	413627	1907	1
S1015381	35	Port Input	15	413627	1907	1
S1015381	35	Port Input	14	413627	1907	1
S1015381	35	Port Input	15	413627	1907	1
S1015381	35	Port Input	14	413627	1907	1
S1015381	35	Port Input	15	413627	1908	1
S1015381	35	Port Input	14	413627	1908	1
S1015381	35	Port Input	15	413627	1908	1
S1015381	35	Port Input	14	413628	1908	1
S1015381	35	Port Input	15	413628	1908	1
S1015381	35	Port Input	14	413628	1908	1
S1015381	35	Port Input	15	413628	1909	1
S1015381	35	Port Input	14	413628	1909	1
S1015381	35	Port Input	15	413629	1909	1
S1015381	35	Port Input	14	413629	1909	1
S1015381	35	Port Input	15	413629	1909	1
S1015381	35	Port Input	14	413629	1909	1
S1015381	35	Port Input	15	413629	1909	1
S1015381	35	Port Input	14	413629	1909	1
S1015381	35	Port Input	15	413629	1910	1
S1015381	35	Port Input	14	413629	1910	1
S1015381	35	Port Input	15	413629	1910	1
S1015381	35	Port Input	14	413630	1910	1
S1015381	35	Port Input	15	413630	1910	1
S1015381	35	Port Input	14	413630	1910	1
S1015381	35	Port Input	15	413630	1911	1
S1015381	35	Port Input	14	413631	1911	1
S1015381	35	Port Input	15	413631	1911	1
S1015381	35	Port Input	14	413631	1911	1
S1015381	35	Port Input	15	413631	1911	1
S1015381	35	Port Input	14	413631	1911	1
S1015381	35	Port Input	15	413631	1911	1
S1015381	35	Port Input	14	413631	1912	1
S1015381	35	Port Input	15	413632	1912	1
S1015381	35	Port Input	14	424302	12582	1
S1015381	35	Response	22	424302	12582	1
S1015381	36	Picture	20	424358	0	1	13263	1	0	next	hit	784
S1015381	36	Port Input	15	426159	1801	1
S1015381	36	Port Input	14	426159	1801	1
S1015381	36	Port Input	15	426159	1801	1
S1015381	36	Port Input	14	426159	1801	1
S1015381	36	Port Input	15	426160	1802	1
S1015381	36	Port Input	14	426160	1802	1
S1015381	36	Port Input	15	426160	1802	1
S1015381	36	Port Input	14	426160	1802	1
S1015381	36	Port Input	15	426161	1803	1
S1015381	36	Port Input	14	437604	13246	1
S1015381	36	Response	22	437604	13246	1
S1015381	37	Picture	20	437621	0	1	14027	1	0	next	hit	804
S1015381	37	Port Input	15	439213	1591	1
S1015381	37	Port Input	14	439213	1591	1
S1015381	37	Port Input	15	439214	1593	1
S1015381	37	Port Input	14	439214	1593	1
S1015381	37	Port Input	15	439215	1593	1
S1015381	37	Port Input	14	439215	1593	1
S1015381	37	Port Input	15	439215	1593	1
S1015381	37	Port Input	14	439215	1593	1
S1015381	37	Port Input	15	439215	1594	1
S1015381	37	Port Input	14	439215	1594	1
S1015381	37	Port Input	15	439215	1594	1
S1015381	37	Port Input	14	439216	1594	1
S1015381	37	Port Input	15	439216	1595	1
S1015381	37	Port Input	14	439216	1595	1
S1015381	37	Port Input	15	439216	1595	1
S1015381	37	Port Input	14	439216	1595	1
S1015381	37	Port Input	15	439217	1595	1
S1015381	37	Port Input	14	451614	13993	1
S1015381	37	Response	22	451614	13993	1
S1015381	37	Port Input	15	451614	13993	1
S1015381	37	Port Input	14	451615	13993	1
S1015381	38	Picture	20	451649	0	1	11944	1	0	next	hit	830
S1015381	38	Port Input	15	453081	1432	1
S1015381	38	Port Input	14	453081	1432	1
S1015381	38	Port Input	15	453082	1433	1
S1015381	38	Port Input	14	453082	1433	1
S1015381	38	Port Input	15	453082	1433	1
S1015381	38	Port Input	14	453082	1433	1
S1015381	38	Port Input	15	453082	1434	1
S1015381	38	Port Input	14	453082	1434	1
S1015381	38	Port Input	15	453082	1434	1
S1015381	38	Port Input	14	453082	1434	1
S1015381	38	Port Input	15	453082	1434	1
S1015381	38	Port Input	14	453083	1434	1
S1015381	38	Port Input	15	453083	1434	1
S1015381	38	Port Input	14	453083	1434	1
S1015381	38	Port Input	15	453083	1434	1
S1015381	38	Port Input	14	453083	1434	1
S1015381	38	Port Input	15	453083	1435	1
S1015381	38	Port Input	14	453083	1435	1
S1015381	38	Port Input	15	453083	1435	1
S1015381	38	Port Input	14	453083	1435	1
S1015381	38	Port Input	15	453084	1435	1
S1015381	38	Port Input	14	463549	11901	1
S1015381	38	Response	22	463549	11901	1
S1015381	38	Port Input	15	463556	11907	1
S1015381	38	Port Input	14	463556	11907	1
S1015381	38	Port Input	15	463557	11908	1
S1015381	38	Port Input	14	463557	11908	1
S1015381	39	Picture	20	463593	0	1	13888	1	0	next	hit	860
S1015381	39	Port Input	15	465215	1622	1
S1015381	39	Port Input	14	465215	1622	1
S1015381	39	Port Input	15	465215	1623	1
S1015381	39	Port Input	14	465215	1623	1
S1015381	39	Port Input	15	465216	1624	1
S1015381	39	Port Input	14	465216	1624	1
S1015381	39	Port Input	15	465217	1624	1
S1015381	39	Port Input	14	465217	1624	1
S1015381	39	Port Input	15	465219	1626	1
S1015381	39	Port Input	14	465219	1626	1
S1015381	39	Port Input	15	465219	1627	1
S1015381	39	Port Input	14	465219	1627	1
S1015381	39	Port Input	15	465219	1627	1
S1015381	39	Port Input	14	465220	1627	1
S1015381	39	Port Input	15	465220	1627	1
S1015381	39	Port Input	14	465220	1627	1
S1015381	39	Port Input	15	465220	1627	1
S1015381	39	Port Input	14	465220	1627	1
S1015381	39	Port Input	15	465220	1628	1
S1015381	39	Port Input	14	465220	1628	1
S1015381	39	Port Input	15	465221	1628	1
S1015381	39	Port Input	14	465221	1628	1
S1015381	39	Port Input	15	465221	1628	1
S1015381	39	Port Input	14	477416	13823	1
S1015381	39	Response	22	477416	13823	1
S1015381	39	Port Input	15	477427	13834	1
S1015381	39	Port Input	14	477427	13834	1
S1015381	40	Picture	20	477481	0	1	12430	1	0	next	hit	886
S1015381	40	Port Input	15	478872	1391	1
S1015381	40	Port Input	14	478872	1391	1
S1015381	40	Port Input	15	478872	1391	1
S1015381	40	Port Input	14	478872	1391	1
S1015381	40	Port Input	15	478873	1392	1
S1015381	40	Port Input	14	478873	1392	1
S1015381	40	Port Input	15	478874	1393	1
S1015381	40	Port Input	14	478874	1393	1
S1015381	40	Port Input	15	478874	1393	1
S1015381	40	Port Input	14	478874	1393	1
S1015381	40	Port Input	15	478875	1394	1
S1015381	40	Port Input	14	478875	1394	1
S1015381	40	Port Input	15	478875	1394	1
S1015381	40	Port Input	14	478875	1394	1
S1015381	40	Port Input	15	478875	1394	1
S1015381	40	Port Input	14	478875	1394	1
S1015381	40	Port Input	15	478876	1395	1
S1015381	40	Port Input	14	478876	1395	1
S1015381	40	Port Input	15	478876	1395	1
S1015381	40	Port Input	14	478876	1395	1
S1015381	40	Port Input	15	478876	1395	1
S1015381	40	Port Input	14	489840	12359	1
S1015381	40	Response	22	489840	12359	1
S1015381	40	Port Input	15	489856	12375	1
S1015381	40	Port Input	14	489856	12375	1
S1015381	41	Picture	20	489911	0	1	14444	1	0	next	hit	920
S1015381	41	Port Input	15	491424	1513	1
S1015381	41	Port Input	14	491424	1513	1
S1015381	41	Port Input	15	491424	1513	1
S1015381	41	Port Input	14	491424	1513	1
S1015381	41	Port Input	15	491429	1518	1
S1015381	41	Port Input	14	491429	1518	1
S1015381	41	Port Input	15	491429	1518	1
S1015381	41	Port Input	14	491429	1518	1
S1015381	41	Port Input	15	491430	1519	1
S1015381	41	Port Input	14	491430	1519	1
S1015381	41	Port Input	15	491430	1519	1
S1015381	41	Port Input	14	491430	1519	1
S1015381	41	Port Input	15	491430	1519	1
S1015381	41	Port Input	14	491430	1519	1
S1015381	41	Port Input	15	491431	1520	1
S1015381	41	Port Input	14	491431	1520	1
S1015381	41	Port Input	15	491431	1520	1
S1015381	41	Port Input	14	491431	1520	1
S1015381	41	Port Input	15	491431	1520	1
S1015381	41	Port Input	14	491431	1520	1
S1015381	41	Port Input	15	491431	1520	1
S1015381	41	Port Input	14	491431	1520	1
S1015381	41	Port Input	15	491431	1520	1
S1015381	41	Port Input	14	491432	1521	1
S1015381	41	Port Input	15	491432	1521	1
S1015381	41	Port Input	14	491432	1521	1
S1015381	41	Port Input	15	491432	1521	1
S1015381	41	Port Input	14	491432	1521	1
S1015381	41	Port Input	15	491433	1521	1
S1015381	41	Port Input	14	504327	14416	1
S1015381	41	Response	22	504327	14416	1
S1015381	41	Port Input	15	504327	14416	1
S1015381	41	Port Input	14	504327	14416	1
S1015381	41	Port Input	15	504333	14422	1
S1015381	41	Port Input	14	504333	14422	1
S1015381	41	Port Input	15	504334	14423	1
S1015381	41	Port Input	14	504334	14423	1
S1015381	41	Port Input	15	504336	14425	1
S1015381	41	Port Input	14	504336	14425	1
S1015381	41	Port Input	15	504340	14429	1
S1015381	41	Port Input	14	504340	14429	1
S1015381	41	Port Input	15	504340	14429	1
S1015381	41	Port Input	14	504341	14430	1
S1015381	41	Port Input	15	504341	14430	1
S1015381	41	Port Input	14	504341	14430	1
S1015381	41	Port Input	15	504341	14430	1
S1015381	41	Port Input	14	504341	14430	1
S1015381	41	Port Input	15	504341	14430	1
S1015381	41	Port Input	14	504342	14431	1
S1015381	41	Port Input	15	504342	14431	1
S1015381	41	Port Input	14	504342	14431	1
S1015381	41	Port Input	15	504345	14434	1
S1015381	41	Port Input	14	504345	14434	1
S1015381	42	Picture	20	504355	0	1	10902	1	0	next	hit	962
S1015381	42	Port Input	15	505411	1056	1
S1015381	42	Port Input	14	505411	1056	1
S1015381	42	Port Input	15	505411	1056	1
S1015381	42	Port Input	14	505411	1057	1
S1015381	42	Port Input	15	505412	1057	1
S1015381	42	Port Input	14	505412	1057	1
S1015381	42	Port Input	15	505412	1058	1
S1015381	42	Port Input	14	505412	1058	1
S1015381	42	Port Input	15	505413	1058	1
S1015381	42	Port Input	14	505413	1058	1
S1015381	42	Port Input	15	505413	1058	1
S1015381	42	Port Input	14	505413	1058	1
S1015381	42	Port Input	15	505414	1059	1
S1015381	42	Port Input	14	505414	1059	1
S1015381	42	Port Input	15	505414	1059	1
S1015381	42	Port Input	14	505414	1059	1
S1015381	42	Port Input	15	505414	1059	1
S1015381	42	Port Input	14	515239	10884	1
S1015381	42	Response	22	515239	10884	1
S1015381	42	Port Input	15	515239	10884	1
S1015381	42	Port Input	14	515240	10885	4
S1015381	43	Picture	20	515257	0	1	13055	1	0	next	hit	976
S1015381	43	Port Input	15	516612	1354	1
S1015381	43	Port Input	14	516612	1354	1
S1015381	43	Port Input	15	516612	1355	1
S1015381	43	Port Input	14	516612	1355	1
S1015381	43	Port Input	15	516612	1355	1
S1015381	43	Port Input	14	516612	1355	1
S1015381	43	Port Input	15	516612	1355	1
S1015381	43	Port Input	14	516613	1355	1
S1015381	43	Port Input	15	516613	1355	1
S1015381	43	Port Input	14	528303	13045	1
S1015381	43	Response	22	528303	13045	1
S1015381	44	Picture	20	528312	0	1	14097	1	0	next	hit	1000
S1015381	44	Port Input	15	529721	1408	1
S1015381	44	Port Input	14	529721	1408	1
S1015381	44	Port Input	15	529721	1409	1
S1015381	44	Port Input	14	529721	1409	1
S1015381	44	Port Input	15	529721	1409	1
S1015381	44	Port Input	14	529721	1409	1
S1015381	44	Port Input	15	529721	1409	1
S1015381	44	Port Input	14	529721	1409	1
S1015381	44	Port Input	15	529721	1409	1
S1015381	44	Port Input	14	529721	1409	1
S1015381	44	Port Input	15	529721	1409	1
S1015381	44	Port Input	14	529721	1409	1
S1015381	44	Port Input	15	529721	1409	1
S1015381	44	Port Input	14	529721	1409	1
S1015381	44	Port Input	15	529722	1409	1
S1015381	44	Port Input	14	529722	1409	1
S1015381	44	Port Input	15	529722	1410	1
S1015381	44	Port Input	14	529722	1410	1
S1015381	44	Port Input	15	529722	1410	1
S1015381	44	Port Input	14	529723	1411	1
S1015381	44	Port Input	15	529723	1411	1
S1015381	44	Port Input	14	542358	14045	1
S1015381	44	Response	22	542358	14045	1
S1015381	44	Port Input	15	542358	14045	1
S1015381	44	Port Input	14	542358	14046	1
S1015381	45	Picture	20	542409	0	1	12569	1	0	next	hit	1014
S1015381	45	Port Input	15	543800	1391	1
S1015381	45	Port Input	14	543800	1391	1
S1015381	45	Port Input	15	543800	1391	1
S1015381	45	Port Input	14	543800	1392	1
S1015381	45	Port Input	15	543801	1392	1
S1015381	45	Port Input	14	543801	1392	1
S1015381	45	Port Input	15	543801	1392	1
S1015381	45	Port Input	14	543801	1392	1
S1015381	45	Port Input	15	543801	1393	1
S1015381	45	Port Input	14	554953	12544	1
S1015381	45	Response	22	554953	12544	1
S1015381	46	Picture	20	554978	0	1	12222	1	0	next	hit	1044
S1015381	46	Port Input	15	556315	1337	1
S1015381	46	Port Input	14	556315	1337	1
S1015381	46	Port Input	15	556315	1338	1
S1015381	46	Port Input	14	556316	1338	1
S1015381	46	Port Input	15	556316	1338	1
S1015381	46	Port Input	14	556316	1338	1
S1015381	46	Port Input	15	556316	1339	1
S1015381	46	Port Input	14	556316	1339	1
S1015381	46	Port Input	15	556317	1339	1
S1015381	46	Port Input	14	556317	1339	1
S1015381	46	Port Input	15	556317	1339	1
S1015381	46	Port Input	14	556317	1339	1
S1015381	46	Port Input	15	556317	1339	1
S1015381	46	Port Input	14	556317	1339	1
S1015381	46	Port Input	15	556317	1339	1
S1015381	46	Port Input	14	556317	1339	1
S1015381	46	Port Input	15	556318	1340	1
S1015381	46	Port Input	14	556318	1340	1
S1015381	46	Port Input	15	556318	1340	1
S1015381	46	Port Input	14	556318	1340	1
S1015381	46	Port Input	15	556318	1340	1
S1015381	46	Port Input	14	556318	1340	1
S1015381	46	Port Input	15	556318	1340	1
S1015381	46	Port Input	14	556318	1341	1
S1015381	46	Port Input	15	556319	1341	1
S1015381	46	Port Input	14	556319	1341	1
S1015381	46	Port Input	15	556319	1341	1
S1015381	46	Port Input	14	567184	12206	1
S1015381	46	Response	22	567184	12206	1
S1015381	46	Port Input	15	567184	12206	1
S1015381	46	Port Input	14	567185	12207	1
S1015381	46	Port Input	15	567185	12207	1
S1015381	46	Port Input	14	567191	12213	1
S1015381	46	Port Input	15	567195	12217	1
S1015381	46	Port Input	14	567195	12217	1
S1015381	47	Picture	20	567200	0	1	13194	1	0	next	hit	1070
S1015381	47	Port Input	15	568303	1103	1
S1015381	47	Port Input	14	568303	1103	1
S1015381	47	Port Input	15	568303	1103	1
S1015381	47	Port Input	14	568303	1103	1
S1015381	47	Port Input	15	568304	1104	1
S1015381	47	Port Input	14	568304	1104	1
S1015381	47	Port Input	15	568304	1104	1
S1015381	47	Port Input	14	568304	1104	1
S1015381	47	Port Input	15	568304	1104	1
S1015381	47	Port Input	14	568304	1104	1
S1015381	47	Port Input	15	568304	1105	1
S1015381	47	Port Input	14	568304	1105	1
S1015381	47	Port Input	15	568305	1105	1
S1015381	47	Port Input	14	568305	1105	1
S1015381	47	Port Input	15	568305	1105	1
S1015381	47	Port Input	14	568305	1105	1
S1015381	47	Port Input	15	568305	1105	1
S1015381	47	Port Input	14	580366	13166	1
S1015381	47	Response	22	580366	13166	1
S1015381	47	Port Input	15	580366	13166	1
S1015381	47	Port Input	14	580372	13172	1
S1015381	47	Port Input	15	580372	13173	1
S1015381	47	Port Input	14	580372	13173	1
S1015381	47	Port Input	15	580373	13173	1
S1015381	47	Port Input	14	580373	13173	1
S1015381	47	Port Input	15	580373	13174	1
S1015381	47	Port Input	14	580373	13174	1
S1015381	47	Port Input	15	580373	13174	1
S1015381	47	Port Input	14	580373	13174	1
S1015381	47	Port Input	15	580374	13175	1
S1015381	47	Port Input	14	580375	13175	1
S1015381	47	Port Input	15	580375	13175	1
S1015381	47	Port Input	14	580375	13175	1
S1015381	47	Port Input	15	580376	13176	1
S1015381	47	Port Input	14	580376	13176	1
S1015381	47	Port Input	15	580376	13177	1
S1015381	47	Port Input	14	580377	13177	1
S1015381	47	Port Input	15	580377	13178	1
S1015381	47	Port Input	14	580377	13178	1
S1015381	47	Port Input	15	580378	13178	1
S1015381	47	Port Input	14	580378	13178	1
S1015381	47	Port Input	15	580379	13179	1
S1015381	47	Port Input	14	580379	13179	1
S1015381	47	Port Input	15	580379	13179	1
S1015381	47	Port Input	14	580379	13179	1
S1015381	47	Port Input	15	580380	13181	1
S1015381	47	Port Input	14	580380	13181	1
S1015381	48	Picture	20	580394	0	1	14999	1	0	next	hit	1138
S1015381	48	Port Input	15	581726	1332	1
S1015381	48	Port Input	14	581726	1332	1
S1015381	48	Port Input	15	581727	1334	1
S1015381	48	Port Input	14	581727	1334	1
S1015381	48	Port Input	15	581728	1334	1
S1015381	48	Port Input	14	581728	1334	1
S1015381	48	Port Input	15	581728	1334	1
S1015381	48	Port Input	14	581728	1334	1
S1015381	48	Port Input	15	581729	1335	1
S1015381	48	Port Input	14	581729	1335	1
S1015381	48	Port Input	15	581729	1336	1
S1015381	48	Port Input	14	581729	1336	1
S1015381	48	Port Input	15	581730	1336	1
S1015381	48	Port Input	14	581730	1336	1
S1015381	48	Port Input	15	581730	1336	1
S1015381	48	Port Input	14	581730	1337	1
S1015381	48	Port Input	15	581730	1337	1
S1015381	48	Port Input	14	581730	1337	1
S1015381	48	Port Input	15	581731	1337	1
S1015381	48	Port Input	14	581731	1337	1
S1015381	48	Port Input	15	581731	1337	1
S1015381	48	Port Input	14	581731	1337	1
S1015381	48	Port Input	15	581731	1337	1
S1015381	48	Port Input	14	581731	1337	1
S1015381	48	Port Input	15	581731	1337	1
S1015381	48	Port Input	14	581731	1337	1
S1015381	48	Port Input	15	581731	1338	1
S1015381	48	Port Input	14	581731	1338	1
S1015381	48	Port Input	15	581731	1338	1
S1015381	48	Port Input	14	581731	1338	1
S1015381	48	Port Input	15	581732	1338	1
S1015381	48	Port Input	14	581732	1339	1
S1015381	48	Port Input	15	581733	1339	1
S1015381	48	Port Input	14	581733	1339	1
S1015381	48	Port Input	15	581733	1340	1
S1015381	48	Port Input	14	581733	1340	1
S1015381	48	Port Input	15	581734	1340	1
S1015381	48	Port Input	14	595385	14992	1
S1015381	48	Response	22	595385	14992	1
S1015381	48	Port Input	15	595386	14992	1
S1015381	48	Port Input	14	595386	14992	1
S1015381	48	Port Input	15	595390	14997	1
S1015381	48	Port Input	14	595390	14997	1
S1015381	48	Port Input	15	595392	14998	1
S1015381	49	Picture	20	595393	0	1	15416	1	0	next	hit	1194
S1015381	49	Port Input	14	595394	1	1
S1015381	49	Port Input	15	595395	2	1
S1015381	49	Port Input	14	595395	2	1
S1015381	49	Port Input	15	595397	4	1
S1015381	49	Port Input	14	595397	4	1
S1015381	49	Port Input	15	595398	5	1
S1015381	49	Port Input	14	595398	5	1
S1015381	49	Port Input	15	595398	5	1
S1015381	49	Port Input	14	595399	6	1
S1015381	49	Port Input	15	595399	7	1
S1015381	49	Port Input	14	595400	7	1
S1015381	49	Port Input	15	595400	7	1
S1015381	49	Port Input	14	595400	7	1
S1015381	49	Port Input	15	595402	9	1
S1015381	49	Port Input	14	595402	9	1
S1015381	49	Port Input	15	595402	9	1
S1015381	49	Port Input	14	595402	9	1
S1015381	49	Port Input	15	595402	10	1
S1015381	49	Port Input	14	595403	10	1
S1015381	49	Port Input	15	595404	11	1
S1015381	49	Port Input	14	595404	11	1
S1015381	49	Port Input	15	595404	12	1
S1015381	49	Port Input	14	595404	12	1
S1015381	49	Port Input	15	595409	16	1
S1015381	49	Port Input	14	595409	16	1
S1015381	49	Port Input	15	596317	924	1
S1015381	49	Port Input	14	596317	924	1
S1015381	49	Port Input	15	596319	926	1
S1015381	49	Port Input	14	596319	926	1
S1015381	49	Port Input	15	596319	926	1
S1015381	49	Port Input	14	596319	926	1
S1015381	49	Port Input	15	596320	927	1
S1015381	49	Port Input	14	596320	927	1
S1015381	49	Port Input	15	596320	927	1
S1015381	49	Port Input	14	596320	927	1
S1015381	49	Port Input	15	596320	927	1
S1015381	49	Port Input	14	596320	927	1
S1015381	49	Port Input	15	596322	929	1
S1015381	49	Port Input	14	596322	929	1
S1015381	49	Port Input	15	596322	930	1
S1015381	49	Port Input	14	596323	930	1
S1015381	49	Port Input	15	596323	930	1
S1015381	49	Port Input	14	596323	930	1
S1015381	49	Port Input	15	596323	931	1
S1015381	49	Port Input	14	596324	931	1
S1015381	49	Port Input	15	596324	931	1
S1015381	49	Port Input	14	596324	931	1
S1015381	49	Port Input	15	596325	932	1
S1015381	49	Port Input	14	610753	15360	1
S1015381	49	Response	22	610753	15360	1
S1015381	49	Port Input	15	610754	15361	5
S1015381	49	Port Input	14	610758	15365	1
S1015381	49	Port Input	15	610759	15366	1
S1015381	49	Port Input	14	610759	15366	1
S1015381	49	Port Input	15	610759	15366	1
S1015381	49	Port Input	14	610759	15366	1
S1015381	49	Port Input	15	610759	15366	1
S1015381	49	Port Input	14	610759	15366	1
S1015381	49	Port Input	15	610760	15367	1
S1015381	49	Port Input	14	610760	15367	1
S1015381	49	Port Input	15	610760	15367	1
S1015381	49	Port Input	14	610760	15368	1
S1015381	50	Picture	20	610809	0	1	9305	1	0	next	hit	1226
S1015381	50	Port Input	15	611986	1177	1
S1015381	50	Port Input	14	611986	1177	1
S1015381	50	Port Input	15	611995	1186	1
S1015381	50	Port Input	14	611995	1186	1
S1015381	50	Port Input	15	611995	1186	1
S1015381	50	Port Input	14	611995	1186	1
S1015381	50	Port Input	15	611996	1187	1
S1015381	50	Port Input	14	611996	1187	1
S1015381	50	Port Input	15	611996	1187	1
S1015381	50	Port Input	14	611996	1187	1
S1015381	50	Port Input	15	611996	1187	1
S1015381	50	Port Input	14	611996	1187	1
S1015381	50	Port Input	15	611999	1190	1
S1015381	50	Port Input	14	611999	1190	1
S1015381	50	Port Input	15	611999	1190	1
S1015381	50	Port Input	14	611999	1190	1
S1015381	50	Port Input	15	611999	1190	1
S1015381	50	Port Input	14	620085	9276	1
S1015381	50	Response	22	620085	9276	1
S1015381	50	Port Input	15	620085	9277	1
S1015381	50	Port Input	14	620087	9278	4
S1015381	50	Port Input	15	620090	9281	1
S1015381	50	Port Input	14	620090	9281	1
S1015381	51	Picture	20	620114	0	1	11666	1	0	next	hit	1256
S1015381	51	Port Input	15	621625	1511	1
S1015381	51	Port Input	14	621625	1511	1
S1015381	51	Port Input	15	621626	1512	1
S1015381	51	Port Input	14	621626	1512	1
S1015381	51	Port Input	15	621627	1513	1
S1015381	51	Port Input	14	621627	1513	1
S1015381	51	Port Input	15	621628	1513	1
S1015381	51	Port Input	14	621628	1513	1
S1015381	51	Port Input	15	621628	1514	1
S1015381	51	Port Input	14	621628	1514	1
S1015381	51	Port Input	15	621629	1515	1
S1015381	51	Port Input	14	621629	1515	1
S1015381	51	Port Input	15	621629	1515	1
S1015381	51	Port Input	14	621629	1515	1
S1015381	51	Port Input	15	621630	1516	1
S1015381	51	Port Input	14	621630	1516	1
S1015381	51	Port Input	15	621630	1516	1
S1015381	51	Port Input	14	621630	1516	1
S1015381	51	Port Input	15	621630	1516	1
S1015381	51	Port Input	14	621631	1516	1
S1015381	51	Port Input	15	621631	1517	1
S1015381	51	Port Input	14	621631	1517	1
S1015381	51	Port Input	15	621631	1517	1
S1015381	51	Port Input	14	631724	11610	1
S1015381	51	Response	22	631724	11610	1
S1015381	51	Port Input	15	631724	11610	1
S1015381	51	Port Input	14	631724	11610	1
S1015381	51	Port Input	15	631725	11611	6
S1015381	51	Port Input	14	631730	11616	1
S1015381	51	Port Input	15	631731	11617	1
S1015381	51	Port Input	14	631731	11617	1
S1015381	51	Port Input	15	631731	11617	1
S1015381	51	Port Input	14	631731	11617	1
S1015381	51	Port Input	15	631732	11618	1
S1015381	51	Port Input	14	631732	11618	1
S1015381	51	Port Input	15	631733	11619	1
S1015381	51	Port Input	14	631733	11619	1
S1015381	51	Port Input	15	631734	11619	1
S1015381	51	Port Input	14	631734	11620	1
S1015381	51	Port Input	15	631734	11620	1
S1015381	51	Port Input	14	631734	11620	1
S1015381	52	Picture	20	631780	0	1	14652	1	0	next	hit	1308
S1015381	52	Port Input	15	633142	1362	1
S1015381	52	Port Input	14	633142	1362	1
S1015381	52	Port Input	15	633143	1362	1
S1015381	52	Port Input	14	633143	1362	1
S1015381	52	Port Input	15	633143	1363	1
S1015381	52	Port Input	14	633143	1363	1
S1015381	52	Port Input	15	633144	1364	1
S1015381	52	Port Input	14	633144	1364	1
S1015381	52	Port Input	15	633144	1364	1
S1015381	52	Port Input	14	633144	1364	1
S1015381	52	Port Input	15	633145	1364	1
S1015381	52	Port Input	14	633145	1364	1
S1015381	52	Port Input	15	633145	1365	1
S1015381	52	Port Input	14	633145	1365	1
S1015381	52	Port Input	15	633146	1365	1
S1015381	52	Port Input	14	633146	1366	1
S1015381	52	Port Input	15	633147	1367	1
S1015381	52	Port Input	14	633147	1367	1
S1015381	52	Port Input	15	633147	1367	1
S1015381	52	Port Input	14	633147	1367	1
S1015381	52	Port Input	15	633147	1367	1
S1015381	52	Port Input	14	633147	1367	1
S1015381	52	Port Input	15	633147	1367	1
S1015381	52	Port Input	14	633148	1367	1
S1015381	52	Port Input	15	633148	1367	1
S1015381	52	Port Input	14	633148	1368	1
S1015381	52	Port Input	15	633148	1368	1
S1015381	52	Port Input	14	633148	1368	1
S1015381	52	Port Input	15	633149	1368	1
S1015381	52	Port Input	14	633149	1368	1
S1015381	52	Port Input	15	633149	1369	1
S1015381	52	Port Input	14	633149	1369	1
S1015381	52	Port Input	15	633149	1369	1
S1015381	52	Port Input	14	646363	14583	1
S1015381	52	Response	22	646363	14583	1
S1015381	52	Port Input	15	646363	14583	1
S1015381	52	Port Input	14	646363	14583	1
S1015381	53	Picture	20	646433	0	1	12222	1	0	next	hit	1332
S1015381	53	Port Input	15	647922	1489	1
S1015381	53	Port Input	14	647922	1489	1
S1015381	53	Port Input	15	647922	1489	1
S1015381	53	Port Input	14	647922	1489	1
S1015381	53	Port Input	15	647922	1490	1
S1015381	53	Port Input	14	647922	1490	1
S1015381	53	Port Input	15	647922	1490	1
S1015381	53	Port Input	14	647922	1490	1
S1015381	53	Port Input	15	647922	1490	1
S1015381	53	Port Input	14	647922	1490	1
S1015381	53	Port Input	15	647923	1490	1
S1015381	53	Port Input	14	647923	1490	1
S1015381	53	Port Input	15	647923	1490	1
S1015381	53	Port Input	14	647923	1490	1
S1015381	53	Port Input	15	647923	1490	1
S1015381	53	Port Input	14	647923	1490	1
S1015381	53	Port Input	15	647923	1491	1
S1015381	53	Port Input	14	647923	1491	1
S1015381	53	Port Input	15	647925	1493	1
S1015381	53	Port Input	14	658639	12206	1
S1015381	53	Response	22	658639	12206	1
S1015381	54	Picture	20	658654	0	1	12361	1	0	next	hit	1348
S1015381	54	Port Input	15	660041	1387	1
S1015381	54	Port Input	14	660041	1387	1
S1015381	54	Port Input	15	660042	1388	1
S1015381	54	Port Input	14	660042	1388	1
S1015381	54	Port Input	15	660043	1388	1
S1015381	54	Port Input	14	660043	1388	1
S1015381	54	Port Input	15	660043	1388	1
S1015381	54	Port Input	14	660043	1389	1
S1015381	54	Port Input	15	660043	1389	1
S1015381	54	Port Input	14	660043	1389	1
S1015381	54	Port Input	15	660043	1389	1
S1015381	54	Port Input	14	660043	1389	1
S1015381	54	Port Input	15	660044	1389	1
S1015381	54	Port Input	14	670941	12287	1
S1015381	54	Response	22	670941	12287	1
S1015381	55	Picture	20	671015	0	1	11527	1	0	next	hit	1368
S1015381	55	Port Input	15	672425	1410	1
S1015381	55	Port Input	14	672425	1410	1
S1015381	55	Port Input	15	672425	1410	1
S1015381	55	Port Input	14	672425	1410	1
S1015381	55	Port Input	15	672425	1410	1
S1015381	55	Port Input	14	672425	1410	1
S1015381	55	Port Input	15	672426	1411	1
S1015381	55	Port Input	14	672426	1411	1
S1015381	55	Port Input	15	672426	1411	1
S1015381	55	Port Input	14	672426	1411	1
S1015381	55	Port Input	15	672426	1411	1
S1015381	55	Port Input	14	672426	1411	1
S1015381	55	Port Input	15	672426	1411	1
S1015381	55	Port Input	14	672426	1412	1
S1015381	55	Port Input	15	672427	1412	1
S1015381	55	Port Input	14	672427	1412	1
S1015381	55	Port Input	15	672427	1412	1
S1015381	55	Port Input	14	682519	11504	1
S1015381	55	Response	22	682519	11504	1
S1015381	55	Port Input	15	682519	11504	1
S1015381	55	Port Input	14	682520	11505	1
S1015381	55	Port Input	15	682520	11505	1
S1015381	55	Port Input	14	682520	11505	6
S1015381	56	Picture	20	682542	0	1	11944	1	0	next	hit	1396
S1015381	56	Port Input	15	684107	1565	1
S1015381	56	Port Input	14	684107	1565	1
S1015381	56	Port Input	15	684107	1565	1
S1015381	56	Port Input	14	684107	1565	1
S1015381	56	Port Input	15	684107	1565	1
S1015381	56	Port Input	14	684108	1566	1
S1015381	56	Port Input	15	684108	1566	1
S1015381	56	Port Input	14	684108	1566	1
S1015381	56	Port Input	15	684109	1566	1
S1015381	56	Port Input	14	684109	1567	1
S1015381	56	Port Input	15	684109	1567	1
S1015381	56	Port Input	14	684109	1567	1
S1015381	56	Port Input	15	684109	1567	1
S1015381	56	Port Input	14	684110	1567	1
S1015381	56	Port Input	15	684110	1567	1
S1015381	56	Port Input	14	684110	1568	1
S1015381	56	Port Input	15	684110	1568	1
S1015381	56	Port Input	14	684110	1568	1
S1015381	56	Port Input	15	684111	1568	1
S1015381	56	Port Input	14	684111	1569	1
S1015381	56	Port Input	15	684111	1569	1
S1015381	56	Port Input	14	694432	11890	1
S1015381	56	Response	22	694432	11890	1
S1015381	57	Picture	20	694486	0	1	12569	1	0	next	hit	1404
S1015381	57	Port Input	15	695950	1464	1
S1015381	57	Port Input	14	695950	1464	1
S1015381	57	Port Input	15	695950	1464	1
S1015381	57	Port Input	14	695950	1464	1
S1015381	57	Port Input	15	695950	1464	1
S1015381	57	Port Input	14	707039	12553	1
S1015381	57	Response	22	707039	12553	1
S1015381	57	Port Input	15	707039	12553	1
S1015381	57	Port Input	14	707039	12553	1
S1015381	58	Picture	20	707055	0	1	10486	1	0	next	hit	1434
S1015381	58	Port Input	15	708618	1562	1
S1015381	58	Port Input	14	708618	1563	1
S1015381	58	Port Input	15	708618	1563	1
S1015381	58	Port Input	14	708618	1563	1
S1015381	58	Port Input	15	708619	1564	1
S1015381	58	Port Input	14	708619	1564	1
S1015381	58	Port Input	15	708619	1564	1
S1015381	58	Port Input	14	708619	1564	1
S1015381	58	Port Input	15	708619	1564	1
S1015381	58	Port Input	14	708619	1564	1
S1015381	58	Port Input	15	708620	1564	1
S1015381	58	Port Input	14	708620	1564	1
S1015381	58	Port Input	15	708620	1565	1
S1015381	58	Port Input	14	708620	1565	1
S1015381	58	Port Input	15	708620	1565	1
S1015381	58	Port Input	14	708620	1565	1
S1015381	58	Port Input	15	708620	1565	1
S1015381	58	Port Input	14	708620	1565	1
S1015381	58	Port Input	15	708620	1565	1
S1015381	58	Port Input	14	708620	1565	1
S1015381	58	Port Input	15	708621	1566	1
S1015381	58	Port Input	14	708621	1566	1
S1015381	58	Port Input	15	708621	1566	1
S1015381	58	Port Input	14	708621	1566	1
S1015381	58	Port Input	15	708621	1566	1
S1015381	58	Port Input	14	717525	10470	1
S1015381	58	Response	22	717525	10470	1
S1015381	58	Port Input	15	717525	10470	1
S1015381	58	Port Input	14	717525	10470	1
S1015381	58	Port Input	15	717525	10470	1
S1015381	58	Port Input	14	717526	10471	5
S1015381	59	Picture	20	717541	0	1	11666	1	0	next	hit	1454
S1015381	59	Port Input	15	719099	1558	1
S1015381	59	Port Input	14	719099	1558	1
S1015381	59	Port Input	15	719099	1558	1
S1015381	59	Port Input	14	719099	1559	1
S1015381	59	Port Input	15	719099	1559	1
S1015381	59	Port Input	14	719099	1559	1
S1015381	59	Port Input	15	719100	1559	1
S1015381	59	Port Input	14	719100	1559	1
S1015381	59	Port Input	15	719100	1560	1
S1015381	59	Port Input	14	719100	1560	1
S1015381	59	Port Input	15	719100	1560	1
S1015381	59	Port Input	14	719101	1560	1
S1015381	59	Port Input	15	719101	1560	1
S1015381	59	Port Input	14	729139	11598	1
S1015381	59	Response	22	729139	11598	1
S1015381	59	Port Input	15	729139	11598	1
S1015381	59	Port Input	14	729140	11599	1
S1015381	59	Port Input	15	729140	11599	1
S1015381	59	Port Input	14	729140	11599	1
S1015381	60	Picture	20	729207	0	1	12500	1	0	next	hit	1478
S1015381	60	Port Input	15	730681	1474	1
S1015381	60	Port Input	14	730681	1474	1
S1015381	60	Port Input	15	730683	1476	1
S1015381	60	Port Input	14	730683	1476	1
S1015381	60	Port Input	15	730683	1476	1
S1015381	60	Port Input	14	730683	1476	1
S1015381	60	Port Input	15	730683	1476	1
S1015381	60	Port Input	14	730684	1477	1
S1015381	60	Port Input	15	730684	1477	1
S1015381	60	Port Input	14	730684	1477	1
S1015381	60	Port Input	15	730684	1477	1
S1015381	60	Port Input	14	730684	1477	1
S1015381	60	Port Input	15	730684	1477	1
S1015381	60	Port Input	14	730685	1478	1
S1015381	60	Port Input	15	730685	1478	1
S1015381	60	Port Input	14	730685	1478	1
S1015381	60	Port Input	15	730685	1478	1
S1015381	60	Port Input	14	741663	12456	1
S1015381	60	Response	22	741663	12456	1
S1015381	61	Picture	20	741707	0	1	11805	1	0	next	hit	1494
S1015381	61	Port Input	15	743073	1366	1
S1015381	61	Port Input	14	743073	1366	1
S1015381	61	Port Input	15	743075	1368	1
S1015381	61	Port Input	14	743075	1368	1
S1015381	61	Port Input	15	743075	1368	1
S1015381	61	Port Input	14	743075	1368	1
S1015381	61	Port Input	15	743076	1369	1
S1015381	61	Port Input	14	743076	1369	1
S1015381	61	Port Input	15	743077	1371	1
S1015381	61	Port Input	14	743077	1371	1
S1015381	61	Port Input	15	743077	1371	1
S1015381	61	Port Input	14	743078	1371	1
S1015381	61	Port Input	15	743078	1371	1
S1015381	61	Port Input	14	753442	11736	1
S1015381	61	Response	22	753442	11736	1
S1015381	61	Port Input	15	753442	11736	1
S1015381	61	Port Input	14	753443	11736	1
S1015381	62	Picture	20	753512	0	1	11597	1	0	next	hit	1516
S1015381	62	Port Input	15	755164	1653	1
S1015381	62	Port Input	14	755164	1653	1
S1015381	62	Port Input	15	755164	1653	1
S1015381	62	Port Input	14	755164	1653	1
S1015381	62	Port Input	15	755165	1653	1
S1015381	62	Port Input	14	755165	1653	1
S1015381	62	Port Input	15	755166	1654	1
S1015381	62	Port Input	14	755166	1654	1
S1015381	62	Port Input	15	755166	1654	1
S1015381	62	Port Input	14	755166	1655	1
S1015381	62	Port Input	15	755167	1655	1
S1015381	62	Port Input	14	755167	1655	1
S1015381	62	Port Input	15	755167	1655	1
S1015381	62	Port Input	14	755167	1655	1
S1015381	62	Port Input	15	755167	1655	1
S1015381	62	Port Input	14	755167	1656	1
S1015381	62	Port Input	15	755167	1656	1
S1015381	62	Port Input	14	765034	11523	1
S1015381	62	Response	22	765034	11523	1
S1015381	62	Port Input	15	765035	11523	1
S1015381	62	Port Input	14	765036	11524	4
S1015381	62	Port Input	15	765041	11529	1
S1015381	62	Port Input	14	765041	11530	1
S1015381	63	Picture	20	765108	0	1	12291	1	0	next	hit	1532
S1015381	63	Port Input	15	766531	1423	1
S1015381	63	Port Input	14	766531	1423	1
S1015381	63	Port Input	15	766533	1425	1
S1015381	63	Port Input	14	766533	1425	1
S1015381	63	Port Input	15	766534	1425	1
S1015381	63	Port Input	14	766534	1425	1
S1015381	63	Port Input	15	766534	1426	1
S1015381	63	Port Input	14	766534	1426	1
S1015381	63	Port Input	15	766534	1426	1
S1015381	63	Port Input	14	777381	12272	1
S1015381	63	Response	22	777381	12272	1
S1015381	64	Picture	20	777400	0	1	11875	1	0	next	hit	1538
S1015381	64	Port Input	15	778858	1458	1
S1015381	64	Port Input	14	778858	1458	1
S1015381	64	Port Input	15	778862	1462	1
S1015381	64	Port Input	14	789204	11805	1
S1015381	64	Response	22	789204	11805	1
S1015381	64	Port Input	15	789204	11805	1
S1015381	64	Port Input	14	789205	11805	1
S1015381	65	Picture	20	789274	0	1	12291	1	0	next	hit	1552
S1015381	65	Port Input	15	790715	1441	1
S1015381	65	Port Input	14	790715	1441	1
S1015381	65	Port Input	15	790718	1444	1
S1015381	65	Port Input	14	790718	1444	1
S1015381	65	Port Input	15	790720	1445	1
S1015381	65	Port Input	14	790720	1446	1
S1015381	65	Port Input	15	790720	1446	1
S1015381	65	Port Input	14	790720	1446	1
S1015381	65	Port Input	15	790720	1446	1
S1015381	65	Port Input	14	801548	12274	1
S1015381	65	Response	22	801548	12274	1
S1015381	66	Picture	20	801565	0	1	12222	1	0	next	hit	1590
S1015381	66	Port Input	15	803338	1772	1
S1015381	66	Port Input	14	803338	1772	1
S1015381	66	Port Input	15	803338	1773	1
S1015381	66	Port Input	14	803338	1773	1
S1015381	66	Port Input	15	803338	1773	1
S1015381	66	Port Input	14	803339	1773	1
S1015381	66	Port Input	15	803339	1774	1
S1015381	66	Port Input	14	803339	1774	1
S1015381	66	Port Input	15	803339	1774	1
S1015381	66	Port Input	14	803339	1774	1
S1015381	66	Port Input	15	803339	1774	1
S1015381	66	Port Input	14	803339	1774	1
S1015381	66	Port Input	15	803340	1774	1
S1015381	66	Port Input	14	803340	1775	1
S1015381	66	Port Input	15	803340	1775	1
S1015381	66	Port Input	14	803340	1775	1
S1015381	66	Port Input	15	803340	1775	1
S1015381	66	Port Input	14	803340	1775	1
S1015381	66	Port Input	15	803340	1775	1
S1015381	66	Port Input	14	803340	1775	1
S1015381	66	Port Input	15	803340	1775	1
S1015381	66	Port Input	14	803341	1775	1
S1015381	66	Port Input	15	803341	1775	1
S1015381	66	Port Input	14	803341	1775	1
S1015381	66	Port Input	15	803341	1776	1
S1015381	66	Port Input	14	803341	1776	1
S1015381	66	Port Input	15	803341	1776	1
S1015381	66	Port Input	14	803341	1776	1
S1015381	66	Port Input	15	803341	1776	1
S1015381	66	Port Input	14	803341	1776	1
S1015381	66	Port Input	15	803341	1776	1
S1015381	66	Port Input	14	803342	1776	1
S1015381	66	Port Input	15	803342	1776	1
S1015381	66	Port Input	14	803342	1777	1
S1015381	66	Port Input	15	803342	1777	1
S1015381	66	Port Input	14	813736	12170	1
S1015381	66	Response	22	813736	12170	1
S1015381	67	Picture	20	813787	0	1	11805	1	0	next	hit	1608
S1015381	67	Port Input	15	815505	1718	1
S1015381	67	Port Input	14	815505	1718	1
S1015381	67	Port Input	15	815506	1719	1
S1015381	67	Port Input	14	815506	1719	1
S1015381	67	Port Input	15	815507	1720	1
S1015381	67	Port Input	14	815507	1720	1
S1015381	67	Port Input	15	815507	1720	1
S1015381	67	Port Input	14	815507	1720	1
S1015381	67	Port Input	15	815507	1720	1
S1015381	67	Port Input	14	815507	1720	1
S1015381	67	Port Input	15	815508	1720	1
S1015381	67	Port Input	14	815508	1721	1
S1015381	67	Port Input	15	815508	1721	1
S1015381	67	Port Input	14	815508	1721	1
S1015381	67	Port Input	15	815508	1721	1
S1015381	67	Port Input	14	825568	11781	1
S1015381	67	Response	22	825568	11781	1
S1015381	67	Port Input	15	825568	11781	1
S1015381	67	Port Input	14	825569	11782	4
S1015381	68	Picture	20	825592	0	1	11666	1	0	next	hit	1642
S1015381	68	Port Input	15	827399	1807	1
S1015381	68	Port Input	14	827399	1807	1
S1015381	68	Port Input	15	827400	1808	1
S1015381	68	Port Input	14	827400	1808	1
S1015381	68	Port Input	15	827401	1809	1
S1015381	68	Port Input	14	827401	1809	1
S1015381	68	Port Input	15	827402	1809	1
S1015381	68	Port Input	14	827402	1809	1
S1015381	68	Port Input	15	827402	1810	1
S1015381	68	Port Input	14	827402	1810	1
S1015381	68	Port Input	15	827402	1810	1
S1015381	68	Port Input	14	827402	1810	1
S1015381	68	Port Input	15	827403	1811	1
S1015381	68	Port Input	14	827403	1811	1
S1015381	68	Port Input	15	827403	1811	1
S1015381	68	Port Input	14	827403	1811	1
S1015381	68	Port Input	15	827403	1811	1
S1015381	68	Port Input	14	827403	1811	1
S1015381	68	Port Input	15	827404	1811	1
S1015381	68	Port Input	14	827404	1811	1
S1015381	68	Port Input	15	827404	1812	1
S1015381	68	Port Input	14	827404	1812	1
S1015381	68	Port Input	15	827404	1812	1
S1015381	68	Port Input	14	827404	1812	1
S1015381	68	Port Input	15	827404	1812	1
S1015381	68	Port Input	14	827404	1812	1
S1015381	68	Port Input	15	827404	1812	1
S1015381	68	Port Input	14	827404	1812	1
S1015381	68	Port Input	15	827404	1812	1
S1015381	68	Port Input	14	837241	11649	1
S1015381	68	Response	22	837241	11649	1
S1015381	68	Port Input	15	837241	11649	1
S1015381	68	Port Input	14	837241	11649	1
S1015381	69	Picture	20	837258	0	1	11597	1	0	next	hit	1652
S1015381	69	Port Input	15	839004	1746	1
S1015381	69	Port Input	14	839004	1746	1
S1015381	69	Port Input	15	839005	1746	1
S1015381	69	Port Input	14	839005	1746	1
S1015381	69	Port Input	15	839005	1747	1
S1015381	69	Port Input	14	848794	11536	1
S1015381	69	Response	22	848794	11536	1
S1015381	69	Port Input	15	848794	11536	1
S1015381	69	Port Input	14	848794	11536	1
S1015381	70	Picture	20	848855	0	1	12013	1	0	next	hit	1668
S1015381	70	Port Input	15	850477	1622	1
S1015381	70	Port Input	14	850477	1622	1
S1015381	70	Port Input	15	850477	1622	1
S1015381	70	Port Input	14	850477	1622	1
S1015381	70	Port Input	15	850477	1622	1
S1015381	70	Port Input	14	850477	1622	1
S1015381	70	Port Input	15	850478	1623	1
S1015381	70	Port Input	14	850478	1623	1
S1015381	70	Port Input	15	850478	1623	1
S1015381	70	Port Input	14	850478	1623	1
S1015381	70	Port Input	15	850478	1623	1
S1015381	70	Port Input	14	860860	12005	1
S1015381	70	Response	22	860860	12005	1
S1015381	70	Port Input	15	860860	12005	1
S1015381	70	Port Input	14	860861	12006	1
S1015381	71	Picture	20	860868	0	1	12152	1	0	next	hit	1688
S1015381	71	Port Input	15	862641	1773	1
S1015381	71	Port Input	14	862641	1773	1
S1015381	71	Port Input	15	862646	1777	1
S1015381	71	Port Input	14	862646	1777	1
S1015381	71	Port Input	15	862646	1777	1
S1015381	71	Port Input	14	862646	1777	1
S1015381	71	Port Input	15	862646	1777	1
S1015381	71	Port Input	14	862646	1777	1
S1015381	71	Port Input	15	862646	1777	1
S1015381	71	Port Input	14	862646	1777	1
S1015381	71	Port Input	15	862646	1778	1
S1015381	71	Port Input	14	862646	1778	1
S1015381	71	Port Input	15	862646	1778	1
S1015381	71	Port Input	14	862646	1778	1
S1015381	71	Port Input	15	862646	1778	1
S1015381	71	Port Input	14	872977	12109	1
S1015381	71	Response	22	872977	12109	1
S1015381	71	Port Input	15	872977	12109	1
S1015381	71	Port Input	14	872977	12109	1
S1015381	71	Port Input	15	872977	12109	1
S1015381	71	Port Input	14	872977	12109	1
S1015381	72	Picture	20	873021	0	1	12986	1	0	next	hit	1710
S1015381	72	Port Input	15	874551	1530	1
S1015381	72	Port Input	14	874551	1530	1
S1015381	72	Port Input	15	874551	1531	1
S1015381	72	Port Input	14	874551	1531	1
S1015381	72	Port Input	15	874552	1531	1
S1015381	72	Port Input	14	874552	1531	1
S1015381	72	Port Input	15	874552	1532	1
S1015381	72	Port Input	14	874552	1532	1
S1015381	72	Port Input	15	874553	1532	1
S1015381	72	Port Input	14	874553	1532	1
S1015381	72	Port Input	15	874553	1532	1
S1015381	72	Port Input	14	874553	1532	1
S1015381	72	Port Input	15	874553	1532	1
S1015381	72	Port Input	14	874553	1532	1
S1015381	72	Port Input	15	874553	1532	1
S1015381	72	Port Input	14	885943	12922	1
S1015381	72	Response	22	885943	12922	1
S1015381	72	Port Input	15	885943	12922	1
S1015381	72	Port Input	14	885943	12923	1
S1015381	72	Port Input	15	885944	12923	5
S1015381	72	Port Input	14	885948	12928	1
S1015381	73	Picture	20	886006	0	1	12430	1	0	next	hit	1740
S1015381	73	Port Input	15	887741	1734	1
S1015381	73	Port Input	14	887741	1734	1
S1015381	73	Port Input	15	887741	1735	1
S1015381	73	Port Input	14	887741	1735	1
S1015381	73	Port Input	15	887741	1735	1
S1015381	73	Port Input	14	887741	1735	1
S1015381	73	Port Input	15	887741	1735	1
S1015381	73	Port Input	14	887742	1735	1
S1015381	73	Port Input	15	887742	1735	1
S1015381	73	Port Input	14	887742	1735	1
S1015381	73	Port Input	15	887742	1736	1
S1015381	73	Port Input	14	887742	1736	1
S1015381	73	Port Input	15	887742	1736	1
S1015381	73	Port Input	14	887742	1736	1
S1015381	73	Port Input	15	887742	1736	1
S1015381	73	Port Input	14	887743	1736	1
S1015381	73	Port Input	15	887743	1736	1
S1015381	73	Port Input	14	887743	1736	1
S1015381	73	Port Input	15	887743	1737	1
S1015381	73	Port Input	14	887743	1737	1
S1015381	73	Port Input	15	887743	1737	1
S1015381	73	Port Input	14	887744	1737	1
S1015381	73	Port Input	15	887744	1738	1
S1015381	73	Port Input	14	898423	12417	1
S1015381	73	Response	22	898423	12417	1
S1015381	73	Port Input	15	898423	12417	1
S1015381	73	Port Input	14	898427	12421	1
S1015381	73	Port Input	15	898428	12422	1
S1015381	73	Port Input	14	898428	12422	1
S1015381	73	Port Input	15	898429	12423	1
S1015381	73	Port Input	14	898429	12423	1
S1015381	74	Picture	20	898436	0	1	12777	1	0	next	hit	1776
S1015381	74	Port Input	15	900225	1789	1
S1015381	74	Port Input	14	900225	1789	1
S1015381	74	Port Input	15	900228	1791	1
S1015381	74	Port Input	14	900228	1791	1
S1015381	74	Port Input	15	900228	1792	1
S1015381	74	Port Input	14	900228	1792	1
S1015381	74	Port Input	15	900228	1792	1
S1015381	74	Port Input	14	900228	1792	1
S1015381	74	Port Input	15	900229	1792	1
S1015381	74	Port Input	14	900229	1792	1
S1015381	74	Port Input	15	900229	1793	1
S1015381	74	Port Input	14	900229	1793	1
S1015381	74	Port Input	15	900229	1793	1
S1015381	74	Port Input	14	900229	1793	1
S1015381	74	Port Input	15	900229	1793	1
S1015381	74	Port Input	14	900230	1793	1
S1015381	74	Port Input	15	900230	1793	1
S1015381	74	Port Input	14	900230	1793	1
S1015381	74	Port Input	15	900230	1794	1
S1015381	74	Port Input	14	900230	1794	1
S1015381	74	Port Input	15	900230	1794	1
S1015381	74	Port Input	14	900230	1794	1
S1015381	74	Port Input	15	900230	1794	1
S1015381	74	Port Input	14	900231	1794	1
S1015381	74	Port Input	15	900231	1794	1
S1015381	74	Port Input	14	900231	1794	1
S1015381	74	Port Input	15	900231	1794	1
S1015381	74	Port Input	14	911155	12719	1
S1015381	74	Response	22	911155	12719	1
S1015381	74	Port Input	15	911156	12719	1
S1015381	74	Port Input	14	911156	12719	1
S1015381	75	Picture	20	911214	0	1	13125	1	0	next	hit	1788
S1015381	75	Port Input	15	912918	1704	1
S1015381	75	Port Input	14	912918	1704	1
S1015381	75	Port Input	15	912918	1705	1
S1015381	75	Port Input	14	912918	1705	1
S1015381	75	Port Input	15	912918	1705	1
S1015381	75	Port Input	14	912919	1705	1
S1015381	75	Port Input	15	912919	1705	1
S1015381	75	Port Input	14	924295	13081	1
S1015381	75	Response	22	924295	13081	1
S1015381	75	Port Input	15	924295	13081	1
S1015381	75	Port Input	14	924295	13082	1
S1015381	76	Picture	20	924338	0	1	12083	1	0	next	hit	1828
S1015381	76	Port Input	15	926104	1765	1
S1015381	76	Port Input	14	926104	1766	1
S1015381	76	Port Input	15	926104	1766	1
S1015381	76	Port Input	14	926104	1766	1
S1015381	76	Port Input	15	926104	1766	1
S1015381	76	Port Input	14	926104	1766	1
S1015381	76	Port Input	15	926105	1766	1
S1015381	76	Port Input	14	926105	1766	1
S1015381	76	Port Input	15	926105	1767	1
S1015381	76	Port Input	14	926105	1767	1
S1015381	76	Port Input	15	926105	1767	1
S1015381	76	Port Input	14	926105	1767	1
S1015381	76	Port Input	15	926105	1767	1
S1015381	76	Port Input	14	926105	1767	1
S1015381	76	Port Input	15	926105	1767	1
S1015381	76	Port Input	14	926105	1767	1
S1015381	76	Port Input	15	926105	1767	1
S1015381	76	Port Input	14	926105	1767	1
S1015381	76	Port Input	15	926106	1767	1
S1015381	76	Port Input	14	926106	1767	1
S1015381	76	Port Input	15	926106	1768	1
S1015381	76	Port Input	14	926106	1768	1
S1015381	76	Port Input	15	926106	1768	1
S1015381	76	Port Input	14	926107	1769	1
S1015381	76	Port Input	15	926107	1769	1
S1015381	76	Port Input	14	926107	1769	1
S1015381	76	Port Input	15	926108	1770	1
S1015381	76	Port Input	14	926108	1770	1
S1015381	76	Port Input	15	926109	1771	1
S1015381	76	Port Input	14	926109	1771	1
S1015381	76	Port Input	15	926109	1771	1
S1015381	76	Port Input	14	926109	1771	1
S1015381	76	Port Input	15	926110	1771	1
S1015381	76	Port Input	14	926110	1771	1
S1015381	76	Port Input	15	926110	1772	1
S1015381	76	Port Input	14	936398	12060	1
S1015381	76	Response	22	936398	12060	1
S1015381	76	Port Input	15	936398	12060	1
S1015381	76	Port Input	14	936399	12060	1
S1015381	77	Picture	20	936421	0	1	12847	1	0	next	hit	1840
S1015381	77	Port Input	15	938165	1744	1
S1015381	77	Port Input	14	938165	1744	1
S1015381	77	Port Input	15	938165	1744	1
S1015381	77	Port Input	14	938166	1745	1
S1015381	77	Port Input	15	938166	1745	1
S1015381	77	Port Input	14	938167	1745	1
S1015381	77	Port Input	15	938167	1746	1
S1015381	77	Port Input	14	949227	12806	1
S1015381	77	Response	22	949227	12806	1
S1015381	78	Picture	20	949268	0	1	13333	1	0	next	hit	1858
S1015381	78	Port Input	15	950661	1393	1
S1015381	78	Port Input	14	950661	1393	1
S1015381	78	Port Input	15	950661	1393	1
S1015381	78	Port Input	14	950661	1394	1
S1015381	78	Port Input	15	950661	1394	1
S1015381	78	Port Input	14	950661	1394	1
S1015381	78	Port Input	15	950662	1394	1
S1015381	78	Port Input	14	950662	1394	1
S1015381	78	Port Input	15	950662	1394	1
S1015381	78	Port Input	14	950662	1394	1
S1015381	78	Port Input	15	950662	1395	1
S1015381	78	Port Input	14	950662	1395	1
S1015381	78	Port Input	15	950662	1395	1
S1015381	78	Port Input	14	950663	1395	1
S1015381	78	Port Input	15	950663	1395	1
S1015381	78	Port Input	14	962536	13268	1
S1015381	78	Response	22	962536	13268	1
S1015381	78	Port Input	15	962536	13268	1
S1015381	78	Port Input	14	962536	13268	1
S1015381	78	Port Input	15	962536	13268	1
S1015381	78	Port Input	14	962536	13269	1
S1015381	79	Picture	20	962601	0	1	12499	1	0	next	hit	1878
S1015381	79	Port Input	15	964101	1500	1
S1015381	79	Port Input	14	964101	1500	1
S1015381	79	Port Input	15	964103	1502	1
S1015381	79	Port Input	14	964103	1502	1
S1015381	79	Port Input	15	964103	1502	1
S1015381	79	Port Input	14	964103	1502	1
S1015381	79	Port Input	15	964103	1502	1
S1015381	79	Port Input	14	964103	1502	1
S1015381	79	Port Input	15	964103	1502	1
S1015381	79	Port Input	14	964103	1502	1
S1015381	79	Port Input	15	964104	1503	1
S1015381	79	Port Input	14	964104	1503	1
S1015381	79	Port Input	15	964104	1503	1
S1015381	79	Port Input	14	975070	12470	1
S1015381	79	Response	22	975070	12470	1
S1015381	80	Picture	20	975100	0	1	12638	1	0	next	hit	1904
S1015381	80	Port Input	15	976769	1669	1
S1015381	80	Port Input	14	976769	1669	1
S1015381	80	Port Input	15	976769	1669	1
S1015381	80	Port Input	14	976769	1669	1
S1015381	80	Port Input	15	976769	1669	1
S1015381	80	Port Input	14	976769	1669	1
S1015381	80	Port Input	15	976770	1670	1
S1015381	80	Port Input	14	976771	1670	1
S1015381	80	Port Input	15	976771	1671	1
S1015381	80	Port Input	14	976771	1671	1
S1015381	80	Port Input	15	976771	1671	1
S1015381	80	Port Input	14	976771	1671	1
S1015381	80	Port Input	15	976771	1671	1
S1015381	80	Port Input	14	976771	1671	1
S1015381	80	Port Input	15	976772	1672	1
S1015381	80	Port Input	14	976772	1672	1
S1015381	80	Port Input	15	976772	1672	1
S1015381	80	Port Input	14	976772	1672	1
S1015381	80	Port Input	15	976772	1672	1
S1015381	80	Port Input	14	976772	1672	1
S1015381	80	Port Input	15	976772	1672	1
S1015381	80	Port Input	14	976772	1672	1
S1015381	80	Port Input	15	976772	1672	1
S1015381	80	Port Input	14	987663	12563	1
S1015381	80	Response	22	987663	12563	1
S1015381	81	Picture	20	987738	0	1	11736	1	0	next	hit	1922
S1015381	81	Port Input	15	989321	1583	1
S1015381	81	Port Input	14	989321	1583	1
S1015381	81	Port Input	15	989322	1583	1
S1015381	81	Port Input	14	989322	1583	1
S1015381	81	Port Input	15	989322	1584	1
S1015381	81	Port Input	14	989322	1584	1
S1015381	81	Port Input	15	989323	1584	1
S1015381	81	Port Input	14	989323	1584	1
S1015381	81	Port Input	15	989323	1585	1
S1015381	81	Port Input	14	989323	1585	1
S1015381	81	Port Input	15	989323	1585	1
S1015381	81	Port Input	14	989324	1585	1
S1015381	81	Port Input	15	989324	1585	1
S1015381	81	Port Input	14	989324	1585	1
S1015381	81	Port Input	15	989324	1585	1
S1015381	81	Port Input	14	999400	11661	1
S1015381	81	Response	22	999400	11661	1
S1015381	82	Picture	20	999474	0	1	11944	1	0	next	hit	1928
S1015381	82	Port Input	15	1001134	1660	1
S1015381	82	Port Input	14	1001134	1660	1
S1015381	82	Port Input	15	1001134	1660	1
S1015381	82	Port Input	14	1011402	11928	1
S1015381	82	Response	22	1011402	11928	1
S1015381	83	Picture	20	1011418	0	1	12013	1	0	next	hit	1940
S1015381	83	Port Input	15	1013221	1803	1
S1015381	83	Port Input	14	1013221	1803	1
S1015381	83	Port Input	15	1013221	1803	1
S1015381	83	Port Input	14	1013221	1803	1
S1015381	83	Port Input	15	1013222	1804	1
S1015381	83	Port Input	14	1013222	1804	1
S1015381	83	Port Input	15	1013222	1804	1
S1015381	83	Port Input	14	1013222	1804	1
S1015381	83	Port Input	15	1013222	1804	1
S1015381	83	Port Input	14	1023414	11996	1
S1015381	83	Response	22	1023414	11996	1
S1015381	83	Port Input	15	1023414	11996	1
S1015381	83	Port Input	14	1023415	11996	1
S1015381	84	Picture	20	1023431	0	1	12013	1	0	next	hit	1970
S1015381	84	Port Input	15	1025257	1826	1
S1015381	84	Port Input	14	1025257	1826	1
S1015381	84	Port Input	15	1025259	1827	1
S1015381	84	Port Input	14	1025259	1827	1
S1015381	84	Port Input	15	1025259	1828	1
S1015381	84	Port Input	14	1025259	1828	1
S1015381	84	Port Input	15	1025260	1828	1
S1015381	84	Port Input	14	1025260	1828	1
S1015381	84	Port Input	15	1025260	1829	1
S1015381	84	Port Input	14	1025260	1829	1
S1015381	84	Port Input	15	1025261	1829	1
S1015381	84	Port Input	14	1025261	1829	1
S1015381	84	Port Input	15	1025261	1830	1
S1015381	84	Port Input	14	1025261	1830	1
S1015381	84	Port Input	15	1025262	1830	1
S1015381	84	Port Input	14	1025262	1830	1
S1015381	84	Port Input	15	1025262	1830	1
S1015381	84	Port Input	14	1025262	1830	1
S1015381	84	Port Input	15	1025262	1831	1
S1015381	84	Port Input	14	1025262	1831	1
S1015381	84	Port Input	15	1025262	1831	1
S1015381	84	Port Input	14	1025262	1831	1
S1015381	84	Port Input	15	1025263	1831	1
S1015381	84	Port Input	14	1025263	1831	1
S1015381	84	Port Input	15	1025263	1831	1
S1015381	84	Port Input	14	1035382	11950	1
S1015381	84	Response	22	1035382	11950	1
S1015381	84	Port Input	15	1035382	11950	1
S1015381	84	Port Input	14	1035382	11951	1
S1015381	85	Picture	20	1035445	0	1	12222	1	0	next	hit	1982
S1015381	85	Port Input	15	1037091	1647	1
S1015381	85	Port Input	14	1037091	1647	1
S1015381	85	Port Input	15	1037092	1647	1
S1015381	85	Port Input	14	1037092	1647	1
S1015381	85	Port Input	15	1037092	1647	1
S1015381	85	Port Input	14	1037092	1647	1
S1015381	85	Port Input	15	1037092	1647	1
S1015381	85	Port Input	14	1047606	12161	1
S1015381	85	Response	22	1047606	12161	1
S1015381	86	Picture	20	1047667	0	1	12361	1	0	next	hit	1988
S1015381	86	Port Input	15	1049099	1433	1
S1015381	86	Port Input	14	1049100	1433	1
S1015381	86	Port Input	15	1049100	1433	1
S1015381	86	Port Input	14	1059966	12300	1
S1015381	86	Response	22	1059966	12300	1
S1015381	87	Picture	20	1060027	0	1	13194	1	0	next	hit	2008
S1015381	87	Port Input	15	1061534	1507	1
S1015381	87	Port Input	14	1061534	1507	1
S1015381	87	Port Input	15	1061536	1508	1
S1015381	87	Port Input	14	1061536	1508	1
S1015381	87	Port Input	15	1061537	1510	1
S1015381	87	Port Input	14	1061537	1510	1
S1015381	87	Port Input	15	1061537	1510	1
S1015381	87	Port Input	14	1061537	1510	1
S1015381	87	Port Input	15	1061538	1510	1
S1015381	87	Port Input	14	1061538	1510	1
S1015381	87	Port Input	15	1061538	1511	1
S1015381	87	Port Input	14	1061538	1511	1
S1015381	87	Port Input	15	1061538	1511	1
S1015381	87	Port Input	14	1061538	1511	1
S1015381	87	Port Input	15	1061538	1511	1
S1015381	87	Port Input	14	1061539	1511	1
S1015381	87	Port Input	15	1061539	1511	1
S1015381	87	Port Input	14	1073200	13173	1
S1015381	87	Response	22	1073200	13173	1
S1015381	87	Port Input	15	1073200	13173	1
S1015381	87	Port Input	14	1073201	13173	1
S1015381	87	Port Input	15	1073201	13173	1
S1015381	87	Port Input	14	1073201	13173	2
S1015381	88	Picture	20	1073221	0	1	13263	1	0	next	hit	2050
S1015381	88	Port Input	15	1074698	1477	1
S1015381	88	Port Input	14	1074698	1477	1
S1015381	88	Port Input	15	1074699	1478	1
S1015381	88	Port Input	14	1074699	1478	1
S1015381	88	Port Input	15	1074700	1479	1
S1015381	88	Port Input	14	1074700	1479	1
S1015381	88	Port Input	15	1074701	1480	1
S1015381	88	Port Input	14	1074701	1480	1
S1015381	88	Port Input	15	1074702	1480	1
S1015381	88	Port Input	14	1074702	1481	1
S1015381	88	Port Input	15	1074702	1481	1
S1015381	88	Port Input	14	1074702	1481	1
S1015381	88	Port Input	15	1074702	1481	1
S1015381	88	Port Input	14	1074702	1481	1
S1015381	88	Port Input	15	1074702	1481	1
S1015381	88	Port Input	14	1074702	1481	1
S1015381	88	Port Input	15	1074702	1481	1
S1015381	88	Port Input	14	1074702	1481	1
S1015381	88	Port Input	15	1074702	1481	1
S1015381	88	Port Input	14	1074702	1481	1
S1015381	88	Port Input	15	1074703	1482	1
S1015381	88	Port Input	14	1074703	1482	1
S1015381	88	Port Input	15	1074703	1482	1
S1015381	88	Port Input	14	1074703	1482	1
S1015381	88	Port Input	15	1074703	1482	1
S1015381	88	Port Input	14	1074703	1482	1
S1015381	88	Port Input	15	1074703	1482	1
S1015381	88	Port Input	14	1074703	1482	1
S1015381	88	Port Input	15	1074704	1482	1
S1015381	88	Port Input	14	1074704	1482	1
S1015381	88	Port Input	15	1074704	1483	1
S1015381	88	Port Input	14	1074704	1483	1
S1015381	88	Port Input	15	1074704	1483	1
S1015381	88	Port Input	14	1074704	1483	1
S1015381	88	Port Input	15	1074704	1483	1
S1015381	88	Port Input	14	1086413	13192	1
S1015381	88	Response	22	1086413	13192	1
S1015381	89	Picture	20	1086485	0	1	12847	1	0	next	hit	2074
S1015381	89	Port Input	15	1088213	1728	1
S1015381	89	Port Input	14	1088213	1728	1
S1015381	89	Port Input	15	1088213	1728	1
S1015381	89	Port Input	14	1088213	1729	1
S1015381	89	Port Input	15	1088213	1729	1
S1015381	89	Port Input	14	1088213	1729	1
S1015381	89	Port Input	15	1088214	1729	1
S1015381	89	Port Input	14	1088214	1729	1
S1015381	89	Port Input	15	1088214	1729	1
S1015381	89	Port Input	14	1088214	1729	1
S1015381	89	Port Input	15	1088214	1729	1
S1015381	89	Port Input	14	1088214	1729	1
S1015381	89	Port Input	15	1088214	1730	1
S1015381	89	Port Input	14	1088214	1730	1
S1015381	89	Port Input	15	1088214	1730	1
S1015381	89	Port Input	14	1088214	1730	1
S1015381	89	Port Input	15	1088214	1730	1
S1015381	89	Port Input	14	1088214	1730	1
S1015381	89	Port Input	15	1088215	1730	1
S1015381	89	Port Input	14	1088215	1730	1
S1015381	89	Port Input	15	1088215	1730	1
S1015381	89	Port Input	14	1099300	12815	1
S1015381	89	Response	22	1099300	12815	1
S1015381	90	Picture	20	1099331	0	1	12777	1	0	next	hit	2098
S1015381	90	Port Input	15	1101140	1808	1
S1015381	90	Port Input	14	1101140	1808	1
S1015381	90	Port Input	15	1101140	1809	1
S1015381	90	Port Input	14	1101140	1809	1
S1015381	90	Port Input	15	1101140	1809	1
S1015381	90	Port Input	14	1101140	1809	1
S1015381	90	Port Input	15	1101141	1809	1
S1015381	90	Port Input	14	1101141	1809	1
S1015381	90	Port Input	15	1101141	1809	1
S1015381	90	Port Input	14	1101141	1810	1
S1015381	90	Port Input	15	1101141	1810	1
S1015381	90	Port Input	14	1101141	1810	1
S1015381	90	Port Input	15	1101141	1810	1
S1015381	90	Port Input	14	1101141	1810	1
S1015381	90	Port Input	15	1101141	1810	1
S1015381	90	Port Input	14	1101141	1810	1
S1015381	90	Port Input	15	1101141	1810	1
S1015381	90	Port Input	14	1101141	1810	1
S1015381	90	Port Input	15	1101141	1810	1
S1015381	90	Port Input	14	1101142	1811	1
S1015381	90	Port Input	15	1101142	1811	1
S1015381	90	Port Input	14	1112089	12757	1
S1015381	90	Response	22	1112089	12757	1
S1015381	91	Picture	20	1112109	0	1	11527	1	0	next	hit	2122
S1015381	91	Port Input	15	1113495	1386	1
S1015381	91	Port Input	14	1113495	1386	1
S1015381	91	Port Input	15	1113495	1386	1
S1015381	91	Port Input	14	1113495	1386	1
S1015381	91	Port Input	15	1113495	1386	1
S1015381	91	Port Input	14	1113495	1386	1
S1015381	91	Port Input	15	1113495	1387	1
S1015381	91	Port Input	14	1113495	1387	1
S1015381	91	Port Input	15	1113496	1387	1
S1015381	91	Port Input	14	1113496	1387	1
S1015381	91	Port Input	15	1113496	1387	1
S1015381	91	Port Input	14	1113496	1387	1
S1015381	91	Port Input	15	1113496	1388	1
S1015381	91	Port Input	14	1113496	1388	1
S1015381	91	Port Input	15	1113496	1388	1
S1015381	91	Port Input	14	1113497	1388	1
S1015381	91	Port Input	15	1113497	1388	1
S1015381	91	Port Input	14	1113497	1388	1
S1015381	91	Port Input	15	1113497	1388	1
S1015381	91	Port Input	14	1113497	1389	1
S1015381	91	Port Input	15	1113497	1389	1
S1015381	91	Port Input	14	1123584	11475	1
S1015381	91	Response	22	1123584	11475	1
S1015381	91	Port Input	15	1123584	11475	1
S1015381	91	Port Input	14	1123584	11476	1
S1015381	92	Picture	20	1123636	0	1	12500	1	0	next	hit	2136
S1015381	92	Port Input	15	1125393	1757	1
S1015381	92	Port Input	14	1125393	1757	1
S1015381	92	Port Input	15	1125393	1757	1
S1015381	92	Port Input	14	1125393	1757	1
S1015381	92	Port Input	15	1125393	1757	1
S1015381	92	Port Input	14	1125393	1757	1
S1015381	92	Port Input	15	1125394	1758	1
S1015381	92	Port Input	14	1125394	1758	1
S1015381	92	Port Input	15	1125394	1758	1
S1015381	92	Port Input	14	1136080	12444	1
S1015381	92	Response	22	1136080	12444	1
S1015381	92	Port Input	15	1136080	12444	1
S1015381	92	Port Input	14	1136080	12444	1
S1015381	93	Picture	20	1136135	0	1	13263	1	0	next	hit	2148
S1015381	93	Port Input	15	1137776	1641	1
S1015381	93	Port Input	14	1137776	1641	1
S1015381	93	Port Input	15	1137777	1641	1
S1015381	93	Port Input	14	1137777	1641	1
S1015381	93	Port Input	15	1137777	1642	1
S1015381	93	Port Input	14	1137777	1642	1
S1015381	93	Port Input	15	1137777	1642	1
S1015381	93	Port Input	14	1149371	13236	1
S1015381	93	Response	22	1149371	13236	1
S1015381	94	Picture	20	1149399	0	1	14652	1	0	next	hit	2172
S1015381	94	Port Input	15	1151285	1887	1
S1015381	94	Port Input	14	1151285	1887	1
S1015381	94	Port Input	15	1151285	1887	1
S1015381	94	Port Input	14	1151285	1887	1
S1015381	94	Port Input	15	1151286	1887	1
S1015381	94	Port Input	14	1151286	1887	1
S1015381	94	Port Input	15	1151287	1888	1
S1015381	94	Port Input	14	1151287	1888	1
S1015381	94	Port Input	15	1151287	1888	1
S1015381	94	Port Input	14	1151287	1888	1
S1015381	94	Port Input	15	1151287	1888	1
S1015381	94	Port Input	14	1151287	1889	1
S1015381	94	Port Input	15	1151287	1889	1
S1015381	94	Port Input	14	1151287	1889	1
S1015381	94	Port Input	15	1151287	1889	1
S1015381	94	Port Input	14	1151288	1889	1
S1015381	94	Port Input	15	1151288	1889	1
S1015381	94	Port Input	14	1151288	1889	1
S1015381	94	Port Input	15	1151288	1890	1
S1015381	94	Port Input	14	1151288	1890	1
S1015381	94	Port Input	15	1151288	1890	1
S1015381	94	Port Input	14	1163995	14597	1
S1015381	94	Response	22	1163995	14597	1
S1015381	95	Picture	20	1164051	0	1	13472	1	0	next	hit	2190
S1015381	95	Port Input	15	1165643	1592	1
S1015381	95	Port Input	14	1165643	1592	1
S1015381	95	Port Input	15	1165643	1592	1
S1015381	95	Port Input	14	1165643	1592	1
S1015381	95	Port Input	15	1165643	1592	1
S1015381	95	Port Input	14	1165643	1592	1
S1015381	95	Port Input	15	1165643	1592	1
S1015381	95	Port Input	14	1165643	1592	1
S1015381	95	Port Input	15	1165643	1593	1
S1015381	95	Port Input	14	1165643	1593	1
S1015381	95	Port Input	15	1165644	1593	1
S1015381	95	Port Input	14	1165644	1593	1
S1015381	95	Port Input	15	1165644	1593	1
S1015381	95	Port Input	14	1165644	1593	1
S1015381	95	Port Input	15	1165644	1593	1
S1015381	95	Port Input	14	1177503	13452	1
S1015381	95	Response	22	1177503	13452	1
S1015381	95	Port Input	15	1177503	13452	1
S1015381	95	Port Input	14	1177503	13452	1
S1015381	96	Picture	20	1177523	0	1	12083	1	0	next	hit	2210
S1015381	96	Port Input	15	1179179	1656	1
S1015381	96	Port Input	14	1179179	1656	1
S1015381	96	Port Input	15	1179179	1657	1
S1015381	96	Port Input	14	1179179	1657	1
S1015381	96	Port Input	15	1179180	1658	1
S1015381	96	Port Input	14	1179180	1658	1
S1015381	96	Port Input	15	1179180	1658	1
S1015381	96	Port Input	14	1179180	1658	1
S1015381	96	Port Input	15	1179181	1658	1
S1015381	96	Port Input	14	1179181	1658	1
S1015381	96	Port Input	15	1179181	1658	1
S1015381	96	Port Input	14	1179181	1659	1
S1015381	96	Port Input	15	1179181	1659	1
S1015381	96	Port Input	14	1179182	1659	1
S1015381	96	Port Input	15	1179182	1659	1
S1015381	96	Port Input	14	1189537	12015	1
S1015381	96	Response	22	1189537	12015	1
S1015381	97	Picture	20	1189605	0	1	12569	1	0	next	hit	2228
S1015381	97	Port Input	15	1191185	1579	1
S1015381	97	Port Input	14	1191185	1579	1
S1015381	97	Port Input	15	1191185	1580	1
S1015381	97	Port Input	14	1191185	1580	1
S1015381	97	Port Input	15	1191185	1580	1
S1015381	97	Port Input	14	1191185	1580	1
S1015381	97	Port Input	15	1191185	1580	1
S1015381	97	Port Input	14	1191185	1580	1
S1015381	97	Port Input	15	1191186	1580	1
S1015381	97	Port Input	14	1191186	1580	1
S1015381	97	Port Input	15	1191186	1581	1
S1015381	97	Port Input	14	1191186	1581	1
S1015381	97	Port Input	15	1191187	1581	1
S1015381	97	Port Input	14	1191188	1582	1
S1015381	97	Port Input	15	1191188	1583	1
S1015381	97	Port Input	14	1202145	12539	1
S1015381	97	Response	22	1202145	12539	1
S1015381	98	Picture	20	1202174	0	1	13402	1	0	next	hit	2268
S1015381	98	Port Input	15	1203733	1559	1
S1015381	98	Port Input	14	1203733	1559	1
S1015381	98	Port Input	15	1203735	1561	1
S1015381	98	Port Input	14	1203735	1561	1
S1015381	98	Port Input	15	1203735	1561	1
S1015381	98	Port Input	14	1203735	1561	1
S1015381	98	Port Input	15	1203736	1561	1
S1015381	98	Port Input	14	1203736	1561	1
S1015381	98	Port Input	15	1203736	1561	1
S1015381	98	Port Input	14	1203736	1561	1
S1015381	98	Port Input	15	1203736	1562	1
S1015381	98	Port Input	14	1203736	1562	1
S1015381	98	Port Input	15	1203736	1562	1
S1015381	98	Port Input	14	1203736	1562	1
S1015381	98	Port Input	15	1203736	1562	1
S1015381	98	Port Input	14	1203736	1562	1
S1015381	98	Port Input	15	1203737	1562	1
S1015381	98	Port Input	14	1203737	1562	1
S1015381	98	Port Input	15	1203737	1563	1
S1015381	98	Port Input	14	1203737	1563	1
S1015381	98	Port Input	15	1203737	1563	1
S1015381	98	Port Input	14	1203737	1563	1
S1015381	98	Port Input	15	1203737	1563	1
S1015381	98	Port Input	14	1203737	1563	1
S1015381	98	Port Input	15	1203737	1563	1
S1015381	98	Port Input	14	1203737	1563	1
S1015381	98	Port Input	15	1203738	1563	1
S1015381	98	Port Input	14	1203738	1563	1
S1015381	98	Port Input	15	1203738	1563	1
S1015381	98	Port Input	14	1203738	1563	1
S1015381	98	Port Input	15	1203738	1564	1
S1015381	98	Port Input	14	1203738	1564	1
S1015381	98	Port Input	15	1203738	1564	1
S1015381	98	Port Input	14	1203738	1564	1
S1015381	98	Port Input	15	1203738	1564	1
S1015381	98	Port Input	14	1203738	1564	1
S1015381	98	Port Input	15	1203739	1564	1
S1015381	98	Port Input	14	1215544	13369	1
S1015381	98	Response	22	1215544	13369	1
S1015381	98	Port Input	15	1215544	13370	1
S1015381	98	Port Input	14	1215544	13370	1
S1015381	98	Port Input	15	1215544	13370	1
S1015381	98	Port Input	14	1215544	13370	2
S1015381	99	Picture	20	1215577	0	1	14930	1	0	next	hit	2292
S1015381	99	Port Input	15	1217315	1738	1
S1015381	99	Port Input	14	1217315	1738	1
S1015381	99	Port Input	15	1217316	1739	1
S1015381	99	Port Input	14	1217316	1739	1
S1015381	99	Port Input	15	1217317	1740	1
S1015381	99	Port Input	14	1217317	1740	1
S1015381	99	Port Input	15	1217317	1741	1
S1015381	99	Port Input	14	1217318	1741	1
S1015381	99	Port Input	15	1217318	1741	1
S1015381	99	Port Input	14	1217318	1741	1
S1015381	99	Port Input	15	1217318	1741	1
S1015381	99	Port Input	14	1217318	1741	1
S1015381	99	Port Input	15	1217318	1741	1
S1015381	99	Port Input	14	1217318	1741	1
S1015381	99	Port Input	15	1217318	1742	1
S1015381	99	Port Input	14	1217318	1742	1
S1015381	99	Port Input	15	1217319	1742	1
S1015381	99	Port Input	14	1230487	14911	1
S1015381	99	Response	22	1230487	14911	1
S1015381	100	Picture	20	1230507	0	1	12361	1	0	next	hit	2312
S1015381	100	Port Input	15	1232094	1588	1
S1015381	100	Port Input	14	1232094	1588	1
S1015381	100	Port Input	15	1232095	1588	1
S1015381	100	Port Input	14	1232095	1588	1
S1015381	100	Port Input	15	1232095	1588	1
S1015381	100	Port Input	14	1232095	1588	1
S1015381	100	Port Input	15	1232095	1589	1
S1015381	100	Port Input	14	1232095	1589	1
S1015381	100	Port Input	15	1232096	1589	1
S1015381	100	Port Input	14	1232096	1589	1
S1015381	100	Port Input	15	1232096	1589	1
S1015381	100	Port Input	14	1232096	1589	1
S1015381	100	Port Input	15	1232096	1589	1
S1015381	100	Port Input	14	1232096	1589	1
S1015381	100	Port Input	15	1232096	1590	1
S1015381	100	Port Input	14	1232097	1590	1
S1015381	100	Port Input	15	1232097	1590	1
S1015381	100	Port Input	14	1242823	12316	1
S1015381	100	Response	22	1242823	12316	1
S1015381	100	Port Input	15	1242823	12317	1
S1015381	100	Port Input	14	1242824	12317	6
S1015381	101	Picture	20	1242867	0	1	12986	1	0	next	hit	2320
S1015381	101	Port Input	15	1244758	1890	1
S1015381	101	Port Input	14	1244758	1890	1
S1015381	101	Port Input	15	1244758	1891	1
S1015381	101	Port Input	14	1255817	12950	1
S1015381	101	Response	22	1255817	12950	1
S1015381	101	Port Input	15	1255817	12950	1
S1015381	101	Port Input	14	1255818	12951	4
S1015381	101	Port Input	15	1255822	12954	1
S1015381	101	Port Input	14	1255822	12954	1
S1015381	101	Port Input	15	1255822	12955	1
S1015381	101	Port Input	14	1255822	12955	1
S1015381	101	Port Input	15	1255823	12956	1
S1015381	101	Port Input	14	1255823	12956	1
S1015381	101	Port Input	15	1255825	12958	1
S1015381	101	Port Input	14	1255825	12958	1
S1015381	101	Port Input	15	1255826	12959	1
S1015381	101	Port Input	14	1255826	12959	1
S1015381	101	Port Input	15	1255829	12962	1
S1015381	101	Port Input	14	1255829	12962	1
S1015381	101	Port Input	15	1255830	12963	1
S1015381	101	Port Input	14	1255830	12963	1
S1015381	101	Port Input	15	1255833	12965	1
S1015381	101	Port Input	14	1255833	12965	1
S1015381	102	Picture	20	1255853	0	1	13055	1	0	next	hit	2362
S1015381	102	Port Input	15	1257473	1620	1
S1015381	102	Port Input	14	1257473	1620	1
S1015381	102	Port Input	15	1257473	1620	1
S1015381	102	Port Input	14	1257473	1620	1
S1015381	102	Port Input	15	1257474	1621	1
S1015381	102	Port Input	14	1257474	1621	1
S1015381	102	Port Input	15	1257474	1621	1
S1015381	102	Port Input	14	1257474	1621	1
S1015381	102	Port Input	15	1257474	1622	1
S1015381	102	Port Input	14	1257474	1622	1
S1015381	102	Port Input	15	1257475	1622	1
S1015381	102	Port Input	14	1257475	1622	1
S1015381	102	Port Input	15	1257475	1622	1
S1015381	102	Port Input	14	1257475	1622	1
S1015381	102	Port Input	15	1257475	1622	1
S1015381	102	Port Input	14	1257475	1622	1
S1015381	102	Port Input	15	1257475	1622	1
S1015381	102	Port Input	14	1257475	1623	1
S1015381	102	Port Input	15	1257475	1623	1
S1015381	102	Port Input	14	1257476	1623	1
S1015381	102	Port Input	15	1257476	1624	1
S1015381	102	Port Input	14	1268386	12533	1
S1015381	102	Response	22	1268386	12533	1
S1015381	102	Port Input	15	1268386	12533	1
S1015381	102	Port Input	14	1268386	12533	2
S1015381	102	Port Input	15	1268388	12535	1
S1015381	102	Port Input	14	1268388	12535	1
S1015381	102	Port Input	15	1268388	12535	1
S1015381	102	Port Input	14	1268388	12535	1
S1015381	103	Port Input	15	1270233	1826	1
S1015381	103	Port Input	14	1270233	1826	1
S1015381	103	Port Input	15	1270234	1826	1
S1015381	103	Port Input	14	1270234	1826	1
S1015381	103	Port Input	15	1270234	1826	1
S1015381	103	Port Input	14	1270234	1826	1
S1015381	103	Port Input	15	1270234	1826	1
S1015381	103	Port Input	14	1270234	1826	1
S1015381	103	Port Input	15	1270234	1827	1
