Scenario - Button
Logfile written - 01/06/2024 11:33:18

Subject	Trial	Event Type	Code	Time	TTime	Uncertainty	Duration	Uncertainty	ReqTime	ReqDur	Stim Type	Pair Index

S1015351	1	Picture	start	32	0	1	40554	33	0	next	other	0
S1015351	3	Picture	20	45100	0	1	10277	1	0	next	hit	4
S1015351	3	Port Input	14	55369	10268	1
S1015351	3	Response	22	55369	10268	1
S1015351	4	Picture	20	55378	0	1	18333	1	0	next	hit	16
S1015351	4	Port Input	15	61744	6366	1
S1015351	4	Port Input	14	61744	6366	1
S1015351	4	Port Input	15	61744	6366	1
S1015351	4	Port Input	14	61744	6366	1
S1015351	4	Port Input	15	61746	6368	1
S1015351	4	Port Input	14	61746	6368	1
S1015351	4	Port Input	15	61748	6371	1
S1015351	4	Port Input	14	61748	6371	1
S1015351	4	Port Input	15	61748	6371	1
S1015351	4	Port Input	14	73640	18262	1
S1015351	4	Response	22	73640	18262	1
S1015351	5	Picture	20	73710	0	1	18333	1	0	next	hit	20
S1015351	5	Port Input	15	80754	7043	1
S1015351	5	Port Input	14	91999	18289	1
S1015351	5	Response	22	91999	18289	1
S1015351	6	Picture	20	92043	0	1	18819	1	0	next	hit	24
S1015351	6	Port Input	15	98934	6891	1
S1015351	6	Port Input	14	110806	18763	1
S1015351	6	Response	22	110806	18763	1
S1015351	7	Picture	20	110862	0	1	18263	1	0	next	hit	28
S1015351	7	Port Input	15	117242	6380	1
S1015351	7	Port Input	14	129104	18242	1
S1015351	7	Response	22	129104	18242	1
S1015351	7	Port Input	15	129105	18243	1
S1015351	7	Port Input	14	129105	18243	1
S1015351	8	Picture	20	129125	0	1	18610	1	0	next	hit	38
S1015351	8	Port Input	15	135973	6848	1
S1015351	8	Port Input	14	135973	6848	1
S1015351	8	Port Input	15	135973	6849	1
S1015351	8	Port Input	14	135973	6849	1
S1015351	8	Port Input	15	135974	6849	1
S1015351	8	Port Input	14	147683	18558	1
S1015351	8	Response	22	147683	18558	1
S1015351	9	Picture	20	147735	0	1	19027	1	0	next	hit	48
S1015351	9	Port Input	15	154880	7145	1
S1015351	9	Port Input	14	154880	7145	1
S1015351	9	Port Input	15	154880	7145	1
S1015351	9	Port Input	14	154880	7145	1
S1015351	9	Port Input	15	154881	7145	1
S1015351	9	Port Input	14	154881	7145	1
S1015351	9	Port Input	15	154881	7146	1
S1015351	9	Port Input	14	166741	19006	1
S1015351	9	Response	22	166741	19006	1
S1015351	10	Picture	20	166762	0	1	18333	1	0	next	hit	52
S1015351	10	Port Input	15	172988	6225	1
S1015351	10	Port Input	14	185079	18317	1
S1015351	10	Response	22	185079	18317	1
S1015351	11	Picture	20	185095	0	1	19097	1	0	next	hit	60
S1015351	11	Port Input	15	191658	6563	1
S1015351	11	Port Input	14	191658	6563	1
S1015351	11	Port Input	15	191658	6563	1
S1015351	11	Port Input	14	191658	6563	1
S1015351	11	Port Input	15	191658	6563	1
S1015351	11	Port Input	14	204173	19078	1
S1015351	11	Response	22	204173	19078	1
S1015351	11	Port Input	15	204173	19078	1
S1015351	11	Port Input	14	204174	19079	3
S1015351	12	Picture	20	204192	0	1	19721	1	0	next	hit	76
S1015351	12	Port Input	15	211047	6855	1
S1015351	12	Port Input	14	211047	6855	1
S1015351	12	Port Input	15	211047	6855	1
S1015351	12	Port Input	14	211047	6855	1
S1015351	12	Port Input	15	211047	6856	1
S1015351	12	Port Input	14	211047	6856	1
S1015351	12	Port Input	15	211048	6856	1
S1015351	12	Port Input	14	211048	6856	1
S1015351	12	Port Input	15	211048	6857	1
S1015351	12	Port Input	14	211048	6857	1
S1015351	12	Port Input	15	211049	6857	1
S1015351	12	Port Input	14	223877	19686	1
S1015351	12	Response	22	223877	19686	1
S1015351	13	Picture	20	223913	0	1	18263	1	0	next	hit	90
S1015351	13	Port Input	15	229675	5762	1
S1015351	13	Port Input	14	229675	5762	1
S1015351	13	Port Input	15	229676	5763	1
S1015351	13	Port Input	14	229676	5763	1
S1015351	13	Port Input	15	229676	5763	1
S1015351	13	Port Input	14	229676	5763	1
S1015351	13	Port Input	15	229677	5763	1
S1015351	13	Port Input	14	229677	5764	1
S1015351	13	Port Input	15	229677	5764	1
S1015351	13	Port Input	14	229677	5764	1
S1015351	13	Port Input	15	229677	5764	1
S1015351	13	Port Input	14	242147	18234	1
S1015351	13	Response	22	242147	18234	1
S1015351	14	Picture	20	242176	0	1	19027	1	0	next	hit	94
S1015351	14	Port Input	15	249016	6840	1
S1015351	14	Port Input	14	261175	18999	1
S1015351	14	Response	22	261175	18999	1
S1015351	15	Picture	20	261203	0	1	19305	1	0	next	hit	112
S1015351	15	Port Input	15	267280	6077	1
S1015351	15	Port Input	14	267280	6077	1
S1015351	15	Port Input	15	267281	6077	1
S1015351	15	Port Input	14	267281	6077	1
S1015351	15	Port Input	15	267282	6078	1
S1015351	15	Port Input	14	267282	6078	1
S1015351	15	Port Input	15	267282	6079	1
S1015351	15	Port Input	14	267282	6079	1
S1015351	15	Port Input	15	267282	6079	1
S1015351	15	Port Input	14	267283	6079	1
S1015351	15	Port Input	15	267283	6080	1
S1015351	15	Port Input	14	267283	6080	1
S1015351	15	Port Input	15	267283	6080	1
S1015351	15	Port Input	14	267283	6080	1
S1015351	15	Port Input	15	267284	6080	1
S1015351	15	Port Input	14	280477	19273	1
S1015351	15	Response	22	280477	19273	1
S1015351	16	Picture	20	280508	0	1	17569	1	0	next	hit	116
S1015351	16	Port Input	15	286955	6447	1
S1015351	16	Port Input	14	298065	17557	1
S1015351	16	Response	22	298065	17557	1
S1015351	17	Picture	20	298077	0	1	18472	1	0	next	hit	120
S1015351	17	Port Input	15	305144	7067	1
S1015351	17	Port Input	14	316475	18397	1
S1015351	17	Response	22	316475	18397	1
S1015351	18	Picture	20	316549	0	1	18194	1	0	next	hit	128
S1015351	18	Port Input	15	323131	6583	1
S1015351	18	Port Input	14	323131	6583	1
S1015351	18	Port Input	15	323131	6583	1
S1015351	18	Port Input	14	323131	6583	1
S1015351	18	Port Input	15	323132	6583	1
S1015351	18	Port Input	14	334676	18127	1
S1015351	18	Response	22	334676	18127	1
S1015351	19	Picture	20	334742	0	1	19860	1	0	next	hit	132
S1015351	19	Port Input	15	341624	6881	1
S1015351	19	Port Input	14	354572	19830	1
S1015351	19	Response	22	354572	19830	1
S1015351	20	Picture	20	354603	0	1	19722	1	0	next	hit	138
S1015351	20	Port Input	15	361850	7247	1
S1015351	20	Port Input	14	361850	7247	1
S1015351	20	Port Input	15	361850	7248	1
S1015351	20	Port Input	14	374301	19698	1
S1015351	20	Response	22	374301	19698	1
S1015351	21	Picture	20	374324	0	1	19097	1	0	next	hit	142
S1015351	21	Port Input	15	380861	6537	1
S1015351	21	Port Input	14	393361	19037	1
S1015351	21	Response	22	393361	19037	1
S1015351	21	Port Input	15	393361	19037	1
S1015351	21	Port Input	14	393362	19038	3
S1015351	22	Picture	20	393421	0	1	18958	1	0	next	hit	152
S1015351	22	Port Input	15	399984	6563	1
S1015351	22	Port Input	14	399984	6563	1
S1015351	22	Port Input	15	399985	6564	1
S1015351	22	Port Input	14	399985	6564	1
S1015351	22	Port Input	15	399986	6565	1
S1015351	22	Port Input	14	412324	18903	1
S1015351	22	Response	22	412324	18903	1
S1015351	23	Picture	20	412379	0	1	60901	1	0	next	hit	158
S1015351	23	Port Input	15	420214	7836	1
S1015351	23	Port Input	14	420214	7836	1
S1015351	23	Port Input	15	420215	7836	1
S1015351	23	Port Input	14	473230	60851	1
S1015351	23	Response	22	473230	60851	1
S1015351	24	Picture	20	473279	0	1	18263	1	0	next	hit	164
S1015351	24	Port Input	15	479660	6381	1
S1015351	24	Port Input	14	479660	6381	1
S1015351	24	Port Input	15	479661	6382	1
S1015351	24	Port Input	14	491494	18215	1
S1015351	24	Response	22	491494	18215	1
S1015351	24	Port Input	15	491494	18215	1
S1015351	24	Port Input	14	491494	18215	1
S1015351	25	Picture	20	491542	0	1	17569	1	0	next	hit	174
S1015351	25	Port Input	15	498237	6695	1
S1015351	25	Port Input	14	498237	6695	1
S1015351	25	Port Input	15	498237	6695	1
S1015351	25	Port Input	14	498237	6695	1
S1015351	25	Port Input	15	498237	6695	1
S1015351	25	Port Input	14	509066	17523	1
S1015351	25	Response	22	509066	17523	1
S1015351	26	Picture	20	509111	0	1	17499	1	0	next	hit	182
S1015351	26	Port Input	15	515578	6466	1
S1015351	26	Port Input	14	515578	6466	1
S1015351	26	Port Input	15	515578	6467	1
S1015351	26	Port Input	14	515578	6467	1
S1015351	26	Port Input	15	515578	6467	1
S1015351	26	Port Input	14	526570	17459	1
S1015351	26	Response	22	526570	17459	1
S1015351	27	Picture	20	526611	0	1	18194	1	0	next	hit	186
S1015351	27	Port Input	15	533205	6594	1
S1015351	27	Port Input	14	544746	18136	1
S1015351	27	Response	22	544746	18136	1
S1015351	27	Port Input	15	544746	18136	1
S1015351	27	Port Input	14	544747	18136	1
S1015351	28	Picture	20	544804	0	1	17638	1	0	next	hit	216
S1015351	28	Port Input	15	551391	6587	1
S1015351	28	Port Input	14	551391	6587	1
S1015351	28	Port Input	15	551391	6587	1
S1015351	28	Port Input	14	551391	6587	1
S1015351	28	Port Input	15	551391	6587	1
S1015351	28	Port Input	14	551391	6587	1
S1015351	28	Port Input	15	551392	6587	1
S1015351	28	Port Input	14	551392	6587	1
S1015351	28	Port Input	15	551392	6588	1
S1015351	28	Port Input	14	551392	6588	1
S1015351	28	Port Input	15	551392	6588	1
S1015351	28	Port Input	14	551392	6588	1
S1015351	28	Port Input	15	551392	6588	1
S1015351	28	Port Input	14	551392	6588	1
S1015351	28	Port Input	15	551392	6588	1
S1015351	28	Port Input	14	551393	6588	1
S1015351	28	Port Input	15	551393	6588	1
S1015351	28	Port Input	14	551393	6588	1
S1015351	28	Port Input	15	551393	6589	1
S1015351	28	Port Input	14	551394	6589	1
S1015351	28	Port Input	15	551394	6590	1
S1015351	28	Port Input	14	551394	6590	1
S1015351	28	Port Input	15	551395	6590	1
S1015351	28	Port Input	14	551395	6590	1
S1015351	28	Port Input	15	551395	6590	1
S1015351	28	Port Input	14	562414	17610	1
S1015351	28	Response	22	562414	17610	1
S1015351	28	Port Input	15	562414	17610	1
S1015351	28	Port Input	14	562414	17610	1
S1015351	29	Picture	20	562443	0	1	17847	1	0	next	hit	222
S1015351	29	Port Input	15	569052	6609	1
S1015351	29	Port Input	14	580221	17779	1
S1015351	29	Response	22	580221	17779	1
S1015351	30	Picture	20	580289	0	1	17638	1	0	next	hit	226
S1015351	30	Port Input	15	586786	6497	1
S1015351	30	Port Input	14	597900	17611	1
S1015351	30	Response	22	597900	17611	1
S1015351	30	Port Input	15	597901	17611	1
S1015351	30	Port Input	14	597901	17612	1
S1015351	31	Picture	20	597927	0	1	18124	1	0	next	hit	232
S1015351	31	Port Input	15	604366	6439	1
S1015351	31	Port Input	14	616044	18117	1
S1015351	31	Response	22	616044	18117	1
S1015351	32	Picture	20	616052	0	1	17013	1	0	next	hit	246
S1015351	32	Port Input	15	621950	5898	1
S1015351	32	Port Input	14	621950	5899	1
S1015351	32	Port Input	15	621950	5899	1
S1015351	32	Port Input	14	621950	5899	1
S1015351	32	Port Input	15	621950	5899	1
S1015351	32	Port Input	14	621950	5899	1
S1015351	32	Port Input	15	621951	5899	1
S1015351	32	Port Input	14	621951	5899	1
S1015351	32	Port Input	15	621951	5899	1
S1015351	32	Port Input	14	621951	5899	1
S1015351	32	Port Input	15	621951	5899	1
S1015351	32	Port Input	14	633023	16971	1
S1015351	32	Response	22	633023	16971	1
S1015351	32	Port Input	15	633023	16971	1
S1015351	32	Port Input	14	633023	16971	1
S1015351	33	Picture	20	633065	0	1	17777	1	0	next	hit	254
S1015351	33	Port Input	15	639524	6459	1
S1015351	33	Port Input	14	639524	6459	1
S1015351	33	Port Input	15	639524	6459	1
S1015351	33	Port Input	14	650789	17724	1
S1015351	33	Response	22	650789	17724	1
S1015351	33	Port Input	15	650789	17724	1
S1015351	33	Port Input	14	650790	17725	3
S1015351	34	Picture	20	650842	0	1	17708	1	0	next	hit	262
S1015351	34	Port Input	15	657403	6561	1
S1015351	34	Port Input	14	657403	6561	1
S1015351	34	Port Input	15	657403	6561	1
S1015351	34	Port Input	14	668488	17646	1
S1015351	34	Response	22	668488	17646	1
S1015351	35	Picture	20	668550	0	1	17013	1	0	next	hit	268
S1015351	35	Port Input	15	674443	5893	1
S1015351	35	Port Input	14	674443	5893	1
S1015351	35	Port Input	15	674443	5894	1
S1015351	35	Port Input	14	685492	16942	1
S1015351	35	Response	22	685492	16942	1
S1015351	36	Picture	20	685563	0	1	17986	1	0	next	hit	276
S1015351	36	Port Input	15	692172	6609	1
S1015351	36	Port Input	14	692172	6609	1
S1015351	36	Port Input	15	692172	6609	1
S1015351	36	Port Input	14	692172	6609	1
S1015351	36	Port Input	15	692172	6609	1
S1015351	36	Port Input	14	703485	17922	1
S1015351	36	Response	22	703485	17922	1
S1015351	36	Port Input	15	703485	17922	1
S1015351	36	Port Input	14	703485	17922	1
S1015351	37	Picture	20	703549	0	1	17291	1	0	next	hit	304
S1015351	37	Port Input	15	709767	6218	1
S1015351	37	Port Input	14	709767	6219	1
S1015351	37	Port Input	15	709767	6219	1
S1015351	37	Port Input	14	709767	6219	1
S1015351	37	Port Input	15	709767	6219	1
S1015351	37	Port Input	14	709767	6219	1
S1015351	37	Port Input	15	709768	6219	1
S1015351	37	Port Input	14	709768	6219	1
S1015351	37	Port Input	15	709768	6219	1
S1015351	37	Port Input	14	709768	6219	1
S1015351	37	Port Input	15	709768	6220	1
S1015351	37	Port Input	14	709768	6220	1
S1015351	37	Port Input	15	709768	6220	1
S1015351	37	Port Input	14	709768	6220	1
S1015351	37	Port Input	15	709769	6220	1
S1015351	37	Port Input	14	709769	6220	1
S1015351	37	Port Input	15	709770	6221	1
S1015351	37	Port Input	14	709770	6221	1
S1015351	37	Port Input	15	709770	6221	1
S1015351	37	Port Input	14	709770	6221	1
S1015351	37	Port Input	15	709770	6221	1
S1015351	37	Port Input	14	709770	6222	1
S1015351	37	Port Input	15	709770	6222	1
S1015351	37	Port Input	14	720814	17265	1
S1015351	37	Response	22	720814	17265	1
S1015351	38	Picture	20	720840	0	1	16944	1	0	next	hit	308
S1015351	38	Port Input	15	727177	6337	1
S1015351	38	Port Input	14	737748	16908	1
S1015351	38	Response	22	737748	16908	1
S1015351	38	Port Input	15	737748	16908	1
S1015351	38	Port Input	14	737748	16908	1
S1015351	39	Picture	20	737783	0	1	17222	1	0	next	hit	330
S1015351	39	Port Input	15	743768	5985	1
S1015351	39	Port Input	14	743769	5985	1
S1015351	39	Port Input	15	743769	5985	1
S1015351	39	Port Input	14	743769	5985	1
S1015351	39	Port Input	15	743769	5985	1
S1015351	39	Port Input	14	743769	5985	1
S1015351	39	Port Input	15	743769	5986	1
S1015351	39	Port Input	14	743769	5986	1
S1015351	39	Port Input	15	743770	5986	1
S1015351	39	Port Input	14	743770	5986	1
S1015351	39	Port Input	15	743770	5987	1
S1015351	39	Port Input	14	743770	5987	1
S1015351	39	Port Input	15	743770	5987	1
S1015351	39	Port Input	14	743770	5987	1
S1015351	39	Port Input	15	743770	5987	1
S1015351	39	Port Input	14	743770	5987	1
S1015351	39	Port Input	15	743770	5987	1
S1015351	39	Port Input	14	754949	17165	1
S1015351	39	Response	22	754949	17165	1
S1015351	40	Picture	20	755005	0	1	17708	1	0	next	hit	334
S1015351	40	Port Input	15	761633	6628	1
S1015351	40	Port Input	14	772665	17661	1
S1015351	40	Response	22	772665	17661	1
S1015351	40	Port Input	15	772666	17661	1
S1015351	40	Port Input	14	772666	17661	1
S1015351	41	Picture	20	772713	0	1	17361	1	0	next	hit	360
S1015351	41	Port Input	15	779527	6814	1
S1015351	41	Port Input	14	779527	6814	1
S1015351	41	Port Input	15	779527	6815	1
S1015351	41	Port Input	14	779528	6815	1
S1015351	41	Port Input	15	779528	6815	1
S1015351	41	Port Input	14	779528	6815	1
S1015351	41	Port Input	15	779529	6816	1
S1015351	41	Port Input	14	779529	6816	1
S1015351	41	Port Input	15	779530	6817	1
S1015351	41	Port Input	14	779530	6817	1
S1015351	41	Port Input	15	779530	6818	1
S1015351	41	Port Input	14	779530	6818	1
S1015351	41	Port Input	15	779531	6818	1
S1015351	41	Port Input	14	779531	6818	1
S1015351	41	Port Input	15	779531	6819	1
S1015351	41	Port Input	14	779531	6819	1
S1015351	41	Port Input	15	779532	6819	1
S1015351	41	Port Input	14	779532	6819	1
S1015351	41	Port Input	15	779532	6820	1
S1015351	41	Port Input	14	779532	6820	1
S1015351	41	Port Input	15	779532	6820	1
S1015351	41	Port Input	14	790062	17350	1
S1015351	41	Response	22	790062	17350	1
S1015351	41	Port Input	15	790063	17350	1
S1015351	41	Port Input	14	790063	17350	1
S1015351	41	Port Input	15	790066	17353	1
S1015351	41	Port Input	14	790066	17354	1
S1015351	41	Port Input	15	790067	17354	1
S1015351	41	Port Input	14	790067	17354	1
S1015351	41	Port Input	15	790067	17355	1
S1015351	41	Port Input	14	790068	17355	1
S1015351	42	Picture	20	790073	0	1	17708	1	0	next	hit	382
S1015351	42	Port Input	15	796481	6408	1
S1015351	42	Port Input	14	796481	6408	1
S1015351	42	Port Input	15	796483	6410	1
S1015351	42	Port Input	14	796483	6410	1
S1015351	42	Port Input	15	796483	6410	1
S1015351	42	Port Input	14	796483	6410	1
S1015351	42	Port Input	15	796483	6410	1
S1015351	42	Port Input	14	796483	6410	1
S1015351	42	Port Input	15	796484	6411	1
S1015351	42	Port Input	14	796484	6411	1
S1015351	42	Port Input	15	796485	6411	1
S1015351	42	Port Input	14	807708	17635	1
S1015351	42	Response	22	807708	17635	1
S1015351	43	Picture	20	807781	0	1	19374	1	0	next	hit	390
S1015351	43	Port Input	15	814895	7114	1
S1015351	43	Port Input	14	814895	7114	1
S1015351	43	Port Input	15	814895	7114	1
S1015351	43	Port Input	14	814895	7114	1
S1015351	43	Port Input	15	814895	7114	1
S1015351	43	Port Input	14	827119	19338	1
S1015351	43	Response	22	827119	19338	1
S1015351	44	Picture	20	827155	0	1	17499	1	0	next	hit	406
S1015351	44	Port Input	15	833571	6416	1
S1015351	44	Port Input	14	833571	6416	1
S1015351	44	Port Input	15	833571	6416	1
S1015351	44	Port Input	14	833571	6416	1
S1015351	44	Port Input	15	833572	6417	1
S1015351	44	Port Input	14	833572	6417	1
S1015351	44	Port Input	15	833572	6417	1
S1015351	44	Port Input	14	833572	6417	1
S1015351	44	Port Input	15	833573	6417	1
S1015351	44	Port Input	14	833573	6417	1
S1015351	44	Port Input	15	833574	6419	1
S1015351	44	Port Input	14	833574	6419	1
S1015351	44	Port Input	15	833574	6419	1
S1015351	44	Port Input	14	844618	17462	1
S1015351	44	Response	22	844618	17462	1
S1015351	44	Port Input	15	844618	17463	1
S1015351	44	Port Input	14	844619	17464	4
S1015351	45	Picture	20	844655	0	1	23749	1	0	next	hit	414
S1015351	45	Port Input	15	851257	6603	1
S1015351	45	Port Input	14	851257	6603	1
S1015351	45	Port Input	15	851258	6603	1
S1015351	45	Port Input	14	868348	23694	1
S1015351	45	Response	22	868348	23694	1
S1015351	45	Port Input	15	868349	23694	1
S1015351	45	Port Input	14	868349	23694	1
S1015351	45	Port Input	15	868350	23695	3
S1015351	45	Port Input	14	868352	23698	1
S1015351	46	Picture	20	868404	0	1	14305	1	0	next	hit	422
S1015351	46	Port Input	15	871054	2651	1
S1015351	46	Port Input	14	882694	14291	1
S1015351	46	Response	22	882694	14291	1
S1015351	47	Picture	20	882709	0	1	18124	1	0	next	hit	426
S1015351	47	Port Input	15	889328	6619	1
S1015351	47	Port Input	14	900801	18092	1
S1015351	47	Response	22	900801	18092	1
S1015351	48	Picture	20	900833	0	1	17916	1	0	next	hit	452
S1015351	48	Port Input	15	907075	6242	1
S1015351	48	Port Input	14	907075	6242	1
S1015351	48	Port Input	15	907075	6242	1
S1015351	48	Port Input	14	907075	6242	1
S1015351	48	Port Input	15	907075	6242	1
S1015351	48	Port Input	14	907075	6242	1
S1015351	48	Port Input	15	907075	6242	1
S1015351	48	Port Input	14	907075	6242	1
S1015351	48	Port Input	15	907075	6242	1
S1015351	48	Port Input	14	907075	6242	1
S1015351	48	Port Input	15	907075	6242	1
S1015351	48	Port Input	14	907075	6242	1
S1015351	48	Port Input	15	907076	6243	1
S1015351	48	Port Input	14	907076	6243	1
S1015351	48	Port Input	15	907076	6243	1
S1015351	48	Port Input	14	907076	6243	1
S1015351	48	Port Input	15	907076	6243	1
S1015351	48	Port Input	14	907076	6243	1
S1015351	48	Port Input	15	907085	6252	1
S1015351	48	Port Input	14	907086	6253	1
S1015351	48	Port Input	15	907086	6253	1
S1015351	48	Port Input	14	907086	6253	1
S1015351	48	Port Input	15	907086	6253	1
S1015351	48	Port Input	14	918688	17855	1
S1015351	48	Response	22	918688	17855	1
S1015351	48	Port Input	15	918688	17855	1
S1015351	48	Port Input	14	918688	17855	1
S1015351	49	Picture	20	918749	0	1	18541	1	0	next	hit	466
S1015351	49	Port Input	15	924574	5825	1
S1015351	49	Port Input	14	924574	5825	1
S1015351	49	Port Input	15	924575	5826	1
S1015351	49	Port Input	14	924575	5826	1
S1015351	49	Port Input	15	924575	5826	1
S1015351	49	Port Input	14	924575	5826	1
S1015351	49	Port Input	15	924575	5826	1
S1015351	49	Port Input	14	924575	5826	1
S1015351	49	Port Input	15	924575	5826	1
S1015351	49	Port Input	14	937260	18511	1
S1015351	49	Response	22	937260	18511	1
S1015351	49	Port Input	15	937260	18511	1
S1015351	49	Port Input	14	937261	18512	1
S1015351	50	Picture	20	937290	0	1	18333	1	0	next	hit	480
S1015351	50	Port Input	15	943050	5760	1
S1015351	50	Port Input	14	943050	5760	1
S1015351	50	Port Input	15	943053	5763	1
S1015351	50	Port Input	14	943053	5763	1
S1015351	50	Port Input	15	943054	5764	1
S1015351	50	Port Input	14	943054	5764	1
S1015351	50	Port Input	15	943056	5766	1
S1015351	50	Port Input	14	943056	5766	1
S1015351	50	Port Input	15	943056	5766	1
S1015351	50	Port Input	14	955555	18265	1
S1015351	50	Response	22	955555	18265	1
S1015351	50	Port Input	15	955556	18266	1
S1015351	50	Port Input	14	955556	18266	1
S1015351	51	Picture	20	955623	0	1	19305	1	0	next	hit	490
S1015351	51	Port Input	15	961434	5811	1
S1015351	51	Port Input	14	961434	5811	1
S1015351	51	Port Input	15	961434	5812	1
S1015351	51	Port Input	14	961434	5812	1
S1015351	51	Port Input	15	961435	5812	1
S1015351	51	Port Input	14	974916	19294	1
S1015351	51	Response	22	974916	19294	1
S1015351	52	Picture	20	974928	0	1	20346	1	0	next	hit	496
S1015351	52	Port Input	15	981996	7068	1
S1015351	52	Port Input	14	981996	7069	1
S1015351	52	Port Input	15	981996	7069	1
S1015351	52	Port Input	14	995267	20339	1
S1015351	52	Response	22	995267	20339	1
S1015351	53	Picture	20	995274	0	1	21874	1	0	next	hit	500
S1015351	53	Port Input	15	1001876	6602	1
S1015351	53	Port Input	14	1017119	21845	1
S1015351	53	Response	22	1017119	21845	1
S1015351	53	Port Input	15	1017122	21848	1
S1015351	53	Port Input	14	1017123	21849	1
S1015351	53	Port Input	15	1017123	21849	1
S1015351	53	Port Input	14	1017124	21850	1
S1015351	53	Port Input	15	1017124	21850	1
S1015351	53	Port Input	14	1017124	21850	1
S1015351	53	Port Input	15	1017125	21851	1
S1015351	53	Port Input	14	1017125	21851	1
S1015351	53	Port Input	15	1017125	21851	1
S1015351	53	Port Input	14	1017125	21851	1
S1015351	53	Port Input	15	1017126	21852	1
S1015351	53	Port Input	14	1017126	21852	1
S1015351	53	Port Input	15	1017127	21853	1
S1015351	53	Port Input	14	1017127	21853	1
S1015351	54	Picture	20	1017148	0	1	17638	1	0	next	hit	524
S1015351	54	Port Input	15	1022656	5508	1
S1015351	54	Port Input	14	1022656	5508	1
S1015351	54	Port Input	15	1022657	5509	1
S1015351	54	Port Input	14	1022657	5509	1
S1015351	54	Port Input	15	1022657	5509	1
S1015351	54	Port Input	14	1022657	5509	1
S1015351	54	Port Input	15	1022657	5509	1
S1015351	54	Port Input	14	1034717	17569	1
S1015351	54	Response	22	1034717	17569	1
S1015351	54	Port Input	15	1034717	17569	1
S1015351	54	Port Input	14	1034717	17569	1
S1015351	55	Picture	20	1034787	0	1	20694	1	0	next	hit	530
S1015351	55	Port Input	15	1040757	5970	1
S1015351	55	Port Input	14	1055461	20675	1
S1015351	55	Response	22	1055461	20675	1
S1015351	55	Port Input	15	1055461	20675	1
S1015351	55	Port Input	14	1055461	20675	1
S1015351	56	Picture	20	1055480	0	1	20485	1	0	next	hit	552
S1015351	56	Port Input	15	1061610	6130	1
S1015351	56	Port Input	14	1061610	6130	1
S1015351	56	Port Input	15	1061610	6130	1
S1015351	56	Port Input	14	1061610	6130	1
S1015351	56	Port Input	15	1061610	6130	1
S1015351	56	Port Input	14	1061610	6130	1
S1015351	56	Port Input	15	1061610	6130	1
S1015351	56	Port Input	14	1061611	6130	1
S1015351	56	Port Input	15	1061611	6130	1
S1015351	56	Port Input	14	1061611	6130	1
S1015351	56	Port Input	15	1061611	6131	1
S1015351	56	Port Input	14	1061611	6131	1
S1015351	56	Port Input	15	1061612	6132	1
S1015351	56	Port Input	14	1061612	6132	1
S1015351	56	Port Input	15	1061612	6132	1
S1015351	56	Port Input	14	1061612	6132	1
S1015351	56	Port Input	15	1061613	6133	1
S1015351	56	Port Input	14	1075938	20458	1
S1015351	56	Response	22	1075938	20458	1
S1015351	57	Picture	20	1075966	0	1	20069	1	0	next	hit	556
S1015351	57	Port Input	15	1083193	7227	1
S1015351	57	Port Input	14	1096021	20056	1
S1015351	57	Response	22	1096021	20056	1
S1015351	58	Picture	20	1096034	0	1	17847	1	0	next	hit	560
S1015351	58	Port Input	15	1102354	6319	1
S1015351	58	Port Input	14	1113851	17816	1
S1015351	58	Response	22	1113851	17816	1
S1015351	59	Picture	20	1113881	0	1	18819	1	0	next	hit	564
S1015351	59	Port Input	15	1119952	6072	1
S1015351	59	Port Input	14	1132636	18755	1
S1015351	59	Response	22	1132636	18755	1
S1015351	59	Port Input	15	1132640	18759	1
S1015351	59	Port Input	14	1132640	18759	1
S1015351	59	Port Input	15	1132641	18760	1
S1015351	59	Port Input	14	1132641	18760	1
S1015351	60	Picture	20	1132700	0	1	19930	1	0	next	hit	596
S1015351	60	Port Input	15	1139523	6823	1
S1015351	60	Port Input	14	1139523	6823	1
S1015351	60	Port Input	15	1139524	6824	1
S1015351	60	Port Input	14	1139524	6824	1
S1015351	60	Port Input	15	1139524	6824	1
S1015351	60	Port Input	14	1139524	6824	1
S1015351	60	Port Input	15	1139524	6824	1
S1015351	60	Port Input	14	1139524	6824	1
S1015351	60	Port Input	15	1139524	6824	1
S1015351	60	Port Input	14	1139524	6825	1
S1015351	60	Port Input	15	1139524	6825	1
S1015351	60	Port Input	14	1139524	6825	1
S1015351	60	Port Input	15	1139524	6825	1
S1015351	60	Port Input	14	1139524	6825	1
S1015351	60	Port Input	15	1139524	6825	1
S1015351	60	Port Input	14	1139524	6825	1
S1015351	60	Port Input	15	1139525	6825	1
S1015351	60	Port Input	14	1139525	6825	1
S1015351	60	Port Input	15	1139525	6825	1
S1015351	60	Port Input	14	1139525	6825	1
S1015351	60	Port Input	15	1139526	6827	1
S1015351	60	Port Input	14	1139526	6827	1
S1015351	60	Port Input	15	1139527	6827	1
S1015351	60	Port Input	14	1139527	6827	1
S1015351	60	Port Input	15	1139527	6827	1
S1015351	60	Port Input	14	1152570	19870	1
S1015351	60	Response	22	1152570	19870	1
S1015351	60	Port Input	15	1152570	19871	1
S1015351	60	Port Input	14	1152571	19871	3
S1015351	60	Port Input	15	1152574	19874	1
S1015351	60	Port Input	14	1152574	19875	1
S1015351	61	Picture	20	1152629	0	1	46596	1	0	next	hit	618
S1015351	61	Port Input	15	1159123	6494	1
S1015351	61	Port Input	14	1159123	6494	1
S1015351	61	Port Input	15	1159123	6494	1
S1015351	61	Port Input	14	1159123	6494	1
S1015351	61	Port Input	15	1159126	6496	1
S1015351	61	Port Input	14	1159126	6496	1
S1015351	61	Port Input	15	1159126	6496	1
S1015351	61	Port Input	14	1159126	6496	1
S1015351	61	Port Input	15	1159132	6503	1
S1015351	61	Port Input	14	1159132	6503	1
S1015351	61	Port Input	15	1159132	6503	1
S1015351	61	Port Input	14	1159132	6503	1
S1015351	61	Port Input	15	1159133	6503	1
S1015351	61	Port Input	14	1159133	6503	1
S1015351	61	Port Input	15	1159133	6503	1
S1015351	61	Port Input	14	1199210	46581	1
S1015351	61	Response	22	1199210	46581	1
S1015351	61	Port Input	15	1199211	46581	1
S1015351	61	Port Input	14	1199211	46582	1
S1015351	62	Picture	20	1199225	0	1	17985	1	0	next	hit	652
S1015351	62	Port Input	15	1205033	5808	1
S1015351	62	Port Input	14	1205033	5808	1
S1015351	62	Port Input	15	1205033	5808	1
S1015351	62	Port Input	14	1205033	5808	1
S1015351	62	Port Input	15	1205033	5808	1
S1015351	62	Port Input	14	1205034	5809	1
S1015351	62	Port Input	15	1205034	5809	1
S1015351	62	Port Input	14	1205034	5809	1
S1015351	62	Port Input	15	1205034	5809	1
S1015351	62	Port Input	14	1205034	5809	1
S1015351	62	Port Input	15	1205034	5809	1
S1015351	62	Port Input	14	1205035	5810	1
S1015351	62	Port Input	15	1205035	5810	1
S1015351	62	Port Input	14	1205035	5810	1
S1015351	62	Port Input	15	1205035	5810	1
S1015351	62	Port Input	14	1205035	5810	1
S1015351	62	Port Input	15	1205036	5811	1
S1015351	62	Port Input	14	1205036	5811	1
S1015351	62	Port Input	15	1205036	5811	1
S1015351	62	Port Input	14	1205036	5811	1
S1015351	62	Port Input	15	1205037	5812	1
S1015351	62	Port Input	14	1205037	5812	1
S1015351	62	Port Input	15	1205038	5813	1
S1015351	62	Port Input	14	1205038	5813	1
S1015351	62	Port Input	15	1205040	5815	1
S1015351	62	Port Input	14	1205040	5815	1
S1015351	62	Port Input	15	1205043	5818	1
S1015351	62	Port Input	14	1205043	5818	1
S1015351	62	Port Input	15	1205043	5818	1
S1015351	62	Port Input	14	1217144	17919	1
S1015351	62	Response	22	1217144	17919	1
S1015351	63	Picture	20	1217210	0	1	19860	1	0	next	hit	720
S1015351	63	Port Input	15	1223532	6321	1
S1015351	63	Port Input	14	1223532	6321	1
S1015351	63	Port Input	15	1223532	6321	1
S1015351	63	Port Input	14	1223533	6322	1
S1015351	63	Port Input	15	1223533	6322	1
S1015351	63	Port Input	14	1223533	6323	1
S1015351	63	Port Input	15	1223533	6323	1
S1015351	63	Port Input	14	1223533	6323	1
S1015351	63	Port Input	15	1223533	6323	1
S1015351	63	Port Input	14	1223533	6323	1
S1015351	63	Port Input	15	1223534	6323	1
S1015351	63	Port Input	14	1223534	6323	1
S1015351	63	Port Input	15	1223534	6324	1
S1015351	63	Port Input	14	1223534	6324	1
S1015351	63	Port Input	15	1223534	6324	1
S1015351	63	Port Input	14	1223534	6324	1
S1015351	63	Port Input	15	1223535	6324	1
S1015351	63	Port Input	14	1223535	6324	1
S1015351	63	Port Input	15	1223535	6324	1
S1015351	63	Port Input	14	1223535	6324	1
S1015351	63	Port Input	15	1223535	6324	1
S1015351	63	Port Input	14	1223535	6325	1
S1015351	63	Port Input	15	1223535	6325	1
S1015351	63	Port Input	14	1223535	6325	1
S1015351	63	Port Input	15	1223535	6325	1
S1015351	63	Port Input	14	1223535	6325	1
S1015351	63	Port Input	15	1223536	6325	1
S1015351	63	Port Input	14	1223536	6325	1
S1015351	63	Port Input	15	1223536	6325	1
S1015351	63	Port Input	14	1223536	6325	1
S1015351	63	Port Input	15	1223536	6326	1
S1015351	63	Port Input	14	1223536	6326	1
S1015351	63	Port Input	15	1223536	6326	1
S1015351	63	Port Input	14	1223536	6326	1
S1015351	63	Port Input	15	1223537	6326	1
S1015351	63	Port Input	14	1223537	6326	1
S1015351	63	Port Input	15	1223537	6326	1
S1015351	63	Port Input	14	1223537	6326	1
S1015351	63	Port Input	15	1223537	6327	1
S1015351	63	Port Input	14	1223537	6327	1
S1015351	63	Port Input	15	1223538	6327	1
S1015351	63	Port Input	14	1223538	6327	1
S1015351	63	Port Input	15	1223538	6328	1
S1015351	63	Port Input	14	1223538	6328	1
S1015351	63	Port Input	15	1223539	6328	1
S1015351	63	Port Input	14	1223539	6328	1
S1015351	63	Port Input	15	1223539	6328	1
S1015351	63	Port Input	14	1223539	6329	1
S1015351	63	Port Input	15	1223539	6329	1
S1015351	63	Port Input	14	1223539	6329	1
S1015351	63	Port Input	15	1223540	6330	1
S1015351	63	Port Input	14	1223540	6330	1
S1015351	63	Port Input	15	1223540	6330	1
S1015351	63	Port Input	14	1223540	6330	1
S1015351	63	Port Input	15	1223541	6331	1
S1015351	63	Port Input	14	1223541	6331	1
S1015351	63	Port Input	15	1223546	6335	1
S1015351	63	Port Input	14	1223546	6335	1
S1015351	63	Port Input	15	1223546	6335	1
S1015351	63	Port Input	14	1223546	6336	1
S1015351	63	Port Input	15	1223546	6336	1
S1015351	63	Port Input	14	1223546	6336	1
S1015351	63	Port Input	15	1223547	6336	1
S1015351	63	Port Input	14	1223547	6336	1
S1015351	63	Port Input	15	1223547	6337	1
S1015351	63	Port Input	14	1237052	19841	1
S1015351	63	Response	22	1237052	19841	1
S1015351	64	Picture	20	1237071	0	1	18819	1	0	next	hit	724
S1015351	64	Port Input	15	1243450	6380	1
S1015351	64	Port Input	14	1255841	18770	1
S1015351	64	Response	22	1255841	18770	1
S1015351	65	Picture	20	1255890	0	1	18610	1	0	next	hit	728
S1015351	65	Port Input	15	1262378	6488	1
S1015351	65	Port Input	14	1274442	18553	1
S1015351	65	Response	22	1274442	18553	1
S1015351	66	Picture	20	1274500	0	1	19097	1	0	next	hit	742
S1015351	66	Port Input	15	1281104	6604	1
S1015351	66	Port Input	14	1281104	6604	1
S1015351	66	Port Input	15	1281105	6605	1
S1015351	66	Port Input	14	1281105	6605	1
S1015351	66	Port Input	15	1281105	6605	1
S1015351	66	Port Input	14	1281105	6605	1
S1015351	66	Port Input	15	1281105	6605	1
S1015351	66	Port Input	14	1281105	6605	1
S1015351	66	Port Input	15	1281105	6605	1
S1015351	66	Port Input	14	1281105	6605	1
S1015351	66	Port Input	15	1281105	6605	1
S1015351	66	Port Input	14	1293546	19046	1
S1015351	66	Response	22	1293546	19046	1
S1015351	67	Picture	20	1293597	0	1	18680	1	0	next	hit	760
S1015351	67	Port Input	15	1299425	5829	1
S1015351	67	Port Input	14	1299426	5829	1
S1015351	67	Port Input	15	1299426	5829	1
S1015351	67	Port Input	14	1299426	5829	1
S1015351	67	Port Input	15	1299426	5830	1
S1015351	67	Port Input	14	1299426	5830	1
S1015351	67	Port Input	15	1299427	5830	1
S1015351	67	Port Input	14	1299427	5830	1
S1015351	67	Port Input	15	1299427	5830	1
S1015351	67	Port Input	14	1299427	5830	1
S1015351	67	Port Input	15	1299427	5830	1
S1015351	67	Port Input	14	1299427	5831	1
S1015351	67	Port Input	15	1299427	5831	1
S1015351	67	Port Input	14	1299427	5831	1
S1015351	67	Port Input	15	1299428	5831	1
S1015351	67	Port Input	14	1312238	18641	1
S1015351	67	Response	22	1312238	18641	1
S1015351	68	Picture	20	1312276	0	1	18124	1	0	next	hit	764
S1015351	68	Port Input	15	1318164	5887	1
S1015351	68	Port Input	14	1330385	18109	1
S1015351	68	Response	22	1330385	18109	1
S1015351	68	Port Input	15	1330385	18109	1
S1015351	68	Port Input	14	1330386	18109	1
S1015351	68	Port Input	15	1330386	18110	1
S1015351	68	Port Input	14	1330387	18110	3
S1015351	68	Port Input	15	1330390	18114	1
S1015351	68	Port Input	14	1330390	18114	1
S1015351	68	Port Input	15	1330391	18114	1
S1015351	68	Port Input	14	1330391	18115	1
S1015351	68	Port Input	15	1330392	18115	1
S1015351	68	Port Input	14	1330392	18116	1
S1015351	69	Picture	20	1330401	0	1	21805	1	0	next	hit	778
S1015351	69	Port Input	15	1337450	7049	1
S1015351	69	Port Input	14	1352178	21777	1
S1015351	69	Response	22	1352178	21777	1
S1015351	70	Picture	20	1352206	0	1	18749	1	0	next	hit	792
S1015351	70	Port Input	15	1359095	6889	1
S1015351	70	Port Input	14	1359095	6889	1
S1015351	70	Port Input	15	1359095	6890	1
S1015351	70	Port Input	14	1359095	6890	1
S1015351	70	Port Input	15	1359095	6890	1
S1015351	70	Port Input	14	1359096	6891	1
S1015351	70	Port Input	15	1359096	6891	1
S1015351	70	Port Input	14	1359097	6891	1
S1015351	70	Port Input	15	1359097	6892	1
S1015351	70	Port Input	14	1359097	6892	1
S1015351	70	Port Input	15	1359097	6892	1
S1015351	70	Port Input	14	1370941	18736	1
S1015351	70	Response	22	1370941	18736	1
S1015351	71	Picture	20	1370955	0	1	18194	1	0	next	hit	796
S1015351	71	Port Input	15	1377644	6689	1
S1015351	71	Port Input	14	1389103	18148	1
S1015351	71	Response	22	1389103	18148	1
S1015351	72	Picture	20	1389149	0	1	24096	1	0	next	hit	800
S1015351	72	Port Input	15	1396271	7123	1
S1015351	72	Port Input	14	1413189	24041	1
S1015351	72	Response	22	1413189	24041	1
S1015351	72	Port Input	15	1413189	24041	1
S1015351	72	Port Input	14	1413190	24042	4
S1015351	72	Port Input	15	1413195	24046	1
S1015351	72	Port Input	14	1413195	24046	1
S1015351	72	Port Input	15	1413229	24081	1
S1015351	72	Port Input	14	1413229	24081	1
S1015351	73	Picture	20	1413245	0	1	16319	1	0	next	hit	816
S1015351	73	Port Input	15	1413246	1	1
S1015351	73	Port Input	14	1413246	1	1
S1015351	73	Port Input	15	1413251	6	1
S1015351	73	Port Input	14	1413251	6	1
S1015351	73	Port Input	15	1413253	8	1
S1015351	73	Port Input	14	1413253	8	1
S1015351	73	Port Input	15	1417683	4438	1
S1015351	73	Port Input	14	1429502	16257	1
S1015351	73	Response	22	1429502	16257	1
S1015351	74	Picture	20	1429564	0	1	18472	1	0	next	hit	826
S1015351	74	Port Input	15	1436447	6883	1
S1015351	74	Port Input	14	1436447	6883	1
S1015351	74	Port Input	15	1436448	6884	1
S1015351	74	Port Input	14	1436448	6884	1
S1015351	74	Port Input	15	1436448	6884	1
S1015351	74	Port Input	14	1436448	6884	1
S1015351	74	Port Input	15	1436448	6884	1
S1015351	74	Port Input	14	1448022	18458	1
S1015351	74	Response	22	1448022	18458	1
S1015351	75	Picture	20	1448035	0	1	20416	1	0	next	hit	834
S1015351	75	Port Input	15	1454297	6262	1
S1015351	75	Port Input	14	1454297	6262	1
S1015351	75	Port Input	15	1454297	6262	1
S1015351	75	Port Input	14	1454297	6262	1
S1015351	75	Port Input	15	1454298	6263	1
S1015351	75	Port Input	14	1468407	20372	1
S1015351	75	Response	22	1468407	20372	1
S1015351	76	Picture	20	1468451	0	1	17499	1	0	next	hit	850
S1015351	76	Port Input	15	1473574	5123	1
S1015351	76	Port Input	14	1473574	5123	1
S1015351	76	Port Input	15	1473575	5124	1
S1015351	76	Port Input	14	1473575	5124	1
S1015351	76	Port Input	15	1473575	5124	1
S1015351	76	Port Input	14	1473575	5124	1
S1015351	76	Port Input	15	1473575	5124	1
S1015351	76	Port Input	14	1473575	5124	1
S1015351	76	Port Input	15	1473579	5127	1
S1015351	76	Port Input	14	1473579	5127	1
S1015351	76	Port Input	15	1473579	5128	1
S1015351	76	Port Input	14	1473579	5128	1
S1015351	76	Port Input	15	1473579	5128	1
S1015351	76	Port Input	14	1485896	17445	1
S1015351	76	Response	22	1485896	17445	1
S1015351	77	Picture	20	1485951	0	1	27846	1	0	next	hit	858
S1015351	77	Port Input	15	1492436	6485	1
S1015351	77	Port Input	14	1492436	6485	1
S1015351	77	Port Input	15	1492436	6486	1
S1015351	77	Port Input	14	1492437	6486	1
S1015351	77	Port Input	15	1492437	6486	1
S1015351	77	Port Input	14	1513760	27809	1
S1015351	77	Response	22	1513760	27809	1
S1015351	78	Picture	20	1513797	0	1	15416	1	0	next	hit	874
S1015351	78	Port Input	15	1516182	2385	1
S1015351	78	Port Input	14	1516182	2385	1
S1015351	78	Port Input	15	1516182	2385	1
S1015351	78	Port Input	14	1516182	2385	1
S1015351	78	Port Input	15	1516182	2385	1
S1015351	78	Port Input	14	1516182	2385	1
S1015351	78	Port Input	15	1516183	2386	1
S1015351	78	Port Input	14	1516183	2386	1
S1015351	78	Port Input	15	1516183	2386	1
S1015351	78	Port Input	14	1516183	2386	1
S1015351	78	Port Input	15	1516183	2386	1
S1015351	78	Port Input	14	1516183	2386	1
S1015351	78	Port Input	15	1516183	2386	1
S1015351	78	Port Input	14	1529189	15392	1
S1015351	78	Response	22	1529189	15392	1
S1015351	79	Picture	20	1529213	0	1	22430	1	0	next	hit	1046
S1015351	79	Port Input	15	1530936	1723	1
S1015351	79	Port Input	14	1530936	1723	1
S1015351	79	Port Input	15	1530937	1724	1
S1015351	79	Port Input	14	1530937	1724	1
S1015351	79	Port Input	15	1530983	1770	1
S1015351	79	Port Input	14	1530983	1770	1
S1015351	79	Port Input	15	1530991	1778	1
S1015351	79	Port Input	14	1530991	1778	1
S1015351	79	Port Input	15	1531001	1788	1
S1015351	79	Port Input	14	1531001	1788	1
S1015351	79	Port Input	15	1531002	1789	1
S1015351	79	Port Input	14	1531002	1789	1
S1015351	79	Port Input	15	1531006	1793	1
S1015351	79	Port Input	14	1531006	1793	1
S1015351	79	Port Input	15	1531015	1802	1
S1015351	79	Port Input	14	1531015	1802	1
S1015351	79	Port Input	15	1531033	1820	1
S1015351	79	Port Input	14	1531033	1820	1
S1015351	79	Port Input	15	1531037	1824	1
S1015351	79	Port Input	14	1531037	1824	1
S1015351	79	Port Input	15	1531042	1829	1
S1015351	79	Port Input	14	1531042	1829	1
S1015351	79	Port Input	15	1531045	1832	1
S1015351	79	Port Input	14	1531045	1832	1
S1015351	79	Port Input	15	1531047	1834	1
S1015351	79	Port Input	14	1531047	1834	1
S1015351	79	Port Input	15	1531078	1865	1
S1015351	79	Port Input	14	1531078	1865	1
S1015351	79	Port Input	15	1531080	1867	1
S1015351	79	Port Input	14	1531080	1867	1
S1015351	79	Port Input	15	1531138	1925	1
S1015351	79	Port Input	14	1531138	1925	1
S1015351	79	Port Input	15	1531154	1941	1
S1015351	79	Port Input	14	1531154	1941	1
S1015351	79	Port Input	15	1531224	2011	1
S1015351	79	Port Input	14	1531224	2011	1
S1015351	79	Port Input	15	1531302	2089	1
S1015351	79	Port Input	14	1531302	2089	1
S1015351	79	Port Input	15	1531354	2141	1
S1015351	79	Port Input	14	1531354	2141	1
S1015351	79	Port Input	15	1531427	2214	1
S1015351	79	Port Input	14	1531427	2214	1
S1015351	79	Port Input	15	1534687	5474	1
S1015351	79	Port Input	14	1534687	5474	1
S1015351	79	Port Input	15	1534724	5511	1
S1015351	79	Port Input	14	1534724	5511	1
S1015351	79	Port Input	15	1534776	5563	1
S1015351	79	Port Input	14	1534776	5563	1
S1015351	79	Port Input	15	1534872	5659	1
S1015351	79	Port Input	14	1534872	5659	1
S1015351	79	Port Input	15	1534873	5660	1
S1015351	79	Port Input	14	1534873	5660	1
S1015351	79	Port Input	15	1534876	5663	1
S1015351	79	Port Input	14	1534876	5663	1
S1015351	79	Port Input	15	1534878	5665	1
S1015351	79	Port Input	14	1534878	5665	1
S1015351	79	Port Input	15	1534880	5667	1
S1015351	79	Port Input	14	1534880	5667	1
S1015351	79	Port Input	15	1534883	5670	1
S1015351	79	Port Input	14	1534883	5670	1
S1015351	79	Port Input	15	1534884	5671	1
S1015351	79	Port Input	14	1534884	5671	1
S1015351	79	Port Input	15	1534885	5672	1
S1015351	79	Port Input	14	1534885	5672	1
S1015351	79	Port Input	15	1534886	5673	1
S1015351	79	Port Input	14	1534886	5673	1
S1015351	79	Port Input	15	1534887	5674	1
S1015351	79	Port Input	14	1534887	5674	1
S1015351	79	Port Input	15	1534888	5675	1
S1015351	79	Port Input	14	1534888	5675	1
S1015351	79	Port Input	15	1534888	5675	1
S1015351	79	Port Input	14	1534888	5675	1
S1015351	79	Port Input	15	1534889	5677	1
S1015351	79	Port Input	14	1534889	5677	1
S1015351	79	Port Input	15	1534890	5677	1
S1015351	79	Port Input	14	1534890	5677	1
S1015351	79	Port Input	15	1534891	5678	1
S1015351	79	Port Input	14	1534891	5678	1
S1015351	79	Port Input	15	1534893	5680	1
S1015351	79	Port Input	14	1534893	5680	1
S1015351	79	Port Input	15	1534894	5681	1
S1015351	79	Port Input	14	1534894	5681	1
S1015351	79	Port Input	15	1534898	5685	1
S1015351	79	Port Input	14	1534898	5685	1
S1015351	79	Port Input	15	1534900	5687	1
S1015351	79	Port Input	14	1534900	5687	1
S1015351	79	Port Input	15	1534901	5688	1
S1015351	79	Port Input	14	1534901	5688	1
S1015351	79	Port Input	15	1534906	5693	1
S1015351	79	Port Input	14	1534906	5693	1
S1015351	79	Port Input	15	1534908	5695	1
S1015351	79	Port Input	14	1534908	5695	1
S1015351	79	Port Input	15	1534908	5695	1
S1015351	79	Port Input	14	1534908	5696	1
S1015351	79	Port Input	15	1534909	5696	1
S1015351	79	Port Input	14	1534909	5696	1
S1015351	79	Port Input	15	1534909	5696	1
S1015351	79	Port Input	14	1534909	5696	1
S1015351	79	Port Input	15	1534915	5702	1
S1015351	79	Port Input	14	1534915	5702	1
S1015351	79	Port Input	15	1534920	5707	1
S1015351	79	Port Input	14	1534920	5707	1
S1015351	79	Port Input	15	1534925	5712	1
S1015351	79	Port Input	14	1534925	5712	1
S1015351	79	Port Input	15	1534930	5717	1
S1015351	79	Port Input	14	1534930	5717	1
S1015351	79	Port Input	15	1534933	5721	1
S1015351	79	Port Input	14	1534934	5721	1
S1015351	79	Port Input	15	1534938	5725	1
S1015351	79	Port Input	14	1534938	5725	1
S1015351	79	Port Input	15	1534957	5744	1
S1015351	79	Port Input	14	1534957	5744	1
S1015351	79	Port Input	15	1534964	5751	1
S1015351	79	Port Input	14	1534965	5752	1
S1015351	79	Port Input	15	1534995	5783	1
S1015351	79	Port Input	14	1534996	5783	1
S1015351	79	Port Input	15	1535020	5808	1
S1015351	79	Port Input	14	1535021	5808	1
S1015351	79	Port Input	15	1535038	5825	1
S1015351	79	Port Input	14	1535038	5825	1
S1015351	79	Port Input	15	1535095	5882	1
S1015351	79	Port Input	14	1535095	5882	1
S1015351	79	Port Input	15	1535112	5899	1
S1015351	79	Port Input	14	1535112	5899	1
S1015351	79	Port Input	15	1535219	6006	1
S1015351	79	Port Input	14	1535219	6006	1
S1015351	79	Port Input	15	1535389	6176	1
S1015351	79	Port Input	14	1535389	6176	1
S1015351	79	Port Input	15	1535452	6239	1
S1015351	79	Port Input	14	1535452	6239	1
S1015351	79	Port Input	15	1535453	6240	1
S1015351	79	Port Input	14	1535453	6240	1
S1015351	79	Port Input	15	1535455	6242	1
S1015351	79	Port Input	14	1535455	6242	1
S1015351	79	Port Input	15	1535456	6243	1
S1015351	79	Port Input	14	1535456	6243	1
S1015351	79	Port Input	15	1535458	6245	1
S1015351	79	Port Input	14	1535458	6245	1
S1015351	79	Port Input	15	1535458	6245	1
S1015351	79	Port Input	14	1535458	6245	1
S1015351	79	Port Input	15	1535475	6262	1
S1015351	79	Port Input	14	1535475	6262	1
S1015351	79	Port Input	15	1535479	6266	1
S1015351	79	Port Input	14	1535479	6266	1
S1015351	79	Port Input	15	1535954	6741	1
S1015351	79	Port Input	14	1535954	6741	1
S1015351	79	Port Input	15	1535954	6741	1
S1015351	79	Port Input	14	1535954	6742	1
S1015351	79	Port Input	15	1535954	6742	1
S1015351	79	Port Input	14	1535955	6742	1
S1015351	79	Port Input	15	1535955	6742	1
S1015351	79	Port Input	14	1535955	6742	1
S1015351	79	Port Input	15	1535955	6742	1
S1015351	79	Port Input	14	1535955	6742	1
S1015351	79	Port Input	15	1535955	6742	1
S1015351	79	Port Input	14	1535955	6742	1
S1015351	79	Port Input	15	1535957	6744	1
S1015351	79	Port Input	14	1535957	6744	1
S1015351	79	Port Input	15	1535957	6744	1
S1015351	79	Port Input	14	1535957	6744	1
S1015351	79	Port Input	15	1535957	6744	1
S1015351	79	Port Input	14	1535957	6744	1
S1015351	79	Port Input	15	1535957	6744	1
S1015351	79	Port Input	14	1535958	6745	1
S1015351	79	Port Input	15	1535958	6745	1
S1015351	79	Port Input	14	1535958	6745	1
S1015351	79	Port Input	15	1535958	6745	1
S1015351	79	Port Input	14	1535958	6745	1
S1015351	79	Port Input	15	1535958	6745	1
S1015351	79	Port Input	14	1551567	22354	1
S1015351	79	Response	22	1551567	22354	1
S1015351	80	Picture	20	1551643	0	1	50554	1	0	next	hit	1052
S1015351	80	Port Input	15	1557623	5980	1
S1015351	80	Port Input	14	1557623	5980	1
S1015351	80	Port Input	15	1557623	5980	1
S1015351	80	Port Input	14	1602154	50511	1
S1015351	80	Response	22	1602154	50511	1
S1015351	81	Picture	20	1602196	0	1	18124	1	0	next	hit	1068
S1015351	81	Port Input	15	1609145	6948	1
S1015351	81	Port Input	14	1609145	6948	1
S1015351	81	Port Input	15	1609145	6948	1
S1015351	81	Port Input	14	1609145	6949	1
S1015351	81	Port Input	15	1609145	6949	1
S1015351	81	Port Input	14	1609145	6949	1
S1015351	81	Port Input	15	1609145	6949	1
S1015351	81	Port Input	14	1609145	6949	1
S1015351	81	Port Input	15	1609146	6949	1
S1015351	81	Port Input	14	1609146	6949	1
S1015351	81	Port Input	15	1609146	6950	1
S1015351	81	Port Input	14	1609146	6950	1
S1015351	81	Port Input	15	1609157	6961	1
S1015351	81	Port Input	14	1620305	18108	1
S1015351	81	Response	22	1620305	18108	1
S1015351	81	Port Input	15	1620305	18108	1
S1015351	81	Port Input	14	1620305	18109	1
S1015351	82	Picture	20	1620321	0	1	18610	1	0	next	hit	1074
S1015351	82	Port Input	15	1626818	6497	1
S1015351	82	Port Input	14	1638922	18601	1
S1015351	82	Response	22	1638922	18601	1
S1015351	83	Picture	20	1638931	0	1	17986	1	0	next	hit	1078
S1015351	83	Port Input	15	1645418	6487	1
S1015351	83	Port Input	14	1656847	17916	1
S1015351	83	Response	22	1656847	17916	1
S1015351	84	Picture	20	1656917	0	1	17708	1	0	next	hit	1082
S1015351	84	Port Input	15	1663150	6234	1
S1015351	84	Port Input	14	1674596	17679	1
S1015351	84	Response	22	1674596	17679	1
S1015351	85	Picture	20	1674624	0	1	17499	1	0	next	hit	1086
S1015351	85	Port Input	15	1680874	6250	1
S1015351	85	Port Input	14	1692088	17463	1
S1015351	85	Response	22	1692088	17463	1
S1015351	86	Picture	20	1692124	0	1	18055	1	0	next	hit	1090
S1015351	86	Port Input	15	1698426	6302	1
S1015351	86	Port Input	14	1710130	18006	1
S1015351	86	Response	22	1710130	18006	1
S1015351	87	Picture	20	1710179	0	1	17708	1	0	next	hit	1094
S1015351	87	Port Input	15	1716522	6344	1
S1015351	87	Port Input	14	1727865	17686	1
S1015351	87	Response	22	1727865	17686	1
S1015351	87	Port Input	15	1727865	17686	1
S1015351	87	Port Input	14	1727866	17687	3
S1015351	88	Picture	20	1727886	0	1	17360	1	0	next	hit	1102
S1015351	88	Port Input	15	1733931	6045	1
S1015351	88	Port Input	14	1733931	6045	1
S1015351	88	Port Input	15	1733931	6045	1
S1015351	88	Port Input	14	1745226	17340	1
S1015351	88	Response	22	1745226	17340	1
S1015351	88	Port Input	15	1745226	17340	1
S1015351	88	Port Input	14	1745227	17341	1
S1015351	89	Picture	20	1745247	0	1	17777	1	0	next	hit	1108
S1015351	89	Port Input	15	1751523	6276	1
S1015351	89	Port Input	14	1763016	17769	1
S1015351	89	Response	22	1763016	17769	1
S1015351	89	Port Input	15	1763016	17769	1
S1015351	89	Port Input	14	1763016	17769	1
S1015351	90	Picture	20	1763024	0	1	15694	1	0	next	hit	1120
S1015351	90	Port Input	15	1768711	5687	1
S1015351	90	Port Input	14	1768711	5687	1
S1015351	90	Port Input	15	1768711	5687	1
S1015351	90	Port Input	14	1768711	5687	1
S1015351	90	Port Input	15	1768711	5687	1
S1015351	90	Port Input	14	1768711	5687	1
S1015351	90	Port Input	15	1768711	5687	1
S1015351	90	Port Input	14	1778660	15636	1
S1015351	90	Response	22	1778660	15636	1
S1015351	91	Picture	20	1778718	0	1	17638	1	0	next	hit	1128
S1015351	91	Port Input	15	1785444	6726	1
S1015351	91	Port Input	14	1785444	6726	1
S1015351	91	Port Input	15	1785444	6726	1
S1015351	91	Port Input	14	1785444	6726	1
S1015351	91	Port Input	15	1785447	6730	1
S1015351	91	Port Input	14	1796290	17573	1
S1015351	91	Response	22	1796290	17573	1
S1015351	92	Picture	20	1796356	0	1	19791	1	0	next	hit	1132
S1015351	92	Port Input	15	1803196	6840	1
S1015351	92	Port Input	14	1816140	19784	1
S1015351	92	Response	22	1816140	19784	1
S1015351	92	Port Input	15	1816141	19785	1
S1015351	92	Port Input	14	1816141	19785	1
S1015351	93	Picture	20	1816147	0	1	23610	1	0	next	hit	1138
S1015351	93	Port Input	15	1822084	5937	1
S1015351	93	Port Input	14	1839709	23562	1
S1015351	93	Response	22	1839709	23562	1
S1015351	93	Port Input	15	1839709	23562	1
S1015351	93	Port Input	14	1839710	23563	1
S1015351	93	Port Input	15	1839710	23563	1
S1015351	93	Port Input	14	1839713	23566	1
S1015351	94	Picture	20	1839757	0	1	15624	1	0	next	hit	1146
S1015351	94	Port Input	15	1842720	2963	1
S1015351	94	Port Input	14	1855364	15607	1
S1015351	94	Response	22	1855364	15607	1
S1015351	95	Picture	20	1855382	0	1	23541	1	0	next	hit	1150
S1015351	95	Port Input	15	1862552	7170	1
S1015351	95	Port Input	14	1878874	23493	1
S1015351	95	Response	22	1878874	23493	1
S1015351	96	Picture	20	1878922	0	1	27152	1	0	next	hit	1154
S1015351	96	Port Input	15	1886540	7617	1
S1015351	96	Port Input	14	1906007	27084	1
S1015351	96	Response	22	1906007	27084	1
S1015351	96	Port Input	15	1906007	27084	1
S1015351	96	Port Input	14	1906007	27085	1
S1015351	97	Picture	20	1906074	0	1	16736	1	0	next	hit	1160
S1015351	97	Port Input	15	1911761	5686	1
S1015351	97	Port Input	14	1922761	16687	1
S1015351	97	Response	22	1922761	16687	1
S1015351	98	Picture	20	1922810	0	1	18124	1	0	next	hit	1164
S1015351	98	Port Input	15	1929274	6464	1
S1015351	98	Port Input	14	1940924	18115	1
S1015351	98	Response	22	1940924	18115	1
S1015351	98	Port Input	15	1940925	18115	2
S1015351	98	Port Input	14	1940927	18117	3
S1015351	99	Picture	20	1940934	0	1	18472	1	0	next	hit	1172
S1015351	99	Port Input	15	1947954	7020	1
S1015351	99	Port Input	14	1947954	7020	1
S1015351	99	Port Input	15	1947954	7020	1
S1015351	99	Port Input	14	1959345	18411	1
S1015351	99	Response	22	1959345	18411	1
S1015351	100	Picture	20	1959406	0	1	22152	1	0	next	hit	1176
S1015351	100	Port Input	15	1966964	7558	1
S1015351	100	Port Input	14	1981528	22122	1
S1015351	100	Response	22	1981528	22122	1
S1015351	101	Picture	20	1981558	0	1	97844	1	0	next	hit	1180
S1015351	101	Port Input	15	1991585	10028	1
S1015351	101	Port Input	14	2079386	97828	1
S1015351	101	Response	22	2079386	97828	1
S1015351	102	Picture	20	2079401	0	1	17708	1	0	next	hit	1190
S1015351	102	Port Input	15	2085909	6508	1
S1015351	102	Port Input	14	2085909	6508	1
S1015351	102	Port Input	15	2085909	6508	1
S1015351	102	Port Input	14	2085909	6508	1
S1015351	102	Port Input	15	2085911	6510	1
S1015351	102	Port Input	14	2085911	6510	1
S1015351	102	Port Input	15	2085911	6510	1
S1015351	102	Port Input	14	2096563	17162	1
S1015351	102	Response	22	2096563	17162	1
S1015351	103	Port Input	15	2103484	6875	1
S1015351	103	Port Input	14	2103484	6875	1
S1015351	103	Port Input	15	2103484	6875	1
S1015351	103	Port Input	14	2103484	6875	1
S1015351	103	Port Input	15	2103484	6875	1
S1015351	103	Port Input	14	2103484	6875	1
S1015351	103	Port Input	15	2103485	6876	1
S1015351	103	Port Input	14	2103485	6876	1
S1015351	103	Port Input	15	2103485	6876	1
S1015351	103	Port Input	14	2103485	6876	1
S1015351	103	Port Input	15	2103485	6876	1
S1015351	103	Port Input	14	2103485	6876	1
S1015351	103	Port Input	15	2103486	6877	1
