Scenario - Button
Logfile written - 01/03/2024 12:40:59

Subject	Trial	Event Type	Code	Time	TTime	Uncertainty	Duration	Uncertainty	ReqTime	ReqDur	Stim Type	Pair Index

S1012721	1	Picture	start	65	0	1	40554	1	0	next	other	0
S1012721	3	Picture	20	45133	0	1	12777	1	0	next	hit	4
S1012721	3	Port Input	14	57895	12763	1
S1012721	3	Response	22	57895	12763	1
S1012721	3	Port Input	15	57896	12763	1
S1012721	3	Port Input	14	57897	12764	91
S1012721	4	Picture	20	57910	0	1	11944	1	0	next	hit	42
S1012721	4	Port Input	15	61624	3714	1
S1012721	4	Port Input	14	61624	3714	1
S1012721	4	Port Input	15	61859	3949	1
S1012721	4	Port Input	14	61859	3949	1
S1012721	4	Port Input	15	61860	3950	1
S1012721	4	Port Input	14	61860	3950	1
S1012721	4	Port Input	15	61860	3950	1
S1012721	4	Port Input	14	61860	3950	1
S1012721	4	Port Input	15	61861	3951	1
S1012721	4	Port Input	14	61861	3951	1
S1012721	4	Port Input	15	61861	3951	1
S1012721	4	Port Input	14	61861	3951	1
S1012721	4	Port Input	15	61861	3952	1
S1012721	4	Port Input	14	61861	3952	1
S1012721	4	Port Input	15	61862	3952	1
S1012721	4	Port Input	14	61862	3952	1
S1012721	4	Port Input	15	61862	3952	1
S1012721	4	Port Input	14	61862	3952	1
S1012721	4	Port Input	15	61863	3953	1
S1012721	4	Port Input	14	61863	3953	1
S1012721	4	Port Input	15	61863	3953	1
S1012721	4	Port Input	14	61863	3953	1
S1012721	4	Port Input	15	61863	3953	1
S1012721	4	Port Input	14	61863	3953	1
S1012721	4	Port Input	15	61864	3954	1
S1012721	4	Port Input	14	61864	3954	1
S1012721	4	Port Input	15	61864	3954	1
S1012721	4	Port Input	14	61864	3954	1
S1012721	4	Port Input	15	61865	3955	1
S1012721	4	Port Input	14	61865	3955	1
S1012721	4	Port Input	15	61865	3955	1
S1012721	4	Port Input	14	61865	3955	1
S1012721	4	Port Input	15	61865	3956	1
S1012721	4	Port Input	14	69803	11893	1
S1012721	4	Response	22	69803	11893	1
S1012721	5	Picture	20	69854	0	1	12777	1	0	next	hit	68
S1012721	5	Port Input	15	73224	3370	1
S1012721	5	Port Input	14	73224	3370	1
S1012721	5	Port Input	15	73224	3370	1
S1012721	5	Port Input	14	73224	3370	1
S1012721	5	Port Input	15	73225	3371	1
S1012721	5	Port Input	14	73225	3371	1
S1012721	5	Port Input	15	73225	3371	1
S1012721	5	Port Input	14	73225	3371	1
S1012721	5	Port Input	15	73225	3371	1
S1012721	5	Port Input	14	73225	3371	1
S1012721	5	Port Input	15	73227	3373	1
S1012721	5	Port Input	14	73227	3373	1
S1012721	5	Port Input	15	73227	3373	1
S1012721	5	Port Input	14	73227	3373	1
S1012721	5	Port Input	15	73229	3375	1
S1012721	5	Port Input	14	73229	3375	1
S1012721	5	Port Input	15	73229	3375	1
S1012721	5	Port Input	14	73229	3375	1
S1012721	5	Port Input	15	73229	3375	1
S1012721	5	Port Input	14	73229	3375	1
S1012721	5	Port Input	15	73229	3375	1
S1012721	5	Port Input	14	73229	3375	1
S1012721	5	Port Input	15	73229	3375	1
S1012721	5	Port Input	14	82618	12764	1
S1012721	5	Response	22	82618	12764	1
S1012721	5	Port Input	15	82618	12764	1
S1012721	5	Port Input	14	82618	12764	1
S1012721	6	Picture	20	82631	0	1	12847	1	0	next	hit	106
S1012721	6	Port Input	15	86697	4066	1
S1012721	6	Port Input	14	86697	4066	1
S1012721	6	Port Input	15	86697	4066	1
S1012721	6	Port Input	14	86697	4066	1
S1012721	6	Port Input	15	86697	4066	1
S1012721	6	Port Input	14	86697	4066	1
S1012721	6	Port Input	15	86697	4066	1
S1012721	6	Port Input	14	86698	4066	1
S1012721	6	Port Input	15	86698	4067	1
S1012721	6	Port Input	14	86698	4067	1
S1012721	6	Port Input	15	86698	4067	1
S1012721	6	Port Input	14	86698	4067	1
S1012721	6	Port Input	15	86698	4067	1
S1012721	6	Port Input	14	86698	4067	1
S1012721	6	Port Input	15	86699	4067	1
S1012721	6	Port Input	14	86699	4067	1
S1012721	6	Port Input	15	86699	4068	1
S1012721	6	Port Input	14	86699	4068	1
S1012721	6	Port Input	15	86699	4068	1
S1012721	6	Port Input	14	86699	4068	1
S1012721	6	Port Input	15	86699	4068	1
S1012721	6	Port Input	14	86699	4068	1
S1012721	6	Port Input	15	86699	4068	1
S1012721	6	Port Input	14	86699	4068	1
S1012721	6	Port Input	15	86699	4068	1
S1012721	6	Port Input	14	86699	4068	1
S1012721	6	Port Input	15	86699	4068	1
S1012721	6	Port Input	14	86700	4068	1
S1012721	6	Port Input	15	86700	4068	1
S1012721	6	Port Input	14	86700	4069	1
S1012721	6	Port Input	15	86700	4069	1
S1012721	6	Port Input	14	86700	4069	1
S1012721	6	Port Input	15	86704	4073	1
S1012721	6	Port Input	14	95467	12835	1
S1012721	6	Response	22	95467	12835	1
S1012721	6	Port Input	15	95467	12836	1
S1012721	6	Port Input	14	95467	12836	1
S1012721	7	Picture	20	95478	0	1	12152	1	0	next	hit	116
S1012721	7	Port Input	15	99004	3527	1
S1012721	7	Port Input	14	99004	3527	1
S1012721	7	Port Input	15	99005	3527	1
S1012721	7	Port Input	14	99005	3527	1
S1012721	7	Port Input	15	99005	3527	1
S1012721	7	Port Input	14	107559	12081	1
S1012721	7	Response	22	107559	12081	1
S1012721	7	Port Input	15	107559	12081	1
S1012721	7	Port Input	14	107560	12082	5
S1012721	8	Picture	20	107630	0	1	13680	1	0	next	hit	140
S1012721	8	Port Input	15	111183	3553	1
S1012721	8	Port Input	14	111183	3553	1
S1012721	8	Port Input	15	111185	3555	1
S1012721	8	Port Input	14	111185	3555	1
S1012721	8	Port Input	15	111186	3556	1
S1012721	8	Port Input	14	111186	3556	1
S1012721	8	Port Input	15	111186	3556	1
S1012721	8	Port Input	14	111186	3556	1
S1012721	8	Port Input	15	111186	3556	1
S1012721	8	Port Input	14	111186	3556	1
S1012721	8	Port Input	15	111187	3556	1
S1012721	8	Port Input	14	111187	3556	1
S1012721	8	Port Input	15	111187	3556	1
S1012721	8	Port Input	14	111187	3557	1
S1012721	8	Port Input	15	111187	3557	1
S1012721	8	Port Input	14	111187	3557	1
S1012721	8	Port Input	15	111187	3557	1
S1012721	8	Port Input	14	111187	3557	1
S1012721	8	Port Input	15	111188	3557	1
S1012721	8	Port Input	14	121272	13642	1
S1012721	8	Response	22	121272	13642	1
S1012721	9	Picture	20	121310	0	1	13541	1	0	next	hit	148
S1012721	9	Port Input	15	124946	3636	1
S1012721	9	Port Input	14	124946	3636	1
S1012721	9	Port Input	15	124947	3636	1
S1012721	9	Port Input	14	124947	3636	1
S1012721	9	Port Input	15	124947	3637	1
S1012721	9	Port Input	14	134829	13519	1
S1012721	9	Response	22	134829	13519	1
S1012721	9	Port Input	15	134829	13519	1
S1012721	9	Port Input	14	134830	13520	4
S1012721	10	Picture	20	134851	0	1	13749	1	0	next	hit	182
S1012721	10	Port Input	15	138897	4046	1
S1012721	10	Port Input	14	138897	4046	1
S1012721	10	Port Input	15	138897	4046	1
S1012721	10	Port Input	14	138897	4046	1
S1012721	10	Port Input	15	138898	4046	1
S1012721	10	Port Input	14	138898	4047	1
S1012721	10	Port Input	15	138898	4047	1
S1012721	10	Port Input	14	138898	4047	1
S1012721	10	Port Input	15	138899	4047	1
S1012721	10	Port Input	14	138899	4048	1
S1012721	10	Port Input	15	138900	4049	1
S1012721	10	Port Input	14	138900	4049	1
S1012721	10	Port Input	15	138901	4050	1
S1012721	10	Port Input	14	138901	4050	1
S1012721	10	Port Input	15	138901	4050	1
S1012721	10	Port Input	14	138901	4050	1
S1012721	10	Port Input	15	138902	4050	1
S1012721	10	Port Input	14	138902	4050	1
S1012721	10	Port Input	15	138902	4050	1
S1012721	10	Port Input	14	138902	4050	1
S1012721	10	Port Input	15	138902	4051	1
S1012721	10	Port Input	14	138902	4051	1
S1012721	10	Port Input	15	138902	4051	1
S1012721	10	Port Input	14	138902	4051	1
S1012721	10	Port Input	15	138903	4052	1
S1012721	10	Port Input	14	138903	4052	1
S1012721	10	Port Input	15	138903	4052	1
S1012721	10	Port Input	14	138904	4052	1
S1012721	10	Port Input	15	138904	4053	1
S1012721	10	Port Input	14	148564	13713	1
S1012721	10	Response	22	148564	13713	1
S1012721	11	Picture	20	148601	0	1	12569	1	0	next	hit	186
S1012721	11	Port Input	15	152084	3483	1
S1012721	11	Port Input	14	161114	12513	1
S1012721	11	Response	22	161114	12513	1
S1012721	11	Port Input	15	161114	12513	1
S1012721	11	Port Input	14	161114	12513	1
S1012721	11	Port Input	15	161114	12513	1
S1012721	11	Port Input	14	161115	12514	3
S1012721	12	Picture	20	161170	0	1	11944	1	0	next	hit	204
S1012721	12	Port Input	15	164761	3591	1
S1012721	12	Port Input	14	164761	3591	1
S1012721	12	Port Input	15	164762	3593	1
S1012721	12	Port Input	14	164762	3593	1
S1012721	12	Port Input	15	164763	3593	1
S1012721	12	Port Input	14	164763	3593	1
S1012721	12	Port Input	15	164763	3593	1
S1012721	12	Port Input	14	164763	3593	1
S1012721	12	Port Input	15	164763	3594	1
S1012721	12	Port Input	14	164763	3594	1
S1012721	12	Port Input	15	164764	3594	1
S1012721	12	Port Input	14	173050	11881	1
S1012721	12	Response	22	173050	11881	1
S1012721	12	Port Input	15	173050	11881	1
S1012721	12	Port Input	14	173051	11881	2
S1012721	13	Picture	20	173114	0	1	12013	1	0	next	hit	216
S1012721	13	Port Input	15	176663	3549	1
S1012721	13	Port Input	14	176663	3549	1
S1012721	13	Port Input	15	176664	3551	1
S1012721	13	Port Input	14	176664	3551	1
S1012721	13	Port Input	15	176665	3551	1
S1012721	13	Port Input	14	176665	3551	1
S1012721	13	Port Input	15	176665	3552	1
S1012721	13	Port Input	14	185099	11985	1
S1012721	13	Response	22	185099	11985	1
S1012721	13	Port Input	15	185099	11986	1
S1012721	13	Port Input	14	185099	11986	1
S1012721	14	Picture	20	185127	0	1	11805	1	0	next	hit	246
S1012721	14	Port Input	15	188807	3680	1
S1012721	14	Port Input	14	188807	3680	1
S1012721	14	Port Input	15	188808	3681	1
S1012721	14	Port Input	14	188808	3681	1
S1012721	14	Port Input	15	188808	3681	1
S1012721	14	Port Input	14	188808	3681	1
S1012721	14	Port Input	15	188809	3681	1
S1012721	14	Port Input	14	188809	3681	1
S1012721	14	Port Input	15	188809	3682	1
S1012721	14	Port Input	14	188809	3682	1
S1012721	14	Port Input	15	188809	3682	1
S1012721	14	Port Input	14	188809	3682	1
S1012721	14	Port Input	15	188809	3682	1
S1012721	14	Port Input	14	188809	3682	1
S1012721	14	Port Input	15	188810	3683	1
S1012721	14	Port Input	14	188810	3683	1
S1012721	14	Port Input	15	188810	3683	1
S1012721	14	Port Input	14	188810	3683	1
S1012721	14	Port Input	15	188810	3683	1
S1012721	14	Port Input	14	188811	3683	1
S1012721	14	Port Input	15	188811	3684	1
S1012721	14	Port Input	14	188811	3684	1
S1012721	14	Port Input	15	188811	3684	1
S1012721	14	Port Input	14	188811	3684	1
S1012721	14	Port Input	15	188811	3684	1
S1012721	14	Port Input	14	196900	11773	1
S1012721	14	Response	22	196900	11773	1
S1012721	14	Port Input	15	196900	11773	1
S1012721	14	Port Input	14	196900	11773	1
S1012721	15	Picture	20	196932	0	1	13194	1	0	next	hit	254
S1012721	15	Port Input	15	201099	4167	1
S1012721	15	Port Input	14	201099	4167	1
S1012721	15	Port Input	15	201102	4170	1
S1012721	15	Port Input	14	210115	13183	1
S1012721	15	Response	22	210115	13183	1
S1012721	16	Picture	20	210126	0	1	12847	1	0	next	hit	258
S1012721	16	Port Input	15	213732	3605	1
S1012721	16	Port Input	14	222942	12816	1
S1012721	16	Response	22	222942	12816	1
S1012721	17	Picture	20	222973	0	1	12222	1	0	next	hit	280
S1012721	17	Port Input	15	226617	3644	1
S1012721	17	Port Input	14	226617	3644	1
S1012721	17	Port Input	15	226617	3644	1
S1012721	17	Port Input	14	226617	3644	1
S1012721	17	Port Input	15	226617	3644	1
S1012721	17	Port Input	14	226617	3644	1
S1012721	17	Port Input	15	226618	3645	1
S1012721	17	Port Input	14	226618	3645	1
S1012721	17	Port Input	15	226618	3645	1
S1012721	17	Port Input	14	226618	3645	1
S1012721	17	Port Input	15	226619	3646	1
S1012721	17	Port Input	14	226619	3646	1
S1012721	17	Port Input	15	226619	3646	1
S1012721	17	Port Input	14	226619	3646	1
S1012721	17	Port Input	15	226619	3646	1
S1012721	17	Port Input	14	226619	3647	1
S1012721	17	Port Input	15	226619	3647	1
S1012721	17	Port Input	14	226620	3647	1
S1012721	17	Port Input	15	226620	3647	1
S1012721	17	Port Input	14	235151	12178	1
S1012721	17	Response	22	235151	12178	1
S1012721	17	Port Input	15	235152	12179	1
S1012721	17	Port Input	14	235152	12179	1
S1012721	18	Picture	20	235195	0	1	12291	1	0	next	hit	292
S1012721	18	Port Input	15	238691	3496	1
S1012721	18	Port Input	14	238691	3496	1
S1012721	18	Port Input	15	238691	3496	1
S1012721	18	Port Input	14	238691	3496	1
S1012721	18	Port Input	15	238691	3497	1
S1012721	18	Port Input	14	238691	3497	1
S1012721	18	Port Input	15	238692	3497	1
S1012721	18	Port Input	14	247424	12229	1
S1012721	18	Response	22	247424	12229	1
S1012721	18	Port Input	15	247424	12229	1
S1012721	18	Port Input	14	247425	12230	6
S1012721	19	Picture	20	247486	0	1	12013	1	0	next	hit	308
S1012721	19	Port Input	15	251199	3713	1
S1012721	19	Port Input	14	251199	3713	1
S1012721	19	Port Input	15	251200	3714	1
S1012721	19	Port Input	14	251200	3714	1
S1012721	19	Port Input	15	251200	3714	1
S1012721	19	Port Input	14	251200	3714	1
S1012721	19	Port Input	15	251200	3714	1
S1012721	19	Port Input	14	251200	3714	1
S1012721	19	Port Input	15	251200	3714	1
S1012721	19	Port Input	14	251201	3715	1
S1012721	19	Port Input	15	251201	3715	1
S1012721	19	Port Input	14	259482	11996	1
S1012721	19	Response	22	259482	11996	1
S1012721	19	Port Input	15	259482	11997	1
S1012721	19	Port Input	14	259482	11997	1
S1012721	20	Picture	20	259499	0	1	13055	1	0	next	hit	316
S1012721	20	Port Input	15	262950	3451	1
S1012721	20	Port Input	14	262950	3451	1
S1012721	20	Port Input	15	262951	3451	1
S1012721	20	Port Input	14	272499	13000	1
S1012721	20	Response	22	272499	13000	1
S1012721	21	Picture	20	272554	0	1	12708	1	0	next	hit	326
S1012721	21	Port Input	15	276184	3629	1
S1012721	21	Port Input	14	276184	3629	1
S1012721	21	Port Input	15	276184	3630	1
S1012721	21	Port Input	14	276184	3630	1
S1012721	21	Port Input	15	276184	3630	1
S1012721	21	Port Input	14	276184	3630	1
S1012721	21	Port Input	15	276184	3630	1
S1012721	21	Port Input	14	285219	12665	1
S1012721	21	Response	22	285219	12665	1
S1012721	22	Picture	20	285262	0	1	13055	1	0	next	hit	334
S1012721	22	Port Input	15	288865	3603	1
S1012721	22	Port Input	14	288865	3603	1
S1012721	22	Port Input	15	288867	3605	1
S1012721	22	Port Input	14	288867	3605	1
S1012721	22	Port Input	15	288868	3606	1
S1012721	22	Port Input	14	298279	13017	1
S1012721	22	Response	22	298279	13017	1
S1012721	23	Picture	20	298317	0	1	13611	1	0	next	hit	338
S1012721	23	Port Input	15	301890	3573	1
S1012721	23	Port Input	14	311884	13567	1
S1012721	23	Response	22	311884	13567	1
S1012721	24	Picture	20	311928	0	1	12430	1	0	next	hit	356
S1012721	24	Port Input	15	315291	3363	1
S1012721	24	Port Input	14	315291	3363	1
S1012721	24	Port Input	15	315291	3363	1
S1012721	24	Port Input	14	315291	3363	1
S1012721	24	Port Input	15	315291	3364	1
S1012721	24	Port Input	14	315291	3364	1
S1012721	24	Port Input	15	315291	3364	1
S1012721	24	Port Input	14	315291	3364	1
S1012721	24	Port Input	15	315291	3364	1
S1012721	24	Port Input	14	315292	3364	1
S1012721	24	Port Input	15	315292	3364	1
S1012721	24	Port Input	14	315292	3364	1
S1012721	24	Port Input	15	315292	3364	1
S1012721	24	Port Input	14	315292	3364	1
S1012721	24	Port Input	15	315292	3365	1
S1012721	24	Port Input	14	324314	12386	1
S1012721	24	Response	22	324314	12386	1
S1012721	25	Picture	20	324358	0	1	12847	1	0	next	hit	362
S1012721	25	Port Input	15	327773	3416	1
S1012721	25	Port Input	14	327773	3416	1
S1012721	25	Port Input	15	327774	3416	1
S1012721	25	Port Input	14	337130	12772	1
S1012721	25	Response	22	337130	12772	1
S1012721	26	Picture	20	337204	0	1	12222	1	0	next	hit	366
S1012721	26	Port Input	15	340753	3549	1
S1012721	26	Port Input	14	349418	12213	1
S1012721	26	Response	22	349418	12213	1
S1012721	26	Port Input	15	349418	12214	1
S1012721	26	Port Input	14	349418	12214	1
S1012721	27	Picture	20	349426	0	1	12083	1	0	next	hit	372
S1012721	27	Port Input	15	353455	4029	1
S1012721	27	Port Input	14	361473	12046	1
S1012721	27	Response	22	361473	12046	1
S1012721	28	Picture	20	361509	0	1	13472	1	0	next	hit	388
S1012721	28	Port Input	15	365405	3896	1
S1012721	28	Port Input	14	365405	3896	1
S1012721	28	Port Input	15	365406	3897	1
S1012721	28	Port Input	14	365406	3897	1
S1012721	28	Port Input	15	365407	3898	1
S1012721	28	Port Input	14	365407	3898	1
S1012721	28	Port Input	15	365408	3899	1
S1012721	28	Port Input	14	365408	3899	1
S1012721	28	Port Input	15	365408	3899	1
S1012721	28	Port Input	14	365408	3899	1
S1012721	28	Port Input	15	365408	3899	1
S1012721	28	Port Input	14	365408	3899	1
S1012721	28	Port Input	15	365408	3899	1
S1012721	28	Port Input	14	374969	13460	1
S1012721	28	Response	22	374969	13460	1
S1012721	28	Port Input	15	374969	13460	1
S1012721	28	Port Input	14	374969	13460	1
S1012721	29	Picture	20	374981	0	1	11319	1	0	next	hit	400
S1012721	29	Port Input	15	378514	3533	1
S1012721	29	Port Input	14	378515	3534	1
S1012721	29	Port Input	15	378515	3534	1
S1012721	29	Port Input	14	378515	3534	1
S1012721	29	Port Input	15	378515	3535	1
S1012721	29	Port Input	14	378515	3535	1
S1012721	29	Port Input	15	378516	3535	1
S1012721	29	Port Input	14	386229	11248	1
S1012721	29	Response	22	386229	11248	1
S1012721	30	Picture	20	386300	0	1	12083	1	0	next	hit	404
S1012721	30	Port Input	15	390253	3953	1
S1012721	30	Port Input	14	398367	12067	1
S1012721	30	Response	22	398367	12067	1
S1012721	31	Picture	20	398383	0	1	12083	1	0	next	hit	412
S1012721	31	Port Input	15	401957	3574	1
S1012721	31	Port Input	14	401957	3574	1
S1012721	31	Port Input	15	401957	3574	1
S1012721	31	Port Input	14	401957	3574	1
S1012721	31	Port Input	15	401957	3575	1
S1012721	31	Port Input	14	410394	12011	1
S1012721	31	Response	22	410394	12011	1
S1012721	32	Picture	20	410465	0	1	12777	1	0	next	hit	446
S1012721	32	Port Input	15	414208	3743	1
S1012721	32	Port Input	14	414208	3743	1
S1012721	32	Port Input	15	414209	3743	1
S1012721	32	Port Input	14	414209	3743	1
S1012721	32	Port Input	15	414209	3744	1
S1012721	32	Port Input	14	414209	3744	1
S1012721	32	Port Input	15	414210	3744	1
S1012721	32	Port Input	14	414210	3744	1
S1012721	32	Port Input	15	414210	3745	1
S1012721	32	Port Input	14	414210	3745	1
S1012721	32	Port Input	15	414210	3745	1
S1012721	32	Port Input	14	414210	3745	1
S1012721	32	Port Input	15	414210	3745	1
S1012721	32	Port Input	14	414211	3745	1
S1012721	32	Port Input	15	414211	3746	1
S1012721	32	Port Input	14	414211	3746	1
S1012721	32	Port Input	15	414211	3746	1
S1012721	32	Port Input	14	414211	3746	1
S1012721	32	Port Input	15	414211	3746	1
S1012721	32	Port Input	14	414211	3746	1
S1012721	32	Port Input	15	414212	3746	1
S1012721	32	Port Input	14	414212	3746	1
S1012721	32	Port Input	15	414212	3746	1
S1012721	32	Port Input	14	414212	3746	1
S1012721	32	Port Input	15	414212	3747	1
S1012721	32	Port Input	14	414212	3747	1
S1012721	32	Port Input	15	414213	3747	1
S1012721	32	Port Input	14	414213	3747	1
S1012721	32	Port Input	15	414213	3747	1
S1012721	32	Port Input	14	414213	3747	1
S1012721	32	Port Input	15	414213	3747	1
S1012721	32	Port Input	14	423215	12750	1
S1012721	32	Response	22	423215	12750	1
S1012721	33	Picture	20	423243	0	1	13263	1	0	next	hit	458
S1012721	33	Port Input	15	426845	3602	1
S1012721	33	Port Input	14	426845	3602	1
S1012721	33	Port Input	15	426845	3602	1
S1012721	33	Port Input	14	426845	3602	1
S1012721	33	Port Input	15	426845	3602	1
S1012721	33	Port Input	14	426845	3602	1
S1012721	33	Port Input	15	426845	3603	1
S1012721	33	Port Input	14	426845	3603	1
S1012721	33	Port Input	15	426845	3603	1
S1012721	33	Port Input	14	436478	13235	1
S1012721	33	Response	22	436478	13235	1
S1012721	34	Picture	20	436506	0	1	12361	1	0	next	hit	480
S1012721	34	Port Input	15	439953	3447	1
S1012721	34	Port Input	14	439953	3447	1
S1012721	34	Port Input	15	439953	3447	1
S1012721	34	Port Input	14	439953	3447	1
S1012721	34	Port Input	15	439953	3447	1
S1012721	34	Port Input	14	439953	3447	1
S1012721	34	Port Input	15	439954	3448	1
S1012721	34	Port Input	14	439954	3448	1
S1012721	34	Port Input	15	439954	3448	1
S1012721	34	Port Input	14	439954	3448	1
S1012721	34	Port Input	15	439955	3449	1
S1012721	34	Port Input	14	439955	3449	1
S1012721	34	Port Input	15	439955	3449	1
S1012721	34	Port Input	14	439955	3449	1
S1012721	34	Port Input	15	439955	3449	1
S1012721	34	Port Input	14	439956	3450	1
S1012721	34	Port Input	15	439956	3450	1
S1012721	34	Port Input	14	439956	3450	1
S1012721	34	Port Input	15	439956	3450	1
S1012721	34	Port Input	14	448833	12327	1
S1012721	34	Response	22	448833	12327	1
S1012721	35	Picture	20	448867	0	1	12847	1	0	next	hit	508
S1012721	35	Port Input	15	452559	3692	1
S1012721	35	Port Input	14	452559	3692	1
S1012721	35	Port Input	15	452561	3694	1
S1012721	35	Port Input	14	452561	3694	1
S1012721	35	Port Input	15	452562	3695	1
S1012721	35	Port Input	14	452562	3695	1
S1012721	35	Port Input	15	452563	3696	1
S1012721	35	Port Input	14	452563	3696	1
S1012721	35	Port Input	15	452564	3698	1
S1012721	35	Port Input	14	452564	3698	1
S1012721	35	Port Input	15	452565	3698	1
S1012721	35	Port Input	14	452565	3698	1
S1012721	35	Port Input	15	452565	3698	1
S1012721	35	Port Input	14	452565	3698	1
S1012721	35	Port Input	15	452566	3699	1
S1012721	35	Port Input	14	452566	3699	1
S1012721	35	Port Input	15	452566	3700	1
S1012721	35	Port Input	14	452566	3700	1
S1012721	35	Port Input	15	452566	3700	1
S1012721	35	Port Input	14	452566	3700	1
S1012721	35	Port Input	15	452567	3700	1
S1012721	35	Port Input	14	452567	3700	1
S1012721	35	Port Input	15	452567	3700	1
S1012721	35	Port Input	14	452567	3701	1
S1012721	35	Port Input	15	452567	3701	1
S1012721	35	Port Input	14	461702	12835	1
S1012721	35	Response	22	461702	12835	1
S1012721	36	Picture	20	461713	0	1	12916	1	0	next	hit	524
S1012721	36	Port Input	15	465256	3543	1
S1012721	36	Port Input	14	465256	3543	1
S1012721	36	Port Input	15	465257	3543	1
S1012721	36	Port Input	14	465257	3543	1
S1012721	36	Port Input	15	465257	3544	1
S1012721	36	Port Input	14	465257	3544	1
S1012721	36	Port Input	15	465257	3544	1
S1012721	36	Port Input	14	465257	3544	1
S1012721	36	Port Input	15	465258	3544	1
S1012721	36	Port Input	14	465258	3544	1
S1012721	36	Port Input	15	465258	3544	1
S1012721	36	Port Input	14	465258	3544	1
S1012721	36	Port Input	15	465258	3545	1
S1012721	36	Port Input	14	474617	12903	1
S1012721	36	Response	22	474617	12903	1
S1012721	37	Picture	20	474630	0	1	12986	1	0	next	hit	532
S1012721	37	Port Input	15	478057	3427	1
S1012721	37	Port Input	14	478057	3427	1
S1012721	37	Port Input	15	478057	3428	1
S1012721	37	Port Input	14	478057	3428	1
S1012721	37	Port Input	15	478057	3428	1
S1012721	37	Port Input	14	487559	12930	1
S1012721	37	Response	22	487559	12930	1
S1012721	38	Picture	20	487615	0	1	11805	1	0	next	hit	536
S1012721	38	Port Input	15	490933	3318	1
S1012721	38	Port Input	14	499377	11762	1
S1012721	38	Response	22	499377	11762	1
S1012721	38	Port Input	15	499377	11762	1
S1012721	38	Port Input	14	499377	11762	1
S1012721	38	Port Input	15	499377	11762	1
S1012721	38	Port Input	14	499378	11763	4
S1012721	39	Picture	20	499420	0	1	12916	1	0	next	hit	550
S1012721	39	Port Input	15	503137	3717	1
S1012721	39	Port Input	14	503137	3717	1
S1012721	39	Port Input	15	503137	3717	1
S1012721	39	Port Input	14	503137	3717	1
S1012721	39	Port Input	15	503138	3717	1
S1012721	39	Port Input	14	503138	3717	1
S1012721	39	Port Input	15	503138	3718	1
S1012721	39	Port Input	14	512309	12888	1
S1012721	39	Response	22	512309	12888	1
S1012721	40	Picture	20	512336	0	1	13194	1	0	next	hit	568
S1012721	40	Port Input	15	516523	4187	1
S1012721	40	Port Input	14	516523	4187	1
S1012721	40	Port Input	15	516523	4187	1
S1012721	40	Port Input	14	516524	4187	1
S1012721	40	Port Input	15	516524	4187	1
S1012721	40	Port Input	14	516524	4187	1
S1012721	40	Port Input	15	516524	4188	1
S1012721	40	Port Input	14	516524	4188	1
S1012721	40	Port Input	15	516524	4188	1
S1012721	40	Port Input	14	516524	4188	1
S1012721	40	Port Input	15	516525	4188	1
S1012721	40	Port Input	14	516525	4188	1
S1012721	40	Port Input	15	516525	4188	1
S1012721	40	Port Input	14	516525	4188	1
S1012721	40	Port Input	15	516525	4189	1
S1012721	40	Port Input	14	525505	13169	1
S1012721	40	Response	22	525505	13169	1
S1012721	41	Picture	20	525530	0	1	12986	1	0	next	hit	576
S1012721	41	Port Input	15	529701	4171	1
S1012721	41	Port Input	14	529701	4171	1
S1012721	41	Port Input	15	529701	4171	1
S1012721	41	Port Input	14	529701	4171	1
S1012721	41	Port Input	15	529701	4171	1
S1012721	41	Port Input	14	538492	12962	1
S1012721	41	Response	22	538492	12962	1
S1012721	42	Picture	20	538516	0	1	12013	1	0	next	hit	594
S1012721	42	Port Input	15	542098	3582	1
S1012721	42	Port Input	14	542098	3582	1
S1012721	42	Port Input	15	542099	3583	1
S1012721	42	Port Input	14	542099	3583	1
S1012721	42	Port Input	15	542099	3583	1
S1012721	42	Port Input	14	542099	3583	1
S1012721	42	Port Input	15	542100	3584	1
S1012721	42	Port Input	14	542100	3584	1
S1012721	42	Port Input	15	542100	3584	1
S1012721	42	Port Input	14	542100	3584	1
S1012721	42	Port Input	15	542100	3584	1
S1012721	42	Port Input	14	542100	3584	1
S1012721	42	Port Input	15	542100	3584	1
S1012721	42	Port Input	14	542100	3584	1
S1012721	42	Port Input	15	542101	3585	1
S1012721	42	Port Input	14	550514	11998	1
S1012721	42	Response	22	550514	11998	1
S1012721	43	Picture	20	550529	0	1	12986	1	0	next	hit	604
S1012721	43	Port Input	15	554762	4232	1
S1012721	43	Port Input	14	554762	4232	1
S1012721	43	Port Input	15	554766	4237	1
S1012721	43	Port Input	14	554766	4237	1
S1012721	43	Port Input	15	554767	4237	1
S1012721	43	Port Input	14	554767	4237	1
S1012721	43	Port Input	15	554767	4238	1
S1012721	43	Port Input	14	563443	12914	1
S1012721	43	Response	22	563443	12914	1
S1012721	43	Port Input	15	563444	12914	1
S1012721	43	Port Input	14	563444	12914	1
S1012721	44	Picture	20	563515	0	1	11319	1	0	next	hit	622
S1012721	44	Port Input	15	567137	3622	1
S1012721	44	Port Input	14	567137	3622	1
S1012721	44	Port Input	15	567137	3622	1
S1012721	44	Port Input	14	567137	3622	1
S1012721	44	Port Input	15	567137	3622	1
S1012721	44	Port Input	14	567137	3622	1
S1012721	44	Port Input	15	567137	3622	1
S1012721	44	Port Input	14	567137	3622	1
S1012721	44	Port Input	15	567137	3623	1
S1012721	44	Port Input	14	567138	3623	1
S1012721	44	Port Input	15	567138	3623	1
S1012721	44	Port Input	14	567138	3623	1
S1012721	44	Port Input	15	567138	3623	1
S1012721	44	Port Input	14	574804	11289	1
S1012721	44	Response	22	574804	11289	1
S1012721	45	Picture	20	574834	0	1	11597	1	0	next	hit	626
S1012721	45	Port Input	15	578487	3653	1
S1012721	45	Port Input	14	586382	11548	1
S1012721	45	Response	22	586382	11548	1
S1012721	46	Picture	20	586431	0	1	11944	1	0	next	hit	636
S1012721	46	Port Input	15	590222	3791	1
S1012721	46	Port Input	14	590222	3791	1
S1012721	46	Port Input	15	590222	3791	1
S1012721	46	Port Input	14	590222	3791	1
S1012721	46	Port Input	15	590222	3792	1
S1012721	46	Port Input	14	590222	3792	1
S1012721	46	Port Input	15	590222	3792	1
S1012721	46	Port Input	14	598355	11924	1
S1012721	46	Response	22	598355	11924	1
S1012721	47	Picture	20	598375	0	1	12638	1	0	next	hit	640
S1012721	47	Port Input	15	602072	3698	1
S1012721	47	Port Input	14	610995	12621	1
S1012721	47	Response	22	610995	12621	1
S1012721	47	Port Input	15	610996	12621	1
S1012721	47	Port Input	14	610996	12621	1
S1012721	48	Picture	20	611013	0	1	13263	1	0	next	hit	646
S1012721	48	Port Input	15	615341	4328	1
S1012721	48	Port Input	14	624220	13207	1
S1012721	48	Response	22	624220	13207	1
S1012721	49	Picture	20	624276	0	1	12291	1	0	next	hit	658
S1012721	49	Port Input	15	627770	3494	1
S1012721	49	Port Input	14	627770	3494	1
S1012721	49	Port Input	15	627770	3494	1
S1012721	49	Port Input	14	627770	3494	1
S1012721	49	Port Input	15	627771	3495	1
S1012721	49	Port Input	14	627771	3495	1
S1012721	49	Port Input	15	627771	3495	1
S1012721	49	Port Input	14	627772	3495	1
S1012721	49	Port Input	15	627772	3496	1
S1012721	49	Port Input	14	636508	12231	1
S1012721	49	Response	22	636508	12231	1
S1012721	50	Picture	20	636568	0	1	11736	1	0	next	hit	668
S1012721	50	Port Input	15	640224	3656	1
S1012721	50	Port Input	14	640224	3656	1
S1012721	50	Port Input	15	640226	3659	1
S1012721	50	Port Input	14	640226	3659	1
S1012721	50	Port Input	15	640227	3659	1
S1012721	50	Port Input	14	640227	3659	1
S1012721	50	Port Input	15	640227	3659	1
S1012721	50	Port Input	14	648290	11723	1
S1012721	50	Response	22	648290	11723	1
S1012721	51	Picture	20	648303	0	1	12222	1	0	next	hit	676
S1012721	51	Port Input	15	651992	3689	1
S1012721	51	Port Input	14	651992	3689	1
S1012721	51	Port Input	15	651992	3689	1
S1012721	51	Port Input	14	651992	3689	1
S1012721	51	Port Input	15	651992	3689	1
S1012721	51	Port Input	14	660457	12154	1
S1012721	51	Response	22	660457	12154	1
S1012721	52	Picture	20	660525	0	1	12430	1	0	next	hit	684
S1012721	52	Port Input	15	664104	3579	1
S1012721	52	Port Input	14	664104	3579	1
S1012721	52	Port Input	15	664104	3579	1
S1012721	52	Port Input	14	664104	3579	1
S1012721	52	Port Input	15	664104	3579	1
S1012721	52	Port Input	14	672920	12396	1
S1012721	52	Response	22	672920	12396	1
S1012721	52	Port Input	15	672921	12396	1
S1012721	52	Port Input	14	672922	12397	6
S1012721	53	Picture	20	672955	0	1	11597	1	0	next	hit	700
S1012721	53	Port Input	15	676917	3962	1
S1012721	53	Port Input	14	676917	3962	1
S1012721	53	Port Input	15	676917	3962	1
S1012721	53	Port Input	14	676917	3962	1
S1012721	53	Port Input	15	676917	3962	1
S1012721	53	Port Input	14	676917	3963	1
S1012721	53	Port Input	15	676919	3964	1
S1012721	53	Port Input	14	676919	3964	1
S1012721	53	Port Input	15	676919	3964	1
S1012721	53	Port Input	14	676919	3964	1
S1012721	53	Port Input	15	676919	3965	1
S1012721	53	Port Input	14	684505	11550	1
S1012721	53	Response	22	684505	11550	1
S1012721	54	Picture	20	684552	0	1	12708	1	0	next	hit	710
S1012721	54	Port Input	15	688527	3975	1
S1012721	54	Port Input	14	688527	3975	1
S1012721	54	Port Input	15	688527	3975	1
S1012721	54	Port Input	14	688527	3975	1
S1012721	54	Port Input	15	688527	3975	1
S1012721	54	Port Input	14	688527	3975	1
S1012721	54	Port Input	15	688529	3977	1
S1012721	54	Port Input	14	697193	12642	1
S1012721	54	Response	22	697193	12642	1
S1012721	55	Picture	20	697260	0	1	12847	1	0	next	hit	716
S1012721	55	Port Input	15	701865	4606	1
S1012721	55	Port Input	14	701865	4606	1
S1012721	55	Port Input	15	701867	4608	1
S1012721	55	Port Input	14	710037	12778	1
S1012721	55	Response	22	710037	12778	1
S1012721	56	Picture	20	710106	0	1	12430	1	0	next	hit	738
S1012721	56	Port Input	15	714199	4092	1
S1012721	56	Port Input	14	714199	4092	1
S1012721	56	Port Input	15	714199	4093	1
S1012721	56	Port Input	14	714199	4093	1
S1012721	56	Port Input	15	714200	4094	1
S1012721	56	Port Input	14	714200	4094	1
S1012721	56	Port Input	15	714201	4095	1
S1012721	56	Port Input	14	714201	4095	1
S1012721	56	Port Input	15	714201	4095	1
S1012721	56	Port Input	14	714201	4095	1
S1012721	56	Port Input	15	714202	4095	1
S1012721	56	Port Input	14	714202	4095	1
S1012721	56	Port Input	15	714202	4095	1
S1012721	56	Port Input	14	714202	4095	1
S1012721	56	Port Input	15	714202	4095	1
S1012721	56	Port Input	14	714202	4096	1
S1012721	56	Port Input	15	714203	4096	1
S1012721	56	Port Input	14	714203	4096	1
S1012721	56	Port Input	15	714203	4097	1
S1012721	56	Port Input	14	722465	12358	1
S1012721	56	Response	22	722465	12358	1
S1012721	57	Picture	20	722536	0	1	12986	1	0	next	hit	742
S1012721	57	Port Input	15	726345	3809	1
S1012721	57	Port Input	14	735476	12940	1
S1012721	57	Response	22	735476	12940	1
S1012721	58	Picture	20	735522	0	1	13472	1	0	next	hit	758
S1012721	58	Port Input	15	739510	3988	1
S1012721	58	Port Input	14	739510	3988	1
S1012721	58	Port Input	15	739510	3988	1
S1012721	58	Port Input	14	739510	3988	1
S1012721	58	Port Input	15	739510	3988	1
S1012721	58	Port Input	14	739511	3989	1
S1012721	58	Port Input	15	739511	3989	1
S1012721	58	Port Input	14	739511	3989	1
S1012721	58	Port Input	15	739511	3989	1
S1012721	58	Port Input	14	739511	3989	1
S1012721	58	Port Input	15	739512	3990	1
S1012721	58	Port Input	14	739512	3990	1
S1012721	58	Port Input	15	739512	3990	1
S1012721	58	Port Input	14	748946	13424	1
S1012721	58	Response	22	748946	13424	1
S1012721	59	Picture	20	748994	0	1	13055	1	0	next	hit	766
S1012721	59	Port Input	15	752998	4005	1
S1012721	59	Port Input	14	752998	4005	1
S1012721	59	Port Input	15	752998	4005	1
S1012721	59	Port Input	14	752999	4005	1
S1012721	59	Port Input	15	752999	4005	1
S1012721	59	Port Input	14	761985	12992	1
S1012721	59	Response	22	761985	12992	1
S1012721	60	Picture	20	762049	0	1	12986	1	0	next	hit	776
S1012721	60	Port Input	15	765700	3651	1
S1012721	60	Port Input	14	765700	3651	1
S1012721	60	Port Input	15	765700	3651	1
S1012721	60	Port Input	14	765700	3651	1
S1012721	60	Port Input	15	765702	3653	1
S1012721	60	Port Input	14	765702	3653	1
S1012721	60	Port Input	15	765702	3653	1
S1012721	60	Port Input	14	774982	12934	1
S1012721	60	Response	22	774982	12934	1
S1012721	61	Picture	20	775034	0	1	14097	1	0	next	hit	780
S1012721	61	Port Input	15	778959	3924	1
S1012721	61	Port Input	14	789062	14028	1
S1012721	61	Response	22	789062	14028	1
S1012721	62	Picture	20	789131	0	1	12916	1	0	next	hit	790
S1012721	62	Port Input	15	793425	4294	1
S1012721	62	Port Input	14	793425	4294	1
S1012721	62	Port Input	15	793425	4294	1
S1012721	62	Port Input	14	793425	4294	1
S1012721	62	Port Input	15	793425	4295	1
S1012721	62	Port Input	14	793426	4295	1
S1012721	62	Port Input	15	793426	4296	1
S1012721	62	Port Input	14	802031	12900	1
S1012721	62	Response	22	802031	12900	1
S1012721	63	Picture	20	802047	0	1	12152	1	0	next	hit	796
S1012721	63	Port Input	15	806130	4083	1
S1012721	63	Port Input	14	806130	4083	1
S1012721	63	Port Input	15	806133	4085	1
S1012721	63	Port Input	14	814191	12144	1
S1012721	63	Response	22	814191	12144	1
S1012721	63	Port Input	15	814191	12144	1
S1012721	63	Port Input	14	814191	12144	1
S1012721	64	Picture	20	814199	0	1	13333	1	0	next	hit	806
S1012721	64	Port Input	15	818877	4677	1
S1012721	64	Port Input	14	818877	4677	1
S1012721	64	Port Input	15	818877	4677	1
S1012721	64	Port Input	14	818877	4678	1
S1012721	64	Port Input	15	818877	4678	1
S1012721	64	Port Input	14	827522	13322	1
S1012721	64	Response	22	827522	13322	1
S1012721	65	Picture	20	827532	0	1	13888	1	0	next	hit	810
S1012721	65	Port Input	15	831350	3818	1
S1012721	65	Port Input	14	841348	13815	1
S1012721	65	Response	22	841348	13815	1
S1012721	66	Picture	20	841421	0	1	14097	1	0	next	hit	822
S1012721	66	Port Input	15	845376	3955	1
S1012721	66	Port Input	14	845376	3955	1
S1012721	66	Port Input	15	845376	3955	1
S1012721	66	Port Input	14	845376	3955	1
S1012721	66	Port Input	15	845376	3955	1
S1012721	66	Port Input	14	845376	3956	1
S1012721	66	Port Input	15	845376	3956	1
S1012721	66	Port Input	14	845376	3956	1
S1012721	66	Port Input	15	845377	3956	1
S1012721	66	Port Input	14	855441	14021	1
S1012721	66	Response	22	855441	14021	1
S1012721	67	Picture	20	855517	0	1	13055	1	0	next	hit	826
S1012721	67	Port Input	15	859197	3679	1
S1012721	67	Port Input	14	868554	13037	1
S1012721	67	Response	22	868554	13037	1
S1012721	68	Picture	20	868572	0	1	13749	1	0	next	hit	830
S1012721	68	Port Input	15	872601	4029	1
S1012721	68	Port Input	14	882294	13722	1
S1012721	68	Response	22	882294	13722	1
S1012721	68	Port Input	15	882294	13722	1
S1012721	68	Port Input	14	882294	13722	1
S1012721	68	Port Input	15	882294	13722	1
S1012721	68	Port Input	14	882294	13722	1
S1012721	69	Picture	20	882322	0	1	13680	1	0	next	hit	844
S1012721	69	Port Input	15	885990	3668	1
S1012721	69	Port Input	14	885990	3668	1
S1012721	69	Port Input	15	885990	3669	1
S1012721	69	Port Input	14	885990	3669	1
S1012721	69	Port Input	15	885990	3669	1
S1012721	69	Port Input	14	885990	3669	1
S1012721	69	Port Input	15	885991	3669	1
S1012721	69	Port Input	14	895981	13659	1
S1012721	69	Response	22	895981	13659	1
S1012721	70	Picture	20	896002	0	1	13611	1	0	next	hit	852
S1012721	70	Port Input	15	900640	4638	1
S1012721	70	Port Input	14	900640	4638	1
S1012721	70	Port Input	15	900640	4639	1
S1012721	70	Port Input	14	900640	4639	1
S1012721	70	Port Input	15	900641	4639	1
S1012721	70	Port Input	14	909536	13535	1
S1012721	70	Response	22	909536	13535	1
S1012721	71	Picture	20	909612	0	1	13749	1	0	next	hit	866
S1012721	71	Port Input	15	914018	4405	1
S1012721	71	Port Input	14	914018	4406	1
S1012721	71	Port Input	15	914018	4406	1
S1012721	71	Port Input	14	914018	4406	1
S1012721	71	Port Input	15	914018	4406	1
S1012721	71	Port Input	14	914018	4406	1
S1012721	71	Port Input	15	914018	4406	1
S1012721	71	Port Input	14	914018	4406	1
S1012721	71	Port Input	15	914019	4406	1
S1012721	71	Port Input	14	914019	4407	1
S1012721	71	Port Input	15	914019	4407	1
S1012721	71	Port Input	14	923299	13686	1
S1012721	71	Response	22	923299	13686	1
S1012721	72	Picture	20	923362	0	1	14791	1	0	next	hit	882
S1012721	72	Port Input	15	926842	3480	1
S1012721	72	Port Input	14	926842	3480	1
S1012721	72	Port Input	15	926842	3480	1
S1012721	72	Port Input	14	926842	3480	1
S1012721	72	Port Input	15	926843	3481	1
S1012721	72	Port Input	14	926843	3482	1
S1012721	72	Port Input	15	926843	3482	1
S1012721	72	Port Input	14	926843	3482	1
S1012721	72	Port Input	15	926844	3482	1
S1012721	72	Port Input	14	926844	3482	1
S1012721	72	Port Input	15	926844	3483	1
S1012721	72	Port Input	14	926845	3483	1
S1012721	72	Port Input	15	926845	3483	1
S1012721	72	Port Input	14	938144	14782	1
S1012721	72	Response	22	938144	14782	1
S1012721	73	Picture	20	938153	0	1	14166	1	0	next	hit	892
S1012721	73	Port Input	15	942947	4795	1
S1012721	73	Port Input	14	942947	4795	1
S1012721	73	Port Input	15	942948	4795	1
S1012721	73	Port Input	14	942948	4795	1
S1012721	73	Port Input	15	942948	4795	1
S1012721	73	Port Input	14	942948	4795	1
S1012721	73	Port Input	15	942948	4795	1
S1012721	73	Port Input	14	952247	14094	1
S1012721	73	Response	22	952247	14094	1
S1012721	74	Picture	20	952319	0	1	15069	1	0	next	hit	896
S1012721	74	Port Input	15	957923	5604	1
S1012721	74	Port Input	14	967366	15047	1
S1012721	74	Response	22	967366	15047	1
S1012721	75	Picture	20	967388	0	1	10486	1	0	next	hit	906
S1012721	75	Port Input	15	970556	3168	1
S1012721	75	Port Input	14	970556	3169	1
S1012721	75	Port Input	15	970556	3169	1
S1012721	75	Port Input	14	970556	3169	1
S1012721	75	Port Input	15	970557	3169	1
S1012721	75	Port Input	14	970557	3169	1
S1012721	75	Port Input	15	970557	3169	1
S1012721	75	Port Input	14	977821	10433	1
S1012721	75	Response	22	977821	10433	1
S1012721	75	Port Input	15	977821	10433	1
S1012721	75	Port Input	14	977821	10434	1
S1012721	76	Picture	20	977873	0	1	11180	1	0	next	hit	914
S1012721	76	Port Input	15	982680	4806	1
S1012721	76	Port Input	14	982680	4806	1
S1012721	76	Port Input	15	982680	4807	1
S1012721	76	Port Input	14	989042	11169	1
S1012721	76	Response	22	989042	11169	1
S1012721	77	Picture	20	989054	0	1	12013	1	0	next	hit	930
S1012721	77	Port Input	15	992950	3896	1
S1012721	77	Port Input	14	992950	3896	1
S1012721	77	Port Input	15	992954	3901	1
S1012721	77	Port Input	14	992955	3901	1
S1012721	77	Port Input	15	992955	3902	1
S1012721	77	Port Input	14	992955	3902	1
S1012721	77	Port Input	15	992956	3902	1
S1012721	77	Port Input	14	992956	3902	1
S1012721	77	Port Input	15	992956	3903	1
S1012721	77	Port Input	14	992956	3903	1
S1012721	77	Port Input	15	992956	3903	1
S1012721	77	Port Input	14	992957	3903	1
S1012721	77	Port Input	15	992957	3903	1
S1012721	77	Port Input	14	1001055	12001	1
S1012721	77	Response	22	1001055	12001	1
S1012721	78	Picture	20	1001067	0	1	12430	1	0	next	hit	936
S1012721	78	Port Input	15	1005286	4219	1
S1012721	78	Port Input	14	1005286	4219	1
S1012721	78	Port Input	15	1005286	4219	1
S1012721	78	Port Input	14	1013461	12394	1
S1012721	78	Response	22	1013461	12394	1
S1012721	79	Picture	20	1013497	0	1	12777	1	0	next	hit	940
S1012721	79	Port Input	15	1018072	4575	1
S1012721	79	Port Input	14	1026256	12759	1
S1012721	79	Response	22	1026256	12759	1
S1012721	80	Picture	20	1026274	0	1	12777	1	0	next	hit	974
S1012721	80	Port Input	15	1030325	4051	1
S1012721	80	Port Input	14	1030326	4051	1
S1012721	80	Port Input	15	1030326	4051	1
S1012721	80	Port Input	14	1030326	4051	1
S1012721	80	Port Input	15	1030326	4052	1
S1012721	80	Port Input	14	1030326	4052	1
S1012721	80	Port Input	15	1030327	4052	1
S1012721	80	Port Input	14	1030327	4053	1
S1012721	80	Port Input	15	1030327	4053	1
S1012721	80	Port Input	14	1030327	4053	1
S1012721	80	Port Input	15	1030327	4053	1
S1012721	80	Port Input	14	1030327	4053	1
S1012721	80	Port Input	15	1030328	4053	1
S1012721	80	Port Input	14	1030328	4054	1
S1012721	80	Port Input	15	1030328	4054	1
S1012721	80	Port Input	14	1030328	4054	1
S1012721	80	Port Input	15	1030328	4054	1
S1012721	80	Port Input	14	1030328	4054	1
S1012721	80	Port Input	15	1030329	4055	1
S1012721	80	Port Input	14	1030329	4055	1
S1012721	80	Port Input	15	1030330	4055	1
S1012721	80	Port Input	14	1030330	4055	1
S1012721	80	Port Input	15	1030330	4055	1
S1012721	80	Port Input	14	1030330	4055	1
S1012721	80	Port Input	15	1030330	4056	1
S1012721	80	Port Input	14	1030330	4056	1
S1012721	80	Port Input	15	1030330	4056	1
S1012721	80	Port Input	14	1030330	4056	1
S1012721	80	Port Input	15	1030330	4056	1
S1012721	80	Port Input	14	1030330	4056	1
S1012721	80	Port Input	15	1030331	4057	1
S1012721	80	Port Input	14	1039037	12762	1
S1012721	80	Response	22	1039037	12762	1
S1012721	80	Port Input	15	1039037	12763	1
S1012721	80	Port Input	14	1039037	12763	1
S1012721	81	Picture	20	1039052	0	1	12986	1	0	next	hit	982
S1012721	81	Port Input	15	1042905	3853	1
S1012721	81	Port Input	14	1042905	3853	1
S1012721	81	Port Input	15	1042908	3857	1
S1012721	81	Port Input	14	1051992	12940	1
S1012721	81	Response	22	1051992	12940	1
S1012721	82	Picture	20	1052037	0	1	12569	1	0	next	hit	996
S1012721	82	Port Input	15	1055936	3899	1
S1012721	82	Port Input	14	1055936	3899	1
S1012721	82	Port Input	15	1055947	3910	1
S1012721	82	Port Input	14	1055947	3910	1
S1012721	82	Port Input	15	1055947	3910	1
S1012721	82	Port Input	14	1055947	3910	1
S1012721	82	Port Input	15	1055948	3910	1
S1012721	82	Port Input	14	1055948	3910	1
S1012721	82	Port Input	15	1055948	3911	1
S1012721	82	Port Input	14	1055948	3911	1
S1012721	82	Port Input	15	1055948	3911	1
S1012721	82	Port Input	14	1064541	12503	1
S1012721	82	Response	22	1064541	12503	1
S1012721	82	Port Input	15	1064541	12504	1
S1012721	82	Port Input	14	1064541	12504	1
S1012721	83	Picture	20	1064606	0	1	11874	1	0	next	hit	1002
S1012721	83	Port Input	15	1068952	4346	1
S1012721	83	Port Input	14	1076416	11810	1
S1012721	83	Response	22	1076416	11810	1
S1012721	83	Port Input	15	1076417	11810	1
S1012721	83	Port Input	14	1076417	11811	3
S1012721	84	Picture	20	1076481	0	1	14305	1	0	next	hit	1022
S1012721	84	Port Input	15	1080864	4384	1
S1012721	84	Port Input	14	1080864	4384	1
S1012721	84	Port Input	15	1080864	4384	1
S1012721	84	Port Input	14	1080864	4384	1
S1012721	84	Port Input	15	1080866	4386	1
S1012721	84	Port Input	14	1080867	4386	1
S1012721	84	Port Input	15	1080867	4386	1
S1012721	84	Port Input	14	1080867	4386	1
S1012721	84	Port Input	15	1080867	4387	1
S1012721	84	Port Input	14	1080868	4387	1
S1012721	84	Port Input	15	1080868	4387	1
S1012721	84	Port Input	14	1080868	4387	1
S1012721	84	Port Input	15	1080868	4387	1
S1012721	84	Port Input	14	1080868	4388	1
S1012721	84	Port Input	15	1080868	4388	1
S1012721	84	Port Input	14	1090716	14236	1
S1012721	84	Response	22	1090716	14236	1
S1012721	84	Port Input	15	1090717	14236	1
S1012721	84	Port Input	14	1090717	14236	1
S1012721	85	Picture	20	1090786	0	1	13541	1	0	next	hit	1030
S1012721	85	Port Input	15	1094811	4025	1
S1012721	85	Port Input	14	1094811	4025	1
S1012721	85	Port Input	15	1094811	4025	1
S1012721	85	Port Input	14	1104250	13464	1
S1012721	85	Response	22	1104250	13464	1
S1012721	86	Picture	20	1104327	0	1	12986	1	0	next	hit	1034
S1012721	86	Port Input	15	1107735	3408	1
S1012721	86	Port Input	14	1117248	12921	1
S1012721	86	Response	22	1117248	12921	1
S1012721	87	Picture	20	1117312	0	1	11666	1	0	next	hit	1038
S1012721	87	Port Input	15	1121199	3887	1
S1012721	87	Port Input	14	1128964	11652	1
S1012721	87	Response	22	1128964	11652	1
S1012721	88	Picture	20	1128979	0	1	12916	1	0	next	hit	1044
S1012721	88	Port Input	15	1132701	3722	1
S1012721	88	Port Input	14	1132701	3722	1
S1012721	88	Port Input	15	1132701	3722	1
S1012721	88	Port Input	14	1141856	12878	1
S1012721	88	Response	22	1141856	12878	1
S1012721	89	Picture	20	1141895	0	1	13125	1	0	next	hit	1054
S1012721	89	Port Input	15	1146021	4126	1
S1012721	89	Port Input	14	1146021	4126	1
S1012721	89	Port Input	15	1146021	4126	1
S1012721	89	Port Input	14	1146021	4127	1
S1012721	89	Port Input	15	1146022	4127	1
S1012721	89	Port Input	14	1146022	4127	1
S1012721	89	Port Input	15	1146022	4127	1
S1012721	89	Port Input	14	1154981	13086	1
S1012721	89	Response	22	1154981	13086	1
S1012721	89	Port Input	15	1154981	13086	1
S1012721	89	Port Input	14	1154981	13086	1
S1012721	90	Picture	20	1155019	0	1	12499	1	0	next	hit	1062
S1012721	90	Port Input	15	1158558	3538	1
S1012721	90	Port Input	14	1158558	3538	1
S1012721	90	Port Input	15	1158558	3538	1
S1012721	90	Port Input	14	1167467	12448	1
S1012721	90	Response	22	1167467	12448	1
S1012721	90	Port Input	15	1167468	12448	1
S1012721	90	Port Input	14	1167468	12448	1
S1012721	91	Picture	20	1167519	0	1	13611	1	0	next	hit	1070
S1012721	91	Port Input	15	1171006	3488	1
S1012721	91	Port Input	14	1171006	3488	1
S1012721	91	Port Input	15	1171007	3488	1
S1012721	91	Port Input	14	1181083	13564	1
S1012721	91	Response	22	1181083	13564	1
S1012721	92	Picture	20	1181129	0	1	12777	1	0	next	hit	1074
S1012721	92	Port Input	15	1184693	3564	1
S1012721	92	Port Input	14	1193831	12701	1
S1012721	92	Response	22	1193831	12701	1
S1012721	93	Picture	20	1193907	0	1	12430	1	0	next	hit	1082
S1012721	93	Port Input	15	1197464	3558	1
S1012721	93	Port Input	14	1197464	3558	1
S1012721	93	Port Input	15	1197465	3558	1
S1012721	93	Port Input	14	1197465	3559	1
S1012721	93	Port Input	15	1197466	3559	1
S1012721	93	Port Input	14	1206262	12355	1
S1012721	93	Response	22	1206262	12355	1
S1012721	94	Picture	20	1206337	0	1	12777	1	0	next	hit	1090
S1012721	94	Port Input	15	1209839	3502	1
S1012721	94	Port Input	14	1209839	3502	1
S1012721	94	Port Input	15	1209839	3503	1
S1012721	94	Port Input	14	1209839	3503	1
S1012721	94	Port Input	15	1209839	3503	1
S1012721	94	Port Input	14	1219047	12710	1
S1012721	94	Response	22	1219047	12710	1
S1012721	95	Picture	20	1219114	0	1	12847	1	0	next	hit	1102
S1012721	95	Port Input	15	1222785	3671	1
S1012721	95	Port Input	14	1222785	3671	1
S1012721	95	Port Input	15	1222785	3672	1
S1012721	95	Port Input	14	1222785	3672	1
S1012721	95	Port Input	15	1222786	3672	1
S1012721	95	Port Input	14	1222786	3672	1
S1012721	95	Port Input	15	1222786	3672	1
S1012721	95	Port Input	14	1222786	3672	1
S1012721	95	Port Input	15	1222786	3672	1
S1012721	95	Port Input	14	1231922	12809	1
S1012721	95	Response	22	1231922	12809	1
S1012721	95	Port Input	15	1231923	12809	1
S1012721	95	Port Input	14	1231923	12809	1
S1012721	95	Port Input	15	1231923	12809	1
S1012721	95	Port Input	14	1231924	12810	5
S1012721	96	Picture	20	1231961	0	1	12777	1	0	next	hit	1112
S1012721	96	Port Input	15	1236316	4356	1
S1012721	96	Port Input	14	1236316	4356	1
S1012721	96	Port Input	15	1236316	4356	1
S1012721	96	Port Input	14	1244675	12714	1
S1012721	96	Response	22	1244675	12714	1
S1012721	97	Picture	20	1244738	0	1	12222	1	0	next	hit	1122
S1012721	97	Port Input	15	1248800	4062	1
S1012721	97	Port Input	14	1248800	4062	1
S1012721	97	Port Input	15	1248801	4063	1
S1012721	97	Port Input	14	1248801	4063	1
S1012721	97	Port Input	15	1248801	4063	1
S1012721	97	Port Input	14	1248801	4063	1
S1012721	97	Port Input	15	1248801	4063	1
S1012721	97	Port Input	14	1256893	12155	1
S1012721	97	Response	22	1256893	12155	1
S1012721	98	Picture	20	1256960	0	1	12083	1	0	next	hit	1128
S1012721	98	Port Input	15	1260760	3800	1
S1012721	98	Port Input	14	1260760	3800	1
S1012721	98	Port Input	15	1260761	3801	1
S1012721	98	Port Input	14	1268988	12029	1
S1012721	98	Response	22	1268988	12029	1
S1012721	99	Picture	20	1269042	0	1	13472	1	0	next	hit	1136
S1012721	99	Port Input	15	1273280	4237	1
S1012721	99	Port Input	14	1273280	4238	1
S1012721	99	Port Input	15	1273281	4238	1
S1012721	99	Port Input	14	1273281	4238	1
S1012721	99	Port Input	15	1273281	4238	1
S1012721	99	Port Input	14	1282453	13410	1
S1012721	99	Response	22	1282453	13410	1
S1012721	100	Picture	20	1282514	0	1	12499	1	0	next	hit	1146
S1012721	100	Port Input	15	1286548	4034	1
S1012721	100	Port Input	14	1286548	4034	1
S1012721	100	Port Input	15	1286549	4035	1
S1012721	100	Port Input	14	1286549	4035	1
S1012721	100	Port Input	15	1286549	4035	1
S1012721	100	Port Input	14	1286549	4035	1
S1012721	100	Port Input	15	1286549	4035	1
S1012721	100	Port Input	14	1294958	12443	1
S1012721	100	Response	22	1294958	12443	1
S1012721	101	Picture	20	1295014	0	1	13819	1	0	next	hit	1154
S1012721	101	Port Input	15	1298852	3839	1
S1012721	101	Port Input	14	1298853	3839	1
S1012721	101	Port Input	15	1298853	3839	1
S1012721	101	Port Input	14	1298853	3839	1
S1012721	101	Port Input	15	1298854	3840	1
S1012721	101	Port Input	14	1308757	13743	1
S1012721	101	Response	22	1308757	13743	1
S1012721	102	Picture	20	1308833	0	1	13194	1	0	next	hit	1170
S1012721	102	Port Input	15	1312233	3401	1
S1012721	102	Port Input	14	1312233	3401	1
S1012721	102	Port Input	15	1312234	3401	1
S1012721	102	Port Input	14	1312234	3401	1
S1012721	102	Port Input	15	1312234	3401	1
S1012721	102	Port Input	14	1312234	3401	1
S1012721	102	Port Input	15	1312234	3402	1
S1012721	102	Port Input	14	1312234	3402	1
S1012721	102	Port Input	15	1312234	3402	1
S1012721	102	Port Input	14	1312235	3402	1
S1012721	102	Port Input	15	1312235	3402	1
S1012721	102	Port Input	14	1312235	3403	1
S1012721	102	Port Input	15	1312235	3403	1
S1012721	102	Port Input	14	1321456	12624	1
S1012721	102	Response	22	1321456	12624	1
S1012721	103	Port Input	15	1325513	3987	1
S1012721	103	Port Input	14	1325513	3987	1
S1012721	103	Port Input	15	1325513	3987	1
S1012721	103	Port Input	14	1325513	3987	1
S1012721	103	Port Input	15	1325514	3987	1
S1012721	103	Port Input	14	1325514	3987	1
S1012721	103	Port Input	15	1325514	3988	1
S1012721	103	Port Input	14	1325514	3988	1
S1012721	103	Port Input	15	1325514	3988	1
