Scenario - passive press generic training 1.2
Logfile written - 11/19/2021 16:49:12

Subject	Trial	Event Type	Code	Time	TTime	Uncertainty	Duration	Uncertainty	ReqTime	ReqDur	Stim Type	Pair Index

S1015151	1	Picture	83	35	0	1	5000	1	0	4950	other	0
S1015151	1	Picture	82	10035	10000	1	5000	1	9950	4950	other	0
S1015151	1	Picture	81	20034	19999	1	5000	1	19950	4950	other	0
S1015151	1	Picture	80	30034	29999	1	5000	1	29950	4950	other	0
S1015151	1	Picture	81	40033	39998	1	10000	1	39950	9950	other	0
S1015151	1	Port Input	14	46527	46492	1
S1015151	1	Response	100	46527	46492	1
S1015151	1	Port Input	15	46527	46492	1
S1015151	1	Port Input	14	46527	46492	1
S1015151	1	Port Input	15	46527	46492	1
S1015151	1	Port Input	14	46528	46492	1
S1015151	1	Port Input	15	46528	46493	1
S1015151	1	Port Input	14	46528	46493	1
S1015151	1	Port Input	15	46528	46493	1
S1015151	1	Port Input	14	46528	46493	1
S1015151	1	Port Input	15	46528	46493	1
S1015151	1	Port Input	14	46528	46493	1
S1015151	1	Port Input	15	46528	46493	1
S1015151	1	Port Input	14	46528	46493	1
S1015151	1	Port Input	15	46528	46493	1
S1015151	1	Port Input	14	46528	46493	1
S1015151	1	Port Input	15	46529	46493	1
S1015151	1	Port Input	14	46529	46494	1
S1015151	1	Port Input	15	46529	46494	1
S1015151	1	Port Input	14	46529	46494	1
S1015151	1	Port Input	15	46529	46494	1
S1015151	1	Port Input	14	46529	46494	1
S1015151	1	Port Input	15	46529	46494	1
S1015151	1	Port Input	14	46529	46494	1
S1015151	1	Port Input	15	46529	46494	1
S1015151	1	Port Input	14	46529	46494	1
S1015151	1	Port Input	15	46529	46494	1
S1015151	1	Port Input	14	46530	46494	1
S1015151	1	Port Input	15	46530	46495	1
S1015151	1	Port Input	14	46530	46495	1
S1015151	1	Port Input	15	46530	46495	1
S1015151	1	Port Input	14	46531	46496	1
S1015151	1	Port Input	15	46531	46496	1
S1015151	1	Port Input	14	46531	46496	1
S1015151	1	Port Input	15	46531	46496	1
S1015151	1	Port Input	14	46532	46496	1
S1015151	1	Port Input	15	46532	46496	1
S1015151	1	Port Input	14	46535	46500	1
S1015151	1	Port Input	15	46535	46500	1
S1015151	1	Port Input	14	46535	46500	1
S1015151	1	Port Input	15	46536	46500	1
S1015151	1	Port Input	14	46536	46501	1
S1015151	1	Port Input	15	46536	46501	1
S1015151	1	Port Input	14	46536	46501	1
S1015151	1	Port Input	15	46536	46501	1
S1015151	1	Port Input	14	46536	46501	1
S1015151	1	Port Input	15	46536	46501	1
S1015151	1	Port Input	14	46536	46501	1
S1015151	1	Port Input	15	46538	46503	1
S1015151	1	Port Input	14	46538	46503	1
S1015151	1	Port Input	15	47567	47532	1
S1015151	1	Port Input	14	47567	47532	1
S1015151	1	Port Input	15	47567	47532	1
S1015151	1	Port Input	14	47567	47532	1
S1015151	1	Port Input	15	47567	47532	1
S1015151	1	Port Input	14	47567	47532	1
S1015151	1	Port Input	15	47567	47532	1
S1015151	1	Port Input	14	47567	47532	1
S1015151	1	Port Input	15	47567	47532	1
S1015151	1	Port Input	14	47567	47532	1
S1015151	1	Port Input	15	47567	47532	1
S1015151	1	Port Input	14	47568	47533	1
S1015151	1	Port Input	15	47568	47533	1
S1015151	1	Port Input	14	47568	47533	1
S1015151	1	Port Input	15	47568	47533	1
S1015151	1	Port Input	14	47568	47533	1
S1015151	1	Port Input	15	47568	47533	1
S1015151	1	Picture	81	60033	59997	1	10000	1	59950	9950	other	0
S1015151	1	Port Input	14	64964	64929	1
S1015151	1	Response	100	64964	64929	1
S1015151	1	Port Input	15	64965	64930	1
S1015151	1	Port Input	14	64965	64930	1
S1015151	1	Port Input	15	64967	64932	1
S1015151	1	Port Input	14	64967	64932	1
S1015151	1	Port Input	15	64967	64932	1
S1015151	1	Port Input	14	64967	64932	1
S1015151	1	Port Input	15	64968	64933	1
S1015151	1	Port Input	14	64968	64933	1
S1015151	1	Port Input	15	65981	65946	1
S1015151	1	Port Input	14	65981	65946	1
S1015151	1	Port Input	15	65981	65946	1
S1015151	1	Picture	81	80032	79997	1	10000	1	79950	9950	other	0
S1015151	1	Port Input	14	83194	83159	1
S1015151	1	Response	100	83194	83159	1
S1015151	1	Port Input	15	83194	83159	1
S1015151	1	Port Input	14	83194	83159	1
S1015151	1	Port Input	15	83195	83159	1
S1015151	1	Port Input	14	83195	83160	1
S1015151	1	Port Input	15	83196	83160	1
S1015151	1	Port Input	14	83196	83161	1
S1015151	1	Port Input	15	83197	83162	1
S1015151	1	Port Input	14	83197	83162	1
S1015151	1	Port Input	15	83197	83162	1
S1015151	1	Port Input	14	83197	83162	1
S1015151	1	Port Input	15	83197	83162	1
S1015151	1	Port Input	14	83197	83162	1
S1015151	1	Port Input	15	83199	83164	1
S1015151	1	Port Input	14	83199	83164	1
S1015151	1	Port Input	15	84103	84068	1
S1015151	1	Port Input	14	84103	84068	1
S1015151	1	Port Input	15	84103	84068	1
S1015151	1	Port Input	14	84104	84068	1
S1015151	1	Port Input	15	84104	84068	1
S1015151	1	Port Input	14	84104	84069	1
S1015151	1	Port Input	15	84104	84069	1
S1015151	1	Port Input	14	84104	84069	1
S1015151	1	Port Input	15	84104	84069	1
S1015151	1	Port Input	14	84104	84069	1
S1015151	1	Port Input	15	84104	84069	1
S1015151	1	Port Input	14	84104	84069	1
S1015151	1	Port Input	15	84105	84069	1
S1015151	1	Port Input	14	84105	84070	1
S1015151	1	Port Input	15	84105	84070	1
S1015151	1	Port Input	14	84105	84070	1
S1015151	1	Port Input	15	84105	84070	1
S1015151	2	Port Input	14	225790	135689	3
S1015151	2	Response	100	225790	135689	3
S1015151	2	Port Input	15	225792	135691	1
S1015151	2	Port Input	14	225792	135691	1
S1015151	3	Port Input	15	227239	1380	1
S1015151	3	Port Input	14	227239	1380	1
S1015151	3	Port Input	15	227239	1380	8
S1015151	3	Port Input	14	350452	124593	1
S1015151	3	Response	100	350452	124593	1
S1015151	4	Port Input	15	351546	1040	8
S1015151	4	Port Input	14	356662	6156	8
S1015151	4	Response	100	356662	6156	8
S1015151	4	Port Input	15	356669	6163	1
S1015151	4	Port Input	14	356670	6163	8
S1015151	5	Port Input	15	358040	1353	8
S1015151	5	Port Input	14	362895	6208	7
S1015151	5	Port Input	15	362902	6215	1
S1015151	5	Port Input	14	362902	6215	7
S1015151	5	Port Input	15	363993	7306	1
S1015151	5	Port Input	14	363993	7306	1
S1015151	5	Port Input	15	363993	7306	7
S1015151	5	Port Input	14	368673	11986	7
S1015151	5	Port Input	15	369708	13022	7
S1015151	5	Port Input	14	374765	18078	8
S1015151	5	Response	100	374765	18078	8
S1015151	5	Port Input	15	374773	18086	8
S1015151	5	Port Input	14	374781	18094	4
S1015151	5	Port Input	15	374784	18097	1
S1015151	5	Port Input	14	374785	18098	2
S1015151	6	Port Input	15	375695	884	1
S1015151	6	Port Input	14	380482	5671	7
S1015151	6	Port Input	15	381605	6794	7
S1015151	6	Port Input	14	385872	11061	8
S1015151	6	Port Input	15	386941	12130	8
S1015151	6	Port Input	14	391599	16788	8
S1015151	6	Port Input	15	392621	17810	7
S1015151	6	Port Input	14	392628	17817	1
S1015151	6	Port Input	15	392628	17817	7
S1015151	6	Port Input	14	396963	22152	8
S1015151	6	Port Input	15	396971	22160	1
S1015151	6	Port Input	14	396971	22160	1
S1015151	6	Port Input	15	398214	23403	8
S1015151	6	Port Input	14	402541	27730	8
S1015151	6	Port Input	15	403566	28755	7
S1015151	6	Port Input	14	408100	33289	7
S1015151	6	Port Input	15	408107	33296	1
S1015151	6	Port Input	14	408107	33296	1
S1015151	6	Port Input	15	409338	34527	8
S1015151	6	Port Input	14	413626	38815	8
S1015151	6	Port Input	15	414710	39899	1
S1015151	6	Port Input	14	414710	39899	1
S1015151	6	Port Input	15	414710	39899	1
S1015151	6	Port Input	14	414710	39899	1
S1015151	6	Port Input	15	414710	39899	8
S1015151	6	Port Input	14	419061	44250	7
S1015151	6	Port Input	15	420352	45541	1
S1015151	6	Port Input	14	420352	45541	1
S1015151	6	Port Input	15	420352	45542	7
S1015151	6	Port Input	14	424784	49973	7
S1015151	6	Port Input	15	425950	51139	8
S1015151	6	Port Input	14	430137	55326	7
S1015151	6	Port Input	15	431430	56619	9
S1015151	6	Port Input	14	436041	61230	8
S1015151	6	Port Input	15	437292	62481	8
S1015151	6	Port Input	14	441284	66473	7
S1015151	6	Port Input	15	442399	67588	7
S1015151	6	Port Input	14	446318	71507	8
S1015151	6	Port Input	15	447557	72746	7
S1015151	6	Port Input	14	452155	77344	8
S1015151	6	Port Input	15	453230	78420	8
S1015151	6	Port Input	14	453238	78427	1
S1015151	6	Port Input	15	453238	78427	8
S1015151	6	Port Input	14	457867	83056	8
S1015151	6	Port Input	15	459145	84334	7
S1015151	6	Port Input	14	459152	84341	1
S1015151	6	Port Input	15	459152	84341	7
S1015151	6	Port Input	14	463658	88848	7
S1015151	6	Port Input	15	464770	89959	7
S1015151	6	Port Input	14	469129	94318	8
S1015151	6	Port Input	15	470382	95571	8
S1015151	6	Port Input	14	474738	99927	7
S1015151	6	Port Input	15	476071	101260	7
S1015151	6	Port Input	14	480279	105468	8
S1015151	6	Port Input	15	481432	106621	8
S1015151	6	Port Input	14	485687	110876	8
S1015151	6	Port Input	15	486806	111995	7
S1015151	6	Port Input	14	491200	116389	7
S1015151	6	Port Input	15	491207	116396	1
S1015151	6	Port Input	14	491207	116396	7
S1015151	6	Port Input	15	492249	117438	8
S1015151	6	Port Input	14	492256	117445	1
S1015151	6	Port Input	15	492257	117446	8
S1015151	6	Port Input	14	496718	121907	8
S1015151	6	Port Input	15	498084	123273	7
S1015151	6	Port Input	14	498091	123280	1
S1015151	6	Port Input	15	498091	123280	1
S1015151	6	Port Input	14	502478	127667	7
S1015151	6	Port Input	15	503668	128857	8
S1015151	6	Port Input	14	507988	133177	9
S1015151	6	Port Input	15	509261	134450	1
S1015151	6	Port Input	14	513604	138793	7
S1015151	6	Port Input	15	514932	140121	8
S1015151	6	Port Input	14	519196	144386	7
S1015151	6	Port Input	15	520396	145585	7
S1015151	6	Port Input	14	524545	149734	1
S1015151	6	Port Input	15	525828	151017	7
S1015151	6	Port Input	14	530034	155223	7
S1015151	6	Port Input	15	531240	156429	1
S1015151	6	Port Input	14	531240	156429	1
S1015151	6	Port Input	15	531240	156429	8
S1015151	6	Port Input	14	535501	160690	7
S1015151	6	Port Input	15	536612	161801	8
S1015151	6	Port Input	14	541237	166426	7
S1015151	6	Port Input	15	542341	167530	8
S1015151	6	Port Input	14	547070	172259	7
S1015151	6	Port Input	15	548252	173441	8
S1015151	6	Port Input	14	548259	173448	1
S1015151	6	Port Input	15	548259	173448	8
S1015151	6	Port Input	14	552035	177224	7
S1015151	6	Port Input	15	553362	178551	7
S1015151	6	Port Input	14	557604	182793	8
S1015151	6	Port Input	15	557611	182801	1
S1015151	6	Port Input	14	557611	182801	1
S1015151	6	Port Input	15	558814	184003	8
S1015151	6	Port Input	14	563108	188297	7
S1015151	6	Port Input	15	563115	188304	1
S1015151	6	Port Input	14	563115	188304	1
S1015151	6	Port Input	15	563115	188304	1
S1015151	6	Port Input	14	563115	188304	8
S1015151	6	Port Input	15	564392	189581	7
S1015151	6	Port Input	14	568517	193706	8
S1015151	6	Port Input	15	569652	194841	8
S1015151	6	Port Input	14	574180	199369	7
S1015151	6	Port Input	15	575447	200636	7
S1015151	6	Port Input	14	579729	204918	7
S1015151	6	Port Input	15	580929	206118	1
S1015151	6	Port Input	14	584900	210090	8
S1015151	6	Port Input	15	586200	211389	7
S1015151	6	Port Input	14	590477	215666	8
S1015151	6	Port Input	15	591663	216852	8
S1015151	6	Port Input	14	596015	221204	8
S1015151	6	Port Input	15	597192	222381	8
S1015151	6	Port Input	14	601250	226439	7
S1015151	6	Port Input	15	602334	227523	8
S1015151	6	Port Input	14	602341	227530	1
S1015151	6	Port Input	15	602341	227530	8
S1015151	6	Port Input	14	607283	232472	8
S1015151	6	Port Input	15	608410	233599	7
S1015151	6	Port Input	14	612560	237749	7
S1015151	6	Port Input	15	613880	239069	1
S1015151	6	Port Input	14	613880	239070	1
S1015151	6	Port Input	15	613881	239070	8
S1015151	6	Port Input	14	617964	243154	8
S1015151	6	Port Input	15	619228	244417	7
S1015151	6	Port Input	14	623084	248273	7
S1015151	6	Port Input	15	624143	249332	7
S1015151	6	Port Input	14	628319	253508	7
S1015151	6	Port Input	15	629413	254602	8
S1015151	6	Port Input	14	633694	258883	7
S1015151	6	Port Input	15	635070	260259	7
S1015151	6	Port Input	14	639552	264741	8
S1015151	6	Port Input	15	640631	265820	1
S1015151	6	Port Input	14	669302	294491	8
S1015151	6	Response	100	669302	294491	8
S1015151	7	Port Input	15	670140	758	1
S1015151	7	Port Input	14	670140	758	8
S1015151	7	Port Input	15	670147	765	1
S1015151	7	Port Input	14	670147	765	1
S1015151	7	Port Input	15	670566	1184	1
S1015151	7	Port Input	14	688554	19172	8
S1015151	7	Response	100	688554	19172	8
S1015151	7	Port Input	15	688561	19179	1
S1015151	7	Port Input	14	688561	19179	1
S1015151	8	Port Input	15	689942	1324	7
S1015151	8	Port Input	14	694203	5586	7
S1015151	8	Port Input	15	695285	6667	8
S1015151	8	Port Input	14	701339	12722	8
S1015151	8	Response	100	701339	12722	8
S1015151	9	Port Input	15	702278	883	7
S1015151	9	Port Input	14	706395	5001	7
S1015151	9	Port Input	15	707478	6083	7
S1015151	9	Port Input	14	712327	10933	7
S1015151	9	Port Input	15	713470	12076	7
S1015151	9	Port Input	14	717684	16290	7
S1015151	9	Port Input	15	718818	17424	8
S1015151	9	Port Input	14	724789	23394	7
S1015151	9	Response	100	724789	23394	7
S1015151	9	Port Input	15	724796	23401	1
S1015151	9	Port Input	14	724796	23401	7
S1015151	10	Port Input	15	725926	1061	9
S1015151	10	Port Input	14	725936	1070	1
S1015151	10	Port Input	15	725936	1070	9
S1015151	10	Port Input	14	732391	7526	8
S1015151	10	Response	100	732391	7526	8
S1015151	11	Port Input	15	733460	1025	8
S1015151	11	Port Input	14	733468	1033	1
S1015151	11	Port Input	15	733468	1033	8
S1015151	11	Port Input	14	739488	7053	8
S1015151	11	Response	100	739488	7053	8
S1015151	12	Port Input	15	740664	1146	8
S1015151	12	Port Input	14	744113	4595	7
S1015151	12	Port Input	15	745051	5534	1
S1015151	12	Port Input	14	745052	5534	1
S1015151	12	Port Input	15	745306	5788	7
S1015151	12	Port Input	14	755505	15987	7
S1015151	12	Response	100	755505	15987	7
S1015151	13	Port Input	15	756535	976	1
S1015151	13	Port Input	14	762004	6445	7
S1015151	13	Response	100	762004	6445	7
S1015151	14	Port Input	15	762904	818	7
S1015151	14	Port Input	14	762911	825	1
S1015151	14	Port Input	15	762911	825	1
S1015151	14	Port Input	14	762912	825	7
S1015151	14	Port Input	15	762918	832	1
S1015151	14	Port Input	14	770092	8005	8
S1015151	14	Response	100	770092	8005	8
S1015151	15	Port Input	15	771277	1135	1
S1015151	15	Port Input	14	774817	4676	8
S1015151	15	Port Input	15	775861	5720	1
S1015151	15	Port Input	14	775862	5720	1
S1015151	15	Port Input	15	775862	5720	8
S1015151	15	Port Input	14	781428	11287	7
S1015151	15	Response	100	781428	11287	7
S1015151	16	Port Input	15	782299	838	7
S1015151	16	Port Input	14	787951	6490	8
S1015151	16	Response	100	787951	6490	8
S1015151	16	Port Input	15	787958	6497	1
S1015151	16	Port Input	14	787958	6497	1
S1015151	17	Port Input	15	788743	755	7
S1015151	17	Port Input	14	792941	4953	7
S1015151	17	Port Input	15	792947	4959	1
S1015151	17	Port Input	14	792948	4960	7
S1015151	17	Port Input	15	794176	6188	7
S1015151	17	Port Input	14	798435	10447	7
S1015151	17	Port Input	15	799501	11513	8
S1015151	17	Port Input	14	805036	17048	8
S1015151	17	Response	100	805036	17048	8
S1015151	18	Port Input	15	806211	1140	1
S1015151	18	Port Input	14	810394	5323	1
S1015151	18	Port Input	15	810394	5323	1
S1015151	18	Port Input	14	810394	5323	1
S1015151	18	Port Input	15	811517	6447	8
S1015151	18	Port Input	14	815788	10717	1
S1015151	18	Port Input	15	816936	11865	1
S1015151	18	Port Input	14	821668	16597	7
S1015151	18	Port Input	15	822744	17674	7
S1015151	18	Port Input	14	827383	22312	7
S1015151	18	Port Input	15	828504	23433	8
S1015151	18	Port Input	14	833876	28805	10
S1015151	18	Response	100	833876	28805	10
S1015151	19	Port Input	15	834973	1015	8
S1015151	19	Port Input	14	839215	5257	8
S1015151	19	Port Input	15	840481	6523	8
S1015151	19	Port Input	14	844892	10933	8
S1015151	19	Port Input	15	846180	12222	8
S1015151	19	Port Input	14	857401	23443	8
S1015151	19	Response	100	857401	23443	8
S1015151	20	Port Input	15	858831	1402	1
S1015151	20	Port Input	14	858831	1402	1
S1015151	20	Port Input	15	858831	1402	8
S1015151	20	Port Input	14	863643	6213	8
S1015151	20	Port Input	15	864780	7350	8
S1015151	20	Port Input	14	869001	11571	8
S1015151	20	Port Input	15	869008	11579	1
S1015151	20	Port Input	14	869008	11579	1
S1015151	20	Port Input	15	870217	12787	8
S1015151	20	Port Input	14	874975	17545	8
S1015151	20	Port Input	15	876191	18761	8
S1015151	20	Port Input	14	880466	23036	8
S1015151	20	Port Input	15	881850	24420	8
S1015151	20	Port Input	14	886355	28925	8
S1015151	20	Port Input	15	887577	30147	8
S1015151	20	Port Input	14	892632	35202	8
S1015151	20	Response	100	892632	35202	8
S1015151	21	Port Input	15	893881	1175	1
S1015151	21	Port Input	14	893881	1175	1
S1015151	21	Port Input	15	893881	1175	8
S1015151	21	Port Input	14	908664	15958	8
S1015151	21	Response	100	908664	15958	8
S1015151	21	Port Input	15	908671	15965	1
S1015151	21	Port Input	14	908671	15965	1
S1015151	22	Port Input	15	909895	1149	1
S1015151	22	Port Input	14	909896	1149	7
S1015151	22	Port Input	15	910239	1492	8
S1015151	22	Port Input	14	914902	6155	8
S1015151	22	Port Input	15	915773	7026	1
S1015151	22	Port Input	14	915773	7026	1
S1015151	22	Port Input	15	915841	7094	1
S1015151	22	Port Input	14	915841	7094	8
S1015151	22	Port Input	15	915848	7101	8
S1015151	22	Port Input	14	915856	7109	1
S1015151	22	Port Input	15	916183	7436	7
S1015151	22	Port Input	14	921749	13003	8
S1015151	22	Response	100	921749	13003	8
S1015151	23	Port Input	15	922823	1021	8
S1015151	23	Port Input	14	927052	5250	8
S1015151	23	Port Input	15	928112	6310	8
S1015151	23	Port Input	14	933153	11351	7
S1015151	23	Response	100	933153	11351	7
S1015151	24	Port Input	15	933762	572	8
S1015151	24	Port Input	14	940001	6811	8
S1015151	24	Response	100	940001	6811	8
S1015151	25	Port Input	15	940854	789	7
S1015151	25	Port Input	14	947634	7569	7
S1015151	25	Response	100	947634	7569	7
S1015151	26	Port Input	15	948727	1023	8
S1015151	26	Port Input	14	955908	8205	8
S1015151	26	Response	100	955908	8205	8
S1015151	27	Port Input	15	956932	964	7
S1015151	27	Port Input	14	966012	10045	8
S1015151	27	Response	100	966012	10045	8
S1015151	28	Port Input	15	967092	1056	8
S1015151	28	Port Input	14	972626	6589	7
S1015151	28	Response	100	972626	6589	7
S1015151	29	Port Input	15	973730	1027	8
S1015151	29	Port Input	14	981200	8497	7
S1015151	29	Response	100	981200	8497	7
S1015151	30	Port Input	15	982423	1179	8
S1015151	30	Port Input	14	982430	1186	1
S1015151	30	Port Input	15	982430	1186	8
S1015151	30	Port Input	14	991127	9883	8
S1015151	30	Response	100	991127	9883	8
S1015151	30	Port Input	15	991134	9890	1
S1015151	30	Port Input	14	991134	9891	1
S1015151	31	Port Input	15	992279	1105	8
S1015151	31	Port Input	14	1002399	11225	7
S1015151	31	Response	100	1002399	11225	7
S1015151	32	Port Input	15	1003573	1149	8
S1015151	32	Port Input	14	1010716	8292	1
S1015151	32	Response	100	1010716	8292	1
S1015151	33	Port Input	15	1011968	1212	7
S1015151	33	Port Input	14	1023179	12423	8
S1015151	33	Response	100	1023179	12423	8
S1015151	34	Port Input	15	1024453	1197	7
S1015151	34	Port Input	14	1031889	8633	1
S1015151	34	Response	100	1031889	8633	1
S1015151	34	Port Input	15	1031890	8634	1
S1015151	34	Port Input	14	1031890	8634	7
S1015151	35	Port Input	15	1033178	1242	7
S1015151	35	Port Input	14	1045478	13542	7
S1015151	35	Response	100	1045478	13542	7
S1015151	35	Port Input	15	1045485	13549	1
S1015151	35	Port Input	14	1045485	13549	1
S1015151	36	Port Input	15	1046494	947	8
S1015151	36	Port Input	14	1053908	8361	8
S1015151	36	Response	100	1053908	8361	8
S1015151	36	Port Input	15	1053915	8369	1
S1015151	36	Port Input	14	1053916	8369	8
S1015151	36	Port Input	15	1053923	8377	1
S1015151	36	Port Input	14	1053923	8377	1
S1015151	36	Port Input	15	1053924	8377	1
S1015151	36	Port Input	14	1053924	8377	1
S1015151	36	Port Input	15	1053924	8377	1
S1015151	36	Port Input	14	1053927	8381	1
S1015151	36	Port Input	15	1053929	8382	1
S1015151	36	Port Input	14	1053929	8382	1
S1015151	36	Port Input	15	1053930	8383	1
S1015151	36	Port Input	14	1053930	8383	1
S1015151	37	Port Input	15	1055056	1107	8
S1015151	37	Port Input	14	1066091	12142	7
S1015151	37	Response	100	1066091	12142	7
S1015151	38	Port Input	15	1067364	1193	1
S1015151	38	Port Input	14	1067364	1193	1
S1015151	38	Port Input	15	1067371	1200	1
S1015151	38	Port Input	14	1067371	1200	1
S1015151	38	Port Input	15	1067371	1201	7
S1015151	38	Port Input	14	1082379	16208	8
S1015151	38	Response	100	1082379	16208	8
S1015151	39	Port Input	15	1083361	940	7
S1015151	39	Port Input	14	1090774	8354	7
S1015151	39	Response	100	1090774	8354	7
S1015151	40	Port Input	15	1092018	1195	8
S1015151	40	Port Input	14	1113865	23042	8
S1015151	40	Response	100	1113865	23042	8
S1015151	41	Port Input	15	1115329	1383	8
S1015151	41	Port Input	14	1124736	10790	1
S1015151	41	Response	100	1124736	10790	1
S1015151	42	Port Input	15	1126052	1273	8
S1015151	42	Port Input	14	1135480	10700	7
S1015151	42	Response	100	1135480	10700	7
S1015151	43	Port Input	15	1136713	1170	8
S1015151	43	Port Input	14	1136721	1178	1
S1015151	43	Port Input	15	1136721	1178	8
S1015151	43	Port Input	14	1144383	8840	7
S1015151	43	Response	100	1144383	8840	7
S1015151	44	Port Input	15	1145604	1172	8
S1015151	44	Port Input	14	1163738	19306	7
S1015151	44	Response	100	1163738	19306	7
S1015151	45	Port Input	15	1165017	1212	1
S1015151	45	Port Input	14	1174185	10379	1
S1015151	45	Response	100	1174185	10379	1
S1015151	46	Port Input	15	1175212	990	7
S1015151	46	Port Input	14	1187157	12936	7
S1015151	46	Response	100	1187157	12936	7
S1015151	47	Port Input	15	1188244	1037	8
S1015151	47	Port Input	14	1198353	11145	8
S1015151	47	Response	100	1198353	11145	8
S1015151	47	Port Input	15	1198368	11160	1
S1015151	47	Port Input	14	1198368	11160	1
S1015151	48	Port Input	15	1199664	1276	7
S1015151	48	Port Input	14	1210464	12076	8
S1015151	48	Response	100	1210464	12076	8
S1015151	49	Port Input	15	1211576	1036	8
S1015151	49	Port Input	14	1222444	11904	1
S1015151	49	Response	100	1222444	11904	1
S1015151	50	Port Input	15	1223584	1100	8
S1015151	50	Port Input	14	1235269	12785	7
S1015151	50	Response	100	1235269	12785	7
S1015151	51	Port Input	15	1236394	1064	8
S1015151	51	Port Input	14	1247874	12543	8
S1015151	51	Response	100	1247874	12543	8
S1015151	52	Port Input	15	1249269	1370	8
S1015151	52	Port Input	14	1259663	11763	8
S1015151	52	Response	100	1259663	11763	8
S1015151	53	Port Input	15	1260867	1163	8
S1015151	53	Port Input	14	1272783	13078	8
S1015151	53	Response	100	1272783	13078	8
S1015151	54	Port Input	15	1273924	1095	7
S1015151	54	Port Input	14	1285781	12952	7
S1015151	54	Response	100	1285781	12952	7
S1015151	55	Port Input	15	1287043	1229	8
S1015151	55	Port Input	14	1298125	12310	8
S1015151	55	Response	100	1298125	12310	8
S1015151	55	Port Input	15	1298132	12317	1
S1015151	55	Port Input	14	1298132	12318	1
S1015151	56	Port Input	15	1299340	1165	8
S1015151	56	Port Input	14	1310392	12216	8
S1015151	56	Response	100	1310392	12216	8
