Scenario - Button
Logfile written - 04/30/2022 12:33:50

Subject	Trial	Event Type	Code	Time	TTime	Uncertainty	Duration	Uncertainty	ReqTime	ReqDur	Stim Type	Pair Index

S1015022	1	Picture	start	69	0	1	40554	1	0	next	other	0
S1015022	3	Picture	20	45137	0	1	13888	1	0	next	hit	4
S1015022	3	Port Input	14	58996	13859	1
S1015022	3	Response	22	58996	13859	1
S1015022	4	Picture	20	59025	0	1	16944	1	0	next	hit	12
S1015022	4	Port Input	15	62607	3582	1
S1015022	4	Port Input	14	62607	3582	1
S1015022	4	Port Input	15	62638	3613	1
S1015022	4	Port Input	14	62638	3613	1
S1015022	4	Port Input	15	62638	3613	1
S1015022	4	Port Input	14	75938	16913	1
S1015022	4	Response	22	75938	16913	1
S1015022	4	Port Input	15	75938	16913	1
S1015022	4	Port Input	14	75941	16915	3
S1015022	5	Picture	20	75969	0	1	19027	1	0	next	hit	18
S1015022	5	Port Input	15	79311	3342	1
S1015022	5	Port Input	14	94983	19015	1
S1015022	5	Response	22	94983	19015	1
S1015022	5	Port Input	15	94984	19015	1
S1015022	5	Port Input	14	94985	19016	3
S1015022	6	Picture	20	94996	0	1	18055	1	0	next	hit	96
S1015022	6	Port Input	15	95600	604	1
S1015022	6	Port Input	14	95600	604	1
S1015022	6	Port Input	15	95604	608	1
S1015022	6	Port Input	14	95604	608	1
S1015022	6	Port Input	15	95621	625	1
S1015022	6	Port Input	14	95621	625	1
S1015022	6	Port Input	15	95639	643	1
S1015022	6	Port Input	14	95639	643	1
S1015022	6	Port Input	15	95640	644	1
S1015022	6	Port Input	14	95640	644	1
S1015022	6	Port Input	15	95656	660	1
S1015022	6	Port Input	14	95656	660	1
S1015022	6	Port Input	15	95678	682	1
S1015022	6	Port Input	14	95678	682	1
S1015022	6	Port Input	15	95699	703	1
S1015022	6	Port Input	14	95699	703	1
S1015022	6	Port Input	15	95731	735	1
S1015022	6	Port Input	14	95731	735	1
S1015022	6	Port Input	15	95731	735	1
S1015022	6	Port Input	14	95731	736	1
S1015022	6	Port Input	15	95732	736	1
S1015022	6	Port Input	14	95732	736	1
S1015022	6	Port Input	15	97817	2821	1
S1015022	6	Port Input	14	97817	2821	1
S1015022	6	Port Input	15	97817	2821	1
S1015022	6	Port Input	14	97817	2821	1
S1015022	6	Port Input	15	97817	2822	1
S1015022	6	Port Input	14	97818	2822	1
S1015022	6	Port Input	15	97818	2822	1
S1015022	6	Port Input	14	97818	2822	1
S1015022	6	Port Input	15	97818	2822	1
S1015022	6	Port Input	14	97818	2822	1
S1015022	6	Port Input	15	97818	2822	1
S1015022	6	Port Input	14	97818	2822	1
S1015022	6	Port Input	15	97818	2822	1
S1015022	6	Port Input	14	97818	2822	1
S1015022	6	Port Input	15	97818	2823	1
S1015022	6	Port Input	14	97819	2823	1
S1015022	6	Port Input	15	97819	2823	1
S1015022	6	Port Input	14	97819	2823	1
S1015022	6	Port Input	15	97820	2824	1
S1015022	6	Port Input	14	97820	2824	1
S1015022	6	Port Input	15	97821	2825	1
S1015022	6	Port Input	14	97821	2825	1
S1015022	6	Port Input	15	97821	2825	1
S1015022	6	Port Input	14	97821	2825	1
S1015022	6	Port Input	15	97821	2825	1
S1015022	6	Port Input	14	97821	2825	1
S1015022	6	Port Input	15	97822	2826	1
S1015022	6	Port Input	14	97822	2826	1
S1015022	6	Port Input	15	97822	2826	1
S1015022	6	Port Input	14	97822	2826	1
S1015022	6	Port Input	15	97822	2827	1
S1015022	6	Port Input	14	97822	2827	1
S1015022	6	Port Input	15	97824	2828	1
S1015022	6	Port Input	14	97824	2828	1
S1015022	6	Port Input	15	97825	2829	1
S1015022	6	Port Input	14	97825	2829	1
S1015022	6	Port Input	15	97825	2829	1
S1015022	6	Port Input	14	97825	2829	1
S1015022	6	Port Input	15	97825	2829	1
S1015022	6	Port Input	14	97825	2829	1
S1015022	6	Port Input	15	97825	2829	1
S1015022	6	Port Input	14	97825	2830	1
S1015022	6	Port Input	15	97826	2830	1
S1015022	6	Port Input	14	97826	2830	1
S1015022	6	Port Input	15	97826	2830	1
S1015022	6	Port Input	14	97827	2831	1
S1015022	6	Port Input	15	97827	2831	1
S1015022	6	Port Input	14	97827	2831	1
S1015022	6	Port Input	15	97827	2831	1
S1015022	6	Port Input	14	97827	2831	1
S1015022	6	Port Input	15	97827	2832	1
S1015022	6	Port Input	14	112981	17985	1
S1015022	6	Response	22	112981	17985	1
S1015022	7	Picture	20	113051	0	1	18888	1	0	next	hit	102
S1015022	7	Port Input	15	115891	2840	1
S1015022	7	Port Input	14	115891	2841	1
S1015022	7	Port Input	15	115891	2841	1
S1015022	7	Port Input	14	131885	18834	1
S1015022	7	Response	22	131885	18834	1
S1015022	8	Picture	20	131939	0	1	18471	1	0	next	hit	116
S1015022	8	Port Input	15	134822	2883	1
S1015022	8	Port Input	14	134822	2883	1
S1015022	8	Port Input	15	134822	2883	1
S1015022	8	Port Input	14	134822	2883	1
S1015022	8	Port Input	15	134822	2883	1
S1015022	8	Port Input	14	134822	2883	1
S1015022	8	Port Input	15	134823	2884	1
S1015022	8	Port Input	14	134823	2884	1
S1015022	8	Port Input	15	134823	2884	1
S1015022	8	Port Input	14	134823	2884	1
S1015022	8	Port Input	15	134823	2884	1
S1015022	8	Port Input	14	150397	18458	1
S1015022	8	Response	22	150397	18458	1
S1015022	9	Picture	20	150410	0	1	18819	1	0	next	hit	124
S1015022	9	Port Input	15	153369	2959	1
S1015022	9	Port Input	14	153370	2959	1
S1015022	9	Port Input	15	153370	2959	1
S1015022	9	Port Input	14	153370	2959	1
S1015022	9	Port Input	15	153370	2959	1
S1015022	9	Port Input	14	169191	18780	1
S1015022	9	Response	22	169191	18780	1
S1015022	10	Picture	20	169229	0	1	18819	1	0	next	hit	130
S1015022	10	Port Input	15	172413	3184	1
S1015022	10	Port Input	14	172413	3184	1
S1015022	10	Port Input	15	172413	3184	1
S1015022	10	Port Input	14	188020	18791	1
S1015022	10	Response	22	188020	18791	1
S1015022	11	Picture	20	188048	0	1	17430	1	0	next	hit	142
S1015022	11	Port Input	15	190748	2700	1
S1015022	11	Port Input	14	190748	2700	1
S1015022	11	Port Input	15	190749	2701	1
S1015022	11	Port Input	14	190749	2701	1
S1015022	11	Port Input	15	190749	2701	1
S1015022	11	Port Input	14	190749	2701	1
S1015022	11	Port Input	15	190749	2701	1
S1015022	11	Port Input	14	190749	2701	1
S1015022	11	Port Input	15	190750	2702	1
S1015022	11	Port Input	14	205434	17386	1
S1015022	11	Response	22	205434	17386	1
S1015022	11	Port Input	15	205434	17386	1
S1015022	11	Port Input	14	205448	17401	1
S1015022	12	Picture	20	205478	0	1	19860	1	0	next	hit	154
S1015022	12	Port Input	15	208336	2859	1
S1015022	12	Port Input	14	208336	2859	1
S1015022	12	Port Input	15	208336	2859	1
S1015022	12	Port Input	14	208337	2859	1
S1015022	12	Port Input	15	208337	2859	1
S1015022	12	Port Input	14	208337	2859	1
S1015022	12	Port Input	15	208337	2860	1
S1015022	12	Port Input	14	225318	19840	1
S1015022	12	Response	22	225318	19840	1
S1015022	12	Port Input	15	225318	19841	1
S1015022	12	Port Input	14	225318	19841	2
S1015022	13	Picture	20	225338	0	1	16944	1	0	next	hit	194
S1015022	13	Port Input	15	225398	60	1
S1015022	13	Port Input	14	225398	60	1
S1015022	13	Port Input	15	225398	60	1
S1015022	13	Port Input	14	225398	60	1
S1015022	13	Port Input	15	225398	60	1
S1015022	13	Port Input	14	225398	60	1
S1015022	13	Port Input	15	228291	2953	1
S1015022	13	Port Input	14	228291	2953	1
S1015022	13	Port Input	15	228329	2991	1
S1015022	13	Port Input	14	228329	2991	1
S1015022	13	Port Input	15	228329	2991	1
S1015022	13	Port Input	14	228329	2991	1
S1015022	13	Port Input	15	228329	2991	1
S1015022	13	Port Input	14	228329	2992	1
S1015022	13	Port Input	15	228329	2992	1
S1015022	13	Port Input	14	228330	2992	1
S1015022	13	Port Input	15	228330	2992	1
S1015022	13	Port Input	14	228331	2993	1
S1015022	13	Port Input	15	228331	2993	1
S1015022	13	Port Input	14	228331	2993	1
S1015022	13	Port Input	15	228331	2993	1
S1015022	13	Port Input	14	228331	2993	1
S1015022	13	Port Input	15	228331	2994	1
S1015022	13	Port Input	14	228331	2994	1
S1015022	13	Port Input	15	228332	2994	1
S1015022	13	Port Input	14	228332	2994	1
S1015022	13	Port Input	15	228332	2994	1
S1015022	13	Port Input	14	228332	2994	1
S1015022	13	Port Input	15	228332	2994	1
S1015022	13	Port Input	14	228332	2994	1
S1015022	13	Port Input	15	228332	2994	1
S1015022	13	Port Input	14	228332	2994	1
S1015022	13	Port Input	15	228332	2994	1
S1015022	13	Port Input	14	228332	2995	1
S1015022	13	Port Input	15	228333	2995	1
S1015022	13	Port Input	14	242264	16927	1
S1015022	13	Response	22	242264	16927	1
S1015022	14	Picture	20	242282	0	1	18124	1	0	next	hit	214
S1015022	14	Port Input	15	242351	69	1
S1015022	14	Port Input	14	242351	69	1
S1015022	14	Port Input	15	242351	70	1
S1015022	14	Port Input	14	242351	70	1
S1015022	14	Port Input	15	242352	70	1
S1015022	14	Port Input	14	242352	70	1
S1015022	14	Port Input	15	242353	71	1
S1015022	14	Port Input	14	242353	71	1
S1015022	14	Port Input	15	242354	72	1
S1015022	14	Port Input	14	242354	72	1
S1015022	14	Port Input	15	245314	3032	1
S1015022	14	Port Input	14	245314	3032	1
S1015022	14	Port Input	15	245314	3033	1
S1015022	14	Port Input	14	245315	3033	1
S1015022	14	Port Input	15	245315	3033	1
S1015022	14	Port Input	14	245315	3033	1
S1015022	14	Port Input	15	245315	3033	1
S1015022	14	Port Input	14	260385	18103	1
S1015022	14	Response	22	260385	18103	1
S1015022	14	Port Input	15	260385	18103	1
S1015022	14	Port Input	14	260385	18103	1
S1015022	15	Picture	20	260406	0	1	17985	1	0	next	hit	258
S1015022	15	Port Input	15	263265	2860	1
S1015022	15	Port Input	14	263265	2860	1
S1015022	15	Port Input	15	263272	2867	1
S1015022	15	Port Input	14	263273	2867	1
S1015022	15	Port Input	15	263273	2867	1
S1015022	15	Port Input	14	263273	2867	1
S1015022	15	Port Input	15	263274	2868	1
S1015022	15	Port Input	14	263274	2868	1
S1015022	15	Port Input	15	263275	2869	1
S1015022	15	Port Input	14	263275	2869	1
S1015022	15	Port Input	15	263275	2869	1
S1015022	15	Port Input	14	263275	2869	1
S1015022	15	Port Input	15	263275	2869	1
S1015022	15	Port Input	14	263275	2869	1
S1015022	15	Port Input	15	263277	2871	1
S1015022	15	Port Input	14	263277	2871	1
S1015022	15	Port Input	15	263277	2871	1
S1015022	15	Port Input	14	263277	2871	1
S1015022	15	Port Input	15	263278	2872	1
S1015022	15	Port Input	14	263278	2872	1
S1015022	15	Port Input	15	263278	2872	1
S1015022	15	Port Input	14	263278	2872	1
S1015022	15	Port Input	15	263278	2873	1
S1015022	15	Port Input	14	263279	2873	1
S1015022	15	Port Input	15	263279	2873	1
S1015022	15	Port Input	14	263279	2873	1
S1015022	15	Port Input	15	263279	2873	1
S1015022	15	Port Input	14	263279	2873	1
S1015022	15	Port Input	15	263280	2874	1
S1015022	15	Port Input	14	263280	2874	1
S1015022	15	Port Input	15	263281	2875	1
S1015022	15	Port Input	14	263281	2875	1
S1015022	15	Port Input	15	263281	2875	1
S1015022	15	Port Input	14	263281	2875	1
S1015022	15	Port Input	15	263281	2875	1
S1015022	15	Port Input	14	263281	2875	1
S1015022	15	Port Input	15	263282	2876	1
S1015022	15	Port Input	14	263282	2876	1
S1015022	15	Port Input	15	263282	2876	1
S1015022	15	Port Input	14	278342	17937	1
S1015022	15	Response	22	278342	17937	1
S1015022	16	Picture	20	278391	0	1	18541	1	0	next	hit	266
S1015022	16	Port Input	15	281177	2786	1
S1015022	16	Port Input	14	281177	2786	1
S1015022	16	Port Input	15	281220	2829	1
S1015022	16	Port Input	14	281220	2829	1
S1015022	16	Port Input	15	281221	2830	1
S1015022	16	Port Input	14	296891	18500	1
S1015022	16	Response	22	296891	18500	1
S1015022	17	Picture	20	296932	0	1	17708	1	0	next	hit	308
S1015022	17	Port Input	15	296952	20	1
S1015022	17	Port Input	14	296952	20	1
S1015022	17	Port Input	15	296952	20	1
S1015022	17	Port Input	14	296952	20	1
S1015022	17	Port Input	15	296953	20	1
S1015022	17	Port Input	14	296953	20	1
S1015022	17	Port Input	15	296953	21	1
S1015022	17	Port Input	14	296953	21	1
S1015022	17	Port Input	15	296953	21	1
S1015022	17	Port Input	14	296953	21	1
S1015022	17	Port Input	15	296953	21	1
S1015022	17	Port Input	14	296953	21	1
S1015022	17	Port Input	15	296954	21	1
S1015022	17	Port Input	14	296954	21	1
S1015022	17	Port Input	15	296956	23	1
S1015022	17	Port Input	14	296956	23	1
S1015022	17	Port Input	15	296956	24	1
S1015022	17	Port Input	14	296956	24	1
S1015022	17	Port Input	15	296956	24	1
S1015022	17	Port Input	14	296956	24	1
S1015022	17	Port Input	15	296957	25	1
S1015022	17	Port Input	14	296957	25	1
S1015022	17	Port Input	15	296957	25	1
S1015022	17	Port Input	14	296957	25	1
S1015022	17	Port Input	15	296957	25	1
S1015022	17	Port Input	14	296958	25	1
S1015022	17	Port Input	15	296958	26	1
S1015022	17	Port Input	14	296958	26	1
S1015022	17	Port Input	15	296958	26	1
S1015022	17	Port Input	14	296958	26	1
S1015022	17	Port Input	15	296959	27	1
S1015022	17	Port Input	14	296959	27	1
S1015022	17	Port Input	15	296959	27	1
S1015022	17	Port Input	14	296959	27	1
S1015022	17	Port Input	15	296961	29	1
S1015022	17	Port Input	14	296961	29	1
S1015022	17	Port Input	15	299652	2720	1
S1015022	17	Port Input	14	299653	2720	1
S1015022	17	Port Input	15	299653	2721	1
S1015022	17	Port Input	14	314587	17654	1
S1015022	17	Response	22	314587	17654	1
S1015022	18	Picture	20	314640	0	1	18124	1	0	next	hit	378
S1015022	18	Port Input	15	314665	25	1
S1015022	18	Port Input	14	314665	25	1
S1015022	18	Port Input	15	314665	26	1
S1015022	18	Port Input	14	314665	26	1
S1015022	18	Port Input	15	314666	26	1
S1015022	18	Port Input	14	314666	26	1
S1015022	18	Port Input	15	314668	28	1
S1015022	18	Port Input	14	314668	28	1
S1015022	18	Port Input	15	316707	2067	1
S1015022	18	Port Input	14	316707	2067	1
S1015022	18	Port Input	15	316710	2070	1
S1015022	18	Port Input	14	316710	2070	1
S1015022	18	Port Input	15	316710	2070	1
S1015022	18	Port Input	14	316710	2070	1
S1015022	18	Port Input	15	316715	2075	1
S1015022	18	Port Input	14	316715	2075	1
S1015022	18	Port Input	15	316716	2076	1
S1015022	18	Port Input	14	316716	2076	1
S1015022	18	Port Input	15	316716	2076	1
S1015022	18	Port Input	14	316716	2076	1
S1015022	18	Port Input	15	316716	2076	1
S1015022	18	Port Input	14	316716	2076	1
S1015022	18	Port Input	15	316717	2077	1
S1015022	18	Port Input	14	316717	2077	1
S1015022	18	Port Input	15	316717	2077	1
S1015022	18	Port Input	14	316717	2077	1
S1015022	18	Port Input	15	316718	2078	1
S1015022	18	Port Input	14	316718	2078	1
S1015022	18	Port Input	15	316718	2079	1
S1015022	18	Port Input	14	316718	2079	1
S1015022	18	Port Input	15	316718	2079	1
S1015022	18	Port Input	14	316718	2079	1
S1015022	18	Port Input	15	316720	2080	1
S1015022	18	Port Input	14	316720	2080	1
S1015022	18	Port Input	15	316720	2081	1
S1015022	18	Port Input	14	316720	2081	1
S1015022	18	Port Input	15	316758	2119	1
S1015022	18	Port Input	14	316758	2119	1
S1015022	18	Port Input	15	316758	2119	1
S1015022	18	Port Input	14	316758	2119	1
S1015022	18	Port Input	15	316759	2119	1
S1015022	18	Port Input	14	316759	2119	1
S1015022	18	Port Input	15	316759	2120	1
S1015022	18	Port Input	14	316759	2120	1
S1015022	18	Port Input	15	316760	2120	1
S1015022	18	Port Input	14	316760	2120	1
S1015022	18	Port Input	15	316760	2120	1
S1015022	18	Port Input	14	316760	2121	1
S1015022	18	Port Input	15	316761	2121	1
S1015022	18	Port Input	14	316761	2121	1
S1015022	18	Port Input	15	316762	2122	1
S1015022	18	Port Input	14	316762	2122	1
S1015022	18	Port Input	15	316763	2123	1
S1015022	18	Port Input	14	316763	2124	1
S1015022	18	Port Input	15	316763	2124	1
S1015022	18	Port Input	14	316764	2124	1
S1015022	18	Port Input	15	316764	2124	1
S1015022	18	Port Input	14	316764	2124	1
S1015022	18	Port Input	15	316764	2124	1
S1015022	18	Port Input	14	316764	2124	1
S1015022	18	Port Input	15	316764	2125	1
S1015022	18	Port Input	14	316764	2125	1
S1015022	18	Port Input	15	316765	2125	1
S1015022	18	Port Input	14	316765	2125	1
S1015022	18	Port Input	15	316765	2125	1
S1015022	18	Port Input	14	316765	2125	1
S1015022	18	Port Input	15	316765	2125	1
S1015022	18	Port Input	14	332727	18087	1
S1015022	18	Response	22	332727	18087	1
S1015022	19	Picture	20	332764	0	1	18263	1	0	next	hit	432
S1015022	19	Port Input	15	332793	29	1
S1015022	19	Port Input	14	332793	29	1
S1015022	19	Port Input	15	332798	34	1
S1015022	19	Port Input	14	332798	34	1
S1015022	19	Port Input	15	332798	34	1
S1015022	19	Port Input	14	332798	34	1
S1015022	19	Port Input	15	332799	34	1
S1015022	19	Port Input	14	332799	35	1
S1015022	19	Port Input	15	332801	37	1
S1015022	19	Port Input	14	332801	37	1
S1015022	19	Port Input	15	332802	38	1
S1015022	19	Port Input	14	332802	38	1
S1015022	19	Port Input	15	332802	38	1
S1015022	19	Port Input	14	332802	38	1
S1015022	19	Port Input	15	332803	38	1
S1015022	19	Port Input	14	332803	39	1
S1015022	19	Port Input	15	332803	39	1
S1015022	19	Port Input	14	332803	39	1
S1015022	19	Port Input	15	332803	39	1
S1015022	19	Port Input	14	332804	39	1
S1015022	19	Port Input	15	332804	40	1
S1015022	19	Port Input	14	332804	40	1
S1015022	19	Port Input	15	332804	40	1
S1015022	19	Port Input	14	332804	40	1
S1015022	19	Port Input	15	332805	40	1
S1015022	19	Port Input	14	332805	40	1
S1015022	19	Port Input	15	332805	41	1
S1015022	19	Port Input	14	332805	41	1
S1015022	19	Port Input	15	332805	41	1
S1015022	19	Port Input	14	332805	41	1
S1015022	19	Port Input	15	332805	41	1
S1015022	19	Port Input	14	332805	41	1
S1015022	19	Port Input	15	332806	42	1
S1015022	19	Port Input	14	332806	42	1
S1015022	19	Port Input	15	335361	2597	1
S1015022	19	Port Input	14	335361	2597	1
S1015022	19	Port Input	15	335362	2598	1
S1015022	19	Port Input	14	335362	2598	1
S1015022	19	Port Input	15	335366	2602	1
S1015022	19	Port Input	14	335366	2602	1
S1015022	19	Port Input	15	335401	2637	1
S1015022	19	Port Input	14	335402	2638	1
S1015022	19	Port Input	15	335402	2638	1
S1015022	19	Port Input	14	335402	2638	1
S1015022	19	Port Input	15	335403	2639	1
S1015022	19	Port Input	14	335404	2639	1
S1015022	19	Port Input	15	335404	2640	1
S1015022	19	Port Input	14	335404	2640	1
S1015022	19	Port Input	15	335405	2641	1
S1015022	19	Port Input	14	335405	2641	1
S1015022	19	Port Input	15	335405	2641	1
S1015022	19	Port Input	14	351008	18244	1
S1015022	19	Response	22	351008	18244	1
S1015022	20	Picture	20	351027	0	1	17985	1	0	next	hit	440
S1015022	20	Port Input	15	353553	2526	1
S1015022	20	Port Input	14	353553	2526	1
S1015022	20	Port Input	15	353554	2526	1
S1015022	20	Port Input	14	353554	2526	1
S1015022	20	Port Input	15	353554	2527	1
S1015022	20	Port Input	14	368946	17919	1
S1015022	20	Response	22	368946	17919	1
S1015022	21	Picture	20	369013	0	1	18055	1	0	next	hit	446
S1015022	21	Port Input	15	371500	2488	1
S1015022	21	Port Input	14	371500	2488	1
S1015022	21	Port Input	15	371544	2532	1
S1015022	21	Port Input	14	387050	18037	1
S1015022	21	Response	22	387050	18037	1
S1015022	22	Picture	20	387067	0	1	16944	1	0	next	hit	464
S1015022	22	Port Input	15	387110	43	1
S1015022	22	Port Input	14	387110	43	1
S1015022	22	Port Input	15	387113	46	1
S1015022	22	Port Input	14	387114	46	1
S1015022	22	Port Input	15	387114	46	1
S1015022	22	Port Input	14	387114	46	1
S1015022	22	Port Input	15	387115	47	1
S1015022	22	Port Input	14	387115	47	1
S1015022	22	Port Input	15	389595	2528	1
S1015022	22	Port Input	14	389595	2528	1
S1015022	22	Port Input	15	389596	2528	1
S1015022	22	Port Input	14	389596	2528	1
S1015022	22	Port Input	15	389596	2528	1
S1015022	22	Port Input	14	389596	2528	1
S1015022	22	Port Input	15	389596	2529	1
S1015022	22	Port Input	14	403947	16880	1
S1015022	22	Response	22	403947	16880	1
S1015022	23	Picture	20	404011	0	1	16319	1	0	next	hit	522
S1015022	23	Port Input	15	406489	2478	1
S1015022	23	Port Input	14	406489	2478	1
S1015022	23	Port Input	15	406490	2479	1
S1015022	23	Port Input	14	406490	2479	1
S1015022	23	Port Input	15	406491	2480	1
S1015022	23	Port Input	14	406491	2480	1
S1015022	23	Port Input	15	406492	2481	1
S1015022	23	Port Input	14	406492	2481	1
S1015022	23	Port Input	15	406492	2481	1
S1015022	23	Port Input	14	406492	2481	1
S1015022	23	Port Input	15	406492	2481	1
S1015022	23	Port Input	14	406492	2481	1
S1015022	23	Port Input	15	406493	2482	1
S1015022	23	Port Input	14	406493	2482	1
S1015022	23	Port Input	15	406493	2482	1
S1015022	23	Port Input	14	406493	2482	1
S1015022	23	Port Input	15	406493	2482	1
S1015022	23	Port Input	14	406493	2482	1
S1015022	23	Port Input	15	406493	2482	1
S1015022	23	Port Input	14	406493	2482	1
S1015022	23	Port Input	15	406494	2483	1
S1015022	23	Port Input	14	406494	2483	1
S1015022	23	Port Input	15	406494	2483	1
S1015022	23	Port Input	14	406494	2483	1
S1015022	23	Port Input	15	406495	2484	1
S1015022	23	Port Input	14	406495	2484	1
S1015022	23	Port Input	15	406532	2521	1
S1015022	23	Port Input	14	406533	2521	1
S1015022	23	Port Input	15	406533	2522	1
S1015022	23	Port Input	14	406533	2522	1
S1015022	23	Port Input	15	406534	2523	1
S1015022	23	Port Input	14	406534	2523	1
S1015022	23	Port Input	15	406537	2526	1
S1015022	23	Port Input	14	406537	2526	1
S1015022	23	Port Input	15	406537	2526	1
S1015022	23	Port Input	14	406538	2527	1
S1015022	23	Port Input	15	406538	2527	1
S1015022	23	Port Input	14	406538	2527	1
S1015022	23	Port Input	15	406538	2527	1
S1015022	23	Port Input	14	406538	2527	1
S1015022	23	Port Input	15	406538	2527	1
S1015022	23	Port Input	14	406539	2528	1
S1015022	23	Port Input	15	406539	2528	1
S1015022	23	Port Input	14	406540	2528	1
S1015022	23	Port Input	15	406540	2529	1
S1015022	23	Port Input	14	406540	2529	1
S1015022	23	Port Input	15	406540	2529	1
S1015022	23	Port Input	14	406540	2529	1
S1015022	23	Port Input	15	406540	2529	1
S1015022	23	Port Input	14	406540	2529	1
S1015022	23	Port Input	15	406540	2529	1
S1015022	23	Port Input	14	406540	2529	1
S1015022	23	Port Input	15	406541	2530	1
S1015022	23	Port Input	14	406541	2530	1
S1015022	23	Port Input	15	406541	2530	1
S1015022	23	Port Input	14	420322	16311	1
S1015022	23	Response	22	420322	16311	1
S1015022	24	Picture	20	420330	0	1	18124	1	0	next	hit	530
S1015022	24	Port Input	15	422715	2385	1
S1015022	24	Port Input	14	422715	2385	1
S1015022	24	Port Input	15	422716	2386	1
S1015022	24	Port Input	14	422716	2386	1
S1015022	24	Port Input	15	422716	2386	1
S1015022	24	Port Input	14	438436	18106	1
S1015022	24	Response	22	438436	18106	1
S1015022	24	Port Input	15	438437	18107	1
S1015022	24	Port Input	14	438437	18107	1
S1015022	24	Port Input	15	438437	18107	1
S1015022	24	Port Input	14	438442	18112	1
S1015022	25	Picture	20	438454	0	1	17777	1	0	next	hit	552
S1015022	25	Port Input	15	438480	26	1
S1015022	25	Port Input	14	438480	26	1
S1015022	25	Port Input	15	438484	30	1
S1015022	25	Port Input	14	438484	30	1
S1015022	25	Port Input	15	438484	30	1
S1015022	25	Port Input	14	438484	30	1
S1015022	25	Port Input	15	441096	2642	1
S1015022	25	Port Input	14	441096	2642	1
S1015022	25	Port Input	15	441096	2642	1
S1015022	25	Port Input	14	441096	2642	1
S1015022	25	Port Input	15	441096	2642	1
S1015022	25	Port Input	14	441097	2643	1
S1015022	25	Port Input	15	441097	2643	1
S1015022	25	Port Input	14	441097	2643	1
S1015022	25	Port Input	15	441097	2643	1
S1015022	25	Port Input	14	456213	17758	1
S1015022	25	Response	22	456213	17758	1
S1015022	26	Picture	20	456231	0	1	17708	1	0	next	hit	558
S1015022	26	Port Input	15	458670	2439	1
S1015022	26	Port Input	14	458670	2439	1
S1015022	26	Port Input	15	458670	2439	1
S1015022	26	Port Input	14	473890	17659	1
S1015022	26	Response	22	473890	17659	1
S1015022	27	Picture	20	473939	0	1	17846	1	0	next	hit	562
S1015022	27	Port Input	15	476435	2496	1
S1015022	27	Port Input	14	491728	17789	1
S1015022	27	Response	22	491728	17789	1
S1015022	28	Picture	20	491785	0	1	18471	1	0	next	hit	566
S1015022	28	Port Input	15	494295	2510	1
S1015022	28	Port Input	14	510223	18437	1
S1015022	28	Response	22	510223	18437	1
S1015022	29	Picture	20	510257	0	1	18194	1	0	next	hit	572
S1015022	29	Port Input	15	513312	3055	1
S1015022	29	Port Input	14	513312	3055	1
S1015022	29	Port Input	15	513312	3056	1
S1015022	29	Port Input	14	528401	18144	1
S1015022	29	Response	22	528401	18144	1
S1015022	30	Picture	20	528450	0	1	18124	1	0	next	hit	578
S1015022	30	Port Input	15	531050	2600	1
S1015022	30	Port Input	14	531050	2600	1
S1015022	30	Port Input	15	531051	2600	1
S1015022	30	Port Input	14	546503	18053	1
S1015022	30	Response	22	546503	18053	1
S1015022	31	Picture	20	546575	0	1	18055	1	0	next	hit	584
S1015022	31	Port Input	15	548978	2403	1
S1015022	31	Port Input	14	548978	2403	1
S1015022	31	Port Input	15	548978	2403	1
S1015022	31	Port Input	14	564610	18035	1
S1015022	31	Response	22	564610	18035	1
S1015022	32	Picture	20	564630	0	1	18471	1	0	next	hit	590
S1015022	32	Port Input	15	567378	2748	1
S1015022	32	Port Input	14	567378	2748	1
S1015022	32	Port Input	15	567378	2749	1
S1015022	32	Port Input	14	583036	18406	1
S1015022	32	Response	22	583036	18406	1
S1015022	33	Picture	20	583101	0	1	17222	1	0	next	hit	598
S1015022	33	Port Input	15	585463	2362	1
S1015022	33	Port Input	14	585463	2362	1
S1015022	33	Port Input	15	585464	2363	1
S1015022	33	Port Input	14	585464	2363	1
S1015022	33	Port Input	15	585464	2363	1
S1015022	33	Port Input	14	600311	17210	1
S1015022	33	Response	22	600311	17210	1
S1015022	34	Picture	20	600323	0	1	17013	1	0	next	hit	612
S1015022	34	Port Input	15	602725	2403	1
S1015022	34	Port Input	14	602725	2403	1
S1015022	34	Port Input	15	602726	2403	1
S1015022	34	Port Input	14	602726	2403	1
S1015022	34	Port Input	15	602726	2403	1
S1015022	34	Port Input	14	602726	2403	1
S1015022	34	Port Input	15	602820	2498	1
S1015022	34	Port Input	14	602820	2498	1
S1015022	34	Port Input	15	602821	2498	1
S1015022	34	Port Input	14	602821	2498	1
S1015022	34	Port Input	15	602821	2498	1
S1015022	34	Port Input	14	617279	16957	1
S1015022	34	Response	22	617279	16957	1
S1015022	35	Picture	20	617336	0	1	19652	1	0	next	hit	620
S1015022	35	Port Input	15	619885	2549	1
S1015022	35	Port Input	14	619885	2549	1
S1015022	35	Port Input	15	619885	2549	1
S1015022	35	Port Input	14	619885	2550	1
S1015022	35	Port Input	15	619886	2550	1
S1015022	35	Port Input	14	636940	19604	1
S1015022	35	Response	22	636940	19604	1
S1015022	36	Picture	20	636988	0	1	19513	1	0	next	hit	630
S1015022	36	Port Input	15	639308	2320	1
S1015022	36	Port Input	14	639308	2320	1
S1015022	36	Port Input	15	639308	2320	1
S1015022	36	Port Input	14	639308	2320	1
S1015022	36	Port Input	15	639308	2320	1
S1015022	36	Port Input	14	639308	2320	1
S1015022	36	Port Input	15	639308	2321	1
S1015022	36	Port Input	14	656469	19481	1
S1015022	36	Response	22	656469	19481	1
S1015022	36	Port Input	15	656469	19482	1
S1015022	36	Port Input	14	656470	19482	1
S1015022	37	Picture	20	656501	0	1	16597	1	0	next	hit	640
S1015022	37	Port Input	15	659193	2692	1
S1015022	37	Port Input	14	659193	2692	1
S1015022	37	Port Input	15	659193	2692	1
S1015022	37	Port Input	14	659193	2692	1
S1015022	37	Port Input	15	659194	2693	1
S1015022	37	Port Input	14	673083	16582	1
S1015022	37	Response	22	673083	16582	1
S1015022	38	Picture	20	673097	0	1	17708	1	0	next	hit	644
S1015022	38	Port Input	15	675945	2848	1
S1015022	38	Port Input	14	690761	17664	1
S1015022	38	Response	22	690761	17664	1
S1015022	39	Picture	20	690805	0	1	17430	1	0	next	hit	696
S1015022	39	Port Input	15	693652	2847	1
S1015022	39	Port Input	14	693652	2847	1
S1015022	39	Port Input	15	693652	2847	1
S1015022	39	Port Input	14	693652	2847	1
S1015022	39	Port Input	15	693652	2847	1
S1015022	39	Port Input	14	693652	2847	1
S1015022	39	Port Input	15	693652	2848	1
S1015022	39	Port Input	14	693652	2848	1
S1015022	39	Port Input	15	693653	2848	1
S1015022	39	Port Input	14	693653	2848	1
S1015022	39	Port Input	15	693653	2848	1
S1015022	39	Port Input	14	693653	2848	1
S1015022	39	Port Input	15	693653	2848	1
S1015022	39	Port Input	14	693653	2848	1
S1015022	39	Port Input	15	693653	2848	1
S1015022	39	Port Input	14	693653	2848	1
S1015022	39	Port Input	15	693653	2849	1
S1015022	39	Port Input	14	693654	2849	1
S1015022	39	Port Input	15	693654	2849	1
S1015022	39	Port Input	14	693654	2849	1
S1015022	39	Port Input	15	693654	2849	1
S1015022	39	Port Input	14	693654	2849	1
S1015022	39	Port Input	15	693655	2850	1
S1015022	39	Port Input	14	693655	2850	1
S1015022	39	Port Input	15	693655	2850	1
S1015022	39	Port Input	14	693655	2850	1
S1015022	39	Port Input	15	693655	2850	1
S1015022	39	Port Input	14	693655	2850	1
S1015022	39	Port Input	15	693655	2850	1
S1015022	39	Port Input	14	693655	2850	1
S1015022	39	Port Input	15	693655	2850	1
S1015022	39	Port Input	14	693655	2850	1
S1015022	39	Port Input	15	693656	2851	1
S1015022	39	Port Input	14	693656	2851	1
S1015022	39	Port Input	15	693693	2888	1
S1015022	39	Port Input	14	693693	2888	1
S1015022	39	Port Input	15	693693	2888	1
S1015022	39	Port Input	14	693694	2889	1
S1015022	39	Port Input	15	693695	2890	1
S1015022	39	Port Input	14	693697	2892	1
S1015022	39	Port Input	15	693697	2892	1
S1015022	39	Port Input	14	693697	2892	1
S1015022	39	Port Input	15	693698	2893	1
S1015022	39	Port Input	14	693698	2893	1
S1015022	39	Port Input	15	693698	2893	1
S1015022	39	Port Input	14	693698	2893	1
S1015022	39	Port Input	15	693698	2893	1
S1015022	39	Port Input	14	693699	2894	1
S1015022	39	Port Input	15	693699	2894	1
S1015022	39	Port Input	14	708221	17416	1
S1015022	39	Response	22	708221	17416	1
S1015022	40	Picture	20	708235	0	1	18194	1	0	next	hit	718
S1015022	40	Port Input	15	708271	37	1
S1015022	40	Port Input	14	708271	37	1
S1015022	40	Port Input	15	708272	37	1
S1015022	40	Port Input	14	708272	37	1
S1015022	40	Port Input	15	708273	38	1
S1015022	40	Port Input	14	708273	38	1
S1015022	40	Port Input	15	708273	38	1
S1015022	40	Port Input	14	708273	38	1
S1015022	40	Port Input	15	708276	41	1
S1015022	40	Port Input	14	708276	41	1
S1015022	40	Port Input	15	708277	43	1
S1015022	40	Port Input	14	708277	43	1
S1015022	40	Port Input	15	708278	43	1
S1015022	40	Port Input	14	708278	43	1
S1015022	40	Port Input	15	708278	43	1
S1015022	40	Port Input	14	708278	43	1
S1015022	40	Port Input	15	708278	43	1
S1015022	40	Port Input	14	708278	43	1
S1015022	40	Port Input	15	710786	2551	1
S1015022	40	Port Input	14	726399	18165	1
S1015022	40	Response	22	726399	18165	1
S1015022	41	Picture	20	726429	0	1	17291	1	0	next	hit	722
S1015022	41	Port Input	15	729047	2618	1
S1015022	41	Port Input	14	743664	17235	1
S1015022	41	Response	22	743664	17235	1
S1015022	42	Picture	20	743719	0	1	19166	1	0	next	hit	726
S1015022	42	Port Input	15	746251	2531	1
S1015022	42	Port Input	14	762858	19139	1
S1015022	42	Response	22	762858	19139	1
S1015022	43	Picture	20	762885	0	1	18402	1	0	next	hit	734
S1015022	43	Port Input	15	765622	2736	1
S1015022	43	Port Input	14	765622	2736	1
S1015022	43	Port Input	15	765622	2737	1
S1015022	43	Port Input	14	765622	2737	1
S1015022	43	Port Input	15	765622	2737	1
S1015022	43	Port Input	14	781235	18349	1
S1015022	43	Response	22	781235	18349	1
S1015022	43	Port Input	15	781235	18350	1
S1015022	43	Port Input	14	781235	18350	1
S1015022	44	Picture	20	781287	0	1	18333	1	0	next	hit	744
S1015022	44	Port Input	15	783958	2671	1
S1015022	44	Port Input	14	783958	2671	1
S1015022	44	Port Input	15	783959	2671	1
S1015022	44	Port Input	14	783959	2671	1
S1015022	44	Port Input	15	783959	2671	1
S1015022	44	Port Input	14	799544	18257	1
S1015022	44	Response	22	799544	18257	1
S1015022	45	Picture	20	799620	0	1	18749	1	0	next	hit	748
S1015022	45	Port Input	15	802390	2770	1
S1015022	45	Port Input	14	818307	18687	1
S1015022	45	Response	22	818307	18687	1
S1015022	46	Picture	20	818369	0	1	19027	1	0	next	hit	756
S1015022	46	Port Input	15	821112	2742	1
S1015022	46	Port Input	14	821112	2742	1
S1015022	46	Port Input	15	821112	2743	1
S1015022	46	Port Input	14	821112	2743	1
S1015022	46	Port Input	15	821112	2743	1
S1015022	46	Port Input	14	837376	19007	1
S1015022	46	Response	22	837376	19007	1
S1015022	47	Picture	20	837396	0	1	20416	1	0	next	hit	768
S1015022	47	Port Input	15	840480	3084	1
S1015022	47	Port Input	14	840480	3084	1
S1015022	47	Port Input	15	840480	3084	1
S1015022	47	Port Input	14	840480	3084	1
S1015022	47	Port Input	15	840481	3084	1
S1015022	47	Port Input	14	840481	3084	1
S1015022	47	Port Input	15	840481	3085	1
S1015022	47	Port Input	14	840481	3085	1
S1015022	47	Port Input	15	840481	3085	1
S1015022	47	Port Input	14	857792	20396	1
S1015022	47	Response	22	857792	20396	1
S1015022	48	Picture	20	857812	0	1	21874	1	0	next	hit	772
S1015022	48	Port Input	15	860363	2551	1
S1015022	48	Port Input	14	879625	21812	1
S1015022	48	Response	22	879625	21812	1
S1015022	49	Picture	20	879686	0	1	19930	1	0	next	hit	776
S1015022	49	Port Input	15	882698	3011	1
S1015022	49	Port Input	14	899575	19889	1
S1015022	49	Response	22	899575	19889	1
S1015022	50	Picture	20	899616	0	1	20833	1	0	next	hit	780
S1015022	50	Port Input	15	902372	2756	1
S1015022	50	Port Input	14	920396	20780	1
S1015022	50	Response	22	920396	20780	1
S1015022	51	Picture	20	920448	0	1	18888	1	0	next	hit	788
S1015022	51	Port Input	15	923126	2678	1
S1015022	51	Port Input	14	923126	2678	1
S1015022	51	Port Input	15	923126	2678	1
S1015022	51	Port Input	14	923127	2678	1
S1015022	51	Port Input	15	923127	2678	1
S1015022	51	Port Input	14	939276	18827	1
S1015022	51	Response	22	939276	18827	1
S1015022	52	Picture	20	939336	0	1	19930	1	0	next	hit	794
S1015022	52	Port Input	15	941955	2619	1
S1015022	52	Port Input	14	941956	2619	1
S1015022	52	Port Input	15	941956	2619	1
S1015022	52	Port Input	14	959202	19865	1
S1015022	52	Response	22	959202	19865	1
S1015022	53	Picture	20	959266	0	1	17291	1	0	next	hit	798
S1015022	53	Port Input	15	961848	2582	1
S1015022	53	Port Input	14	976518	17252	1
S1015022	53	Response	22	976518	17252	1
S1015022	54	Picture	20	976557	0	1	18402	1	0	next	hit	804
S1015022	54	Port Input	15	978885	2328	1
S1015022	54	Port Input	14	978885	2328	1
S1015022	54	Port Input	15	978885	2328	1
S1015022	54	Port Input	14	994891	18334	1
S1015022	54	Response	22	994891	18334	1
S1015022	55	Picture	20	994959	0	1	17846	1	0	next	hit	812
S1015022	55	Port Input	15	997459	2500	1
S1015022	55	Port Input	14	997459	2500	1
S1015022	55	Port Input	15	997459	2500	1
S1015022	55	Port Input	14	997459	2500	1
S1015022	55	Port Input	15	997460	2501	1
S1015022	55	Port Input	14	1012735	17776	1
S1015022	55	Response	22	1012735	17776	1
S1015022	56	Picture	20	1012806	0	1	17985	1	0	next	hit	816
S1015022	56	Port Input	15	1015162	2357	1
S1015022	56	Port Input	14	1030782	17977	1
S1015022	56	Response	22	1030782	17977	1
S1015022	57	Picture	20	1030791	0	1	19235	1	0	next	hit	822
S1015022	57	Port Input	15	1032916	2125	1
S1015022	57	Port Input	14	1032916	2125	1
S1015022	57	Port Input	15	1032916	2125	1
S1015022	57	Port Input	14	1049953	19162	1
S1015022	57	Response	22	1049953	19162	1
S1015022	58	Picture	20	1050026	0	1	17360	1	0	next	hit	826
S1015022	58	Port Input	15	1052192	2165	1
S1015022	58	Port Input	14	1067365	17338	1
S1015022	58	Response	22	1067365	17338	1
S1015022	59	Picture	20	1067387	0	1	18055	1	0	next	hit	838
S1015022	59	Port Input	15	1069791	2404	1
S1015022	59	Port Input	14	1069791	2404	1
S1015022	59	Port Input	15	1069791	2404	1
S1015022	59	Port Input	14	1069791	2404	1
S1015022	59	Port Input	15	1069791	2404	1
S1015022	59	Port Input	14	1069791	2404	1
S1015022	59	Port Input	15	1069791	2405	1
S1015022	59	Port Input	14	1069791	2405	1
S1015022	59	Port Input	15	1069792	2405	1
S1015022	59	Port Input	14	1085405	18018	1
S1015022	59	Response	22	1085405	18018	1
S1015022	60	Picture	20	1085442	0	1	16319	1	0	next	hit	846
S1015022	60	Port Input	15	1087453	2011	1
S1015022	60	Port Input	14	1087453	2012	1
S1015022	60	Port Input	15	1087453	2012	1
S1015022	60	Port Input	14	1087453	2012	1
S1015022	60	Port Input	15	1087453	2012	1
S1015022	60	Port Input	14	1101742	16301	1
S1015022	60	Response	22	1101742	16301	1
S1015022	61	Picture	20	1101760	0	1	16874	1	0	next	hit	850
S1015022	61	Port Input	15	1104076	2316	1
S1015022	61	Port Input	14	1118586	16825	1
S1015022	61	Response	22	1118586	16825	1
S1015022	62	Picture	20	1118635	0	1	18749	1	0	next	hit	860
S1015022	62	Port Input	15	1120685	2050	1
S1015022	62	Port Input	14	1120685	2050	1
S1015022	62	Port Input	15	1120685	2050	1
S1015022	62	Port Input	14	1120685	2050	1
S1015022	62	Port Input	15	1120685	2050	1
S1015022	62	Port Input	14	1120685	2050	1
S1015022	62	Port Input	15	1120685	2051	1
S1015022	62	Port Input	14	1137334	18699	1
S1015022	62	Response	22	1137334	18699	1
S1015022	63	Picture	20	1137384	0	1	18402	1	0	next	hit	866
S1015022	63	Port Input	15	1139702	2318	1
S1015022	63	Port Input	14	1139702	2319	1
S1015022	63	Port Input	15	1139703	2319	1
S1015022	63	Port Input	14	1155742	18358	1
S1015022	63	Response	22	1155742	18358	1
S1015022	64	Picture	20	1155786	0	1	18819	1	0	next	hit	872
S1015022	64	Port Input	15	1158100	2314	1
S1015022	64	Port Input	14	1158100	2314	1
S1015022	64	Port Input	15	1158101	2315	1
S1015022	64	Port Input	14	1174534	18748	1
S1015022	64	Response	22	1174534	18748	1
S1015022	65	Picture	20	1174605	0	1	18263	1	0	next	hit	878
S1015022	65	Port Input	15	1176894	2290	1
S1015022	65	Port Input	14	1176895	2290	1
S1015022	65	Port Input	15	1176895	2290	1
S1015022	65	Port Input	14	1192817	18212	1
S1015022	65	Response	22	1192817	18212	1
S1015022	66	Picture	20	1192868	0	1	18333	1	0	next	hit	882
S1015022	66	Port Input	15	1195510	2642	1
S1015022	66	Port Input	14	1211124	18256	1
S1015022	66	Response	22	1211124	18256	1
S1015022	67	Picture	20	1211200	0	1	17638	1	0	next	hit	894
S1015022	67	Port Input	15	1213519	2319	1
S1015022	67	Port Input	14	1213520	2319	1
S1015022	67	Port Input	15	1213520	2320	1
S1015022	67	Port Input	14	1213520	2320	1
S1015022	67	Port Input	15	1213521	2320	1
S1015022	67	Port Input	14	1213521	2320	1
S1015022	67	Port Input	15	1213521	2320	1
S1015022	67	Port Input	14	1213521	2320	1
S1015022	67	Port Input	15	1213521	2321	1
S1015022	67	Port Input	14	1228783	17582	1
S1015022	67	Response	22	1228783	17582	1
S1015022	68	Picture	20	1228839	0	1	18471	1	0	next	hit	900
S1015022	68	Port Input	15	1231452	2613	1
S1015022	68	Port Input	14	1231452	2613	1
S1015022	68	Port Input	15	1231452	2614	1
S1015022	68	Port Input	14	1247273	18435	1
S1015022	68	Response	22	1247273	18435	1
S1015022	69	Picture	20	1247310	0	1	17083	1	0	next	hit	932
S1015022	69	Port Input	15	1249562	2252	1
S1015022	69	Port Input	14	1249562	2252	1
S1015022	69	Port Input	15	1249563	2253	1
S1015022	69	Port Input	14	1249563	2253	1
S1015022	69	Port Input	15	1249563	2253	1
S1015022	69	Port Input	14	1249563	2253	1
S1015022	69	Port Input	15	1249565	2255	1
S1015022	69	Port Input	14	1249565	2255	1
S1015022	69	Port Input	15	1249565	2255	1
S1015022	69	Port Input	14	1249565	2255	1
S1015022	69	Port Input	15	1249565	2255	1
S1015022	69	Port Input	14	1249565	2255	1
S1015022	69	Port Input	15	1249565	2255	1
S1015022	69	Port Input	14	1249565	2255	1
S1015022	69	Port Input	15	1249566	2256	1
S1015022	69	Port Input	14	1249566	2256	1
S1015022	69	Port Input	15	1249566	2256	1
S1015022	69	Port Input	14	1249566	2256	1
S1015022	69	Port Input	15	1249567	2257	1
S1015022	69	Port Input	14	1249567	2257	1
S1015022	69	Port Input	15	1249567	2257	1
S1015022	69	Port Input	14	1249567	2257	1
S1015022	69	Port Input	15	1249567	2257	1
S1015022	69	Port Input	14	1249567	2257	1
S1015022	69	Port Input	15	1249568	2258	1
S1015022	69	Port Input	14	1249568	2258	1
S1015022	69	Port Input	15	1249568	2258	1
S1015022	69	Port Input	14	1249568	2258	1
S1015022	69	Port Input	15	1249568	2258	1
S1015022	69	Port Input	14	1264321	17011	1
S1015022	69	Response	22	1264321	17011	1
S1015022	70	Picture	20	1264393	0	1	18333	1	0	next	hit	1030
S1015022	70	Port Input	15	1264460	67	1
S1015022	70	Port Input	14	1264460	67	1
S1015022	70	Port Input	15	1264464	71	1
S1015022	70	Port Input	14	1264464	71	1
S1015022	70	Port Input	15	1264464	71	1
S1015022	70	Port Input	14	1264464	71	1
S1015022	70	Port Input	15	1264464	71	1
S1015022	70	Port Input	14	1264464	71	1
S1015022	70	Port Input	15	1264466	73	1
S1015022	70	Port Input	14	1264466	73	1
S1015022	70	Port Input	15	1264466	73	1
S1015022	70	Port Input	14	1264466	73	1
S1015022	70	Port Input	15	1264466	74	1
S1015022	70	Port Input	14	1264467	74	1
S1015022	70	Port Input	15	1264467	74	1
S1015022	70	Port Input	14	1264467	74	1
S1015022	70	Port Input	15	1264467	75	1
S1015022	70	Port Input	14	1264467	75	1
S1015022	70	Port Input	15	1264468	75	1
S1015022	70	Port Input	14	1264468	75	1
S1015022	70	Port Input	15	1264468	75	1
S1015022	70	Port Input	14	1264468	75	1
S1015022	70	Port Input	15	1264469	76	1
S1015022	70	Port Input	14	1264469	76	1
S1015022	70	Port Input	15	1264469	76	1
S1015022	70	Port Input	14	1264469	76	1
S1015022	70	Port Input	15	1264470	77	1
S1015022	70	Port Input	14	1264470	77	1
S1015022	70	Port Input	15	1264471	79	1
S1015022	70	Port Input	14	1264471	79	1
S1015022	70	Port Input	15	1264472	79	1
S1015022	70	Port Input	14	1264472	79	1
S1015022	70	Port Input	15	1264472	79	1
S1015022	70	Port Input	14	1264472	79	1
S1015022	70	Port Input	15	1264472	79	1
S1015022	70	Port Input	14	1264472	79	1
S1015022	70	Port Input	15	1264473	80	1
S1015022	70	Port Input	14	1264473	80	1
S1015022	70	Port Input	15	1264473	80	1
S1015022	70	Port Input	14	1264473	80	1
S1015022	70	Port Input	15	1264473	81	1
S1015022	70	Port Input	14	1264473	81	1
S1015022	70	Port Input	15	1264474	81	1
S1015022	70	Port Input	14	1264474	81	1
S1015022	70	Port Input	15	1264474	82	1
S1015022	70	Port Input	14	1264474	82	1
S1015022	70	Port Input	15	1264475	82	1
S1015022	70	Port Input	14	1264475	82	1
S1015022	70	Port Input	15	1264476	83	1
S1015022	70	Port Input	14	1264476	83	1
S1015022	70	Port Input	15	1264477	84	1
S1015022	70	Port Input	14	1264477	84	1
S1015022	70	Port Input	15	1264482	90	1
S1015022	70	Port Input	14	1264482	90	1
S1015022	70	Port Input	15	1264483	90	1
S1015022	70	Port Input	14	1264483	90	1
S1015022	70	Port Input	15	1264483	90	1
S1015022	70	Port Input	14	1264483	90	1
S1015022	70	Port Input	15	1264484	91	1
S1015022	70	Port Input	14	1264484	91	1
S1015022	70	Port Input	15	1266061	1668	1
S1015022	70	Port Input	14	1266061	1668	1
S1015022	70	Port Input	15	1266076	1683	1
S1015022	70	Port Input	14	1266076	1683	1
S1015022	70	Port Input	15	1266078	1685	1
S1015022	70	Port Input	14	1266078	1685	1
S1015022	70	Port Input	15	1266078	1685	1
S1015022	70	Port Input	14	1266078	1685	1
S1015022	70	Port Input	15	1266080	1687	1
S1015022	70	Port Input	14	1266080	1687	1
S1015022	70	Port Input	15	1266080	1688	1
S1015022	70	Port Input	14	1266080	1688	1
S1015022	70	Port Input	15	1266082	1689	1
S1015022	70	Port Input	14	1266082	1689	1
S1015022	70	Port Input	15	1266082	1689	1
S1015022	70	Port Input	14	1266082	1689	1
S1015022	70	Port Input	15	1266082	1689	1
S1015022	70	Port Input	14	1266082	1689	1
S1015022	70	Port Input	15	1266082	1690	1
S1015022	70	Port Input	14	1266082	1690	1
S1015022	70	Port Input	15	1266083	1690	1
S1015022	70	Port Input	14	1266083	1690	1
S1015022	70	Port Input	15	1266087	1694	1
S1015022	70	Port Input	14	1266087	1694	1
S1015022	70	Port Input	15	1266148	1755	1
S1015022	70	Port Input	14	1266148	1755	1
S1015022	70	Port Input	15	1266149	1756	1
S1015022	70	Port Input	14	1266149	1756	1
S1015022	70	Port Input	15	1266149	1756	1
S1015022	70	Port Input	14	1266149	1756	1
S1015022	70	Port Input	15	1266149	1757	1
S1015022	70	Port Input	14	1266153	1760	1
S1015022	70	Port Input	15	1266153	1761	1
S1015022	70	Port Input	14	1266155	1762	1
S1015022	70	Port Input	15	1266155	1762	1
S1015022	70	Port Input	14	1282711	18319	1
S1015022	70	Response	22	1282711	18319	1
S1015022	71	Picture	20	1282725	0	1	17777	1	0	next	hit	1068
S1015022	71	Port Input	15	1284559	1834	1
S1015022	71	Port Input	14	1284559	1834	1
S1015022	71	Port Input	15	1284563	1838	1
S1015022	71	Port Input	14	1284563	1838	1
S1015022	71	Port Input	15	1284564	1839	1
S1015022	71	Port Input	14	1284564	1839	1
S1015022	71	Port Input	15	1284566	1841	1
S1015022	71	Port Input	14	1284566	1841	1
S1015022	71	Port Input	15	1284566	1841	1
S1015022	71	Port Input	14	1284567	1841	1
S1015022	71	Port Input	15	1284569	1844	1
S1015022	71	Port Input	14	1284569	1844	1
S1015022	71	Port Input	15	1284570	1845	1
S1015022	71	Port Input	14	1284570	1845	1
S1015022	71	Port Input	15	1284622	1896	1
S1015022	71	Port Input	14	1284622	1896	1
S1015022	71	Port Input	15	1284622	1897	1
S1015022	71	Port Input	14	1284622	1897	1
S1015022	71	Port Input	15	1284622	1897	1
S1015022	71	Port Input	14	1284622	1897	1
S1015022	71	Port Input	15	1284622	1897	1
S1015022	71	Port Input	14	1284623	1897	1
S1015022	71	Port Input	15	1284623	1897	1
S1015022	71	Port Input	14	1284623	1898	1
S1015022	71	Port Input	15	1284623	1898	1
S1015022	71	Port Input	14	1284623	1898	1
S1015022	71	Port Input	15	1284623	1898	1
S1015022	71	Port Input	14	1284623	1898	1
S1015022	71	Port Input	15	1284623	1898	1
S1015022	71	Port Input	14	1284623	1898	1
S1015022	71	Port Input	15	1284623	1898	1
S1015022	71	Port Input	14	1284624	1898	1
S1015022	71	Port Input	15	1284624	1898	1
S1015022	71	Port Input	14	1284624	1899	1
S1015022	71	Port Input	15	1284624	1899	1
S1015022	71	Port Input	14	1300468	17743	1
S1015022	71	Response	22	1300468	17743	1
S1015022	72	Picture	20	1300502	0	1	19860	1	0	next	hit	1076
S1015022	72	Port Input	15	1302897	2395	1
S1015022	72	Port Input	14	1302897	2395	1
S1015022	72	Port Input	15	1302898	2396	1
S1015022	72	Port Input	14	1302898	2396	1
S1015022	72	Port Input	15	1302898	2396	1
S1015022	72	Port Input	14	1320334	19831	1
S1015022	72	Response	22	1320334	19831	1
S1015022	73	Picture	20	1320363	0	1	17013	1	0	next	hit	1088
S1015022	73	Port Input	15	1321396	1034	1
S1015022	73	Port Input	14	1321396	1034	1
S1015022	73	Port Input	15	1322919	2556	1
S1015022	73	Port Input	14	1322919	2556	1
S1015022	73	Port Input	15	1322923	2560	1
S1015022	73	Port Input	14	1322923	2560	1
S1015022	73	Port Input	15	1322923	2561	1
S1015022	73	Port Input	14	1322923	2561	1
S1015022	73	Port Input	15	1322923	2561	1
S1015022	73	Port Input	14	1337340	16978	1
S1015022	73	Response	22	1337340	16978	1
S1015022	74	Picture	20	1337376	0	1	18541	1	0	next	hit	1098
S1015022	74	Port Input	15	1339681	2305	1
S1015022	74	Port Input	14	1339681	2305	1
S1015022	74	Port Input	15	1339681	2305	1
S1015022	74	Port Input	14	1339681	2305	1
S1015022	74	Port Input	15	1339681	2305	1
S1015022	74	Port Input	14	1339681	2305	1
S1015022	74	Port Input	15	1339681	2305	1
S1015022	74	Port Input	14	1355883	18507	1
S1015022	74	Response	22	1355883	18507	1
S1015022	75	Picture	20	1355917	0	1	15833	1	0	next	hit	1106
S1015022	75	Port Input	15	1358142	2225	1
S1015022	75	Port Input	14	1358142	2225	1
S1015022	75	Port Input	15	1358142	2225	1
S1015022	75	Port Input	14	1358142	2225	1
S1015022	75	Port Input	15	1358142	2225	1
S1015022	75	Port Input	14	1371720	15803	1
S1015022	75	Response	22	1371720	15803	1
S1015022	76	Picture	20	1371749	0	1	18958	1	0	next	hit	1220
S1015022	76	Port Input	15	1373835	2085	1
S1015022	76	Port Input	14	1373835	2085	1
S1015022	76	Port Input	15	1373835	2086	1
S1015022	76	Port Input	14	1373835	2086	1
S1015022	76	Port Input	15	1373835	2086	1
S1015022	76	Port Input	14	1373835	2086	1
S1015022	76	Port Input	15	1373836	2086	1
S1015022	76	Port Input	14	1373836	2086	1
S1015022	76	Port Input	15	1373836	2087	1
S1015022	76	Port Input	14	1373836	2087	1
S1015022	76	Port Input	15	1373836	2087	1
S1015022	76	Port Input	14	1373836	2087	1
S1015022	76	Port Input	15	1373836	2087	1
S1015022	76	Port Input	14	1373836	2087	1
S1015022	76	Port Input	15	1373837	2087	1
S1015022	76	Port Input	14	1373837	2087	1
S1015022	76	Port Input	15	1373837	2088	1
S1015022	76	Port Input	14	1373837	2088	1
S1015022	76	Port Input	15	1373838	2088	1
S1015022	76	Port Input	14	1373838	2088	1
S1015022	76	Port Input	15	1373838	2089	1
S1015022	76	Port Input	14	1373838	2089	1
S1015022	76	Port Input	15	1373838	2089	1
S1015022	76	Port Input	14	1373838	2089	1
S1015022	76	Port Input	15	1373839	2089	1
S1015022	76	Port Input	14	1373839	2090	1
S1015022	76	Port Input	15	1373840	2090	1
S1015022	76	Port Input	14	1373840	2090	1
S1015022	76	Port Input	15	1373840	2091	1
S1015022	76	Port Input	14	1373840	2091	1
S1015022	76	Port Input	15	1373840	2091	1
S1015022	76	Port Input	14	1373840	2091	1
S1015022	76	Port Input	15	1373840	2091	1
S1015022	76	Port Input	14	1373840	2091	1
S1015022	76	Port Input	15	1373840	2091	1
S1015022	76	Port Input	14	1373840	2091	1
S1015022	76	Port Input	15	1373841	2091	1
S1015022	76	Port Input	14	1373841	2091	1
S1015022	76	Port Input	15	1373841	2092	1
S1015022	76	Port Input	14	1373841	2092	1
S1015022	76	Port Input	15	1373841	2092	1
S1015022	76	Port Input	14	1373841	2092	1
S1015022	76	Port Input	15	1373843	2093	1
S1015022	76	Port Input	14	1373843	2093	1
S1015022	76	Port Input	15	1373844	2094	1
S1015022	76	Port Input	14	1373844	2095	1
S1015022	76	Port Input	15	1373844	2095	1
S1015022	76	Port Input	14	1373844	2095	1
S1015022	76	Port Input	15	1373845	2095	1
S1015022	76	Port Input	14	1373845	2095	1
S1015022	76	Port Input	15	1373845	2095	1
S1015022	76	Port Input	14	1373845	2095	1
S1015022	76	Port Input	15	1373845	2096	1
S1015022	76	Port Input	14	1373845	2096	1
S1015022	76	Port Input	15	1373846	2096	1
S1015022	76	Port Input	14	1373846	2096	1
S1015022	76	Port Input	15	1373846	2096	1
S1015022	76	Port Input	14	1373846	2096	1
S1015022	76	Port Input	15	1373846	2096	1
S1015022	76	Port Input	14	1373846	2096	1
S1015022	76	Port Input	15	1373846	2097	1
S1015022	76	Port Input	14	1373847	2097	1
S1015022	76	Port Input	15	1373847	2097	1
S1015022	76	Port Input	14	1373847	2097	1
S1015022	76	Port Input	15	1373847	2098	1
S1015022	76	Port Input	14	1373847	2098	1
S1015022	76	Port Input	15	1373847	2098	1
S1015022	76	Port Input	14	1373847	2098	1
S1015022	76	Port Input	15	1373848	2098	1
S1015022	76	Port Input	14	1373848	2098	1
S1015022	76	Port Input	15	1373848	2099	1
S1015022	76	Port Input	14	1373848	2099	1
S1015022	76	Port Input	15	1373848	2099	1
S1015022	76	Port Input	14	1373848	2099	1
S1015022	76	Port Input	15	1373848	2099	1
S1015022	76	Port Input	14	1373848	2099	1
S1015022	76	Port Input	15	1373849	2099	1
S1015022	76	Port Input	14	1373849	2099	1
S1015022	76	Port Input	15	1373849	2100	1
S1015022	76	Port Input	14	1373849	2100	1
S1015022	76	Port Input	15	1373856	2107	1
S1015022	76	Port Input	14	1373856	2107	1
S1015022	76	Port Input	15	1373857	2108	1
S1015022	76	Port Input	14	1373857	2108	1
S1015022	76	Port Input	15	1373857	2108	1
S1015022	76	Port Input	14	1373857	2108	1
S1015022	76	Port Input	15	1373857	2108	1
S1015022	76	Port Input	14	1373857	2108	1
S1015022	76	Port Input	15	1373889	2140	1
S1015022	76	Port Input	14	1373889	2140	1
S1015022	76	Port Input	15	1373889	2140	1
S1015022	76	Port Input	14	1373889	2140	1
S1015022	76	Port Input	15	1373890	2140	1
S1015022	76	Port Input	14	1373893	2143	1
S1015022	76	Port Input	15	1373893	2143	1
S1015022	76	Port Input	14	1373893	2143	1
S1015022	76	Port Input	15	1373893	2144	1
S1015022	76	Port Input	14	1373893	2144	1
S1015022	76	Port Input	15	1373894	2144	1
S1015022	76	Port Input	14	1373894	2145	1
S1015022	76	Port Input	15	1373894	2145	1
S1015022	76	Port Input	14	1373895	2145	1
S1015022	76	Port Input	15	1373895	2146	1
S1015022	76	Port Input	14	1373895	2146	1
S1015022	76	Port Input	15	1373895	2146	1
S1015022	76	Port Input	14	1373895	2146	1
S1015022	76	Port Input	15	1373895	2146	1
S1015022	76	Port Input	14	1373895	2146	1
S1015022	76	Port Input	15	1373895	2146	1
S1015022	76	Port Input	14	1373895	2146	1
S1015022	76	Port Input	15	1373896	2146	1
S1015022	76	Port Input	14	1390646	18896	1
S1015022	76	Response	22	1390646	18896	1
S1015022	77	Picture	20	1390707	0	1	19791	1	0	next	hit	1226
S1015022	77	Port Input	15	1393501	2794	1
S1015022	77	Port Input	14	1393501	2794	1
S1015022	77	Port Input	15	1393501	2794	1
S1015022	77	Port Input	14	1410457	19750	1
S1015022	77	Response	22	1410457	19750	1
S1015022	78	Picture	20	1410498	0	1	16666	1	0	next	hit	1230
S1015022	78	Port Input	15	1412718	2221	1
S1015022	78	Port Input	14	1427140	16642	1
S1015022	78	Response	22	1427140	16642	1
S1015022	79	Picture	20	1427164	0	1	19374	1	0	next	hit	1234
S1015022	79	Port Input	15	1429592	2428	1
S1015022	79	Port Input	14	1446480	19316	1
S1015022	79	Response	22	1446480	19316	1
S1015022	79	Port Input	15	1446484	19320	1
S1015022	79	Port Input	14	1446485	19321	1
S1015022	79	Port Input	15	1446485	19322	1
S1015022	79	Port Input	14	1446486	19322	1
S1015022	79	Port Input	15	1446486	19322	1
S1015022	79	Port Input	14	1446487	19323	1
S1015022	79	Port Input	15	1446487	19323	1
S1015022	79	Port Input	14	1446487	19323	1
S1015022	79	Port Input	15	1446487	19324	1
S1015022	79	Port Input	14	1446487	19324	1
S1015022	79	Port Input	15	1446488	19324	1
S1015022	79	Port Input	14	1446488	19324	1
S1015022	79	Port Input	15	1446488	19324	1
S1015022	79	Port Input	14	1446488	19324	1
S1015022	79	Port Input	15	1446490	19326	1
S1015022	79	Port Input	14	1446490	19326	1
S1015022	79	Port Input	15	1446491	19327	1
S1015022	79	Port Input	14	1446491	19328	1
S1015022	79	Port Input	15	1446518	19354	1
S1015022	79	Port Input	14	1446518	19354	1
S1015022	79	Port Input	15	1446518	19355	1
S1015022	79	Port Input	14	1446518	19355	1
S1015022	79	Port Input	15	1446519	19355	1
S1015022	79	Port Input	14	1446519	19355	1
S1015022	79	Port Input	15	1446520	19356	1
S1015022	79	Port Input	14	1446520	19356	1
S1015022	79	Port Input	15	1446522	19358	1
S1015022	79	Port Input	14	1446522	19358	1
S1015022	79	Port Input	15	1446523	19359	1
S1015022	79	Port Input	14	1446523	19359	1
S1015022	79	Port Input	15	1446524	19360	1
S1015022	79	Port Input	14	1446524	19360	1
S1015022	80	Picture	20	1446538	0	1	18124	1	0	next	hit	1420
S1015022	80	Port Input	15	1446543	5	1
S1015022	80	Port Input	14	1446543	5	1
S1015022	80	Port Input	15	1446544	6	1
S1015022	80	Port Input	14	1446544	6	1
S1015022	80	Port Input	15	1446558	20	1
S1015022	80	Port Input	14	1446558	20	1
S1015022	80	Port Input	15	1446558	20	1
S1015022	80	Port Input	14	1446558	20	1
S1015022	80	Port Input	15	1446558	20	1
S1015022	80	Port Input	14	1446558	20	1
S1015022	80	Port Input	15	1446559	21	1
S1015022	80	Port Input	14	1446559	21	1
S1015022	80	Port Input	15	1446559	21	1
S1015022	80	Port Input	14	1446559	21	1
S1015022	80	Port Input	15	1446559	21	1
S1015022	80	Port Input	14	1446559	21	1
S1015022	80	Port Input	15	1446562	24	1
S1015022	80	Port Input	14	1446562	24	1
S1015022	80	Port Input	15	1446564	26	1
S1015022	80	Port Input	14	1446564	26	1
S1015022	80	Port Input	15	1446564	26	1
S1015022	80	Port Input	14	1446564	26	1
S1015022	80	Port Input	15	1446565	27	1
S1015022	80	Port Input	14	1446565	27	1
S1015022	80	Port Input	15	1446565	27	1
S1015022	80	Port Input	14	1446565	27	1
S1015022	80	Port Input	15	1446566	28	1
S1015022	80	Port Input	14	1446566	28	1
S1015022	80	Port Input	15	1446566	28	1
S1015022	80	Port Input	14	1446567	28	1
S1015022	80	Port Input	15	1446567	29	1
S1015022	80	Port Input	14	1446567	29	1
S1015022	80	Port Input	15	1446567	29	1
S1015022	80	Port Input	14	1446568	29	1
S1015022	80	Port Input	15	1446568	30	1
S1015022	80	Port Input	14	1446568	30	1
S1015022	80	Port Input	15	1446568	30	1
S1015022	80	Port Input	14	1446568	30	1
S1015022	80	Port Input	15	1446568	30	1
S1015022	80	Port Input	14	1446569	30	1
S1015022	80	Port Input	15	1446569	31	1
S1015022	80	Port Input	14	1446569	31	1
S1015022	80	Port Input	15	1446569	31	1
S1015022	80	Port Input	14	1446569	31	1
S1015022	80	Port Input	15	1446569	31	1
S1015022	80	Port Input	14	1446569	31	1
S1015022	80	Port Input	15	1446569	31	1
S1015022	80	Port Input	14	1446569	31	1
S1015022	80	Port Input	15	1446569	31	1
S1015022	80	Port Input	14	1446569	31	1
S1015022	80	Port Input	15	1446569	31	1
S1015022	80	Port Input	14	1446570	31	1
S1015022	80	Port Input	15	1448399	1861	1
S1015022	80	Port Input	14	1448399	1861	1
S1015022	80	Port Input	15	1448400	1862	1
S1015022	80	Port Input	14	1448400	1862	1
S1015022	80	Port Input	15	1448400	1862	1
S1015022	80	Port Input	14	1448401	1862	1
S1015022	80	Port Input	15	1448401	1863	1
S1015022	80	Port Input	14	1448401	1863	1
S1015022	80	Port Input	15	1448401	1863	1
S1015022	80	Port Input	14	1448401	1863	1
S1015022	80	Port Input	15	1448401	1863	1
S1015022	80	Port Input	14	1448401	1863	1
S1015022	80	Port Input	15	1448401	1863	1
S1015022	80	Port Input	14	1448401	1863	1
S1015022	80	Port Input	15	1448402	1864	1
S1015022	80	Port Input	14	1448402	1864	1
S1015022	80	Port Input	15	1448402	1864	1
S1015022	80	Port Input	14	1448402	1864	1
S1015022	80	Port Input	15	1448403	1865	1
S1015022	80	Port Input	14	1448403	1865	1
S1015022	80	Port Input	15	1448404	1865	1
S1015022	80	Port Input	14	1448404	1866	1
S1015022	80	Port Input	15	1448404	1866	1
S1015022	80	Port Input	14	1448404	1866	1
S1015022	80	Port Input	15	1448404	1866	1
S1015022	80	Port Input	14	1448404	1866	1
S1015022	80	Port Input	15	1448404	1866	1
S1015022	80	Port Input	14	1448404	1866	1
S1015022	80	Port Input	15	1448404	1866	1
S1015022	80	Port Input	14	1448405	1867	1
S1015022	80	Port Input	15	1448410	1872	1
S1015022	80	Port Input	14	1448410	1872	1
S1015022	80	Port Input	15	1448410	1872	1
S1015022	80	Port Input	14	1448410	1872	1
S1015022	80	Port Input	15	1448411	1873	1
S1015022	80	Port Input	14	1448411	1873	1
S1015022	80	Port Input	15	1448412	1874	1
S1015022	80	Port Input	14	1448412	1874	1
S1015022	80	Port Input	15	1448413	1875	1
S1015022	80	Port Input	14	1448413	1875	1
S1015022	80	Port Input	15	1448414	1876	1
S1015022	80	Port Input	14	1448414	1876	1
S1015022	80	Port Input	15	1448415	1877	1
S1015022	80	Port Input	14	1448415	1877	1
S1015022	80	Port Input	15	1448416	1878	1
S1015022	80	Port Input	14	1448416	1878	1
S1015022	80	Port Input	15	1448416	1878	1
S1015022	80	Port Input	14	1448416	1878	1
S1015022	80	Port Input	15	1448417	1879	1
S1015022	80	Port Input	14	1448417	1879	1
S1015022	80	Port Input	15	1448417	1879	1
S1015022	80	Port Input	14	1448417	1879	1
S1015022	80	Port Input	15	1448417	1879	1
S1015022	80	Port Input	14	1448417	1879	1
S1015022	80	Port Input	15	1448417	1879	1
S1015022	80	Port Input	14	1448417	1879	1
S1015022	80	Port Input	15	1448418	1880	1
S1015022	80	Port Input	14	1448418	1880	1
S1015022	80	Port Input	15	1448431	1893	1
S1015022	80	Port Input	14	1448431	1893	1
S1015022	80	Port Input	15	1448433	1895	1
S1015022	80	Port Input	14	1448433	1895	1
S1015022	80	Port Input	15	1448433	1895	1
S1015022	80	Port Input	14	1448433	1895	1
S1015022	80	Port Input	15	1448464	1926	1
S1015022	80	Port Input	14	1448464	1926	1
S1015022	80	Port Input	15	1448464	1926	1
S1015022	80	Port Input	14	1448464	1926	1
S1015022	80	Port Input	15	1448465	1927	1
S1015022	80	Port Input	14	1448465	1927	1
S1015022	80	Port Input	15	1448465	1927	1
S1015022	80	Port Input	14	1448466	1928	1
S1015022	80	Port Input	15	1448466	1928	1
S1015022	80	Port Input	14	1448466	1928	1
S1015022	80	Port Input	15	1448467	1929	1
S1015022	80	Port Input	14	1448467	1929	1
S1015022	80	Port Input	15	1448468	1930	1
S1015022	80	Port Input	14	1448468	1930	1
S1015022	80	Port Input	15	1448468	1930	1
S1015022	80	Port Input	14	1448468	1930	1
S1015022	80	Port Input	15	1448468	1930	1
S1015022	80	Port Input	14	1448468	1930	1
S1015022	80	Port Input	15	1448470	1932	1
S1015022	80	Port Input	14	1448470	1932	1
S1015022	80	Port Input	15	1448470	1932	1
S1015022	80	Port Input	14	1448471	1933	1
S1015022	80	Port Input	15	1448471	1933	1
S1015022	80	Port Input	14	1448471	1933	1
S1015022	80	Port Input	15	1448471	1933	1
S1015022	80	Port Input	14	1448471	1933	1
S1015022	80	Port Input	15	1448472	1934	1
S1015022	80	Port Input	14	1448472	1934	1
S1015022	80	Port Input	15	1448472	1934	1
S1015022	80	Port Input	14	1448472	1934	1
S1015022	80	Port Input	15	1448473	1935	1
S1015022	80	Port Input	14	1448473	1935	1
S1015022	80	Port Input	15	1448473	1935	1
S1015022	80	Port Input	14	1448474	1935	1
S1015022	80	Port Input	15	1448474	1936	1
S1015022	80	Port Input	14	1464649	18111	1
S1015022	80	Response	22	1464649	18111	1
S1015022	80	Port Input	15	1464654	18116	1
S1015022	80	Port Input	14	1464654	18116	1
S1015022	80	Port Input	15	1464655	18117	1
S1015022	80	Port Input	14	1464655	18117	1
S1015022	80	Port Input	15	1464656	18118	1
S1015022	80	Port Input	14	1464656	18118	1
S1015022	80	Port Input	15	1464656	18118	1
S1015022	80	Port Input	14	1464656	18118	1
S1015022	80	Port Input	15	1464656	18118	1
S1015022	80	Port Input	14	1464657	18118	1
S1015022	80	Port Input	15	1464657	18119	1
S1015022	80	Port Input	14	1464657	18119	1
S1015022	80	Port Input	15	1464657	18119	1
S1015022	80	Port Input	14	1464657	18119	1
S1015022	80	Port Input	15	1464657	18119	1
S1015022	80	Port Input	14	1464657	18119	1
S1015022	80	Port Input	15	1464660	18122	1
S1015022	80	Port Input	14	1464660	18122	1
S1015022	81	Picture	20	1464662	0	1	17013	1	0	next	hit	1706
S1015022	81	Port Input	15	1464663	1	1
S1015022	81	Port Input	14	1464663	1	1
S1015022	81	Port Input	15	1464663	1	1
S1015022	81	Port Input	14	1464663	1	1
S1015022	81	Port Input	15	1464664	1	1
S1015022	81	Port Input	14	1464664	1	1
S1015022	81	Port Input	15	1464664	2	1
S1015022	81	Port Input	14	1464664	2	1
S1015022	81	Port Input	15	1464664	2	1
S1015022	81	Port Input	14	1464664	2	1
S1015022	81	Port Input	15	1464665	2	1
S1015022	81	Port Input	14	1464665	2	1
S1015022	81	Port Input	15	1464665	2	1
S1015022	81	Port Input	14	1464665	2	1
S1015022	81	Port Input	15	1465182	520	1
S1015022	81	Port Input	14	1465182	520	1
S1015022	81	Port Input	15	1465598	936	1
S1015022	81	Port Input	14	1465598	936	1
S1015022	81	Port Input	15	1465656	993	1
S1015022	81	Port Input	14	1465656	993	1
S1015022	81	Port Input	15	1465726	1064	1
S1015022	81	Port Input	14	1465726	1064	1
S1015022	81	Port Input	15	1465763	1100	1
S1015022	81	Port Input	14	1465763	1100	1
S1015022	81	Port Input	15	1465776	1114	1
S1015022	81	Port Input	14	1465776	1114	1
S1015022	81	Port Input	15	1465860	1198	1
S1015022	81	Port Input	14	1465860	1198	1
S1015022	81	Port Input	15	1465875	1213	1
S1015022	81	Port Input	14	1465875	1213	1
S1015022	81	Port Input	15	1465905	1243	1
S1015022	81	Port Input	14	1465905	1243	1
S1015022	81	Port Input	15	1466178	1516	1
S1015022	81	Port Input	14	1466178	1516	1
S1015022	81	Port Input	15	1466410	1748	1
S1015022	81	Port Input	14	1466411	1748	1
S1015022	81	Port Input	15	1466411	1749	1
S1015022	81	Port Input	14	1466411	1749	1
S1015022	81	Port Input	15	1466482	1820	1
S1015022	81	Port Input	14	1466482	1820	1
S1015022	81	Port Input	15	1466500	1837	1
S1015022	81	Port Input	14	1466500	1837	1
S1015022	81	Port Input	15	1466500	1838	1
S1015022	81	Port Input	14	1466500	1838	1
S1015022	81	Port Input	15	1466517	1854	1
S1015022	81	Port Input	14	1466517	1854	1
S1015022	81	Port Input	15	1466523	1861	1
S1015022	81	Port Input	14	1466523	1861	1
S1015022	81	Port Input	15	1466541	1878	1
S1015022	81	Port Input	14	1466541	1878	1
S1015022	81	Port Input	15	1466558	1896	1
S1015022	81	Port Input	14	1466558	1896	1
S1015022	81	Port Input	15	1466561	1899	1
S1015022	81	Port Input	14	1466561	1899	1
S1015022	81	Port Input	15	1466569	1907	1
S1015022	81	Port Input	14	1466569	1907	1
S1015022	81	Port Input	15	1466574	1911	1
S1015022	81	Port Input	14	1466574	1911	1
S1015022	81	Port Input	15	1466574	1912	1
S1015022	81	Port Input	14	1466574	1912	1
S1015022	81	Port Input	15	1466577	1914	1
S1015022	81	Port Input	14	1466577	1914	1
S1015022	81	Port Input	15	1466578	1916	1
S1015022	81	Port Input	14	1466578	1916	1
S1015022	81	Port Input	15	1466583	1921	1
S1015022	81	Port Input	14	1466583	1921	1
S1015022	81	Port Input	15	1466587	1925	1
S1015022	81	Port Input	14	1466587	1925	1
S1015022	81	Port Input	15	1466588	1926	1
S1015022	81	Port Input	14	1466588	1926	1
S1015022	81	Port Input	15	1466595	1933	1
S1015022	81	Port Input	14	1466595	1933	1
S1015022	81	Port Input	15	1466600	1938	1
S1015022	81	Port Input	14	1466600	1938	1
S1015022	81	Port Input	15	1466602	1940	1
S1015022	81	Port Input	14	1466602	1940	1
S1015022	81	Port Input	15	1466603	1941	1
S1015022	81	Port Input	14	1466603	1941	1
S1015022	81	Port Input	15	1466613	1951	1
S1015022	81	Port Input	14	1466613	1951	1
S1015022	81	Port Input	15	1466614	1952	1
S1015022	81	Port Input	14	1466614	1952	1
S1015022	81	Port Input	15	1466614	1952	1
S1015022	81	Port Input	14	1466615	1952	1
S1015022	81	Port Input	15	1466649	1986	1
S1015022	81	Port Input	14	1466649	1986	1
S1015022	81	Port Input	15	1466651	1989	1
S1015022	81	Port Input	14	1466651	1989	1
S1015022	81	Port Input	15	1466653	1990	1
S1015022	81	Port Input	14	1466653	1991	1
S1015022	81	Port Input	15	1466653	1991	1
S1015022	81	Port Input	14	1466653	1991	1
S1015022	81	Port Input	15	1466656	1994	1
S1015022	81	Port Input	14	1466656	1994	1
S1015022	81	Port Input	15	1466657	1994	1
S1015022	81	Port Input	14	1466657	1994	1
S1015022	81	Port Input	15	1466659	1996	1
S1015022	81	Port Input	14	1466659	1996	1
S1015022	81	Port Input	15	1466659	1997	1
S1015022	81	Port Input	14	1466659	1997	1
S1015022	81	Port Input	15	1466660	1998	1
S1015022	81	Port Input	14	1466660	1998	1
S1015022	81	Port Input	15	1466662	2000	1
S1015022	81	Port Input	14	1466663	2000	1
S1015022	81	Port Input	15	1466664	2002	1
S1015022	81	Port Input	14	1466664	2002	1
S1015022	81	Port Input	15	1466665	2003	1
S1015022	81	Port Input	14	1466665	2003	1
S1015022	81	Port Input	15	1466666	2004	1
S1015022	81	Port Input	14	1466667	2004	1
S1015022	81	Port Input	15	1466670	2008	1
S1015022	81	Port Input	14	1466670	2008	1
S1015022	81	Port Input	15	1466671	2008	1
S1015022	81	Port Input	14	1466671	2008	1
S1015022	81	Port Input	15	1466671	2009	1
S1015022	81	Port Input	14	1466671	2009	1
S1015022	81	Port Input	15	1466672	2010	1
S1015022	81	Port Input	14	1466672	2010	1
S1015022	81	Port Input	15	1466673	2010	1
S1015022	81	Port Input	14	1466673	2010	1
S1015022	81	Port Input	15	1466676	2014	1
S1015022	81	Port Input	14	1466676	2014	1
S1015022	81	Port Input	15	1466678	2016	1
S1015022	81	Port Input	14	1466678	2016	1
S1015022	81	Port Input	15	1466678	2016	1
S1015022	81	Port Input	14	1466678	2016	1
S1015022	81	Port Input	15	1466681	2018	1
S1015022	81	Port Input	14	1466681	2018	1
S1015022	81	Port Input	15	1466683	2021	1
S1015022	81	Port Input	14	1466683	2021	1
S1015022	81	Port Input	15	1466684	2022	1
S1015022	81	Port Input	14	1466684	2022	1
S1015022	81	Port Input	15	1466686	2023	1
S1015022	81	Port Input	14	1466686	2023	1
S1015022	81	Port Input	15	1466687	2025	1
S1015022	81	Port Input	14	1466687	2025	1
S1015022	81	Port Input	15	1466688	2025	1
S1015022	81	Port Input	14	1466688	2025	1
S1015022	81	Port Input	15	1466689	2027	1
S1015022	81	Port Input	14	1466689	2027	1
S1015022	81	Port Input	15	1466690	2028	1
S1015022	81	Port Input	14	1466690	2028	1
S1015022	81	Port Input	15	1466691	2028	1
S1015022	81	Port Input	14	1466691	2028	1
S1015022	81	Port Input	15	1466692	2029	1
S1015022	81	Port Input	14	1466692	2030	1
S1015022	81	Port Input	15	1466692	2030	1
S1015022	81	Port Input	14	1466692	2030	1
S1015022	81	Port Input	15	1466693	2031	1
S1015022	81	Port Input	14	1466693	2031	1
S1015022	81	Port Input	15	1466694	2032	1
S1015022	81	Port Input	14	1466694	2032	1
S1015022	81	Port Input	15	1466696	2034	1
S1015022	81	Port Input	14	1466696	2034	1
S1015022	81	Port Input	15	1466697	2035	1
S1015022	81	Port Input	14	1466697	2035	1
S1015022	81	Port Input	15	1466697	2035	1
S1015022	81	Port Input	14	1466698	2035	1
S1015022	81	Port Input	15	1466700	2037	1
S1015022	81	Port Input	14	1466700	2037	1
S1015022	81	Port Input	15	1466702	2039	1
S1015022	81	Port Input	14	1466702	2039	1
S1015022	81	Port Input	15	1466703	2041	1
S1015022	81	Port Input	14	1466703	2041	1
S1015022	81	Port Input	15	1466705	2042	1
S1015022	81	Port Input	14	1466705	2042	1
S1015022	81	Port Input	15	1466705	2042	1
S1015022	81	Port Input	14	1466705	2042	1
S1015022	81	Port Input	15	1466709	2046	1
S1015022	81	Port Input	14	1466709	2046	1
S1015022	81	Port Input	15	1466709	2047	1
S1015022	81	Port Input	14	1466709	2047	1
S1015022	81	Port Input	15	1466709	2047	1
S1015022	81	Port Input	14	1466709	2047	1
S1015022	81	Port Input	15	1466710	2048	1
S1015022	81	Port Input	14	1466710	2048	1
S1015022	81	Port Input	15	1466712	2049	1
S1015022	81	Port Input	14	1466712	2049	1
S1015022	81	Port Input	15	1466713	2051	1
S1015022	81	Port Input	14	1466714	2051	1
S1015022	81	Port Input	15	1466717	2055	1
S1015022	81	Port Input	14	1466717	2055	1
S1015022	81	Port Input	15	1466718	2056	1
S1015022	81	Port Input	14	1466718	2056	1
S1015022	81	Port Input	15	1466721	2059	1
S1015022	81	Port Input	14	1466721	2059	1
S1015022	81	Port Input	15	1466722	2059	1
S1015022	81	Port Input	14	1466722	2059	1
S1015022	81	Port Input	15	1466722	2059	1
S1015022	81	Port Input	14	1466722	2059	1
S1015022	81	Port Input	15	1466723	2061	1
S1015022	81	Port Input	14	1466723	2061	1
S1015022	81	Port Input	15	1466724	2062	1
S1015022	81	Port Input	14	1466724	2062	1
S1015022	81	Port Input	15	1466724	2062	1
S1015022	81	Port Input	14	1466724	2062	1
S1015022	81	Port Input	15	1466725	2062	1
S1015022	81	Port Input	14	1466725	2062	1
S1015022	81	Port Input	15	1466725	2062	1
S1015022	81	Port Input	14	1466725	2062	1
S1015022	81	Port Input	15	1466725	2063	1
S1015022	81	Port Input	14	1466725	2063	1
S1015022	81	Port Input	15	1466726	2064	1
S1015022	81	Port Input	14	1466726	2064	1
S1015022	81	Port Input	15	1466726	2064	1
S1015022	81	Port Input	14	1466726	2064	1
S1015022	81	Port Input	15	1466727	2064	1
S1015022	81	Port Input	14	1466727	2064	1
S1015022	81	Port Input	15	1466732	2070	1
S1015022	81	Port Input	14	1466732	2070	1
S1015022	81	Port Input	15	1466734	2071	1
S1015022	81	Port Input	14	1466734	2071	1
S1015022	81	Port Input	15	1466734	2071	1
S1015022	81	Port Input	14	1466734	2071	1
S1015022	81	Port Input	15	1466734	2072	1
S1015022	81	Port Input	14	1466734	2072	1
S1015022	81	Port Input	15	1466735	2073	1
S1015022	81	Port Input	14	1466735	2073	1
S1015022	81	Port Input	15	1466735	2073	1
S1015022	81	Port Input	14	1466735	2073	1
S1015022	81	Port Input	15	1466735	2073	1
S1015022	81	Port Input	14	1466735	2073	1
S1015022	81	Port Input	15	1466736	2074	1
S1015022	81	Port Input	14	1466736	2074	1
S1015022	81	Port Input	15	1466737	2075	1
S1015022	81	Port Input	14	1466737	2075	1
S1015022	81	Port Input	15	1466737	2075	1
S1015022	81	Port Input	14	1466737	2075	1
S1015022	81	Port Input	15	1466738	2075	1
S1015022	81	Port Input	14	1466738	2075	1
S1015022	81	Port Input	15	1466738	2076	1
S1015022	81	Port Input	14	1466738	2076	1
S1015022	81	Port Input	15	1466741	2079	1
S1015022	81	Port Input	14	1466741	2079	1
S1015022	81	Port Input	15	1466742	2080	1
S1015022	81	Port Input	14	1466742	2080	1
S1015022	81	Port Input	15	1466746	2084	1
S1015022	81	Port Input	14	1466746	2084	1
S1015022	81	Port Input	15	1466747	2084	1
S1015022	81	Port Input	14	1466747	2084	1
S1015022	81	Port Input	15	1466747	2085	1
S1015022	81	Port Input	14	1466747	2085	1
S1015022	81	Port Input	15	1466747	2085	1
S1015022	81	Port Input	14	1466747	2085	1
S1015022	81	Port Input	15	1466747	2085	1
S1015022	81	Port Input	14	1466747	2085	1
S1015022	81	Port Input	15	1466748	2086	1
S1015022	81	Port Input	14	1466748	2086	1
S1015022	81	Port Input	15	1466748	2086	1
S1015022	81	Port Input	14	1466748	2086	1
S1015022	81	Port Input	15	1466748	2086	1
S1015022	81	Port Input	14	1466748	2086	1
S1015022	81	Port Input	15	1466748	2086	1
S1015022	81	Port Input	14	1466749	2086	1
S1015022	81	Port Input	15	1466752	2090	1
S1015022	81	Port Input	14	1466752	2090	1
S1015022	81	Port Input	15	1466755	2093	1
S1015022	81	Port Input	14	1466755	2093	1
S1015022	81	Port Input	15	1466755	2093	1
S1015022	81	Port Input	14	1466755	2093	1
S1015022	81	Port Input	15	1467216	2554	1
S1015022	81	Port Input	14	1467216	2554	1
S1015022	81	Port Input	15	1467217	2554	1
S1015022	81	Port Input	14	1467217	2554	1
S1015022	81	Port Input	15	1467217	2554	1
S1015022	81	Port Input	14	1481648	16986	1
S1015022	81	Response	22	1481648	16986	1
S1015022	81	Port Input	15	1481648	16986	1
S1015022	81	Port Input	14	1481649	16986	1
S1015022	82	Picture	20	1481676	0	1	18124	1	0	next	hit	1844
S1015022	82	Port Input	15	1481702	26	1
S1015022	82	Port Input	14	1481702	26	1
S1015022	82	Port Input	15	1481704	28	1
S1015022	82	Port Input	14	1481704	28	1
S1015022	82	Port Input	15	1481704	29	1
S1015022	82	Port Input	14	1481704	29	1
S1015022	82	Port Input	15	1481704	29	1
S1015022	82	Port Input	14	1481705	29	1
S1015022	82	Port Input	15	1481705	29	1
S1015022	82	Port Input	14	1481705	29	1
S1015022	82	Port Input	15	1481705	29	1
S1015022	82	Port Input	14	1481705	29	1
S1015022	82	Port Input	15	1481705	30	1
S1015022	82	Port Input	14	1481705	30	1
S1015022	82	Port Input	15	1481705	30	1
S1015022	82	Port Input	14	1481705	30	1
S1015022	82	Port Input	15	1481705	30	1
S1015022	82	Port Input	14	1481705	30	1
S1015022	82	Port Input	15	1481706	30	1
S1015022	82	Port Input	14	1481706	30	1
S1015022	82	Port Input	15	1481706	30	1
S1015022	82	Port Input	14	1481706	30	1
S1015022	82	Port Input	15	1481706	30	1
S1015022	82	Port Input	14	1481706	31	1
S1015022	82	Port Input	15	1481706	31	1
S1015022	82	Port Input	14	1481706	31	1
S1015022	82	Port Input	15	1481707	31	1
S1015022	82	Port Input	14	1481707	32	1
S1015022	82	Port Input	15	1481708	33	1
S1015022	82	Port Input	14	1481708	33	1
S1015022	82	Port Input	15	1481708	33	1
S1015022	82	Port Input	14	1481708	33	1
S1015022	82	Port Input	15	1481709	33	1
S1015022	82	Port Input	14	1481709	33	1
S1015022	82	Port Input	15	1481709	33	1
S1015022	82	Port Input	14	1481709	33	1
S1015022	82	Port Input	15	1481709	34	1
S1015022	82	Port Input	14	1481710	34	1
S1015022	82	Port Input	15	1481710	34	1
S1015022	82	Port Input	14	1481710	34	1
S1015022	82	Port Input	15	1481710	35	1
S1015022	82	Port Input	14	1481710	35	1
S1015022	82	Port Input	15	1481710	35	1
S1015022	82	Port Input	14	1481710	35	1
S1015022	82	Port Input	15	1481711	35	1
S1015022	82	Port Input	14	1481711	35	1
S1015022	82	Port Input	15	1481711	35	1
S1015022	82	Port Input	14	1481711	35	1
S1015022	82	Port Input	15	1481711	36	1
S1015022	82	Port Input	14	1481711	36	1
S1015022	82	Port Input	15	1481711	36	1
S1015022	82	Port Input	14	1481712	36	1
S1015022	82	Port Input	15	1481712	36	1
S1015022	82	Port Input	14	1481712	37	1
S1015022	82	Port Input	15	1481712	37	1
S1015022	82	Port Input	14	1481712	37	1
S1015022	82	Port Input	15	1481712	37	1
S1015022	82	Port Input	14	1481713	37	1
S1015022	82	Port Input	15	1481713	37	1
S1015022	82	Port Input	14	1481713	37	1
S1015022	82	Port Input	15	1481713	37	1
S1015022	82	Port Input	14	1481713	38	1
S1015022	82	Port Input	15	1481713	38	1
S1015022	82	Port Input	14	1481713	38	1
S1015022	82	Port Input	15	1481713	38	1
S1015022	82	Port Input	14	1481713	38	1
S1015022	82	Port Input	15	1481714	38	1
S1015022	82	Port Input	14	1481714	38	1
S1015022	82	Port Input	15	1481714	38	1
S1015022	82	Port Input	14	1481714	38	1
S1015022	82	Port Input	15	1481714	39	1
S1015022	82	Port Input	14	1481714	39	1
S1015022	82	Port Input	15	1481714	39	1
S1015022	82	Port Input	14	1481714	39	1
S1015022	82	Port Input	15	1481715	39	1
S1015022	82	Port Input	14	1481715	39	1
S1015022	82	Port Input	15	1481715	39	1
S1015022	82	Port Input	14	1481715	39	1
S1015022	82	Port Input	15	1481715	40	1
S1015022	82	Port Input	14	1481715	40	1
S1015022	82	Port Input	15	1481715	40	1
S1015022	82	Port Input	14	1481715	40	1
S1015022	82	Port Input	15	1481715	40	1
S1015022	82	Port Input	14	1481716	40	1
S1015022	82	Port Input	15	1481716	40	1
S1015022	82	Port Input	14	1481716	40	1
S1015022	82	Port Input	15	1481716	40	1
S1015022	82	Port Input	14	1481716	40	1
S1015022	82	Port Input	15	1481716	41	1
S1015022	82	Port Input	14	1481716	41	1
S1015022	82	Port Input	15	1481716	41	1
S1015022	82	Port Input	14	1481716	41	1
S1015022	82	Port Input	15	1481716	41	1
S1015022	82	Port Input	14	1481716	41	1
S1015022	82	Port Input	15	1481717	41	1
S1015022	82	Port Input	14	1481717	41	1
S1015022	82	Port Input	15	1481717	41	1
S1015022	82	Port Input	14	1481717	41	1
S1015022	82	Port Input	15	1481717	42	1
S1015022	82	Port Input	14	1481717	42	1
S1015022	82	Port Input	15	1481717	42	1
S1015022	82	Port Input	14	1481717	42	1
S1015022	82	Port Input	15	1481718	42	1
S1015022	82	Port Input	14	1481718	42	1
S1015022	82	Port Input	15	1481718	42	1
S1015022	82	Port Input	14	1481718	42	1
S1015022	82	Port Input	15	1481718	43	1
S1015022	82	Port Input	14	1481718	43	1
S1015022	82	Port Input	15	1481718	43	1
S1015022	82	Port Input	14	1481718	43	1
S1015022	82	Port Input	15	1481719	43	1
S1015022	82	Port Input	14	1481719	43	1
S1015022	82	Port Input	15	1481720	45	1
S1015022	82	Port Input	14	1481720	45	1
S1015022	82	Port Input	15	1481720	45	1
S1015022	82	Port Input	14	1481721	45	1
S1015022	82	Port Input	15	1481721	46	1
S1015022	82	Port Input	14	1481722	46	1
S1015022	82	Port Input	15	1484063	2388	1
S1015022	82	Port Input	14	1484063	2388	1
S1015022	82	Port Input	15	1484063	2388	1
S1015022	82	Port Input	14	1484063	2388	1
S1015022	82	Port Input	15	1484064	2388	1
S1015022	82	Port Input	14	1484064	2388	1
S1015022	82	Port Input	15	1484064	2388	1
S1015022	82	Port Input	14	1484064	2388	1
S1015022	82	Port Input	15	1484096	2420	1
S1015022	82	Port Input	14	1484096	2420	1
S1015022	82	Port Input	15	1484096	2420	1
S1015022	82	Port Input	14	1484096	2421	1
S1015022	82	Port Input	15	1484096	2421	1
S1015022	82	Port Input	14	1484096	2421	1
S1015022	82	Port Input	15	1484097	2421	1
S1015022	82	Port Input	14	1499789	18114	1
S1015022	82	Response	22	1499789	18114	1
S1015022	82	Port Input	15	1499789	18114	1
S1015022	82	Port Input	14	1499790	18114	1
S1015022	83	Picture	20	1499800	0	1	16944	1	0	next	hit	1876
S1015022	83	Port Input	15	1499831	32	1
S1015022	83	Port Input	14	1499831	32	1
S1015022	83	Port Input	15	1499833	33	1
S1015022	83	Port Input	14	1499833	33	1
S1015022	83	Port Input	15	1499834	34	1
S1015022	83	Port Input	14	1499834	34	1
S1015022	83	Port Input	15	1499834	34	1
S1015022	83	Port Input	14	1499834	34	1
S1015022	83	Port Input	15	1499834	35	1
S1015022	83	Port Input	14	1499834	35	1
S1015022	83	Port Input	15	1499834	35	1
S1015022	83	Port Input	14	1499834	35	1
S1015022	83	Port Input	15	1499834	35	1
S1015022	83	Port Input	14	1499835	35	1
S1015022	83	Port Input	15	1499835	35	1
S1015022	83	Port Input	14	1499835	35	1
S1015022	83	Port Input	15	1499835	35	1
S1015022	83	Port Input	14	1499835	35	1
S1015022	83	Port Input	15	1499835	35	1
S1015022	83	Port Input	14	1499835	35	1
S1015022	83	Port Input	15	1499835	35	1
S1015022	83	Port Input	14	1499835	35	1
S1015022	83	Port Input	15	1499836	36	1
S1015022	83	Port Input	14	1499836	36	1
S1015022	83	Port Input	15	1502192	2392	1
S1015022	83	Port Input	14	1502192	2392	1
S1015022	83	Port Input	15	1502192	2392	1
S1015022	83	Port Input	14	1516715	16916	1
S1015022	83	Response	22	1516715	16916	1
S1015022	84	Picture	20	1516744	0	1	16597	1	0	next	hit	1882
S1015022	84	Port Input	15	1519129	2385	1
S1015022	84	Port Input	14	1519129	2385	1
S1015022	84	Port Input	15	1519129	2385	1
S1015022	84	Port Input	14	1533288	16544	1
S1015022	84	Response	22	1533288	16544	1
S1015022	85	Picture	20	1533340	0	1	17846	1	0	next	hit	1978
S1015022	85	Port Input	15	1533353	13	1
S1015022	85	Port Input	14	1533353	13	1
S1015022	85	Port Input	15	1533354	14	1
S1015022	85	Port Input	14	1533354	14	1
S1015022	85	Port Input	15	1535241	1901	1
S1015022	85	Port Input	14	1535241	1901	1
S1015022	85	Port Input	15	1535242	1902	1
S1015022	85	Port Input	14	1535242	1902	1
S1015022	85	Port Input	15	1535242	1902	1
S1015022	85	Port Input	14	1535242	1902	1
S1015022	85	Port Input	15	1535244	1903	1
S1015022	85	Port Input	14	1535244	1903	1
S1015022	85	Port Input	15	1535244	1904	1
S1015022	85	Port Input	14	1535244	1904	1
S1015022	85	Port Input	15	1535244	1904	1
S1015022	85	Port Input	14	1535244	1904	1
S1015022	85	Port Input	15	1535245	1905	1
S1015022	85	Port Input	14	1535245	1905	1
S1015022	85	Port Input	15	1535245	1905	1
S1015022	85	Port Input	14	1535245	1905	1
S1015022	85	Port Input	15	1535245	1905	1
S1015022	85	Port Input	14	1535245	1905	1
S1015022	85	Port Input	15	1535246	1906	1
S1015022	85	Port Input	14	1535246	1906	1
S1015022	85	Port Input	15	1535247	1907	1
S1015022	85	Port Input	14	1535247	1907	1
S1015022	85	Port Input	15	1535247	1907	1
S1015022	85	Port Input	14	1535247	1907	1
S1015022	85	Port Input	15	1535247	1907	1
S1015022	85	Port Input	14	1535247	1907	1
S1015022	85	Port Input	15	1535247	1907	1
S1015022	85	Port Input	14	1535247	1907	1
S1015022	85	Port Input	15	1535249	1909	1
S1015022	85	Port Input	14	1535249	1909	1
S1015022	85	Port Input	15	1535250	1910	1
S1015022	85	Port Input	14	1535250	1910	1
S1015022	85	Port Input	15	1535250	1910	1
S1015022	85	Port Input	14	1535250	1910	1
S1015022	85	Port Input	15	1535250	1910	1
S1015022	85	Port Input	14	1535250	1910	1
S1015022	85	Port Input	15	1535251	1911	1
S1015022	85	Port Input	14	1535251	1911	1
S1015022	85	Port Input	15	1535253	1913	1
S1015022	85	Port Input	14	1535253	1913	1
S1015022	85	Port Input	15	1535253	1913	1
S1015022	85	Port Input	14	1535253	1913	1
S1015022	85	Port Input	15	1535254	1914	1
S1015022	85	Port Input	14	1535254	1914	1
S1015022	85	Port Input	15	1535254	1914	1
S1015022	85	Port Input	14	1535254	1914	1
S1015022	85	Port Input	15	1535254	1914	1
S1015022	85	Port Input	14	1535254	1914	1
S1015022	85	Port Input	15	1535255	1915	1
S1015022	85	Port Input	14	1535255	1915	1
S1015022	85	Port Input	15	1535255	1915	1
S1015022	85	Port Input	14	1535255	1915	1
S1015022	85	Port Input	15	1535255	1915	1
S1015022	85	Port Input	14	1535255	1915	1
S1015022	85	Port Input	15	1535255	1915	1
S1015022	85	Port Input	14	1535256	1915	1
S1015022	85	Port Input	15	1535256	1916	1
S1015022	85	Port Input	14	1535256	1916	1
S1015022	85	Port Input	15	1535256	1916	1
S1015022	85	Port Input	14	1535256	1916	1
S1015022	85	Port Input	15	1535256	1916	1
S1015022	85	Port Input	14	1535256	1916	1
S1015022	85	Port Input	15	1535257	1916	1
S1015022	85	Port Input	14	1535257	1916	1
S1015022	85	Port Input	15	1535257	1917	1
S1015022	85	Port Input	14	1535257	1917	1
S1015022	85	Port Input	15	1535267	1927	1
S1015022	85	Port Input	14	1535267	1927	1
S1015022	85	Port Input	15	1535267	1927	1
S1015022	85	Port Input	14	1535267	1927	1
S1015022	85	Port Input	15	1535291	1951	1
S1015022	85	Port Input	14	1535291	1951	1
S1015022	85	Port Input	15	1535291	1951	1
S1015022	85	Port Input	14	1535291	1951	1
S1015022	85	Port Input	15	1535293	1953	1
S1015022	85	Port Input	14	1535293	1953	1
S1015022	85	Port Input	15	1535294	1954	1
S1015022	85	Port Input	14	1535294	1954	1
S1015022	85	Port Input	15	1535295	1955	1
S1015022	85	Port Input	14	1535295	1955	1
S1015022	85	Port Input	15	1535296	1956	1
S1015022	85	Port Input	14	1535296	1956	1
S1015022	85	Port Input	15	1535296	1956	1
S1015022	85	Port Input	14	1535296	1956	1
S1015022	85	Port Input	15	1535297	1957	1
S1015022	85	Port Input	14	1535297	1957	1
S1015022	85	Port Input	15	1535297	1957	1
S1015022	85	Port Input	14	1535297	1957	1
S1015022	85	Port Input	15	1535298	1957	1
S1015022	85	Port Input	14	1551154	17814	1
S1015022	85	Response	22	1551154	17814	1
S1015022	86	Picture	20	1551187	0	1	17083	1	0	next	hit	1984
S1015022	86	Port Input	15	1553260	2074	1
S1015022	86	Port Input	14	1553261	2074	1
S1015022	86	Port Input	15	1553261	2074	1
S1015022	86	Port Input	14	1568237	17051	1
S1015022	86	Response	22	1568237	17051	1
S1015022	87	Picture	20	1568269	0	1	17013	1	0	next	hit	2060
S1015022	87	Port Input	15	1568290	21	1
S1015022	87	Port Input	14	1568290	21	1
S1015022	87	Port Input	15	1568291	21	1
S1015022	87	Port Input	14	1568291	21	1
S1015022	87	Port Input	15	1568291	22	1
S1015022	87	Port Input	14	1568291	22	1
S1015022	87	Port Input	15	1568291	22	1
S1015022	87	Port Input	14	1568291	22	1
S1015022	87	Port Input	15	1568291	22	1
S1015022	87	Port Input	14	1568291	22	1
S1015022	87	Port Input	15	1568292	22	1
S1015022	87	Port Input	14	1568292	22	1
S1015022	87	Port Input	15	1568292	23	1
S1015022	87	Port Input	14	1568292	23	1
S1015022	87	Port Input	15	1568293	24	1
S1015022	87	Port Input	14	1568293	24	1
S1015022	87	Port Input	15	1568293	24	1
S1015022	87	Port Input	14	1568293	24	1
S1015022	87	Port Input	15	1568294	24	1
S1015022	87	Port Input	14	1568294	24	1
S1015022	87	Port Input	15	1568294	24	1
S1015022	87	Port Input	14	1568294	24	1
S1015022	87	Port Input	15	1568294	25	1
S1015022	87	Port Input	14	1568294	25	1
S1015022	87	Port Input	15	1568294	25	1
S1015022	87	Port Input	14	1568294	25	1
S1015022	87	Port Input	15	1568295	26	1
S1015022	87	Port Input	14	1568295	26	1
S1015022	87	Port Input	15	1568295	26	1
S1015022	87	Port Input	14	1568295	26	1
S1015022	87	Port Input	15	1568295	26	1
S1015022	87	Port Input	14	1568295	26	1
S1015022	87	Port Input	15	1568295	26	1
S1015022	87	Port Input	14	1568295	26	1
S1015022	87	Port Input	15	1568296	26	1
S1015022	87	Port Input	14	1568296	26	1
S1015022	87	Port Input	15	1568296	27	1
S1015022	87	Port Input	14	1568296	27	1
S1015022	87	Port Input	15	1568296	27	1
S1015022	87	Port Input	14	1568296	27	1
S1015022	87	Port Input	15	1568296	27	1
S1015022	87	Port Input	14	1568296	27	1
S1015022	87	Port Input	15	1568297	27	1
S1015022	87	Port Input	14	1568297	27	1
S1015022	87	Port Input	15	1568297	28	1
S1015022	87	Port Input	14	1568297	28	1
S1015022	87	Port Input	15	1568298	29	1
S1015022	87	Port Input	14	1568298	29	1
S1015022	87	Port Input	15	1568302	33	1
S1015022	87	Port Input	14	1568302	33	1
S1015022	87	Port Input	15	1568302	33	1
S1015022	87	Port Input	14	1568302	33	1
S1015022	87	Port Input	15	1568303	34	1
S1015022	87	Port Input	14	1568303	34	1
S1015022	87	Port Input	15	1568305	36	1
S1015022	87	Port Input	14	1568305	36	1
S1015022	87	Port Input	15	1568307	38	1
S1015022	87	Port Input	14	1568307	38	1
S1015022	87	Port Input	15	1568308	39	1
S1015022	87	Port Input	14	1568308	39	1
S1015022	87	Port Input	15	1568308	39	1
S1015022	87	Port Input	14	1568308	39	1
S1015022	87	Port Input	15	1568308	39	1
S1015022	87	Port Input	14	1568308	39	1
S1015022	87	Port Input	15	1568309	40	1
S1015022	87	Port Input	14	1568309	40	1
S1015022	87	Port Input	15	1568309	40	1
S1015022	87	Port Input	14	1568309	40	1
S1015022	87	Port Input	15	1568309	40	1
S1015022	87	Port Input	14	1568309	40	1
S1015022	87	Port Input	15	1570750	2480	1
S1015022	87	Port Input	14	1570750	2480	1
S1015022	87	Port Input	15	1570804	2534	1
S1015022	87	Port Input	14	1585231	16962	1
S1015022	87	Response	22	1585231	16962	1
S1015022	88	Picture	20	1585282	0	1	15833	1	0	next	hit	2256
S1015022	88	Port Input	15	1585294	12	1
S1015022	88	Port Input	14	1585294	12	1
S1015022	88	Port Input	15	1585294	12	1
S1015022	88	Port Input	14	1585294	12	1
S1015022	88	Port Input	15	1585295	12	1
S1015022	88	Port Input	14	1585295	12	1
S1015022	88	Port Input	15	1585295	13	1
S1015022	88	Port Input	14	1585295	13	1
S1015022	88	Port Input	15	1585296	14	1
S1015022	88	Port Input	14	1585296	14	1
S1015022	88	Port Input	15	1585296	14	1
S1015022	88	Port Input	14	1585296	14	1
S1015022	88	Port Input	15	1585297	15	1
S1015022	88	Port Input	14	1585297	15	1
S1015022	88	Port Input	15	1585299	17	1
S1015022	88	Port Input	14	1585300	17	1
S1015022	88	Port Input	15	1585300	18	1
S1015022	88	Port Input	14	1585300	18	1
S1015022	88	Port Input	15	1585300	18	1
S1015022	88	Port Input	14	1585300	18	1
S1015022	88	Port Input	15	1585300	18	1
S1015022	88	Port Input	14	1585300	18	1
S1015022	88	Port Input	15	1585300	18	1
S1015022	88	Port Input	14	1585300	18	1
S1015022	88	Port Input	15	1585301	18	1
S1015022	88	Port Input	14	1585301	18	1
S1015022	88	Port Input	15	1585301	18	1
S1015022	88	Port Input	14	1585301	18	1
S1015022	88	Port Input	15	1585301	19	1
S1015022	88	Port Input	14	1585301	19	1
S1015022	88	Port Input	15	1585301	19	1
S1015022	88	Port Input	14	1585301	19	1
S1015022	88	Port Input	15	1585302	19	1
S1015022	88	Port Input	14	1585302	19	1
S1015022	88	Port Input	15	1585302	19	1
S1015022	88	Port Input	14	1585302	19	1
S1015022	88	Port Input	15	1585302	19	1
S1015022	88	Port Input	14	1585302	20	1
S1015022	88	Port Input	15	1585302	20	1
S1015022	88	Port Input	14	1585302	20	1
S1015022	88	Port Input	15	1585302	20	1
S1015022	88	Port Input	14	1585303	20	1
S1015022	88	Port Input	15	1585303	20	1
S1015022	88	Port Input	14	1585303	20	1
S1015022	88	Port Input	15	1585303	21	1
S1015022	88	Port Input	14	1585303	21	1
S1015022	88	Port Input	15	1585304	21	1
S1015022	88	Port Input	14	1585304	21	1
S1015022	88	Port Input	15	1585304	22	1
S1015022	88	Port Input	14	1585304	22	1
S1015022	88	Port Input	15	1585304	22	1
S1015022	88	Port Input	14	1585305	22	1
S1015022	88	Port Input	15	1585305	22	1
S1015022	88	Port Input	14	1585305	22	1
S1015022	88	Port Input	15	1585305	23	1
S1015022	88	Port Input	14	1585305	23	1
S1015022	88	Port Input	15	1585306	24	1
S1015022	88	Port Input	14	1585306	24	1
S1015022	88	Port Input	15	1585306	24	1
S1015022	88	Port Input	14	1585306	24	1
S1015022	88	Port Input	15	1585306	24	1
S1015022	88	Port Input	14	1585307	24	1
S1015022	88	Port Input	15	1585308	25	1
S1015022	88	Port Input	14	1585308	25	1
S1015022	88	Port Input	15	1585309	26	1
S1015022	88	Port Input	14	1585309	26	1
S1015022	88	Port Input	15	1585309	27	1
S1015022	88	Port Input	14	1585309	27	1
S1015022	88	Port Input	15	1585310	27	1
S1015022	88	Port Input	14	1585310	27	1
S1015022	88	Port Input	15	1585310	27	1
S1015022	88	Port Input	14	1585310	27	1
S1015022	88	Port Input	15	1585310	28	1
S1015022	88	Port Input	14	1585310	28	1
S1015022	88	Port Input	15	1585310	28	1
S1015022	88	Port Input	14	1585310	28	1
S1015022	88	Port Input	15	1585310	28	1
S1015022	88	Port Input	14	1585310	28	1
S1015022	88	Port Input	15	1585311	28	1
S1015022	88	Port Input	14	1585311	28	1
S1015022	88	Port Input	15	1585312	29	1
S1015022	88	Port Input	14	1585312	29	1
S1015022	88	Port Input	15	1585312	30	1
S1015022	88	Port Input	14	1585313	30	1
S1015022	88	Port Input	15	1585313	30	1
S1015022	88	Port Input	14	1585313	30	1
S1015022	88	Port Input	15	1585313	31	1
S1015022	88	Port Input	14	1585313	31	1
S1015022	88	Port Input	15	1585314	31	1
S1015022	88	Port Input	14	1585314	31	1
S1015022	88	Port Input	15	1585314	32	1
S1015022	88	Port Input	14	1585314	32	1
S1015022	88	Port Input	15	1585314	32	1
S1015022	88	Port Input	14	1585314	32	1
S1015022	88	Port Input	15	1587546	2264	1
S1015022	88	Port Input	14	1587546	2264	1
S1015022	88	Port Input	15	1587548	2265	1
S1015022	88	Port Input	14	1587548	2265	1
S1015022	88	Port Input	15	1587548	2266	1
S1015022	88	Port Input	14	1587548	2266	1
S1015022	88	Port Input	15	1587549	2266	1
S1015022	88	Port Input	14	1587549	2266	1
S1015022	88	Port Input	15	1587549	2267	1
S1015022	88	Port Input	14	1587549	2267	1
S1015022	88	Port Input	15	1587550	2267	1
S1015022	88	Port Input	14	1587550	2267	1
S1015022	88	Port Input	15	1587550	2268	1
S1015022	88	Port Input	14	1587550	2268	1
S1015022	88	Port Input	15	1587550	2268	1
S1015022	88	Port Input	14	1587550	2268	1
S1015022	88	Port Input	15	1587550	2268	1
S1015022	88	Port Input	14	1587550	2268	1
S1015022	88	Port Input	15	1587551	2268	1
S1015022	88	Port Input	14	1587551	2268	1
S1015022	88	Port Input	15	1587551	2268	1
S1015022	88	Port Input	14	1587551	2269	1
S1015022	88	Port Input	15	1587552	2269	1
S1015022	88	Port Input	14	1587552	2269	1
S1015022	88	Port Input	15	1587553	2271	1
S1015022	88	Port Input	14	1587553	2271	1
S1015022	88	Port Input	15	1587554	2271	1
S1015022	88	Port Input	14	1587554	2271	1
S1015022	88	Port Input	15	1587554	2271	1
S1015022	88	Port Input	14	1587554	2272	1
S1015022	88	Port Input	15	1587554	2272	1
S1015022	88	Port Input	14	1587555	2272	1
S1015022	88	Port Input	15	1587555	2272	1
S1015022	88	Port Input	14	1587555	2272	1
S1015022	88	Port Input	15	1587555	2272	1
S1015022	88	Port Input	14	1587555	2273	1
S1015022	88	Port Input	15	1587555	2273	1
S1015022	88	Port Input	14	1587555	2273	1
S1015022	88	Port Input	15	1587556	2273	1
S1015022	88	Port Input	14	1587556	2273	1
S1015022	88	Port Input	15	1587556	2274	1
S1015022	88	Port Input	14	1587556	2274	1
S1015022	88	Port Input	15	1587556	2274	1
S1015022	88	Port Input	14	1587556	2274	1
S1015022	88	Port Input	15	1587557	2274	1
S1015022	88	Port Input	14	1587557	2274	1
S1015022	88	Port Input	15	1587557	2275	1
S1015022	88	Port Input	14	1587557	2275	1
S1015022	88	Port Input	15	1587557	2275	1
S1015022	88	Port Input	14	1587557	2275	1
S1015022	88	Port Input	15	1587558	2275	1
S1015022	88	Port Input	14	1587558	2275	1
S1015022	88	Port Input	15	1587558	2275	1
S1015022	88	Port Input	14	1587558	2275	1
S1015022	88	Port Input	15	1587559	2277	1
S1015022	88	Port Input	14	1587559	2277	1
S1015022	88	Port Input	15	1587561	2278	1
S1015022	88	Port Input	14	1587561	2278	1
S1015022	88	Port Input	15	1587561	2279	1
S1015022	88	Port Input	14	1587561	2279	1
S1015022	88	Port Input	15	1587562	2279	1
S1015022	88	Port Input	14	1587562	2279	1
S1015022	88	Port Input	15	1587563	2280	1
S1015022	88	Port Input	14	1587563	2280	1
S1015022	88	Port Input	15	1587563	2280	1
S1015022	88	Port Input	14	1587563	2280	1
S1015022	88	Port Input	15	1587563	2281	1
S1015022	88	Port Input	14	1587563	2281	1
S1015022	88	Port Input	15	1587564	2281	1
S1015022	88	Port Input	14	1587564	2281	1
S1015022	88	Port Input	15	1587564	2281	1
S1015022	88	Port Input	14	1587564	2281	1
S1015022	88	Port Input	15	1587564	2282	1
S1015022	88	Port Input	14	1587564	2282	1
S1015022	88	Port Input	15	1587564	2282	1
S1015022	88	Port Input	14	1587564	2282	1
S1015022	88	Port Input	15	1587564	2282	1
S1015022	88	Port Input	14	1587564	2282	1
S1015022	88	Port Input	15	1587565	2282	1
S1015022	88	Port Input	14	1587565	2282	1
S1015022	88	Port Input	15	1587565	2283	1
S1015022	88	Port Input	14	1587565	2283	1
S1015022	88	Port Input	15	1587565	2283	1
S1015022	88	Port Input	14	1587565	2283	1
S1015022	88	Port Input	15	1587565	2283	1
S1015022	88	Port Input	14	1587565	2283	1
S1015022	88	Port Input	15	1587566	2283	1
S1015022	88	Port Input	14	1587566	2283	1
S1015022	88	Port Input	15	1587604	2322	1
S1015022	88	Port Input	14	1587604	2322	1
S1015022	88	Port Input	15	1587605	2322	1
S1015022	88	Port Input	14	1587605	2322	1
S1015022	88	Port Input	15	1587608	2325	1
S1015022	88	Port Input	14	1587608	2325	1
S1015022	88	Port Input	15	1587608	2326	1
S1015022	88	Port Input	14	1587609	2326	1
S1015022	88	Port Input	15	1587609	2326	1
S1015022	88	Port Input	14	1587609	2327	1
S1015022	88	Port Input	15	1587610	2327	1
S1015022	88	Port Input	14	1601047	15764	1
S1015022	88	Response	22	1601047	15764	1
S1015022	89	Picture	20	1601115	0	1	18819	1	0	next	hit	2260
S1015022	89	Port Input	15	1603461	2346	1
S1015022	89	Port Input	14	1619859	18744	1
S1015022	89	Response	22	1619859	18744	1
S1015022	90	Picture	20	1619934	0	1	16735	1	0	next	hit	2264
S1015022	90	Port Input	15	1622255	2321	1
S1015022	90	Port Input	14	1636631	16697	1
S1015022	90	Response	22	1636631	16697	1
S1015022	91	Picture	20	1636669	0	1	17083	1	0	next	hit	2286
S1015022	91	Port Input	15	1636715	46	1
S1015022	91	Port Input	14	1636715	46	1
S1015022	91	Port Input	15	1636716	47	1
S1015022	91	Port Input	14	1636716	47	1
S1015022	91	Port Input	15	1636716	47	1
S1015022	91	Port Input	14	1636716	47	1
S1015022	91	Port Input	15	1636718	48	1
S1015022	91	Port Input	14	1636718	48	1
S1015022	91	Port Input	15	1638956	2287	1
S1015022	91	Port Input	14	1638956	2287	1
S1015022	91	Port Input	15	1638956	2287	1
S1015022	91	Port Input	14	1638956	2287	1
S1015022	91	Port Input	15	1638956	2287	1
S1015022	91	Port Input	14	1638956	2287	1
S1015022	91	Port Input	15	1638957	2287	1
S1015022	91	Port Input	14	1638957	2287	1
S1015022	91	Port Input	15	1638957	2288	1
S1015022	91	Port Input	14	1638957	2288	1
S1015022	91	Port Input	15	1638957	2288	1
S1015022	91	Port Input	14	1653699	17030	1
S1015022	91	Response	22	1653699	17030	1
S1015022	92	Picture	20	1653752	0	1	17708	1	0	next	hit	2292
S1015022	92	Port Input	15	1656159	2407	1
S1015022	92	Port Input	14	1656159	2407	1
S1015022	92	Port Input	15	1656159	2407	1
S1015022	92	Port Input	14	1671386	17634	1
S1015022	92	Response	22	1671386	17634	1
S1015022	93	Picture	20	1671459	0	1	16319	1	0	next	hit	2296
S1015022	93	Port Input	15	1673613	2153	1
S1015022	93	Port Input	14	1687752	16293	1
S1015022	93	Response	22	1687752	16293	1
S1015022	93	Port Input	15	1687753	16293	1
S1015022	93	Port Input	14	1687753	16294	84
S1015022	94	Picture	20	1687778	0	1	17360	1	0	next	hit	2306
S1015022	94	Port Input	15	1687837	59	1
S1015022	94	Port Input	14	1687837	59	1
S1015022	94	Port Input	15	1687838	59	1
S1015022	94	Port Input	14	1687838	59	1
S1015022	94	Port Input	15	1689927	2149	1
S1015022	94	Port Input	14	1705125	17347	1
S1015022	94	Response	22	1705125	17347	1
S1015022	95	Picture	20	1705139	0	1	17152	1	0	next	hit	2314
S1015022	95	Port Input	15	1707151	2012	1
S1015022	95	Port Input	14	1707151	2013	1
S1015022	95	Port Input	15	1707151	2013	1
S1015022	95	Port Input	14	1707151	2013	1
S1015022	95	Port Input	15	1707152	2013	1
S1015022	95	Port Input	14	1722241	17103	1
S1015022	95	Response	22	1722241	17103	1
S1015022	96	Picture	20	1722291	0	1	18055	1	0	next	hit	2320
S1015022	96	Port Input	15	1724787	2497	1
S1015022	96	Port Input	14	1724788	2497	1
S1015022	96	Port Input	15	1724788	2497	1
S1015022	96	Port Input	14	1740339	18048	1
S1015022	96	Response	22	1740339	18048	1
S1015022	97	Picture	20	1740346	0	1	17499	1	0	next	hit	2332
S1015022	97	Port Input	15	1742119	1774	1
S1015022	97	Port Input	14	1742119	1774	1
S1015022	97	Port Input	15	1742119	1774	1
S1015022	97	Port Input	14	1742120	1774	1
S1015022	97	Port Input	15	1742120	1774	1
S1015022	97	Port Input	14	1742120	1774	1
S1015022	97	Port Input	15	1742120	1774	1
S1015022	97	Port Input	14	1742120	1774	1
S1015022	97	Port Input	15	1742120	1774	1
S1015022	97	Port Input	14	1757802	17456	1
S1015022	97	Response	22	1757802	17456	1
S1015022	97	Port Input	15	1757802	17456	1
S1015022	97	Port Input	14	1757802	17457	1
S1015022	98	Picture	20	1757845	0	1	18055	1	0	next	hit	2340
S1015022	98	Port Input	15	1760433	2589	1
S1015022	98	Port Input	14	1760433	2589	1
S1015022	98	Port Input	15	1760434	2589	1
S1015022	98	Port Input	14	1775859	18014	1
S1015022	98	Response	22	1775859	18014	1
S1015022	99	Picture	20	1775900	0	1	18055	1	0	next	hit	2346
S1015022	99	Port Input	15	1778416	2516	1
S1015022	99	Port Input	14	1778416	2516	1
S1015022	99	Port Input	15	1778416	2517	1
S1015022	99	Port Input	14	1793903	18003	1
S1015022	99	Response	22	1793903	18003	1
S1015022	100	Picture	20	1793954	0	1	18402	1	0	next	hit	2354
S1015022	100	Port Input	15	1796319	2365	1
S1015022	100	Port Input	14	1796319	2365	1
S1015022	100	Port Input	15	1796320	2365	1
S1015022	100	Port Input	14	1796320	2365	1
S1015022	100	Port Input	15	1796320	2365	1
S1015022	100	Port Input	14	1812305	18350	1
S1015022	100	Response	22	1812305	18350	1
S1015022	100	Port Input	15	1812305	18350	1
S1015022	100	Port Input	14	1812305	18351	1
S1015022	101	Picture	20	1812357	0	1	17985	1	0	next	hit	2362
S1015022	101	Port Input	15	1815780	3423	1
S1015022	101	Port Input	14	1815780	3423	1
S1015022	101	Port Input	15	1815780	3424	1
S1015022	101	Port Input	14	1830331	17974	1
S1015022	101	Response	22	1830331	17974	1
S1015022	102	Picture	20	1830342	0	1	18749	1	0	next	hit	2370
S1015022	102	Port Input	15	1832860	2518	1
S1015022	102	Port Input	14	1832860	2518	1
S1015022	102	Port Input	15	1832860	2518	1
S1015022	102	Port Input	14	1832860	2518	1
S1015022	102	Port Input	15	1832860	2518	1
S1015022	102	Port Input	14	1848540	18199	1
S1015022	102	Response	22	1848540	18199	1
S1015022	103	Port Input	15	1850954	2363	1
