Scenario - Button
Logfile written - 06/23/2022 19:23:53

Subject	Trial	Event Type	Code	Time	TTime	Uncertainty	Duration	Uncertainty	ReqTime	ReqDur	Stim Type	Pair Index

S1012411	1	Picture	start	53	0	1	40554	1	0	next	other	0
S1012411	3	Picture	20	45121	0	1	1042	1	0	next	hit	4
S1012411	3	Port Input	14	46093	972	1
S1012411	3	Response	22	46093	972	1
S1012411	3	Port Input	15	46093	972	1
S1012411	3	Port Input	14	46094	973	4
S1012411	4	Picture	20	46163	0	1	9791	1	0	next	hit	14
S1012411	4	Port Input	15	49170	3007	1
S1012411	4	Port Input	14	49170	3007	1
S1012411	4	Port Input	15	49794	3631	1
S1012411	4	Port Input	14	49794	3631	1
S1012411	4	Port Input	15	49794	3632	1
S1012411	4	Port Input	14	55907	9744	1
S1012411	4	Response	22	55907	9744	1
S1012411	4	Port Input	15	55907	9745	1
S1012411	4	Port Input	14	55907	9745	2
S1012411	5	Picture	20	55954	0	1	11944	1	0	next	hit	38
S1012411	5	Port Input	15	55973	19	1
S1012411	5	Port Input	14	55973	19	1
S1012411	5	Port Input	15	55975	21	1
S1012411	5	Port Input	14	55975	21	1
S1012411	5	Port Input	15	58324	2370	1
S1012411	5	Port Input	14	58324	2370	1
S1012411	5	Port Input	15	58324	2370	1
S1012411	5	Port Input	14	58324	2370	1
S1012411	5	Port Input	15	58325	2371	1
S1012411	5	Port Input	14	58325	2371	1
S1012411	5	Port Input	15	58325	2371	1
S1012411	5	Port Input	14	58325	2371	1
S1012411	5	Port Input	15	58325	2371	1
S1012411	5	Port Input	14	58325	2371	1
S1012411	5	Port Input	15	58325	2371	1
S1012411	5	Port Input	14	58325	2371	1
S1012411	5	Port Input	15	58325	2372	1
S1012411	5	Port Input	14	58325	2372	1
S1012411	5	Port Input	15	58326	2372	1
S1012411	5	Port Input	14	67846	11893	1
S1012411	5	Response	22	67846	11893	1
S1012411	5	Port Input	15	67848	11894	4
S1012411	5	Port Input	14	67851	11897	1
S1012411	5	Port Input	15	67851	11897	1
S1012411	5	Port Input	14	67852	11898	1
S1012411	5	Port Input	15	67853	11899	1
S1012411	5	Port Input	14	67853	11899	1
S1012411	5	Port Input	15	67853	11900	1
S1012411	5	Port Input	14	67854	11900	1
S1012411	5	Port Input	15	67854	11900	1
S1012411	5	Port Input	14	67854	11900	1
S1012411	5	Port Input	15	67855	11901	1
S1012411	5	Port Input	14	67855	11901	1
S1012411	5	Port Input	15	67856	11902	1
S1012411	5	Port Input	14	67856	11902	1
S1012411	5	Port Input	15	67883	11929	1
S1012411	5	Port Input	14	67883	11930	1
S1012411	5	Port Input	15	67884	11930	1
S1012411	5	Port Input	14	67884	11930	1
S1012411	5	Port Input	15	67884	11930	1
S1012411	5	Port Input	14	67884	11930	1
S1012411	5	Port Input	15	67885	11931	1
S1012411	5	Port Input	14	67885	11931	1
S1012411	5	Port Input	15	67885	11931	1
S1012411	5	Port Input	14	67886	11932	1
S1012411	6	Picture	20	67898	0	1	10555	1	0	next	hit	70
S1012411	6	Port Input	15	70716	2818	1
S1012411	6	Port Input	14	70716	2818	1
S1012411	6	Port Input	15	70716	2818	1
S1012411	6	Port Input	14	70716	2818	1
S1012411	6	Port Input	15	70716	2818	1
S1012411	6	Port Input	14	78387	10489	1
S1012411	6	Response	22	78387	10489	1
S1012411	6	Port Input	15	78396	10499	1
S1012411	6	Port Input	14	78397	10499	1
S1012411	6	Port Input	15	78397	10499	1
S1012411	6	Port Input	14	78397	10499	1
S1012411	6	Port Input	15	78398	10500	1
S1012411	6	Port Input	14	78398	10500	1
S1012411	6	Port Input	15	78403	10505	1
S1012411	6	Port Input	14	78403	10506	1
S1012411	7	Picture	20	78453	0	1	11527	1	0	next	hit	88
S1012411	7	Port Input	15	81476	3023	1
S1012411	7	Port Input	14	81476	3023	1
S1012411	7	Port Input	15	81476	3023	1
S1012411	7	Port Input	14	81476	3023	1
S1012411	7	Port Input	15	81476	3023	1
S1012411	7	Port Input	14	81477	3023	1
S1012411	7	Port Input	15	81477	3024	1
S1012411	7	Port Input	14	89964	11511	1
S1012411	7	Response	22	89964	11511	1
S1012411	7	Port Input	15	89964	11511	1
S1012411	7	Port Input	14	89965	11512	1
S1012411	7	Port Input	15	89965	11512	4
S1012411	7	Port Input	14	89971	11518	1
S1012411	7	Port Input	15	89971	11518	1
S1012411	7	Port Input	14	89976	11522	1
S1012411	7	Port Input	15	89979	11525	1
S1012411	7	Port Input	14	89979	11525	1
S1012411	7	Port Input	15	89979	11526	1
S1012411	7	Port Input	14	89979	11526	1
S1012411	7	Port Input	15	89979	11526	1
S1012411	7	Port Input	14	89979	11526	1
S1012411	7	Port Input	15	89980	11527	1
S1012411	8	Picture	20	89981	0	1	12083	1	0	next	hit	170
S1012411	8	Port Input	14	89994	14	1
S1012411	8	Port Input	15	89994	14	1
S1012411	8	Port Input	14	89995	15	1
S1012411	8	Port Input	15	89996	15	1
S1012411	8	Port Input	14	89999	18	1
S1012411	8	Port Input	15	89999	19	1
S1012411	8	Port Input	14	89999	19	1
S1012411	8	Port Input	15	89999	19	1
S1012411	8	Port Input	14	89999	19	1
S1012411	8	Port Input	15	89999	19	1
S1012411	8	Port Input	14	89999	19	1
S1012411	8	Port Input	15	90000	19	1
S1012411	8	Port Input	14	90000	19	1
S1012411	8	Port Input	15	90000	19	1
S1012411	8	Port Input	14	90000	19	1
S1012411	8	Port Input	15	90000	19	1
S1012411	8	Port Input	14	90000	19	1
S1012411	8	Port Input	15	90000	19	1
S1012411	8	Port Input	14	90000	19	1
S1012411	8	Port Input	15	90000	20	1
S1012411	8	Port Input	14	90000	20	1
S1012411	8	Port Input	15	90000	20	1
S1012411	8	Port Input	14	90000	20	1
S1012411	8	Port Input	15	90001	20	1
S1012411	8	Port Input	14	90001	20	1
S1012411	8	Port Input	15	90001	20	1
S1012411	8	Port Input	14	90001	20	1
S1012411	8	Port Input	15	90001	21	1
S1012411	8	Port Input	14	90001	21	1
S1012411	8	Port Input	15	90001	21	1
S1012411	8	Port Input	14	90001	21	1
S1012411	8	Port Input	15	90001	21	1
S1012411	8	Port Input	14	90002	21	1
S1012411	8	Port Input	15	90002	22	1
S1012411	8	Port Input	14	90002	22	1
S1012411	8	Port Input	15	90003	22	1
S1012411	8	Port Input	14	90003	22	1
S1012411	8	Port Input	15	90003	22	1
S1012411	8	Port Input	14	90003	22	1
S1012411	8	Port Input	15	90003	22	1
S1012411	8	Port Input	14	90003	22	1
S1012411	8	Port Input	15	90003	22	1
S1012411	8	Port Input	14	90003	23	1
S1012411	8	Port Input	15	90003	23	1
S1012411	8	Port Input	14	90003	23	1
S1012411	8	Port Input	15	90003	23	1
S1012411	8	Port Input	14	90003	23	1
S1012411	8	Port Input	15	90004	23	1
S1012411	8	Port Input	14	90004	23	1
S1012411	8	Port Input	15	90004	24	1
S1012411	8	Port Input	14	90004	24	1
S1012411	8	Port Input	15	90005	24	1
S1012411	8	Port Input	14	90005	24	1
S1012411	8	Port Input	15	90006	25	1
S1012411	8	Port Input	14	90006	25	1
S1012411	8	Port Input	15	90006	25	1
S1012411	8	Port Input	14	90006	25	1
S1012411	8	Port Input	15	90006	26	1
S1012411	8	Port Input	14	90006	26	1
S1012411	8	Port Input	15	93413	3433	1
S1012411	8	Port Input	14	93413	3433	1
S1012411	8	Port Input	15	93414	3433	1
S1012411	8	Port Input	14	93414	3433	1
S1012411	8	Port Input	15	93415	3434	1
S1012411	8	Port Input	14	93415	3435	1
S1012411	8	Port Input	15	93415	3435	1
S1012411	8	Port Input	14	101994	12014	1
S1012411	8	Response	22	101994	12014	1
S1012411	8	Port Input	15	101995	12015	5
S1012411	8	Port Input	14	102000	12020	1
S1012411	8	Port Input	15	102000	12020	1
S1012411	8	Port Input	14	102001	12020	1
S1012411	8	Port Input	15	102001	12020	1
S1012411	8	Port Input	14	102001	12020	1
S1012411	8	Port Input	15	102001	12021	1
S1012411	8	Port Input	14	102002	12021	1
S1012411	8	Port Input	15	102003	12023	1
S1012411	8	Port Input	14	102004	12023	1
S1012411	8	Port Input	15	102004	12023	1
S1012411	8	Port Input	14	102004	12023	1
S1012411	9	Picture	20	102063	0	1	12847	1	0	next	hit	196
S1012411	9	Port Input	15	105554	3491	1
S1012411	9	Port Input	14	105555	3491	1
S1012411	9	Port Input	15	105555	3491	1
S1012411	9	Port Input	14	105555	3491	1
S1012411	9	Port Input	15	105555	3492	1
S1012411	9	Port Input	14	105555	3492	1
S1012411	9	Port Input	15	105555	3492	1
S1012411	9	Port Input	14	105555	3492	1
S1012411	9	Port Input	15	105555	3492	1
S1012411	9	Port Input	14	105556	3492	1
S1012411	9	Port Input	15	105556	3492	1
S1012411	9	Port Input	14	114882	12819	1
S1012411	9	Response	22	114882	12819	1
S1012411	9	Port Input	15	114883	12820	5
S1012411	9	Port Input	14	114900	12837	1
S1012411	10	Picture	20	114910	0	1	12638	1	0	next	hit	214
S1012411	10	Port Input	15	118477	3567	1
S1012411	10	Port Input	14	118477	3567	1
S1012411	10	Port Input	15	118477	3567	1
S1012411	10	Port Input	14	118477	3567	1
S1012411	10	Port Input	15	118478	3568	1
S1012411	10	Port Input	14	118478	3568	1
S1012411	10	Port Input	15	118478	3568	1
S1012411	10	Port Input	14	118478	3568	1
S1012411	10	Port Input	15	118478	3568	1
S1012411	10	Port Input	14	118478	3568	1
S1012411	10	Port Input	15	118478	3568	1
S1012411	10	Port Input	14	118478	3568	1
S1012411	10	Port Input	15	118478	3568	1
S1012411	10	Port Input	14	127540	12630	1
S1012411	10	Response	22	127540	12630	1
S1012411	11	Picture	20	127549	0	1	13125	1	0	next	hit	224
S1012411	11	Port Input	15	131689	4141	1
S1012411	11	Port Input	14	131689	4141	1
S1012411	11	Port Input	15	131690	4141	1
S1012411	11	Port Input	14	131690	4141	1
S1012411	11	Port Input	15	131690	4141	1
S1012411	11	Port Input	14	131690	4141	1
S1012411	11	Port Input	15	131690	4141	1
S1012411	11	Port Input	14	140604	13055	1
S1012411	11	Response	22	140604	13055	1
S1012411	11	Port Input	15	140604	13055	1
S1012411	11	Port Input	14	140610	13061	1
S1012411	11	Port Input	15	140610	13061	1
S1012411	11	Port Input	14	140612	13063	1
S1012411	11	Port Input	15	140613	13064	1
S1012411	11	Port Input	14	140613	13064	1
S1012411	11	Port Input	15	140613	13065	1
S1012411	11	Port Input	14	140613	13065	1
S1012411	11	Port Input	15	140614	13065	1
S1012411	11	Port Input	14	140614	13066	1
S1012411	11	Port Input	15	140614	13066	1
S1012411	11	Port Input	14	140614	13066	1
S1012411	11	Port Input	15	140615	13066	1
S1012411	11	Port Input	14	140616	13067	1
S1012411	11	Port Input	15	140616	13067	1
S1012411	11	Port Input	14	140616	13067	1
S1012411	11	Port Input	15	140616	13068	1
S1012411	11	Port Input	14	140616	13068	1
S1012411	11	Port Input	15	140617	13068	1
S1012411	11	Port Input	14	140617	13068	1
S1012411	11	Port Input	15	140618	13069	1
S1012411	11	Port Input	14	140618	13069	1
S1012411	11	Port Input	15	140618	13070	1
S1012411	11	Port Input	14	140619	13070	1
S1012411	11	Port Input	15	140622	13073	1
S1012411	11	Port Input	14	140622	13074	1
S1012411	11	Port Input	15	140622	13074	1
S1012411	11	Port Input	14	140623	13074	1
S1012411	11	Port Input	15	140625	13076	1
S1012411	11	Port Input	14	140625	13076	1
S1012411	11	Port Input	15	140626	13077	1
S1012411	11	Port Input	14	140626	13078	1
S1012411	11	Port Input	15	140627	13078	1
S1012411	11	Port Input	14	140627	13078	1
S1012411	11	Port Input	15	140628	13080	1
S1012411	11	Port Input	14	140628	13080	1
S1012411	11	Port Input	15	140630	13081	1
S1012411	11	Port Input	14	140630	13081	1
S1012411	11	Port Input	15	140634	13085	1
S1012411	11	Port Input	14	140634	13085	1
S1012411	11	Port Input	15	140635	13086	1
S1012411	11	Port Input	14	140635	13086	1
S1012411	11	Port Input	15	140660	13111	1
S1012411	11	Port Input	14	140660	13111	1
S1012411	11	Port Input	15	140663	13114	1
S1012411	11	Port Input	14	140663	13114	1
S1012411	12	Picture	20	140673	0	1	12430	1	0	next	hit	274
S1012411	12	Port Input	15	144492	3819	1
S1012411	12	Port Input	14	153055	12381	1
S1012411	12	Response	22	153055	12381	1
S1012411	12	Port Input	15	153055	12382	1
S1012411	12	Port Input	14	153057	12384	6
S1012411	13	Picture	20	153103	0	1	12291	1	0	next	hit	288
S1012411	13	Port Input	15	157285	4181	1
S1012411	13	Port Input	14	157285	4181	1
S1012411	13	Port Input	15	157285	4181	1
S1012411	13	Port Input	14	157285	4181	1
S1012411	13	Port Input	15	157285	4181	1
S1012411	13	Port Input	14	157285	4182	1
S1012411	13	Port Input	15	157285	4182	1
S1012411	13	Port Input	14	157285	4182	1
S1012411	13	Port Input	15	157285	4182	1
S1012411	13	Port Input	14	165368	12264	1
S1012411	13	Response	22	165368	12264	1
S1012411	13	Port Input	15	165373	12270	1
S1012411	13	Port Input	14	165373	12270	1
S1012411	14	Picture	20	165395	0	1	12569	1	0	next	hit	302
S1012411	14	Port Input	15	169236	3841	1
S1012411	14	Port Input	14	169236	3841	1
S1012411	14	Port Input	15	169236	3842	1
S1012411	14	Port Input	14	169236	3842	1
S1012411	14	Port Input	15	169237	3842	1
S1012411	14	Port Input	14	169237	3842	1
S1012411	14	Port Input	15	169237	3842	1
S1012411	14	Port Input	14	169237	3842	1
S1012411	14	Port Input	15	169237	3842	1
S1012411	14	Port Input	14	177889	12494	1
S1012411	14	Response	22	177889	12494	1
S1012411	15	Picture	20	177964	0	1	12014	1	0	next	hit	312
S1012411	15	Port Input	15	181835	3871	1
S1012411	15	Port Input	14	181835	3871	1
S1012411	15	Port Input	15	181835	3872	1
S1012411	15	Port Input	14	181836	3872	1
S1012411	15	Port Input	15	181836	3872	1
S1012411	15	Port Input	14	181836	3872	1
S1012411	15	Port Input	15	181836	3872	1
S1012411	15	Port Input	14	189965	12001	1
S1012411	15	Response	22	189965	12001	1
S1012411	16	Picture	20	189977	0	1	14375	1	0	next	hit	328
S1012411	16	Port Input	15	194509	4532	1
S1012411	16	Port Input	14	194509	4532	1
S1012411	16	Port Input	15	194509	4532	1
S1012411	16	Port Input	14	194509	4532	1
S1012411	16	Port Input	15	194509	4532	1
S1012411	16	Port Input	14	194509	4532	1
S1012411	16	Port Input	15	194509	4532	1
S1012411	16	Port Input	14	194509	4532	1
S1012411	16	Port Input	15	194509	4532	1
S1012411	16	Port Input	14	194509	4532	1
S1012411	16	Port Input	15	194509	4532	1
S1012411	16	Port Input	14	194509	4532	1
S1012411	16	Port Input	15	194510	4532	1
S1012411	16	Port Input	14	204297	14319	1
S1012411	16	Response	22	204297	14319	1
S1012411	16	Port Input	15	204297	14319	1
S1012411	16	Port Input	14	204297	14320	1
S1012411	17	Picture	20	204352	0	1	13611	1	0	next	hit	354
S1012411	17	Port Input	15	208916	4564	1
S1012411	17	Port Input	14	208916	4564	1
S1012411	17	Port Input	15	208917	4565	1
S1012411	17	Port Input	14	208917	4565	1
S1012411	17	Port Input	15	208917	4566	1
S1012411	17	Port Input	14	208917	4566	1
S1012411	17	Port Input	15	208917	4566	1
S1012411	17	Port Input	14	208917	4566	1
S1012411	17	Port Input	15	208918	4566	1
S1012411	17	Port Input	14	208918	4566	1
S1012411	17	Port Input	15	208918	4566	1
S1012411	17	Port Input	14	208918	4566	1
S1012411	17	Port Input	15	208919	4567	1
S1012411	17	Port Input	14	208919	4567	1
S1012411	17	Port Input	15	208919	4568	1
S1012411	17	Port Input	14	208920	4568	1
S1012411	17	Port Input	15	208920	4568	1
S1012411	17	Port Input	14	208920	4568	1
S1012411	17	Port Input	15	208920	4568	1
S1012411	17	Port Input	14	208920	4568	1
S1012411	17	Port Input	15	208920	4568	1
S1012411	17	Port Input	14	217920	13568	1
S1012411	17	Response	22	217920	13568	1
S1012411	17	Port Input	15	217920	13568	1
S1012411	17	Port Input	14	217921	13569	4
S1012411	18	Picture	20	217962	0	1	13749	1	0	next	hit	362
S1012411	18	Port Input	15	222805	4842	1
S1012411	18	Port Input	14	222805	4842	1
S1012411	18	Port Input	15	222805	4843	1
S1012411	18	Port Input	14	231681	13719	1
S1012411	18	Response	22	231681	13719	1
S1012411	19	Picture	20	231712	0	1	12778	1	0	next	hit	374
S1012411	19	Port Input	15	237057	5346	1
S1012411	19	Port Input	14	237057	5346	1
S1012411	19	Port Input	15	237057	5346	1
S1012411	19	Port Input	14	237057	5346	1
S1012411	19	Port Input	15	237058	5346	1
S1012411	19	Port Input	14	237058	5346	1
S1012411	19	Port Input	15	237058	5346	1
S1012411	19	Port Input	14	237058	5346	1
S1012411	19	Port Input	15	237058	5347	1
S1012411	19	Port Input	14	244441	12729	1
S1012411	19	Response	22	244441	12729	1
S1012411	19	Port Input	15	244441	12729	1
S1012411	19	Port Input	14	244445	12734	1
S1012411	19	Port Input	15	244446	12734	1
S1012411	19	Port Input	14	244446	12734	1
S1012411	19	Port Input	15	244451	12739	1
S1012411	19	Port Input	14	244451	12739	1
S1012411	19	Port Input	15	244451	12739	1
S1012411	19	Port Input	14	244451	12740	1
S1012411	20	Picture	20	244489	0	1	16944	1	0	next	hit	386
S1012411	20	Port Input	15	251149	6660	1
S1012411	20	Port Input	14	261404	16915	1
S1012411	20	Response	22	261404	16915	1
S1012411	21	Picture	20	261433	0	1	14097	1	0	next	hit	390
S1012411	21	Port Input	15	265530	4097	1
S1012411	21	Port Input	14	275482	14048	1
S1012411	21	Response	22	275482	14048	1
S1012411	22	Picture	20	275530	0	1	15555	1	0	next	hit	416
S1012411	22	Port Input	15	280686	5156	1
S1012411	22	Port Input	14	280686	5156	1
S1012411	22	Port Input	15	280687	5157	1
S1012411	22	Port Input	14	280687	5157	1
S1012411	22	Port Input	15	280687	5157	1
S1012411	22	Port Input	14	280687	5157	1
S1012411	22	Port Input	15	280688	5158	1
S1012411	22	Port Input	14	280688	5158	1
S1012411	22	Port Input	15	280688	5158	1
S1012411	22	Port Input	14	280688	5158	1
S1012411	22	Port Input	15	280688	5159	1
S1012411	22	Port Input	14	280688	5159	1
S1012411	22	Port Input	15	280689	5159	1
S1012411	22	Port Input	14	280689	5159	1
S1012411	22	Port Input	15	280689	5159	1
S1012411	22	Port Input	14	280689	5159	1
S1012411	22	Port Input	15	280689	5159	1
S1012411	22	Port Input	14	280689	5159	1
S1012411	22	Port Input	15	280690	5160	1
S1012411	22	Port Input	14	280690	5160	1
S1012411	22	Port Input	15	280690	5160	1
S1012411	22	Port Input	14	280690	5160	1
S1012411	22	Port Input	15	280690	5161	1
S1012411	22	Port Input	14	291031	15501	1
S1012411	22	Response	22	291031	15501	1
S1012411	22	Port Input	15	291031	15501	1
S1012411	22	Port Input	14	291031	15502	1
S1012411	23	Picture	20	291085	0	1	15069	1	0	next	hit	432
S1012411	23	Port Input	15	296015	4930	1
S1012411	23	Port Input	14	296015	4930	1
S1012411	23	Port Input	15	296015	4930	1
S1012411	23	Port Input	14	296015	4930	1
S1012411	23	Port Input	15	296017	4932	1
S1012411	23	Port Input	14	296017	4932	1
S1012411	23	Port Input	15	296017	4932	1
S1012411	23	Port Input	14	296017	4932	1
S1012411	23	Port Input	15	296017	4932	1
S1012411	23	Port Input	14	296017	4933	1
S1012411	23	Port Input	15	296018	4933	1
S1012411	23	Port Input	14	306085	15000	1
S1012411	23	Response	22	306085	15000	1
S1012411	24	Picture	20	306154	0	1	14236	1	0	next	hit	438
S1012411	24	Port Input	15	310033	3879	1
S1012411	24	Port Input	14	310033	3879	1
S1012411	24	Port Input	15	310033	3879	1
S1012411	24	Port Input	14	320364	14210	1
S1012411	24	Response	22	320364	14210	1
S1012411	24	Port Input	15	320375	14221	1
S1012411	24	Port Input	14	320375	14221	1
S1012411	25	Picture	20	320390	0	1	14166	1	0	next	hit	466
S1012411	25	Port Input	15	324532	4143	1
S1012411	25	Port Input	14	324532	4143	1
S1012411	25	Port Input	15	324533	4144	1
S1012411	25	Port Input	14	324533	4144	1
S1012411	25	Port Input	15	324533	4144	1
S1012411	25	Port Input	14	324533	4144	1
S1012411	25	Port Input	15	324534	4145	1
S1012411	25	Port Input	14	324535	4145	1
S1012411	25	Port Input	15	324535	4145	1
S1012411	25	Port Input	14	324535	4145	1
S1012411	25	Port Input	15	324536	4146	1
S1012411	25	Port Input	14	324537	4148	1
S1012411	25	Port Input	15	324537	4148	1
S1012411	25	Port Input	14	324538	4148	1
S1012411	25	Port Input	15	324538	4148	1
S1012411	25	Port Input	14	324538	4148	1
S1012411	25	Port Input	15	324538	4148	1
S1012411	25	Port Input	14	324538	4148	1
S1012411	25	Port Input	15	324538	4149	1
S1012411	25	Port Input	14	324538	4149	1
S1012411	25	Port Input	15	324539	4149	1
S1012411	25	Port Input	14	324542	4152	1
S1012411	25	Port Input	15	324542	4152	1
S1012411	25	Port Input	14	334521	14131	1
S1012411	25	Response	22	334521	14131	1
S1012411	25	Port Input	15	334521	14131	1
S1012411	25	Port Input	14	334521	14132	1
S1012411	26	Picture	20	334556	0	1	14305	1	0	next	hit	484
S1012411	26	Port Input	15	339332	4777	1
S1012411	26	Port Input	14	339332	4777	1
S1012411	26	Port Input	15	339333	4777	1
S1012411	26	Port Input	14	339333	4777	1
S1012411	26	Port Input	15	339333	4777	1
S1012411	26	Port Input	14	339333	4777	1
S1012411	26	Port Input	15	339333	4778	1
S1012411	26	Port Input	14	339333	4778	1
S1012411	26	Port Input	15	339336	4781	1
S1012411	26	Port Input	14	339336	4781	1
S1012411	26	Port Input	15	339337	4781	1
S1012411	26	Port Input	14	339337	4781	1
S1012411	26	Port Input	15	339337	4781	1
S1012411	26	Port Input	14	348814	14258	1
S1012411	26	Response	22	348814	14258	1
S1012411	27	Picture	20	348861	0	1	14722	1	0	next	hit	494
S1012411	27	Port Input	15	353769	4908	1
S1012411	27	Port Input	14	353769	4908	1
S1012411	27	Port Input	15	353769	4908	1
S1012411	27	Port Input	14	353769	4908	1
S1012411	27	Port Input	15	353769	4908	1
S1012411	27	Port Input	14	353769	4909	1
S1012411	27	Port Input	15	353769	4909	1
S1012411	27	Port Input	14	363529	14668	1
S1012411	27	Response	22	363529	14668	1
S1012411	27	Port Input	15	363529	14668	1
S1012411	27	Port Input	14	363530	14670	108
S1012411	28	Picture	20	363582	0	1	14444	1	0	next	hit	500
S1012411	28	Port Input	15	367711	4128	1
S1012411	28	Port Input	14	378006	14424	1
S1012411	28	Response	22	378006	14424	1
S1012411	29	Picture	20	378027	0	1	13958	1	0	next	hit	508
S1012411	29	Port Input	15	382600	4573	1
S1012411	29	Port Input	14	382600	4573	1
S1012411	29	Port Input	15	382600	4573	1
S1012411	29	Port Input	14	382600	4574	1
S1012411	29	Port Input	15	382600	4574	1
S1012411	29	Port Input	14	391972	13945	1
S1012411	29	Response	22	391972	13945	1
S1012411	30	Picture	20	391984	0	1	14097	1	0	next	hit	522
S1012411	30	Port Input	15	397051	5067	1
S1012411	30	Port Input	14	397051	5067	1
S1012411	30	Port Input	15	397052	5067	1
S1012411	30	Port Input	14	397052	5067	1
S1012411	30	Port Input	15	397052	5067	1
S1012411	30	Port Input	14	397052	5067	1
S1012411	30	Port Input	15	397052	5068	1
S1012411	30	Port Input	14	397052	5068	1
S1012411	30	Port Input	15	397052	5068	1
S1012411	30	Port Input	14	397052	5068	1
S1012411	30	Port Input	15	397052	5068	1
S1012411	30	Port Input	14	406015	14030	1
S1012411	30	Response	22	406015	14030	1
S1012411	30	Port Input	15	406015	14031	1
S1012411	30	Port Input	14	406015	14031	1
S1012411	30	Port Input	15	406015	14031	1
S1012411	30	Port Input	14	406015	14031	1
S1012411	31	Picture	20	406081	0	1	13750	1	0	next	hit	536
S1012411	31	Port Input	15	410404	4323	1
S1012411	31	Port Input	14	410404	4323	1
S1012411	31	Port Input	15	410405	4324	1
S1012411	31	Port Input	14	410405	4324	1
S1012411	31	Port Input	15	410405	4324	1
S1012411	31	Port Input	14	410405	4324	1
S1012411	31	Port Input	15	410406	4325	1
S1012411	31	Port Input	14	419760	13679	1
S1012411	31	Response	22	419760	13679	1
S1012411	32	Picture	20	419831	0	1	13611	1	0	next	hit	544
S1012411	32	Port Input	15	424263	4432	1
S1012411	32	Port Input	14	424263	4432	1
S1012411	32	Port Input	15	424264	4433	1
S1012411	32	Port Input	14	424264	4433	1
S1012411	32	Port Input	15	424264	4433	1
S1012411	32	Port Input	14	433413	13582	1
S1012411	32	Response	22	433413	13582	1
S1012411	33	Picture	20	433441	0	1	13750	1	0	next	hit	552
S1012411	33	Port Input	15	437709	4267	1
S1012411	33	Port Input	14	437709	4267	1
S1012411	33	Port Input	15	437710	4269	1
S1012411	33	Port Input	14	437710	4269	1
S1012411	33	Port Input	15	437711	4269	1
S1012411	33	Port Input	14	447136	13695	1
S1012411	33	Response	22	447136	13695	1
S1012411	33	Port Input	15	447146	13705	1
S1012411	33	Port Input	14	447147	13705	1
S1012411	33	Port Input	15	447147	13706	1
S1012411	33	Port Input	14	447148	13706	1
S1012411	33	Port Input	15	447149	13708	1
S1012411	33	Port Input	14	447149	13708	1
S1012411	34	Picture	20	447191	0	1	14305	1	0	next	hit	562
S1012411	34	Port Input	15	452143	4952	1
S1012411	34	Port Input	14	461457	14266	1
S1012411	34	Response	22	461457	14266	1
S1012411	34	Port Input	15	461458	14267	2
S1012411	34	Port Input	14	461459	14269	4
S1012411	34	Port Input	15	461463	14272	1
S1012411	34	Port Input	14	461463	14272	1
S1012411	34	Port Input	15	461463	14272	1
S1012411	34	Port Input	14	461464	14273	1
S1012411	34	Port Input	15	461464	14273	1
S1012411	34	Port Input	14	461464	14274	1
S1012411	34	Port Input	15	461465	14274	1
S1012411	34	Port Input	14	461465	14274	1
S1012411	34	Port Input	15	461466	14275	1
S1012411	34	Port Input	14	461467	14276	1
S1012411	34	Port Input	15	461468	14277	1
S1012411	34	Port Input	14	461468	14277	1
S1012411	34	Port Input	15	461469	14279	1
S1012411	34	Port Input	14	461470	14279	1
S1012411	34	Port Input	15	461470	14279	1
S1012411	34	Port Input	14	461470	14279	1
S1012411	34	Port Input	15	461471	14280	1
S1012411	34	Port Input	14	461471	14280	1
S1012411	34	Port Input	15	461471	14280	1
S1012411	34	Port Input	14	461471	14280	1
S1012411	34	Port Input	15	461472	14281	1
S1012411	34	Port Input	14	461472	14281	1
S1012411	34	Port Input	15	461473	14283	1
S1012411	34	Port Input	14	461474	14283	1
S1012411	34	Port Input	15	461474	14283	1
S1012411	34	Port Input	14	461474	14284	1
S1012411	34	Port Input	15	461475	14284	1
S1012411	34	Port Input	14	461475	14284	1
S1012411	34	Port Input	15	461476	14285	1
S1012411	34	Port Input	14	461476	14285	1
S1012411	34	Port Input	15	461479	14288	1
S1012411	34	Port Input	14	461479	14288	1
S1012411	34	Port Input	15	461479	14288	1
S1012411	34	Port Input	14	461479	14288	1
S1012411	34	Port Input	15	461479	14288	1
S1012411	34	Port Input	14	461479	14288	1
S1012411	35	Picture	20	461496	0	1	14513	1	0	next	hit	612
S1012411	35	Port Input	15	466275	4779	1
S1012411	35	Port Input	14	466275	4779	1
S1012411	35	Port Input	15	466276	4780	1
S1012411	35	Port Input	14	466276	4780	1
S1012411	35	Port Input	15	466276	4780	1
S1012411	35	Port Input	14	466276	4780	1
S1012411	35	Port Input	15	466277	4781	1
S1012411	35	Port Input	14	466277	4781	1
S1012411	35	Port Input	15	466277	4781	1
S1012411	35	Port Input	14	475986	14490	1
S1012411	35	Response	22	475986	14490	1
S1012411	35	Port Input	15	475986	14490	1
S1012411	35	Port Input	14	475986	14490	1
S1012411	35	Port Input	15	475986	14490	1
S1012411	35	Port Input	14	475987	14491	4
S1012411	35	Port Input	15	475992	14496	1
S1012411	35	Port Input	14	475993	14497	1
S1012411	35	Port Input	15	475993	14497	1
S1012411	35	Port Input	14	475993	14497	1
S1012411	35	Port Input	15	475993	14497	1
S1012411	35	Port Input	14	475994	14498	1
S1012411	35	Port Input	15	475994	14498	1
S1012411	35	Port Input	14	475994	14498	1
S1012411	35	Port Input	15	475994	14498	1
S1012411	35	Port Input	14	475994	14498	1
S1012411	35	Port Input	15	475994	14498	1
S1012411	35	Port Input	14	475994	14498	1
S1012411	35	Port Input	15	475995	14499	1
S1012411	35	Port Input	14	475995	14499	1
S1012411	35	Port Input	15	475996	14500	1
S1012411	35	Port Input	14	475996	14500	1
S1012411	35	Port Input	15	475996	14500	1
S1012411	35	Port Input	14	475997	14501	1
S1012411	35	Port Input	15	475998	14502	1
S1012411	35	Port Input	14	475998	14502	1
S1012411	35	Port Input	15	475998	14502	1
S1012411	35	Port Input	14	475999	14503	1
S1012411	35	Port Input	15	476000	14504	1
S1012411	35	Port Input	14	476000	14504	1
S1012411	35	Port Input	15	476001	14505	1
S1012411	35	Port Input	14	476001	14505	1
S1012411	35	Port Input	15	476001	14505	1
S1012411	35	Port Input	14	476002	14506	1
S1012411	35	Port Input	15	476004	14508	1
S1012411	35	Port Input	14	476004	14508	1
S1012411	35	Port Input	15	476005	14509	1
S1012411	35	Port Input	14	476005	14509	1
S1012411	35	Port Input	15	476005	14509	1
S1012411	35	Port Input	14	476005	14509	1
S1012411	36	Picture	20	476009	0	1	14097	1	0	next	hit	680
S1012411	36	Port Input	15	476010	0	1
S1012411	36	Port Input	14	476010	0	1
S1012411	36	Port Input	15	476011	1	1
S1012411	36	Port Input	14	476011	1	1
S1012411	36	Port Input	15	476015	6	1
S1012411	36	Port Input	14	476015	6	1
S1012411	36	Port Input	15	476015	6	1
S1012411	36	Port Input	14	476015	6	1
S1012411	36	Port Input	15	476016	6	1
S1012411	36	Port Input	14	476016	6	1
S1012411	36	Port Input	15	476017	7	1
S1012411	36	Port Input	14	476017	8	1
S1012411	36	Port Input	15	476017	8	1
S1012411	36	Port Input	14	476017	8	1
S1012411	36	Port Input	15	476019	10	1
S1012411	36	Port Input	14	476019	10	1
S1012411	36	Port Input	15	476020	10	1
S1012411	36	Port Input	14	476020	10	1
S1012411	36	Port Input	15	476021	11	1
S1012411	36	Port Input	14	476021	11	1
S1012411	36	Port Input	15	481145	5135	1
S1012411	36	Port Input	14	481145	5135	1
S1012411	36	Port Input	15	481145	5136	1
S1012411	36	Port Input	14	481145	5136	1
S1012411	36	Port Input	15	481145	5136	1
S1012411	36	Port Input	14	481145	5136	1
S1012411	36	Port Input	15	481146	5136	1
S1012411	36	Port Input	14	490035	14026	1
S1012411	36	Response	22	490035	14026	1
S1012411	36	Port Input	15	490048	14038	1
S1012411	36	Port Input	14	490048	14038	1
S1012411	37	Picture	20	490106	0	1	13263	1	0	next	hit	732
S1012411	37	Port Input	15	494361	4255	1
S1012411	37	Port Input	14	494361	4255	1
S1012411	37	Port Input	15	494361	4255	1
S1012411	37	Port Input	14	494362	4255	1
S1012411	37	Port Input	15	494362	4255	1
S1012411	37	Port Input	14	494362	4256	1
S1012411	37	Port Input	15	494362	4256	1
S1012411	37	Port Input	14	494362	4256	1
S1012411	37	Port Input	15	494362	4256	1
S1012411	37	Port Input	14	494362	4256	1
S1012411	37	Port Input	15	494362	4256	1
S1012411	37	Port Input	14	494362	4256	1
S1012411	37	Port Input	15	494362	4256	1
S1012411	37	Port Input	14	494362	4256	1
S1012411	37	Port Input	15	494363	4256	1
S1012411	37	Port Input	14	494363	4256	1
S1012411	37	Port Input	15	494363	4257	1
S1012411	37	Port Input	14	494363	4257	1
S1012411	37	Port Input	15	494363	4257	1
S1012411	37	Port Input	14	494363	4257	1
S1012411	37	Port Input	15	494363	4257	1
S1012411	37	Port Input	14	494363	4257	1
S1012411	37	Port Input	15	494363	4257	1
S1012411	37	Port Input	14	494364	4257	1
S1012411	37	Port Input	15	494364	4258	1
S1012411	37	Port Input	14	494364	4258	1
S1012411	37	Port Input	15	494364	4258	1
S1012411	37	Port Input	14	494364	4258	1
S1012411	37	Port Input	15	494364	4258	1
S1012411	37	Port Input	14	494364	4258	1
S1012411	37	Port Input	15	494364	4258	1
S1012411	37	Port Input	14	494364	4258	1
S1012411	37	Port Input	15	494365	4258	1
S1012411	37	Port Input	14	494365	4258	1
S1012411	37	Port Input	15	494365	4259	1
S1012411	37	Port Input	14	494365	4259	1
S1012411	37	Port Input	15	494365	4259	1
S1012411	37	Port Input	14	494365	4259	1
S1012411	37	Port Input	15	494365	4259	1
S1012411	37	Port Input	14	494365	4259	1
S1012411	37	Port Input	15	494365	4259	1
S1012411	37	Port Input	14	494366	4259	1
S1012411	37	Port Input	15	494366	4260	1
S1012411	37	Port Input	14	494366	4260	1
S1012411	37	Port Input	15	494366	4260	1
S1012411	37	Port Input	14	494366	4260	1
S1012411	37	Port Input	15	494366	4260	1
S1012411	37	Port Input	14	503318	13212	1
S1012411	37	Response	22	503318	13212	1
S1012411	38	Picture	20	503370	0	1	12986	1	0	next	hit	738
S1012411	38	Port Input	15	507337	3967	1
S1012411	38	Port Input	14	507337	3967	1
S1012411	38	Port Input	15	507337	3968	1
S1012411	38	Port Input	14	516334	12965	1
S1012411	38	Response	22	516334	12965	1
S1012411	39	Picture	20	516355	0	1	12361	1	0	next	hit	746
S1012411	39	Port Input	15	520459	4104	1
S1012411	39	Port Input	14	520459	4104	1
S1012411	39	Port Input	15	520460	4104	1
S1012411	39	Port Input	14	520460	4104	1
S1012411	39	Port Input	15	520460	4104	1
S1012411	39	Port Input	14	528684	12328	1
S1012411	39	Response	22	528684	12328	1
S1012411	40	Picture	20	528716	0	1	13472	1	0	next	hit	762
S1012411	40	Port Input	15	533849	5133	1
S1012411	40	Port Input	14	533849	5133	1
S1012411	40	Port Input	15	533849	5133	1
S1012411	40	Port Input	14	533849	5134	1
S1012411	40	Port Input	15	533850	5134	1
S1012411	40	Port Input	14	533850	5134	1
S1012411	40	Port Input	15	533850	5134	1
S1012411	40	Port Input	14	533850	5134	1
S1012411	40	Port Input	15	533850	5134	1
S1012411	40	Port Input	14	533850	5134	1
S1012411	40	Port Input	15	533850	5134	1
S1012411	40	Port Input	14	533850	5134	1
S1012411	40	Port Input	15	533850	5134	1
S1012411	40	Port Input	14	542132	13416	1
S1012411	40	Response	22	542132	13416	1
S1012411	40	Port Input	15	542132	13416	1
S1012411	40	Port Input	14	542132	13416	1
S1012411	40	Port Input	15	542132	13416	1
S1012411	40	Port Input	14	542132	13416	1
S1012411	41	Picture	20	542188	0	1	13958	1	0	next	hit	826
S1012411	41	Port Input	15	547191	5003	1
S1012411	41	Port Input	14	547191	5003	1
S1012411	41	Port Input	15	547192	5004	1
S1012411	41	Port Input	14	547192	5004	1
S1012411	41	Port Input	15	547192	5005	1
S1012411	41	Port Input	14	547192	5005	1
S1012411	41	Port Input	15	547193	5005	1
S1012411	41	Port Input	14	547193	5005	1
S1012411	41	Port Input	15	547193	5005	1
S1012411	41	Port Input	14	547193	5005	1
S1012411	41	Port Input	15	547193	5005	1
S1012411	41	Port Input	14	547193	5005	1
S1012411	41	Port Input	15	547193	5005	1
S1012411	41	Port Input	14	547193	5005	1
S1012411	41	Port Input	15	547193	5006	1
S1012411	41	Port Input	14	547193	5006	1
S1012411	41	Port Input	15	547193	5006	1
S1012411	41	Port Input	14	547193	5006	1
S1012411	41	Port Input	15	547195	5007	1
S1012411	41	Port Input	14	547195	5007	1
S1012411	41	Port Input	15	547195	5007	1
S1012411	41	Port Input	14	547195	5007	1
S1012411	41	Port Input	15	547195	5007	1
S1012411	41	Port Input	14	547195	5007	1
S1012411	41	Port Input	15	547195	5007	1
S1012411	41	Port Input	14	547195	5007	1
S1012411	41	Port Input	15	547195	5007	1
S1012411	41	Port Input	14	547195	5007	1
S1012411	41	Port Input	15	547195	5007	1
S1012411	41	Port Input	14	547195	5007	1
S1012411	41	Port Input	15	547195	5007	1
S1012411	41	Port Input	14	547195	5008	1
S1012411	41	Port Input	15	547195	5008	1
S1012411	41	Port Input	14	547195	5008	1
S1012411	41	Port Input	15	547195	5008	1
S1012411	41	Port Input	14	547196	5008	1
S1012411	41	Port Input	15	547196	5008	1
S1012411	41	Port Input	14	547196	5008	1
S1012411	41	Port Input	15	547196	5008	1
S1012411	41	Port Input	14	547196	5008	1
S1012411	41	Port Input	15	547196	5009	1
S1012411	41	Port Input	14	547196	5009	1
S1012411	41	Port Input	15	547196	5009	1
S1012411	41	Port Input	14	547196	5009	1
S1012411	41	Port Input	15	547197	5009	1
S1012411	41	Port Input	14	547197	5009	1
S1012411	41	Port Input	15	547197	5009	1
S1012411	41	Port Input	14	547197	5009	1
S1012411	41	Port Input	15	547197	5010	1
S1012411	41	Port Input	14	547197	5010	1
S1012411	41	Port Input	15	547198	5010	1
S1012411	41	Port Input	14	547198	5010	1
S1012411	41	Port Input	15	547198	5010	1
S1012411	41	Port Input	14	547198	5010	1
S1012411	41	Port Input	15	547198	5010	1
S1012411	41	Port Input	14	547198	5011	1
S1012411	41	Port Input	15	547198	5011	1
S1012411	41	Port Input	14	556075	13887	1
S1012411	41	Response	22	556075	13887	1
S1012411	42	Picture	20	556146	0	1	12430	1	0	next	hit	830
S1012411	42	Port Input	15	560161	4015	1
S1012411	42	Port Input	14	568511	12366	1
S1012411	42	Response	22	568511	12366	1
S1012411	42	Port Input	15	568511	12366	1
S1012411	42	Port Input	14	568512	12367	8
S1012411	42	Port Input	15	568523	12378	1
S1012411	42	Port Input	14	568523	12378	1
S1012411	42	Port Input	15	568525	12379	1
S1012411	42	Port Input	14	568525	12380	1
S1012411	43	Picture	20	568576	0	1	13194	1	0	next	hit	846
S1012411	43	Port Input	15	572900	4324	1
S1012411	43	Port Input	14	572900	4324	1
S1012411	43	Port Input	15	572900	4325	1
S1012411	43	Port Input	14	572901	4325	1
S1012411	43	Port Input	15	572901	4325	1
S1012411	43	Port Input	14	572901	4325	1
S1012411	43	Port Input	15	572901	4325	1
S1012411	43	Port Input	14	581730	13154	1
S1012411	43	Response	22	581730	13154	1
S1012411	44	Picture	20	581770	0	1	13055	1	0	next	hit	852
S1012411	44	Port Input	15	585986	4216	1
S1012411	44	Port Input	14	585986	4216	1
S1012411	44	Port Input	15	585986	4217	1
S1012411	44	Port Input	14	594786	13016	1
S1012411	44	Response	22	594786	13016	1
S1012411	44	Port Input	15	594786	13016	1
S1012411	44	Port Input	14	594799	13030	1
S1012411	45	Picture	20	594825	0	1	13541	1	0	next	hit	886
S1012411	45	Port Input	15	599430	4605	1
S1012411	45	Port Input	14	599430	4605	1
S1012411	45	Port Input	15	599430	4605	1
S1012411	45	Port Input	14	599430	4605	1
S1012411	45	Port Input	15	599430	4605	1
S1012411	45	Port Input	14	599430	4605	1
S1012411	45	Port Input	15	599431	4606	1
S1012411	45	Port Input	14	599431	4606	1
S1012411	45	Port Input	15	599431	4606	1
S1012411	45	Port Input	14	599431	4607	1
S1012411	45	Port Input	15	599433	4608	1
S1012411	45	Port Input	14	599433	4608	1
S1012411	45	Port Input	15	599434	4609	1
S1012411	45	Port Input	14	599434	4609	1
S1012411	45	Port Input	15	599434	4609	1
S1012411	45	Port Input	14	599434	4609	1
S1012411	45	Port Input	15	599434	4609	1
S1012411	45	Port Input	14	599434	4609	1
S1012411	45	Port Input	15	599434	4609	1
S1012411	45	Port Input	14	599434	4609	1
S1012411	45	Port Input	15	599435	4610	1
S1012411	45	Port Input	14	599435	4610	1
S1012411	45	Port Input	15	599435	4610	1
S1012411	45	Port Input	14	599435	4610	1
S1012411	45	Port Input	15	599435	4610	1
S1012411	45	Port Input	14	599435	4610	1
S1012411	45	Port Input	15	599435	4610	1
S1012411	45	Port Input	14	599435	4610	1
S1012411	45	Port Input	15	599435	4610	1
S1012411	45	Port Input	14	608298	13473	1
S1012411	45	Response	22	608298	13473	1
S1012411	46	Picture	20	608366	0	1	13333	1	0	next	hit	898
S1012411	46	Port Input	15	612681	4314	1
S1012411	46	Port Input	14	612681	4315	1
S1012411	46	Port Input	15	612681	4315	1
S1012411	46	Port Input	14	612681	4315	1
S1012411	46	Port Input	15	612681	4315	1
S1012411	46	Port Input	14	612681	4315	1
S1012411	46	Port Input	15	612681	4315	1
S1012411	46	Port Input	14	612681	4315	1
S1012411	46	Port Input	15	612681	4315	1
S1012411	46	Port Input	14	621681	13315	1
S1012411	46	Response	22	621681	13315	1
S1012411	47	Picture	20	621699	0	1	13819	1	0	next	hit	924
S1012411	47	Port Input	15	625851	4152	1
S1012411	47	Port Input	14	625851	4152	1
S1012411	47	Port Input	15	625851	4153	1
S1012411	47	Port Input	14	625851	4153	1
S1012411	47	Port Input	15	625852	4153	1
S1012411	47	Port Input	14	625852	4153	1
S1012411	47	Port Input	15	625852	4153	1
S1012411	47	Port Input	14	625852	4153	1
S1012411	47	Port Input	15	625852	4154	1
S1012411	47	Port Input	14	625852	4154	1
S1012411	47	Port Input	15	625852	4154	1
S1012411	47	Port Input	14	625853	4154	1
S1012411	47	Port Input	15	625853	4154	1
S1012411	47	Port Input	14	625853	4154	1
S1012411	47	Port Input	15	625853	4154	1
S1012411	47	Port Input	14	625853	4154	1
S1012411	47	Port Input	15	625854	4155	1
S1012411	47	Port Input	14	625854	4155	1
S1012411	47	Port Input	15	625854	4155	1
S1012411	47	Port Input	14	625854	4155	1
S1012411	47	Port Input	15	625854	4155	1
S1012411	47	Port Input	14	625854	4155	1
S1012411	47	Port Input	15	625855	4156	1
S1012411	47	Port Input	14	635478	13779	1
S1012411	47	Response	22	635478	13779	1
S1012411	48	Picture	20	635518	0	1	12847	1	0	next	hit	934
S1012411	48	Port Input	15	640057	4539	1
S1012411	48	Port Input	14	640057	4539	1
S1012411	48	Port Input	15	640057	4539	1
S1012411	48	Port Input	14	640057	4539	1
S1012411	48	Port Input	15	640058	4540	1
S1012411	48	Port Input	14	640058	4540	1
S1012411	48	Port Input	15	640058	4540	1
S1012411	48	Port Input	14	648350	12832	1
S1012411	48	Response	22	648350	12832	1
S1012411	48	Port Input	15	648351	12833	1
S1012411	48	Port Input	14	648357	12839	1
S1012411	48	Port Input	15	648358	12840	1
S1012411	48	Port Input	14	648358	12840	1
S1012411	48	Port Input	15	648358	12840	1
S1012411	48	Port Input	14	648359	12841	1
S1012411	48	Port Input	15	648359	12841	1
S1012411	48	Port Input	14	648359	12841	1
S1012411	48	Port Input	15	648360	12842	1
S1012411	48	Port Input	14	648360	12842	1
S1012411	48	Port Input	15	648361	12843	1
S1012411	48	Port Input	14	648361	12843	1
S1012411	48	Port Input	15	648361	12843	1
S1012411	48	Port Input	14	648362	12844	1
S1012411	48	Port Input	15	648362	12844	1
S1012411	48	Port Input	14	648362	12844	1
S1012411	48	Port Input	15	648363	12845	1
S1012411	48	Port Input	14	648363	12845	1
S1012411	48	Port Input	15	648363	12845	1
S1012411	48	Port Input	14	648363	12845	1
S1012411	48	Port Input	15	648364	12846	1
S1012411	48	Port Input	14	648364	12846	1
S1012411	48	Port Input	15	648364	12846	1
S1012411	48	Port Input	14	648364	12846	1
S1012411	48	Port Input	15	648365	12847	1
S1012411	48	Port Input	14	648365	12847	1
S1012411	49	Picture	20	648365	0	1	13333	1	0	next	hit	972
S1012411	49	Port Input	15	648366	1	1
S1012411	49	Port Input	14	648366	1	1
S1012411	49	Port Input	15	652788	4423	1
S1012411	49	Port Input	14	652788	4423	1
S1012411	49	Port Input	15	652788	4424	1
S1012411	49	Port Input	14	652788	4424	1
S1012411	49	Port Input	15	652788	4424	1
S1012411	49	Port Input	14	652789	4424	1
S1012411	49	Port Input	15	652789	4424	1
S1012411	49	Port Input	14	661643	13278	1
S1012411	49	Response	22	661643	13278	1
S1012411	49	Port Input	15	661643	13278	1
S1012411	49	Port Input	14	661643	13279	1
S1012411	49	Port Input	15	661643	13279	1
S1012411	49	Port Input	14	661650	13285	1
S1012411	49	Port Input	15	661650	13285	1
S1012411	49	Port Input	14	661653	13289	1
S1012411	49	Port Input	15	661654	13289	1
S1012411	49	Port Input	14	661654	13289	1
S1012411	50	Picture	20	661698	0	1	13750	1	0	next	hit	986
S1012411	50	Port Input	15	665628	3930	1
S1012411	50	Port Input	14	665628	3930	1
S1012411	50	Port Input	15	665628	3930	1
S1012411	50	Port Input	14	675419	13721	1
S1012411	50	Response	22	675419	13721	1
S1012411	50	Port Input	15	675419	13721	1
S1012411	50	Port Input	14	675419	13722	1
S1012411	51	Picture	20	675447	0	1	12638	1	0	next	hit	1004
S1012411	51	Port Input	15	679846	4399	1
S1012411	51	Port Input	14	679846	4399	1
S1012411	51	Port Input	15	679851	4404	1
S1012411	51	Port Input	14	679851	4404	1
S1012411	51	Port Input	15	679852	4405	1
S1012411	51	Port Input	14	679852	4405	1
S1012411	51	Port Input	15	679853	4406	1
S1012411	51	Port Input	14	679853	4406	1
S1012411	51	Port Input	15	679853	4406	1
S1012411	51	Port Input	14	679853	4406	1
S1012411	51	Port Input	15	679853	4406	1
S1012411	51	Port Input	14	679854	4406	1
S1012411	51	Port Input	15	679854	4407	1
S1012411	51	Port Input	14	688037	12590	1
S1012411	51	Response	22	688037	12590	1
S1012411	52	Picture	20	688086	0	1	13125	1	0	next	hit	1016
S1012411	52	Port Input	15	693214	5128	1
S1012411	52	Port Input	14	693214	5128	1
S1012411	52	Port Input	15	693214	5128	1
S1012411	52	Port Input	14	693214	5128	1
S1012411	52	Port Input	15	693214	5128	1
S1012411	52	Port Input	14	693214	5128	1
S1012411	52	Port Input	15	693214	5128	1
S1012411	52	Port Input	14	693214	5129	1
S1012411	52	Port Input	15	693214	5129	1
S1012411	52	Port Input	14	701180	13094	1
S1012411	52	Response	22	701180	13094	1
S1012411	52	Port Input	15	701180	13095	1
S1012411	52	Port Input	14	701186	13100	1
S1012411	52	Port Input	15	701186	13100	1
S1012411	52	Port Input	14	701187	13101	1
S1012411	52	Port Input	15	701190	13104	1
S1012411	52	Port Input	14	701190	13105	1
S1012411	52	Port Input	15	701190	13105	1
S1012411	52	Port Input	14	701191	13105	1
S1012411	52	Port Input	15	701191	13105	1
S1012411	52	Port Input	14	701191	13105	1
S1012411	52	Port Input	15	701192	13106	1
S1012411	52	Port Input	14	701192	13106	1
S1012411	52	Port Input	15	701192	13106	1
S1012411	52	Port Input	14	701192	13107	1
S1012411	52	Port Input	15	701192	13107	1
S1012411	52	Port Input	14	701193	13107	1
S1012411	52	Port Input	15	701194	13108	1
S1012411	52	Port Input	14	701194	13108	1
S1012411	52	Port Input	15	701195	13109	1
S1012411	52	Port Input	14	701195	13109	1
S1012411	52	Port Input	15	701195	13109	1
S1012411	52	Port Input	14	701195	13109	1
S1012411	52	Port Input	15	701200	13114	1
S1012411	52	Port Input	14	701200	13114	1
S1012411	52	Port Input	15	701200	13115	1
S1012411	52	Port Input	14	701201	13115	1
S1012411	53	Picture	20	701210	0	1	14305	1	0	next	hit	1048
S1012411	53	Port Input	15	705529	4318	1
S1012411	53	Port Input	14	705529	4318	1
S1012411	53	Port Input	15	705529	4318	1
S1012411	53	Port Input	14	715493	14282	1
S1012411	53	Response	22	715493	14282	1
S1012411	53	Port Input	15	715503	14293	1
S1012411	53	Port Input	14	715503	14293	1
S1012411	53	Port Input	15	715505	14294	1
S1012411	53	Port Input	14	715505	14294	1
S1012411	54	Picture	20	715515	0	1	14166	1	0	next	hit	1058
S1012411	54	Port Input	15	720814	5299	1
S1012411	54	Port Input	14	720815	5299	1
S1012411	54	Port Input	15	720815	5299	1
S1012411	54	Port Input	14	729610	14095	1
S1012411	54	Response	22	729610	14095	1
S1012411	54	Port Input	15	729610	14095	1
S1012411	54	Port Input	14	729610	14095	1
S1012411	54	Port Input	15	729618	14102	1
S1012411	54	Port Input	14	729618	14103	1
S1012411	54	Port Input	15	729619	14104	1
S1012411	54	Port Input	14	729619	14104	1
S1012411	54	Port Input	15	729621	14105	1
S1012411	54	Port Input	14	729621	14105	1
S1012411	55	Picture	20	729682	0	1	13333	1	0	next	hit	1086
S1012411	55	Port Input	15	733947	4266	1
S1012411	55	Port Input	14	733947	4266	1
S1012411	55	Port Input	15	733950	4268	1
S1012411	55	Port Input	14	733950	4268	1
S1012411	55	Port Input	15	733950	4268	1
S1012411	55	Port Input	14	733950	4268	1
S1012411	55	Port Input	15	733950	4268	1
S1012411	55	Port Input	14	733950	4268	1
S1012411	55	Port Input	15	733950	4268	1
S1012411	55	Port Input	14	733950	4268	1
S1012411	55	Port Input	15	733950	4269	1
S1012411	55	Port Input	14	733950	4269	1
S1012411	55	Port Input	15	733950	4269	1
S1012411	55	Port Input	14	733950	4269	1
S1012411	55	Port Input	15	733950	4269	1
S1012411	55	Port Input	14	733951	4269	1
S1012411	55	Port Input	15	733951	4269	1
S1012411	55	Port Input	14	742975	13294	1
S1012411	55	Response	22	742975	13294	1
S1012411	56	Picture	20	743014	0	1	13402	1	0	next	hit	1094
S1012411	56	Port Input	15	747704	4690	1
S1012411	56	Port Input	14	747704	4690	1
S1012411	56	Port Input	15	747704	4690	1
S1012411	56	Port Input	14	747704	4690	1
S1012411	56	Port Input	15	747704	4690	1
S1012411	56	Port Input	14	756407	13393	1
S1012411	56	Response	22	756407	13393	1
S1012411	56	Port Input	15	756408	13393	1
S1012411	56	Port Input	14	756408	13394	7
S1012411	57	Picture	20	756417	0	1	13194	1	0	next	hit	1106
S1012411	57	Port Input	15	760761	4344	1
S1012411	57	Port Input	14	760761	4344	1
S1012411	57	Port Input	15	760762	4345	1
S1012411	57	Port Input	14	760762	4345	1
S1012411	57	Port Input	15	760762	4345	1
S1012411	57	Port Input	14	760762	4345	1
S1012411	57	Port Input	15	760763	4346	1
S1012411	57	Port Input	14	769544	13128	1
S1012411	57	Response	22	769544	13128	1
S1012411	58	Picture	20	769611	0	1	12569	1	0	next	hit	1110
S1012411	58	Port Input	15	773461	3850	1
S1012411	58	Port Input	14	782137	12526	1
S1012411	58	Response	22	782137	12526	1
S1012411	58	Port Input	15	782137	12526	1
S1012411	58	Port Input	14	782138	12527	5
S1012411	59	Picture	20	782180	0	1	12916	1	0	next	hit	1128
S1012411	59	Port Input	15	786064	3885	1
S1012411	59	Port Input	14	786064	3885	1
S1012411	59	Port Input	15	786065	3885	1
S1012411	59	Port Input	14	786065	3885	1
S1012411	59	Port Input	15	786065	3885	1
S1012411	59	Port Input	14	786065	3885	1
S1012411	59	Port Input	15	786065	3885	1
S1012411	59	Port Input	14	786065	3885	1
S1012411	59	Port Input	15	786065	3885	1
S1012411	59	Port Input	14	786065	3885	1
S1012411	59	Port Input	15	786065	3886	1
S1012411	59	Port Input	14	786066	3886	1
S1012411	59	Port Input	15	786066	3886	1
S1012411	59	Port Input	14	795032	12852	1
S1012411	59	Response	22	795032	12852	1
S1012411	59	Port Input	15	795033	12853	1
S1012411	59	Port Input	14	795033	12853	4
S1012411	59	Port Input	15	795039	12859	1
S1012411	59	Port Input	14	795039	12859	1
S1012411	59	Port Input	15	795040	12860	1
S1012411	59	Port Input	14	795040	12860	1
S1012411	59	Port Input	15	795041	12861	1
S1012411	59	Port Input	14	795041	12861	1
S1012411	59	Port Input	15	795041	12861	1
S1012411	59	Port Input	14	795042	12862	1
S1012411	59	Port Input	15	795042	12862	1
S1012411	59	Port Input	14	795046	12866	1
S1012411	59	Port Input	15	795046	12866	1
S1012411	59	Port Input	14	795046	12867	1
S1012411	59	Port Input	15	795047	12867	1
S1012411	59	Port Input	14	795047	12867	1
S1012411	59	Port Input	15	795047	12867	1
S1012411	59	Port Input	14	795047	12867	1
S1012411	59	Port Input	15	795047	12867	1
S1012411	59	Port Input	14	795047	12868	1
S1012411	59	Port Input	15	795048	12868	1
S1012411	59	Port Input	14	795048	12868	1
S1012411	59	Port Input	15	795048	12868	1
S1012411	59	Port Input	14	795048	12868	1
S1012411	60	Picture	20	795096	0	1	12708	1	0	next	hit	1172
S1012411	60	Port Input	15	798924	3828	1
S1012411	60	Port Input	14	798924	3828	1
S1012411	60	Port Input	15	798929	3833	1
S1012411	60	Port Input	14	798929	3833	1
S1012411	60	Port Input	15	798929	3833	1
S1012411	60	Port Input	14	798929	3833	1
S1012411	60	Port Input	15	798930	3834	1
S1012411	60	Port Input	14	798930	3834	1
S1012411	60	Port Input	15	798931	3835	1
S1012411	60	Port Input	14	798931	3835	1
S1012411	60	Port Input	15	798931	3835	1
S1012411	60	Port Input	14	798931	3835	1
S1012411	60	Port Input	15	798931	3835	1
S1012411	60	Port Input	14	798931	3835	1
S1012411	60	Port Input	15	798932	3836	1
S1012411	60	Port Input	14	798932	3836	1
S1012411	60	Port Input	15	798933	3837	1
S1012411	60	Port Input	14	807772	12676	1
S1012411	60	Response	22	807772	12676	1
S1012411	61	Picture	20	807804	0	1	13055	1	0	next	hit	1188
S1012411	61	Port Input	15	811981	4177	1
S1012411	61	Port Input	14	811981	4177	1
S1012411	61	Port Input	15	811982	4178	1
S1012411	61	Port Input	14	811982	4178	1
S1012411	61	Port Input	15	811982	4178	1
S1012411	61	Port Input	14	811982	4178	1
S1012411	61	Port Input	15	811982	4178	1
S1012411	61	Port Input	14	811982	4178	1
S1012411	61	Port Input	15	811983	4179	1
S1012411	61	Port Input	14	811983	4179	1
S1012411	61	Port Input	15	811983	4179	1
S1012411	61	Port Input	14	811983	4179	1
S1012411	61	Port Input	15	811983	4179	1
S1012411	61	Port Input	14	820838	13034	1
S1012411	61	Response	22	820838	13034	1
S1012411	61	Port Input	15	820839	13035	4
S1012411	61	Port Input	14	820844	13040	1
S1012411	61	Port Input	15	820844	13040	1
S1012411	61	Port Input	14	820845	13041	1
S1012411	61	Port Input	15	820845	13041	1
S1012411	61	Port Input	14	820846	13042	1
S1012411	61	Port Input	15	820846	13042	1
S1012411	61	Port Input	14	820846	13042	1
S1012411	61	Port Input	15	820846	13042	1
S1012411	61	Port Input	14	820846	13042	1
S1012411	61	Port Input	15	820846	13042	1
S1012411	61	Port Input	14	820847	13043	1
S1012411	61	Port Input	15	820847	13043	1
S1012411	61	Port Input	14	820847	13043	1
S1012411	61	Port Input	15	820848	13044	1
S1012411	61	Port Input	14	820849	13045	1
S1012411	61	Port Input	15	820849	13046	1
S1012411	61	Port Input	14	820850	13046	1
S1012411	62	Picture	20	820859	0	1	13055	1	0	next	hit	1212
S1012411	62	Port Input	15	824895	4036	1
S1012411	62	Port Input	14	824895	4036	1
S1012411	62	Port Input	15	824895	4036	1
S1012411	62	Port Input	14	833883	13024	1
S1012411	62	Response	22	833883	13024	1
S1012411	63	Picture	20	833914	0	1	13888	1	0	next	hit	1218
S1012411	63	Port Input	15	838149	4235	1
S1012411	63	Port Input	14	838149	4235	1
S1012411	63	Port Input	15	838149	4235	1
S1012411	63	Port Input	14	847729	13815	1
S1012411	63	Response	22	847729	13815	1
S1012411	63	Port Input	15	847729	13815	1
S1012411	63	Port Input	14	847730	13816	4
S1012411	64	Picture	20	847803	0	1	12500	1	0	next	hit	1226
S1012411	64	Port Input	15	851531	3728	1
S1012411	64	Port Input	14	851531	3728	1
S1012411	64	Port Input	15	851531	3728	1
S1012411	64	Port Input	14	860243	12440	1
S1012411	64	Response	22	860243	12440	1
S1012411	64	Port Input	15	860243	12441	1
S1012411	64	Port Input	14	860243	12441	1
S1012411	64	Port Input	15	860244	12441	3
S1012411	64	Port Input	14	860247	12444	1
S1012411	64	Port Input	15	860248	12445	1
S1012411	64	Port Input	14	860248	12445	1
S1012411	64	Port Input	15	860248	12446	1
S1012411	64	Port Input	14	860249	12446	1
S1012411	65	Picture	20	860302	0	1	12361	1	0	next	hit	1246
S1012411	65	Port Input	15	864470	4168	1
S1012411	65	Port Input	14	864470	4168	1
S1012411	65	Port Input	15	864470	4168	1
S1012411	65	Port Input	14	864470	4168	1
S1012411	65	Port Input	15	864470	4168	1
S1012411	65	Port Input	14	864470	4168	1
S1012411	65	Port Input	15	864471	4168	1
S1012411	65	Port Input	14	864471	4168	1
S1012411	65	Port Input	15	864471	4168	1
S1012411	65	Port Input	14	872652	12350	1
S1012411	65	Response	22	872652	12350	1
S1012411	66	Picture	20	872663	0	1	11736	1	0	next	hit	1256
S1012411	66	Port Input	15	876589	3926	1
S1012411	66	Port Input	14	876589	3926	1
S1012411	66	Port Input	15	876590	3927	1
S1012411	66	Port Input	14	876590	3927	1
S1012411	66	Port Input	15	876590	3927	1
S1012411	66	Port Input	14	876590	3927	1
S1012411	66	Port Input	15	876590	3927	1
S1012411	66	Port Input	14	884363	11700	1
S1012411	66	Response	22	884363	11700	1
S1012411	66	Port Input	15	884364	11701	1
S1012411	66	Port Input	14	884366	11703	6
S1012411	67	Picture	20	884399	0	1	12986	1	0	next	hit	1272
S1012411	67	Port Input	15	889326	4927	1
S1012411	67	Port Input	14	889326	4927	1
S1012411	67	Port Input	15	889328	4929	1
S1012411	67	Port Input	14	889328	4929	1
S1012411	67	Port Input	15	889329	4930	1
S1012411	67	Port Input	14	889329	4930	1
S1012411	67	Port Input	15	889330	4932	1
S1012411	67	Port Input	14	889330	4932	1
S1012411	67	Port Input	15	889331	4932	1
S1012411	67	Port Input	14	889331	4932	1
S1012411	67	Port Input	15	889331	4933	1
S1012411	67	Port Input	14	897363	12964	1
S1012411	67	Response	22	897363	12964	1
S1012411	67	Port Input	15	897363	12964	1
S1012411	67	Port Input	14	897363	12965	1
S1012411	68	Picture	20	897384	0	1	12569	1	0	next	hit	1286
S1012411	68	Port Input	15	901447	4063	1
S1012411	68	Port Input	14	901447	4063	1
S1012411	68	Port Input	15	901447	4063	1
S1012411	68	Port Input	14	901447	4063	1
S1012411	68	Port Input	15	901448	4063	1
S1012411	68	Port Input	14	901448	4063	1
S1012411	68	Port Input	15	901448	4064	1
S1012411	68	Port Input	14	901448	4064	1
S1012411	68	Port Input	15	901448	4064	1
S1012411	68	Port Input	14	909930	12546	1
S1012411	68	Response	22	909930	12546	1
S1012411	68	Port Input	15	909930	12546	1
S1012411	68	Port Input	14	909931	12546	1
S1012411	68	Port Input	15	909931	12546	1
S1012411	68	Port Input	14	909931	12547	4
S1012411	68	Port Input	15	909937	12552	1
S1012411	68	Port Input	14	909937	12552	1
S1012411	68	Port Input	15	909940	12556	1
S1012411	68	Port Input	14	909940	12556	1
S1012411	68	Port Input	15	909951	12567	1
S1012411	68	Port Input	14	909951	12567	1
S1012411	69	Picture	20	909953	0	1	13541	1	0	next	hit	1328
S1012411	69	Port Input	15	914162	4209	1
S1012411	69	Port Input	14	914162	4209	1
S1012411	69	Port Input	15	914162	4209	1
S1012411	69	Port Input	14	914162	4209	1
S1012411	69	Port Input	15	914163	4209	1
S1012411	69	Port Input	14	914163	4209	1
S1012411	69	Port Input	15	914163	4210	1
S1012411	69	Port Input	14	914163	4210	1
S1012411	69	Port Input	15	914163	4210	1
S1012411	69	Port Input	14	914163	4210	1
S1012411	69	Port Input	15	914164	4210	1
S1012411	69	Port Input	14	914164	4210	1
S1012411	69	Port Input	15	914164	4211	1
S1012411	69	Port Input	14	914164	4211	1
S1012411	69	Port Input	15	914164	4211	1
S1012411	69	Port Input	14	914164	4211	1
S1012411	69	Port Input	15	914164	4211	1
S1012411	69	Port Input	14	914164	4211	1
S1012411	69	Port Input	15	914164	4211	1
S1012411	69	Port Input	14	914164	4211	1
S1012411	69	Port Input	15	914166	4212	1
S1012411	69	Port Input	14	914166	4212	1
S1012411	69	Port Input	15	914166	4212	1
S1012411	69	Port Input	14	914166	4212	1
S1012411	69	Port Input	15	914166	4212	1
S1012411	69	Port Input	14	914166	4213	1
S1012411	69	Port Input	15	914166	4213	1
S1012411	69	Port Input	14	914166	4213	1
S1012411	69	Port Input	15	914166	4213	1
S1012411	69	Port Input	14	923448	13494	1
S1012411	69	Response	22	923448	13494	1
S1012411	69	Port Input	15	923448	13495	1
S1012411	69	Port Input	14	923448	13495	1
S1012411	70	Picture	20	923495	0	1	12638	1	0	next	hit	1336
S1012411	70	Port Input	15	927514	4019	1
S1012411	70	Port Input	14	927514	4019	1
S1012411	70	Port Input	15	927514	4019	1
S1012411	70	Port Input	14	936097	12602	1
S1012411	70	Response	22	936097	12602	1
S1012411	70	Port Input	15	936097	12602	1
S1012411	70	Port Input	14	936097	12603	1
S1012411	71	Picture	20	936133	0	1	12708	1	0	next	hit	1344
S1012411	71	Port Input	15	940121	3988	1
S1012411	71	Port Input	14	940121	3988	1
S1012411	71	Port Input	15	940121	3988	1
S1012411	71	Port Input	14	948781	12648	1
S1012411	71	Response	22	948781	12648	1
S1012411	71	Port Input	15	948781	12648	1
S1012411	71	Port Input	14	948781	12648	1
S1012411	72	Picture	20	948841	0	1	12361	1	0	next	hit	1358
S1012411	72	Port Input	15	952992	4151	1
S1012411	72	Port Input	14	952992	4151	1
S1012411	72	Port Input	15	952994	4153	1
S1012411	72	Port Input	14	952994	4153	1
S1012411	72	Port Input	15	952994	4153	1
S1012411	72	Port Input	14	952994	4153	1
S1012411	72	Port Input	15	952994	4153	1
S1012411	72	Port Input	14	952994	4153	1
S1012411	72	Port Input	15	952994	4153	1
S1012411	72	Port Input	14	961152	12311	1
S1012411	72	Response	22	961152	12311	1
S1012411	72	Port Input	15	961152	12311	1
S1012411	72	Port Input	14	961152	12311	1
S1012411	73	Picture	20	961202	0	1	12291	1	0	next	hit	1370
S1012411	73	Port Input	15	965032	3831	1
S1012411	73	Port Input	14	965032	3831	1
S1012411	73	Port Input	15	965032	3831	1
S1012411	73	Port Input	14	965032	3831	1
S1012411	73	Port Input	15	965032	3831	1
S1012411	73	Port Input	14	965033	3831	1
S1012411	73	Port Input	15	965033	3831	1
S1012411	73	Port Input	14	973443	12241	1
S1012411	73	Response	22	973443	12241	1
S1012411	74	Picture	20	973493	0	1	13611	1	0	next	hit	1374
S1012411	74	Port Input	15	977806	4313	1
S1012411	74	Port Input	14	987072	13579	1
S1012411	74	Response	22	987072	13579	1
S1012411	75	Picture	20	987104	0	1	12847	1	0	next	hit	1378
S1012411	75	Port Input	15	991289	4186	1
S1012411	75	Port Input	14	999917	12813	1
S1012411	75	Response	22	999917	12813	1
S1012411	76	Picture	20	999950	0	1	13958	1	0	next	hit	1382
S1012411	76	Port Input	15	1004110	4159	1
S1012411	76	Port Input	14	1013843	13893	1
S1012411	76	Response	22	1013843	13893	1
S1012411	77	Picture	20	1013908	0	1	13888	1	0	next	hit	1402
S1012411	77	Port Input	15	1018218	4310	1
S1012411	77	Port Input	14	1018218	4310	1
S1012411	77	Port Input	15	1018218	4310	1
S1012411	77	Port Input	14	1018218	4310	1
S1012411	77	Port Input	15	1018219	4311	1
S1012411	77	Port Input	14	1018219	4311	1
S1012411	77	Port Input	15	1018219	4311	1
S1012411	77	Port Input	14	1018219	4311	1
S1012411	77	Port Input	15	1018220	4311	1
S1012411	77	Port Input	14	1018220	4311	1
S1012411	77	Port Input	15	1018220	4312	1
S1012411	77	Port Input	14	1018220	4312	1
S1012411	77	Port Input	15	1018220	4312	1
S1012411	77	Port Input	14	1018220	4312	1
S1012411	77	Port Input	15	1018220	4312	1
S1012411	77	Port Input	14	1018221	4312	1
S1012411	77	Port Input	15	1018221	4312	1
S1012411	77	Port Input	14	1027786	13878	1
S1012411	77	Response	22	1027786	13878	1
S1012411	77	Port Input	15	1027786	13878	1
S1012411	77	Port Input	14	1027786	13878	1
S1012411	77	Port Input	15	1027786	13878	1
S1012411	77	Port Input	14	1027786	13878	1
S1012411	78	Picture	20	1027797	0	1	14097	1	0	next	hit	1412
S1012411	78	Port Input	15	1032617	4820	1
S1012411	78	Port Input	14	1032617	4820	1
S1012411	78	Port Input	15	1032617	4821	1
S1012411	78	Port Input	14	1041843	14046	1
S1012411	78	Response	22	1041843	14046	1
S1012411	79	Picture	20	1041893	0	1	13125	1	0	next	hit	1416
S1012411	79	Port Input	15	1046563	4670	1
S1012411	79	Port Input	14	1054960	13066	1
S1012411	79	Response	22	1054960	13066	1
S1012411	80	Picture	20	1055018	0	1	13888	1	0	next	hit	1432
S1012411	80	Port Input	15	1059477	4459	1
S1012411	80	Port Input	14	1059477	4459	1
S1012411	80	Port Input	15	1059477	4459	1
S1012411	80	Port Input	14	1059477	4459	1
S1012411	80	Port Input	15	1059477	4459	1
S1012411	80	Port Input	14	1059478	4459	1
S1012411	80	Port Input	15	1059478	4460	1
S1012411	80	Port Input	14	1059478	4460	1
S1012411	80	Port Input	15	1059478	4460	1
S1012411	80	Port Input	14	1059478	4460	1
S1012411	80	Port Input	15	1059478	4460	1
S1012411	80	Port Input	14	1059478	4460	1
S1012411	80	Port Input	15	1059479	4461	1
S1012411	80	Port Input	14	1068841	13823	1
S1012411	80	Response	22	1068841	13823	1
S1012411	81	Picture	20	1068907	0	1	14027	1	0	next	hit	1440
S1012411	81	Port Input	15	1073062	4156	1
S1012411	81	Port Input	14	1073062	4156	1
S1012411	81	Port Input	15	1073063	4157	1
S1012411	81	Port Input	14	1073064	4157	1
S1012411	81	Port Input	15	1073064	4157	1
S1012411	81	Port Input	14	1082864	13958	1
S1012411	81	Response	22	1082864	13958	1
S1012411	81	Port Input	15	1082864	13958	1
S1012411	81	Port Input	14	1082870	13963	1
S1012411	82	Picture	20	1082934	0	1	13472	1	0	next	hit	1446
S1012411	82	Port Input	15	1087049	4115	1
S1012411	82	Port Input	14	1096356	13423	1
S1012411	82	Response	22	1096356	13423	1
S1012411	82	Port Input	15	1096357	13423	1
S1012411	82	Port Input	14	1096358	13424	4
S1012411	83	Picture	20	1096406	0	1	13750	1	0	next	hit	1466
S1012411	83	Port Input	15	1100975	4570	1
S1012411	83	Port Input	14	1100975	4570	1
S1012411	83	Port Input	15	1100981	4576	1
S1012411	83	Port Input	14	1100981	4576	1
S1012411	83	Port Input	15	1100981	4576	1
S1012411	83	Port Input	14	1100981	4576	1
S1012411	83	Port Input	15	1100981	4576	1
S1012411	83	Port Input	14	1100982	4576	1
S1012411	83	Port Input	15	1100982	4576	1
S1012411	83	Port Input	14	1100982	4576	1
S1012411	83	Port Input	15	1100982	4577	1
S1012411	83	Port Input	14	1100982	4577	1
S1012411	83	Port Input	15	1100982	4577	1
S1012411	83	Port Input	14	1100982	4577	1
S1012411	83	Port Input	15	1100982	4577	1
S1012411	83	Port Input	14	1110124	13719	1
S1012411	83	Response	22	1110124	13719	1
S1012411	84	Picture	20	1110155	0	1	13611	1	0	next	hit	1470
S1012411	84	Port Input	15	1114426	4271	1
S1012411	84	Port Input	14	1123714	13559	1
S1012411	84	Response	22	1123714	13559	1
S1012411	85	Picture	20	1123766	0	1	13750	1	0	next	hit	1474
S1012411	85	Port Input	15	1128620	4854	1
S1012411	85	Port Input	14	1137472	13706	1
S1012411	85	Response	22	1137472	13706	1
S1012411	85	Port Input	15	1137472	13707	1
S1012411	85	Port Input	14	1137473	13707	1
S1012411	85	Port Input	15	1137478	13712	1
S1012411	85	Port Input	14	1137478	13712	1
S1012411	85	Port Input	15	1137478	13713	1
S1012411	85	Port Input	14	1137478	13713	1
S1012411	85	Port Input	15	1137479	13713	1
S1012411	85	Port Input	14	1137479	13713	1
S1012411	85	Port Input	15	1137482	13716	1
S1012411	85	Port Input	14	1137482	13716	1
S1012411	85	Port Input	15	1137488	13722	1
S1012411	85	Port Input	14	1137488	13722	1
S1012411	86	Picture	20	1137515	0	1	13472	1	0	next	hit	1510
S1012411	86	Port Input	15	1137538	23	1
S1012411	86	Port Input	14	1137538	23	1
S1012411	86	Port Input	15	1141879	4364	1
S1012411	86	Port Input	14	1141879	4364	1
S1012411	86	Port Input	15	1141880	4365	1
S1012411	86	Port Input	14	1141880	4365	1
S1012411	86	Port Input	15	1141880	4365	1
S1012411	86	Port Input	14	1141880	4365	1
S1012411	86	Port Input	15	1141881	4365	1
S1012411	86	Port Input	14	1141881	4365	1
S1012411	86	Port Input	15	1141881	4366	1
S1012411	86	Port Input	14	1141881	4366	1
S1012411	86	Port Input	15	1141882	4366	1
S1012411	86	Port Input	14	1141882	4366	1
S1012411	86	Port Input	15	1141882	4366	1
S1012411	86	Port Input	14	1141882	4367	1
S1012411	86	Port Input	15	1141882	4367	1
S1012411	86	Port Input	14	1141882	4367	1
S1012411	86	Port Input	15	1141883	4368	1
S1012411	86	Port Input	14	1141884	4369	1
S1012411	86	Port Input	15	1141884	4369	1
S1012411	86	Port Input	14	1150953	13438	1
S1012411	86	Response	22	1150953	13438	1
S1012411	86	Port Input	15	1150954	13438	1
S1012411	86	Port Input	14	1150960	13445	1
S1012411	86	Port Input	15	1150961	13445	1
S1012411	86	Port Input	14	1150961	13446	1
S1012411	86	Port Input	15	1150962	13446	1
S1012411	86	Port Input	14	1150962	13446	1
S1012411	86	Port Input	15	1150962	13447	1
S1012411	86	Port Input	14	1150962	13447	1
S1012411	86	Port Input	15	1150963	13447	1
S1012411	86	Port Input	14	1150963	13447	1
S1012411	86	Port Input	15	1150963	13448	1
S1012411	86	Port Input	14	1150963	13448	1
S1012411	86	Port Input	15	1150963	13448	1
S1012411	86	Port Input	14	1150963	13448	1
S1012411	86	Port Input	15	1150964	13448	1
S1012411	86	Port Input	14	1150965	13449	1
S1012411	86	Port Input	15	1150965	13449	1
S1012411	86	Port Input	14	1150965	13450	1
S1012411	86	Port Input	15	1150965	13450	1
S1012411	86	Port Input	14	1150965	13450	1
S1012411	86	Port Input	15	1150965	13450	1
S1012411	86	Port Input	14	1150965	13450	1
S1012411	86	Port Input	15	1150966	13451	1
S1012411	86	Port Input	14	1150966	13451	1
S1012411	86	Port Input	15	1150967	13452	1
S1012411	86	Port Input	14	1150967	13452	1
S1012411	86	Port Input	15	1150967	13452	1
S1012411	86	Port Input	14	1150967	13452	1
S1012411	86	Port Input	15	1150967	13452	1
S1012411	86	Port Input	14	1150968	13452	1
S1012411	87	Picture	20	1150987	0	1	13125	1	0	next	hit	1554
S1012411	87	Port Input	15	1151034	47	1
S1012411	87	Port Input	14	1151034	47	1
S1012411	87	Port Input	15	1151035	47	1
S1012411	87	Port Input	14	1151035	47	1
S1012411	87	Port Input	15	1155391	4404	1
S1012411	87	Port Input	14	1155391	4404	1
S1012411	87	Port Input	15	1155391	4404	1
S1012411	87	Port Input	14	1155391	4404	1
S1012411	87	Port Input	15	1155391	4404	1
S1012411	87	Port Input	14	1155391	4404	1
S1012411	87	Port Input	15	1155391	4404	1
S1012411	87	Port Input	14	1164065	13078	1
S1012411	87	Response	22	1164065	13078	1
S1012411	88	Picture	20	1164112	0	1	14236	1	0	next	hit	1562
S1012411	88	Port Input	15	1168426	4315	1
S1012411	88	Port Input	14	1168427	4315	1
S1012411	88	Port Input	15	1168427	4315	1
S1012411	88	Port Input	14	1168427	4315	1
S1012411	88	Port Input	15	1168427	4315	1
S1012411	88	Port Input	14	1178333	14221	1
S1012411	88	Response	22	1178333	14221	1
S1012411	88	Port Input	15	1178333	14221	1
S1012411	88	Port Input	14	1178334	14223	5
S1012411	88	Port Input	15	1178338	14227	1
S1012411	88	Port Input	14	1178339	14227	1
S1012411	88	Port Input	15	1178339	14227	1
S1012411	88	Port Input	14	1178339	14228	1
S1012411	88	Port Input	15	1178339	14228	1
S1012411	88	Port Input	14	1178339	14228	1
S1012411	88	Port Input	15	1178341	14230	1
S1012411	88	Port Input	14	1178342	14230	1
S1012411	88	Port Input	15	1178343	14231	1
S1012411	88	Port Input	14	1178343	14231	1
S1012411	88	Port Input	15	1178344	14232	1
S1012411	88	Port Input	14	1178344	14232	1
S1012411	88	Port Input	15	1178344	14232	1
S1012411	88	Port Input	14	1178344	14232	1
S1012411	89	Picture	20	1178347	0	1	13472	1	0	next	hit	1610
S1012411	89	Port Input	15	1182290	3943	1
S1012411	89	Port Input	14	1182291	3943	1
S1012411	89	Port Input	15	1182291	3944	1
S1012411	89	Port Input	14	1182291	3944	1
S1012411	89	Port Input	15	1182291	3944	1
S1012411	89	Port Input	14	1182291	3944	1
S1012411	89	Port Input	15	1182292	3944	1
S1012411	89	Port Input	14	1182292	3944	1
S1012411	89	Port Input	15	1182292	3944	1
S1012411	89	Port Input	14	1182292	3944	1
S1012411	89	Port Input	15	1182292	3945	1
S1012411	89	Port Input	14	1182292	3945	1
S1012411	89	Port Input	15	1182292	3945	1
S1012411	89	Port Input	14	1182292	3945	1
S1012411	89	Port Input	15	1182293	3945	1
S1012411	89	Port Input	14	1182293	3945	1
S1012411	89	Port Input	15	1182293	3945	1
S1012411	89	Port Input	14	1182293	3945	1
S1012411	89	Port Input	15	1182293	3945	1
S1012411	89	Port Input	14	1182293	3945	1
S1012411	89	Port Input	15	1182293	3946	1
S1012411	89	Port Input	14	1182293	3946	1
S1012411	89	Port Input	15	1182294	3947	1
S1012411	89	Port Input	14	1182294	3947	1
S1012411	89	Port Input	15	1182295	3948	1
S1012411	89	Port Input	14	1182295	3948	1
S1012411	89	Port Input	15	1182295	3948	1
S1012411	89	Port Input	14	1182295	3948	1
S1012411	89	Port Input	15	1182295	3948	1
S1012411	89	Port Input	14	1191745	13398	1
S1012411	89	Response	22	1191745	13398	1
S1012411	90	Picture	20	1191819	0	1	12638	1	0	next	hit	1614
S1012411	90	Port Input	15	1196505	4686	1
S1012411	90	Port Input	14	1204442	12623	1
S1012411	90	Response	22	1204442	12623	1
S1012411	90	Port Input	15	1204442	12623	1
S1012411	90	Port Input	14	1204442	12623	1
S1012411	91	Picture	20	1204458	0	1	13819	1	0	next	hit	1626
S1012411	91	Port Input	15	1209941	5484	1
S1012411	91	Port Input	14	1209941	5484	1
S1012411	91	Port Input	15	1209942	5485	1
S1012411	91	Port Input	14	1209942	5485	1
S1012411	91	Port Input	15	1209943	5485	1
S1012411	91	Port Input	14	1209943	5485	1
S1012411	91	Port Input	15	1209943	5486	1
S1012411	91	Port Input	14	1218257	13799	1
S1012411	91	Response	22	1218257	13799	1
S1012411	92	Picture	20	1218277	0	1	13055	1	0	next	hit	1634
S1012411	92	Port Input	15	1222111	3835	1
S1012411	92	Port Input	14	1222111	3835	1
S1012411	92	Port Input	15	1222111	3835	1
S1012411	92	Port Input	14	1222112	3835	1
S1012411	92	Port Input	15	1222112	3835	1
S1012411	92	Port Input	14	1231293	13016	1
S1012411	92	Response	22	1231293	13016	1
S1012411	93	Picture	20	1231332	0	1	13958	1	0	next	hit	1640
S1012411	93	Port Input	15	1235857	4526	1
S1012411	93	Port Input	14	1235857	4526	1
S1012411	93	Port Input	15	1235858	4526	1
S1012411	93	Port Input	14	1245273	13942	1
S1012411	93	Response	22	1245273	13942	1
S1012411	94	Picture	20	1245290	0	1	12847	1	0	next	hit	1652
S1012411	94	Port Input	15	1249281	3992	1
S1012411	94	Port Input	14	1249281	3992	1
S1012411	94	Port Input	15	1249281	3992	1
S1012411	94	Port Input	14	1249281	3992	1
S1012411	94	Port Input	15	1249282	3992	1
S1012411	94	Port Input	14	1249282	3992	1
S1012411	94	Port Input	15	1249282	3992	1
S1012411	94	Port Input	14	1249282	3992	1
S1012411	94	Port Input	15	1249282	3992	1
S1012411	94	Port Input	14	1258069	12779	1
S1012411	94	Response	22	1258069	12779	1
S1012411	94	Port Input	15	1258069	12779	1
S1012411	94	Port Input	14	1258069	12780	1
S1012411	95	Picture	20	1258136	0	1	12500	1	0	next	hit	1670
S1012411	95	Port Input	15	1262488	4352	1
S1012411	95	Port Input	14	1262488	4352	1
S1012411	95	Port Input	15	1262489	4353	1
S1012411	95	Port Input	14	1262489	4353	1
S1012411	95	Port Input	15	1262490	4354	1
S1012411	95	Port Input	14	1262490	4354	1
S1012411	95	Port Input	15	1262490	4354	1
S1012411	95	Port Input	14	1262490	4354	1
S1012411	95	Port Input	15	1262490	4354	1
S1012411	95	Port Input	14	1262490	4354	1
S1012411	95	Port Input	15	1262491	4354	1
S1012411	95	Port Input	14	1262491	4354	1
S1012411	95	Port Input	15	1262491	4354	1
S1012411	95	Port Input	14	1270602	12465	1
S1012411	95	Response	22	1270602	12465	1
S1012411	95	Port Input	15	1270602	12465	1
S1012411	95	Port Input	14	1270602	12466	1
S1012411	96	Picture	20	1270636	0	1	12916	1	0	next	hit	1680
S1012411	96	Port Input	15	1274433	3797	1
S1012411	96	Port Input	14	1274433	3797	1
S1012411	96	Port Input	15	1274433	3797	1
S1012411	96	Port Input	14	1274434	3798	1
S1012411	96	Port Input	15	1274434	3798	1
S1012411	96	Port Input	14	1283512	12876	1
S1012411	96	Response	22	1283512	12876	1
S1012411	97	Picture	20	1283552	0	1	12847	1	0	next	hit	1688
S1012411	97	Port Input	15	1287587	4035	1
S1012411	97	Port Input	14	1287587	4035	1
S1012411	97	Port Input	15	1287587	4035	1
S1012411	97	Port Input	14	1287587	4035	1
S1012411	97	Port Input	15	1287587	4035	1
S1012411	97	Port Input	14	1296331	12779	1
S1012411	97	Response	22	1296331	12779	1
S1012411	98	Picture	20	1296399	0	1	12222	1	0	next	hit	1696
S1012411	98	Port Input	15	1300328	3929	1
S1012411	98	Port Input	14	1300328	3929	1
S1012411	98	Port Input	15	1300328	3929	1
S1012411	98	Port Input	14	1300328	3929	1
S1012411	98	Port Input	15	1300328	3929	1
S1012411	98	Port Input	14	1308578	12179	1
S1012411	98	Response	22	1308578	12179	1
S1012411	99	Picture	20	1308621	0	1	12361	1	0	next	hit	1702
S1012411	99	Port Input	15	1313321	4700	1
S1012411	99	Port Input	14	1313321	4700	1
S1012411	99	Port Input	15	1313322	4701	1
S1012411	99	Port Input	14	1320955	12334	1
S1012411	99	Response	22	1320955	12334	1
S1012411	100	Picture	20	1320981	0	1	12986	1	0	next	hit	1708
S1012411	100	Port Input	15	1325024	4042	1
S1012411	100	Port Input	14	1325024	4043	1
S1012411	100	Port Input	15	1325025	4043	1
S1012411	100	Port Input	14	1333922	12941	1
S1012411	100	Response	22	1333922	12941	1
S1012411	101	Picture	20	1333967	0	1	12847	1	0	next	hit	1716
S1012411	101	Port Input	15	1338183	4216	1
S1012411	101	Port Input	14	1338183	4216	1
S1012411	101	Port Input	15	1338184	4217	1
S1012411	101	Port Input	14	1338184	4217	1
S1012411	101	Port Input	15	1338184	4217	1
S1012411	101	Port Input	14	1346767	12800	1
S1012411	101	Response	22	1346767	12800	1
S1012411	101	Port Input	15	1346768	12801	1
S1012411	101	Port Input	14	1346768	12801	4
S1012411	102	Picture	20	1346814	0	1	14652	1	0	next	hit	1732
S1012411	102	Port Input	15	1350353	3539	1
S1012411	102	Port Input	14	1350353	3539	1
S1012411	102	Port Input	15	1350353	3539	1
S1012411	102	Port Input	14	1350353	3539	1
S1012411	102	Port Input	15	1350353	3539	1
S1012411	102	Port Input	14	1350353	3539	1
S1012411	102	Port Input	15	1350354	3540	1
S1012411	102	Port Input	14	1350354	3540	1
S1012411	102	Port Input	15	1350354	3540	1
S1012411	102	Port Input	14	1350355	3541	1
S1012411	102	Port Input	15	1350355	3541	1
S1012411	102	Port Input	14	1360912	14098	1
S1012411	102	Response	22	1360912	14098	1
S1012411	102	Port Input	15	1360912	14098	1
S1012411	102	Port Input	14	1360913	14099	2
S1012411	102	Port Input	15	1360919	14105	1
S1012411	102	Port Input	14	1360919	14105	1
S1012411	103	Port Input	15	1365485	4519	1
S1012411	103	Port Input	14	1365485	4519	1
S1012411	103	Port Input	15	1365487	4521	1
S1012411	103	Port Input	14	1365487	4521	1
S1012411	103	Port Input	15	1365487	4521	1
S1012411	103	Port Input	14	1365488	4521	1
S1012411	103	Port Input	15	1365488	4521	1
