Scenario - passive press generic training 1.2
Logfile written - 05/16/2023 11:01:16

Subject	Trial	Event Type	Code	Time	TTime	Uncertainty	Duration	Uncertainty	ReqTime	ReqDur	Stim Type	Pair Index

S1012517	1	Picture	83	22	0	1	5000	1	0	4950	other	0
S1012517	1	Picture	82	10021	10000	1	5000	1	9950	4950	other	0
S1012517	1	Picture	81	20021	19999	1	5000	1	19950	4950	other	0
S1012517	1	Picture	80	30021	29999	1	5000	1	29950	4950	other	0
S1012517	1	Picture	81	40020	39999	1	10000	1	39950	9950	other	0
S1012517	1	Port Input	14	44777	44756	1
S1012517	1	Response	100	44777	44756	1
S1012517	1	Port Input	15	44777	44756	1
S1012517	1	Port Input	14	44778	44756	1
S1012517	1	Port Input	15	44778	44757	1
S1012517	1	Port Input	14	44778	44757	1
S1012517	1	Port Input	15	44778	44757	1
S1012517	1	Port Input	14	44778	44757	1
S1012517	1	Port Input	15	44779	44757	1
S1012517	1	Port Input	14	44779	44757	1
S1012517	1	Port Input	15	44779	44757	1
S1012517	1	Port Input	14	44779	44757	1
S1012517	1	Port Input	15	44779	44758	1
S1012517	1	Port Input	14	44779	44758	1
S1012517	1	Port Input	15	44779	44758	1
S1012517	1	Port Input	14	44779	44758	1
S1012517	1	Port Input	15	44780	44758	1
S1012517	1	Port Input	14	44780	44758	1
S1012517	1	Port Input	15	44786	44764	1
S1012517	1	Port Input	14	44786	44764	1
S1012517	1	Port Input	15	44787	44765	1
S1012517	1	Port Input	14	44787	44765	1
S1012517	1	Port Input	15	44787	44765	1
S1012517	1	Port Input	14	44787	44765	1
S1012517	1	Port Input	15	46572	46550	1
S1012517	1	Picture	81	60020	59998	1	10000	1	59950	9950	other	0
S1012517	1	Port Input	14	62943	62922	1
S1012517	1	Response	100	62943	62922	1
S1012517	1	Port Input	15	62944	62922	1
S1012517	1	Port Input	14	62944	62922	1
S1012517	1	Port Input	15	62944	62922	1
S1012517	1	Port Input	14	62944	62922	1
S1012517	1	Port Input	15	62944	62922	1
S1012517	1	Port Input	14	62944	62922	1
S1012517	1	Port Input	15	62944	62922	1
S1012517	1	Port Input	14	62946	62925	1
S1012517	1	Port Input	15	62946	62925	1
S1012517	1	Port Input	14	62946	62925	1
S1012517	1	Port Input	15	62946	62925	1
S1012517	1	Port Input	14	62947	62925	1
S1012517	1	Port Input	15	62947	62925	1
S1012517	1	Port Input	14	62947	62925	1
S1012517	1	Port Input	15	62947	62926	1
S1012517	1	Port Input	14	62947	62926	1
S1012517	1	Port Input	15	62947	62926	1
S1012517	1	Port Input	14	62947	62926	1
S1012517	1	Port Input	15	64827	64806	1
S1012517	1	Port Input	14	64827	64806	1
S1012517	1	Port Input	15	64874	64852	1
S1012517	1	Port Input	14	64874	64852	1
S1012517	1	Port Input	15	64876	64854	1
S1012517	1	Port Input	14	64876	64854	1
S1012517	1	Port Input	15	64899	64877	1
S1012517	1	Port Input	14	64899	64877	1
S1012517	1	Port Input	15	64903	64881	1
S1012517	1	Port Input	14	64903	64881	1
S1012517	1	Port Input	15	64904	64883	1
S1012517	1	Port Input	14	64904	64883	1
S1012517	1	Port Input	15	64913	64891	1
S1012517	1	Port Input	14	64913	64891	1
S1012517	1	Port Input	15	65140	65119	1
S1012517	1	Picture	81	80019	79997	1	10000	1	79950	9950	other	0
S1012517	1	Port Input	14	82208	82187	1
S1012517	1	Response	100	82208	82187	1
S1012517	1	Port Input	15	82208	82187	1
S1012517	1	Port Input	14	82208	82187	1
S1012517	1	Port Input	15	82208	82187	1
S1012517	1	Port Input	14	82208	82187	1
S1012517	1	Port Input	15	82208	82187	1
S1012517	1	Port Input	14	82208	82187	1
S1012517	1	Port Input	15	83722	83701	1
S1012517	1	Port Input	14	83723	83701	1
S1012517	1	Port Input	15	83730	83708	1
S1012517	1	Port Input	14	83730	83708	1
S1012517	1	Port Input	15	83730	83709	1
S1012517	1	Port Input	14	83730	83709	1
S1012517	1	Port Input	15	83731	83710	1
S1012517	1	Port Input	14	83731	83710	1
S1012517	1	Port Input	15	83735	83714	1
S1012517	1	Port Input	14	83735	83714	1
S1012517	1	Port Input	15	83736	83715	1
S1012517	1	Port Input	14	83736	83715	1
S1012517	1	Port Input	15	83748	83727	1
S1012517	1	Port Input	14	83748	83727	1
S1012517	1	Port Input	15	83748	83727	1
S1012517	1	Port Input	14	83748	83727	1
S1012517	1	Port Input	15	83749	83728	1
S1012517	1	Port Input	14	83749	83728	1
S1012517	1	Port Input	15	83749	83728	1
S1012517	1	Port Input	14	83749	83728	1
S1012517	1	Port Input	15	83750	83728	1
S1012517	1	Port Input	14	83750	83728	1
S1012517	1	Port Input	15	83750	83729	1
S1012517	1	Port Input	14	83750	83729	1
S1012517	1	Port Input	15	83750	83729	1
S1012517	1	Port Input	14	83751	83729	1
S1012517	1	Port Input	15	83755	83734	1
S1012517	1	Port Input	14	83755	83734	1
S1012517	1	Port Input	15	83756	83734	1
S1012517	1	Port Input	14	83756	83734	1
S1012517	1	Port Input	15	83756	83735	1
S1012517	1	Port Input	14	83756	83735	1
S1012517	1	Port Input	15	83756	83735	1
S1012517	1	Port Input	14	83756	83735	1
S1012517	1	Port Input	15	83757	83736	1
S1012517	1	Port Input	14	83757	83736	1
S1012517	1	Port Input	15	83759	83737	1
S1012517	1	Port Input	14	83759	83737	1
S1012517	1	Port Input	15	83760	83738	1
S1012517	1	Port Input	14	83760	83738	1
S1012517	1	Port Input	15	83760	83739	1
S1012517	1	Port Input	14	83760	83739	1
S1012517	1	Port Input	15	83760	83739	1
S1012517	1	Port Input	14	83761	83739	1
S1012517	1	Port Input	15	83761	83740	1
S1012517	1	Port Input	14	83761	83740	1
S1012517	1	Port Input	15	83761	83740	1
S1012517	1	Port Input	14	83761	83740	1
S1012517	1	Port Input	15	83761	83740	1
S1012517	1	Port Input	14	83762	83740	1
S1012517	1	Port Input	15	83762	83741	1
S1012517	1	Port Input	14	83762	83741	1
S1012517	1	Port Input	15	83764	83742	1
S1012517	1	Port Input	14	83764	83742	1
S1012517	1	Port Input	15	83767	83745	1
S1012517	1	Port Input	14	83767	83745	1
S1012517	1	Port Input	15	83767	83746	1
S1012517	1	Port Input	14	83767	83746	1
S1012517	1	Port Input	15	83771	83750	1
S1012517	1	Port Input	14	83771	83750	1
S1012517	1	Port Input	15	83778	83757	1
S1012517	1	Port Input	14	83778	83757	1
S1012517	1	Port Input	15	83780	83758	1
S1012517	1	Port Input	14	83780	83758	1
S1012517	1	Port Input	15	83780	83759	1
S1012517	1	Port Input	14	83780	83759	1
S1012517	1	Port Input	15	83781	83759	1
S1012517	1	Port Input	14	83781	83759	1
S1012517	1	Port Input	15	83781	83760	1
S1012517	1	Port Input	14	83781	83760	1
S1012517	1	Port Input	15	83787	83766	1
S1012517	1	Port Input	14	83787	83766	1
S1012517	1	Port Input	15	83789	83767	1
S1012517	1	Port Input	14	83789	83767	1
S1012517	1	Port Input	15	83790	83768	1
S1012517	1	Port Input	14	83790	83768	1
S1012517	1	Port Input	15	83790	83768	1
S1012517	1	Port Input	14	83790	83768	1
S1012517	1	Port Input	15	83793	83771	1
S1012517	1	Port Input	14	83793	83771	1
S1012517	1	Port Input	15	83793	83772	1
S1012517	1	Port Input	14	83793	83772	1
S1012517	1	Port Input	15	83794	83772	1
S1012517	1	Port Input	14	83794	83773	1
S1012517	1	Port Input	15	83795	83774	1
S1012517	1	Port Input	14	83796	83774	1
S1012517	1	Port Input	15	83796	83774	1
S1012517	1	Port Input	14	83796	83774	1
S1012517	1	Port Input	15	83797	83775	1
S1012517	1	Port Input	14	83797	83775	1
S1012517	1	Port Input	15	83798	83776	1
S1012517	1	Port Input	14	83798	83776	1
S1012517	1	Port Input	15	83798	83777	1
S1012517	1	Port Input	14	83798	83777	1
S1012517	1	Port Input	15	83803	83781	1
S1012517	1	Port Input	14	83803	83781	1
S1012517	1	Port Input	15	83805	83783	1
S1012517	1	Port Input	14	83805	83784	1
S1012517	1	Port Input	15	83805	83784	1
S1012517	1	Port Input	14	83805	83784	1
S1012517	1	Port Input	15	83806	83785	1
S1012517	1	Port Input	14	83806	83785	1
S1012517	1	Port Input	15	83807	83785	1
S1012517	1	Port Input	14	83807	83785	1
S1012517	1	Port Input	15	83808	83786	1
S1012517	1	Port Input	14	83808	83786	1
S1012517	1	Port Input	15	83808	83786	1
S1012517	1	Port Input	14	83808	83786	1
S1012517	1	Port Input	15	83810	83789	1
S1012517	1	Port Input	14	83810	83789	1
S1012517	1	Port Input	15	83811	83789	1
S1012517	1	Port Input	14	83811	83789	1
S1012517	1	Port Input	15	83811	83790	1
S1012517	1	Port Input	14	83811	83790	1
S1012517	1	Port Input	15	83812	83790	1
S1012517	1	Port Input	14	83812	83790	1
S1012517	1	Port Input	15	83812	83791	1
S1012517	1	Port Input	14	83812	83791	1
S1012517	1	Port Input	15	83812	83791	1
S1012517	1	Port Input	14	83812	83791	1
S1012517	1	Port Input	15	83813	83791	1
S1012517	1	Port Input	14	83813	83791	1
S1012517	1	Port Input	15	83813	83791	1
S1012517	1	Port Input	14	83813	83791	1
S1012517	1	Port Input	15	83813	83792	1
S1012517	1	Port Input	14	83813	83792	1
S1012517	1	Port Input	15	83814	83792	1
S1012517	1	Port Input	14	83814	83792	1
S1012517	1	Port Input	15	83814	83792	1
S1012517	1	Port Input	14	83814	83792	1
S1012517	1	Port Input	15	83814	83793	1
S1012517	1	Port Input	14	83814	83793	1
S1012517	1	Port Input	15	83819	83798	1
S1012517	1	Port Input	14	83819	83798	1
S1012517	1	Port Input	15	83821	83800	1
S1012517	1	Port Input	14	83821	83800	1
S1012517	1	Port Input	15	83823	83802	1
S1012517	1	Port Input	14	83823	83802	1
S1012517	1	Port Input	15	83824	83802	1
S1012517	1	Port Input	14	83824	83802	1
S1012517	1	Port Input	15	83826	83805	1
S1012517	1	Port Input	14	83827	83805	1
S1012517	1	Port Input	15	84093	84071	1
S1012517	1	Port Input	14	84093	84071	1
S1012517	1	Port Input	15	84093	84071	1
S1012517	1	Port Input	14	84093	84071	1
S1012517	1	Port Input	15	84093	84071	1
S1012517	2	Port Input	14	101014	10925	3
S1012517	2	Response	100	101014	10925	3
S1012517	3	Port Input	15	102969	1076	8
S1012517	3	Port Input	14	118396	16502	8
S1012517	3	Response	100	118396	16502	8
S1012517	4	Port Input	15	120179	1758	8
S1012517	4	Port Input	14	133781	15360	8
S1012517	4	Response	100	133781	15360	8
S1012517	5	Port Input	15	135324	1487	1
S1012517	5	Port Input	14	135324	1487	1
S1012517	5	Port Input	15	135571	1734	8
S1012517	5	Port Input	14	149613	15776	8
S1012517	5	Response	100	149613	15776	8
S1012517	6	Port Input	15	151474	1805	8
S1012517	6	Port Input	14	164631	14961	8
S1012517	6	Response	100	164631	14961	8
S1012517	7	Port Input	15	166474	1805	10
S1012517	7	Port Input	14	179742	15073	8
S1012517	7	Response	100	179742	15073	8
S1012517	8	Port Input	15	181373	1566	8
S1012517	8	Port Input	14	193745	13937	8
S1012517	8	Response	100	193745	13937	8
S1012517	9	Port Input	15	195285	1451	8
S1012517	9	Port Input	14	207966	14131	8
S1012517	9	Response	100	207966	14131	8
S1012517	10	Port Input	15	209673	1672	8
S1012517	10	Port Input	14	222854	14853	8
S1012517	10	Response	100	222854	14853	8
S1012517	11	Port Input	15	224742	1811	8
S1012517	11	Port Input	14	237580	14649	8
S1012517	11	Response	100	237580	14649	8
S1012517	12	Port Input	15	239311	1658	1
S1012517	12	Port Input	14	251676	14023	1
S1012517	12	Response	100	251676	14023	1
