Scenario - Push Button + tone (0ms)
Logfile written - 11/10/2023 12:45:36

Subject	Trial	Event Type	Code	Time	TTime	Uncertainty	Duration	Uncertainty	ReqTime	ReqDur	Stim Type	Pair Index

S1012632	1	Picture	start	69	0	1	40554	1	0	next	other	0
S1012632	3	Nothing	nothing	45124	0	1			0		hit	4
S1012632	3	Port Input	14	169302	124178	1
S1012632	3	Response	222	169302	124178	1
S1012632	4	Sound	20	169314	0	568			0		hit	490
S1012632	4	Port Input	15	172299	2985	1
S1012632	4	Port Input	14	172299	2985	1
S1012632	4	Port Input	15	172302	2988	1
S1012632	4	Port Input	14	172302	2988	1
S1012632	4	Port Input	15	172303	2989	1
S1012632	4	Port Input	14	172303	2989	1
S1012632	4	Port Input	15	172303	2989	1
S1012632	4	Port Input	14	172303	2989	1
S1012632	4	Port Input	15	172306	2992	1
S1012632	4	Port Input	14	172306	2992	1
S1012632	4	Port Input	15	172306	2992	1
S1012632	4	Port Input	14	172306	2992	1
S1012632	4	Port Input	15	172307	2993	1
S1012632	4	Port Input	14	172307	2993	1
S1012632	4	Port Input	15	172933	3619	1
S1012632	4	Port Input	14	172933	3619	1
S1012632	4	Port Input	15	172936	3622	1
S1012632	4	Port Input	14	172936	3622	1
S1012632	4	Port Input	15	172943	3629	1
S1012632	4	Port Input	14	172943	3629	1
S1012632	4	Port Input	15	172954	3640	1
S1012632	4	Port Input	14	172954	3640	1
S1012632	4	Port Input	15	172963	3649	1
S1012632	4	Port Input	14	172963	3649	1
S1012632	4	Port Input	15	172966	3652	1
S1012632	4	Port Input	14	172966	3652	1
S1012632	4	Port Input	15	172971	3657	1
S1012632	4	Port Input	14	172971	3657	1
S1012632	4	Port Input	15	172978	3664	1
S1012632	4	Port Input	14	172978	3664	1
S1012632	4	Port Input	15	172979	3665	1
S1012632	4	Port Input	14	172979	3665	1
S1012632	4	Port Input	15	172981	3667	1
S1012632	4	Port Input	14	172981	3667	1
S1012632	4	Port Input	15	172981	3667	1
S1012632	4	Port Input	14	172981	3667	1
S1012632	4	Port Input	15	172982	3668	1
S1012632	4	Port Input	14	172982	3668	1
S1012632	4	Port Input	15	172982	3668	1
S1012632	4	Port Input	14	172982	3668	1
S1012632	4	Port Input	15	172983	3669	1
S1012632	4	Port Input	14	172983	3669	1
S1012632	4	Port Input	15	172983	3669	1
S1012632	4	Port Input	14	172983	3669	1
S1012632	4	Port Input	15	172984	3670	1
S1012632	4	Port Input	14	172984	3670	1
S1012632	4	Port Input	15	172984	3670	1
S1012632	4	Port Input	14	172984	3670	1
S1012632	4	Port Input	15	172987	3673	1
S1012632	4	Port Input	14	172987	3673	1
S1012632	4	Port Input	15	172988	3674	1
S1012632	4	Port Input	14	172988	3674	1
S1012632	4	Port Input	15	172992	3678	1
S1012632	4	Port Input	14	172992	3678	1
S1012632	4	Port Input	15	172996	3682	1
S1012632	4	Port Input	14	172996	3682	1
S1012632	4	Port Input	15	172999	3685	1
S1012632	4	Port Input	14	172999	3685	1
S1012632	4	Port Input	15	173000	3686	1
S1012632	4	Port Input	14	173000	3686	1
S1012632	4	Port Input	15	173015	3701	1
S1012632	4	Port Input	14	173015	3701	1
S1012632	4	Port Input	15	173024	3710	1
S1012632	4	Port Input	14	173024	3710	1
S1012632	4	Port Input	15	173026	3712	1
S1012632	4	Port Input	14	173026	3712	1
S1012632	4	Port Input	15	173032	3717	1
S1012632	4	Port Input	14	173032	3718	1
S1012632	4	Port Input	15	173032	3718	1
S1012632	4	Port Input	14	173032	3718	1
S1012632	4	Port Input	15	173048	3734	1
S1012632	4	Port Input	14	173048	3734	1
S1012632	4	Port Input	15	173049	3735	1
S1012632	4	Port Input	14	173049	3735	1
S1012632	4	Port Input	15	173049	3735	1
S1012632	4	Port Input	14	173049	3735	1
S1012632	4	Port Input	15	173052	3738	1
S1012632	4	Port Input	14	173052	3738	1
S1012632	4	Port Input	15	173053	3739	1
S1012632	4	Port Input	14	173053	3739	1
S1012632	4	Port Input	15	173053	3739	1
S1012632	4	Port Input	14	173053	3739	1
S1012632	4	Port Input	15	173054	3740	1
S1012632	4	Port Input	14	173054	3740	1
S1012632	4	Port Input	15	173055	3741	1
S1012632	4	Port Input	14	173055	3741	1
S1012632	4	Port Input	15	173057	3742	1
S1012632	4	Port Input	14	173057	3743	1
S1012632	4	Port Input	15	173059	3745	1
S1012632	4	Port Input	14	173059	3745	1
S1012632	4	Port Input	15	173060	3746	1
S1012632	4	Port Input	14	173060	3746	1
S1012632	4	Port Input	15	173061	3746	1
S1012632	4	Port Input	14	173061	3747	1
S1012632	4	Port Input	15	173062	3748	1
S1012632	4	Port Input	14	173062	3748	1
S1012632	4	Port Input	15	173062	3748	1
S1012632	4	Port Input	14	173062	3748	1
S1012632	4	Port Input	15	173062	3748	1
S1012632	4	Port Input	14	173062	3748	1
S1012632	4	Port Input	15	173062	3748	1
S1012632	4	Port Input	14	173062	3748	1
S1012632	4	Port Input	15	173062	3748	1
S1012632	4	Port Input	14	173062	3748	1
S1012632	4	Port Input	15	173063	3748	1
S1012632	4	Port Input	14	173063	3749	1
S1012632	4	Port Input	15	173063	3749	1
S1012632	4	Port Input	14	173063	3749	1
S1012632	4	Port Input	15	173063	3749	1
S1012632	4	Port Input	14	173063	3749	1
S1012632	4	Port Input	15	173064	3750	1
S1012632	4	Port Input	14	173064	3750	1
S1012632	4	Port Input	15	173064	3750	1
S1012632	4	Port Input	14	173064	3750	1
S1012632	4	Port Input	15	173064	3750	1
S1012632	4	Port Input	14	173064	3750	1
S1012632	4	Port Input	15	173065	3751	1
S1012632	4	Port Input	14	173065	3751	1
S1012632	4	Port Input	15	173065	3751	1
S1012632	4	Port Input	14	173065	3751	1
S1012632	4	Port Input	15	173065	3751	1
S1012632	4	Port Input	14	173065	3751	1
S1012632	4	Port Input	15	173065	3751	1
S1012632	4	Port Input	14	173065	3751	1
S1012632	4	Port Input	15	173065	3751	1
S1012632	4	Port Input	14	173065	3751	1
S1012632	4	Port Input	15	173066	3752	1
S1012632	4	Port Input	14	173066	3752	1
S1012632	4	Port Input	15	173066	3752	1
S1012632	4	Port Input	14	173066	3752	1
S1012632	4	Port Input	15	173066	3752	1
S1012632	4	Port Input	14	173066	3752	1
S1012632	4	Port Input	15	173066	3752	1
S1012632	4	Port Input	14	173066	3752	1
S1012632	4	Port Input	15	173067	3753	1
S1012632	4	Port Input	14	173067	3753	1
S1012632	4	Port Input	15	173067	3753	1
S1012632	4	Port Input	14	173067	3753	1
S1012632	4	Port Input	15	173067	3753	1
S1012632	4	Port Input	14	173067	3753	1
S1012632	4	Port Input	15	173067	3753	1
S1012632	4	Port Input	14	173067	3753	1
S1012632	4	Port Input	15	173067	3753	1
S1012632	4	Port Input	14	173067	3753	1
S1012632	4	Port Input	15	173067	3753	1
S1012632	4	Port Input	14	173067	3753	1
S1012632	4	Port Input	15	173067	3753	1
S1012632	4	Port Input	14	173068	3753	1
S1012632	4	Port Input	15	173068	3754	1
S1012632	4	Port Input	14	173068	3754	1
S1012632	4	Port Input	15	173068	3754	1
S1012632	4	Port Input	14	173068	3754	1
S1012632	4	Port Input	15	173068	3754	1
S1012632	4	Port Input	14	173068	3754	1
S1012632	4	Port Input	15	173068	3754	1
S1012632	4	Port Input	14	173069	3754	1
S1012632	4	Port Input	15	173069	3755	1
S1012632	4	Port Input	14	173069	3755	1
S1012632	4	Port Input	15	173069	3755	1
S1012632	4	Port Input	14	173069	3755	1
S1012632	4	Port Input	15	173069	3755	1
S1012632	4	Port Input	14	173069	3755	1
S1012632	4	Port Input	15	173069	3755	1
S1012632	4	Port Input	14	173069	3755	1
S1012632	4	Port Input	15	173069	3755	1
S1012632	4	Port Input	14	173070	3755	1
S1012632	4	Port Input	15	173070	3756	1
S1012632	4	Port Input	14	173070	3756	1
S1012632	4	Port Input	15	173070	3756	1
S1012632	4	Port Input	14	173070	3756	1
S1012632	4	Port Input	15	173070	3756	1
S1012632	4	Port Input	14	173070	3756	1
S1012632	4	Port Input	15	173070	3756	1
S1012632	4	Port Input	14	173070	3756	1
S1012632	4	Port Input	15	173070	3756	1
S1012632	4	Port Input	14	173070	3756	1
S1012632	4	Port Input	15	173071	3757	1
S1012632	4	Port Input	14	173071	3757	1
S1012632	4	Port Input	15	173071	3757	1
S1012632	4	Port Input	14	173071	3757	1
S1012632	4	Port Input	15	173071	3757	1
S1012632	4	Port Input	14	173071	3757	1
S1012632	4	Port Input	15	173071	3757	1
S1012632	4	Port Input	14	173071	3757	1
S1012632	4	Port Input	15	173071	3757	1
S1012632	4	Port Input	14	173071	3757	1
S1012632	4	Port Input	15	173072	3758	1
S1012632	4	Port Input	14	173072	3758	1
S1012632	4	Port Input	15	173072	3758	1
S1012632	4	Port Input	14	173072	3758	1
S1012632	4	Port Input	15	173072	3758	1
S1012632	4	Port Input	14	173072	3758	1
S1012632	4	Port Input	15	173072	3758	1
S1012632	4	Port Input	14	173072	3758	1
S1012632	4	Port Input	15	173072	3758	1
S1012632	4	Port Input	14	173072	3758	1
S1012632	4	Port Input	15	173072	3758	1
S1012632	4	Port Input	14	173072	3758	1
S1012632	4	Port Input	15	173072	3758	1
S1012632	4	Port Input	14	173072	3758	1
S1012632	4	Port Input	15	173073	3758	1
S1012632	4	Port Input	14	173073	3759	1
S1012632	4	Port Input	15	173073	3759	1
S1012632	4	Port Input	14	173073	3759	1
S1012632	4	Port Input	15	173073	3759	1
S1012632	4	Port Input	14	173073	3759	1
S1012632	4	Port Input	15	173073	3759	1
S1012632	4	Port Input	14	173073	3759	1
S1012632	4	Port Input	15	173073	3759	1
S1012632	4	Port Input	14	173074	3760	1
S1012632	4	Port Input	15	173074	3760	1
S1012632	4	Port Input	14	173074	3760	1
S1012632	4	Port Input	15	173074	3760	1
S1012632	4	Port Input	14	173074	3760	1
S1012632	4	Port Input	15	173074	3760	1
S1012632	4	Port Input	14	173074	3760	1
S1012632	4	Port Input	15	173075	3761	1
S1012632	4	Port Input	14	173075	3761	1
S1012632	4	Port Input	15	173075	3761	1
S1012632	4	Port Input	14	173075	3761	1
S1012632	4	Port Input	15	173075	3761	1
S1012632	4	Port Input	14	173075	3761	1
S1012632	4	Port Input	15	173075	3761	1
S1012632	4	Port Input	14	173075	3761	1
S1012632	4	Port Input	15	173075	3761	1
S1012632	4	Port Input	14	173075	3761	1
S1012632	4	Port Input	15	173075	3761	1
S1012632	4	Port Input	14	173075	3761	1
S1012632	4	Port Input	15	173076	3762	1
S1012632	4	Port Input	14	173076	3762	1
S1012632	4	Port Input	15	173076	3762	1
S1012632	4	Port Input	14	173076	3762	1
S1012632	4	Port Input	15	173076	3762	1
S1012632	4	Port Input	14	173076	3762	1
S1012632	4	Port Input	15	173076	3762	1
S1012632	4	Port Input	14	173076	3762	1
S1012632	4	Port Input	15	173076	3762	1
S1012632	4	Port Input	14	173076	3762	1
S1012632	4	Port Input	15	173076	3762	1
S1012632	4	Port Input	14	173077	3763	1
S1012632	4	Port Input	15	173077	3763	1
S1012632	4	Port Input	14	173077	3763	1
S1012632	4	Port Input	15	173077	3763	1
S1012632	4	Port Input	14	173077	3763	1
S1012632	4	Port Input	15	173077	3763	1
S1012632	4	Port Input	14	173077	3763	1
S1012632	4	Port Input	15	173078	3763	1
S1012632	4	Port Input	14	173078	3764	1
S1012632	4	Port Input	15	173078	3764	1
S1012632	4	Port Input	14	173078	3764	1
S1012632	4	Port Input	15	173078	3764	1
S1012632	4	Port Input	14	173078	3764	1
S1012632	4	Port Input	15	173078	3764	1
S1012632	4	Port Input	14	173078	3764	1
S1012632	4	Port Input	15	173079	3765	1
S1012632	4	Port Input	14	173079	3765	1
S1012632	4	Port Input	15	173079	3765	1
S1012632	4	Port Input	14	173079	3765	1
S1012632	4	Port Input	15	173079	3765	1
S1012632	4	Port Input	14	173079	3765	1
S1012632	4	Port Input	15	173079	3765	1
S1012632	4	Port Input	14	173079	3765	1
S1012632	4	Port Input	15	173080	3765	1
S1012632	4	Port Input	14	173080	3766	1
S1012632	4	Port Input	15	173080	3766	1
S1012632	4	Port Input	14	173081	3766	1
S1012632	4	Port Input	15	173081	3767	1
S1012632	4	Port Input	14	173081	3767	1
S1012632	4	Port Input	15	173081	3767	1
S1012632	4	Port Input	14	173081	3767	1
S1012632	4	Port Input	15	173081	3767	1
S1012632	4	Port Input	14	173081	3767	1
S1012632	4	Port Input	15	173081	3767	1
S1012632	4	Port Input	14	173081	3767	1
S1012632	4	Port Input	15	173081	3767	1
S1012632	4	Port Input	14	173081	3767	1
S1012632	4	Port Input	15	173082	3768	1
S1012632	4	Port Input	14	173082	3768	1
S1012632	4	Port Input	15	173082	3768	1
S1012632	4	Port Input	14	173082	3768	1
S1012632	4	Port Input	15	173083	3769	1
S1012632	4	Port Input	14	173083	3769	1
S1012632	4	Port Input	15	173083	3769	1
S1012632	4	Port Input	14	173083	3769	1
S1012632	4	Port Input	15	173083	3769	1
S1012632	4	Port Input	14	173083	3769	1
S1012632	4	Port Input	15	173083	3769	1
S1012632	4	Port Input	14	173083	3769	1
S1012632	4	Port Input	15	173083	3769	1
S1012632	4	Port Input	14	173083	3769	1
S1012632	4	Port Input	15	173084	3770	1
S1012632	4	Port Input	14	173084	3770	1
S1012632	4	Port Input	15	173085	3771	1
S1012632	4	Port Input	14	173085	3771	1
S1012632	4	Port Input	15	173085	3771	1
S1012632	4	Port Input	14	173085	3771	1
S1012632	4	Port Input	15	173086	3772	1
S1012632	4	Port Input	14	173086	3772	1
S1012632	4	Port Input	15	173086	3772	1
S1012632	4	Port Input	14	173086	3772	1
S1012632	4	Port Input	15	173086	3772	1
S1012632	4	Port Input	14	173086	3772	1
S1012632	4	Port Input	15	173087	3773	1
S1012632	4	Port Input	14	173087	3773	1
S1012632	4	Port Input	15	173087	3773	1
S1012632	4	Port Input	14	173087	3773	1
S1012632	4	Port Input	15	173087	3773	1
S1012632	4	Port Input	14	173087	3773	1
S1012632	4	Port Input	15	173087	3773	1
S1012632	4	Port Input	14	173087	3773	1
S1012632	4	Port Input	15	173087	3773	1
S1012632	4	Port Input	14	173088	3773	1
S1012632	4	Port Input	15	173088	3774	1
S1012632	4	Port Input	14	173088	3774	1
S1012632	4	Port Input	15	173088	3774	1
S1012632	4	Port Input	14	173088	3774	1
S1012632	4	Port Input	15	173088	3774	1
S1012632	4	Port Input	14	173088	3774	1
S1012632	4	Port Input	15	173089	3775	1
S1012632	4	Port Input	14	173089	3775	1
S1012632	4	Port Input	15	173089	3775	1
S1012632	4	Port Input	14	173089	3775	1
S1012632	4	Port Input	15	173089	3775	1
S1012632	4	Port Input	14	173089	3775	1
S1012632	4	Port Input	15	173089	3775	1
S1012632	4	Port Input	14	173089	3775	1
S1012632	4	Port Input	15	173090	3776	1
S1012632	4	Port Input	14	173090	3776	1
S1012632	4	Port Input	15	173090	3776	1
S1012632	4	Port Input	14	173090	3776	1
S1012632	4	Port Input	15	173091	3777	1
S1012632	4	Port Input	14	173091	3777	1
S1012632	4	Port Input	15	173091	3777	1
S1012632	4	Port Input	14	173091	3777	1
S1012632	4	Port Input	15	173093	3779	1
S1012632	4	Port Input	14	173093	3779	1
S1012632	4	Port Input	15	173093	3779	1
S1012632	4	Port Input	14	173093	3779	1
S1012632	4	Port Input	15	173094	3780	1
S1012632	4	Port Input	14	173094	3780	1
S1012632	4	Port Input	15	173094	3780	1
S1012632	4	Port Input	14	173094	3780	1
S1012632	4	Port Input	15	173095	3781	1
S1012632	4	Port Input	14	173095	3781	1
S1012632	4	Port Input	15	173095	3781	1
S1012632	4	Port Input	14	173095	3781	1
S1012632	4	Port Input	15	173095	3781	1
S1012632	4	Port Input	14	173095	3781	1
S1012632	4	Port Input	15	173096	3782	1
S1012632	4	Port Input	14	173096	3782	1
S1012632	4	Port Input	15	173096	3782	1
S1012632	4	Port Input	14	173096	3782	1
S1012632	4	Port Input	15	173097	3782	1
S1012632	4	Port Input	14	173097	3782	1
S1012632	4	Port Input	15	173097	3783	1
S1012632	4	Port Input	14	173097	3783	1
S1012632	4	Port Input	15	173097	3783	1
S1012632	4	Port Input	14	173097	3783	1
S1012632	4	Port Input	15	173098	3783	1
S1012632	4	Port Input	14	173098	3784	1
S1012632	4	Port Input	15	173098	3784	1
S1012632	4	Port Input	14	173098	3784	1
S1012632	4	Port Input	15	173098	3784	1
S1012632	4	Port Input	14	173098	3784	1
S1012632	4	Port Input	15	173098	3784	1
S1012632	4	Port Input	14	173098	3784	1
S1012632	4	Port Input	15	173099	3785	1
S1012632	4	Port Input	14	173099	3785	1
S1012632	4	Port Input	15	173099	3785	1
S1012632	4	Port Input	14	173099	3785	1
S1012632	4	Port Input	15	173100	3786	1
S1012632	4	Port Input	14	173100	3786	1
S1012632	4	Port Input	15	173100	3786	1
S1012632	4	Port Input	14	173100	3786	1
S1012632	4	Port Input	15	173100	3786	1
S1012632	4	Port Input	14	173101	3787	1
S1012632	4	Port Input	15	173101	3787	1
S1012632	4	Port Input	14	173101	3787	1
S1012632	4	Port Input	15	173102	3788	1
S1012632	4	Port Input	14	173102	3788	1
S1012632	4	Port Input	15	173102	3788	1
S1012632	4	Port Input	14	173102	3788	1
S1012632	4	Port Input	15	173103	3789	1
S1012632	4	Port Input	14	173103	3789	1
S1012632	4	Port Input	15	173103	3789	1
S1012632	4	Port Input	14	173103	3789	1
S1012632	4	Port Input	15	173103	3789	1
S1012632	4	Port Input	14	173103	3789	1
S1012632	4	Port Input	15	173103	3789	1
S1012632	4	Port Input	14	173103	3789	1
S1012632	4	Port Input	15	173104	3790	1
S1012632	4	Port Input	14	173104	3790	1
S1012632	4	Port Input	15	173105	3791	1
S1012632	4	Port Input	14	173105	3791	1
S1012632	4	Port Input	15	173105	3791	1
S1012632	4	Port Input	14	173105	3791	1
S1012632	4	Port Input	15	173105	3791	1
S1012632	4	Port Input	14	173105	3791	1
S1012632	4	Port Input	15	173106	3792	1
S1012632	4	Port Input	14	173106	3792	1
S1012632	4	Port Input	15	173106	3792	1
S1012632	4	Port Input	14	173106	3792	1
S1012632	4	Port Input	15	173107	3793	1
S1012632	4	Port Input	14	173107	3793	1
S1012632	4	Port Input	15	173107	3793	1
S1012632	4	Port Input	14	173107	3793	1
S1012632	4	Port Input	15	173107	3793	1
S1012632	4	Port Input	14	173107	3793	1
S1012632	4	Port Input	15	173112	3797	1
S1012632	4	Port Input	14	173112	3797	1
S1012632	4	Port Input	15	173113	3799	1
S1012632	4	Port Input	14	173114	3799	1
S1012632	4	Port Input	15	173114	3800	1
S1012632	4	Port Input	14	173114	3800	1
S1012632	4	Port Input	15	173115	3800	1
S1012632	4	Port Input	14	173115	3801	1
S1012632	4	Port Input	15	173115	3801	1
S1012632	4	Port Input	14	173115	3801	1
S1012632	4	Port Input	15	173115	3801	1
S1012632	4	Port Input	14	173115	3801	1
S1012632	4	Port Input	15	173115	3801	1
S1012632	4	Port Input	14	173115	3801	1
S1012632	4	Port Input	15	173115	3801	1
S1012632	4	Port Input	14	173115	3801	1
S1012632	4	Port Input	15	173115	3801	1
S1012632	4	Port Input	14	173115	3801	1
S1012632	4	Port Input	15	173116	3802	1
S1012632	4	Port Input	14	173116	3802	1
S1012632	4	Port Input	15	173116	3802	1
S1012632	4	Port Input	14	173116	3802	1
S1012632	4	Port Input	15	173116	3802	1
S1012632	4	Port Input	14	173116	3802	1
S1012632	4	Port Input	15	173116	3802	1
S1012632	4	Port Input	14	173116	3802	1
S1012632	4	Port Input	15	173117	3802	1
S1012632	4	Port Input	14	173117	3803	1
S1012632	4	Port Input	15	173118	3804	1
S1012632	4	Port Input	14	173118	3804	1
S1012632	4	Port Input	15	173124	3810	1
S1012632	4	Port Input	14	173124	3810	1
S1012632	4	Port Input	15	173124	3810	1
S1012632	4	Port Input	14	173124	3810	1
S1012632	4	Port Input	15	173126	3812	1
S1012632	4	Port Input	14	173126	3812	1
S1012632	4	Port Input	15	173126	3812	1
S1012632	4	Port Input	14	173126	3812	1
S1012632	4	Port Input	15	173126	3812	1
S1012632	4	Port Input	14	173126	3812	1
S1012632	4	Port Input	15	173128	3814	1
S1012632	4	Port Input	14	173128	3814	1
S1012632	4	Port Input	15	173128	3814	1
S1012632	4	Port Input	14	173128	3814	1
S1012632	4	Port Input	15	173137	3823	1
S1012632	4	Port Input	14	173137	3823	1
S1012632	4	Port Input	15	173138	3824	1
S1012632	4	Port Input	14	173138	3824	1
S1012632	4	Port Input	15	173142	3828	1
S1012632	4	Port Input	14	173143	3828	1
S1012632	4	Port Input	15	173143	3829	1
S1012632	4	Port Input	14	173143	3829	1
S1012632	4	Port Input	15	173143	3829	1
S1012632	4	Port Input	14	173143	3829	1
S1012632	4	Port Input	15	173143	3829	1
S1012632	4	Port Input	14	173143	3829	1
S1012632	4	Port Input	15	173144	3830	1
S1012632	4	Port Input	14	173144	3830	1
S1012632	4	Port Input	15	173144	3830	1
S1012632	4	Port Input	14	173144	3830	1
S1012632	4	Port Input	15	173145	3831	1
S1012632	4	Port Input	14	173145	3831	1
S1012632	4	Port Input	15	173145	3831	1
S1012632	4	Port Input	14	173145	3831	1
S1012632	4	Port Input	15	173146	3832	1
S1012632	4	Port Input	14	173146	3832	1
S1012632	4	Port Input	15	173146	3832	1
S1012632	4	Port Input	14	173146	3832	1
S1012632	4	Port Input	15	173146	3832	1
S1012632	4	Port Input	14	173146	3832	1
S1012632	4	Port Input	15	173147	3833	1
S1012632	4	Port Input	14	173147	3833	1
S1012632	4	Port Input	15	173147	3833	1
S1012632	4	Port Input	14	173147	3833	1
S1012632	4	Port Input	15	173234	3920	1
S1012632	4	Port Input	14	189410	20096	1
S1012632	4	Response	222	189410	20096	1
S1012632	5	Sound	20	189411	0	5			0		hit	710
S1012632	5	Port Input	15	189471	60	1
S1012632	5	Port Input	14	189471	60	1
S1012632	5	Port Input	15	189472	61	1
S1012632	5	Port Input	14	189472	61	1
S1012632	5	Port Input	15	189472	61	1
S1012632	5	Port Input	14	189472	61	1
S1012632	5	Port Input	15	189542	131	1
S1012632	5	Port Input	14	189542	131	1
S1012632	5	Port Input	15	189542	131	1
S1012632	5	Port Input	14	189542	131	1
S1012632	5	Port Input	15	189543	132	1
S1012632	5	Port Input	14	189543	132	1
S1012632	5	Port Input	15	189545	134	1
S1012632	5	Port Input	14	189545	134	1
S1012632	5	Port Input	15	189545	134	1
S1012632	5	Port Input	14	189545	134	1
S1012632	5	Port Input	15	189545	134	1
S1012632	5	Port Input	14	189545	134	1
S1012632	5	Port Input	15	189547	136	1
S1012632	5	Port Input	14	189547	136	1
S1012632	5	Port Input	15	189548	137	1
S1012632	5	Port Input	14	189548	137	1
S1012632	5	Port Input	15	189548	137	1
S1012632	5	Port Input	14	189548	137	1
S1012632	5	Port Input	15	189550	139	1
S1012632	5	Port Input	14	189550	139	1
S1012632	5	Port Input	15	189553	142	1
S1012632	5	Port Input	14	189553	142	1
S1012632	5	Port Input	15	189553	142	1
S1012632	5	Port Input	14	189553	142	1
S1012632	5	Port Input	15	189553	142	1
S1012632	5	Port Input	14	189553	142	1
S1012632	5	Port Input	15	189554	143	1
S1012632	5	Port Input	14	189554	143	1
S1012632	5	Port Input	15	189556	145	1
S1012632	5	Port Input	14	189556	145	1
S1012632	5	Port Input	15	189560	149	1
S1012632	5	Port Input	14	189560	149	1
S1012632	5	Port Input	15	189565	154	1
S1012632	5	Port Input	14	189565	154	1
S1012632	5	Port Input	15	189566	155	1
S1012632	5	Port Input	14	189566	155	1
S1012632	5	Port Input	15	189567	155	1
S1012632	5	Port Input	14	189567	155	1
S1012632	5	Port Input	15	189569	158	1
S1012632	5	Port Input	14	189569	158	1
S1012632	5	Port Input	15	189570	159	1
S1012632	5	Port Input	14	189570	159	1
S1012632	5	Port Input	15	189572	160	1
S1012632	5	Port Input	14	189572	161	1
S1012632	5	Port Input	15	189572	161	1
S1012632	5	Port Input	14	189572	161	1
S1012632	5	Port Input	15	189574	162	1
S1012632	5	Port Input	14	189574	162	1
S1012632	5	Port Input	15	189574	163	1
S1012632	5	Port Input	14	189574	163	1
S1012632	5	Port Input	15	192341	2929	1
S1012632	5	Port Input	14	192341	2929	1
S1012632	5	Port Input	15	192341	2930	1
S1012632	5	Port Input	14	192341	2930	1
S1012632	5	Port Input	15	192342	2931	1
S1012632	5	Port Input	14	192342	2931	1
S1012632	5	Port Input	15	192345	2933	1
S1012632	5	Port Input	14	192345	2933	1
S1012632	5	Port Input	15	192345	2934	1
S1012632	5	Port Input	14	192345	2934	1
S1012632	5	Port Input	15	192345	2934	1
S1012632	5	Port Input	14	192345	2934	1
S1012632	5	Port Input	15	192345	2934	1
S1012632	5	Port Input	14	192345	2934	1
S1012632	5	Port Input	15	192346	2935	1
S1012632	5	Port Input	14	192346	2935	1
S1012632	5	Port Input	15	192346	2935	1
S1012632	5	Port Input	14	192346	2935	1
S1012632	5	Port Input	15	192346	2935	1
S1012632	5	Port Input	14	192346	2935	1
S1012632	5	Port Input	15	192347	2936	1
S1012632	5	Port Input	14	192347	2936	1
S1012632	5	Port Input	15	192347	2936	1
S1012632	5	Port Input	14	192347	2936	1
S1012632	5	Port Input	15	192348	2936	1
S1012632	5	Port Input	14	192348	2936	1
S1012632	5	Port Input	15	192348	2937	1
S1012632	5	Port Input	14	192348	2937	1
S1012632	5	Port Input	15	192348	2937	1
S1012632	5	Port Input	14	192348	2937	1
S1012632	5	Port Input	15	192350	2939	1
S1012632	5	Port Input	14	192350	2939	1
S1012632	5	Port Input	15	192350	2939	1
S1012632	5	Port Input	14	192350	2939	1
S1012632	5	Port Input	15	192352	2941	1
S1012632	5	Port Input	14	192352	2941	1
S1012632	5	Port Input	15	192353	2942	1
S1012632	5	Port Input	14	192353	2942	1
S1012632	5	Port Input	15	192354	2943	1
S1012632	5	Port Input	14	192354	2943	1
S1012632	5	Port Input	15	192355	2943	1
S1012632	5	Port Input	14	192355	2943	1
S1012632	5	Port Input	15	192355	2944	1
S1012632	5	Port Input	14	192355	2944	1
S1012632	5	Port Input	15	192355	2944	1
S1012632	5	Port Input	14	192355	2944	1
S1012632	5	Port Input	15	192357	2946	1
S1012632	5	Port Input	14	192357	2946	1
S1012632	5	Port Input	15	192358	2947	1
S1012632	5	Port Input	14	192358	2947	1
S1012632	5	Port Input	15	192359	2948	1
S1012632	5	Port Input	14	192359	2948	1
S1012632	5	Port Input	15	192359	2948	1
S1012632	5	Port Input	14	192359	2948	1
S1012632	5	Port Input	15	192360	2948	1
S1012632	5	Port Input	14	192360	2949	1
S1012632	5	Port Input	15	192360	2949	1
S1012632	5	Port Input	14	192360	2949	1
S1012632	5	Port Input	15	192361	2949	1
S1012632	5	Port Input	14	192361	2949	1
S1012632	5	Port Input	15	192362	2951	1
S1012632	5	Port Input	14	192362	2951	1
S1012632	5	Port Input	15	192385	2973	1
S1012632	5	Port Input	14	192385	2973	1
S1012632	5	Port Input	15	192388	2977	1
S1012632	5	Port Input	14	192388	2977	1
S1012632	5	Port Input	15	192389	2978	1
S1012632	5	Port Input	14	192389	2978	1
S1012632	5	Port Input	15	192397	2986	1
S1012632	5	Port Input	14	192397	2986	1
S1012632	5	Port Input	15	192407	2996	1
S1012632	5	Port Input	14	192407	2996	1
S1012632	5	Port Input	15	192408	2997	1
S1012632	5	Port Input	14	192408	2997	1
S1012632	5	Port Input	15	192416	3005	1
S1012632	5	Port Input	14	192416	3005	1
S1012632	5	Port Input	15	192417	3005	1
S1012632	5	Port Input	14	192417	3005	1
S1012632	5	Port Input	15	192419	3008	1
S1012632	5	Port Input	14	192419	3008	1
S1012632	5	Port Input	15	192424	3013	1
S1012632	5	Port Input	14	192424	3013	1
S1012632	5	Port Input	15	192424	3013	1
S1012632	5	Port Input	14	192424	3013	1
S1012632	5	Port Input	15	192425	3013	1
S1012632	5	Port Input	14	192425	3014	1
S1012632	5	Port Input	15	192425	3014	1
S1012632	5	Port Input	14	192425	3014	1
S1012632	5	Port Input	15	192426	3014	1
S1012632	5	Port Input	14	192426	3014	1
S1012632	5	Port Input	15	192427	3015	1
S1012632	5	Port Input	14	192427	3015	1
S1012632	5	Port Input	15	192427	3015	1
S1012632	5	Port Input	14	192427	3016	1
S1012632	5	Port Input	15	192427	3016	1
S1012632	5	Port Input	14	192427	3016	1
S1012632	5	Port Input	15	192428	3016	1
S1012632	5	Port Input	14	192428	3016	1
S1012632	5	Port Input	15	192429	3018	1
S1012632	5	Port Input	14	192429	3018	1
S1012632	5	Port Input	15	192431	3019	1
S1012632	5	Port Input	14	192431	3019	1
S1012632	5	Port Input	15	192431	3020	1
S1012632	5	Port Input	14	192431	3020	1
S1012632	5	Port Input	15	192433	3022	1
S1012632	5	Port Input	14	192433	3022	1
S1012632	5	Port Input	15	192433	3022	1
S1012632	5	Port Input	14	192433	3022	1
S1012632	5	Port Input	15	192433	3022	1
S1012632	5	Port Input	14	192433	3022	1
S1012632	5	Port Input	15	192434	3023	1
S1012632	5	Port Input	14	192434	3023	1
S1012632	5	Port Input	15	192434	3023	1
S1012632	5	Port Input	14	192434	3023	1
S1012632	5	Port Input	15	192437	3025	1
S1012632	5	Port Input	14	192437	3025	1
S1012632	5	Port Input	15	192438	3027	1
S1012632	5	Port Input	14	192438	3027	1
S1012632	5	Port Input	15	192438	3027	1
S1012632	5	Port Input	14	192438	3027	1
S1012632	5	Port Input	15	192439	3027	1
S1012632	5	Port Input	14	192439	3027	1
S1012632	5	Port Input	15	192441	3030	1
S1012632	5	Port Input	14	192441	3030	1
S1012632	5	Port Input	15	192441	3030	1
S1012632	5	Port Input	14	192441	3030	1
S1012632	5	Port Input	15	192442	3030	1
S1012632	5	Port Input	14	192442	3030	1
S1012632	5	Port Input	15	192443	3032	1
S1012632	5	Port Input	14	192443	3032	1
S1012632	5	Port Input	15	192444	3032	1
S1012632	5	Port Input	14	192444	3033	1
S1012632	5	Port Input	15	192445	3033	1
S1012632	5	Port Input	14	192445	3033	1
S1012632	5	Port Input	15	192449	3038	1
S1012632	5	Port Input	14	192450	3038	1
S1012632	5	Port Input	15	192452	3041	1
S1012632	5	Port Input	14	192452	3041	1
S1012632	5	Port Input	15	192453	3042	1
S1012632	5	Port Input	14	192453	3042	1
S1012632	5	Port Input	15	192457	3045	1
S1012632	5	Port Input	14	192457	3046	1
S1012632	5	Port Input	15	192459	3048	1
S1012632	5	Port Input	14	192459	3048	1
S1012632	5	Port Input	15	192463	3052	1
S1012632	5	Port Input	14	192463	3052	1
S1012632	5	Port Input	15	192463	3052	1
S1012632	5	Port Input	14	192463	3052	1
S1012632	5	Port Input	15	192472	3061	1
S1012632	5	Port Input	14	192472	3061	1
S1012632	5	Port Input	15	192653	3242	1
S1012632	5	Port Input	14	192653	3242	1
S1012632	5	Port Input	15	192655	3244	1
S1012632	5	Port Input	14	192655	3244	1
S1012632	5	Port Input	15	192656	3244	1
S1012632	5	Port Input	14	192656	3245	1
S1012632	5	Port Input	15	192659	3248	1
S1012632	5	Port Input	14	192659	3248	1
S1012632	5	Port Input	15	192664	3252	1
S1012632	5	Port Input	14	192664	3252	1
S1012632	5	Port Input	15	192664	3253	1
S1012632	5	Port Input	14	204068	14657	1
S1012632	5	Response	222	204068	14657	1
S1012632	6	Sound	20	204069	0	5			0		hit	718
S1012632	6	Port Input	15	206891	2821	1
S1012632	6	Port Input	14	206891	2821	1
S1012632	6	Port Input	15	206891	2822	1
S1012632	6	Port Input	14	206891	2822	1
S1012632	6	Port Input	15	206893	2823	1
S1012632	6	Port Input	14	216349	12280	1
S1012632	6	Response	222	216349	12280	1
S1012632	7	Sound	20	216350	0	5			0		hit	744
S1012632	7	Port Input	15	219297	2947	1
S1012632	7	Port Input	14	219297	2947	1
S1012632	7	Port Input	15	219298	2948	1
S1012632	7	Port Input	14	219298	2948	1
S1012632	7	Port Input	15	219298	2948	1
S1012632	7	Port Input	14	219298	2948	1
S1012632	7	Port Input	15	219299	2948	1
S1012632	7	Port Input	14	219299	2949	1
S1012632	7	Port Input	15	219299	2949	1
S1012632	7	Port Input	14	219299	2949	1
S1012632	7	Port Input	15	219299	2949	1
S1012632	7	Port Input	14	219299	2949	1
S1012632	7	Port Input	15	219300	2950	1
S1012632	7	Port Input	14	219300	2950	1
S1012632	7	Port Input	15	219301	2951	1
S1012632	7	Port Input	14	219301	2951	1
S1012632	7	Port Input	15	219301	2951	1
S1012632	7	Port Input	14	219301	2951	1
S1012632	7	Port Input	15	219301	2951	1
S1012632	7	Port Input	14	219301	2951	1
S1012632	7	Port Input	15	219301	2951	1
S1012632	7	Port Input	14	219301	2951	1
S1012632	7	Port Input	15	219302	2952	1
S1012632	7	Port Input	14	229565	13215	1
S1012632	7	Response	222	229565	13215	1
S1012632	8	Sound	20	229565	0	5			0		hit	756
S1012632	8	Port Input	15	232160	2594	1
S1012632	8	Port Input	14	232160	2594	1
S1012632	8	Port Input	15	232160	2594	1
S1012632	8	Port Input	14	232160	2594	1
S1012632	8	Port Input	15	232160	2595	1
S1012632	8	Port Input	14	232160	2595	1
S1012632	8	Port Input	15	232160	2595	1
S1012632	8	Port Input	14	232160	2595	1
S1012632	8	Port Input	15	232160	2595	1
S1012632	8	Port Input	14	242773	13207	1
S1012632	8	Response	222	242773	13207	1
S1012632	9	Sound	20	242773	0	4			0		hit	760
S1012632	9	Port Input	15	245561	2787	1
S1012632	9	Port Input	14	255258	12485	1
S1012632	9	Response	222	255258	12485	1
S1012632	10	Sound	20	255259	0	5			0		hit	782
S1012632	10	Port Input	15	258369	3110	1
S1012632	10	Port Input	14	258370	3110	1
S1012632	10	Port Input	15	258372	3112	1
S1012632	10	Port Input	14	258372	3112	1
S1012632	10	Port Input	15	258372	3113	1
S1012632	10	Port Input	14	258372	3113	1
S1012632	10	Port Input	15	258372	3113	1
S1012632	10	Port Input	14	258372	3113	1
S1012632	10	Port Input	15	258373	3114	1
S1012632	10	Port Input	14	258373	3114	1
S1012632	10	Port Input	15	258373	3114	1
S1012632	10	Port Input	14	258373	3114	1
S1012632	10	Port Input	15	258374	3115	1
S1012632	10	Port Input	14	258374	3115	1
S1012632	10	Port Input	15	258374	3115	1
S1012632	10	Port Input	14	258375	3116	1
S1012632	10	Port Input	15	258375	3116	1
S1012632	10	Port Input	14	258375	3116	1
S1012632	10	Port Input	15	258376	3117	1
S1012632	10	Port Input	14	268332	13073	1
S1012632	10	Response	222	268332	13073	1
S1012632	11	Sound	20	268333	0	6			0		hit	786
S1012632	11	Port Input	15	271112	2779	1
S1012632	11	Port Input	14	280604	12271	1
S1012632	11	Response	222	280604	12271	1
S1012632	12	Sound	20	280605	0	5			0		hit	796
S1012632	12	Port Input	15	283375	2770	1
S1012632	12	Port Input	14	283375	2770	1
S1012632	12	Port Input	15	283375	2770	1
S1012632	12	Port Input	14	283375	2770	1
S1012632	12	Port Input	15	283376	2771	1
S1012632	12	Port Input	14	283376	2771	1
S1012632	12	Port Input	15	283376	2771	1
S1012632	12	Port Input	14	292801	12196	1
S1012632	12	Response	222	292801	12196	1
S1012632	12	Port Input	15	292802	12197	1
S1012632	12	Port Input	14	292802	12197	1
S1012632	13	Sound	20	292802	0	4			0		hit	812
S1012632	13	Port Input	15	295215	2413	1
S1012632	13	Port Input	14	295215	2413	1
S1012632	13	Port Input	15	295216	2414	1
S1012632	13	Port Input	14	295216	2414	1
S1012632	13	Port Input	15	295216	2414	1
S1012632	13	Port Input	14	295216	2414	1
S1012632	13	Port Input	15	295216	2414	1
S1012632	13	Port Input	14	295216	2414	1
S1012632	13	Port Input	15	295217	2415	1
S1012632	13	Port Input	14	295217	2415	1
S1012632	13	Port Input	15	295217	2415	1
S1012632	13	Port Input	14	305275	12473	1
S1012632	13	Response	222	305275	12473	1
S1012632	14	Sound	20	305276	0	5			0		hit	820
S1012632	14	Port Input	15	307892	2617	1
S1012632	14	Port Input	14	307892	2617	1
S1012632	14	Port Input	15	307893	2617	1
S1012632	14	Port Input	14	307893	2617	1
S1012632	14	Port Input	15	307893	2618	1
S1012632	14	Port Input	14	317973	12697	1
S1012632	14	Response	222	317973	12697	1
S1012632	15	Sound	20	317974	0	4			0		hit	824
S1012632	15	Port Input	15	320396	2422	1
S1012632	15	Port Input	14	331236	13262	1
S1012632	15	Response	222	331236	13262	1
S1012632	16	Sound	20	331237	0	5			0		hit	828
S1012632	16	Port Input	15	333784	2547	1
S1012632	16	Port Input	14	343866	12630	1
S1012632	16	Response	222	343866	12630	1
S1012632	17	Sound	20	343867	0	4			0		hit	838
S1012632	17	Port Input	15	346511	2644	1
S1012632	17	Port Input	14	346511	2644	1
S1012632	17	Port Input	15	346511	2644	1
S1012632	17	Port Input	14	346511	2644	1
S1012632	17	Port Input	15	346511	2644	1
S1012632	17	Port Input	14	346512	2645	1
S1012632	17	Port Input	15	346512	2645	1
S1012632	17	Port Input	14	356034	12167	1
S1012632	17	Response	222	356034	12167	1
S1012632	17	Port Input	15	356034	12167	1
S1012632	17	Port Input	14	356034	12167	1
S1012632	18	Sound	20	356035	0	5			0		hit	868
S1012632	18	Port Input	15	358609	2574	1
S1012632	18	Port Input	14	358609	2574	1
S1012632	18	Port Input	15	358611	2576	1
S1012632	18	Port Input	14	358611	2576	1
S1012632	18	Port Input	15	358611	2576	1
S1012632	18	Port Input	14	358611	2576	1
S1012632	18	Port Input	15	358611	2577	1
S1012632	18	Port Input	14	358611	2577	1
S1012632	18	Port Input	15	358612	2577	1
S1012632	18	Port Input	14	358612	2577	1
S1012632	18	Port Input	15	358612	2577	1
S1012632	18	Port Input	14	358612	2577	1
S1012632	18	Port Input	15	358612	2578	1
S1012632	18	Port Input	14	358612	2578	1
S1012632	18	Port Input	15	358613	2578	1
S1012632	18	Port Input	14	358613	2578	1
S1012632	18	Port Input	15	358613	2579	1
S1012632	18	Port Input	14	358613	2579	1
S1012632	18	Port Input	15	358614	2579	1
S1012632	18	Port Input	14	358614	2579	1
S1012632	18	Port Input	15	358614	2579	1
S1012632	18	Port Input	14	358614	2579	1
S1012632	18	Port Input	15	358614	2579	1
S1012632	18	Port Input	14	358614	2579	1
S1012632	18	Port Input	15	358615	2580	1
S1012632	18	Port Input	14	368610	12576	1
S1012632	18	Response	222	368610	12576	1
S1012632	19	Sound	20	368611	0	5			0		hit	874
S1012632	19	Port Input	15	371248	2637	1
S1012632	19	Port Input	14	371248	2637	1
S1012632	19	Port Input	15	371248	2637	1
S1012632	19	Port Input	14	381885	13274	1
S1012632	19	Response	222	381885	13274	1
S1012632	20	Sound	20	381886	0	5			0		hit	878
S1012632	20	Port Input	15	384914	3029	1
S1012632	20	Port Input	14	394877	12991	1
S1012632	20	Response	222	394877	12991	1
S1012632	21	Sound	20	394878	0	5			0		hit	894
S1012632	21	Port Input	15	397614	2736	1
S1012632	21	Port Input	14	397614	2736	1
S1012632	21	Port Input	15	397614	2736	1
S1012632	21	Port Input	14	397614	2736	1
S1012632	21	Port Input	15	397614	2736	1
S1012632	21	Port Input	14	397614	2736	1
S1012632	21	Port Input	15	397615	2738	1
S1012632	21	Port Input	14	397615	2738	1
S1012632	21	Port Input	15	397616	2738	1
S1012632	21	Port Input	14	397616	2738	1
S1012632	21	Port Input	15	397617	2739	1
S1012632	21	Port Input	14	397617	2739	1
S1012632	21	Port Input	15	397617	2740	1
S1012632	21	Port Input	14	408042	13164	1
S1012632	21	Response	222	408042	13164	1
S1012632	22	Sound	20	408043	0	5			0		hit	898
S1012632	22	Port Input	15	411018	2976	1
S1012632	22	Port Input	14	421100	13058	1
S1012632	22	Response	222	421100	13058	1
S1012632	23	Sound	20	421101	0	5			0		hit	902
S1012632	23	Port Input	15	424189	3088	1
S1012632	23	Port Input	14	434121	13020	1
S1012632	23	Response	222	434121	13020	1
S1012632	24	Sound	20	434122	0	5			0		hit	1020
S1012632	24	Port Input	15	434127	5	1
S1012632	24	Port Input	14	434127	5	1
S1012632	24	Port Input	15	434128	6	1
S1012632	24	Port Input	14	434128	6	1
S1012632	24	Port Input	15	434129	8	1
S1012632	24	Port Input	14	434130	8	1
S1012632	24	Port Input	15	434132	10	1
S1012632	24	Port Input	14	434132	10	1
S1012632	24	Port Input	15	434133	11	1
S1012632	24	Port Input	14	434133	12	1
S1012632	24	Port Input	15	434134	12	1
S1012632	24	Port Input	14	434134	12	1
S1012632	24	Port Input	15	434134	12	1
S1012632	24	Port Input	14	434134	12	1
S1012632	24	Port Input	15	434134	12	1
S1012632	24	Port Input	14	434134	12	1
S1012632	24	Port Input	15	437238	3116	1
S1012632	24	Port Input	14	437238	3116	1
S1012632	24	Port Input	15	437241	3119	1
S1012632	24	Port Input	14	437241	3119	1
S1012632	24	Port Input	15	437241	3119	1
S1012632	24	Port Input	14	437241	3119	1
S1012632	24	Port Input	15	437241	3119	1
S1012632	24	Port Input	14	437241	3119	1
S1012632	24	Port Input	15	437242	3120	1
S1012632	24	Port Input	14	437242	3120	1
S1012632	24	Port Input	15	437242	3120	1
S1012632	24	Port Input	14	437242	3120	1
S1012632	24	Port Input	15	437242	3120	1
S1012632	24	Port Input	14	437242	3121	1
S1012632	24	Port Input	15	437243	3121	1
S1012632	24	Port Input	14	437243	3121	1
S1012632	24	Port Input	15	437243	3121	1
S1012632	24	Port Input	14	437243	3121	1
S1012632	24	Port Input	15	437243	3121	1
S1012632	24	Port Input	14	437243	3121	1
S1012632	24	Port Input	15	437243	3121	1
S1012632	24	Port Input	14	437243	3121	1
S1012632	24	Port Input	15	437243	3121	1
S1012632	24	Port Input	14	437244	3122	1
S1012632	24	Port Input	15	437244	3122	1
S1012632	24	Port Input	14	437244	3122	1
S1012632	24	Port Input	15	437244	3122	1
S1012632	24	Port Input	14	437244	3122	1
S1012632	24	Port Input	15	437245	3124	1
S1012632	24	Port Input	14	437246	3124	1
S1012632	24	Port Input	15	437246	3124	1
S1012632	24	Port Input	14	437246	3124	1
S1012632	24	Port Input	15	437246	3124	1
S1012632	24	Port Input	14	437246	3124	1
S1012632	24	Port Input	15	437247	3125	1
S1012632	24	Port Input	14	437247	3125	1
S1012632	24	Port Input	15	437247	3125	1
S1012632	24	Port Input	14	437247	3125	1
S1012632	24	Port Input	15	437247	3125	1
S1012632	24	Port Input	14	437247	3125	1
S1012632	24	Port Input	15	437247	3125	1
S1012632	24	Port Input	14	437247	3125	1
S1012632	24	Port Input	15	437248	3126	1
S1012632	24	Port Input	14	437248	3126	1
S1012632	24	Port Input	15	437248	3126	1
S1012632	24	Port Input	14	437248	3126	1
S1012632	24	Port Input	15	437248	3126	1
S1012632	24	Port Input	14	437248	3126	1
S1012632	24	Port Input	15	437249	3127	1
S1012632	24	Port Input	14	437249	3127	1
S1012632	24	Port Input	15	437249	3127	1
S1012632	24	Port Input	14	437249	3127	1
S1012632	24	Port Input	15	437250	3128	1
S1012632	24	Port Input	14	437250	3128	1
S1012632	24	Port Input	15	437250	3128	1
S1012632	24	Port Input	14	437250	3128	1
S1012632	24	Port Input	15	437251	3129	1
S1012632	24	Port Input	14	437251	3129	1
S1012632	24	Port Input	15	437252	3130	1
S1012632	24	Port Input	14	437252	3130	1
S1012632	24	Port Input	15	437252	3130	1
S1012632	24	Port Input	14	437253	3131	1
S1012632	24	Port Input	15	437255	3133	1
S1012632	24	Port Input	14	437255	3133	1
S1012632	24	Port Input	15	437255	3133	1
S1012632	24	Port Input	14	437255	3133	1
S1012632	24	Port Input	15	437255	3133	1
S1012632	24	Port Input	14	437255	3133	1
S1012632	24	Port Input	15	437255	3133	1
S1012632	24	Port Input	14	437255	3133	1
S1012632	24	Port Input	15	437256	3134	1
S1012632	24	Port Input	14	437256	3134	1
S1012632	24	Port Input	15	437256	3134	1
S1012632	24	Port Input	14	437256	3134	1
S1012632	24	Port Input	15	437256	3134	1
S1012632	24	Port Input	14	437256	3134	1
S1012632	24	Port Input	15	437257	3135	1
S1012632	24	Port Input	14	437257	3135	1
S1012632	24	Port Input	15	437260	3138	1
S1012632	24	Port Input	14	437260	3138	1
S1012632	24	Port Input	15	437260	3138	1
S1012632	24	Port Input	14	437260	3138	1
S1012632	24	Port Input	15	437261	3139	1
S1012632	24	Port Input	14	437261	3139	1
S1012632	24	Port Input	15	437262	3140	1
S1012632	24	Port Input	14	437262	3140	1
S1012632	24	Port Input	15	437262	3140	1
S1012632	24	Port Input	14	437262	3141	1
S1012632	24	Port Input	15	437263	3141	1
S1012632	24	Port Input	14	437263	3141	1
S1012632	24	Port Input	15	437263	3141	1
S1012632	24	Port Input	14	437263	3141	1
S1012632	24	Port Input	15	437263	3141	1
S1012632	24	Port Input	14	437263	3142	1
S1012632	24	Port Input	15	437264	3142	1
S1012632	24	Port Input	14	437264	3142	1
S1012632	24	Port Input	15	437264	3142	1
S1012632	24	Port Input	14	437264	3142	1
S1012632	24	Port Input	15	437265	3143	1
S1012632	24	Port Input	14	447575	13453	1
S1012632	24	Response	222	447575	13453	1
S1012632	25	Sound	20	447575	0	5			0		hit	1028
S1012632	25	Port Input	15	450383	2808	1
S1012632	25	Port Input	14	450383	2808	1
S1012632	25	Port Input	15	450384	2808	1
S1012632	25	Port Input	14	450384	2808	1
S1012632	25	Port Input	15	450384	2809	1
S1012632	25	Port Input	14	461223	13647	1
S1012632	25	Response	222	461223	13647	1
S1012632	26	Sound	20	461224	0	4			0		hit	1050
S1012632	26	Port Input	15	464347	3123	1
S1012632	26	Port Input	14	464347	3123	1
S1012632	26	Port Input	15	464348	3124	1
S1012632	26	Port Input	14	464348	3124	1
S1012632	26	Port Input	15	464348	3124	1
S1012632	26	Port Input	14	464348	3124	1
S1012632	26	Port Input	15	464349	3125	1
S1012632	26	Port Input	14	464349	3125	1
S1012632	26	Port Input	15	464349	3125	1
S1012632	26	Port Input	14	464349	3126	1
S1012632	26	Port Input	15	464349	3126	1
S1012632	26	Port Input	14	464349	3126	1
S1012632	26	Port Input	15	464349	3126	1
S1012632	26	Port Input	14	464349	3126	1
S1012632	26	Port Input	15	464352	3129	1
S1012632	26	Port Input	14	464352	3129	1
S1012632	26	Port Input	15	464352	3129	1
S1012632	26	Port Input	14	464352	3129	1
S1012632	26	Port Input	15	464352	3129	1
S1012632	26	Port Input	14	474733	13510	1
S1012632	26	Response	222	474733	13510	1
S1012632	26	Port Input	15	474734	13510	1
S1012632	26	Port Input	14	474734	13510	5
S1012632	27	Sound	20	474734	0	5			0		hit	1058
S1012632	27	Port Input	15	477998	3264	1
S1012632	27	Port Input	14	477998	3264	1
S1012632	27	Port Input	15	477998	3264	1
S1012632	27	Port Input	14	488115	13381	1
S1012632	27	Response	222	488115	13381	1
S1012632	28	Sound	20	488116	0	5			0		hit	1066
S1012632	28	Port Input	15	491470	3354	1
S1012632	28	Port Input	14	491470	3354	1
S1012632	28	Port Input	15	491470	3354	1
S1012632	28	Port Input	14	491471	3355	1
S1012632	28	Port Input	15	491471	3355	1
S1012632	28	Port Input	14	501716	13600	1
S1012632	28	Response	222	501716	13600	1
S1012632	29	Sound	20	501717	0	5			0		hit	1070
S1012632	29	Port Input	15	504585	2869	1
S1012632	29	Port Input	14	514582	12865	1
S1012632	29	Response	222	514582	12865	1
S1012632	30	Sound	20	514583	0	5			0		hit	1090
S1012632	30	Port Input	15	518428	3845	1
S1012632	30	Port Input	14	518428	3845	1
S1012632	30	Port Input	15	518429	3846	1
S1012632	30	Port Input	14	518429	3846	1
S1012632	30	Port Input	15	518429	3846	1
S1012632	30	Port Input	14	518429	3846	1
S1012632	30	Port Input	15	518429	3847	1
S1012632	30	Port Input	14	518429	3847	1
S1012632	30	Port Input	15	518430	3847	1
S1012632	30	Port Input	14	518430	3847	1
S1012632	30	Port Input	15	518430	3847	1
S1012632	30	Port Input	14	518430	3847	1
S1012632	30	Port Input	15	518431	3848	1
S1012632	30	Port Input	14	518431	3848	1
S1012632	30	Port Input	15	518431	3848	1
S1012632	30	Port Input	14	518431	3848	1
S1012632	30	Port Input	15	518431	3848	1
S1012632	30	Port Input	14	527547	12965	1
S1012632	30	Response	222	527547	12965	1
S1012632	31	Sound	20	527548	0	5			0		hit	1098
S1012632	31	Port Input	15	530729	3181	1
S1012632	31	Port Input	14	530729	3181	1
S1012632	31	Port Input	15	530729	3181	1
S1012632	31	Port Input	14	530729	3181	1
S1012632	31	Port Input	15	530730	3182	1
S1012632	31	Port Input	14	540620	13072	1
S1012632	31	Response	222	540620	13072	1
S1012632	32	Sound	20	540621	0	4			0		hit	1102
S1012632	32	Port Input	15	544105	3484	1
S1012632	32	Port Input	14	553923	13303	1
S1012632	32	Response	222	553923	13303	1
S1012632	33	Sound	20	553924	0	5			0		hit	1110
S1012632	33	Port Input	15	557138	3214	1
S1012632	33	Port Input	14	557138	3214	1
S1012632	33	Port Input	15	557138	3215	1
S1012632	33	Port Input	14	557138	3215	1
S1012632	33	Port Input	15	557139	3215	1
S1012632	33	Port Input	14	567799	13875	1
S1012632	33	Response	222	567799	13875	1
S1012632	34	Sound	20	567799	0	5			0		hit	1136
S1012632	34	Port Input	15	571074	3275	1
S1012632	34	Port Input	14	571074	3275	1
S1012632	34	Port Input	15	571074	3275	1
S1012632	34	Port Input	14	571074	3275	1
S1012632	34	Port Input	15	571075	3275	1
S1012632	34	Port Input	14	571075	3275	1
S1012632	34	Port Input	15	571075	3276	1
S1012632	34	Port Input	14	571075	3276	1
S1012632	34	Port Input	15	571079	3280	1
S1012632	34	Port Input	14	571079	3280	1
S1012632	34	Port Input	15	571083	3284	1
S1012632	34	Port Input	14	571083	3284	1
S1012632	34	Port Input	15	571084	3284	1
S1012632	34	Port Input	14	571084	3284	1
S1012632	34	Port Input	15	571084	3284	1
S1012632	34	Port Input	14	571084	3284	1
S1012632	34	Port Input	15	571084	3285	1
S1012632	34	Port Input	14	571084	3285	1
S1012632	34	Port Input	15	571084	3285	1
S1012632	34	Port Input	14	571084	3285	1
S1012632	34	Port Input	15	571085	3285	1
S1012632	34	Port Input	14	571085	3285	1
S1012632	34	Port Input	15	571085	3285	1
S1012632	34	Port Input	14	581352	13552	1
S1012632	34	Response	222	581352	13552	1
S1012632	35	Sound	20	581353	0	5			0		hit	1140
S1012632	35	Port Input	15	584583	3231	1
S1012632	35	Port Input	14	596037	14685	1
S1012632	35	Response	222	596037	14685	1
S1012632	36	Sound	20	596038	0	5			0		hit	1178
S1012632	36	Port Input	15	599149	3111	1
S1012632	36	Port Input	14	599149	3111	1
S1012632	36	Port Input	15	599149	3111	1
S1012632	36	Port Input	14	599149	3111	1
S1012632	36	Port Input	15	599151	3113	1
S1012632	36	Port Input	14	599151	3113	1
S1012632	36	Port Input	15	599152	3113	1
S1012632	36	Port Input	14	599152	3113	1
S1012632	36	Port Input	15	599152	3113	1
S1012632	36	Port Input	14	599152	3113	1
S1012632	36	Port Input	15	599152	3114	1
S1012632	36	Port Input	14	599152	3114	1
S1012632	36	Port Input	15	599153	3115	1
S1012632	36	Port Input	14	599153	3115	1
S1012632	36	Port Input	15	599155	3117	1
S1012632	36	Port Input	14	599155	3117	1
S1012632	36	Port Input	15	599158	3119	1
S1012632	36	Port Input	14	599158	3119	1
S1012632	36	Port Input	15	599159	3120	1
S1012632	36	Port Input	14	599159	3120	1
S1012632	36	Port Input	15	599159	3121	1
S1012632	36	Port Input	14	599159	3121	1
S1012632	36	Port Input	15	599159	3121	1
S1012632	36	Port Input	14	599159	3121	1
S1012632	36	Port Input	15	599160	3121	1
S1012632	36	Port Input	14	599160	3121	1
S1012632	36	Port Input	15	599160	3121	1
S1012632	36	Port Input	14	599160	3121	1
S1012632	36	Port Input	15	599160	3122	1
S1012632	36	Port Input	14	599160	3122	1
S1012632	36	Port Input	15	599161	3123	1
S1012632	36	Port Input	14	599161	3123	1
S1012632	36	Port Input	15	599161	3123	1
S1012632	36	Port Input	14	599161	3123	1
S1012632	36	Port Input	15	599161	3123	1
S1012632	36	Port Input	14	609384	13345	1
S1012632	36	Response	222	609384	13345	1
S1012632	37	Sound	20	609385	0	4			0		hit	1192
S1012632	37	Port Input	15	612050	2665	1
S1012632	37	Port Input	14	612050	2665	1
S1012632	37	Port Input	15	612053	2668	1
S1012632	37	Port Input	14	612053	2668	1
S1012632	37	Port Input	15	612053	2668	1
S1012632	37	Port Input	14	612053	2668	1
S1012632	37	Port Input	15	612053	2669	1
S1012632	37	Port Input	14	612053	2669	1
S1012632	37	Port Input	15	612054	2669	1
S1012632	37	Port Input	14	612054	2669	1
S1012632	37	Port Input	15	612054	2669	1
S1012632	37	Port Input	14	622278	12894	1
S1012632	37	Response	222	622278	12894	1
S1012632	38	Sound	20	622279	0	5			0		hit	1198
S1012632	38	Port Input	15	625286	3007	1
S1012632	38	Port Input	14	625286	3007	1
S1012632	38	Port Input	15	625286	3007	1
S1012632	38	Port Input	14	635400	13121	1
S1012632	38	Response	222	635400	13121	1
S1012632	39	Sound	20	635401	0	5			0		hit	1206
S1012632	39	Port Input	15	638586	3186	1
S1012632	39	Port Input	14	638586	3186	1
S1012632	39	Port Input	15	638586	3186	1
S1012632	39	Port Input	14	638586	3186	1
S1012632	39	Port Input	15	638587	3186	1
S1012632	39	Port Input	14	648930	13530	1
S1012632	39	Response	222	648930	13530	1
S1012632	40	Sound	20	648931	0	5			0		hit	1210
S1012632	40	Port Input	15	651996	3065	1
S1012632	40	Port Input	14	662965	14034	1
S1012632	40	Response	222	662965	14034	1
S1012632	41	Sound	20	662966	0	5			0		hit	1214
S1012632	41	Port Input	15	666470	3505	1
S1012632	41	Port Input	14	676595	13629	1
S1012632	41	Response	222	676595	13629	1
S1012632	42	Sound	20	676596	0	5			0		hit	1226
S1012632	42	Port Input	15	679765	3169	1
S1012632	42	Port Input	14	679765	3169	1
S1012632	42	Port Input	15	679767	3171	1
S1012632	42	Port Input	14	679767	3171	1
S1012632	42	Port Input	15	679767	3171	1
S1012632	42	Port Input	14	679767	3171	1
S1012632	42	Port Input	15	679767	3172	1
S1012632	42	Port Input	14	679767	3172	1
S1012632	42	Port Input	15	679768	3172	1
S1012632	42	Port Input	14	689478	12882	1
S1012632	42	Response	222	689478	12882	1
S1012632	43	Sound	20	689479	0	5			0		hit	1236
S1012632	43	Port Input	15	692631	3152	1
S1012632	43	Port Input	14	692631	3152	1
S1012632	43	Port Input	15	692634	3155	1
S1012632	43	Port Input	14	692634	3155	1
S1012632	43	Port Input	15	692635	3156	1
S1012632	43	Port Input	14	692635	3156	1
S1012632	43	Port Input	15	692637	3158	1
S1012632	43	Port Input	14	702726	13247	1
S1012632	43	Response	222	702726	13247	1
S1012632	44	Sound	20	702726	0	4			0		hit	1246
S1012632	44	Port Input	15	705683	2956	1
S1012632	44	Port Input	14	705683	2956	1
S1012632	44	Port Input	15	705683	2957	1
S1012632	44	Port Input	14	705683	2957	1
S1012632	44	Port Input	15	705684	2957	1
S1012632	44	Port Input	14	705684	2958	1
S1012632	44	Port Input	15	705684	2958	1
S1012632	44	Port Input	14	714931	12205	1
S1012632	44	Response	222	714931	12205	1
S1012632	44	Port Input	15	714932	12206	1
S1012632	44	Port Input	14	714933	12206	5
S1012632	45	Sound	20	714933	0	4			0		hit	1258
S1012632	45	Port Input	15	718225	3293	1
S1012632	45	Port Input	14	718225	3293	1
S1012632	45	Port Input	15	718227	3294	1
S1012632	45	Port Input	14	718227	3294	1
S1012632	45	Port Input	15	718228	3295	1
S1012632	45	Port Input	14	718228	3295	1
S1012632	45	Port Input	15	718228	3296	1
S1012632	45	Port Input	14	726874	11941	1
S1012632	45	Response	222	726874	11941	1
S1012632	46	Sound	20	726875	0	5			0		hit	1270
S1012632	46	Port Input	15	730785	3910	1
S1012632	46	Port Input	14	730785	3910	1
S1012632	46	Port Input	15	730786	3912	1
S1012632	46	Port Input	14	730786	3912	1
S1012632	46	Port Input	15	730787	3913	1
S1012632	46	Port Input	14	730787	3913	1
S1012632	46	Port Input	15	730788	3913	1
S1012632	46	Port Input	14	730788	3913	1
S1012632	46	Port Input	15	730788	3913	1
S1012632	46	Port Input	14	739291	12416	1
S1012632	46	Response	222	739291	12416	1
S1012632	47	Sound	20	739292	0	5			0		hit	1278
S1012632	47	Port Input	15	739298	6	1
S1012632	47	Port Input	14	739298	6	1
S1012632	47	Port Input	15	742672	3380	1
S1012632	47	Port Input	14	742672	3380	1
S1012632	47	Port Input	15	742673	3381	1
S1012632	47	Port Input	14	751826	12534	1
S1012632	47	Response	222	751826	12534	1
S1012632	47	Port Input	15	751826	12534	1
S1012632	47	Port Input	14	751827	12535	5
S1012632	48	Sound	20	751827	0	5			0		hit	1286
S1012632	48	Port Input	15	755560	3734	1
S1012632	48	Port Input	14	755560	3734	1
S1012632	48	Port Input	15	755561	3734	1
S1012632	48	Port Input	14	763850	12023	1
S1012632	48	Response	222	763850	12023	1
S1012632	49	Sound	20	763851	0	5			0		hit	1292
S1012632	49	Port Input	15	767678	3827	1
S1012632	49	Port Input	14	767678	3827	1
S1012632	49	Port Input	15	767678	3828	1
S1012632	49	Port Input	14	777645	13794	1
S1012632	49	Response	222	777645	13794	1
S1012632	49	Port Input	15	777645	13794	1
S1012632	49	Port Input	14	777646	13795	5
S1012632	50	Sound	20	777646	0	5			0		hit	1306
S1012632	50	Port Input	15	781115	3469	1
S1012632	50	Port Input	14	781115	3469	1
S1012632	50	Port Input	15	781117	3472	1
S1012632	50	Port Input	14	781117	3472	1
S1012632	50	Port Input	15	781118	3472	1
S1012632	50	Port Input	14	781118	3473	1
S1012632	50	Port Input	15	781119	3474	1
S1012632	50	Port Input	14	781119	3474	1
S1012632	50	Port Input	15	781120	3474	1
S1012632	50	Port Input	14	791272	13626	1
S1012632	50	Response	222	791272	13626	1
S1012632	51	Sound	20	791272	0	5			0		hit	1316
S1012632	51	Port Input	15	794189	2916	1
S1012632	51	Port Input	14	794189	2916	1
S1012632	51	Port Input	15	794192	2919	1
S1012632	51	Port Input	14	794192	2919	1
S1012632	51	Port Input	15	794193	2921	1
S1012632	51	Port Input	14	794193	2921	1
S1012632	51	Port Input	15	794196	2923	1
S1012632	51	Port Input	14	803897	12625	1
S1012632	51	Response	222	803897	12625	1
S1012632	52	Sound	20	803898	0	5			0		hit	1338
S1012632	52	Port Input	15	807022	3124	1
S1012632	52	Port Input	14	807022	3124	1
S1012632	52	Port Input	15	807024	3126	1
S1012632	52	Port Input	14	807024	3126	1
S1012632	52	Port Input	15	807040	3142	1
S1012632	52	Port Input	14	807040	3142	1
S1012632	52	Port Input	15	807040	3142	1
S1012632	52	Port Input	14	807040	3142	1
S1012632	52	Port Input	15	807043	3144	1
S1012632	52	Port Input	14	807043	3144	1
S1012632	52	Port Input	15	807045	3146	1
S1012632	52	Port Input	14	807045	3146	1
S1012632	52	Port Input	15	807046	3148	1
S1012632	52	Port Input	14	807046	3148	1
S1012632	52	Port Input	15	807047	3149	1
S1012632	52	Port Input	14	807047	3149	1
S1012632	52	Port Input	15	807048	3150	1
S1012632	52	Port Input	14	807048	3150	1
S1012632	52	Port Input	15	807049	3151	1
S1012632	52	Port Input	14	816588	12690	1
S1012632	52	Response	222	816588	12690	1
S1012632	53	Sound	20	816589	0	4			0		hit	1344
S1012632	53	Port Input	15	820809	4220	1
S1012632	53	Port Input	14	820809	4220	1
S1012632	53	Port Input	15	820809	4220	1
S1012632	53	Port Input	14	829131	12542	1
S1012632	53	Response	222	829131	12542	1
S1012632	54	Sound	20	829132	0	5			0		hit	1364
S1012632	54	Port Input	15	832217	3085	1
S1012632	54	Port Input	14	832217	3085	1
S1012632	54	Port Input	15	832217	3085	1
S1012632	54	Port Input	14	832217	3085	1
S1012632	54	Port Input	15	832217	3085	1
S1012632	54	Port Input	14	832217	3085	1
S1012632	54	Port Input	15	832218	3086	1
S1012632	54	Port Input	14	832218	3086	1
S1012632	54	Port Input	15	832219	3087	1
S1012632	54	Port Input	14	832219	3087	1
S1012632	54	Port Input	15	832220	3088	1
S1012632	54	Port Input	14	832220	3088	1
S1012632	54	Port Input	15	832220	3088	1
S1012632	54	Port Input	14	832220	3088	1
S1012632	54	Port Input	15	832220	3089	1
S1012632	54	Port Input	14	832221	3089	1
S1012632	54	Port Input	15	832221	3089	1
S1012632	54	Port Input	14	840768	11637	1
S1012632	54	Response	222	840768	11637	1
S1012632	54	Port Input	15	840769	11637	1
S1012632	55	Sound	20	840769	0	5			0		hit	1372
S1012632	55	Port Input	14	840773	4	1
S1012632	55	Port Input	15	844504	3735	1
S1012632	55	Port Input	14	844504	3735	1
S1012632	55	Port Input	15	844504	3735	1
S1012632	55	Port Input	14	853776	13007	1
S1012632	55	Response	222	853776	13007	1
S1012632	56	Sound	20	853777	0	4			0		hit	1388
S1012632	56	Port Input	15	857509	3732	1
S1012632	56	Port Input	14	857509	3732	1
S1012632	56	Port Input	15	857509	3732	1
S1012632	56	Port Input	14	857509	3732	1
S1012632	56	Port Input	15	857510	3734	1
S1012632	56	Port Input	14	857510	3734	1
S1012632	56	Port Input	15	857512	3735	1
S1012632	56	Port Input	14	857512	3735	1
S1012632	56	Port Input	15	857512	3736	1
S1012632	56	Port Input	14	857512	3736	1
S1012632	56	Port Input	15	857513	3736	1
S1012632	56	Port Input	14	857513	3736	1
S1012632	56	Port Input	15	857513	3736	1
S1012632	56	Port Input	14	866028	12251	1
S1012632	56	Response	222	866028	12251	1
S1012632	57	Sound	20	866029	0	5			0		hit	1400
S1012632	57	Port Input	15	869497	3468	1
S1012632	57	Port Input	14	869497	3468	1
S1012632	57	Port Input	15	869497	3468	1
S1012632	57	Port Input	14	869497	3468	1
S1012632	57	Port Input	15	869497	3468	1
S1012632	57	Port Input	14	869497	3468	1
S1012632	57	Port Input	15	869498	3469	1
S1012632	57	Port Input	14	869498	3469	1
S1012632	57	Port Input	15	869498	3469	1
S1012632	57	Port Input	14	878386	12357	1
S1012632	57	Response	222	878386	12357	1
S1012632	58	Sound	20	878386	0	4			0		hit	1404
S1012632	58	Port Input	15	881356	2969	1
S1012632	58	Port Input	14	891087	12700	1
S1012632	58	Response	222	891087	12700	1
S1012632	59	Sound	20	891087	0	5			0		hit	1408
S1012632	59	Port Input	15	894682	3595	1
S1012632	59	Port Input	14	904499	13411	1
S1012632	59	Response	222	904499	13411	1
S1012632	60	Sound	20	904500	0	4			0		hit	1416
S1012632	60	Port Input	15	907592	3092	1
S1012632	60	Port Input	14	907592	3092	1
S1012632	60	Port Input	15	907592	3093	1
S1012632	60	Port Input	14	907592	3093	1
S1012632	60	Port Input	15	907593	3093	1
S1012632	60	Port Input	14	917792	13293	1
S1012632	60	Response	222	917792	13293	1
S1012632	61	Sound	20	917793	0	5			0		hit	1426
S1012632	61	Port Input	15	920521	2728	1
S1012632	61	Port Input	14	920521	2728	1
S1012632	61	Port Input	15	920522	2729	1
S1012632	61	Port Input	14	920522	2729	1
S1012632	61	Port Input	15	920522	2729	1
S1012632	61	Port Input	14	920522	2729	1
S1012632	61	Port Input	15	920522	2729	1
S1012632	61	Port Input	14	930317	12524	1
S1012632	61	Response	222	930317	12524	1
S1012632	62	Sound	20	930318	0	5			0		hit	1458
S1012632	62	Port Input	15	932971	2654	1
S1012632	62	Port Input	14	932971	2654	1
S1012632	62	Port Input	15	932972	2654	1
S1012632	62	Port Input	14	932972	2654	1
S1012632	62	Port Input	15	932972	2654	1
S1012632	62	Port Input	14	932972	2654	1
S1012632	62	Port Input	15	932972	2655	1
S1012632	62	Port Input	14	932972	2655	1
S1012632	62	Port Input	15	932972	2655	1
S1012632	62	Port Input	14	932972	2655	1
S1012632	62	Port Input	15	932972	2655	1
S1012632	62	Port Input	14	932973	2655	1
S1012632	62	Port Input	15	932974	2656	1
S1012632	62	Port Input	14	932974	2656	1
S1012632	62	Port Input	15	932974	2656	1
S1012632	62	Port Input	14	932974	2656	1
S1012632	62	Port Input	15	932974	2657	1
S1012632	62	Port Input	14	932974	2657	1
S1012632	62	Port Input	15	932974	2657	1
S1012632	62	Port Input	14	932974	2657	1
S1012632	62	Port Input	15	932975	2657	1
S1012632	62	Port Input	14	932976	2658	1
S1012632	62	Port Input	15	932977	2660	1
S1012632	62	Port Input	14	932977	2660	1
S1012632	62	Port Input	15	932977	2660	1
S1012632	62	Port Input	14	932978	2660	1
S1012632	62	Port Input	15	932978	2661	1
S1012632	62	Port Input	14	932978	2661	1
S1012632	62	Port Input	15	932978	2661	1
S1012632	62	Port Input	14	943143	12825	1
S1012632	62	Response	222	943143	12825	1
S1012632	62	Port Input	15	943143	12825	1
S1012632	62	Port Input	14	943143	12826	5
S1012632	63	Sound	20	943143	0	5			0		hit	1470
S1012632	63	Port Input	15	946125	2982	1
S1012632	63	Port Input	14	946125	2982	1
S1012632	63	Port Input	15	946128	2984	1
S1012632	63	Port Input	14	946128	2984	1
S1012632	63	Port Input	15	946128	2985	1
S1012632	63	Port Input	14	946128	2985	1
S1012632	63	Port Input	15	946129	2985	1
S1012632	63	Port Input	14	956712	13568	1
S1012632	63	Response	222	956712	13568	1
S1012632	63	Port Input	15	956712	13569	1
S1012632	63	Port Input	14	956713	13569	5
S1012632	64	Sound	20	956713	0	5			0		hit	1486
S1012632	64	Port Input	15	956717	4	1
S1012632	64	Port Input	14	956717	4	1
S1012632	64	Port Input	15	956718	5	1
S1012632	64	Port Input	14	956718	6	1
S1012632	64	Port Input	15	956724	11	1
S1012632	64	Port Input	14	956724	11	1
S1012632	64	Port Input	15	959511	2798	1
S1012632	64	Port Input	14	959511	2798	1
S1012632	64	Port Input	15	959511	2798	1
S1012632	64	Port Input	14	959511	2798	1
S1012632	64	Port Input	15	959511	2798	1
S1012632	64	Port Input	14	970532	13819	1
S1012632	64	Response	222	970532	13819	1
S1012632	65	Sound	20	970532	0	5			0		hit	1496
S1012632	65	Port Input	15	973942	3409	1
S1012632	65	Port Input	14	973942	3409	1
S1012632	65	Port Input	15	973942	3410	1
S1012632	65	Port Input	14	973942	3410	1
S1012632	65	Port Input	15	973942	3410	1
S1012632	65	Port Input	14	973942	3410	1
S1012632	65	Port Input	15	973942	3410	1
S1012632	65	Port Input	14	983345	12813	1
S1012632	65	Response	222	983345	12813	1
S1012632	66	Sound	20	983346	0	4			0		hit	1508
S1012632	66	Port Input	15	986061	2715	1
S1012632	66	Port Input	14	986061	2715	1
S1012632	66	Port Input	15	986061	2716	1
S1012632	66	Port Input	14	986061	2716	1
S1012632	66	Port Input	15	986063	2717	1
S1012632	66	Port Input	14	986063	2717	1
S1012632	66	Port Input	15	986064	2718	1
S1012632	66	Port Input	14	986064	2718	1
S1012632	66	Port Input	15	986066	2720	1
S1012632	66	Port Input	14	997253	13908	1
S1012632	66	Response	222	997253	13908	1
S1012632	67	Sound	20	997254	0	5			0		hit	1512
S1012632	67	Port Input	15	1000079	2825	1
S1012632	67	Port Input	14	1010275	13021	1
S1012632	67	Response	222	1010275	13021	1
S1012632	68	Sound	20	1010276	0	4			0		hit	1538
S1012632	68	Port Input	15	1012916	2640	1
S1012632	68	Port Input	14	1012916	2640	1
S1012632	68	Port Input	15	1012916	2641	1
S1012632	68	Port Input	14	1012916	2641	1
S1012632	68	Port Input	15	1012917	2641	1
S1012632	68	Port Input	14	1012917	2641	1
S1012632	68	Port Input	15	1012917	2641	1
S1012632	68	Port Input	14	1012917	2641	1
S1012632	68	Port Input	15	1012917	2641	1
S1012632	68	Port Input	14	1012917	2641	1
S1012632	68	Port Input	15	1012917	2641	1
S1012632	68	Port Input	14	1012917	2641	1
S1012632	68	Port Input	15	1012918	2642	1
S1012632	68	Port Input	14	1012918	2642	1
S1012632	68	Port Input	15	1012918	2642	1
S1012632	68	Port Input	14	1012918	2642	1
S1012632	68	Port Input	15	1012919	2643	1
S1012632	68	Port Input	14	1012919	2643	1
S1012632	68	Port Input	15	1012919	2643	1
S1012632	68	Port Input	14	1012919	2643	1
S1012632	68	Port Input	15	1012919	2643	1
S1012632	68	Port Input	14	1012919	2643	1
S1012632	68	Port Input	15	1012920	2644	1
S1012632	68	Port Input	14	1022444	12168	1
S1012632	68	Response	222	1022444	12168	1
S1012632	69	Sound	20	1022445	0	4			0		hit	1542
S1012632	69	Port Input	15	1025405	2960	1
S1012632	69	Port Input	14	1034837	12393	1
S1012632	69	Response	222	1034837	12393	1
S1012632	69	Port Input	15	1034838	12393	1
S1012632	69	Port Input	14	1034838	12393	5
S1012632	70	Sound	20	1034838	0	5			0		hit	1562
S1012632	70	Port Input	15	1037606	2767	1
S1012632	70	Port Input	14	1037606	2767	1
S1012632	70	Port Input	15	1037606	2768	1
S1012632	70	Port Input	14	1037606	2768	1
S1012632	70	Port Input	15	1037606	2768	1
S1012632	70	Port Input	14	1037606	2768	1
S1012632	70	Port Input	15	1037607	2768	1
S1012632	70	Port Input	14	1037607	2768	1
S1012632	70	Port Input	15	1037607	2769	1
S1012632	70	Port Input	14	1037607	2769	1
S1012632	70	Port Input	15	1037607	2769	1
S1012632	70	Port Input	14	1037607	2769	1
S1012632	70	Port Input	15	1037608	2769	1
S1012632	70	Port Input	14	1037608	2769	1
S1012632	70	Port Input	15	1037608	2770	1
S1012632	70	Port Input	14	1047594	12756	1
S1012632	70	Response	222	1047594	12756	1
S1012632	71	Sound	20	1047594	0	5			0		hit	1578
S1012632	71	Port Input	15	1050334	2739	1
S1012632	71	Port Input	14	1050334	2739	1
S1012632	71	Port Input	15	1050336	2741	1
S1012632	71	Port Input	14	1050336	2741	1
S1012632	71	Port Input	15	1050337	2742	1
S1012632	71	Port Input	14	1050337	2742	1
S1012632	71	Port Input	15	1050337	2742	1
S1012632	71	Port Input	14	1050337	2743	1
S1012632	71	Port Input	15	1050337	2743	1
S1012632	71	Port Input	14	1050337	2743	1
S1012632	71	Port Input	15	1050338	2744	1
S1012632	71	Port Input	14	1050338	2744	1
S1012632	71	Port Input	15	1050338	2744	1
S1012632	71	Port Input	14	1059511	11916	1
S1012632	71	Response	222	1059511	11916	1
S1012632	72	Sound	20	1059511	0	5			0		hit	1582
S1012632	72	Port Input	15	1062459	2947	1
S1012632	72	Port Input	14	1072714	13203	1
S1012632	72	Response	222	1072714	13203	1
S1012632	73	Sound	20	1072715	0	5			0		hit	1592
S1012632	73	Port Input	15	1075537	2822	1
S1012632	73	Port Input	14	1075537	2822	1
S1012632	73	Port Input	15	1075538	2823	1
S1012632	73	Port Input	14	1075538	2823	1
S1012632	73	Port Input	15	1075539	2824	1
S1012632	73	Port Input	14	1075539	2824	1
S1012632	73	Port Input	15	1075539	2824	1
S1012632	73	Port Input	14	1085519	12805	1
S1012632	73	Response	222	1085519	12805	1
S1012632	74	Sound	20	1085520	0	5			0		hit	1596
S1012632	74	Port Input	15	1088283	2763	1
S1012632	74	Port Input	14	1099295	13775	1
S1012632	74	Response	222	1099295	13775	1
S1012632	74	Port Input	15	1099295	13775	1
S1012632	74	Port Input	14	1099295	13775	1
S1012632	75	Sound	20	1099296	0	5			0		hit	1606
S1012632	75	Port Input	15	1102089	2793	1
S1012632	75	Port Input	14	1102089	2793	1
S1012632	75	Port Input	15	1102089	2793	1
S1012632	75	Port Input	14	1102089	2793	1
S1012632	75	Port Input	15	1102089	2794	1
S1012632	75	Port Input	14	1113175	13879	1
S1012632	75	Response	222	1113175	13879	1
S1012632	76	Sound	20	1113176	0	5			0		hit	1638
S1012632	76	Port Input	15	1115975	2799	1
S1012632	76	Port Input	14	1115975	2799	1
S1012632	76	Port Input	15	1115975	2799	1
S1012632	76	Port Input	14	1115975	2799	1
S1012632	76	Port Input	15	1115975	2799	1
S1012632	76	Port Input	14	1115975	2799	1
S1012632	76	Port Input	15	1115976	2800	1
S1012632	76	Port Input	14	1115976	2800	1
S1012632	76	Port Input	15	1115976	2800	1
S1012632	76	Port Input	14	1115976	2800	1
S1012632	76	Port Input	15	1115977	2801	1
S1012632	76	Port Input	14	1115977	2801	1
S1012632	76	Port Input	15	1115978	2802	1
S1012632	76	Port Input	14	1115978	2802	1
S1012632	76	Port Input	15	1115978	2802	1
S1012632	76	Port Input	14	1115978	2802	1
S1012632	76	Port Input	15	1115978	2802	1
S1012632	76	Port Input	14	1115978	2802	1
S1012632	76	Port Input	15	1115978	2802	1
S1012632	76	Port Input	14	1115978	2802	1
S1012632	76	Port Input	15	1115978	2802	1
S1012632	76	Port Input	14	1115978	2803	1
S1012632	76	Port Input	15	1115979	2803	1
S1012632	76	Port Input	14	1115979	2803	1
S1012632	76	Port Input	15	1115979	2803	1
S1012632	76	Port Input	14	1115979	2803	1
S1012632	76	Port Input	15	1115979	2803	1
S1012632	76	Port Input	14	1115979	2803	1
S1012632	76	Port Input	15	1115980	2804	1
S1012632	76	Port Input	14	1126145	12969	1
S1012632	76	Response	222	1126145	12969	1
S1012632	77	Sound	20	1126146	0	5			0		hit	1644
S1012632	77	Port Input	15	1129211	3065	1
S1012632	77	Port Input	14	1129211	3065	1
S1012632	77	Port Input	15	1129211	3066	1
S1012632	77	Port Input	14	1139131	12986	1
S1012632	77	Response	222	1139131	12986	1
S1012632	78	Sound	20	1139132	0	5			0		hit	1652
S1012632	78	Port Input	15	1142100	2968	1
S1012632	78	Port Input	14	1142100	2968	1
S1012632	78	Port Input	15	1142101	2969	1
S1012632	78	Port Input	14	1142101	2969	1
S1012632	78	Port Input	15	1142101	2969	1
S1012632	78	Port Input	14	1151385	12253	1
S1012632	78	Response	222	1151385	12253	1
S1012632	79	Sound	20	1151386	0	4			0		hit	1676
S1012632	79	Port Input	15	1154218	2832	1
S1012632	79	Port Input	14	1154218	2832	1
S1012632	79	Port Input	15	1154219	2833	1
S1012632	79	Port Input	14	1154219	2833	1
S1012632	79	Port Input	15	1154219	2833	1
S1012632	79	Port Input	14	1154219	2833	1
S1012632	79	Port Input	15	1154219	2833	1
S1012632	79	Port Input	14	1154219	2833	1
S1012632	79	Port Input	15	1154221	2835	1
S1012632	79	Port Input	14	1154221	2835	1
S1012632	79	Port Input	15	1154222	2836	1
S1012632	79	Port Input	14	1154222	2836	1
S1012632	79	Port Input	15	1154222	2837	1
S1012632	79	Port Input	14	1154222	2837	1
S1012632	79	Port Input	15	1154223	2838	1
S1012632	79	Port Input	14	1154224	2838	1
S1012632	79	Port Input	15	1154224	2838	1
S1012632	79	Port Input	14	1154224	2838	1
S1012632	79	Port Input	15	1154224	2839	1
S1012632	79	Port Input	14	1154224	2839	1
S1012632	79	Port Input	15	1154225	2839	1
S1012632	79	Port Input	14	1165225	13839	1
S1012632	79	Response	222	1165225	13839	1
S1012632	80	Sound	20	1165226	0	5			0		hit	1680
S1012632	80	Port Input	15	1168294	3068	1
S1012632	80	Port Input	14	1178667	13441	1
S1012632	80	Response	222	1178667	13441	1
S1012632	80	Port Input	15	1178667	13441	1
S1012632	80	Port Input	14	1178667	13441	1
S1012632	81	Sound	20	1178667	0	5			0		hit	1686
S1012632	81	Port Input	15	1181433	2766	1
S1012632	81	Port Input	14	1192090	13423	1
S1012632	81	Response	222	1192090	13423	1
S1012632	82	Sound	20	1192091	0	5			0		hit	1710
S1012632	82	Port Input	15	1195052	2961	1
S1012632	82	Port Input	14	1195052	2961	1
S1012632	82	Port Input	15	1195052	2962	1
S1012632	82	Port Input	14	1195053	2962	1
S1012632	82	Port Input	15	1195055	2964	1
S1012632	82	Port Input	14	1195055	2964	1
S1012632	82	Port Input	15	1195056	2965	1
S1012632	82	Port Input	14	1195056	2965	1
S1012632	82	Port Input	15	1195056	2965	1
S1012632	82	Port Input	14	1195056	2965	1
S1012632	82	Port Input	15	1195057	2966	1
S1012632	82	Port Input	14	1195057	2966	1
S1012632	82	Port Input	15	1195057	2966	1
S1012632	82	Port Input	14	1195057	2966	1
S1012632	82	Port Input	15	1195057	2966	1
S1012632	82	Port Input	14	1195057	2966	1
S1012632	82	Port Input	15	1195058	2967	1
S1012632	82	Port Input	14	1195059	2968	1
S1012632	82	Port Input	15	1195059	2968	1
S1012632	82	Port Input	14	1195059	2968	1
S1012632	82	Port Input	15	1195060	2969	1
S1012632	82	Port Input	14	1204896	12805	1
S1012632	82	Response	222	1204896	12805	1
S1012632	83	Sound	20	1204897	0	5			0		hit	1718
S1012632	83	Port Input	15	1207900	3003	1
S1012632	83	Port Input	14	1207900	3003	1
S1012632	83	Port Input	15	1207900	3003	1
S1012632	83	Port Input	14	1207900	3003	1
S1012632	83	Port Input	15	1207901	3004	1
S1012632	83	Port Input	14	1217732	12835	1
S1012632	83	Response	222	1217732	12835	1
S1012632	83	Port Input	15	1217732	12835	1
S1012632	83	Port Input	14	1217732	12836	5
S1012632	84	Sound	20	1217732	0	4			0		hit	1740
S1012632	84	Port Input	15	1221402	3670	1
S1012632	84	Port Input	14	1221402	3670	1
S1012632	84	Port Input	15	1221403	3671	1
S1012632	84	Port Input	14	1221403	3671	1
S1012632	84	Port Input	15	1221404	3672	1
S1012632	84	Port Input	14	1221404	3672	1
S1012632	84	Port Input	15	1221405	3672	1
S1012632	84	Port Input	14	1221405	3672	1
S1012632	84	Port Input	15	1221405	3672	1
S1012632	84	Port Input	14	1221405	3672	1
S1012632	84	Port Input	15	1221406	3673	1
S1012632	84	Port Input	14	1221406	3673	1
S1012632	84	Port Input	15	1221407	3674	1
S1012632	84	Port Input	14	1221407	3674	1
S1012632	84	Port Input	15	1221407	3675	1
S1012632	84	Port Input	14	1221407	3675	1
S1012632	84	Port Input	15	1221407	3675	1
S1012632	84	Port Input	14	1231634	13901	1
S1012632	84	Response	222	1231634	13901	1
S1012632	85	Sound	20	1231634	0	5			0		hit	1744
S1012632	85	Port Input	15	1234741	3106	1
S1012632	85	Port Input	14	1244391	12756	1
S1012632	85	Response	222	1244391	12756	1
S1012632	86	Sound	20	1244392	0	5			0		hit	1760
S1012632	86	Port Input	15	1247757	3365	1
S1012632	86	Port Input	14	1247757	3366	1
S1012632	86	Port Input	15	1247761	3369	1
S1012632	86	Port Input	14	1247761	3369	1
S1012632	86	Port Input	15	1247761	3370	1
S1012632	86	Port Input	14	1247761	3370	1
S1012632	86	Port Input	15	1247765	3373	1
S1012632	86	Port Input	14	1247765	3373	1
S1012632	86	Port Input	15	1247765	3373	1
S1012632	86	Port Input	14	1247765	3373	1
S1012632	86	Port Input	15	1247765	3374	1
S1012632	86	Port Input	14	1247765	3374	1
S1012632	86	Port Input	15	1247765	3374	1
S1012632	86	Port Input	14	1257308	12916	1
S1012632	86	Response	222	1257308	12916	1
S1012632	86	Port Input	15	1257308	12916	1
S1012632	86	Port Input	14	1257308	12917	1
S1012632	86	Port Input	15	1257308	12917	1
S1012632	86	Port Input	14	1257309	12917	1
S1012632	87	Sound	20	1257309	0	5			0		hit	1790
S1012632	87	Port Input	15	1260594	3285	1
S1012632	87	Port Input	14	1260594	3285	1
S1012632	87	Port Input	15	1260596	3287	1
S1012632	87	Port Input	14	1260596	3287	1
S1012632	87	Port Input	15	1260597	3288	1
S1012632	87	Port Input	14	1260597	3288	1
S1012632	87	Port Input	15	1260598	3289	1
S1012632	87	Port Input	14	1260598	3289	1
S1012632	87	Port Input	15	1260598	3289	1
S1012632	87	Port Input	14	1260598	3289	1
S1012632	87	Port Input	15	1260598	3289	1
S1012632	87	Port Input	14	1260598	3290	1
S1012632	87	Port Input	15	1260599	3290	1
S1012632	87	Port Input	14	1260601	3292	1
S1012632	87	Port Input	15	1260601	3292	1
S1012632	87	Port Input	14	1260601	3292	1
S1012632	87	Port Input	15	1260601	3292	1
S1012632	87	Port Input	14	1260602	3293	1
S1012632	87	Port Input	15	1260602	3293	1
S1012632	87	Port Input	14	1260602	3293	1
S1012632	87	Port Input	15	1260602	3293	1
S1012632	87	Port Input	14	1260602	3293	1
S1012632	87	Port Input	15	1260603	3294	1
S1012632	87	Port Input	14	1269756	12447	1
S1012632	87	Response	222	1269756	12447	1
S1012632	88	Sound	20	1269757	0	5			0		hit	1810
S1012632	88	Port Input	15	1272764	3008	1
S1012632	88	Port Input	14	1272764	3008	1
S1012632	88	Port Input	15	1272765	3008	1
S1012632	88	Port Input	14	1272765	3008	1
S1012632	88	Port Input	15	1272765	3008	1
S1012632	88	Port Input	14	1272765	3008	1
S1012632	88	Port Input	15	1272765	3009	1
S1012632	88	Port Input	14	1272765	3009	1
S1012632	88	Port Input	15	1272766	3009	1
S1012632	88	Port Input	14	1272766	3009	1
S1012632	88	Port Input	15	1272766	3009	1
S1012632	88	Port Input	14	1272766	3009	1
S1012632	88	Port Input	15	1272766	3009	1
S1012632	88	Port Input	14	1272766	3010	1
S1012632	88	Port Input	15	1272766	3010	1
S1012632	88	Port Input	14	1272770	3013	1
S1012632	88	Port Input	15	1272771	3014	1
S1012632	88	Port Input	14	1282127	12370	1
S1012632	88	Response	222	1282127	12370	1
S1012632	88	Port Input	15	1282127	12370	1
S1012632	88	Port Input	14	1282127	12370	1
S1012632	89	Sound	20	1282127	0	4			0		hit	1832
S1012632	89	Port Input	15	1282132	5	1
S1012632	89	Port Input	14	1282132	5	1
S1012632	89	Port Input	15	1285485	3357	1
S1012632	89	Port Input	14	1285485	3357	1
S1012632	89	Port Input	15	1285485	3358	1
S1012632	89	Port Input	14	1285485	3358	1
S1012632	89	Port Input	15	1285485	3358	1
S1012632	89	Port Input	14	1285485	3358	1
S1012632	89	Port Input	15	1285485	3358	1
S1012632	89	Port Input	14	1285486	3358	1
S1012632	89	Port Input	15	1285486	3358	1
S1012632	89	Port Input	14	1285486	3358	1
S1012632	89	Port Input	15	1285486	3358	1
S1012632	89	Port Input	14	1285486	3359	1
S1012632	89	Port Input	15	1285486	3359	1
S1012632	89	Port Input	14	1285486	3359	1
S1012632	89	Port Input	15	1285486	3359	1
S1012632	89	Port Input	14	1294426	12299	1
S1012632	89	Response	222	1294426	12299	1
S1012632	89	Port Input	15	1294427	12299	1
S1012632	89	Port Input	14	1294427	12299	1
S1012632	90	Sound	20	1294427	0	5			0		hit	1844
S1012632	90	Port Input	15	1297718	3291	1
S1012632	90	Port Input	14	1297718	3291	1
S1012632	90	Port Input	15	1297718	3291	1
S1012632	90	Port Input	14	1297718	3291	1
S1012632	90	Port Input	15	1297718	3291	1
S1012632	90	Port Input	14	1297718	3291	1
S1012632	90	Port Input	15	1297718	3291	1
S1012632	90	Port Input	14	1306890	12463	1
S1012632	90	Response	222	1306890	12463	1
S1012632	90	Port Input	15	1306891	12463	1
S1012632	90	Port Input	14	1306891	12463	1
S1012632	90	Port Input	15	1306891	12463	1
S1012632	90	Port Input	14	1306891	12464	5
S1012632	91	Sound	20	1306891	0	5			0		hit	1862
S1012632	91	Port Input	15	1310101	3210	1
S1012632	91	Port Input	14	1310101	3210	1
S1012632	91	Port Input	15	1310101	3210	1
S1012632	91	Port Input	14	1310101	3210	1
S1012632	91	Port Input	15	1310102	3211	1
S1012632	91	Port Input	14	1310102	3211	1
S1012632	91	Port Input	15	1310102	3211	1
S1012632	91	Port Input	14	1310102	3211	1
S1012632	91	Port Input	15	1310103	3212	1
S1012632	91	Port Input	14	1310103	3212	1
S1012632	91	Port Input	15	1310103	3212	1
S1012632	91	Port Input	14	1320030	13139	1
S1012632	91	Response	222	1320030	13139	1
S1012632	91	Port Input	15	1320030	13139	1
S1012632	91	Port Input	14	1320031	13140	5
S1012632	92	Sound	20	1320031	0	4			0		hit	1904
S1012632	92	Port Input	15	1320035	4	1
S1012632	92	Port Input	14	1320035	4	1
S1012632	92	Port Input	15	1320036	5	1
S1012632	92	Port Input	14	1320036	5	1
S1012632	92	Port Input	15	1320037	6	1
S1012632	92	Port Input	14	1320037	6	1
S1012632	92	Port Input	15	1323557	3526	1
S1012632	92	Port Input	14	1323557	3526	1
S1012632	92	Port Input	15	1323558	3527	1
S1012632	92	Port Input	14	1323558	3527	1
S1012632	92	Port Input	15	1323558	3527	1
S1012632	92	Port Input	14	1323558	3527	1
S1012632	92	Port Input	15	1323559	3528	1
S1012632	92	Port Input	14	1323559	3528	1
S1012632	92	Port Input	15	1323559	3528	1
S1012632	92	Port Input	14	1323559	3528	1
S1012632	92	Port Input	15	1323560	3529	1
S1012632	92	Port Input	14	1323560	3529	1
S1012632	92	Port Input	15	1323560	3529	1
S1012632	92	Port Input	14	1323560	3530	1
S1012632	92	Port Input	15	1323561	3530	1
S1012632	92	Port Input	14	1323561	3530	1
S1012632	92	Port Input	15	1323562	3531	1
S1012632	92	Port Input	14	1323562	3531	1
S1012632	92	Port Input	15	1323563	3532	1
S1012632	92	Port Input	14	1323563	3532	1
S1012632	92	Port Input	15	1323564	3533	1
S1012632	92	Port Input	14	1323564	3533	1
S1012632	92	Port Input	15	1323564	3533	1
S1012632	92	Port Input	14	1323564	3533	1
S1012632	92	Port Input	15	1323564	3533	1
S1012632	92	Port Input	14	1323564	3533	1
S1012632	92	Port Input	15	1323565	3534	1
S1012632	92	Port Input	14	1323565	3534	1
S1012632	92	Port Input	15	1323565	3534	1
S1012632	92	Port Input	14	1323565	3534	1
S1012632	92	Port Input	15	1323565	3535	1
S1012632	92	Port Input	14	1332910	12879	1
S1012632	92	Response	222	1332910	12879	1
S1012632	92	Port Input	15	1332910	12879	1
S1012632	92	Port Input	14	1332911	12880	5
S1012632	93	Sound	20	1332911	0	5			0		hit	1918
S1012632	93	Port Input	15	1336070	3160	1
S1012632	93	Port Input	14	1336071	3160	1
S1012632	93	Port Input	15	1336071	3160	1
S1012632	93	Port Input	14	1336071	3160	1
S1012632	93	Port Input	15	1336071	3160	1
S1012632	93	Port Input	14	1336071	3161	1
S1012632	93	Port Input	15	1336071	3161	1
S1012632	93	Port Input	14	1336071	3161	1
S1012632	93	Port Input	15	1336071	3161	1
S1012632	93	Port Input	14	1345406	12496	1
S1012632	93	Response	222	1345406	12496	1
S1012632	94	Sound	20	1345407	0	4			0		hit	1924
S1012632	94	Port Input	15	1349099	3692	1
S1012632	94	Port Input	14	1349099	3692	1
S1012632	94	Port Input	15	1349100	3693	1
S1012632	94	Port Input	14	1358289	12882	1
S1012632	94	Response	222	1358289	12882	1
S1012632	95	Sound	20	1358290	0	4			0		hit	1934
S1012632	95	Port Input	15	1361293	3004	1
S1012632	95	Port Input	14	1361293	3004	1
S1012632	95	Port Input	15	1361295	3005	1
S1012632	95	Port Input	14	1361295	3005	1
S1012632	95	Port Input	15	1361295	3005	1
S1012632	95	Port Input	14	1361295	3005	1
S1012632	95	Port Input	15	1361295	3005	1
S1012632	95	Port Input	14	1371761	13471	1
S1012632	95	Response	222	1371761	13471	1
S1012632	96	Sound	20	1371762	0	5			0		hit	1974
S1012632	96	Port Input	15	1374473	2711	1
S1012632	96	Port Input	14	1374473	2711	1
S1012632	96	Port Input	15	1374488	2726	1
S1012632	96	Port Input	14	1374488	2726	1
S1012632	96	Port Input	15	1374519	2757	1
S1012632	96	Port Input	14	1374519	2757	1
S1012632	96	Port Input	15	1374530	2768	1
S1012632	96	Port Input	14	1374530	2768	1
S1012632	96	Port Input	15	1374531	2769	1
S1012632	96	Port Input	14	1374531	2769	1
S1012632	96	Port Input	15	1374538	2775	1
S1012632	96	Port Input	14	1374538	2775	1
S1012632	96	Port Input	15	1374549	2786	1
S1012632	96	Port Input	14	1374549	2786	1
S1012632	96	Port Input	15	1374557	2795	1
S1012632	96	Port Input	14	1374557	2795	1
S1012632	96	Port Input	15	1374558	2796	1
S1012632	96	Port Input	14	1374558	2796	1
S1012632	96	Port Input	15	1374559	2797	1
S1012632	96	Port Input	14	1374559	2797	1
S1012632	96	Port Input	15	1374561	2798	1
S1012632	96	Port Input	14	1374561	2799	1
S1012632	96	Port Input	15	1374562	2799	1
S1012632	96	Port Input	14	1374562	2799	1
S1012632	96	Port Input	15	1374564	2802	1
S1012632	96	Port Input	14	1374564	2802	1
S1012632	96	Port Input	15	1374894	3132	1
S1012632	96	Port Input	14	1374894	3132	1
S1012632	96	Port Input	15	1374895	3132	1
S1012632	96	Port Input	14	1374895	3132	1
S1012632	96	Port Input	15	1374896	3134	1
S1012632	96	Port Input	14	1374896	3134	1
S1012632	96	Port Input	15	1374896	3134	1
S1012632	96	Port Input	14	1374896	3134	1
S1012632	96	Port Input	15	1374896	3134	1
S1012632	96	Port Input	14	1374896	3134	1
S1012632	96	Port Input	15	1374896	3134	1
S1012632	96	Port Input	14	1384050	12287	1
S1012632	96	Response	222	1384050	12287	1
S1012632	96	Port Input	15	1384050	12288	1
S1012632	96	Port Input	14	1384050	12288	1
S1012632	96	Port Input	15	1384050	12288	1
S1012632	96	Port Input	14	1384050	12288	5
S1012632	97	Sound	20	1384050	0	5			0		hit	1984
S1012632	97	Port Input	15	1386887	2837	1
S1012632	97	Port Input	14	1386887	2837	1
S1012632	97	Port Input	15	1386887	2837	1
S1012632	97	Port Input	14	1397444	13394	1
S1012632	97	Response	222	1397444	13394	1
S1012632	98	Sound	20	1397445	0	5			0		hit	1996
S1012632	98	Port Input	15	1397450	5	1
S1012632	98	Port Input	14	1397450	5	1
S1012632	98	Port Input	15	1397451	6	1
S1012632	98	Port Input	14	1397451	6	1
S1012632	98	Port Input	15	1400321	2876	1
S1012632	98	Port Input	14	1400321	2876	1
S1012632	98	Port Input	15	1400321	2876	1
S1012632	98	Port Input	14	1400321	2876	1
S1012632	98	Port Input	15	1400322	2877	1
S1012632	98	Port Input	14	1409956	12511	1
S1012632	98	Response	222	1409956	12511	1
S1012632	98	Port Input	15	1409956	12511	1
S1012632	98	Port Input	14	1409957	12512	5
S1012632	99	Sound	20	1409957	0	5			0		hit	2006
S1012632	99	Port Input	15	1413517	3560	1
S1012632	99	Port Input	14	1413517	3560	1
S1012632	99	Port Input	15	1413517	3560	1
S1012632	99	Port Input	14	1413517	3560	1
S1012632	99	Port Input	15	1413517	3560	1
S1012632	99	Port Input	14	1423162	13205	1
S1012632	99	Response	222	1423162	13205	1
S1012632	100	Sound	20	1423163	0	4			0		hit	2018
S1012632	100	Port Input	15	1426640	3477	1
S1012632	100	Port Input	14	1426640	3477	1
S1012632	100	Port Input	15	1426640	3477	1
S1012632	100	Port Input	14	1426640	3477	1
S1012632	100	Port Input	15	1426641	3478	1
S1012632	100	Port Input	14	1426641	3478	1
S1012632	100	Port Input	15	1426642	3479	1
S1012632	100	Port Input	14	1426642	3479	1
S1012632	100	Port Input	15	1426642	3479	1
S1012632	100	Port Input	14	1435989	12826	1
S1012632	100	Response	222	1435989	12826	1
S1012632	101	Sound	20	1435990	0	5			0		hit	2024
S1012632	101	Port Input	15	1439025	3035	1
S1012632	101	Port Input	14	1439025	3035	1
S1012632	101	Port Input	15	1439025	3035	1
S1012632	101	Port Input	14	1449787	13797	1
S1012632	101	Response	222	1449787	13797	1
S1012632	101	Port Input	15	1449787	13797	1
S1012632	101	Port Input	14	1449787	13797	1
S1012632	102	Sound	20	1449787	0	5			0		other	0
S1012632	102	Port Input	15	1452422	2635	1
S1012632	102	Port Input	14	1452423	2635	1
S1012632	102	Port Input	15	1452837	3050	1
S1012632	104	Port Input	14	1480553	10747	1
S1012632	104	Response	20	1480553	10747	1
S1012632	104	Port Input	15	1480553	10748	1
S1012632	104	Port Input	14	1480553	10748	1
S1012632	104	Port Input	15	1480553	10748	1
S1012632	104	Port Input	14	1480553	10748	1
S1012632	104	Port Input	15	1480553	10748	1
S1012632	104	Port Input	14	1480553	10748	1
S1012632	104	Port Input	15	1480553	10748	1
S1012632	104	Port Input	14	1480553	10748	1
S1012632	104	Port Input	15	1480553	10748	1
S1012632	104	Port Input	14	1480553	10748	1
S1012632	104	Port Input	15	1480554	10749	1
S1012632	104	Port Input	14	1480554	10749	1
S1012632	104	Port Input	15	1480554	10749	1
S1012632	104	Port Input	14	1480554	10749	1
S1012632	104	Port Input	15	1483883	14078	1
S1012632	104	Port Input	14	1483883	14078	1
S1012632	104	Port Input	15	1483883	14078	1

The following output port codes were not sent because of a conflict on the port.
Port	Code	Time(ms)
1	20	144989
