Scenario - passive press generic training 1.2
Logfile written - 04/26/2022 16:40:32

Subject	Trial	Event Type	Code	Time	TTime	Uncertainty	Duration	Uncertainty	ReqTime	ReqDur	Stim Type	Pair Index

S1012371	1	Picture	83	14	0	1	5000	1	0	4950	other	0
S1012371	1	Picture	82	10014	10000	1	5000	1	9950	4950	other	0
S1012371	1	Picture	81	20013	19999	1	5000	1	19950	4950	other	0
S1012371	1	Picture	80	30013	29999	1	5000	1	29950	4950	other	0
S1012371	1	Picture	81	40013	39998	1	10000	1	39950	9950	other	0
S1012371	1	Port Input	14	47035	47020	1
S1012371	1	Response	100	47035	47020	1
S1012371	1	Port Input	15	47035	47020	1
S1012371	1	Port Input	14	47035	47021	1
S1012371	1	Port Input	15	48732	48717	1
S1012371	1	Port Input	14	48732	48717	1
S1012371	1	Port Input	15	48737	48722	1
S1012371	1	Port Input	14	48737	48722	1
S1012371	1	Port Input	15	48742	48727	1
S1012371	1	Port Input	14	48742	48727	1
S1012371	1	Port Input	15	48754	48739	1
S1012371	1	Port Input	14	48754	48740	1
S1012371	1	Port Input	15	48761	48747	1
S1012371	1	Port Input	14	48761	48747	1
S1012371	1	Port Input	15	48924	48910	1
S1012371	1	Port Input	14	48924	48910	1
S1012371	1	Port Input	15	48927	48913	1
S1012371	1	Port Input	14	48927	48913	1
S1012371	1	Port Input	15	48955	48940	1
S1012371	1	Port Input	14	48955	48940	1
S1012371	1	Port Input	15	48991	48977	1
S1012371	1	Port Input	14	48992	48977	1
S1012371	1	Port Input	15	49049	49035	1
S1012371	1	Port Input	14	49049	49035	1
S1012371	1	Port Input	15	49117	49103	1
S1012371	1	Port Input	14	49117	49103	1
S1012371	1	Port Input	15	49138	49123	1
S1012371	1	Port Input	14	49138	49123	1
S1012371	1	Port Input	15	49214	49200	1
S1012371	1	Port Input	14	49214	49200	1
S1012371	1	Port Input	15	49251	49236	1
S1012371	1	Port Input	14	49251	49236	1
S1012371	1	Port Input	15	49268	49254	1
S1012371	1	Port Input	14	49268	49254	1
S1012371	1	Port Input	15	49304	49290	1
S1012371	1	Port Input	14	49305	49290	1
S1012371	1	Port Input	15	49339	49325	1
S1012371	1	Port Input	14	49340	49325	1
S1012371	1	Port Input	15	49374	49360	1
S1012371	1	Port Input	14	49375	49360	1
S1012371	1	Port Input	15	49407	49393	1
S1012371	1	Port Input	14	49407	49393	1
S1012371	1	Port Input	15	49470	49456	1
S1012371	1	Port Input	14	49476	49462	1
S1012371	1	Port Input	15	49629	49615	1
S1012371	1	Port Input	14	49645	49631	1
S1012371	1	Port Input	15	49772	49757	1
S1012371	1	Port Input	14	50482	50468	1
S1012371	1	Port Input	15	50692	50678	1
S1012371	1	Port Input	14	50692	50678	1
S1012371	1	Port Input	15	50698	50684	1
S1012371	1	Port Input	14	50698	50684	1
S1012371	1	Port Input	15	50700	50686	1
S1012371	1	Port Input	14	50700	50686	1
S1012371	1	Port Input	15	50703	50688	1
S1012371	1	Port Input	14	50703	50688	1
S1012371	1	Port Input	15	50703	50688	1
S1012371	1	Port Input	14	50703	50689	1
S1012371	1	Port Input	15	50704	50690	1
S1012371	1	Port Input	14	50704	50690	1
S1012371	1	Port Input	15	50720	50705	1
S1012371	1	Port Input	14	50720	50705	1
S1012371	1	Port Input	15	50720	50706	1
S1012371	1	Port Input	14	50720	50706	1
S1012371	1	Port Input	15	50721	50707	1
S1012371	1	Port Input	14	50721	50707	1
S1012371	1	Port Input	15	50721	50707	1
S1012371	1	Port Input	14	50721	50707	1
S1012371	1	Port Input	15	50722	50708	1
S1012371	1	Port Input	14	50722	50708	1
S1012371	1	Port Input	15	50723	50709	1
S1012371	1	Port Input	14	50723	50709	1
S1012371	1	Port Input	15	50725	50711	1
S1012371	1	Port Input	14	50725	50711	1
S1012371	1	Port Input	15	50726	50711	1
S1012371	1	Port Input	14	50726	50711	1
S1012371	1	Port Input	15	50726	50712	1
S1012371	1	Port Input	14	50726	50712	1
S1012371	1	Port Input	15	50726	50712	1
S1012371	1	Port Input	14	50726	50712	1
S1012371	1	Port Input	15	50727	50712	1
S1012371	1	Port Input	14	50727	50712	1
S1012371	1	Port Input	15	50727	50713	1
S1012371	1	Port Input	14	50727	50713	1
S1012371	1	Port Input	15	50727	50713	1
S1012371	1	Port Input	14	50727	50713	1
S1012371	1	Port Input	15	50730	50716	1
S1012371	1	Port Input	14	50730	50716	1
S1012371	1	Port Input	15	50730	50716	1
S1012371	1	Port Input	14	50730	50716	1
S1012371	1	Port Input	15	50730	50716	1
S1012371	1	Port Input	14	50730	50716	1
S1012371	1	Port Input	15	50731	50717	1
S1012371	1	Port Input	14	50731	50717	1
S1012371	1	Port Input	15	50731	50717	1
S1012371	1	Port Input	14	50731	50717	1
S1012371	1	Port Input	15	50732	50718	1
S1012371	1	Port Input	14	50732	50718	1
S1012371	1	Port Input	15	50733	50719	1
S1012371	1	Port Input	14	50733	50719	1
S1012371	1	Port Input	15	50733	50719	1
S1012371	1	Port Input	14	50733	50719	1
S1012371	1	Port Input	15	50734	50720	1
S1012371	1	Port Input	14	50734	50720	1
S1012371	1	Port Input	15	50735	50720	1
S1012371	1	Port Input	14	50735	50720	1
S1012371	1	Port Input	15	50736	50722	1
S1012371	1	Port Input	14	50736	50722	1
S1012371	1	Port Input	15	50736	50722	1
S1012371	1	Port Input	14	50736	50722	1
S1012371	1	Port Input	15	50737	50722	1
S1012371	1	Port Input	14	50737	50722	1
S1012371	1	Port Input	15	50737	50723	1
S1012371	1	Port Input	14	50737	50723	1
S1012371	1	Port Input	15	50737	50723	1
S1012371	1	Port Input	14	50737	50723	1
S1012371	1	Port Input	15	50738	50724	1
S1012371	1	Port Input	14	50738	50724	1
S1012371	1	Port Input	15	50738	50724	1
S1012371	1	Port Input	14	50738	50724	1
S1012371	1	Port Input	15	50738	50724	1
S1012371	1	Port Input	14	50739	50724	1
S1012371	1	Port Input	15	50739	50725	1
S1012371	1	Port Input	14	50739	50725	1
S1012371	1	Port Input	15	50739	50725	1
S1012371	1	Port Input	14	50739	50725	1
S1012371	1	Port Input	15	50740	50726	1
S1012371	1	Port Input	14	50740	50726	1
S1012371	1	Port Input	15	50740	50726	1
S1012371	1	Port Input	14	50740	50726	1
S1012371	1	Port Input	15	50741	50727	1
S1012371	1	Port Input	14	50741	50727	1
S1012371	1	Port Input	15	50742	50728	1
S1012371	1	Port Input	14	50742	50728	1
S1012371	1	Port Input	15	50742	50728	1
S1012371	1	Port Input	14	50742	50728	1
S1012371	1	Port Input	15	50743	50729	1
S1012371	1	Port Input	14	50743	50729	1
S1012371	1	Port Input	15	50743	50729	1
S1012371	1	Port Input	14	50743	50729	1
S1012371	1	Port Input	15	50743	50729	1
S1012371	1	Port Input	14	50744	50729	1
S1012371	1	Port Input	15	50744	50730	1
S1012371	1	Port Input	14	50744	50730	1
S1012371	1	Port Input	15	50745	50731	1
S1012371	1	Port Input	14	50745	50731	1
S1012371	1	Port Input	15	50753	50739	1
S1012371	1	Port Input	14	50753	50739	1
S1012371	1	Port Input	15	50755	50741	1
S1012371	1	Port Input	14	50755	50741	1
S1012371	1	Port Input	15	50756	50741	1
S1012371	1	Port Input	14	50756	50742	1
S1012371	1	Port Input	15	50756	50742	1
S1012371	1	Port Input	14	50757	50742	1
S1012371	1	Port Input	15	50757	50743	1
S1012371	1	Port Input	14	50757	50743	1
S1012371	1	Port Input	15	50763	50748	1
S1012371	1	Port Input	14	50763	50748	1
S1012371	1	Port Input	15	50763	50749	1
S1012371	1	Port Input	14	50763	50749	1
S1012371	1	Port Input	15	50764	50749	1
S1012371	1	Port Input	14	50764	50749	1
S1012371	1	Port Input	15	50764	50750	1
S1012371	1	Port Input	14	50764	50750	1
S1012371	1	Port Input	15	50764	50750	1
S1012371	1	Port Input	14	50764	50750	1
S1012371	1	Port Input	15	50765	50751	1
S1012371	1	Port Input	14	50765	50751	1
S1012371	1	Port Input	15	50765	50751	1
S1012371	1	Port Input	14	50765	50751	1
S1012371	1	Port Input	15	50766	50752	1
S1012371	1	Port Input	14	50766	50752	1
S1012371	1	Port Input	15	50766	50752	1
S1012371	1	Port Input	14	50766	50752	1
S1012371	1	Port Input	15	50775	50761	1
S1012371	1	Port Input	14	50775	50761	1
S1012371	1	Port Input	15	50777	50763	1
S1012371	1	Port Input	14	50777	50763	1
S1012371	1	Port Input	15	50778	50764	1
S1012371	1	Port Input	14	50778	50764	1
S1012371	1	Port Input	15	50778	50764	1
S1012371	1	Port Input	14	50778	50764	1
S1012371	1	Port Input	15	50779	50765	1
S1012371	1	Port Input	14	50779	50765	1
S1012371	1	Port Input	15	50780	50765	1
S1012371	1	Port Input	14	50780	50765	1
S1012371	1	Port Input	15	50780	50765	1
S1012371	1	Port Input	14	50780	50765	1
S1012371	1	Port Input	15	50781	50767	1
S1012371	1	Port Input	14	50781	50767	1
S1012371	1	Port Input	15	50782	50767	1
S1012371	1	Port Input	14	50782	50767	1
S1012371	1	Port Input	15	50782	50768	1
S1012371	1	Port Input	14	50782	50768	1
S1012371	1	Port Input	15	50782	50768	1
S1012371	1	Port Input	14	50782	50768	1
S1012371	1	Port Input	15	50782	50768	1
S1012371	1	Port Input	14	50782	50768	1
S1012371	1	Port Input	15	50782	50768	1
S1012371	1	Port Input	14	50782	50768	1
S1012371	1	Port Input	15	50783	50769	1
S1012371	1	Port Input	14	50783	50769	1
S1012371	1	Port Input	15	50783	50769	1
S1012371	1	Port Input	14	50783	50769	1
S1012371	1	Port Input	15	50784	50770	1
S1012371	1	Port Input	14	50784	50770	1
S1012371	1	Port Input	15	50785	50770	1
S1012371	1	Port Input	14	50785	50770	1
S1012371	1	Port Input	15	50787	50772	1
S1012371	1	Port Input	14	50787	50772	1
S1012371	1	Port Input	15	50791	50777	1
S1012371	1	Port Input	14	50791	50777	1
S1012371	1	Port Input	15	50802	50788	1
S1012371	1	Port Input	14	50802	50788	1
S1012371	1	Port Input	15	50804	50790	1
S1012371	1	Port Input	14	50804	50790	1
S1012371	1	Port Input	15	50804	50790	1
S1012371	1	Port Input	14	50804	50790	1
S1012371	1	Port Input	15	50809	50794	1
S1012371	1	Port Input	14	50809	50794	1
S1012371	1	Port Input	15	51588	51574	1
S1012371	1	Port Input	14	51588	51574	1
S1012371	1	Port Input	15	51590	51576	1
S1012371	1	Port Input	14	51590	51576	1
S1012371	1	Port Input	15	51591	51576	1
S1012371	1	Port Input	14	51591	51576	1
S1012371	1	Port Input	15	51591	51577	1
S1012371	1	Port Input	14	51591	51577	1
S1012371	1	Port Input	15	51591	51577	1
S1012371	1	Port Input	14	51591	51577	1
S1012371	1	Port Input	15	51591	51577	1
S1012371	1	Port Input	14	51591	51577	1
S1012371	1	Port Input	15	51591	51577	1
S1012371	1	Port Input	14	51591	51577	1
S1012371	1	Port Input	15	51592	51577	1
S1012371	1	Picture	81	60012	59998	1	10000	1	59950	9950	other	0
S1012371	1	Port Input	14	63835	63821	1
S1012371	1	Response	100	63835	63821	1
S1012371	1	Port Input	15	63835	63821	1
S1012371	1	Port Input	14	63836	63822	1
S1012371	1	Port Input	15	63836	63822	1
S1012371	1	Port Input	14	63837	63822	1
S1012371	1	Port Input	15	63837	63822	1
S1012371	1	Port Input	14	63837	63822	1
S1012371	1	Port Input	15	63837	63822	1
S1012371	1	Port Input	14	63837	63823	1
S1012371	1	Port Input	15	63837	63823	1
S1012371	1	Port Input	14	63837	63823	1
S1012371	1	Port Input	15	63837	63823	1
S1012371	1	Port Input	14	63837	63823	1
S1012371	1	Port Input	15	63837	63823	1
S1012371	1	Port Input	14	63837	63823	1
S1012371	1	Port Input	15	63838	63824	1
S1012371	1	Port Input	14	63838	63824	1
S1012371	1	Port Input	15	63838	63824	1
S1012371	1	Port Input	14	63838	63824	1
S1012371	1	Port Input	15	63838	63824	1
S1012371	1	Port Input	14	63838	63824	1
S1012371	1	Port Input	15	63844	63830	1
S1012371	1	Port Input	14	63844	63830	1
S1012371	1	Port Input	15	63844	63830	1
S1012371	1	Port Input	14	63844	63830	1
S1012371	1	Port Input	15	63847	63832	1
S1012371	1	Port Input	14	63847	63832	1
S1012371	1	Port Input	15	63851	63837	1
S1012371	1	Port Input	14	63851	63837	1
S1012371	1	Port Input	15	63852	63837	1
S1012371	1	Port Input	14	63852	63837	1
S1012371	1	Port Input	15	63854	63839	1
S1012371	1	Port Input	14	63854	63839	1
S1012371	1	Port Input	15	63854	63840	1
S1012371	1	Port Input	14	63854	63840	1
S1012371	1	Port Input	15	64439	64425	1
S1012371	1	Port Input	14	64440	64425	1
S1012371	1	Port Input	15	64452	64438	1
S1012371	1	Port Input	14	64452	64438	1
S1012371	1	Port Input	15	64521	64506	1
S1012371	1	Port Input	14	64521	64506	1
S1012371	1	Port Input	15	64566	64551	1
S1012371	1	Port Input	14	64566	64551	1
S1012371	1	Port Input	15	64593	64579	1
S1012371	1	Port Input	14	64593	64579	1
S1012371	1	Port Input	15	64594	64580	1
S1012371	1	Port Input	14	64595	64581	1
S1012371	1	Port Input	15	64595	64581	1
S1012371	1	Port Input	14	64595	64581	1
S1012371	1	Port Input	15	64598	64583	1
S1012371	1	Port Input	14	64598	64583	1
S1012371	1	Port Input	15	64598	64584	1
S1012371	1	Port Input	14	64598	64584	1
S1012371	1	Port Input	15	64599	64585	1
S1012371	1	Port Input	14	64599	64585	1
S1012371	1	Port Input	15	64611	64597	1
S1012371	1	Port Input	14	64611	64597	1
S1012371	1	Port Input	15	64612	64598	1
S1012371	1	Port Input	14	64612	64598	1
S1012371	1	Port Input	15	64612	64598	1
S1012371	1	Port Input	14	64612	64598	1
S1012371	1	Port Input	15	64613	64598	1
S1012371	1	Port Input	14	64613	64599	1
S1012371	1	Port Input	15	64617	64603	1
S1012371	1	Port Input	14	64618	64603	1
S1012371	1	Port Input	15	64621	64607	1
S1012371	1	Port Input	14	64621	64607	1
S1012371	1	Port Input	15	64624	64609	1
S1012371	1	Port Input	14	64624	64609	1
S1012371	1	Port Input	15	64626	64612	1
S1012371	1	Port Input	14	64626	64612	1
S1012371	1	Port Input	15	64666	64652	1
S1012371	1	Port Input	14	64667	64652	1
S1012371	1	Port Input	15	64676	64662	1
S1012371	1	Port Input	14	64677	64663	1
S1012371	1	Port Input	15	64677	64663	1
S1012371	1	Port Input	14	64678	64664	1
S1012371	1	Port Input	15	64698	64684	1
S1012371	1	Port Input	14	64699	64685	1
S1012371	1	Port Input	15	64762	64748	1
S1012371	1	Port Input	14	64786	64772	1
S1012371	1	Port Input	15	64809	64795	1
S1012371	1	Port Input	14	64810	64796	1
S1012371	1	Port Input	15	64995	64981	1
S1012371	1	Port Input	14	64995	64981	1
S1012371	1	Port Input	15	65034	65020	1
S1012371	1	Port Input	14	65038	65024	1
S1012371	1	Port Input	15	65229	65214	1
S1012371	1	Port Input	14	65229	65214	1
S1012371	1	Port Input	15	65584	65570	1
S1012371	1	Port Input	14	65584	65570	1
S1012371	1	Port Input	15	65676	65662	1
S1012371	1	Port Input	14	65676	65662	1
S1012371	1	Port Input	15	65687	65672	1
S1012371	1	Port Input	14	65687	65672	1
S1012371	1	Port Input	15	65870	65856	1
S1012371	1	Port Input	14	65871	65856	1
S1012371	1	Port Input	15	65875	65860	1
S1012371	1	Port Input	14	65879	65865	1
S1012371	1	Port Input	15	65884	65869	1
S1012371	1	Port Input	14	65884	65869	1
S1012371	1	Port Input	15	65884	65870	1
S1012371	1	Port Input	14	66233	66219	1
S1012371	1	Port Input	15	66234	66219	1
S1012371	1	Port Input	14	66234	66220	1
S1012371	1	Port Input	15	66235	66221	1
S1012371	1	Port Input	14	66235	66221	1
S1012371	1	Port Input	15	66235	66221	1
S1012371	1	Port Input	14	66235	66221	1
S1012371	1	Port Input	15	66236	66222	1
S1012371	1	Port Input	14	66237	66223	1
S1012371	1	Port Input	15	66237	66223	1
S1012371	1	Port Input	14	66237	66223	1
S1012371	1	Port Input	15	66238	66224	1
S1012371	1	Port Input	14	66238	66224	1
S1012371	1	Port Input	15	66238	66224	1
S1012371	1	Port Input	14	66238	66224	1
S1012371	1	Port Input	15	66238	66224	1
S1012371	1	Port Input	14	66238	66224	1
S1012371	1	Port Input	15	66239	66225	1
S1012371	1	Port Input	14	66239	66225	1
S1012371	1	Port Input	15	66239	66225	1
S1012371	1	Port Input	14	66239	66225	1
S1012371	1	Port Input	15	66240	66226	1
S1012371	1	Port Input	14	66240	66226	1
S1012371	1	Port Input	15	66241	66226	1
S1012371	1	Port Input	14	66241	66226	1
S1012371	1	Port Input	15	66242	66227	1
S1012371	1	Port Input	14	66242	66227	1
S1012371	1	Port Input	15	66242	66227	1
S1012371	1	Port Input	14	66242	66228	1
S1012371	1	Port Input	15	66242	66228	1
S1012371	1	Port Input	14	66242	66228	1
S1012371	1	Port Input	15	66242	66228	1
S1012371	1	Port Input	14	66242	66228	1
S1012371	1	Port Input	15	66242	66228	1
S1012371	1	Port Input	14	66242	66228	1
S1012371	1	Port Input	15	66243	66228	1
S1012371	1	Port Input	14	66243	66229	1
S1012371	1	Port Input	15	66244	66229	1
S1012371	1	Port Input	14	66244	66230	1
S1012371	1	Port Input	15	66244	66230	1
S1012371	1	Port Input	14	66244	66230	1
S1012371	1	Port Input	15	66244	66230	1
S1012371	1	Port Input	14	66244	66230	1
S1012371	1	Port Input	15	66245	66231	1
S1012371	1	Port Input	14	66245	66231	1
S1012371	1	Port Input	15	66245	66231	1
S1012371	1	Port Input	14	66245	66231	1
S1012371	1	Port Input	15	66245	66231	1
S1012371	1	Port Input	14	66246	66231	1
S1012371	1	Port Input	15	66246	66232	1
S1012371	1	Port Input	14	66246	66232	1
S1012371	1	Port Input	15	66246	66232	1
S1012371	1	Port Input	14	66246	66232	1
S1012371	1	Port Input	15	66247	66232	1
S1012371	1	Port Input	14	66247	66232	1
S1012371	1	Port Input	15	66247	66233	1
S1012371	1	Port Input	14	66247	66233	1
S1012371	1	Port Input	15	66260	66246	1
S1012371	1	Port Input	14	66260	66246	1
S1012371	1	Port Input	15	66261	66247	1
S1012371	1	Port Input	14	66261	66247	1
S1012371	1	Port Input	15	66261	66247	1
S1012371	1	Port Input	14	66261	66247	1
S1012371	1	Port Input	15	66266	66252	1
S1012371	1	Port Input	14	66267	66252	1
S1012371	1	Port Input	15	66268	66254	1
S1012371	1	Port Input	14	66268	66254	1
S1012371	1	Port Input	15	66269	66254	1
S1012371	1	Port Input	14	66269	66255	1
S1012371	1	Port Input	15	66269	66255	1
S1012371	1	Port Input	14	66269	66255	1
S1012371	1	Port Input	15	66270	66255	1
S1012371	1	Port Input	14	66270	66255	1
S1012371	1	Port Input	15	66270	66256	1
S1012371	1	Port Input	14	66270	66256	1
S1012371	1	Port Input	15	66272	66258	1
S1012371	1	Port Input	14	66273	66258	1
S1012371	1	Port Input	15	66280	66265	1
S1012371	1	Port Input	14	66280	66265	1
S1012371	1	Port Input	15	66280	66266	1
S1012371	1	Port Input	14	66280	66266	1
S1012371	1	Port Input	15	66282	66268	1
S1012371	1	Port Input	14	66282	66268	1
S1012371	1	Port Input	15	66283	66269	1
S1012371	1	Port Input	14	66283	66269	1
S1012371	1	Port Input	15	66285	66270	1
S1012371	1	Port Input	14	66285	66270	1
S1012371	1	Port Input	15	66285	66271	1
S1012371	1	Port Input	14	66285	66271	1
S1012371	1	Port Input	15	66286	66272	1
S1012371	1	Port Input	14	66286	66272	1
S1012371	1	Port Input	15	66288	66273	1
S1012371	1	Port Input	14	66288	66273	1
S1012371	1	Port Input	15	66288	66274	1
S1012371	1	Port Input	14	66288	66274	1
S1012371	1	Port Input	15	66289	66275	1
S1012371	1	Port Input	14	66289	66275	1
S1012371	1	Port Input	15	66290	66275	1
S1012371	1	Port Input	14	66290	66275	1
S1012371	1	Port Input	15	66292	66277	1
S1012371	1	Port Input	14	66292	66278	1
S1012371	1	Port Input	15	66329	66314	1
S1012371	1	Port Input	14	66329	66314	1
S1012371	1	Port Input	15	66329	66314	1
S1012371	1	Port Input	14	66329	66315	1
S1012371	1	Port Input	15	66331	66317	1
S1012371	1	Port Input	14	66331	66317	1
S1012371	1	Port Input	15	66333	66319	1
S1012371	1	Port Input	14	66333	66319	1
S1012371	1	Port Input	15	66334	66320	1
S1012371	1	Port Input	14	66334	66320	1
S1012371	1	Port Input	15	66345	66330	1
S1012371	1	Port Input	14	66345	66330	1
S1012371	1	Port Input	15	66358	66344	1
S1012371	1	Port Input	14	66358	66344	1
S1012371	1	Port Input	15	66363	66349	1
S1012371	1	Port Input	14	66363	66349	1
S1012371	1	Port Input	15	66372	66358	1
S1012371	1	Port Input	14	66372	66358	1
S1012371	1	Port Input	15	66374	66359	1
S1012371	1	Port Input	14	66374	66359	1
S1012371	1	Port Input	15	66382	66368	1
S1012371	1	Port Input	14	66382	66368	1
S1012371	1	Port Input	15	66399	66385	1
S1012371	1	Port Input	14	66399	66385	1
S1012371	1	Port Input	15	66402	66388	1
S1012371	1	Port Input	14	66402	66388	1
S1012371	1	Port Input	15	66407	66392	1
S1012371	1	Port Input	14	66407	66392	1
S1012371	1	Port Input	15	66407	66393	1
S1012371	1	Port Input	14	66407	66393	1
S1012371	1	Port Input	15	66409	66395	1
S1012371	1	Port Input	14	66409	66395	1
S1012371	1	Port Input	15	66421	66406	1
S1012371	1	Port Input	14	66421	66406	1
S1012371	1	Port Input	15	66422	66408	1
S1012371	1	Port Input	14	66422	66408	1
S1012371	1	Port Input	15	66422	66408	1
S1012371	1	Port Input	14	66422	66408	1
S1012371	1	Port Input	15	66424	66410	1
S1012371	1	Port Input	14	66424	66410	1
S1012371	1	Port Input	15	66425	66411	1
S1012371	1	Port Input	14	66425	66411	1
S1012371	1	Port Input	15	66426	66411	1
S1012371	1	Port Input	14	66426	66411	1
S1012371	1	Port Input	15	66427	66412	1
S1012371	1	Port Input	14	66427	66412	1
S1012371	1	Port Input	15	66427	66413	1
S1012371	1	Port Input	14	66427	66413	1
S1012371	1	Port Input	15	66430	66415	1
S1012371	1	Port Input	14	66430	66415	1
S1012371	1	Port Input	15	66432	66418	1
S1012371	1	Port Input	14	66432	66418	1
S1012371	1	Port Input	15	66432	66418	1
S1012371	1	Port Input	14	66432	66418	1
S1012371	1	Port Input	15	66436	66422	1
S1012371	1	Port Input	14	66436	66422	1
S1012371	1	Port Input	15	66436	66422	1
S1012371	1	Port Input	14	66437	66422	1
S1012371	1	Port Input	15	66437	66422	1
S1012371	1	Port Input	14	66437	66422	1
S1012371	1	Port Input	15	66437	66423	1
S1012371	1	Port Input	14	66437	66423	1
S1012371	1	Port Input	15	66438	66424	1
S1012371	1	Port Input	14	66438	66424	1
S1012371	1	Port Input	15	66438	66424	1
S1012371	1	Port Input	14	66438	66424	1
S1012371	1	Port Input	15	66440	66426	1
S1012371	1	Port Input	14	66440	66426	1
S1012371	1	Port Input	15	66443	66429	1
S1012371	1	Port Input	14	66443	66429	1
S1012371	1	Port Input	15	66451	66436	1
S1012371	1	Port Input	14	66451	66436	1
S1012371	1	Port Input	15	66451	66437	1
S1012371	1	Port Input	14	66451	66437	1
S1012371	1	Port Input	15	66454	66440	1
S1012371	1	Port Input	14	66454	66440	1
S1012371	1	Port Input	15	66458	66444	1
S1012371	1	Port Input	14	66458	66444	1
S1012371	1	Port Input	15	66460	66446	1
S1012371	1	Port Input	14	66460	66446	1
S1012371	1	Port Input	15	66461	66447	1
S1012371	1	Port Input	14	66461	66447	1
S1012371	1	Port Input	15	66463	66449	1
S1012371	1	Port Input	14	66463	66449	1
S1012371	1	Port Input	15	66464	66450	1
S1012371	1	Port Input	14	66464	66450	1
S1012371	1	Port Input	15	66464	66450	1
S1012371	1	Port Input	14	66464	66450	1
S1012371	1	Port Input	15	66466	66452	1
S1012371	1	Port Input	14	66466	66452	1
S1012371	1	Port Input	15	66467	66453	1
S1012371	1	Port Input	14	66467	66453	1
S1012371	1	Port Input	15	66467	66453	1
S1012371	1	Port Input	14	66467	66453	1
S1012371	1	Port Input	15	66467	66453	1
S1012371	1	Port Input	14	66467	66453	1
S1012371	1	Port Input	15	66468	66454	1
S1012371	1	Port Input	14	66468	66454	1
S1012371	1	Port Input	15	66470	66456	1
S1012371	1	Port Input	14	66470	66456	1
S1012371	1	Port Input	15	66471	66457	1
S1012371	1	Port Input	14	66471	66457	1
S1012371	1	Port Input	15	66471	66457	1
S1012371	1	Port Input	14	66471	66457	1
S1012371	1	Port Input	15	66472	66458	1
S1012371	1	Port Input	14	66472	66458	1
S1012371	1	Port Input	15	66473	66458	1
S1012371	1	Port Input	14	66473	66458	1
S1012371	1	Port Input	15	66473	66459	1
S1012371	1	Port Input	14	66473	66459	1
S1012371	1	Port Input	15	66474	66460	1
S1012371	1	Port Input	14	66474	66460	1
S1012371	1	Port Input	15	66474	66460	1
S1012371	1	Port Input	14	66475	66460	1
S1012371	1	Port Input	15	66475	66461	1
S1012371	1	Port Input	14	66475	66461	1
S1012371	1	Port Input	15	66477	66463	1
S1012371	1	Port Input	14	66477	66463	1
S1012371	1	Port Input	15	66477	66463	1
S1012371	1	Port Input	14	66477	66463	1
S1012371	1	Port Input	15	66478	66464	1
S1012371	1	Port Input	14	66478	66464	1
S1012371	1	Port Input	15	66478	66464	1
S1012371	1	Port Input	14	66479	66464	1
S1012371	1	Port Input	15	66480	66466	1
S1012371	1	Port Input	14	66480	66466	1
S1012371	1	Port Input	15	66482	66468	1
S1012371	1	Port Input	14	66482	66468	1
S1012371	1	Port Input	15	66483	66469	1
S1012371	1	Port Input	14	66483	66469	1
S1012371	1	Port Input	15	66484	66470	1
S1012371	1	Port Input	14	66484	66470	1
S1012371	1	Port Input	15	66485	66471	1
S1012371	1	Port Input	14	66485	66471	1
S1012371	1	Port Input	15	66486	66472	1
S1012371	1	Port Input	14	66486	66472	1
S1012371	1	Port Input	15	66487	66473	1
S1012371	1	Port Input	14	66487	66473	1
S1012371	1	Port Input	15	66487	66473	1
S1012371	1	Port Input	14	66487	66473	1
S1012371	1	Port Input	15	66487	66473	1
S1012371	1	Port Input	14	66487	66473	1
S1012371	1	Port Input	15	66489	66475	1
S1012371	1	Port Input	14	66489	66475	1
S1012371	1	Port Input	15	66491	66476	1
S1012371	1	Port Input	14	66491	66476	1
S1012371	1	Port Input	15	66493	66478	1
S1012371	1	Port Input	14	66493	66478	1
S1012371	1	Port Input	15	66493	66479	1
S1012371	1	Port Input	14	66493	66479	1
S1012371	1	Port Input	15	66493	66479	1
S1012371	1	Port Input	14	66494	66479	1
S1012371	1	Port Input	15	66495	66481	1
S1012371	1	Port Input	14	66495	66481	1
S1012371	1	Port Input	15	66495	66481	1
S1012371	1	Port Input	14	66495	66481	1
S1012371	1	Port Input	15	66497	66483	1
S1012371	1	Port Input	14	66497	66483	1
S1012371	1	Port Input	15	66499	66485	1
S1012371	1	Port Input	14	66499	66485	1
S1012371	1	Port Input	15	66499	66485	1
S1012371	1	Port Input	14	66499	66485	1
S1012371	1	Port Input	15	66499	66485	1
S1012371	1	Port Input	14	66499	66485	1
S1012371	1	Port Input	15	66500	66485	1
S1012371	1	Port Input	14	66500	66485	1
S1012371	1	Port Input	15	66501	66486	1
S1012371	1	Port Input	14	66501	66486	1
S1012371	1	Port Input	15	66503	66489	1
S1012371	1	Port Input	14	66503	66489	1
S1012371	1	Port Input	15	66507	66493	1
S1012371	1	Port Input	14	66507	66493	1
S1012371	1	Port Input	15	66508	66494	1
S1012371	1	Port Input	14	66508	66494	1
S1012371	1	Port Input	15	66508	66494	1
S1012371	1	Port Input	14	66508	66494	1
S1012371	1	Port Input	15	66510	66495	1
S1012371	1	Port Input	14	66510	66495	1
S1012371	1	Port Input	15	66510	66495	1
S1012371	1	Port Input	14	66510	66495	1
S1012371	1	Port Input	15	66515	66501	1
S1012371	1	Port Input	14	66515	66501	1
S1012371	1	Port Input	15	66524	66510	1
S1012371	1	Port Input	14	66524	66510	1
S1012371	1	Port Input	15	67071	67057	1
S1012371	1	Port Input	14	67071	67057	1
S1012371	1	Port Input	15	67072	67057	1
S1012371	1	Port Input	14	67072	67057	1
S1012371	1	Port Input	15	67072	67058	1
S1012371	1	Port Input	14	67072	67058	1
S1012371	1	Port Input	15	67072	67058	1
S1012371	1	Port Input	14	67072	67058	1
S1012371	1	Port Input	15	67072	67058	1
S1012371	1	Port Input	14	67072	67058	1
S1012371	1	Port Input	15	67072	67058	1
S1012371	1	Port Input	14	67072	67058	1
S1012371	1	Port Input	15	67072	67058	1
S1012371	1	Port Input	14	67072	67058	1
S1012371	1	Port Input	15	67072	67058	1
S1012371	1	Port Input	14	67072	67058	1
S1012371	1	Port Input	15	67072	67058	1
S1012371	1	Port Input	14	67072	67058	1
S1012371	1	Port Input	15	67072	67058	1
S1012371	1	Port Input	14	67073	67058	1
S1012371	1	Port Input	15	67073	67059	1
S1012371	1	Port Input	14	67073	67059	1
S1012371	1	Port Input	15	67073	67059	1
S1012371	1	Port Input	14	67073	67059	1
S1012371	1	Port Input	15	67073	67059	1
S1012371	1	Port Input	14	67073	67059	1
S1012371	1	Port Input	15	67074	67059	1
S1012371	1	Picture	81	80011	79997	1	10000	1	79950	9950	other	0
S1012371	1	Port Input	14	82224	82210	1
S1012371	1	Response	100	82224	82210	1
S1012371	1	Port Input	15	82225	82210	1
S1012371	1	Port Input	14	82225	82211	1
S1012371	1	Port Input	15	82225	82211	1
S1012371	1	Port Input	14	82225	82211	1
S1012371	1	Port Input	15	82225	82211	1
S1012371	1	Port Input	14	82225	82211	1
S1012371	1	Port Input	15	82225	82211	1
S1012371	1	Port Input	14	82225	82211	1
S1012371	1	Port Input	15	82225	82211	1
S1012371	1	Port Input	14	82225	82211	1
S1012371	1	Port Input	15	82226	82212	1
S1012371	1	Port Input	14	82226	82212	1
S1012371	1	Port Input	15	82226	82212	1
S1012371	1	Port Input	14	82226	82212	1
S1012371	1	Port Input	15	82226	82212	1
S1012371	1	Port Input	14	82226	82212	1
S1012371	1	Port Input	15	82226	82212	1
S1012371	1	Port Input	14	82226	82212	1
S1012371	1	Port Input	15	82226	82212	1
S1012371	1	Port Input	14	82226	82212	1
S1012371	1	Port Input	15	82226	82212	1
S1012371	1	Port Input	14	82227	82212	1
S1012371	1	Port Input	15	82227	82212	1
S1012371	1	Port Input	14	82227	82212	1
S1012371	1	Port Input	15	82227	82212	1
S1012371	1	Port Input	14	82227	82213	1
S1012371	1	Port Input	15	82227	82213	1
S1012371	1	Port Input	14	82227	82213	1
S1012371	1	Port Input	15	82227	82213	1
S1012371	1	Port Input	14	82227	82213	1
S1012371	1	Port Input	15	82228	82213	1
S1012371	1	Port Input	14	82228	82214	1
S1012371	1	Port Input	15	82228	82214	1
S1012371	1	Port Input	14	82228	82214	1
S1012371	1	Port Input	15	82228	82214	1
S1012371	1	Port Input	14	82228	82214	1
S1012371	1	Port Input	15	82228	82214	1
S1012371	1	Port Input	14	82228	82214	1
S1012371	1	Port Input	15	82228	82214	1
S1012371	1	Port Input	14	82228	82214	1
S1012371	1	Port Input	15	82229	82214	1
S1012371	1	Port Input	14	82229	82214	1
S1012371	1	Port Input	15	82229	82214	1
S1012371	1	Port Input	14	82229	82214	1
S1012371	1	Port Input	15	82229	82215	1
S1012371	1	Port Input	14	82229	82215	1
S1012371	1	Port Input	15	82229	82215	1
S1012371	1	Port Input	14	82229	82215	1
S1012371	1	Port Input	15	82229	82215	1
S1012371	1	Port Input	14	82229	82215	1
S1012371	1	Port Input	15	82229	82215	1
S1012371	1	Port Input	14	82229	82215	1
S1012371	1	Port Input	15	82229	82215	1
S1012371	1	Port Input	14	82229	82215	1
S1012371	1	Port Input	15	82229	82215	1
S1012371	1	Port Input	14	82229	82215	1
S1012371	1	Port Input	15	82229	82215	1
S1012371	1	Port Input	14	82229	82215	1
S1012371	1	Port Input	15	82229	82215	1
S1012371	1	Port Input	14	82230	82215	1
S1012371	1	Port Input	15	82230	82215	1
S1012371	1	Port Input	14	82230	82215	1
S1012371	1	Port Input	15	82230	82216	1
S1012371	1	Port Input	14	82230	82216	1
S1012371	1	Port Input	15	82230	82216	1
S1012371	1	Port Input	14	82230	82216	1
S1012371	1	Port Input	15	82230	82216	1
S1012371	1	Port Input	14	82230	82216	1
S1012371	1	Port Input	15	82230	82216	1
S1012371	1	Port Input	14	82230	82216	1
S1012371	1	Port Input	15	82231	82216	1
S1012371	1	Port Input	14	82231	82216	1
S1012371	1	Port Input	15	82231	82217	1
S1012371	1	Port Input	14	82231	82217	1
S1012371	1	Port Input	15	82231	82217	1
S1012371	1	Port Input	14	82231	82217	1
S1012371	1	Port Input	15	82231	82217	1
S1012371	1	Port Input	14	82231	82217	1
S1012371	1	Port Input	15	82232	82217	1
S1012371	1	Port Input	14	82232	82217	1
S1012371	1	Port Input	15	82232	82217	1
S1012371	1	Port Input	14	82232	82218	1
S1012371	1	Port Input	15	82232	82218	1
S1012371	1	Port Input	14	82232	82218	1
S1012371	1	Port Input	15	82233	82219	1
S1012371	1	Port Input	14	82233	82219	1
S1012371	1	Port Input	15	82233	82219	1
S1012371	1	Port Input	14	82233	82219	1
S1012371	1	Port Input	15	82233	82219	1
S1012371	1	Port Input	14	82234	82219	1
S1012371	1	Port Input	15	82234	82220	1
S1012371	1	Port Input	14	82234	82220	1
S1012371	1	Port Input	15	82575	82561	1
S1012371	1	Port Input	14	82577	82563	1
S1012371	1	Port Input	15	82585	82571	1
S1012371	1	Port Input	14	82591	82577	1
S1012371	1	Port Input	15	82592	82578	1
S1012371	1	Port Input	14	82604	82590	1
S1012371	1	Port Input	15	82613	82599	1
S1012371	1	Port Input	14	82615	82601	1
S1012371	1	Port Input	15	82699	82685	1
S1012371	1	Port Input	14	82699	82685	1
S1012371	1	Port Input	15	82707	82693	1
S1012371	1	Port Input	14	82707	82693	1
S1012371	1	Port Input	15	82774	82760	1
S1012371	1	Port Input	14	82774	82760	1
S1012371	1	Port Input	15	82785	82771	1
S1012371	1	Port Input	14	82786	82771	1
S1012371	1	Port Input	15	82799	82785	1
S1012371	1	Port Input	14	82800	82785	1
S1012371	1	Port Input	15	82829	82815	1
S1012371	1	Port Input	14	82829	82815	1
S1012371	1	Port Input	15	82837	82823	1
S1012371	1	Port Input	14	82837	82823	1
S1012371	1	Port Input	15	82855	82840	1
S1012371	1	Port Input	14	82855	82840	1
S1012371	1	Port Input	15	82863	82849	1
S1012371	1	Port Input	14	82863	82849	1
S1012371	1	Port Input	15	82882	82868	1
S1012371	1	Port Input	14	82882	82868	1
S1012371	1	Port Input	15	82957	82942	1
S1012371	1	Port Input	14	82957	82942	1
S1012371	1	Port Input	15	82996	82981	1
S1012371	1	Port Input	14	82996	82981	1
S1012371	1	Port Input	15	83042	83028	1
S1012371	1	Port Input	14	83042	83028	1
S1012371	1	Port Input	15	83113	83099	1
S1012371	1	Port Input	14	83113	83099	1
S1012371	1	Port Input	15	83182	83168	1
S1012371	1	Port Input	14	83182	83168	1
S1012371	1	Port Input	15	83193	83179	1
S1012371	1	Port Input	14	83193	83179	1
S1012371	1	Port Input	15	83209	83195	1
S1012371	1	Port Input	14	83209	83195	1
S1012371	1	Port Input	15	83254	83240	1
S1012371	1	Port Input	14	83254	83240	1
S1012371	1	Port Input	15	83331	83317	1
S1012371	1	Port Input	14	83331	83317	1
S1012371	1	Port Input	15	83365	83350	1
S1012371	1	Port Input	14	83365	83350	1
S1012371	1	Port Input	15	83434	83419	1
S1012371	1	Port Input	14	83434	83420	1
S1012371	1	Port Input	15	83481	83467	1
S1012371	1	Port Input	14	83481	83467	1
S1012371	1	Port Input	15	83509	83495	1
S1012371	1	Port Input	14	83509	83495	1
S1012371	1	Port Input	15	83667	83652	1
S1012371	1	Port Input	14	83667	83652	1
S1012371	1	Port Input	15	83711	83697	1
S1012371	1	Port Input	14	83711	83697	1
S1012371	1	Port Input	15	83878	83864	1
S1012371	1	Port Input	14	83878	83864	1
S1012371	1	Port Input	15	83924	83910	1
S1012371	1	Port Input	14	83928	83914	1
S1012371	1	Port Input	15	85432	85418	1
S1012371	1	Port Input	14	85433	85418	1
S1012371	1	Port Input	15	85495	85481	1
S1012371	1	Port Input	14	85495	85481	1
S1012371	1	Port Input	15	85496	85481	1
S1012371	1	Port Input	14	85496	85482	1
S1012371	1	Port Input	15	85496	85482	1
S1012371	1	Port Input	14	85496	85482	1
S1012371	1	Port Input	15	85497	85482	1
S1012371	1	Port Input	14	85498	85484	1
S1012371	1	Port Input	15	85503	85488	1
S1012371	1	Port Input	14	85503	85489	1
S1012371	1	Port Input	15	85540	85525	1
S1012371	1	Port Input	14	85540	85526	1
S1012371	1	Port Input	15	85588	85574	1
S1012371	1	Port Input	14	85588	85574	1
S1012371	1	Port Input	15	85605	85591	1
S1012371	1	Port Input	14	85605	85591	1
S1012371	1	Port Input	15	85620	85606	1
S1012371	1	Port Input	14	85627	85613	1
S1012371	1	Port Input	15	85718	85704	1
S1012371	1	Port Input	14	85718	85704	1
S1012371	1	Port Input	15	85794	85780	1
S1012371	1	Port Input	14	85794	85780	1
S1012371	1	Port Input	15	85798	85783	1
S1012371	1	Port Input	14	85798	85784	1
S1012371	1	Port Input	15	85853	85838	1
S1012371	1	Port Input	14	85853	85838	1
S1012371	1	Port Input	15	85859	85845	1
S1012371	1	Port Input	14	85859	85845	1
S1012371	1	Port Input	15	85876	85861	1
S1012371	1	Port Input	14	85876	85861	1
S1012371	1	Port Input	15	85879	85865	1
S1012371	1	Port Input	14	85879	85865	1
S1012371	1	Port Input	15	85888	85873	1
S1012371	1	Port Input	14	85888	85874	1
S1012371	1	Port Input	15	85908	85894	1
S1012371	1	Port Input	14	85908	85894	1
S1012371	1	Port Input	15	85939	85924	1
S1012371	1	Port Input	14	85939	85924	1
S1012371	1	Port Input	15	85954	85940	1
S1012371	1	Port Input	14	85954	85940	1
S1012371	1	Port Input	15	85961	85947	1
S1012371	1	Port Input	14	85961	85947	1
S1012371	1	Port Input	15	85997	85983	1
S1012371	1	Port Input	14	85997	85983	1
S1012371	1	Port Input	15	87537	87523	1
S1012371	1	Port Input	14	87537	87523	1
S1012371	1	Port Input	15	87538	87524	1
S1012371	1	Port Input	14	87538	87524	1
S1012371	1	Port Input	15	87542	87528	1
S1012371	1	Port Input	14	87542	87528	1
S1012371	1	Port Input	15	87542	87528	1
S1012371	1	Port Input	14	87542	87528	1
S1012371	1	Port Input	15	87543	87528	1
S1012371	1	Port Input	14	87543	87528	1
S1012371	1	Port Input	15	87543	87529	1
S1012371	1	Port Input	14	87543	87529	1
S1012371	1	Port Input	15	87544	87529	1
S1012371	1	Port Input	14	87544	87529	1
S1012371	1	Port Input	15	87544	87530	1
S1012371	1	Port Input	14	87544	87530	1
S1012371	1	Port Input	15	87544	87530	1
S1012371	1	Port Input	14	87544	87530	1
S1012371	1	Port Input	15	87545	87530	1
S1012371	1	Port Input	14	87545	87530	1
S1012371	1	Port Input	15	87545	87531	1
S1012371	1	Port Input	14	87545	87531	1
S1012371	1	Port Input	15	87545	87531	1
S1012371	1	Port Input	14	87545	87531	1
S1012371	1	Port Input	15	87546	87531	1
S1012371	1	Port Input	14	87546	87531	1
S1012371	1	Port Input	15	87546	87532	1
S1012371	1	Port Input	14	87546	87532	1
S1012371	1	Port Input	15	87546	87532	1
S1012371	1	Port Input	14	87546	87532	1
S1012371	1	Port Input	15	87546	87532	1
S1012371	2	Port Input	14	105263	15183	3
S1012371	2	Response	100	105263	15183	3
S1012371	3	Port Input	15	111035	5747	8
S1012371	3	Port Input	14	120089	14801	8
S1012371	3	Response	100	120089	14801	8
S1012371	4	Port Input	15	123356	3207	8
S1012371	4	Port Input	14	123371	3223	8
S1012371	4	Port Input	15	124104	3955	8
S1012371	4	Port Input	14	135337	15188	8
S1012371	4	Response	100	135337	15188	8
S1012371	5	Port Input	15	136466	1040	1
S1012371	5	Port Input	14	136466	1040	1
S1012371	5	Port Input	15	136803	1377	8
S1012371	5	Port Input	14	136810	1385	8
S1012371	5	Port Input	15	138232	2806	1
S1012371	5	Port Input	14	138239	2813	1
S1012371	5	Port Input	15	139038	3613	8
S1012371	5	Port Input	14	139045	3620	1
S1012371	5	Port Input	15	139045	3620	1
S1012371	5	Port Input	14	149237	13811	8
S1012371	5	Response	100	149237	13811	8
S1012371	6	Port Input	15	152664	3350	1
S1012371	6	Port Input	14	152664	3350	1
S1012371	6	Port Input	15	152664	3350	8
S1012371	6	Port Input	14	161515	12202	8
S1012371	6	Response	100	161515	12202	8
S1012371	7	Port Input	15	164567	2962	8
S1012371	7	Port Input	14	173263	11658	8
S1012371	7	Response	100	173263	11658	8
S1012371	8	Port Input	15	176580	3239	8
S1012371	8	Port Input	14	176587	3246	1
S1012371	8	Port Input	15	176587	3247	1
S1012371	8	Port Input	14	186374	13033	8
S1012371	8	Response	100	186374	13033	8
S1012371	9	Port Input	15	189329	2863	7
S1012371	9	Port Input	14	198308	11843	8
S1012371	9	Response	100	198308	11843	8
S1012371	10	Port Input	15	201585	3245	8
S1012371	10	Port Input	14	210946	12606	8
S1012371	10	Response	100	210946	12606	8
S1012371	11	Port Input	15	213807	2829	1
S1012371	11	Port Input	14	213807	2829	1
S1012371	11	Port Input	15	213807	2829	8
S1012371	11	Port Input	14	223091	12113	8
S1012371	11	Response	100	223091	12113	8
S1012371	12	Port Input	15	226064	2933	7
S1012371	12	Port Input	14	226071	2940	1
S1012371	12	Port Input	15	226071	2940	7
S1012371	12	Port Input	14	235354	12223	8
S1012371	12	Response	100	235354	12223	8
