Scenario - Push Button + tone (0ms)
Logfile written - 01/05/2024 15:40:21

Subject	Trial	Event Type	Code	Time	TTime	Uncertainty	Duration	Uncertainty	ReqTime	ReqDur	Stim Type	Pair Index

S1012701	1	Picture	start	69	0	1	40554	42	0	next	other	0
S1012701	3	Nothing	nothing	45124	0	0			0		hit	4
S1012701	3	Port Input	14	60016	14893	1
S1012701	3	Response	222	60016	14893	1
S1012701	4	Sound	20	60028	0	263			0		hit	8
S1012701	4	Port Input	15	63538	3510	1
S1012701	4	Port Input	14	70031	10003	1
S1012701	4	Response	222	70031	10003	1
S1012701	5	Sound	20	70032	0	4			0		hit	22
S1012701	5	Port Input	15	72834	2802	1
S1012701	5	Port Input	14	72834	2802	1
S1012701	5	Port Input	15	72835	2803	1
S1012701	5	Port Input	14	72835	2803	1
S1012701	5	Port Input	15	72835	2803	1
S1012701	5	Port Input	14	72835	2803	1
S1012701	5	Port Input	15	72836	2804	1
S1012701	5	Port Input	14	72836	2804	1
S1012701	5	Port Input	15	72836	2804	1
S1012701	5	Port Input	14	72836	2804	1
S1012701	5	Port Input	15	72836	2804	1
S1012701	5	Port Input	14	79791	9759	1
S1012701	5	Response	222	79791	9759	1
S1012701	5	Port Input	15	79791	9759	1
S1012701	5	Port Input	14	79792	9760	1
S1012701	6	Sound	20	79792	0	4			0		hit	60
S1012701	6	Port Input	15	82306	2514	1
S1012701	6	Port Input	14	82306	2514	1
S1012701	6	Port Input	15	82306	2514	1
S1012701	6	Port Input	14	82306	2514	1
S1012701	6	Port Input	15	82306	2514	1
S1012701	6	Port Input	14	82307	2514	1
S1012701	6	Port Input	15	82307	2514	1
S1012701	6	Port Input	14	82307	2515	1
S1012701	6	Port Input	15	82308	2515	1
S1012701	6	Port Input	14	82308	2516	1
S1012701	6	Port Input	15	82308	2516	1
S1012701	6	Port Input	14	82308	2516	1
S1012701	6	Port Input	15	82308	2516	1
S1012701	6	Port Input	14	82308	2516	1
S1012701	6	Port Input	15	82308	2516	1
S1012701	6	Port Input	14	82308	2516	1
S1012701	6	Port Input	15	82309	2516	1
S1012701	6	Port Input	14	82309	2516	1
S1012701	6	Port Input	15	82309	2517	1
S1012701	6	Port Input	14	82309	2517	1
S1012701	6	Port Input	15	82310	2517	1
S1012701	6	Port Input	14	82310	2517	1
S1012701	6	Port Input	15	82310	2517	1
S1012701	6	Port Input	14	82310	2517	1
S1012701	6	Port Input	15	82310	2517	1
S1012701	6	Port Input	14	82310	2518	1
S1012701	6	Port Input	15	82312	2520	1
S1012701	6	Port Input	14	82312	2520	1
S1012701	6	Port Input	15	82312	2520	1
S1012701	6	Port Input	14	82312	2520	1
S1012701	6	Port Input	15	82312	2520	1
S1012701	6	Port Input	14	82312	2520	1
S1012701	6	Port Input	15	82312	2520	1
S1012701	6	Port Input	14	89639	9847	1
S1012701	6	Response	222	89639	9847	1
S1012701	7	Sound	20	89639	0	4			0		hit	68
S1012701	7	Port Input	15	92188	2549	1
S1012701	7	Port Input	14	92188	2549	1
S1012701	7	Port Input	15	92189	2549	1
S1012701	7	Port Input	14	92189	2549	1
S1012701	7	Port Input	15	92189	2549	1
S1012701	7	Port Input	14	99531	9892	1
S1012701	7	Response	222	99531	9892	1
S1012701	8	Sound	20	99532	0	4			0		hit	72
S1012701	8	Port Input	15	102089	2557	1
S1012701	8	Port Input	14	109046	9514	1
S1012701	8	Response	222	109046	9514	1
S1012701	8	Port Input	15	109046	9514	1
S1012701	8	Port Input	14	109047	9515	5
S1012701	9	Sound	20	109047	0	5			0		hit	92
S1012701	9	Port Input	15	111229	2182	1
S1012701	9	Port Input	14	111229	2182	1
S1012701	9	Port Input	15	111229	2182	1
S1012701	9	Port Input	14	111229	2182	1
S1012701	9	Port Input	15	111229	2182	1
S1012701	9	Port Input	14	111229	2182	1
S1012701	9	Port Input	15	111230	2183	1
S1012701	9	Port Input	14	111230	2183	1
S1012701	9	Port Input	15	111230	2183	1
S1012701	9	Port Input	14	111230	2183	1
S1012701	9	Port Input	15	111230	2183	1
S1012701	9	Port Input	14	111230	2183	1
S1012701	9	Port Input	15	111230	2183	1
S1012701	9	Port Input	14	111230	2183	1
S1012701	9	Port Input	15	111230	2183	1
S1012701	9	Port Input	14	118763	9715	1
S1012701	9	Response	222	118763	9715	1
S1012701	10	Sound	20	118763	0	4			0		hit	96
S1012701	10	Port Input	15	120996	2233	1
S1012701	10	Port Input	14	128574	9811	1
S1012701	10	Response	222	128574	9811	1
S1012701	11	Sound	20	128575	0	4			0		hit	112
S1012701	11	Port Input	15	130804	2229	1
S1012701	11	Port Input	14	130804	2229	1
S1012701	11	Port Input	15	130810	2235	1
S1012701	11	Port Input	14	130810	2235	1
S1012701	11	Port Input	15	130938	2363	1
S1012701	11	Port Input	14	130938	2363	1
S1012701	11	Port Input	15	130938	2363	1
S1012701	11	Port Input	14	130938	2363	1
S1012701	11	Port Input	15	130938	2363	1
S1012701	11	Port Input	14	130939	2364	1
S1012701	11	Port Input	15	130939	2364	1
S1012701	11	Port Input	14	130939	2364	1
S1012701	11	Port Input	15	130939	2364	1
S1012701	11	Port Input	14	138611	10036	1
S1012701	11	Response	222	138611	10036	1
S1012701	11	Port Input	15	138611	10036	1
S1012701	11	Port Input	14	138611	10036	1
S1012701	12	Sound	20	138611	0	4			0		hit	118
S1012701	12	Port Input	15	140773	2161	1
S1012701	12	Port Input	14	148416	9804	1
S1012701	12	Response	222	148416	9804	1
S1012701	13	Sound	20	148416	0	4			0		hit	124
S1012701	13	Port Input	15	150769	2352	1
S1012701	13	Port Input	14	150769	2352	1
S1012701	13	Port Input	15	150769	2353	1
S1012701	13	Port Input	14	158018	9602	1
S1012701	13	Response	222	158018	9602	1
S1012701	14	Sound	20	158019	0	4			0		hit	130
S1012701	14	Port Input	15	160424	2405	1
S1012701	14	Port Input	14	160424	2405	1
S1012701	14	Port Input	15	160425	2406	1
S1012701	14	Port Input	14	167954	9935	1
S1012701	14	Response	222	167954	9935	1
S1012701	14	Port Input	15	167955	9935	1
S1012701	14	Port Input	14	167955	9936	5
S1012701	15	Sound	20	167955	0	5			0		hit	138
S1012701	15	Port Input	15	170131	2176	1
S1012701	15	Port Input	14	170131	2176	1
S1012701	15	Port Input	15	170131	2176	1
S1012701	15	Port Input	14	177834	9879	1
S1012701	15	Response	222	177834	9879	1
S1012701	15	Port Input	15	177834	9879	1
S1012701	15	Port Input	14	177834	9879	1
S1012701	15	Port Input	15	177834	9879	1
S1012701	15	Port Input	14	177835	9880	5
S1012701	16	Sound	20	177835	0	4			0		hit	148
S1012701	16	Port Input	15	179992	2157	1
S1012701	16	Port Input	14	179992	2157	1
S1012701	16	Port Input	15	179993	2158	1
S1012701	16	Port Input	14	188031	10197	1
S1012701	16	Response	222	188031	10197	1
S1012701	17	Sound	20	188032	0	4			0		hit	160
S1012701	17	Port Input	15	190040	2008	1
S1012701	17	Port Input	14	190040	2008	1
S1012701	17	Port Input	15	190040	2008	1
S1012701	17	Port Input	14	190040	2008	1
S1012701	17	Port Input	15	190042	2009	1
S1012701	17	Port Input	14	190042	2009	1
S1012701	17	Port Input	15	190042	2010	1
S1012701	17	Port Input	14	190042	2010	1
S1012701	17	Port Input	15	190042	2010	1
S1012701	17	Port Input	14	197333	9301	1
S1012701	17	Response	222	197333	9301	1
S1012701	17	Port Input	15	197334	9302	1
S1012701	17	Port Input	14	197334	9302	1
S1012701	18	Sound	20	197334	0	4			0		hit	170
S1012701	18	Port Input	15	199450	2116	1
S1012701	18	Port Input	14	199450	2116	1
S1012701	18	Port Input	15	199450	2116	1
S1012701	18	Port Input	14	199450	2116	1
S1012701	18	Port Input	15	199451	2116	1
S1012701	18	Port Input	14	207078	9743	1
S1012701	18	Response	222	207078	9743	1
S1012701	19	Sound	20	207078	0	4			0		hit	174
S1012701	19	Port Input	15	209571	2493	1
S1012701	19	Port Input	14	217254	10176	1
S1012701	19	Response	222	217254	10176	1
S1012701	19	Port Input	15	217254	10176	1
S1012701	19	Port Input	14	217254	10176	1
S1012701	19	Port Input	15	217254	10176	1
S1012701	19	Port Input	14	217255	10176	4
S1012701	20	Sound	20	217255	0	4			0		hit	182
S1012701	20	Port Input	15	219317	2062	1
S1012701	20	Port Input	14	226991	9737	1
S1012701	20	Response	222	226991	9737	1
S1012701	21	Sound	20	226992	0	4			0		hit	188
S1012701	21	Port Input	15	229325	2334	1
S1012701	21	Port Input	14	229326	2334	1
S1012701	21	Port Input	15	229326	2334	1
S1012701	21	Port Input	14	236758	9766	1
S1012701	21	Response	222	236758	9766	1
S1012701	22	Sound	20	236759	0	4			0		hit	192
S1012701	22	Port Input	15	239042	2283	1
S1012701	22	Port Input	14	246553	9794	1
S1012701	22	Response	222	246553	9794	1
S1012701	23	Sound	20	246553	0	4			0		hit	196
S1012701	23	Port Input	15	248599	2046	1
S1012701	23	Port Input	14	256201	9647	1
S1012701	23	Response	222	256201	9647	1
S1012701	24	Sound	20	256201	0	4			0		hit	202
S1012701	24	Port Input	15	258593	2392	1
S1012701	24	Port Input	14	258593	2392	1
S1012701	24	Port Input	15	258593	2392	1
S1012701	24	Port Input	14	265698	9497	1
S1012701	24	Response	222	265698	9497	1
S1012701	24	Port Input	15	265699	9497	1
S1012701	24	Port Input	14	265699	9497	1
S1012701	25	Sound	20	265699	0	4			0		hit	214
S1012701	25	Port Input	15	265706	7	1
S1012701	25	Port Input	14	265706	7	1
S1012701	25	Port Input	15	265706	7	1
S1012701	25	Port Input	14	265706	7	1
S1012701	25	Port Input	15	265706	7	1
S1012701	25	Port Input	14	265707	7	1
S1012701	25	Port Input	15	267901	2202	1
S1012701	25	Port Input	14	275389	9690	1
S1012701	25	Response	222	275389	9690	1
S1012701	26	Sound	20	275390	0	4			0		hit	218
S1012701	26	Port Input	15	277627	2237	1
S1012701	26	Port Input	14	285200	9810	1
S1012701	26	Response	222	285200	9810	1
S1012701	26	Port Input	15	285200	9810	1
S1012701	26	Port Input	14	285200	9810	1
S1012701	27	Sound	20	285201	0	4			0		hit	244
S1012701	27	Port Input	15	287407	2206	1
S1012701	27	Port Input	14	287407	2207	1
S1012701	27	Port Input	15	287407	2207	1
S1012701	27	Port Input	14	287408	2207	1
S1012701	27	Port Input	15	287408	2207	1
S1012701	27	Port Input	14	287408	2207	1
S1012701	27	Port Input	15	287408	2207	1
S1012701	27	Port Input	14	287408	2207	1
S1012701	27	Port Input	15	287408	2207	1
S1012701	27	Port Input	14	287408	2207	1
S1012701	27	Port Input	15	287408	2207	1
S1012701	27	Port Input	14	287408	2208	1
S1012701	27	Port Input	15	287409	2208	1
S1012701	27	Port Input	14	287409	2208	1
S1012701	27	Port Input	15	287409	2208	1
S1012701	27	Port Input	14	287409	2208	1
S1012701	27	Port Input	15	287409	2208	1
S1012701	27	Port Input	14	287409	2208	1
S1012701	27	Port Input	15	287409	2209	1
S1012701	27	Port Input	14	287409	2209	1
S1012701	27	Port Input	15	287409	2209	1
S1012701	27	Port Input	14	295268	10067	1
S1012701	27	Response	222	295268	10067	1
S1012701	28	Sound	20	295269	0	4			0		hit	248
S1012701	28	Port Input	15	297578	2309	1
S1012701	28	Port Input	14	304887	9618	1
S1012701	28	Response	222	304887	9618	1
S1012701	28	Port Input	15	304887	9618	1
S1012701	28	Port Input	14	304887	9618	1
S1012701	29	Sound	20	304888	0	4			0		hit	268
S1012701	29	Port Input	15	307119	2232	1
S1012701	29	Port Input	14	307119	2232	1
S1012701	29	Port Input	15	307119	2232	1
S1012701	29	Port Input	14	307119	2232	1
S1012701	29	Port Input	15	307120	2232	1
S1012701	29	Port Input	14	307120	2232	1
S1012701	29	Port Input	15	307120	2232	1
S1012701	29	Port Input	14	307120	2232	1
S1012701	29	Port Input	15	307120	2232	1
S1012701	29	Port Input	14	307120	2232	1
S1012701	29	Port Input	15	307120	2233	1
S1012701	29	Port Input	14	307120	2233	1
S1012701	29	Port Input	15	307121	2233	1
S1012701	29	Port Input	14	307121	2233	1
S1012701	29	Port Input	15	307121	2233	1
S1012701	29	Port Input	14	314448	9560	1
S1012701	29	Response	222	314448	9560	1
S1012701	30	Sound	20	314449	0	5			0		hit	292
S1012701	30	Port Input	15	316559	2110	1
S1012701	30	Port Input	14	316559	2111	1
S1012701	30	Port Input	15	316561	2112	1
S1012701	30	Port Input	14	316561	2112	1
S1012701	30	Port Input	15	316561	2112	1
S1012701	30	Port Input	14	316561	2112	1
S1012701	30	Port Input	15	316561	2112	1
S1012701	30	Port Input	14	316561	2112	1
S1012701	30	Port Input	15	316561	2112	1
S1012701	30	Port Input	14	316561	2112	1
S1012701	30	Port Input	15	316562	2113	1
S1012701	30	Port Input	14	316562	2113	1
S1012701	30	Port Input	15	316563	2114	1
S1012701	30	Port Input	14	316563	2114	1
S1012701	30	Port Input	15	316564	2115	1
S1012701	30	Port Input	14	316564	2115	1
S1012701	30	Port Input	15	316564	2115	1
S1012701	30	Port Input	14	316564	2115	1
S1012701	30	Port Input	15	316564	2115	1
S1012701	30	Port Input	14	316564	2115	1
S1012701	30	Port Input	15	316564	2115	1
S1012701	30	Port Input	14	324003	9554	1
S1012701	30	Response	222	324003	9554	1
S1012701	31	Sound	20	324004	0	4			0		hit	302
S1012701	31	Port Input	15	326341	2337	1
S1012701	31	Port Input	14	326341	2337	1
S1012701	31	Port Input	15	326341	2337	1
S1012701	31	Port Input	14	326341	2337	1
S1012701	31	Port Input	15	326341	2338	1
S1012701	31	Port Input	14	326341	2338	1
S1012701	31	Port Input	15	326342	2338	1
S1012701	31	Port Input	14	333985	9981	1
S1012701	31	Response	222	333985	9981	1
S1012701	31	Port Input	15	333985	9982	1
S1012701	31	Port Input	14	333985	9982	1
S1012701	32	Sound	20	333986	0	4			0		hit	358
S1012701	32	Port Input	15	336778	2792	1
S1012701	32	Port Input	14	336778	2792	1
S1012701	32	Port Input	15	336778	2792	1
S1012701	32	Port Input	14	336778	2792	1
S1012701	32	Port Input	15	336778	2792	1
S1012701	32	Port Input	14	336778	2792	1
S1012701	32	Port Input	15	336778	2792	1
S1012701	32	Port Input	14	336778	2792	1
S1012701	32	Port Input	15	336778	2792	1
S1012701	32	Port Input	14	336778	2792	1
S1012701	32	Port Input	15	336778	2792	1
S1012701	32	Port Input	14	336778	2792	1
S1012701	32	Port Input	15	336779	2793	1
S1012701	32	Port Input	14	336779	2793	1
S1012701	32	Port Input	15	336779	2793	1
S1012701	32	Port Input	14	336779	2793	1
S1012701	32	Port Input	15	336779	2793	1
S1012701	32	Port Input	14	336779	2793	1
S1012701	32	Port Input	15	336779	2793	1
S1012701	32	Port Input	14	336779	2793	1
S1012701	32	Port Input	15	336779	2793	1
S1012701	32	Port Input	14	336779	2793	1
S1012701	32	Port Input	15	336780	2794	1
S1012701	32	Port Input	14	336780	2794	1
S1012701	32	Port Input	15	336781	2795	1
S1012701	32	Port Input	14	336781	2795	1
S1012701	32	Port Input	15	336781	2795	1
S1012701	32	Port Input	14	336781	2795	1
S1012701	32	Port Input	15	336781	2795	1
S1012701	32	Port Input	14	336781	2795	1
S1012701	32	Port Input	15	336781	2795	1
S1012701	32	Port Input	14	336781	2795	1
S1012701	32	Port Input	15	336782	2796	1
S1012701	32	Port Input	14	336782	2796	1
S1012701	32	Port Input	15	336782	2796	1
S1012701	32	Port Input	14	336782	2796	1
S1012701	32	Port Input	15	336784	2798	1
S1012701	32	Port Input	14	336784	2798	1
S1012701	32	Port Input	15	336785	2799	1
S1012701	32	Port Input	14	336785	2799	1
S1012701	32	Port Input	15	336785	2799	1
S1012701	32	Port Input	14	336785	2799	1
S1012701	32	Port Input	15	336787	2801	1
S1012701	32	Port Input	14	336787	2801	1
S1012701	32	Port Input	15	336787	2801	1
S1012701	32	Port Input	14	336787	2801	1
S1012701	32	Port Input	15	336787	2801	1
S1012701	32	Port Input	14	336787	2801	1
S1012701	32	Port Input	15	336787	2802	1
S1012701	32	Port Input	14	336787	2802	1
S1012701	32	Port Input	15	336788	2802	1
S1012701	32	Port Input	14	344026	10040	1
S1012701	32	Response	222	344026	10040	1
S1012701	33	Sound	20	344027	0	5			0		hit	364
S1012701	33	Port Input	15	346564	2537	1
S1012701	33	Port Input	14	346564	2537	1
S1012701	33	Port Input	15	346565	2538	1
S1012701	33	Port Input	14	353725	9698	1
S1012701	33	Response	222	353725	9698	1
S1012701	34	Sound	20	353726	0	5			0		hit	370
S1012701	34	Port Input	15	356462	2737	1
S1012701	34	Port Input	14	356462	2737	1
S1012701	34	Port Input	15	356462	2737	1
S1012701	34	Port Input	14	363218	9493	1
S1012701	34	Response	222	363218	9493	1
S1012701	34	Port Input	15	363219	9493	1
S1012701	34	Port Input	14	363219	9494	5
S1012701	35	Sound	20	363219	0	4			0		hit	438
S1012701	35	Port Input	15	365527	2308	1
S1012701	35	Port Input	14	365527	2308	1
S1012701	35	Port Input	15	365528	2309	1
S1012701	35	Port Input	14	365528	2309	1
S1012701	35	Port Input	15	365528	2309	1
S1012701	35	Port Input	14	365529	2309	1
S1012701	35	Port Input	15	365529	2309	1
S1012701	35	Port Input	14	365529	2310	1
S1012701	35	Port Input	15	365529	2310	1
S1012701	35	Port Input	14	365529	2310	1
S1012701	35	Port Input	15	365530	2310	1
S1012701	35	Port Input	14	365530	2310	1
S1012701	35	Port Input	15	365530	2311	1
S1012701	35	Port Input	14	365530	2311	1
S1012701	35	Port Input	15	365530	2311	1
S1012701	35	Port Input	14	365530	2311	1
S1012701	35	Port Input	15	365530	2311	1
S1012701	35	Port Input	14	365530	2311	1
S1012701	35	Port Input	15	365531	2311	1
S1012701	35	Port Input	14	365531	2311	1
S1012701	35	Port Input	15	365531	2311	1
S1012701	35	Port Input	14	365531	2311	1
S1012701	35	Port Input	15	365531	2311	1
S1012701	35	Port Input	14	365531	2312	1
S1012701	35	Port Input	15	365531	2312	1
S1012701	35	Port Input	14	365531	2312	1
S1012701	35	Port Input	15	365532	2313	1
S1012701	35	Port Input	14	365532	2313	1
S1012701	35	Port Input	15	365535	2315	1
S1012701	35	Port Input	14	365535	2316	1
S1012701	35	Port Input	15	365535	2316	1
S1012701	35	Port Input	14	365535	2316	1
S1012701	35	Port Input	15	365536	2317	1
S1012701	35	Port Input	14	365536	2317	1
S1012701	35	Port Input	15	365537	2318	1
S1012701	35	Port Input	14	365537	2318	1
S1012701	35	Port Input	15	365540	2321	1
S1012701	35	Port Input	14	365540	2321	1
S1012701	35	Port Input	15	365540	2321	1
S1012701	35	Port Input	14	365540	2321	1
S1012701	35	Port Input	15	365541	2321	1
S1012701	35	Port Input	14	365541	2321	1
S1012701	35	Port Input	15	365545	2326	1
S1012701	35	Port Input	14	365545	2326	1
S1012701	35	Port Input	15	365548	2328	1
S1012701	35	Port Input	14	365548	2328	1
S1012701	35	Port Input	15	365552	2333	1
S1012701	35	Port Input	14	365552	2333	1
S1012701	35	Port Input	15	365554	2334	1
S1012701	35	Port Input	14	365554	2334	1
S1012701	35	Port Input	15	365558	2339	1
S1012701	35	Port Input	14	365558	2339	1
S1012701	35	Port Input	15	365558	2339	1
S1012701	35	Port Input	14	365558	2339	1
S1012701	35	Port Input	15	365558	2339	1
S1012701	35	Port Input	14	365558	2339	1
S1012701	35	Port Input	15	365560	2341	1
S1012701	35	Port Input	14	365560	2341	1
S1012701	35	Port Input	15	365560	2341	1
S1012701	35	Port Input	14	365560	2341	1
S1012701	35	Port Input	15	365562	2343	1
S1012701	35	Port Input	14	365563	2343	1
S1012701	35	Port Input	15	365563	2343	1
S1012701	35	Port Input	14	373648	10428	1
S1012701	35	Response	222	373648	10428	1
S1012701	36	Sound	20	373649	0	5			0		hit	450
S1012701	36	Port Input	15	375998	2349	1
S1012701	36	Port Input	14	375998	2349	1
S1012701	36	Port Input	15	375999	2350	1
S1012701	36	Port Input	14	375999	2350	1
S1012701	36	Port Input	15	376000	2351	1
S1012701	36	Port Input	14	376000	2351	1
S1012701	36	Port Input	15	376000	2352	1
S1012701	36	Port Input	14	376000	2352	1
S1012701	36	Port Input	15	376001	2353	1
S1012701	36	Port Input	14	383849	10200	1
S1012701	36	Response	222	383849	10200	1
S1012701	37	Sound	20	383850	0	5			0		hit	456
S1012701	37	Port Input	15	386032	2182	1
S1012701	37	Port Input	14	386032	2182	1
S1012701	37	Port Input	15	386032	2182	1
S1012701	37	Port Input	14	393635	9785	1
S1012701	37	Response	222	393635	9785	1
S1012701	38	Sound	20	393636	0	4			0		hit	460
S1012701	38	Port Input	15	395624	1988	1
S1012701	38	Port Input	14	403125	9490	1
S1012701	38	Response	222	403125	9490	1
S1012701	39	Sound	20	403126	0	5			0		hit	466
S1012701	39	Port Input	15	405419	2293	1
S1012701	39	Port Input	14	405419	2293	1
S1012701	39	Port Input	15	405419	2293	1
S1012701	39	Port Input	14	412633	9507	1
S1012701	39	Response	222	412633	9507	1
S1012701	39	Port Input	15	412633	9507	1
S1012701	39	Port Input	14	412633	9507	1
S1012701	39	Port Input	15	412633	9507	1
S1012701	39	Port Input	14	412634	9508	5
S1012701	40	Sound	20	412634	0	4			0		hit	492
S1012701	40	Port Input	15	414782	2148	1
S1012701	40	Port Input	14	414782	2148	1
S1012701	40	Port Input	15	414782	2148	1
S1012701	40	Port Input	14	414782	2148	1
S1012701	40	Port Input	15	414782	2149	1
S1012701	40	Port Input	14	414782	2149	1
S1012701	40	Port Input	15	414783	2149	1
S1012701	40	Port Input	14	414783	2149	1
S1012701	40	Port Input	15	414783	2149	1
S1012701	40	Port Input	14	414783	2149	1
S1012701	40	Port Input	15	414783	2149	1
S1012701	40	Port Input	14	414784	2150	1
S1012701	40	Port Input	15	414784	2151	1
S1012701	40	Port Input	14	414784	2151	1
S1012701	40	Port Input	15	414784	2151	1
S1012701	40	Port Input	14	414785	2152	1
S1012701	40	Port Input	15	414786	2152	1
S1012701	40	Port Input	14	414786	2152	1
S1012701	40	Port Input	15	414786	2152	1
S1012701	40	Port Input	14	422557	9924	1
S1012701	40	Response	222	422557	9924	1
S1012701	41	Sound	20	422558	0	4			0		hit	496
S1012701	41	Port Input	15	424631	2073	1
S1012701	41	Port Input	14	432482	9923	1
S1012701	41	Response	222	432482	9923	1
S1012701	42	Sound	20	432482	0	5			0		hit	504
S1012701	42	Port Input	15	434691	2209	1
S1012701	42	Port Input	14	434691	2209	1
S1012701	42	Port Input	15	434692	2210	1
S1012701	42	Port Input	14	434692	2210	1
S1012701	42	Port Input	15	434693	2210	1
S1012701	42	Port Input	14	442557	10075	1
S1012701	42	Response	222	442557	10075	1
S1012701	43	Sound	20	442558	0	4			0		hit	508
S1012701	43	Port Input	15	445127	2569	1
S1012701	43	Port Input	14	452800	10242	1
S1012701	43	Response	222	452800	10242	1
S1012701	44	Sound	20	452800	0	4			0		hit	580
S1012701	44	Port Input	15	454784	1983	1
S1012701	44	Port Input	14	454784	1983	1
S1012701	44	Port Input	15	454785	1984	1
S1012701	44	Port Input	14	454785	1984	1
S1012701	44	Port Input	15	454785	1985	1
S1012701	44	Port Input	14	454785	1985	1
S1012701	44	Port Input	15	454786	1985	1
S1012701	44	Port Input	14	454786	1985	1
S1012701	44	Port Input	15	454788	1987	1
S1012701	44	Port Input	14	454788	1987	1
S1012701	44	Port Input	15	454789	1989	1
S1012701	44	Port Input	14	454789	1989	1
S1012701	44	Port Input	15	454790	1989	1
S1012701	44	Port Input	14	454790	1989	1
S1012701	44	Port Input	15	454790	1990	1
S1012701	44	Port Input	14	454790	1990	1
S1012701	44	Port Input	15	454792	1991	1
S1012701	44	Port Input	14	454792	1991	1
S1012701	44	Port Input	15	454792	1992	1
S1012701	44	Port Input	14	454792	1992	1
S1012701	44	Port Input	15	454792	1992	1
S1012701	44	Port Input	14	454793	1992	1
S1012701	44	Port Input	15	454793	1993	1
S1012701	44	Port Input	14	454793	1993	1
S1012701	44	Port Input	15	454793	1993	1
S1012701	44	Port Input	14	454793	1993	1
S1012701	44	Port Input	15	454793	1993	1
S1012701	44	Port Input	14	454793	1993	1
S1012701	44	Port Input	15	454793	1993	1
S1012701	44	Port Input	14	454793	1993	1
S1012701	44	Port Input	15	454793	1993	1
S1012701	44	Port Input	14	454793	1993	1
S1012701	44	Port Input	15	454800	2000	1
S1012701	44	Port Input	14	454801	2000	1
S1012701	44	Port Input	15	454802	2001	1
S1012701	44	Port Input	14	454802	2001	1
S1012701	44	Port Input	15	454804	2003	1
S1012701	44	Port Input	14	454804	2003	1
S1012701	44	Port Input	15	454946	2145	1
S1012701	44	Port Input	14	454946	2145	1
S1012701	44	Port Input	15	454946	2146	1
S1012701	44	Port Input	14	454946	2146	1
S1012701	44	Port Input	15	454946	2146	1
S1012701	44	Port Input	14	454946	2146	1
S1012701	44	Port Input	15	454947	2146	1
S1012701	44	Port Input	14	454947	2146	1
S1012701	44	Port Input	15	454947	2146	1
S1012701	44	Port Input	14	454947	2146	1
S1012701	44	Port Input	15	454947	2146	1
S1012701	44	Port Input	14	454947	2146	1
S1012701	44	Port Input	15	454947	2147	1
S1012701	44	Port Input	14	454947	2147	1
S1012701	44	Port Input	15	454947	2147	1
S1012701	44	Port Input	14	454947	2147	1
S1012701	44	Port Input	15	454947	2147	1
S1012701	44	Port Input	14	454947	2147	1
S1012701	44	Port Input	15	454948	2147	1
S1012701	44	Port Input	14	454948	2147	1
S1012701	44	Port Input	15	454948	2148	1
S1012701	44	Port Input	14	454948	2148	1
S1012701	44	Port Input	15	454949	2149	1
S1012701	44	Port Input	14	454949	2149	1
S1012701	44	Port Input	15	454950	2150	1
S1012701	44	Port Input	14	454951	2150	1
S1012701	44	Port Input	15	454951	2151	1
S1012701	44	Port Input	14	454951	2151	1
S1012701	44	Port Input	15	454952	2151	1
S1012701	44	Port Input	14	454952	2151	1
S1012701	44	Port Input	15	454952	2151	1
S1012701	44	Port Input	14	462527	9727	1
S1012701	44	Response	222	462527	9727	1
S1012701	45	Sound	20	462528	0	4			0		hit	594
S1012701	45	Port Input	15	464496	1969	1
S1012701	45	Port Input	14	464496	1969	1
S1012701	45	Port Input	15	464497	1969	1
S1012701	45	Port Input	14	464497	1969	1
S1012701	45	Port Input	15	464497	1970	1
S1012701	45	Port Input	14	464497	1970	1
S1012701	45	Port Input	15	464497	1970	1
S1012701	45	Port Input	14	464498	1970	1
S1012701	45	Port Input	15	464638	2110	1
S1012701	45	Port Input	14	464638	2110	1
S1012701	45	Port Input	15	464638	2110	1
S1012701	45	Port Input	14	472553	10026	1
S1012701	45	Response	222	472553	10026	1
S1012701	45	Port Input	15	472554	10026	1
S1012701	45	Port Input	14	472554	10026	4
S1012701	46	Sound	20	472554	0	4			0		hit	604
S1012701	46	Port Input	15	474673	2119	1
S1012701	46	Port Input	14	474673	2119	1
S1012701	46	Port Input	15	474673	2119	1
S1012701	46	Port Input	14	474673	2119	1
S1012701	46	Port Input	15	474673	2119	1
S1012701	46	Port Input	14	482436	9881	1
S1012701	46	Response	222	482436	9881	1
S1012701	46	Port Input	15	482436	9881	1
S1012701	46	Port Input	14	482436	9882	1
S1012701	47	Sound	20	482436	0	4			0		hit	616
S1012701	47	Port Input	15	484460	2023	1
S1012701	47	Port Input	14	484460	2023	1
S1012701	47	Port Input	15	484460	2024	1
S1012701	47	Port Input	14	484460	2024	1
S1012701	47	Port Input	15	484460	2024	1
S1012701	47	Port Input	14	484461	2024	1
S1012701	47	Port Input	15	484461	2024	1
S1012701	47	Port Input	14	492386	9950	1
S1012701	47	Response	222	492386	9950	1
S1012701	48	Sound	20	492387	0	4			0		hit	624
S1012701	48	Port Input	15	494590	2203	1
S1012701	48	Port Input	14	494590	2203	1
S1012701	48	Port Input	15	494590	2203	1
S1012701	48	Port Input	14	494590	2203	1
S1012701	48	Port Input	15	494590	2204	1
S1012701	48	Port Input	14	502517	10130	1
S1012701	48	Response	222	502517	10130	1
S1012701	48	Port Input	15	502517	10131	1
S1012701	48	Port Input	14	502518	10131	1
S1012701	49	Sound	20	502518	0	4			0		hit	630
S1012701	49	Port Input	15	504719	2201	1
S1012701	49	Port Input	14	512607	10089	1
S1012701	49	Response	222	512607	10089	1
S1012701	50	Sound	20	512608	0	4			0		hit	636
S1012701	50	Port Input	15	514674	2066	1
S1012701	50	Port Input	14	514674	2066	1
S1012701	50	Port Input	15	514674	2066	1
S1012701	50	Port Input	14	522722	10115	1
S1012701	50	Response	222	522722	10115	1
S1012701	51	Sound	20	522723	0	5			0		hit	640
S1012701	51	Port Input	15	524909	2186	1
S1012701	51	Port Input	14	532607	9883	1
S1012701	51	Response	222	532607	9883	1
S1012701	52	Sound	20	532607	0	4			0		hit	650
S1012701	52	Port Input	15	534880	2272	1
S1012701	52	Port Input	14	534880	2272	1
S1012701	52	Port Input	15	534880	2272	1
S1012701	52	Port Input	14	534880	2272	1
S1012701	52	Port Input	15	534880	2272	1
S1012701	52	Port Input	14	534880	2272	1
S1012701	52	Port Input	15	534880	2273	1
S1012701	52	Port Input	14	542438	9830	1
S1012701	52	Response	222	542438	9830	1
S1012701	52	Port Input	15	542438	9831	1
S1012701	52	Port Input	14	542438	9831	1
S1012701	53	Sound	20	542438	0	4			0		hit	656
S1012701	53	Port Input	15	544489	2050	1
S1012701	53	Port Input	14	552758	10319	1
S1012701	53	Response	222	552758	10319	1
S1012701	54	Sound	20	552759	0	4			0		hit	660
S1012701	54	Port Input	15	554772	2014	1
S1012701	54	Port Input	14	563236	10478	1
S1012701	54	Response	222	563236	10478	1
S1012701	55	Sound	20	563237	0	4			0		hit	666
S1012701	55	Port Input	15	565241	2003	1
S1012701	55	Port Input	14	565241	2003	1
S1012701	55	Port Input	15	565241	2003	1
S1012701	55	Port Input	14	573678	10440	1
S1012701	55	Response	222	573678	10440	1
S1012701	56	Sound	20	573678	0	4			0		hit	678
S1012701	56	Port Input	15	575597	1918	1
S1012701	56	Port Input	14	575597	1918	1
S1012701	56	Port Input	15	575597	1919	1
S1012701	56	Port Input	14	575597	1919	1
S1012701	56	Port Input	15	575597	1919	1
S1012701	56	Port Input	14	575597	1919	1
S1012701	56	Port Input	15	575598	1919	1
S1012701	56	Port Input	14	575598	1920	1
S1012701	56	Port Input	15	575598	1920	1
S1012701	56	Port Input	14	584199	10521	1
S1012701	56	Response	222	584199	10521	1
S1012701	56	Port Input	15	584199	10521	1
S1012701	56	Port Input	14	584200	10522	5
S1012701	57	Sound	20	584200	0	4			0		hit	692
S1012701	57	Port Input	15	585943	1743	1
S1012701	57	Port Input	14	585943	1743	1
S1012701	57	Port Input	15	585943	1743	1
S1012701	57	Port Input	14	585943	1743	1
S1012701	57	Port Input	15	585943	1743	1
S1012701	57	Port Input	14	585943	1743	1
S1012701	57	Port Input	15	585943	1743	1
S1012701	57	Port Input	14	585943	1743	1
S1012701	57	Port Input	15	585943	1743	1
S1012701	57	Port Input	14	594221	10021	1
S1012701	57	Response	222	594221	10021	1
S1012701	57	Port Input	15	594221	10021	1
S1012701	57	Port Input	14	594222	10022	5
S1012701	58	Sound	20	594222	0	5			0		hit	704
S1012701	58	Port Input	15	596178	1956	1
S1012701	58	Port Input	14	596179	1956	1
S1012701	58	Port Input	15	596179	1957	1
S1012701	58	Port Input	14	596179	1957	1
S1012701	58	Port Input	15	596179	1957	1
S1012701	58	Port Input	14	596179	1957	1
S1012701	58	Port Input	15	596179	1957	1
S1012701	58	Port Input	14	603866	9644	1
S1012701	58	Response	222	603866	9644	1
S1012701	58	Port Input	15	603866	9644	1
S1012701	58	Port Input	14	603867	9644	1
S1012701	59	Sound	20	603867	0	4			0		hit	722
S1012701	59	Port Input	15	606130	2263	1
S1012701	59	Port Input	14	606130	2263	1
S1012701	59	Port Input	15	606131	2264	1
S1012701	59	Port Input	14	606131	2264	1
S1012701	59	Port Input	15	606134	2267	1
S1012701	59	Port Input	14	606134	2267	1
S1012701	59	Port Input	15	606134	2267	1
S1012701	59	Port Input	14	606134	2267	1
S1012701	59	Port Input	15	606134	2267	1
S1012701	59	Port Input	14	606134	2267	1
S1012701	59	Port Input	15	606134	2267	1
S1012701	59	Port Input	14	606134	2267	1
S1012701	59	Port Input	15	606135	2268	1
S1012701	59	Port Input	14	613842	9975	1
S1012701	59	Response	222	613842	9975	1
S1012701	59	Port Input	15	613842	9975	1
S1012701	59	Port Input	14	613842	9975	1
S1012701	60	Sound	20	613843	0	5			0		hit	734
S1012701	60	Port Input	15	616276	2433	1
S1012701	60	Port Input	14	616276	2433	1
S1012701	60	Port Input	15	616277	2434	1
S1012701	60	Port Input	14	616277	2434	1
S1012701	60	Port Input	15	616277	2434	1
S1012701	60	Port Input	14	616277	2434	1
S1012701	60	Port Input	15	616277	2434	1
S1012701	60	Port Input	14	623487	9645	1
S1012701	60	Response	222	623487	9645	1
S1012701	61	Sound	20	623488	0	4			0		hit	742
S1012701	61	Port Input	15	626008	2520	1
S1012701	61	Port Input	14	626008	2520	1
S1012701	61	Port Input	15	626009	2521	1
S1012701	61	Port Input	14	626009	2521	1
S1012701	61	Port Input	15	626009	2521	1
S1012701	61	Port Input	14	633503	10014	1
S1012701	61	Response	222	633503	10014	1
S1012701	62	Sound	20	633503	0	4			0		hit	754
S1012701	62	Port Input	15	635730	2227	1
S1012701	62	Port Input	14	635730	2227	1
S1012701	62	Port Input	15	635730	2227	1
S1012701	62	Port Input	14	635730	2227	1
S1012701	62	Port Input	15	635730	2227	1
S1012701	62	Port Input	14	635730	2227	1
S1012701	62	Port Input	15	635731	2228	1
S1012701	62	Port Input	14	635731	2228	1
S1012701	62	Port Input	15	635731	2228	1
S1012701	62	Port Input	14	643144	9641	1
S1012701	62	Response	222	643144	9641	1
S1012701	63	Sound	20	643145	0	4			0		hit	776
S1012701	63	Port Input	15	645512	2366	1
S1012701	63	Port Input	14	645512	2366	1
S1012701	63	Port Input	15	645512	2366	1
S1012701	63	Port Input	14	645512	2366	1
S1012701	63	Port Input	15	645512	2367	1
S1012701	63	Port Input	14	645512	2367	1
S1012701	63	Port Input	15	645512	2367	1
S1012701	63	Port Input	14	645512	2367	1
S1012701	63	Port Input	15	645513	2367	1
S1012701	63	Port Input	14	645513	2367	1
S1012701	63	Port Input	15	645513	2368	1
S1012701	63	Port Input	14	645513	2368	1
S1012701	63	Port Input	15	645514	2368	1
S1012701	63	Port Input	14	645514	2368	1
S1012701	63	Port Input	15	645514	2369	1
S1012701	63	Port Input	14	645514	2369	1
S1012701	63	Port Input	15	645515	2370	1
S1012701	63	Port Input	14	645515	2370	1
S1012701	63	Port Input	15	645515	2370	1
S1012701	63	Port Input	14	653197	10052	1
S1012701	63	Response	222	653197	10052	1
S1012701	64	Sound	20	653198	0	4			0		hit	844
S1012701	64	Port Input	15	655675	2477	1
S1012701	64	Port Input	14	655675	2477	1
S1012701	64	Port Input	15	655676	2478	1
S1012701	64	Port Input	14	655676	2478	1
S1012701	64	Port Input	15	655676	2478	1
S1012701	64	Port Input	14	655676	2478	1
S1012701	64	Port Input	15	655676	2478	1
S1012701	64	Port Input	14	655676	2478	1
S1012701	64	Port Input	15	655676	2478	1
S1012701	64	Port Input	14	655676	2478	1
S1012701	64	Port Input	15	655677	2479	1
S1012701	64	Port Input	14	655677	2479	1
S1012701	64	Port Input	15	655677	2479	1
S1012701	64	Port Input	14	655677	2479	1
S1012701	64	Port Input	15	655677	2479	1
S1012701	64	Port Input	14	655677	2479	1
S1012701	64	Port Input	15	655677	2479	1
S1012701	64	Port Input	14	655677	2479	1
S1012701	64	Port Input	15	655677	2479	1
S1012701	64	Port Input	14	655678	2480	1
S1012701	64	Port Input	15	655678	2480	1
S1012701	64	Port Input	14	655678	2480	1
S1012701	64	Port Input	15	655678	2480	1
S1012701	64	Port Input	14	655678	2480	1
S1012701	64	Port Input	15	655678	2480	1
S1012701	64	Port Input	14	655678	2480	1
S1012701	64	Port Input	15	655678	2480	1
S1012701	64	Port Input	14	655678	2480	1
S1012701	64	Port Input	15	655679	2481	1
S1012701	64	Port Input	14	655679	2481	1
S1012701	64	Port Input	15	655680	2482	1
S1012701	64	Port Input	14	655680	2482	1
S1012701	64	Port Input	15	655680	2482	1
S1012701	64	Port Input	14	655680	2482	1
S1012701	64	Port Input	15	655680	2482	1
S1012701	64	Port Input	14	655680	2482	1
S1012701	64	Port Input	15	655680	2482	1
S1012701	64	Port Input	14	655681	2483	1
S1012701	64	Port Input	15	655682	2484	1
S1012701	64	Port Input	14	655682	2484	1
S1012701	64	Port Input	15	655682	2484	1
S1012701	64	Port Input	14	655682	2484	1
S1012701	64	Port Input	15	655682	2484	1
S1012701	64	Port Input	14	655682	2484	1
S1012701	64	Port Input	15	655682	2484	1
S1012701	64	Port Input	14	655682	2484	1
S1012701	64	Port Input	15	655683	2485	1
S1012701	64	Port Input	14	655683	2485	1
S1012701	64	Port Input	15	655683	2485	1
S1012701	64	Port Input	14	655683	2485	1
S1012701	64	Port Input	15	655683	2485	1
S1012701	64	Port Input	14	655683	2485	1
S1012701	64	Port Input	15	655683	2485	1
S1012701	64	Port Input	14	655683	2485	1
S1012701	64	Port Input	15	655683	2485	1
S1012701	64	Port Input	14	655683	2485	1
S1012701	64	Port Input	15	655684	2486	1
S1012701	64	Port Input	14	655684	2486	1
S1012701	64	Port Input	15	655684	2486	1
S1012701	64	Port Input	14	655684	2486	1
S1012701	64	Port Input	15	655684	2486	1
S1012701	64	Port Input	14	655684	2486	1
S1012701	64	Port Input	15	655684	2486	1
S1012701	64	Port Input	14	655684	2486	1
S1012701	64	Port Input	15	655684	2486	1
S1012701	64	Port Input	14	663342	10144	1
S1012701	64	Response	222	663342	10144	1
S1012701	65	Sound	20	663342	0	5			0		hit	868
S1012701	65	Port Input	15	665601	2258	1
S1012701	65	Port Input	14	665601	2258	1
S1012701	65	Port Input	15	665601	2258	1
S1012701	65	Port Input	14	665601	2259	1
S1012701	65	Port Input	15	665601	2259	1
S1012701	65	Port Input	14	665601	2259	1
S1012701	65	Port Input	15	665601	2259	1
S1012701	65	Port Input	14	665601	2259	1
S1012701	65	Port Input	15	665602	2259	1
S1012701	65	Port Input	14	665602	2259	1
S1012701	65	Port Input	15	665602	2260	1
S1012701	65	Port Input	14	665602	2260	1
S1012701	65	Port Input	15	665602	2260	1
S1012701	65	Port Input	14	665602	2260	1
S1012701	65	Port Input	15	665602	2260	1
S1012701	65	Port Input	14	665603	2260	1
S1012701	65	Port Input	15	665603	2260	1
S1012701	65	Port Input	14	665603	2260	1
S1012701	65	Port Input	15	665603	2261	1
S1012701	65	Port Input	14	665603	2261	1
S1012701	65	Port Input	15	665603	2261	1
S1012701	65	Port Input	14	673439	10096	1
S1012701	65	Response	222	673439	10096	1
S1012701	65	Port Input	15	673439	10097	1
S1012701	65	Port Input	14	673440	10097	5
S1012701	66	Sound	20	673440	0	4			0		hit	882
S1012701	66	Port Input	15	675604	2164	1
S1012701	66	Port Input	14	675604	2164	1
S1012701	66	Port Input	15	675604	2164	1
S1012701	66	Port Input	14	675604	2164	1
S1012701	66	Port Input	15	675605	2165	1
S1012701	66	Port Input	14	675605	2165	1
S1012701	66	Port Input	15	675605	2166	1
S1012701	66	Port Input	14	675605	2166	1
S1012701	66	Port Input	15	675605	2166	1
S1012701	66	Port Input	14	684310	10870	1
S1012701	66	Response	222	684310	10870	1
S1012701	66	Port Input	15	684310	10870	1
S1012701	66	Port Input	14	684310	10871	1
S1012701	67	Sound	20	684311	0	5			0		hit	908
S1012701	67	Port Input	15	686577	2266	1
S1012701	67	Port Input	14	686577	2266	1
S1012701	67	Port Input	15	686578	2267	1
S1012701	67	Port Input	14	686578	2267	1
S1012701	67	Port Input	15	686578	2267	1
S1012701	67	Port Input	14	686578	2267	1
S1012701	67	Port Input	15	686579	2268	1
S1012701	67	Port Input	14	686579	2268	1
S1012701	67	Port Input	15	686581	2270	1
S1012701	67	Port Input	14	686581	2270	1
S1012701	67	Port Input	15	686581	2270	1
S1012701	67	Port Input	14	686581	2270	1
S1012701	67	Port Input	15	686581	2270	1
S1012701	67	Port Input	14	686581	2270	1
S1012701	67	Port Input	15	686581	2270	1
S1012701	67	Port Input	14	686581	2270	1
S1012701	67	Port Input	15	686581	2270	1
S1012701	67	Port Input	14	686581	2271	1
S1012701	67	Port Input	15	686581	2271	1
S1012701	67	Port Input	14	686582	2271	1
S1012701	67	Port Input	15	686582	2271	1
S1012701	67	Port Input	14	694631	10321	1
S1012701	67	Response	222	694631	10321	1
S1012701	67	Port Input	15	694631	10321	1
S1012701	67	Port Input	14	694632	10321	5
S1012701	68	Sound	20	694632	0	4			0		hit	944
S1012701	68	Port Input	15	696615	1983	1
S1012701	68	Port Input	14	696615	1983	1
S1012701	68	Port Input	15	696615	1983	1
S1012701	68	Port Input	14	696615	1983	1
S1012701	68	Port Input	15	696615	1983	1
S1012701	68	Port Input	14	696615	1983	1
S1012701	68	Port Input	15	696615	1983	1
S1012701	68	Port Input	14	696615	1983	1
S1012701	68	Port Input	15	696615	1983	1
S1012701	68	Port Input	14	696616	1983	1
S1012701	68	Port Input	15	696616	1984	1
S1012701	68	Port Input	14	696616	1984	1
S1012701	68	Port Input	15	696617	1985	1
S1012701	68	Port Input	14	696617	1985	1
S1012701	68	Port Input	15	696617	1985	1
S1012701	68	Port Input	14	696617	1985	1
S1012701	68	Port Input	15	696617	1985	1
S1012701	68	Port Input	14	696617	1985	1
S1012701	68	Port Input	15	696617	1985	1
S1012701	68	Port Input	14	696617	1985	1
S1012701	68	Port Input	15	696618	1986	1
S1012701	68	Port Input	14	696618	1986	1
S1012701	68	Port Input	15	696618	1986	1
S1012701	68	Port Input	14	696618	1986	1
S1012701	68	Port Input	15	696618	1986	1
S1012701	68	Port Input	14	696618	1986	1
S1012701	68	Port Input	15	696619	1986	1
S1012701	68	Port Input	14	696619	1987	1
S1012701	68	Port Input	15	696619	1987	1
S1012701	68	Port Input	14	696619	1987	1
S1012701	68	Port Input	15	696619	1987	1
S1012701	68	Port Input	14	704778	10146	1
S1012701	68	Response	222	704778	10146	1
S1012701	69	Sound	20	704779	0	4			0		hit	952
S1012701	69	Port Input	15	706950	2170	1
S1012701	69	Port Input	14	706950	2170	1
S1012701	69	Port Input	15	706951	2171	1
S1012701	69	Port Input	14	706951	2172	1
S1012701	69	Port Input	15	706951	2172	1
S1012701	69	Port Input	14	715436	10657	1
S1012701	69	Response	222	715436	10657	1
S1012701	70	Sound	20	715437	0	4			0		hit	968
S1012701	70	Port Input	15	717452	2016	1
S1012701	70	Port Input	14	717452	2016	1
S1012701	70	Port Input	15	717453	2016	1
S1012701	70	Port Input	14	717453	2016	1
S1012701	70	Port Input	15	717453	2016	1
S1012701	70	Port Input	14	717453	2016	1
S1012701	70	Port Input	15	717453	2016	1
S1012701	70	Port Input	14	717453	2016	1
S1012701	70	Port Input	15	717453	2017	1
S1012701	70	Port Input	14	717453	2017	1
S1012701	70	Port Input	15	717454	2017	1
S1012701	70	Port Input	14	717454	2017	1
S1012701	70	Port Input	15	717454	2018	1
S1012701	70	Port Input	14	725846	10410	1
S1012701	70	Response	222	725846	10410	1
S1012701	70	Port Input	15	725846	10410	1
S1012701	70	Port Input	14	725847	10410	1
S1012701	71	Sound	20	725847	0	4			0		hit	994
S1012701	71	Port Input	15	727934	2087	1
S1012701	71	Port Input	14	727934	2087	1
S1012701	71	Port Input	15	727934	2087	1
S1012701	71	Port Input	14	727934	2087	1
S1012701	71	Port Input	15	727934	2087	1
S1012701	71	Port Input	14	727934	2087	1
S1012701	71	Port Input	15	727934	2087	1
S1012701	71	Port Input	14	727934	2087	1
S1012701	71	Port Input	15	727934	2087	1
S1012701	71	Port Input	14	727934	2087	1
S1012701	71	Port Input	15	727934	2087	1
S1012701	71	Port Input	14	727935	2087	1
S1012701	71	Port Input	15	727935	2088	1
S1012701	71	Port Input	14	727935	2088	1
S1012701	71	Port Input	15	727935	2088	1
S1012701	71	Port Input	14	727935	2088	1
S1012701	71	Port Input	15	727935	2088	1
S1012701	71	Port Input	14	727935	2088	1
S1012701	71	Port Input	15	727935	2088	1
S1012701	71	Port Input	14	727936	2089	1
S1012701	71	Port Input	15	727937	2090	1
S1012701	71	Port Input	14	736355	10508	1
S1012701	71	Response	222	736355	10508	1
S1012701	72	Sound	20	736356	0	4			0		hit	1016
S1012701	72	Port Input	15	738814	2458	1
S1012701	72	Port Input	14	738814	2458	1
S1012701	72	Port Input	15	738815	2459	1
S1012701	72	Port Input	14	738815	2459	1
S1012701	72	Port Input	15	738816	2460	1
S1012701	72	Port Input	14	738816	2460	1
S1012701	72	Port Input	15	738816	2460	1
S1012701	72	Port Input	14	738816	2460	1
S1012701	72	Port Input	15	738816	2460	1
S1012701	72	Port Input	14	738816	2460	1
S1012701	72	Port Input	15	738816	2460	1
S1012701	72	Port Input	14	738816	2460	1
S1012701	72	Port Input	15	738817	2461	1
S1012701	72	Port Input	14	738817	2461	1
S1012701	72	Port Input	15	738817	2461	1
S1012701	72	Port Input	14	738817	2461	1
S1012701	72	Port Input	15	738818	2462	1
S1012701	72	Port Input	14	738818	2462	1
S1012701	72	Port Input	15	738818	2462	1
S1012701	72	Port Input	14	747032	10676	1
S1012701	72	Response	222	747032	10676	1
S1012701	73	Sound	20	747033	0	4			0		hit	1048
S1012701	73	Port Input	15	749019	1987	1
S1012701	73	Port Input	14	749020	1987	1
S1012701	73	Port Input	15	749021	1989	1
S1012701	73	Port Input	14	749022	1989	1
S1012701	73	Port Input	15	749022	1989	1
S1012701	73	Port Input	14	749022	1989	1
S1012701	73	Port Input	15	749022	1989	1
S1012701	73	Port Input	14	749022	1989	1
S1012701	73	Port Input	15	749022	1989	1
S1012701	73	Port Input	14	749022	1990	1
S1012701	73	Port Input	15	749022	1990	1
S1012701	73	Port Input	14	749022	1990	1
S1012701	73	Port Input	15	749023	1990	1
S1012701	73	Port Input	14	749023	1990	1
S1012701	73	Port Input	15	749023	1990	1
S1012701	73	Port Input	14	749023	1991	1
S1012701	73	Port Input	15	749023	1991	1
S1012701	73	Port Input	14	749028	1995	1
S1012701	73	Port Input	15	749028	1995	1
S1012701	73	Port Input	14	749028	1995	1
S1012701	73	Port Input	15	749028	1996	1
S1012701	73	Port Input	14	749028	1996	1
S1012701	73	Port Input	15	749029	1996	1
S1012701	73	Port Input	14	749029	1996	1
S1012701	73	Port Input	15	749029	1996	1
S1012701	73	Port Input	14	749029	1996	1
S1012701	73	Port Input	15	749030	1997	1
S1012701	73	Port Input	14	749030	1997	1
S1012701	73	Port Input	15	749030	1997	1
S1012701	73	Port Input	14	756740	9708	1
S1012701	73	Response	222	756740	9708	1
S1012701	73	Port Input	15	756741	9708	1
S1012701	73	Port Input	14	756741	9708	1
S1012701	74	Sound	20	756741	0	5			0		hit	1066
S1012701	74	Port Input	15	758992	2251	1
S1012701	74	Port Input	14	758992	2251	1
S1012701	74	Port Input	15	758993	2252	1
S1012701	74	Port Input	14	758993	2252	1
S1012701	74	Port Input	15	758993	2252	1
S1012701	74	Port Input	14	758993	2252	1
S1012701	74	Port Input	15	758993	2252	1
S1012701	74	Port Input	14	758993	2252	1
S1012701	74	Port Input	15	758994	2252	1
S1012701	74	Port Input	14	758994	2252	1
S1012701	74	Port Input	15	758994	2252	1
S1012701	74	Port Input	14	758994	2252	1
S1012701	74	Port Input	15	758994	2253	1
S1012701	74	Port Input	14	766914	10173	1
S1012701	74	Response	222	766914	10173	1
S1012701	74	Port Input	15	766914	10173	1
S1012701	74	Port Input	14	766914	10173	4
S1012701	75	Sound	20	766915	0	4			0		hit	1080
S1012701	75	Port Input	15	769183	2268	1
S1012701	75	Port Input	14	769183	2268	1
S1012701	75	Port Input	15	769183	2269	1
S1012701	75	Port Input	14	769184	2269	1
S1012701	75	Port Input	15	769184	2269	1
S1012701	75	Port Input	14	769184	2269	1
S1012701	75	Port Input	15	769185	2270	1
S1012701	75	Port Input	14	769185	2270	1
S1012701	75	Port Input	15	769185	2270	1
S1012701	75	Port Input	14	777202	10287	1
S1012701	75	Response	222	777202	10287	1
S1012701	76	Sound	20	777202	0	4			0		hit	1090
S1012701	76	Port Input	15	779569	2367	1
S1012701	76	Port Input	14	779569	2367	1
S1012701	76	Port Input	15	779569	2367	1
S1012701	76	Port Input	14	779569	2367	1
S1012701	76	Port Input	15	779569	2367	1
S1012701	76	Port Input	14	779569	2367	1
S1012701	76	Port Input	15	779570	2367	1
S1012701	76	Port Input	14	786953	9750	1
S1012701	76	Response	222	786953	9750	1
S1012701	76	Port Input	15	786953	9750	1
S1012701	76	Port Input	14	786953	9751	1
S1012701	77	Sound	20	786953	0	4			0		hit	1144
S1012701	77	Port Input	15	789398	2444	1
S1012701	77	Port Input	14	789398	2444	1
S1012701	77	Port Input	15	789398	2445	1
S1012701	77	Port Input	14	789398	2445	1
S1012701	77	Port Input	15	789399	2445	1
S1012701	77	Port Input	14	789399	2445	1
S1012701	77	Port Input	15	789399	2445	1
S1012701	77	Port Input	14	789399	2445	1
S1012701	77	Port Input	15	789400	2446	1
S1012701	77	Port Input	14	789400	2446	1
S1012701	77	Port Input	15	789400	2446	1
S1012701	77	Port Input	14	789400	2446	1
S1012701	77	Port Input	15	789401	2448	1
S1012701	77	Port Input	14	789401	2448	1
S1012701	77	Port Input	15	789401	2448	1
S1012701	77	Port Input	14	789401	2448	1
S1012701	77	Port Input	15	789402	2448	1
S1012701	77	Port Input	14	789402	2448	1
S1012701	77	Port Input	15	789402	2448	1
S1012701	77	Port Input	14	789402	2449	1
S1012701	77	Port Input	15	789402	2449	1
S1012701	77	Port Input	14	789402	2449	1
S1012701	77	Port Input	15	789402	2449	1
S1012701	77	Port Input	14	789402	2449	1
S1012701	77	Port Input	15	789403	2449	1
S1012701	77	Port Input	14	789403	2449	1
S1012701	77	Port Input	15	789403	2450	1
S1012701	77	Port Input	14	789403	2450	1
S1012701	77	Port Input	15	789403	2450	1
S1012701	77	Port Input	14	789403	2450	1
S1012701	77	Port Input	15	789404	2450	1
S1012701	77	Port Input	14	789404	2450	1
S1012701	77	Port Input	15	789405	2451	1
S1012701	77	Port Input	14	789405	2451	1
S1012701	77	Port Input	15	789405	2451	1
S1012701	77	Port Input	14	789405	2451	1
S1012701	77	Port Input	15	789405	2451	1
S1012701	77	Port Input	14	789405	2451	1
S1012701	77	Port Input	15	789405	2451	1
S1012701	77	Port Input	14	789405	2451	1
S1012701	77	Port Input	15	789405	2451	1
S1012701	77	Port Input	14	789405	2452	1
S1012701	77	Port Input	15	789405	2452	1
S1012701	77	Port Input	14	789405	2452	1
S1012701	77	Port Input	15	789406	2452	1
S1012701	77	Port Input	14	789406	2452	1
S1012701	77	Port Input	15	789406	2452	1
S1012701	77	Port Input	14	789406	2452	1
S1012701	77	Port Input	15	789406	2453	1
S1012701	77	Port Input	14	797332	10379	1
S1012701	77	Response	222	797332	10379	1
S1012701	78	Sound	20	797333	0	4			0		hit	1148
S1012701	78	Port Input	15	799715	2382	1
S1012701	78	Port Input	14	807295	9961	1
S1012701	78	Response	222	807295	9961	1
S1012701	78	Port Input	15	807295	9962	1
S1012701	78	Port Input	14	807295	9962	1
S1012701	79	Sound	20	807295	0	4			0		hit	1158
S1012701	79	Port Input	15	809769	2474	1
S1012701	79	Port Input	14	809769	2474	1
S1012701	79	Port Input	15	809769	2474	1
S1012701	79	Port Input	14	809770	2474	1
S1012701	79	Port Input	15	809770	2474	1
S1012701	79	Port Input	14	817782	10487	1
S1012701	79	Response	222	817782	10487	1
S1012701	79	Port Input	15	817783	10487	1
S1012701	79	Port Input	14	817783	10488	5
S1012701	80	Sound	20	817783	0	4			0		hit	1168
S1012701	80	Port Input	15	820423	2640	1
S1012701	80	Port Input	14	820423	2640	1
S1012701	80	Port Input	15	820423	2640	1
S1012701	80	Port Input	14	820423	2640	1
S1012701	80	Port Input	15	820424	2641	1
S1012701	80	Port Input	14	828044	10261	1
S1012701	80	Response	222	828044	10261	1
S1012701	80	Port Input	15	828044	10261	1
S1012701	80	Port Input	14	828044	10261	1
S1012701	81	Sound	20	828045	0	5			0		hit	1182
S1012701	81	Port Input	15	830590	2545	1
S1012701	81	Port Input	14	830590	2545	1
S1012701	81	Port Input	15	830590	2545	1
S1012701	81	Port Input	14	830594	2549	1
S1012701	81	Port Input	15	830594	2549	1
S1012701	81	Port Input	14	830594	2550	1
S1012701	81	Port Input	15	830595	2550	1
S1012701	81	Port Input	14	830595	2551	1
S1012701	81	Port Input	15	830596	2551	1
S1012701	81	Port Input	14	838119	10074	1
S1012701	81	Response	222	838119	10074	1
S1012701	81	Port Input	15	838119	10074	1
S1012701	81	Port Input	14	838119	10075	5
S1012701	82	Sound	20	838120	0	5			0		hit	1188
S1012701	82	Port Input	15	840275	2156	1
S1012701	82	Port Input	14	847743	9623	1
S1012701	82	Response	222	847743	9623	1
S1012701	82	Port Input	15	847743	9624	1
S1012701	82	Port Input	14	847743	9624	5
S1012701	83	Sound	20	847743	0	4			0		hit	1238
S1012701	83	Port Input	15	849987	2243	1
S1012701	83	Port Input	14	849987	2243	1
S1012701	83	Port Input	15	849987	2243	1
S1012701	83	Port Input	14	849987	2243	1
S1012701	83	Port Input	15	849987	2243	1
S1012701	83	Port Input	14	849987	2243	1
S1012701	83	Port Input	15	849987	2243	1
S1012701	83	Port Input	14	849987	2244	1
S1012701	83	Port Input	15	849987	2244	1
S1012701	83	Port Input	14	849987	2244	1
S1012701	83	Port Input	15	849987	2244	1
S1012701	83	Port Input	14	849987	2244	1
S1012701	83	Port Input	15	849987	2244	1
S1012701	83	Port Input	14	849987	2244	1
S1012701	83	Port Input	15	849988	2245	1
S1012701	83	Port Input	14	849988	2245	1
S1012701	83	Port Input	15	849989	2245	1
S1012701	83	Port Input	14	849989	2245	1
S1012701	83	Port Input	15	849990	2246	1
S1012701	83	Port Input	14	849990	2246	1
S1012701	83	Port Input	15	849990	2247	1
S1012701	83	Port Input	14	849990	2247	1
S1012701	83	Port Input	15	849991	2248	1
S1012701	83	Port Input	14	849991	2248	1
S1012701	83	Port Input	15	849997	2253	1
S1012701	83	Port Input	14	849997	2253	1
S1012701	83	Port Input	15	849997	2254	1
S1012701	83	Port Input	14	849997	2254	1
S1012701	83	Port Input	15	849997	2254	1
S1012701	83	Port Input	14	849997	2254	1
S1012701	83	Port Input	15	849998	2254	1
S1012701	83	Port Input	14	849998	2254	1
S1012701	83	Port Input	15	849998	2254	1
S1012701	83	Port Input	14	849998	2254	1
S1012701	83	Port Input	15	849998	2255	1
S1012701	83	Port Input	14	849998	2255	1
S1012701	83	Port Input	15	849998	2255	1
S1012701	83	Port Input	14	849998	2255	1
S1012701	83	Port Input	15	849999	2255	1
S1012701	83	Port Input	14	849999	2255	1
S1012701	83	Port Input	15	849999	2255	1
S1012701	83	Port Input	14	849999	2255	1
S1012701	83	Port Input	15	849999	2256	1
S1012701	83	Port Input	14	850000	2256	1
S1012701	83	Port Input	15	850000	2256	1
S1012701	83	Port Input	14	857629	9886	1
S1012701	83	Response	222	857629	9886	1
S1012701	83	Port Input	15	857630	9886	1
S1012701	83	Port Input	14	857630	9886	1
S1012701	84	Sound	20	857630	0	4			0		hit	1246
S1012701	84	Port Input	15	859881	2251	1
S1012701	84	Port Input	14	859881	2251	1
S1012701	84	Port Input	15	859881	2251	1
S1012701	84	Port Input	14	868388	10757	1
S1012701	84	Response	222	868388	10757	1
S1012701	84	Port Input	15	868388	10758	1
S1012701	84	Port Input	14	868388	10758	1
S1012701	85	Sound	20	868388	0	4			0		hit	1260
S1012701	85	Port Input	15	870517	2129	1
S1012701	85	Port Input	14	870517	2129	1
S1012701	85	Port Input	15	870518	2130	1
S1012701	85	Port Input	14	870518	2130	1
S1012701	85	Port Input	15	870519	2130	1
S1012701	85	Port Input	14	870519	2130	1
S1012701	85	Port Input	15	870519	2131	1
S1012701	85	Port Input	14	870519	2131	1
S1012701	85	Port Input	15	870519	2131	1
S1012701	85	Port Input	14	878487	10099	1
S1012701	85	Response	222	878487	10099	1
S1012701	85	Port Input	15	878487	10099	1
S1012701	85	Port Input	14	878488	10099	4
S1012701	86	Sound	20	878488	0	4			0		hit	1276
S1012701	86	Port Input	15	880534	2046	1
S1012701	86	Port Input	14	880534	2046	1
S1012701	86	Port Input	15	880534	2046	1
S1012701	86	Port Input	14	880534	2046	1
S1012701	86	Port Input	15	880534	2047	1
S1012701	86	Port Input	14	880534	2047	1
S1012701	86	Port Input	15	880537	2049	1
S1012701	86	Port Input	14	880537	2049	1
S1012701	86	Port Input	15	880537	2050	1
S1012701	86	Port Input	14	880537	2050	1
S1012701	86	Port Input	15	880537	2050	1
S1012701	86	Port Input	14	888579	10091	1
S1012701	86	Response	222	888579	10091	1
S1012701	87	Sound	20	888579	0	4			0		hit	1280
S1012701	87	Port Input	15	890623	2044	1
S1012701	87	Port Input	14	898497	9917	1
S1012701	87	Response	222	898497	9917	1
S1012701	88	Sound	20	898498	0	4			0		hit	1284
S1012701	88	Port Input	15	900586	2088	1
S1012701	88	Port Input	14	908516	10018	1
S1012701	88	Response	222	908516	10018	1
S1012701	89	Sound	20	908517	0	4			0		hit	1290
S1012701	89	Port Input	15	910504	1987	1
S1012701	89	Port Input	14	910504	1987	1
S1012701	89	Port Input	15	910504	1987	1
S1012701	89	Port Input	14	918507	9990	1
S1012701	89	Response	222	918507	9990	1
S1012701	89	Port Input	15	918507	9991	1
S1012701	89	Port Input	14	918507	9991	5
S1012701	90	Sound	20	918507	0	4			0		hit	1324
S1012701	90	Port Input	15	920522	2015	1
S1012701	90	Port Input	14	920522	2015	1
S1012701	90	Port Input	15	920523	2015	1
S1012701	90	Port Input	14	920523	2015	1
S1012701	90	Port Input	15	920523	2015	1
S1012701	90	Port Input	14	920523	2015	1
S1012701	90	Port Input	15	920523	2016	1
S1012701	90	Port Input	14	920523	2016	1
S1012701	90	Port Input	15	920523	2016	1
S1012701	90	Port Input	14	920523	2016	1
S1012701	90	Port Input	15	920523	2016	1
S1012701	90	Port Input	14	920524	2016	1
S1012701	90	Port Input	15	920524	2016	1
S1012701	90	Port Input	14	920524	2016	1
S1012701	90	Port Input	15	920524	2016	1
S1012701	90	Port Input	14	920524	2016	1
S1012701	90	Port Input	15	920524	2017	1
S1012701	90	Port Input	14	920524	2017	1
S1012701	90	Port Input	15	920525	2017	1
S1012701	90	Port Input	14	920525	2017	1
S1012701	90	Port Input	15	920525	2018	1
S1012701	90	Port Input	14	920525	2018	1
S1012701	90	Port Input	15	920526	2018	1
S1012701	90	Port Input	14	920526	2018	1
S1012701	90	Port Input	15	920526	2018	1
S1012701	90	Port Input	14	920526	2018	1
S1012701	90	Port Input	15	920526	2018	1
S1012701	90	Port Input	14	920526	2018	1
S1012701	90	Port Input	15	920526	2019	1
S1012701	90	Port Input	14	928473	9965	1
S1012701	90	Response	222	928473	9965	1
S1012701	91	Sound	20	928473	0	4			0		hit	1342
S1012701	91	Port Input	15	930487	2014	1
S1012701	91	Port Input	14	930487	2014	1
S1012701	91	Port Input	15	930487	2014	1
S1012701	91	Port Input	14	930487	2014	1
S1012701	91	Port Input	15	930488	2015	1
S1012701	91	Port Input	14	930488	2015	1
S1012701	91	Port Input	15	930489	2015	1
S1012701	91	Port Input	14	930489	2015	1
S1012701	91	Port Input	15	930489	2016	1
S1012701	91	Port Input	14	930489	2016	1
S1012701	91	Port Input	15	930490	2016	1
S1012701	91	Port Input	14	930495	2022	1
S1012701	91	Port Input	15	930496	2023	1
S1012701	91	Port Input	14	930497	2023	1
S1012701	91	Port Input	15	930497	2023	1
S1012701	91	Port Input	14	938340	9867	1
S1012701	91	Response	222	938340	9867	1
S1012701	91	Port Input	15	938341	9867	1
S1012701	91	Port Input	14	938341	9868	4
S1012701	92	Sound	20	938342	0	4			0		hit	1356
S1012701	92	Port Input	15	940458	2116	1
S1012701	92	Port Input	14	940458	2116	1
S1012701	92	Port Input	15	940460	2118	1
S1012701	92	Port Input	14	940460	2118	1
S1012701	92	Port Input	15	940460	2119	1
S1012701	92	Port Input	14	940460	2119	1
S1012701	92	Port Input	15	940462	2121	1
S1012701	92	Port Input	14	940462	2121	1
S1012701	92	Port Input	15	940463	2121	1
S1012701	92	Port Input	14	948801	10459	1
S1012701	92	Response	222	948801	10459	1
S1012701	92	Port Input	15	948801	10459	1
S1012701	92	Port Input	14	948801	10460	1
S1012701	93	Sound	20	948802	0	4			0		hit	1368
S1012701	93	Port Input	15	950867	2065	1
S1012701	93	Port Input	14	950867	2065	1
S1012701	93	Port Input	15	950867	2066	1
S1012701	93	Port Input	14	950867	2066	1
S1012701	93	Port Input	15	950868	2066	1
S1012701	93	Port Input	14	950868	2066	1
S1012701	93	Port Input	15	950868	2066	1
S1012701	93	Port Input	14	958343	9541	1
S1012701	93	Response	222	958343	9541	1
S1012701	93	Port Input	15	958343	9541	1
S1012701	93	Port Input	14	958343	9542	1
S1012701	93	Port Input	15	958343	9542	1
S1012701	93	Port Input	14	958344	9542	5
S1012701	94	Sound	20	958344	0	4			0		hit	1396
S1012701	94	Port Input	15	960430	2086	1
S1012701	94	Port Input	14	960430	2086	1
S1012701	94	Port Input	15	960430	2086	1
S1012701	94	Port Input	14	960430	2086	1
S1012701	94	Port Input	15	960430	2086	1
S1012701	94	Port Input	14	960430	2086	1
S1012701	94	Port Input	15	960430	2086	1
S1012701	94	Port Input	14	960430	2087	1
S1012701	94	Port Input	15	960431	2087	1
S1012701	94	Port Input	14	960431	2087	1
S1012701	94	Port Input	15	960431	2087	1
S1012701	94	Port Input	14	960431	2087	1
S1012701	94	Port Input	15	960431	2088	1
S1012701	94	Port Input	14	960431	2088	1
S1012701	94	Port Input	15	960432	2088	1
S1012701	94	Port Input	14	960432	2088	1
S1012701	94	Port Input	15	960432	2088	1
S1012701	94	Port Input	14	960432	2088	1
S1012701	94	Port Input	15	960432	2088	1
S1012701	94	Port Input	14	960432	2088	1
S1012701	94	Port Input	15	960432	2088	1
S1012701	94	Port Input	14	968830	10487	1
S1012701	94	Response	222	968830	10487	1
S1012701	94	Port Input	15	968831	10487	1
S1012701	94	Port Input	14	968831	10487	1
S1012701	95	Sound	20	968831	0	4			0		hit	1402
S1012701	95	Port Input	15	971004	2173	1
S1012701	95	Port Input	14	978976	10145	1
S1012701	95	Response	222	978976	10145	1
S1012701	95	Port Input	15	978977	10146	1
S1012701	96	Sound	20	978977	0	4			0		hit	1420
S1012701	96	Port Input	14	978981	4	1
S1012701	96	Port Input	15	978981	4	1
S1012701	96	Port Input	14	978981	4	1
S1012701	96	Port Input	15	978981	4	1
S1012701	96	Port Input	14	978981	4	1
S1012701	96	Port Input	15	978982	4	1
S1012701	96	Port Input	14	978982	4	1
S1012701	96	Port Input	15	981304	2327	1
S1012701	96	Port Input	14	981304	2327	1
S1012701	96	Port Input	15	981305	2328	1
S1012701	96	Port Input	14	981305	2328	1
S1012701	96	Port Input	15	981305	2328	1
S1012701	96	Port Input	14	981305	2328	1
S1012701	96	Port Input	15	981305	2328	1
S1012701	96	Port Input	14	989083	10106	1
S1012701	96	Response	222	989083	10106	1
S1012701	96	Port Input	15	989083	10106	1
S1012701	96	Port Input	14	989084	10106	1
S1012701	96	Port Input	15	989084	10106	1
S1012701	96	Port Input	14	989084	10107	4
S1012701	97	Sound	20	989084	0	4			0		hit	1448
S1012701	97	Port Input	15	991224	2140	1
S1012701	97	Port Input	14	991224	2140	1
S1012701	97	Port Input	15	991226	2142	1
S1012701	97	Port Input	14	991226	2142	1
S1012701	97	Port Input	15	991228	2144	1
S1012701	97	Port Input	14	991228	2144	1
S1012701	97	Port Input	15	991229	2145	1
S1012701	97	Port Input	14	991229	2145	1
S1012701	97	Port Input	15	991229	2145	1
S1012701	97	Port Input	14	991229	2145	1
S1012701	97	Port Input	15	991229	2145	1
S1012701	97	Port Input	14	991229	2145	1
S1012701	97	Port Input	15	991230	2145	1
S1012701	97	Port Input	14	991230	2145	1
S1012701	97	Port Input	15	991230	2146	1
S1012701	97	Port Input	14	991230	2146	1
S1012701	97	Port Input	15	991230	2146	1
S1012701	97	Port Input	14	991231	2146	1
S1012701	97	Port Input	15	991231	2147	1
S1012701	97	Port Input	14	991231	2147	1
S1012701	97	Port Input	15	991231	2147	1
S1012701	97	Port Input	14	998317	9233	1
S1012701	97	Response	222	998317	9233	1
S1012701	98	Sound	20	998318	0	5			0		hit	1458
S1012701	98	Port Input	15	1000595	2277	1
S1012701	98	Port Input	14	1000595	2277	1
S1012701	98	Port Input	15	1000595	2277	1
S1012701	98	Port Input	14	1000595	2277	1
S1012701	98	Port Input	15	1000595	2278	1
S1012701	98	Port Input	14	1000595	2278	1
S1012701	98	Port Input	15	1000597	2279	1
S1012701	98	Port Input	14	1008691	10373	1
S1012701	98	Response	222	1008691	10373	1
S1012701	99	Sound	20	1008692	0	4			0		hit	1464
S1012701	99	Port Input	15	1010961	2269	1
S1012701	99	Port Input	14	1010961	2269	1
S1012701	99	Port Input	15	1010961	2269	1
S1012701	99	Port Input	14	1018684	9992	1
S1012701	99	Response	222	1018684	9992	1
S1012701	100	Sound	20	1018685	0	4			0		hit	1472
S1012701	100	Port Input	15	1020788	2103	1
S1012701	100	Port Input	14	1020788	2103	1
S1012701	100	Port Input	15	1020788	2103	1
S1012701	100	Port Input	14	1020788	2103	1
S1012701	100	Port Input	15	1020788	2103	1
S1012701	100	Port Input	14	1028355	9670	1
S1012701	100	Response	222	1028355	9670	1
S1012701	101	Sound	20	1028356	0	4			0		hit	1494
S1012701	101	Port Input	15	1030577	2221	1
S1012701	101	Port Input	14	1030577	2221	1
S1012701	101	Port Input	15	1030577	2221	1
S1012701	101	Port Input	14	1030577	2221	1
S1012701	101	Port Input	15	1030579	2223	1
S1012701	101	Port Input	14	1030579	2223	1
S1012701	101	Port Input	15	1030580	2224	1
S1012701	101	Port Input	14	1030580	2224	1
S1012701	101	Port Input	15	1030580	2224	1
S1012701	101	Port Input	14	1030580	2224	1
S1012701	101	Port Input	15	1030580	2224	1
S1012701	101	Port Input	14	1030580	2224	1
S1012701	101	Port Input	15	1030581	2225	1
S1012701	101	Port Input	14	1030581	2225	1
S1012701	101	Port Input	15	1030581	2225	1
S1012701	101	Port Input	14	1030581	2225	1
S1012701	101	Port Input	15	1030581	2225	1
S1012701	101	Port Input	14	1030581	2225	1
S1012701	101	Port Input	15	1030581	2225	1
S1012701	101	Port Input	14	1038655	10299	1
S1012701	101	Response	222	1038655	10299	1
S1012701	101	Port Input	15	1038655	10299	1
S1012701	101	Port Input	14	1038655	10299	5
S1012701	102	Sound	20	1038655	0	4			0		other	0
S1012701	102	Port Input	15	1040663	2008	1
S1012701	103	Port Input	14	1048705	49	1
S1012701	103	Response	20	1048705	49	1
S1012701	103	Port Input	15	1048705	49	1
S1012701	103	Port Input	14	1048705	49	1
S1012701	103	Port Input	15	1048705	49	1
S1012701	103	Port Input	14	1048705	50	1
S1012701	103	Port Input	15	1048705	50	1
S1012701	103	Port Input	14	1048705	50	1
S1012701	103	Port Input	15	1051018	2362	1
S1012701	103	Port Input	14	1051018	2362	1
S1012701	103	Port Input	15	1051018	2363	1
S1012701	103	Port Input	14	1051018	2363	1
S1012701	103	Port Input	15	1051018	2363	1
S1012701	103	Port Input	14	1051019	2363	1
S1012701	103	Port Input	15	1051019	2363	1
S1012701	103	Port Input	14	1051019	2363	1
S1012701	103	Port Input	15	1051019	2363	1
S1012701	103	Port Input	14	1051019	2363	1
S1012701	103	Port Input	15	1051019	2364	1
S1012701	103	Port Input	14	1051019	2364	1
S1012701	103	Port Input	15	1051019	2364	1
S1012701	103	Port Input	14	1051019	2364	1
S1012701	103	Port Input	15	1051020	2364	1
S1012701	103	Port Input	14	1051020	2364	1
S1012701	103	Port Input	15	1051020	2364	1
S1012701	103	Port Input	14	1051020	2364	1
S1012701	103	Port Input	15	1051020	2364	1
S1012701	103	Port Input	14	1051020	2365	1
S1012701	103	Port Input	15	1051020	2365	1
S1012701	103	Port Input	14	1051021	2365	1
S1012701	103	Port Input	15	1051021	2365	1
S1012701	103	Port Input	14	1051021	2365	1
S1012701	103	Port Input	15	1051021	2365	1
S1012701	103	Port Input	14	1051021	2365	1
S1012701	103	Port Input	15	1051021	2365	1
S1012701	103	Port Input	14	1051021	2365	1
S1012701	103	Port Input	15	1051021	2365	1
S1012701	103	Port Input	14	1051021	2365	1
S1012701	103	Port Input	15	1051021	2365	1
S1012701	103	Port Input	14	1051021	2365	1
S1012701	103	Port Input	15	1051021	2365	1
S1012701	103	Port Input	14	1051021	2366	1
S1012701	103	Port Input	15	1051021	2366	1
S1012701	103	Port Input	14	1051021	2366	1
S1012701	103	Port Input	15	1051021	2366	1
S1012701	103	Port Input	14	1051022	2366	1
S1012701	103	Port Input	15	1051022	2366	1
S1012701	103	Port Input	14	1051022	2366	1
S1012701	103	Port Input	15	1051022	2366	1
S1012701	103	Port Input	14	1051022	2367	1
S1012701	103	Port Input	15	1051022	2367	1
S1012701	103	Port Input	14	1051022	2367	1
S1012701	103	Port Input	15	1051022	2367	1
S1012701	103	Port Input	14	1051023	2367	1
S1012701	103	Port Input	15	1051023	2367	1
S1012701	103	Port Input	14	1051023	2367	1
S1012701	103	Port Input	15	1051023	2367	1
S1012701	103	Port Input	14	1051023	2367	1
S1012701	103	Port Input	15	1051023	2367	1
S1012701	103	Port Input	14	1051023	2367	1
S1012701	103	Port Input	15	1051023	2367	1
S1012701	103	Port Input	14	1051023	2367	1
S1012701	103	Port Input	15	1051023	2368	1
S1012701	103	Port Input	14	1051023	2368	1
S1012701	103	Port Input	15	1051023	2368	1
S1012701	103	Port Input	14	1051023	2368	1
S1012701	103	Port Input	15	1051023	2368	1
S1012701	103	Port Input	14	1051024	2368	1
S1012701	103	Port Input	15	1051024	2368	1
S1012701	103	Port Input	14	1051024	2368	1
S1012701	103	Port Input	15	1051024	2368	1
S1012701	103	Port Input	14	1051025	2369	1
S1012701	103	Port Input	15	1051025	2370	1
S1012701	103	Port Input	14	1051025	2370	1
S1012701	103	Port Input	15	1051026	2370	1
S1012701	104	Port Input	14	1059516	806	1
S1012701	104	Response	20	1059516	806	1
S1012701	104	Port Input	15	1059517	806	1
S1012701	104	Port Input	14	1059517	806	1
S1012701	104	Port Input	15	1061786	3075	1

The following output port codes were not sent because of a conflict on the port.
Port	Code	Time(ms)
1	20	103875
