Scenario - passive press generic training 1.2
Logfile written - 03/31/2022 12:12:11

Subject	Trial	Event Type	Code	Time	TTime	Uncertainty	Duration	Uncertainty	ReqTime	ReqDur	Stim Type	Pair Index

S1015381	1	Picture	83	79	0	1	5000	1	0	4950	other	0
S1015381	1	Picture	82	10078	10000	1	5000	1	9950	4950	other	0
S1015381	1	Picture	81	20078	19999	1	5000	1	19950	4950	other	0
S1015381	1	Picture	80	30078	29999	1	5000	1	29950	4950	other	0
S1015381	1	Picture	81	40077	39998	1	10000	1	39950	9950	other	0
S1015381	1	Picture	81	60076	59998	1	10000	1	59950	9950	other	0
S1015381	1	Port Input	14	64108	64029	1
S1015381	1	Response	100	64108	64029	1
S1015381	1	Port Input	15	64108	64029	1
S1015381	1	Port Input	14	64108	64029	1
S1015381	1	Port Input	15	64108	64029	1
S1015381	1	Port Input	14	64108	64029	1
S1015381	1	Port Input	15	64108	64030	1
S1015381	1	Port Input	14	64108	64030	1
S1015381	1	Port Input	15	64109	64030	1
S1015381	1	Port Input	14	64109	64030	1
S1015381	1	Port Input	15	64109	64030	1
S1015381	1	Port Input	14	64109	64030	1
S1015381	1	Port Input	15	64109	64030	1
S1015381	1	Port Input	14	64109	64030	1
S1015381	1	Port Input	15	64109	64030	1
S1015381	1	Port Input	14	64109	64030	1
S1015381	1	Port Input	15	64109	64030	1
S1015381	1	Port Input	14	64109	64030	1
S1015381	1	Port Input	15	64110	64031	1
S1015381	1	Port Input	14	64110	64031	1
S1015381	1	Port Input	15	64110	64031	1
S1015381	1	Port Input	14	64110	64031	1
S1015381	1	Port Input	15	64110	64031	1
S1015381	1	Port Input	14	64110	64031	1
S1015381	1	Port Input	15	64110	64031	1
S1015381	1	Port Input	14	64110	64031	1
S1015381	1	Port Input	15	64111	64032	1
S1015381	1	Port Input	14	64111	64032	1
S1015381	1	Port Input	15	64111	64032	1
S1015381	1	Port Input	14	64111	64032	1
S1015381	1	Port Input	15	64111	64032	1
S1015381	1	Port Input	14	64111	64032	1
S1015381	1	Port Input	15	64111	64032	1
S1015381	1	Port Input	14	64111	64032	1
S1015381	1	Port Input	15	64111	64032	1
S1015381	1	Port Input	14	64112	64033	1
S1015381	1	Port Input	15	64112	64033	1
S1015381	1	Port Input	14	64112	64033	1
S1015381	1	Port Input	15	64112	64033	1
S1015381	1	Port Input	14	64112	64033	1
S1015381	1	Port Input	15	64112	64033	1
S1015381	1	Port Input	14	64112	64033	1
S1015381	1	Port Input	15	64112	64033	1
S1015381	1	Port Input	14	64112	64034	1
S1015381	1	Port Input	15	64113	64034	1
S1015381	1	Port Input	14	64113	64034	1
S1015381	1	Port Input	15	65169	65091	1
S1015381	1	Port Input	14	65170	65091	1
S1015381	1	Port Input	15	65180	65101	1
S1015381	1	Port Input	14	65180	65101	1
S1015381	1	Port Input	15	65218	65139	1
S1015381	1	Port Input	14	65218	65139	1
S1015381	1	Port Input	15	65322	65243	1
S1015381	1	Port Input	14	65322	65243	1
S1015381	1	Port Input	15	65338	65259	1
S1015381	1	Port Input	14	65338	65259	1
S1015381	1	Port Input	15	65353	65274	1
S1015381	1	Port Input	14	65353	65274	1
S1015381	1	Port Input	15	65354	65275	1
S1015381	1	Port Input	14	65354	65275	1
S1015381	1	Port Input	15	65392	65313	1
S1015381	1	Port Input	14	65392	65313	1
S1015381	1	Port Input	15	65457	65378	1
S1015381	1	Port Input	14	65457	65378	1
S1015381	1	Port Input	15	65522	65444	1
S1015381	1	Port Input	14	65522	65444	1
S1015381	1	Port Input	15	66138	66060	1
S1015381	1	Port Input	14	66138	66060	1
S1015381	1	Port Input	15	66179	66100	1
S1015381	1	Port Input	14	66179	66100	1
S1015381	1	Port Input	15	66180	66101	1
S1015381	1	Port Input	14	66180	66101	1
S1015381	1	Port Input	15	66186	66107	1
S1015381	1	Port Input	14	66186	66107	1
S1015381	1	Port Input	15	66187	66108	1
S1015381	1	Port Input	14	66187	66108	1
S1015381	1	Port Input	15	66188	66109	1
S1015381	1	Port Input	14	66188	66109	1
S1015381	1	Port Input	15	66189	66110	1
S1015381	1	Port Input	14	66189	66110	1
S1015381	1	Port Input	15	66190	66111	1
S1015381	1	Port Input	14	66190	66111	1
S1015381	1	Port Input	15	66195	66116	1
S1015381	1	Port Input	14	66195	66116	1
S1015381	1	Port Input	15	66198	66119	1
S1015381	1	Port Input	14	66198	66119	1
S1015381	1	Port Input	15	66200	66121	1
S1015381	1	Port Input	14	66200	66121	1
S1015381	1	Port Input	15	66202	66123	1
S1015381	1	Port Input	14	66202	66123	1
S1015381	1	Port Input	15	66207	66128	1
S1015381	1	Port Input	14	66207	66128	1
S1015381	1	Port Input	15	66208	66129	1
S1015381	1	Port Input	14	66208	66129	1
S1015381	1	Port Input	15	66208	66130	1
S1015381	1	Port Input	14	66209	66130	1
S1015381	1	Port Input	15	66220	66141	1
S1015381	1	Port Input	14	66220	66141	1
S1015381	1	Port Input	15	66223	66144	1
S1015381	1	Port Input	14	66223	66144	1
S1015381	1	Port Input	15	66229	66150	1
S1015381	1	Port Input	14	66229	66150	1
S1015381	1	Port Input	15	66229	66150	1
S1015381	1	Port Input	14	66229	66151	1
S1015381	1	Port Input	15	66244	66165	1
S1015381	1	Port Input	14	66244	66165	1
S1015381	1	Port Input	15	66751	66672	1
S1015381	1	Port Input	14	66751	66672	1
S1015381	1	Port Input	15	66751	66672	1
S1015381	1	Port Input	14	66751	66672	1
S1015381	1	Port Input	15	66751	66673	1
S1015381	1	Port Input	14	66751	66673	1
S1015381	1	Port Input	15	66752	66673	1
S1015381	1	Port Input	14	66752	66673	1
S1015381	1	Port Input	15	66752	66673	1
S1015381	1	Port Input	14	66752	66673	1
S1015381	1	Port Input	15	66752	66673	1
S1015381	1	Port Input	14	66752	66673	1
S1015381	1	Port Input	15	66752	66673	1
S1015381	1	Port Input	14	66752	66673	1
S1015381	1	Port Input	15	66752	66673	1
S1015381	1	Port Input	14	66752	66673	1
S1015381	1	Port Input	15	66752	66673	1
S1015381	1	Port Input	14	66752	66673	1
S1015381	1	Port Input	15	66752	66674	1
S1015381	1	Port Input	14	66752	66674	1
S1015381	1	Port Input	15	66752	66674	1
S1015381	1	Port Input	14	66753	66674	1
S1015381	1	Port Input	15	66753	66674	1
S1015381	1	Port Input	14	66753	66674	1
S1015381	1	Port Input	15	66753	66674	1
S1015381	1	Picture	81	80076	79997	1	10000	1	79950	9950	other	0
S1015381	1	Port Input	14	82207	82128	1
S1015381	1	Response	100	82207	82128	1
S1015381	1	Port Input	15	82207	82128	1
S1015381	1	Port Input	14	82207	82128	1
S1015381	1	Port Input	15	82207	82129	1
S1015381	1	Port Input	14	82207	82129	1
S1015381	1	Port Input	15	82207	82129	1
S1015381	1	Port Input	14	82208	82129	1
S1015381	1	Port Input	15	82208	82129	1
S1015381	1	Port Input	14	82208	82129	1
S1015381	1	Port Input	15	82208	82129	1
S1015381	1	Port Input	14	82208	82129	1
S1015381	1	Port Input	15	82208	82129	1
S1015381	1	Port Input	14	82208	82129	1
S1015381	1	Port Input	15	82208	82129	1
S1015381	1	Port Input	14	82209	82130	1
S1015381	1	Port Input	15	82209	82130	1
S1015381	1	Port Input	14	82209	82130	1
S1015381	1	Port Input	15	82209	82130	1
S1015381	1	Port Input	14	82209	82130	1
S1015381	1	Port Input	15	82209	82130	1
S1015381	1	Port Input	14	82209	82130	1
S1015381	1	Port Input	15	82713	82634	1
S1015381	1	Port Input	14	82713	82634	1
S1015381	1	Port Input	15	82830	82752	1
S1015381	1	Port Input	14	82830	82752	1
S1015381	1	Port Input	15	82888	82809	1
S1015381	1	Port Input	14	82888	82809	1
S1015381	1	Port Input	15	83610	83531	1
S1015381	1	Port Input	14	83610	83531	1
S1015381	1	Port Input	15	84114	84035	1
S1015381	1	Port Input	14	84114	84035	1
S1015381	1	Port Input	15	84114	84035	1
S1015381	1	Port Input	14	84114	84035	1
S1015381	1	Port Input	15	84114	84036	1
S1015381	1	Port Input	14	84114	84036	1
S1015381	1	Port Input	15	84115	84036	1
S1015381	1	Port Input	14	84115	84036	1
S1015381	1	Port Input	15	84115	84036	1
S1015381	1	Port Input	14	84115	84036	1
S1015381	1	Port Input	15	84115	84037	1
S1015381	1	Port Input	14	84116	84037	1
S1015381	1	Port Input	15	84117	84038	1
S1015381	1	Port Input	14	84117	84038	1
S1015381	1	Port Input	15	84117	84038	1
S1015381	1	Port Input	14	84117	84038	1
S1015381	1	Port Input	15	84117	84038	1
S1015381	1	Port Input	14	84117	84039	1
S1015381	1	Port Input	15	84118	84039	1
S1015381	1	Port Input	14	84118	84039	1
S1015381	1	Port Input	15	84118	84039	1
S1015381	1	Port Input	14	84118	84039	1
S1015381	1	Port Input	15	84118	84039	1
S1015381	2	Port Input	14	126516	36372	3
S1015381	2	Response	100	126516	36372	3
S1015381	3	Port Input	15	127931	1329	8
S1015381	3	Port Input	14	155429	28827	8
S1015381	3	Response	100	155429	28827	8
S1015381	4	Port Input	15	157407	1917	8
S1015381	4	Port Input	14	167346	11857	8
S1015381	4	Response	100	167346	11857	8
S1015381	5	Port Input	15	169353	1920	8
S1015381	5	Port Input	14	178613	11180	1
S1015381	5	Response	100	178613	11180	1
S1015381	5	Port Input	15	178614	11180	1
S1015381	5	Port Input	14	178614	11180	1
S1015381	6	Port Input	15	180619	1936	8
S1015381	6	Port Input	14	189204	10521	8
S1015381	6	Response	100	189204	10521	8
S1015381	7	Port Input	15	191013	1775	8
S1015381	7	Port Input	14	199714	10477	8
S1015381	7	Response	100	199714	10477	8
S1015381	8	Port Input	15	201425	1632	8
S1015381	8	Port Input	14	210189	10396	8
S1015381	8	Response	100	210189	10396	8
S1015381	9	Port Input	15	211841	1563	1
S1015381	9	Port Input	14	211841	1563	1
S1015381	9	Port Input	15	211842	1563	1
S1015381	9	Port Input	14	220551	10273	8
S1015381	9	Response	100	220551	10273	8
S1015381	9	Port Input	15	220559	10280	1
S1015381	9	Port Input	14	220559	10280	1
S1015381	10	Port Input	15	221201	576	8
S1015381	10	Port Input	14	221209	583	8
S1015381	10	Port Input	15	221216	591	8
S1015381	10	Port Input	14	221254	629	8
S1015381	10	Port Input	15	221963	1337	8
S1015381	10	Port Input	14	222000	1375	8
S1015381	10	Port Input	15	222505	1879	8
S1015381	10	Port Input	14	222512	1887	1
S1015381	10	Port Input	15	222512	1887	8
S1015381	10	Port Input	14	230858	10233	8
S1015381	10	Response	100	230858	10233	8
S1015381	11	Port Input	15	232677	1774	8
S1015381	11	Port Input	14	240076	9173	8
S1015381	11	Response	100	240076	9173	8
S1015381	12	Port Input	15	241934	1795	1
S1015381	12	Port Input	14	250883	10744	8
S1015381	12	Response	100	250883	10744	8
S1015381	13	Port Input	15	252513	1541	8
S1015381	13	Port Input	14	261207	10236	8
S1015381	13	Response	100	261207	10236	8
S1015381	14	Port Input	15	263006	1757	8
S1015381	14	Port Input	14	270134	8885	8
S1015381	14	Response	100	270134	8885	8
S1015381	15	Port Input	15	271897	1690	8
S1015381	15	Port Input	14	281295	11088	8
S1015381	15	Response	100	281295	11088	8
S1015381	16	Port Input	15	282914	1597	8
S1015381	16	Port Input	14	292015	10698	8
S1015381	16	Response	100	292015	10698	8
S1015381	17	Port Input	15	293312	1231	8
S1015381	17	Port Input	14	302388	10307	8
S1015381	17	Response	100	302388	10307	8
S1015381	18	Port Input	15	303969	1541	8
S1015381	18	Port Input	14	312476	10049	8
S1015381	18	Response	100	312476	10049	8
S1015381	19	Port Input	15	314080	1514	8
S1015381	19	Port Input	14	322639	10073	8
S1015381	19	Response	100	322639	10073	8
S1015381	20	Port Input	15	324200	1495	7
S1015381	20	Port Input	14	333001	10296	9
S1015381	20	Response	100	333001	10296	9
