Scenario - Button
Logfile written - 07/10/2022 13:27:46

Subject	Trial	Event Type	Code	Time	TTime	Uncertainty	Duration	Uncertainty	ReqTime	ReqDur	Stim Type	Pair Index

S1012432	1	Picture	start	69	0	1	40554	1	0	next	other	0
S1012432	3	Picture	20	45137	0	1	63053	1	0	next	hit	4
S1012432	3	Port Input	14	108126	62989	1
S1012432	3	Response	22	108126	62989	1
S1012432	3	Port Input	15	108126	62989	1
S1012432	3	Port Input	14	108126	62989	1
S1012432	3	Port Input	15	108127	62989	1
S1012432	3	Port Input	14	108127	62990	1
S1012432	4	Picture	20	108190	0	1	13611	1	0	next	hit	16
S1012432	4	Port Input	15	111198	3007	1
S1012432	4	Port Input	14	111198	3008	1
S1012432	4	Port Input	15	111198	3008	1
S1012432	4	Port Input	14	111198	3008	1
S1012432	4	Port Input	15	111198	3008	1
S1012432	4	Port Input	14	121772	13581	1
S1012432	4	Response	22	121772	13581	1
S1012432	4	Port Input	15	121772	13582	1
S1012432	4	Port Input	14	121772	13582	2
S1012432	5	Picture	20	121801	0	1	12361	1	0	next	hit	24
S1012432	5	Port Input	15	124428	2627	1
S1012432	5	Port Input	14	124428	2627	1
S1012432	5	Port Input	15	124428	2627	1
S1012432	5	Port Input	14	134100	12299	1
S1012432	5	Response	22	134100	12299	1
S1012432	5	Port Input	15	134100	12299	1
S1012432	5	Port Input	14	134100	12299	1
S1012432	6	Picture	20	134162	0	1	11805	1	0	next	hit	242
S1012432	6	Port Input	15	134460	298	1
S1012432	6	Port Input	14	134460	298	1
S1012432	6	Port Input	15	134462	300	1
S1012432	6	Port Input	14	134462	300	1
S1012432	6	Port Input	15	134463	301	1
S1012432	6	Port Input	14	134463	301	1
S1012432	6	Port Input	15	134463	301	1
S1012432	6	Port Input	14	134463	301	1
S1012432	6	Port Input	15	134464	302	1
S1012432	6	Port Input	14	134464	302	1
S1012432	6	Port Input	15	134464	302	1
S1012432	6	Port Input	14	134464	303	1
S1012432	6	Port Input	15	134467	305	1
S1012432	6	Port Input	14	134467	305	1
S1012432	6	Port Input	15	134468	307	1
S1012432	6	Port Input	14	134469	307	1
S1012432	6	Port Input	15	134471	310	1
S1012432	6	Port Input	14	134471	310	1
S1012432	6	Port Input	15	134473	311	1
S1012432	6	Port Input	14	134473	312	1
S1012432	6	Port Input	15	134474	312	1
S1012432	6	Port Input	14	134474	312	1
S1012432	6	Port Input	15	134474	313	1
S1012432	6	Port Input	14	134474	313	1
S1012432	6	Port Input	15	134475	313	1
S1012432	6	Port Input	14	134476	314	1
S1012432	6	Port Input	15	134477	315	1
S1012432	6	Port Input	14	134477	315	1
S1012432	6	Port Input	15	134478	317	1
S1012432	6	Port Input	14	134478	317	1
S1012432	6	Port Input	15	134479	317	1
S1012432	6	Port Input	14	134479	317	1
S1012432	6	Port Input	15	134479	317	1
S1012432	6	Port Input	14	134479	317	1
S1012432	6	Port Input	15	134481	319	1
S1012432	6	Port Input	14	134481	319	1
S1012432	6	Port Input	15	134484	323	1
S1012432	6	Port Input	14	134484	323	1
S1012432	6	Port Input	15	134485	323	1
S1012432	6	Port Input	14	134485	323	1
S1012432	6	Port Input	15	134485	324	1
S1012432	6	Port Input	14	134485	324	1
S1012432	6	Port Input	15	134486	325	1
S1012432	6	Port Input	14	134486	325	1
S1012432	6	Port Input	15	134487	325	1
S1012432	6	Port Input	14	134487	325	1
S1012432	6	Port Input	15	134487	325	1
S1012432	6	Port Input	14	134487	325	1
S1012432	6	Port Input	15	134488	326	1
S1012432	6	Port Input	14	134488	326	1
S1012432	6	Port Input	15	134490	329	1
S1012432	6	Port Input	14	134490	329	1
S1012432	6	Port Input	15	134491	330	1
S1012432	6	Port Input	14	134491	330	1
S1012432	6	Port Input	15	134493	331	1
S1012432	6	Port Input	14	134493	331	1
S1012432	6	Port Input	15	134495	333	1
S1012432	6	Port Input	14	134495	333	1
S1012432	6	Port Input	15	134497	335	1
S1012432	6	Port Input	14	134497	336	1
S1012432	6	Port Input	15	134498	337	1
S1012432	6	Port Input	14	134498	337	1
S1012432	6	Port Input	15	134499	337	1
S1012432	6	Port Input	14	134499	337	1
S1012432	6	Port Input	15	134501	339	1
S1012432	6	Port Input	14	134501	339	1
S1012432	6	Port Input	15	134501	340	1
S1012432	6	Port Input	14	134501	340	1
S1012432	6	Port Input	15	134502	341	1
S1012432	6	Port Input	14	134502	341	1
S1012432	6	Port Input	15	134503	342	1
S1012432	6	Port Input	14	134503	342	1
S1012432	6	Port Input	15	134504	342	1
S1012432	6	Port Input	14	134504	342	1
S1012432	6	Port Input	15	134505	343	1
S1012432	6	Port Input	14	134505	343	1
S1012432	6	Port Input	15	134505	344	1
S1012432	6	Port Input	14	134505	344	1
S1012432	6	Port Input	15	134506	344	1
S1012432	6	Port Input	14	134506	344	1
S1012432	6	Port Input	15	134506	345	1
S1012432	6	Port Input	14	134506	345	1
S1012432	6	Port Input	15	134507	345	1
S1012432	6	Port Input	14	134507	346	1
S1012432	6	Port Input	15	134508	346	1
S1012432	6	Port Input	14	134508	346	1
S1012432	6	Port Input	15	134508	347	1
S1012432	6	Port Input	14	134508	347	1
S1012432	6	Port Input	15	134509	348	1
S1012432	6	Port Input	14	134509	348	1
S1012432	6	Port Input	15	134510	348	1
S1012432	6	Port Input	14	134510	348	1
S1012432	6	Port Input	15	134510	349	1
S1012432	6	Port Input	14	134510	349	1
S1012432	6	Port Input	15	134511	349	1
S1012432	6	Port Input	14	134511	349	1
S1012432	6	Port Input	15	134511	350	1
S1012432	6	Port Input	14	134512	350	1
S1012432	6	Port Input	15	134512	350	1
S1012432	6	Port Input	14	134512	350	1
S1012432	6	Port Input	15	134512	351	1
S1012432	6	Port Input	14	134512	351	1
S1012432	6	Port Input	15	134513	351	1
S1012432	6	Port Input	14	134513	351	1
S1012432	6	Port Input	15	134514	352	1
S1012432	6	Port Input	14	134514	353	1
S1012432	6	Port Input	15	134515	354	1
S1012432	6	Port Input	14	134515	354	1
S1012432	6	Port Input	15	134518	356	1
S1012432	6	Port Input	14	134518	356	1
S1012432	6	Port Input	15	134518	357	1
S1012432	6	Port Input	14	134518	357	1
S1012432	6	Port Input	15	134521	359	1
S1012432	6	Port Input	14	134521	359	1
S1012432	6	Port Input	15	134521	359	1
S1012432	6	Port Input	14	134521	359	1
S1012432	6	Port Input	15	134521	360	1
S1012432	6	Port Input	14	134521	360	1
S1012432	6	Port Input	15	134525	363	1
S1012432	6	Port Input	14	134525	363	1
S1012432	6	Port Input	15	134526	364	1
S1012432	6	Port Input	14	134526	364	1
S1012432	6	Port Input	15	134527	365	1
S1012432	6	Port Input	14	134527	365	1
S1012432	6	Port Input	15	134528	366	1
S1012432	6	Port Input	14	134528	366	1
S1012432	6	Port Input	15	134528	367	1
S1012432	6	Port Input	14	134529	367	1
S1012432	6	Port Input	15	134529	367	1
S1012432	6	Port Input	14	134529	367	1
S1012432	6	Port Input	15	134529	367	1
S1012432	6	Port Input	14	134529	368	1
S1012432	6	Port Input	15	134530	368	1
S1012432	6	Port Input	14	134530	368	1
S1012432	6	Port Input	15	134530	368	1
S1012432	6	Port Input	14	134530	369	1
S1012432	6	Port Input	15	134531	370	1
S1012432	6	Port Input	14	134531	370	1
S1012432	6	Port Input	15	134532	370	1
S1012432	6	Port Input	14	134532	370	1
S1012432	6	Port Input	15	134532	370	1
S1012432	6	Port Input	14	134532	370	1
S1012432	6	Port Input	15	134532	371	1
S1012432	6	Port Input	14	134532	371	1
S1012432	6	Port Input	15	134534	372	1
S1012432	6	Port Input	14	134534	372	1
S1012432	6	Port Input	15	134534	373	1
S1012432	6	Port Input	14	134534	373	1
S1012432	6	Port Input	15	134536	374	1
S1012432	6	Port Input	14	134536	374	1
S1012432	6	Port Input	15	134537	375	1
S1012432	6	Port Input	14	134537	375	1
S1012432	6	Port Input	15	134538	376	1
S1012432	6	Port Input	14	134538	376	1
S1012432	6	Port Input	15	134539	377	1
S1012432	6	Port Input	14	134539	377	1
S1012432	6	Port Input	15	134539	378	1
S1012432	6	Port Input	14	134539	378	1
S1012432	6	Port Input	15	134540	379	1
S1012432	6	Port Input	14	134541	379	1
S1012432	6	Port Input	15	134542	380	1
S1012432	6	Port Input	14	134542	380	1
S1012432	6	Port Input	15	134542	380	1
S1012432	6	Port Input	14	134542	380	1
S1012432	6	Port Input	15	134544	382	1
S1012432	6	Port Input	14	134544	382	1
S1012432	6	Port Input	15	134544	383	1
S1012432	6	Port Input	14	134545	383	1
S1012432	6	Port Input	15	134546	385	1
S1012432	6	Port Input	14	134547	385	1
S1012432	6	Port Input	15	134547	385	1
S1012432	6	Port Input	14	134547	385	1
S1012432	6	Port Input	15	134547	386	1
S1012432	6	Port Input	14	134548	386	1
S1012432	6	Port Input	15	134549	387	1
S1012432	6	Port Input	14	134549	387	1
S1012432	6	Port Input	15	134549	388	1
S1012432	6	Port Input	14	134550	388	1
S1012432	6	Port Input	15	134552	391	1
S1012432	6	Port Input	14	134552	391	1
S1012432	6	Port Input	15	134553	392	1
S1012432	6	Port Input	14	134553	392	1
S1012432	6	Port Input	15	134556	394	1
S1012432	6	Port Input	14	134556	394	1
S1012432	6	Port Input	15	134557	396	1
S1012432	6	Port Input	14	134557	396	1
S1012432	6	Port Input	15	134566	404	1
S1012432	6	Port Input	14	134566	404	1
S1012432	6	Port Input	15	134603	442	1
S1012432	6	Port Input	14	134603	442	1
S1012432	6	Port Input	15	136089	1928	1
S1012432	6	Port Input	14	136089	1928	1
S1012432	6	Port Input	15	136111	1949	1
S1012432	6	Port Input	14	136111	1949	1
S1012432	6	Port Input	15	136130	1968	1
S1012432	6	Port Input	14	136130	1968	1
S1012432	6	Port Input	15	136222	2060	1
S1012432	6	Port Input	14	136222	2060	1
S1012432	6	Port Input	15	136222	2060	1
S1012432	6	Port Input	14	136222	2060	1
S1012432	6	Port Input	15	136239	2077	1
S1012432	6	Port Input	14	136239	2077	1
S1012432	6	Port Input	15	136240	2078	1
S1012432	6	Port Input	14	136240	2078	1
S1012432	6	Port Input	15	136953	2792	1
S1012432	6	Port Input	14	136954	2792	1
S1012432	6	Port Input	15	136954	2792	1
S1012432	6	Port Input	14	136954	2792	1
S1012432	6	Port Input	15	136954	2793	1
S1012432	6	Port Input	14	136954	2793	1
S1012432	6	Port Input	15	136955	2793	1
S1012432	6	Port Input	14	136955	2793	1
S1012432	6	Port Input	15	136955	2794	1
S1012432	6	Port Input	14	145938	11776	1
S1012432	6	Response	22	145938	11776	1
S1012432	6	Port Input	15	145938	11776	1
S1012432	6	Port Input	14	145939	11778	5
S1012432	7	Picture	20	145967	0	1	11250	1	0	next	hit	262
S1012432	7	Port Input	15	146481	514	1
S1012432	7	Port Input	14	146481	514	1
S1012432	7	Port Input	15	146491	524	1
S1012432	7	Port Input	14	146491	524	1
S1012432	7	Port Input	15	146494	527	1
S1012432	7	Port Input	14	146494	527	1
S1012432	7	Port Input	15	146499	532	1
S1012432	7	Port Input	14	146499	532	1
S1012432	7	Port Input	15	146519	552	1
S1012432	7	Port Input	14	146519	552	1
S1012432	7	Port Input	15	146534	567	1
S1012432	7	Port Input	14	146534	567	1
S1012432	7	Port Input	15	148893	2926	1
S1012432	7	Port Input	14	148893	2926	1
S1012432	7	Port Input	15	148893	2926	1
S1012432	7	Port Input	14	157204	11237	1
S1012432	7	Response	22	157204	11237	1
S1012432	7	Port Input	15	157204	11237	1
S1012432	7	Port Input	14	157204	11237	1
S1012432	8	Picture	20	157216	0	1	11527	1	0	next	hit	286
S1012432	8	Port Input	15	157596	380	1
S1012432	8	Port Input	14	157596	380	1
S1012432	8	Port Input	15	157650	434	1
S1012432	8	Port Input	14	157650	434	1
S1012432	8	Port Input	15	157660	443	1
S1012432	8	Port Input	14	157660	443	1
S1012432	8	Port Input	15	159873	2657	1
S1012432	8	Port Input	14	159873	2657	1
S1012432	8	Port Input	15	159874	2657	1
S1012432	8	Port Input	14	159874	2657	1
S1012432	8	Port Input	15	159874	2657	1
S1012432	8	Port Input	14	159874	2658	1
S1012432	8	Port Input	15	159874	2658	1
S1012432	8	Port Input	14	159874	2658	1
S1012432	8	Port Input	15	159874	2658	1
S1012432	8	Port Input	14	159874	2658	1
S1012432	8	Port Input	15	159874	2658	1
S1012432	8	Port Input	14	159874	2658	1
S1012432	8	Port Input	15	159875	2658	1
S1012432	8	Port Input	14	168729	11513	1
S1012432	8	Response	22	168729	11513	1
S1012432	8	Port Input	15	168729	11513	1
S1012432	8	Port Input	14	168730	11513	1
S1012432	8	Port Input	15	168730	11513	1
S1012432	8	Port Input	14	168730	11514	5
S1012432	9	Picture	20	168744	0	1	13819	1	0	next	hit	380
S1012432	9	Port Input	15	169280	537	1
S1012432	9	Port Input	14	169280	537	1
S1012432	9	Port Input	15	169284	541	1
S1012432	9	Port Input	14	169284	541	1
S1012432	9	Port Input	15	169285	541	1
S1012432	9	Port Input	14	169285	542	1
S1012432	9	Port Input	15	169292	548	1
S1012432	9	Port Input	14	169292	548	1
S1012432	9	Port Input	15	169293	549	1
S1012432	9	Port Input	14	169293	549	1
S1012432	9	Port Input	15	169293	550	1
S1012432	9	Port Input	14	169294	550	1
S1012432	9	Port Input	15	169295	551	1
S1012432	9	Port Input	14	169295	551	1
S1012432	9	Port Input	15	169296	552	1
S1012432	9	Port Input	14	169296	552	1
S1012432	9	Port Input	15	169297	553	1
S1012432	9	Port Input	14	169297	553	1
S1012432	9	Port Input	15	169309	566	1
S1012432	9	Port Input	14	169309	566	1
S1012432	9	Port Input	15	169310	566	1
S1012432	9	Port Input	14	169310	566	1
S1012432	9	Port Input	15	169314	571	1
S1012432	9	Port Input	14	169314	571	1
S1012432	9	Port Input	15	169315	571	1
S1012432	9	Port Input	14	169315	571	1
S1012432	9	Port Input	15	169321	577	1
S1012432	9	Port Input	14	169321	578	1
S1012432	9	Port Input	15	169326	582	1
S1012432	9	Port Input	14	169326	582	1
S1012432	9	Port Input	15	169328	584	1
S1012432	9	Port Input	14	169328	584	1
S1012432	9	Port Input	15	169331	588	1
S1012432	9	Port Input	14	169332	588	1
S1012432	9	Port Input	15	169334	590	1
S1012432	9	Port Input	14	169334	590	1
S1012432	9	Port Input	15	169337	593	1
S1012432	9	Port Input	14	169337	593	1
S1012432	9	Port Input	15	169340	596	1
S1012432	9	Port Input	14	169340	596	1
S1012432	9	Port Input	15	169344	600	1
S1012432	9	Port Input	14	169344	600	1
S1012432	9	Port Input	15	169344	600	1
S1012432	9	Port Input	14	169344	600	1
S1012432	9	Port Input	15	169345	601	1
S1012432	9	Port Input	14	169345	601	1
S1012432	9	Port Input	15	169352	608	1
S1012432	9	Port Input	14	169352	608	1
S1012432	9	Port Input	15	169352	608	1
S1012432	9	Port Input	14	169352	609	1
S1012432	9	Port Input	15	169358	615	1
S1012432	9	Port Input	14	169359	615	1
S1012432	9	Port Input	15	169373	630	1
S1012432	9	Port Input	14	169373	630	1
S1012432	9	Port Input	15	169380	637	1
S1012432	9	Port Input	14	169380	637	1
S1012432	9	Port Input	15	169427	684	1
S1012432	9	Port Input	14	169428	684	1
S1012432	9	Port Input	15	169447	703	1
S1012432	9	Port Input	14	169447	703	1
S1012432	9	Port Input	15	169457	713	1
S1012432	9	Port Input	14	169457	713	1
S1012432	9	Port Input	15	169499	756	1
S1012432	9	Port Input	14	169499	756	1
S1012432	9	Port Input	15	169527	783	1
S1012432	9	Port Input	14	169527	783	1
S1012432	9	Port Input	15	169626	882	1
S1012432	9	Port Input	14	169626	882	1
S1012432	9	Port Input	15	169812	1069	1
S1012432	9	Port Input	14	169812	1069	1
S1012432	9	Port Input	15	170466	1723	1
S1012432	9	Port Input	14	170466	1723	1
S1012432	9	Port Input	15	170534	1790	1
S1012432	9	Port Input	14	170534	1791	1
S1012432	9	Port Input	15	170565	1821	1
S1012432	9	Port Input	14	170565	1821	1
S1012432	9	Port Input	15	170693	1950	1
S1012432	9	Port Input	14	170693	1950	1
S1012432	9	Port Input	15	170705	1962	1
S1012432	9	Port Input	14	170705	1962	1
S1012432	9	Port Input	15	170728	1984	1
S1012432	9	Port Input	14	170728	1984	1
S1012432	9	Port Input	15	170777	2034	1
S1012432	9	Port Input	14	170777	2034	1
S1012432	9	Port Input	15	170826	2082	1
S1012432	9	Port Input	14	170826	2082	1
S1012432	9	Port Input	15	171374	2631	1
S1012432	9	Port Input	14	182491	13748	1
S1012432	9	Response	22	182491	13748	1
S1012432	10	Picture	20	182563	0	1	11875	1	0	next	hit	384
S1012432	10	Port Input	15	184793	2230	1
S1012432	10	Port Input	14	194394	11831	1
S1012432	10	Response	22	194394	11831	1
S1012432	10	Port Input	15	194394	11832	1
S1012432	10	Port Input	14	194395	11832	5
S1012432	11	Picture	20	194437	0	1	11875	1	0	next	hit	394
S1012432	11	Port Input	15	195983	1546	1
S1012432	11	Port Input	14	195983	1546	1
S1012432	11	Port Input	15	195993	1556	1
S1012432	11	Port Input	14	195993	1556	1
S1012432	11	Port Input	15	196819	2382	1
S1012432	11	Port Input	14	206278	11840	1
S1012432	11	Response	22	206278	11840	1
S1012432	12	Picture	20	206312	0	1	11250	1	0	next	hit	400
S1012432	12	Port Input	15	208740	2428	1
S1012432	12	Port Input	14	208740	2429	1
S1012432	12	Port Input	15	208740	2429	1
S1012432	12	Port Input	14	217548	11237	1
S1012432	12	Response	22	217548	11237	1
S1012432	12	Port Input	15	217549	11237	1
S1012432	12	Port Input	14	217549	11237	1
S1012432	13	Picture	20	217561	0	1	11527	1	0	next	hit	406
S1012432	13	Port Input	15	220199	2638	1
S1012432	13	Port Input	14	229052	11490	1
S1012432	13	Response	22	229052	11490	1
S1012432	13	Port Input	15	229052	11490	1
S1012432	13	Port Input	14	229052	11491	1
S1012432	14	Picture	20	229089	0	1	12013	1	0	next	hit	412
S1012432	14	Port Input	15	231661	2572	1
S1012432	14	Port Input	14	241051	11962	1
S1012432	14	Response	22	241051	11962	1
S1012432	14	Port Input	15	241051	11962	1
S1012432	14	Port Input	14	241051	11963	1
S1012432	15	Picture	20	241102	0	1	11944	1	0	next	hit	420
S1012432	15	Port Input	15	243308	2205	1
S1012432	15	Port Input	14	243308	2206	1
S1012432	15	Port Input	15	243308	2206	1
S1012432	15	Port Input	14	252984	11882	1
S1012432	15	Response	22	252984	11882	1
S1012432	15	Port Input	15	252984	11882	1
S1012432	15	Port Input	14	252984	11882	1
S1012432	15	Port Input	15	252985	11883	3
S1012432	15	Port Input	14	252988	11886	1
S1012432	15	Port Input	15	252990	11888	1
S1012432	15	Port Input	14	252990	11888	1
S1012432	15	Port Input	15	252990	11888	1
S1012432	15	Port Input	14	252990	11888	1
S1012432	15	Port Input	15	252991	11888	1
S1012432	15	Port Input	14	252991	11889	1
S1012432	15	Port Input	15	252991	11889	1
S1012432	15	Port Input	14	252991	11889	1
S1012432	16	Picture	20	253046	0	1	12847	1	0	next	hit	442
S1012432	16	Port Input	15	255185	2139	1
S1012432	16	Port Input	14	255185	2139	1
S1012432	16	Port Input	15	255186	2140	1
S1012432	16	Port Input	14	255186	2140	1
S1012432	16	Port Input	15	255186	2140	1
S1012432	16	Port Input	14	255186	2140	1
S1012432	16	Port Input	15	255186	2140	1
S1012432	16	Port Input	14	265879	12832	1
S1012432	16	Response	22	265879	12832	1
S1012432	16	Port Input	15	265879	12832	1
S1012432	16	Port Input	14	265879	12833	1
S1012432	17	Picture	20	265893	0	1	11458	1	0	next	hit	450
S1012432	17	Port Input	15	268088	2195	1
S1012432	17	Port Input	14	268088	2195	1
S1012432	17	Port Input	15	268088	2195	1
S1012432	17	Port Input	14	277301	11408	1
S1012432	17	Response	22	277301	11408	1
S1012432	17	Port Input	15	277301	11408	1
S1012432	17	Port Input	14	277301	11409	1
S1012432	18	Picture	20	277351	0	1	11041	1	0	next	hit	462
S1012432	18	Port Input	15	279666	2315	1
S1012432	18	Port Input	14	279666	2315	1
S1012432	18	Port Input	15	279666	2315	1
S1012432	18	Port Input	14	279666	2315	1
S1012432	18	Port Input	15	279666	2315	1
S1012432	18	Port Input	14	279666	2316	1
S1012432	18	Port Input	15	279666	2316	1
S1012432	18	Port Input	14	288332	10981	1
S1012432	18	Response	22	288332	10981	1
S1012432	18	Port Input	15	288332	10981	1
S1012432	18	Port Input	14	288333	10982	1
S1012432	18	Port Input	15	288333	10982	1
S1012432	18	Port Input	14	288333	10982	3
S1012432	19	Picture	20	288392	0	1	12708	1	0	next	hit	490
S1012432	19	Port Input	15	288831	439	1
S1012432	19	Port Input	14	288831	439	1
S1012432	19	Port Input	15	288837	445	1
S1012432	19	Port Input	14	288837	445	1
S1012432	19	Port Input	15	288858	466	1
S1012432	19	Port Input	14	288858	466	1
S1012432	19	Port Input	15	288863	471	1
S1012432	19	Port Input	14	288863	471	1
S1012432	19	Port Input	15	288885	492	1
S1012432	19	Port Input	14	288885	493	1
S1012432	19	Port Input	15	288900	508	1
S1012432	19	Port Input	14	288900	508	1
S1012432	19	Port Input	15	288922	530	1
S1012432	19	Port Input	14	288922	530	1
S1012432	19	Port Input	15	288926	534	1
S1012432	19	Port Input	14	288926	534	1
S1012432	19	Port Input	15	288990	598	1
S1012432	19	Port Input	14	288990	598	1
S1012432	19	Port Input	15	291106	2714	1
S1012432	19	Port Input	14	291107	2714	1
S1012432	19	Port Input	15	291107	2715	1
S1012432	19	Port Input	14	301033	12641	1
S1012432	19	Response	22	301033	12641	1
S1012432	19	Port Input	15	301033	12641	1
S1012432	19	Port Input	14	301034	12641	1
S1012432	20	Picture	20	301100	0	1	12291	1	0	next	hit	496
S1012432	20	Port Input	15	303941	2841	1
S1012432	20	Port Input	14	313333	12233	1
S1012432	20	Response	22	313333	12233	1
S1012432	21	Picture	20	313391	0	1	11041	1	0	next	hit	500
S1012432	21	Port Input	15	315552	2161	1
S1012432	21	Port Input	14	324420	11029	1
S1012432	21	Response	22	324420	11029	1
S1012432	22	Picture	20	324432	0	1	12222	1	0	next	hit	508
S1012432	22	Port Input	15	326655	2223	1
S1012432	22	Port Input	14	326655	2223	1
S1012432	22	Port Input	15	327243	2811	1
S1012432	22	Port Input	14	327243	2811	1
S1012432	22	Port Input	15	327243	2811	1
S1012432	22	Port Input	14	336581	12148	1
S1012432	22	Response	22	336581	12148	1
S1012432	22	Port Input	15	336581	12148	1
S1012432	22	Port Input	14	336581	12149	1
S1012432	23	Picture	20	336654	0	1	11875	1	0	next	hit	516
S1012432	23	Port Input	15	339009	2354	1
S1012432	23	Port Input	14	339009	2354	1
S1012432	23	Port Input	15	339009	2355	1
S1012432	23	Port Input	14	348518	11863	1
S1012432	23	Response	22	348518	11863	1
S1012432	23	Port Input	15	348518	11863	1
S1012432	23	Port Input	14	348518	11864	1
S1012432	24	Picture	20	348529	0	1	11666	1	0	next	hit	528
S1012432	24	Port Input	15	350997	2468	1
S1012432	24	Port Input	14	350997	2468	1
S1012432	24	Port Input	15	351000	2471	1
S1012432	24	Port Input	14	351000	2471	1
S1012432	24	Port Input	15	351000	2471	1
S1012432	24	Port Input	14	351000	2471	1
S1012432	24	Port Input	15	351000	2471	1
S1012432	24	Port Input	14	360171	11643	1
S1012432	24	Response	22	360171	11643	1
S1012432	25	Picture	20	360195	0	1	12152	1	0	next	hit	536
S1012432	25	Port Input	15	362301	2106	1
S1012432	25	Port Input	14	362301	2106	1
S1012432	25	Port Input	15	362301	2107	1
S1012432	25	Port Input	14	362302	2107	1
S1012432	25	Port Input	15	362302	2107	1
S1012432	25	Port Input	14	372275	12080	1
S1012432	25	Response	22	372275	12080	1
S1012432	25	Port Input	15	372275	12080	1
S1012432	25	Port Input	14	372275	12080	1
S1012432	25	Port Input	15	372276	12081	3
S1012432	25	Port Input	14	372279	12084	1
S1012432	25	Port Input	15	372280	12085	1
S1012432	25	Port Input	14	372280	12085	1
S1012432	25	Port Input	15	372280	12085	1
S1012432	25	Port Input	14	372281	12086	1
S1012432	25	Port Input	15	372281	12086	1
S1012432	25	Port Input	14	372281	12086	1
S1012432	25	Port Input	15	372282	12087	1
S1012432	25	Port Input	14	372282	12087	1
S1012432	26	Picture	20	372347	0	1	11527	1	0	next	hit	558
S1012432	26	Port Input	15	374478	2130	1
S1012432	26	Port Input	14	374478	2131	1
S1012432	26	Port Input	15	374478	2131	1
S1012432	26	Port Input	14	374478	2131	1
S1012432	26	Port Input	15	374479	2132	1
S1012432	26	Port Input	14	374480	2133	1
S1012432	26	Port Input	15	374480	2133	1
S1012432	26	Port Input	14	383818	11471	1
S1012432	26	Response	22	383818	11471	1
S1012432	27	Picture	20	383875	0	1	11805	1	0	next	hit	582
S1012432	27	Port Input	15	384207	333	1
S1012432	27	Port Input	14	384207	333	1
S1012432	27	Port Input	15	384216	342	1
S1012432	27	Port Input	14	384216	342	1
S1012432	27	Port Input	15	384244	369	1
S1012432	27	Port Input	14	384244	369	1
S1012432	27	Port Input	15	384281	406	1
S1012432	27	Port Input	14	384281	406	1
S1012432	27	Port Input	15	384299	424	1
S1012432	27	Port Input	14	384299	424	1
S1012432	27	Port Input	15	385837	1963	1
S1012432	27	Port Input	14	385837	1963	1
S1012432	27	Port Input	15	386056	2181	1
S1012432	27	Port Input	14	386056	2181	1
S1012432	27	Port Input	15	386067	2193	1
S1012432	27	Port Input	14	386068	2193	1
S1012432	27	Port Input	15	386572	2698	1
S1012432	27	Port Input	14	386573	2698	1
S1012432	27	Port Input	15	386573	2698	1
S1012432	27	Port Input	14	386573	2698	1
S1012432	27	Port Input	15	386573	2698	1
S1012432	27	Port Input	14	395671	11796	1
S1012432	27	Response	22	395671	11796	1
S1012432	27	Port Input	15	395671	11797	1
S1012432	27	Port Input	14	395671	11797	1
S1012432	28	Picture	20	395680	0	1	12083	1	0	next	hit	590
S1012432	28	Port Input	15	397778	2098	1
S1012432	28	Port Input	14	397778	2098	1
S1012432	28	Port Input	15	397778	2098	1
S1012432	28	Port Input	14	407696	12016	1
S1012432	28	Response	22	407696	12016	1
S1012432	28	Port Input	15	407696	12016	1
S1012432	28	Port Input	14	407696	12016	1
S1012432	29	Picture	20	407763	0	1	11319	1	0	next	hit	596
S1012432	29	Port Input	15	410207	2444	1
S1012432	29	Port Input	14	419028	11266	1
S1012432	29	Response	22	419028	11266	1
S1012432	29	Port Input	15	419032	11270	1
S1012432	29	Port Input	14	419033	11270	1
S1012432	30	Picture	20	419082	0	1	12291	1	0	next	hit	602
S1012432	30	Port Input	15	421324	2242	1
S1012432	30	Port Input	14	431344	12262	1
S1012432	30	Response	22	431344	12262	1
S1012432	30	Port Input	15	431344	12263	1
S1012432	30	Port Input	14	431345	12264	4
S1012432	31	Picture	20	431373	0	1	12638	1	0	next	hit	608
S1012432	31	Port Input	15	433934	2561	1
S1012432	31	Port Input	14	443962	12589	1
S1012432	31	Response	22	443962	12589	1
S1012432	31	Port Input	15	443962	12589	1
S1012432	31	Port Input	14	443962	12589	1
S1012432	31	Port Input	15	443962	12589	1
S1012432	31	Port Input	14	443963	12590	3
S1012432	32	Picture	20	444011	0	1	10833	1	0	next	hit	616
S1012432	32	Port Input	15	446023	2012	1
S1012432	32	Port Input	14	454810	10799	1
S1012432	32	Response	22	454810	10799	1
S1012432	32	Port Input	15	454810	10799	1
S1012432	32	Port Input	14	454811	10799	1
S1012432	32	Port Input	15	454811	10799	1
S1012432	32	Port Input	14	454811	10799	1
S1012432	33	Picture	20	454844	0	1	11250	1	0	next	hit	626
S1012432	33	Port Input	15	457054	2210	1
S1012432	33	Port Input	14	457054	2210	1
S1012432	33	Port Input	15	457055	2210	1
S1012432	33	Port Input	14	466022	11178	1
S1012432	33	Response	22	466022	11178	1
S1012432	33	Port Input	15	466022	11178	1
S1012432	33	Port Input	14	466023	11178	1
S1012432	34	Picture	20	466094	0	1	11527	1	0	next	hit	632
S1012432	34	Port Input	15	468529	2435	1
S1012432	34	Port Input	14	477580	11486	1
S1012432	34	Response	22	477580	11486	1
S1012432	34	Port Input	15	477581	11487	1
S1012432	34	Port Input	14	477581	11487	1
S1012432	35	Picture	20	477621	0	1	11458	1	0	next	hit	638
S1012432	35	Port Input	15	480025	2404	1
S1012432	35	Port Input	14	489036	11415	1
S1012432	35	Response	22	489036	11415	1
S1012432	35	Port Input	15	489037	11416	1
S1012432	35	Port Input	14	489037	11416	1
S1012432	35	Port Input	15	489037	11416	1
S1012432	35	Port Input	14	489038	11416	5
S1012432	36	Picture	20	489079	0	1	11527	1	0	next	hit	652
S1012432	36	Port Input	15	491209	2129	1
S1012432	36	Port Input	14	491209	2129	1
S1012432	36	Port Input	15	491209	2130	1
S1012432	36	Port Input	14	491209	2130	1
S1012432	36	Port Input	15	491209	2130	1
S1012432	36	Port Input	14	491209	2130	1
S1012432	36	Port Input	15	491209	2130	1
S1012432	36	Port Input	14	500595	11516	1
S1012432	36	Response	22	500595	11516	1
S1012432	37	Picture	20	500607	0	1	11250	1	0	next	hit	662
S1012432	37	Port Input	15	503081	2475	1
S1012432	37	Port Input	14	503081	2475	1
S1012432	37	Port Input	15	503081	2475	1
S1012432	37	Port Input	14	503081	2475	1
S1012432	37	Port Input	15	503082	2475	1
S1012432	37	Port Input	14	503082	2475	1
S1012432	37	Port Input	15	503082	2475	1
S1012432	37	Port Input	14	511790	11184	1
S1012432	37	Response	22	511790	11184	1
S1012432	38	Picture	20	511856	0	1	11805	1	0	next	hit	670
S1012432	38	Port Input	15	514640	2784	1
S1012432	38	Port Input	14	514640	2784	1
S1012432	38	Port Input	15	514640	2784	1
S1012432	38	Port Input	14	514640	2784	1
S1012432	38	Port Input	15	514640	2784	1
S1012432	38	Port Input	14	523622	11766	1
S1012432	38	Response	22	523622	11766	1
S1012432	39	Picture	20	523661	0	1	11180	1	0	next	hit	676
S1012432	39	Port Input	15	526344	2683	1
S1012432	39	Port Input	14	526344	2683	1
S1012432	39	Port Input	15	526344	2683	1
S1012432	39	Port Input	14	534799	11138	1
S1012432	39	Response	22	534799	11138	1
S1012432	40	Picture	20	534841	0	1	11666	1	0	next	hit	682
S1012432	40	Port Input	15	537335	2494	1
S1012432	40	Port Input	14	537335	2494	1
S1012432	40	Port Input	15	537336	2494	1
S1012432	40	Port Input	14	546438	11597	1
S1012432	40	Response	22	546438	11597	1
S1012432	40	Port Input	15	546438	11597	1
S1012432	40	Port Input	14	546439	11598	5
S1012432	41	Picture	20	546508	0	1	11597	1	0	next	hit	696
S1012432	41	Port Input	15	548796	2288	1
S1012432	41	Port Input	14	548796	2288	1
S1012432	41	Port Input	15	548796	2288	1
S1012432	41	Port Input	14	548796	2288	1
S1012432	41	Port Input	15	548796	2288	1
S1012432	41	Port Input	14	548796	2288	1
S1012432	41	Port Input	15	548796	2289	1
S1012432	41	Port Input	14	548796	2289	1
S1012432	41	Port Input	15	548796	2289	1
S1012432	41	Port Input	14	558042	11535	1
S1012432	41	Response	22	558042	11535	1
S1012432	42	Picture	20	558104	0	1	12500	1	0	next	hit	702
S1012432	42	Port Input	15	560761	2656	1
S1012432	42	Port Input	14	560761	2656	1
S1012432	42	Port Input	15	560762	2657	1
S1012432	42	Port Input	14	570571	12466	1
S1012432	42	Response	22	570571	12466	1
S1012432	43	Picture	20	570604	0	1	11875	1	0	next	hit	706
S1012432	43	Port Input	15	572991	2387	1
S1012432	43	Port Input	14	582471	11867	1
S1012432	43	Response	22	582471	11867	1
S1012432	44	Picture	20	582479	0	1	11527	1	0	next	hit	712
S1012432	44	Port Input	15	585226	2748	1
S1012432	44	Port Input	14	585226	2748	1
S1012432	44	Port Input	15	585226	2748	1
S1012432	44	Port Input	14	593936	11458	1
S1012432	44	Response	22	593936	11458	1
S1012432	45	Picture	20	594006	0	1	12569	1	0	next	hit	728
S1012432	45	Port Input	15	596752	2746	1
S1012432	45	Port Input	14	596752	2746	1
S1012432	45	Port Input	15	596752	2746	1
S1012432	45	Port Input	14	596752	2746	1
S1012432	45	Port Input	15	596752	2746	1
S1012432	45	Port Input	14	596752	2746	1
S1012432	45	Port Input	15	596752	2746	1
S1012432	45	Port Input	14	596752	2746	1
S1012432	45	Port Input	15	596753	2747	1
S1012432	45	Port Input	14	596753	2747	1
S1012432	45	Port Input	15	596753	2747	1
S1012432	45	Port Input	14	596753	2747	1
S1012432	45	Port Input	15	596753	2747	1
S1012432	45	Port Input	14	606531	12525	1
S1012432	45	Response	22	606531	12525	1
S1012432	45	Port Input	15	606531	12525	1
S1012432	45	Port Input	14	606532	12526	1
S1012432	46	Picture	20	606575	0	1	11527	1	0	next	hit	742
S1012432	46	Port Input	15	609110	2535	1
S1012432	46	Port Input	14	609110	2536	1
S1012432	46	Port Input	15	609111	2536	1
S1012432	46	Port Input	14	609111	2536	1
S1012432	46	Port Input	15	609111	2536	1
S1012432	46	Port Input	14	609111	2536	1
S1012432	46	Port Input	15	609111	2537	1
S1012432	46	Port Input	14	609112	2537	1
S1012432	46	Port Input	15	609112	2537	1
S1012432	46	Port Input	14	618063	11488	1
S1012432	46	Response	22	618063	11488	1
S1012432	47	Picture	20	618102	0	1	12361	1	0	next	hit	746
S1012432	47	Port Input	15	620802	2700	1
S1012432	47	Port Input	14	630407	12304	1
S1012432	47	Response	22	630407	12304	1
S1012432	47	Port Input	15	630407	12305	1
S1012432	47	Port Input	14	630408	12306	3
S1012432	48	Picture	20	630463	0	1	11597	1	0	next	hit	752
S1012432	48	Port Input	15	633101	2638	1
S1012432	48	Port Input	14	642000	11537	1
S1012432	48	Response	22	642000	11537	1
S1012432	48	Port Input	15	642000	11537	1
S1012432	48	Port Input	14	642000	11537	1
S1012432	49	Picture	20	642060	0	1	12222	1	0	next	hit	758
S1012432	49	Port Input	15	644201	2141	1
S1012432	49	Port Input	14	654221	12161	1
S1012432	49	Response	22	654221	12161	1
S1012432	50	Picture	20	654282	0	1	11736	1	0	next	hit	762
S1012432	50	Port Input	15	657319	3037	1
S1012432	50	Port Input	14	665957	11675	1
S1012432	50	Response	22	665957	11675	1
S1012432	51	Picture	20	666017	0	1	11597	1	0	next	hit	766
S1012432	51	Port Input	15	668353	2336	1
S1012432	51	Port Input	14	677579	11562	1
S1012432	51	Response	22	677579	11562	1
S1012432	52	Picture	20	677614	0	1	11180	1	0	next	hit	770
S1012432	52	Port Input	15	679572	1958	1
S1012432	52	Port Input	14	688733	11119	1
S1012432	52	Response	22	688733	11119	1
S1012432	53	Picture	20	688794	0	1	11458	1	0	next	hit	774
S1012432	53	Port Input	15	691232	2438	1
S1012432	53	Port Input	14	700226	11431	1
S1012432	53	Response	22	700226	11431	1
S1012432	53	Port Input	15	700226	11432	1
S1012432	53	Port Input	14	700226	11432	1
S1012432	54	Picture	20	700252	0	1	11597	1	0	next	hit	782
S1012432	54	Port Input	15	702683	2431	1
S1012432	54	Port Input	14	702683	2431	1
S1012432	54	Port Input	15	702683	2431	1
S1012432	54	Port Input	14	711835	11583	1
S1012432	54	Response	22	711835	11583	1
S1012432	54	Port Input	15	711836	11584	1
S1012432	54	Port Input	14	711836	11584	1
S1012432	55	Picture	20	711849	0	1	12986	1	0	next	hit	788
S1012432	55	Port Input	15	714562	2713	1
S1012432	55	Port Input	14	724801	12952	1
S1012432	55	Response	22	724801	12952	1
S1012432	55	Port Input	15	724801	12952	1
S1012432	55	Port Input	14	724801	12953	1
S1012432	56	Picture	20	724834	0	1	12361	1	0	next	hit	814
S1012432	56	Port Input	15	727460	2626	1
S1012432	56	Port Input	14	727460	2626	1
S1012432	56	Port Input	15	727461	2627	1
S1012432	56	Port Input	14	727461	2627	1
S1012432	56	Port Input	15	727462	2627	1
S1012432	56	Port Input	14	727462	2627	1
S1012432	56	Port Input	15	727462	2627	1
S1012432	56	Port Input	14	727462	2627	1
S1012432	56	Port Input	15	727462	2628	1
S1012432	56	Port Input	14	727462	2628	1
S1012432	56	Port Input	15	727462	2628	1
S1012432	56	Port Input	14	727462	2628	1
S1012432	56	Port Input	15	727462	2628	1
S1012432	56	Port Input	14	727462	2628	1
S1012432	56	Port Input	15	727463	2628	1
S1012432	56	Port Input	14	727463	2628	1
S1012432	56	Port Input	15	727463	2628	1
S1012432	56	Port Input	14	727463	2628	1
S1012432	56	Port Input	15	727463	2629	1
S1012432	56	Port Input	14	727463	2629	1
S1012432	56	Port Input	15	727464	2629	1
S1012432	56	Port Input	14	737159	12325	1
S1012432	56	Response	22	737159	12325	1
S1012432	56	Port Input	15	737159	12325	1
S1012432	56	Port Input	14	737160	12325	1
S1012432	57	Picture	20	737195	0	1	11805	1	0	next	hit	820
S1012432	57	Port Input	15	739885	2690	1
S1012432	57	Port Input	14	748950	11755	1
S1012432	57	Response	22	748950	11755	1
S1012432	57	Port Input	15	748950	11755	1
S1012432	57	Port Input	14	748951	11755	1
S1012432	58	Picture	20	749000	0	1	12152	1	0	next	hit	828
S1012432	58	Port Input	15	752130	3130	1
S1012432	58	Port Input	14	752130	3130	1
S1012432	58	Port Input	15	752130	3130	1
S1012432	58	Port Input	14	761126	12126	1
S1012432	58	Response	22	761126	12126	1
S1012432	58	Port Input	15	761127	12127	1
S1012432	58	Port Input	14	761127	12127	1
S1012432	59	Picture	20	761152	0	1	12569	1	0	next	hit	836
S1012432	59	Port Input	15	763668	2515	1
S1012432	59	Port Input	14	763668	2515	1
S1012432	59	Port Input	15	763668	2516	1
S1012432	59	Port Input	14	773705	12553	1
S1012432	59	Response	22	773705	12553	1
S1012432	59	Port Input	15	773705	12553	1
S1012432	59	Port Input	14	773706	12553	1
S1012432	60	Picture	20	773722	0	1	12222	1	0	next	hit	846
S1012432	60	Port Input	15	776523	2802	1
S1012432	60	Port Input	14	776523	2802	1
S1012432	60	Port Input	15	776524	2802	1
S1012432	60	Port Input	14	776524	2802	1
S1012432	60	Port Input	15	776524	2802	1
S1012432	60	Port Input	14	785895	12173	1
S1012432	60	Response	22	785895	12173	1
S1012432	60	Port Input	15	785895	12173	1
S1012432	60	Port Input	14	785895	12173	1
S1012432	61	Picture	20	785943	0	1	11736	1	0	next	hit	854
S1012432	61	Port Input	15	788298	2355	1
S1012432	61	Port Input	14	788298	2355	1
S1012432	61	Port Input	15	788298	2355	1
S1012432	61	Port Input	14	797665	11721	1
S1012432	61	Response	22	797665	11721	1
S1012432	61	Port Input	15	797665	11722	1
S1012432	61	Port Input	14	797665	11722	1
S1012432	62	Picture	20	797679	0	1	12361	1	0	next	hit	860
S1012432	62	Port Input	15	800233	2554	1
S1012432	62	Port Input	14	810013	12334	1
S1012432	62	Response	22	810013	12334	1
S1012432	62	Port Input	15	810013	12334	1
S1012432	62	Port Input	14	810014	12335	4
S1012432	63	Picture	20	810040	0	1	12361	1	0	next	hit	868
S1012432	63	Port Input	15	812534	2494	1
S1012432	63	Port Input	14	812534	2495	1
S1012432	63	Port Input	15	812534	2495	1
S1012432	63	Port Input	14	822374	12334	1
S1012432	63	Response	22	822374	12334	1
S1012432	63	Port Input	15	822374	12334	1
S1012432	63	Port Input	14	822374	12335	1
S1012432	63	Port Input	15	822375	12335	1
S1012432	63	Port Input	14	822375	12336	3
S1012432	63	Port Input	15	822378	12339	1
S1012432	63	Port Input	14	822379	12340	1
S1012432	63	Port Input	15	822379	12340	1
S1012432	63	Port Input	14	822380	12340	1
S1012432	63	Port Input	15	822381	12341	1
S1012432	63	Port Input	14	822381	12341	1
S1012432	64	Picture	20	822400	0	1	12083	1	0	next	hit	884
S1012432	64	Port Input	15	825000	2599	1
S1012432	64	Port Input	14	825000	2599	1
S1012432	64	Port Input	15	825000	2600	1
S1012432	64	Port Input	14	834467	12067	1
S1012432	64	Response	22	834467	12067	1
S1012432	64	Port Input	15	834467	12067	1
S1012432	64	Port Input	14	834468	12067	1
S1012432	65	Picture	20	834483	0	1	11944	1	0	next	hit	894
S1012432	65	Port Input	15	836942	2459	1
S1012432	65	Port Input	14	836942	2459	1
S1012432	65	Port Input	15	836942	2459	1
S1012432	65	Port Input	14	836942	2459	1
S1012432	65	Port Input	15	836943	2459	1
S1012432	65	Port Input	14	846404	11921	1
S1012432	65	Response	22	846404	11921	1
S1012432	66	Picture	20	846427	0	1	12013	1	0	next	hit	898
S1012432	66	Port Input	15	849154	2726	1
S1012432	66	Port Input	14	858370	11943	1
S1012432	66	Response	22	858370	11943	1
S1012432	67	Picture	20	858441	0	1	11875	1	0	next	hit	904
S1012432	67	Port Input	15	860609	2168	1
S1012432	67	Port Input	14	860609	2168	1
S1012432	67	Port Input	15	860609	2168	1
S1012432	67	Port Input	14	870276	11836	1
S1012432	67	Response	22	870276	11836	1
S1012432	67	Port Input	15	870277	11836	1
S1012432	67	Port Input	14	870285	11844	1
S1012432	67	Port Input	15	870285	11844	1
S1012432	67	Port Input	14	870286	11845	1
S1012432	67	Port Input	15	870287	11846	1
S1012432	67	Port Input	14	870287	11846	1
S1012432	68	Picture	20	870315	0	1	12013	1	0	next	hit	922
S1012432	68	Port Input	15	872409	2093	1
S1012432	68	Port Input	14	872409	2093	1
S1012432	68	Port Input	15	872409	2093	1
S1012432	68	Port Input	14	872409	2093	1
S1012432	68	Port Input	15	872409	2094	1
S1012432	68	Port Input	14	872409	2094	1
S1012432	68	Port Input	15	872410	2094	1
S1012432	68	Port Input	14	872410	2094	1
S1012432	68	Port Input	15	872411	2096	1
S1012432	68	Port Input	14	882255	11940	1
S1012432	68	Response	22	882255	11940	1
S1012432	68	Port Input	15	882256	11941	4
S1012432	68	Port Input	14	882264	11949	1
S1012432	68	Port Input	15	882265	11949	1
S1012432	68	Port Input	14	882265	11949	1
S1012432	68	Port Input	15	882268	11953	1
S1012432	68	Port Input	14	882268	11953	1
S1012432	68	Port Input	15	882268	11953	1
S1012432	68	Port Input	14	882269	11953	1
S1012432	69	Picture	20	882329	0	1	11666	1	0	next	hit	938
S1012432	69	Port Input	15	885119	2790	1
S1012432	69	Port Input	14	885119	2790	1
S1012432	69	Port Input	15	885119	2790	1
S1012432	69	Port Input	14	885119	2790	1
S1012432	69	Port Input	15	885119	2791	1
S1012432	69	Port Input	14	893928	11599	1
S1012432	69	Response	22	893928	11599	1
S1012432	69	Port Input	15	893928	11599	1
S1012432	69	Port Input	14	893929	11600	5
S1012432	70	Picture	20	893995	0	1	11250	1	0	next	hit	948
S1012432	70	Port Input	15	896389	2394	1
S1012432	70	Port Input	14	896389	2394	1
S1012432	70	Port Input	15	896389	2394	1
S1012432	70	Port Input	14	896389	2394	1
S1012432	70	Port Input	15	896389	2395	1
S1012432	70	Port Input	14	905231	11236	1
S1012432	70	Response	22	905231	11236	1
S1012432	70	Port Input	15	905231	11236	1
S1012432	70	Port Input	14	905242	11247	1
S1012432	70	Port Input	15	905242	11247	1
S1012432	70	Port Input	14	905242	11247	1
S1012432	70	Port Input	15	905242	11247	1
S1012432	70	Port Input	14	905244	11249	1
S1012432	70	Port Input	15	905244	11249	1
S1012432	70	Port Input	14	905244	11249	1
S1012432	70	Port Input	15	905244	11249	1
S1012432	70	Port Input	14	905244	11249	1
S1012432	71	Picture	20	905245	0	1	11944	1	0	next	hit	964
S1012432	71	Port Input	15	907474	2230	1
S1012432	71	Port Input	14	907474	2230	1
S1012432	71	Port Input	15	907474	2230	1
S1012432	71	Port Input	14	917116	11871	1
S1012432	71	Response	22	917116	11871	1
S1012432	72	Picture	20	917189	0	1	11597	1	0	next	hit	968
S1012432	72	Port Input	15	919684	2496	1
S1012432	72	Port Input	14	928749	11560	1
S1012432	72	Response	22	928749	11560	1
S1012432	72	Port Input	15	928750	11561	1
S1012432	72	Port Input	14	928750	11562	3
S1012432	73	Picture	20	928785	0	1	11388	1	0	next	hit	976
S1012432	73	Port Input	15	931242	2456	1
S1012432	73	Port Input	14	931242	2456	1
S1012432	73	Port Input	15	931242	2456	1
S1012432	73	Port Input	14	940151	11366	1
S1012432	73	Response	22	940151	11366	1
S1012432	73	Port Input	15	940151	11366	1
S1012432	73	Port Input	14	940152	11366	1
S1012432	74	Picture	20	940174	0	1	11250	1	0	next	hit	982
S1012432	74	Port Input	15	942389	2215	1
S1012432	74	Port Input	14	951370	11196	1
S1012432	74	Response	22	951370	11196	1
S1012432	75	Picture	20	951423	0	1	10347	1	0	next	hit	1004
S1012432	75	Port Input	15	953795	2371	1
S1012432	75	Port Input	14	953795	2371	1
S1012432	75	Port Input	15	953795	2372	1
S1012432	75	Port Input	14	953795	2372	1
S1012432	75	Port Input	15	953795	2372	1
S1012432	75	Port Input	14	953795	2372	1
S1012432	75	Port Input	15	953795	2372	1
S1012432	75	Port Input	14	953796	2372	1
S1012432	75	Port Input	15	953796	2373	1
S1012432	75	Port Input	14	953796	2373	1
S1012432	75	Port Input	15	953796	2373	1
S1012432	75	Port Input	14	953797	2373	1
S1012432	75	Port Input	15	953798	2374	1
S1012432	75	Port Input	14	953798	2374	1
S1012432	75	Port Input	15	953798	2374	1
S1012432	75	Port Input	14	953798	2374	1
S1012432	75	Port Input	15	953798	2375	1
S1012432	75	Port Input	14	953800	2377	1
S1012432	75	Port Input	15	953800	2377	1
S1012432	75	Port Input	14	961756	10333	1
S1012432	75	Response	22	961756	10333	1
S1012432	75	Port Input	15	961756	10333	1
S1012432	75	Port Input	14	961757	10333	1
S1012432	76	Picture	20	961770	0	1	10972	1	0	next	hit	1016
S1012432	76	Port Input	15	963575	1805	1
S1012432	76	Port Input	14	963575	1805	1
S1012432	76	Port Input	15	963575	1805	1
S1012432	76	Port Input	14	963575	1805	1
S1012432	76	Port Input	15	963576	1805	1
S1012432	76	Port Input	14	963576	1805	1
S1012432	76	Port Input	15	963576	1806	1
S1012432	76	Port Input	14	972672	10902	1
S1012432	76	Response	22	972672	10902	1
S1012432	76	Port Input	15	972672	10902	1
S1012432	76	Port Input	14	972672	10902	1
S1012432	77	Picture	20	972742	0	1	11111	1	0	next	hit	1022
S1012432	77	Port Input	15	975043	2301	1
S1012432	77	Port Input	14	983788	11046	1
S1012432	77	Response	22	983788	11046	1
S1012432	77	Port Input	15	983788	11046	1
S1012432	77	Port Input	14	983789	11047	5
S1012432	78	Picture	20	983853	0	1	10833	1	0	next	hit	1028
S1012432	78	Port Input	15	986037	2184	1
S1012432	78	Port Input	14	994651	10798	1
S1012432	78	Response	22	994651	10798	1
S1012432	79	Picture	20	994686	0	1	10347	1	0	next	hit	1032
S1012432	79	Port Input	15	996700	2015	1
S1012432	79	Port Input	14	1004997	10312	1
S1012432	79	Response	22	1004997	10312	1
S1012432	79	Port Input	15	1004997	10312	1
S1012432	79	Port Input	14	1004998	10312	1
S1012432	80	Picture	20	1005033	0	1	11875	1	0	next	hit	1040
S1012432	80	Port Input	15	1007417	2384	1
S1012432	80	Port Input	14	1007417	2385	1
S1012432	80	Port Input	15	1007417	2385	1
S1012432	80	Port Input	14	1016898	11866	1
S1012432	80	Response	22	1016898	11866	1
S1012432	80	Port Input	15	1016898	11866	1
S1012432	80	Port Input	14	1016900	11867	3
S1012432	81	Picture	20	1016907	0	1	10000	1	0	next	hit	1046
S1012432	81	Port Input	15	1018511	1604	1
S1012432	81	Port Input	14	1026890	9982	1
S1012432	81	Response	22	1026890	9982	1
S1012432	81	Port Input	15	1026890	9982	1
S1012432	81	Port Input	14	1026890	9983	1
S1012432	82	Picture	20	1026907	0	1	11319	1	0	next	hit	1056
S1012432	82	Port Input	15	1029238	2331	1
S1012432	82	Port Input	14	1029238	2331	1
S1012432	82	Port Input	15	1029238	2331	1
S1012432	82	Port Input	14	1029238	2331	1
S1012432	82	Port Input	15	1029238	2332	1
S1012432	82	Port Input	14	1038154	11247	1
S1012432	82	Response	22	1038154	11247	1
S1012432	82	Port Input	15	1038154	11247	1
S1012432	82	Port Input	14	1038154	11247	1
S1012432	83	Picture	20	1038226	0	1	11458	1	0	next	hit	1062
S1012432	83	Port Input	15	1040155	1929	1
S1012432	83	Port Input	14	1049635	11409	1
S1012432	83	Response	22	1049635	11409	1
S1012432	83	Port Input	15	1049635	11409	1
S1012432	83	Port Input	14	1049636	11410	4
S1012432	84	Picture	20	1049684	0	1	11527	1	0	next	hit	1070
S1012432	84	Port Input	15	1052037	2353	1
S1012432	84	Port Input	14	1052037	2353	1
S1012432	84	Port Input	15	1052037	2353	1
S1012432	84	Port Input	14	1061183	11499	1
S1012432	84	Response	22	1061183	11499	1
S1012432	85	Picture	20	1061211	0	1	12500	1	0	next	hit	1076
S1012432	85	Port Input	15	1063731	2520	1
S1012432	85	Port Input	14	1063731	2520	1
S1012432	85	Port Input	15	1063731	2520	1
S1012432	85	Port Input	14	1073678	12467	1
S1012432	85	Response	22	1073678	12467	1
S1012432	85	Port Input	15	1073678	12467	1
S1012432	85	Port Input	14	1073678	12467	1
S1012432	86	Picture	20	1073711	0	1	11458	1	0	next	hit	1088
S1012432	86	Port Input	15	1075867	2157	1
S1012432	86	Port Input	14	1075867	2157	1
S1012432	86	Port Input	15	1075868	2157	1
S1012432	86	Port Input	14	1075868	2157	1
S1012432	86	Port Input	15	1075868	2157	1
S1012432	86	Port Input	14	1075868	2158	1
S1012432	86	Port Input	15	1075869	2158	1
S1012432	86	Port Input	14	1085134	11423	1
S1012432	86	Response	22	1085134	11423	1
S1012432	86	Port Input	15	1085134	11423	1
S1012432	86	Port Input	14	1085134	11423	1
S1012432	87	Picture	20	1085169	0	1	11944	1	0	next	hit	1098
S1012432	87	Port Input	15	1087570	2401	1
S1012432	87	Port Input	14	1087570	2401	1
S1012432	87	Port Input	15	1087570	2402	1
S1012432	87	Port Input	14	1087570	2402	1
S1012432	87	Port Input	15	1087570	2402	1
S1012432	87	Port Input	14	1097103	11934	1
S1012432	87	Response	22	1097103	11934	1
S1012432	87	Port Input	15	1097103	11934	1
S1012432	87	Port Input	14	1097103	11935	1
S1012432	87	Port Input	15	1097109	11940	1
S1012432	87	Port Input	14	1097109	11940	1
S1012432	87	Port Input	15	1097109	11940	1
S1012432	87	Port Input	14	1097109	11941	1
S1012432	87	Port Input	15	1097110	11941	1
S1012432	87	Port Input	14	1097110	11941	1
S1012432	87	Port Input	15	1097110	11941	1
S1012432	87	Port Input	14	1097110	11941	1
S1012432	88	Picture	20	1097113	0	1	11111	1	0	next	hit	1112
S1012432	88	Port Input	15	1099231	2118	1
S1012432	88	Port Input	14	1108200	11087	1
S1012432	88	Response	22	1108200	11087	1
S1012432	89	Picture	20	1108223	0	1	11736	1	0	next	hit	1120
S1012432	89	Port Input	15	1110410	2187	1
S1012432	89	Port Input	14	1110410	2187	1
S1012432	89	Port Input	15	1110411	2187	1
S1012432	89	Port Input	14	1110411	2187	1
S1012432	89	Port Input	15	1110411	2187	1
S1012432	89	Port Input	14	1119904	11680	1
S1012432	89	Response	22	1119904	11680	1
S1012432	89	Port Input	15	1119904	11681	1
S1012432	89	Port Input	14	1119904	11681	1
S1012432	90	Picture	20	1119959	0	1	11666	1	0	next	hit	1126
S1012432	90	Port Input	15	1122583	2624	1
S1012432	90	Port Input	14	1131582	11623	1
S1012432	90	Response	22	1131582	11623	1
S1012432	90	Port Input	15	1131582	11623	1
S1012432	90	Port Input	14	1131584	11625	4
S1012432	91	Picture	20	1131625	0	1	11736	1	0	next	hit	1158
S1012432	91	Port Input	15	1134151	2526	1
S1012432	91	Port Input	14	1134151	2526	1
S1012432	91	Port Input	15	1134151	2526	1
S1012432	91	Port Input	14	1134151	2526	1
S1012432	91	Port Input	15	1134152	2526	1
S1012432	91	Port Input	14	1134152	2526	1
S1012432	91	Port Input	15	1134152	2527	1
S1012432	91	Port Input	14	1134152	2527	1
S1012432	91	Port Input	15	1134152	2527	1
S1012432	91	Port Input	14	1134152	2527	1
S1012432	91	Port Input	15	1134153	2528	1
S1012432	91	Port Input	14	1134153	2528	1
S1012432	91	Port Input	15	1134153	2528	1
S1012432	91	Port Input	14	1134154	2528	1
S1012432	91	Port Input	15	1134154	2529	1
S1012432	91	Port Input	14	1134154	2529	1
S1012432	91	Port Input	15	1134154	2529	1
S1012432	91	Port Input	14	1134154	2529	1
S1012432	91	Port Input	15	1134154	2529	1
S1012432	91	Port Input	14	1134155	2529	1
S1012432	91	Port Input	15	1134156	2531	1
S1012432	91	Port Input	14	1134156	2531	1
S1012432	91	Port Input	15	1134156	2531	1
S1012432	91	Port Input	14	1134156	2531	1
S1012432	91	Port Input	15	1134156	2531	1
S1012432	91	Port Input	14	1134156	2531	1
S1012432	91	Port Input	15	1134156	2531	1
S1012432	91	Port Input	14	1143312	11687	1
S1012432	91	Response	22	1143312	11687	1
S1012432	91	Port Input	15	1143312	11687	1
S1012432	91	Port Input	14	1143314	11688	4
S1012432	92	Picture	20	1143361	0	1	11874	1	0	next	hit	1168
S1012432	92	Port Input	15	1145884	2523	1
S1012432	92	Port Input	14	1145884	2523	1
S1012432	92	Port Input	15	1145884	2523	1
S1012432	92	Port Input	14	1145884	2524	1
S1012432	92	Port Input	15	1145884	2524	1
S1012432	92	Port Input	14	1155180	11819	1
S1012432	92	Response	22	1155180	11819	1
S1012432	92	Port Input	15	1155180	11819	1
S1012432	92	Port Input	14	1155180	11819	1
S1012432	92	Port Input	15	1155180	11819	1
S1012432	92	Port Input	14	1155180	11819	1
S1012432	92	Port Input	15	1155185	11824	2
S1012432	92	Port Input	14	1155186	11825	1
S1012432	92	Port Input	15	1155186	11825	1
S1012432	92	Port Input	14	1155186	11825	1
S1012432	92	Port Input	15	1155187	11826	1
S1012432	92	Port Input	14	1155187	11827	1
S1012432	93	Picture	20	1155235	0	1	12500	1	0	next	hit	1226
S1012432	93	Port Input	15	1156146	910	1
S1012432	93	Port Input	14	1156146	910	1
S1012432	93	Port Input	15	1157153	1918	1
S1012432	93	Port Input	14	1157153	1918	1
S1012432	93	Port Input	15	1157154	1919	1
S1012432	93	Port Input	14	1157154	1919	1
S1012432	93	Port Input	15	1157161	1926	1
S1012432	93	Port Input	14	1157161	1926	1
S1012432	93	Port Input	15	1157162	1927	1
S1012432	93	Port Input	14	1157163	1927	1
S1012432	93	Port Input	15	1157169	1933	1
S1012432	93	Port Input	14	1157169	1933	1
S1012432	93	Port Input	15	1157170	1934	1
S1012432	93	Port Input	14	1157170	1934	1
S1012432	93	Port Input	15	1157172	1937	1
S1012432	93	Port Input	14	1157172	1937	1
S1012432	93	Port Input	15	1157177	1942	1
S1012432	93	Port Input	14	1157177	1942	1
S1012432	93	Port Input	15	1157721	2486	1
S1012432	93	Port Input	14	1157721	2486	1
S1012432	93	Port Input	15	1157722	2486	1
S1012432	93	Port Input	14	1157722	2486	1
S1012432	93	Port Input	15	1157722	2487	1
S1012432	93	Port Input	14	1157722	2487	1
S1012432	93	Port Input	15	1157722	2487	1
S1012432	93	Port Input	14	1157722	2487	1
S1012432	93	Port Input	15	1157723	2487	1
S1012432	93	Port Input	14	1157723	2487	1
S1012432	93	Port Input	15	1157723	2488	1
S1012432	93	Port Input	14	1157723	2488	1
S1012432	93	Port Input	15	1157723	2488	1
S1012432	93	Port Input	14	1157723	2488	1
S1012432	93	Port Input	15	1157724	2488	1
S1012432	93	Port Input	14	1157724	2488	1
S1012432	93	Port Input	15	1157724	2488	1
S1012432	93	Port Input	14	1157724	2488	1
S1012432	93	Port Input	15	1157724	2489	1
S1012432	93	Port Input	14	1157724	2489	1
S1012432	93	Port Input	15	1157724	2489	1
S1012432	93	Port Input	14	1157724	2489	1
S1012432	93	Port Input	15	1157724	2489	1
S1012432	93	Port Input	14	1157724	2489	1
S1012432	93	Port Input	15	1157724	2489	1
S1012432	93	Port Input	14	1157724	2489	1
S1012432	93	Port Input	15	1157725	2489	1
S1012432	93	Port Input	14	1167713	12478	1
S1012432	93	Response	22	1167713	12478	1
S1012432	93	Port Input	15	1167714	12478	1
S1012432	93	Port Input	14	1167714	12478	1
S1012432	93	Port Input	15	1167720	12484	1
S1012432	93	Port Input	14	1167720	12484	1
S1012432	93	Port Input	15	1167720	12485	1
S1012432	93	Port Input	14	1167720	12485	1
S1012432	93	Port Input	15	1167723	12488	1
S1012432	93	Port Input	14	1167723	12488	1
S1012432	94	Picture	20	1167735	0	1	12708	1	0	next	hit	1240
S1012432	94	Port Input	15	1170360	2625	1
S1012432	94	Port Input	14	1170360	2625	1
S1012432	94	Port Input	15	1170361	2626	1
S1012432	94	Port Input	14	1180390	12655	1
S1012432	94	Response	22	1180390	12655	1
S1012432	95	Picture	20	1180443	0	1	11944	1	0	next	hit	1246
S1012432	95	Port Input	15	1183273	2830	1
S1012432	95	Port Input	14	1183273	2830	1
S1012432	95	Port Input	15	1183273	2830	1
S1012432	95	Port Input	14	1192310	11867	1
S1012432	95	Response	22	1192310	11867	1
S1012432	95	Port Input	15	1192311	11868	1
S1012432	95	Port Input	14	1192311	11868	1
S1012432	96	Picture	20	1192387	0	1	12638	1	0	next	hit	1252
S1012432	96	Port Input	15	1195425	3038	1
S1012432	96	Port Input	14	1204980	12593	1
S1012432	96	Response	22	1204980	12593	1
S1012432	96	Port Input	15	1204981	12594	1
S1012432	96	Port Input	14	1204981	12595	4
S1012432	97	Picture	20	1205025	0	1	12361	1	0	next	hit	1258
S1012432	97	Port Input	15	1207529	2504	1
S1012432	97	Port Input	14	1217369	12344	1
S1012432	97	Response	22	1217369	12344	1
S1012432	97	Port Input	15	1217370	12344	1
S1012432	97	Port Input	14	1217370	12344	1
S1012432	98	Picture	20	1217386	0	1	11805	1	0	next	hit	1268
S1012432	98	Port Input	15	1219867	2481	1
S1012432	98	Port Input	14	1219868	2482	1
S1012432	98	Port Input	15	1219868	2482	1
S1012432	98	Port Input	14	1219868	2482	1
S1012432	98	Port Input	15	1219868	2482	1
S1012432	98	Port Input	14	1229133	11747	1
S1012432	98	Response	22	1229133	11747	1
S1012432	99	Picture	20	1229191	0	1	13055	1	0	next	hit	1278
S1012432	99	Port Input	15	1231911	2720	1
S1012432	99	Port Input	14	1231911	2720	1
S1012432	99	Port Input	15	1231911	2720	1
S1012432	99	Port Input	14	1231911	2720	1
S1012432	99	Port Input	15	1231911	2720	1
S1012432	99	Port Input	14	1231911	2720	1
S1012432	99	Port Input	15	1231912	2720	1
S1012432	99	Port Input	14	1242184	12993	1
S1012432	99	Response	22	1242184	12993	1
S1012432	99	Port Input	15	1242184	12993	1
S1012432	99	Port Input	14	1242184	12993	1
S1012432	100	Picture	20	1242246	0	1	13749	1	0	next	hit	1290
S1012432	100	Port Input	15	1244850	2604	1
S1012432	100	Port Input	14	1244850	2604	1
S1012432	100	Port Input	15	1244850	2604	1
S1012432	100	Port Input	14	1244850	2604	1
S1012432	100	Port Input	15	1244851	2604	1
S1012432	100	Port Input	14	1244851	2604	1
S1012432	100	Port Input	15	1244851	2604	1
S1012432	100	Port Input	14	1255944	13698	1
S1012432	100	Response	22	1255944	13698	1
S1012432	101	Picture	20	1255996	0	1	11944	1	0	next	hit	1300
S1012432	101	Port Input	15	1258722	2726	1
S1012432	101	Port Input	14	1258722	2727	1
S1012432	101	Port Input	15	1258722	2727	1
S1012432	101	Port Input	14	1258722	2727	1
S1012432	101	Port Input	15	1258723	2727	1
S1012432	101	Port Input	14	1258723	2727	1
S1012432	101	Port Input	15	1258723	2727	1
S1012432	101	Port Input	14	1267924	11928	1
S1012432	101	Response	22	1267924	11928	1
S1012432	102	Picture	20	1267940	0	1	12291	1	0	next	hit	1310
S1012432	102	Port Input	15	1270587	2647	1
S1012432	102	Port Input	14	1270587	2647	1
S1012432	102	Port Input	15	1270588	2648	1
S1012432	102	Port Input	14	1270588	2648	1
S1012432	102	Port Input	15	1270589	2649	1
S1012432	102	Port Input	14	1270589	2649	1
S1012432	102	Port Input	15	1270589	2649	1
S1012432	102	Port Input	14	1279675	11736	1
S1012432	102	Response	22	1279675	11736	1
S1012432	102	Port Input	15	1279675	11736	1
S1012432	102	Port Input	14	1279676	11736	1
S1012432	102	Port Input	15	1279676	11736	1
S1012432	102	Port Input	14	1279678	11738	1
S1012432	103	Port Input	15	1282205	2474	1
S1012432	103	Port Input	14	1282205	2474	1
S1012432	103	Port Input	15	1282206	2475	1
S1012432	103	Port Input	14	1282206	2475	1
S1012432	103	Port Input	15	1282206	2475	1
