Scenario - passive press generic training 1.2
Logfile written - 02/16/2021 17:57:23

Subject	Trial	Event Type	Code	Time	TTime	Uncertainty	Duration	Uncertainty	ReqTime	ReqDur	Stim Type	Pair Index

S1015073	1	Picture	83	166	0	1	5005	2	0	4950	other	0
S1015073	1	Picture	82	10176	10010	1	5005	2	9950	4950	other	0
S1015073	1	Picture	81	20186	20020	1	5005	2	19950	4950	other	0
S1015073	1	Picture	80	30195	30029	2	5005	4	29950	4950	other	0
S1015073	1	Picture	81	40205	40039	1	10010	2	39950	9950	other	0
S1015073	1	Port Input	14	45302	45136	1
S1015073	1	Port Input	15	45302	45136	1
S1015073	1	Port Input	14	45302	45136	1
S1015073	1	Port Input	15	45302	45136	1
S1015073	1	Port Input	14	45302	45136	1
S1015073	1	Port Input	15	45302	45136	2
S1015073	1	Response	100	45302	45136	1
S1015073	1	Port Input	14	45303	45137	1
S1015073	1	Port Input	15	45303	45137	1
S1015073	1	Port Input	14	45303	45137	1
S1015073	1	Port Input	15	45303	45137	1
S1015073	1	Port Input	14	45303	45137	1
S1015073	1	Port Input	15	45305	45139	1
S1015073	1	Port Input	14	45305	45139	1
S1015073	1	Port Input	15	45306	45140	1
S1015073	1	Port Input	14	45306	45140	1
S1015073	1	Port Input	15	45306	45140	1
S1015073	1	Port Input	14	45306	45140	1
S1015073	1	Port Input	15	45308	45142	1
S1015073	1	Port Input	14	45308	45142	1
S1015073	1	Port Input	15	45452	45286	1
S1015073	1	Port Input	14	45452	45286	1
S1015073	1	Port Input	15	45455	45289	1
S1015073	1	Port Input	14	45455	45289	1
S1015073	1	Port Input	15	45479	45313	1
S1015073	1	Port Input	14	45479	45313	1
S1015073	1	Port Input	15	45479	45313	1
S1015073	1	Port Input	14	45479	45313	1
S1015073	1	Port Input	15	45479	45313	1
S1015073	1	Port Input	14	45479	45313	1
S1015073	1	Port Input	15	45479	45313	1
S1015073	1	Port Input	14	45479	45313	1
S1015073	1	Port Input	15	45490	45324	1
S1015073	1	Port Input	14	45490	45324	1
S1015073	1	Port Input	15	45494	45328	1
S1015073	1	Port Input	14	45494	45328	1
S1015073	1	Port Input	15	45495	45329	1
S1015073	1	Port Input	14	45495	45329	1
S1015073	1	Port Input	15	45496	45330	1
S1015073	1	Port Input	14	45496	45330	1
S1015073	1	Port Input	15	45497	45331	1
S1015073	1	Port Input	14	45497	45331	1
S1015073	1	Port Input	15	45497	45331	1
S1015073	1	Port Input	14	45497	45331	1
S1015073	1	Port Input	15	45497	45331	1
S1015073	1	Port Input	14	45497	45331	1
S1015073	1	Port Input	15	45497	45331	1
S1015073	1	Port Input	14	45498	45332	1
S1015073	1	Port Input	15	45498	45332	1
S1015073	1	Port Input	14	45498	45332	1
S1015073	1	Port Input	15	45499	45333	1
S1015073	1	Port Input	14	45499	45333	1
S1015073	1	Port Input	15	45500	45334	1
S1015073	1	Port Input	14	45500	45334	1
S1015073	1	Port Input	15	45501	45335	1
S1015073	1	Port Input	14	45501	45335	1
S1015073	1	Port Input	15	45501	45335	1
S1015073	1	Port Input	14	45501	45335	1
S1015073	1	Port Input	15	45501	45335	1
S1015073	1	Port Input	14	45501	45335	1
S1015073	1	Port Input	15	45502	45336	1
S1015073	1	Port Input	14	45502	45336	1
S1015073	1	Port Input	15	45502	45336	1
S1015073	1	Port Input	14	45502	45336	1
S1015073	1	Port Input	15	45502	45336	1
S1015073	1	Port Input	14	45502	45336	1
S1015073	1	Port Input	15	45502	45336	2
S1015073	1	Port Input	14	45503	45337	1
S1015073	1	Port Input	15	45503	45337	1
S1015073	1	Port Input	14	45503	45337	1
S1015073	1	Port Input	15	45504	45338	1
S1015073	1	Port Input	14	45504	45338	1
S1015073	1	Port Input	15	45505	45339	1
S1015073	1	Port Input	14	45505	45339	1
S1015073	1	Port Input	15	45511	45345	1
S1015073	1	Port Input	14	45511	45345	1
S1015073	1	Port Input	15	45514	45348	1
S1015073	1	Port Input	14	45514	45348	1
S1015073	1	Port Input	15	45547	45381	1
S1015073	1	Port Input	14	45547	45381	1
S1015073	1	Port Input	15	45549	45383	1
S1015073	1	Port Input	14	45549	45383	1
S1015073	1	Port Input	15	45553	45387	1
S1015073	1	Port Input	14	45553	45387	1
S1015073	1	Port Input	15	45553	45387	1
S1015073	1	Port Input	14	45553	45387	1
S1015073	1	Port Input	15	45554	45388	1
S1015073	1	Port Input	14	45554	45388	1
S1015073	1	Port Input	15	45554	45388	1
S1015073	1	Port Input	14	45554	45388	1
S1015073	1	Port Input	15	45557	45391	1
S1015073	1	Port Input	14	45557	45391	1
S1015073	1	Port Input	15	45559	45393	1
S1015073	1	Port Input	14	45559	45393	1
S1015073	1	Port Input	15	45560	45394	1
S1015073	1	Port Input	14	45560	45394	1
S1015073	1	Port Input	15	45560	45394	1
S1015073	1	Port Input	14	45560	45394	1
S1015073	1	Port Input	15	45561	45395	1
S1015073	1	Port Input	14	45561	45395	1
S1015073	1	Port Input	15	45562	45396	1
S1015073	1	Port Input	14	45562	45396	1
S1015073	1	Port Input	15	45563	45397	1
S1015073	1	Port Input	14	45563	45397	1
S1015073	1	Port Input	15	45563	45397	1
S1015073	1	Port Input	14	45563	45397	1
S1015073	1	Port Input	15	45563	45397	1
S1015073	1	Port Input	14	45563	45397	1
S1015073	1	Port Input	15	45564	45398	1
S1015073	1	Port Input	14	45564	45398	1
S1015073	1	Port Input	15	45564	45398	1
S1015073	1	Port Input	14	45564	45398	1
S1015073	1	Port Input	15	45566	45400	1
S1015073	1	Port Input	14	45566	45400	2
S1015073	1	Port Input	15	45567	45401	1
S1015073	1	Port Input	14	45567	45401	1
S1015073	1	Port Input	15	45567	45401	1
S1015073	1	Port Input	14	45567	45401	1
S1015073	1	Port Input	15	45570	45404	1
S1015073	1	Port Input	14	45570	45404	1
S1015073	1	Port Input	15	45573	45407	1
S1015073	1	Port Input	14	45573	45407	1
S1015073	1	Port Input	15	45575	45409	1
S1015073	1	Port Input	14	45575	45409	1
S1015073	1	Port Input	15	45581	45415	1
S1015073	1	Port Input	14	45581	45415	1
S1015073	1	Port Input	15	45586	45420	1
S1015073	1	Port Input	14	45586	45420	1
S1015073	1	Port Input	15	45590	45424	1
S1015073	1	Port Input	14	45590	45424	1
S1015073	1	Port Input	15	45596	45430	1
S1015073	1	Port Input	14	45596	45430	1
S1015073	1	Port Input	15	47484	47318	1
S1015073	1	Port Input	14	47484	47318	1
S1015073	1	Port Input	15	47487	47321	1
S1015073	1	Port Input	14	47487	47321	2
S1015073	1	Port Input	15	47490	47324	1
S1015073	1	Port Input	14	47490	47324	1
S1015073	1	Port Input	15	47493	47327	1
S1015073	1	Port Input	14	47493	47327	1
S1015073	1	Port Input	15	47496	47330	1
S1015073	1	Port Input	14	47496	47330	1
S1015073	1	Port Input	15	48087	47921	1
S1015073	1	Port Input	14	48087	47921	1
S1015073	1	Port Input	15	48092	47926	1
S1015073	1	Port Input	14	48092	47926	1
S1015073	1	Port Input	15	48093	47927	1
S1015073	1	Port Input	14	48093	47927	1
S1015073	1	Port Input	15	48095	47929	1
S1015073	1	Port Input	14	48096	47930	1
S1015073	1	Port Input	15	48096	47930	1
S1015073	1	Port Input	14	48096	47930	1
S1015073	1	Port Input	15	48097	47931	1
S1015073	1	Port Input	14	48097	47931	1
S1015073	1	Port Input	15	48097	47931	1
S1015073	1	Port Input	14	48097	47931	1
S1015073	1	Port Input	15	48097	47931	1
S1015073	1	Port Input	14	48097	47931	1
S1015073	1	Port Input	15	48097	47931	1
S1015073	1	Port Input	14	48097	47931	1
S1015073	1	Port Input	15	48098	47932	1
S1015073	1	Port Input	14	48098	47932	1
S1015073	1	Port Input	15	48098	47932	1
S1015073	1	Port Input	14	48098	47932	1
S1015073	1	Port Input	15	48099	47933	1
S1015073	1	Port Input	14	48099	47933	1
S1015073	1	Port Input	15	48099	47933	1
S1015073	1	Port Input	14	48099	47933	1
S1015073	1	Port Input	15	48099	47933	1
S1015073	1	Port Input	14	48099	47933	1
S1015073	1	Port Input	15	48099	47933	1
S1015073	1	Port Input	14	48099	47933	1
S1015073	1	Port Input	15	48099	47933	2
S1015073	1	Port Input	14	48099	47933	2
S1015073	1	Port Input	15	48100	47934	1
S1015073	1	Port Input	14	48100	47934	1
S1015073	1	Port Input	15	48100	47934	1
S1015073	1	Port Input	14	48100	47934	1
S1015073	1	Port Input	15	48100	47934	1
S1015073	1	Port Input	14	48100	47934	1
S1015073	1	Port Input	15	48100	47934	1
S1015073	1	Port Input	14	48101	47935	1
S1015073	1	Port Input	15	48101	47935	1
S1015073	1	Port Input	14	48101	47935	1
S1015073	1	Port Input	15	48101	47935	1
S1015073	1	Port Input	14	48101	47935	1
S1015073	1	Port Input	15	48101	47935	1
S1015073	1	Port Input	14	48102	47936	1
S1015073	1	Port Input	15	48102	47936	1
S1015073	1	Port Input	14	48102	47936	1
S1015073	1	Port Input	15	48102	47936	1
S1015073	1	Picture	81	60225	60059	1	10010	2	59950	9950	other	0
S1015073	1	Port Input	14	62869	62703	1
S1015073	1	Response	100	62869	62703	2
S1015073	1	Port Input	15	62870	62704	1
S1015073	1	Port Input	14	62873	62707	1
S1015073	1	Port Input	15	62873	62707	1
S1015073	1	Port Input	14	62873	62707	1
S1015073	1	Port Input	15	62873	62707	1
S1015073	1	Port Input	14	62873	62707	1
S1015073	1	Port Input	15	62873	62707	1
S1015073	1	Port Input	14	62874	62708	1
S1015073	1	Port Input	15	62874	62708	1
S1015073	1	Port Input	14	62874	62708	1
S1015073	1	Port Input	15	62874	62708	1
S1015073	1	Port Input	14	62874	62708	1
S1015073	1	Port Input	15	62875	62709	1
S1015073	1	Port Input	14	62875	62709	1
S1015073	1	Port Input	15	63051	62885	1
S1015073	1	Port Input	14	63051	62885	1
S1015073	1	Port Input	15	63053	62887	1
S1015073	1	Port Input	14	63053	62887	1
S1015073	1	Port Input	15	63054	62888	1
S1015073	1	Port Input	14	63054	62888	1
S1015073	1	Port Input	15	63056	62890	1
S1015073	1	Port Input	14	63056	62890	1
S1015073	1	Port Input	15	63058	62892	1
S1015073	1	Port Input	14	63058	62892	1
S1015073	1	Port Input	15	63061	62895	1
S1015073	1	Port Input	14	63061	62895	1
S1015073	1	Port Input	15	63061	62895	1
S1015073	1	Port Input	14	63061	62895	1
S1015073	1	Port Input	15	63062	62896	1
S1015073	1	Port Input	14	63062	62896	1
S1015073	1	Port Input	15	63062	62896	1
S1015073	1	Port Input	14	63062	62896	1
S1015073	1	Port Input	15	63064	62898	1
S1015073	1	Port Input	14	63064	62898	1
S1015073	1	Port Input	15	63064	62898	1
S1015073	1	Port Input	14	63064	62898	1
S1015073	1	Port Input	15	63064	62898	1
S1015073	1	Port Input	14	63065	62899	1
S1015073	1	Port Input	15	63065	62899	1
S1015073	1	Port Input	14	63065	62899	1
S1015073	1	Port Input	15	63065	62899	1
S1015073	1	Port Input	14	63065	62899	1
S1015073	1	Port Input	15	63065	62899	1
S1015073	1	Port Input	14	63065	62899	1
S1015073	1	Port Input	15	63066	62900	1
S1015073	1	Port Input	14	63066	62900	1
S1015073	1	Port Input	15	63066	62900	1
S1015073	1	Port Input	14	63066	62900	1
S1015073	1	Port Input	15	63066	62900	1
S1015073	1	Port Input	14	63066	62900	1
S1015073	1	Port Input	15	63066	62900	1
S1015073	1	Port Input	14	63066	62900	1
S1015073	1	Port Input	15	63068	62902	1
S1015073	1	Port Input	14	63068	62902	1
S1015073	1	Port Input	15	63069	62903	1
S1015073	1	Port Input	14	63069	62903	1
S1015073	1	Port Input	15	63069	62903	1
S1015073	1	Port Input	14	63069	62903	1
S1015073	1	Port Input	15	63070	62904	1
S1015073	1	Port Input	14	63070	62904	1
S1015073	1	Port Input	15	63071	62905	1
S1015073	1	Port Input	14	63071	62905	1
S1015073	1	Port Input	15	63071	62905	1
S1015073	1	Port Input	14	63071	62905	1
S1015073	1	Port Input	15	63073	62907	1
S1015073	1	Port Input	14	63073	62907	1
S1015073	1	Port Input	15	63074	62908	1
S1015073	1	Port Input	14	63074	62908	1
S1015073	1	Port Input	15	63074	62908	1
S1015073	1	Port Input	14	63074	62908	1
S1015073	1	Port Input	15	63078	62912	1
S1015073	1	Port Input	14	63078	62912	1
S1015073	1	Port Input	15	63079	62913	1
S1015073	1	Port Input	14	63079	62913	1
S1015073	1	Port Input	15	63081	62915	1
S1015073	1	Port Input	14	63081	62915	1
S1015073	1	Port Input	15	63081	62915	1
S1015073	1	Port Input	14	63081	62915	1
S1015073	1	Port Input	15	63082	62916	1
S1015073	1	Port Input	14	63082	62916	1
S1015073	1	Port Input	15	63083	62917	1
S1015073	1	Port Input	14	63083	62917	1
S1015073	1	Port Input	15	63083	62917	1
S1015073	1	Port Input	14	63083	62917	1
S1015073	1	Port Input	15	63088	62922	1
S1015073	1	Port Input	14	63088	62922	1
S1015073	1	Port Input	15	63090	62924	1
S1015073	1	Port Input	14	63090	62924	1
S1015073	1	Port Input	15	63092	62926	1
S1015073	1	Port Input	14	63092	62926	1
S1015073	1	Port Input	15	65090	64924	1
S1015073	1	Port Input	14	65090	64924	1
S1015073	1	Port Input	15	65094	64928	1
S1015073	1	Port Input	14	65094	64928	1
S1015073	1	Port Input	15	65095	64929	1
S1015073	1	Port Input	14	65095	64929	1
S1015073	1	Port Input	15	65106	64940	1
S1015073	1	Port Input	14	65106	64940	1
S1015073	1	Port Input	15	65107	64941	1
S1015073	1	Port Input	14	65107	64941	1
S1015073	1	Port Input	15	65107	64941	1
S1015073	1	Port Input	14	65107	64941	1
S1015073	1	Port Input	15	65126	64960	1
S1015073	1	Port Input	14	65126	64960	1
S1015073	1	Port Input	15	65130	64964	1
S1015073	1	Port Input	14	65130	64964	1
S1015073	1	Port Input	15	65133	64967	1
S1015073	1	Port Input	14	65133	64967	1
S1015073	1	Port Input	15	65143	64977	1
S1015073	1	Port Input	14	65143	64977	1
S1015073	1	Port Input	15	65154	64988	1
S1015073	1	Port Input	14	65154	64988	1
S1015073	1	Port Input	15	65160	64994	1
S1015073	1	Port Input	14	65160	64994	1
S1015073	1	Port Input	15	65160	64994	1
S1015073	1	Port Input	14	65160	64994	1
S1015073	1	Port Input	15	65171	65005	1
S1015073	1	Port Input	14	65171	65005	1
S1015073	1	Port Input	15	65172	65006	1
S1015073	1	Port Input	14	65172	65006	1
S1015073	1	Port Input	15	65174	65008	1
S1015073	1	Port Input	14	65174	65008	1
S1015073	1	Port Input	15	65176	65010	1
S1015073	1	Port Input	14	65176	65010	1
S1015073	1	Port Input	15	65177	65011	1
S1015073	1	Port Input	14	65177	65011	1
S1015073	1	Port Input	15	65177	65011	1
S1015073	1	Port Input	14	65177	65011	1
S1015073	1	Port Input	15	65178	65012	1
S1015073	1	Port Input	14	65178	65012	1
S1015073	1	Port Input	15	65178	65012	1
S1015073	1	Port Input	14	65178	65012	1
S1015073	1	Port Input	15	65179	65013	1
S1015073	1	Port Input	14	65179	65013	1
S1015073	1	Port Input	15	65179	65013	1
S1015073	1	Port Input	14	65179	65013	1
S1015073	1	Port Input	15	65179	65013	1
S1015073	1	Port Input	14	65179	65013	1
S1015073	1	Port Input	15	65180	65014	1
S1015073	1	Port Input	14	65180	65014	1
S1015073	1	Port Input	15	65180	65014	1
S1015073	1	Port Input	14	65180	65014	2
S1015073	1	Port Input	15	65181	65015	1
S1015073	1	Port Input	14	65181	65015	1
S1015073	1	Port Input	15	65182	65016	1
S1015073	1	Port Input	14	65183	65017	1
S1015073	1	Port Input	15	65183	65017	1
S1015073	1	Port Input	14	65183	65017	1
S1015073	1	Port Input	15	65184	65018	1
S1015073	1	Port Input	14	65184	65018	1
S1015073	1	Port Input	15	65186	65020	1
S1015073	1	Port Input	14	65186	65020	1
S1015073	1	Port Input	15	65186	65020	1
S1015073	1	Port Input	14	65186	65020	1
S1015073	1	Port Input	15	65188	65022	1
S1015073	1	Port Input	14	65188	65022	1
S1015073	1	Port Input	15	65191	65025	1
S1015073	1	Port Input	14	65191	65025	1
S1015073	1	Port Input	15	65191	65025	1
S1015073	1	Port Input	14	65191	65025	1
S1015073	1	Port Input	15	65198	65032	1
S1015073	1	Port Input	14	65198	65032	1
S1015073	1	Port Input	15	65198	65032	1
S1015073	1	Port Input	14	65198	65032	1
S1015073	1	Port Input	15	65200	65034	1
S1015073	1	Port Input	14	65200	65034	1
S1015073	1	Port Input	15	65201	65035	1
S1015073	1	Port Input	14	65201	65035	1
S1015073	1	Port Input	15	65201	65035	1
S1015073	1	Port Input	14	65201	65035	1
S1015073	1	Port Input	15	65202	65036	1
S1015073	1	Port Input	14	65202	65036	1
S1015073	1	Port Input	15	65202	65036	1
S1015073	1	Port Input	14	65202	65036	1
S1015073	1	Port Input	15	65202	65036	1
S1015073	1	Port Input	14	65202	65036	1
S1015073	1	Port Input	15	65211	65045	1
S1015073	1	Port Input	14	65211	65045	1
S1015073	1	Port Input	15	65211	65045	1
S1015073	1	Port Input	14	65211	65045	1
S1015073	1	Port Input	15	65212	65046	1
S1015073	1	Port Input	14	65212	65046	1
S1015073	1	Port Input	15	65213	65047	1
S1015073	1	Port Input	14	65213	65047	1
S1015073	1	Port Input	15	65214	65048	1
S1015073	1	Port Input	14	65214	65048	1
S1015073	1	Port Input	15	65216	65050	1
S1015073	1	Port Input	14	65216	65050	1
S1015073	1	Port Input	15	65219	65053	1
S1015073	1	Port Input	14	65219	65053	1
S1015073	1	Port Input	15	65219	65053	1
S1015073	1	Port Input	14	65219	65053	1
S1015073	1	Port Input	15	65220	65054	1
S1015073	1	Port Input	14	65220	65054	1
S1015073	1	Port Input	15	65221	65055	1
S1015073	1	Port Input	14	65221	65055	1
S1015073	1	Port Input	15	65221	65055	1
S1015073	1	Port Input	14	65221	65055	1
S1015073	1	Port Input	15	65222	65056	1
S1015073	1	Port Input	14	65222	65056	1
S1015073	1	Port Input	15	65223	65057	1
S1015073	1	Port Input	14	65223	65057	1
S1015073	1	Port Input	15	65223	65057	2
S1015073	1	Port Input	14	65224	65058	1
S1015073	1	Port Input	15	65224	65058	1
S1015073	1	Port Input	14	65224	65058	1
S1015073	1	Port Input	15	65224	65058	1
S1015073	1	Port Input	14	65224	65058	1
S1015073	1	Port Input	15	65225	65059	1
S1015073	1	Port Input	14	65225	65059	1
S1015073	1	Port Input	15	65228	65062	1
S1015073	1	Port Input	14	65228	65062	1
S1015073	1	Port Input	15	65228	65062	1
S1015073	1	Port Input	14	65228	65062	1
S1015073	1	Port Input	15	65229	65063	1
S1015073	1	Port Input	14	65229	65063	1
S1015073	1	Port Input	15	65231	65065	1
S1015073	1	Port Input	14	65231	65065	1
S1015073	1	Port Input	15	65231	65065	1
S1015073	1	Port Input	14	65231	65065	1
S1015073	1	Port Input	15	65232	65066	1
S1015073	1	Port Input	14	65232	65066	1
S1015073	1	Port Input	15	65232	65066	1
S1015073	1	Port Input	14	65232	65066	1
S1015073	1	Port Input	15	65236	65070	2
S1015073	1	Port Input	14	65237	65071	1
S1015073	1	Port Input	15	65238	65072	1
S1015073	1	Port Input	14	65238	65072	1
S1015073	1	Port Input	15	65239	65073	1
S1015073	1	Port Input	14	65239	65073	1
S1015073	1	Port Input	15	65241	65075	1
S1015073	1	Port Input	14	65241	65075	1
S1015073	1	Port Input	15	65242	65076	1
S1015073	1	Port Input	14	65242	65076	1
S1015073	1	Port Input	15	65243	65077	1
S1015073	1	Port Input	14	65243	65077	1
S1015073	1	Port Input	15	65245	65079	1
S1015073	1	Port Input	14	65245	65079	1
S1015073	1	Port Input	15	65245	65079	1
S1015073	1	Port Input	14	65245	65079	1
S1015073	1	Port Input	15	65246	65080	1
S1015073	1	Port Input	14	65246	65080	1
S1015073	1	Port Input	15	65247	65081	1
S1015073	1	Port Input	14	65247	65081	2
S1015073	1	Port Input	15	65249	65083	1
S1015073	1	Port Input	14	65249	65083	1
S1015073	1	Port Input	15	65250	65084	1
S1015073	1	Port Input	14	65250	65084	1
S1015073	1	Port Input	15	65252	65086	1
S1015073	1	Port Input	14	65252	65086	1
S1015073	1	Port Input	15	65258	65092	1
S1015073	1	Port Input	14	65258	65092	1
S1015073	1	Port Input	15	65260	65094	1
S1015073	1	Port Input	14	65260	65094	1
S1015073	1	Port Input	15	65260	65094	2
S1015073	1	Port Input	14	65261	65095	1
S1015073	1	Port Input	15	65261	65095	1
S1015073	1	Port Input	14	65261	65095	1
S1015073	1	Port Input	15	65261	65095	1
S1015073	1	Port Input	14	65261	65095	1
S1015073	1	Port Input	15	65271	65105	1
S1015073	1	Port Input	14	65271	65105	2
S1015073	1	Port Input	15	65274	65108	1
S1015073	1	Port Input	14	65274	65108	1
S1015073	1	Port Input	15	65275	65109	1
S1015073	1	Port Input	14	65275	65109	1
S1015073	1	Port Input	15	65276	65110	1
S1015073	1	Port Input	14	65276	65110	1
S1015073	1	Port Input	15	65277	65111	1
S1015073	1	Port Input	14	65277	65111	1
S1015073	1	Port Input	15	65277	65111	1
S1015073	1	Port Input	14	65277	65111	1
S1015073	1	Port Input	15	65277	65111	1
S1015073	1	Port Input	14	65277	65111	1
S1015073	1	Port Input	15	65278	65112	1
S1015073	1	Port Input	14	65278	65112	1
S1015073	1	Port Input	15	65278	65112	1
S1015073	1	Port Input	14	65278	65112	1
S1015073	1	Port Input	15	65278	65112	1
S1015073	1	Port Input	14	65278	65112	1
S1015073	1	Port Input	15	65278	65112	1
S1015073	1	Port Input	14	65278	65112	1
S1015073	1	Port Input	15	65279	65113	1
S1015073	1	Port Input	14	65279	65113	1
S1015073	1	Port Input	15	65279	65113	1
S1015073	1	Port Input	14	65279	65113	1
S1015073	1	Port Input	15	65280	65114	1
S1015073	1	Port Input	14	65280	65114	1
S1015073	1	Port Input	15	65280	65114	1
S1015073	1	Port Input	14	65280	65114	1
S1015073	1	Port Input	15	65280	65114	1
S1015073	1	Port Input	14	65280	65114	1
S1015073	1	Port Input	15	65281	65115	1
S1015073	1	Port Input	14	65281	65115	1
S1015073	1	Port Input	15	65281	65115	1
S1015073	1	Port Input	14	65281	65115	1
S1015073	1	Port Input	15	65281	65115	2
S1015073	1	Port Input	14	65282	65116	1
S1015073	1	Port Input	15	65282	65116	1
S1015073	1	Port Input	14	65282	65116	1
S1015073	1	Port Input	15	65282	65116	1
S1015073	1	Port Input	14	65282	65116	1
S1015073	1	Port Input	15	65283	65117	1
S1015073	1	Port Input	14	65283	65117	1
S1015073	1	Port Input	15	65284	65118	1
S1015073	1	Port Input	14	65284	65118	1
S1015073	1	Port Input	15	65285	65119	1
S1015073	1	Port Input	14	65285	65119	1
S1015073	1	Port Input	15	65285	65119	1
S1015073	1	Port Input	14	65285	65119	1
S1015073	1	Port Input	15	65285	65119	1
S1015073	1	Port Input	14	65285	65119	1
S1015073	1	Port Input	15	65286	65120	1
S1015073	1	Port Input	14	65286	65120	1
S1015073	1	Port Input	15	65286	65120	1
S1015073	1	Port Input	14	65286	65120	1
S1015073	1	Port Input	15	65286	65120	1
S1015073	1	Port Input	14	65286	65120	1
S1015073	1	Port Input	15	65287	65121	1
S1015073	1	Port Input	14	65287	65121	1
S1015073	1	Port Input	15	65287	65121	1
S1015073	1	Port Input	14	65287	65121	1
S1015073	1	Port Input	15	65287	65121	1
S1015073	1	Port Input	14	65287	65121	1
S1015073	1	Port Input	15	65288	65122	1
S1015073	1	Port Input	14	65288	65122	1
S1015073	1	Port Input	15	65288	65122	1
S1015073	1	Port Input	14	65288	65122	1
S1015073	1	Port Input	15	65288	65122	1
S1015073	1	Port Input	14	65288	65122	1
S1015073	1	Port Input	15	65288	65122	1
S1015073	1	Port Input	14	65288	65122	1
S1015073	1	Port Input	15	65289	65123	1
S1015073	1	Port Input	14	65289	65123	1
S1015073	1	Port Input	15	65289	65123	1
S1015073	1	Port Input	14	65289	65123	1
S1015073	1	Port Input	15	65289	65123	1
S1015073	1	Port Input	14	65289	65123	1
S1015073	1	Port Input	15	65290	65124	1
S1015073	1	Port Input	14	65290	65124	1
S1015073	1	Port Input	15	65290	65124	1
S1015073	1	Port Input	14	65290	65124	1
S1015073	1	Port Input	15	65291	65125	1
S1015073	1	Port Input	14	65291	65125	1
S1015073	1	Port Input	15	65291	65125	1
S1015073	1	Port Input	14	65291	65125	1
S1015073	1	Port Input	15	65291	65125	1
S1015073	1	Port Input	14	65291	65125	1
S1015073	1	Port Input	15	65291	65125	1
S1015073	1	Port Input	14	65291	65125	1
S1015073	1	Port Input	15	65291	65125	1
S1015073	1	Port Input	14	65291	65125	2
S1015073	1	Port Input	15	65292	65126	1
S1015073	1	Port Input	14	65292	65126	1
S1015073	1	Port Input	15	65292	65126	1
S1015073	1	Port Input	14	65292	65126	1
S1015073	1	Port Input	15	65292	65126	1
S1015073	1	Port Input	14	65292	65126	1
S1015073	1	Port Input	15	65293	65127	1
S1015073	1	Port Input	14	65293	65127	1
S1015073	1	Port Input	15	65293	65127	1
S1015073	1	Port Input	14	65293	65127	1
S1015073	1	Port Input	15	65293	65127	1
S1015073	1	Port Input	14	65293	65127	1
S1015073	1	Port Input	15	65294	65128	1
S1015073	1	Port Input	14	65294	65128	1
S1015073	1	Port Input	15	65294	65128	1
S1015073	1	Port Input	14	65294	65128	1
S1015073	1	Port Input	15	65295	65129	1
S1015073	1	Port Input	14	65295	65129	1
S1015073	1	Port Input	15	65295	65129	1
S1015073	1	Port Input	14	65295	65129	1
S1015073	1	Port Input	15	65296	65130	1
S1015073	1	Port Input	14	65296	65130	1
S1015073	1	Port Input	15	65296	65130	1
S1015073	1	Port Input	14	65296	65130	1
S1015073	1	Port Input	15	65297	65131	1
S1015073	1	Port Input	14	65297	65131	1
S1015073	1	Port Input	15	65297	65131	1
S1015073	1	Port Input	14	65298	65132	1
S1015073	1	Port Input	15	65298	65132	1
S1015073	1	Port Input	14	65298	65132	1
S1015073	1	Port Input	15	65298	65132	1
S1015073	1	Port Input	14	65298	65132	1
S1015073	1	Port Input	15	65298	65132	1
S1015073	1	Port Input	14	65298	65132	1
S1015073	1	Port Input	15	65298	65132	2
S1015073	1	Port Input	14	65299	65133	1
S1015073	1	Port Input	15	65299	65133	1
S1015073	1	Port Input	14	65299	65133	1
S1015073	1	Port Input	15	65299	65133	1
S1015073	1	Port Input	14	65299	65133	1
S1015073	1	Port Input	15	65299	65133	1
S1015073	1	Port Input	14	65299	65133	1
S1015073	1	Port Input	15	65301	65135	1
S1015073	1	Port Input	14	65301	65135	1
S1015073	1	Port Input	15	65301	65135	1
S1015073	1	Port Input	14	65301	65135	1
S1015073	1	Port Input	15	65301	65135	1
S1015073	1	Port Input	14	65302	65136	1
S1015073	1	Port Input	15	65302	65136	1
S1015073	1	Port Input	14	65302	65136	1
S1015073	1	Port Input	15	65302	65136	1
S1015073	1	Port Input	14	65302	65136	1
S1015073	1	Port Input	15	65302	65136	1
S1015073	1	Port Input	14	65303	65137	1
S1015073	1	Port Input	15	65303	65137	1
S1015073	1	Port Input	14	65303	65137	1
S1015073	1	Port Input	15	65303	65137	1
S1015073	1	Port Input	14	65303	65137	2
S1015073	1	Port Input	15	65304	65138	1
S1015073	1	Port Input	14	65304	65138	1
S1015073	1	Port Input	15	65304	65138	1
S1015073	1	Port Input	14	65304	65138	1
S1015073	1	Port Input	15	65304	65138	1
S1015073	1	Port Input	14	65304	65138	1
S1015073	1	Port Input	15	65304	65138	1
S1015073	1	Port Input	14	65304	65138	1
S1015073	1	Port Input	15	65305	65139	2
S1015073	1	Port Input	14	65306	65140	1
S1015073	1	Port Input	15	65306	65140	1
S1015073	1	Port Input	14	65306	65140	1
S1015073	1	Port Input	15	65306	65140	1
S1015073	1	Port Input	14	65306	65140	2
S1015073	1	Port Input	15	65307	65141	1
S1015073	1	Port Input	14	65307	65141	1
S1015073	1	Port Input	15	65307	65141	1
S1015073	1	Port Input	14	65308	65142	1
S1015073	1	Port Input	15	65308	65142	1
S1015073	1	Port Input	14	65308	65142	1
S1015073	1	Port Input	15	65308	65142	1
S1015073	1	Port Input	14	65308	65142	1
S1015073	1	Port Input	15	65309	65143	1
S1015073	1	Port Input	14	65309	65143	1
S1015073	1	Port Input	15	65310	65144	1
S1015073	1	Port Input	14	65310	65144	1
S1015073	1	Port Input	15	65310	65144	1
S1015073	1	Port Input	14	65310	65144	1
S1015073	1	Port Input	15	65310	65144	1
S1015073	1	Port Input	14	65310	65144	1
S1015073	1	Port Input	15	65311	65145	1
S1015073	1	Port Input	14	65311	65145	1
S1015073	1	Port Input	15	65311	65145	1
S1015073	1	Port Input	14	65311	65145	1
S1015073	1	Port Input	15	65311	65145	1
S1015073	1	Port Input	14	65311	65145	1
S1015073	1	Port Input	15	65311	65145	1
S1015073	1	Port Input	14	65311	65145	1
S1015073	1	Port Input	15	65311	65145	1
S1015073	1	Port Input	14	65311	65145	2
S1015073	1	Port Input	15	65312	65146	1
S1015073	1	Port Input	14	65312	65146	1
S1015073	1	Port Input	15	65312	65146	1
S1015073	1	Port Input	14	65312	65146	1
S1015073	1	Port Input	15	65312	65146	1
S1015073	1	Port Input	14	65312	65146	1
S1015073	1	Port Input	15	65312	65146	1
S1015073	1	Port Input	14	65312	65146	1
S1015073	1	Port Input	15	65313	65147	1
S1015073	1	Port Input	14	65313	65147	1
S1015073	1	Port Input	15	65313	65147	1
S1015073	1	Port Input	14	65313	65147	1
S1015073	1	Port Input	15	65313	65147	1
S1015073	1	Port Input	14	65313	65147	2
S1015073	1	Port Input	15	65314	65148	1
S1015073	1	Port Input	14	65314	65148	1
S1015073	1	Port Input	15	65314	65148	2
S1015073	1	Port Input	14	65315	65149	1
S1015073	1	Port Input	15	65315	65149	1
S1015073	1	Port Input	14	65315	65149	1
S1015073	1	Port Input	15	65315	65149	1
S1015073	1	Port Input	14	65315	65149	1
S1015073	1	Port Input	15	65316	65150	1
S1015073	1	Port Input	14	65316	65150	1
S1015073	1	Port Input	15	65316	65150	1
S1015073	1	Port Input	14	65316	65150	1
S1015073	1	Port Input	15	65317	65151	1
S1015073	1	Port Input	14	65317	65151	1
S1015073	1	Port Input	15	65317	65151	1
S1015073	1	Port Input	14	65317	65151	1
S1015073	1	Port Input	15	65317	65151	1
S1015073	1	Port Input	14	65317	65151	1
S1015073	1	Port Input	15	65318	65152	1
S1015073	1	Port Input	14	65318	65152	1
S1015073	1	Port Input	15	65318	65152	1
S1015073	1	Port Input	14	65318	65152	1
S1015073	1	Port Input	15	65319	65153	1
S1015073	1	Port Input	14	65319	65153	1
S1015073	1	Port Input	15	65319	65153	1
S1015073	1	Port Input	14	65319	65153	1
S1015073	1	Port Input	15	65320	65154	1
S1015073	1	Port Input	14	65320	65154	1
S1015073	1	Port Input	15	65320	65154	1
S1015073	1	Port Input	14	65320	65154	1
S1015073	1	Port Input	15	65321	65155	1
S1015073	1	Port Input	14	65321	65155	1
S1015073	1	Port Input	15	65321	65155	1
S1015073	1	Port Input	14	65321	65155	1
S1015073	1	Port Input	15	65322	65156	1
S1015073	1	Port Input	14	65322	65156	1
S1015073	1	Port Input	15	65322	65156	1
S1015073	1	Port Input	14	65322	65156	1
S1015073	1	Port Input	15	65322	65156	1
S1015073	1	Port Input	14	65322	65156	1
S1015073	1	Port Input	15	65322	65156	1
S1015073	1	Port Input	14	65322	65156	1
S1015073	1	Port Input	15	65322	65156	2
S1015073	1	Port Input	14	65323	65157	1
S1015073	1	Port Input	15	65323	65157	1
S1015073	1	Port Input	14	65323	65157	1
S1015073	1	Port Input	15	65323	65157	1
S1015073	1	Port Input	14	65323	65157	1
S1015073	1	Port Input	15	65323	65157	1
S1015073	1	Port Input	14	65323	65157	1
S1015073	1	Port Input	15	65323	65157	1
S1015073	1	Port Input	14	65324	65158	1
S1015073	1	Port Input	15	65324	65158	1
S1015073	1	Port Input	14	65324	65158	1
S1015073	1	Port Input	15	65324	65158	1
S1015073	1	Port Input	14	65324	65158	1
S1015073	1	Port Input	15	65324	65158	1
S1015073	1	Port Input	14	65324	65158	1
S1015073	1	Port Input	15	65324	65158	1
S1015073	1	Port Input	14	65324	65158	1
S1015073	1	Port Input	15	65324	65158	1
S1015073	1	Port Input	14	65325	65159	1
S1015073	1	Port Input	15	65325	65159	1
S1015073	1	Port Input	14	65325	65159	1
S1015073	1	Port Input	15	65325	65159	1
S1015073	1	Port Input	14	65325	65159	1
S1015073	1	Port Input	15	65326	65160	1
S1015073	1	Port Input	14	65326	65160	1
S1015073	1	Port Input	15	65326	65160	1
S1015073	1	Port Input	14	65326	65160	1
S1015073	1	Port Input	15	65326	65160	2
S1015073	1	Port Input	14	65327	65161	1
S1015073	1	Port Input	15	65327	65161	1
S1015073	1	Port Input	14	65327	65161	1
S1015073	1	Port Input	15	65327	65161	1
S1015073	1	Port Input	14	65327	65161	1
S1015073	1	Port Input	15	65327	65161	1
S1015073	1	Port Input	14	65327	65161	1
S1015073	1	Port Input	15	65327	65161	2
S1015073	1	Port Input	14	65328	65162	1
S1015073	1	Port Input	15	65328	65162	1
S1015073	1	Port Input	14	65328	65162	1
S1015073	1	Port Input	15	65328	65162	1
S1015073	1	Port Input	14	65329	65163	1
S1015073	1	Port Input	15	65329	65163	1
S1015073	1	Port Input	14	65329	65163	1
S1015073	1	Port Input	15	65329	65163	1
S1015073	1	Port Input	14	65329	65163	1
S1015073	1	Port Input	15	65329	65163	1
S1015073	1	Port Input	14	65329	65163	1
S1015073	1	Port Input	15	65330	65164	1
S1015073	1	Port Input	14	65330	65164	1
S1015073	1	Port Input	15	65330	65164	1
S1015073	1	Port Input	14	65331	65165	1
S1015073	1	Port Input	15	65331	65165	1
S1015073	1	Port Input	14	65331	65165	1
S1015073	1	Port Input	15	65331	65165	1
S1015073	1	Port Input	14	65331	65165	1
S1015073	1	Port Input	15	65331	65165	1
S1015073	1	Port Input	14	65331	65165	1
S1015073	1	Port Input	15	65332	65166	1
S1015073	1	Port Input	14	65332	65166	1
S1015073	1	Port Input	15	65332	65166	1
S1015073	1	Port Input	14	65332	65166	1
S1015073	1	Port Input	15	65332	65166	1
S1015073	1	Port Input	14	65332	65166	1
S1015073	1	Port Input	15	65332	65166	1
S1015073	1	Port Input	14	65332	65166	1
S1015073	1	Port Input	15	65332	65166	1
S1015073	1	Port Input	14	65332	65166	1
S1015073	1	Port Input	15	65332	65166	1
S1015073	1	Port Input	14	65332	65166	2
S1015073	1	Port Input	15	65333	65167	1
S1015073	1	Port Input	14	65333	65167	1
S1015073	1	Port Input	15	65333	65167	1
S1015073	1	Port Input	14	65333	65167	1
S1015073	1	Port Input	15	65333	65167	1
S1015073	1	Port Input	14	65333	65167	1
S1015073	1	Port Input	15	65333	65167	1
S1015073	1	Port Input	14	65333	65167	1
S1015073	1	Port Input	15	65334	65168	1
S1015073	1	Port Input	14	65334	65168	1
S1015073	1	Port Input	15	65334	65168	1
S1015073	1	Port Input	14	65334	65168	1
S1015073	1	Port Input	15	65334	65168	1
S1015073	1	Port Input	14	65334	65168	1
S1015073	1	Port Input	15	65334	65168	1
S1015073	1	Port Input	14	65334	65168	1
S1015073	1	Port Input	15	65334	65168	1
S1015073	1	Port Input	14	65334	65168	2
S1015073	1	Port Input	15	65335	65169	1
S1015073	1	Port Input	14	65335	65169	1
S1015073	1	Port Input	15	65335	65169	1
S1015073	1	Port Input	14	65335	65169	1
S1015073	1	Port Input	15	65335	65169	1
S1015073	1	Port Input	14	65335	65169	1
S1015073	1	Port Input	15	65335	65169	1
S1015073	1	Port Input	14	65336	65170	1
S1015073	1	Port Input	15	65336	65170	1
S1015073	1	Port Input	14	65336	65170	1
S1015073	1	Port Input	15	65336	65170	1
S1015073	1	Port Input	14	65336	65170	1
S1015073	1	Port Input	15	65336	65170	1
S1015073	1	Port Input	14	65336	65170	1
S1015073	1	Port Input	15	65336	65170	1
S1015073	1	Port Input	14	65336	65170	1
S1015073	1	Port Input	15	65336	65170	1
S1015073	1	Port Input	14	65336	65170	1
S1015073	1	Port Input	15	65336	65170	2
S1015073	1	Port Input	14	65337	65171	1
S1015073	1	Port Input	15	65337	65171	1
S1015073	1	Port Input	14	65337	65171	1
S1015073	1	Port Input	15	65337	65171	1
S1015073	1	Port Input	14	65337	65171	1
S1015073	1	Port Input	15	65337	65171	1
S1015073	1	Port Input	14	65337	65171	1
S1015073	1	Port Input	15	65337	65171	1
S1015073	1	Port Input	14	65337	65171	1
S1015073	1	Port Input	15	65338	65172	1
S1015073	1	Port Input	14	65338	65172	1
S1015073	1	Port Input	15	65338	65172	1
S1015073	1	Port Input	14	65338	65172	1
S1015073	1	Port Input	15	65338	65172	1
S1015073	1	Port Input	14	65338	65172	1
S1015073	1	Port Input	15	65338	65172	1
S1015073	1	Port Input	14	65338	65172	1
S1015073	1	Port Input	15	65338	65172	2
S1015073	1	Port Input	14	65339	65173	1
S1015073	1	Port Input	15	65339	65173	1
S1015073	1	Port Input	14	65339	65173	1
S1015073	1	Port Input	15	65339	65173	1
S1015073	1	Port Input	14	65339	65173	1
S1015073	1	Port Input	15	65339	65173	1
S1015073	1	Port Input	14	65339	65173	1
S1015073	1	Port Input	15	65339	65173	1
S1015073	1	Port Input	14	65339	65173	1
S1015073	1	Port Input	15	65340	65174	1
S1015073	1	Port Input	14	65340	65174	1
S1015073	1	Port Input	15	65340	65174	1
S1015073	1	Port Input	14	65340	65174	1
S1015073	1	Port Input	15	65340	65174	1
S1015073	1	Port Input	14	65340	65174	1
S1015073	1	Port Input	15	65341	65175	1
S1015073	1	Port Input	14	65341	65175	1
S1015073	1	Port Input	15	65341	65175	1
S1015073	1	Port Input	14	65341	65175	1
S1015073	1	Port Input	15	65341	65175	1
S1015073	1	Port Input	14	65341	65175	1
S1015073	1	Port Input	15	65341	65175	1
S1015073	1	Port Input	14	65341	65175	1
S1015073	1	Port Input	15	65341	65175	1
S1015073	1	Port Input	14	65341	65175	1
S1015073	1	Port Input	15	65341	65175	1
S1015073	1	Port Input	14	65341	65175	1
S1015073	1	Port Input	15	65342	65176	1
S1015073	1	Port Input	14	65342	65176	1
S1015073	1	Port Input	15	65342	65176	1
S1015073	1	Port Input	14	65342	65176	1
S1015073	1	Port Input	15	65343	65177	1
S1015073	1	Port Input	14	65343	65177	1
S1015073	1	Port Input	15	65343	65177	1
S1015073	1	Port Input	14	65343	65177	1
S1015073	1	Port Input	15	65343	65177	1
S1015073	1	Port Input	14	65343	65177	1
S1015073	1	Port Input	15	65343	65177	1
S1015073	1	Port Input	14	65344	65178	1
S1015073	1	Port Input	15	65344	65178	1
S1015073	1	Port Input	14	65344	65178	1
S1015073	1	Port Input	15	65344	65178	1
S1015073	1	Port Input	14	65344	65178	2
S1015073	1	Port Input	15	65345	65179	1
S1015073	1	Port Input	14	65345	65179	1
S1015073	1	Port Input	15	65345	65179	1
S1015073	1	Port Input	14	65345	65179	2
S1015073	1	Port Input	15	65346	65180	1
S1015073	1	Port Input	14	65346	65180	1
S1015073	1	Port Input	15	65346	65180	1
S1015073	1	Port Input	14	65346	65180	1
S1015073	1	Port Input	15	65346	65180	1
S1015073	1	Port Input	14	65346	65180	1
S1015073	1	Port Input	15	65347	65181	1
S1015073	1	Port Input	14	65347	65181	1
S1015073	1	Port Input	15	65347	65181	1
S1015073	1	Port Input	14	65347	65181	1
S1015073	1	Port Input	15	65347	65181	1
S1015073	1	Port Input	14	65347	65181	1
S1015073	1	Port Input	15	65347	65181	1
S1015073	1	Port Input	14	65348	65182	1
S1015073	1	Port Input	15	65348	65182	1
S1015073	1	Port Input	14	65348	65182	1
S1015073	1	Port Input	15	65348	65182	1
S1015073	1	Port Input	14	65348	65182	1
S1015073	1	Port Input	15	65348	65182	1
S1015073	1	Port Input	14	65349	65183	1
S1015073	1	Port Input	15	65349	65183	1
S1015073	1	Port Input	14	65349	65183	1
S1015073	1	Port Input	15	65349	65183	1
S1015073	1	Port Input	14	65349	65183	1
S1015073	1	Port Input	15	65350	65184	1
S1015073	1	Port Input	14	65350	65184	1
S1015073	1	Port Input	15	65350	65184	1
S1015073	1	Port Input	14	65350	65184	1
S1015073	1	Port Input	15	65350	65184	1
S1015073	1	Port Input	14	65350	65184	1
S1015073	1	Port Input	15	65350	65184	1
S1015073	1	Port Input	14	65350	65184	1
S1015073	1	Port Input	15	65350	65184	1
S1015073	1	Port Input	14	65350	65184	2
S1015073	1	Port Input	15	65351	65185	1
S1015073	1	Port Input	14	65351	65185	1
S1015073	1	Port Input	15	65351	65185	1
S1015073	1	Port Input	14	65351	65185	1
S1015073	1	Port Input	15	65351	65185	1
S1015073	1	Port Input	14	65351	65185	1
S1015073	1	Port Input	15	65351	65185	1
S1015073	1	Port Input	14	65351	65185	1
S1015073	1	Port Input	15	65351	65185	1
S1015073	1	Port Input	14	65352	65186	1
S1015073	1	Port Input	15	65352	65186	1
S1015073	1	Port Input	14	65352	65186	1
S1015073	1	Port Input	15	65352	65186	1
S1015073	1	Port Input	14	65352	65186	1
S1015073	1	Port Input	15	65353	65187	1
S1015073	1	Port Input	14	65353	65187	1
S1015073	1	Port Input	15	65353	65187	1
S1015073	1	Port Input	14	65354	65188	1
S1015073	1	Port Input	15	65354	65188	1
S1015073	1	Port Input	14	65354	65188	1
S1015073	1	Port Input	15	65354	65188	1
S1015073	1	Port Input	14	65354	65188	1
S1015073	1	Port Input	15	65354	65188	1
S1015073	1	Port Input	14	65355	65189	1
S1015073	1	Port Input	15	65355	65189	1
S1015073	1	Port Input	14	65355	65189	1
S1015073	1	Port Input	15	65355	65189	1
S1015073	1	Port Input	14	65355	65189	1
S1015073	1	Port Input	15	65355	65189	1
S1015073	1	Port Input	14	65355	65189	1
S1015073	1	Port Input	15	65356	65190	1
S1015073	1	Port Input	14	65356	65190	1
S1015073	1	Port Input	15	65356	65190	1
S1015073	1	Port Input	14	65356	65190	1
S1015073	1	Port Input	15	65356	65190	1
S1015073	1	Port Input	14	65356	65190	1
S1015073	1	Port Input	15	65356	65190	1
S1015073	1	Port Input	14	65357	65191	1
S1015073	1	Port Input	15	65357	65191	1
S1015073	1	Port Input	14	65357	65191	1
S1015073	1	Port Input	15	65357	65191	1
S1015073	1	Port Input	14	65357	65191	1
S1015073	1	Port Input	15	65358	65192	1
S1015073	1	Port Input	14	65358	65192	1
S1015073	1	Port Input	15	65358	65192	1
S1015073	1	Port Input	14	65358	65192	1
S1015073	1	Port Input	15	65359	65193	1
S1015073	1	Port Input	14	65359	65193	1
S1015073	1	Port Input	15	65359	65193	1
S1015073	1	Port Input	14	65359	65193	1
S1015073	1	Port Input	15	65359	65193	1
S1015073	1	Port Input	14	65359	65193	1
S1015073	1	Port Input	15	65359	65193	2
S1015073	1	Port Input	14	65360	65194	1
S1015073	1	Port Input	15	65360	65194	1
S1015073	1	Port Input	14	65360	65194	1
S1015073	1	Port Input	15	65360	65194	1
S1015073	1	Port Input	14	65360	65194	1
S1015073	1	Port Input	15	65360	65194	1
S1015073	1	Port Input	14	65360	65194	1
S1015073	1	Port Input	15	65361	65195	1
S1015073	1	Port Input	14	65361	65195	1
S1015073	1	Port Input	15	65361	65195	1
S1015073	1	Port Input	14	65361	65195	1
S1015073	1	Port Input	15	65361	65195	1
S1015073	1	Port Input	14	65361	65195	1
S1015073	1	Port Input	15	65362	65196	1
S1015073	1	Port Input	14	65362	65196	1
S1015073	1	Port Input	15	65362	65196	1
S1015073	1	Port Input	14	65362	65196	1
S1015073	1	Port Input	15	65362	65196	1
S1015073	1	Port Input	14	65362	65196	1
S1015073	1	Port Input	15	65362	65196	1
S1015073	1	Port Input	14	65362	65196	1
S1015073	1	Port Input	15	65363	65197	1
S1015073	1	Port Input	14	65363	65197	1
S1015073	1	Port Input	15	65364	65198	1
S1015073	1	Port Input	14	65364	65198	1
S1015073	1	Port Input	15	65364	65198	1
S1015073	1	Port Input	14	65364	65198	1
S1015073	1	Port Input	15	65365	65199	1
S1015073	1	Port Input	14	65365	65199	1
S1015073	1	Port Input	15	65365	65199	1
S1015073	1	Port Input	14	65365	65199	1
S1015073	1	Port Input	15	65365	65199	2
S1015073	1	Port Input	14	65366	65200	1
S1015073	1	Port Input	15	65366	65200	1
S1015073	1	Port Input	14	65366	65200	1
S1015073	1	Port Input	15	65366	65200	1
S1015073	1	Port Input	14	65366	65200	1
S1015073	1	Port Input	15	65366	65200	1
S1015073	1	Port Input	14	65366	65200	1
S1015073	1	Port Input	15	65367	65201	1
S1015073	1	Port Input	14	65367	65201	1
S1015073	1	Port Input	15	65367	65201	1
S1015073	1	Port Input	14	65367	65201	1
S1015073	1	Port Input	15	65368	65202	1
S1015073	1	Port Input	14	65368	65202	1
S1015073	1	Port Input	15	65368	65202	1
S1015073	1	Port Input	14	65368	65202	1
S1015073	1	Port Input	15	65368	65202	1
S1015073	1	Port Input	14	65368	65202	1
S1015073	1	Port Input	15	65369	65203	1
S1015073	1	Port Input	14	65369	65203	1
S1015073	1	Port Input	15	65369	65203	1
S1015073	1	Port Input	14	65369	65203	1
S1015073	1	Port Input	15	65369	65203	1
S1015073	1	Port Input	14	65369	65203	2
S1015073	1	Port Input	15	65370	65204	1
S1015073	1	Port Input	14	65370	65204	1
S1015073	1	Port Input	15	65370	65204	1
S1015073	1	Port Input	14	65370	65204	1
S1015073	1	Port Input	15	65371	65205	1
S1015073	1	Port Input	14	65371	65205	1
S1015073	1	Port Input	15	65371	65205	1
S1015073	1	Port Input	14	65371	65205	1
S1015073	1	Port Input	15	65371	65205	1
S1015073	1	Port Input	14	65371	65205	1
S1015073	1	Port Input	15	65371	65205	1
S1015073	1	Port Input	14	65371	65205	1
S1015073	1	Port Input	15	65371	65205	1
S1015073	1	Port Input	14	65371	65205	1
S1015073	1	Port Input	15	65371	65205	2
S1015073	1	Port Input	14	65371	65205	2
S1015073	1	Port Input	15	65372	65206	1
S1015073	1	Port Input	14	65372	65206	1
S1015073	1	Port Input	15	65372	65206	1
S1015073	1	Port Input	14	65372	65206	1
S1015073	1	Port Input	15	65372	65206	1
S1015073	1	Port Input	14	65372	65206	2
S1015073	1	Port Input	15	65373	65207	1
S1015073	1	Port Input	14	65373	65207	1
S1015073	1	Port Input	15	65373	65207	1
S1015073	1	Port Input	14	65373	65207	1
S1015073	1	Port Input	15	65373	65207	1
S1015073	1	Port Input	14	65373	65207	1
S1015073	1	Port Input	15	65374	65208	1
S1015073	1	Port Input	14	65374	65208	1
S1015073	1	Port Input	15	65374	65208	1
S1015073	1	Port Input	14	65374	65208	1
S1015073	1	Port Input	15	65374	65208	1
S1015073	1	Port Input	14	65374	65208	1
S1015073	1	Port Input	15	65374	65208	2
S1015073	1	Port Input	14	65375	65209	1
S1015073	1	Port Input	15	65375	65209	1
S1015073	1	Port Input	14	65375	65209	1
S1015073	1	Port Input	15	65375	65209	1
S1015073	1	Port Input	14	65376	65210	1
S1015073	1	Port Input	15	65376	65210	1
S1015073	1	Port Input	14	65376	65210	1
S1015073	1	Port Input	15	65377	65211	1
S1015073	1	Port Input	14	65377	65211	1
S1015073	1	Port Input	15	65377	65211	1
S1015073	1	Port Input	14	65377	65211	1
S1015073	1	Port Input	15	65377	65211	1
S1015073	1	Port Input	14	65377	65211	1
S1015073	1	Port Input	15	65377	65211	2
S1015073	1	Port Input	14	65378	65212	1
S1015073	1	Port Input	15	65378	65212	1
S1015073	1	Port Input	14	65378	65212	1
S1015073	1	Port Input	15	65378	65212	1
S1015073	1	Port Input	14	65378	65212	1
S1015073	1	Port Input	15	65378	65212	1
S1015073	1	Port Input	14	65378	65212	1
S1015073	1	Port Input	15	65379	65213	1
S1015073	1	Port Input	14	65379	65213	1
S1015073	1	Port Input	15	65379	65213	1
S1015073	1	Port Input	14	65379	65213	1
S1015073	1	Port Input	15	65379	65213	1
S1015073	1	Port Input	14	65379	65213	1
S1015073	1	Port Input	15	65379	65213	1
S1015073	1	Port Input	14	65379	65213	1
S1015073	1	Port Input	15	65379	65213	1
S1015073	1	Port Input	14	65379	65213	1
S1015073	1	Port Input	15	65379	65213	1
S1015073	1	Port Input	14	65379	65213	1
S1015073	1	Port Input	15	65380	65214	1
S1015073	1	Port Input	14	65380	65214	1
S1015073	1	Port Input	15	65380	65214	1
S1015073	1	Port Input	14	65380	65214	1
S1015073	1	Port Input	15	65380	65214	1
S1015073	1	Port Input	14	65380	65214	1
S1015073	1	Port Input	15	65381	65215	1
S1015073	1	Port Input	14	65381	65215	1
S1015073	1	Port Input	15	65381	65215	1
S1015073	1	Port Input	14	65381	65215	1
S1015073	1	Port Input	15	65381	65215	1
S1015073	1	Port Input	14	65381	65215	1
S1015073	1	Port Input	15	65381	65215	1
S1015073	1	Port Input	14	65381	65215	1
S1015073	1	Port Input	15	65381	65215	1
S1015073	1	Port Input	14	65381	65215	1
S1015073	1	Port Input	15	65382	65216	1
S1015073	1	Port Input	14	65382	65216	1
S1015073	1	Port Input	15	65382	65216	1
S1015073	1	Port Input	14	65382	65216	1
S1015073	1	Port Input	15	65382	65216	1
S1015073	1	Port Input	14	65382	65216	1
S1015073	1	Port Input	15	65382	65216	1
S1015073	1	Port Input	14	65383	65217	1
S1015073	1	Port Input	15	65383	65217	1
S1015073	1	Port Input	14	65383	65217	1
S1015073	1	Port Input	15	65383	65217	1
S1015073	1	Port Input	14	65384	65218	1
S1015073	1	Port Input	15	65384	65218	1
S1015073	1	Port Input	14	65384	65218	1
S1015073	1	Port Input	15	65384	65218	1
S1015073	1	Port Input	14	65384	65218	1
S1015073	1	Port Input	15	65384	65218	1
S1015073	1	Port Input	14	65384	65218	1
S1015073	1	Port Input	15	65385	65219	1
S1015073	1	Port Input	14	65385	65219	1
S1015073	1	Port Input	15	65385	65219	1
S1015073	1	Port Input	14	65385	65219	1
S1015073	1	Port Input	15	65385	65219	1
S1015073	1	Port Input	14	65385	65219	1
S1015073	1	Port Input	15	65386	65220	1
S1015073	1	Port Input	14	65386	65220	1
S1015073	1	Port Input	15	65386	65220	1
S1015073	1	Port Input	14	65386	65220	1
S1015073	1	Port Input	15	65386	65220	1
S1015073	1	Port Input	14	65387	65221	1
S1015073	1	Port Input	15	65387	65221	1
S1015073	1	Port Input	14	65387	65221	1
S1015073	1	Port Input	15	65387	65221	1
S1015073	1	Port Input	14	65387	65221	1
S1015073	1	Port Input	15	65387	65221	1
S1015073	1	Port Input	14	65388	65222	1
S1015073	1	Port Input	15	65388	65222	1
S1015073	1	Port Input	14	65388	65222	1
S1015073	1	Port Input	15	65388	65222	1
S1015073	1	Port Input	14	65388	65222	1
S1015073	1	Port Input	15	65388	65222	1
S1015073	1	Port Input	14	65389	65223	1
S1015073	1	Port Input	15	65389	65223	1
S1015073	1	Port Input	14	65389	65223	1
S1015073	1	Port Input	15	65389	65223	1
S1015073	1	Port Input	14	65389	65223	1
S1015073	1	Port Input	15	65389	65223	1
S1015073	1	Port Input	14	65389	65223	1
S1015073	1	Port Input	15	65390	65224	1
S1015073	1	Port Input	14	65390	65224	1
S1015073	1	Port Input	15	65390	65224	1
S1015073	1	Port Input	14	65390	65224	1
S1015073	1	Port Input	15	65390	65224	1
S1015073	1	Port Input	14	65390	65224	1
S1015073	1	Port Input	15	65391	65225	1
S1015073	1	Port Input	14	65391	65225	1
S1015073	1	Port Input	15	65391	65225	1
S1015073	1	Port Input	14	65391	65225	1
S1015073	1	Port Input	15	65391	65225	1
S1015073	1	Port Input	14	65392	65226	1
S1015073	1	Port Input	15	65393	65227	1
S1015073	1	Port Input	14	65393	65227	1
S1015073	1	Port Input	15	65393	65227	1
S1015073	1	Port Input	14	65393	65227	1
S1015073	1	Port Input	15	65393	65227	1
S1015073	1	Port Input	14	65393	65227	1
S1015073	1	Port Input	15	65393	65227	1
S1015073	1	Port Input	14	65393	65227	1
S1015073	1	Port Input	15	65394	65228	1
S1015073	1	Port Input	14	65394	65228	1
S1015073	1	Port Input	15	65398	65232	1
S1015073	1	Port Input	14	65398	65232	2
S1015073	1	Port Input	15	65399	65233	1
S1015073	1	Port Input	14	65399	65233	1
S1015073	1	Port Input	15	65399	65233	1
S1015073	1	Port Input	14	65399	65233	1
S1015073	1	Port Input	15	65399	65233	1
S1015073	1	Port Input	14	65399	65233	1
S1015073	1	Port Input	15	65400	65234	1
S1015073	1	Port Input	14	65400	65234	1
S1015073	1	Port Input	15	65401	65235	1
S1015073	1	Port Input	14	65401	65235	1
S1015073	1	Port Input	15	65401	65235	1
S1015073	1	Port Input	14	65401	65235	1
S1015073	1	Port Input	15	65401	65235	1
S1015073	1	Port Input	14	65401	65235	1
S1015073	1	Port Input	15	65402	65236	1
S1015073	1	Port Input	14	65402	65236	1
S1015073	1	Port Input	15	65402	65236	1
S1015073	1	Port Input	14	65402	65236	1
S1015073	1	Port Input	15	65402	65236	1
S1015073	1	Port Input	14	65403	65237	1
S1015073	1	Port Input	15	65403	65237	1
S1015073	1	Port Input	14	65403	65237	1
S1015073	1	Port Input	15	65403	65237	1
S1015073	1	Port Input	14	65403	65237	2
S1015073	1	Port Input	15	65404	65238	1
S1015073	1	Port Input	14	65404	65238	1
S1015073	1	Port Input	15	65404	65238	1
S1015073	1	Port Input	14	65404	65238	1
S1015073	1	Port Input	15	65404	65238	2
S1015073	1	Port Input	14	65405	65239	1
S1015073	1	Port Input	15	65405	65239	1
S1015073	1	Port Input	14	65405	65239	1
S1015073	1	Port Input	15	65405	65239	1
S1015073	1	Port Input	14	65405	65239	1
S1015073	1	Port Input	15	65405	65239	1
S1015073	1	Port Input	14	65405	65239	1
S1015073	1	Port Input	15	65406	65240	1
S1015073	1	Port Input	14	65406	65240	1
S1015073	1	Port Input	15	65406	65240	1
S1015073	1	Port Input	14	65406	65240	1
S1015073	1	Port Input	15	65406	65240	1
S1015073	1	Port Input	14	65406	65240	1
S1015073	1	Port Input	15	65409	65243	1
S1015073	1	Port Input	14	65409	65243	1
S1015073	1	Port Input	15	65409	65243	1
S1015073	1	Port Input	14	65409	65243	1
S1015073	1	Port Input	15	65410	65244	1
S1015073	1	Port Input	14	65410	65244	1
S1015073	1	Port Input	15	65411	65245	1
S1015073	1	Port Input	14	65411	65245	1
S1015073	1	Port Input	15	65412	65246	1
S1015073	1	Port Input	14	65412	65246	1
S1015073	1	Port Input	15	65412	65246	1
S1015073	1	Port Input	14	65412	65246	1
S1015073	1	Port Input	15	65412	65246	2
S1015073	1	Port Input	14	65413	65247	1
S1015073	1	Port Input	15	65413	65247	1
S1015073	1	Port Input	14	65413	65247	1
S1015073	1	Port Input	15	65413	65247	1
S1015073	1	Port Input	14	65413	65247	1
S1015073	1	Port Input	15	65413	65247	1
S1015073	1	Port Input	14	65413	65247	1
S1015073	1	Port Input	15	65413	65247	1
S1015073	1	Port Input	14	65413	65247	2
S1015073	1	Port Input	15	65414	65248	1
S1015073	1	Port Input	14	65414	65248	1
S1015073	1	Port Input	15	65414	65248	1
S1015073	1	Port Input	14	65414	65248	1
S1015073	1	Port Input	15	65414	65248	2
S1015073	1	Port Input	14	65415	65249	1
S1015073	1	Port Input	15	65415	65249	1
S1015073	1	Port Input	14	65415	65249	1
S1015073	1	Port Input	15	65415	65249	1
S1015073	1	Port Input	14	65415	65249	1
S1015073	1	Port Input	15	65415	65249	1
S1015073	1	Port Input	14	65415	65249	1
S1015073	1	Port Input	15	65415	65249	1
S1015073	1	Port Input	14	65415	65249	1
S1015073	1	Port Input	15	65416	65250	1
S1015073	1	Port Input	14	65416	65250	1
S1015073	1	Port Input	15	65416	65250	1
S1015073	1	Port Input	14	65416	65250	1
S1015073	1	Port Input	15	65416	65250	1
S1015073	1	Port Input	14	65416	65250	2
S1015073	1	Port Input	15	65417	65251	1
S1015073	1	Port Input	14	65417	65251	1
S1015073	1	Port Input	15	65418	65252	1
S1015073	1	Port Input	14	65418	65252	1
S1015073	1	Port Input	15	65418	65252	1
S1015073	1	Port Input	14	65418	65252	1
S1015073	1	Port Input	15	65418	65252	1
S1015073	1	Port Input	14	65418	65252	1
S1015073	1	Port Input	15	65418	65252	1
S1015073	1	Port Input	14	65418	65252	1
S1015073	1	Port Input	15	65418	65252	2
S1015073	1	Port Input	14	65419	65253	1
S1015073	1	Port Input	15	65419	65253	1
S1015073	1	Port Input	14	65419	65253	1
S1015073	1	Port Input	15	65419	65253	1
S1015073	1	Port Input	14	65419	65253	1
S1015073	1	Port Input	15	65419	65253	1
S1015073	1	Port Input	14	65419	65253	1
S1015073	1	Port Input	15	65419	65253	1
S1015073	1	Port Input	14	65419	65253	1
S1015073	1	Port Input	15	65420	65254	1
S1015073	1	Port Input	14	65420	65254	1
S1015073	1	Port Input	15	65420	65254	1
S1015073	1	Port Input	14	65420	65254	1
S1015073	1	Port Input	15	65420	65254	1
S1015073	1	Port Input	14	65420	65254	1
S1015073	1	Port Input	15	65420	65254	1
S1015073	1	Port Input	14	65420	65254	1
S1015073	1	Port Input	15	65421	65255	1
S1015073	1	Port Input	14	65421	65255	1
S1015073	1	Port Input	15	65421	65255	1
S1015073	1	Port Input	14	65421	65255	1
S1015073	1	Port Input	15	65421	65255	1
S1015073	1	Port Input	14	65421	65255	1
S1015073	1	Port Input	15	65421	65255	1
S1015073	1	Port Input	14	65421	65255	1
S1015073	1	Port Input	15	65421	65255	1
S1015073	1	Port Input	14	65421	65255	2
S1015073	1	Port Input	15	65422	65256	1
S1015073	1	Port Input	14	65422	65256	1
S1015073	1	Port Input	15	65422	65256	1
S1015073	1	Port Input	14	65422	65256	1
S1015073	1	Port Input	15	65422	65256	1
S1015073	1	Port Input	14	65422	65256	1
S1015073	1	Port Input	15	65422	65256	1
S1015073	1	Port Input	14	65422	65256	1
S1015073	1	Port Input	15	65423	65257	1
S1015073	1	Port Input	14	65424	65258	1
S1015073	1	Port Input	15	65424	65258	1
S1015073	1	Port Input	14	65424	65258	1
S1015073	1	Port Input	15	65424	65258	1
S1015073	1	Port Input	14	65424	65258	1
S1015073	1	Port Input	15	65424	65258	1
S1015073	1	Port Input	14	65424	65258	1
S1015073	1	Port Input	15	65424	65258	1
S1015073	1	Port Input	14	65424	65258	1
S1015073	1	Port Input	15	65424	65258	1
S1015073	1	Port Input	14	65424	65258	1
S1015073	1	Port Input	15	65425	65259	1
S1015073	1	Port Input	14	65425	65259	1
S1015073	1	Port Input	15	65425	65259	2
S1015073	1	Port Input	14	65426	65260	1
S1015073	1	Port Input	15	65426	65260	1
S1015073	1	Port Input	14	65426	65260	1
S1015073	1	Port Input	15	65426	65260	1
S1015073	1	Port Input	14	65426	65260	1
S1015073	1	Port Input	15	65427	65261	1
S1015073	1	Port Input	14	65427	65261	1
S1015073	1	Port Input	15	65428	65262	1
S1015073	1	Port Input	14	65428	65262	1
S1015073	1	Port Input	15	65428	65262	1
S1015073	1	Port Input	14	65428	65262	1
S1015073	1	Port Input	15	65429	65263	1
S1015073	1	Port Input	14	65429	65263	1
S1015073	1	Port Input	15	65429	65263	1
S1015073	1	Port Input	14	65429	65263	1
S1015073	1	Port Input	15	65429	65263	1
S1015073	1	Port Input	14	65429	65263	1
S1015073	1	Port Input	15	65429	65263	1
S1015073	1	Port Input	14	65429	65263	1
S1015073	1	Port Input	15	65430	65264	1
S1015073	1	Port Input	14	65430	65264	1
S1015073	1	Port Input	15	65430	65264	1
S1015073	1	Port Input	14	65430	65264	1
S1015073	1	Port Input	15	65430	65264	1
S1015073	1	Port Input	14	65430	65264	1
S1015073	1	Port Input	15	65436	65270	1
S1015073	1	Port Input	14	65436	65270	1
S1015073	1	Port Input	15	65437	65271	1
S1015073	1	Port Input	14	65437	65271	1
S1015073	1	Port Input	15	65437	65271	1
S1015073	1	Port Input	14	65437	65271	1
S1015073	1	Port Input	15	65440	65274	1
S1015073	1	Port Input	14	65440	65274	1
S1015073	1	Port Input	15	65442	65276	1
S1015073	1	Port Input	14	65442	65276	1
S1015073	1	Port Input	15	65442	65276	1
S1015073	1	Port Input	14	65442	65276	2
S1015073	1	Port Input	15	65443	65277	1
S1015073	1	Port Input	14	65443	65277	1
S1015073	1	Port Input	15	65446	65280	1
S1015073	1	Port Input	14	65446	65280	1
S1015073	1	Port Input	15	65497	65331	1
S1015073	1	Port Input	14	65497	65331	1
S1015073	1	Port Input	15	65500	65334	1
S1015073	1	Port Input	14	65500	65334	1
S1015073	1	Port Input	15	65502	65336	1
S1015073	1	Port Input	14	65502	65336	1
S1015073	1	Port Input	15	65502	65336	1
S1015073	1	Port Input	14	65502	65336	2
S1015073	1	Port Input	15	65505	65339	1
S1015073	1	Port Input	14	65505	65339	1
S1015073	1	Port Input	15	65549	65383	1
S1015073	1	Port Input	14	65549	65383	2
S1015073	1	Port Input	15	65636	65470	1
S1015073	1	Port Input	14	65636	65470	1
S1015073	1	Port Input	15	65652	65486	1
S1015073	1	Port Input	14	65652	65486	1
S1015073	1	Port Input	15	65653	65487	1
S1015073	1	Port Input	14	65653	65487	1
S1015073	1	Port Input	15	65654	65488	1
S1015073	1	Port Input	14	65654	65488	1
S1015073	1	Port Input	15	65654	65488	1
S1015073	1	Port Input	14	65654	65488	1
S1015073	1	Port Input	15	65654	65488	1
S1015073	1	Port Input	14	65654	65488	1
S1015073	1	Port Input	15	65654	65488	1
S1015073	1	Port Input	14	65654	65488	1
S1015073	1	Port Input	15	65655	65489	1
S1015073	1	Port Input	14	65655	65489	1
S1015073	1	Port Input	15	65655	65489	1
S1015073	1	Picture	81	80244	80078	2	10010	3	79950	9950	other	0
S1015073	1	Port Input	14	81402	81236	1
S1015073	1	Port Input	15	81402	81236	2
S1015073	1	Port Input	14	81402	81236	2
S1015073	1	Response	100	81402	81236	1
S1015073	1	Port Input	15	81403	81237	1
S1015073	1	Port Input	14	81403	81237	1
S1015073	1	Port Input	15	81403	81237	1
S1015073	1	Port Input	14	81403	81237	1
S1015073	1	Port Input	15	81404	81238	1
S1015073	1	Port Input	14	81404	81238	1
S1015073	1	Port Input	15	81404	81238	1
S1015073	1	Port Input	14	81404	81238	1
S1015073	1	Port Input	15	81404	81238	1
S1015073	1	Port Input	14	81404	81238	1
S1015073	1	Port Input	15	81404	81238	1
S1015073	1	Port Input	14	81404	81238	1
S1015073	1	Port Input	15	81404	81238	1
S1015073	1	Port Input	14	81405	81239	1
S1015073	1	Port Input	15	81405	81239	1
S1015073	1	Port Input	14	81405	81239	1
S1015073	1	Port Input	15	81405	81239	1
S1015073	1	Port Input	14	81405	81239	1
S1015073	1	Port Input	15	81405	81239	1
S1015073	1	Port Input	14	81405	81239	1
S1015073	1	Port Input	15	81405	81239	1
S1015073	1	Port Input	14	81405	81239	1
S1015073	1	Port Input	15	81450	81284	1
S1015073	1	Port Input	14	81450	81284	1
S1015073	1	Port Input	15	81453	81287	1
S1015073	1	Port Input	14	81453	81287	1
S1015073	1	Port Input	15	81453	81287	1
S1015073	1	Port Input	14	81453	81287	1
S1015073	1	Port Input	15	81615	81449	1
S1015073	1	Port Input	14	81615	81449	1
S1015073	1	Port Input	15	81618	81452	1
S1015073	1	Port Input	14	81618	81452	1
S1015073	1	Port Input	15	81620	81454	1
S1015073	1	Port Input	14	81620	81454	1
S1015073	1	Port Input	15	81669	81503	1
S1015073	1	Port Input	14	81669	81503	1
S1015073	1	Port Input	15	81670	81504	1
S1015073	1	Port Input	14	81670	81504	1
S1015073	1	Port Input	15	81671	81505	1
S1015073	1	Port Input	14	81671	81505	1
S1015073	1	Port Input	15	81672	81506	1
S1015073	1	Port Input	14	81672	81506	1
S1015073	1	Port Input	15	81672	81506	2
S1015073	1	Port Input	14	81672	81506	2
S1015073	1	Port Input	15	81673	81507	1
S1015073	1	Port Input	14	81673	81507	1
S1015073	1	Port Input	15	81674	81508	1
S1015073	1	Port Input	14	81674	81508	1
S1015073	1	Port Input	15	81675	81509	1
S1015073	1	Port Input	14	81675	81509	1
S1015073	1	Port Input	15	81676	81510	1
S1015073	1	Port Input	14	81676	81510	1
S1015073	1	Port Input	15	81678	81512	1
S1015073	1	Port Input	14	81678	81512	1
S1015073	1	Port Input	15	81680	81514	1
S1015073	1	Port Input	14	81680	81514	1
S1015073	1	Port Input	15	81683	81517	1
S1015073	1	Port Input	14	81683	81517	1
S1015073	1	Port Input	15	81684	81518	1
S1015073	1	Port Input	14	81684	81518	1
S1015073	1	Port Input	15	81684	81518	1
S1015073	1	Port Input	14	81684	81518	1
S1015073	1	Port Input	15	81685	81519	1
S1015073	1	Port Input	14	81685	81519	1
S1015073	1	Port Input	15	81686	81520	1
S1015073	1	Port Input	14	81686	81520	1
S1015073	1	Port Input	15	81688	81522	1
S1015073	1	Port Input	14	81688	81522	1
S1015073	1	Port Input	15	81690	81524	1
S1015073	1	Port Input	14	81690	81524	1
S1015073	1	Port Input	15	81695	81529	1
S1015073	1	Port Input	14	81695	81529	1
S1015073	1	Port Input	15	81695	81529	1
S1015073	1	Port Input	14	81696	81530	1
S1015073	1	Port Input	15	81698	81532	1
S1015073	1	Port Input	14	81698	81532	1
S1015073	1	Port Input	15	81702	81536	1
S1015073	1	Port Input	14	81702	81536	1
S1015073	1	Port Input	15	81704	81538	1
S1015073	1	Port Input	14	81704	81538	1
S1015073	1	Port Input	15	81712	81546	1
S1015073	1	Port Input	14	81712	81546	1
S1015073	1	Port Input	15	81714	81548	1
S1015073	1	Port Input	14	81714	81548	1
S1015073	1	Port Input	15	81715	81549	1
S1015073	1	Port Input	14	81715	81549	1
S1015073	1	Port Input	15	83843	83677	1
S1015073	1	Port Input	14	83843	83677	1
S1015073	1	Port Input	15	83870	83704	1
S1015073	1	Port Input	14	83870	83704	1
S1015073	1	Port Input	15	83877	83711	1
S1015073	1	Port Input	14	83877	83711	1
S1015073	1	Port Input	15	83886	83720	1
S1015073	1	Port Input	14	83886	83720	1
S1015073	1	Port Input	15	83886	83720	1
S1015073	1	Port Input	14	83886	83720	1
S1015073	1	Port Input	15	83886	83720	1
S1015073	1	Port Input	14	83886	83720	1
S1015073	1	Port Input	15	83886	83720	1
S1015073	1	Port Input	14	83887	83721	1
S1015073	1	Port Input	15	83887	83721	1
S1015073	1	Port Input	14	83887	83721	1
S1015073	1	Port Input	15	83887	83721	1
S1015073	1	Port Input	14	83887	83721	1
S1015073	1	Port Input	15	83887	83721	1
S1015073	1	Port Input	14	83887	83721	1
S1015073	1	Port Input	15	83888	83722	1
S1015073	1	Port Input	14	83888	83722	1
S1015073	1	Port Input	15	83888	83722	1
S1015073	1	Port Input	14	83888	83722	1
S1015073	1	Port Input	15	83888	83722	1
S1015073	1	Port Input	14	83888	83722	1
S1015073	1	Port Input	15	83888	83722	1
S1015073	1	Port Input	14	83888	83722	2
S1015073	1	Port Input	15	83890	83724	1
S1015073	1	Port Input	14	83890	83724	1
S1015073	1	Port Input	15	83891	83725	1
S1015073	1	Port Input	14	83891	83725	1
S1015073	1	Port Input	15	83891	83725	1
S1015073	1	Port Input	14	83891	83725	1
S1015073	1	Port Input	15	83891	83725	1
S1015073	1	Port Input	14	83891	83725	1
S1015073	1	Port Input	15	83892	83726	1
S1015073	1	Port Input	14	83893	83727	1
S1015073	1	Port Input	15	83893	83727	1
S1015073	1	Port Input	14	83893	83727	1
S1015073	1	Port Input	15	83893	83727	1
S1015073	1	Port Input	14	83893	83727	1
S1015073	1	Port Input	15	83893	83727	1
S1015073	1	Port Input	14	83893	83727	1
S1015073	1	Port Input	15	83894	83728	1
S1015073	1	Port Input	14	83894	83728	1
S1015073	1	Port Input	15	83894	83728	1
S1015073	1	Port Input	14	83894	83728	1
S1015073	1	Port Input	15	83894	83728	1
S1015073	1	Port Input	14	83894	83728	1
S1015073	1	Port Input	15	83894	83728	1
S1015073	1	Port Input	14	83894	83728	1
S1015073	1	Port Input	15	83894	83728	1
S1015073	1	Port Input	14	83894	83728	1
S1015073	1	Port Input	15	83894	83728	1
S1015073	1	Port Input	14	83894	83728	1
S1015073	1	Port Input	15	83895	83729	1
S1015073	1	Port Input	14	83895	83729	1
S1015073	1	Port Input	15	83895	83729	1
S1015073	1	Port Input	14	83895	83729	1
S1015073	1	Port Input	15	83895	83729	1
S1015073	1	Port Input	14	83895	83729	1
S1015073	1	Port Input	15	83895	83729	1
S1015073	1	Port Input	14	83895	83729	1
S1015073	1	Port Input	15	83895	83729	1
S1015073	1	Port Input	14	83895	83729	1
S1015073	1	Port Input	15	83896	83730	1
S1015073	1	Port Input	14	83896	83730	1
S1015073	1	Port Input	15	83896	83730	1
S1015073	1	Port Input	14	83896	83730	1
S1015073	1	Port Input	15	83896	83730	1
S1015073	1	Port Input	14	83896	83730	1
S1015073	1	Port Input	15	83896	83730	1
S1015073	1	Port Input	14	83896	83730	1
S1015073	1	Port Input	15	83896	83730	1
S1015073	1	Port Input	14	83896	83730	1
S1015073	1	Port Input	15	83896	83730	1
S1015073	1	Port Input	14	83896	83730	1
S1015073	1	Port Input	15	83896	83730	1
S1015073	1	Port Input	14	83896	83730	1
S1015073	1	Port Input	15	83897	83731	1
S1015073	1	Port Input	14	83897	83731	1
S1015073	1	Port Input	15	83897	83731	1
S1015073	1	Port Input	14	83897	83731	1
S1015073	1	Port Input	15	83897	83731	2
S1015073	1	Port Input	14	83898	83732	1
S1015073	1	Port Input	15	83898	83732	1
S1015073	1	Port Input	14	83898	83732	1
S1015073	1	Port Input	15	83898	83732	1
S1015073	1	Port Input	14	83898	83732	1
S1015073	1	Port Input	15	83898	83732	1
S1015073	1	Port Input	14	83899	83733	1
S1015073	1	Port Input	15	83899	83733	1
S1015073	1	Port Input	14	83899	83733	1
S1015073	1	Port Input	15	83899	83733	1
S1015073	1	Port Input	14	83899	83733	1
S1015073	1	Port Input	15	83899	83733	1
S1015073	1	Port Input	14	83899	83733	1
S1015073	1	Port Input	15	83899	83733	1
S1015073	1	Port Input	14	83899	83733	1
S1015073	1	Port Input	15	83899	83733	1
S1015073	1	Port Input	14	83899	83733	1
S1015073	1	Port Input	15	83899	83733	1
S1015073	1	Port Input	14	83900	83734	1
S1015073	1	Port Input	15	83900	83734	1
S1015073	1	Port Input	14	83900	83734	1
S1015073	1	Port Input	15	83900	83734	1
S1015073	1	Port Input	14	83900	83734	1
S1015073	1	Port Input	15	83900	83734	1
S1015073	1	Port Input	14	83900	83734	1
S1015073	1	Port Input	15	83900	83734	1
S1015073	1	Port Input	14	83900	83734	1
S1015073	1	Port Input	15	83901	83735	1
S1015073	1	Port Input	14	83901	83735	1
S1015073	1	Port Input	15	83901	83735	1
S1015073	1	Port Input	14	83901	83735	1
S1015073	1	Port Input	15	83901	83735	1
S1015073	1	Port Input	14	83901	83735	1
S1015073	1	Port Input	15	83901	83735	1
S1015073	2	Port Input	14	118014	27593	3
S1015073	2	Response	100	118014	27593	3
S1015073	3	Port Input	15	118235	120	1
S1015073	3	Port Input	14	118235	120	1
S1015073	3	Port Input	15	119952	1837	1
S1015073	3	Port Input	14	119952	1837	3
S1015073	3	Port Input	15	119954	1839	1
S1015073	3	Port Input	14	119954	1839	2
S1015073	3	Port Input	15	119955	1840	3
S1015073	3	Port Input	14	119960	1845	3
S1015073	3	Port Input	15	119962	1847	1
S1015073	3	Port Input	14	119962	1847	1
S1015073	3	Port Input	15	119962	1847	4
S1015073	3	Port Input	14	119965	1850	1
S1015073	3	Port Input	15	119973	1858	3
S1015073	3	Port Input	14	119975	1860	1
S1015073	3	Port Input	15	120367	2252	4
S1015073	3	Port Input	14	120370	2255	1
S1015073	3	Port Input	15	120375	2260	2
S1015073	3	Port Input	14	144625	26510	4
S1015073	3	Response	100	144625	26510	4
S1015073	3	Port Input	15	144628	26513	1
S1015073	3	Port Input	14	144628	26513	3
S1015073	3	Port Input	15	144630	26515	2
S1015073	3	Port Input	14	144631	26516	1
S1015073	4	Port Input	15	144950	142	1
S1015073	4	Port Input	14	144950	142	1
S1015073	4	Port Input	15	144955	147	1
S1015073	4	Port Input	14	144955	147	2
S1015073	4	Port Input	15	144975	167	1
S1015073	4	Port Input	14	144975	167	1
S1015073	4	Port Input	15	144980	172	1
S1015073	4	Port Input	14	144980	172	4
S1015073	4	Port Input	15	146425	1617	1
S1015073	4	Port Input	14	146425	1617	1
S1015073	4	Port Input	15	146430	1622	1
S1015073	4	Port Input	14	146430	1622	4
S1015073	4	Port Input	15	146435	1627	1
S1015073	4	Port Input	14	146435	1627	1
S1015073	4	Port Input	15	146443	1635	1
S1015073	4	Port Input	14	146443	1635	1
S1015073	4	Port Input	15	146446	1638	1
S1015073	4	Port Input	14	146446	1638	1
S1015073	4	Port Input	15	146470	1662	1
S1015073	4	Port Input	14	146470	1662	3
S1015073	4	Port Input	15	146496	1688	1
S1015073	4	Port Input	14	146496	1688	1
S1015073	4	Port Input	15	146496	1688	4
S1015073	4	Port Input	14	146499	1691	1
S1015073	4	Port Input	15	146507	1699	3
S1015073	4	Port Input	14	146509	1701	1
S1015073	4	Port Input	15	146514	1706	2
S1015073	4	Port Input	14	146515	1707	3
S1015073	4	Port Input	15	146522	1714	1
S1015073	4	Port Input	14	146525	1717	1
S1015073	4	Port Input	15	146530	1722	1
S1015073	4	Port Input	14	146530	1722	1
S1015073	4	Port Input	15	146533	1725	1
S1015073	4	Port Input	14	146533	1725	4
S1015073	4	Port Input	15	146536	1728	1
S1015073	4	Port Input	14	146536	1728	3
S1015073	4	Port Input	15	146541	1733	1
S1015073	4	Port Input	14	146541	1733	1
S1015073	4	Port Input	15	146546	1738	1
S1015073	4	Port Input	14	146546	1738	1
S1015073	4	Port Input	15	146549	1741	1
S1015073	4	Port Input	14	146549	1741	1
S1015073	4	Port Input	15	146931	2123	1
S1015073	4	Port Input	14	146931	2123	1
S1015073	4	Port Input	15	146941	2133	1
S1015073	4	Port Input	14	146941	2133	1
S1015073	4	Port Input	15	146944	2136	1
S1015073	4	Port Input	14	146944	2136	1
S1015073	4	Port Input	15	146947	2139	3
S1015073	4	Port Input	14	146949	2141	1
S1015073	4	Port Input	15	146949	2141	4
S1015073	4	Port Input	14	146952	2144	1
S1015073	4	Port Input	15	146955	2147	1
S1015073	4	Port Input	14	159831	15023	4
S1015073	4	Response	100	159831	15023	4
S1015073	4	Port Input	15	159885	15077	1
S1015073	4	Port Input	14	159885	15077	1
S1015073	5	Port Input	15	160092	103	1
S1015073	5	Port Input	14	160092	103	3
S1015073	5	Port Input	15	160144	155	1
S1015073	5	Port Input	14	160144	155	2
S1015073	5	Port Input	15	162100	2111	4
S1015073	5	Port Input	14	162103	2114	1
S1015073	5	Port Input	15	162129	2140	1
S1015073	5	Port Input	14	162129	2140	1
S1015073	5	Port Input	15	162140	2151	3
S1015073	5	Port Input	14	162142	2153	2
S1015073	5	Port Input	15	162198	2209	1
S1015073	5	Port Input	14	162198	2209	4
S1015073	5	Port Input	15	162256	2267	4
S1015073	5	Port Input	14	162259	2270	1
S1015073	5	Port Input	15	162399	2410	1
S1015073	5	Port Input	14	162399	2410	4
S1015073	5	Port Input	15	162404	2415	2
S1015073	5	Port Input	14	162405	2416	3
S1015073	5	Port Input	15	162412	2423	2
S1015073	5	Port Input	14	162412	2423	4
S1015073	5	Port Input	15	162415	2426	1
S1015073	5	Port Input	14	162415	2426	1
S1015073	5	Port Input	15	162415	2426	4
S1015073	5	Port Input	14	162418	2429	1
S1015073	5	Port Input	15	162418	2429	1
S1015073	5	Port Input	14	162420	2431	1
S1015073	5	Port Input	15	162420	2431	1
S1015073	5	Port Input	14	176739	16750	4
S1015073	5	Response	100	176739	16750	4
S1015073	5	Port Input	15	176742	16753	1
S1015073	5	Port Input	14	176742	16753	4
S1015073	6	Port Input	15	176929	90	1
S1015073	6	Port Input	14	176929	90	1
S1015073	6	Port Input	15	176961	122	1
S1015073	6	Port Input	14	176961	122	1
S1015073	6	Port Input	15	176969	130	1
S1015073	6	Port Input	14	176969	130	1
S1015073	6	Port Input	15	178670	1831	4
S1015073	6	Port Input	14	178673	1834	1
S1015073	6	Port Input	15	178673	1834	4
S1015073	6	Port Input	14	178676	1837	1
S1015073	6	Port Input	15	178676	1837	3
S1015073	6	Port Input	14	178678	1839	1
S1015073	6	Port Input	15	178678	1839	1
S1015073	6	Port Input	14	178678	1839	4
S1015073	6	Port Input	15	178689	1850	1
S1015073	6	Port Input	14	178691	1852	1
S1015073	6	Port Input	15	178691	1852	1
S1015073	6	Port Input	14	178694	1855	1
S1015073	6	Port Input	15	178697	1858	1
S1015073	6	Port Input	14	178697	1858	1
S1015073	6	Port Input	15	178699	1860	1
S1015073	6	Port Input	14	178699	1860	1
S1015073	6	Port Input	15	178699	1860	1
S1015073	6	Port Input	14	178702	1863	1
S1015073	6	Port Input	15	178702	1863	3
S1015073	6	Port Input	14	178704	1865	1
S1015073	6	Port Input	15	178704	1865	2
S1015073	6	Port Input	14	178705	1866	1
S1015073	6	Port Input	15	178707	1868	1
S1015073	6	Port Input	14	178707	1868	4
S1015073	6	Port Input	15	178718	1879	1
S1015073	6	Port Input	14	178718	1879	1
S1015073	6	Port Input	15	178720	1881	1
S1015073	6	Port Input	14	178720	1881	1
S1015073	6	Port Input	15	178945	2106	1
S1015073	6	Port Input	14	191195	14356	4
S1015073	6	Response	100	191195	14356	4
S1015073	7	Port Input	15	191373	20	1
S1015073	7	Port Input	14	191373	20	1
S1015073	7	Port Input	15	191448	95	1
S1015073	7	Port Input	14	191448	95	1
S1015073	7	Port Input	15	191459	106	1
S1015073	7	Port Input	14	191459	106	3
S1015073	7	Port Input	15	191467	114	1
S1015073	7	Port Input	14	191467	114	1
S1015073	7	Port Input	15	193513	2160	1
S1015073	7	Port Input	14	193513	2160	4
S1015073	7	Port Input	15	193521	2168	1
S1015073	7	Port Input	14	193521	2168	1
S1015073	7	Port Input	15	193526	2173	1
S1015073	7	Port Input	14	193526	2173	1
S1015073	7	Port Input	15	193529	2176	1
S1015073	7	Port Input	14	193529	2176	1
S1015073	7	Port Input	15	193532	2179	1
S1015073	7	Port Input	14	193534	2181	1
S1015073	7	Port Input	15	193541	2188	1
S1015073	7	Port Input	14	193541	2188	1
S1015073	7	Port Input	15	193541	2188	4
S1015073	7	Port Input	14	193544	2191	1
S1015073	7	Port Input	15	193547	2194	1
S1015073	7	Port Input	14	193547	2194	1
S1015073	7	Port Input	15	193553	2200	1
S1015073	7	Port Input	14	193553	2200	1
S1015073	7	Port Input	15	193553	2200	1
S1015073	7	Port Input	14	193553	2200	4
S1015073	7	Port Input	15	193559	2206	4
S1015073	7	Port Input	14	193562	2209	1
S1015073	7	Port Input	15	193587	2234	1
S1015073	7	Port Input	14	193587	2234	4
S1015073	7	Port Input	15	193592	2239	1
S1015073	7	Port Input	14	193592	2239	1
S1015073	7	Port Input	15	193831	2478	4
S1015073	7	Port Input	14	193834	2481	1
S1015073	7	Port Input	15	193839	2486	1
S1015073	7	Port Input	14	193839	2486	1
S1015073	7	Port Input	15	193842	2489	1
S1015073	7	Port Input	14	193842	2489	1
S1015073	7	Port Input	15	193842	2489	3
S1015073	7	Port Input	14	206692	15339	4
S1015073	7	Response	100	206692	15339	4
S1015073	7	Port Input	15	206695	15342	1
S1015073	7	Port Input	14	206695	15342	4
S1015073	8	Port Input	15	208946	2078	1
S1015073	8	Port Input	14	208946	2078	1
S1015073	8	Port Input	15	208946	2078	1
S1015073	8	Port Input	14	208949	2081	4
S1015073	8	Port Input	15	208962	2094	1
S1015073	8	Port Input	14	208962	2094	1
S1015073	8	Port Input	15	208965	2097	1
S1015073	8	Port Input	14	208965	2097	1
S1015073	8	Port Input	15	209255	2387	3
S1015073	8	Port Input	14	209257	2389	1
S1015073	8	Port Input	15	209257	2389	4
S1015073	8	Port Input	14	209260	2392	1
S1015073	8	Port Input	15	209260	2392	4
S1015073	8	Port Input	14	224081	17213	3
S1015073	8	Response	100	224081	17213	3
S1015073	9	Port Input	15	224333	114	1
S1015073	9	Port Input	14	224333	114	1
S1015073	9	Port Input	15	226040	1821	3
S1015073	9	Port Input	14	226042	1823	1
S1015073	9	Port Input	15	226058	1839	4
S1015073	9	Port Input	14	226061	1842	1
S1015073	9	Port Input	15	226076	1857	1
S1015073	9	Port Input	14	226076	1857	4
S1015073	9	Port Input	15	226089	1870	1
S1015073	9	Port Input	14	226089	1870	1
S1015073	9	Port Input	15	226092	1873	1
S1015073	9	Port Input	14	226092	1873	1
S1015073	9	Port Input	15	226108	1889	1
S1015073	9	Port Input	14	226108	1889	1
S1015073	9	Port Input	15	226340	2121	1
S1015073	9	Port Input	14	226340	2121	4
S1015073	9	Port Input	15	226375	2156	3
S1015073	9	Port Input	14	241569	17350	2
S1015073	9	Response	100	241569	17350	2
S1015073	10	Port Input	15	241777	41	1
S1015073	10	Port Input	14	241777	41	1
S1015073	10	Port Input	15	241883	147	2
S1015073	10	Port Input	14	241884	148	3
S1015073	10	Port Input	15	241889	153	1
S1015073	10	Port Input	14	241889	153	1
S1015073	10	Port Input	15	241905	169	2
S1015073	10	Port Input	14	241906	170	1
S1015073	10	Port Input	15	244056	2320	1
S1015073	10	Port Input	14	244056	2320	3
S1015073	10	Port Input	15	244331	2595	3
S1015073	10	Port Input	14	244333	2597	1
S1015073	10	Port Input	15	244338	2602	1
S1015073	10	Port Input	14	244338	2602	2
S1015073	10	Port Input	15	244339	2603	1
S1015073	10	Port Input	14	259804	18068	4
S1015073	10	Response	100	259804	18068	4
S1015073	10	Port Input	15	259861	18125	1
S1015073	10	Port Input	14	259861	18125	1
S1015073	10	Port Input	15	259862	18126	1
S1015073	10	Port Input	14	259862	18126	1
S1015073	11	Port Input	15	260025	105	1
S1015073	11	Port Input	14	260025	105	1
S1015073	11	Port Input	15	260027	107	1
S1015073	11	Port Input	14	260027	107	1
S1015073	11	Port Input	15	260068	148	1
S1015073	11	Port Input	14	260068	148	1
S1015073	11	Port Input	15	262042	2122	1
S1015073	11	Port Input	14	262042	2122	4
S1015073	11	Port Input	15	262050	2130	1
S1015073	11	Port Input	14	262050	2130	3
S1015073	11	Port Input	15	262053	2133	3
S1015073	11	Port Input	14	262055	2135	1
S1015073	11	Port Input	15	262055	2135	1
S1015073	11	Port Input	14	262055	2135	1
S1015073	11	Port Input	15	262058	2138	1
S1015073	11	Port Input	14	262058	2138	3
S1015073	11	Port Input	15	262066	2146	1
S1015073	11	Port Input	14	262066	2146	3
S1015073	11	Port Input	15	262068	2148	1
S1015073	11	Port Input	14	262068	2148	1
S1015073	11	Port Input	15	262071	2151	1
S1015073	11	Port Input	14	262071	2151	1
S1015073	11	Port Input	15	262089	2169	1
S1015073	11	Port Input	14	262089	2169	1
S1015073	11	Port Input	15	262126	2206	4
S1015073	11	Port Input	14	262129	2209	1
S1015073	11	Port Input	15	262142	2222	1
S1015073	11	Port Input	14	262142	2222	1
S1015073	11	Port Input	15	262161	2241	3
S1015073	11	Port Input	14	262163	2243	1
S1015073	11	Port Input	15	262166	2246	1
S1015073	11	Port Input	14	262166	2246	4
S1015073	11	Port Input	15	262426	2506	1
S1015073	11	Port Input	14	262426	2506	1
S1015073	11	Port Input	15	262426	2506	4
S1015073	11	Port Input	14	276916	16996	3
S1015073	11	Response	100	276916	16996	3
S1015073	11	Port Input	15	276918	16998	1
S1015073	11	Port Input	14	276918	16998	4
S1015073	11	Port Input	15	276921	17001	1
S1015073	11	Port Input	14	276921	17001	1
S1015073	11	Port Input	15	276921	17001	1
S1015073	11	Port Input	14	276921	17001	1
S1015073	12	Port Input	15	279225	2288	1
S1015073	12	Port Input	14	279225	2288	4
S1015073	12	Port Input	15	279228	2291	1
S1015073	12	Port Input	14	279228	2291	1
S1015073	12	Port Input	15	279231	2294	1
S1015073	12	Port Input	14	279231	2294	1
S1015073	12	Port Input	15	279254	2317	1
S1015073	12	Port Input	14	279254	2317	1
S1015073	12	Port Input	15	279480	2543	1
S1015073	12	Port Input	14	279480	2543	1
S1015073	12	Port Input	15	279485	2548	1
S1015073	12	Port Input	14	279485	2548	2
S1015073	12	Port Input	15	279496	2559	1
S1015073	12	Port Input	14	279496	2559	1
S1015073	12	Port Input	15	279499	2562	4
S1015073	12	Port Input	14	279501	2564	2
S1015073	12	Port Input	15	279504	2567	1
S1015073	12	Port Input	14	279504	2567	1
S1015073	12	Port Input	15	279544	2607	3
S1015073	12	Port Input	14	294999	18062	4
S1015073	12	Response	100	294999	18062	4
S1015073	12	Port Input	15	295031	18094	1
S1015073	12	Port Input	14	295031	18094	1
S1015073	13	Port Input	15	295231	110	4
S1015073	13	Port Input	14	295234	113	1
S1015073	13	Port Input	15	295247	126	1
S1015073	13	Port Input	14	295247	126	1
S1015073	13	Port Input	15	295250	129	1
S1015073	13	Port Input	14	295250	129	5
S1015073	13	Port Input	15	295263	142	1
S1015073	13	Port Input	14	295263	142	4
S1015073	13	Port Input	15	295287	166	1
S1015073	13	Port Input	14	295287	166	1
S1015073	13	Port Input	15	297098	1977	2
S1015073	13	Port Input	14	297098	1977	2
S1015073	13	Port Input	15	297099	1978	1
S1015073	13	Port Input	14	297099	1978	1
S1015073	13	Port Input	15	297104	1983	1
S1015073	13	Port Input	14	297104	1983	1
S1015073	13	Port Input	15	297106	1985	2
S1015073	13	Port Input	14	297107	1986	3
S1015073	13	Port Input	15	297445	2324	1
S1015073	13	Port Input	14	297445	2324	1
S1015073	13	Port Input	15	297445	2324	4
S1015073	13	Port Input	14	297448	2327	1
S1015073	13	Port Input	15	297453	2332	1
S1015073	13	Port Input	14	312886	17765	1
S1015073	13	Port Input	15	312886	17765	1
S1015073	13	Port Input	14	312886	17765	4
S1015073	13	Response	100	312886	17765	1
S1015073	14	Port Input	15	315212	2240	1
S1015073	14	Port Input	14	315212	2240	1
S1015073	14	Port Input	15	315231	2259	1
S1015073	14	Port Input	14	315231	2259	1
S1015073	14	Port Input	15	315241	2269	1
S1015073	14	Port Input	14	315241	2269	4
S1015073	14	Port Input	15	315249	2277	1
S1015073	14	Port Input	14	315249	2277	1
S1015073	14	Port Input	15	315249	2277	1
S1015073	14	Port Input	14	315249	2277	4
S1015073	14	Port Input	15	315291	2319	1
S1015073	14	Port Input	14	315291	2319	1
S1015073	14	Port Input	15	315291	2319	4
S1015073	14	Port Input	14	331294	18322	1
S1015073	14	Response	100	331294	18322	1
S1015073	15	Port Input	15	333622	2299	1
S1015073	15	Port Input	14	333622	2299	1
S1015073	15	Port Input	15	333630	2307	1
S1015073	15	Port Input	14	333630	2307	1
S1015073	15	Port Input	15	333646	2323	1
S1015073	15	Port Input	14	333646	2323	3
S1015073	15	Port Input	15	333872	2549	1
S1015073	15	Port Input	14	333872	2549	1
S1015073	15	Port Input	15	333883	2560	3
S1015073	15	Port Input	14	333885	2562	1
S1015073	15	Port Input	15	333885	2562	1
S1015073	15	Port Input	14	333885	2562	1
S1015073	15	Port Input	15	333888	2565	1
S1015073	15	Port Input	14	333888	2565	1
S1015073	15	Port Input	15	333888	2565	4
S1015073	15	Port Input	14	333891	2568	1
S1015073	15	Port Input	15	333904	2581	3
S1015073	15	Port Input	14	349983	18660	1
S1015073	15	Port Input	15	349983	18660	2
S1015073	15	Response	100	349983	18660	2
S1015073	15	Port Input	14	349984	18661	1
S1015073	15	Port Input	15	349986	18663	1
S1015073	15	Port Input	14	349986	18663	1
S1015073	15	Port Input	15	349986	18663	1
S1015073	15	Port Input	14	349986	18663	1
S1015073	16	Port Input	15	350198	190	1
S1015073	16	Port Input	14	350198	190	1
S1015073	16	Port Input	15	350206	198	1
S1015073	16	Port Input	14	350206	198	1
S1015073	16	Port Input	15	350209	201	1
S1015073	16	Port Input	14	350209	201	1
S1015073	16	Port Input	15	351996	1988	3
S1015073	16	Port Input	14	351998	1990	1
S1015073	16	Port Input	15	352014	2006	1
S1015073	16	Port Input	14	352014	2006	1
S1015073	16	Port Input	15	352016	2008	2
S1015073	16	Port Input	14	352017	2009	3
S1015073	16	Port Input	15	352038	2030	1
S1015073	16	Port Input	14	352038	2030	1
S1015073	16	Port Input	15	352049	2041	1
S1015073	16	Port Input	14	352049	2041	1
S1015073	16	Port Input	15	352073	2065	1
S1015073	16	Port Input	14	352073	2065	1
S1015073	16	Port Input	15	352073	2065	3
S1015073	16	Port Input	14	352075	2067	1
S1015073	16	Port Input	15	352078	2070	1
S1015073	16	Port Input	14	352078	2070	4
S1015073	16	Port Input	15	352094	2086	4
S1015073	16	Port Input	14	352097	2089	1
S1015073	16	Port Input	15	352126	2118	1
S1015073	16	Port Input	14	352126	2118	4
S1015073	16	Port Input	15	352409	2401	3
S1015073	16	Port Input	14	367613	17605	4
S1015073	16	Response	100	367613	17605	4
S1015073	16	Port Input	15	367616	17608	1
S1015073	16	Port Input	14	367616	17608	3
S1015073	16	Port Input	15	367618	17610	1
S1015073	16	Port Input	14	367618	17610	2
S1015073	16	Port Input	15	367619	17611	1
S1015073	16	Port Input	14	367619	17611	2
S1015073	16	Port Input	15	367620	17612	1
S1015073	16	Port Input	14	367620	17612	1
S1015073	16	Port Input	15	367620	17612	1
S1015073	16	Port Input	14	367620	17612	1
S1015073	16	Port Input	15	367622	17614	1
S1015073	16	Port Input	14	367622	17614	1
S1015073	16	Port Input	15	367622	17614	2
S1015073	16	Port Input	14	367623	17615	1
S1015073	16	Port Input	15	367623	17615	1
S1015073	16	Port Input	14	367624	17616	1
S1015073	16	Port Input	15	367624	17616	1
S1015073	16	Port Input	14	367625	17617	1
S1015073	16	Port Input	15	367625	17617	1
S1015073	16	Port Input	14	367625	17617	1
S1015073	16	Port Input	15	367626	17618	1
S1015073	16	Port Input	14	367626	17618	1
S1015073	16	Port Input	15	367626	17618	1
S1015073	16	Port Input	14	367626	17618	1
S1015073	16	Port Input	15	367628	17620	1
S1015073	16	Port Input	14	367628	17620	1
S1015073	17	Port Input	15	367775	83	1
S1015073	17	Port Input	14	367775	83	1
S1015073	17	Port Input	15	367783	91	1
S1015073	17	Port Input	14	367783	91	1
S1015073	17	Port Input	15	367816	124	1
S1015073	17	Port Input	14	367816	124	4
S1015073	17	Port Input	15	367819	127	1
S1015073	17	Port Input	14	367819	127	1
S1015073	17	Port Input	15	367821	129	1
S1015073	17	Port Input	14	367821	129	1
S1015073	17	Port Input	15	367843	151	1
S1015073	17	Port Input	14	367843	151	1
S1015073	17	Port Input	15	367845	153	2
S1015073	17	Port Input	14	367846	154	1
S1015073	17	Port Input	15	367851	159	1
S1015073	17	Port Input	14	367854	162	1
S1015073	17	Port Input	15	367865	173	1
S1015073	17	Port Input	14	367865	173	1
S1015073	17	Port Input	15	367870	178	1
S1015073	17	Port Input	14	367870	178	1
S1015073	17	Port Input	15	367897	205	1
S1015073	17	Port Input	14	367897	205	1
S1015073	17	Port Input	15	367900	208	1
S1015073	17	Port Input	14	367900	208	3
S1015073	17	Port Input	15	367921	229	1
S1015073	17	Port Input	14	367921	229	2
S1015073	17	Port Input	15	367924	232	1
S1015073	17	Port Input	14	367924	232	4
S1015073	17	Port Input	15	367932	240	1
S1015073	17	Port Input	14	367932	240	1
S1015073	17	Port Input	15	368000	308	4
S1015073	17	Port Input	14	368003	311	1
S1015073	17	Port Input	15	370064	2372	1
S1015073	17	Port Input	14	370064	2372	1
S1015073	17	Port Input	15	370091	2399	1
S1015073	17	Port Input	14	370091	2399	4
S1015073	17	Port Input	15	370096	2404	1
S1015073	17	Port Input	14	370096	2404	1
S1015073	17	Port Input	15	370102	2410	1
S1015073	17	Port Input	14	370102	2410	3
S1015073	17	Port Input	15	370107	2415	1
S1015073	17	Port Input	14	370107	2415	1
S1015073	17	Port Input	15	370109	2417	1
S1015073	17	Port Input	14	370110	2418	1
S1015073	17	Port Input	15	370115	2423	3
S1015073	17	Port Input	14	370120	2428	1
S1015073	17	Port Input	15	370123	2431	1
S1015073	17	Port Input	14	370123	2431	3
S1015073	17	Port Input	15	370137	2445	4
S1015073	17	Port Input	14	370140	2448	1
S1015073	17	Port Input	15	370145	2453	1
S1015073	17	Port Input	14	370145	2453	1
S1015073	17	Port Input	15	370156	2464	1
S1015073	17	Port Input	14	370156	2464	1
S1015073	17	Port Input	15	370159	2467	3
S1015073	17	Port Input	14	370161	2469	1
S1015073	17	Port Input	15	370164	2472	4
S1015073	17	Port Input	14	370167	2475	1
S1015073	17	Port Input	15	370173	2481	1
S1015073	17	Port Input	14	370173	2481	1
S1015073	17	Port Input	15	370173	2481	1
S1015073	17	Port Input	14	370173	2481	4
S1015073	17	Port Input	15	370192	2500	3
S1015073	17	Port Input	14	370194	2502	1
S1015073	17	Port Input	15	370197	2505	1
S1015073	17	Port Input	14	370197	2505	1
S1015073	17	Port Input	15	370205	2513	3
S1015073	17	Port Input	14	370207	2515	1
S1015073	17	Port Input	15	370468	2776	3
S1015073	17	Port Input	14	385488	17796	1
S1015073	17	Port Input	15	385488	17796	1
S1015073	17	Port Input	14	385488	17796	4
S1015073	17	Response	100	385488	17796	1
S1015073	17	Port Input	15	385491	17799	1
S1015073	17	Port Input	14	385491	17799	4
S1015073	17	Port Input	15	385494	17802	1
S1015073	17	Port Input	14	385494	17802	1
S1015073	18	Port Input	15	385736	193	1
S1015073	18	Port Input	14	385736	193	3
S1015073	18	Port Input	15	385752	209	1
S1015073	18	Port Input	14	385752	209	1
S1015073	18	Port Input	15	387994	2451	3
S1015073	18	Port Input	14	387996	2453	1
S1015073	18	Port Input	15	387999	2456	3
S1015073	18	Port Input	14	388001	2458	2
S1015073	18	Port Input	15	388015	2472	1
S1015073	18	Port Input	14	388015	2472	1
S1015073	18	Port Input	15	388015	2472	3
S1015073	18	Port Input	14	388017	2474	2
S1015073	18	Port Input	15	388031	2488	1
S1015073	18	Port Input	14	388031	2488	1
S1015073	18	Port Input	15	388031	2488	3
S1015073	18	Port Input	14	388033	2490	2
S1015073	18	Port Input	15	388052	2509	1
S1015073	18	Port Input	14	388052	2509	4
S1015073	18	Port Input	15	388055	2512	1
S1015073	18	Port Input	14	388055	2512	1
S1015073	18	Port Input	15	388065	2522	1
S1015073	18	Port Input	14	388065	2522	2
S1015073	18	Port Input	15	388084	2541	4
S1015073	18	Port Input	14	388087	2544	1
S1015073	18	Port Input	15	388135	2592	1
S1015073	18	Port Input	14	388135	2592	1
S1015073	18	Port Input	15	388300	2757	1
S1015073	18	Port Input	14	388300	2757	1
S1015073	18	Port Input	15	388300	2757	3
S1015073	18	Port Input	14	388302	2759	1
S1015073	18	Port Input	15	388310	2767	4
S1015073	18	Port Input	14	388313	2770	1
S1015073	18	Port Input	15	388313	2770	1
S1015073	18	Port Input	14	388313	2770	3
S1015073	18	Port Input	15	388358	2815	1
S1015073	18	Port Input	14	388358	2815	1
S1015073	18	Port Input	15	388361	2818	1
S1015073	18	Port Input	14	388363	2820	1
S1015073	18	Port Input	15	388363	2820	4
S1015073	18	Port Input	14	403271	17728	3
S1015073	18	Response	100	403271	17728	3
S1015073	19	Port Input	15	403447	53	1
S1015073	19	Port Input	14	403447	53	1
S1015073	19	Port Input	15	403452	58	4
S1015073	19	Port Input	14	403455	61	1
S1015073	19	Port Input	15	403460	66	4
S1015073	19	Port Input	14	403463	69	1
S1015073	19	Port Input	15	403471	77	1
S1015073	19	Port Input	14	403471	77	1
S1015073	19	Port Input	15	403482	88	1
S1015073	19	Port Input	14	403484	90	1
S1015073	19	Port Input	15	403487	93	1
S1015073	19	Port Input	14	403487	93	4
S1015073	19	Port Input	15	403490	96	1
S1015073	19	Port Input	14	403490	96	1
S1015073	19	Port Input	15	405709	2315	1
S1015073	19	Port Input	14	405709	2315	1
S1015073	19	Port Input	15	405720	2326	1
S1015073	19	Port Input	14	405720	2326	1
S1015073	19	Port Input	15	405725	2331	1
S1015073	19	Port Input	14	405725	2331	1
S1015073	19	Port Input	15	405728	2334	1
S1015073	19	Port Input	14	405728	2334	1
S1015073	19	Port Input	15	405736	2342	3
S1015073	19	Port Input	14	405738	2344	1
S1015073	19	Port Input	15	405757	2363	4
S1015073	19	Port Input	14	405760	2366	1
S1015073	19	Port Input	15	405784	2390	1
S1015073	19	Port Input	14	405784	2390	1
S1015073	19	Port Input	15	406036	2642	1
S1015073	19	Port Input	14	406036	2642	1
S1015073	19	Port Input	15	406055	2661	1
S1015073	19	Port Input	14	406055	2661	1
S1015073	19	Port Input	15	406063	2669	3
S1015073	19	Port Input	14	406065	2671	1
S1015073	19	Port Input	15	406068	2674	1
S1015073	19	Port Input	14	406068	2674	4
S1015073	19	Port Input	15	406071	2677	1
S1015073	19	Port Input	14	406071	2677	1
S1015073	19	Port Input	15	406129	2735	4
S1015073	19	Port Input	14	419878	16484	1
S1015073	19	Response	100	419878	16484	1
S1015073	19	Port Input	15	419881	16487	3
S1015073	19	Port Input	14	419883	16489	2
S1015073	19	Port Input	15	419884	16490	1
S1015073	19	Port Input	14	419884	16490	1
S1015073	19	Port Input	15	419884	16490	1
S1015073	19	Port Input	14	419884	16490	1
S1015073	19	Port Input	15	419884	16490	1
S1015073	19	Port Input	14	419884	16490	1
S1015073	20	Port Input	15	420151	241	1
S1015073	20	Port Input	14	420151	241	3
S1015073	20	Port Input	15	420161	251	1
S1015073	20	Port Input	14	420161	251	1
S1015073	20	Port Input	15	420167	257	1
S1015073	20	Port Input	14	420167	257	4
S1015073	20	Port Input	15	420183	273	1
S1015073	20	Port Input	14	420183	273	2
S1015073	20	Port Input	15	420211	301	1
S1015073	20	Port Input	14	420211	301	4
S1015073	20	Port Input	15	420224	314	1
S1015073	20	Port Input	14	420224	314	1
S1015073	20	Port Input	15	420236	326	4
S1015073	20	Port Input	14	420239	329	1
S1015073	20	Port Input	15	420242	332	1
S1015073	20	Port Input	14	420242	332	1
S1015073	20	Port Input	15	420253	343	1
S1015073	20	Port Input	14	420255	345	1
S1015073	20	Port Input	15	420274	364	1
S1015073	20	Port Input	14	420274	364	4
S1015073	20	Port Input	15	420285	375	3
S1015073	20	Port Input	14	420287	377	1
S1015073	20	Port Input	15	420293	383	1
S1015073	20	Port Input	14	420293	383	1
S1015073	20	Port Input	15	422049	2139	4
S1015073	20	Port Input	14	422052	2142	1
S1015073	20	Port Input	15	422082	2172	1
S1015073	20	Port Input	14	422082	2172	1
S1015073	20	Port Input	15	422089	2179	2
S1015073	20	Port Input	14	422090	2180	1
S1015073	20	Port Input	15	422092	2182	4
S1015073	20	Port Input	14	422095	2185	1
S1015073	20	Port Input	15	422151	2241	4
S1015073	20	Port Input	14	422154	2244	1
S1015073	20	Port Input	15	422178	2268	1
S1015073	20	Port Input	14	422178	2268	1
S1015073	20	Port Input	15	422180	2270	1
S1015073	20	Port Input	14	422180	2270	1
S1015073	20	Port Input	15	422186	2276	3
S1015073	20	Port Input	14	422188	2278	1
S1015073	20	Port Input	15	422194	2284	1
S1015073	20	Port Input	14	422194	2284	3
S1015073	20	Port Input	15	422632	2722	4
S1015073	20	Port Input	14	441616	21706	1
S1015073	20	Response	100	441616	21706	1
S1015073	20	Port Input	15	441722	21812	1
S1015073	20	Port Input	14	441722	21812	1
S1015073	20	Port Input	15	441723	21813	1
S1015073	20	Port Input	14	441723	21813	1
S1015073	20	Port Input	15	441723	21813	2
S1015073	20	Port Input	14	441724	21814	1
S1015073	21	Port Input	15	441913	148	3
S1015073	21	Port Input	14	441915	150	2
S1015073	21	Port Input	15	441932	167	1
S1015073	21	Port Input	14	441932	167	1
S1015073	21	Port Input	15	441948	183	1
S1015073	21	Port Input	14	441948	183	1
S1015073	21	Port Input	15	441948	183	1
S1015073	21	Port Input	14	441948	183	4
S1015073	21	Port Input	15	441967	202	1
S1015073	21	Port Input	14	441967	202	1
S1015073	21	Port Input	15	441978	213	1
S1015073	21	Port Input	14	441978	213	1
S1015073	21	Port Input	15	441983	218	4
S1015073	21	Port Input	14	441986	221	1
S1015073	21	Port Input	15	442005	240	1
S1015073	21	Port Input	14	442005	240	1
S1015073	21	Port Input	15	442013	248	3
S1015073	21	Port Input	14	442015	250	1
S1015073	21	Port Input	15	442049	284	1
S1015073	21	Port Input	14	442049	284	1
S1015073	21	Port Input	15	442062	297	1
S1015073	21	Port Input	14	442062	297	4
S1015073	21	Port Input	15	442071	306	3
S1015073	21	Port Input	14	442073	308	1
S1015073	21	Port Input	15	442079	314	3
S1015073	21	Port Input	14	442081	316	1
S1015073	21	Port Input	15	442094	329	1
S1015073	21	Port Input	14	442095	330	1
S1015073	21	Port Input	15	444047	2282	3
S1015073	21	Port Input	14	459140	17375	3
S1015073	21	Response	100	459140	17375	3
S1015073	22	Port Input	15	459442	160	4
S1015073	22	Port Input	14	459445	163	1
S1015073	22	Port Input	15	459480	198	1
S1015073	22	Port Input	14	459480	198	1
S1015073	22	Port Input	15	459480	198	3
S1015073	22	Port Input	14	459482	200	2
S1015073	22	Port Input	15	459534	252	4
S1015073	22	Port Input	14	459537	255	1
S1015073	22	Port Input	15	461272	1990	4
S1015073	22	Port Input	14	461275	1993	1
S1015073	22	Port Input	15	461288	2006	1
S1015073	22	Port Input	14	461288	2006	1
S1015073	22	Port Input	15	461609	2327	1
S1015073	22	Port Input	14	461609	2327	1
S1015073	22	Port Input	15	461734	2452	3
S1015073	22	Port Input	14	477958	18676	1
S1015073	22	Response	100	477958	18676	1
S1015073	23	Port Input	15	478220	86	1
S1015073	23	Port Input	14	478220	86	3
S1015073	23	Port Input	15	478230	96	1
S1015073	23	Port Input	14	478230	96	4
S1015073	23	Port Input	15	480138	2004	3
S1015073	23	Port Input	14	497858	19724	4
S1015073	23	Response	100	497858	19724	4
S1015073	24	Port Input	15	498312	326	1
S1015073	24	Port Input	14	498312	326	1
S1015073	24	Port Input	15	500402	2416	1
S1015073	24	Port Input	14	500402	2416	1
S1015073	24	Port Input	15	500415	2429	1
S1015073	24	Port Input	14	500415	2429	1
S1015073	24	Port Input	15	500415	2429	1
S1015073	24	Port Input	14	500415	2429	1
S1015073	24	Port Input	15	500424	2438	4
S1015073	24	Port Input	14	500427	2441	1
S1015073	24	Port Input	15	500487	2501	4
S1015073	24	Port Input	14	516352	18366	4
S1015073	24	Response	100	516352	18366	4
S1015073	25	Port Input	15	516953	448	3
S1015073	25	Port Input	14	516955	450	1
S1015073	25	Port Input	15	517023	518	1
S1015073	25	Port Input	14	517023	518	4
S1015073	25	Port Input	15	517083	578	4
S1015073	25	Port Input	14	517086	581	3
S1015073	25	Port Input	15	518066	1561	1
S1015073	25	Port Input	14	518066	1561	4
S1015073	25	Port Input	15	518151	1646	4
S1015073	25	Port Input	14	518154	1649	1
S1015073	25	Port Input	15	518295	1790	1
S1015073	25	Port Input	14	518295	1790	1
S1015073	25	Port Input	15	518953	2448	3
S1015073	25	Port Input	14	518955	2450	1
S1015073	25	Port Input	15	518977	2472	1
S1015073	25	Port Input	14	518977	2472	3
S1015073	25	Port Input	15	519009	2504	3
S1015073	25	Port Input	14	519011	2506	1
S1015073	25	Port Input	15	519017	2512	1
S1015073	25	Port Input	14	519017	2512	1
S1015073	25	Port Input	15	519017	2512	1
S1015073	25	Port Input	14	519017	2512	1
S1015073	25	Port Input	15	519041	2536	1
S1015073	25	Port Input	14	519041	2536	1
S1015073	25	Port Input	15	519112	2607	4
S1015073	25	Port Input	14	535025	18520	4
S1015073	25	Response	100	535025	18520	4
S1015073	25	Port Input	15	535028	18523	1
S1015073	25	Port Input	14	535028	18523	1
S1015073	25	Port Input	15	535028	18523	3
S1015073	25	Port Input	14	535031	18526	1
S1015073	25	Port Input	15	535031	18526	1
S1015073	25	Port Input	14	535031	18526	2
S1015073	25	Port Input	15	535032	18527	1
S1015073	25	Port Input	14	535032	18527	1
S1015073	25	Port Input	15	535032	18527	2
S1015073	25	Port Input	14	535033	18528	1
S1015073	25	Port Input	15	535033	18528	2
S1015073	25	Port Input	14	535034	18529	1
S1015073	25	Port Input	15	535034	18529	2
S1015073	25	Port Input	14	535035	18530	1
S1015073	25	Port Input	15	535035	18530	1
S1015073	25	Port Input	14	535035	18530	1
S1015073	25	Port Input	15	535035	18530	2
S1015073	25	Port Input	14	535036	18531	1
S1015073	25	Port Input	15	535036	18531	1
S1015073	25	Port Input	14	535036	18531	1
S1015073	25	Port Input	15	535036	18531	1
S1015073	25	Port Input	14	535036	18531	1
S1015073	25	Port Input	15	535037	18532	1
S1015073	25	Port Input	14	535037	18532	1
S1015073	25	Port Input	15	535037	18532	1
S1015073	25	Port Input	14	535037	18532	1
S1015073	25	Port Input	15	535038	18533	1
S1015073	25	Port Input	14	535038	18533	1
S1015073	25	Port Input	15	535093	18588	2
S1015073	25	Port Input	14	535094	18589	1
S1015073	26	Port Input	15	537866	2677	4
S1015073	26	Port Input	14	554412	19223	4
S1015073	26	Response	100	554412	19223	4
S1015073	26	Port Input	15	554504	19315	1
S1015073	26	Port Input	14	554504	19315	1
S1015073	26	Port Input	15	554506	19317	1
S1015073	26	Port Input	14	554506	19317	1
