Scenario - Push Button + tone (0ms)
Logfile written - 01/06/2024 11:37:11

Subject	Trial	Event Type	Code	Time	TTime	Uncertainty	Duration	Uncertainty	ReqTime	ReqDur	Stim Type	Pair Index

S1015351	1	Picture	start	67	0	1	40554	1	0	next	other	0
S1015351	3	Nothing	nothing	45122	0	1			0		hit	4
S1015351	3	Port Input	14	56132	11010	1
S1015351	3	Response	222	56132	11010	1
S1015351	4	Sound	20	56140	0	520			0		hit	18
S1015351	4	Port Input	15	61527	5387	1
S1015351	4	Port Input	14	61527	5387	1
S1015351	4	Port Input	15	61528	5387	1
S1015351	4	Port Input	14	61528	5388	1
S1015351	4	Port Input	15	61528	5388	1
S1015351	4	Port Input	14	61528	5388	1
S1015351	4	Port Input	15	61528	5388	1
S1015351	4	Port Input	14	61528	5388	1
S1015351	4	Port Input	15	61528	5388	1
S1015351	4	Port Input	14	61528	5388	1
S1015351	4	Port Input	15	61529	5389	1
S1015351	4	Port Input	14	71787	15647	1
S1015351	4	Response	222	71787	15647	1
S1015351	4	Port Input	15	71787	15647	1
S1015351	4	Port Input	14	71787	15647	5
S1015351	5	Sound	20	71787	0	5			0		hit	28
S1015351	5	Port Input	15	71793	5	1
S1015351	5	Port Input	14	71793	5	1
S1015351	5	Port Input	15	71794	7	1
S1015351	5	Port Input	14	71794	7	1
S1015351	5	Port Input	15	77164	5377	1
S1015351	5	Port Input	14	87305	15518	1
S1015351	5	Response	222	87305	15518	1
S1015351	6	Sound	20	87306	0	4			0		hit	34
S1015351	6	Port Input	15	93064	5758	1
S1015351	6	Port Input	14	93064	5758	1
S1015351	6	Port Input	15	93064	5758	1
S1015351	6	Port Input	14	103614	16308	1
S1015351	6	Response	222	103614	16308	1
S1015351	7	Sound	20	103615	0	5			0		hit	40
S1015351	7	Port Input	15	108963	5348	1
S1015351	7	Port Input	14	108963	5348	1
S1015351	7	Port Input	15	108963	5348	1
S1015351	7	Port Input	14	119349	15734	1
S1015351	7	Response	222	119349	15734	1
S1015351	8	Sound	20	119350	0	4			0		hit	54
S1015351	8	Port Input	15	124980	5630	1
S1015351	8	Port Input	14	124980	5630	1
S1015351	8	Port Input	15	124981	5631	1
S1015351	8	Port Input	14	124981	5631	1
S1015351	8	Port Input	15	124999	5650	1
S1015351	8	Port Input	14	124999	5650	1
S1015351	8	Port Input	15	125000	5650	1
S1015351	8	Port Input	14	125000	5650	1
S1015351	8	Port Input	15	125000	5650	1
S1015351	8	Port Input	14	125000	5650	1
S1015351	8	Port Input	15	125000	5651	1
S1015351	8	Port Input	14	135111	15761	1
S1015351	8	Response	222	135111	15761	1
S1015351	8	Port Input	15	135111	15761	1
S1015351	8	Port Input	14	135111	15761	1
S1015351	9	Sound	20	135111	0	4			0		hit	76
S1015351	9	Port Input	15	135116	4	1
S1015351	9	Port Input	14	135116	4	1
S1015351	9	Port Input	15	135116	5	1
S1015351	9	Port Input	14	135116	5	1
S1015351	9	Port Input	15	135117	5	1
S1015351	9	Port Input	14	135117	5	1
S1015351	9	Port Input	15	135117	6	1
S1015351	9	Port Input	14	135117	6	1
S1015351	9	Port Input	15	135118	6	1
S1015351	9	Port Input	14	135118	6	1
S1015351	9	Port Input	15	135118	7	1
S1015351	9	Port Input	14	135118	7	1
S1015351	9	Port Input	15	135118	7	1
S1015351	9	Port Input	14	135118	7	1
S1015351	9	Port Input	15	135119	8	1
S1015351	9	Port Input	14	135119	8	1
S1015351	9	Port Input	15	140430	5318	1
S1015351	9	Port Input	14	150344	15232	1
S1015351	9	Response	222	150344	15232	1
S1015351	10	Sound	20	150344	0	4			0		hit	146
S1015351	10	Port Input	15	155673	5329	1
S1015351	10	Port Input	14	155673	5329	1
S1015351	10	Port Input	15	155674	5329	1
S1015351	10	Port Input	14	155674	5329	1
S1015351	10	Port Input	15	155674	5330	1
S1015351	10	Port Input	14	155674	5330	1
S1015351	10	Port Input	15	155674	5330	1
S1015351	10	Port Input	14	155674	5330	1
S1015351	10	Port Input	15	155675	5331	1
S1015351	10	Port Input	14	155675	5331	1
S1015351	10	Port Input	15	155678	5334	1
S1015351	10	Port Input	14	155678	5334	1
S1015351	10	Port Input	15	155678	5334	1
S1015351	10	Port Input	14	155678	5334	1
S1015351	10	Port Input	15	155679	5334	1
S1015351	10	Port Input	14	155679	5334	1
S1015351	10	Port Input	15	155679	5335	1
S1015351	10	Port Input	14	155679	5335	1
S1015351	10	Port Input	15	155680	5335	1
S1015351	10	Port Input	14	155680	5335	1
S1015351	10	Port Input	15	155680	5335	1
S1015351	10	Port Input	14	155680	5336	1
S1015351	10	Port Input	15	155680	5336	1
S1015351	10	Port Input	14	155680	5336	1
S1015351	10	Port Input	15	155680	5336	1
S1015351	10	Port Input	14	155681	5336	1
S1015351	10	Port Input	15	155681	5336	1
S1015351	10	Port Input	14	155681	5336	1
S1015351	10	Port Input	15	155681	5337	1
S1015351	10	Port Input	14	155681	5337	1
S1015351	10	Port Input	15	155681	5337	1
S1015351	10	Port Input	14	155681	5337	1
S1015351	10	Port Input	15	155681	5337	1
S1015351	10	Port Input	14	155681	5337	1
S1015351	10	Port Input	15	155681	5337	1
S1015351	10	Port Input	14	155681	5337	1
S1015351	10	Port Input	15	155682	5338	1
S1015351	10	Port Input	14	155682	5338	1
S1015351	10	Port Input	15	155683	5338	1
S1015351	10	Port Input	14	155683	5338	1
S1015351	10	Port Input	15	155683	5338	1
S1015351	10	Port Input	14	155683	5338	1
S1015351	10	Port Input	15	155687	5343	1
S1015351	10	Port Input	14	155687	5343	1
S1015351	10	Port Input	15	155688	5344	1
S1015351	10	Port Input	14	155688	5344	1
S1015351	10	Port Input	15	155689	5344	1
S1015351	10	Port Input	14	155689	5344	1
S1015351	10	Port Input	15	155689	5345	1
S1015351	10	Port Input	14	155689	5345	1
S1015351	10	Port Input	15	155690	5345	1
S1015351	10	Port Input	14	155690	5345	1
S1015351	10	Port Input	15	155693	5348	1
S1015351	10	Port Input	14	155693	5349	1
S1015351	10	Port Input	15	155693	5349	1
S1015351	10	Port Input	14	155693	5349	1
S1015351	10	Port Input	15	155694	5349	1
S1015351	10	Port Input	14	155694	5349	1
S1015351	10	Port Input	15	155694	5350	1
S1015351	10	Port Input	14	155694	5350	1
S1015351	10	Port Input	15	155694	5350	1
S1015351	10	Port Input	14	155694	5350	1
S1015351	10	Port Input	15	155695	5350	1
S1015351	10	Port Input	14	155695	5350	1
S1015351	10	Port Input	15	155695	5351	1
S1015351	10	Port Input	14	155695	5351	1
S1015351	10	Port Input	15	155695	5351	1
S1015351	10	Port Input	14	165911	15566	1
S1015351	10	Response	222	165911	15566	1
S1015351	10	Port Input	15	165911	15567	1
S1015351	10	Port Input	14	165911	15567	1
S1015351	11	Sound	20	165912	0	5			0		hit	220
S1015351	11	Port Input	15	165917	6	1
S1015351	11	Port Input	14	165917	6	1
S1015351	11	Port Input	15	165918	6	1
S1015351	11	Port Input	14	165918	6	1
S1015351	11	Port Input	15	171746	5834	1
S1015351	11	Port Input	14	171746	5834	1
S1015351	11	Port Input	15	171746	5835	1
S1015351	11	Port Input	14	171746	5835	1
S1015351	11	Port Input	15	171746	5835	1
S1015351	11	Port Input	14	171746	5835	1
S1015351	11	Port Input	15	171746	5835	1
S1015351	11	Port Input	14	171746	5835	1
S1015351	11	Port Input	15	171746	5835	1
S1015351	11	Port Input	14	171747	5835	1
S1015351	11	Port Input	15	171747	5835	1
S1015351	11	Port Input	14	171747	5835	1
S1015351	11	Port Input	15	171747	5835	1
S1015351	11	Port Input	14	171747	5835	1
S1015351	11	Port Input	15	171748	5836	1
S1015351	11	Port Input	14	171748	5836	1
S1015351	11	Port Input	15	171748	5836	1
S1015351	11	Port Input	14	171748	5836	1
S1015351	11	Port Input	15	171749	5837	1
S1015351	11	Port Input	14	171749	5837	1
S1015351	11	Port Input	15	171750	5838	1
S1015351	11	Port Input	14	171750	5838	1
S1015351	11	Port Input	15	171750	5839	1
S1015351	11	Port Input	14	171750	5839	1
S1015351	11	Port Input	15	171751	5839	1
S1015351	11	Port Input	14	171751	5839	1
S1015351	11	Port Input	15	171751	5839	1
S1015351	11	Port Input	14	171751	5839	1
S1015351	11	Port Input	15	171751	5839	1
S1015351	11	Port Input	14	171751	5839	1
S1015351	11	Port Input	15	171751	5840	1
S1015351	11	Port Input	14	171751	5840	1
S1015351	11	Port Input	15	171752	5840	1
S1015351	11	Port Input	14	171752	5840	1
S1015351	11	Port Input	15	171752	5840	1
S1015351	11	Port Input	14	171752	5840	1
S1015351	11	Port Input	15	171752	5840	1
S1015351	11	Port Input	14	171752	5840	1
S1015351	11	Port Input	15	171752	5840	1
S1015351	11	Port Input	14	171752	5840	1
S1015351	11	Port Input	15	171752	5841	1
S1015351	11	Port Input	14	171752	5841	1
S1015351	11	Port Input	15	171753	5841	1
S1015351	11	Port Input	14	171753	5841	1
S1015351	11	Port Input	15	171754	5842	1
S1015351	11	Port Input	14	171754	5842	1
S1015351	11	Port Input	15	171754	5843	1
S1015351	11	Port Input	14	171754	5843	1
S1015351	11	Port Input	15	171755	5843	1
S1015351	11	Port Input	14	171755	5843	1
S1015351	11	Port Input	15	171755	5843	1
S1015351	11	Port Input	14	171755	5843	1
S1015351	11	Port Input	15	171755	5844	1
S1015351	11	Port Input	14	171755	5844	1
S1015351	11	Port Input	15	171756	5844	1
S1015351	11	Port Input	14	171756	5844	1
S1015351	11	Port Input	15	171756	5844	1
S1015351	11	Port Input	14	171756	5844	1
S1015351	11	Port Input	15	171756	5845	1
S1015351	11	Port Input	14	171756	5845	1
S1015351	11	Port Input	15	171756	5845	1
S1015351	11	Port Input	14	171757	5846	1
S1015351	11	Port Input	15	171758	5846	1
S1015351	11	Port Input	14	171758	5846	1
S1015351	11	Port Input	15	171758	5846	1
S1015351	11	Port Input	14	182533	16621	1
S1015351	11	Response	222	182533	16621	1
S1015351	12	Sound	20	182534	0	5			0		hit	242
S1015351	12	Port Input	15	187629	5095	1
S1015351	12	Port Input	14	187629	5095	1
S1015351	12	Port Input	15	187629	5095	1
S1015351	12	Port Input	14	187629	5095	1
S1015351	12	Port Input	15	187629	5096	1
S1015351	12	Port Input	14	187629	5096	1
S1015351	12	Port Input	15	187630	5096	1
S1015351	12	Port Input	14	187630	5096	1
S1015351	12	Port Input	15	187630	5096	1
S1015351	12	Port Input	14	187630	5096	1
S1015351	12	Port Input	15	187630	5097	1
S1015351	12	Port Input	14	187632	5099	1
S1015351	12	Port Input	15	187632	5099	1
S1015351	12	Port Input	14	187632	5099	1
S1015351	12	Port Input	15	187633	5099	1
S1015351	12	Port Input	14	187633	5099	1
S1015351	12	Port Input	15	187633	5099	1
S1015351	12	Port Input	14	187633	5099	1
S1015351	12	Port Input	15	187633	5100	1
S1015351	12	Port Input	14	198393	15860	1
S1015351	12	Response	222	198393	15860	1
S1015351	12	Port Input	15	198394	15860	1
S1015351	12	Port Input	14	198394	15860	5
S1015351	13	Sound	20	198394	0	4			0		hit	270
S1015351	13	Port Input	15	198398	4	1
S1015351	13	Port Input	14	198399	4	1
S1015351	13	Port Input	15	198399	4	1
S1015351	13	Port Input	14	198399	5	1
S1015351	13	Port Input	15	198399	5	1
S1015351	13	Port Input	14	198399	5	1
S1015351	13	Port Input	15	198399	5	1
S1015351	13	Port Input	14	198399	5	1
S1015351	13	Port Input	15	198399	5	1
S1015351	13	Port Input	14	198399	5	1
S1015351	13	Port Input	15	198399	5	1
S1015351	13	Port Input	14	198400	5	1
S1015351	13	Port Input	15	203967	5573	1
S1015351	13	Port Input	14	203967	5573	1
S1015351	13	Port Input	15	203967	5573	1
S1015351	13	Port Input	14	203967	5573	1
S1015351	13	Port Input	15	203968	5573	1
S1015351	13	Port Input	14	203968	5573	1
S1015351	13	Port Input	15	203968	5574	1
S1015351	13	Port Input	14	203968	5574	1
S1015351	13	Port Input	15	203968	5574	1
S1015351	13	Port Input	14	203968	5574	1
S1015351	13	Port Input	15	203968	5574	1
S1015351	13	Port Input	14	214808	16414	1
S1015351	13	Response	222	214808	16414	1
S1015351	13	Port Input	15	214808	16414	1
S1015351	13	Port Input	14	214808	16414	1
S1015351	14	Sound	20	214809	0	4			0		hit	290
S1015351	14	Port Input	15	220490	5681	1
S1015351	14	Port Input	14	220490	5681	1
S1015351	14	Port Input	15	220491	5682	1
S1015351	14	Port Input	14	220491	5682	1
S1015351	14	Port Input	15	220491	5682	1
S1015351	14	Port Input	14	220491	5682	1
S1015351	14	Port Input	15	220491	5682	1
S1015351	14	Port Input	14	220491	5682	1
S1015351	14	Port Input	15	220491	5683	1
S1015351	14	Port Input	14	220492	5683	1
S1015351	14	Port Input	15	220492	5683	1
S1015351	14	Port Input	14	220492	5683	1
S1015351	14	Port Input	15	220492	5684	1
S1015351	14	Port Input	14	220492	5684	1
S1015351	14	Port Input	15	220492	5684	1
S1015351	14	Port Input	14	230648	15839	1
S1015351	14	Response	222	230648	15839	1
S1015351	14	Port Input	15	230648	15839	1
S1015351	14	Port Input	14	230648	15839	1
S1015351	15	Sound	20	230648	0	4			0		hit	312
S1015351	15	Port Input	15	236196	5548	1
S1015351	15	Port Input	14	236196	5548	1
S1015351	15	Port Input	15	236197	5548	1
S1015351	15	Port Input	14	236197	5549	1
S1015351	15	Port Input	15	236198	5550	1
S1015351	15	Port Input	14	236199	5550	1
S1015351	15	Port Input	15	236200	5551	1
S1015351	15	Port Input	14	236200	5551	1
S1015351	15	Port Input	15	236200	5552	1
S1015351	15	Port Input	14	236200	5552	1
S1015351	15	Port Input	15	236201	5553	1
S1015351	15	Port Input	14	236201	5553	1
S1015351	15	Port Input	15	236202	5553	1
S1015351	15	Port Input	14	236202	5553	1
S1015351	15	Port Input	15	236202	5554	1
S1015351	15	Port Input	14	236202	5554	1
S1015351	15	Port Input	15	236202	5554	1
S1015351	15	Port Input	14	246411	15762	1
S1015351	15	Response	222	246411	15762	1
S1015351	15	Port Input	15	246411	15762	1
S1015351	15	Port Input	14	246411	15763	1
S1015351	16	Sound	20	246411	0	5			0		hit	322
S1015351	16	Port Input	15	246416	4	1
S1015351	16	Port Input	14	246416	4	1
S1015351	16	Port Input	15	251743	5331	1
S1015351	16	Port Input	14	251743	5331	1
S1015351	16	Port Input	15	251743	5332	1
S1015351	16	Port Input	14	261863	15451	1
S1015351	16	Response	222	261863	15451	1
S1015351	17	Sound	20	261863	0	4			0		hit	338
S1015351	17	Port Input	15	268031	6167	1
S1015351	17	Port Input	14	268031	6167	1
S1015351	17	Port Input	15	268031	6168	1
S1015351	17	Port Input	14	268032	6168	1
S1015351	17	Port Input	15	268033	6170	1
S1015351	17	Port Input	14	268033	6170	1
S1015351	17	Port Input	15	268033	6170	1
S1015351	17	Port Input	14	268033	6170	1
S1015351	17	Port Input	15	268034	6170	1
S1015351	17	Port Input	14	268034	6170	1
S1015351	17	Port Input	15	268034	6170	1
S1015351	17	Port Input	14	268034	6170	1
S1015351	17	Port Input	15	268034	6170	1
S1015351	17	Port Input	14	278148	16285	1
S1015351	17	Response	222	278148	16285	1
S1015351	17	Port Input	15	278148	16285	1
S1015351	17	Port Input	14	278149	16286	5
S1015351	18	Sound	20	278149	0	4			0		hit	358
S1015351	18	Port Input	15	278155	6	1
S1015351	18	Port Input	14	278155	6	1
S1015351	18	Port Input	15	278158	9	1
S1015351	18	Port Input	14	278158	9	1
S1015351	18	Port Input	15	284293	6144	1
S1015351	18	Port Input	14	284293	6144	1
S1015351	18	Port Input	15	284294	6144	1
S1015351	18	Port Input	14	284294	6144	1
S1015351	18	Port Input	15	284294	6145	1
S1015351	18	Port Input	14	284294	6145	1
S1015351	18	Port Input	15	284294	6145	1
S1015351	18	Port Input	14	284294	6145	1
S1015351	18	Port Input	15	284294	6145	1
S1015351	18	Port Input	14	284294	6145	1
S1015351	18	Port Input	15	284295	6145	1
S1015351	18	Port Input	14	293959	15809	1
S1015351	18	Response	222	293959	15809	1
S1015351	19	Sound	20	293959	0	4			0		hit	362
S1015351	19	Port Input	15	299442	5482	1
S1015351	19	Port Input	14	309650	15691	1
S1015351	19	Response	222	309650	15691	1
S1015351	19	Port Input	15	309650	15691	1
S1015351	19	Port Input	14	309650	15691	1
S1015351	20	Sound	20	309651	0	4			0		hit	384
S1015351	20	Port Input	15	315048	5397	1
S1015351	20	Port Input	14	315048	5397	1
S1015351	20	Port Input	15	315049	5398	1
S1015351	20	Port Input	14	315049	5398	1
S1015351	20	Port Input	15	315049	5398	1
S1015351	20	Port Input	14	315049	5398	1
S1015351	20	Port Input	15	315049	5399	1
S1015351	20	Port Input	14	315049	5399	1
S1015351	20	Port Input	15	315049	5399	1
S1015351	20	Port Input	14	315049	5399	1
S1015351	20	Port Input	15	315050	5400	1
S1015351	20	Port Input	14	315050	5400	1
S1015351	20	Port Input	15	315051	5400	1
S1015351	20	Port Input	14	315051	5400	1
S1015351	20	Port Input	15	315064	5413	1
S1015351	20	Port Input	14	315064	5413	1
S1015351	20	Port Input	15	315064	5413	1
S1015351	20	Port Input	14	325750	16100	1
S1015351	20	Response	222	325750	16100	1
S1015351	21	Sound	20	325751	0	4			0		hit	394
S1015351	21	Port Input	15	331324	5573	1
S1015351	21	Port Input	14	331324	5573	1
S1015351	21	Port Input	15	331324	5573	1
S1015351	21	Port Input	14	331325	5574	1
S1015351	21	Port Input	15	331325	5574	1
S1015351	21	Port Input	14	331325	5574	1
S1015351	21	Port Input	15	331326	5575	1
S1015351	21	Port Input	14	342283	16532	1
S1015351	21	Response	222	342283	16532	1
S1015351	22	Sound	20	342284	0	4			0		hit	416
S1015351	22	Port Input	15	347832	5548	1
S1015351	22	Port Input	14	347832	5548	1
S1015351	22	Port Input	15	347832	5548	1
S1015351	22	Port Input	14	347832	5548	1
S1015351	22	Port Input	15	347832	5548	1
S1015351	22	Port Input	14	347832	5548	1
S1015351	22	Port Input	15	347832	5549	1
S1015351	22	Port Input	14	347832	5549	1
S1015351	22	Port Input	15	347833	5549	1
S1015351	22	Port Input	14	347833	5549	1
S1015351	22	Port Input	15	347834	5550	1
S1015351	22	Port Input	14	347834	5550	1
S1015351	22	Port Input	15	347834	5550	1
S1015351	22	Port Input	14	347834	5550	1
S1015351	22	Port Input	15	347834	5550	1
S1015351	22	Port Input	14	347834	5550	1
S1015351	22	Port Input	15	347834	5550	1
S1015351	22	Port Input	14	347835	5551	1
S1015351	22	Port Input	15	347835	5551	1
S1015351	22	Port Input	14	358000	15716	1
S1015351	22	Response	222	358000	15716	1
S1015351	23	Sound	20	358001	0	4			0		hit	446
S1015351	23	Port Input	15	358005	4	1
S1015351	23	Port Input	14	358005	4	1
S1015351	23	Port Input	15	358005	4	1
S1015351	23	Port Input	14	358005	4	1
S1015351	23	Port Input	15	363135	5133	1
S1015351	23	Port Input	14	363135	5133	1
S1015351	23	Port Input	15	363135	5133	1
S1015351	23	Port Input	14	363135	5134	1
S1015351	23	Port Input	15	363136	5135	1
S1015351	23	Port Input	14	363136	5135	1
S1015351	23	Port Input	15	363136	5135	1
S1015351	23	Port Input	14	363136	5135	1
S1015351	23	Port Input	15	363136	5135	1
S1015351	23	Port Input	14	363137	5135	1
S1015351	23	Port Input	15	363138	5136	1
S1015351	23	Port Input	14	363138	5136	1
S1015351	23	Port Input	15	363138	5137	1
S1015351	23	Port Input	14	363138	5137	1
S1015351	23	Port Input	15	363138	5137	1
S1015351	23	Port Input	14	363138	5137	1
S1015351	23	Port Input	15	363139	5137	1
S1015351	23	Port Input	14	363139	5137	1
S1015351	23	Port Input	15	363139	5137	1
S1015351	23	Port Input	14	363139	5138	1
S1015351	23	Port Input	15	363139	5138	1
S1015351	23	Port Input	14	363139	5138	1
S1015351	23	Port Input	15	363139	5138	1
S1015351	23	Port Input	14	374863	16862	1
S1015351	23	Response	222	374863	16862	1
S1015351	24	Sound	20	374864	0	4			0		hit	482
S1015351	24	Port Input	15	374868	4	1
S1015351	24	Port Input	14	374868	4	1
S1015351	24	Port Input	15	374868	4	1
S1015351	24	Port Input	14	374868	4	1
S1015351	24	Port Input	15	374868	4	1
S1015351	24	Port Input	14	374868	4	1
S1015351	24	Port Input	15	374868	5	1
S1015351	24	Port Input	14	374868	5	1
S1015351	24	Port Input	15	374869	5	1
S1015351	24	Port Input	14	374869	5	1
S1015351	24	Port Input	15	374869	5	1
S1015351	24	Port Input	14	374869	5	1
S1015351	24	Port Input	15	374871	8	1
S1015351	24	Port Input	14	374871	8	1
S1015351	24	Port Input	15	374878	14	1
S1015351	24	Port Input	14	374878	14	1
S1015351	24	Port Input	15	380541	5677	1
S1015351	24	Port Input	14	380541	5677	1
S1015351	24	Port Input	15	380541	5678	1
S1015351	24	Port Input	14	380541	5678	1
S1015351	24	Port Input	15	380542	5678	1
S1015351	24	Port Input	14	380542	5678	1
S1015351	24	Port Input	15	380542	5678	1
S1015351	24	Port Input	14	380542	5678	1
S1015351	24	Port Input	15	380542	5678	1
S1015351	24	Port Input	14	380542	5678	1
S1015351	24	Port Input	15	380543	5679	1
S1015351	24	Port Input	14	380543	5679	1
S1015351	24	Port Input	15	380543	5679	1
S1015351	24	Port Input	14	380543	5679	1
S1015351	24	Port Input	15	380544	5680	1
S1015351	24	Port Input	14	380544	5680	1
S1015351	24	Port Input	15	380545	5681	1
S1015351	24	Port Input	14	390509	15646	1
S1015351	24	Response	222	390509	15646	1
S1015351	25	Sound	20	390510	0	5			0		hit	488
S1015351	25	Port Input	15	397198	6688	1
S1015351	25	Port Input	14	397198	6688	1
S1015351	25	Port Input	15	397198	6688	1
S1015351	25	Port Input	14	406925	16415	1
S1015351	25	Response	222	406925	16415	1
S1015351	26	Sound	20	406926	0	4			0		hit	498
S1015351	26	Port Input	15	413546	6620	1
S1015351	26	Port Input	14	413546	6620	1
S1015351	26	Port Input	15	413547	6621	1
S1015351	26	Port Input	14	413547	6621	1
S1015351	26	Port Input	15	413551	6624	1
S1015351	26	Port Input	14	413551	6624	1
S1015351	26	Port Input	15	413551	6625	1
S1015351	26	Port Input	14	426661	19735	1
S1015351	26	Response	222	426661	19735	1
S1015351	26	Port Input	15	426661	19735	1
S1015351	26	Port Input	14	426662	19736	4
S1015351	27	Sound	20	426662	0	4			0		hit	556
S1015351	27	Port Input	15	432539	5877	1
S1015351	27	Port Input	14	432539	5877	1
S1015351	27	Port Input	15	432539	5878	1
S1015351	27	Port Input	14	432539	5878	1
S1015351	27	Port Input	15	432540	5879	1
S1015351	27	Port Input	14	432540	5879	1
S1015351	27	Port Input	15	432540	5879	1
S1015351	27	Port Input	14	432540	5879	1
S1015351	27	Port Input	15	432543	5881	1
S1015351	27	Port Input	14	432543	5881	1
S1015351	27	Port Input	15	432543	5881	1
S1015351	27	Port Input	14	432543	5882	1
S1015351	27	Port Input	15	432543	5882	1
S1015351	27	Port Input	14	432543	5882	1
S1015351	27	Port Input	15	432543	5882	1
S1015351	27	Port Input	14	432543	5882	1
S1015351	27	Port Input	15	432543	5882	1
S1015351	27	Port Input	14	432543	5882	1
S1015351	27	Port Input	15	432544	5882	1
S1015351	27	Port Input	14	432544	5882	1
S1015351	27	Port Input	15	432544	5882	1
S1015351	27	Port Input	14	432544	5882	1
S1015351	27	Port Input	15	432544	5882	1
S1015351	27	Port Input	14	432544	5882	1
S1015351	27	Port Input	15	432544	5883	1
S1015351	27	Port Input	14	432545	5883	1
S1015351	27	Port Input	15	432545	5883	1
S1015351	27	Port Input	14	432545	5883	1
S1015351	27	Port Input	15	432545	5883	1
S1015351	27	Port Input	14	432545	5883	1
S1015351	27	Port Input	15	432545	5884	1
S1015351	27	Port Input	14	432546	5884	1
S1015351	27	Port Input	15	432546	5884	1
S1015351	27	Port Input	14	432546	5884	1
S1015351	27	Port Input	15	432546	5884	1
S1015351	27	Port Input	14	432546	5884	1
S1015351	27	Port Input	15	432546	5884	1
S1015351	27	Port Input	14	432546	5884	1
S1015351	27	Port Input	15	432546	5885	1
S1015351	27	Port Input	14	432546	5885	1
S1015351	27	Port Input	15	432547	5885	1
S1015351	27	Port Input	14	432547	5885	1
S1015351	27	Port Input	15	432547	5885	1
S1015351	27	Port Input	14	432547	5885	1
S1015351	27	Port Input	15	432548	5886	1
S1015351	27	Port Input	14	432548	5886	1
S1015351	27	Port Input	15	432548	5887	1
S1015351	27	Port Input	14	432548	5887	1
S1015351	27	Port Input	15	432548	5887	1
S1015351	27	Port Input	14	432548	5887	1
S1015351	27	Port Input	15	432549	5887	1
S1015351	27	Port Input	14	432549	5887	1
S1015351	27	Port Input	15	432549	5887	1
S1015351	27	Port Input	14	442998	16336	1
S1015351	27	Response	222	442998	16336	1
S1015351	28	Sound	20	442998	0	4			0		hit	572
S1015351	28	Port Input	15	448807	5809	1
S1015351	28	Port Input	14	448807	5809	1
S1015351	28	Port Input	15	448809	5810	1
S1015351	28	Port Input	14	448809	5811	1
S1015351	28	Port Input	15	448810	5812	1
S1015351	28	Port Input	14	448811	5812	1
S1015351	28	Port Input	15	448811	5813	1
S1015351	28	Port Input	14	448811	5813	1
S1015351	28	Port Input	15	448811	5813	1
S1015351	28	Port Input	14	448811	5813	1
S1015351	28	Port Input	15	448812	5814	1
S1015351	28	Port Input	14	448812	5814	1
S1015351	28	Port Input	15	448813	5814	1
S1015351	28	Port Input	14	458788	15790	1
S1015351	28	Response	222	458788	15790	1
S1015351	29	Sound	20	458789	0	4			0		hit	586
S1015351	29	Port Input	15	465154	6365	1
S1015351	29	Port Input	14	465154	6365	1
S1015351	29	Port Input	15	465154	6365	1
S1015351	29	Port Input	14	465154	6365	1
S1015351	29	Port Input	15	465155	6366	1
S1015351	29	Port Input	14	465155	6366	1
S1015351	29	Port Input	15	465156	6366	1
S1015351	29	Port Input	14	465156	6367	1
S1015351	29	Port Input	15	465156	6367	1
S1015351	29	Port Input	14	465156	6367	1
S1015351	29	Port Input	15	465156	6367	1
S1015351	29	Port Input	14	474831	16042	1
S1015351	29	Response	222	474831	16042	1
S1015351	29	Port Input	15	474832	16042	1
S1015351	29	Port Input	14	474832	16042	1
S1015351	30	Sound	20	474832	0	4			0		hit	596
S1015351	30	Port Input	15	480395	5563	1
S1015351	30	Port Input	14	480395	5563	1
S1015351	30	Port Input	15	480395	5563	1
S1015351	30	Port Input	14	480397	5565	1
S1015351	30	Port Input	15	480397	5565	1
S1015351	30	Port Input	14	490057	15225	1
S1015351	30	Response	222	490057	15225	1
S1015351	30	Port Input	15	490057	15225	1
S1015351	31	Sound	20	490058	0	4			0		hit	620
S1015351	31	Port Input	14	490062	4	1
S1015351	31	Port Input	15	490063	4	1
S1015351	31	Port Input	14	490063	4	1
S1015351	31	Port Input	15	490063	5	1
S1015351	31	Port Input	14	490063	5	1
S1015351	31	Port Input	15	490063	5	1
S1015351	31	Port Input	14	490063	5	1
S1015351	31	Port Input	15	490063	5	1
S1015351	31	Port Input	14	490063	5	1
S1015351	31	Port Input	15	490064	6	1
S1015351	31	Port Input	14	490064	6	1
S1015351	31	Port Input	15	490064	6	1
S1015351	31	Port Input	14	490064	6	1
S1015351	31	Port Input	15	490064	6	1
S1015351	31	Port Input	14	490065	6	1
S1015351	31	Port Input	15	490065	7	1
S1015351	31	Port Input	14	490065	7	1
S1015351	31	Port Input	15	490066	7	1
S1015351	31	Port Input	14	490066	7	1
S1015351	31	Port Input	15	496388	6330	1
S1015351	31	Port Input	14	505622	15564	1
S1015351	31	Response	222	505622	15564	1
S1015351	31	Port Input	15	505623	15565	4
S1015351	32	Sound	20	505623	0	4			0		hit	628
S1015351	32	Port Input	14	505665	42	1
S1015351	32	Port Input	15	505679	56	1
S1015351	32	Port Input	14	505679	56	1
S1015351	32	Port Input	15	512169	6546	1
S1015351	32	Port Input	14	522437	16814	1
S1015351	32	Response	222	522437	16814	1
S1015351	32	Port Input	15	522438	16815	1
S1015351	32	Port Input	14	522438	16815	1
S1015351	33	Sound	20	522438	0	4			0		hit	650
S1015351	33	Port Input	15	522442	4	1
S1015351	33	Port Input	14	522442	4	1
S1015351	33	Port Input	15	522443	5	1
S1015351	33	Port Input	14	522443	5	1
S1015351	33	Port Input	15	522443	5	1
S1015351	33	Port Input	14	522443	5	1
S1015351	33	Port Input	15	522443	5	1
S1015351	33	Port Input	14	522443	5	1
S1015351	33	Port Input	15	522444	6	1
S1015351	33	Port Input	14	522444	6	1
S1015351	33	Port Input	15	527701	5263	1
S1015351	33	Port Input	14	527701	5263	1
S1015351	33	Port Input	15	527701	5263	1
S1015351	33	Port Input	14	527701	5263	1
S1015351	33	Port Input	15	527703	5265	1
S1015351	33	Port Input	14	527703	5265	1
S1015351	33	Port Input	15	527703	5265	1
S1015351	33	Port Input	14	540486	18048	1
S1015351	33	Response	222	540486	18048	1
S1015351	34	Sound	20	540487	0	4			0		hit	658
S1015351	34	Port Input	15	545035	4548	1
S1015351	34	Port Input	14	545035	4548	1
S1015351	34	Port Input	15	545035	4548	1
S1015351	34	Port Input	14	545035	4548	1
S1015351	34	Port Input	15	545039	4552	1
S1015351	34	Port Input	14	555666	15179	1
S1015351	34	Response	222	555666	15179	1
S1015351	35	Sound	20	555667	0	4			0		hit	674
S1015351	35	Port Input	15	561736	6070	1
S1015351	35	Port Input	14	561736	6070	1
S1015351	35	Port Input	15	561736	6070	1
S1015351	35	Port Input	14	561737	6070	1
S1015351	35	Port Input	15	561737	6070	1
S1015351	35	Port Input	14	561737	6070	1
S1015351	35	Port Input	15	561738	6071	1
S1015351	35	Port Input	14	561738	6071	1
S1015351	35	Port Input	15	561738	6071	1
S1015351	35	Port Input	14	561738	6071	1
S1015351	35	Port Input	15	561738	6071	1
S1015351	35	Port Input	14	561738	6071	1
S1015351	35	Port Input	15	561738	6071	1
S1015351	35	Port Input	14	572180	16513	1
S1015351	35	Response	222	572180	16513	1
S1015351	36	Sound	20	572180	0	4			0		hit	682
S1015351	36	Port Input	15	577778	5598	1
S1015351	36	Port Input	14	577778	5598	1
S1015351	36	Port Input	15	577778	5598	1
S1015351	36	Port Input	14	577778	5598	1
S1015351	36	Port Input	15	577779	5599	1
S1015351	36	Port Input	14	587314	15134	1
S1015351	36	Response	222	587314	15134	1
S1015351	36	Port Input	15	587315	15135	1
S1015351	36	Port Input	14	587315	15135	1
S1015351	37	Sound	20	587315	0	4			0		hit	694
S1015351	37	Port Input	15	594124	6809	1
S1015351	37	Port Input	14	594124	6809	1
S1015351	37	Port Input	15	594126	6811	1
S1015351	37	Port Input	14	594126	6811	1
S1015351	37	Port Input	15	594127	6811	1
S1015351	37	Port Input	14	594127	6811	1
S1015351	37	Port Input	15	594129	6814	1
S1015351	37	Port Input	14	610766	23451	1
S1015351	37	Response	222	610766	23451	1
S1015351	38	Sound	20	610767	0	5			0		hit	700
S1015351	38	Port Input	15	615499	4731	1
S1015351	38	Port Input	14	615499	4732	1
S1015351	38	Port Input	15	615499	4732	1
S1015351	38	Port Input	14	626652	15885	1
S1015351	38	Response	222	626652	15885	1
S1015351	39	Sound	20	626653	0	4			0		hit	710
S1015351	39	Port Input	15	633095	6442	1
S1015351	39	Port Input	14	633095	6442	1
S1015351	39	Port Input	15	633096	6443	1
S1015351	39	Port Input	14	633096	6443	1
S1015351	39	Port Input	15	633096	6444	1
S1015351	39	Port Input	14	633096	6444	1
S1015351	39	Port Input	15	633097	6444	1
S1015351	39	Port Input	14	643464	16811	1
S1015351	39	Response	222	643464	16811	1
S1015351	39	Port Input	15	643464	16812	1
S1015351	39	Port Input	14	643464	16812	1
S1015351	40	Sound	20	643465	0	4			0		hit	720
S1015351	40	Port Input	15	643469	4	1
S1015351	40	Port Input	14	643469	4	1
S1015351	40	Port Input	15	643469	4	1
S1015351	40	Port Input	14	643469	4	1
S1015351	40	Port Input	15	649652	6187	1
S1015351	40	Port Input	14	659796	16331	1
S1015351	40	Response	222	659796	16331	1
S1015351	40	Port Input	15	659796	16332	1
S1015351	40	Port Input	14	659796	16332	1
S1015351	41	Sound	20	659797	0	4			0		hit	730
S1015351	41	Port Input	15	665226	5429	1
S1015351	41	Port Input	14	665226	5429	1
S1015351	41	Port Input	15	665226	5429	1
S1015351	41	Port Input	14	665226	5429	1
S1015351	41	Port Input	15	665227	5430	1
S1015351	41	Port Input	14	678486	18689	1
S1015351	41	Response	222	678486	18689	1
S1015351	42	Sound	20	678487	0	4			0		hit	750
S1015351	42	Port Input	15	684036	5549	1
S1015351	42	Port Input	14	684036	5549	1
S1015351	42	Port Input	15	684037	5549	1
S1015351	42	Port Input	14	684037	5550	1
S1015351	42	Port Input	15	684037	5550	1
S1015351	42	Port Input	14	684037	5550	1
S1015351	42	Port Input	15	684037	5550	1
S1015351	42	Port Input	14	684037	5550	1
S1015351	42	Port Input	15	684038	5550	1
S1015351	42	Port Input	14	684038	5551	1
S1015351	42	Port Input	15	684038	5551	1
S1015351	42	Port Input	14	684038	5551	1
S1015351	42	Port Input	15	684038	5551	1
S1015351	42	Port Input	14	684038	5551	1
S1015351	42	Port Input	15	684039	5551	1
S1015351	42	Port Input	14	684039	5552	1
S1015351	42	Port Input	15	684039	5552	1
S1015351	42	Port Input	14	694439	15951	1
S1015351	42	Response	222	694439	15951	1
S1015351	43	Sound	20	694439	0	4			0		hit	758
S1015351	43	Port Input	15	700745	6306	1
S1015351	43	Port Input	14	700745	6306	1
S1015351	43	Port Input	15	700746	6306	1
S1015351	43	Port Input	14	700746	6307	1
S1015351	43	Port Input	15	700746	6307	1
S1015351	43	Port Input	14	711182	16743	1
S1015351	43	Response	222	711182	16743	1
S1015351	43	Port Input	15	711182	16743	1
S1015351	43	Port Input	14	711183	16743	1
S1015351	44	Sound	20	711183	0	4			0		hit	764
S1015351	44	Port Input	15	718270	7087	1
S1015351	44	Port Input	14	728595	17412	1
S1015351	44	Response	222	728595	17412	1
S1015351	45	Sound	20	728596	0	4			0		hit	768
S1015351	45	Port Input	15	734778	6183	1
S1015351	45	Port Input	14	746305	17709	1
S1015351	45	Response	222	746305	17709	1
S1015351	45	Port Input	15	746305	17709	1
S1015351	45	Port Input	14	746305	17710	1
S1015351	46	Sound	20	746306	0	5			0		hit	786
S1015351	46	Port Input	15	752351	6045	1
S1015351	46	Port Input	14	752351	6045	1
S1015351	46	Port Input	15	752352	6046	1
S1015351	46	Port Input	14	752352	6046	1
S1015351	46	Port Input	15	752352	6046	1
S1015351	46	Port Input	14	752352	6046	1
S1015351	46	Port Input	15	752352	6046	1
S1015351	46	Port Input	14	752352	6046	1
S1015351	46	Port Input	15	752352	6047	1
S1015351	46	Port Input	14	752352	6047	1
S1015351	46	Port Input	15	752352	6047	1
S1015351	46	Port Input	14	752353	6047	1
S1015351	46	Port Input	15	752353	6047	1
S1015351	46	Port Input	14	763153	16847	1
S1015351	46	Response	222	763153	16847	1
S1015351	47	Sound	20	763154	0	4			0		hit	790
S1015351	47	Port Input	15	769016	5863	1
S1015351	47	Port Input	14	781796	18642	1
S1015351	47	Response	222	781796	18642	1
S1015351	48	Sound	20	781796	0	4			0		hit	810
S1015351	48	Port Input	15	787170	5374	1
S1015351	48	Port Input	14	787170	5374	1
S1015351	48	Port Input	15	787171	5374	1
S1015351	48	Port Input	14	787171	5374	1
S1015351	48	Port Input	15	787171	5375	1
S1015351	48	Port Input	14	787171	5375	1
S1015351	48	Port Input	15	787171	5375	1
S1015351	48	Port Input	14	787171	5375	1
S1015351	48	Port Input	15	787171	5375	1
S1015351	48	Port Input	14	787171	5375	1
S1015351	48	Port Input	15	787172	5375	1
S1015351	48	Port Input	14	787172	5375	1
S1015351	48	Port Input	15	787172	5375	1
S1015351	48	Port Input	14	787172	5375	1
S1015351	48	Port Input	15	787172	5375	1
S1015351	48	Port Input	14	787172	5375	1
S1015351	48	Port Input	15	787172	5376	1
S1015351	48	Port Input	14	798070	16273	1
S1015351	48	Response	222	798070	16273	1
S1015351	49	Sound	20	798070	0	4			0		hit	816
S1015351	49	Port Input	15	803109	5039	1
S1015351	49	Port Input	14	803109	5039	1
S1015351	49	Port Input	15	803110	5039	1
S1015351	49	Port Input	14	814083	16013	1
S1015351	49	Response	222	814083	16013	1
S1015351	50	Sound	20	814084	0	4			0		hit	820
S1015351	50	Port Input	15	819964	5880	1
S1015351	50	Port Input	14	831067	16984	1
S1015351	50	Response	222	831067	16984	1
S1015351	51	Sound	20	831069	0	4			0		hit	824
S1015351	51	Port Input	15	838156	7087	1
S1015351	51	Port Input	14	848955	17887	1
S1015351	51	Response	222	848955	17887	1
S1015351	52	Sound	20	848956	0	4			0		hit	828
S1015351	52	Port Input	15	854807	5851	1
S1015351	52	Port Input	14	865146	16189	1
S1015351	52	Response	222	865146	16189	1
S1015351	53	Sound	20	865146	0	4			0		hit	832
S1015351	53	Port Input	15	872281	7135	1
S1015351	53	Port Input	14	882011	16865	1
S1015351	53	Response	222	882011	16865	1
S1015351	54	Sound	20	882012	0	4			0		hit	840
S1015351	54	Port Input	15	889645	7633	1
S1015351	54	Port Input	14	889645	7633	1
S1015351	54	Port Input	15	889645	7633	1
S1015351	54	Port Input	14	889645	7633	1
S1015351	54	Port Input	15	889645	7634	1
S1015351	54	Port Input	14	906599	24587	1
S1015351	54	Response	222	906599	24587	1
S1015351	55	Sound	20	906600	0	4			0		hit	844
S1015351	55	Port Input	15	912865	6265	1
S1015351	55	Port Input	14	922321	15721	1
S1015351	55	Response	222	922321	15721	1
S1015351	56	Sound	20	922322	0	4			0		hit	848
S1015351	56	Port Input	15	928110	5788	1
S1015351	56	Port Input	14	949969	27647	1
S1015351	56	Response	222	949969	27647	1
S1015351	57	Sound	20	949970	0	5			0		hit	856
S1015351	57	Port Input	15	955794	5824	1
S1015351	57	Port Input	14	955794	5824	1
S1015351	57	Port Input	15	955794	5824	1
S1015351	57	Port Input	14	955794	5824	1
S1015351	57	Port Input	15	955794	5825	1
S1015351	57	Port Input	14	966729	16759	1
S1015351	57	Response	222	966729	16759	1
S1015351	58	Sound	20	966730	0	4			0		hit	862
S1015351	58	Port Input	15	973519	6790	1
S1015351	58	Port Input	14	973519	6790	1
S1015351	58	Port Input	15	973519	6790	1
S1015351	58	Port Input	14	984033	17303	1
S1015351	58	Response	222	984033	17303	1
S1015351	59	Sound	20	984034	0	4			0		hit	868
S1015351	59	Port Input	15	990877	6843	1
S1015351	59	Port Input	14	990877	6843	1
S1015351	59	Port Input	15	990877	6843	1
S1015351	59	Port Input	14	1000442	16408	1
S1015351	59	Response	222	1000442	16408	1
S1015351	60	Sound	20	1000443	0	4			0		hit	880
S1015351	60	Port Input	15	1008253	7810	1
S1015351	60	Port Input	14	1008253	7810	1
S1015351	60	Port Input	15	1008253	7810	1
S1015351	60	Port Input	14	1008253	7810	1
S1015351	60	Port Input	15	1008253	7810	1
S1015351	60	Port Input	14	1008253	7810	1
S1015351	60	Port Input	15	1008253	7810	1
S1015351	60	Port Input	14	1008253	7810	1
S1015351	60	Port Input	15	1008253	7811	1
S1015351	60	Port Input	14	1018205	17762	1
S1015351	60	Response	222	1018205	17762	1
S1015351	61	Sound	20	1018205	0	4			0		hit	892
S1015351	61	Port Input	15	1025544	7338	1
S1015351	61	Port Input	14	1025544	7338	1
S1015351	61	Port Input	15	1025546	7340	1
S1015351	61	Port Input	14	1025546	7340	1
S1015351	61	Port Input	15	1025546	7341	1
S1015351	61	Port Input	14	1025546	7341	1
S1015351	61	Port Input	15	1025547	7341	1
S1015351	61	Port Input	14	1025547	7341	1
S1015351	61	Port Input	15	1025547	7342	1
S1015351	61	Port Input	14	1035050	16845	1
S1015351	61	Response	222	1035050	16845	1
S1015351	62	Sound	20	1035051	0	4			0		hit	896
S1015351	62	Port Input	15	1042057	7006	1
S1015351	62	Port Input	14	1051691	16640	1
S1015351	62	Response	222	1051691	16640	1
S1015351	63	Sound	20	1051692	0	4			0		hit	904
S1015351	63	Port Input	15	1058771	7079	1
S1015351	63	Port Input	14	1058771	7079	1
S1015351	63	Port Input	15	1058773	7081	1
S1015351	63	Port Input	14	1058773	7081	1
S1015351	63	Port Input	15	1058773	7081	1
S1015351	63	Port Input	14	1069069	17377	1
S1015351	63	Response	222	1069069	17377	1
S1015351	64	Sound	20	1069070	0	4			0		hit	908
S1015351	64	Port Input	15	1075707	6638	1
S1015351	64	Port Input	14	1086264	17195	1
S1015351	64	Response	222	1086264	17195	1
S1015351	65	Sound	20	1086266	0	4			0		hit	928
S1015351	65	Port Input	15	1094075	7809	1
S1015351	65	Port Input	14	1094075	7810	1
S1015351	65	Port Input	15	1094075	7810	1
S1015351	65	Port Input	14	1094075	7810	1
S1015351	65	Port Input	15	1094076	7810	1
S1015351	65	Port Input	14	1094076	7810	1
S1015351	65	Port Input	15	1094076	7810	1
S1015351	65	Port Input	14	1094076	7810	1
S1015351	65	Port Input	15	1094077	7811	1
S1015351	65	Port Input	14	1094077	7811	1
S1015351	65	Port Input	15	1094078	7813	1
S1015351	65	Port Input	14	1094078	7813	1
S1015351	65	Port Input	15	1094079	7813	1
S1015351	65	Port Input	14	1094079	7813	1
S1015351	65	Port Input	15	1094079	7813	1
S1015351	65	Port Input	14	1094079	7813	1
S1015351	65	Port Input	15	1094079	7814	1
S1015351	65	Port Input	14	1105970	19704	1
S1015351	65	Response	222	1105970	19704	1
S1015351	66	Sound	20	1105970	0	4			0		hit	960
S1015351	66	Port Input	15	1105977	6	1
S1015351	66	Port Input	14	1105977	6	1
S1015351	66	Port Input	15	1105978	8	1
S1015351	66	Port Input	14	1105978	8	1
S1015351	66	Port Input	15	1105981	11	1
S1015351	66	Port Input	14	1105981	11	1
S1015351	66	Port Input	15	1105983	12	1
S1015351	66	Port Input	14	1105983	12	1
S1015351	66	Port Input	15	1110728	4757	1
S1015351	66	Port Input	14	1110728	4757	1
S1015351	66	Port Input	15	1110728	4758	1
S1015351	66	Port Input	14	1110728	4758	1
S1015351	66	Port Input	15	1110728	4758	1
S1015351	66	Port Input	14	1110728	4758	1
S1015351	66	Port Input	15	1110729	4759	1
S1015351	66	Port Input	14	1110729	4759	1
S1015351	66	Port Input	15	1110729	4759	1
S1015351	66	Port Input	14	1110730	4759	1
S1015351	66	Port Input	15	1110730	4759	1
S1015351	66	Port Input	14	1110730	4760	1
S1015351	66	Port Input	15	1110731	4760	1
S1015351	66	Port Input	14	1110731	4760	1
S1015351	66	Port Input	15	1110731	4761	1
S1015351	66	Port Input	14	1110731	4761	1
S1015351	66	Port Input	15	1110731	4761	1
S1015351	66	Port Input	14	1110731	4761	1
S1015351	66	Port Input	15	1110738	4768	1
S1015351	66	Port Input	14	1110738	4768	1
S1015351	66	Port Input	15	1110738	4768	1
S1015351	66	Port Input	14	1122012	16041	1
S1015351	66	Response	222	1122012	16041	1
S1015351	67	Sound	20	1122012	0	4			0		hit	976
S1015351	67	Port Input	15	1122017	4	1
S1015351	67	Port Input	14	1122017	4	1
S1015351	67	Port Input	15	1122019	7	1
S1015351	67	Port Input	14	1122019	7	1
S1015351	67	Port Input	15	1128464	6452	1
S1015351	67	Port Input	14	1128464	6452	1
S1015351	67	Port Input	15	1128464	6452	1
S1015351	67	Port Input	14	1128465	6453	1
S1015351	67	Port Input	15	1128466	6453	1
S1015351	67	Port Input	14	1128466	6453	1
S1015351	67	Port Input	15	1128466	6454	1
S1015351	67	Port Input	14	1128467	6455	1
S1015351	67	Port Input	15	1128468	6455	1
S1015351	67	Port Input	14	1142701	20688	1
S1015351	67	Response	222	1142701	20688	1
S1015351	67	Port Input	15	1142701	20688	1
S1015351	67	Port Input	14	1142701	20689	1
S1015351	68	Sound	20	1142701	0	4			0		hit	988
S1015351	68	Port Input	15	1148395	5694	1
S1015351	68	Port Input	14	1148395	5694	1
S1015351	68	Port Input	15	1148396	5694	1
S1015351	68	Port Input	14	1148396	5694	1
S1015351	68	Port Input	15	1148397	5696	1
S1015351	68	Port Input	14	1148398	5696	1
S1015351	68	Port Input	15	1148398	5697	1
S1015351	68	Port Input	14	1159462	16761	1
S1015351	68	Response	222	1159462	16761	1
S1015351	69	Sound	20	1159463	0	5			0		hit	1012
S1015351	69	Port Input	15	1166372	6909	1
S1015351	69	Port Input	14	1166372	6909	1
S1015351	69	Port Input	15	1166372	6909	1
S1015351	69	Port Input	14	1166372	6909	1
S1015351	69	Port Input	15	1166373	6910	1
S1015351	69	Port Input	14	1166373	6910	1
S1015351	69	Port Input	15	1166374	6911	1
S1015351	69	Port Input	14	1166374	6911	1
S1015351	69	Port Input	15	1166375	6911	1
S1015351	69	Port Input	14	1166375	6911	1
S1015351	69	Port Input	15	1166375	6912	1
S1015351	69	Port Input	14	1166375	6912	1
S1015351	69	Port Input	15	1166375	6912	1
S1015351	69	Port Input	14	1166375	6912	1
S1015351	69	Port Input	15	1166375	6912	1
S1015351	69	Port Input	14	1166375	6912	1
S1015351	69	Port Input	15	1166375	6912	1
S1015351	69	Port Input	14	1166375	6912	1
S1015351	69	Port Input	15	1166376	6912	1
S1015351	69	Port Input	14	1166376	6913	1
S1015351	69	Port Input	15	1166376	6913	1
S1015351	69	Port Input	14	1177227	17764	1
S1015351	69	Response	222	1177227	17764	1
S1015351	69	Port Input	15	1177227	17764	1
S1015351	69	Port Input	14	1177228	17765	4
S1015351	70	Sound	20	1177228	0	4			0		hit	1028
S1015351	70	Port Input	15	1177232	4	1
S1015351	70	Port Input	14	1177232	4	1
S1015351	70	Port Input	15	1177232	4	1
S1015351	70	Port Input	14	1177232	4	1
S1015351	70	Port Input	15	1177233	5	1
S1015351	70	Port Input	14	1177233	5	1
S1015351	70	Port Input	15	1177233	5	1
S1015351	70	Port Input	14	1177234	5	1
S1015351	70	Port Input	15	1177234	6	1
S1015351	70	Port Input	14	1177234	6	1
S1015351	70	Port Input	15	1185218	7990	1
S1015351	70	Port Input	14	1207080	29852	1
S1015351	70	Response	222	1207080	29852	1
S1015351	71	Sound	20	1207081	0	4			0		hit	1034
S1015351	71	Port Input	15	1212860	5779	1
S1015351	71	Port Input	14	1212860	5779	1
S1015351	71	Port Input	15	1212866	5785	1
S1015351	71	Port Input	14	1224678	17597	1
S1015351	71	Response	222	1224678	17597	1
S1015351	72	Sound	20	1224679	0	4			0		hit	1040
S1015351	72	Port Input	15	1232164	7485	1
S1015351	72	Port Input	14	1232164	7485	1
S1015351	72	Port Input	15	1232164	7485	1
S1015351	72	Port Input	14	1243207	18528	1
S1015351	72	Response	222	1243207	18528	1
S1015351	73	Sound	20	1243207	0	4			0		hit	1046
S1015351	73	Port Input	15	1250234	7026	1
S1015351	73	Port Input	14	1250234	7026	1
S1015351	73	Port Input	15	1250234	7027	1
S1015351	73	Port Input	14	1261570	18362	1
S1015351	73	Response	222	1261570	18362	1
S1015351	74	Sound	20	1261570	0	4			0		hit	1054
S1015351	74	Port Input	15	1268695	7124	1
S1015351	74	Port Input	14	1268695	7124	1
S1015351	74	Port Input	15	1268697	7126	1
S1015351	74	Port Input	14	1268697	7126	1
S1015351	74	Port Input	15	1268697	7126	1
S1015351	74	Port Input	14	1280057	18486	1
S1015351	74	Response	222	1280057	18486	1
S1015351	75	Sound	20	1280057	0	4			0		hit	1060
S1015351	75	Port Input	15	1286663	6606	1
S1015351	75	Port Input	14	1286663	6606	1
S1015351	75	Port Input	15	1286664	6606	1
S1015351	75	Port Input	14	1299307	19249	1
S1015351	75	Response	222	1299307	19249	1
S1015351	76	Sound	20	1299308	0	4			0		hit	1064
S1015351	76	Port Input	15	1305479	6172	1
S1015351	76	Port Input	14	1317177	17869	1
S1015351	76	Response	222	1317177	17869	1
S1015351	76	Port Input	15	1317177	17869	1
S1015351	76	Port Input	14	1317178	17870	5
S1015351	77	Sound	20	1317178	0	4			0		hit	1078
S1015351	77	Port Input	15	1322161	4983	1
S1015351	77	Port Input	14	1322161	4983	1
S1015351	77	Port Input	15	1322162	4984	1
S1015351	77	Port Input	14	1322162	4984	1
S1015351	77	Port Input	15	1322163	4986	1
S1015351	77	Port Input	14	1322163	4986	1
S1015351	77	Port Input	15	1322164	4986	1
S1015351	77	Port Input	14	1322164	4986	1
S1015351	77	Port Input	15	1322164	4987	1
S1015351	77	Port Input	14	1340296	23118	1
S1015351	77	Response	222	1340296	23118	1
S1015351	78	Sound	20	1340296	0	4			0		hit	1086
S1015351	78	Port Input	15	1340301	5	1
S1015351	78	Port Input	14	1340301	5	1
S1015351	78	Port Input	15	1340303	6	1
S1015351	78	Port Input	14	1340303	6	1
S1015351	78	Port Input	15	1345321	5025	1
S1015351	78	Port Input	14	1358112	17815	1
S1015351	78	Response	222	1358112	17815	1
S1015351	79	Sound	20	1358113	0	4			0		hit	1098
S1015351	79	Port Input	15	1364431	6318	1
S1015351	79	Port Input	14	1364431	6318	1
S1015351	79	Port Input	15	1364431	6319	1
S1015351	79	Port Input	14	1364431	6319	1
S1015351	79	Port Input	15	1364431	6319	1
S1015351	79	Port Input	14	1364431	6319	1
S1015351	79	Port Input	15	1364432	6319	1
S1015351	79	Port Input	14	1364432	6319	1
S1015351	79	Port Input	15	1364434	6322	1
S1015351	79	Port Input	14	1375858	17746	1
S1015351	79	Response	222	1375858	17746	1
S1015351	80	Sound	20	1375859	0	5			0		hit	1118
S1015351	80	Port Input	15	1382907	7048	1
S1015351	80	Port Input	14	1382907	7048	1
S1015351	80	Port Input	15	1382907	7048	1
S1015351	80	Port Input	14	1382908	7048	1
S1015351	80	Port Input	15	1382908	7049	1
S1015351	80	Port Input	14	1382908	7049	1
S1015351	80	Port Input	15	1382908	7049	1
S1015351	80	Port Input	14	1382908	7049	1
S1015351	80	Port Input	15	1382908	7049	1
S1015351	80	Port Input	14	1382908	7049	1
S1015351	80	Port Input	15	1382909	7050	1
S1015351	80	Port Input	14	1382909	7050	1
S1015351	80	Port Input	15	1382909	7050	1
S1015351	80	Port Input	14	1382910	7050	1
S1015351	80	Port Input	15	1382915	7056	1
S1015351	80	Port Input	14	1382915	7056	1
S1015351	80	Port Input	15	1382916	7056	1
S1015351	80	Port Input	14	1394091	18232	1
S1015351	80	Response	222	1394091	18232	1
S1015351	80	Port Input	15	1394092	18233	1
S1015351	80	Port Input	14	1394092	18233	5
S1015351	81	Sound	20	1394092	0	4			0		hit	1126
S1015351	81	Port Input	15	1394096	4	1
S1015351	81	Port Input	14	1394096	4	1
S1015351	81	Port Input	15	1402423	8331	1
S1015351	81	Port Input	14	1466825	72733	1
S1015351	81	Response	222	1466825	72733	1
S1015351	81	Port Input	15	1466825	72733	1
S1015351	81	Port Input	14	1466825	72733	1
S1015351	82	Sound	20	1466826	0	5			0		hit	1160
S1015351	82	Port Input	15	1472951	6125	1
S1015351	82	Port Input	14	1472951	6125	1
S1015351	82	Port Input	15	1472967	6141	1
S1015351	82	Port Input	14	1472967	6141	1
S1015351	82	Port Input	15	1472967	6141	1
S1015351	82	Port Input	14	1472967	6141	1
S1015351	82	Port Input	15	1472968	6142	1
S1015351	82	Port Input	14	1472968	6142	1
S1015351	82	Port Input	15	1472968	6142	1
S1015351	82	Port Input	14	1472968	6142	1
S1015351	82	Port Input	15	1472968	6143	1
S1015351	82	Port Input	14	1472968	6143	1
S1015351	82	Port Input	15	1472968	6143	1
S1015351	82	Port Input	14	1472969	6144	1
S1015351	82	Port Input	15	1472970	6144	1
S1015351	82	Port Input	14	1472970	6144	1
S1015351	82	Port Input	15	1472970	6144	1
S1015351	82	Port Input	14	1472970	6144	1
S1015351	82	Port Input	15	1472970	6145	1
S1015351	82	Port Input	14	1472971	6145	1
S1015351	82	Port Input	15	1472971	6145	1
S1015351	82	Port Input	14	1472971	6145	1
S1015351	82	Port Input	15	1472971	6146	1
S1015351	82	Port Input	14	1472971	6146	1
S1015351	82	Port Input	15	1472972	6146	1
S1015351	82	Port Input	14	1472972	6146	1
S1015351	82	Port Input	15	1472972	6146	1
S1015351	82	Port Input	14	1472972	6147	1
S1015351	82	Port Input	15	1472972	6147	1
S1015351	82	Port Input	14	1484311	17485	1
S1015351	82	Response	222	1484311	17485	1
S1015351	83	Sound	20	1484312	0	4			0		hit	1164
S1015351	83	Port Input	15	1491542	7230	1
S1015351	83	Port Input	14	1502257	17945	1
S1015351	83	Response	222	1502257	17945	1
S1015351	84	Sound	20	1502258	0	5			0		hit	1180
S1015351	84	Port Input	15	1508617	6359	1
S1015351	84	Port Input	14	1508617	6359	1
S1015351	84	Port Input	15	1508617	6359	1
S1015351	84	Port Input	14	1508617	6359	1
S1015351	84	Port Input	15	1508617	6359	1
S1015351	84	Port Input	14	1508617	6359	1
S1015351	84	Port Input	15	1508618	6360	1
S1015351	84	Port Input	14	1508618	6360	1
S1015351	84	Port Input	15	1508618	6361	1
S1015351	84	Port Input	14	1508618	6361	1
S1015351	84	Port Input	15	1508619	6361	1
S1015351	84	Port Input	14	1508619	6361	1
S1015351	84	Port Input	15	1508619	6361	1
S1015351	84	Port Input	14	1520379	18122	1
S1015351	84	Response	222	1520379	18122	1
S1015351	85	Sound	20	1520380	0	4			0		hit	1200
S1015351	85	Port Input	15	1526776	6396	1
S1015351	85	Port Input	14	1526776	6396	1
S1015351	85	Port Input	15	1526776	6396	1
S1015351	85	Port Input	14	1526776	6396	1
S1015351	85	Port Input	15	1526776	6396	1
S1015351	85	Port Input	14	1526776	6396	1
S1015351	85	Port Input	15	1526777	6396	1
S1015351	85	Port Input	14	1526777	6397	1
S1015351	85	Port Input	15	1526777	6397	1
S1015351	85	Port Input	14	1526777	6397	1
S1015351	85	Port Input	15	1526778	6397	1
S1015351	85	Port Input	14	1526778	6398	1
S1015351	85	Port Input	15	1526778	6398	1
S1015351	85	Port Input	14	1526778	6398	1
S1015351	85	Port Input	15	1526778	6398	1
S1015351	85	Port Input	14	1526778	6398	1
S1015351	85	Port Input	15	1526778	6398	1
S1015351	85	Port Input	14	1538182	17802	1
S1015351	85	Response	222	1538182	17802	1
S1015351	86	Sound	20	1538183	0	4			0		hit	1212
S1015351	86	Port Input	15	1544610	6428	1
S1015351	86	Port Input	14	1544610	6428	1
S1015351	86	Port Input	15	1544610	6428	1
S1015351	86	Port Input	14	1544610	6428	1
S1015351	86	Port Input	15	1544611	6428	1
S1015351	86	Port Input	14	1544611	6428	1
S1015351	86	Port Input	15	1544612	6429	1
S1015351	86	Port Input	14	1544612	6429	1
S1015351	86	Port Input	15	1544612	6429	1
S1015351	86	Port Input	14	1556068	17886	1
S1015351	86	Response	222	1556068	17886	1
S1015351	87	Sound	20	1556069	0	4			0		hit	1216
S1015351	87	Port Input	15	1562124	6055	1
S1015351	87	Port Input	14	1573744	17675	1
S1015351	87	Response	222	1573744	17675	1
S1015351	88	Sound	20	1573745	0	4			0		hit	1224
S1015351	88	Port Input	15	1579686	5941	1
S1015351	88	Port Input	14	1579686	5941	1
S1015351	88	Port Input	15	1579686	5942	1
S1015351	88	Port Input	14	1579686	5942	1
S1015351	88	Port Input	15	1579686	5942	1
S1015351	88	Port Input	14	1591235	17490	1
S1015351	88	Response	222	1591235	17490	1
S1015351	89	Sound	20	1591235	0	4			0		hit	1228
S1015351	89	Port Input	15	1597008	5773	1
S1015351	89	Port Input	14	1608376	17141	1
S1015351	89	Response	222	1608376	17141	1
S1015351	90	Sound	20	1608377	0	4			0		hit	1238
S1015351	90	Port Input	15	1614051	5674	1
S1015351	90	Port Input	14	1614051	5674	1
S1015351	90	Port Input	15	1614052	5675	1
S1015351	90	Port Input	14	1614052	5675	1
S1015351	90	Port Input	15	1614052	5675	1
S1015351	90	Port Input	14	1614052	5675	1
S1015351	90	Port Input	15	1614052	5675	1
S1015351	90	Port Input	14	1625021	16643	1
S1015351	90	Response	222	1625021	16643	1
S1015351	91	Sound	20	1625021	0	4			0		hit	1242
S1015351	91	Port Input	15	1630856	5834	1
S1015351	91	Port Input	14	1641853	16832	1
S1015351	91	Response	222	1641853	16832	1
S1015351	92	Sound	20	1641854	0	4			0		hit	1246
S1015351	92	Port Input	15	1647876	6022	1
S1015351	92	Port Input	14	1658824	16971	1
S1015351	92	Response	222	1658824	16971	1
S1015351	93	Sound	20	1658825	0	4			0		hit	1256
S1015351	93	Port Input	15	1664312	5487	1
S1015351	93	Port Input	14	1664312	5487	1
S1015351	93	Port Input	15	1664313	5487	1
S1015351	93	Port Input	14	1664313	5487	1
S1015351	93	Port Input	15	1664313	5488	1
S1015351	93	Port Input	14	1664313	5488	1
S1015351	93	Port Input	15	1664313	5488	1
S1015351	93	Port Input	14	1675718	16893	1
S1015351	93	Response	222	1675718	16893	1
S1015351	94	Sound	20	1675719	0	4			0		hit	1264
S1015351	94	Port Input	15	1681720	6002	1
S1015351	94	Port Input	14	1681720	6002	1
S1015351	94	Port Input	15	1681721	6003	1
S1015351	94	Port Input	14	1681721	6003	1
S1015351	94	Port Input	15	1681721	6003	1
S1015351	94	Port Input	14	1693060	17341	1
S1015351	94	Response	222	1693060	17341	1
S1015351	94	Port Input	15	1693060	17341	1
S1015351	94	Port Input	14	1693060	17342	1
S1015351	95	Sound	20	1693061	0	4			0		hit	1314
S1015351	95	Port Input	15	1693065	4	1
S1015351	95	Port Input	14	1693065	4	1
S1015351	95	Port Input	15	1693065	4	1
S1015351	95	Port Input	14	1693065	4	1
S1015351	95	Port Input	15	1693065	4	1
S1015351	95	Port Input	14	1693065	4	1
S1015351	95	Port Input	15	1693065	4	1
S1015351	95	Port Input	14	1693065	5	1
S1015351	95	Port Input	15	1693065	5	1
S1015351	95	Port Input	14	1693065	5	1
S1015351	95	Port Input	15	1693066	5	1
S1015351	95	Port Input	14	1693066	5	1
S1015351	95	Port Input	15	1693066	5	1
S1015351	95	Port Input	14	1693066	5	1
S1015351	95	Port Input	15	1693066	6	1
S1015351	95	Port Input	14	1693066	6	1
S1015351	95	Port Input	15	1693067	6	1
S1015351	95	Port Input	14	1693067	6	1
S1015351	95	Port Input	15	1693067	6	1
S1015351	95	Port Input	14	1693067	6	1
S1015351	95	Port Input	15	1693067	6	1
S1015351	95	Port Input	14	1693067	6	1
S1015351	95	Port Input	15	1693067	6	1
S1015351	95	Port Input	14	1693067	6	1
S1015351	95	Port Input	15	1693068	7	1
S1015351	95	Port Input	14	1693068	7	1
S1015351	95	Port Input	15	1698317	5256	1
S1015351	95	Port Input	14	1698317	5256	1
S1015351	95	Port Input	15	1698317	5257	1
S1015351	95	Port Input	14	1698317	5257	1
S1015351	95	Port Input	15	1698318	5257	1
S1015351	95	Port Input	14	1698318	5257	1
S1015351	95	Port Input	15	1698319	5258	1
S1015351	95	Port Input	14	1698319	5258	1
S1015351	95	Port Input	15	1698323	5262	1
S1015351	95	Port Input	14	1698323	5262	1
S1015351	95	Port Input	15	1698324	5263	1
S1015351	95	Port Input	14	1698324	5263	1
S1015351	95	Port Input	15	1698324	5263	1
S1015351	95	Port Input	14	1698324	5263	1
S1015351	95	Port Input	15	1698324	5263	1
S1015351	95	Port Input	14	1698324	5263	1
S1015351	95	Port Input	15	1698324	5263	1
S1015351	95	Port Input	14	1698324	5263	1
S1015351	95	Port Input	15	1698324	5264	1
S1015351	95	Port Input	14	1709160	16099	1
S1015351	95	Response	222	1709160	16099	1
S1015351	96	Sound	20	1709160	0	4			0		hit	1338
S1015351	96	Port Input	15	1713764	4604	1
S1015351	96	Port Input	14	1713764	4604	1
S1015351	96	Port Input	15	1713765	4604	1
S1015351	96	Port Input	14	1713765	4604	1
S1015351	96	Port Input	15	1713765	4605	1
S1015351	96	Port Input	14	1713765	4605	1
S1015351	96	Port Input	15	1713766	4606	1
S1015351	96	Port Input	14	1713766	4606	1
S1015351	96	Port Input	15	1713766	4606	1
S1015351	96	Port Input	14	1713766	4606	1
S1015351	96	Port Input	15	1713767	4606	1
S1015351	96	Port Input	14	1713767	4606	1
S1015351	96	Port Input	15	1713767	4607	1
S1015351	96	Port Input	14	1713767	4607	1
S1015351	96	Port Input	15	1713770	4609	1
S1015351	96	Port Input	14	1713770	4609	1
S1015351	96	Port Input	15	1713770	4609	1
S1015351	96	Port Input	14	1713770	4609	1
S1015351	96	Port Input	15	1713770	4609	1
S1015351	96	Port Input	14	1713770	4610	1
S1015351	96	Port Input	15	1713771	4610	1
S1015351	96	Port Input	14	1724427	15266	1
S1015351	96	Response	222	1724427	15266	1
S1015351	97	Sound	20	1724428	0	4			0		hit	1342
S1015351	97	Port Input	15	1729475	5048	1
S1015351	97	Port Input	14	1740418	15991	1
S1015351	97	Response	222	1740418	15991	1
S1015351	98	Sound	20	1740419	0	4			0		hit	1354
S1015351	98	Port Input	15	1746219	5800	1
S1015351	98	Port Input	14	1746219	5800	1
S1015351	98	Port Input	15	1746220	5801	1
S1015351	98	Port Input	14	1746220	5801	1
S1015351	98	Port Input	15	1746222	5803	1
S1015351	98	Port Input	14	1746222	5803	1
S1015351	98	Port Input	15	1746222	5803	1
S1015351	98	Port Input	14	1746222	5803	1
S1015351	98	Port Input	15	1746222	5803	1
S1015351	98	Port Input	14	1757170	16751	1
S1015351	98	Response	222	1757170	16751	1
S1015351	99	Sound	20	1757171	0	4			0		hit	1358
S1015351	99	Port Input	15	1763145	5973	1
S1015351	99	Port Input	14	1773506	16335	1
S1015351	99	Response	222	1773506	16335	1
S1015351	99	Port Input	15	1773507	16335	1
S1015351	99	Port Input	14	1773507	16336	5
S1015351	100	Sound	20	1773507	0	4			0		hit	1376
S1015351	100	Port Input	15	1773513	6	1
S1015351	100	Port Input	14	1773513	6	1
S1015351	100	Port Input	15	1779810	6303	1
S1015351	100	Port Input	14	1779810	6303	1
S1015351	100	Port Input	15	1779810	6303	1
S1015351	100	Port Input	14	1779810	6303	1
S1015351	100	Port Input	15	1779811	6304	1
S1015351	100	Port Input	14	1779811	6304	1
S1015351	100	Port Input	15	1779811	6304	1
S1015351	100	Port Input	14	1779811	6304	1
S1015351	100	Port Input	15	1779811	6304	1
S1015351	100	Port Input	14	1779811	6304	1
S1015351	100	Port Input	15	1779812	6305	1
S1015351	100	Port Input	14	1797087	23580	1
S1015351	100	Response	222	1797087	23580	1
S1015351	101	Sound	20	1797087	0	4			0		hit	1390
S1015351	101	Port Input	15	1802540	5453	1
S1015351	101	Port Input	14	1802540	5453	1
S1015351	101	Port Input	15	1802546	5459	1
S1015351	101	Port Input	14	1802546	5459	1
S1015351	101	Port Input	15	1802547	5460	1
S1015351	101	Port Input	14	1802547	5460	1
S1015351	101	Port Input	15	1802547	5460	1
S1015351	101	Port Input	14	1802547	5460	1
S1015351	101	Port Input	15	1802547	5460	1
S1015351	101	Port Input	14	1802548	5460	1
S1015351	101	Port Input	15	1802548	5460	1
S1015351	101	Port Input	14	1814470	17383	1
S1015351	101	Response	222	1814470	17383	1
S1015351	102	Sound	20	1814471	0	4			0		other	0
S1015351	102	Port Input	15	1821413	6942	1
S1015351	102	Port Input	14	1821413	6943	1
S1015351	102	Port Input	15	1821414	6943	1
S1015351	103	Port Input	14	1831517	7046	1
S1015351	103	Response	20	1831517	7046	1
S1015351	104	Port Input	15	1837003	2489	1
S1015351	104	Port Input	14	1838498	3984	1
S1015351	104	Port Input	15	1838498	3984	1
S1015351	104	Port Input	14	1838499	3985	1
S1015351	104	Port Input	15	1841866	7352	1
S1015351	104	Port Input	14	1841866	7352	1
S1015351	104	Port Input	15	1841911	7397	1
S1015351	104	Port Input	14	1841911	7397	1
S1015351	104	Port Input	15	1845385	10871	1
S1015351	104	Port Input	14	1845385	10871	1
S1015351	104	Port Input	15	1845385	10871	1

The following output port codes were not sent because of a conflict on the port.
Port	Code	Time(ms)
1	20	181457
