Scenario - Push Button + tone (0ms)
Logfile written - 12/19/2023 15:39:01

Subject	Trial	Event Type	Code	Time	TTime	Uncertainty	Duration	Uncertainty	ReqTime	ReqDur	Stim Type	Pair Index

S1012661	1	Picture	start	69	0	1	40554	1	0	next	other	0
S1012661	3	Nothing	nothing	45124	0	0			0		hit	4
S1012661	3	Port Input	14	58288	13165	1
S1012661	3	Response	222	58288	13165	1
S1012661	4	Sound	20	58300	0	294			0		hit	8
S1012661	4	Port Input	15	62680	4380	1
S1012661	4	Port Input	14	74245	15945	1
S1012661	4	Response	222	74245	15945	1
S1012661	5	Sound	20	74246	0	5			0		hit	28
S1012661	5	Port Input	15	79236	4991	1
S1012661	5	Port Input	14	79236	4991	1
S1012661	5	Port Input	15	79237	4992	1
S1012661	5	Port Input	14	79237	4992	1
S1012661	5	Port Input	15	79238	4992	1
S1012661	5	Port Input	14	79238	4992	1
S1012661	5	Port Input	15	79238	4992	1
S1012661	5	Port Input	14	79238	4992	1
S1012661	5	Port Input	15	79238	4992	1
S1012661	5	Port Input	14	79238	4992	1
S1012661	5	Port Input	15	79238	4993	1
S1012661	5	Port Input	14	79238	4993	1
S1012661	5	Port Input	15	79239	4993	1
S1012661	5	Port Input	14	79239	4993	1
S1012661	5	Port Input	15	79239	4993	1
S1012661	5	Port Input	14	79239	4993	1
S1012661	5	Port Input	15	79239	4994	1
S1012661	5	Port Input	14	92039	17793	1
S1012661	5	Response	222	92039	17793	1
S1012661	6	Sound	20	92040	0	4			0		hit	34
S1012661	6	Port Input	15	96403	4363	1
S1012661	6	Port Input	14	96403	4363	1
S1012661	6	Port Input	15	96404	4364	1
S1012661	6	Port Input	14	109113	17073	1
S1012661	6	Response	222	109113	17073	1
S1012661	7	Sound	20	109114	0	4			0		hit	52
S1012661	7	Port Input	15	113854	4740	1
S1012661	7	Port Input	14	113854	4740	1
S1012661	7	Port Input	15	113855	4741	1
S1012661	7	Port Input	14	113855	4741	1
S1012661	7	Port Input	15	113856	4742	1
S1012661	7	Port Input	14	113856	4742	1
S1012661	7	Port Input	15	113856	4742	1
S1012661	7	Port Input	14	113856	4742	1
S1012661	7	Port Input	15	113856	4742	1
S1012661	7	Port Input	14	113856	4742	1
S1012661	7	Port Input	15	113856	4742	1
S1012661	7	Port Input	14	113856	4743	1
S1012661	7	Port Input	15	113856	4743	1
S1012661	7	Port Input	14	113856	4743	1
S1012661	7	Port Input	15	113857	4743	1
S1012661	7	Port Input	14	127806	18692	1
S1012661	7	Response	222	127806	18692	1
S1012661	8	Sound	20	127806	0	5			0		hit	70
S1012661	8	Port Input	15	132351	4544	1
S1012661	8	Port Input	14	132351	4544	1
S1012661	8	Port Input	15	132351	4544	1
S1012661	8	Port Input	14	132351	4544	1
S1012661	8	Port Input	15	132351	4544	1
S1012661	8	Port Input	14	132351	4544	1
S1012661	8	Port Input	15	132351	4545	1
S1012661	8	Port Input	14	132351	4545	1
S1012661	8	Port Input	15	132351	4545	1
S1012661	8	Port Input	14	132351	4545	1
S1012661	8	Port Input	15	132352	4545	1
S1012661	8	Port Input	14	132352	4545	1
S1012661	8	Port Input	15	132352	4545	1
S1012661	8	Port Input	14	132352	4546	1
S1012661	8	Port Input	15	132353	4546	1
S1012661	8	Port Input	14	145939	18133	1
S1012661	8	Response	222	145939	18133	1
S1012661	9	Sound	20	145940	0	4			0		hit	74
S1012661	9	Port Input	15	151188	5248	1
S1012661	9	Port Input	14	163832	17893	1
S1012661	9	Response	222	163832	17893	1
S1012661	9	Port Input	15	163833	17893	1
S1012661	9	Port Input	14	163833	17893	4
S1012661	10	Sound	20	163833	0	4			0		hit	94
S1012661	10	Port Input	15	168539	4706	1
S1012661	10	Port Input	14	168539	4706	1
S1012661	10	Port Input	15	168539	4706	1
S1012661	10	Port Input	14	168539	4706	1
S1012661	10	Port Input	15	168539	4706	1
S1012661	10	Port Input	14	168539	4706	1
S1012661	10	Port Input	15	168539	4707	1
S1012661	10	Port Input	14	168540	4707	1
S1012661	10	Port Input	15	168540	4707	1
S1012661	10	Port Input	14	168540	4707	1
S1012661	10	Port Input	15	168540	4707	1
S1012661	10	Port Input	14	168540	4707	1
S1012661	10	Port Input	15	168540	4707	1
S1012661	10	Port Input	14	168540	4707	1
S1012661	10	Port Input	15	168540	4707	1
S1012661	10	Port Input	14	182343	18510	1
S1012661	10	Response	222	182343	18510	1
S1012661	10	Port Input	15	182343	18510	1
S1012661	10	Port Input	14	182343	18510	1
S1012661	11	Sound	20	182344	0	4			0		hit	100
S1012661	11	Port Input	15	185317	2973	1
S1012661	11	Port Input	14	200957	18613	1
S1012661	11	Response	222	200957	18613	1
S1012661	12	Sound	20	200957	0	4			0		hit	116
S1012661	12	Port Input	15	205941	4983	1
S1012661	12	Port Input	14	205941	4983	1
S1012661	12	Port Input	15	205941	4983	1
S1012661	12	Port Input	14	205941	4983	1
S1012661	12	Port Input	15	205941	4984	1
S1012661	12	Port Input	14	205941	4984	1
S1012661	12	Port Input	15	205950	4993	1
S1012661	12	Port Input	14	205950	4993	1
S1012661	12	Port Input	15	205968	5011	1
S1012661	12	Port Input	14	205968	5011	1
S1012661	12	Port Input	15	205969	5011	1
S1012661	12	Port Input	14	205969	5011	1
S1012661	12	Port Input	15	205970	5012	1
S1012661	12	Port Input	14	219081	18123	1
S1012661	12	Response	222	219081	18123	1
S1012661	13	Sound	20	219082	0	4			0		hit	128
S1012661	13	Port Input	15	223969	4887	1
S1012661	13	Port Input	14	223969	4887	1
S1012661	13	Port Input	15	223969	4888	1
S1012661	13	Port Input	14	223969	4888	1
S1012661	13	Port Input	15	223969	4888	1
S1012661	13	Port Input	14	223970	4888	1
S1012661	13	Port Input	15	223970	4888	1
S1012661	13	Port Input	14	223970	4888	1
S1012661	13	Port Input	15	223970	4889	1
S1012661	13	Port Input	14	237359	18277	1
S1012661	13	Response	222	237359	18277	1
S1012661	14	Sound	20	237360	0	4			0		hit	134
S1012661	14	Port Input	15	242891	5532	1
S1012661	14	Port Input	14	242891	5532	1
S1012661	14	Port Input	15	242892	5532	1
S1012661	14	Port Input	14	255157	17797	1
S1012661	14	Response	222	255157	17797	1
S1012661	15	Sound	20	255158	0	4			0		hit	142
S1012661	15	Port Input	15	261022	5865	1
S1012661	15	Port Input	14	261023	5865	1
S1012661	15	Port Input	15	261023	5865	1
S1012661	15	Port Input	14	261023	5865	1
S1012661	15	Port Input	15	261023	5865	1
S1012661	15	Port Input	14	273087	17929	1
S1012661	15	Response	222	273087	17929	1
S1012661	15	Port Input	15	273087	17929	1
S1012661	15	Port Input	14	273087	17930	1
S1012661	16	Sound	20	273088	0	4			0		hit	154
S1012661	16	Port Input	15	278919	5831	1
S1012661	16	Port Input	14	278919	5831	1
S1012661	16	Port Input	15	278919	5831	1
S1012661	16	Port Input	14	278919	5831	1
S1012661	16	Port Input	15	278919	5831	1
S1012661	16	Port Input	14	278919	5831	1
S1012661	16	Port Input	15	278919	5831	1
S1012661	16	Port Input	14	291851	18763	1
S1012661	16	Response	222	291851	18763	1
S1012661	17	Sound	20	291852	0	4			0		hit	170
S1012661	17	Port Input	15	296880	5029	1
S1012661	17	Port Input	14	296880	5029	1
S1012661	17	Port Input	15	296880	5029	1
S1012661	17	Port Input	14	296880	5029	1
S1012661	17	Port Input	15	296880	5029	1
S1012661	17	Port Input	14	296881	5029	1
S1012661	17	Port Input	15	296882	5030	1
S1012661	17	Port Input	14	296882	5030	1
S1012661	17	Port Input	15	296882	5030	1
S1012661	17	Port Input	14	296882	5030	1
S1012661	17	Port Input	15	296883	5031	1
S1012661	17	Port Input	14	296883	5031	1
S1012661	17	Port Input	15	296883	5031	1
S1012661	17	Port Input	14	309594	17743	1
S1012661	17	Response	222	309594	17743	1
S1012661	18	Sound	20	309595	0	4			0		hit	176
S1012661	18	Port Input	15	314135	4540	1
S1012661	18	Port Input	14	314135	4540	1
S1012661	18	Port Input	15	314136	4540	1
S1012661	18	Port Input	14	328058	18462	1
S1012661	18	Response	222	328058	18462	1
S1012661	19	Sound	20	328058	0	4			0		hit	206
S1012661	19	Port Input	15	333638	5580	1
S1012661	19	Port Input	14	333638	5580	1
S1012661	19	Port Input	15	333639	5581	1
S1012661	19	Port Input	14	333639	5581	1
S1012661	19	Port Input	15	333640	5582	1
S1012661	19	Port Input	14	333640	5582	1
S1012661	19	Port Input	15	333641	5583	1
S1012661	19	Port Input	14	333641	5583	1
S1012661	19	Port Input	15	333641	5583	1
S1012661	19	Port Input	14	333641	5583	1
S1012661	19	Port Input	15	333641	5583	1
S1012661	19	Port Input	14	333641	5583	1
S1012661	19	Port Input	15	333642	5583	1
S1012661	19	Port Input	14	333642	5583	1
S1012661	19	Port Input	15	333642	5584	1
S1012661	19	Port Input	14	333642	5584	1
S1012661	19	Port Input	15	333642	5584	1
S1012661	19	Port Input	14	333642	5584	1
S1012661	19	Port Input	15	333642	5584	1
S1012661	19	Port Input	14	333643	5584	1
S1012661	19	Port Input	15	333643	5585	1
S1012661	19	Port Input	14	333643	5585	1
S1012661	19	Port Input	15	333643	5585	1
S1012661	19	Port Input	14	333643	5585	1
S1012661	19	Port Input	15	333643	5585	1
S1012661	19	Port Input	14	333644	5585	1
S1012661	19	Port Input	15	333644	5586	1
S1012661	19	Port Input	14	346365	18307	1
S1012661	19	Response	222	346365	18307	1
S1012661	19	Port Input	15	346366	18308	1
S1012661	19	Port Input	14	346366	18308	4
S1012661	20	Sound	20	346366	0	4			0		hit	216
S1012661	20	Port Input	15	352142	5775	1
S1012661	20	Port Input	14	352142	5775	1
S1012661	20	Port Input	15	352142	5776	1
S1012661	20	Port Input	14	352142	5776	1
S1012661	20	Port Input	15	352142	5776	1
S1012661	20	Port Input	14	364522	18156	1
S1012661	20	Response	222	364522	18156	1
S1012661	20	Port Input	15	364523	18156	1
S1012661	20	Port Input	14	364523	18157	1
S1012661	21	Sound	20	364523	0	5			0		hit	224
S1012661	21	Port Input	15	374582	10058	1
S1012661	21	Port Input	14	374582	10058	1
S1012661	21	Port Input	15	374582	10059	1
S1012661	21	Port Input	14	382497	17973	1
S1012661	21	Response	222	382497	17973	1
S1012661	21	Port Input	15	382497	17973	1
S1012661	21	Port Input	14	382497	17974	1
S1012661	22	Sound	20	382497	0	4			0		hit	260
S1012661	22	Port Input	15	389804	7307	1
S1012661	22	Port Input	14	389804	7307	1
S1012661	22	Port Input	15	389805	7307	1
S1012661	22	Port Input	14	389805	7307	1
S1012661	22	Port Input	15	389805	7308	1
S1012661	22	Port Input	14	389805	7308	1
S1012661	22	Port Input	15	389805	7308	1
S1012661	22	Port Input	14	389805	7308	1
S1012661	22	Port Input	15	389806	7309	1
S1012661	22	Port Input	14	389806	7309	1
S1012661	22	Port Input	15	389806	7309	1
S1012661	22	Port Input	14	389806	7309	1
S1012661	22	Port Input	15	389807	7309	1
S1012661	22	Port Input	14	389807	7309	1
S1012661	22	Port Input	15	389807	7309	1
S1012661	22	Port Input	14	389807	7309	1
S1012661	22	Port Input	15	389807	7310	1
S1012661	22	Port Input	14	389807	7310	1
S1012661	22	Port Input	15	389807	7310	1
S1012661	22	Port Input	14	389807	7310	1
S1012661	22	Port Input	15	389807	7310	1
S1012661	22	Port Input	14	389807	7310	1
S1012661	22	Port Input	15	389807	7310	1
S1012661	22	Port Input	14	389807	7310	1
S1012661	22	Port Input	15	389808	7310	1
S1012661	22	Port Input	14	389808	7310	1
S1012661	22	Port Input	15	389808	7311	1
S1012661	22	Port Input	14	389808	7311	1
S1012661	22	Port Input	15	389808	7311	1
S1012661	22	Port Input	14	389809	7311	1
S1012661	22	Port Input	15	389809	7312	1
S1012661	22	Port Input	14	401330	18833	1
S1012661	22	Response	222	401330	18833	1
S1012661	22	Port Input	15	401331	18833	1
S1012661	22	Port Input	14	401331	18834	4
S1012661	23	Sound	20	401331	0	4			0		hit	290
S1012661	23	Port Input	15	406604	5273	1
S1012661	23	Port Input	14	406604	5273	1
S1012661	23	Port Input	15	406604	5273	1
S1012661	23	Port Input	14	406605	5273	1
S1012661	23	Port Input	15	406606	5274	1
S1012661	23	Port Input	14	406606	5274	1
S1012661	23	Port Input	15	406606	5275	1
S1012661	23	Port Input	14	406606	5275	1
S1012661	23	Port Input	15	406606	5275	1
S1012661	23	Port Input	14	406606	5275	1
S1012661	23	Port Input	15	406607	5276	1
S1012661	23	Port Input	14	406607	5276	1
S1012661	23	Port Input	15	406607	5276	1
S1012661	23	Port Input	14	406607	5276	1
S1012661	23	Port Input	15	406607	5276	1
S1012661	23	Port Input	14	406608	5276	1
S1012661	23	Port Input	15	406608	5276	1
S1012661	23	Port Input	14	406608	5277	1
S1012661	23	Port Input	15	406609	5278	1
S1012661	23	Port Input	14	406609	5278	1
S1012661	23	Port Input	15	406610	5279	1
S1012661	23	Port Input	14	406610	5279	1
S1012661	23	Port Input	15	406611	5280	1
S1012661	23	Port Input	14	406611	5280	1
S1012661	23	Port Input	15	406612	5281	1
S1012661	23	Port Input	14	419207	17875	1
S1012661	23	Response	222	419207	17875	1
S1012661	23	Port Input	15	419207	17875	1
S1012661	23	Port Input	14	419207	17876	1
S1012661	24	Sound	20	419207	0	4			0		hit	298
S1012661	24	Port Input	15	425222	6015	1
S1012661	24	Port Input	14	425222	6015	1
S1012661	24	Port Input	15	425416	6209	1
S1012661	24	Port Input	14	437819	18612	1
S1012661	24	Response	222	437819	18612	1
S1012661	25	Sound	20	437820	0	4			0		hit	302
S1012661	25	Port Input	15	443952	6131	1
S1012661	25	Port Input	14	455553	17733	1
S1012661	25	Response	222	455553	17733	1
S1012661	25	Port Input	15	455553	17733	1
S1012661	25	Port Input	14	455553	17733	1
S1012661	26	Sound	20	455554	0	4			0		hit	308
S1012661	26	Port Input	15	461348	5794	1
S1012661	26	Port Input	14	474299	18745	1
S1012661	26	Response	222	474299	18745	1
S1012661	27	Sound	20	474299	0	4			0		hit	334
S1012661	27	Port Input	15	479891	5591	1
S1012661	27	Port Input	14	479891	5591	1
S1012661	27	Port Input	15	479891	5591	1
S1012661	27	Port Input	14	479891	5591	1
S1012661	27	Port Input	15	479891	5592	1
S1012661	27	Port Input	14	479891	5592	1
S1012661	27	Port Input	15	479891	5592	1
S1012661	27	Port Input	14	479891	5592	1
S1012661	27	Port Input	15	479892	5592	1
S1012661	27	Port Input	14	479892	5592	1
S1012661	27	Port Input	15	479892	5593	1
S1012661	27	Port Input	14	479892	5593	1
S1012661	27	Port Input	15	479894	5595	1
S1012661	27	Port Input	14	479894	5595	1
S1012661	27	Port Input	15	479894	5595	1
S1012661	27	Port Input	14	479894	5595	1
S1012661	27	Port Input	15	479895	5595	1
S1012661	27	Port Input	14	479895	5595	1
S1012661	27	Port Input	15	479895	5595	1
S1012661	27	Port Input	14	479895	5596	1
S1012661	27	Port Input	15	479895	5596	1
S1012661	27	Port Input	14	479895	5596	1
S1012661	27	Port Input	15	479895	5596	1
S1012661	27	Port Input	14	492864	18565	1
S1012661	27	Response	222	492864	18565	1
S1012661	27	Port Input	15	492864	18565	1
S1012661	27	Port Input	14	492864	18565	1
S1012661	28	Sound	20	492865	0	4			0		hit	342
S1012661	28	Port Input	15	493003	138	1
S1012661	28	Port Input	14	493003	138	1
S1012661	28	Port Input	15	497561	4696	1
S1012661	28	Port Input	14	510317	17452	1
S1012661	28	Response	222	510317	17452	1
S1012661	29	Sound	20	510317	0	4			0		hit	350
S1012661	29	Port Input	15	517034	6717	1
S1012661	29	Port Input	14	517034	6717	1
S1012661	29	Port Input	15	517041	6724	1
S1012661	29	Port Input	14	517041	6724	1
S1012661	29	Port Input	15	517042	6724	1
S1012661	29	Port Input	14	528687	18370	1
S1012661	29	Response	222	528687	18370	1
S1012661	30	Sound	20	528688	0	4			0		hit	362
S1012661	30	Port Input	15	534162	5474	1
S1012661	30	Port Input	14	534162	5474	1
S1012661	30	Port Input	15	534162	5474	1
S1012661	30	Port Input	14	534162	5474	1
S1012661	30	Port Input	15	534165	5476	1
S1012661	30	Port Input	14	534165	5477	1
S1012661	30	Port Input	15	534168	5480	1
S1012661	30	Port Input	14	534168	5480	1
S1012661	30	Port Input	15	534168	5480	1
S1012661	30	Port Input	14	546094	17406	1
S1012661	30	Response	222	546094	17406	1
S1012661	31	Sound	20	546095	0	4			0		hit	370
S1012661	31	Port Input	15	551839	5744	1
S1012661	31	Port Input	14	551839	5744	1
S1012661	31	Port Input	15	551840	5745	1
S1012661	31	Port Input	14	551840	5745	1
S1012661	31	Port Input	15	551840	5745	1
S1012661	31	Port Input	14	564090	17996	1
S1012661	31	Response	222	564090	17996	1
S1012661	32	Sound	20	564091	0	4			0		hit	378
S1012661	32	Port Input	15	569382	5291	1
S1012661	32	Port Input	14	569382	5291	1
S1012661	32	Port Input	15	569382	5291	1
S1012661	32	Port Input	14	569382	5291	1
S1012661	32	Port Input	15	569382	5291	1
S1012661	32	Port Input	14	582241	18150	1
S1012661	32	Response	222	582241	18150	1
S1012661	33	Sound	20	582242	0	5			0		hit	382
S1012661	33	Port Input	15	588509	6267	1
S1012661	33	Port Input	14	600605	18363	1
S1012661	33	Response	222	600605	18363	1
S1012661	34	Sound	20	600605	0	4			0		hit	398
S1012661	34	Port Input	15	605891	5285	1
S1012661	34	Port Input	14	605891	5285	1
S1012661	34	Port Input	15	605891	5285	1
S1012661	34	Port Input	14	605891	5285	1
S1012661	34	Port Input	15	605893	5288	1
S1012661	34	Port Input	14	605893	5288	1
S1012661	34	Port Input	15	605894	5288	1
S1012661	34	Port Input	14	605894	5288	1
S1012661	34	Port Input	15	605894	5288	1
S1012661	34	Port Input	14	605894	5288	1
S1012661	34	Port Input	15	605894	5289	1
S1012661	34	Port Input	14	605894	5289	1
S1012661	34	Port Input	15	605894	5289	1
S1012661	34	Port Input	14	618329	17723	1
S1012661	34	Response	222	618329	17723	1
S1012661	34	Port Input	15	618329	17723	1
S1012661	34	Port Input	14	618329	17724	1
S1012661	35	Sound	20	618329	0	4			0		hit	406
S1012661	35	Port Input	15	624110	5781	1
S1012661	35	Port Input	14	624110	5781	1
S1012661	35	Port Input	15	624111	5781	1
S1012661	35	Port Input	14	636378	18049	1
S1012661	35	Response	222	636378	18049	1
S1012661	35	Port Input	15	636379	18049	1
S1012661	35	Port Input	14	636379	18049	1
S1012661	36	Sound	20	636379	0	4			0		hit	416
S1012661	36	Port Input	15	641554	5174	1
S1012661	36	Port Input	14	641554	5174	1
S1012661	36	Port Input	15	641554	5175	1
S1012661	36	Port Input	14	641554	5175	1
S1012661	36	Port Input	15	641555	5175	1
S1012661	36	Port Input	14	654036	17657	1
S1012661	36	Response	222	654036	17657	1
S1012661	37	Sound	20	654037	0	5			0		hit	426
S1012661	37	Port Input	15	658356	4319	1
S1012661	37	Port Input	14	658356	4319	1
S1012661	37	Port Input	15	658357	4320	1
S1012661	37	Port Input	14	658357	4320	1
S1012661	37	Port Input	15	658357	4320	1
S1012661	37	Port Input	14	658357	4320	1
S1012661	37	Port Input	15	658357	4320	1
S1012661	37	Port Input	14	672240	18203	1
S1012661	37	Response	222	672240	18203	1
S1012661	38	Sound	20	672241	0	5			0		hit	438
S1012661	38	Port Input	15	678275	6034	1
S1012661	38	Port Input	14	678275	6034	1
S1012661	38	Port Input	15	678275	6034	1
S1012661	38	Port Input	14	678275	6034	1
S1012661	38	Port Input	15	678275	6035	1
S1012661	38	Port Input	14	678276	6035	1
S1012661	38	Port Input	15	678276	6035	1
S1012661	38	Port Input	14	678276	6035	1
S1012661	38	Port Input	15	678276	6035	1
S1012661	38	Port Input	14	690100	17859	1
S1012661	38	Response	222	690100	17859	1
S1012661	39	Sound	20	690101	0	4			0		hit	444
S1012661	39	Port Input	15	696260	6159	1
S1012661	39	Port Input	14	696260	6159	1
S1012661	39	Port Input	15	696260	6159	1
S1012661	39	Port Input	14	708455	18354	1
S1012661	39	Response	222	708455	18354	1
S1012661	40	Sound	20	708455	0	4			0		hit	452
S1012661	40	Port Input	15	713788	5333	1
S1012661	40	Port Input	14	713788	5333	1
S1012661	40	Port Input	15	713790	5335	1
S1012661	40	Port Input	14	713790	5335	1
S1012661	40	Port Input	15	713790	5335	1
S1012661	40	Port Input	14	727657	19201	1
S1012661	40	Response	222	727657	19201	1
S1012661	41	Sound	20	727658	0	4			0		hit	462
S1012661	41	Port Input	15	733039	5382	1
S1012661	41	Port Input	14	733039	5382	1
S1012661	41	Port Input	15	733040	5382	1
S1012661	41	Port Input	14	733040	5382	1
S1012661	41	Port Input	15	733041	5383	1
S1012661	41	Port Input	14	733041	5384	1
S1012661	41	Port Input	15	733041	5384	1
S1012661	41	Port Input	14	746416	18758	1
S1012661	41	Response	222	746416	18758	1
S1012661	41	Port Input	15	746416	18758	1
S1012661	41	Port Input	14	746416	18759	1
S1012661	42	Sound	20	746417	0	5			0		hit	468
S1012661	42	Port Input	15	751390	4973	1
S1012661	42	Port Input	14	765165	18748	1
S1012661	42	Response	222	765165	18748	1
S1012661	43	Sound	20	765165	0	4			0		hit	490
S1012661	43	Port Input	15	771798	6633	1
S1012661	43	Port Input	14	771798	6633	1
S1012661	43	Port Input	15	771801	6636	1
S1012661	43	Port Input	14	771801	6636	1
S1012661	43	Port Input	15	771805	6640	1
S1012661	43	Port Input	14	771806	6640	1
S1012661	43	Port Input	15	771806	6641	1
S1012661	43	Port Input	14	771806	6641	1
S1012661	43	Port Input	15	771806	6641	1
S1012661	43	Port Input	14	771806	6641	1
S1012661	43	Port Input	15	771807	6642	1
S1012661	43	Port Input	14	771807	6642	1
S1012661	43	Port Input	15	771807	6642	1
S1012661	43	Port Input	14	771807	6642	1
S1012661	43	Port Input	15	771807	6642	1
S1012661	43	Port Input	14	771807	6642	1
S1012661	43	Port Input	15	771808	6642	1
S1012661	43	Port Input	14	771808	6642	1
S1012661	43	Port Input	15	771808	6642	1
S1012661	43	Port Input	14	784678	19513	1
S1012661	43	Response	222	784678	19513	1
S1012661	43	Port Input	15	784678	19513	1
S1012661	43	Port Input	14	784679	19513	5
S1012661	44	Sound	20	784679	0	4			0		hit	508
S1012661	44	Port Input	15	790269	5590	1
S1012661	44	Port Input	14	790269	5590	1
S1012661	44	Port Input	15	790270	5591	1
S1012661	44	Port Input	14	790270	5591	1
S1012661	44	Port Input	15	790270	5592	1
S1012661	44	Port Input	14	790270	5592	1
S1012661	44	Port Input	15	790271	5592	1
S1012661	44	Port Input	14	790271	5592	1
S1012661	44	Port Input	15	790271	5592	1
S1012661	44	Port Input	14	790271	5592	1
S1012661	44	Port Input	15	790271	5593	1
S1012661	44	Port Input	14	790271	5593	1
S1012661	44	Port Input	15	790272	5593	1
S1012661	44	Port Input	14	803723	19044	1
S1012661	44	Response	222	803723	19044	1
S1012661	44	Port Input	15	803723	19045	1
S1012661	44	Port Input	14	803723	19045	1
S1012661	45	Sound	20	803724	0	4			0		hit	522
S1012661	45	Port Input	15	810178	6454	1
S1012661	45	Port Input	14	810178	6454	1
S1012661	45	Port Input	15	810178	6455	1
S1012661	45	Port Input	14	810178	6455	1
S1012661	45	Port Input	15	810180	6456	1
S1012661	45	Port Input	14	810180	6456	1
S1012661	45	Port Input	15	810180	6456	1
S1012661	45	Port Input	14	810180	6456	1
S1012661	45	Port Input	15	810180	6457	1
S1012661	45	Port Input	14	824058	20334	1
S1012661	45	Response	222	824058	20334	1
S1012661	46	Sound	20	824059	0	4			0		hit	528
S1012661	46	Port Input	15	830120	6061	1
S1012661	46	Port Input	14	830120	6061	1
S1012661	46	Port Input	15	830120	6061	1
S1012661	46	Port Input	14	843445	19386	1
S1012661	46	Response	222	843445	19386	1
S1012661	46	Port Input	15	843445	19386	1
S1012661	46	Port Input	14	843445	19386	1
S1012661	47	Sound	20	843445	0	4			0		hit	536
S1012661	47	Port Input	15	849190	5744	1
S1012661	47	Port Input	14	849190	5744	1
S1012661	47	Port Input	15	849190	5745	1
S1012661	47	Port Input	14	863142	19696	1
S1012661	47	Response	222	863142	19696	1
S1012661	47	Port Input	15	863142	19696	1
S1012661	47	Port Input	14	863142	19697	1
S1012661	48	Sound	20	863142	0	5			0		hit	544
S1012661	48	Port Input	15	868609	5466	1
S1012661	48	Port Input	14	868609	5466	1
S1012661	48	Port Input	15	868609	5467	1
S1012661	48	Port Input	14	881335	18192	1
S1012661	48	Response	222	881335	18192	1
S1012661	48	Port Input	15	881335	18192	1
S1012661	48	Port Input	14	881335	18193	5
S1012661	49	Sound	20	881335	0	5			0		hit	574
S1012661	49	Port Input	15	887280	5945	1
S1012661	49	Port Input	14	887280	5945	1
S1012661	49	Port Input	15	887281	5946	1
S1012661	49	Port Input	14	887281	5946	1
S1012661	49	Port Input	15	887282	5946	1
S1012661	49	Port Input	14	887282	5946	1
S1012661	49	Port Input	15	887282	5947	1
S1012661	49	Port Input	14	887282	5947	1
S1012661	49	Port Input	15	887283	5947	1
S1012661	49	Port Input	14	887283	5947	1
S1012661	49	Port Input	15	887284	5948	1
S1012661	49	Port Input	14	887284	5948	1
S1012661	49	Port Input	15	887286	5950	1
S1012661	49	Port Input	14	887286	5950	1
S1012661	49	Port Input	15	887286	5951	1
S1012661	49	Port Input	14	887286	5951	1
S1012661	49	Port Input	15	887286	5951	1
S1012661	49	Port Input	14	887287	5951	1
S1012661	49	Port Input	15	887287	5951	1
S1012661	49	Port Input	14	887287	5951	1
S1012661	49	Port Input	15	887287	5952	1
S1012661	49	Port Input	14	887287	5952	1
S1012661	49	Port Input	15	887287	5952	1
S1012661	49	Port Input	14	887287	5952	1
S1012661	49	Port Input	15	887287	5952	1
S1012661	49	Port Input	14	900445	19109	1
S1012661	49	Response	222	900445	19109	1
S1012661	50	Sound	20	900445	0	4			0		hit	582
S1012661	50	Port Input	15	905691	5246	1
S1012661	50	Port Input	14	905691	5246	1
S1012661	50	Port Input	15	905691	5246	1
S1012661	50	Port Input	14	905691	5246	1
S1012661	50	Port Input	15	905691	5246	1
S1012661	50	Port Input	14	919358	18913	1
S1012661	50	Response	222	919358	18913	1
S1012661	51	Sound	20	919359	0	4			0		hit	590
S1012661	51	Port Input	15	923604	4245	1
S1012661	51	Port Input	14	923604	4245	1
S1012661	51	Port Input	15	923604	4246	1
S1012661	51	Port Input	14	923604	4246	1
S1012661	51	Port Input	15	923604	4246	1
S1012661	51	Port Input	14	938637	19278	1
S1012661	51	Response	222	938637	19278	1
S1012661	51	Port Input	15	938637	19278	1
S1012661	51	Port Input	14	938637	19278	1
S1012661	52	Sound	20	938637	0	4			0		hit	598
S1012661	52	Port Input	15	943036	4399	1
S1012661	52	Port Input	14	943036	4399	1
S1012661	52	Port Input	15	943036	4399	1
S1012661	52	Port Input	14	958826	20189	1
S1012661	52	Response	222	958826	20189	1
S1012661	53	Sound	20	958827	0	4			0		hit	614
S1012661	53	Port Input	15	964349	5522	1
S1012661	53	Port Input	14	964349	5522	1
S1012661	53	Port Input	15	964349	5522	1
S1012661	53	Port Input	14	964349	5522	1
S1012661	53	Port Input	15	964349	5523	1
S1012661	53	Port Input	14	964349	5523	1
S1012661	53	Port Input	15	964352	5525	1
S1012661	53	Port Input	14	964352	5525	1
S1012661	53	Port Input	15	964358	5531	1
S1012661	53	Port Input	14	964358	5531	1
S1012661	53	Port Input	15	964359	5532	1
S1012661	53	Port Input	14	964359	5532	1
S1012661	53	Port Input	15	964359	5533	1
S1012661	53	Port Input	14	977398	18572	1
S1012661	53	Response	222	977398	18572	1
S1012661	54	Sound	20	977399	0	4			0		hit	624
S1012661	54	Port Input	15	984068	6669	1
S1012661	54	Port Input	14	984068	6669	1
S1012661	54	Port Input	15	984069	6669	1
S1012661	54	Port Input	14	984069	6670	1
S1012661	54	Port Input	15	984070	6671	1
S1012661	54	Port Input	14	984070	6671	1
S1012661	54	Port Input	15	984071	6672	1
S1012661	54	Port Input	14	996839	19440	1
S1012661	54	Response	222	996839	19440	1
S1012661	54	Port Input	15	996839	19440	1
S1012661	54	Port Input	14	996839	19440	1
S1012661	55	Sound	20	996840	0	4			0		hit	646
S1012661	55	Port Input	15	996849	10	1
S1012661	55	Port Input	14	996849	10	1
S1012661	55	Port Input	15	996850	11	1
S1012661	55	Port Input	14	996850	11	1
S1012661	55	Port Input	15	996850	11	1
S1012661	55	Port Input	14	996850	11	1
S1012661	55	Port Input	15	996850	11	1
S1012661	55	Port Input	14	996851	11	1
S1012661	55	Port Input	15	996851	11	1
S1012661	55	Port Input	14	996851	11	1
S1012661	55	Port Input	15	996852	12	1
S1012661	55	Port Input	14	996852	12	1
S1012661	55	Port Input	15	996852	12	1
S1012661	55	Port Input	14	996852	12	1
S1012661	55	Port Input	15	999017	2178	1
S1012661	55	Port Input	14	999017	2178	1
S1012661	55	Port Input	15	999017	2178	1
S1012661	55	Port Input	14	1018000	21161	1
S1012661	55	Response	222	1018000	21161	1
S1012661	56	Sound	20	1018001	0	4			0		hit	676
S1012661	56	Port Input	15	1018006	5	1
S1012661	56	Port Input	14	1018006	5	1
S1012661	56	Port Input	15	1018008	7	1
S1012661	56	Port Input	14	1018008	7	1
S1012661	56	Port Input	15	1018008	7	1
S1012661	56	Port Input	14	1018009	7	1
S1012661	56	Port Input	15	1018009	8	1
S1012661	56	Port Input	14	1018009	8	1
S1012661	56	Port Input	15	1018009	8	1
S1012661	56	Port Input	14	1018009	8	1
S1012661	56	Port Input	15	1018009	8	1
S1012661	56	Port Input	14	1018009	8	1
S1012661	56	Port Input	15	1018009	8	1
S1012661	56	Port Input	14	1018009	8	1
S1012661	56	Port Input	15	1018010	9	1
S1012661	56	Port Input	14	1018010	9	1
S1012661	56	Port Input	15	1018010	9	1
S1012661	56	Port Input	14	1018010	9	1
S1012661	56	Port Input	15	1018011	10	1
S1012661	56	Port Input	14	1018011	10	1
S1012661	56	Port Input	15	1018012	11	1
S1012661	56	Port Input	14	1018012	11	1
S1012661	56	Port Input	15	1018013	12	1
S1012661	56	Port Input	14	1018013	12	1
S1012661	56	Port Input	15	1019927	1926	1
S1012661	56	Port Input	14	1019927	1926	1
S1012661	56	Port Input	15	1019927	1926	1
S1012661	56	Port Input	14	1035872	17871	1
S1012661	56	Response	222	1035872	17871	1
S1012661	57	Sound	20	1035873	0	4			0		hit	684
S1012661	57	Port Input	15	1040175	4302	1
S1012661	57	Port Input	14	1040175	4302	1
S1012661	57	Port Input	15	1040175	4302	1
S1012661	57	Port Input	14	1040175	4302	1
S1012661	57	Port Input	15	1040175	4302	1
S1012661	57	Port Input	14	1055182	19309	1
S1012661	57	Response	222	1055182	19309	1
S1012661	58	Sound	20	1055183	0	4			0		hit	694
S1012661	58	Port Input	15	1058831	3648	1
S1012661	58	Port Input	14	1058831	3648	1
S1012661	58	Port Input	15	1058832	3648	1
S1012661	58	Port Input	14	1058832	3648	1
S1012661	58	Port Input	15	1058832	3649	1
S1012661	58	Port Input	14	1058832	3649	1
S1012661	58	Port Input	15	1058833	3649	1
S1012661	58	Port Input	14	1073763	18580	1
S1012661	58	Response	222	1073763	18580	1
S1012661	59	Sound	20	1073764	0	4			0		hit	736
S1012661	59	Port Input	15	1075551	1787	1
S1012661	59	Port Input	14	1075551	1787	1
S1012661	59	Port Input	15	1075553	1789	1
S1012661	59	Port Input	14	1075553	1789	1
S1012661	59	Port Input	15	1075554	1789	1
S1012661	59	Port Input	14	1075554	1790	1
S1012661	59	Port Input	15	1075554	1790	1
S1012661	59	Port Input	14	1075554	1790	1
S1012661	59	Port Input	15	1075555	1790	1
S1012661	59	Port Input	14	1075555	1790	1
S1012661	59	Port Input	15	1075555	1791	1
S1012661	59	Port Input	14	1075555	1791	1
S1012661	59	Port Input	15	1075555	1791	1
S1012661	59	Port Input	14	1075555	1791	1
S1012661	59	Port Input	15	1075556	1792	1
S1012661	59	Port Input	14	1075556	1792	1
S1012661	59	Port Input	15	1075566	1802	1
S1012661	59	Port Input	14	1075566	1802	1
S1012661	59	Port Input	15	1075566	1802	1
S1012661	59	Port Input	14	1075566	1802	1
S1012661	59	Port Input	15	1075566	1802	1
S1012661	59	Port Input	14	1075566	1802	1
S1012661	59	Port Input	15	1075569	1805	1
S1012661	59	Port Input	14	1075569	1805	1
S1012661	59	Port Input	15	1075572	1808	1
S1012661	59	Port Input	14	1075572	1808	1
S1012661	59	Port Input	15	1075572	1808	1
S1012661	59	Port Input	14	1075572	1808	1
S1012661	59	Port Input	15	1075572	1808	1
S1012661	59	Port Input	14	1075572	1808	1
S1012661	59	Port Input	15	1075601	1837	1
S1012661	59	Port Input	14	1075601	1837	1
S1012661	59	Port Input	15	1075602	1837	1
S1012661	59	Port Input	14	1075602	1837	1
S1012661	59	Port Input	15	1075603	1838	1
S1012661	59	Port Input	14	1075603	1838	1
S1012661	59	Port Input	15	1075782	2017	1
S1012661	59	Port Input	14	1075782	2018	1
S1012661	59	Port Input	15	1075782	2018	1
S1012661	59	Port Input	14	1093216	19452	1
S1012661	59	Response	222	1093216	19452	1
S1012661	60	Sound	20	1093217	0	4			0		hit	752
S1012661	60	Port Input	15	1097000	3783	1
S1012661	60	Port Input	14	1097000	3783	1
S1012661	60	Port Input	15	1097000	3783	1
S1012661	60	Port Input	14	1097000	3783	1
S1012661	60	Port Input	15	1097000	3784	1
S1012661	60	Port Input	14	1097000	3784	1
S1012661	60	Port Input	15	1097001	3784	1
S1012661	60	Port Input	14	1097001	3784	1
S1012661	60	Port Input	15	1097004	3787	1
S1012661	60	Port Input	14	1097004	3787	1
S1012661	60	Port Input	15	1097005	3788	1
S1012661	60	Port Input	14	1097005	3788	1
S1012661	60	Port Input	15	1097007	3791	1
S1012661	60	Port Input	14	1112889	19672	1
S1012661	60	Response	222	1112889	19672	1
S1012661	61	Sound	20	1112890	0	4			0		hit	802
S1012661	61	Port Input	15	1117416	4526	1
S1012661	61	Port Input	14	1117416	4526	1
S1012661	61	Port Input	15	1117416	4527	1
S1012661	61	Port Input	14	1117416	4527	1
S1012661	61	Port Input	15	1117417	4527	1
S1012661	61	Port Input	14	1117417	4527	1
S1012661	61	Port Input	15	1117417	4527	1
S1012661	61	Port Input	14	1117417	4527	1
S1012661	61	Port Input	15	1117417	4527	1
S1012661	61	Port Input	14	1117417	4527	1
S1012661	61	Port Input	15	1117417	4528	1
S1012661	61	Port Input	14	1117417	4528	1
S1012661	61	Port Input	15	1117417	4528	1
S1012661	61	Port Input	14	1117418	4528	1
S1012661	61	Port Input	15	1117418	4528	1
S1012661	61	Port Input	14	1117418	4528	1
S1012661	61	Port Input	15	1117418	4529	1
S1012661	61	Port Input	14	1117419	4529	1
S1012661	61	Port Input	15	1117419	4529	1
S1012661	61	Port Input	14	1117419	4529	1
S1012661	61	Port Input	15	1117419	4529	1
S1012661	61	Port Input	14	1117419	4529	1
S1012661	61	Port Input	15	1117419	4530	1
S1012661	61	Port Input	14	1117419	4530	1
S1012661	61	Port Input	15	1117421	4531	1
S1012661	61	Port Input	14	1117421	4532	1
S1012661	61	Port Input	15	1117422	4532	1
S1012661	61	Port Input	14	1117422	4532	1
S1012661	61	Port Input	15	1117422	4532	1
S1012661	61	Port Input	14	1117422	4532	1
S1012661	61	Port Input	15	1117422	4533	1
S1012661	61	Port Input	14	1117422	4533	1
S1012661	61	Port Input	15	1117423	4533	1
S1012661	61	Port Input	14	1117423	4533	1
S1012661	61	Port Input	15	1117424	4534	1
S1012661	61	Port Input	14	1117424	4534	1
S1012661	61	Port Input	15	1117424	4534	1
S1012661	61	Port Input	14	1117424	4534	1
S1012661	61	Port Input	15	1117424	4535	1
S1012661	61	Port Input	14	1117424	4535	1
S1012661	61	Port Input	15	1117425	4536	1
S1012661	61	Port Input	14	1117426	4536	1
S1012661	61	Port Input	15	1117426	4536	1
S1012661	61	Port Input	14	1117426	4536	1
S1012661	61	Port Input	15	1117427	4537	1
S1012661	61	Port Input	14	1117427	4537	1
S1012661	61	Port Input	15	1117427	4538	1
S1012661	61	Port Input	14	1131710	18821	1
S1012661	61	Response	222	1131710	18821	1
S1012661	62	Sound	20	1131711	0	5			0		hit	824
S1012661	62	Port Input	15	1136556	4845	1
S1012661	62	Port Input	14	1136556	4845	1
S1012661	62	Port Input	15	1136585	4874	1
S1012661	62	Port Input	14	1136585	4874	1
S1012661	62	Port Input	15	1136586	4875	1
S1012661	62	Port Input	14	1136586	4875	1
S1012661	62	Port Input	15	1136587	4876	1
S1012661	62	Port Input	14	1136587	4876	1
S1012661	62	Port Input	15	1136587	4876	1
S1012661	62	Port Input	14	1136587	4876	1
S1012661	62	Port Input	15	1136587	4876	1
S1012661	62	Port Input	14	1136588	4877	1
S1012661	62	Port Input	15	1136589	4877	1
S1012661	62	Port Input	14	1136589	4877	1
S1012661	62	Port Input	15	1136589	4878	1
S1012661	62	Port Input	14	1136589	4878	1
S1012661	62	Port Input	15	1136589	4878	1
S1012661	62	Port Input	14	1136589	4878	1
S1012661	62	Port Input	15	1136589	4878	1
S1012661	62	Port Input	14	1150793	19081	1
S1012661	62	Response	222	1150793	19081	1
S1012661	63	Sound	20	1150793	0	4			0		hit	828
S1012661	63	Port Input	15	1155232	4439	1
S1012661	63	Port Input	14	1169914	19120	1
S1012661	63	Response	222	1169914	19120	1
S1012661	64	Sound	20	1169915	0	4			0		hit	832
S1012661	64	Port Input	15	1174884	4969	1
S1012661	64	Port Input	14	1188776	18861	1
S1012661	64	Response	222	1188776	18861	1
S1012661	64	Port Input	15	1188776	18861	1
S1012661	64	Port Input	14	1188777	18862	5
S1012661	65	Sound	20	1188777	0	4			0		hit	864
S1012661	65	Port Input	15	1189040	264	1
S1012661	65	Port Input	14	1189040	264	1
S1012661	65	Port Input	15	1194322	5545	1
S1012661	65	Port Input	14	1194322	5545	1
S1012661	65	Port Input	15	1194322	5545	1
S1012661	65	Port Input	14	1194322	5545	1
S1012661	65	Port Input	15	1194323	5546	1
S1012661	65	Port Input	14	1194323	5546	1
S1012661	65	Port Input	15	1194323	5547	1
S1012661	65	Port Input	14	1194323	5547	1
S1012661	65	Port Input	15	1194324	5547	1
S1012661	65	Port Input	14	1194324	5547	1
S1012661	65	Port Input	15	1194325	5548	1
S1012661	65	Port Input	14	1194325	5548	1
S1012661	65	Port Input	15	1194328	5551	1
S1012661	65	Port Input	14	1194328	5551	1
S1012661	65	Port Input	15	1194328	5552	1
S1012661	65	Port Input	14	1194328	5552	1
S1012661	65	Port Input	15	1194330	5553	1
S1012661	65	Port Input	14	1194330	5553	1
S1012661	65	Port Input	15	1194331	5554	1
S1012661	65	Port Input	14	1194331	5554	1
S1012661	65	Port Input	15	1194333	5556	1
S1012661	65	Port Input	14	1194333	5556	1
S1012661	65	Port Input	15	1194333	5557	1
S1012661	65	Port Input	14	1194333	5557	1
S1012661	65	Port Input	15	1194334	5557	1
S1012661	65	Port Input	14	1206769	17993	1
S1012661	65	Response	222	1206769	17993	1
S1012661	65	Port Input	15	1206769	17993	1
S1012661	65	Port Input	14	1206770	17993	1
S1012661	66	Sound	20	1206770	0	4			0		hit	872
S1012661	66	Port Input	15	1212113	5343	1
S1012661	66	Port Input	14	1212113	5343	1
S1012661	66	Port Input	15	1212113	5343	1
S1012661	66	Port Input	14	1225635	18866	1
S1012661	66	Response	222	1225635	18866	1
S1012661	67	Sound	20	1225636	0	4			0		hit	880
S1012661	67	Port Input	15	1231676	6039	1
S1012661	67	Port Input	14	1231676	6039	1
S1012661	67	Port Input	15	1231676	6040	1
S1012661	67	Port Input	14	1231676	6040	1
S1012661	67	Port Input	15	1231676	6040	1
S1012661	67	Port Input	14	1244939	19303	1
S1012661	67	Response	222	1244939	19303	1
S1012661	68	Sound	20	1244940	0	4			0		hit	884
S1012661	68	Port Input	15	1251507	6567	1
S1012661	68	Port Input	14	1264075	19135	1
S1012661	68	Response	222	1264075	19135	1
S1012661	69	Sound	20	1264076	0	4			0		hit	894
S1012661	69	Port Input	15	1270312	6236	1
S1012661	69	Port Input	14	1270312	6236	1
S1012661	69	Port Input	15	1270312	6236	1
S1012661	69	Port Input	14	1270312	6236	1
S1012661	69	Port Input	15	1270313	6237	1
S1012661	69	Port Input	14	1270313	6237	1
S1012661	69	Port Input	15	1270313	6238	1
S1012661	69	Port Input	14	1282964	18888	1
S1012661	69	Response	222	1282964	18888	1
S1012661	70	Sound	20	1282965	0	4			0		hit	898
S1012661	70	Port Input	15	1287535	4570	1
S1012661	70	Port Input	14	1301025	18060	1
S1012661	70	Response	222	1301025	18060	1
S1012661	71	Sound	20	1301026	0	5			0		hit	926
S1012661	71	Port Input	15	1305247	4221	1
S1012661	71	Port Input	14	1305247	4221	1
S1012661	71	Port Input	15	1305248	4222	1
S1012661	71	Port Input	14	1305248	4222	1
S1012661	71	Port Input	15	1305251	4226	1
S1012661	71	Port Input	14	1305251	4226	1
S1012661	71	Port Input	15	1305252	4226	1
S1012661	71	Port Input	14	1305252	4226	1
S1012661	71	Port Input	15	1305253	4228	1
S1012661	71	Port Input	14	1305253	4228	1
S1012661	71	Port Input	15	1305261	4235	1
S1012661	71	Port Input	14	1305261	4235	1
S1012661	71	Port Input	15	1305261	4235	1
S1012661	71	Port Input	14	1305261	4236	1
S1012661	71	Port Input	15	1305267	4241	1
S1012661	71	Port Input	14	1305267	4242	1
S1012661	71	Port Input	15	1305268	4242	1
S1012661	71	Port Input	14	1305268	4242	1
S1012661	71	Port Input	15	1305268	4242	1
S1012661	71	Port Input	14	1305268	4242	1
S1012661	71	Port Input	15	1305269	4243	1
S1012661	71	Port Input	14	1305269	4243	1
S1012661	71	Port Input	15	1305269	4243	1
S1012661	71	Port Input	14	1305269	4243	1
S1012661	71	Port Input	15	1305271	4245	1
S1012661	71	Port Input	14	1318965	17939	1
S1012661	71	Response	222	1318965	17939	1
S1012661	72	Sound	20	1318966	0	4			0		hit	952
S1012661	72	Port Input	15	1324792	5826	1
S1012661	72	Port Input	14	1324793	5826	1
S1012661	72	Port Input	15	1324793	5827	1
S1012661	72	Port Input	14	1324793	5827	1
S1012661	72	Port Input	15	1324795	5829	1
S1012661	72	Port Input	14	1324795	5829	1
S1012661	72	Port Input	15	1324800	5834	1
S1012661	72	Port Input	14	1324800	5834	1
S1012661	72	Port Input	15	1324800	5834	1
S1012661	72	Port Input	14	1324800	5834	1
S1012661	72	Port Input	15	1324801	5835	1
S1012661	72	Port Input	14	1324801	5835	1
S1012661	72	Port Input	15	1324802	5836	1
S1012661	72	Port Input	14	1324802	5836	1
S1012661	72	Port Input	15	1324802	5836	1
S1012661	72	Port Input	14	1324802	5836	1
S1012661	72	Port Input	15	1324804	5838	1
S1012661	72	Port Input	14	1324804	5838	1
S1012661	72	Port Input	15	1324804	5838	1
S1012661	72	Port Input	14	1324804	5838	1
S1012661	72	Port Input	15	1324804	5838	1
S1012661	72	Port Input	14	1324804	5838	1
S1012661	72	Port Input	15	1324805	5838	1
S1012661	72	Port Input	14	1336822	17856	1
S1012661	72	Response	222	1336822	17856	1
S1012661	73	Sound	20	1336822	0	4			0		hit	956
S1012661	73	Port Input	15	1342170	5347	1
S1012661	73	Port Input	14	1353655	16833	1
S1012661	73	Response	222	1353655	16833	1
S1012661	74	Sound	20	1353656	0	4			0		hit	964
S1012661	74	Port Input	15	1360036	6380	1
S1012661	74	Port Input	14	1360036	6380	1
S1012661	74	Port Input	15	1360036	6380	1
S1012661	74	Port Input	14	1360036	6381	1
S1012661	74	Port Input	15	1360036	6381	1
S1012661	74	Port Input	14	1371783	18127	1
S1012661	74	Response	222	1371783	18127	1
S1012661	75	Sound	20	1371784	0	4			0		hit	970
S1012661	75	Port Input	15	1378396	6613	1
S1012661	75	Port Input	14	1378396	6613	1
S1012661	75	Port Input	15	1378396	6613	1
S1012661	75	Port Input	14	1390652	18868	1
S1012661	75	Response	222	1390652	18868	1
S1012661	76	Sound	20	1390653	0	4			0		hit	978
S1012661	76	Port Input	15	1396025	5372	1
S1012661	76	Port Input	14	1396025	5372	1
S1012661	76	Port Input	15	1396041	5388	1
S1012661	76	Port Input	14	1396041	5388	1
S1012661	76	Port Input	15	1396041	5388	1
S1012661	76	Port Input	14	1408655	18002	1
S1012661	76	Response	222	1408655	18002	1
S1012661	76	Port Input	15	1408655	18002	1
S1012661	76	Port Input	14	1408656	18003	5
S1012661	77	Sound	20	1408656	0	4			0		hit	992
S1012661	77	Port Input	15	1415168	6512	1
S1012661	77	Port Input	14	1415168	6512	1
S1012661	77	Port Input	15	1415169	6513	1
S1012661	77	Port Input	14	1415169	6513	1
S1012661	77	Port Input	15	1415169	6513	1
S1012661	77	Port Input	14	1415169	6513	1
S1012661	77	Port Input	15	1415169	6514	1
S1012661	77	Port Input	14	1415169	6514	1
S1012661	77	Port Input	15	1415169	6514	1
S1012661	77	Port Input	14	1427856	19200	1
S1012661	77	Response	222	1427856	19200	1
S1012661	78	Sound	20	1427856	0	4			0		hit	1000
S1012661	78	Port Input	15	1433852	5996	1
S1012661	78	Port Input	14	1433852	5996	1
S1012661	78	Port Input	15	1433853	5996	1
S1012661	78	Port Input	14	1433853	5996	1
S1012661	78	Port Input	15	1433853	5996	1
S1012661	78	Port Input	14	1445754	17898	1
S1012661	78	Response	222	1445754	17898	1
S1012661	79	Sound	20	1445755	0	4			0		hit	1024
S1012661	79	Port Input	15	1452437	6682	1
S1012661	79	Port Input	14	1452437	6682	1
S1012661	79	Port Input	15	1452439	6684	1
S1012661	79	Port Input	14	1452439	6684	1
S1012661	79	Port Input	15	1452441	6686	1
S1012661	79	Port Input	14	1452441	6686	1
S1012661	79	Port Input	15	1452442	6687	1
S1012661	79	Port Input	14	1452442	6687	1
S1012661	79	Port Input	15	1452443	6688	1
S1012661	79	Port Input	14	1452443	6688	1
S1012661	79	Port Input	15	1452444	6689	1
S1012661	79	Port Input	14	1452444	6689	1
S1012661	79	Port Input	15	1452446	6691	1
S1012661	79	Port Input	14	1452446	6691	1
S1012661	79	Port Input	15	1452452	6697	1
S1012661	79	Port Input	14	1452452	6697	1
S1012661	79	Port Input	15	1452453	6698	1
S1012661	79	Port Input	14	1452453	6698	1
S1012661	79	Port Input	15	1452454	6699	1
S1012661	79	Port Input	14	1452454	6699	1
S1012661	79	Port Input	15	1452454	6699	1
S1012661	79	Port Input	14	1463737	17982	1
S1012661	79	Response	222	1463737	17982	1
S1012661	79	Port Input	15	1463737	17982	1
S1012661	79	Port Input	14	1463737	17982	1
S1012661	80	Sound	20	1463737	0	4			0		hit	1030
S1012661	80	Port Input	15	1469922	6185	1
S1012661	80	Port Input	14	1481917	18179	1
S1012661	80	Response	222	1481917	18179	1
S1012661	81	Sound	20	1481918	0	4			0		hit	1042
S1012661	81	Port Input	15	1487990	6072	1
S1012661	81	Port Input	14	1487990	6072	1
S1012661	81	Port Input	15	1487990	6072	1
S1012661	81	Port Input	14	1487990	6072	1
S1012661	81	Port Input	15	1487990	6073	1
S1012661	81	Port Input	14	1487990	6073	1
S1012661	81	Port Input	15	1487990	6073	1
S1012661	81	Port Input	14	1487990	6073	1
S1012661	81	Port Input	15	1487991	6073	1
S1012661	81	Port Input	14	1499433	17516	1
S1012661	81	Response	222	1499433	17516	1
S1012661	82	Sound	20	1499434	0	4			0		hit	1048
S1012661	82	Port Input	15	1504762	5328	1
S1012661	82	Port Input	14	1504762	5328	1
S1012661	82	Port Input	15	1504763	5329	1
S1012661	82	Port Input	14	1516789	17355	1
S1012661	82	Response	222	1516789	17355	1
S1012661	83	Sound	20	1516790	0	4			0		hit	1062
S1012661	83	Port Input	15	1522138	5348	1
S1012661	83	Port Input	14	1522138	5348	1
S1012661	83	Port Input	15	1522138	5348	1
S1012661	83	Port Input	14	1522138	5348	1
S1012661	83	Port Input	15	1522138	5348	1
S1012661	83	Port Input	14	1522138	5348	1
S1012661	83	Port Input	15	1522138	5349	1
S1012661	83	Port Input	14	1522138	5349	1
S1012661	83	Port Input	15	1522139	5349	1
S1012661	83	Port Input	14	1522139	5349	1
S1012661	83	Port Input	15	1522139	5349	1
S1012661	83	Port Input	14	1534713	17923	1
S1012661	83	Response	222	1534713	17923	1
S1012661	83	Port Input	15	1534713	17923	1
S1012661	83	Port Input	14	1534714	17924	1
S1012661	84	Sound	20	1534714	0	4			0		hit	1072
S1012661	84	Port Input	15	1539428	4715	1
S1012661	84	Port Input	14	1539428	4715	1
S1012661	84	Port Input	15	1539438	4724	1
S1012661	84	Port Input	14	1539438	4724	1
S1012661	84	Port Input	15	1539439	4725	1
S1012661	84	Port Input	14	1552726	18012	1
S1012661	84	Response	222	1552726	18012	1
S1012661	84	Port Input	15	1552726	18012	1
S1012661	84	Port Input	14	1552727	18013	4
S1012661	85	Sound	20	1552727	0	4			0		hit	1078
S1012661	85	Port Input	15	1557843	5117	1
S1012661	85	Port Input	14	1570944	18217	1
S1012661	85	Response	222	1570944	18217	1
S1012661	85	Port Input	15	1570944	18217	1
S1012661	85	Port Input	14	1570944	18217	1
S1012661	86	Sound	20	1570945	0	4			0		hit	1116
S1012661	86	Port Input	15	1575691	4747	1
S1012661	86	Port Input	14	1575691	4747	1
S1012661	86	Port Input	15	1575691	4747	1
S1012661	86	Port Input	14	1575692	4747	1
S1012661	86	Port Input	15	1575692	4748	1
S1012661	86	Port Input	14	1575692	4748	1
S1012661	86	Port Input	15	1575703	4758	1
S1012661	86	Port Input	14	1575703	4758	1
S1012661	86	Port Input	15	1575704	4760	1
S1012661	86	Port Input	14	1575704	4760	1
S1012661	86	Port Input	15	1575704	4760	1
S1012661	86	Port Input	14	1575704	4760	1
S1012661	86	Port Input	15	1575705	4760	1
S1012661	86	Port Input	14	1575705	4760	1
S1012661	86	Port Input	15	1575705	4761	1
S1012661	86	Port Input	14	1575706	4761	1
S1012661	86	Port Input	15	1575706	4761	1
S1012661	86	Port Input	14	1575706	4761	1
S1012661	86	Port Input	15	1575706	4761	1
S1012661	86	Port Input	14	1575706	4762	1
S1012661	86	Port Input	15	1575706	4762	1
S1012661	86	Port Input	14	1575706	4762	1
S1012661	86	Port Input	15	1575708	4764	1
S1012661	86	Port Input	14	1575708	4764	1
S1012661	86	Port Input	15	1575710	4765	1
S1012661	86	Port Input	14	1575710	4765	1
S1012661	86	Port Input	15	1575711	4766	1
S1012661	86	Port Input	14	1575711	4766	1
S1012661	86	Port Input	15	1575712	4767	1
S1012661	86	Port Input	14	1575712	4767	1
S1012661	86	Port Input	15	1575712	4767	1
S1012661	86	Port Input	14	1575712	4767	1
S1012661	86	Port Input	15	1575713	4768	1
S1012661	86	Port Input	14	1588579	17635	1
S1012661	86	Response	222	1588579	17635	1
S1012661	86	Port Input	15	1588579	17635	1
S1012661	86	Port Input	14	1588580	17635	1
S1012661	87	Sound	20	1588580	0	4			0		hit	1146
S1012661	87	Port Input	15	1594678	6098	1
S1012661	87	Port Input	14	1594678	6098	1
S1012661	87	Port Input	15	1594680	6100	1
S1012661	87	Port Input	14	1594680	6100	1
S1012661	87	Port Input	15	1594680	6100	1
S1012661	87	Port Input	14	1594680	6100	1
S1012661	87	Port Input	15	1594681	6101	1
S1012661	87	Port Input	14	1594681	6101	1
S1012661	87	Port Input	15	1594684	6103	1
S1012661	87	Port Input	14	1594684	6104	1
S1012661	87	Port Input	15	1594684	6104	1
S1012661	87	Port Input	14	1594684	6104	1
S1012661	87	Port Input	15	1594684	6104	1
S1012661	87	Port Input	14	1594684	6104	1
S1012661	87	Port Input	15	1594684	6104	1
S1012661	87	Port Input	14	1594684	6104	1
S1012661	87	Port Input	15	1594685	6105	1
S1012661	87	Port Input	14	1594685	6105	1
S1012661	87	Port Input	15	1594685	6105	1
S1012661	87	Port Input	14	1594685	6105	1
S1012661	87	Port Input	15	1594686	6106	1
S1012661	87	Port Input	14	1594686	6106	1
S1012661	87	Port Input	15	1594686	6106	1
S1012661	87	Port Input	14	1594686	6106	1
S1012661	87	Port Input	15	1594687	6107	1
S1012661	87	Port Input	14	1607025	18445	1
S1012661	87	Response	222	1607025	18445	1
S1012661	88	Sound	20	1607026	0	5			0		hit	1154
S1012661	88	Port Input	15	1607263	237	1
S1012661	88	Port Input	14	1607263	237	1
S1012661	88	Port Input	15	1612997	5972	1
S1012661	88	Port Input	14	1612997	5972	1
S1012661	88	Port Input	15	1612998	5973	1
S1012661	88	Port Input	14	1624952	17926	1
S1012661	88	Response	222	1624952	17926	1
S1012661	89	Sound	20	1624953	0	4			0		hit	1166
S1012661	89	Port Input	15	1630980	6028	1
S1012661	89	Port Input	14	1630980	6028	1
S1012661	89	Port Input	15	1630981	6029	1
S1012661	89	Port Input	14	1630981	6029	1
S1012661	89	Port Input	15	1630982	6029	1
S1012661	89	Port Input	14	1630982	6029	1
S1012661	89	Port Input	15	1630982	6029	1
S1012661	89	Port Input	14	1630982	6029	1
S1012661	89	Port Input	15	1630982	6029	1
S1012661	89	Port Input	14	1643482	18529	1
S1012661	89	Response	222	1643482	18529	1
S1012661	90	Sound	20	1643483	0	4			0		hit	1182
S1012661	90	Port Input	15	1648552	5069	1
S1012661	90	Port Input	14	1648552	5069	1
S1012661	90	Port Input	15	1648552	5069	1
S1012661	90	Port Input	14	1648552	5069	1
S1012661	90	Port Input	15	1648552	5070	1
S1012661	90	Port Input	14	1648553	5070	1
S1012661	90	Port Input	15	1648553	5070	1
S1012661	90	Port Input	14	1648553	5070	1
S1012661	90	Port Input	15	1648553	5070	1
S1012661	90	Port Input	14	1648553	5070	1
S1012661	90	Port Input	15	1648553	5071	1
S1012661	90	Port Input	14	1648554	5071	1
S1012661	90	Port Input	15	1648554	5071	1
S1012661	90	Port Input	14	1661450	17967	1
S1012661	90	Response	222	1661450	17967	1
S1012661	91	Sound	20	1661451	0	4			0		hit	1200
S1012661	91	Port Input	15	1666284	4833	1
S1012661	91	Port Input	14	1666284	4833	1
S1012661	91	Port Input	15	1666306	4855	1
S1012661	91	Port Input	14	1666306	4855	1
S1012661	91	Port Input	15	1666315	4864	1
S1012661	91	Port Input	14	1666315	4864	1
S1012661	91	Port Input	15	1666316	4865	1
S1012661	91	Port Input	14	1666316	4865	1
S1012661	91	Port Input	15	1666318	4867	1
S1012661	91	Port Input	14	1666318	4867	1
S1012661	91	Port Input	15	1666319	4868	1
S1012661	91	Port Input	14	1666319	4868	1
S1012661	91	Port Input	15	1666319	4868	1
S1012661	91	Port Input	14	1666320	4869	1
S1012661	91	Port Input	15	1666320	4869	1
S1012661	91	Port Input	14	1680304	18853	1
S1012661	91	Response	222	1680304	18853	1
S1012661	91	Port Input	15	1680305	18854	1
S1012661	91	Port Input	14	1680305	18854	1
S1012661	91	Port Input	15	1680305	18854	1
S1012661	91	Port Input	14	1680305	18854	5
S1012661	92	Sound	20	1680305	0	5			0		hit	1222
S1012661	92	Port Input	15	1685053	4748	1
S1012661	92	Port Input	14	1685053	4748	1
S1012661	92	Port Input	15	1685055	4750	1
S1012661	92	Port Input	14	1685055	4750	1
S1012661	92	Port Input	15	1685058	4753	1
S1012661	92	Port Input	14	1685058	4753	1
S1012661	92	Port Input	15	1685060	4755	1
S1012661	92	Port Input	14	1685060	4755	1
S1012661	92	Port Input	15	1685061	4756	1
S1012661	92	Port Input	14	1685061	4756	1
S1012661	92	Port Input	15	1685062	4757	1
S1012661	92	Port Input	14	1685062	4757	1
S1012661	92	Port Input	15	1685062	4757	1
S1012661	92	Port Input	14	1685062	4757	1
S1012661	92	Port Input	15	1685063	4758	1
S1012661	92	Port Input	14	1699380	19075	1
S1012661	92	Response	222	1699380	19075	1
S1012661	93	Sound	20	1699381	0	4			0		hit	1240
S1012661	93	Port Input	15	1701827	2446	1
S1012661	93	Port Input	14	1701827	2446	1
S1012661	93	Port Input	15	1701827	2446	1
S1012661	93	Port Input	14	1701827	2446	1
S1012661	93	Port Input	15	1701828	2447	1
S1012661	93	Port Input	14	1701828	2447	1
S1012661	93	Port Input	15	1701828	2447	1
S1012661	93	Port Input	14	1701828	2447	1
S1012661	93	Port Input	15	1701828	2447	1
S1012661	93	Port Input	14	1701828	2447	1
S1012661	93	Port Input	15	1701828	2447	1
S1012661	93	Port Input	14	1701828	2447	1
S1012661	93	Port Input	15	1701829	2448	1
S1012661	93	Port Input	14	1701829	2448	1
S1012661	93	Port Input	15	1701829	2448	1
S1012661	93	Port Input	14	1717837	18456	1
S1012661	93	Response	222	1717837	18456	1
S1012661	93	Port Input	15	1717838	18457	1
S1012661	93	Port Input	14	1717838	18457	1
S1012661	94	Sound	20	1717838	0	4			0		hit	1304
S1012661	94	Port Input	15	1720189	2351	1
S1012661	94	Port Input	14	1720189	2351	1
S1012661	94	Port Input	15	1720190	2352	1
S1012661	94	Port Input	14	1720190	2352	1
S1012661	94	Port Input	15	1720190	2352	1
S1012661	94	Port Input	14	1720190	2352	1
S1012661	94	Port Input	15	1720190	2352	1
S1012661	94	Port Input	14	1720190	2352	1
S1012661	94	Port Input	15	1720191	2353	1
S1012661	94	Port Input	14	1720191	2353	1
S1012661	94	Port Input	15	1720191	2353	1
S1012661	94	Port Input	14	1720191	2353	1
S1012661	94	Port Input	15	1720191	2353	1
S1012661	94	Port Input	14	1720191	2353	1
S1012661	94	Port Input	15	1720191	2353	1
S1012661	94	Port Input	14	1720191	2354	1
S1012661	94	Port Input	15	1720192	2354	1
S1012661	94	Port Input	14	1720192	2354	1
S1012661	94	Port Input	15	1720192	2354	1
S1012661	94	Port Input	14	1720192	2354	1
S1012661	94	Port Input	15	1720193	2355	1
S1012661	94	Port Input	14	1720193	2355	1
S1012661	94	Port Input	15	1720193	2355	1
S1012661	94	Port Input	14	1720193	2355	1
S1012661	94	Port Input	15	1720193	2355	1
S1012661	94	Port Input	14	1720193	2355	1
S1012661	94	Port Input	15	1720193	2355	1
S1012661	94	Port Input	14	1720194	2356	1
S1012661	94	Port Input	15	1720194	2356	1
S1012661	94	Port Input	14	1720194	2356	1
S1012661	94	Port Input	15	1720194	2356	1
S1012661	94	Port Input	14	1720194	2356	1
S1012661	94	Port Input	15	1720195	2357	1
S1012661	94	Port Input	14	1720195	2357	1
S1012661	94	Port Input	15	1720195	2357	1
S1012661	94	Port Input	14	1720195	2357	1
S1012661	94	Port Input	15	1720195	2357	1
S1012661	94	Port Input	14	1720195	2357	1
S1012661	94	Port Input	15	1720195	2357	1
S1012661	94	Port Input	14	1720195	2357	1
S1012661	94	Port Input	15	1720195	2357	1
S1012661	94	Port Input	14	1720195	2357	1
S1012661	94	Port Input	15	1720195	2357	1
S1012661	94	Port Input	14	1720195	2357	1
S1012661	94	Port Input	15	1720196	2358	1
S1012661	94	Port Input	14	1720196	2358	1
S1012661	94	Port Input	15	1720196	2358	1
S1012661	94	Port Input	14	1720196	2358	1
S1012661	94	Port Input	15	1720196	2358	1
S1012661	94	Port Input	14	1720196	2358	1
S1012661	94	Port Input	15	1720197	2359	1
S1012661	94	Port Input	14	1720197	2359	1
S1012661	94	Port Input	15	1720197	2359	1
S1012661	94	Port Input	14	1720197	2359	1
S1012661	94	Port Input	15	1720197	2359	1
S1012661	94	Port Input	14	1720197	2359	1
S1012661	94	Port Input	15	1720197	2359	1
S1012661	94	Port Input	14	1720197	2359	1
S1012661	94	Port Input	15	1720198	2360	1
S1012661	94	Port Input	14	1737206	19368	1
S1012661	94	Response	222	1737206	19368	1
S1012661	95	Sound	20	1737207	0	4			0		hit	1334
S1012661	95	Port Input	15	1742595	5387	1
S1012661	95	Port Input	14	1742595	5387	1
S1012661	95	Port Input	15	1742596	5389	1
S1012661	95	Port Input	14	1742596	5389	1
S1012661	95	Port Input	15	1742597	5389	1
S1012661	95	Port Input	14	1742597	5389	1
S1012661	95	Port Input	15	1742597	5389	1
S1012661	95	Port Input	14	1742597	5389	1
S1012661	95	Port Input	15	1742597	5390	1
S1012661	95	Port Input	14	1742597	5390	1
S1012661	95	Port Input	15	1742597	5390	1
S1012661	95	Port Input	14	1742597	5390	1
S1012661	95	Port Input	15	1742598	5391	1
S1012661	95	Port Input	14	1742598	5391	1
S1012661	95	Port Input	15	1742599	5391	1
S1012661	95	Port Input	14	1742599	5391	1
S1012661	95	Port Input	15	1742600	5392	1
S1012661	95	Port Input	14	1742600	5392	1
S1012661	95	Port Input	15	1742601	5393	1
S1012661	95	Port Input	14	1742601	5393	1
S1012661	95	Port Input	15	1742601	5394	1
S1012661	95	Port Input	14	1742601	5394	1
S1012661	95	Port Input	15	1742603	5396	1
S1012661	95	Port Input	14	1742603	5396	1
S1012661	95	Port Input	15	1742603	5396	1
S1012661	95	Port Input	14	1742603	5396	1
S1012661	95	Port Input	15	1742608	5400	1
S1012661	95	Port Input	14	1756240	19032	1
S1012661	95	Response	222	1756240	19032	1
S1012661	96	Sound	20	1756240	0	4			0		hit	1378
S1012661	96	Port Input	15	1761734	5494	1
S1012661	96	Port Input	14	1761734	5494	1
S1012661	96	Port Input	15	1761734	5494	1
S1012661	96	Port Input	14	1761734	5494	1
S1012661	96	Port Input	15	1761734	5494	1
S1012661	96	Port Input	14	1761734	5494	1
S1012661	96	Port Input	15	1761735	5494	1
S1012661	96	Port Input	14	1761735	5494	1
S1012661	96	Port Input	15	1761735	5494	1
S1012661	96	Port Input	14	1761735	5494	1
S1012661	96	Port Input	15	1761735	5495	1
S1012661	96	Port Input	14	1761735	5495	1
S1012661	96	Port Input	15	1761735	5495	1
S1012661	96	Port Input	14	1761735	5495	1
S1012661	96	Port Input	15	1761735	5495	1
S1012661	96	Port Input	14	1761735	5495	1
S1012661	96	Port Input	15	1761740	5499	1
S1012661	96	Port Input	14	1761740	5499	1
S1012661	96	Port Input	15	1761740	5499	1
S1012661	96	Port Input	14	1761740	5500	1
S1012661	96	Port Input	15	1761740	5500	1
S1012661	96	Port Input	14	1761740	5500	1
S1012661	96	Port Input	15	1761741	5500	1
S1012661	96	Port Input	14	1761741	5500	1
S1012661	96	Port Input	15	1761741	5500	1
S1012661	96	Port Input	14	1761741	5501	1
S1012661	96	Port Input	15	1761741	5501	1
S1012661	96	Port Input	14	1761741	5501	1
S1012661	96	Port Input	15	1761741	5501	1
S1012661	96	Port Input	14	1761741	5501	1
S1012661	96	Port Input	15	1761741	5501	1
S1012661	96	Port Input	14	1761742	5501	1
S1012661	96	Port Input	15	1761742	5501	1
S1012661	96	Port Input	14	1761742	5501	1
S1012661	96	Port Input	15	1761744	5503	1
S1012661	96	Port Input	14	1761744	5503	1
S1012661	96	Port Input	15	1761744	5503	1
S1012661	96	Port Input	14	1761744	5503	1
S1012661	96	Port Input	15	1761744	5504	1
S1012661	96	Port Input	14	1761744	5504	1
S1012661	96	Port Input	15	1761744	5504	1
S1012661	96	Port Input	14	1774931	18690	1
S1012661	96	Response	222	1774931	18690	1
S1012661	97	Sound	20	1774931	0	4			0		hit	1446
S1012661	97	Port Input	15	1779301	4370	1
S1012661	97	Port Input	14	1779301	4370	1
S1012661	97	Port Input	15	1779303	4371	1
S1012661	97	Port Input	14	1779303	4371	1
S1012661	97	Port Input	15	1779303	4372	1
S1012661	97	Port Input	14	1779303	4372	1
S1012661	97	Port Input	15	1779303	4372	1
S1012661	97	Port Input	14	1779303	4372	1
S1012661	97	Port Input	15	1779304	4372	1
S1012661	97	Port Input	14	1779304	4372	1
S1012661	97	Port Input	15	1779304	4372	1
S1012661	97	Port Input	14	1779304	4372	1
S1012661	97	Port Input	15	1779304	4373	1
S1012661	97	Port Input	14	1779304	4373	1
S1012661	97	Port Input	15	1779304	4373	1
S1012661	97	Port Input	14	1779305	4373	1
S1012661	97	Port Input	15	1779306	4374	1
S1012661	97	Port Input	14	1779306	4374	1
S1012661	97	Port Input	15	1779306	4375	1
S1012661	97	Port Input	14	1779307	4375	1
S1012661	97	Port Input	15	1779307	4376	1
S1012661	97	Port Input	14	1779307	4376	1
S1012661	97	Port Input	15	1779307	4376	1
S1012661	97	Port Input	14	1779307	4376	1
S1012661	97	Port Input	15	1779312	4380	1
S1012661	97	Port Input	14	1779312	4380	1
S1012661	97	Port Input	15	1779313	4381	1
S1012661	97	Port Input	14	1779313	4381	1
S1012661	97	Port Input	15	1779314	4382	1
S1012661	97	Port Input	14	1779314	4382	1
S1012661	97	Port Input	15	1779318	4387	1
S1012661	97	Port Input	14	1779318	4387	1
S1012661	97	Port Input	15	1779332	4401	1
S1012661	97	Port Input	14	1779332	4401	1
S1012661	97	Port Input	15	1779335	4404	1
S1012661	97	Port Input	14	1779335	4404	1
S1012661	97	Port Input	15	1779335	4404	1
S1012661	97	Port Input	14	1779336	4404	1
S1012661	97	Port Input	15	1779336	4404	1
S1012661	97	Port Input	14	1779336	4404	1
S1012661	97	Port Input	15	1779336	4405	1
S1012661	97	Port Input	14	1779336	4405	1
S1012661	97	Port Input	15	1779352	4420	1
S1012661	97	Port Input	14	1779352	4420	1
S1012661	97	Port Input	15	1779353	4421	1
S1012661	97	Port Input	14	1779353	4421	1
S1012661	97	Port Input	15	1779355	4423	1
S1012661	97	Port Input	14	1779355	4423	1
S1012661	97	Port Input	15	1779357	4425	1
S1012661	97	Port Input	14	1779357	4425	1
S1012661	97	Port Input	15	1779357	4426	1
S1012661	97	Port Input	14	1779357	4426	1
S1012661	97	Port Input	15	1779358	4426	1
S1012661	97	Port Input	14	1779358	4426	1
S1012661	97	Port Input	15	1779358	4426	1
S1012661	97	Port Input	14	1779358	4427	1
S1012661	97	Port Input	15	1779358	4427	1
S1012661	97	Port Input	14	1779358	4427	1
S1012661	97	Port Input	15	1779359	4427	1
S1012661	97	Port Input	14	1779359	4427	1
S1012661	97	Port Input	15	1779359	4427	1
S1012661	97	Port Input	14	1779359	4428	1
S1012661	97	Port Input	15	1779360	4429	1
S1012661	97	Port Input	14	1779360	4429	1
S1012661	97	Port Input	15	1779361	4430	1
S1012661	97	Port Input	14	1793816	18885	1
S1012661	97	Response	222	1793816	18885	1
S1012661	98	Sound	20	1793817	0	4			0		hit	1454
S1012661	98	Port Input	15	1798872	5055	1
S1012661	98	Port Input	14	1798872	5055	1
S1012661	98	Port Input	15	1798872	5056	1
S1012661	98	Port Input	14	1798872	5056	1
S1012661	98	Port Input	15	1798872	5056	1
S1012661	98	Port Input	14	1812606	18789	1
S1012661	98	Response	222	1812606	18789	1
S1012661	99	Sound	20	1812607	0	4			0		hit	1472
S1012661	99	Port Input	15	1818700	6093	1
S1012661	99	Port Input	14	1818700	6093	1
S1012661	99	Port Input	15	1818703	6096	1
S1012661	99	Port Input	14	1818703	6096	1
S1012661	99	Port Input	15	1818704	6097	1
S1012661	99	Port Input	14	1818704	6097	1
S1012661	99	Port Input	15	1818705	6098	1
S1012661	99	Port Input	14	1818705	6098	1
S1012661	99	Port Input	15	1818706	6099	1
S1012661	99	Port Input	14	1818706	6099	1
S1012661	99	Port Input	15	1818707	6100	1
S1012661	99	Port Input	14	1818707	6100	1
S1012661	99	Port Input	15	1818708	6101	1
S1012661	99	Port Input	14	1818708	6101	1
S1012661	99	Port Input	15	1818708	6101	1
S1012661	99	Port Input	14	1831617	19010	1
S1012661	99	Response	222	1831617	19010	1
S1012661	99	Port Input	15	1831617	19010	1
S1012661	99	Port Input	14	1831617	19010	1
S1012661	99	Port Input	15	1831617	19010	1
S1012661	99	Port Input	14	1831617	19010	1
S1012661	100	Sound	20	1831618	0	4			0		hit	1484
S1012661	100	Port Input	15	1838072	6454	1
S1012661	100	Port Input	14	1838072	6454	1
S1012661	100	Port Input	15	1838072	6454	1
S1012661	100	Port Input	14	1838072	6454	1
S1012661	100	Port Input	15	1838073	6455	1
S1012661	100	Port Input	14	1850545	18927	1
S1012661	100	Response	222	1850545	18927	1
S1012661	101	Sound	20	1850545	0	4			0		hit	1508
S1012661	101	Port Input	15	1857259	6714	1
S1012661	101	Port Input	14	1857259	6714	1
S1012661	101	Port Input	15	1857260	6715	1
S1012661	101	Port Input	14	1857260	6715	1
S1012661	101	Port Input	15	1857261	6715	1
S1012661	101	Port Input	14	1857261	6716	1
S1012661	101	Port Input	15	1857262	6716	1
S1012661	101	Port Input	14	1857262	6716	1
S1012661	101	Port Input	15	1857262	6717	1
S1012661	101	Port Input	14	1857263	6718	1
S1012661	101	Port Input	15	1857264	6718	1
S1012661	101	Port Input	14	1857264	6719	1
S1012661	101	Port Input	15	1857264	6719	1
S1012661	101	Port Input	14	1857264	6719	1
S1012661	101	Port Input	15	1857265	6719	1
S1012661	101	Port Input	14	1857265	6719	1
S1012661	101	Port Input	15	1857265	6720	1
S1012661	101	Port Input	14	1857265	6720	1
S1012661	101	Port Input	15	1857265	6720	1
S1012661	101	Port Input	14	1857266	6721	1
S1012661	101	Port Input	15	1857267	6721	1
S1012661	101	Port Input	14	1869008	18463	1
S1012661	101	Response	222	1869008	18463	1
S1012661	101	Port Input	15	1869009	18463	1
S1012661	101	Port Input	14	1869009	18464	4
S1012661	102	Sound	20	1869009	0	4			0		other	0
S1012661	102	Port Input	15	1874452	5443	1
S1012661	102	Port Input	14	1874452	5443	1
S1012661	102	Port Input	15	1874452	5443	1
S1012661	102	Port Input	14	1874452	5443	1
S1012661	102	Port Input	15	1874453	5444	1
S1012661	102	Port Input	14	1874453	5444	1
S1012661	102	Port Input	15	1874453	5444	1
S1012661	102	Port Input	14	1874453	5444	1
S1012661	102	Port Input	15	1874453	5444	1
S1012661	102	Port Input	14	1874453	5444	1
S1012661	102	Port Input	15	1874455	5446	1
S1012661	102	Port Input	14	1874455	5446	1
S1012661	102	Port Input	15	1874455	5446	1
S1012661	102	Port Input	14	1874455	5446	1
S1012661	102	Port Input	15	1874456	5447	1
S1012661	102	Port Input	14	1874456	5447	1
S1012661	102	Port Input	15	1874456	5447	1
S1012661	102	Port Input	14	1874456	5447	1
S1012661	102	Port Input	15	1874456	5447	1
S1012661	102	Port Input	14	1874457	5448	1
S1012661	102	Port Input	15	1874458	5449	1
S1012661	102	Port Input	14	1874458	5449	1
S1012661	102	Port Input	15	1874458	5449	1
S1012661	102	Port Input	14	1874458	5449	1
S1012661	102	Port Input	15	1874458	5449	1
S1012661	102	Port Input	14	1874458	5449	1
S1012661	102	Port Input	15	1874458	5449	1
S1012661	102	Port Input	14	1874459	5449	1
S1012661	102	Port Input	15	1874459	5450	1
S1012661	103	Port Input	14	1887401	8392	1
S1012661	103	Response	20	1887401	8392	1
S1012661	103	Port Input	15	1887401	8392	1
S1012661	103	Port Input	14	1887401	8392	1
S1012661	103	Port Input	15	1887402	8392	1
S1012661	103	Port Input	14	1887402	8392	1
S1012661	103	Port Input	15	1887402	8392	1
S1012661	103	Port Input	14	1887402	8392	1
S1012661	104	Port Input	15	1893795	4774	1
S1012661	104	Port Input	14	1905436	16416	1
S1012661	104	Response	20	1905436	16416	1
S1012661	104	Port Input	15	1911511	22491	54

The following output port codes were not sent because of a conflict on the port.
Port	Code	Time(ms)
1	20	186911
