Scenario - passive press generic training 1.2
Logfile written - 03/21/2022 19:28:08

Subject	Trial	Event Type	Code	Time	TTime	Uncertainty	Duration	Uncertainty	ReqTime	ReqDur	Stim Type	Pair Index

S1011399	1	Picture	83	13	0	1	5000	1	0	4950	other	0
S1011399	1	Picture	82	10013	10000	1	5000	1	9950	4950	other	0
S1011399	1	Picture	81	20012	19999	1	5000	1	19950	4950	other	0
S1011399	1	Picture	80	30012	29999	1	5000	1	29950	4950	other	0
S1011399	1	Picture	81	40012	39998	1	10000	1	39950	9950	other	0
S1011399	1	Port Input	14	44409	44396	1
S1011399	1	Response	100	44409	44396	1
S1011399	1	Port Input	15	44410	44397	1
S1011399	1	Port Input	14	44410	44397	1
S1011399	1	Port Input	15	45680	45667	1
S1011399	1	Port Input	14	45680	45667	1
S1011399	1	Port Input	15	45706	45693	1
S1011399	1	Port Input	14	45706	45693	1
S1011399	1	Port Input	15	45707	45694	1
S1011399	1	Port Input	14	45707	45694	1
S1011399	1	Port Input	15	45707	45694	1
S1011399	1	Port Input	14	45707	45694	1
S1011399	1	Port Input	15	45707	45694	1
S1011399	1	Port Input	14	45707	45694	1
S1011399	1	Port Input	15	45707	45694	1
S1011399	1	Port Input	14	45707	45694	1
S1011399	1	Port Input	15	45708	45695	1
S1011399	1	Port Input	14	45708	45695	1
S1011399	1	Port Input	15	45716	45703	1
S1011399	1	Port Input	14	45716	45703	1
S1011399	1	Port Input	15	45720	45707	1
S1011399	1	Port Input	14	45720	45707	1
S1011399	1	Port Input	15	45720	45707	1
S1011399	1	Port Input	14	45720	45707	1
S1011399	1	Port Input	15	45720	45707	1
S1011399	1	Port Input	14	45720	45707	1
S1011399	1	Port Input	15	45724	45711	1
S1011399	1	Port Input	14	45724	45711	1
S1011399	1	Port Input	15	45724	45711	1
S1011399	1	Port Input	14	45724	45711	1
S1011399	1	Port Input	15	45724	45711	1
S1011399	1	Port Input	14	45724	45711	1
S1011399	1	Port Input	15	45725	45712	1
S1011399	1	Port Input	14	45725	45712	1
S1011399	1	Port Input	15	45725	45712	1
S1011399	1	Port Input	14	45725	45712	1
S1011399	1	Port Input	15	45725	45712	1
S1011399	1	Port Input	14	45725	45712	1
S1011399	1	Port Input	15	45728	45715	1
S1011399	1	Port Input	14	45728	45715	1
S1011399	1	Port Input	15	45729	45716	1
S1011399	1	Port Input	14	45729	45716	1
S1011399	1	Port Input	15	45729	45716	1
S1011399	1	Port Input	14	45729	45716	1
S1011399	1	Port Input	15	45731	45718	1
S1011399	1	Port Input	14	45731	45718	1
S1011399	1	Port Input	15	45734	45721	1
S1011399	1	Port Input	14	45734	45721	1
S1011399	1	Port Input	15	45737	45724	1
S1011399	1	Port Input	14	45737	45724	1
S1011399	1	Port Input	15	45741	45728	1
S1011399	1	Port Input	14	45741	45728	1
S1011399	1	Port Input	15	45769	45756	1
S1011399	1	Port Input	14	45769	45756	1
S1011399	1	Port Input	15	45876	45863	1
S1011399	1	Port Input	14	45876	45863	1
S1011399	1	Port Input	15	45878	45865	1
S1011399	1	Port Input	14	45878	45865	1
S1011399	1	Port Input	15	45879	45866	1
S1011399	1	Port Input	14	45879	45866	1
S1011399	1	Port Input	15	45880	45867	1
S1011399	1	Port Input	14	45880	45867	1
S1011399	1	Port Input	15	45880	45867	1
S1011399	1	Port Input	14	45880	45867	1
S1011399	1	Port Input	15	45880	45867	1
S1011399	1	Port Input	14	45880	45867	1
S1011399	1	Port Input	15	45880	45867	1
S1011399	1	Port Input	14	45880	45867	1
S1011399	1	Port Input	15	45880	45867	1
S1011399	1	Port Input	14	45880	45867	1
S1011399	1	Port Input	15	45881	45868	1
S1011399	1	Port Input	14	45881	45868	1
S1011399	1	Port Input	15	45882	45869	1
S1011399	1	Port Input	14	45882	45869	1
S1011399	1	Port Input	15	45882	45869	1
S1011399	1	Port Input	14	45882	45869	1
S1011399	1	Port Input	15	45882	45869	1
S1011399	1	Port Input	14	45882	45869	1
S1011399	1	Port Input	15	45882	45869	1
S1011399	1	Port Input	14	45882	45869	1
S1011399	1	Port Input	15	45882	45869	1
S1011399	1	Port Input	14	45882	45869	1
S1011399	1	Port Input	15	45882	45869	1
S1011399	1	Port Input	14	45883	45869	1
S1011399	1	Port Input	15	45883	45870	1
S1011399	1	Port Input	14	45883	45870	1
S1011399	1	Port Input	15	45883	45870	1
S1011399	1	Port Input	14	45883	45870	1
S1011399	1	Port Input	15	45883	45870	1
S1011399	1	Port Input	14	45883	45870	1
S1011399	1	Port Input	15	45883	45870	1
S1011399	1	Port Input	14	45883	45870	1
S1011399	1	Port Input	15	45883	45870	1
S1011399	1	Port Input	14	45883	45870	1
S1011399	1	Port Input	15	45884	45871	1
S1011399	1	Port Input	14	45884	45871	1
S1011399	1	Port Input	15	45884	45871	1
S1011399	1	Port Input	14	45885	45872	1
S1011399	1	Port Input	15	45885	45872	1
S1011399	1	Port Input	14	45885	45872	1
S1011399	1	Port Input	15	45885	45872	1
S1011399	1	Port Input	14	45885	45872	1
S1011399	1	Port Input	15	45885	45872	1
S1011399	1	Port Input	14	45885	45872	1
S1011399	1	Port Input	15	45886	45873	1
S1011399	1	Port Input	14	45886	45873	1
S1011399	1	Port Input	15	45886	45873	1
S1011399	1	Port Input	14	45886	45873	1
S1011399	1	Port Input	15	45887	45874	1
S1011399	1	Picture	81	60011	59998	1	10000	1	59950	9950	other	0
S1011399	1	Port Input	14	64201	64188	1
S1011399	1	Response	100	64201	64188	1
S1011399	1	Port Input	15	64201	64188	1
S1011399	1	Port Input	14	64202	64189	1
S1011399	1	Port Input	15	64202	64189	1
S1011399	1	Port Input	14	64202	64189	1
S1011399	1	Port Input	15	64202	64189	1
S1011399	1	Port Input	14	64202	64189	1
S1011399	1	Port Input	15	64202	64189	1
S1011399	1	Port Input	14	64202	64189	1
S1011399	1	Port Input	15	64202	64189	1
S1011399	1	Port Input	14	64203	64190	1
S1011399	1	Port Input	15	64203	64190	1
S1011399	1	Port Input	14	64203	64190	1
S1011399	1	Port Input	15	64203	64190	1
S1011399	1	Port Input	14	64203	64190	1
S1011399	1	Port Input	15	64203	64190	1
S1011399	1	Port Input	14	64203	64190	1
S1011399	1	Port Input	15	64203	64190	1
S1011399	1	Port Input	14	64203	64190	1
S1011399	1	Port Input	15	64203	64190	1
S1011399	1	Port Input	14	64203	64190	1
S1011399	1	Port Input	15	64203	64190	1
S1011399	1	Port Input	14	64203	64190	1
S1011399	1	Port Input	15	64204	64191	1
S1011399	1	Port Input	14	64204	64191	1
S1011399	1	Port Input	15	64204	64191	1
S1011399	1	Port Input	14	64204	64191	1
S1011399	1	Port Input	15	64204	64191	1
S1011399	1	Port Input	14	64204	64191	1
S1011399	1	Port Input	15	65944	65931	1
S1011399	1	Port Input	14	65944	65931	1
S1011399	1	Port Input	15	65945	65932	1
S1011399	1	Port Input	14	65945	65932	1
S1011399	1	Port Input	15	65950	65937	1
S1011399	1	Port Input	14	65950	65937	1
S1011399	1	Port Input	15	65952	65939	1
S1011399	1	Port Input	14	65952	65939	1
S1011399	1	Port Input	15	65956	65943	1
S1011399	1	Port Input	14	65956	65943	1
S1011399	1	Port Input	15	65957	65944	1
S1011399	1	Port Input	14	65957	65944	1
S1011399	1	Port Input	15	65957	65944	1
S1011399	1	Port Input	14	65957	65944	1
S1011399	1	Port Input	15	65958	65944	1
S1011399	1	Port Input	14	65958	65945	1
S1011399	1	Port Input	15	65958	65945	1
S1011399	1	Port Input	14	65958	65945	1
S1011399	1	Port Input	15	65959	65946	1
S1011399	1	Port Input	14	65960	65946	1
S1011399	1	Port Input	15	65961	65947	1
S1011399	1	Port Input	14	65961	65948	1
S1011399	1	Port Input	15	65961	65948	1
S1011399	1	Port Input	14	65961	65948	1
S1011399	1	Port Input	15	65961	65948	1
S1011399	1	Port Input	14	65961	65948	1
S1011399	1	Port Input	15	65961	65948	1
S1011399	1	Port Input	14	65961	65948	1
S1011399	1	Port Input	15	65961	65948	1
S1011399	1	Port Input	14	65961	65948	1
S1011399	1	Port Input	15	65962	65949	1
S1011399	1	Port Input	14	65962	65949	1
S1011399	1	Port Input	15	65965	65952	1
S1011399	1	Port Input	14	65965	65952	1
S1011399	1	Port Input	15	65966	65953	1
S1011399	1	Port Input	14	65966	65953	1
S1011399	1	Port Input	15	65966	65953	1
S1011399	1	Port Input	14	65966	65953	1
S1011399	1	Port Input	15	65967	65954	1
S1011399	1	Port Input	14	65967	65954	1
S1011399	1	Port Input	15	65971	65958	1
S1011399	1	Port Input	14	65971	65958	1
S1011399	1	Port Input	15	65975	65962	1
S1011399	1	Port Input	14	65975	65962	1
S1011399	1	Port Input	15	65977	65964	1
S1011399	1	Port Input	14	65977	65964	1
S1011399	1	Port Input	15	65977	65964	1
S1011399	1	Port Input	14	65977	65964	1
S1011399	1	Port Input	15	65980	65967	1
S1011399	1	Port Input	14	65980	65967	1
S1011399	1	Port Input	15	65982	65969	1
S1011399	1	Port Input	14	65982	65969	1
S1011399	1	Port Input	15	65987	65974	1
S1011399	1	Port Input	14	65987	65974	1
S1011399	1	Port Input	15	65993	65980	1
S1011399	1	Port Input	14	65993	65980	1
S1011399	1	Port Input	15	66039	66026	1
S1011399	1	Port Input	14	66039	66026	1
S1011399	1	Port Input	15	66039	66026	1
S1011399	1	Port Input	14	66039	66026	1
S1011399	1	Port Input	15	66042	66029	1
S1011399	1	Port Input	14	66042	66029	1
S1011399	1	Port Input	15	66043	66030	1
S1011399	1	Port Input	14	66043	66030	1
S1011399	1	Port Input	15	66043	66030	1
S1011399	1	Port Input	14	66043	66030	1
S1011399	1	Port Input	15	66043	66030	1
S1011399	1	Port Input	14	66043	66030	1
S1011399	1	Port Input	15	66043	66030	1
S1011399	1	Port Input	14	66043	66030	1
S1011399	1	Port Input	15	66043	66030	1
S1011399	1	Port Input	14	66043	66030	1
S1011399	1	Port Input	15	66043	66030	1
S1011399	1	Port Input	14	66043	66030	1
S1011399	1	Port Input	15	66044	66031	1
S1011399	1	Port Input	14	66044	66031	1
S1011399	1	Port Input	15	66044	66031	1
S1011399	1	Port Input	14	66044	66031	1
S1011399	1	Port Input	15	66044	66031	1
S1011399	1	Port Input	14	66044	66031	1
S1011399	1	Port Input	15	66044	66031	1
S1011399	1	Port Input	14	66044	66031	1
S1011399	1	Port Input	15	66044	66031	1
S1011399	1	Port Input	14	66044	66031	1
S1011399	1	Port Input	15	66045	66032	1
S1011399	1	Port Input	14	66045	66032	1
S1011399	1	Port Input	15	66046	66033	1
S1011399	1	Port Input	14	66046	66033	1
S1011399	1	Port Input	15	66046	66033	1
S1011399	1	Port Input	14	66046	66033	1
S1011399	1	Port Input	15	66046	66033	1
S1011399	1	Port Input	14	66047	66033	1
S1011399	1	Port Input	15	66047	66034	1
S1011399	1	Port Input	14	66047	66034	1
S1011399	1	Port Input	15	66047	66034	1
S1011399	1	Port Input	14	66047	66034	1
S1011399	1	Port Input	15	66047	66034	1
S1011399	1	Port Input	14	66047	66034	1
S1011399	1	Port Input	15	66047	66034	1
S1011399	1	Port Input	14	66047	66034	1
S1011399	1	Port Input	15	66048	66035	1
S1011399	1	Port Input	14	66048	66035	1
S1011399	1	Port Input	15	66048	66035	1
S1011399	1	Port Input	14	66048	66035	1
S1011399	1	Port Input	15	66049	66036	1
S1011399	1	Port Input	14	66049	66036	1
S1011399	1	Port Input	15	66049	66036	1
S1011399	1	Port Input	14	66049	66036	1
S1011399	1	Port Input	15	66049	66036	1
S1011399	1	Port Input	14	66049	66036	1
S1011399	1	Port Input	15	66050	66037	1
S1011399	1	Port Input	14	66050	66037	1
S1011399	1	Port Input	15	66051	66038	1
S1011399	1	Port Input	14	66051	66038	1
S1011399	1	Port Input	15	66051	66038	1
S1011399	1	Port Input	14	66051	66038	1
S1011399	1	Port Input	15	66051	66038	1
S1011399	1	Port Input	14	66051	66038	1
S1011399	1	Port Input	15	66052	66039	1
S1011399	1	Port Input	14	66052	66039	1
S1011399	1	Port Input	15	66052	66039	1
S1011399	1	Port Input	14	66052	66039	1
S1011399	1	Port Input	15	66052	66039	1
S1011399	1	Port Input	14	66052	66039	1
S1011399	1	Port Input	15	66052	66039	1
S1011399	1	Port Input	14	66052	66039	1
S1011399	1	Port Input	15	66053	66040	1
S1011399	1	Port Input	14	66053	66040	1
S1011399	1	Port Input	15	66053	66040	1
S1011399	1	Port Input	14	66053	66040	1
S1011399	1	Port Input	15	66053	66040	1
S1011399	1	Port Input	14	66053	66040	1
S1011399	1	Port Input	15	66053	66040	1
S1011399	1	Port Input	14	66053	66040	1
S1011399	1	Port Input	15	66053	66040	1
S1011399	1	Port Input	14	66053	66040	1
S1011399	1	Port Input	15	66054	66041	1
S1011399	1	Port Input	14	66054	66041	1
S1011399	1	Port Input	15	66054	66041	1
S1011399	1	Port Input	14	66054	66041	1
S1011399	1	Port Input	15	66054	66041	1
S1011399	1	Port Input	14	66054	66041	1
S1011399	1	Port Input	15	66055	66042	1
S1011399	1	Port Input	14	66055	66042	1
S1011399	1	Port Input	15	66055	66042	1
S1011399	1	Port Input	14	66055	66042	1
S1011399	1	Port Input	15	66055	66042	1
S1011399	1	Port Input	14	66055	66042	1
S1011399	1	Port Input	15	66056	66043	1
S1011399	1	Port Input	14	66056	66043	1
S1011399	1	Port Input	15	66056	66043	1
S1011399	1	Port Input	14	66056	66043	1
S1011399	1	Port Input	15	66056	66043	1
S1011399	1	Port Input	14	66056	66043	1
S1011399	1	Port Input	15	66057	66044	1
S1011399	1	Port Input	14	66057	66044	1
S1011399	1	Port Input	15	66058	66045	1
S1011399	1	Port Input	14	66058	66045	1
S1011399	1	Port Input	15	66058	66045	1
S1011399	1	Port Input	14	66058	66045	1
S1011399	1	Port Input	15	66060	66047	1
S1011399	1	Port Input	14	66060	66047	1
S1011399	1	Port Input	15	66061	66048	1
S1011399	1	Port Input	14	66061	66048	1
S1011399	1	Port Input	15	66061	66048	1
S1011399	1	Port Input	14	66061	66048	1
S1011399	1	Port Input	15	66246	66233	1
S1011399	1	Port Input	14	66246	66233	1
S1011399	1	Port Input	15	66246	66233	1
S1011399	1	Port Input	14	66246	66233	1
S1011399	1	Port Input	15	66246	66233	1
S1011399	1	Port Input	14	66246	66233	1
S1011399	1	Port Input	15	66246	66233	1
S1011399	1	Port Input	14	66247	66233	1
S1011399	1	Port Input	15	66247	66234	1
S1011399	1	Port Input	14	66247	66234	1
S1011399	1	Port Input	15	66247	66234	1
S1011399	1	Port Input	14	66247	66234	1
S1011399	1	Port Input	15	66247	66234	1
S1011399	1	Port Input	14	66247	66234	1
S1011399	1	Port Input	15	66247	66234	1
S1011399	1	Port Input	14	66247	66234	1
S1011399	1	Port Input	15	66248	66234	1
S1011399	1	Port Input	14	66248	66235	1
S1011399	1	Port Input	15	66248	66235	1
S1011399	1	Port Input	14	66248	66235	1
S1011399	1	Port Input	15	66248	66235	1
S1011399	1	Port Input	14	66248	66235	1
S1011399	1	Port Input	15	66248	66235	1
S1011399	1	Port Input	14	66248	66235	1
S1011399	1	Port Input	15	66249	66236	1
S1011399	1	Port Input	14	66249	66236	1
S1011399	1	Port Input	15	66249	66236	1
S1011399	1	Port Input	14	66249	66236	1
S1011399	1	Port Input	15	66249	66236	1
S1011399	1	Port Input	14	66249	66236	1
S1011399	1	Port Input	15	66249	66236	1
S1011399	1	Port Input	14	66249	66236	1
S1011399	1	Port Input	15	66249	66236	1
S1011399	1	Port Input	14	66249	66236	1
S1011399	1	Port Input	15	66249	66236	1
S1011399	1	Picture	81	80010	79997	1	10000	1	79950	9950	other	0
S1011399	1	Port Input	14	82645	82632	1
S1011399	1	Response	100	82645	82632	1
S1011399	1	Port Input	15	82645	82632	1
S1011399	1	Port Input	14	82646	82633	1
S1011399	1	Port Input	15	82646	82633	1
S1011399	1	Port Input	14	82646	82633	1
S1011399	1	Port Input	15	82646	82633	1
S1011399	1	Port Input	14	82646	82633	1
S1011399	1	Port Input	15	82646	82633	1
S1011399	1	Port Input	14	82646	82633	1
S1011399	1	Port Input	15	82646	82633	1
S1011399	1	Port Input	14	82646	82633	1
S1011399	1	Port Input	15	82647	82634	1
S1011399	1	Port Input	14	82647	82634	1
S1011399	1	Port Input	15	82647	82634	1
S1011399	1	Port Input	14	82647	82634	1
S1011399	1	Port Input	15	82647	82634	1
S1011399	1	Port Input	14	82648	82635	1
S1011399	1	Port Input	15	82648	82635	1
S1011399	1	Port Input	14	82648	82635	1
S1011399	1	Port Input	15	82648	82635	1
S1011399	1	Port Input	14	82648	82635	1
S1011399	1	Port Input	15	82648	82635	1
S1011399	1	Port Input	14	82648	82635	1
S1011399	1	Port Input	15	82648	82635	1
S1011399	1	Port Input	14	82649	82636	1
S1011399	1	Port Input	15	82649	82636	1
S1011399	1	Port Input	14	82649	82636	1
S1011399	1	Port Input	15	82649	82636	1
S1011399	1	Port Input	14	82649	82636	1
S1011399	1	Port Input	15	82649	82636	1
S1011399	1	Port Input	14	82649	82636	1
S1011399	1	Port Input	15	82649	82636	1
S1011399	1	Port Input	14	82649	82636	1
S1011399	1	Port Input	15	82649	82636	1
S1011399	1	Port Input	14	82650	82637	1
S1011399	1	Port Input	15	82650	82637	1
S1011399	1	Port Input	14	82650	82637	1
S1011399	1	Port Input	15	82650	82637	1
S1011399	1	Port Input	14	82650	82637	1
S1011399	1	Port Input	15	82650	82637	1
S1011399	1	Port Input	14	82650	82637	1
S1011399	1	Port Input	15	82651	82638	1
S1011399	1	Port Input	14	82651	82638	1
S1011399	1	Port Input	15	82652	82639	1
S1011399	1	Port Input	14	82652	82639	1
S1011399	1	Port Input	15	84418	84405	1
S1011399	1	Port Input	14	84418	84405	1
S1011399	1	Port Input	15	84426	84413	1
S1011399	1	Port Input	14	84426	84413	1
S1011399	1	Port Input	15	84426	84413	1
S1011399	1	Port Input	14	84427	84414	1
S1011399	1	Port Input	15	84430	84417	1
S1011399	1	Port Input	14	84430	84417	1
S1011399	1	Port Input	15	84433	84420	1
S1011399	1	Port Input	14	84433	84420	1
S1011399	1	Port Input	15	84437	84424	1
S1011399	1	Port Input	14	84437	84424	1
S1011399	1	Port Input	15	84442	84429	1
S1011399	1	Port Input	14	84442	84429	1
S1011399	1	Port Input	15	84446	84433	1
S1011399	1	Port Input	14	84446	84433	1
S1011399	1	Port Input	15	84743	84730	1
S1011399	1	Port Input	14	84743	84730	1
S1011399	1	Port Input	15	84753	84740	1
S1011399	1	Port Input	14	84753	84740	1
S1011399	1	Port Input	15	84754	84741	1
S1011399	1	Port Input	14	84754	84741	1
S1011399	1	Port Input	15	84755	84742	1
S1011399	1	Port Input	14	84755	84742	1
S1011399	1	Port Input	15	84755	84742	1
S1011399	1	Port Input	14	84756	84742	1
S1011399	1	Port Input	15	84756	84743	1
S1011399	1	Port Input	14	84756	84743	1
S1011399	1	Port Input	15	84756	84743	1
S1011399	1	Port Input	14	84756	84743	1
S1011399	1	Port Input	15	84756	84743	1
S1011399	1	Port Input	14	84756	84743	1
S1011399	1	Port Input	15	84756	84743	1
S1011399	1	Port Input	14	84756	84743	1
S1011399	1	Port Input	15	84756	84743	1
S1011399	1	Port Input	14	84756	84743	1
S1011399	1	Port Input	15	84756	84743	1
S1011399	1	Port Input	14	84756	84743	1
S1011399	1	Port Input	15	84757	84744	1
S1011399	1	Port Input	14	84757	84744	1
S1011399	1	Port Input	15	84757	84744	1
S1011399	1	Port Input	14	84757	84744	1
S1011399	1	Port Input	15	84757	84744	1
S1011399	1	Port Input	14	84757	84744	1
S1011399	1	Port Input	15	84758	84745	1
S1011399	1	Port Input	14	84758	84745	1
S1011399	1	Port Input	15	84759	84746	1
S1011399	1	Port Input	14	84759	84746	1
S1011399	1	Port Input	15	84759	84746	1
S1011399	1	Port Input	14	84759	84746	1
S1011399	1	Port Input	15	84759	84746	1
S1011399	1	Port Input	14	84759	84746	1
S1011399	1	Port Input	15	84759	84746	1
S1011399	1	Port Input	14	84759	84746	1
S1011399	1	Port Input	15	84759	84746	1
S1011399	1	Port Input	14	84759	84746	1
S1011399	1	Port Input	15	84759	84746	1
S1011399	1	Port Input	14	84760	84747	1
S1011399	1	Port Input	15	84760	84747	1
S1011399	1	Port Input	14	84760	84747	1
S1011399	1	Port Input	15	84760	84747	1
S1011399	1	Port Input	14	84760	84747	1
S1011399	1	Port Input	15	84761	84748	1
S1011399	2	Port Input	14	138769	48690	3
S1011399	2	Response	100	138769	48690	3
S1011399	2	Port Input	15	138771	48692	1
S1011399	2	Port Input	14	138773	48694	1
S1011399	2	Port Input	15	138773	48694	1
S1011399	2	Port Input	14	138773	48694	1
S1011399	2	Port Input	15	138781	48702	1
S1011399	2	Port Input	14	138782	48702	1
S1011399	2	Port Input	15	138784	48705	1
S1011399	2	Port Input	14	138785	48706	1
S1011399	2	Port Input	15	138792	48713	1
S1011399	2	Port Input	14	138792	48713	1
S1011399	3	Port Input	15	140960	2133	8
S1011399	3	Port Input	14	144105	5278	8
S1011399	3	Port Input	15	145383	6556	8
S1011399	3	Port Input	14	163916	25089	8
S1011399	3	Response	100	163916	25089	8
S1011399	4	Port Input	15	165660	1695	8
S1011399	4	Port Input	14	166873	2908	8
S1011399	4	Port Input	15	166881	2915	1
S1011399	4	Port Input	14	166881	2916	1
S1011399	4	Port Input	15	166881	2916	8
S1011399	4	Port Input	14	166888	2923	1
S1011399	4	Port Input	15	166888	2923	1
S1011399	4	Port Input	14	166888	2923	8
S1011399	4	Port Input	15	167898	3933	8
S1011399	4	Port Input	14	169123	5158	8
S1011399	4	Port Input	15	170082	6117	8
S1011399	4	Port Input	14	171046	7080	8
S1011399	4	Port Input	15	172070	8105	8
S1011399	4	Port Input	14	173058	9092	8
S1011399	4	Port Input	15	173073	9108	1
S1011399	4	Port Input	14	173073	9108	1
S1011399	4	Port Input	15	174001	10036	1
S1011399	4	Port Input	14	175173	11208	8
S1011399	4	Port Input	15	175926	11961	8
S1011399	4	Port Input	14	177027	13061	8
S1011399	4	Port Input	15	178001	14036	8
S1011399	4	Port Input	14	179179	15213	8
S1011399	4	Port Input	15	180164	16198	1
S1011399	4	Port Input	14	180164	16198	1
S1011399	4	Port Input	15	180164	16199	8
S1011399	4	Port Input	14	180171	16206	1
S1011399	4	Port Input	15	180171	16206	8
S1011399	4	Port Input	14	181251	17286	8
S1011399	4	Port Input	15	182380	18415	8
S1011399	4	Port Input	14	183552	19586	8
S1011399	4	Port Input	15	184432	20467	8
S1011399	4	Port Input	14	187618	23653	8
S1011399	4	Port Input	15	188696	24731	8
S1011399	4	Port Input	14	189931	25966	8
S1011399	4	Port Input	15	191079	27114	8
S1011399	4	Port Input	14	192255	28290	1
S1011399	4	Port Input	15	193076	29111	8
S1011399	4	Port Input	14	194411	30446	8
S1011399	4	Port Input	15	195589	31624	8
S1011399	4	Port Input	14	196743	32778	8
S1011399	4	Port Input	15	197496	33531	8
S1011399	4	Port Input	14	197504	33539	1
S1011399	4	Port Input	15	197645	33680	1
S1011399	4	Port Input	14	197645	33680	1
S1011399	4	Port Input	15	197660	33695	1
S1011399	4	Port Input	14	197660	33695	1
S1011399	4	Port Input	15	197667	33702	1
S1011399	4	Port Input	14	197668	33702	8
S1011399	4	Port Input	15	197683	33717	1
S1011399	4	Port Input	14	197683	33717	1
S1011399	4	Port Input	15	197863	33898	8
S1011399	4	Port Input	14	199085	35119	8
S1011399	4	Port Input	15	200097	36132	1
S1011399	4	Port Input	14	200097	36132	1
S1011399	4	Port Input	15	200097	36132	8
S1011399	4	Port Input	14	201353	37388	8
S1011399	4	Port Input	15	202333	38368	1
S1011399	4	Port Input	14	202333	38368	1
S1011399	4	Port Input	15	202574	38609	8
S1011399	4	Port Input	14	203824	39859	8
S1011399	4	Port Input	15	204593	40628	8
S1011399	4	Port Input	14	204601	40636	1
S1011399	4	Port Input	15	204887	40922	8
S1011399	4	Port Input	14	204895	40929	1
S1011399	4	Port Input	15	204895	40929	1
S1011399	4	Port Input	14	206232	42267	8
S1011399	4	Port Input	15	207278	43313	8
S1011399	4	Port Input	14	207285	43320	1
S1011399	4	Port Input	15	207285	43320	8
S1011399	4	Port Input	14	208551	44586	1
S1011399	4	Port Input	15	209778	45813	8
S1011399	4	Port Input	14	210998	47033	8
S1011399	4	Port Input	15	212237	48272	8
S1011399	4	Port Input	14	213559	49594	8
S1011399	4	Port Input	15	214745	50780	8
S1011399	4	Port Input	14	215936	51971	8
S1011399	4	Port Input	15	216765	52800	8
S1011399	4	Port Input	14	216773	52807	1
S1011399	4	Port Input	15	216802	52837	1
S1011399	4	Port Input	14	216803	52837	1
S1011399	4	Port Input	15	217128	53163	8
S1011399	4	Port Input	14	218091	54125	8
S1011399	4	Port Input	15	218098	54133	1
S1011399	4	Port Input	14	218098	54133	8
S1011399	4	Port Input	15	219425	55460	8
S1011399	4	Port Input	14	250996	87031	8
S1011399	4	Response	100	250996	87031	8
S1011399	5	Port Input	15	252806	1761	8
S1011399	5	Port Input	14	252873	1828	8
S1011399	5	Port Input	15	254285	3240	8
S1011399	5	Port Input	14	254292	3247	1
S1011399	5	Port Input	15	254655	3610	1
S1011399	5	Port Input	14	254655	3610	1
S1011399	5	Port Input	15	254655	3610	1
S1011399	5	Port Input	14	263961	12916	8
S1011399	5	Response	100	263961	12916	8
S1011399	6	Port Input	15	267293	3262	8
S1011399	6	Port Input	14	267301	3270	1
S1011399	6	Port Input	15	267301	3270	8
S1011399	6	Port Input	14	276964	12933	9
S1011399	6	Response	100	276964	12933	9
S1011399	7	Port Input	15	280353	3336	8
S1011399	7	Port Input	14	288635	11619	8
S1011399	7	Response	100	288635	11619	8
S1011399	7	Port Input	15	288643	11626	1
S1011399	7	Port Input	14	288643	11626	1
S1011399	8	Port Input	15	291658	2975	1
S1011399	8	Port Input	14	301194	12512	8
S1011399	8	Response	100	301194	12512	8
S1011399	9	Port Input	15	301664	412	1
S1011399	9	Port Input	14	301664	412	1
S1011399	9	Port Input	15	301869	617	1
S1011399	9	Port Input	14	301869	617	1
S1011399	9	Port Input	15	303561	2309	8
S1011399	9	Port Input	14	303568	2316	1
S1011399	9	Port Input	15	303568	2316	1
S1011399	9	Port Input	14	303568	2316	1
S1011399	9	Port Input	15	303568	2316	8
S1011399	9	Port Input	14	303575	2324	1
S1011399	9	Port Input	15	303936	2684	8
S1011399	9	Port Input	14	312507	11255	8
S1011399	9	Response	100	312507	11255	8
S1011399	10	Port Input	15	315208	2637	1
S1011399	10	Port Input	14	315208	2637	1
S1011399	10	Port Input	15	315208	2637	8
S1011399	10	Port Input	14	322085	9515	8
S1011399	10	Response	100	322085	9515	8
S1011399	11	Port Input	15	324835	2681	8
S1011399	11	Port Input	14	324842	2688	1
S1011399	11	Port Input	15	324842	2688	1
S1011399	11	Port Input	14	324842	2689	8
S1011399	11	Port Input	15	324850	2696	8
S1011399	11	Port Input	14	329683	7529	9
S1011399	11	Port Input	15	332138	9984	8
S1011399	11	Port Input	14	339850	17697	8
S1011399	11	Response	100	339850	17697	8
S1011399	12	Port Input	15	342263	2333	1
S1011399	12	Port Input	14	349314	9383	8
S1011399	12	Response	100	349314	9383	8
S1011399	13	Port Input	15	351950	2576	8
S1011399	13	Port Input	14	363098	13723	8
S1011399	13	Response	100	363098	13723	8
S1011399	14	Port Input	15	365375	2251	8
S1011399	14	Port Input	14	365382	2258	1
S1011399	14	Port Input	15	365571	2447	8
S1011399	14	Port Input	14	375286	12162	8
S1011399	14	Response	100	375286	12162	8
S1011399	14	Port Input	15	375294	12169	1
S1011399	14	Port Input	14	375294	12169	1
S1011399	15	Port Input	15	377827	2481	8
S1011399	15	Port Input	14	388359	13013	8
S1011399	15	Response	100	388359	13013	8
S1011399	16	Port Input	15	390777	2376	8
S1011399	16	Port Input	14	401698	13297	1
S1011399	16	Response	100	401698	13297	1
S1011399	17	Port Input	15	402141	407	1
S1011399	17	Port Input	14	402141	407	8
S1011399	17	Port Input	15	403825	2091	8
S1011399	17	Port Input	14	413286	11552	8
S1011399	17	Response	100	413286	11552	8
S1011399	18	Port Input	15	415344	2013	8
S1011399	18	Port Input	14	424739	11408	8
S1011399	18	Response	100	424739	11408	8
S1011399	19	Port Input	15	426985	2197	1
S1011399	19	Port Input	14	426985	2197	1
S1011399	19	Port Input	15	426985	2197	1
S1011399	19	Port Input	14	438018	13230	8
S1011399	19	Response	100	438018	13230	8
S1011399	19	Port Input	15	438037	13248	1
S1011399	19	Port Input	14	438037	13249	1
S1011399	20	Port Input	15	440444	2392	7
S1011399	20	Port Input	14	450346	12294	1
S1011399	20	Response	100	450346	12294	1
S1011399	20	Port Input	15	450386	12334	1
S1011399	20	Port Input	14	450386	12334	1
S1011399	20	Port Input	15	450406	12354	1
S1011399	20	Port Input	14	450406	12354	1
S1011399	20	Port Input	15	450410	12358	1
S1011399	20	Port Input	14	450410	12358	1
S1011399	20	Port Input	15	450410	12358	1
S1011399	20	Port Input	14	450410	12358	1
S1011399	21	Port Input	15	452970	2558	7
S1011399	21	Port Input	14	464147	13734	8
S1011399	21	Response	100	464147	13734	8
S1011399	22	Port Input	15	466250	2019	7
S1011399	22	Port Input	14	477121	12889	1
S1011399	22	Response	100	477121	12889	1
S1011399	22	Port Input	15	477121	12889	1
S1011399	22	Port Input	14	477121	12889	1
S1011399	22	Port Input	15	477128	12896	1
S1011399	22	Port Input	14	477128	12896	1
S1011399	22	Port Input	15	477128	12896	1
S1011399	22	Port Input	14	477135	12903	1
S1011399	22	Port Input	15	477135	12903	1
S1011399	22	Port Input	14	477135	12903	1
S1011399	22	Port Input	15	477135	12903	1
S1011399	22	Port Input	14	477135	12904	1
S1011399	22	Port Input	15	477142	12911	1
S1011399	22	Port Input	14	477143	12911	1
