Scenario - passive press generic training 1.2
Logfile written - 05/24/2022 12:58:40

Subject	Trial	Event Type	Code	Time	TTime	Uncertainty	Duration	Uncertainty	ReqTime	ReqDur	Stim Type	Pair Index

S1011139	1	Picture	83	30	0	1	5000	1	0	4950	other	0
S1011139	1	Picture	82	10030	10000	1	5000	1	9950	4950	other	0
S1011139	1	Picture	81	20030	19999	1	5000	1	19950	4950	other	0
S1011139	1	Picture	80	30029	29999	1	5000	1	29950	4950	other	0
S1011139	1	Picture	81	40029	39998	1	10000	1	39950	9950	other	0
S1011139	1	Port Input	7	46253	46223	1
S1011139	1	Port Input	15	46253	46223	1
S1011139	1	Port Input	7	46253	46223	1
S1011139	1	Port Input	15	46254	46223	1
S1011139	1	Port Input	7	46254	46223	1
S1011139	1	Port Input	15	46254	46224	1
S1011139	1	Port Input	7	46254	46224	1
S1011139	1	Port Input	15	46254	46224	1
S1011139	1	Port Input	7	46254	46224	1
S1011139	1	Port Input	15	48831	48800	1
S1011139	1	Port Input	7	48831	48800	1
S1011139	1	Port Input	15	48831	48800	1
S1011139	1	Port Input	7	48831	48800	1
S1011139	1	Port Input	15	48831	48800	1
S1011139	1	Picture	81	60028	59998	1	10000	1	59950	9950	other	0
S1011139	1	Port Input	14	63766	63735	1
S1011139	1	Response	100	63766	63735	1
S1011139	1	Port Input	15	63766	63735	1
S1011139	1	Port Input	14	63766	63735	1
S1011139	1	Port Input	15	63766	63736	1
S1011139	1	Port Input	14	63766	63736	1
S1011139	1	Port Input	15	63766	63736	1
S1011139	1	Port Input	14	63766	63736	1
S1011139	1	Port Input	15	63767	63736	1
S1011139	1	Port Input	14	63767	63736	1
S1011139	1	Port Input	15	63767	63736	1
S1011139	1	Port Input	14	63767	63736	1
S1011139	1	Port Input	15	63767	63736	1
S1011139	1	Port Input	14	63767	63736	1
S1011139	1	Port Input	15	63767	63737	1
S1011139	1	Port Input	14	63768	63737	1
S1011139	1	Port Input	15	63768	63737	1
S1011139	1	Port Input	14	63768	63737	1
S1011139	1	Port Input	15	63768	63737	1
S1011139	1	Port Input	14	63768	63737	1
S1011139	1	Port Input	15	63768	63737	1
S1011139	1	Port Input	14	63768	63737	1
S1011139	1	Port Input	15	63768	63738	1
S1011139	1	Port Input	14	63768	63738	1
S1011139	1	Port Input	15	63769	63738	1
S1011139	1	Port Input	14	63769	63738	1
S1011139	1	Port Input	15	63769	63738	1
S1011139	1	Port Input	14	63769	63738	1
S1011139	1	Port Input	15	63769	63739	1
S1011139	1	Port Input	14	63769	63739	1
S1011139	1	Port Input	15	66751	66721	1
S1011139	1	Port Input	14	66751	66721	1
S1011139	1	Port Input	15	66753	66722	1
S1011139	1	Port Input	14	66753	66722	1
S1011139	1	Port Input	15	66753	66723	1
S1011139	1	Port Input	14	66753	66723	1
S1011139	1	Port Input	15	66754	66723	1
S1011139	1	Port Input	14	66754	66723	1
S1011139	1	Port Input	15	66754	66723	1
S1011139	1	Port Input	14	66754	66723	1
S1011139	1	Port Input	15	66754	66723	1
S1011139	1	Port Input	14	66754	66723	1
S1011139	1	Port Input	15	66754	66724	1
S1011139	1	Port Input	14	66754	66724	1
S1011139	1	Port Input	15	66754	66724	1
S1011139	1	Port Input	14	66754	66724	1
S1011139	1	Port Input	15	66754	66724	1
S1011139	1	Port Input	14	66754	66724	1
S1011139	1	Port Input	15	66754	66724	1
S1011139	1	Port Input	14	66755	66724	1
S1011139	1	Port Input	15	66755	66724	1
S1011139	1	Picture	81	80027	79997	1	10000	1	79950	9950	other	0
S1011139	1	Port Input	14	82503	82473	1
S1011139	1	Response	100	82503	82473	1
S1011139	1	Port Input	15	82503	82473	1
S1011139	1	Port Input	14	82504	82473	1
S1011139	1	Port Input	15	82504	82473	1
S1011139	1	Port Input	14	82504	82473	1
S1011139	1	Port Input	15	82504	82473	1
S1011139	1	Port Input	14	82504	82473	1
S1011139	1	Port Input	15	82504	82473	1
S1011139	1	Port Input	14	82504	82474	1
S1011139	1	Port Input	15	82504	82474	1
S1011139	1	Port Input	14	82504	82474	1
S1011139	1	Port Input	15	82504	82474	1
S1011139	1	Port Input	14	82504	82474	1
S1011139	1	Port Input	15	82504	82474	1
S1011139	1	Port Input	14	82507	82476	1
S1011139	1	Port Input	15	82507	82476	1
S1011139	1	Port Input	14	82507	82476	1
S1011139	1	Port Input	15	82507	82476	1
S1011139	1	Port Input	14	82507	82477	1
S1011139	1	Port Input	15	82508	82477	1
S1011139	1	Port Input	14	82508	82477	1
S1011139	1	Port Input	15	82508	82477	1
S1011139	1	Port Input	14	82508	82477	1
S1011139	1	Port Input	15	82508	82478	1
S1011139	1	Port Input	14	82508	82478	1
S1011139	1	Port Input	15	82508	82478	1
S1011139	1	Port Input	14	82508	82478	1
S1011139	1	Port Input	15	82508	82478	1
S1011139	1	Port Input	14	82508	82478	1
S1011139	1	Port Input	15	82509	82478	1
S1011139	1	Port Input	14	82509	82478	1
S1011139	1	Port Input	15	82509	82479	1
S1011139	1	Port Input	14	82509	82479	1
S1011139	1	Port Input	15	82509	82479	1
S1011139	1	Port Input	14	82509	82479	1
S1011139	1	Port Input	15	82510	82479	1
S1011139	1	Port Input	14	82510	82480	1
S1011139	1	Port Input	15	82511	82480	1
S1011139	1	Port Input	14	82511	82480	1
S1011139	1	Port Input	15	82511	82481	1
S1011139	1	Port Input	14	82511	82481	1
S1011139	1	Port Input	15	82511	82481	1
S1011139	1	Port Input	14	82512	82481	1
S1011139	1	Port Input	15	82512	82481	1
S1011139	1	Port Input	14	82512	82481	1
S1011139	1	Port Input	15	82512	82481	1
S1011139	1	Port Input	14	82512	82481	1
S1011139	1	Port Input	15	82512	82482	1
S1011139	1	Port Input	14	82513	82482	1
S1011139	1	Port Input	15	82513	82482	1
S1011139	1	Port Input	14	82513	82482	1
S1011139	1	Port Input	15	82513	82482	1
S1011139	1	Port Input	14	82513	82482	1
S1011139	1	Port Input	15	82513	82482	1
S1011139	1	Port Input	14	82513	82482	1
S1011139	1	Port Input	15	82513	82483	1
S1011139	1	Port Input	14	82513	82483	1
S1011139	1	Port Input	15	82513	82483	1
S1011139	1	Port Input	14	82513	82483	1
S1011139	1	Port Input	15	82514	82483	1
S1011139	1	Port Input	14	82514	82483	1
S1011139	1	Port Input	15	82514	82484	1
S1011139	1	Port Input	14	82514	82484	1
S1011139	1	Port Input	15	82514	82484	1
S1011139	1	Port Input	14	82514	82484	1
S1011139	1	Port Input	15	82515	82484	1
S1011139	1	Port Input	14	82515	82484	1
S1011139	1	Port Input	15	82519	82488	1
S1011139	1	Port Input	14	82519	82488	1
S1011139	1	Port Input	15	82519	82489	1
S1011139	1	Port Input	14	82519	82489	1
S1011139	1	Port Input	15	85699	85669	1
S1011139	1	Port Input	14	85699	85669	1
S1011139	1	Port Input	15	86238	86208	1
S1011139	1	Port Input	14	86238	86208	1
S1011139	1	Port Input	15	86238	86208	1
S1011139	1	Port Input	14	86238	86208	1
S1011139	1	Port Input	15	86239	86208	1
S1011139	1	Port Input	14	86239	86208	1
S1011139	1	Port Input	15	86239	86208	1
S1011139	1	Port Input	14	86239	86209	1
S1011139	1	Port Input	15	86239	86209	1
S1011139	2	Port Input	14	116941	26845	3
S1011139	2	Response	100	116941	26845	3
S1011139	2	Port Input	15	116944	26847	3
S1011139	2	Port Input	14	116946	26850	2
S1011139	2	Port Input	15	116948	26852	4
S1011139	2	Port Input	14	116953	26857	1
S1011139	2	Port Input	15	116953	26857	1
S1011139	2	Port Input	14	116953	26857	1
S1011139	2	Port Input	15	116953	26857	1
S1011139	2	Port Input	14	116954	26858	1
S1011139	2	Port Input	15	116954	26858	1
S1011139	2	Port Input	14	116954	26858	1
S1011139	2	Port Input	15	116954	26858	1
S1011139	2	Port Input	14	116955	26858	1
S1011139	2	Port Input	15	116955	26859	1
S1011139	2	Port Input	14	116955	26859	1
S1011139	2	Port Input	15	116956	26859	1
S1011139	2	Port Input	14	116957	26860	1
S1011139	2	Port Input	15	116957	26860	1
S1011139	2	Port Input	14	116957	26861	1
S1011139	2	Port Input	15	116957	26861	1
S1011139	2	Port Input	14	116957	26861	1
S1011139	2	Port Input	15	116957	26861	1
S1011139	2	Port Input	14	116958	26861	1
S1011139	2	Port Input	15	116958	26862	1
S1011139	2	Port Input	14	116958	26862	1
S1011139	2	Port Input	15	116958	26862	1
S1011139	2	Port Input	14	116958	26862	1
S1011139	2	Port Input	15	116959	26863	1
S1011139	2	Port Input	14	116959	26863	1
S1011139	2	Port Input	15	116959	26863	1
S1011139	2	Port Input	14	116959	26863	1
S1011139	2	Port Input	15	116960	26864	1
S1011139	2	Port Input	14	116960	26864	1
S1011139	2	Port Input	15	116960	26864	1
S1011139	2	Port Input	14	116960	26864	1
S1011139	2	Port Input	15	116960	26864	1
S1011139	2	Port Input	14	116960	26864	1
S1011139	2	Port Input	15	116961	26865	1
S1011139	2	Port Input	14	116961	26865	1
S1011139	2	Port Input	15	116961	26865	1
S1011139	2	Port Input	14	116962	26865	1
S1011139	2	Port Input	15	116962	26866	1
S1011139	2	Port Input	14	116962	26866	1
S1011139	2	Port Input	15	116962	26866	1
S1011139	2	Port Input	14	116962	26866	1
S1011139	2	Port Input	15	116963	26867	1
S1011139	2	Port Input	14	116963	26867	1
S1011139	2	Port Input	15	116964	26867	1
S1011139	2	Port Input	14	116964	26868	1
S1011139	2	Port Input	15	116964	26868	1
S1011139	2	Port Input	14	116965	26868	1
S1011139	2	Port Input	15	116967	26871	1
S1011139	2	Port Input	14	116967	26871	1
S1011139	3	Port Input	15	120653	3683	7
S1011139	3	Port Input	14	120660	3690	1
S1011139	3	Port Input	15	120660	3690	7
S1011139	3	Port Input	14	127806	10836	8
S1011139	3	Response	100	127806	10836	8
S1011139	4	Port Input	15	131829	3957	1
S1011139	4	Port Input	14	138502	10630	7
S1011139	4	Response	100	138502	10630	7
S1011139	4	Port Input	15	138509	10637	7
S1011139	4	Port Input	14	138517	10644	3
S1011139	4	Port Input	15	138521	10649	1
S1011139	4	Port Input	14	138521	10649	1
S1011139	4	Port Input	15	138523	10651	1
S1011139	4	Port Input	14	138523	10651	1
S1011139	5	Port Input	15	141996	3430	8
S1011139	5	Port Input	14	150754	12188	8
S1011139	5	Response	100	150754	12188	8
S1011139	6	Port Input	15	154205	3417	8
S1011139	6	Port Input	14	161511	10723	8
S1011139	6	Response	100	161511	10723	8
S1011139	6	Port Input	15	161526	10738	1
S1011139	6	Port Input	14	161526	10738	1
S1011139	7	Port Input	15	165067	3515	8
S1011139	7	Port Input	14	172507	10956	8
S1011139	7	Response	100	172507	10956	8
S1011139	8	Port Input	15	175753	3160	7
S1011139	8	Port Input	14	183615	11022	7
S1011139	8	Response	100	183615	11022	7
S1011139	8	Port Input	15	183622	11029	7
S1011139	8	Port Input	14	183629	11036	1
S1011139	8	Port Input	15	183629	11037	1
S1011139	8	Port Input	14	183630	11037	4
S1011139	8	Port Input	15	183634	11041	1
S1011139	8	Port Input	14	183634	11041	1
S1011139	8	Port Input	15	183634	11041	1
S1011139	8	Port Input	14	183634	11041	1
S1011139	8	Port Input	15	183635	11042	1
S1011139	8	Port Input	14	183636	11043	1
S1011139	8	Port Input	15	183638	11045	1
S1011139	8	Port Input	14	183638	11046	1
S1011139	8	Port Input	15	183641	11048	1
S1011139	8	Port Input	14	183641	11049	1
S1011139	8	Port Input	15	183645	11052	1
S1011139	8	Port Input	14	183645	11053	1
S1011139	9	Port Input	15	186677	2974	7
S1011139	9	Port Input	14	192733	9029	7
S1011139	9	Response	100	192733	9029	7
S1011139	10	Port Input	15	196138	3338	1
S1011139	10	Port Input	14	196139	3338	1
S1011139	10	Port Input	15	196139	3338	7
S1011139	10	Port Input	14	204114	11314	7
S1011139	10	Response	100	204114	11314	7
S1011139	11	Port Input	15	207024	2835	8
S1011139	11	Port Input	14	214607	10419	1
S1011139	11	Response	100	214607	10419	1
S1011139	12	Port Input	15	217862	3188	1
S1011139	12	Port Input	14	217862	3188	1
S1011139	12	Port Input	15	217862	3188	7
S1011139	12	Port Input	14	225770	11095	1
S1011139	12	Response	100	225770	11095	1
S1011139	13	Port Input	15	228621	2766	8
S1011139	13	Port Input	14	235794	9939	7
S1011139	13	Response	100	235794	9939	7
S1011139	13	Port Input	15	235801	9946	1
S1011139	13	Port Input	14	235801	9946	7
S1011139	14	Port Input	15	238860	3006	1
S1011139	14	Port Input	14	238860	3006	1
S1011139	14	Port Input	15	238875	3021	8
S1011139	14	Port Input	14	245800	9946	7
S1011139	14	Response	100	245800	9946	7
S1011139	14	Port Input	15	245807	9953	1
S1011139	14	Port Input	14	245807	9953	7
S1011139	14	Port Input	15	245814	9960	1
S1011139	14	Port Input	14	245815	9961	3
S1011139	14	Port Input	15	245822	9968	1
S1011139	14	Port Input	14	245822	9968	1
S1011139	14	Port Input	15	245827	9973	1
S1011139	14	Port Input	14	245827	9973	1
S1011139	14	Port Input	15	245828	9974	1
S1011139	14	Port Input	14	245829	9975	1
S1011139	14	Port Input	15	245829	9975	1
S1011139	14	Port Input	14	245829	9975	1
S1011139	15	Port Input	15	249410	3556	1
S1011139	15	Port Input	14	249410	3556	1
S1011139	15	Port Input	15	249410	3556	7
S1011139	15	Port Input	14	256576	10723	7
S1011139	15	Response	100	256576	10723	7
S1011139	15	Port Input	15	256605	10751	1
S1011139	15	Port Input	14	256605	10751	1
S1011139	16	Port Input	15	259710	3093	7
S1011139	16	Port Input	14	266046	9429	1
S1011139	16	Response	100	266046	9429	1
S1011139	16	Port Input	15	266046	9429	8
S1011139	16	Port Input	14	266054	9437	1
S1011139	17	Port Input	15	269366	3235	8
S1011139	17	Port Input	14	275250	9120	7
S1011139	17	Response	100	275250	9120	7
S1011139	17	Port Input	15	275257	9127	1
S1011139	17	Port Input	14	275258	9127	7
S1011139	17	Port Input	15	275264	9134	1
S1011139	17	Port Input	14	275265	9134	1
S1011139	17	Port Input	15	275265	9134	1
S1011139	17	Port Input	14	275265	9134	1
S1011139	18	Port Input	15	278805	3508	7
S1011139	18	Port Input	14	287054	11757	8
S1011139	18	Response	100	287054	11757	8
S1011139	19	Port Input	15	290363	3261	7
S1011139	19	Port Input	14	297616	10514	8
S1011139	19	Response	100	297616	10514	8
S1011139	20	Port Input	15	300603	2946	8
S1011139	20	Port Input	14	308485	10828	7
S1011139	20	Response	100	308485	10828	7
