Scenario - passive press generic training 1.2
Logfile written - 01/06/2024 11:29:11

Subject	Trial	Event Type	Code	Time	TTime	Uncertainty	Duration	Uncertainty	ReqTime	ReqDur	Stim Type	Pair Index

S1015351	1	Picture	83	56	0	1	5000	1	0	4950	other	0
S1015351	1	Picture	82	10056	10000	1	5000	1	9950	4950	other	0
S1015351	1	Picture	81	20055	19999	1	5000	1	19950	4950	other	0
S1015351	1	Picture	80	30055	29999	1	5000	1	29950	4950	other	0
S1015351	1	Picture	81	40055	39999	1	10000	1	39950	9950	other	0
S1015351	1	Port Input	14	51718	51662	1
S1015351	1	Response	100	51718	51662	1
S1015351	1	Port Input	15	51718	51662	1
S1015351	1	Port Input	14	51718	51662	1
S1015351	1	Port Input	15	51718	51662	1
S1015351	1	Port Input	14	51718	51662	1
S1015351	1	Port Input	15	51718	51662	1
S1015351	1	Port Input	14	51718	51662	1
S1015351	1	Port Input	15	51718	51662	1
S1015351	1	Port Input	14	51718	51662	1
S1015351	1	Port Input	15	51719	51663	1
S1015351	1	Port Input	14	51719	51663	1
S1015351	1	Port Input	15	54469	54413	1
S1015351	1	Port Input	14	54469	54413	1
S1015351	1	Port Input	15	54469	54413	1
S1015351	1	Port Input	14	54469	54413	1
S1015351	1	Port Input	15	54474	54418	1
S1015351	1	Picture	81	60054	59998	1	10000	1	59950	9950	other	0
S1015351	1	Port Input	14	62470	62414	1
S1015351	1	Response	100	62470	62414	1
S1015351	1	Port Input	15	67031	66975	1
S1015351	1	Port Input	14	67031	66975	1
S1015351	1	Port Input	15	67031	66975	1
S1015351	1	Port Input	14	67031	66975	1
S1015351	1	Port Input	15	67031	66975	1
S1015351	1	Picture	81	80053	79997	1	10000	1	79950	9950	other	0
S1015351	1	Port Input	14	82760	82704	1
S1015351	1	Response	100	82760	82704	1
S1015351	1	Port Input	15	82760	82704	1
S1015351	1	Port Input	14	82760	82704	1
S1015351	1	Port Input	15	86263	86207	1
S1015351	1	Port Input	14	86263	86207	1
S1015351	1	Port Input	15	86263	86207	1
S1015351	1	Port Input	14	86263	86207	1
S1015351	1	Port Input	15	86263	86207	1
S1015351	1	Port Input	14	86263	86207	1
S1015351	1	Port Input	15	86265	86209	1
S1015351	1	Port Input	14	86265	86209	1
S1015351	1	Port Input	15	86265	86209	1
S1015351	2	Port Input	14	101966	11843	1
S1015351	2	Response	100	101966	11843	1
S1015351	2	Port Input	15	101970	11848	3
S1015351	2	Port Input	14	101973	11850	1
S1015351	3	Port Input	15	108823	6827	7
S1015351	3	Port Input	14	120515	18518	8
S1015351	3	Response	100	120515	18518	8
S1015351	4	Port Input	15	128556	8018	7
S1015351	4	Port Input	14	128563	8025	1
S1015351	4	Port Input	15	128563	8026	8
S1015351	4	Port Input	14	139494	18956	7
S1015351	4	Response	100	139494	18956	8
S1015351	4	Port Input	15	139501	18963	8
S1015351	4	Port Input	14	139508	18970	1
S1015351	4	Port Input	15	139508	18970	1
S1015351	4	Port Input	14	139509	18971	4
S1015351	4	Port Input	15	139517	18979	1
S1015351	4	Port Input	14	139517	18979	1
S1015351	5	Port Input	15	147580	8015	8
S1015351	5	Port Input	14	158701	19136	7
S1015351	5	Response	100	158701	19136	8
S1015351	6	Port Input	15	166679	7948	7
S1015351	6	Port Input	14	178351	19620	8
S1015351	6	Response	100	178351	19620	8
S1015351	7	Port Input	15	185872	7489	8
S1015351	7	Port Input	14	196461	18078	8
S1015351	7	Response	100	196461	18078	8
S1015351	8	Port Input	15	204361	7854	7
S1015351	8	Port Input	14	216042	19535	8
S1015351	8	Response	100	216042	19535	8
S1015351	9	Port Input	15	223692	7602	8
S1015351	9	Port Input	14	234529	18439	1
S1015351	9	Response	100	234529	18439	1
S1015351	10	Port Input	15	242498	7937	7
S1015351	10	Port Input	14	253506	18944	7
S1015351	10	Response	100	253506	18944	8
S1015351	11	Port Input	15	260829	7240	7
S1015351	11	Port Input	14	271958	18370	8
S1015351	11	Response	100	271958	18370	8
S1015351	12	Port Input	15	278580	6589	8
S1015351	12	Port Input	14	289260	17269	8
S1015351	12	Response	100	289260	17269	8
