Scenario - Stim
Logfile written - 04/26/2022 16:52:00

Subject	Trial	Event Type	Code	Time	TTime	Uncertainty	Duration	Uncertainty	ReqTime	ReqDur	Stim Type	Pair Index

S1012371	1	Picture	start	69	0	1	5069	1	0	5000	other	0
S1012371	2	Sound	Ah	10085	15	254			0		other	0
S1012371	3	Sound	Ah	22570	0	5			0		other	0
S1012371	4	Sound	Ah	35890	0	5			0		other	0
S1012371	5	Sound	Ah	49631	0	5			0		other	0
S1012371	6	Sound	Ah	64801	0	5			0		other	0
S1012371	7	Sound	Ah	77891	0	5			0		other	0
S1012371	8	Sound	Ah	92552	0	5			0		other	0
S1012371	9	Sound	Ah	106922	0	5			0		other	0
S1012371	10	Sound	Ah	120402	0	5			0		other	0
S1012371	11	Sound	Ah	134073	0	5			0		other	0
S1012371	12	Sound	Ah	147423	0	5			0		other	0
S1012371	13	Sound	Ah	162163	0	5			0		other	0
S1012371	14	Sound	Ah	175933	0	5			0		other	0
S1012371	15	Sound	Ah	190554	0	5			0		other	0
S1012371	16	Sound	Ah	204744	0	5			0		other	0
S1012371	17	Sound	Ah	219364	0	5			0		other	0
S1012371	18	Sound	Ah	233535	0	5			0		other	0
S1012371	19	Sound	Ah	248175	0	5			0		other	0
S1012371	20	Sound	Ah	262165	0	5			0		other	0
S1012371	21	Sound	Ah	276526	0	5			0		other	0
S1012371	22	Sound	Ah	290576	0	5			0		other	0
S1012371	23	Sound	Ah	304486	0	5			0		other	0
S1012371	24	Sound	Ah	318237	0	5			0		other	0
S1012371	25	Sound	Ah	333167	0	5			0		other	0
S1012371	26	Sound	Ah	346707	0	5			0		other	0
S1012371	27	Sound	Ah	361728	0	5			0		other	0
S1012371	28	Sound	Ah	375558	0	5			0		other	0
S1012371	29	Sound	Ah	388828	0	5			0		other	0
S1012371	30	Sound	Ah	402708	0	5			0		other	0
S1012371	31	Sound	Ah	416029	0	5			0		other	0
S1012371	32	Sound	Ah	428959	0	5			0		other	0
S1012371	33	Sound	Ah	442829	0	5			0		other	0
S1012371	34	Sound	Ah	457510	0	5			0		other	0
S1012371	35	Sound	Ah	471830	0	5			0		other	0
S1012371	36	Sound	Ah	486490	0	5			0		other	0
S1012371	37	Sound	Ah	499821	0	6			0		other	0
S1012371	38	Sound	Ah	513901	0	5			0		other	0
S1012371	39	Sound	Ah	527611	0	5			0		other	0
S1012371	40	Sound	Ah	541212	0	5			0		other	0
S1012371	41	Sound	Ah	556152	0	5			0		other	0
S1012371	42	Sound	Ah	570332	0	5			0		other	0
S1012371	43	Sound	Ah	584272	0	5			0		other	0
S1012371	44	Sound	Ah	598533	0	5			0		other	0
S1012371	45	Sound	Ah	610883	0	5			0		other	0
S1012371	46	Sound	Ah	624473	0	5			0		other	0
S1012371	47	Sound	Ah	638214	0	5			0		other	0
S1012371	48	Sound	Ah	652284	0	5			0		other	0
S1012371	49	Sound	Ah	665804	0	5			0		other	0
S1012371	50	Sound	Ah	679475	0	5			0		other	0
S1012371	51	Sound	Ah	694165	0	5			0		other	0
S1012371	52	Sound	Ah	709505	0	5			0		other	0
S1012371	53	Sound	Ah	723996	0	5			0		other	0
S1012371	54	Sound	Ah	738766	0	5			0		other	0
S1012371	55	Sound	Ah	753326	0	5			0		other	0
S1012371	56	Sound	Ah	767846	0	5			0		other	0
S1012371	57	Sound	Ah	782487	0	5			0		other	0
S1012371	58	Sound	Ah	797047	0	5			0		other	0
S1012371	59	Sound	Ah	810997	0	5			0		other	0
S1012371	60	Sound	Ah	825888	0	5			0		other	0
S1012371	61	Sound	Ah	838978	0	5			0		other	0
S1012371	62	Sound	Ah	853398	0	5			0		other	0
S1012371	63	Sound	Ah	869929	0	5			0		other	0
S1012371	64	Sound	Ah	883249	0	5			0		other	0
S1012371	65	Sound	Ah	898269	0	5			0		other	0
S1012371	66	Sound	Ah	914039	0	5			0		other	0
S1012371	67	Sound	Ah	929890	0	5			0		other	0
S1012371	68	Sound	Ah	945500	0	5			0		other	0
S1012371	69	Sound	Ah	960390	0	5			0		other	0
S1012371	70	Sound	Ah	976081	0	5			0		other	0
S1012371	71	Sound	Ah	992331	0	5			0		other	0
S1012371	72	Sound	Ah	1007071	0	5			0		other	0
S1012371	73	Sound	Ah	1023082	0	5			0		other	0
S1012371	74	Sound	Ah	1037112	0	5			0		other	0
S1012371	75	Sound	Ah	1053202	0	5			0		other	0
S1012371	76	Sound	Ah	1067893	0	5			0		other	0
S1012371	77	Sound	Ah	1083173	0	5			0		other	0
S1012371	78	Sound	Ah	1098853	0	5			0		other	0
S1012371	79	Sound	Ah	1115094	0	5			0		other	0
S1012371	80	Sound	Ah	1130324	0	5			0		other	0
S1012371	81	Sound	Ah	1144734	0	5			0		other	0
S1012371	82	Sound	Ah	1158975	0	5			0		other	0
S1012371	83	Sound	Ah	1174595	0	5			0		other	0
S1012371	84	Sound	Ah	1188975	0	5			0		other	0
S1012371	85	Sound	Ah	1205136	0	5			0		other	0
S1012371	86	Sound	Ah	1222016	0	5			0		other	0
S1012371	87	Sound	Ah	1237566	0	5			0		other	0
S1012371	88	Sound	Ah	1252216	0	5			0		other	0
S1012371	89	Sound	Ah	1268687	0	5			0		other	0
S1012371	90	Sound	Ah	1283057	0	5			0		other	0
S1012371	91	Sound	Ah	1296907	0	5			0		other	0
S1012371	92	Sound	Ah	1312728	0	5			0		other	0
S1012371	93	Sound	Ah	1328208	0	6			0		other	0
S1012371	94	Sound	Ah	1343738	0	5			0		other	0
S1012371	95	Sound	Ah	1358299	0	5			0		other	0
S1012371	96	Sound	Ah	1373879	0	5			0		other	0
S1012371	97	Sound	Ah	1389969	0	5			0		other	0
S1012371	98	Sound	Ah	1406339	0	5			0		other	0
