Scenario - Button
Logfile written - 11/10/2023 12:42:16

Subject	Trial	Event Type	Code	Time	TTime	Uncertainty	Duration	Uncertainty	ReqTime	ReqDur	Stim Type	Pair Index

S1012632	1	Picture	start	77	0	1	40554	1	0	next	other	0
S1012632	3	Picture	20	45145	0	1	16666	1	0	next	hit	4
S1012632	3	Port Input	14	61735	16590	1
S1012632	3	Response	22	61735	16590	1
S1012632	3	Port Input	15	61735	16590	1
S1012632	3	Port Input	14	61736	16591	5
S1012632	4	Picture	20	61811	0	1	27360	1	0	next	hit	32
S1012632	4	Port Input	15	65396	3585	1
S1012632	4	Port Input	14	65396	3585	1
S1012632	4	Port Input	15	65397	3586	1
S1012632	4	Port Input	14	65397	3586	1
S1012632	4	Port Input	15	65397	3586	1
S1012632	4	Port Input	14	65397	3586	1
S1012632	4	Port Input	15	65398	3587	1
S1012632	4	Port Input	14	65398	3587	1
S1012632	4	Port Input	15	65399	3588	1
S1012632	4	Port Input	14	65399	3588	1
S1012632	4	Port Input	15	65399	3588	1
S1012632	4	Port Input	14	65399	3588	1
S1012632	4	Port Input	15	65401	3590	1
S1012632	4	Port Input	14	65401	3590	1
S1012632	4	Port Input	15	65401	3590	1
S1012632	4	Port Input	14	65401	3590	1
S1012632	4	Port Input	15	65402	3591	1
S1012632	4	Port Input	14	65402	3591	1
S1012632	4	Port Input	15	65402	3591	1
S1012632	4	Port Input	14	65402	3591	1
S1012632	4	Port Input	15	65402	3591	1
S1012632	4	Port Input	14	65402	3591	1
S1012632	4	Port Input	15	65402	3591	1
S1012632	4	Port Input	14	89130	27319	1
S1012632	4	Response	22	89130	27319	1
S1012632	4	Port Input	15	89130	27319	1
S1012632	4	Port Input	14	89131	27320	1
S1012632	5	Picture	20	89171	0	1	14583	1	0	next	hit	50
S1012632	5	Port Input	15	92796	3625	1
S1012632	5	Port Input	14	92796	3625	1
S1012632	5	Port Input	15	92796	3625	1
S1012632	5	Port Input	14	92796	3625	1
S1012632	5	Port Input	15	92796	3625	1
S1012632	5	Port Input	14	92796	3625	1
S1012632	5	Port Input	15	92796	3625	1
S1012632	5	Port Input	14	92797	3625	1
S1012632	5	Port Input	15	92797	3626	1
S1012632	5	Port Input	14	92797	3626	1
S1012632	5	Port Input	15	92797	3626	1
S1012632	5	Port Input	14	92797	3626	1
S1012632	5	Port Input	15	92797	3626	1
S1012632	5	Port Input	14	103730	14559	1
S1012632	5	Response	22	103730	14559	1
S1012632	5	Port Input	15	103731	14559	1
S1012632	5	Port Input	14	103736	14565	1
S1012632	5	Port Input	15	103736	14565	1
S1012632	5	Port Input	14	103737	14565	1
S1012632	5	Port Input	15	103737	14566	1
S1012632	5	Port Input	14	103737	14566	1
S1012632	5	Port Input	15	103739	14568	1
S1012632	5	Port Input	14	103739	14568	1
S1012632	5	Port Input	15	103739	14568	1
S1012632	5	Port Input	14	103739	14568	1
S1012632	5	Port Input	15	103741	14570	1
S1012632	5	Port Input	14	103741	14570	1
S1012632	6	Picture	20	103754	0	1	12986	1	0	next	hit	70
S1012632	6	Port Input	15	107012	3258	1
S1012632	6	Port Input	14	107012	3258	1
S1012632	6	Port Input	15	107018	3264	1
S1012632	6	Port Input	14	107018	3264	1
S1012632	6	Port Input	15	107018	3264	1
S1012632	6	Port Input	14	116703	12950	1
S1012632	6	Response	22	116703	12950	1
S1012632	6	Port Input	15	116703	12950	1
S1012632	6	Port Input	14	116704	12950	1
S1012632	6	Port Input	15	116704	12950	1
S1012632	6	Port Input	14	116705	12951	4
S1012632	6	Port Input	15	116710	12956	1
S1012632	6	Port Input	14	116710	12956	1
S1012632	6	Port Input	15	116715	12961	1
S1012632	6	Port Input	14	116715	12961	1
S1012632	6	Port Input	15	116717	12963	1
S1012632	6	Port Input	14	116717	12963	1
S1012632	7	Picture	20	116740	0	1	11805	1	0	next	hit	92
S1012632	7	Port Input	15	119892	3153	1
S1012632	7	Port Input	14	119892	3153	1
S1012632	7	Port Input	15	119892	3153	1
S1012632	7	Port Input	14	119892	3153	1
S1012632	7	Port Input	15	119893	3153	1
S1012632	7	Port Input	14	119893	3153	1
S1012632	7	Port Input	15	119893	3153	1
S1012632	7	Port Input	14	119893	3154	1
S1012632	7	Port Input	15	119893	3154	1
S1012632	7	Port Input	14	128511	11771	1
S1012632	7	Response	22	128511	11771	1
S1012632	7	Port Input	15	128511	11771	1
S1012632	7	Port Input	14	128512	11772	3
S1012632	8	Picture	20	128545	0	1	12222	1	0	next	hit	120
S1012632	8	Port Input	15	131678	3133	1
S1012632	8	Port Input	14	131678	3133	1
S1012632	8	Port Input	15	131678	3133	1
S1012632	8	Port Input	14	131678	3133	1
S1012632	8	Port Input	15	131678	3134	1
S1012632	8	Port Input	14	131678	3134	1
S1012632	8	Port Input	15	131679	3134	1
S1012632	8	Port Input	14	131679	3134	1
S1012632	8	Port Input	15	131679	3134	1
S1012632	8	Port Input	14	131679	3135	1
S1012632	8	Port Input	15	131680	3135	1
S1012632	8	Port Input	14	131680	3135	1
S1012632	8	Port Input	15	131680	3135	1
S1012632	8	Port Input	14	131680	3135	1
S1012632	8	Port Input	15	131680	3136	1
S1012632	8	Port Input	14	131680	3136	1
S1012632	8	Port Input	15	131680	3136	1
S1012632	8	Port Input	14	131680	3136	1
S1012632	8	Port Input	15	131681	3137	1
S1012632	8	Port Input	14	131682	3137	1
S1012632	8	Port Input	15	131682	3137	1
S1012632	8	Port Input	14	131682	3137	1
S1012632	8	Port Input	15	131682	3137	1
S1012632	8	Port Input	14	140692	12147	1
S1012632	8	Response	22	140692	12147	1
S1012632	8	Port Input	15	140692	12148	1
S1012632	8	Port Input	14	140692	12148	1
S1012632	9	Picture	20	140766	0	1	13611	1	0	next	hit	174
S1012632	9	Port Input	15	143846	3079	1
S1012632	9	Port Input	14	143846	3079	1
S1012632	9	Port Input	15	143846	3080	1
S1012632	9	Port Input	14	143846	3080	1
S1012632	9	Port Input	15	143847	3080	1
S1012632	9	Port Input	14	143847	3080	1
S1012632	9	Port Input	15	143847	3080	1
S1012632	9	Port Input	14	143847	3080	1
S1012632	9	Port Input	15	143847	3081	1
S1012632	9	Port Input	14	143847	3081	1
S1012632	9	Port Input	15	143847	3081	1
S1012632	9	Port Input	14	143847	3081	1
S1012632	9	Port Input	15	143848	3082	1
S1012632	9	Port Input	14	143848	3082	1
S1012632	9	Port Input	15	143848	3082	1
S1012632	9	Port Input	14	143849	3082	1
S1012632	9	Port Input	15	143849	3083	1
S1012632	9	Port Input	14	143849	3083	1
S1012632	9	Port Input	15	143849	3083	1
S1012632	9	Port Input	14	143849	3083	1
S1012632	9	Port Input	15	143849	3083	1
S1012632	9	Port Input	14	143849	3083	1
S1012632	9	Port Input	15	143850	3083	1
S1012632	9	Port Input	14	143850	3083	1
S1012632	9	Port Input	15	143850	3084	1
S1012632	9	Port Input	14	143850	3084	1
S1012632	9	Port Input	15	143850	3084	1
S1012632	9	Port Input	14	143850	3084	1
S1012632	9	Port Input	15	143851	3084	1
S1012632	9	Port Input	14	143851	3084	1
S1012632	9	Port Input	15	143851	3085	1
S1012632	9	Port Input	14	143851	3085	1
S1012632	9	Port Input	15	143851	3085	1
S1012632	9	Port Input	14	143851	3085	1
S1012632	9	Port Input	15	143851	3085	1
S1012632	9	Port Input	14	143851	3085	1
S1012632	9	Port Input	15	143851	3085	1
S1012632	9	Port Input	14	143851	3085	1
S1012632	9	Port Input	15	143851	3085	1
S1012632	9	Port Input	14	143852	3085	1
S1012632	9	Port Input	15	143852	3086	1
S1012632	9	Port Input	14	143852	3086	1
S1012632	9	Port Input	15	143852	3086	1
S1012632	9	Port Input	14	143853	3086	1
S1012632	9	Port Input	15	143853	3086	1
S1012632	9	Port Input	14	143853	3086	1
S1012632	9	Port Input	15	143853	3087	1
S1012632	9	Port Input	14	143853	3087	1
S1012632	9	Port Input	15	143854	3087	1
S1012632	9	Port Input	14	154362	13595	1
S1012632	9	Response	22	154362	13595	1
S1012632	9	Port Input	15	154362	13596	1
S1012632	9	Port Input	14	154368	13601	1
S1012632	9	Port Input	15	154373	13606	1
S1012632	9	Port Input	14	154373	13607	1
S1012632	10	Picture	20	154377	0	1	11875	1	0	next	hit	198
S1012632	10	Port Input	15	157472	3095	1
S1012632	10	Port Input	14	157472	3095	1
S1012632	10	Port Input	15	157472	3095	1
S1012632	10	Port Input	14	157472	3095	1
S1012632	10	Port Input	15	157473	3096	1
S1012632	10	Port Input	14	157473	3096	1
S1012632	10	Port Input	15	157474	3097	1
S1012632	10	Port Input	14	157474	3097	1
S1012632	10	Port Input	15	157474	3097	1
S1012632	10	Port Input	14	157474	3097	1
S1012632	10	Port Input	15	157474	3097	1
S1012632	10	Port Input	14	157474	3097	1
S1012632	10	Port Input	15	157474	3097	1
S1012632	10	Port Input	14	157474	3097	1
S1012632	10	Port Input	15	157475	3098	1
S1012632	10	Port Input	14	157475	3098	1
S1012632	10	Port Input	15	157475	3098	1
S1012632	10	Port Input	14	166203	11826	1
S1012632	10	Response	22	166203	11826	1
S1012632	10	Port Input	15	166203	11826	1
S1012632	10	Port Input	14	166203	11826	1
S1012632	11	Picture	20	166252	0	1	12152	1	0	next	hit	236
S1012632	11	Port Input	15	169585	3334	1
S1012632	11	Port Input	14	169585	3334	1
S1012632	11	Port Input	15	169585	3334	1
S1012632	11	Port Input	14	169585	3334	1
S1012632	11	Port Input	15	169586	3334	1
S1012632	11	Port Input	14	169586	3334	1
S1012632	11	Port Input	15	169587	3335	1
S1012632	11	Port Input	14	169587	3335	1
S1012632	11	Port Input	15	169587	3335	1
S1012632	11	Port Input	14	169587	3335	1
S1012632	11	Port Input	15	169587	3335	1
S1012632	11	Port Input	14	169587	3335	1
S1012632	11	Port Input	15	169587	3336	1
S1012632	11	Port Input	14	169587	3336	1
S1012632	11	Port Input	15	169587	3336	1
S1012632	11	Port Input	14	169587	3336	1
S1012632	11	Port Input	15	169587	3336	1
S1012632	11	Port Input	14	169588	3336	1
S1012632	11	Port Input	15	169588	3336	1
S1012632	11	Port Input	14	169588	3336	1
S1012632	11	Port Input	15	169588	3336	1
S1012632	11	Port Input	14	169588	3336	1
S1012632	11	Port Input	15	169588	3337	1
S1012632	11	Port Input	14	169588	3337	1
S1012632	11	Port Input	15	169588	3337	1
S1012632	11	Port Input	14	169589	3337	1
S1012632	11	Port Input	15	169589	3337	1
S1012632	11	Port Input	14	169589	3338	1
S1012632	11	Port Input	15	169589	3338	1
S1012632	11	Port Input	14	169589	3338	1
S1012632	11	Port Input	15	169589	3338	1
S1012632	11	Port Input	14	169589	3338	1
S1012632	11	Port Input	15	169590	3338	1
S1012632	11	Port Input	14	178383	12132	1
S1012632	11	Response	22	178383	12132	1
S1012632	11	Port Input	15	178383	12132	1
S1012632	11	Port Input	14	178384	12132	1
S1012632	11	Port Input	15	178384	12132	1
S1012632	11	Port Input	14	178384	12133	7
S1012632	11	Port Input	15	178391	12139	1
S1012632	11	Port Input	14	178391	12139	1
S1012632	11	Port Input	15	178393	12141	1
S1012632	11	Port Input	14	178393	12142	1
S1012632	11	Port Input	15	178393	12142	1
S1012632	11	Port Input	14	178393	12142	1
S1012632	11	Port Input	15	178393	12142	1
S1012632	11	Port Input	14	178393	12142	1
S1012632	12	Picture	20	178404	0	1	12152	1	0	next	hit	258
S1012632	12	Port Input	15	181336	2932	1
S1012632	12	Port Input	14	181336	2932	1
S1012632	12	Port Input	15	181336	2932	1
S1012632	12	Port Input	14	181336	2932	1
S1012632	12	Port Input	15	181336	2932	1
S1012632	12	Port Input	14	181336	2932	1
S1012632	12	Port Input	15	181336	2932	1
S1012632	12	Port Input	14	190533	12129	1
S1012632	12	Response	22	190533	12129	1
S1012632	12	Port Input	15	190533	12129	1
S1012632	12	Port Input	14	190534	12130	2
S1012632	13	Picture	20	190556	0	1	11875	1	0	next	hit	268
S1012632	13	Port Input	15	193585	3029	1
S1012632	13	Port Input	14	193585	3029	1
S1012632	13	Port Input	15	193585	3029	1
S1012632	13	Port Input	14	193585	3029	1
S1012632	13	Port Input	15	193585	3029	1
S1012632	13	Port Input	14	202368	11812	1
S1012632	13	Response	22	202368	11812	1
S1012632	13	Port Input	15	202368	11812	1
S1012632	13	Port Input	14	202368	11812	1
S1012632	14	Picture	20	202431	0	1	11666	1	0	next	hit	284
S1012632	14	Port Input	15	205251	2821	1
S1012632	14	Port Input	14	205251	2821	1
S1012632	14	Port Input	15	205252	2821	1
S1012632	14	Port Input	14	205252	2821	1
S1012632	14	Port Input	15	205253	2822	1
S1012632	14	Port Input	14	205253	2822	1
S1012632	14	Port Input	15	205253	2822	1
S1012632	14	Port Input	14	205253	2822	1
S1012632	14	Port Input	15	205253	2822	1
S1012632	14	Port Input	14	205253	2823	1
S1012632	14	Port Input	15	205253	2823	1
S1012632	14	Port Input	14	214079	11649	1
S1012632	14	Response	22	214079	11649	1
S1012632	15	Picture	20	214097	0	1	12013	1	0	next	hit	290
S1012632	15	Port Input	15	217044	2947	1
S1012632	15	Port Input	14	217044	2947	1
S1012632	15	Port Input	15	217044	2947	1
S1012632	15	Port Input	14	226072	11975	1
S1012632	15	Response	22	226072	11975	1
S1012632	15	Port Input	15	226072	11975	1
S1012632	15	Port Input	14	226072	11975	1
S1012632	16	Picture	20	226110	0	1	11944	1	0	next	hit	298
S1012632	16	Port Input	15	229027	2917	1
S1012632	16	Port Input	14	229027	2917	1
S1012632	16	Port Input	15	229027	2917	1
S1012632	16	Port Input	14	237989	11879	1
S1012632	16	Response	22	237989	11879	1
S1012632	16	Port Input	15	237989	11879	1
S1012632	16	Port Input	14	237989	11879	1
S1012632	17	Picture	20	238054	0	1	12500	1	0	next	hit	306
S1012632	17	Port Input	15	240945	2890	1
S1012632	17	Port Input	14	240945	2890	1
S1012632	17	Port Input	15	240945	2891	1
S1012632	17	Port Input	14	250494	12440	1
S1012632	17	Response	22	250494	12440	1
S1012632	17	Port Input	15	250504	12450	1
S1012632	17	Port Input	14	250504	12450	1
S1012632	17	Port Input	15	250508	12454	1
S1012632	17	Port Input	14	250508	12454	1
S1012632	17	Port Input	15	250508	12454	1
S1012632	17	Port Input	14	250508	12454	1
S1012632	18	Picture	20	250554	0	1	12638	1	0	next	hit	318
S1012632	18	Port Input	15	253729	3176	1
S1012632	18	Port Input	14	253729	3176	1
S1012632	18	Port Input	15	253730	3176	1
S1012632	18	Port Input	14	263124	12570	1
S1012632	18	Response	22	263124	12570	1
S1012632	19	Picture	20	263192	0	1	11319	1	0	next	hit	326
S1012632	19	Port Input	15	265815	2622	1
S1012632	19	Port Input	14	265815	2622	1
S1012632	19	Port Input	15	265815	2623	1
S1012632	19	Port Input	14	265815	2623	1
S1012632	19	Port Input	15	265815	2623	1
S1012632	19	Port Input	14	274475	11283	1
S1012632	19	Response	22	274475	11283	1
S1012632	19	Port Input	15	274481	11288	1
S1012632	19	Port Input	14	274481	11289	1
S1012632	19	Port Input	15	274482	11290	1
S1012632	19	Port Input	14	274482	11290	1
S1012632	19	Port Input	15	274482	11290	1
S1012632	19	Port Input	14	274482	11290	1
S1012632	19	Port Input	15	274483	11291	1
S1012632	19	Port Input	14	274483	11291	1
S1012632	19	Port Input	15	274484	11291	1
S1012632	19	Port Input	14	274484	11291	1
S1012632	20	Picture	20	274511	0	1	11458	1	0	next	hit	340
S1012632	20	Port Input	15	277313	2801	1
S1012632	20	Port Input	14	285921	11409	1
S1012632	20	Response	22	285921	11409	1
S1012632	20	Port Input	15	285921	11409	1
S1012632	20	Port Input	14	285921	11410	1
S1012632	21	Picture	20	285969	0	1	11875	1	0	next	hit	362
S1012632	21	Port Input	15	288992	3023	1
S1012632	21	Port Input	14	288992	3023	1
S1012632	21	Port Input	15	288993	3023	1
S1012632	21	Port Input	14	288993	3023	1
S1012632	21	Port Input	15	288993	3024	1
S1012632	21	Port Input	14	288993	3024	1
S1012632	21	Port Input	15	288993	3024	1
S1012632	21	Port Input	14	288993	3024	1
S1012632	21	Port Input	15	288993	3024	1
S1012632	21	Port Input	14	288993	3024	1
S1012632	21	Port Input	15	288993	3024	1
S1012632	21	Port Input	14	288994	3024	1
S1012632	21	Port Input	15	288994	3025	1
S1012632	21	Port Input	14	288994	3025	1
S1012632	21	Port Input	15	288994	3025	1
S1012632	21	Port Input	14	288994	3025	1
S1012632	21	Port Input	15	288994	3025	1
S1012632	21	Port Input	14	297831	11862	1
S1012632	21	Response	22	297831	11862	1
S1012632	21	Port Input	15	297831	11862	1
S1012632	21	Port Input	14	297832	11863	5
S1012632	22	Picture	20	297844	0	1	11805	1	0	next	hit	370
S1012632	22	Port Input	15	300679	2835	1
S1012632	22	Port Input	14	300679	2835	1
S1012632	22	Port Input	15	300679	2835	1
S1012632	22	Port Input	14	309596	11752	1
S1012632	22	Response	22	309596	11752	1
S1012632	22	Port Input	15	309596	11752	1
S1012632	22	Port Input	14	309596	11752	1
S1012632	23	Picture	20	309649	0	1	12013	1	0	next	hit	384
S1012632	23	Port Input	15	312718	3069	1
S1012632	23	Port Input	14	312718	3069	1
S1012632	23	Port Input	15	312718	3069	1
S1012632	23	Port Input	14	312718	3069	1
S1012632	23	Port Input	15	312718	3069	1
S1012632	23	Port Input	14	312718	3069	1
S1012632	23	Port Input	15	312718	3069	1
S1012632	23	Port Input	14	312718	3069	1
S1012632	23	Port Input	15	312718	3070	1
S1012632	23	Port Input	14	321653	12004	1
S1012632	23	Response	22	321653	12004	1
S1012632	23	Port Input	15	321654	12005	1
S1012632	23	Port Input	14	321654	12006	4
S1012632	24	Picture	20	321662	0	1	11805	1	0	next	hit	392
S1012632	24	Port Input	15	324728	3066	1
S1012632	24	Port Input	14	324728	3066	1
S1012632	24	Port Input	15	324729	3066	1
S1012632	24	Port Input	14	333405	11743	1
S1012632	24	Response	22	333405	11743	1
S1012632	24	Port Input	15	333405	11743	1
S1012632	24	Port Input	14	333405	11743	1
S1012632	25	Picture	20	333467	0	1	11875	1	0	next	hit	402
S1012632	25	Port Input	15	336531	3064	1
S1012632	25	Port Input	14	336531	3064	1
S1012632	25	Port Input	15	336531	3064	1
S1012632	25	Port Input	14	336531	3064	1
S1012632	25	Port Input	15	336531	3064	1
S1012632	25	Port Input	14	345324	11857	1
S1012632	25	Response	22	345324	11857	1
S1012632	25	Port Input	15	345324	11857	1
S1012632	25	Port Input	14	345325	11857	1
S1012632	26	Picture	20	345342	0	1	11527	1	0	next	hit	408
S1012632	26	Port Input	15	348522	3180	1
S1012632	26	Port Input	14	356860	11518	1
S1012632	26	Response	22	356860	11518	1
S1012632	26	Port Input	15	356861	11519	1
S1012632	26	Port Input	14	356861	11519	1
S1012632	27	Picture	20	356869	0	1	11875	1	0	next	hit	414
S1012632	27	Port Input	15	359856	2987	1
S1012632	27	Port Input	14	368684	11815	1
S1012632	27	Response	22	368684	11815	1
S1012632	27	Port Input	15	368684	11815	1
S1012632	27	Port Input	14	368686	11816	5
S1012632	28	Picture	20	368744	0	1	11527	1	0	next	hit	422
S1012632	28	Port Input	15	371967	3224	1
S1012632	28	Port Input	14	371967	3224	1
S1012632	28	Port Input	15	371968	3224	1
S1012632	28	Port Input	14	380240	11496	1
S1012632	28	Response	22	380240	11496	1
S1012632	28	Port Input	15	380240	11496	2
S1012632	28	Port Input	14	380242	11498	5
S1012632	29	Picture	20	380271	0	1	12152	1	0	next	hit	450
S1012632	29	Port Input	15	383126	2854	1
S1012632	29	Port Input	14	383126	2854	1
S1012632	29	Port Input	15	383127	2856	1
S1012632	29	Port Input	14	383127	2856	1
S1012632	29	Port Input	15	383127	2856	1
S1012632	29	Port Input	14	383127	2856	1
S1012632	29	Port Input	15	383127	2856	1
S1012632	29	Port Input	14	383127	2856	1
S1012632	29	Port Input	15	383128	2856	1
S1012632	29	Port Input	14	383128	2857	1
S1012632	29	Port Input	15	383128	2857	1
S1012632	29	Port Input	14	383128	2857	1
S1012632	29	Port Input	15	383128	2857	1
S1012632	29	Port Input	14	383128	2857	1
S1012632	29	Port Input	15	383129	2857	1
S1012632	29	Port Input	14	383129	2857	1
S1012632	29	Port Input	15	383129	2858	1
S1012632	29	Port Input	14	383129	2858	1
S1012632	29	Port Input	15	383129	2858	1
S1012632	29	Port Input	14	383129	2858	1
S1012632	29	Port Input	15	383129	2858	1
S1012632	29	Port Input	14	383129	2858	1
S1012632	29	Port Input	15	383130	2858	1
S1012632	29	Port Input	14	392366	12095	1
S1012632	29	Response	22	392366	12095	1
S1012632	29	Port Input	15	392367	12096	1
S1012632	29	Port Input	14	392368	12096	7
S1012632	30	Picture	20	392423	0	1	11736	1	0	next	hit	476
S1012632	30	Port Input	15	395471	3047	1
S1012632	30	Port Input	14	395471	3047	1
S1012632	30	Port Input	15	395471	3048	1
S1012632	30	Port Input	14	395472	3048	1
S1012632	30	Port Input	15	395472	3049	1
S1012632	30	Port Input	14	395472	3049	1
S1012632	30	Port Input	15	395472	3049	1
S1012632	30	Port Input	14	395472	3049	1
S1012632	30	Port Input	15	395473	3049	1
S1012632	30	Port Input	14	395473	3050	1
S1012632	30	Port Input	15	395474	3050	1
S1012632	30	Port Input	14	395474	3050	1
S1012632	30	Port Input	15	395474	3050	1
S1012632	30	Port Input	14	395474	3051	1
S1012632	30	Port Input	15	395474	3051	1
S1012632	30	Port Input	14	395474	3051	1
S1012632	30	Port Input	15	395475	3052	1
S1012632	30	Port Input	14	395475	3052	1
S1012632	30	Port Input	15	395476	3052	1
S1012632	30	Port Input	14	395476	3052	1
S1012632	30	Port Input	15	395476	3052	1
S1012632	30	Port Input	14	404129	11706	1
S1012632	30	Response	22	404129	11706	1
S1012632	30	Port Input	15	404130	11707	1
S1012632	30	Port Input	14	404131	11707	3
S1012632	31	Picture	20	404159	0	1	11736	1	0	next	hit	494
S1012632	31	Port Input	15	407029	2870	1
S1012632	31	Port Input	14	407029	2870	1
S1012632	31	Port Input	15	407029	2870	1
S1012632	31	Port Input	14	407029	2870	1
S1012632	31	Port Input	15	407030	2870	1
S1012632	31	Port Input	14	407030	2870	1
S1012632	31	Port Input	15	407030	2870	1
S1012632	31	Port Input	14	407030	2871	1
S1012632	31	Port Input	15	407030	2871	1
S1012632	31	Port Input	14	407030	2871	1
S1012632	31	Port Input	15	407030	2871	1
S1012632	31	Port Input	14	407030	2871	1
S1012632	31	Port Input	15	407030	2871	1
S1012632	31	Port Input	14	415886	11727	1
S1012632	31	Response	22	415886	11727	1
S1012632	31	Port Input	15	415887	11728	1
S1012632	31	Port Input	14	415887	11728	1
S1012632	32	Picture	20	415895	0	1	12291	1	0	next	hit	518
S1012632	32	Port Input	15	419116	3222	1
S1012632	32	Port Input	14	419116	3222	1
S1012632	32	Port Input	15	419117	3222	1
S1012632	32	Port Input	14	419117	3222	1
S1012632	32	Port Input	15	419117	3222	1
S1012632	32	Port Input	14	419117	3222	1
S1012632	32	Port Input	15	419117	3222	1
S1012632	32	Port Input	14	419117	3222	1
S1012632	32	Port Input	15	419122	3227	1
S1012632	32	Port Input	14	419122	3227	1
S1012632	32	Port Input	15	419122	3227	1
S1012632	32	Port Input	14	419122	3227	1
S1012632	32	Port Input	15	419123	3228	1
S1012632	32	Port Input	14	419123	3228	1
S1012632	32	Port Input	15	419123	3228	1
S1012632	32	Port Input	14	419123	3228	1
S1012632	32	Port Input	15	419123	3228	1
S1012632	32	Port Input	14	419123	3228	1
S1012632	32	Port Input	15	419123	3228	1
S1012632	32	Port Input	14	428141	12246	1
S1012632	32	Response	22	428141	12246	1
S1012632	32	Port Input	15	428141	12247	1
S1012632	32	Port Input	14	428142	12247	1
S1012632	32	Port Input	15	428147	12252	1
S1012632	32	Port Input	14	428147	12252	1
S1012632	33	Picture	20	428186	0	1	11944	1	0	next	hit	538
S1012632	33	Port Input	15	431279	3093	1
S1012632	33	Port Input	14	431279	3093	1
S1012632	33	Port Input	15	431279	3093	1
S1012632	33	Port Input	14	431279	3093	1
S1012632	33	Port Input	15	431280	3094	1
S1012632	33	Port Input	14	431280	3094	1
S1012632	33	Port Input	15	431280	3094	1
S1012632	33	Port Input	14	431281	3095	1
S1012632	33	Port Input	15	431281	3095	1
S1012632	33	Port Input	14	431281	3095	1
S1012632	33	Port Input	15	431281	3095	1
S1012632	33	Port Input	14	431282	3096	1
S1012632	33	Port Input	15	431282	3096	1
S1012632	33	Port Input	14	440078	11892	1
S1012632	33	Response	22	440078	11892	1
S1012632	34	Picture	20	440130	0	1	12222	1	0	next	hit	562
S1012632	34	Port Input	15	442964	2834	1
S1012632	34	Port Input	14	442964	2834	1
S1012632	34	Port Input	15	442964	2834	1
S1012632	34	Port Input	14	442964	2834	1
S1012632	34	Port Input	15	442966	2836	1
S1012632	34	Port Input	14	442966	2836	1
S1012632	34	Port Input	15	442966	2836	1
S1012632	34	Port Input	14	442966	2836	1
S1012632	34	Port Input	15	442966	2836	1
S1012632	34	Port Input	14	442966	2836	1
S1012632	34	Port Input	15	442966	2836	1
S1012632	34	Port Input	14	442967	2837	1
S1012632	34	Port Input	15	442967	2837	1
S1012632	34	Port Input	14	442967	2837	1
S1012632	34	Port Input	15	442968	2838	1
S1012632	34	Port Input	14	442968	2838	1
S1012632	34	Port Input	15	442969	2839	1
S1012632	34	Port Input	14	442970	2840	1
S1012632	34	Port Input	15	442970	2840	1
S1012632	34	Port Input	14	442971	2841	1
S1012632	34	Port Input	15	442971	2841	1
S1012632	34	Port Input	14	452288	12158	1
S1012632	34	Response	22	452288	12158	1
S1012632	35	Picture	20	452352	0	1	11597	1	0	next	hit	578
S1012632	35	Port Input	15	455245	2893	1
S1012632	35	Port Input	14	455246	2894	1
S1012632	35	Port Input	15	455246	2894	1
S1012632	35	Port Input	14	455246	2894	1
S1012632	35	Port Input	15	455246	2894	1
S1012632	35	Port Input	14	455246	2894	1
S1012632	35	Port Input	15	455246	2895	1
S1012632	35	Port Input	14	455246	2895	1
S1012632	35	Port Input	15	455247	2895	1
S1012632	35	Port Input	14	455247	2895	1
S1012632	35	Port Input	15	455247	2895	1
S1012632	35	Port Input	14	455247	2895	1
S1012632	35	Port Input	15	455247	2895	1
S1012632	35	Port Input	14	463912	11560	1
S1012632	35	Response	22	463912	11560	1
S1012632	35	Port Input	15	463913	11561	1
S1012632	35	Port Input	14	463913	11561	1
S1012632	36	Picture	20	463949	0	1	11597	1	0	next	hit	598
S1012632	36	Port Input	15	467371	3423	1
S1012632	36	Port Input	14	467371	3423	1
S1012632	36	Port Input	15	467371	3423	1
S1012632	36	Port Input	14	467371	3423	1
S1012632	36	Port Input	15	467371	3423	1
S1012632	36	Port Input	14	467375	3426	1
S1012632	36	Port Input	15	467375	3426	1
S1012632	36	Port Input	14	467375	3426	1
S1012632	36	Port Input	15	467375	3426	1
S1012632	36	Port Input	14	467375	3426	1
S1012632	36	Port Input	15	467375	3427	1
S1012632	36	Port Input	14	467375	3427	1
S1012632	36	Port Input	15	467375	3427	1
S1012632	36	Port Input	14	467376	3427	1
S1012632	36	Port Input	15	467376	3427	1
S1012632	36	Port Input	14	475510	11561	1
S1012632	36	Response	22	475510	11561	1
S1012632	36	Port Input	15	475510	11561	1
S1012632	36	Port Input	14	475510	11562	1
S1012632	37	Picture	20	475545	0	1	11319	1	0	next	hit	612
S1012632	37	Port Input	15	478794	3249	1
S1012632	37	Port Input	14	478794	3249	1
S1012632	37	Port Input	15	478794	3249	1
S1012632	37	Port Input	14	478794	3249	1
S1012632	37	Port Input	15	478795	3249	1
S1012632	37	Port Input	14	478795	3249	1
S1012632	37	Port Input	15	478795	3249	1
S1012632	37	Port Input	14	478796	3251	1
S1012632	37	Port Input	15	478797	3251	1
S1012632	37	Port Input	14	486800	11255	1
S1012632	37	Response	22	486800	11255	1
S1012632	37	Port Input	15	486800	11255	1
S1012632	37	Port Input	14	486800	11255	1
S1012632	37	Port Input	15	486800	11255	1
S1012632	37	Port Input	14	486801	11256	5
S1012632	38	Picture	20	486864	0	1	11666	1	0	next	hit	654
S1012632	38	Port Input	15	490094	3230	1
S1012632	38	Port Input	14	490094	3230	1
S1012632	38	Port Input	15	490095	3230	1
S1012632	38	Port Input	14	490095	3230	1
S1012632	38	Port Input	15	490095	3230	1
S1012632	38	Port Input	14	490095	3230	1
S1012632	38	Port Input	15	490096	3231	1
S1012632	38	Port Input	14	490096	3232	1
S1012632	38	Port Input	15	490096	3232	1
S1012632	38	Port Input	14	490096	3232	1
S1012632	38	Port Input	15	490096	3232	1
S1012632	38	Port Input	14	490096	3232	1
S1012632	38	Port Input	15	490096	3232	1
S1012632	38	Port Input	14	490096	3232	1
S1012632	38	Port Input	15	490097	3232	1
S1012632	38	Port Input	14	490097	3232	1
S1012632	38	Port Input	15	490097	3232	1
S1012632	38	Port Input	14	490097	3232	1
S1012632	38	Port Input	15	490097	3233	1
S1012632	38	Port Input	14	490097	3233	1
S1012632	38	Port Input	15	490098	3233	1
S1012632	38	Port Input	14	490098	3233	1
S1012632	38	Port Input	15	490098	3233	1
S1012632	38	Port Input	14	490098	3233	1
S1012632	38	Port Input	15	490098	3234	1
S1012632	38	Port Input	14	490098	3234	1
S1012632	38	Port Input	15	490098	3234	1
S1012632	38	Port Input	14	490098	3234	1
S1012632	38	Port Input	15	490099	3234	1
S1012632	38	Port Input	14	490099	3234	1
S1012632	38	Port Input	15	490100	3235	1
S1012632	38	Port Input	14	490100	3235	1
S1012632	38	Port Input	15	490100	3235	1
S1012632	38	Port Input	14	490100	3235	1
S1012632	38	Port Input	15	490100	3236	1
S1012632	38	Port Input	14	498501	11637	1
S1012632	38	Response	22	498501	11637	1
S1012632	38	Port Input	15	498502	11637	1
S1012632	38	Port Input	14	498502	11638	5
S1012632	39	Picture	20	498531	0	1	12083	1	0	next	hit	670
S1012632	39	Port Input	15	502041	3510	1
S1012632	39	Port Input	14	502041	3510	1
S1012632	39	Port Input	15	502041	3511	1
S1012632	39	Port Input	14	502041	3511	1
S1012632	39	Port Input	15	502042	3511	1
S1012632	39	Port Input	14	502043	3512	1
S1012632	39	Port Input	15	502043	3513	1
S1012632	39	Port Input	14	502043	3513	1
S1012632	39	Port Input	15	502044	3513	1
S1012632	39	Port Input	14	502044	3514	1
S1012632	39	Port Input	15	502045	3514	1
S1012632	39	Port Input	14	510587	12057	1
S1012632	39	Response	22	510587	12057	1
S1012632	40	Picture	20	510613	0	1	11527	1	0	next	hit	734
S1012632	40	Port Input	15	513909	3295	1
S1012632	40	Port Input	14	513909	3295	1
S1012632	40	Port Input	15	513909	3296	1
S1012632	40	Port Input	14	513909	3296	1
S1012632	40	Port Input	15	513910	3297	1
S1012632	40	Port Input	14	513910	3297	1
S1012632	40	Port Input	15	513910	3297	1
S1012632	40	Port Input	14	513911	3297	1
S1012632	40	Port Input	15	513911	3297	1
S1012632	40	Port Input	14	513911	3297	1
S1012632	40	Port Input	15	513911	3298	1
S1012632	40	Port Input	14	513911	3298	1
S1012632	40	Port Input	15	513911	3298	1
S1012632	40	Port Input	14	513911	3298	1
S1012632	40	Port Input	15	513911	3298	1
S1012632	40	Port Input	14	513912	3298	1
S1012632	40	Port Input	15	513912	3298	1
S1012632	40	Port Input	14	513912	3298	1
S1012632	40	Port Input	15	513912	3299	1
S1012632	40	Port Input	14	513912	3299	1
S1012632	40	Port Input	15	513912	3299	1
S1012632	40	Port Input	14	513912	3299	1
S1012632	40	Port Input	15	513913	3299	1
S1012632	40	Port Input	14	513913	3299	1
S1012632	40	Port Input	15	513913	3299	1
S1012632	40	Port Input	14	513913	3299	1
S1012632	40	Port Input	15	513913	3300	1
S1012632	40	Port Input	14	513913	3300	1
S1012632	40	Port Input	15	513915	3302	1
S1012632	40	Port Input	14	513915	3302	1
S1012632	40	Port Input	15	513915	3302	1
S1012632	40	Port Input	14	513915	3302	1
S1012632	40	Port Input	15	513915	3302	1
S1012632	40	Port Input	14	513916	3302	1
S1012632	40	Port Input	15	513916	3302	1
S1012632	40	Port Input	14	513916	3302	1
S1012632	40	Port Input	15	513916	3302	1
S1012632	40	Port Input	14	513916	3302	1
S1012632	40	Port Input	15	513916	3303	1
S1012632	40	Port Input	14	513916	3303	1
S1012632	40	Port Input	15	513916	3303	1
S1012632	40	Port Input	14	513916	3303	1
S1012632	40	Port Input	15	513917	3303	1
S1012632	40	Port Input	14	513917	3303	1
S1012632	40	Port Input	15	513917	3303	1
S1012632	40	Port Input	14	513917	3303	1
S1012632	40	Port Input	15	513917	3304	1
S1012632	40	Port Input	14	513917	3304	1
S1012632	40	Port Input	15	513917	3304	1
S1012632	40	Port Input	14	513917	3304	1
S1012632	40	Port Input	15	513918	3304	1
S1012632	40	Port Input	14	513918	3304	1
S1012632	40	Port Input	15	513918	3304	1
S1012632	40	Port Input	14	513918	3304	1
S1012632	40	Port Input	15	513918	3304	1
S1012632	40	Port Input	14	513918	3304	1
S1012632	40	Port Input	15	513918	3305	1
S1012632	40	Port Input	14	513918	3305	1
S1012632	40	Port Input	15	513919	3305	1
S1012632	40	Port Input	14	513919	3305	1
S1012632	40	Port Input	15	513919	3306	1
S1012632	40	Port Input	14	522071	11457	1
S1012632	40	Response	22	522071	11457	1
S1012632	40	Port Input	15	522071	11457	1
S1012632	40	Port Input	14	522072	11458	6
S1012632	40	Port Input	15	522080	11466	1
S1012632	40	Port Input	14	522080	11466	1
S1012632	41	Picture	20	522141	0	1	12222	1	0	next	hit	750
S1012632	41	Port Input	15	525622	3481	1
S1012632	41	Port Input	14	525622	3481	1
S1012632	41	Port Input	15	525622	3482	1
S1012632	41	Port Input	14	525622	3482	1
S1012632	41	Port Input	15	525623	3482	1
S1012632	41	Port Input	14	525623	3482	1
S1012632	41	Port Input	15	525623	3482	1
S1012632	41	Port Input	14	525623	3482	1
S1012632	41	Port Input	15	525623	3482	1
S1012632	41	Port Input	14	534306	12166	1
S1012632	41	Response	22	534306	12166	1
S1012632	42	Picture	20	534363	0	1	11527	1	0	next	hit	758
S1012632	42	Port Input	15	537479	3116	1
S1012632	42	Port Input	14	537479	3116	1
S1012632	42	Port Input	15	537479	3117	1
S1012632	42	Port Input	14	537479	3117	1
S1012632	42	Port Input	15	537480	3117	1
S1012632	42	Port Input	14	545866	11504	1
S1012632	42	Response	22	545866	11504	1
S1012632	43	Picture	20	545890	0	1	12291	1	0	next	hit	776
S1012632	43	Port Input	15	549140	3250	1
S1012632	43	Port Input	14	549140	3250	1
S1012632	43	Port Input	15	549140	3250	1
S1012632	43	Port Input	14	549140	3250	1
S1012632	43	Port Input	15	549140	3250	1
S1012632	43	Port Input	14	549140	3250	1
S1012632	43	Port Input	15	549141	3251	1
S1012632	43	Port Input	14	549141	3251	1
S1012632	43	Port Input	15	549142	3252	1
S1012632	43	Port Input	14	549142	3252	1
S1012632	43	Port Input	15	549142	3252	1
S1012632	43	Port Input	14	549142	3252	1
S1012632	43	Port Input	15	549145	3255	1
S1012632	43	Port Input	14	549145	3255	1
S1012632	43	Port Input	15	549145	3255	1
S1012632	43	Port Input	14	558117	12227	1
S1012632	43	Response	22	558117	12227	1
S1012632	43	Port Input	15	558118	12228	1
S1012632	43	Port Input	14	558118	12228	1
S1012632	44	Picture	20	558181	0	1	12083	1	0	next	hit	788
S1012632	44	Port Input	15	561408	3227	1
S1012632	44	Port Input	14	561408	3227	1
S1012632	44	Port Input	15	561409	3227	1
S1012632	44	Port Input	14	561409	3227	1
S1012632	44	Port Input	15	561409	3228	1
S1012632	44	Port Input	14	561409	3228	1
S1012632	44	Port Input	15	561409	3228	1
S1012632	44	Port Input	14	570220	12039	1
S1012632	44	Response	22	570220	12039	1
S1012632	45	Picture	20	570264	0	1	11527	1	0	next	hit	794
S1012632	45	Port Input	15	573323	3059	1
S1012632	45	Port Input	14	573323	3059	1
S1012632	45	Port Input	15	573324	3060	1
S1012632	45	Port Input	14	581727	11463	1
S1012632	45	Response	22	581727	11463	1
S1012632	45	Port Input	15	581727	11463	1
S1012632	45	Port Input	14	581734	11470	1
S1012632	45	Port Input	15	581734	11470	1
S1012632	45	Port Input	14	581734	11470	1
S1012632	45	Port Input	15	581735	11471	1
S1012632	45	Port Input	14	581735	11471	1
S1012632	46	Picture	20	581791	0	1	12777	1	0	next	hit	856
S1012632	46	Port Input	15	585241	3449	1
S1012632	46	Port Input	14	585241	3449	1
S1012632	46	Port Input	15	585241	3450	1
S1012632	46	Port Input	14	585241	3450	1
S1012632	46	Port Input	15	585241	3450	1
S1012632	46	Port Input	14	585241	3450	1
S1012632	46	Port Input	15	585242	3450	1
S1012632	46	Port Input	14	585242	3450	1
S1012632	46	Port Input	15	585242	3450	1
S1012632	46	Port Input	14	585242	3450	1
S1012632	46	Port Input	15	585242	3451	1
S1012632	46	Port Input	14	585242	3451	1
S1012632	46	Port Input	15	585242	3451	1
S1012632	46	Port Input	14	585242	3451	1
S1012632	46	Port Input	15	585242	3451	1
S1012632	46	Port Input	14	585242	3451	1
S1012632	46	Port Input	15	585242	3451	1
S1012632	46	Port Input	14	585243	3451	1
S1012632	46	Port Input	15	585243	3451	1
S1012632	46	Port Input	14	585243	3451	1
S1012632	46	Port Input	15	585243	3451	1
S1012632	46	Port Input	14	585243	3451	1
S1012632	46	Port Input	15	585243	3452	1
S1012632	46	Port Input	14	585243	3452	1
S1012632	46	Port Input	15	585243	3452	1
S1012632	46	Port Input	14	585243	3452	1
S1012632	46	Port Input	15	585243	3452	1
S1012632	46	Port Input	14	585244	3452	1
S1012632	46	Port Input	15	585244	3452	1
S1012632	46	Port Input	14	585244	3453	1
S1012632	46	Port Input	15	585244	3453	1
S1012632	46	Port Input	14	585244	3453	1
S1012632	46	Port Input	15	585244	3453	1
S1012632	46	Port Input	14	585245	3453	1
S1012632	46	Port Input	15	585245	3454	1
S1012632	46	Port Input	14	585245	3454	1
S1012632	46	Port Input	15	585245	3454	1
S1012632	46	Port Input	14	585245	3454	1
S1012632	46	Port Input	15	585246	3455	1
S1012632	46	Port Input	14	585246	3455	1
S1012632	46	Port Input	15	585246	3455	1
S1012632	46	Port Input	14	585246	3455	1
S1012632	46	Port Input	15	585246	3455	1
S1012632	46	Port Input	14	585246	3455	1
S1012632	46	Port Input	15	585246	3455	1
S1012632	46	Port Input	14	585247	3455	1
S1012632	46	Port Input	15	585247	3455	1
S1012632	46	Port Input	14	585247	3455	1
S1012632	46	Port Input	15	585250	3458	1
S1012632	46	Port Input	14	585250	3458	1
S1012632	46	Port Input	15	585250	3459	1
S1012632	46	Port Input	14	585250	3459	1
S1012632	46	Port Input	15	585250	3459	1
S1012632	46	Port Input	14	594510	12719	1
S1012632	46	Response	22	594510	12719	1
S1012632	46	Port Input	15	594510	12719	1
S1012632	46	Port Input	14	594511	12719	1
S1012632	47	Picture	20	594569	0	1	13194	1	0	next	hit	874
S1012632	47	Port Input	15	598028	3459	1
S1012632	47	Port Input	14	598028	3459	1
S1012632	47	Port Input	15	598028	3460	1
S1012632	47	Port Input	14	598028	3460	1
S1012632	47	Port Input	15	598029	3460	1
S1012632	47	Port Input	14	598029	3460	1
S1012632	47	Port Input	15	598029	3461	1
S1012632	47	Port Input	14	598029	3461	1
S1012632	47	Port Input	15	598029	3461	1
S1012632	47	Port Input	14	598029	3461	1
S1012632	47	Port Input	15	598029	3461	1
S1012632	47	Port Input	14	598030	3461	1
S1012632	47	Port Input	15	598030	3461	1
S1012632	47	Port Input	14	607693	13125	1
S1012632	47	Response	22	607693	13125	1
S1012632	47	Port Input	15	607694	13125	1
S1012632	47	Port Input	14	607694	13125	1
S1012632	48	Picture	20	607763	0	1	12430	1	0	next	hit	886
S1012632	48	Port Input	15	610753	2990	1
S1012632	48	Port Input	14	610753	2990	1
S1012632	48	Port Input	15	610753	2990	1
S1012632	48	Port Input	14	610753	2990	1
S1012632	48	Port Input	15	610754	2992	1
S1012632	48	Port Input	14	610755	2992	1
S1012632	48	Port Input	15	610757	2995	1
S1012632	48	Port Input	14	620131	12369	1
S1012632	48	Response	22	620131	12369	1
S1012632	49	Picture	20	620193	0	1	11527	1	0	next	hit	932
S1012632	49	Port Input	15	623300	3108	1
S1012632	49	Port Input	14	623300	3108	1
S1012632	49	Port Input	15	623300	3108	1
S1012632	49	Port Input	14	623301	3108	1
S1012632	49	Port Input	15	623301	3108	1
S1012632	49	Port Input	14	623301	3108	1
S1012632	49	Port Input	15	623301	3108	1
S1012632	49	Port Input	14	623301	3108	1
S1012632	49	Port Input	15	623301	3109	1
S1012632	49	Port Input	14	623301	3109	1
S1012632	49	Port Input	15	623301	3109	1
S1012632	49	Port Input	14	623301	3109	1
S1012632	49	Port Input	15	623301	3109	1
S1012632	49	Port Input	14	623301	3109	1
S1012632	49	Port Input	15	623302	3110	1
S1012632	49	Port Input	14	623302	3110	1
S1012632	49	Port Input	15	623302	3110	1
S1012632	49	Port Input	14	623302	3110	1
S1012632	49	Port Input	15	623303	3110	1
S1012632	49	Port Input	14	623303	3111	1
S1012632	49	Port Input	15	623304	3111	1
S1012632	49	Port Input	14	623304	3111	1
S1012632	49	Port Input	15	623304	3111	1
S1012632	49	Port Input	14	623304	3111	1
S1012632	49	Port Input	15	623304	3111	1
S1012632	49	Port Input	14	623304	3111	1
S1012632	49	Port Input	15	623304	3111	1
S1012632	49	Port Input	14	623304	3112	1
S1012632	49	Port Input	15	623305	3112	1
S1012632	49	Port Input	14	623305	3112	1
S1012632	49	Port Input	15	623305	3112	1
S1012632	49	Port Input	14	623305	3112	1
S1012632	49	Port Input	15	623305	3112	1
S1012632	49	Port Input	14	623305	3112	1
S1012632	49	Port Input	15	623305	3112	1
S1012632	49	Port Input	14	623305	3113	1
S1012632	49	Port Input	15	623305	3113	1
S1012632	49	Port Input	14	623305	3113	1
S1012632	49	Port Input	15	623305	3113	1
S1012632	49	Port Input	14	623305	3113	1
S1012632	49	Port Input	15	623306	3113	1
S1012632	49	Port Input	14	623306	3113	1
S1012632	49	Port Input	15	623306	3113	1
S1012632	49	Port Input	14	631661	11469	1
S1012632	49	Response	22	631661	11469	1
S1012632	50	Picture	20	631720	0	1	12569	1	0	next	hit	938
S1012632	50	Port Input	15	634858	3138	1
S1012632	50	Port Input	14	634858	3138	1
S1012632	50	Port Input	15	634859	3139	1
S1012632	50	Port Input	14	644213	12493	1
S1012632	50	Response	22	644213	12493	1
S1012632	51	Picture	20	644289	0	1	11597	1	0	next	hit	952
S1012632	51	Port Input	15	647529	3240	1
S1012632	51	Port Input	14	647529	3240	1
S1012632	51	Port Input	15	647529	3241	1
S1012632	51	Port Input	14	647529	3241	1
S1012632	51	Port Input	15	647530	3241	1
S1012632	51	Port Input	14	647530	3241	1
S1012632	51	Port Input	15	647530	3241	1
S1012632	51	Port Input	14	647530	3241	1
S1012632	51	Port Input	15	647530	3241	1
S1012632	51	Port Input	14	647530	3241	1
S1012632	51	Port Input	15	647530	3241	1
S1012632	51	Port Input	14	655878	11589	1
S1012632	51	Response	22	655878	11589	1
S1012632	51	Port Input	15	655878	11589	1
S1012632	51	Port Input	14	655878	11589	1
S1012632	52	Picture	20	655886	0	1	12500	1	0	next	hit	980
S1012632	52	Port Input	15	659363	3477	1
S1012632	52	Port Input	14	659363	3477	1
S1012632	52	Port Input	15	659363	3478	1
S1012632	52	Port Input	14	659363	3478	1
S1012632	52	Port Input	15	659363	3478	1
S1012632	52	Port Input	14	659363	3478	1
S1012632	52	Port Input	15	659364	3478	1
S1012632	52	Port Input	14	659364	3478	1
S1012632	52	Port Input	15	659364	3478	1
S1012632	52	Port Input	14	659364	3478	1
S1012632	52	Port Input	15	659364	3479	1
S1012632	52	Port Input	14	659364	3479	1
S1012632	52	Port Input	15	659364	3479	1
S1012632	52	Port Input	14	659365	3479	1
S1012632	52	Port Input	15	659365	3479	1
S1012632	52	Port Input	14	659365	3479	1
S1012632	52	Port Input	15	659365	3479	1
S1012632	52	Port Input	14	659365	3479	1
S1012632	52	Port Input	15	659365	3479	1
S1012632	52	Port Input	14	659366	3480	1
S1012632	52	Port Input	15	659366	3480	1
S1012632	52	Port Input	14	659366	3480	1
S1012632	52	Port Input	15	659366	3480	1
S1012632	52	Port Input	14	668371	12485	1
S1012632	52	Response	22	668371	12485	1
S1012632	52	Port Input	15	668371	12485	1
S1012632	52	Port Input	14	668371	12485	1
S1012632	53	Picture	20	668385	0	1	12013	1	0	next	hit	1012
S1012632	53	Port Input	15	671593	3208	1
S1012632	53	Port Input	14	671593	3208	1
S1012632	53	Port Input	15	671593	3208	1
S1012632	53	Port Input	14	671593	3208	1
S1012632	53	Port Input	15	671594	3208	1
S1012632	53	Port Input	14	671594	3208	1
S1012632	53	Port Input	15	671594	3209	1
S1012632	53	Port Input	14	671594	3209	1
S1012632	53	Port Input	15	671594	3209	1
S1012632	53	Port Input	14	671594	3209	1
S1012632	53	Port Input	15	671594	3209	1
S1012632	53	Port Input	14	671595	3209	1
S1012632	53	Port Input	15	671595	3209	1
S1012632	53	Port Input	14	671595	3209	1
S1012632	53	Port Input	15	671595	3210	1
S1012632	53	Port Input	14	671595	3210	1
S1012632	53	Port Input	15	671596	3211	1
S1012632	53	Port Input	14	671596	3211	1
S1012632	53	Port Input	15	671597	3211	1
S1012632	53	Port Input	14	671597	3211	1
S1012632	53	Port Input	15	671597	3211	1
S1012632	53	Port Input	14	671597	3212	1
S1012632	53	Port Input	15	671597	3212	1
S1012632	53	Port Input	14	671597	3212	1
S1012632	53	Port Input	15	671597	3212	1
S1012632	53	Port Input	14	671597	3212	1
S1012632	53	Port Input	15	671597	3212	1
S1012632	53	Port Input	14	680340	11955	1
S1012632	53	Response	22	680340	11955	1
S1012632	53	Port Input	15	680341	11956	1
S1012632	53	Port Input	14	680342	11956	6
S1012632	54	Picture	20	680399	0	1	12152	1	0	next	hit	1020
S1012632	54	Port Input	15	683388	2990	1
S1012632	54	Port Input	14	683388	2990	1
S1012632	54	Port Input	15	683389	2990	1
S1012632	54	Port Input	14	692477	12078	1
S1012632	54	Response	22	692477	12078	1
S1012632	55	Picture	20	692551	0	1	11666	1	0	next	hit	1028
S1012632	55	Port Input	15	695635	3084	1
S1012632	55	Port Input	14	695635	3084	1
S1012632	55	Port Input	15	695635	3084	1
S1012632	55	Port Input	14	695635	3084	1
S1012632	55	Port Input	15	695635	3084	1
S1012632	55	Port Input	14	704161	11610	1
S1012632	55	Response	22	704161	11610	1
S1012632	55	Port Input	15	704161	11610	1
S1012632	55	Port Input	14	704162	11611	4
S1012632	56	Picture	20	704217	0	1	12569	1	0	next	hit	1054
S1012632	56	Port Input	15	707254	3037	1
S1012632	56	Port Input	14	707254	3037	1
S1012632	56	Port Input	15	707254	3037	1
S1012632	56	Port Input	14	707254	3037	1
S1012632	56	Port Input	15	707255	3037	1
S1012632	56	Port Input	14	707255	3038	1
S1012632	56	Port Input	15	707255	3038	1
S1012632	56	Port Input	14	707255	3038	1
S1012632	56	Port Input	15	707255	3038	1
S1012632	56	Port Input	14	707255	3038	1
S1012632	56	Port Input	15	707256	3038	1
S1012632	56	Port Input	14	707256	3038	1
S1012632	56	Port Input	15	707256	3039	1
S1012632	56	Port Input	14	707256	3039	1
S1012632	56	Port Input	15	707256	3039	1
S1012632	56	Port Input	14	707256	3039	1
S1012632	56	Port Input	15	707256	3039	1
S1012632	56	Port Input	14	707256	3039	1
S1012632	56	Port Input	15	707256	3039	1
S1012632	56	Port Input	14	707257	3040	1
S1012632	56	Port Input	15	707257	3040	1
S1012632	56	Port Input	14	716741	12524	1
S1012632	56	Response	22	716741	12524	1
S1012632	56	Port Input	15	716741	12524	1
S1012632	56	Port Input	14	716741	12524	1
S1012632	56	Port Input	15	716741	12524	1
S1012632	56	Port Input	14	716742	12525	4
S1012632	57	Picture	20	716786	0	1	10902	1	0	next	hit	1080
S1012632	57	Port Input	15	719657	2871	1
S1012632	57	Port Input	14	719657	2871	1
S1012632	57	Port Input	15	719658	2871	1
S1012632	57	Port Input	14	719658	2871	1
S1012632	57	Port Input	15	719658	2872	1
S1012632	57	Port Input	14	719658	2872	1
S1012632	57	Port Input	15	719658	2872	1
S1012632	57	Port Input	14	719658	2872	1
S1012632	57	Port Input	15	719659	2873	1
S1012632	57	Port Input	14	719659	2873	1
S1012632	57	Port Input	15	719660	2874	1
S1012632	57	Port Input	14	719660	2874	1
S1012632	57	Port Input	15	719660	2874	1
S1012632	57	Port Input	14	719660	2874	1
S1012632	57	Port Input	15	719660	2874	1
S1012632	57	Port Input	14	719661	2874	1
S1012632	57	Port Input	15	719661	2874	1
S1012632	57	Port Input	14	719661	2875	1
S1012632	57	Port Input	15	719661	2875	1
S1012632	57	Port Input	14	727625	10839	1
S1012632	57	Response	22	727625	10839	1
S1012632	58	Picture	20	727689	0	1	12083	1	0	next	hit	1098
S1012632	58	Port Input	15	731031	3342	1
S1012632	58	Port Input	14	731031	3342	1
S1012632	58	Port Input	15	731031	3343	1
S1012632	58	Port Input	14	731032	3343	1
S1012632	58	Port Input	15	731033	3344	1
S1012632	58	Port Input	14	731033	3344	1
S1012632	58	Port Input	15	731033	3344	1
S1012632	58	Port Input	14	731033	3345	1
S1012632	58	Port Input	15	731033	3345	1
S1012632	58	Port Input	14	731033	3345	1
S1012632	58	Port Input	15	731033	3345	1
S1012632	58	Port Input	14	731033	3345	1
S1012632	58	Port Input	15	731033	3345	1
S1012632	58	Port Input	14	731034	3345	1
S1012632	58	Port Input	15	731034	3345	1
S1012632	58	Port Input	14	739748	12059	1
S1012632	58	Response	22	739748	12059	1
S1012632	59	Picture	20	739771	0	1	11875	1	0	next	hit	1114
S1012632	59	Port Input	15	742835	3063	1
S1012632	59	Port Input	14	742835	3063	1
S1012632	59	Port Input	15	742835	3064	1
S1012632	59	Port Input	14	742835	3064	1
S1012632	59	Port Input	15	742835	3064	1
S1012632	59	Port Input	14	742835	3064	1
S1012632	59	Port Input	15	742836	3064	1
S1012632	59	Port Input	14	742836	3064	1
S1012632	59	Port Input	15	742836	3064	1
S1012632	59	Port Input	14	742836	3064	1
S1012632	59	Port Input	15	742836	3065	1
S1012632	59	Port Input	14	742836	3065	1
S1012632	59	Port Input	15	742837	3065	1
S1012632	59	Port Input	14	751582	11811	1
S1012632	59	Response	22	751582	11811	1
S1012632	60	Picture	20	751646	0	1	11736	1	0	next	hit	1136
S1012632	60	Port Input	15	754697	3052	1
S1012632	60	Port Input	14	754698	3052	1
S1012632	60	Port Input	15	754698	3052	1
S1012632	60	Port Input	14	754698	3052	1
S1012632	60	Port Input	15	754698	3053	1
S1012632	60	Port Input	14	754699	3053	1
S1012632	60	Port Input	15	754699	3053	1
S1012632	60	Port Input	14	754699	3053	1
S1012632	60	Port Input	15	754700	3054	1
S1012632	60	Port Input	14	754700	3054	1
S1012632	60	Port Input	15	754700	3054	1
S1012632	60	Port Input	14	754700	3054	1
S1012632	60	Port Input	15	754700	3054	1
S1012632	60	Port Input	14	754700	3054	1
S1012632	60	Port Input	15	754701	3055	1
S1012632	60	Port Input	14	754701	3055	1
S1012632	60	Port Input	15	754701	3055	1
S1012632	60	Port Input	14	754701	3055	1
S1012632	60	Port Input	15	754701	3055	1
S1012632	60	Port Input	14	763336	11690	1
S1012632	60	Response	22	763336	11690	1
S1012632	61	Picture	20	763382	0	1	12569	1	0	next	hit	1142
S1012632	61	Port Input	15	766215	2834	1
S1012632	61	Port Input	14	766216	2834	1
S1012632	61	Port Input	15	766217	2835	1
S1012632	61	Port Input	14	775919	12537	1
S1012632	61	Response	22	775919	12537	1
S1012632	62	Picture	20	775951	0	1	11666	1	0	next	hit	1160
S1012632	62	Port Input	15	778737	2786	1
S1012632	62	Port Input	14	778737	2786	1
S1012632	62	Port Input	15	778737	2787	1
S1012632	62	Port Input	14	778737	2787	1
S1012632	62	Port Input	15	778738	2787	1
S1012632	62	Port Input	14	778738	2787	1
S1012632	62	Port Input	15	778738	2787	1
S1012632	62	Port Input	14	778738	2787	1
S1012632	62	Port Input	15	778738	2788	1
S1012632	62	Port Input	14	778738	2788	1
S1012632	62	Port Input	15	778739	2788	1
S1012632	62	Port Input	14	778739	2788	1
S1012632	62	Port Input	15	778739	2788	1
S1012632	62	Port Input	14	778739	2788	1
S1012632	62	Port Input	15	778740	2789	1
S1012632	62	Port Input	14	787609	11658	1
S1012632	62	Response	22	787609	11658	1
S1012632	63	Picture	20	787617	0	1	11805	1	0	next	hit	1180
S1012632	63	Port Input	15	790371	2754	1
S1012632	63	Port Input	14	790371	2754	1
S1012632	63	Port Input	15	790372	2755	1
S1012632	63	Port Input	14	790372	2755	1
S1012632	63	Port Input	15	790372	2755	1
S1012632	63	Port Input	14	790372	2755	1
S1012632	63	Port Input	15	790372	2755	1
S1012632	63	Port Input	14	790372	2755	1
S1012632	63	Port Input	15	790372	2755	1
S1012632	63	Port Input	14	790372	2756	1
S1012632	63	Port Input	15	790372	2756	1
S1012632	63	Port Input	14	790372	2756	1
S1012632	63	Port Input	15	790373	2756	1
S1012632	63	Port Input	14	790373	2756	1
S1012632	63	Port Input	15	790373	2756	1
S1012632	63	Port Input	14	790373	2756	1
S1012632	63	Port Input	15	790373	2757	1
S1012632	63	Port Input	14	799352	11735	1
S1012632	63	Response	22	799352	11735	1
S1012632	63	Port Input	15	799352	11735	1
S1012632	63	Port Input	14	799352	11735	1
S1012632	64	Picture	20	799422	0	1	11597	1	0	next	hit	1186
S1012632	64	Port Input	15	802455	3033	1
S1012632	64	Port Input	14	810947	11525	1
S1012632	64	Response	22	810947	11525	1
S1012632	64	Port Input	15	810947	11525	1
S1012632	64	Port Input	14	810947	11526	1
S1012632	65	Picture	20	811019	0	1	11805	1	0	next	hit	1206
S1012632	65	Port Input	15	813948	2929	1
S1012632	65	Port Input	14	813948	2929	1
S1012632	65	Port Input	15	813948	2930	1
S1012632	65	Port Input	14	813948	2930	1
S1012632	65	Port Input	15	813949	2930	1
S1012632	65	Port Input	14	813949	2930	1
S1012632	65	Port Input	15	813951	2932	1
S1012632	65	Port Input	14	813951	2932	1
S1012632	65	Port Input	15	813951	2933	1
S1012632	65	Port Input	14	813951	2933	1
S1012632	65	Port Input	15	813951	2933	1
S1012632	65	Port Input	14	813952	2933	1
S1012632	65	Port Input	15	813952	2933	1
S1012632	65	Port Input	14	813952	2933	1
S1012632	65	Port Input	15	813952	2933	1
S1012632	65	Port Input	14	822768	11749	1
S1012632	65	Response	22	822768	11749	1
S1012632	66	Picture	20	822824	0	1	12847	1	0	next	hit	1226
S1012632	66	Port Input	15	826200	3376	1
S1012632	66	Port Input	14	826200	3376	1
S1012632	66	Port Input	15	826203	3379	1
S1012632	66	Port Input	14	826203	3379	1
S1012632	66	Port Input	15	826203	3380	1
S1012632	66	Port Input	14	826203	3380	1
S1012632	66	Port Input	15	826204	3380	1
S1012632	66	Port Input	14	826204	3380	1
S1012632	66	Port Input	15	826204	3380	1
S1012632	66	Port Input	14	826204	3380	1
S1012632	66	Port Input	15	826204	3380	1
S1012632	66	Port Input	14	826204	3380	1
S1012632	66	Port Input	15	826204	3380	1
S1012632	66	Port Input	14	826204	3381	1
S1012632	66	Port Input	15	826205	3381	1
S1012632	66	Port Input	14	826205	3381	1
S1012632	66	Port Input	15	826205	3381	1
S1012632	66	Port Input	14	835591	12768	1
S1012632	66	Response	22	835591	12768	1
S1012632	67	Picture	20	835671	0	1	11736	1	0	next	hit	1238
S1012632	67	Port Input	15	838500	2830	1
S1012632	67	Port Input	14	838500	2830	1
S1012632	67	Port Input	15	838501	2830	1
S1012632	67	Port Input	14	838501	2830	1
S1012632	67	Port Input	15	838501	2831	1
S1012632	67	Port Input	14	838501	2831	1
S1012632	67	Port Input	15	838503	2832	1
S1012632	67	Port Input	14	838503	2832	1
S1012632	67	Port Input	15	838503	2833	1
S1012632	67	Port Input	14	847358	11687	1
S1012632	67	Response	22	847358	11687	1
S1012632	67	Port Input	15	847358	11687	1
S1012632	67	Port Input	14	847358	11687	1
S1012632	68	Picture	20	847406	0	1	12083	1	0	next	hit	1286
S1012632	68	Port Input	15	850378	2972	1
S1012632	68	Port Input	14	850379	2973	1
S1012632	68	Port Input	15	850380	2974	1
S1012632	68	Port Input	14	850380	2974	1
S1012632	68	Port Input	15	850380	2974	1
S1012632	68	Port Input	14	850380	2974	1
S1012632	68	Port Input	15	850380	2974	1
S1012632	68	Port Input	14	850380	2974	1
S1012632	68	Port Input	15	850380	2974	1
S1012632	68	Port Input	14	850380	2974	1
S1012632	68	Port Input	15	850380	2974	1
S1012632	68	Port Input	14	850380	2974	1
S1012632	68	Port Input	15	850381	2975	1
S1012632	68	Port Input	14	850381	2975	1
S1012632	68	Port Input	15	850381	2975	1
S1012632	68	Port Input	14	850381	2975	1
S1012632	68	Port Input	15	850381	2975	1
S1012632	68	Port Input	14	850381	2975	1
S1012632	68	Port Input	15	850381	2975	1
S1012632	68	Port Input	14	850381	2975	1
S1012632	68	Port Input	15	850382	2975	1
S1012632	68	Port Input	14	850383	2977	1
S1012632	68	Port Input	15	850383	2977	1
S1012632	68	Port Input	14	850383	2977	1
S1012632	68	Port Input	15	850384	2977	1
S1012632	68	Port Input	14	850384	2977	1
S1012632	68	Port Input	15	850384	2978	1
S1012632	68	Port Input	14	850384	2978	1
S1012632	68	Port Input	15	850384	2978	1
S1012632	68	Port Input	14	850384	2978	1
S1012632	68	Port Input	15	850384	2978	1
S1012632	68	Port Input	14	850384	2978	1
S1012632	68	Port Input	15	850385	2978	1
S1012632	68	Port Input	14	850385	2979	1
S1012632	68	Port Input	15	850385	2979	1
S1012632	68	Port Input	14	850385	2979	1
S1012632	68	Port Input	15	850385	2979	1
S1012632	68	Port Input	14	850385	2979	1
S1012632	68	Port Input	15	850385	2979	1
S1012632	68	Port Input	14	850385	2979	1
S1012632	68	Port Input	15	850386	2979	1
S1012632	68	Port Input	14	850386	2979	1
S1012632	68	Port Input	15	850386	2980	1
S1012632	68	Port Input	14	859461	12055	1
S1012632	68	Response	22	859461	12055	1
S1012632	69	Picture	20	859489	0	1	11527	1	0	next	hit	1294
S1012632	69	Port Input	15	862072	2583	1
S1012632	69	Port Input	14	862072	2583	1
S1012632	69	Port Input	15	862073	2584	1
S1012632	69	Port Input	14	862073	2584	1
S1012632	69	Port Input	15	862073	2584	1
S1012632	69	Port Input	14	871007	11518	1
S1012632	69	Response	22	871007	11518	1
S1012632	69	Port Input	15	871007	11518	1
S1012632	69	Port Input	14	871008	11519	5
S1012632	70	Picture	20	871016	0	1	11875	1	0	next	hit	1304
S1012632	70	Port Input	15	874002	2986	1
S1012632	70	Port Input	14	874002	2986	1
S1012632	70	Port Input	15	874003	2987	1
S1012632	70	Port Input	14	874003	2987	1
S1012632	70	Port Input	15	874003	2987	1
S1012632	70	Port Input	14	882830	11814	1
S1012632	70	Response	22	882830	11814	1
S1012632	71	Picture	20	882891	0	1	12152	1	0	next	hit	1312
S1012632	71	Port Input	15	885776	2885	1
S1012632	71	Port Input	14	885776	2885	1
S1012632	71	Port Input	15	885777	2886	1
S1012632	71	Port Input	14	885777	2886	1
S1012632	71	Port Input	15	885777	2886	1
S1012632	71	Port Input	14	894976	12085	1
S1012632	71	Response	22	894976	12085	1
S1012632	72	Picture	20	895043	0	1	11527	1	0	next	hit	1328
S1012632	72	Port Input	15	898015	2972	1
S1012632	72	Port Input	14	898015	2972	1
S1012632	72	Port Input	15	898016	2973	1
S1012632	72	Port Input	14	898016	2973	1
S1012632	72	Port Input	15	898016	2973	1
S1012632	72	Port Input	14	898016	2973	1
S1012632	72	Port Input	15	898016	2973	1
S1012632	72	Port Input	14	898018	2974	1
S1012632	72	Port Input	15	898019	2975	1
S1012632	72	Port Input	14	898019	2975	1
S1012632	72	Port Input	15	898019	2976	1
S1012632	72	Port Input	14	898019	2976	1
S1012632	72	Port Input	15	898019	2976	1
S1012632	72	Port Input	14	906507	11463	1
S1012632	72	Response	22	906507	11463	1
S1012632	72	Port Input	15	906507	11463	1
S1012632	72	Port Input	14	906507	11464	1
S1012632	72	Port Input	15	906507	11464	1
S1012632	72	Port Input	14	906508	11464	5
S1012632	73	Picture	20	906571	0	1	12986	1	0	next	hit	1360
S1012632	73	Port Input	15	909177	2606	1
S1012632	73	Port Input	14	909177	2606	1
S1012632	73	Port Input	15	909177	2606	1
S1012632	73	Port Input	14	909177	2606	1
S1012632	73	Port Input	15	909177	2607	1
S1012632	73	Port Input	14	909178	2607	1
S1012632	73	Port Input	15	909178	2608	1
S1012632	73	Port Input	14	909178	2608	1
S1012632	73	Port Input	15	909178	2608	1
S1012632	73	Port Input	14	909179	2608	1
S1012632	73	Port Input	15	909179	2608	1
S1012632	73	Port Input	14	909179	2609	1
S1012632	73	Port Input	15	909179	2609	1
S1012632	73	Port Input	14	909180	2609	1
S1012632	73	Port Input	15	909180	2609	1
S1012632	73	Port Input	14	909180	2609	1
S1012632	73	Port Input	15	909180	2609	1
S1012632	73	Port Input	14	909180	2610	1
S1012632	73	Port Input	15	909180	2610	1
S1012632	73	Port Input	14	909180	2610	1
S1012632	73	Port Input	15	909180	2610	1
S1012632	73	Port Input	14	909180	2610	1
S1012632	73	Port Input	15	909181	2610	1
S1012632	73	Port Input	14	909181	2610	1
S1012632	73	Port Input	15	909181	2610	1
S1012632	73	Port Input	14	919489	12918	1
S1012632	73	Response	22	919489	12918	1
S1012632	74	Picture	20	919556	0	1	11666	1	0	next	hit	1380
S1012632	74	Port Input	15	922180	2623	1
S1012632	74	Port Input	14	922180	2623	1
S1012632	74	Port Input	15	922181	2624	1
S1012632	74	Port Input	14	922181	2624	1
S1012632	74	Port Input	15	922181	2625	1
S1012632	74	Port Input	14	922181	2625	1
S1012632	74	Port Input	15	922181	2625	1
S1012632	74	Port Input	14	922182	2625	1
S1012632	74	Port Input	15	922182	2626	1
S1012632	74	Port Input	14	922182	2626	1
S1012632	74	Port Input	15	922182	2626	1
S1012632	74	Port Input	14	922183	2626	1
S1012632	74	Port Input	15	922183	2626	1
S1012632	74	Port Input	14	922183	2626	1
S1012632	74	Port Input	15	922183	2627	1
S1012632	74	Port Input	14	922183	2627	1
S1012632	74	Port Input	15	922184	2627	1
S1012632	74	Port Input	14	931177	11621	1
S1012632	74	Response	22	931177	11621	1
S1012632	75	Picture	20	931223	0	1	12708	1	0	next	hit	1388
S1012632	75	Port Input	15	934404	3181	1
S1012632	75	Port Input	14	934404	3181	1
S1012632	75	Port Input	15	934404	3181	1
S1012632	75	Port Input	14	934404	3181	1
S1012632	75	Port Input	15	934405	3182	1
S1012632	75	Port Input	14	943878	12656	1
S1012632	75	Response	22	943878	12656	1
S1012632	76	Picture	20	943930	0	1	12777	1	0	next	hit	1398
S1012632	76	Port Input	15	947238	3308	1
S1012632	76	Port Input	14	947238	3308	1
S1012632	76	Port Input	15	947239	3309	1
S1012632	76	Port Input	14	947239	3309	1
S1012632	76	Port Input	15	947244	3314	1
S1012632	76	Port Input	14	947244	3314	1
S1012632	76	Port Input	15	947244	3314	1
S1012632	76	Port Input	14	956692	12761	1
S1012632	76	Response	22	956692	12761	1
S1012632	77	Picture	20	956708	0	1	12708	1	0	next	hit	1402
S1012632	77	Port Input	15	960231	3523	1
S1012632	77	Port Input	14	969386	12679	1
S1012632	77	Response	22	969386	12679	1
S1012632	78	Picture	20	969415	0	1	12708	1	0	next	hit	1416
S1012632	78	Port Input	15	973253	3837	1
S1012632	78	Port Input	14	973253	3837	1
S1012632	78	Port Input	15	973253	3838	1
S1012632	78	Port Input	14	973253	3838	1
S1012632	78	Port Input	15	973253	3838	1
S1012632	78	Port Input	14	973253	3838	1
S1012632	78	Port Input	15	973253	3838	1
S1012632	78	Port Input	14	973254	3839	1
S1012632	78	Port Input	15	973254	3839	1
S1012632	78	Port Input	14	973254	3839	1
S1012632	78	Port Input	15	973255	3839	1
S1012632	78	Port Input	14	982051	12635	1
S1012632	78	Response	22	982051	12635	1
S1012632	79	Picture	20	982123	0	1	12916	1	0	next	hit	1428
S1012632	79	Port Input	15	985126	3003	1
S1012632	79	Port Input	14	985126	3003	1
S1012632	79	Port Input	15	985126	3003	1
S1012632	79	Port Input	14	985127	3003	1
S1012632	79	Port Input	15	985127	3003	1
S1012632	79	Port Input	14	985127	3003	1
S1012632	79	Port Input	15	985127	3003	1
S1012632	79	Port Input	14	985127	3003	1
S1012632	79	Port Input	15	985127	3003	1
S1012632	79	Port Input	14	994975	12851	1
S1012632	79	Response	22	994975	12851	1
S1012632	79	Port Input	15	994982	12859	1
S1012632	79	Port Input	14	994982	12859	1
S1012632	80	Picture	20	995039	0	1	12569	1	0	next	hit	1466
S1012632	80	Port Input	15	998143	3104	1
S1012632	80	Port Input	14	998143	3104	1
S1012632	80	Port Input	15	998144	3104	1
S1012632	80	Port Input	14	998144	3104	1
S1012632	80	Port Input	15	998144	3104	1
S1012632	80	Port Input	14	998144	3104	1
S1012632	80	Port Input	15	998144	3104	1
S1012632	80	Port Input	14	998144	3104	1
S1012632	80	Port Input	15	998144	3105	1
S1012632	80	Port Input	14	998144	3105	1
S1012632	80	Port Input	15	998145	3105	1
S1012632	80	Port Input	14	998145	3105	1
S1012632	80	Port Input	15	998145	3105	1
S1012632	80	Port Input	14	998145	3105	1
S1012632	80	Port Input	15	998145	3106	1
S1012632	80	Port Input	14	998145	3106	1
S1012632	80	Port Input	15	998145	3106	1
S1012632	80	Port Input	14	998145	3106	1
S1012632	80	Port Input	15	998145	3106	1
S1012632	80	Port Input	14	998146	3106	1
S1012632	80	Port Input	15	998146	3106	1
S1012632	80	Port Input	14	998146	3106	1
S1012632	80	Port Input	15	998146	3107	1
S1012632	80	Port Input	14	998146	3107	1
S1012632	80	Port Input	15	998146	3107	1
S1012632	80	Port Input	14	998146	3107	1
S1012632	80	Port Input	15	998147	3107	1
S1012632	80	Port Input	14	998147	3107	1
S1012632	80	Port Input	15	998147	3107	1
S1012632	80	Port Input	14	998147	3107	1
S1012632	80	Port Input	15	998147	3108	1
S1012632	80	Port Input	14	998147	3108	1
S1012632	80	Port Input	15	998147	3108	1
S1012632	80	Port Input	14	1007578	12539	1
S1012632	80	Response	22	1007578	12539	1
S1012632	81	Picture	20	1007608	0	1	13055	1	0	next	hit	1496
S1012632	81	Port Input	15	1011308	3700	1
S1012632	81	Port Input	14	1011308	3700	1
S1012632	81	Port Input	15	1011309	3700	1
S1012632	81	Port Input	14	1011309	3700	1
S1012632	81	Port Input	15	1011309	3701	1
S1012632	81	Port Input	14	1011309	3701	1
S1012632	81	Port Input	15	1011309	3701	1
S1012632	81	Port Input	14	1011309	3701	1
S1012632	81	Port Input	15	1011310	3701	1
S1012632	81	Port Input	14	1011310	3701	1
S1012632	81	Port Input	15	1011310	3701	1
S1012632	81	Port Input	14	1011310	3701	1
S1012632	81	Port Input	15	1011310	3701	1
S1012632	81	Port Input	14	1011310	3701	1
S1012632	81	Port Input	15	1011310	3701	1
S1012632	81	Port Input	14	1011310	3701	1
S1012632	81	Port Input	15	1011310	3702	1
S1012632	81	Port Input	14	1011310	3702	1
S1012632	81	Port Input	15	1011310	3702	1
S1012632	81	Port Input	14	1011310	3702	1
S1012632	81	Port Input	15	1011310	3702	1
S1012632	81	Port Input	14	1011310	3702	1
S1012632	81	Port Input	15	1011311	3702	1
S1012632	81	Port Input	14	1011311	3702	1
S1012632	81	Port Input	15	1011312	3703	1
S1012632	81	Port Input	14	1011312	3703	1
S1012632	81	Port Input	15	1011314	3706	1
S1012632	81	Port Input	14	1020645	13037	1
S1012632	81	Response	22	1020645	13037	1
S1012632	82	Picture	20	1020664	0	1	13472	1	0	next	hit	1534
S1012632	82	Port Input	15	1023844	3180	1
S1012632	82	Port Input	14	1023844	3180	1
S1012632	82	Port Input	15	1023844	3181	1
S1012632	82	Port Input	14	1023844	3181	1
S1012632	82	Port Input	15	1023844	3181	1
S1012632	82	Port Input	14	1023844	3181	1
S1012632	82	Port Input	15	1023845	3181	1
S1012632	82	Port Input	14	1023845	3181	1
S1012632	82	Port Input	15	1023845	3182	1
S1012632	82	Port Input	14	1023845	3182	1
S1012632	82	Port Input	15	1023845	3182	1
S1012632	82	Port Input	14	1023845	3182	1
S1012632	82	Port Input	15	1023846	3182	1
S1012632	82	Port Input	14	1023846	3182	1
S1012632	82	Port Input	15	1023846	3183	1
S1012632	82	Port Input	14	1023846	3183	1
S1012632	82	Port Input	15	1023846	3183	1
S1012632	82	Port Input	14	1023846	3183	1
S1012632	82	Port Input	15	1023847	3183	1
S1012632	82	Port Input	14	1023847	3183	1
S1012632	82	Port Input	15	1023847	3183	1
S1012632	82	Port Input	14	1023847	3183	1
S1012632	82	Port Input	15	1023849	3185	1
S1012632	82	Port Input	14	1023849	3185	1
S1012632	82	Port Input	15	1023849	3185	1
S1012632	82	Port Input	14	1023849	3185	1
S1012632	82	Port Input	15	1023849	3186	1
S1012632	82	Port Input	14	1023849	3186	1
S1012632	82	Port Input	15	1023849	3186	1
S1012632	82	Port Input	14	1023849	3186	1
S1012632	82	Port Input	15	1023850	3186	1
S1012632	82	Port Input	14	1023850	3186	1
S1012632	82	Port Input	15	1023850	3186	1
S1012632	82	Port Input	14	1023850	3186	1
S1012632	82	Port Input	15	1023851	3187	1
S1012632	82	Port Input	14	1034100	13437	1
S1012632	82	Response	22	1034100	13437	1
S1012632	82	Port Input	15	1034100	13437	1
S1012632	82	Port Input	14	1034100	13437	1
S1012632	83	Picture	20	1034135	0	1	14444	1	0	next	hit	1548
S1012632	83	Port Input	15	1037566	3431	1
S1012632	83	Port Input	14	1037566	3431	1
S1012632	83	Port Input	15	1037566	3431	1
S1012632	83	Port Input	14	1037566	3431	1
S1012632	83	Port Input	15	1037566	3431	1
S1012632	83	Port Input	14	1037566	3431	1
S1012632	83	Port Input	15	1037566	3431	1
S1012632	83	Port Input	14	1037566	3431	1
S1012632	83	Port Input	15	1037567	3431	1
S1012632	83	Port Input	14	1048504	14369	1
S1012632	83	Response	22	1048504	14369	1
S1012632	83	Port Input	15	1048505	14369	1
S1012632	83	Port Input	14	1048505	14369	1
S1012632	84	Picture	20	1048579	0	1	12708	1	0	next	hit	1558
S1012632	84	Port Input	15	1051628	3049	1
S1012632	84	Port Input	14	1051628	3049	1
S1012632	84	Port Input	15	1051628	3049	1
S1012632	84	Port Input	14	1051628	3049	1
S1012632	84	Port Input	15	1051628	3049	1
S1012632	84	Port Input	14	1061214	12635	1
S1012632	84	Response	22	1061214	12635	1
S1012632	84	Port Input	15	1061214	12635	1
S1012632	84	Port Input	14	1061215	12636	4
S1012632	85	Picture	20	1061287	0	1	12291	1	0	next	hit	1584
S1012632	85	Port Input	15	1064268	2981	1
S1012632	85	Port Input	14	1064268	2981	1
S1012632	85	Port Input	15	1064268	2981	1
S1012632	85	Port Input	14	1064268	2981	1
S1012632	85	Port Input	15	1064268	2981	1
S1012632	85	Port Input	14	1064268	2981	1
S1012632	85	Port Input	15	1064268	2981	1
S1012632	85	Port Input	14	1064268	2981	1
S1012632	85	Port Input	15	1064268	2982	1
S1012632	85	Port Input	14	1064269	2982	1
S1012632	85	Port Input	15	1064269	2982	1
S1012632	85	Port Input	14	1064269	2982	1
S1012632	85	Port Input	15	1064269	2982	1
S1012632	85	Port Input	14	1064270	2983	1
S1012632	85	Port Input	15	1064270	2983	1
S1012632	85	Port Input	14	1064270	2983	1
S1012632	85	Port Input	15	1064270	2983	1
S1012632	85	Port Input	14	1064270	2983	1
S1012632	85	Port Input	15	1064271	2984	1
S1012632	85	Port Input	14	1064271	2984	1
S1012632	85	Port Input	15	1064271	2984	1
S1012632	85	Port Input	14	1073561	12274	1
S1012632	85	Response	22	1073561	12274	1
S1012632	86	Picture	20	1073578	0	1	12847	1	0	next	hit	1592
S1012632	86	Port Input	15	1076877	3299	1
S1012632	86	Port Input	14	1076877	3299	1
S1012632	86	Port Input	15	1076878	3300	1
S1012632	86	Port Input	14	1076878	3300	1
S1012632	86	Port Input	15	1076878	3300	1
S1012632	86	Port Input	14	1086401	12823	1
S1012632	86	Response	22	1086401	12823	1
S1012632	87	Picture	20	1086425	0	1	13402	1	0	next	hit	1598
S1012632	87	Port Input	15	1090056	3631	1
S1012632	87	Port Input	14	1090056	3632	1
S1012632	87	Port Input	15	1090057	3632	1
S1012632	87	Port Input	14	1099750	13325	1
S1012632	87	Response	22	1099750	13325	1
S1012632	88	Picture	20	1099827	0	1	12777	1	0	next	hit	1614
S1012632	88	Port Input	15	1103087	3260	1
S1012632	88	Port Input	14	1103087	3260	1
S1012632	88	Port Input	15	1103087	3260	1
S1012632	88	Port Input	14	1103087	3260	1
S1012632	88	Port Input	15	1103090	3263	1
S1012632	88	Port Input	14	1103090	3263	1
S1012632	88	Port Input	15	1103091	3263	1
S1012632	88	Port Input	14	1103091	3263	1
S1012632	88	Port Input	15	1103091	3264	1
S1012632	88	Port Input	14	1103091	3264	1
S1012632	88	Port Input	15	1103091	3264	1
S1012632	88	Port Input	14	1103091	3264	1
S1012632	88	Port Input	15	1103091	3264	1
S1012632	88	Port Input	14	1112547	12720	1
S1012632	88	Response	22	1112547	12720	1
S1012632	89	Picture	20	1112604	0	1	13541	1	0	next	hit	1622
S1012632	89	Port Input	15	1115826	3222	1
S1012632	89	Port Input	14	1115826	3222	1
S1012632	89	Port Input	15	1115826	3222	1
S1012632	89	Port Input	14	1115826	3222	1
S1012632	89	Port Input	15	1115826	3222	1
S1012632	89	Port Input	14	1126111	13506	1
S1012632	89	Response	22	1126111	13506	1
S1012632	89	Port Input	15	1126111	13506	1
S1012632	89	Port Input	14	1126111	13506	1
S1012632	89	Port Input	15	1126111	13506	1
S1012632	89	Port Input	14	1126112	13507	4
S1012632	90	Picture	20	1126146	0	1	13402	1	0	next	hit	1638
S1012632	90	Port Input	15	1129334	3188	1
S1012632	90	Port Input	14	1129334	3188	1
S1012632	90	Port Input	15	1129334	3189	1
S1012632	90	Port Input	14	1129334	3189	1
S1012632	90	Port Input	15	1129335	3189	1
S1012632	90	Port Input	14	1129335	3189	1
S1012632	90	Port Input	15	1129335	3190	1
S1012632	90	Port Input	14	1129335	3190	1
S1012632	90	Port Input	15	1129335	3190	1
S1012632	90	Port Input	14	1139498	13352	1
S1012632	90	Response	22	1139498	13352	1
S1012632	90	Port Input	15	1139498	13352	1
S1012632	90	Port Input	14	1139498	13352	1
S1012632	90	Port Input	15	1139503	13358	1
S1012632	90	Port Input	14	1139503	13358	1
S1012632	91	Picture	20	1139548	0	1	12986	1	0	next	hit	1652
S1012632	91	Port Input	15	1142808	3260	1
S1012632	91	Port Input	14	1142808	3261	1
S1012632	91	Port Input	15	1142812	3264	1
S1012632	91	Port Input	14	1142812	3264	1
S1012632	91	Port Input	15	1142812	3264	1
S1012632	91	Port Input	14	1142812	3264	1
S1012632	91	Port Input	15	1142812	3264	1
S1012632	91	Port Input	14	1152503	12955	1
S1012632	91	Response	22	1152503	12955	1
S1012632	91	Port Input	15	1152503	12955	1
S1012632	91	Port Input	14	1152503	12955	1
S1012632	92	Picture	20	1152534	0	1	12152	1	0	next	hit	1668
S1012632	92	Port Input	15	1156007	3473	1
S1012632	92	Port Input	14	1156007	3473	1
S1012632	92	Port Input	15	1156007	3474	1
S1012632	92	Port Input	14	1156007	3474	1
S1012632	92	Port Input	15	1156009	3476	1
S1012632	92	Port Input	14	1156009	3476	1
S1012632	92	Port Input	15	1156009	3476	1
S1012632	92	Port Input	14	1156009	3476	1
S1012632	92	Port Input	15	1156009	3476	1
S1012632	92	Port Input	14	1156009	3476	1
S1012632	92	Port Input	15	1156010	3476	1
S1012632	92	Port Input	14	1164650	12117	1
S1012632	92	Response	22	1164650	12117	1
S1012632	93	Picture	20	1164686	0	1	12986	1	0	next	hit	1674
S1012632	93	Port Input	15	1168230	3544	1
S1012632	93	Port Input	14	1168230	3544	1
S1012632	93	Port Input	15	1168230	3544	1
S1012632	93	Port Input	14	1177641	12956	1
S1012632	93	Response	22	1177641	12956	1
S1012632	93	Port Input	15	1177641	12956	1
S1012632	93	Port Input	14	1177642	12956	1
S1012632	94	Picture	20	1177671	0	1	12986	1	0	next	hit	1684
S1012632	94	Port Input	15	1180931	3259	1
S1012632	94	Port Input	14	1180931	3259	1
S1012632	94	Port Input	15	1180932	3260	1
S1012632	94	Port Input	14	1180932	3260	1
S1012632	94	Port Input	15	1180963	3291	1
S1012632	94	Port Input	14	1190640	12969	1
S1012632	94	Response	22	1190640	12969	1
S1012632	94	Port Input	15	1190640	12969	1
S1012632	94	Port Input	14	1190641	12969	1
S1012632	94	Port Input	15	1190641	12970	4
S1012632	94	Port Input	14	1190646	12974	1
S1012632	94	Port Input	15	1190646	12975	1
S1012632	94	Port Input	14	1190647	12975	1
S1012632	94	Port Input	15	1190647	12975	1
S1012632	94	Port Input	14	1190647	12975	1
S1012632	94	Port Input	15	1190647	12976	1
S1012632	94	Port Input	14	1190647	12976	1
S1012632	94	Port Input	15	1190647	12976	1
S1012632	94	Port Input	14	1190647	12976	1
S1012632	94	Port Input	15	1190648	12977	1
S1012632	94	Port Input	14	1190648	12977	1
S1012632	95	Picture	20	1190657	0	1	12708	1	0	next	hit	1712
S1012632	95	Port Input	15	1193803	3146	1
S1012632	95	Port Input	14	1193803	3146	1
S1012632	95	Port Input	15	1193803	3146	1
S1012632	95	Port Input	14	1193803	3146	1
S1012632	95	Port Input	15	1193804	3147	1
S1012632	95	Port Input	14	1193804	3147	1
S1012632	95	Port Input	15	1193804	3147	1
S1012632	95	Port Input	14	1193804	3147	1
S1012632	95	Port Input	15	1193804	3147	1
S1012632	95	Port Input	14	1193804	3147	1
S1012632	95	Port Input	15	1193804	3147	1
S1012632	95	Port Input	14	1203289	12632	1
S1012632	95	Response	22	1203289	12632	1
S1012632	95	Port Input	15	1203290	12633	1
S1012632	95	Port Input	14	1203290	12633	1
S1012632	96	Picture	20	1203365	0	1	12430	1	0	next	hit	1728
S1012632	96	Port Input	15	1206426	3061	1
S1012632	96	Port Input	14	1206426	3061	1
S1012632	96	Port Input	15	1206427	3062	1
S1012632	96	Port Input	14	1206427	3062	1
S1012632	96	Port Input	15	1206427	3062	1
S1012632	96	Port Input	14	1206427	3062	1
S1012632	96	Port Input	15	1206428	3063	1
S1012632	96	Port Input	14	1206428	3063	1
S1012632	96	Port Input	15	1206428	3063	1
S1012632	96	Port Input	14	1206428	3063	1
S1012632	96	Port Input	15	1206429	3064	1
S1012632	96	Port Input	14	1215786	12421	1
S1012632	96	Response	22	1215786	12421	1
S1012632	96	Port Input	15	1215786	12421	1
S1012632	96	Port Input	14	1215786	12421	1
S1012632	97	Picture	20	1215795	0	1	12708	1	0	next	hit	1736
S1012632	97	Port Input	15	1219291	3496	1
S1012632	97	Port Input	14	1219291	3496	1
S1012632	97	Port Input	15	1219291	3496	1
S1012632	97	Port Input	14	1228467	12672	1
S1012632	97	Response	22	1228467	12672	1
S1012632	97	Port Input	15	1228467	12672	1
S1012632	97	Port Input	14	1228467	12672	1
S1012632	98	Picture	20	1228503	0	1	12847	1	0	next	hit	1750
S1012632	98	Port Input	15	1231778	3275	1
S1012632	98	Port Input	14	1231778	3275	1
S1012632	98	Port Input	15	1231779	3277	1
S1012632	98	Port Input	14	1231779	3277	1
S1012632	98	Port Input	15	1231781	3279	1
S1012632	98	Port Input	14	1231781	3279	1
S1012632	98	Port Input	15	1231782	3279	1
S1012632	98	Port Input	14	1231782	3279	1
S1012632	98	Port Input	15	1231783	3280	1
S1012632	98	Port Input	14	1241317	12814	1
S1012632	98	Response	22	1241317	12814	1
S1012632	99	Picture	20	1241350	0	1	12986	1	0	next	hit	1754
S1012632	99	Port Input	15	1244337	2987	1
S1012632	99	Port Input	14	1254271	12921	1
S1012632	99	Response	22	1254271	12921	1
S1012632	100	Picture	20	1254335	0	1	12361	1	0	next	hit	1782
S1012632	100	Port Input	15	1257534	3199	1
S1012632	100	Port Input	14	1257534	3199	1
S1012632	100	Port Input	15	1257534	3199	1
S1012632	100	Port Input	14	1257534	3199	1
S1012632	100	Port Input	15	1257534	3199	1
S1012632	100	Port Input	14	1257534	3199	1
S1012632	100	Port Input	15	1257535	3200	1
S1012632	100	Port Input	14	1257535	3200	1
S1012632	100	Port Input	15	1257535	3200	1
S1012632	100	Port Input	14	1257535	3200	1
S1012632	100	Port Input	15	1257535	3200	1
S1012632	100	Port Input	14	1257535	3200	1
S1012632	100	Port Input	15	1257536	3200	1
S1012632	100	Port Input	14	1257536	3200	1
S1012632	100	Port Input	15	1257536	3200	1
S1012632	100	Port Input	14	1257536	3200	1
S1012632	100	Port Input	15	1257536	3201	1
S1012632	100	Port Input	14	1257536	3201	1
S1012632	100	Port Input	15	1257537	3201	1
S1012632	100	Port Input	14	1257537	3201	1
S1012632	100	Port Input	15	1257537	3202	1
S1012632	100	Port Input	14	1257537	3202	1
S1012632	100	Port Input	15	1257537	3202	1
S1012632	100	Port Input	14	1257537	3202	1
S1012632	100	Port Input	15	1257538	3202	1
S1012632	100	Port Input	14	1266626	12291	1
S1012632	100	Response	22	1266626	12291	1
S1012632	101	Picture	20	1266696	0	1	13402	1	0	next	hit	1798
S1012632	101	Port Input	15	1269860	3164	1
S1012632	101	Port Input	14	1269860	3164	1
S1012632	101	Port Input	15	1269860	3164	1
S1012632	101	Port Input	14	1269860	3164	1
S1012632	101	Port Input	15	1269864	3168	1
S1012632	101	Port Input	14	1269864	3168	1
S1012632	101	Port Input	15	1269864	3168	1
S1012632	101	Port Input	14	1269864	3169	1
S1012632	101	Port Input	15	1269864	3169	1
S1012632	101	Port Input	14	1269865	3169	1
S1012632	101	Port Input	15	1269865	3170	1
S1012632	101	Port Input	14	1269865	3170	1
S1012632	101	Port Input	15	1269866	3170	1
S1012632	101	Port Input	14	1280037	13341	1
S1012632	101	Response	22	1280037	13341	1
S1012632	101	Port Input	15	1280038	13342	1
S1012632	101	Port Input	14	1280038	13342	1
S1012632	101	Port Input	15	1280045	13349	1
S1012632	101	Port Input	14	1280045	13349	1
S1012632	102	Picture	20	1280098	0	1	13124	1	0	next	hit	1820
S1012632	102	Port Input	15	1283222	3124	1
S1012632	102	Port Input	14	1283222	3124	1
S1012632	102	Port Input	15	1283222	3124	1
S1012632	102	Port Input	14	1283222	3124	1
S1012632	102	Port Input	15	1283222	3124	1
S1012632	102	Port Input	14	1283222	3124	1
S1012632	102	Port Input	15	1283223	3125	1
S1012632	102	Port Input	14	1283223	3125	1
S1012632	102	Port Input	15	1283223	3125	1
S1012632	102	Port Input	14	1283223	3125	1
S1012632	102	Port Input	15	1283224	3126	1
S1012632	102	Port Input	14	1283224	3126	1
S1012632	102	Port Input	15	1283224	3126	1
S1012632	102	Port Input	14	1283225	3126	1
S1012632	102	Port Input	15	1283225	3127	1
S1012632	102	Port Input	14	1292669	12571	1
S1012632	102	Response	22	1292669	12571	1
S1012632	102	Port Input	15	1292669	12571	1
S1012632	102	Port Input	14	1292669	12571	2
S1012632	103	Port Input	15	1296027	3304	1
S1012632	103	Port Input	14	1296027	3304	1
S1012632	103	Port Input	15	1296027	3304	1
S1012632	103	Port Input	14	1296027	3305	1
S1012632	103	Port Input	15	1296028	3305	1
S1012632	103	Port Input	14	1296028	3306	1
S1012632	103	Port Input	15	1296028	3306	1
