Scenario - Button
Logfile written - 11/29/2022 16:11:47

Subject	Trial	Event Type	Code	Time	TTime	Uncertainty	Duration	Uncertainty	ReqTime	ReqDur	Stim Type	Pair Index

S3104113	1	Picture	start	49	0	1	40554	41	0	next	other	0
S3104113	2	Port Input	14	44322	4218	1
S3104113	2	Response	20	44322	4218	1
S3104113	3	Picture	20	45118	0	1	11111	1	0	next	hit	51
S3104113	3	Port Input	15	46503	1385	1
S3104113	3	Port Input	14	46503	1385	1
S3104113	3	Port Input	15	46655	1537	1
S3104113	3	Port Input	14	46655	1537	1
S3104113	3	Port Input	15	47167	2049	1
S3104113	3	Port Input	14	47167	2049	1
S3104113	3	Port Input	15	47167	2050	1
S3104113	3	Port Input	14	47168	2050	1
S3104113	3	Port Input	15	47168	2050	1
S3104113	3	Port Input	14	47168	2050	1
S3104113	3	Port Input	15	47168	2051	1
S3104113	3	Port Input	14	47168	2051	1
S3104113	3	Port Input	15	47168	2051	1
S3104113	3	Port Input	14	47169	2051	1
S3104113	3	Port Input	15	47169	2052	1
S3104113	3	Port Input	14	47169	2052	1
S3104113	3	Port Input	15	47169	2052	1
S3104113	3	Port Input	14	47170	2052	1
S3104113	3	Port Input	15	47170	2052	1
S3104113	3	Port Input	14	47170	2052	1
S3104113	3	Port Input	15	47171	2053	1
S3104113	3	Port Input	14	47171	2054	1
S3104113	3	Port Input	15	47171	2054	1
S3104113	3	Port Input	14	47171	2054	1
S3104113	3	Port Input	15	47172	2054	1
S3104113	3	Port Input	14	47172	2054	1
S3104113	3	Port Input	15	47172	2054	1
S3104113	3	Port Input	14	47172	2054	1
S3104113	3	Port Input	15	47172	2054	1
S3104113	3	Port Input	14	47172	2054	1
S3104113	3	Port Input	15	47172	2055	1
S3104113	3	Port Input	14	47172	2055	1
S3104113	3	Port Input	15	47172	2055	1
S3104113	3	Port Input	14	47172	2055	1
S3104113	3	Port Input	15	47172	2055	1
S3104113	3	Port Input	14	47172	2055	1
S3104113	3	Port Input	15	47172	2055	1
S3104113	3	Port Input	14	47172	2055	1
S3104113	3	Port Input	15	47172	2055	1
S3104113	3	Port Input	14	47173	2055	1
S3104113	3	Port Input	15	47173	2055	1
S3104113	3	Port Input	14	47174	2056	1
S3104113	3	Port Input	15	47174	2056	1
S3104113	3	Port Input	14	47174	2056	1
S3104113	3	Port Input	15	47174	2056	1
S3104113	3	Port Input	14	56205	11088	1
S3104113	3	Response	22	56205	11088	1
S3104113	4	Picture	20	56228	0	1	11666	1	0	next	hit	57
S3104113	4	Port Input	15	58614	2385	1
S3104113	4	Port Input	14	58614	2385	1
S3104113	4	Port Input	15	58614	2386	1
S3104113	4	Port Input	14	67860	11632	1
S3104113	4	Response	22	67860	11632	1
S3104113	5	Picture	20	67895	0	1	12083	1	0	next	hit	69
S3104113	5	Port Input	15	69404	1510	1
S3104113	5	Port Input	14	69404	1510	1
S3104113	5	Port Input	15	69408	1513	1
S3104113	5	Port Input	14	69408	1513	1
S3104113	5	Port Input	15	70092	2197	1
S3104113	5	Port Input	14	70092	2197	1
S3104113	5	Port Input	15	70092	2198	1
S3104113	5	Port Input	14	70092	2198	1
S3104113	5	Port Input	15	70093	2198	1
S3104113	5	Port Input	14	79913	12018	1
S3104113	5	Response	22	79913	12018	1
S3104113	5	Port Input	15	79914	12019	4
S3104113	5	Port Input	14	79917	12022	2
S3104113	6	Picture	20	79978	0	1	12361	1	0	next	hit	87
S3104113	6	Port Input	15	80634	656	1
S3104113	6	Port Input	14	80634	656	1
S3104113	6	Port Input	15	80640	663	1
S3104113	6	Port Input	14	80640	663	1
S3104113	6	Port Input	15	82036	2059	1
S3104113	6	Port Input	14	82036	2059	1
S3104113	6	Port Input	15	82037	2059	1
S3104113	6	Port Input	14	82037	2059	1
S3104113	6	Port Input	15	82037	2060	1
S3104113	6	Port Input	14	82037	2060	1
S3104113	6	Port Input	15	82037	2060	1
S3104113	6	Port Input	14	82037	2060	1
S3104113	6	Port Input	15	82038	2061	1
S3104113	6	Port Input	14	92277	12300	1
S3104113	6	Response	22	92277	12300	1
S3104113	7	Picture	20	92338	0	1	12222	1	0	next	hit	95
S3104113	7	Port Input	15	94586	2248	1
S3104113	7	Port Input	14	94586	2248	1
S3104113	7	Port Input	15	94587	2248	1
S3104113	7	Port Input	14	94587	2248	1
S3104113	7	Port Input	15	94587	2249	1
S3104113	7	Port Input	14	104493	12154	1
S3104113	7	Response	22	104493	12154	1
S3104113	8	Picture	20	104560	0	1	12083	1	0	next	hit	101
S3104113	8	Port Input	15	106518	1958	1
S3104113	8	Port Input	14	106518	1958	1
S3104113	8	Port Input	15	106518	1958	1
S3104113	8	Port Input	14	116619	12059	1
S3104113	8	Response	22	116619	12059	1
S3104113	8	Port Input	15	116619	12059	1
S3104113	8	Port Input	14	116620	12060	3
S3104113	9	Picture	20	116643	0	1	11180	1	0	next	hit	109
S3104113	9	Port Input	15	118879	2236	1
S3104113	9	Port Input	14	118879	2236	1
S3104113	9	Port Input	15	118880	2237	1
S3104113	9	Port Input	14	127789	11146	1
S3104113	9	Response	22	127789	11146	1
S3104113	10	Picture	20	127823	0	1	12083	1	0	next	hit	143
S3104113	10	Port Input	15	128815	991	1
S3104113	10	Port Input	14	128815	991	1
S3104113	10	Port Input	15	129283	1460	1
S3104113	10	Port Input	14	129283	1460	1
S3104113	10	Port Input	15	130170	2346	1
S3104113	10	Port Input	14	130170	2346	1
S3104113	10	Port Input	15	130171	2348	1
S3104113	10	Port Input	14	130171	2348	1
S3104113	10	Port Input	15	130171	2348	1
S3104113	10	Port Input	14	130171	2348	1
S3104113	10	Port Input	15	130172	2348	1
S3104113	10	Port Input	14	130172	2349	1
S3104113	10	Port Input	15	130172	2349	1
S3104113	10	Port Input	14	130172	2349	1
S3104113	10	Port Input	15	130172	2349	1
S3104113	10	Port Input	14	130172	2349	1
S3104113	10	Port Input	15	130172	2349	1
S3104113	10	Port Input	14	130172	2349	1
S3104113	10	Port Input	15	130172	2349	1
S3104113	10	Port Input	14	130173	2350	1
S3104113	10	Port Input	15	130174	2351	1
S3104113	10	Port Input	14	130174	2351	1
S3104113	10	Port Input	15	130174	2351	1
S3104113	10	Port Input	14	130175	2351	1
S3104113	10	Port Input	15	130175	2352	1
S3104113	10	Port Input	14	130175	2352	1
S3104113	10	Port Input	15	130175	2352	1
S3104113	10	Port Input	14	130175	2352	1
S3104113	10	Port Input	15	130175	2352	1
S3104113	10	Port Input	14	130175	2352	1
S3104113	10	Port Input	15	130176	2352	1
S3104113	10	Port Input	14	139891	12067	1
S3104113	10	Response	22	139891	12067	1
S3104113	11	Picture	20	139906	0	1	11666	1	0	next	hit	165
S3104113	11	Port Input	15	142303	2397	1
S3104113	11	Port Input	14	142303	2397	1
S3104113	11	Port Input	15	142304	2397	1
S3104113	11	Port Input	14	142304	2397	1
S3104113	11	Port Input	15	142304	2398	1
S3104113	11	Port Input	14	142304	2398	1
S3104113	11	Port Input	15	142305	2399	1
S3104113	11	Port Input	14	142305	2399	1
S3104113	11	Port Input	15	142306	2400	1
S3104113	11	Port Input	14	142306	2400	1
S3104113	11	Port Input	15	142306	2400	1
S3104113	11	Port Input	14	142307	2400	1
S3104113	11	Port Input	15	142307	2401	1
S3104113	11	Port Input	14	142307	2401	1
S3104113	11	Port Input	15	142307	2401	1
S3104113	11	Port Input	14	142307	2401	1
S3104113	11	Port Input	15	142307	2401	1
S3104113	11	Port Input	14	142307	2401	1
S3104113	11	Port Input	15	142307	2401	1
S3104113	11	Port Input	14	151550	11644	1
S3104113	11	Response	22	151550	11644	1
S3104113	12	Picture	20	151573	0	1	11458	1	0	next	hit	173
S3104113	12	Port Input	15	153630	2057	1
S3104113	12	Port Input	14	153630	2057	1
S3104113	12	Port Input	15	153630	2057	1
S3104113	12	Port Input	14	153630	2057	1
S3104113	12	Port Input	15	153630	2058	1
S3104113	12	Port Input	14	162981	11408	1
S3104113	12	Response	22	162981	11408	1
S3104113	12	Port Input	15	162981	11409	1
S3104113	12	Port Input	14	162981	11409	2
S3104113	13	Picture	20	163031	0	1	12569	1	0	next	hit	195
S3104113	13	Port Input	15	165132	2102	1
S3104113	13	Port Input	14	165132	2102	1
S3104113	13	Port Input	15	165134	2103	1
S3104113	13	Port Input	14	165134	2103	1
S3104113	13	Port Input	15	165134	2103	1
S3104113	13	Port Input	14	165134	2104	1
S3104113	13	Port Input	15	165134	2104	1
S3104113	13	Port Input	14	165134	2104	1
S3104113	13	Port Input	15	165135	2104	1
S3104113	13	Port Input	14	165135	2104	1
S3104113	13	Port Input	15	165135	2105	1
S3104113	13	Port Input	14	165135	2105	1
S3104113	13	Port Input	15	165135	2105	1
S3104113	13	Port Input	14	165135	2105	1
S3104113	13	Port Input	15	165136	2105	1
S3104113	13	Port Input	14	165136	2105	1
S3104113	13	Port Input	15	165136	2106	1
S3104113	13	Port Input	14	175567	12536	1
S3104113	13	Response	22	175567	12536	1
S3104113	13	Port Input	15	175567	12537	1
S3104113	13	Port Input	14	175567	12537	1
S3104113	14	Picture	20	175600	0	1	11875	1	0	next	hit	215
S3104113	14	Port Input	15	177555	1956	1
S3104113	14	Port Input	14	177555	1956	1
S3104113	14	Port Input	15	177556	1956	1
S3104113	14	Port Input	14	177556	1956	1
S3104113	14	Port Input	15	177556	1956	1
S3104113	14	Port Input	14	177556	1956	1
S3104113	14	Port Input	15	177556	1957	1
S3104113	14	Port Input	14	177558	1958	1
S3104113	14	Port Input	15	177559	1959	1
S3104113	14	Port Input	14	177559	1959	1
S3104113	14	Port Input	15	177559	1960	1
S3104113	14	Port Input	14	177559	1960	1
S3104113	14	Port Input	15	177560	1960	1
S3104113	14	Port Input	14	177561	1962	1
S3104113	14	Port Input	15	177561	1962	1
S3104113	14	Port Input	14	187398	11799	1
S3104113	14	Response	22	187398	11799	1
S3104113	15	Picture	20	187474	0	1	11666	1	0	next	hit	231
S3104113	15	Port Input	15	189710	2236	1
S3104113	15	Port Input	14	189710	2236	1
S3104113	15	Port Input	15	189710	2236	1
S3104113	15	Port Input	14	189710	2236	1
S3104113	15	Port Input	15	189710	2236	1
S3104113	15	Port Input	14	189710	2236	1
S3104113	15	Port Input	15	189710	2236	1
S3104113	15	Port Input	14	189710	2236	1
S3104113	15	Port Input	15	189711	2236	1
S3104113	15	Port Input	14	189711	2236	1
S3104113	15	Port Input	15	189711	2237	1
S3104113	15	Port Input	14	189711	2237	1
S3104113	15	Port Input	15	189711	2237	1
S3104113	15	Port Input	14	199081	11606	1
S3104113	15	Response	22	199081	11606	1
S3104113	16	Picture	20	199140	0	1	11666	1	0	next	hit	261
S3104113	16	Port Input	15	201216	2076	1
S3104113	16	Port Input	14	201216	2076	1
S3104113	16	Port Input	15	201217	2076	1
S3104113	16	Port Input	14	201217	2076	1
S3104113	16	Port Input	15	201217	2076	1
S3104113	16	Port Input	14	201217	2076	1
S3104113	16	Port Input	15	201218	2077	1
S3104113	16	Port Input	14	201218	2077	1
S3104113	16	Port Input	15	201218	2078	1
S3104113	16	Port Input	14	201218	2078	1
S3104113	16	Port Input	15	201218	2078	1
S3104113	16	Port Input	14	201218	2078	1
S3104113	16	Port Input	15	201218	2078	1
S3104113	16	Port Input	14	201218	2078	1
S3104113	16	Port Input	15	201219	2079	1
S3104113	16	Port Input	14	201219	2079	1
S3104113	16	Port Input	15	201219	2079	1
S3104113	16	Port Input	14	201219	2079	1
S3104113	16	Port Input	15	201220	2079	1
S3104113	16	Port Input	14	201220	2079	1
S3104113	16	Port Input	15	201220	2079	1
S3104113	16	Port Input	14	201220	2079	1
S3104113	16	Port Input	15	201220	2080	1
S3104113	16	Port Input	14	201220	2080	1
S3104113	16	Port Input	15	201220	2080	1
S3104113	16	Port Input	14	201220	2080	1
S3104113	16	Port Input	15	201221	2080	1
S3104113	16	Port Input	14	210764	11623	1
S3104113	16	Response	22	210764	11623	1
S3104113	16	Port Input	15	210764	11623	1
S3104113	16	Port Input	14	210764	11624	1
S3104113	17	Picture	20	210807	0	1	12014	1	0	next	hit	269
S3104113	17	Port Input	15	212913	2106	1
S3104113	17	Port Input	14	212913	2106	1
S3104113	17	Port Input	15	212913	2106	1
S3104113	17	Port Input	14	222793	11986	1
S3104113	17	Response	22	222793	11986	1
S3104113	18	Picture	20	222820	0	1	12430	1	0	next	hit	287
S3104113	18	Port Input	15	225162	2342	1
S3104113	18	Port Input	14	225162	2342	1
S3104113	18	Port Input	15	225163	2342	1
S3104113	18	Port Input	14	225163	2342	1
S3104113	18	Port Input	15	225164	2344	1
S3104113	18	Port Input	14	225164	2344	1
S3104113	18	Port Input	15	225165	2345	1
S3104113	18	Port Input	14	225165	2345	1
S3104113	18	Port Input	15	225166	2345	1
S3104113	18	Port Input	14	225166	2345	1
S3104113	18	Port Input	15	225167	2346	1
S3104113	18	Port Input	14	225167	2346	1
S3104113	18	Port Input	15	225169	2349	1
S3104113	18	Port Input	14	225169	2349	1
S3104113	18	Port Input	15	225169	2349	1
S3104113	18	Port Input	14	235176	12356	1
S3104113	18	Response	22	235176	12356	1
S3104113	19	Picture	20	235251	0	1	11180	1	0	next	hit	293
S3104113	19	Port Input	15	237437	2186	1
S3104113	19	Port Input	14	237437	2186	1
S3104113	19	Port Input	15	237437	2187	1
S3104113	19	Port Input	14	246406	11156	1
S3104113	19	Response	22	246406	11156	1
S3104113	20	Picture	20	246431	0	1	10833	1	0	next	hit	299
S3104113	20	Port Input	15	248422	1991	1
S3104113	20	Port Input	14	248422	1992	1
S3104113	20	Port Input	15	248422	1992	1
S3104113	20	Port Input	14	257207	10777	1
S3104113	20	Response	22	257207	10777	1
S3104113	21	Picture	20	257264	0	1	10902	1	0	next	hit	317
S3104113	21	Port Input	15	259156	1893	1
S3104113	21	Port Input	14	259156	1893	1
S3104113	21	Port Input	15	259157	1893	1
S3104113	21	Port Input	14	259157	1893	1
S3104113	21	Port Input	15	259157	1893	1
S3104113	21	Port Input	14	259158	1895	1
S3104113	21	Port Input	15	259159	1895	1
S3104113	21	Port Input	14	259160	1896	1
S3104113	21	Port Input	15	259160	1896	1
S3104113	21	Port Input	14	259160	1896	1
S3104113	21	Port Input	15	259160	1896	1
S3104113	21	Port Input	14	259161	1897	1
S3104113	21	Port Input	15	259161	1898	1
S3104113	21	Port Input	14	259161	1898	1
S3104113	21	Port Input	15	259162	1898	1
S3104113	21	Port Input	14	268133	10869	1
S3104113	21	Response	22	268133	10869	1
S3104113	22	Picture	20	268166	0	1	10625	1	0	next	hit	321
S3104113	22	Port Input	15	270339	2172	1
S3104113	22	Port Input	14	278770	10603	1
S3104113	22	Response	22	278770	10603	1
S3104113	22	Port Input	15	278770	10604	1
S3104113	22	Port Input	14	278771	10605	6
S3104113	23	Picture	20	278791	0	1	11389	1	0	next	hit	339
S3104113	23	Port Input	15	280843	2052	1
S3104113	23	Port Input	14	280843	2052	1
S3104113	23	Port Input	15	280844	2053	1
S3104113	23	Port Input	14	280844	2053	1
S3104113	23	Port Input	15	280844	2054	1
S3104113	23	Port Input	14	280844	2054	1
S3104113	23	Port Input	15	280845	2054	1
S3104113	23	Port Input	14	280845	2054	1
S3104113	23	Port Input	15	280845	2054	1
S3104113	23	Port Input	14	280845	2054	1
S3104113	23	Port Input	15	280846	2055	1
S3104113	23	Port Input	14	280846	2055	1
S3104113	23	Port Input	15	280847	2056	1
S3104113	23	Port Input	14	290134	11343	1
S3104113	23	Response	22	290134	11343	1
S3104113	24	Picture	20	290179	0	1	11875	1	0	next	hit	361
S3104113	24	Port Input	15	292044	1864	1
S3104113	24	Port Input	14	292044	1864	1
S3104113	24	Port Input	15	292044	1865	1
S3104113	24	Port Input	14	292044	1865	1
S3104113	24	Port Input	15	292044	1865	1
S3104113	24	Port Input	14	292045	1865	1
S3104113	24	Port Input	15	292045	1865	1
S3104113	24	Port Input	14	292045	1866	1
S3104113	24	Port Input	15	292045	1866	1
S3104113	24	Port Input	14	292045	1866	1
S3104113	24	Port Input	15	292046	1867	1
S3104113	24	Port Input	14	292046	1867	1
S3104113	24	Port Input	15	292046	1867	1
S3104113	24	Port Input	14	292046	1867	1
S3104113	24	Port Input	15	292047	1867	1
S3104113	24	Port Input	14	292047	1867	1
S3104113	24	Port Input	15	292048	1869	1
S3104113	24	Port Input	14	292048	1869	1
S3104113	24	Port Input	15	292048	1869	1
S3104113	24	Port Input	14	302036	11856	1
S3104113	24	Response	22	302036	11856	1
S3104113	25	Picture	20	302054	0	1	11597	1	0	next	hit	369
S3104113	25	Port Input	15	304070	2016	1
S3104113	25	Port Input	14	304070	2016	1
S3104113	25	Port Input	15	304070	2016	1
S3104113	25	Port Input	14	304070	2016	1
S3104113	25	Port Input	15	304071	2017	1
S3104113	25	Port Input	14	313629	11575	1
S3104113	25	Response	22	313629	11575	1
S3104113	26	Picture	20	313651	0	1	10764	1	0	next	hit	385
S3104113	26	Port Input	15	315506	1855	1
S3104113	26	Port Input	14	315506	1855	1
S3104113	26	Port Input	15	315506	1856	1
S3104113	26	Port Input	14	315506	1856	1
S3104113	26	Port Input	15	315507	1856	1
S3104113	26	Port Input	14	315507	1856	1
S3104113	26	Port Input	15	315507	1856	1
S3104113	26	Port Input	14	315507	1856	1
S3104113	26	Port Input	15	315507	1856	1
S3104113	26	Port Input	14	315507	1856	1
S3104113	26	Port Input	15	315507	1856	1
S3104113	26	Port Input	14	315507	1856	1
S3104113	26	Port Input	15	315507	1856	1
S3104113	26	Port Input	14	324403	10753	1
S3104113	26	Response	22	324403	10753	1
S3104113	27	Picture	20	324414	0	1	12152	1	0	next	hit	395
S3104113	27	Port Input	15	326401	1987	1
S3104113	27	Port Input	14	326401	1987	1
S3104113	27	Port Input	15	326405	1991	1
S3104113	27	Port Input	14	326405	1991	1
S3104113	27	Port Input	15	326406	1991	1
S3104113	27	Port Input	14	326406	1991	1
S3104113	27	Port Input	15	326406	1992	1
S3104113	27	Port Input	14	336539	12125	1
S3104113	27	Response	22	336539	12125	1
S3104113	27	Port Input	15	336539	12125	1
S3104113	27	Port Input	14	336540	12125	1
S3104113	28	Picture	20	336567	0	1	10902	1	0	next	hit	401
S3104113	28	Port Input	15	338571	2004	1
S3104113	28	Port Input	14	347432	10865	1
S3104113	28	Response	22	347432	10865	1
S3104113	29	Picture	20	347469	0	1	10416	1	0	next	hit	405
S3104113	29	Port Input	15	349334	1864	1
S3104113	29	Port Input	14	357855	10385	1
S3104113	29	Response	22	357855	10385	1
S3104113	30	Picture	20	357886	0	1	10347	1	0	next	hit	411
S3104113	30	Port Input	15	359706	1821	1
S3104113	30	Port Input	14	359706	1821	1
S3104113	30	Port Input	15	359706	1821	1
S3104113	30	Port Input	14	368210	10324	1
S3104113	30	Response	22	368210	10324	1
S3104113	31	Picture	20	368232	0	1	11319	1	0	next	hit	415
S3104113	31	Port Input	15	370102	1869	1
S3104113	31	Port Input	14	379482	11249	1
S3104113	31	Response	22	379482	11249	1
S3104113	32	Picture	20	379552	0	1	10764	1	0	next	hit	423
S3104113	32	Port Input	15	381421	1870	1
S3104113	32	Port Input	14	381421	1870	1
S3104113	32	Port Input	15	381421	1870	1
S3104113	32	Port Input	14	381421	1870	1
S3104113	32	Port Input	15	381422	1870	1
S3104113	32	Port Input	14	390274	10722	1
S3104113	32	Response	22	390274	10722	1
S3104113	32	Port Input	15	390274	10722	1
S3104113	32	Port Input	14	390274	10723	1
S3104113	33	Picture	20	390315	0	1	9444	1	0	next	hit	429
S3104113	33	Port Input	15	392186	1871	1
S3104113	33	Port Input	14	399742	9427	1
S3104113	33	Response	22	399742	9427	1
S3104113	34	Picture	20	399759	0	1	11111	1	0	next	hit	437
S3104113	34	Port Input	15	402009	2250	1
S3104113	34	Port Input	14	402009	2250	1
S3104113	34	Port Input	15	402014	2255	1
S3104113	34	Port Input	14	402014	2255	1
S3104113	34	Port Input	15	402014	2255	1
S3104113	34	Port Input	14	410800	11040	1
S3104113	34	Response	22	410800	11040	1
S3104113	35	Picture	20	410870	0	1	11875	1	0	next	hit	447
S3104113	35	Port Input	15	412795	1925	1
S3104113	35	Port Input	14	412795	1925	1
S3104113	35	Port Input	15	412795	1925	1
S3104113	35	Port Input	14	412796	1925	1
S3104113	35	Port Input	15	412796	1926	1
S3104113	35	Port Input	14	412796	1926	1
S3104113	35	Port Input	15	412797	1927	1
S3104113	35	Port Input	14	422681	11811	1
S3104113	35	Response	22	422681	11811	1
S3104113	36	Picture	20	422745	0	1	11805	1	0	next	hit	453
S3104113	36	Port Input	15	425330	2585	1
S3104113	36	Port Input	14	425330	2585	1
S3104113	36	Port Input	15	425330	2585	1
S3104113	36	Port Input	14	434510	11766	1
S3104113	36	Response	22	434510	11766	1
S3104113	36	Port Input	15	434510	11766	1
S3104113	36	Port Input	14	434511	11766	1
S3104113	36	Port Input	15	434511	11766	1
S3104113	36	Port Input	14	434511	11766	1
S3104113	36	Port Input	15	434511	11766	1
S3104113	36	Port Input	14	434511	11767	3
S3104113	37	Picture	20	434550	0	1	11319	1	0	next	hit	465
S3104113	37	Port Input	15	436417	1867	1
S3104113	37	Port Input	14	436417	1867	1
S3104113	37	Port Input	15	436417	1867	1
S3104113	37	Port Input	14	445845	11295	1
S3104113	37	Response	22	445845	11295	1
S3104113	38	Picture	20	445869	0	1	10694	1	0	next	hit	505
S3104113	38	Port Input	15	447757	1888	1
S3104113	38	Port Input	14	447757	1888	1
S3104113	38	Port Input	15	447758	1889	1
S3104113	38	Port Input	14	447758	1889	1
S3104113	38	Port Input	15	447758	1889	1
S3104113	38	Port Input	14	447758	1889	1
S3104113	38	Port Input	15	447758	1889	1
S3104113	38	Port Input	14	447758	1889	1
S3104113	38	Port Input	15	447759	1890	1
S3104113	38	Port Input	14	447759	1890	1
S3104113	38	Port Input	15	447760	1891	1
S3104113	38	Port Input	14	447760	1891	1
S3104113	38	Port Input	15	447761	1892	1
S3104113	38	Port Input	14	447761	1892	1
S3104113	38	Port Input	15	447761	1892	1
S3104113	38	Port Input	14	447761	1892	1
S3104113	38	Port Input	15	447761	1892	1
S3104113	38	Port Input	14	447761	1892	1
S3104113	38	Port Input	15	447762	1893	1
S3104113	38	Port Input	14	447762	1893	1
S3104113	38	Port Input	15	447762	1893	1
S3104113	38	Port Input	14	447762	1893	1
S3104113	38	Port Input	15	447762	1893	1
S3104113	38	Port Input	14	447763	1894	1
S3104113	38	Port Input	15	447763	1894	1
S3104113	38	Port Input	14	447763	1894	1
S3104113	38	Port Input	15	447763	1894	1
S3104113	38	Port Input	14	447763	1894	1
S3104113	38	Port Input	15	447764	1895	1
S3104113	38	Port Input	14	447764	1895	1
S3104113	38	Port Input	15	447765	1896	1
S3104113	38	Port Input	14	447765	1896	1
S3104113	38	Port Input	15	447766	1897	1
S3104113	38	Port Input	14	447766	1897	1
S3104113	38	Port Input	15	447766	1897	1
S3104113	38	Port Input	14	447766	1897	1
S3104113	38	Port Input	15	447766	1897	1
S3104113	38	Port Input	14	456493	10624	1
S3104113	38	Response	22	456493	10624	1
S3104113	39	Picture	20	456563	0	1	12014	1	0	next	hit	515
S3104113	39	Port Input	15	458780	2217	1
S3104113	39	Port Input	14	458780	2217	1
S3104113	39	Port Input	15	458780	2217	1
S3104113	39	Port Input	14	458780	2217	1
S3104113	39	Port Input	15	458780	2217	1
S3104113	39	Port Input	14	458781	2217	1
S3104113	39	Port Input	15	458781	2218	1
S3104113	39	Port Input	14	468503	11940	1
S3104113	39	Response	22	468503	11940	1
S3104113	40	Picture	20	468577	0	1	11458	1	0	next	hit	535
S3104113	40	Port Input	15	470409	1833	1
S3104113	40	Port Input	14	470409	1833	1
S3104113	40	Port Input	15	470410	1834	1
S3104113	40	Port Input	14	470412	1835	1
S3104113	40	Port Input	15	470413	1836	1
S3104113	40	Port Input	14	470413	1836	1
S3104113	40	Port Input	15	470413	1836	1
S3104113	40	Port Input	14	470413	1836	1
S3104113	40	Port Input	15	470413	1837	1
S3104113	40	Port Input	14	470413	1837	1
S3104113	40	Port Input	15	470414	1837	1
S3104113	40	Port Input	14	470414	1837	1
S3104113	40	Port Input	15	470414	1837	1
S3104113	40	Port Input	14	470414	1838	1
S3104113	40	Port Input	15	470414	1838	1
S3104113	40	Port Input	14	470414	1838	1
S3104113	40	Port Input	15	470414	1838	1
S3104113	40	Port Input	14	479961	11385	1
S3104113	40	Response	22	479961	11385	1
S3104113	41	Picture	20	480035	0	1	11597	1	0	next	hit	541
S3104113	41	Port Input	15	481800	1765	1
S3104113	41	Port Input	14	481800	1765	1
S3104113	41	Port Input	15	481800	1765	1
S3104113	41	Port Input	14	491564	11530	1
S3104113	41	Response	22	491564	11530	1
S3104113	42	Picture	20	491631	0	1	10277	1	0	next	hit	547
S3104113	42	Port Input	15	493191	1560	1
S3104113	42	Port Input	14	493191	1560	1
S3104113	42	Port Input	15	493191	1560	1
S3104113	42	Port Input	14	501865	10233	1
S3104113	42	Response	22	501865	10233	1
S3104113	43	Picture	20	501909	0	1	10972	1	0	next	hit	557
S3104113	43	Port Input	15	503862	1953	1
S3104113	43	Port Input	14	503862	1953	1
S3104113	43	Port Input	15	503862	1953	1
S3104113	43	Port Input	14	503862	1953	1
S3104113	43	Port Input	15	503862	1953	1
S3104113	43	Port Input	14	503862	1953	1
S3104113	43	Port Input	15	503862	1953	1
S3104113	43	Port Input	14	512827	10918	1
S3104113	43	Response	22	512827	10918	1
S3104113	44	Picture	20	512881	0	1	11111	1	0	next	hit	589
S3104113	44	Port Input	15	514872	1991	1
S3104113	44	Port Input	14	514872	1991	1
S3104113	44	Port Input	15	514875	1994	1
S3104113	44	Port Input	14	514875	1994	1
S3104113	44	Port Input	15	514875	1994	1
S3104113	44	Port Input	14	514875	1994	1
S3104113	44	Port Input	15	514875	1994	1
S3104113	44	Port Input	14	514875	1995	1
S3104113	44	Port Input	15	514876	1995	1
S3104113	44	Port Input	14	514876	1995	1
S3104113	44	Port Input	15	514876	1996	1
S3104113	44	Port Input	14	514876	1996	1
S3104113	44	Port Input	15	514876	1996	1
S3104113	44	Port Input	14	514876	1996	1
S3104113	44	Port Input	15	514877	1997	1
S3104113	44	Port Input	14	514877	1997	1
S3104113	44	Port Input	15	514877	1997	1
S3104113	44	Port Input	14	514878	1997	1
S3104113	44	Port Input	15	514878	1998	1
S3104113	44	Port Input	14	514878	1998	1
S3104113	44	Port Input	15	514879	1998	1
S3104113	44	Port Input	14	514879	1998	1
S3104113	44	Port Input	15	514879	1999	1
S3104113	44	Port Input	14	514879	1999	1
S3104113	44	Port Input	15	514880	1999	1
S3104113	44	Port Input	14	514880	1999	1
S3104113	44	Port Input	15	514880	1999	1
S3104113	44	Port Input	14	514880	1999	1
S3104113	44	Port Input	15	514881	2000	1
S3104113	44	Port Input	14	523983	11102	1
S3104113	44	Response	22	523983	11102	1
S3104113	44	Port Input	15	523983	11103	1
S3104113	44	Port Input	14	523984	11103	1
S3104113	45	Picture	20	523991	0	1	12083	1	0	next	hit	597
S3104113	45	Port Input	15	526232	2240	1
S3104113	45	Port Input	14	526232	2240	1
S3104113	45	Port Input	15	526232	2240	1
S3104113	45	Port Input	14	536007	12016	1
S3104113	45	Response	22	536007	12016	1
S3104113	45	Port Input	15	536007	12016	1
S3104113	45	Port Input	14	536008	12016	1
S3104113	46	Picture	20	536074	0	1	11111	1	0	next	hit	605
S3104113	46	Port Input	15	537923	1849	1
S3104113	46	Port Input	14	537924	1849	1
S3104113	46	Port Input	15	537924	1849	1
S3104113	46	Port Input	14	547172	11098	1
S3104113	46	Response	22	547172	11098	1
S3104113	46	Port Input	15	547172	11098	1
S3104113	46	Port Input	14	547172	11098	1
S3104113	46	Port Input	15	547172	11098	1
S3104113	46	Port Input	14	547173	11098	1
S3104113	47	Picture	20	547185	0	1	11319	1	0	next	hit	615
S3104113	47	Port Input	15	549181	1996	1
S3104113	47	Port Input	14	549181	1996	1
S3104113	47	Port Input	15	549181	1996	1
S3104113	47	Port Input	14	558490	11305	1
S3104113	47	Response	22	558490	11305	1
S3104113	48	Picture	20	558504	0	1	11180	1	0	next	hit	619
S3104113	48	Port Input	15	560528	2023	1
S3104113	48	Port Input	14	569619	11115	1
S3104113	48	Response	22	569619	11115	1
S3104113	49	Picture	20	569685	0	1	10902	1	0	next	hit	633
S3104113	49	Port Input	15	571676	1991	1
S3104113	49	Port Input	14	571676	1991	1
S3104113	49	Port Input	15	571677	1993	1
S3104113	49	Port Input	14	571677	1993	1
S3104113	49	Port Input	15	571680	1996	1
S3104113	49	Port Input	14	571680	1996	1
S3104113	49	Port Input	15	571680	1996	1
S3104113	49	Port Input	14	571680	1996	1
S3104113	49	Port Input	15	571681	1996	1
S3104113	49	Port Input	14	571681	1996	1
S3104113	49	Port Input	15	571681	1996	1
S3104113	49	Port Input	14	580542	10857	1
S3104113	49	Response	22	580542	10857	1
S3104113	50	Picture	20	580587	0	1	11041	1	0	next	hit	637
S3104113	50	Port Input	15	582680	2093	1
S3104113	50	Port Input	14	591577	10990	1
S3104113	50	Response	22	591577	10990	1
S3104113	51	Picture	20	591628	0	1	11319	1	0	next	hit	641
S3104113	51	Port Input	15	593546	1917	1
S3104113	51	Port Input	14	602917	11289	1
S3104113	51	Response	22	602917	11289	1
S3104113	52	Picture	20	602947	0	1	10902	1	0	next	hit	645
S3104113	52	Port Input	15	604957	2009	1
S3104113	52	Port Input	14	613828	10881	1
S3104113	52	Response	22	613828	10881	1
S3104113	53	Picture	20	613850	0	1	10000	1	0	next	hit	661
S3104113	53	Port Input	15	615804	1954	1
S3104113	53	Port Input	14	615804	1954	1
S3104113	53	Port Input	15	615804	1954	1
S3104113	53	Port Input	14	615804	1954	1
S3104113	53	Port Input	15	615804	1954	1
S3104113	53	Port Input	14	615804	1954	1
S3104113	53	Port Input	15	615805	1955	1
S3104113	53	Port Input	14	615805	1955	1
S3104113	53	Port Input	15	615806	1956	1
S3104113	53	Port Input	14	615806	1956	1
S3104113	53	Port Input	15	615806	1957	1
S3104113	53	Port Input	14	615807	1957	1
S3104113	53	Port Input	15	615807	1958	1
S3104113	53	Port Input	14	623841	9991	1
S3104113	53	Response	22	623841	9991	1
S3104113	53	Port Input	15	623841	9991	1
S3104113	53	Port Input	14	623841	9992	1
S3104113	54	Picture	20	623849	0	1	11319	1	0	next	hit	669
S3104113	54	Port Input	15	626102	2252	1
S3104113	54	Port Input	14	626102	2252	1
S3104113	54	Port Input	15	626102	2253	1
S3104113	54	Port Input	14	635102	11252	1
S3104113	54	Response	22	635102	11252	1
S3104113	55	Picture	20	635169	0	1	10764	1	0	next	hit	675
S3104113	55	Port Input	15	637202	2033	1
S3104113	55	Port Input	14	637202	2033	1
S3104113	55	Port Input	15	637202	2034	1
S3104113	55	Port Input	14	645879	10711	1
S3104113	55	Response	22	645879	10711	1
S3104113	56	Picture	20	645932	0	1	11041	1	0	next	hit	689
S3104113	56	Port Input	15	648298	2366	1
S3104113	56	Port Input	14	648298	2366	1
S3104113	56	Port Input	15	648298	2366	1
S3104113	56	Port Input	14	648299	2367	1
S3104113	56	Port Input	15	648299	2367	1
S3104113	56	Port Input	14	648299	2367	1
S3104113	56	Port Input	15	648300	2367	1
S3104113	56	Port Input	14	648300	2367	1
S3104113	56	Port Input	15	648300	2367	1
S3104113	56	Port Input	14	648300	2368	1
S3104113	56	Port Input	15	648300	2368	1
S3104113	56	Port Input	14	656900	10968	1
S3104113	56	Response	22	656900	10968	1
S3104113	57	Picture	20	656973	0	1	11319	1	0	next	hit	697
S3104113	57	Port Input	15	658805	1832	1
S3104113	57	Port Input	14	658805	1832	1
S3104113	57	Port Input	15	658806	1832	1
S3104113	57	Port Input	14	658806	1832	1
S3104113	57	Port Input	15	658806	1833	1
S3104113	57	Port Input	14	668253	11280	1
S3104113	57	Response	22	668253	11280	1
S3104113	58	Picture	20	668293	0	1	10694	1	0	next	hit	707
S3104113	58	Port Input	15	670577	2284	1
S3104113	58	Port Input	14	670577	2284	1
S3104113	58	Port Input	15	670577	2285	1
S3104113	58	Port Input	14	670577	2285	1
S3104113	58	Port Input	15	670578	2285	1
S3104113	58	Port Input	14	670578	2285	1
S3104113	58	Port Input	15	670578	2285	1
S3104113	58	Port Input	14	678975	10683	1
S3104113	58	Response	22	678975	10683	1
S3104113	58	Port Input	15	678976	10683	1
S3104113	58	Port Input	14	678976	10683	1
S3104113	59	Picture	20	678987	0	1	10625	1	0	next	hit	713
S3104113	59	Port Input	15	681345	2358	1
S3104113	59	Port Input	14	689588	10601	1
S3104113	59	Response	22	689588	10601	1
S3104113	60	Picture	20	689611	0	1	10208	1	0	next	hit	717
S3104113	60	Port Input	15	691595	1984	1
S3104113	60	Port Input	14	699797	10185	1
S3104113	60	Response	22	699797	10185	1
S3104113	61	Picture	20	699819	0	1	11041	1	0	next	hit	735
S3104113	61	Port Input	15	701921	2101	1
S3104113	61	Port Input	14	701921	2101	1
S3104113	61	Port Input	15	701921	2101	1
S3104113	61	Port Input	14	701921	2101	1
S3104113	61	Port Input	15	701921	2102	1
S3104113	61	Port Input	14	701921	2102	1
S3104113	61	Port Input	15	701922	2102	1
S3104113	61	Port Input	14	701922	2102	1
S3104113	61	Port Input	15	701922	2103	1
S3104113	61	Port Input	14	701922	2103	1
S3104113	61	Port Input	15	701922	2103	1
S3104113	61	Port Input	14	701922	2103	1
S3104113	61	Port Input	15	701923	2103	1
S3104113	61	Port Input	14	701923	2104	1
S3104113	61	Port Input	15	701924	2104	1
S3104113	61	Port Input	14	710833	11013	1
S3104113	61	Response	22	710833	11013	1
S3104113	62	Picture	20	710861	0	1	11458	1	0	next	hit	743
S3104113	62	Port Input	15	712897	2036	1
S3104113	62	Port Input	14	712897	2036	1
S3104113	62	Port Input	15	712897	2036	1
S3104113	62	Port Input	14	712897	2036	1
S3104113	62	Port Input	15	712897	2036	1
S3104113	62	Port Input	14	722258	11398	1
S3104113	62	Response	22	722258	11398	1
S3104113	63	Picture	20	722319	0	1	12083	1	0	next	hit	747
S3104113	63	Port Input	15	724406	2087	1
S3104113	63	Port Input	14	734360	12041	1
S3104113	63	Response	22	734360	12041	1
S3104113	64	Picture	20	734402	0	1	10555	1	0	next	hit	751
S3104113	64	Port Input	15	736422	2021	1
S3104113	64	Port Input	14	744946	10545	1
S3104113	64	Response	22	744946	10545	1
S3104113	65	Picture	20	744957	0	1	10694	1	0	next	hit	755
S3104113	65	Port Input	15	747132	2175	1
S3104113	65	Port Input	14	755632	10675	1
S3104113	65	Response	22	755632	10675	1
S3104113	66	Picture	20	755651	0	1	10764	1	0	next	hit	761
S3104113	66	Port Input	15	757956	2305	1
S3104113	66	Port Input	14	757956	2305	1
S3104113	66	Port Input	15	757956	2305	1
S3104113	66	Port Input	14	766340	10689	1
S3104113	66	Response	22	766340	10689	1
S3104113	67	Picture	20	766415	0	1	11041	1	0	next	hit	787
S3104113	67	Port Input	15	767118	703	1
S3104113	67	Port Input	14	767118	703	1
S3104113	67	Port Input	15	767119	704	1
S3104113	67	Port Input	14	767119	704	1
S3104113	67	Port Input	15	767143	728	1
S3104113	67	Port Input	14	767143	728	1
S3104113	67	Port Input	15	767144	729	1
S3104113	67	Port Input	14	767144	729	1
S3104113	67	Port Input	15	767155	741	1
S3104113	67	Port Input	14	767155	741	1
S3104113	67	Port Input	15	767159	744	1
S3104113	67	Port Input	14	767159	744	1
S3104113	67	Port Input	15	767160	746	1
S3104113	67	Port Input	14	767160	746	1
S3104113	67	Port Input	15	767165	750	1
S3104113	67	Port Input	14	767165	750	1
S3104113	67	Port Input	15	767177	762	1
S3104113	67	Port Input	14	767177	762	1
S3104113	67	Port Input	15	767182	767	1
S3104113	67	Port Input	14	767182	767	1
S3104113	67	Port Input	15	768644	2230	1
S3104113	67	Port Input	14	768644	2230	1
S3104113	67	Port Input	15	768645	2230	1
S3104113	67	Port Input	14	777400	10985	1
S3104113	67	Response	22	777400	10985	1
S3104113	68	Picture	20	777456	0	1	9514	1	0	next	hit	791
S3104113	68	Port Input	15	779400	1944	1
S3104113	68	Port Input	14	786961	9505	1
S3104113	68	Response	22	786961	9505	1
S3104113	68	Port Input	15	786962	9506	1
S3104113	68	Port Input	14	786962	9506	1
S3104113	69	Picture	20	786969	0	1	11527	1	0	next	hit	799
S3104113	69	Port Input	15	789301	2332	1
S3104113	69	Port Input	14	789301	2332	1
S3104113	69	Port Input	15	789302	2332	1
S3104113	69	Port Input	14	798439	11470	1
S3104113	69	Response	22	798439	11470	1
S3104113	70	Picture	20	798497	0	1	10625	1	0	next	hit	803
S3104113	70	Port Input	15	800635	2138	1
S3104113	70	Port Input	14	809100	10603	1
S3104113	70	Response	22	809100	10603	1
S3104113	71	Picture	20	809122	0	1	10902	1	0	next	hit	807
S3104113	71	Port Input	15	810954	1832	1
S3104113	71	Port Input	14	820011	10889	1
S3104113	71	Response	22	820011	10889	1
S3104113	72	Picture	20	820024	0	1	11041	1	0	next	hit	813
S3104113	72	Port Input	15	821077	1053	1
S3104113	72	Port Input	14	821077	1053	1
S3104113	72	Port Input	15	822151	2127	1
S3104113	72	Port Input	14	830991	10967	1
S3104113	72	Response	22	830991	10967	1
S3104113	73	Picture	20	831065	0	1	10486	1	0	next	hit	819
S3104113	73	Port Input	15	833119	2054	1
S3104113	73	Port Input	14	833119	2054	1
S3104113	73	Port Input	15	833120	2055	1
S3104113	73	Port Input	14	841510	10445	1
S3104113	73	Response	22	841510	10445	1
S3104113	74	Picture	20	841551	0	1	11389	1	0	next	hit	855
S3104113	74	Port Input	15	842309	758	1
S3104113	74	Port Input	14	842309	758	1
S3104113	74	Port Input	15	842311	760	1
S3104113	74	Port Input	14	842311	760	1
S3104113	74	Port Input	15	842315	764	1
S3104113	74	Port Input	14	842315	764	1
S3104113	74	Port Input	15	842317	766	1
S3104113	74	Port Input	14	842317	766	1
S3104113	74	Port Input	15	842319	768	1
S3104113	74	Port Input	14	842319	768	1
S3104113	74	Port Input	15	842320	769	1
S3104113	74	Port Input	14	842320	769	1
S3104113	74	Port Input	15	842358	807	1
S3104113	74	Port Input	14	842358	807	1
S3104113	74	Port Input	15	842392	841	1
S3104113	74	Port Input	14	842392	841	1
S3104113	74	Port Input	15	842393	842	1
S3104113	74	Port Input	14	842393	842	1
S3104113	74	Port Input	15	842398	846	1
S3104113	74	Port Input	14	842398	847	1
S3104113	74	Port Input	15	842591	1040	1
S3104113	74	Port Input	14	842591	1040	1
S3104113	74	Port Input	15	842624	1072	1
S3104113	74	Port Input	14	842624	1072	1
S3104113	74	Port Input	15	842682	1131	1
S3104113	74	Port Input	14	842682	1131	1
S3104113	74	Port Input	15	842682	1131	1
S3104113	74	Port Input	14	842686	1135	1
S3104113	74	Port Input	15	842780	1229	1
S3104113	74	Port Input	14	842780	1229	1
S3104113	74	Port Input	15	842787	1236	1
S3104113	74	Port Input	14	842787	1236	1
S3104113	74	Port Input	15	843535	1984	1
S3104113	74	Port Input	14	852868	11317	1
S3104113	74	Response	22	852868	11317	1
S3104113	75	Picture	20	852940	0	1	10764	1	0	next	hit	873
S3104113	75	Port Input	15	853595	656	1
S3104113	75	Port Input	14	853595	656	1
S3104113	75	Port Input	15	853611	671	1
S3104113	75	Port Input	14	853611	671	1
S3104113	75	Port Input	15	853625	685	1
S3104113	75	Port Input	14	853625	685	1
S3104113	75	Port Input	15	853625	685	1
S3104113	75	Port Input	14	853625	685	1
S3104113	75	Port Input	15	853629	689	1
S3104113	75	Port Input	14	853629	689	1
S3104113	75	Port Input	15	853706	766	1
S3104113	75	Port Input	14	853706	766	1
S3104113	75	Port Input	15	854961	2021	1
S3104113	75	Port Input	14	854961	2021	1
S3104113	75	Port Input	15	854961	2021	1
S3104113	75	Port Input	14	863678	10738	1
S3104113	75	Response	22	863678	10738	1
S3104113	76	Picture	20	863703	0	1	10972	1	0	next	hit	881
S3104113	76	Port Input	15	865917	2214	1
S3104113	76	Port Input	14	865917	2214	1
S3104113	76	Port Input	15	865917	2214	1
S3104113	76	Port Input	14	865917	2214	1
S3104113	76	Port Input	15	865918	2214	1
S3104113	76	Port Input	14	874624	10921	1
S3104113	76	Response	22	874624	10921	1
S3104113	77	Picture	20	874675	0	1	11389	1	0	next	hit	887
S3104113	77	Port Input	15	877000	2325	1
S3104113	77	Port Input	14	877000	2325	1
S3104113	77	Port Input	15	877000	2325	1
S3104113	77	Port Input	14	885990	11315	1
S3104113	77	Response	22	885990	11315	1
S3104113	77	Port Input	15	885990	11315	1
S3104113	77	Port Input	14	885990	11315	1
S3104113	78	Picture	20	886064	0	1	11250	1	0	next	hit	895
S3104113	78	Port Input	15	888035	1972	1
S3104113	78	Port Input	14	888035	1972	1
S3104113	78	Port Input	15	888036	1972	1
S3104113	78	Port Input	14	897274	11210	1
S3104113	78	Response	22	897274	11210	1
S3104113	79	Picture	20	897313	0	1	10555	1	0	next	hit	899
S3104113	79	Port Input	15	899365	2052	1
S3104113	79	Port Input	14	907808	10495	1
S3104113	79	Response	22	907808	10495	1
S3104113	80	Picture	20	907868	0	1	10139	1	0	next	hit	907
S3104113	80	Port Input	15	910196	2328	1
S3104113	80	Port Input	14	910197	2328	1
S3104113	80	Port Input	15	910197	2328	1
S3104113	80	Port Input	14	910197	2328	1
S3104113	80	Port Input	15	910197	2328	1
S3104113	80	Port Input	14	917967	10099	1
S3104113	80	Response	22	917967	10099	1
S3104113	81	Picture	20	918007	0	1	10139	1	0	next	hit	911
S3104113	81	Port Input	15	920162	2155	1
S3104113	81	Port Input	14	928116	10109	1
S3104113	81	Response	22	928116	10109	1
S3104113	82	Picture	20	928146	0	1	10069	1	0	next	hit	915
S3104113	82	Port Input	15	930292	2147	1
S3104113	82	Port Input	14	938203	10057	1
S3104113	82	Response	22	938203	10057	1
S3104113	83	Picture	20	938215	0	1	11597	1	0	next	hit	939
S3104113	83	Port Input	15	940421	2206	1
S3104113	83	Port Input	14	940421	2206	1
S3104113	83	Port Input	15	940422	2207	1
S3104113	83	Port Input	14	940422	2207	1
S3104113	83	Port Input	15	940424	2209	1
S3104113	83	Port Input	14	940424	2209	1
S3104113	83	Port Input	15	940424	2210	1
S3104113	83	Port Input	14	940424	2210	1
S3104113	83	Port Input	15	940425	2210	1
S3104113	83	Port Input	14	940425	2210	1
S3104113	83	Port Input	15	940425	2210	1
S3104113	83	Port Input	14	940425	2210	1
S3104113	83	Port Input	15	940425	2210	1
S3104113	83	Port Input	14	940425	2210	1
S3104113	83	Port Input	15	940425	2211	1
S3104113	83	Port Input	14	940425	2211	1
S3104113	83	Port Input	15	940425	2211	1
S3104113	83	Port Input	14	940426	2211	1
S3104113	83	Port Input	15	940426	2211	1
S3104113	83	Port Input	14	940426	2211	1
S3104113	83	Port Input	15	940426	2211	1
S3104113	83	Port Input	14	949791	11576	1
S3104113	83	Response	22	949791	11576	1
S3104113	84	Picture	20	949812	0	1	9930	1	0	next	hit	951
S3104113	84	Port Input	15	952000	2188	1
S3104113	84	Port Input	14	952000	2188	1
S3104113	84	Port Input	15	952000	2188	1
S3104113	84	Port Input	14	952000	2188	1
S3104113	84	Port Input	15	952000	2188	1
S3104113	84	Port Input	14	952000	2188	1
S3104113	84	Port Input	15	952002	2190	1
S3104113	84	Port Input	14	952002	2190	1
S3104113	84	Port Input	15	952002	2190	1
S3104113	84	Port Input	14	959677	9865	1
S3104113	84	Response	22	959677	9865	1
S3104113	85	Picture	20	959742	0	1	11319	1	0	next	hit	969
S3104113	85	Port Input	15	961943	2201	1
S3104113	85	Port Input	14	961943	2201	1
S3104113	85	Port Input	15	961943	2202	1
S3104113	85	Port Input	14	961943	2202	1
S3104113	85	Port Input	15	961944	2202	1
S3104113	85	Port Input	14	961944	2202	1
S3104113	85	Port Input	15	961945	2203	1
S3104113	85	Port Input	14	961945	2203	1
S3104113	85	Port Input	15	961945	2203	1
S3104113	85	Port Input	14	961945	2203	1
S3104113	85	Port Input	15	961945	2204	1
S3104113	85	Port Input	14	961945	2204	1
S3104113	85	Port Input	15	961946	2204	1
S3104113	85	Port Input	14	961946	2204	1
S3104113	85	Port Input	15	961946	2204	1
S3104113	85	Port Input	14	971042	11300	1
S3104113	85	Response	22	971042	11300	1
S3104113	86	Picture	20	971061	0	1	11041	1	0	next	hit	977
S3104113	86	Port Input	15	973100	2039	1
S3104113	86	Port Input	14	973100	2039	1
S3104113	86	Port Input	15	973100	2040	1
S3104113	86	Port Input	14	973100	2040	1
S3104113	86	Port Input	15	973101	2040	1
S3104113	86	Port Input	14	982029	10968	1
S3104113	86	Response	22	982029	10968	1
S3104113	87	Picture	20	982102	0	1	10625	1	0	next	hit	983
S3104113	87	Port Input	15	984186	2084	1
S3104113	87	Port Input	14	984186	2084	1
S3104113	87	Port Input	15	984186	2084	1
S3104113	87	Port Input	14	992696	10594	1
S3104113	87	Response	22	992696	10594	1
S3104113	88	Picture	20	992727	0	1	10486	1	0	next	hit	989
S3104113	88	Port Input	15	994865	2138	1
S3104113	88	Port Input	14	994865	2138	1
S3104113	88	Port Input	15	994865	2138	1
S3104113	88	Port Input	14	1003159	10432	1
S3104113	88	Response	22	1003159	10432	1
S3104113	89	Picture	20	1003213	0	1	10416	1	0	next	hit	1035
S3104113	89	Port Input	15	1004027	815	1
S3104113	89	Port Input	14	1004027	815	1
S3104113	89	Port Input	15	1004060	848	1
S3104113	89	Port Input	14	1004060	848	1
S3104113	89	Port Input	15	1004067	855	1
S3104113	89	Port Input	14	1004067	855	1
S3104113	89	Port Input	15	1004069	856	1
S3104113	89	Port Input	14	1004069	856	1
S3104113	89	Port Input	15	1004070	858	1
S3104113	89	Port Input	14	1004070	858	1
S3104113	89	Port Input	15	1004071	858	1
S3104113	89	Port Input	14	1004071	858	1
S3104113	89	Port Input	15	1004073	860	1
S3104113	89	Port Input	14	1004073	861	1
S3104113	89	Port Input	15	1004075	862	1
S3104113	89	Port Input	14	1004075	862	1
S3104113	89	Port Input	15	1004099	887	1
S3104113	89	Port Input	14	1004099	887	1
S3104113	89	Port Input	15	1004105	892	1
S3104113	89	Port Input	14	1004105	892	1
S3104113	89	Port Input	15	1004108	895	1
S3104113	89	Port Input	14	1004108	895	1
S3104113	89	Port Input	15	1004148	935	1
S3104113	89	Port Input	14	1004148	936	1
S3104113	89	Port Input	15	1004186	974	1
S3104113	89	Port Input	14	1004186	974	1
S3104113	89	Port Input	15	1004206	994	1
S3104113	89	Port Input	14	1004206	994	1
S3104113	89	Port Input	15	1004557	1345	1
S3104113	89	Port Input	14	1004557	1345	1
S3104113	89	Port Input	15	1004563	1350	1
S3104113	89	Port Input	14	1004563	1350	1
S3104113	89	Port Input	15	1004571	1359	1
S3104113	89	Port Input	14	1004572	1359	1
S3104113	89	Port Input	15	1004588	1375	1
S3104113	89	Port Input	14	1004588	1375	1
S3104113	89	Port Input	15	1004667	1455	1
S3104113	89	Port Input	14	1004667	1455	1
S3104113	89	Port Input	15	1004691	1478	1
S3104113	89	Port Input	14	1004691	1478	1
S3104113	89	Port Input	15	1004698	1485	1
S3104113	89	Port Input	14	1004698	1485	1
S3104113	89	Port Input	15	1005325	2112	1
S3104113	89	Port Input	14	1013612	10400	1
S3104113	89	Response	22	1013612	10400	1
S3104113	90	Picture	20	1013629	0	1	9791	1	0	next	hit	1045
S3104113	90	Port Input	15	1015513	1884	1
S3104113	90	Port Input	14	1015514	1885	1
S3104113	90	Port Input	15	1015515	1886	1
S3104113	90	Port Input	14	1015515	1886	1
S3104113	90	Port Input	15	1015515	1886	1
S3104113	90	Port Input	14	1015515	1886	1
S3104113	90	Port Input	15	1015515	1886	1
S3104113	90	Port Input	14	1023357	9728	1
S3104113	90	Response	22	1023357	9728	1
S3104113	91	Picture	20	1023420	0	1	10139	1	0	next	hit	1179
S3104113	91	Port Input	15	1023950	530	1
S3104113	91	Port Input	14	1023950	530	1
S3104113	91	Port Input	15	1023955	535	1
S3104113	91	Port Input	14	1023955	535	1
S3104113	91	Port Input	15	1023955	535	1
S3104113	91	Port Input	14	1023955	535	1
S3104113	91	Port Input	15	1023956	536	1
S3104113	91	Port Input	14	1023956	536	1
S3104113	91	Port Input	15	1023957	537	1
S3104113	91	Port Input	14	1023957	537	1
S3104113	91	Port Input	15	1023959	538	1
S3104113	91	Port Input	14	1023959	538	1
S3104113	91	Port Input	15	1023959	539	1
S3104113	91	Port Input	14	1023959	539	1
S3104113	91	Port Input	15	1023960	540	1
S3104113	91	Port Input	14	1023960	540	1
S3104113	91	Port Input	15	1023979	559	1
S3104113	91	Port Input	14	1023979	559	1
S3104113	91	Port Input	15	1023984	564	1
S3104113	91	Port Input	14	1023984	564	1
S3104113	91	Port Input	15	1024018	598	1
S3104113	91	Port Input	14	1024018	598	1
S3104113	91	Port Input	15	1024021	601	1
S3104113	91	Port Input	14	1024021	601	1
S3104113	91	Port Input	15	1024022	601	1
S3104113	91	Port Input	14	1024025	605	1
S3104113	91	Port Input	15	1024028	607	1
S3104113	91	Port Input	14	1024028	607	1
S3104113	91	Port Input	15	1024030	610	1
S3104113	91	Port Input	14	1024032	611	1
S3104113	91	Port Input	15	1024032	611	1
S3104113	91	Port Input	14	1024051	631	1
S3104113	91	Port Input	15	1024055	635	1
S3104113	91	Port Input	14	1024058	638	1
S3104113	91	Port Input	15	1024060	639	1
S3104113	91	Port Input	14	1024060	640	1
S3104113	91	Port Input	15	1024060	640	1
S3104113	91	Port Input	14	1024060	640	1
S3104113	91	Port Input	15	1024061	640	1
S3104113	91	Port Input	14	1024061	640	1
S3104113	91	Port Input	15	1024062	642	1
S3104113	91	Port Input	14	1024062	642	1
S3104113	91	Port Input	15	1024065	644	1
S3104113	91	Port Input	14	1024065	644	1
S3104113	91	Port Input	15	1024066	646	1
S3104113	91	Port Input	14	1024066	646	1
S3104113	91	Port Input	15	1024068	648	1
S3104113	91	Port Input	14	1024068	648	1
S3104113	91	Port Input	15	1024069	648	1
S3104113	91	Port Input	14	1024069	648	1
S3104113	91	Port Input	15	1024069	649	1
S3104113	91	Port Input	14	1024069	649	1
S3104113	91	Port Input	15	1024070	649	1
S3104113	91	Port Input	14	1024070	649	1
S3104113	91	Port Input	15	1024075	655	1
S3104113	91	Port Input	14	1024076	655	1
S3104113	91	Port Input	15	1024077	656	1
S3104113	91	Port Input	14	1024077	656	1
S3104113	91	Port Input	15	1024083	662	1
S3104113	91	Port Input	14	1024083	662	1
S3104113	91	Port Input	15	1024086	665	1
S3104113	91	Port Input	14	1024086	665	1
S3104113	91	Port Input	15	1024089	668	1
S3104113	91	Port Input	14	1024089	668	1
S3104113	91	Port Input	15	1024089	669	1
S3104113	91	Port Input	14	1024089	669	1
S3104113	91	Port Input	15	1024090	669	1
S3104113	91	Port Input	14	1024090	669	1
S3104113	91	Port Input	15	1024096	676	1
S3104113	91	Port Input	14	1024096	676	1
S3104113	91	Port Input	15	1024101	681	1
S3104113	91	Port Input	14	1024102	681	1
S3104113	91	Port Input	15	1024105	684	1
S3104113	91	Port Input	14	1024105	685	1
S3104113	91	Port Input	15	1024107	687	1
S3104113	91	Port Input	14	1024107	687	1
S3104113	91	Port Input	15	1024108	688	1
S3104113	91	Port Input	14	1024108	688	1
S3104113	91	Port Input	15	1024114	693	1
S3104113	91	Port Input	14	1024114	694	1
S3104113	91	Port Input	15	1024115	695	1
S3104113	91	Port Input	14	1024115	695	1
S3104113	91	Port Input	15	1024124	704	1
S3104113	91	Port Input	14	1024124	704	1
S3104113	91	Port Input	15	1024138	718	1
S3104113	91	Port Input	14	1024138	718	1
S3104113	91	Port Input	15	1024141	720	1
S3104113	91	Port Input	14	1024141	720	1
S3104113	91	Port Input	15	1024141	720	1
S3104113	91	Port Input	14	1024141	720	1
S3104113	91	Port Input	15	1024171	751	1
S3104113	91	Port Input	14	1024171	751	1
S3104113	91	Port Input	15	1024189	769	1
S3104113	91	Port Input	14	1024189	769	1
S3104113	91	Port Input	15	1024206	785	1
S3104113	91	Port Input	14	1024206	785	1
S3104113	91	Port Input	15	1024207	786	1
S3104113	91	Port Input	14	1024207	787	1
S3104113	91	Port Input	15	1024221	801	1
S3104113	91	Port Input	14	1024221	801	1
S3104113	91	Port Input	15	1024222	802	1
S3104113	91	Port Input	14	1024222	802	1
S3104113	91	Port Input	15	1024227	807	1
S3104113	91	Port Input	14	1024227	807	1
S3104113	91	Port Input	15	1024230	810	1
S3104113	91	Port Input	14	1024230	810	1
S3104113	91	Port Input	15	1024261	841	1
S3104113	91	Port Input	14	1024261	841	1
S3104113	91	Port Input	15	1024282	862	1
S3104113	91	Port Input	14	1024283	862	1
S3104113	91	Port Input	15	1024286	866	1
S3104113	91	Port Input	14	1024286	866	1
S3104113	91	Port Input	15	1024338	918	1
S3104113	91	Port Input	14	1024339	918	1
S3104113	91	Port Input	15	1024375	955	1
S3104113	91	Port Input	14	1024399	978	1
S3104113	91	Port Input	15	1025090	1669	1
S3104113	91	Port Input	14	1025090	1669	1
S3104113	91	Port Input	15	1025090	1670	1
S3104113	91	Port Input	14	1025090	1670	1
S3104113	91	Port Input	15	1025090	1670	1
S3104113	91	Port Input	14	1025090	1670	1
S3104113	91	Port Input	15	1025093	1673	1
S3104113	91	Port Input	14	1025093	1673	1
S3104113	91	Port Input	15	1025134	1714	1
S3104113	91	Port Input	14	1025134	1714	1
S3104113	91	Port Input	15	1025134	1714	1
S3104113	91	Port Input	14	1025134	1714	1
S3104113	91	Port Input	15	1025585	2165	1
S3104113	91	Port Input	14	1025585	2165	1
S3104113	91	Port Input	15	1025585	2165	1
S3104113	91	Port Input	14	1033540	10120	1
S3104113	91	Response	22	1033540	10120	1
S3104113	92	Picture	20	1033559	0	1	11944	1	0	next	hit	1197
S3104113	92	Port Input	15	1034377	818	1
S3104113	92	Port Input	14	1034377	818	1
S3104113	92	Port Input	15	1034377	818	1
S3104113	92	Port Input	14	1034377	818	1
S3104113	92	Port Input	15	1034785	1226	1
S3104113	92	Port Input	14	1034785	1226	1
S3104113	92	Port Input	15	1034835	1276	1
S3104113	92	Port Input	14	1034835	1276	1
S3104113	92	Port Input	15	1034872	1313	1
S3104113	92	Port Input	14	1034872	1313	1
S3104113	92	Port Input	15	1034969	1410	1
S3104113	92	Port Input	14	1034969	1410	1
S3104113	92	Port Input	15	1035577	2018	1
S3104113	92	Port Input	14	1035577	2018	1
S3104113	92	Port Input	15	1035577	2018	1
S3104113	92	Port Input	14	1045432	11873	1
S3104113	92	Response	22	1045432	11873	1
S3104113	93	Picture	20	1045503	0	1	12152	1	0	next	hit	1223
S3104113	93	Port Input	15	1047464	1961	1
S3104113	93	Port Input	14	1047464	1961	1
S3104113	93	Port Input	15	1047465	1962	1
S3104113	93	Port Input	14	1047465	1962	1
S3104113	93	Port Input	15	1047467	1963	1
S3104113	93	Port Input	14	1047467	1964	1
S3104113	93	Port Input	15	1047467	1964	1
S3104113	93	Port Input	14	1047467	1964	1
S3104113	93	Port Input	15	1047468	1965	1
S3104113	93	Port Input	14	1047468	1965	1
S3104113	93	Port Input	15	1047468	1965	1
S3104113	93	Port Input	14	1047468	1965	1
S3104113	93	Port Input	15	1047468	1965	1
S3104113	93	Port Input	14	1047468	1965	1
S3104113	93	Port Input	15	1047469	1966	1
S3104113	93	Port Input	14	1047469	1966	1
S3104113	93	Port Input	15	1047469	1966	1
S3104113	93	Port Input	14	1047469	1966	1
S3104113	93	Port Input	15	1047469	1966	1
S3104113	93	Port Input	14	1047469	1966	1
S3104113	93	Port Input	15	1047470	1967	1
S3104113	93	Port Input	14	1047470	1967	1
S3104113	93	Port Input	15	1047471	1968	1
S3104113	93	Port Input	14	1057622	12119	1
S3104113	93	Response	22	1057622	12119	1
S3104113	93	Port Input	15	1057623	12120	1
S3104113	93	Port Input	14	1057624	12121	6
S3104113	94	Picture	20	1057655	0	1	10416	1	0	next	hit	1235
S3104113	94	Port Input	15	1059751	2096	1
S3104113	94	Port Input	14	1059751	2096	1
S3104113	94	Port Input	15	1059751	2096	1
S3104113	94	Port Input	14	1059751	2096	1
S3104113	94	Port Input	15	1059754	2099	1
S3104113	94	Port Input	14	1059754	2099	1
S3104113	94	Port Input	15	1059754	2099	1
S3104113	94	Port Input	14	1068005	10349	1
S3104113	94	Response	22	1068005	10349	1
S3104113	95	Picture	20	1068072	0	1	10764	1	0	next	hit	1257
S3104113	95	Port Input	15	1070223	2151	1
S3104113	95	Port Input	14	1070223	2151	1
S3104113	95	Port Input	15	1070224	2152	1
S3104113	95	Port Input	14	1070224	2152	1
S3104113	95	Port Input	15	1070225	2153	1
S3104113	95	Port Input	14	1070225	2153	1
S3104113	95	Port Input	15	1070225	2153	1
S3104113	95	Port Input	14	1070225	2153	1
S3104113	95	Port Input	15	1070225	2153	1
S3104113	95	Port Input	14	1070225	2153	1
S3104113	95	Port Input	15	1070225	2154	1
S3104113	95	Port Input	14	1070225	2154	1
S3104113	95	Port Input	15	1070226	2154	1
S3104113	95	Port Input	14	1070226	2154	1
S3104113	95	Port Input	15	1070226	2154	1
S3104113	95	Port Input	14	1070226	2154	1
S3104113	95	Port Input	15	1070226	2154	1
S3104113	95	Port Input	14	1070226	2154	1
S3104113	95	Port Input	15	1070226	2154	1
S3104113	95	Port Input	14	1078800	10729	1
S3104113	95	Response	22	1078800	10729	1
S3104113	95	Port Input	15	1078800	10729	1
S3104113	95	Port Input	14	1078801	10729	1
S3104113	96	Picture	20	1078835	0	1	10625	1	0	next	hit	1265
S3104113	96	Port Input	15	1081227	2392	1
S3104113	96	Port Input	14	1081227	2392	1
S3104113	96	Port Input	15	1081227	2392	1
S3104113	96	Port Input	14	1089446	10611	1
S3104113	96	Response	22	1089446	10611	1
S3104113	97	Picture	20	1089460	0	1	10208	1	0	next	hit	1307
S3104113	97	Port Input	15	1090338	878	1
S3104113	97	Port Input	14	1090338	878	1
S3104113	97	Port Input	15	1090359	899	1
S3104113	97	Port Input	14	1090359	899	1
S3104113	97	Port Input	15	1090363	903	1
S3104113	97	Port Input	14	1090363	903	1
S3104113	97	Port Input	15	1090366	906	1
S3104113	97	Port Input	14	1090366	906	1
S3104113	97	Port Input	15	1090372	912	1
S3104113	97	Port Input	14	1090372	912	1
S3104113	97	Port Input	15	1090375	915	1
S3104113	97	Port Input	14	1090375	915	1
S3104113	97	Port Input	15	1090378	918	1
S3104113	97	Port Input	14	1090378	918	1
S3104113	97	Port Input	15	1090382	922	1
S3104113	97	Port Input	14	1090382	922	1
S3104113	97	Port Input	15	1090405	945	1
S3104113	97	Port Input	14	1090405	945	1
S3104113	97	Port Input	15	1090411	951	1
S3104113	97	Port Input	14	1090411	951	1
S3104113	97	Port Input	15	1090414	954	1
S3104113	97	Port Input	14	1090414	954	1
S3104113	97	Port Input	15	1090432	972	1
S3104113	97	Port Input	14	1090432	972	1
S3104113	97	Port Input	15	1090438	978	1
S3104113	97	Port Input	14	1090438	978	1
S3104113	97	Port Input	15	1090455	995	1
S3104113	97	Port Input	14	1090456	996	1
S3104113	97	Port Input	15	1090462	1002	1
S3104113	97	Port Input	14	1090462	1002	1
S3104113	97	Port Input	15	1090484	1024	1
S3104113	97	Port Input	14	1090484	1024	1
S3104113	97	Port Input	15	1090488	1028	1
S3104113	97	Port Input	14	1090488	1028	1
S3104113	97	Port Input	15	1090497	1037	1
S3104113	97	Port Input	14	1090497	1037	1
S3104113	97	Port Input	15	1090840	1380	1
S3104113	97	Port Input	14	1090840	1380	1
S3104113	97	Port Input	15	1091742	2282	1
S3104113	97	Port Input	14	1099644	10184	1
S3104113	97	Response	22	1099644	10184	1
S3104113	97	Port Input	15	1099644	10184	1
S3104113	97	Port Input	14	1099645	10185	6
S3104113	98	Picture	20	1099668	0	1	10625	1	0	next	hit	1313
S3104113	98	Port Input	15	1101912	2244	1
S3104113	98	Port Input	14	1110218	10550	1
S3104113	98	Response	22	1110218	10550	1
S3104113	99	Picture	20	1110293	0	1	10625	1	0	next	hit	1609
S3104113	99	Port Input	15	1110793	500	1
S3104113	99	Port Input	14	1110793	500	1
S3104113	99	Port Input	15	1110794	501	1
S3104113	99	Port Input	14	1110794	501	1
S3104113	99	Port Input	15	1110800	508	1
S3104113	99	Port Input	14	1110800	508	1
S3104113	99	Port Input	15	1110801	508	1
S3104113	99	Port Input	14	1110801	509	1
S3104113	99	Port Input	15	1110801	509	1
S3104113	99	Port Input	14	1110801	509	1
S3104113	99	Port Input	15	1110804	511	1
S3104113	99	Port Input	14	1110804	511	1
S3104113	99	Port Input	15	1110805	512	1
S3104113	99	Port Input	14	1110805	512	1
S3104113	99	Port Input	15	1110805	513	1
S3104113	99	Port Input	14	1110805	513	1
S3104113	99	Port Input	15	1110808	515	1
S3104113	99	Port Input	14	1110808	515	1
S3104113	99	Port Input	15	1110810	518	1
S3104113	99	Port Input	14	1110810	518	1
S3104113	99	Port Input	15	1110810	518	1
S3104113	99	Port Input	14	1110811	518	1
S3104113	99	Port Input	15	1110811	518	1
S3104113	99	Port Input	14	1110811	518	1
S3104113	99	Port Input	15	1110811	519	1
S3104113	99	Port Input	14	1110811	519	1
S3104113	99	Port Input	15	1110812	519	1
S3104113	99	Port Input	14	1110812	519	1
S3104113	99	Port Input	15	1110812	519	1
S3104113	99	Port Input	14	1110812	519	1
S3104113	99	Port Input	15	1110812	519	1
S3104113	99	Port Input	14	1110812	519	1
S3104113	99	Port Input	15	1110813	520	1
S3104113	99	Port Input	14	1110813	520	1
S3104113	99	Port Input	15	1110813	520	1
S3104113	99	Port Input	14	1110813	520	1
S3104113	99	Port Input	15	1110813	520	1
S3104113	99	Port Input	14	1110813	520	1
S3104113	99	Port Input	15	1110814	522	1
S3104113	99	Port Input	14	1110814	522	1
S3104113	99	Port Input	15	1110815	522	1
S3104113	99	Port Input	14	1110815	522	1
S3104113	99	Port Input	15	1110815	522	1
S3104113	99	Port Input	14	1110815	522	1
S3104113	99	Port Input	15	1110815	522	1
S3104113	99	Port Input	14	1110816	523	1
S3104113	99	Port Input	15	1110864	572	1
S3104113	99	Port Input	14	1110865	572	1
S3104113	99	Port Input	15	1110867	574	1
S3104113	99	Port Input	14	1110868	575	1
S3104113	99	Port Input	15	1110868	575	1
S3104113	99	Port Input	14	1110869	576	1
S3104113	99	Port Input	15	1110870	577	1
S3104113	99	Port Input	14	1110870	577	1
S3104113	99	Port Input	15	1110870	578	1
S3104113	99	Port Input	14	1110870	578	1
S3104113	99	Port Input	15	1110871	578	1
S3104113	99	Port Input	14	1110871	578	1
S3104113	99	Port Input	15	1110871	579	1
S3104113	99	Port Input	14	1110872	579	1
S3104113	99	Port Input	15	1110872	579	1
S3104113	99	Port Input	14	1110872	579	1
S3104113	99	Port Input	15	1110873	580	1
S3104113	99	Port Input	14	1110873	580	1
S3104113	99	Port Input	15	1110873	580	1
S3104113	99	Port Input	14	1110873	580	1
S3104113	99	Port Input	15	1110873	580	1
S3104113	99	Port Input	14	1110873	580	1
S3104113	99	Port Input	15	1110873	581	1
S3104113	99	Port Input	14	1110873	581	1
S3104113	99	Port Input	15	1110874	581	1
S3104113	99	Port Input	14	1110874	581	1
S3104113	99	Port Input	15	1110874	582	1
S3104113	99	Port Input	14	1110874	582	1
S3104113	99	Port Input	15	1110875	582	1
S3104113	99	Port Input	14	1110875	582	1
S3104113	99	Port Input	15	1110876	583	1
S3104113	99	Port Input	14	1110876	583	1
S3104113	99	Port Input	15	1110877	584	1
S3104113	99	Port Input	14	1110877	584	1
S3104113	99	Port Input	15	1110877	585	1
S3104113	99	Port Input	14	1110877	585	1
S3104113	99	Port Input	15	1110878	585	1
S3104113	99	Port Input	14	1110878	585	1
S3104113	99	Port Input	15	1110878	585	1
S3104113	99	Port Input	14	1110878	585	1
S3104113	99	Port Input	15	1110878	586	1
S3104113	99	Port Input	14	1110879	586	1
S3104113	99	Port Input	15	1110881	588	1
S3104113	99	Port Input	14	1110883	590	1
S3104113	99	Port Input	15	1110886	593	1
S3104113	99	Port Input	14	1110888	595	1
S3104113	99	Port Input	15	1110889	596	1
S3104113	99	Port Input	14	1110889	596	1
S3104113	99	Port Input	15	1110890	597	1
S3104113	99	Port Input	14	1110890	598	1
S3104113	99	Port Input	15	1110891	598	1
S3104113	99	Port Input	14	1110891	598	1
S3104113	99	Port Input	15	1110892	599	1
S3104113	99	Port Input	14	1110892	599	1
S3104113	99	Port Input	15	1110893	601	1
S3104113	99	Port Input	14	1110893	601	1
S3104113	99	Port Input	15	1110894	601	1
S3104113	99	Port Input	14	1110894	601	1
S3104113	99	Port Input	15	1110895	602	1
S3104113	99	Port Input	14	1110895	602	1
S3104113	99	Port Input	15	1110896	603	1
S3104113	99	Port Input	14	1110896	603	1
S3104113	99	Port Input	15	1110897	604	1
S3104113	99	Port Input	14	1110897	604	1
S3104113	99	Port Input	15	1110898	605	1
S3104113	99	Port Input	14	1110898	605	1
S3104113	99	Port Input	15	1110899	606	1
S3104113	99	Port Input	14	1110899	606	1
S3104113	99	Port Input	15	1110899	606	1
S3104113	99	Port Input	14	1110899	606	1
S3104113	99	Port Input	15	1110902	609	1
S3104113	99	Port Input	14	1110902	609	1
S3104113	99	Port Input	15	1110903	610	1
S3104113	99	Port Input	14	1110903	610	1
S3104113	99	Port Input	15	1110903	610	1
S3104113	99	Port Input	14	1110903	610	1
S3104113	99	Port Input	15	1110908	615	1
S3104113	99	Port Input	14	1110918	625	1
S3104113	99	Port Input	15	1110918	626	1
S3104113	99	Port Input	14	1110918	626	1
S3104113	99	Port Input	15	1110919	626	1
S3104113	99	Port Input	14	1110919	626	1
S3104113	99	Port Input	15	1110919	627	1
S3104113	99	Port Input	14	1110919	627	1
S3104113	99	Port Input	15	1110921	628	1
S3104113	99	Port Input	14	1110921	628	1
S3104113	99	Port Input	15	1110922	629	1
S3104113	99	Port Input	14	1110922	629	1
S3104113	99	Port Input	15	1110922	629	1
S3104113	99	Port Input	14	1110922	629	1
S3104113	99	Port Input	15	1110923	631	1
S3104113	99	Port Input	14	1110923	631	1
S3104113	99	Port Input	15	1110924	631	1
S3104113	99	Port Input	14	1110924	631	1
S3104113	99	Port Input	15	1110926	633	1
S3104113	99	Port Input	14	1110926	633	1
S3104113	99	Port Input	15	1110927	635	1
S3104113	99	Port Input	14	1110927	635	1
S3104113	99	Port Input	15	1110928	635	1
S3104113	99	Port Input	14	1110928	635	1
S3104113	99	Port Input	15	1110928	635	1
S3104113	99	Port Input	14	1110928	635	1
S3104113	99	Port Input	15	1110931	639	1
S3104113	99	Port Input	14	1110931	639	1
S3104113	99	Port Input	15	1110937	645	1
S3104113	99	Port Input	14	1110937	645	1
S3104113	99	Port Input	15	1110939	646	1
S3104113	99	Port Input	14	1110939	647	1
S3104113	99	Port Input	15	1110940	647	1
S3104113	99	Port Input	14	1110941	649	1
S3104113	99	Port Input	15	1110943	650	1
S3104113	99	Port Input	14	1110943	650	1
S3104113	99	Port Input	15	1110947	654	1
S3104113	99	Port Input	14	1110947	654	1
S3104113	99	Port Input	15	1110948	655	1
S3104113	99	Port Input	14	1110948	655	1
S3104113	99	Port Input	15	1110948	655	1
S3104113	99	Port Input	14	1110948	656	1
S3104113	99	Port Input	15	1110949	657	1
S3104113	99	Port Input	14	1110949	657	1
S3104113	99	Port Input	15	1110951	658	1
S3104113	99	Port Input	14	1110989	696	1
S3104113	99	Port Input	15	1110999	707	1
S3104113	99	Port Input	14	1111018	725	1
S3104113	99	Port Input	15	1111018	725	1
S3104113	99	Port Input	14	1111018	726	1
S3104113	99	Port Input	15	1111022	729	1
S3104113	99	Port Input	14	1111022	729	1
S3104113	99	Port Input	15	1111026	734	1
S3104113	99	Port Input	14	1111026	734	1
S3104113	99	Port Input	15	1111028	736	1
S3104113	99	Port Input	14	1111028	736	1
S3104113	99	Port Input	15	1111030	737	1
S3104113	99	Port Input	14	1111030	737	1
S3104113	99	Port Input	15	1111043	750	1
S3104113	99	Port Input	14	1111043	750	1
S3104113	99	Port Input	15	1111045	752	1
S3104113	99	Port Input	14	1111055	762	1
S3104113	99	Port Input	15	1111057	765	1
S3104113	99	Port Input	14	1111058	765	1
S3104113	99	Port Input	15	1111059	767	1
S3104113	99	Port Input	14	1111059	767	1
S3104113	99	Port Input	15	1111064	772	1
S3104113	99	Port Input	14	1111064	772	1
S3104113	99	Port Input	15	1111070	778	1
S3104113	99	Port Input	14	1111070	778	1
S3104113	99	Port Input	15	1111073	780	1
S3104113	99	Port Input	14	1111073	780	1
S3104113	99	Port Input	15	1111075	783	1
S3104113	99	Port Input	14	1111075	783	1
S3104113	99	Port Input	15	1111078	785	1
S3104113	99	Port Input	14	1111078	785	1
S3104113	99	Port Input	15	1111082	790	1
S3104113	99	Port Input	14	1111082	790	1
S3104113	99	Port Input	15	1111087	794	1
S3104113	99	Port Input	14	1111087	794	1
S3104113	99	Port Input	15	1111228	935	1
S3104113	99	Port Input	14	1111243	950	1
S3104113	99	Port Input	15	1111250	958	1
S3104113	99	Port Input	14	1111250	958	1
S3104113	99	Port Input	15	1111252	959	1
S3104113	99	Port Input	14	1111252	959	1
S3104113	99	Port Input	15	1111254	961	1
S3104113	99	Port Input	14	1111254	961	1
S3104113	99	Port Input	15	1111254	961	1
S3104113	99	Port Input	14	1111254	961	1
S3104113	99	Port Input	15	1111254	961	1
S3104113	99	Port Input	14	1111254	961	1
S3104113	99	Port Input	15	1111277	984	1
S3104113	99	Port Input	14	1111277	984	1
S3104113	99	Port Input	15	1111298	1006	1
S3104113	99	Port Input	14	1111298	1006	1
S3104113	99	Port Input	15	1111316	1023	1
S3104113	99	Port Input	14	1111316	1023	1
S3104113	99	Port Input	15	1111366	1073	1
S3104113	99	Port Input	14	1111370	1078	1
S3104113	99	Port Input	15	1111374	1081	1
S3104113	99	Port Input	14	1111376	1083	1
S3104113	99	Port Input	15	1111377	1084	1
S3104113	99	Port Input	14	1111380	1087	1
S3104113	99	Port Input	15	1111381	1088	1
S3104113	99	Port Input	14	1111381	1088	1
S3104113	99	Port Input	15	1111381	1088	1
S3104113	99	Port Input	14	1111381	1088	1
S3104113	99	Port Input	15	1111381	1088	1
S3104113	99	Port Input	14	1111386	1093	1
S3104113	99	Port Input	15	1111391	1098	1
S3104113	99	Port Input	14	1111401	1108	1
S3104113	99	Port Input	15	1111805	1512	1
S3104113	99	Port Input	14	1111805	1512	1
S3104113	99	Port Input	15	1111823	1530	1
S3104113	99	Port Input	14	1111823	1530	1
S3104113	99	Port Input	15	1111829	1536	1
S3104113	99	Port Input	14	1111829	1536	1
S3104113	99	Port Input	15	1111830	1537	1
S3104113	99	Port Input	14	1111830	1537	1
S3104113	99	Port Input	15	1111830	1537	1
S3104113	99	Port Input	14	1111830	1537	1
S3104113	99	Port Input	15	1111831	1538	1
S3104113	99	Port Input	14	1111831	1538	1
S3104113	99	Port Input	15	1111833	1541	1
S3104113	99	Port Input	14	1111833	1541	1
S3104113	99	Port Input	15	1111834	1541	1
S3104113	99	Port Input	14	1111834	1541	1
S3104113	99	Port Input	15	1111835	1542	1
S3104113	99	Port Input	14	1111835	1542	1
S3104113	99	Port Input	15	1111835	1542	1
S3104113	99	Port Input	14	1111835	1542	1
S3104113	99	Port Input	15	1111836	1543	1
S3104113	99	Port Input	14	1111836	1544	1
S3104113	99	Port Input	15	1111836	1544	1
S3104113	99	Port Input	14	1111836	1544	1
S3104113	99	Port Input	15	1111839	1546	1
S3104113	99	Port Input	14	1111839	1546	1
S3104113	99	Port Input	15	1111842	1549	1
S3104113	99	Port Input	14	1111842	1549	1
S3104113	99	Port Input	15	1111843	1551	1
S3104113	99	Port Input	14	1111843	1551	1
S3104113	99	Port Input	15	1111844	1551	1
S3104113	99	Port Input	14	1111844	1551	1
S3104113	99	Port Input	15	1111844	1551	1
S3104113	99	Port Input	14	1111844	1551	1
S3104113	99	Port Input	15	1111844	1552	1
S3104113	99	Port Input	14	1111844	1552	1
S3104113	99	Port Input	15	1111845	1552	1
S3104113	99	Port Input	14	1111845	1552	1
S3104113	99	Port Input	15	1111846	1553	1
S3104113	99	Port Input	14	1111846	1553	1
S3104113	99	Port Input	15	1111848	1555	1
S3104113	99	Port Input	14	1111848	1555	1
S3104113	99	Port Input	15	1111851	1558	1
S3104113	99	Port Input	14	1111851	1558	1
S3104113	99	Port Input	15	1111851	1559	1
S3104113	99	Port Input	14	1111853	1560	1
S3104113	99	Port Input	15	1111857	1564	1
S3104113	99	Port Input	14	1111857	1565	1
S3104113	99	Port Input	15	1112378	2085	1
S3104113	99	Port Input	14	1112381	2088	1
S3104113	99	Port Input	15	1112381	2088	1
S3104113	99	Port Input	14	1112381	2088	1
S3104113	99	Port Input	15	1112381	2088	1
S3104113	99	Port Input	14	1112381	2088	1
S3104113	99	Port Input	15	1112382	2089	1
S3104113	99	Port Input	14	1112382	2089	1
S3104113	99	Port Input	15	1112383	2090	1
S3104113	99	Port Input	14	1112383	2091	1
S3104113	99	Port Input	15	1112384	2092	1
S3104113	99	Port Input	14	1120875	10582	1
S3104113	99	Response	22	1120875	10582	1
S3104113	100	Picture	20	1120917	0	1	10416	1	0	next	hit	1617
S3104113	100	Port Input	15	1122942	2024	1
S3104113	100	Port Input	14	1122942	2024	1
S3104113	100	Port Input	15	1122942	2024	1
S3104113	100	Port Input	14	1122942	2024	1
S3104113	100	Port Input	15	1122942	2025	1
S3104113	100	Port Input	14	1131287	10369	1
S3104113	100	Response	22	1131287	10369	1
S3104113	100	Port Input	15	1131287	10370	1
S3104113	100	Port Input	14	1131287	10370	1
S3104113	101	Picture	20	1131334	0	1	10555	1	0	next	hit	1625
S3104113	101	Port Input	15	1133270	1936	1
S3104113	101	Port Input	14	1133270	1936	1
S3104113	101	Port Input	15	1133270	1937	1
S3104113	101	Port Input	14	1141835	10501	1
S3104113	101	Response	22	1141835	10501	1
S3104113	101	Port Input	15	1141836	10502	1
S3104113	101	Port Input	14	1141836	10502	1
S3104113	102	Picture	20	1141889	0	1	10486	1	0	next	hit	2187
S3104113	102	Port Input	15	1142484	595	1
S3104113	102	Port Input	14	1142484	595	1
S3104113	102	Port Input	15	1142505	616	1
S3104113	102	Port Input	14	1142505	616	1
S3104113	102	Port Input	15	1142505	616	1
S3104113	102	Port Input	14	1142505	616	1
S3104113	102	Port Input	15	1142505	616	1
S3104113	102	Port Input	14	1142505	616	1
S3104113	102	Port Input	15	1142506	617	1
S3104113	102	Port Input	14	1142506	617	1
S3104113	102	Port Input	15	1142507	618	1
S3104113	102	Port Input	14	1142507	618	1
S3104113	102	Port Input	15	1142508	619	1
S3104113	102	Port Input	14	1142509	620	1
S3104113	102	Port Input	15	1142513	624	1
S3104113	102	Port Input	14	1142513	624	1
S3104113	102	Port Input	15	1142514	625	1
S3104113	102	Port Input	14	1142514	625	1
S3104113	102	Port Input	15	1142515	626	1
S3104113	102	Port Input	14	1142515	626	1
S3104113	102	Port Input	15	1142515	626	1
S3104113	102	Port Input	14	1142515	626	1
S3104113	102	Port Input	15	1142515	626	1
S3104113	102	Port Input	14	1142557	668	1
S3104113	102	Port Input	15	1142557	668	1
S3104113	102	Port Input	14	1142557	668	1
S3104113	102	Port Input	15	1142558	669	1
S3104113	102	Port Input	14	1142558	669	1
S3104113	102	Port Input	15	1142560	671	1
S3104113	102	Port Input	14	1142560	671	1
S3104113	102	Port Input	15	1142561	672	1
S3104113	102	Port Input	14	1142561	672	1
S3104113	102	Port Input	15	1142562	673	1
S3104113	102	Port Input	14	1142562	673	1
S3104113	102	Port Input	15	1142562	673	1
S3104113	102	Port Input	14	1142562	673	1
S3104113	102	Port Input	15	1142563	674	1
S3104113	102	Port Input	14	1142563	674	1
S3104113	102	Port Input	15	1142563	674	1
S3104113	102	Port Input	14	1142563	674	1
S3104113	102	Port Input	15	1142565	676	1
S3104113	102	Port Input	14	1142565	676	1
S3104113	102	Port Input	15	1142566	677	1
S3104113	102	Port Input	14	1142566	677	1
S3104113	102	Port Input	15	1142569	680	1
S3104113	102	Port Input	14	1142569	680	1
S3104113	102	Port Input	15	1142570	681	1
S3104113	102	Port Input	14	1142570	681	1
S3104113	102	Port Input	15	1142571	682	1
S3104113	102	Port Input	14	1142571	682	1
S3104113	102	Port Input	15	1142571	682	1
S3104113	102	Port Input	14	1142571	682	1
S3104113	102	Port Input	15	1142572	683	1
S3104113	102	Port Input	14	1142572	683	1
S3104113	102	Port Input	15	1142573	684	1
S3104113	102	Port Input	14	1142573	684	1
S3104113	102	Port Input	15	1142573	684	1
S3104113	102	Port Input	14	1142574	685	1
S3104113	102	Port Input	15	1142574	685	1
S3104113	102	Port Input	14	1142574	685	1
S3104113	102	Port Input	15	1142575	686	1
S3104113	102	Port Input	14	1142575	686	1
S3104113	102	Port Input	15	1142575	686	1
S3104113	102	Port Input	14	1142575	686	1
S3104113	102	Port Input	15	1142576	687	1
S3104113	102	Port Input	14	1142576	687	1
S3104113	102	Port Input	15	1142577	688	1
S3104113	102	Port Input	14	1142577	688	1
S3104113	102	Port Input	15	1142581	692	1
S3104113	102	Port Input	14	1142581	692	1
S3104113	102	Port Input	15	1142584	695	1
S3104113	102	Port Input	14	1142584	695	1
S3104113	102	Port Input	15	1142584	695	1
S3104113	102	Port Input	14	1142584	695	1
S3104113	102	Port Input	15	1142585	696	1
S3104113	102	Port Input	14	1142585	696	1
S3104113	102	Port Input	15	1142586	697	1
S3104113	102	Port Input	14	1142586	697	1
S3104113	102	Port Input	15	1142588	699	1
S3104113	102	Port Input	14	1142588	699	1
S3104113	102	Port Input	15	1142589	700	1
S3104113	102	Port Input	14	1142589	700	1
S3104113	102	Port Input	15	1142591	702	1
S3104113	102	Port Input	14	1142591	702	1
S3104113	102	Port Input	15	1142598	709	1
S3104113	102	Port Input	14	1142598	710	1
S3104113	102	Port Input	15	1142599	710	1
S3104113	102	Port Input	14	1142599	710	1
S3104113	102	Port Input	15	1142606	717	1
S3104113	102	Port Input	14	1142606	717	1
S3104113	102	Port Input	15	1142613	724	1
S3104113	102	Port Input	14	1142613	724	1
S3104113	102	Port Input	15	1142613	724	1
S3104113	102	Port Input	14	1142613	724	1
S3104113	102	Port Input	15	1142615	726	1
S3104113	102	Port Input	14	1142615	726	1
S3104113	102	Port Input	15	1142615	726	1
S3104113	102	Port Input	14	1142615	726	1
S3104113	102	Port Input	15	1142617	728	1
S3104113	102	Port Input	14	1142617	728	1
S3104113	102	Port Input	15	1142618	729	1
S3104113	102	Port Input	14	1142618	729	1
S3104113	102	Port Input	15	1142620	731	1
S3104113	102	Port Input	14	1142620	731	1
S3104113	102	Port Input	15	1142623	734	1
S3104113	102	Port Input	14	1142623	734	1
S3104113	102	Port Input	15	1142625	736	1
S3104113	102	Port Input	14	1142625	736	1
S3104113	102	Port Input	15	1142629	740	1
S3104113	102	Port Input	14	1142629	740	1
S3104113	102	Port Input	15	1142632	743	1
S3104113	102	Port Input	14	1142632	743	1
S3104113	102	Port Input	15	1142635	746	1
S3104113	102	Port Input	14	1142635	746	1
S3104113	102	Port Input	15	1142638	749	1
S3104113	102	Port Input	14	1142638	749	1
S3104113	102	Port Input	15	1142639	750	1
S3104113	102	Port Input	14	1142639	750	1
S3104113	102	Port Input	15	1142644	755	1
S3104113	102	Port Input	14	1142644	755	1
S3104113	102	Port Input	15	1142649	760	1
S3104113	102	Port Input	14	1142649	761	1
S3104113	102	Port Input	15	1142655	766	1
S3104113	102	Port Input	14	1142655	766	1
S3104113	102	Port Input	15	1142657	768	1
S3104113	102	Port Input	14	1142657	769	1
S3104113	102	Port Input	15	1142658	769	1
S3104113	102	Port Input	14	1142658	769	1
S3104113	102	Port Input	15	1142661	772	1
S3104113	102	Port Input	14	1142661	772	1
S3104113	102	Port Input	15	1142668	779	1
S3104113	102	Port Input	14	1142668	779	1
S3104113	102	Port Input	15	1142676	787	1
S3104113	102	Port Input	14	1142676	787	1
S3104113	102	Port Input	15	1142683	794	1
S3104113	102	Port Input	14	1142683	794	1
S3104113	102	Port Input	15	1142686	797	1
S3104113	102	Port Input	14	1142686	797	1
S3104113	102	Port Input	15	1142693	804	1
S3104113	102	Port Input	14	1142693	804	1
S3104113	102	Port Input	15	1142704	815	1
S3104113	102	Port Input	14	1142707	818	1
S3104113	102	Port Input	15	1142713	824	1
S3104113	102	Port Input	14	1142714	825	1
S3104113	102	Port Input	15	1142714	825	1
S3104113	102	Port Input	14	1142714	825	1
S3104113	102	Port Input	15	1142714	825	1
S3104113	102	Port Input	14	1142714	825	1
S3104113	102	Port Input	15	1142714	825	1
S3104113	102	Port Input	14	1142714	825	1
S3104113	102	Port Input	15	1142719	830	1
S3104113	102	Port Input	14	1142720	831	1
S3104113	102	Port Input	15	1142720	831	1
S3104113	102	Port Input	14	1142721	832	1
S3104113	102	Port Input	15	1142721	832	1
S3104113	102	Port Input	14	1142721	832	1
S3104113	102	Port Input	15	1142721	833	1
S3104113	102	Port Input	14	1142722	833	1
S3104113	102	Port Input	15	1142722	833	1
S3104113	102	Port Input	14	1142722	833	1
S3104113	102	Port Input	15	1142723	834	1
S3104113	102	Port Input	14	1142723	834	1
S3104113	102	Port Input	15	1142723	834	1
S3104113	102	Port Input	14	1142724	835	1
S3104113	102	Port Input	15	1142724	835	1
S3104113	102	Port Input	14	1142725	836	1
S3104113	102	Port Input	15	1142725	836	1
S3104113	102	Port Input	14	1142725	836	1
S3104113	102	Port Input	15	1142726	837	1
S3104113	102	Port Input	14	1142727	838	1
S3104113	102	Port Input	15	1142727	838	1
S3104113	102	Port Input	14	1142727	838	1
S3104113	102	Port Input	15	1142728	839	1
S3104113	102	Port Input	14	1142728	839	1
S3104113	102	Port Input	15	1142728	839	1
S3104113	102	Port Input	14	1142728	840	1
S3104113	102	Port Input	15	1142729	840	1
S3104113	102	Port Input	14	1142729	840	1
S3104113	102	Port Input	15	1142729	840	1
S3104113	102	Port Input	14	1142730	841	1
S3104113	102	Port Input	15	1142730	841	1
S3104113	102	Port Input	14	1142731	842	1
S3104113	102	Port Input	15	1142732	843	1
S3104113	102	Port Input	14	1142732	843	1
S3104113	102	Port Input	15	1142732	843	1
S3104113	102	Port Input	14	1142733	844	1
S3104113	102	Port Input	15	1142733	844	1
S3104113	102	Port Input	14	1142733	844	1
S3104113	102	Port Input	15	1142733	844	1
S3104113	102	Port Input	14	1142733	844	1
S3104113	102	Port Input	15	1142734	845	1
S3104113	102	Port Input	14	1142734	845	1
S3104113	102	Port Input	15	1142734	845	1
S3104113	102	Port Input	14	1142734	845	1
S3104113	102	Port Input	15	1142735	846	1
S3104113	102	Port Input	14	1142735	846	1
S3104113	102	Port Input	15	1142735	846	1
S3104113	102	Port Input	14	1142735	846	1
S3104113	102	Port Input	15	1142738	849	1
S3104113	102	Port Input	14	1142738	849	1
S3104113	102	Port Input	15	1142738	849	1
S3104113	102	Port Input	14	1142738	849	1
S3104113	102	Port Input	15	1142738	849	1
S3104113	102	Port Input	14	1142738	849	1
S3104113	102	Port Input	15	1142740	851	1
S3104113	102	Port Input	14	1142740	851	1
S3104113	102	Port Input	15	1142740	852	1
S3104113	102	Port Input	14	1142741	852	1
S3104113	102	Port Input	15	1142741	852	1
S3104113	102	Port Input	14	1142741	852	1
S3104113	102	Port Input	15	1142742	853	1
S3104113	102	Port Input	14	1142742	853	1
S3104113	102	Port Input	15	1142742	853	1
S3104113	102	Port Input	14	1142742	853	1
S3104113	102	Port Input	15	1142742	853	1
S3104113	102	Port Input	14	1142742	853	1
S3104113	102	Port Input	15	1142742	853	1
S3104113	102	Port Input	14	1142742	853	1
S3104113	102	Port Input	15	1142742	853	1
S3104113	102	Port Input	14	1142742	853	1
S3104113	102	Port Input	15	1142742	853	1
S3104113	102	Port Input	14	1142742	854	1
S3104113	102	Port Input	15	1142743	854	1
S3104113	102	Port Input	14	1142743	854	1
S3104113	102	Port Input	15	1142743	854	1
S3104113	102	Port Input	14	1142743	854	1
S3104113	102	Port Input	15	1142743	854	1
S3104113	102	Port Input	14	1142743	854	1
S3104113	102	Port Input	15	1142747	858	1
S3104113	102	Port Input	14	1142747	858	1
S3104113	102	Port Input	15	1142747	858	1
S3104113	102	Port Input	14	1142747	858	1
S3104113	102	Port Input	15	1142747	859	1
S3104113	102	Port Input	14	1142748	859	1
S3104113	102	Port Input	15	1142751	862	1
S3104113	102	Port Input	14	1142751	862	1
S3104113	102	Port Input	15	1142752	863	1
S3104113	102	Port Input	14	1142752	863	1
S3104113	102	Port Input	15	1142754	865	1
S3104113	102	Port Input	14	1142754	865	1
S3104113	102	Port Input	15	1142755	866	1
S3104113	102	Port Input	14	1142755	866	1
S3104113	102	Port Input	15	1142755	866	1
S3104113	102	Port Input	14	1142755	867	1
S3104113	102	Port Input	15	1142756	867	1
S3104113	102	Port Input	14	1142756	867	1
S3104113	102	Port Input	15	1142757	868	1
S3104113	102	Port Input	14	1142757	868	1
S3104113	102	Port Input	15	1142757	868	1
S3104113	102	Port Input	14	1142758	869	1
S3104113	102	Port Input	15	1142758	869	1
S3104113	102	Port Input	14	1142758	869	1
S3104113	102	Port Input	15	1142758	869	1
S3104113	102	Port Input	14	1142758	870	1
S3104113	102	Port Input	15	1142760	871	1
S3104113	102	Port Input	14	1142760	871	1
S3104113	102	Port Input	15	1142761	872	1
S3104113	102	Port Input	14	1142761	872	1
S3104113	102	Port Input	15	1142761	872	1
S3104113	102	Port Input	14	1142761	872	1
S3104113	102	Port Input	15	1142761	872	1
S3104113	102	Port Input	14	1142761	872	1
S3104113	102	Port Input	15	1142764	875	1
S3104113	102	Port Input	14	1142764	875	1
S3104113	102	Port Input	15	1142764	875	1
S3104113	102	Port Input	14	1142764	875	1
S3104113	102	Port Input	15	1142765	876	1
S3104113	102	Port Input	14	1142765	876	1
S3104113	102	Port Input	15	1142765	876	1
S3104113	102	Port Input	14	1142765	876	1
S3104113	102	Port Input	15	1142766	877	1
S3104113	102	Port Input	14	1142766	877	1
S3104113	102	Port Input	15	1142766	877	1
S3104113	102	Port Input	14	1142766	877	1
S3104113	102	Port Input	15	1142768	879	1
S3104113	102	Port Input	14	1142768	879	1
S3104113	102	Port Input	15	1142771	882	1
S3104113	102	Port Input	14	1142771	882	1
S3104113	102	Port Input	15	1142772	883	1
S3104113	102	Port Input	14	1142772	883	1
S3104113	102	Port Input	15	1142772	883	1
S3104113	102	Port Input	14	1142773	884	1
S3104113	102	Port Input	15	1142773	884	1
S3104113	102	Port Input	14	1142774	885	1
S3104113	102	Port Input	15	1142774	885	1
S3104113	102	Port Input	14	1142774	885	1
S3104113	102	Port Input	15	1142775	886	1
S3104113	102	Port Input	14	1142776	887	1
S3104113	102	Port Input	15	1142776	887	1
S3104113	102	Port Input	14	1142777	888	1
S3104113	102	Port Input	15	1142777	888	1
S3104113	102	Port Input	14	1142779	890	1
S3104113	102	Port Input	15	1142780	891	1
S3104113	102	Port Input	14	1142780	891	1
S3104113	102	Port Input	15	1142780	891	1
S3104113	102	Port Input	14	1142780	891	1
S3104113	102	Port Input	15	1142780	892	1
S3104113	102	Port Input	14	1142781	892	1
S3104113	102	Port Input	15	1142781	892	1
S3104113	102	Port Input	14	1142781	892	1
S3104113	102	Port Input	15	1142781	892	1
S3104113	102	Port Input	14	1142781	892	1
S3104113	102	Port Input	15	1142786	897	1
S3104113	102	Port Input	14	1142787	898	1
S3104113	102	Port Input	15	1142787	898	1
S3104113	102	Port Input	14	1142787	898	1
S3104113	102	Port Input	15	1142788	899	1
S3104113	102	Port Input	14	1142788	899	1
S3104113	102	Port Input	15	1142788	899	1
S3104113	102	Port Input	14	1142788	899	1
S3104113	102	Port Input	15	1142788	899	1
S3104113	102	Port Input	14	1142788	899	1
S3104113	102	Port Input	15	1142788	899	1
S3104113	102	Port Input	14	1142789	900	1
S3104113	102	Port Input	15	1142791	902	1
S3104113	102	Port Input	14	1142791	902	1
S3104113	102	Port Input	15	1142801	913	1
S3104113	102	Port Input	14	1142802	913	1
S3104113	102	Port Input	15	1142804	915	1
S3104113	102	Port Input	14	1142804	915	1
S3104113	102	Port Input	15	1142806	917	1
S3104113	102	Port Input	14	1142806	917	1
S3104113	102	Port Input	15	1142807	918	1
S3104113	102	Port Input	14	1142807	918	1
S3104113	102	Port Input	15	1142807	918	1
S3104113	102	Port Input	14	1142807	918	1
S3104113	102	Port Input	15	1142808	919	1
S3104113	102	Port Input	14	1142810	921	1
S3104113	102	Port Input	15	1142811	922	1
S3104113	102	Port Input	14	1142811	922	1
S3104113	102	Port Input	15	1142811	922	1
S3104113	102	Port Input	14	1142812	923	1
S3104113	102	Port Input	15	1142815	926	1
S3104113	102	Port Input	14	1142815	926	1
S3104113	102	Port Input	15	1142816	927	1
S3104113	102	Port Input	14	1142816	927	1
S3104113	102	Port Input	15	1142816	927	1
S3104113	102	Port Input	14	1142816	927	1
S3104113	102	Port Input	15	1142816	927	1
S3104113	102	Port Input	14	1142816	928	1
S3104113	102	Port Input	15	1142821	932	1
S3104113	102	Port Input	14	1142821	932	1
S3104113	102	Port Input	15	1142822	933	1
S3104113	102	Port Input	14	1142822	933	1
S3104113	102	Port Input	15	1142831	942	1
S3104113	102	Port Input	14	1142831	942	1
S3104113	102	Port Input	15	1142831	942	1
S3104113	102	Port Input	14	1142831	942	1
S3104113	102	Port Input	15	1142835	946	1
S3104113	102	Port Input	14	1142835	946	1
S3104113	102	Port Input	15	1142835	946	1
S3104113	102	Port Input	14	1142836	947	1
S3104113	102	Port Input	15	1142836	947	1
S3104113	102	Port Input	14	1142836	947	1
S3104113	102	Port Input	15	1142836	947	1
S3104113	102	Port Input	14	1142836	947	1
S3104113	102	Port Input	15	1142836	947	1
S3104113	102	Port Input	14	1142836	947	1
S3104113	102	Port Input	15	1142836	947	1
S3104113	102	Port Input	14	1142836	948	1
S3104113	102	Port Input	15	1142843	954	1
S3104113	102	Port Input	14	1142843	954	1
S3104113	102	Port Input	15	1142845	956	1
S3104113	102	Port Input	14	1142846	957	1
S3104113	102	Port Input	15	1142847	958	1
S3104113	102	Port Input	14	1142848	959	1
S3104113	102	Port Input	15	1142849	960	1
S3104113	102	Port Input	14	1142850	961	1
S3104113	102	Port Input	15	1142852	963	1
S3104113	102	Port Input	14	1142852	963	1
S3104113	102	Port Input	15	1142853	964	1
S3104113	102	Port Input	14	1142855	966	1
S3104113	102	Port Input	15	1142856	967	1
S3104113	102	Port Input	14	1142859	970	1
S3104113	102	Port Input	15	1142859	970	1
S3104113	102	Port Input	14	1142861	972	1
S3104113	102	Port Input	15	1142863	974	1
S3104113	102	Port Input	14	1142864	975	1
S3104113	102	Port Input	15	1142866	977	1
S3104113	102	Port Input	14	1142868	979	1
S3104113	102	Port Input	15	1142868	979	1
S3104113	102	Port Input	14	1142868	979	1
S3104113	102	Port Input	15	1142871	982	1
S3104113	102	Port Input	14	1142871	982	1
S3104113	102	Port Input	15	1142879	990	1
S3104113	102	Port Input	14	1142879	990	1
S3104113	102	Port Input	15	1142883	994	1
S3104113	102	Port Input	14	1142886	997	1
S3104113	102	Port Input	15	1142888	999	1
S3104113	102	Port Input	14	1142888	999	1
S3104113	102	Port Input	15	1142889	1000	1
S3104113	102	Port Input	14	1142891	1002	1
S3104113	102	Port Input	15	1142892	1003	1
S3104113	102	Port Input	14	1142893	1004	1
S3104113	102	Port Input	15	1142893	1004	1
S3104113	102	Port Input	14	1142895	1006	1
S3104113	102	Port Input	15	1142904	1015	1
S3104113	102	Port Input	14	1143081	1192	1
S3104113	102	Port Input	15	1143086	1197	1
S3104113	102	Port Input	14	1143086	1197	1
S3104113	102	Port Input	15	1143087	1199	1
S3104113	102	Port Input	14	1143088	1199	1
S3104113	102	Port Input	15	1143110	1221	1
S3104113	102	Port Input	14	1143117	1228	1
S3104113	102	Port Input	15	1143117	1228	1
S3104113	102	Port Input	14	1143117	1228	1
S3104113	102	Port Input	15	1143118	1229	1
S3104113	102	Port Input	14	1143118	1229	1
S3104113	102	Port Input	15	1143129	1241	1
S3104113	102	Port Input	14	1143130	1241	1
S3104113	102	Port Input	15	1143145	1256	1
S3104113	102	Port Input	14	1143146	1257	1
S3104113	102	Port Input	15	1143160	1271	1
S3104113	102	Port Input	14	1143160	1271	1
S3104113	102	Port Input	15	1143164	1275	1
S3104113	102	Port Input	14	1143164	1275	1
S3104113	102	Port Input	15	1143190	1301	1
S3104113	102	Port Input	14	1143190	1301	1
S3104113	102	Port Input	15	1143200	1311	1
S3104113	102	Port Input	14	1143200	1311	1
S3104113	102	Port Input	15	1143206	1317	1
S3104113	102	Port Input	14	1143206	1317	1
S3104113	102	Port Input	15	1143208	1319	1
S3104113	102	Port Input	14	1143208	1319	1
S3104113	102	Port Input	15	1143210	1321	1
S3104113	102	Port Input	14	1143210	1321	1
S3104113	102	Port Input	15	1143221	1332	1
S3104113	102	Port Input	14	1143223	1334	1
S3104113	102	Port Input	15	1143223	1334	1
S3104113	102	Port Input	14	1143223	1334	1
S3104113	102	Port Input	15	1143224	1335	1
S3104113	102	Port Input	14	1143226	1337	1
S3104113	102	Port Input	15	1143226	1337	1
S3104113	102	Port Input	14	1143238	1349	1
S3104113	102	Port Input	15	1143238	1349	1
S3104113	102	Port Input	14	1143238	1349	1
S3104113	102	Port Input	15	1143245	1356	1
S3104113	102	Port Input	14	1143245	1356	1
S3104113	102	Port Input	15	1143269	1380	1
S3104113	102	Port Input	14	1143269	1380	1
S3104113	102	Port Input	15	1143276	1387	1
S3104113	102	Port Input	14	1143276	1387	1
S3104113	102	Port Input	15	1143279	1390	1
S3104113	102	Port Input	14	1143279	1390	1
S3104113	102	Port Input	15	1143282	1393	1
S3104113	102	Port Input	14	1143282	1393	1
S3104113	102	Port Input	15	1143283	1394	1
S3104113	102	Port Input	14	1143283	1394	1
S3104113	102	Port Input	15	1143298	1409	1
S3104113	102	Port Input	14	1143298	1409	1
S3104113	102	Port Input	15	1143300	1411	1
S3104113	102	Port Input	14	1143300	1411	1
S3104113	102	Port Input	15	1143301	1412	1
S3104113	102	Port Input	14	1143301	1412	1
S3104113	102	Port Input	15	1143303	1414	1
S3104113	102	Port Input	14	1143303	1414	1
S3104113	102	Port Input	15	1143307	1418	1
S3104113	102	Port Input	14	1143307	1418	1
S3104113	102	Port Input	15	1143311	1422	1
S3104113	102	Port Input	14	1143311	1422	1
S3104113	102	Port Input	15	1143312	1423	1
S3104113	102	Port Input	14	1143312	1423	1
S3104113	102	Port Input	15	1143313	1424	1
S3104113	102	Port Input	14	1143313	1424	1
S3104113	102	Port Input	15	1143315	1426	1
S3104113	102	Port Input	14	1143315	1426	1
S3104113	102	Port Input	15	1143318	1429	1
S3104113	102	Port Input	14	1143318	1429	1
S3104113	102	Port Input	15	1143318	1429	1
S3104113	102	Port Input	14	1143320	1431	1
S3104113	102	Port Input	15	1143320	1431	1
S3104113	102	Port Input	14	1143322	1433	1
S3104113	102	Port Input	15	1143322	1433	1
S3104113	102	Port Input	14	1143323	1434	1
S3104113	102	Port Input	15	1143323	1434	1
S3104113	102	Port Input	14	1143324	1435	1
S3104113	102	Port Input	15	1143325	1436	1
S3104113	102	Port Input	14	1143325	1436	1
S3104113	102	Port Input	15	1143325	1436	1
S3104113	102	Port Input	14	1143325	1436	1
S3104113	102	Port Input	15	1143326	1437	1
S3104113	102	Port Input	14	1143326	1437	1
S3104113	102	Port Input	15	1143327	1438	1
S3104113	102	Port Input	14	1143327	1438	1
S3104113	102	Port Input	15	1143327	1438	1
S3104113	102	Port Input	14	1143327	1438	1
S3104113	102	Port Input	15	1143328	1439	1
S3104113	102	Port Input	14	1143328	1439	1
S3104113	102	Port Input	15	1143328	1439	1
S3104113	102	Port Input	14	1143329	1440	1
S3104113	102	Port Input	15	1143329	1440	1
S3104113	102	Port Input	14	1143334	1445	1
S3104113	102	Port Input	15	1143335	1446	1
S3104113	102	Port Input	14	1143336	1447	1
S3104113	102	Port Input	15	1143337	1448	1
S3104113	102	Port Input	14	1143337	1448	1
S3104113	102	Port Input	15	1143338	1449	1
S3104113	102	Port Input	14	1143338	1449	1
S3104113	102	Port Input	15	1143339	1450	1
S3104113	102	Port Input	14	1143341	1452	1
S3104113	102	Port Input	15	1143349	1460	1
S3104113	102	Port Input	14	1143349	1460	1
S3104113	102	Port Input	15	1143356	1467	1
S3104113	102	Port Input	14	1143356	1467	1
S3104113	102	Port Input	15	1143361	1472	1
S3104113	102	Port Input	14	1143361	1472	1
S3104113	102	Port Input	15	1143389	1500	1
S3104113	102	Port Input	14	1143389	1500	1
S3104113	102	Port Input	15	1143392	1503	1
S3104113	102	Port Input	14	1143392	1503	1
S3104113	102	Port Input	15	1143430	1541	1
S3104113	102	Port Input	14	1143430	1541	1
S3104113	102	Port Input	15	1143447	1558	1
S3104113	102	Port Input	14	1143447	1558	1
S3104113	102	Port Input	15	1143448	1559	1
S3104113	102	Port Input	14	1143448	1559	1
S3104113	102	Port Input	15	1143449	1560	1
S3104113	102	Port Input	14	1143449	1560	1
S3104113	102	Port Input	15	1143450	1561	1
S3104113	102	Port Input	14	1143450	1561	1
S3104113	102	Port Input	15	1143460	1571	1
S3104113	102	Port Input	14	1143460	1571	1
S3104113	102	Port Input	15	1143463	1574	1
S3104113	102	Port Input	14	1143463	1574	1
S3104113	102	Port Input	15	1143463	1574	1
S3104113	102	Port Input	14	1143463	1574	1
S3104113	102	Port Input	15	1143476	1587	1
S3104113	102	Port Input	14	1143476	1587	1
S3104113	102	Port Input	15	1143477	1588	1
S3104113	102	Port Input	14	1143477	1588	1
S3104113	102	Port Input	15	1143482	1593	1
S3104113	102	Port Input	14	1143482	1593	1
S3104113	102	Port Input	15	1143967	2078	1
S3104113	102	Port Input	14	1143967	2078	1
S3104113	102	Port Input	15	1143967	2078	1
S3104113	102	Port Input	14	1143967	2078	1
S3104113	102	Port Input	15	1143967	2079	1
S3104113	102	Port Input	14	1143968	2079	1
S3104113	102	Port Input	15	1143968	2079	1
S3104113	102	Port Input	14	1143968	2079	1
S3104113	102	Port Input	15	1143968	2079	1
S3104113	102	Port Input	14	1143968	2079	1
S3104113	102	Port Input	15	1143968	2079	1
S3104113	102	Port Input	14	1143968	2079	1
S3104113	102	Port Input	15	1143969	2080	1
S3104113	102	Port Input	14	1143969	2080	1
S3104113	102	Port Input	15	1143969	2080	1
S3104113	102	Port Input	14	1143969	2080	1
S3104113	102	Port Input	15	1143970	2081	1
S3104113	102	Port Input	14	1143970	2081	1
S3104113	102	Port Input	15	1143971	2082	1
S3104113	102	Port Input	14	1143971	2082	1
S3104113	102	Port Input	15	1143971	2082	1
S3104113	102	Port Input	14	1143971	2082	1
S3104113	102	Port Input	15	1143972	2083	1
S3104113	102	Port Input	14	1143972	2083	1
S3104113	102	Port Input	15	1143973	2084	1
S3104113	102	Port Input	14	1151829	9940	1
S3104113	102	Response	22	1151829	9940	1
S3104113	102	Port Input	15	1151830	9941	1
S3104113	102	Port Input	14	1151830	9941	1
S3104113	103	Port Input	15	1152714	839	1
S3104113	103	Port Input	14	1152714	839	1
S3104113	103	Port Input	15	1152734	860	1
S3104113	103	Port Input	14	1152734	860	1
S3104113	103	Port Input	15	1152741	866	1
S3104113	103	Port Input	14	1152741	866	1
S3104113	103	Port Input	15	1152755	881	1
S3104113	103	Port Input	14	1152756	881	1
S3104113	103	Port Input	15	1152757	883	1
S3104113	103	Port Input	14	1152757	883	1
S3104113	103	Port Input	15	1152763	888	1
S3104113	103	Port Input	14	1152763	888	1
S3104113	103	Port Input	15	1152767	892	1
S3104113	103	Port Input	14	1152767	892	1
S3104113	103	Port Input	15	1152769	894	1
S3104113	103	Port Input	14	1152769	894	1
S3104113	103	Port Input	15	1152780	906	1
S3104113	103	Port Input	14	1152780	906	1
S3104113	103	Port Input	15	1152890	1015	1
S3104113	103	Port Input	14	1152890	1015	1
S3104113	103	Port Input	15	1152910	1036	1
S3104113	103	Port Input	14	1152910	1036	1
S3104113	103	Port Input	15	1152974	1099	1
S3104113	103	Port Input	14	1152975	1100	1
S3104113	103	Port Input	15	1153194	1319	1
S3104113	103	Port Input	14	1153194	1319	1
S3104113	103	Port Input	15	1153194	1319	1
S3104113	103	Port Input	14	1153194	1319	1
S3104113	103	Port Input	15	1153194	1319	1
S3104113	103	Port Input	14	1153194	1319	1
S3104113	103	Port Input	15	1153194	1319	1
S3104113	103	Port Input	14	1153194	1319	1
S3104113	103	Port Input	15	1153263	1388	1
S3104113	103	Port Input	14	1153263	1388	1
S3104113	103	Port Input	15	1153279	1404	1
S3104113	103	Port Input	14	1153279	1405	1
S3104113	103	Port Input	15	1153292	1417	1
S3104113	103	Port Input	14	1153292	1417	1
S3104113	103	Port Input	15	1153306	1431	1
S3104113	103	Port Input	14	1153306	1431	1
S3104113	103	Port Input	15	1153310	1435	1
S3104113	103	Port Input	14	1153310	1435	1
S3104113	103	Port Input	15	1153361	1486	1
S3104113	103	Port Input	14	1153361	1486	1
S3104113	103	Port Input	15	1153366	1491	1
S3104113	103	Port Input	14	1153366	1491	1
S3104113	103	Port Input	15	1153373	1498	1
S3104113	103	Port Input	14	1153373	1499	1
S3104113	103	Port Input	15	1153375	1500	1
S3104113	103	Port Input	14	1153375	1500	1
S3104113	103	Port Input	15	1153996	2121	1
S3104113	103	Port Input	14	1153996	2121	1
S3104113	103	Port Input	15	1153996	2121	1
S3104113	103	Port Input	14	1153996	2121	1
S3104113	103	Port Input	15	1153996	2122	1
S3104113	103	Port Input	14	1153996	2122	1
S3104113	103	Port Input	15	1153996	2122	1
S3104113	103	Port Input	14	1153996	2122	1
S3104113	103	Port Input	15	1153997	2122	1
S3104113	103	Port Input	14	1153997	2122	1
S3104113	103	Port Input	15	1153997	2122	1
S3104113	103	Port Input	14	1153997	2122	1
S3104113	103	Port Input	15	1153997	2123	1
S3104113	103	Port Input	14	1153997	2123	1
S3104113	103	Port Input	15	1153998	2123	1
S3104113	103	Port Input	14	1153998	2124	1
S3104113	103	Port Input	15	1153999	2124	1
S3104113	103	Port Input	14	1153999	2124	1
S3104113	103	Port Input	15	1153999	2124	1
S3104113	103	Port Input	14	1153999	2124	1
S3104113	103	Port Input	15	1153999	2125	1
S3104113	103	Port Input	14	1153999	2125	1
S3104113	103	Port Input	15	1154000	2125	1
S3104113	103	Port Input	14	1154000	2125	1
S3104113	103	Port Input	15	1154000	2125	1
S3104113	103	Port Input	14	1154000	2126	1
S3104113	103	Port Input	15	1154001	2126	1
S3104113	103	Port Input	14	1154001	2126	1
S3104113	103	Port Input	15	1154001	2126	1
