Scenario - passive press generic training 1.2
Logfile written - 10/31/2022 12:20:02

Subject	Trial	Event Type	Code	Time	TTime	Uncertainty	Duration	Uncertainty	ReqTime	ReqDur	Stim Type	Pair Index

S3101501	1	Picture	83	69	0	1	5000	1	0	4950	other	0
S3101501	1	Picture	82	10069	9999	1	5000	1	9950	4950	other	0
S3101501	1	Picture	81	20068	19999	1	5000	1	19950	4950	other	0
S3101501	1	Picture	80	30068	29999	1	5000	1	29950	4950	other	0
S3101501	1	Picture	81	40068	39998	1	10000	1	39950	9950	other	0
S3101501	1	Port Input	14	47570	47501	1
S3101501	1	Response	100	47570	47501	1
S3101501	1	Port Input	15	47571	47501	1
S3101501	1	Port Input	14	47571	47501	1
S3101501	1	Port Input	15	47571	47502	1
S3101501	1	Port Input	14	47571	47502	1
S3101501	1	Port Input	15	47571	47502	1
S3101501	1	Port Input	14	47571	47502	1
S3101501	1	Port Input	15	47571	47502	1
S3101501	1	Port Input	14	47572	47502	1
S3101501	1	Port Input	15	48029	47959	1
S3101501	1	Port Input	14	48029	47959	1
S3101501	1	Port Input	15	48095	48026	1
S3101501	1	Port Input	14	48095	48026	1
S3101501	1	Port Input	15	48096	48027	1
S3101501	1	Port Input	14	48096	48027	1
S3101501	1	Port Input	15	48099	48029	1
S3101501	1	Port Input	14	48099	48030	1
S3101501	1	Port Input	15	48099	48030	1
S3101501	1	Port Input	14	48099	48030	1
S3101501	1	Port Input	15	48102	48032	1
S3101501	1	Port Input	14	48102	48032	1
S3101501	1	Port Input	15	48103	48034	1
S3101501	1	Port Input	14	48103	48034	1
S3101501	1	Port Input	15	48112	48043	1
S3101501	1	Port Input	14	48112	48043	1
S3101501	1	Port Input	15	48121	48052	1
S3101501	1	Port Input	14	48121	48052	1
S3101501	1	Port Input	15	48122	48053	1
S3101501	1	Port Input	14	48122	48053	1
S3101501	1	Port Input	15	48161	48091	1
S3101501	1	Port Input	14	48161	48091	1
S3101501	1	Port Input	15	48170	48101	1
S3101501	1	Port Input	14	48170	48101	1
S3101501	1	Port Input	15	48172	48103	1
S3101501	1	Port Input	14	48172	48103	1
S3101501	1	Port Input	15	48172	48103	1
S3101501	1	Port Input	14	48172	48103	1
S3101501	1	Port Input	15	48185	48116	1
S3101501	1	Port Input	14	48185	48116	1
S3101501	1	Port Input	15	48187	48118	1
S3101501	1	Port Input	14	48187	48118	1
S3101501	1	Port Input	15	48198	48129	1
S3101501	1	Port Input	14	48198	48129	1
S3101501	1	Port Input	15	48201	48132	1
S3101501	1	Port Input	14	48201	48132	1
S3101501	1	Port Input	15	48251	48181	1
S3101501	1	Port Input	14	48251	48181	1
S3101501	1	Port Input	15	48306	48237	1
S3101501	1	Port Input	14	48306	48237	1
S3101501	1	Port Input	15	48365	48296	1
S3101501	1	Port Input	14	48365	48296	1
S3101501	1	Port Input	15	48388	48319	1
S3101501	1	Port Input	14	48388	48319	1
S3101501	1	Port Input	15	48391	48321	1
S3101501	1	Port Input	14	48391	48321	1
S3101501	1	Port Input	15	48391	48321	1
S3101501	1	Port Input	14	48391	48321	1
S3101501	1	Port Input	15	48396	48327	1
S3101501	1	Port Input	14	48396	48327	1
S3101501	1	Port Input	15	48413	48344	1
S3101501	1	Port Input	14	48413	48344	1
S3101501	1	Port Input	15	48424	48354	1
S3101501	1	Port Input	14	48424	48355	1
S3101501	1	Port Input	15	48533	48463	1
S3101501	1	Port Input	14	48533	48463	1
S3101501	1	Port Input	15	49371	49302	1
S3101501	1	Port Input	14	49371	49302	1
S3101501	1	Port Input	15	49377	49308	1
S3101501	1	Port Input	14	49377	49308	1
S3101501	1	Port Input	15	49383	49314	1
S3101501	1	Port Input	14	49383	49314	1
S3101501	1	Port Input	15	49384	49314	1
S3101501	1	Port Input	14	49384	49314	1
S3101501	1	Port Input	15	49384	49315	1
S3101501	1	Port Input	14	49384	49315	1
S3101501	1	Port Input	15	49385	49316	1
S3101501	1	Port Input	14	49385	49316	1
S3101501	1	Port Input	15	49391	49322	1
S3101501	1	Port Input	14	49391	49322	1
S3101501	1	Port Input	15	49398	49328	1
S3101501	1	Port Input	14	49398	49328	1
S3101501	1	Port Input	15	49430	49361	1
S3101501	1	Port Input	14	49430	49361	1
S3101501	1	Port Input	15	49463	49393	1
S3101501	1	Port Input	14	49463	49393	1
S3101501	1	Port Input	15	49466	49396	1
S3101501	1	Port Input	14	49466	49396	1
S3101501	1	Port Input	15	49477	49408	1
S3101501	1	Port Input	14	49477	49408	1
S3101501	1	Port Input	15	49495	49426	1
S3101501	1	Port Input	14	49495	49426	1
S3101501	1	Port Input	15	49506	49437	1
S3101501	1	Port Input	14	49506	49437	1
S3101501	1	Port Input	15	49509	49440	1
S3101501	1	Port Input	14	49509	49440	1
S3101501	1	Port Input	15	49520	49450	1
S3101501	1	Port Input	14	49520	49450	1
S3101501	1	Port Input	15	49521	49451	1
S3101501	1	Port Input	14	49521	49451	1
S3101501	1	Port Input	15	49522	49452	1
S3101501	1	Port Input	14	49522	49452	1
S3101501	1	Port Input	15	49522	49453	1
S3101501	1	Port Input	14	49522	49453	1
S3101501	1	Port Input	15	49522	49453	1
S3101501	1	Port Input	14	49522	49453	1
S3101501	1	Port Input	15	49523	49453	1
S3101501	1	Port Input	14	49523	49453	1
S3101501	1	Port Input	15	49524	49454	1
S3101501	1	Port Input	14	49524	49454	1
S3101501	1	Port Input	15	49525	49456	1
S3101501	1	Port Input	14	49525	49456	1
S3101501	1	Port Input	15	49526	49457	1
S3101501	1	Port Input	14	49526	49457	1
S3101501	1	Port Input	15	49526	49457	1
S3101501	1	Port Input	14	49526	49457	1
S3101501	1	Port Input	15	49530	49460	1
S3101501	1	Port Input	14	49530	49460	1
S3101501	1	Port Input	15	49530	49461	1
S3101501	1	Port Input	14	49530	49461	1
S3101501	1	Port Input	15	49531	49462	1
S3101501	1	Port Input	14	49531	49462	1
S3101501	1	Port Input	15	49533	49464	1
S3101501	1	Port Input	14	49533	49464	1
S3101501	1	Port Input	15	49534	49464	1
S3101501	1	Port Input	14	49534	49464	1
S3101501	1	Port Input	15	49536	49467	1
S3101501	1	Port Input	14	49536	49467	1
S3101501	1	Port Input	15	49537	49467	1
S3101501	1	Port Input	14	49537	49467	1
S3101501	1	Port Input	15	49537	49468	1
S3101501	1	Port Input	14	49537	49468	1
S3101501	1	Port Input	15	49538	49468	1
S3101501	1	Port Input	14	49538	49468	1
S3101501	1	Port Input	15	49539	49470	1
S3101501	1	Port Input	14	49539	49470	1
S3101501	1	Port Input	15	49540	49471	1
S3101501	1	Port Input	14	49540	49471	1
S3101501	1	Port Input	15	49541	49472	1
S3101501	1	Port Input	14	49541	49472	1
S3101501	1	Port Input	15	49546	49477	1
S3101501	1	Port Input	14	49546	49477	1
S3101501	1	Port Input	15	49549	49480	1
S3101501	1	Port Input	14	49549	49480	1
S3101501	1	Port Input	15	49550	49480	1
S3101501	1	Port Input	14	49550	49481	1
S3101501	1	Port Input	15	49550	49481	1
S3101501	1	Port Input	14	49550	49481	1
S3101501	1	Port Input	15	49552	49483	1
S3101501	1	Port Input	14	49552	49483	1
S3101501	1	Port Input	15	49553	49484	1
S3101501	1	Port Input	14	49553	49484	1
S3101501	1	Port Input	15	49554	49485	1
S3101501	1	Port Input	14	49554	49485	1
S3101501	1	Port Input	15	49558	49488	1
S3101501	1	Port Input	14	49558	49488	1
S3101501	1	Port Input	15	49561	49492	1
S3101501	1	Port Input	14	49561	49492	1
S3101501	1	Port Input	15	49561	49492	1
S3101501	1	Port Input	14	49561	49492	1
S3101501	1	Port Input	15	49565	49495	1
S3101501	1	Port Input	14	49565	49495	1
S3101501	1	Port Input	15	49570	49500	1
S3101501	1	Port Input	14	49570	49500	1
S3101501	1	Port Input	15	49570	49500	1
S3101501	1	Port Input	14	49570	49500	1
S3101501	1	Port Input	15	49571	49502	1
S3101501	1	Port Input	14	49571	49502	1
S3101501	1	Port Input	15	49577	49508	1
S3101501	1	Port Input	14	49577	49508	1
S3101501	1	Port Input	15	49579	49509	1
S3101501	1	Port Input	14	49579	49509	1
S3101501	1	Port Input	15	50018	49948	3
S3101501	1	Picture	81	60067	59998	1	10000	1	59950	9950	other	0
S3101501	1	Port Input	14	63834	63764	1
S3101501	1	Response	100	63834	63764	1
S3101501	1	Port Input	15	65802	65732	1
S3101501	1	Port Input	14	65802	65732	1
S3101501	1	Port Input	15	65802	65733	1
S3101501	1	Port Input	14	65802	65733	1
S3101501	1	Port Input	15	65802	65733	1
S3101501	1	Port Input	14	65802	65733	1
S3101501	1	Port Input	15	65802	65733	1
S3101501	1	Port Input	14	65802	65733	1
S3101501	1	Port Input	15	65802	65733	1
S3101501	1	Port Input	14	65803	65733	1
S3101501	1	Port Input	15	65803	65734	1
S3101501	1	Port Input	14	65803	65734	1
S3101501	1	Port Input	15	65803	65734	1
S3101501	1	Port Input	14	65803	65734	1
S3101501	1	Port Input	15	65804	65734	1
S3101501	1	Port Input	14	65804	65734	1
S3101501	1	Port Input	15	65804	65735	1
S3101501	1	Port Input	14	65804	65735	1
S3101501	1	Port Input	15	65804	65735	1
S3101501	1	Port Input	14	65804	65735	1
S3101501	1	Port Input	15	65804	65735	1
S3101501	1	Port Input	14	65804	65735	1
S3101501	1	Port Input	15	65804	65735	1
S3101501	1	Port Input	14	65805	65735	1
S3101501	1	Port Input	15	65805	65735	1
S3101501	1	Port Input	14	65805	65735	1
S3101501	1	Port Input	15	65805	65736	1
S3101501	1	Port Input	14	65805	65736	1
S3101501	1	Port Input	15	65805	65736	1
S3101501	1	Picture	81	80066	79997	1	10000	1	79950	9950	other	0
S3101501	1	Port Input	14	83502	83432	1
S3101501	1	Response	100	83502	83432	1
S3101501	1	Port Input	15	83502	83432	1
S3101501	1	Port Input	14	83502	83433	1
S3101501	1	Port Input	15	85421	85351	1
S3101501	1	Port Input	14	85421	85351	1
S3101501	1	Port Input	15	85421	85352	1
S3101501	1	Port Input	14	85421	85352	1
S3101501	1	Port Input	15	85421	85352	1
S3101501	1	Port Input	14	85421	85352	1
S3101501	1	Port Input	15	85421	85352	1
S3101501	1	Port Input	14	85421	85352	1
S3101501	1	Port Input	15	85422	85352	1
S3101501	1	Port Input	14	85422	85352	1
S3101501	1	Port Input	15	85422	85353	1
S3101501	1	Port Input	14	85422	85353	1
S3101501	1	Port Input	15	85422	85353	1
S3101501	1	Port Input	14	85422	85353	1
S3101501	1	Port Input	15	85422	85353	1
S3101501	2	Port Input	14	133091	42955	1
S3101501	2	Response	100	133091	42955	1
S3101501	2	Port Input	15	133091	42955	1
S3101501	2	Port Input	14	133091	42956	1
S3101501	2	Port Input	15	133091	42956	3
S3101501	2	Port Input	14	133096	42960	1
S3101501	2	Port Input	15	133096	42961	1
S3101501	2	Port Input	14	133096	42961	2
S3101501	3	Port Input	15	135448	2329	7
S3101501	3	Port Input	14	169481	36361	7
S3101501	3	Response	100	169481	36361	7
S3101501	3	Port Input	15	169487	36368	1
S3101501	3	Port Input	14	169488	36368	1
S3101501	4	Port Input	15	173222	3714	8
S3101501	4	Port Input	14	186091	16584	7
S3101501	4	Response	100	186091	16584	7
S3101501	4	Port Input	15	186098	16591	1
S3101501	4	Port Input	14	186099	16592	7
S3101501	5	Port Input	15	188341	2168	1
S3101501	5	Port Input	14	200596	14423	9
S3101501	5	Response	100	200596	14423	9
S3101501	6	Port Input	15	203058	2372	7
S3101501	6	Port Input	14	213610	12923	1
S3101501	6	Response	100	213610	12923	1
S3101501	6	Port Input	15	213610	12923	1
S3101501	6	Port Input	14	213610	12923	1
S3101501	7	Port Input	15	215998	2326	8
S3101501	7	Port Input	14	225842	12170	8
S3101501	7	Response	100	225842	12170	8
S3101501	8	Port Input	15	228231	2338	7
S3101501	8	Port Input	14	240107	14213	7
S3101501	8	Response	100	240107	14213	7
S3101501	8	Port Input	15	240114	14220	7
S3101501	8	Port Input	14	240121	14228	84
S3101501	9	Port Input	15	242383	2253	8
S3101501	9	Port Input	14	253759	13630	8
S3101501	9	Response	100	253759	13630	8
S3101501	10	Port Input	15	255781	1972	7
S3101501	10	Port Input	14	265071	11262	8
S3101501	10	Response	100	265071	11262	8
S3101501	11	Port Input	15	267025	1896	7
S3101501	11	Port Input	14	267032	1903	1
S3101501	11	Port Input	15	267032	1903	1
S3101501	11	Port Input	14	277830	12702	8
S3101501	11	Response	100	277830	12702	8
S3101501	12	Port Input	15	279868	1962	7
S3101501	12	Port Input	14	290915	13010	7
S3101501	12	Response	100	290915	13010	8
S3101501	12	Port Input	15	290922	13017	7
S3101501	12	Port Input	14	290929	13024	1
S3101501	12	Port Input	15	290930	13024	1
S3101501	12	Port Input	14	290930	13024	1
S3101501	13	Port Input	15	293237	2276	8
S3101501	13	Port Input	14	293244	2283	1
S3101501	13	Port Input	15	293244	2284	9
S3101501	13	Port Input	14	301509	10548	1
S3101501	13	Response	100	301509	10548	1
S3101501	13	Port Input	15	301519	10558	1
S3101501	13	Port Input	14	301519	10559	1
S3101501	13	Port Input	15	301522	10562	1
S3101501	13	Port Input	14	301522	10562	1
S3101501	13	Port Input	15	301523	10562	1
S3101501	13	Port Input	14	301523	10562	1
S3101501	13	Port Input	15	301523	10562	1
S3101501	13	Port Input	14	301523	10563	1
S3101501	13	Port Input	15	301524	10563	1
S3101501	13	Port Input	14	301524	10563	1
S3101501	13	Port Input	15	301525	10565	1
S3101501	13	Port Input	14	301525	10565	1
S3101501	13	Port Input	15	301526	10566	1
S3101501	13	Port Input	14	301526	10566	1
S3101501	13	Port Input	15	301527	10566	1
S3101501	13	Port Input	14	301527	10566	1
S3101501	13	Port Input	15	301528	10568	1
S3101501	13	Port Input	14	301528	10568	1
S3101501	13	Port Input	15	301529	10568	1
S3101501	13	Port Input	14	301529	10568	1
S3101501	13	Port Input	15	301529	10569	1
S3101501	13	Port Input	14	301529	10569	1
S3101501	13	Port Input	15	301529	10569	1
S3101501	13	Port Input	14	301529	10569	1
S3101501	13	Port Input	15	301530	10570	1
S3101501	13	Port Input	14	301530	10570	1
S3101501	14	Port Input	15	303338	1753	7
S3101501	14	Port Input	14	313527	11941	9
S3101501	14	Response	100	313527	11941	9
S3101501	15	Port Input	15	315664	2066	8
S3101501	15	Port Input	14	324774	11176	8
S3101501	15	Response	100	324774	11176	8
S3101501	16	Port Input	15	326957	2109	8
S3101501	16	Port Input	14	335854	11006	1
S3101501	16	Response	100	335854	11006	1
