Scenario - Button
Logfile written - 10/31/2022 12:29:06

Subject	Trial	Event Type	Code	Time	TTime	Uncertainty	Duration	Uncertainty	ReqTime	ReqDur	Stim Type	Pair Index

S3101501	1	Picture	start	69	0	1	40554	1	0	next	other	0
S3101501	3	Picture	20	45137	0	1	3194	1	0	next	hit	4
S3101501	3	Port Input	14	48277	3140	1
S3101501	3	Response	22	48277	3140	1
S3101501	3	Port Input	15	48277	3140	1
S3101501	3	Port Input	14	48278	3141	8
S3101501	4	Picture	20	48331	0	1	16180	1	0	next	hit	12
S3101501	4	Port Input	15	54661	6330	1
S3101501	4	Port Input	14	54661	6330	1
S3101501	4	Port Input	15	54662	6331	1
S3101501	4	Port Input	14	64457	16125	1
S3101501	4	Response	22	64457	16125	1
S3101501	4	Port Input	15	64457	16125	1
S3101501	4	Port Input	14	64457	16126	1
S3101501	4	Port Input	15	64463	16132	1
S3101501	4	Port Input	14	64464	16132	1
S3101501	5	Picture	20	64511	0	1	18194	1	0	next	hit	188
S3101501	5	Port Input	15	64952	440	1
S3101501	5	Port Input	14	64952	440	1
S3101501	5	Port Input	15	64953	442	1
S3101501	5	Port Input	14	64953	442	1
S3101501	5	Port Input	15	64953	442	1
S3101501	5	Port Input	14	64953	442	1
S3101501	5	Port Input	15	64954	442	1
S3101501	5	Port Input	14	64954	442	1
S3101501	5	Port Input	15	64954	443	1
S3101501	5	Port Input	14	64954	443	1
S3101501	5	Port Input	15	64955	444	1
S3101501	5	Port Input	14	64955	444	1
S3101501	5	Port Input	15	64956	445	1
S3101501	5	Port Input	14	64956	445	1
S3101501	5	Port Input	15	64957	446	1
S3101501	5	Port Input	14	64957	446	1
S3101501	5	Port Input	15	64958	447	1
S3101501	5	Port Input	14	64958	447	1
S3101501	5	Port Input	15	64959	447	1
S3101501	5	Port Input	14	64959	447	1
S3101501	5	Port Input	15	64959	448	1
S3101501	5	Port Input	14	64959	448	1
S3101501	5	Port Input	15	64960	448	1
S3101501	5	Port Input	14	64960	448	1
S3101501	5	Port Input	15	64961	449	1
S3101501	5	Port Input	14	64961	449	1
S3101501	5	Port Input	15	64961	450	1
S3101501	5	Port Input	14	64961	450	1
S3101501	5	Port Input	15	64962	451	1
S3101501	5	Port Input	14	64962	451	1
S3101501	5	Port Input	15	64964	453	1
S3101501	5	Port Input	14	64964	453	1
S3101501	5	Port Input	15	64970	459	1
S3101501	5	Port Input	14	64970	459	1
S3101501	5	Port Input	15	64970	459	1
S3101501	5	Port Input	14	64970	459	1
S3101501	5	Port Input	15	64971	460	1
S3101501	5	Port Input	14	64971	460	1
S3101501	5	Port Input	15	64972	461	1
S3101501	5	Port Input	14	64972	461	1
S3101501	5	Port Input	15	64974	462	1
S3101501	5	Port Input	14	64974	462	1
S3101501	5	Port Input	15	64977	466	1
S3101501	5	Port Input	14	64977	466	1
S3101501	5	Port Input	15	64978	467	1
S3101501	5	Port Input	14	64978	467	1
S3101501	5	Port Input	15	64980	469	1
S3101501	5	Port Input	14	64980	469	1
S3101501	5	Port Input	15	64988	476	1
S3101501	5	Port Input	14	64988	476	1
S3101501	5	Port Input	15	64994	482	1
S3101501	5	Port Input	14	64994	482	1
S3101501	5	Port Input	15	64995	483	1
S3101501	5	Port Input	14	64995	483	1
S3101501	5	Port Input	15	65002	490	1
S3101501	5	Port Input	14	65002	490	1
S3101501	5	Port Input	15	65002	491	1
S3101501	5	Port Input	14	65002	491	1
S3101501	5	Port Input	15	65003	492	1
S3101501	5	Port Input	14	65003	492	1
S3101501	5	Port Input	15	65006	494	1
S3101501	5	Port Input	14	65006	494	1
S3101501	5	Port Input	15	65007	496	1
S3101501	5	Port Input	14	65007	496	1
S3101501	5	Port Input	15	65007	496	1
S3101501	5	Port Input	14	65007	496	1
S3101501	5	Port Input	15	65008	497	1
S3101501	5	Port Input	14	65008	497	1
S3101501	5	Port Input	15	65010	498	1
S3101501	5	Port Input	14	65010	498	1
S3101501	5	Port Input	15	65011	500	1
S3101501	5	Port Input	14	65011	500	1
S3101501	5	Port Input	15	65011	500	1
S3101501	5	Port Input	14	65011	500	1
S3101501	5	Port Input	15	65012	501	1
S3101501	5	Port Input	14	65012	501	1
S3101501	5	Port Input	15	65012	501	1
S3101501	5	Port Input	14	65012	501	1
S3101501	5	Port Input	15	65012	501	1
S3101501	5	Port Input	14	65012	501	1
S3101501	5	Port Input	15	65014	503	1
S3101501	5	Port Input	14	65014	503	1
S3101501	5	Port Input	15	65016	505	1
S3101501	5	Port Input	14	65016	505	1
S3101501	5	Port Input	15	65016	505	1
S3101501	5	Port Input	14	65016	505	1
S3101501	5	Port Input	15	65016	505	1
S3101501	5	Port Input	14	65016	505	1
S3101501	5	Port Input	15	65017	506	1
S3101501	5	Port Input	14	65017	506	1
S3101501	5	Port Input	15	65017	506	1
S3101501	5	Port Input	14	65017	506	1
S3101501	5	Port Input	15	65020	508	1
S3101501	5	Port Input	14	65020	508	1
S3101501	5	Port Input	15	65021	510	1
S3101501	5	Port Input	14	65021	510	1
S3101501	5	Port Input	15	65023	511	1
S3101501	5	Port Input	14	65023	511	1
S3101501	5	Port Input	15	65024	512	1
S3101501	5	Port Input	14	65024	512	1
S3101501	5	Port Input	15	65025	513	1
S3101501	5	Port Input	14	65025	513	1
S3101501	5	Port Input	15	65026	515	1
S3101501	5	Port Input	14	65026	515	1
S3101501	5	Port Input	15	65027	516	1
S3101501	5	Port Input	14	65027	516	1
S3101501	5	Port Input	15	65028	516	1
S3101501	5	Port Input	14	65028	516	1
S3101501	5	Port Input	15	65029	518	1
S3101501	5	Port Input	14	65029	518	1
S3101501	5	Port Input	15	65030	519	1
S3101501	5	Port Input	14	65030	519	1
S3101501	5	Port Input	15	65033	521	1
S3101501	5	Port Input	14	65033	521	1
S3101501	5	Port Input	15	65035	524	1
S3101501	5	Port Input	14	65035	524	1
S3101501	5	Port Input	15	65036	525	1
S3101501	5	Port Input	14	65036	525	1
S3101501	5	Port Input	15	65039	527	1
S3101501	5	Port Input	14	65039	528	1
S3101501	5	Port Input	15	65039	528	1
S3101501	5	Port Input	14	65039	528	1
S3101501	5	Port Input	15	65039	528	1
S3101501	5	Port Input	14	65039	528	1
S3101501	5	Port Input	15	65041	530	1
S3101501	5	Port Input	14	65041	530	1
S3101501	5	Port Input	15	65041	530	1
S3101501	5	Port Input	14	65041	530	1
S3101501	5	Port Input	15	65042	530	1
S3101501	5	Port Input	14	65042	530	1
S3101501	5	Port Input	15	65042	530	1
S3101501	5	Port Input	14	65042	531	1
S3101501	5	Port Input	15	65043	531	1
S3101501	5	Port Input	14	65043	532	1
S3101501	5	Port Input	15	65045	534	1
S3101501	5	Port Input	14	65045	534	1
S3101501	5	Port Input	15	65047	535	1
S3101501	5	Port Input	14	65047	535	1
S3101501	5	Port Input	15	65052	540	1
S3101501	5	Port Input	14	65052	541	1
S3101501	5	Port Input	15	65056	545	1
S3101501	5	Port Input	14	65056	545	1
S3101501	5	Port Input	15	65058	547	1
S3101501	5	Port Input	14	65058	547	1
S3101501	5	Port Input	15	65234	722	1
S3101501	5	Port Input	14	65234	723	1
S3101501	5	Port Input	15	65752	1240	1
S3101501	5	Port Input	14	65752	1240	1
S3101501	5	Port Input	15	69220	4709	1
S3101501	5	Port Input	14	69220	4709	1
S3101501	5	Port Input	15	69831	5320	1
S3101501	5	Port Input	14	69832	5320	1
S3101501	5	Port Input	15	70202	5690	1
S3101501	5	Port Input	14	70202	5690	1
S3101501	5	Port Input	15	70202	5691	1
S3101501	5	Port Input	14	70202	5691	1
S3101501	5	Port Input	15	70205	5693	1
S3101501	5	Port Input	14	70205	5693	1
S3101501	5	Port Input	15	70206	5695	1
S3101501	5	Port Input	14	70206	5695	1
S3101501	5	Port Input	15	70210	5698	1
S3101501	5	Port Input	14	70210	5698	1
S3101501	5	Port Input	15	70210	5699	1
S3101501	5	Port Input	14	70210	5699	1
S3101501	5	Port Input	15	70227	5715	1
S3101501	5	Port Input	14	70227	5715	1
S3101501	5	Port Input	15	70936	6425	1
S3101501	5	Port Input	14	70937	6425	1
S3101501	5	Port Input	15	70937	6425	1
S3101501	5	Port Input	14	82654	18143	1
S3101501	5	Response	22	82654	18143	1
S3101501	6	Picture	20	82705	0	1	16319	1	0	next	hit	222
S3101501	6	Port Input	15	83177	471	1
S3101501	6	Port Input	14	83177	471	1
S3101501	6	Port Input	15	83180	475	1
S3101501	6	Port Input	14	83180	475	1
S3101501	6	Port Input	15	83183	477	1
S3101501	6	Port Input	14	83183	477	1
S3101501	6	Port Input	15	83183	478	1
S3101501	6	Port Input	14	83183	478	1
S3101501	6	Port Input	15	83183	478	1
S3101501	6	Port Input	14	83183	478	1
S3101501	6	Port Input	15	83238	533	1
S3101501	6	Port Input	14	83238	533	1
S3101501	6	Port Input	15	83246	541	1
S3101501	6	Port Input	14	83246	541	1
S3101501	6	Port Input	15	83250	545	1
S3101501	6	Port Input	14	83250	545	1
S3101501	6	Port Input	15	83253	548	1
S3101501	6	Port Input	14	83253	548	1
S3101501	6	Port Input	15	83255	550	1
S3101501	6	Port Input	14	83256	550	1
S3101501	6	Port Input	15	83257	552	1
S3101501	6	Port Input	14	83257	552	1
S3101501	6	Port Input	15	83257	552	1
S3101501	6	Port Input	14	83257	552	1
S3101501	6	Port Input	15	87999	5294	1
S3101501	6	Port Input	14	87999	5294	1
S3101501	6	Port Input	15	88003	5298	1
S3101501	6	Port Input	14	88004	5298	1
S3101501	6	Port Input	15	88903	6198	1
S3101501	6	Port Input	14	88903	6198	1
S3101501	6	Port Input	15	88903	6198	1
S3101501	6	Port Input	14	98982	16277	1
S3101501	6	Response	22	98982	16277	1
S3101501	7	Picture	20	99024	0	1	16180	1	0	next	hit	234
S3101501	7	Port Input	15	104647	5623	1
S3101501	7	Port Input	14	104647	5624	1
S3101501	7	Port Input	15	104721	5697	1
S3101501	7	Port Input	14	104721	5697	1
S3101501	7	Port Input	15	105398	6374	1
S3101501	7	Port Input	14	105398	6374	1
S3101501	7	Port Input	15	105398	6374	1
S3101501	7	Port Input	14	105398	6374	1
S3101501	7	Port Input	15	105398	6374	1
S3101501	7	Port Input	14	115153	16129	1
S3101501	7	Response	22	115153	16129	1
S3101501	8	Picture	20	115204	0	1	16527	1	0	next	hit	316
S3101501	8	Port Input	15	121249	6045	1
S3101501	8	Port Input	14	121249	6045	1
S3101501	8	Port Input	15	121250	6046	1
S3101501	8	Port Input	14	121250	6046	1
S3101501	8	Port Input	15	121252	6048	1
S3101501	8	Port Input	14	121252	6048	1
S3101501	8	Port Input	15	121257	6053	1
S3101501	8	Port Input	14	121257	6054	1
S3101501	8	Port Input	15	121269	6065	1
S3101501	8	Port Input	14	121269	6066	1
S3101501	8	Port Input	15	121283	6079	1
S3101501	8	Port Input	14	121283	6079	1
S3101501	8	Port Input	15	121286	6082	1
S3101501	8	Port Input	14	121286	6082	1
S3101501	8	Port Input	15	121295	6091	1
S3101501	8	Port Input	14	121295	6091	1
S3101501	8	Port Input	15	121299	6095	1
S3101501	8	Port Input	14	121299	6095	1
S3101501	8	Port Input	15	121299	6095	1
S3101501	8	Port Input	14	121299	6095	1
S3101501	8	Port Input	15	121301	6097	1
S3101501	8	Port Input	14	121301	6097	1
S3101501	8	Port Input	15	121302	6098	1
S3101501	8	Port Input	14	121302	6098	1
S3101501	8	Port Input	15	121303	6099	1
S3101501	8	Port Input	14	121303	6099	1
S3101501	8	Port Input	15	121305	6101	1
S3101501	8	Port Input	14	121305	6101	1
S3101501	8	Port Input	15	121306	6103	1
S3101501	8	Port Input	14	121306	6103	1
S3101501	8	Port Input	15	121307	6103	1
S3101501	8	Port Input	14	121307	6103	1
S3101501	8	Port Input	15	121308	6104	1
S3101501	8	Port Input	14	121308	6104	1
S3101501	8	Port Input	15	121309	6105	1
S3101501	8	Port Input	14	121309	6105	1
S3101501	8	Port Input	15	121311	6108	1
S3101501	8	Port Input	14	121312	6108	1
S3101501	8	Port Input	15	121312	6108	1
S3101501	8	Port Input	14	121312	6108	1
S3101501	8	Port Input	15	121313	6109	1
S3101501	8	Port Input	14	121313	6109	1
S3101501	8	Port Input	15	121314	6111	1
S3101501	8	Port Input	14	121314	6111	1
S3101501	8	Port Input	15	121315	6111	1
S3101501	8	Port Input	14	121315	6112	1
S3101501	8	Port Input	15	121317	6113	1
S3101501	8	Port Input	14	121317	6113	1
S3101501	8	Port Input	15	121317	6113	1
S3101501	8	Port Input	14	121317	6113	1
S3101501	8	Port Input	15	121318	6115	1
S3101501	8	Port Input	14	121318	6115	1
S3101501	8	Port Input	15	121320	6116	1
S3101501	8	Port Input	14	121320	6116	1
S3101501	8	Port Input	15	121320	6116	1
S3101501	8	Port Input	14	121320	6116	1
S3101501	8	Port Input	15	121321	6117	1
S3101501	8	Port Input	14	121321	6117	1
S3101501	8	Port Input	15	121323	6119	1
S3101501	8	Port Input	14	121323	6119	1
S3101501	8	Port Input	15	121324	6120	1
S3101501	8	Port Input	14	121324	6120	1
S3101501	8	Port Input	15	121326	6123	1
S3101501	8	Port Input	14	121327	6123	1
S3101501	8	Port Input	15	121327	6123	1
S3101501	8	Port Input	14	121327	6123	1
S3101501	8	Port Input	15	121329	6125	1
S3101501	8	Port Input	14	121329	6125	1
S3101501	8	Port Input	15	121330	6127	1
S3101501	8	Port Input	14	121331	6127	1
S3101501	8	Port Input	15	121336	6132	1
S3101501	8	Port Input	14	121336	6132	1
S3101501	8	Port Input	15	121360	6156	1
S3101501	8	Port Input	14	121360	6156	1
S3101501	8	Port Input	15	121360	6157	1
S3101501	8	Port Input	14	121360	6157	1
S3101501	8	Port Input	15	121915	6711	1
S3101501	8	Port Input	14	121915	6711	1
S3101501	8	Port Input	15	121915	6711	1
S3101501	8	Port Input	14	131688	16485	1
S3101501	8	Response	22	131688	16485	1
S3101501	8	Port Input	15	131689	16485	1
S3101501	8	Port Input	14	131690	16486	4
S3101501	9	Picture	20	131731	0	1	15833	1	0	next	hit	328
S3101501	9	Port Input	15	138482	6751	1
S3101501	9	Port Input	14	138482	6751	1
S3101501	9	Port Input	15	138482	6751	1
S3101501	9	Port Input	14	138482	6751	1
S3101501	9	Port Input	15	138482	6751	1
S3101501	9	Port Input	14	138482	6751	1
S3101501	9	Port Input	15	138482	6751	1
S3101501	9	Port Input	14	147523	15792	1
S3101501	9	Response	22	147523	15792	1
S3101501	9	Port Input	15	147524	15793	1
S3101501	9	Port Input	14	147524	15793	1
S3101501	10	Picture	20	147564	0	1	16735	1	0	next	hit	352
S3101501	10	Port Input	15	147926	362	1
S3101501	10	Port Input	14	147926	363	1
S3101501	10	Port Input	15	147931	367	1
S3101501	10	Port Input	14	147931	367	1
S3101501	10	Port Input	15	147932	368	1
S3101501	10	Port Input	14	147932	368	1
S3101501	10	Port Input	15	147933	369	1
S3101501	10	Port Input	14	147933	369	1
S3101501	10	Port Input	15	147943	380	1
S3101501	10	Port Input	14	147943	380	1
S3101501	10	Port Input	15	147981	418	1
S3101501	10	Port Input	14	147982	418	1
S3101501	10	Port Input	15	147983	419	1
S3101501	10	Port Input	14	147983	419	1
S3101501	10	Port Input	15	147983	419	1
S3101501	10	Port Input	14	147983	420	1
S3101501	10	Port Input	15	154305	6741	1
S3101501	10	Port Input	14	154305	6741	1
S3101501	10	Port Input	15	154306	6742	1
S3101501	10	Port Input	14	164239	16675	1
S3101501	10	Response	22	164239	16675	1
S3101501	11	Picture	20	164299	0	1	15624	1	0	next	hit	362
S3101501	11	Port Input	15	171046	6747	1
S3101501	11	Port Input	14	171046	6747	1
S3101501	11	Port Input	15	171046	6747	1
S3101501	11	Port Input	14	171046	6747	1
S3101501	11	Port Input	15	171047	6748	1
S3101501	11	Port Input	14	171047	6748	1
S3101501	11	Port Input	15	171047	6748	1
S3101501	11	Port Input	14	179873	15574	1
S3101501	11	Response	22	179873	15574	1
S3101501	12	Picture	20	179924	0	1	15694	1	0	next	hit	366
S3101501	12	Port Input	15	186200	6276	1
S3101501	12	Port Input	14	195546	15622	1
S3101501	12	Response	22	195546	15622	1
S3101501	13	Picture	20	195617	0	1	16666	1	0	next	hit	370
S3101501	13	Port Input	15	202499	6881	1
S3101501	13	Port Input	14	212230	16613	1
S3101501	13	Response	22	212230	16613	1
S3101501	14	Picture	20	212283	0	1	15763	1	0	next	hit	444
S3101501	14	Port Input	15	212718	434	1
S3101501	14	Port Input	14	212718	434	1
S3101501	14	Port Input	15	212726	442	1
S3101501	14	Port Input	14	212726	442	1
S3101501	14	Port Input	15	212726	443	1
S3101501	14	Port Input	14	212726	443	1
S3101501	14	Port Input	15	212727	443	1
S3101501	14	Port Input	14	212727	443	1
S3101501	14	Port Input	15	212727	444	1
S3101501	14	Port Input	14	212727	444	1
S3101501	14	Port Input	15	212728	444	1
S3101501	14	Port Input	14	212728	444	1
S3101501	14	Port Input	15	212728	444	1
S3101501	14	Port Input	14	212728	444	1
S3101501	14	Port Input	15	212729	445	1
S3101501	14	Port Input	14	212729	445	1
S3101501	14	Port Input	15	212732	449	1
S3101501	14	Port Input	14	212732	449	1
S3101501	14	Port Input	15	212733	449	1
S3101501	14	Port Input	14	212733	449	1
S3101501	14	Port Input	15	218174	5890	1
S3101501	14	Port Input	14	218174	5890	1
S3101501	14	Port Input	15	218239	5956	1
S3101501	14	Port Input	14	218239	5956	1
S3101501	14	Port Input	15	218240	5956	1
S3101501	14	Port Input	14	218240	5956	1
S3101501	14	Port Input	15	218241	5957	1
S3101501	14	Port Input	14	218241	5957	1
S3101501	14	Port Input	15	218242	5958	1
S3101501	14	Port Input	14	218242	5958	1
S3101501	14	Port Input	15	218245	5962	1
S3101501	14	Port Input	14	218245	5962	1
S3101501	14	Port Input	15	218248	5965	1
S3101501	14	Port Input	14	218248	5965	1
S3101501	14	Port Input	15	218249	5966	1
S3101501	14	Port Input	14	218249	5966	1
S3101501	14	Port Input	15	218266	5982	1
S3101501	14	Port Input	14	218266	5982	1
S3101501	14	Port Input	15	218270	5987	1
S3101501	14	Port Input	14	218270	5987	1
S3101501	14	Port Input	15	218276	5992	1
S3101501	14	Port Input	14	218276	5992	1
S3101501	14	Port Input	15	218277	5994	1
S3101501	14	Port Input	14	218277	5994	1
S3101501	14	Port Input	15	218277	5994	1
S3101501	14	Port Input	14	218277	5994	1
S3101501	14	Port Input	15	218277	5994	1
S3101501	14	Port Input	14	218277	5994	1
S3101501	14	Port Input	15	218279	5995	1
S3101501	14	Port Input	14	218279	5995	1
S3101501	14	Port Input	15	218279	5996	1
S3101501	14	Port Input	14	218280	5996	1
S3101501	14	Port Input	15	218281	5998	1
S3101501	14	Port Input	14	218281	5998	1
S3101501	14	Port Input	15	218281	5998	1
S3101501	14	Port Input	14	218281	5998	1
S3101501	14	Port Input	15	218283	6000	1
S3101501	14	Port Input	14	218283	6000	1
S3101501	14	Port Input	15	218284	6000	1
S3101501	14	Port Input	14	218284	6000	1
S3101501	14	Port Input	15	218286	6002	1
S3101501	14	Port Input	14	218286	6002	1
S3101501	14	Port Input	15	218289	6006	1
S3101501	14	Port Input	14	218289	6006	1
S3101501	14	Port Input	15	218293	6010	1
S3101501	14	Port Input	14	218293	6010	1
S3101501	14	Port Input	15	218721	6437	1
S3101501	14	Port Input	14	218721	6437	1
S3101501	14	Port Input	15	218721	6438	1
S3101501	14	Port Input	14	218721	6438	1
S3101501	14	Port Input	15	218721	6438	1
S3101501	14	Port Input	14	227982	15698	1
S3101501	14	Response	22	227982	15698	1
S3101501	14	Port Input	15	227982	15699	1
S3101501	14	Port Input	14	227982	15699	1
S3101501	14	Port Input	15	227983	15699	5
S3101501	14	Port Input	14	227987	15704	1
S3101501	14	Port Input	15	227989	15706	1
S3101501	14	Port Input	14	227989	15706	1
S3101501	15	Picture	20	228047	0	1	16041	1	0	next	hit	534
S3101501	15	Port Input	15	228560	513	1
S3101501	15	Port Input	14	228560	513	1
S3101501	15	Port Input	15	228569	522	1
S3101501	15	Port Input	14	228569	522	1
S3101501	15	Port Input	15	228569	522	1
S3101501	15	Port Input	14	228569	522	1
S3101501	15	Port Input	15	228569	523	1
S3101501	15	Port Input	14	228569	523	1
S3101501	15	Port Input	15	228570	523	1
S3101501	15	Port Input	14	228570	523	1
S3101501	15	Port Input	15	228570	523	1
S3101501	15	Port Input	14	228570	523	1
S3101501	15	Port Input	15	228570	524	1
S3101501	15	Port Input	14	228570	524	1
S3101501	15	Port Input	15	228590	543	1
S3101501	15	Port Input	14	228590	543	1
S3101501	15	Port Input	15	228592	545	1
S3101501	15	Port Input	14	228592	545	1
S3101501	15	Port Input	15	228593	546	1
S3101501	15	Port Input	14	228593	546	1
S3101501	15	Port Input	15	228593	546	1
S3101501	15	Port Input	14	228608	562	1
S3101501	15	Port Input	15	228608	562	1
S3101501	15	Port Input	14	228609	563	1
S3101501	15	Port Input	15	228610	564	1
S3101501	15	Port Input	14	228611	564	1
S3101501	15	Port Input	15	228611	564	1
S3101501	15	Port Input	14	228611	564	1
S3101501	15	Port Input	15	228612	565	1
S3101501	15	Port Input	14	228612	565	1
S3101501	15	Port Input	15	228613	566	1
S3101501	15	Port Input	14	228613	566	1
S3101501	15	Port Input	15	228614	567	1
S3101501	15	Port Input	14	228614	567	1
S3101501	15	Port Input	15	228614	567	1
S3101501	15	Port Input	14	228614	567	1
S3101501	15	Port Input	15	228614	568	1
S3101501	15	Port Input	14	228614	568	1
S3101501	15	Port Input	15	228615	569	1
S3101501	15	Port Input	14	228615	569	1
S3101501	15	Port Input	15	228616	569	1
S3101501	15	Port Input	14	228616	569	1
S3101501	15	Port Input	15	228616	570	1
S3101501	15	Port Input	14	228616	570	1
S3101501	15	Port Input	15	228617	570	1
S3101501	15	Port Input	14	228617	570	1
S3101501	15	Port Input	15	228617	570	1
S3101501	15	Port Input	14	228617	570	1
S3101501	15	Port Input	15	228617	570	1
S3101501	15	Port Input	14	228655	608	1
S3101501	15	Port Input	15	228656	609	1
S3101501	15	Port Input	14	228656	610	1
S3101501	15	Port Input	15	228657	610	1
S3101501	15	Port Input	14	228664	618	1
S3101501	15	Port Input	15	228667	621	1
S3101501	15	Port Input	14	228667	621	1
S3101501	15	Port Input	15	228892	845	1
S3101501	15	Port Input	14	228892	845	1
S3101501	15	Port Input	15	228903	856	1
S3101501	15	Port Input	14	228903	856	1
S3101501	15	Port Input	15	235143	7097	1
S3101501	15	Port Input	14	235143	7097	1
S3101501	15	Port Input	15	235143	7097	1
S3101501	15	Port Input	14	235144	7097	1
S3101501	15	Port Input	15	235144	7097	1
S3101501	15	Port Input	14	235144	7097	1
S3101501	15	Port Input	15	235144	7097	1
S3101501	15	Port Input	14	235144	7097	1
S3101501	15	Port Input	15	235144	7097	1
S3101501	15	Port Input	14	235144	7097	1
S3101501	15	Port Input	15	235144	7098	1
S3101501	15	Port Input	14	235144	7098	1
S3101501	15	Port Input	15	235145	7098	1
S3101501	15	Port Input	14	235145	7098	1
S3101501	15	Port Input	15	235145	7098	1
S3101501	15	Port Input	14	235146	7099	1
S3101501	15	Port Input	15	235146	7099	1
S3101501	15	Port Input	14	235146	7099	1
S3101501	15	Port Input	15	235146	7099	1
S3101501	15	Port Input	14	235146	7100	1
S3101501	15	Port Input	15	235146	7100	1
S3101501	15	Port Input	14	244018	15971	1
S3101501	15	Response	22	244018	15971	1
S3101501	16	Picture	20	244088	0	1	16458	1	0	next	hit	746
S3101501	16	Port Input	15	244519	431	1
S3101501	16	Port Input	14	244519	431	1
S3101501	16	Port Input	15	244520	432	1
S3101501	16	Port Input	14	244520	432	1
S3101501	16	Port Input	15	244522	434	1
S3101501	16	Port Input	14	244522	434	1
S3101501	16	Port Input	15	244522	434	1
S3101501	16	Port Input	14	244522	434	1
S3101501	16	Port Input	15	244522	434	1
S3101501	16	Port Input	14	244522	434	1
S3101501	16	Port Input	15	244522	434	1
S3101501	16	Port Input	14	244522	434	1
S3101501	16	Port Input	15	244952	864	1
S3101501	16	Port Input	14	244952	864	1
S3101501	16	Port Input	15	244956	868	1
S3101501	16	Port Input	14	244956	868	1
S3101501	16	Port Input	15	245163	1075	1
S3101501	16	Port Input	14	245163	1075	1
S3101501	16	Port Input	15	245193	1105	1
S3101501	16	Port Input	14	245193	1105	1
S3101501	16	Port Input	15	250731	6643	1
S3101501	16	Port Input	14	250731	6643	1
S3101501	16	Port Input	15	250743	6655	1
S3101501	16	Port Input	14	250743	6655	1
S3101501	16	Port Input	15	250753	6665	1
S3101501	16	Port Input	14	250753	6665	1
S3101501	16	Port Input	15	250753	6665	1
S3101501	16	Port Input	14	250753	6665	1
S3101501	16	Port Input	15	250755	6668	1
S3101501	16	Port Input	14	250755	6668	1
S3101501	16	Port Input	15	250758	6670	1
S3101501	16	Port Input	14	250758	6670	1
S3101501	16	Port Input	15	250773	6685	1
S3101501	16	Port Input	14	250773	6685	1
S3101501	16	Port Input	15	250864	6776	1
S3101501	16	Port Input	14	250864	6776	1
S3101501	16	Port Input	15	250867	6779	1
S3101501	16	Port Input	14	250867	6779	1
S3101501	16	Port Input	15	250867	6780	1
S3101501	16	Port Input	14	250868	6780	1
S3101501	16	Port Input	15	250869	6781	1
S3101501	16	Port Input	14	250869	6781	1
S3101501	16	Port Input	15	250871	6783	1
S3101501	16	Port Input	14	250871	6783	1
S3101501	16	Port Input	15	250872	6784	1
S3101501	16	Port Input	14	250872	6784	1
S3101501	16	Port Input	15	250873	6785	1
S3101501	16	Port Input	14	250873	6785	1
S3101501	16	Port Input	15	250873	6785	1
S3101501	16	Port Input	14	250873	6785	1
S3101501	16	Port Input	15	250874	6786	1
S3101501	16	Port Input	14	250874	6786	1
S3101501	16	Port Input	15	250875	6788	1
S3101501	16	Port Input	14	250875	6788	1
S3101501	16	Port Input	15	250876	6788	1
S3101501	16	Port Input	14	250876	6788	1
S3101501	16	Port Input	15	250876	6788	1
S3101501	16	Port Input	14	250876	6788	1
S3101501	16	Port Input	15	250877	6789	1
S3101501	16	Port Input	14	250877	6789	1
S3101501	16	Port Input	15	250877	6789	1
S3101501	16	Port Input	14	250877	6789	1
S3101501	16	Port Input	15	250878	6790	1
S3101501	16	Port Input	14	250878	6790	1
S3101501	16	Port Input	15	250879	6791	1
S3101501	16	Port Input	14	250879	6791	1
S3101501	16	Port Input	15	250880	6792	1
S3101501	16	Port Input	14	250880	6792	1
S3101501	16	Port Input	15	250881	6793	1
S3101501	16	Port Input	14	250881	6793	1
S3101501	16	Port Input	15	250881	6793	1
S3101501	16	Port Input	14	250881	6794	1
S3101501	16	Port Input	15	250882	6794	1
S3101501	16	Port Input	14	250882	6794	1
S3101501	16	Port Input	15	250882	6794	1
S3101501	16	Port Input	14	250882	6794	1
S3101501	16	Port Input	15	250883	6795	1
S3101501	16	Port Input	14	250883	6795	1
S3101501	16	Port Input	15	250884	6796	1
S3101501	16	Port Input	14	250884	6796	1
S3101501	16	Port Input	15	250884	6796	1
S3101501	16	Port Input	14	250884	6796	1
S3101501	16	Port Input	15	250885	6797	1
S3101501	16	Port Input	14	250885	6797	1
S3101501	16	Port Input	15	250885	6797	1
S3101501	16	Port Input	14	250885	6797	1
S3101501	16	Port Input	15	250885	6797	1
S3101501	16	Port Input	14	250885	6797	1
S3101501	16	Port Input	15	250891	6804	1
S3101501	16	Port Input	14	250892	6804	1
S3101501	16	Port Input	15	250893	6805	1
S3101501	16	Port Input	14	250893	6805	1
S3101501	16	Port Input	15	250902	6814	1
S3101501	16	Port Input	14	250902	6814	1
S3101501	16	Port Input	15	250903	6815	1
S3101501	16	Port Input	14	250903	6815	1
S3101501	16	Port Input	15	250911	6824	1
S3101501	16	Port Input	14	250911	6824	1
S3101501	16	Port Input	15	250912	6824	1
S3101501	16	Port Input	14	250912	6824	1
S3101501	16	Port Input	15	250912	6824	1
S3101501	16	Port Input	14	250912	6824	1
S3101501	16	Port Input	15	250913	6825	1
S3101501	16	Port Input	14	250913	6825	1
S3101501	16	Port Input	15	250913	6825	1
S3101501	16	Port Input	14	250913	6825	1
S3101501	16	Port Input	15	250939	6851	1
S3101501	16	Port Input	14	250942	6854	1
S3101501	16	Port Input	15	250942	6855	1
S3101501	16	Port Input	14	250943	6855	1
S3101501	16	Port Input	15	250943	6855	1
S3101501	16	Port Input	14	250943	6855	1
S3101501	16	Port Input	15	250943	6856	1
S3101501	16	Port Input	14	250943	6856	1
S3101501	16	Port Input	15	250944	6857	1
S3101501	16	Port Input	14	250945	6857	1
S3101501	16	Port Input	15	250945	6857	1
S3101501	16	Port Input	14	250945	6857	1
S3101501	16	Port Input	15	250945	6857	1
S3101501	16	Port Input	14	250945	6857	1
S3101501	16	Port Input	15	250945	6858	1
S3101501	16	Port Input	14	250946	6858	1
S3101501	16	Port Input	15	250946	6858	1
S3101501	16	Port Input	14	250946	6858	1
S3101501	16	Port Input	15	250947	6859	1
S3101501	16	Port Input	14	250947	6860	1
S3101501	16	Port Input	15	250947	6860	1
S3101501	16	Port Input	14	250948	6860	1
S3101501	16	Port Input	15	250950	6862	1
S3101501	16	Port Input	14	250950	6862	1
S3101501	16	Port Input	15	250950	6862	1
S3101501	16	Port Input	14	250950	6862	1
S3101501	16	Port Input	15	250950	6863	1
S3101501	16	Port Input	14	250951	6863	1
S3101501	16	Port Input	15	250951	6863	1
S3101501	16	Port Input	14	250951	6863	1
S3101501	16	Port Input	15	250953	6866	1
S3101501	16	Port Input	14	250954	6866	1
S3101501	16	Port Input	15	250954	6866	1
S3101501	16	Port Input	14	250954	6866	1
S3101501	16	Port Input	15	250954	6866	1
S3101501	16	Port Input	14	250954	6866	1
S3101501	16	Port Input	15	250955	6867	1
S3101501	16	Port Input	14	250955	6867	1
S3101501	16	Port Input	15	250955	6867	1
S3101501	16	Port Input	14	250955	6867	1
S3101501	16	Port Input	15	250955	6868	1
S3101501	16	Port Input	14	250955	6868	1
S3101501	16	Port Input	15	250956	6868	1
S3101501	16	Port Input	14	250956	6868	1
S3101501	16	Port Input	15	250956	6868	1
S3101501	16	Port Input	14	250956	6868	1
S3101501	16	Port Input	15	250957	6869	1
S3101501	16	Port Input	14	250957	6869	1
S3101501	16	Port Input	15	250957	6869	1
S3101501	16	Port Input	14	250957	6869	1
S3101501	16	Port Input	15	250957	6869	1
S3101501	16	Port Input	14	250957	6869	1
S3101501	16	Port Input	15	250957	6869	1
S3101501	16	Port Input	14	250957	6869	1
S3101501	16	Port Input	15	250957	6869	1
S3101501	16	Port Input	14	250957	6870	1
S3101501	16	Port Input	15	250958	6870	1
S3101501	16	Port Input	14	250958	6870	1
S3101501	16	Port Input	15	250960	6872	1
S3101501	16	Port Input	14	250960	6872	1
S3101501	16	Port Input	15	250960	6872	1
S3101501	16	Port Input	14	250960	6872	1
S3101501	16	Port Input	15	250960	6873	1
S3101501	16	Port Input	14	250960	6873	1
S3101501	16	Port Input	15	250960	6873	1
S3101501	16	Port Input	14	250961	6873	1
S3101501	16	Port Input	15	250961	6873	1
S3101501	16	Port Input	14	250961	6873	1
S3101501	16	Port Input	15	250963	6875	1
S3101501	16	Port Input	14	250963	6875	1
S3101501	16	Port Input	15	250964	6876	1
S3101501	16	Port Input	14	250964	6876	1
S3101501	16	Port Input	15	250964	6876	1
S3101501	16	Port Input	14	250964	6876	1
S3101501	16	Port Input	15	250965	6877	1
S3101501	16	Port Input	14	250981	6893	1
S3101501	16	Port Input	15	250981	6893	1
S3101501	16	Port Input	14	250990	6902	1
S3101501	16	Port Input	15	250990	6902	1
S3101501	16	Port Input	14	250991	6904	1
S3101501	16	Port Input	15	250992	6904	1
S3101501	16	Port Input	14	250992	6905	1
S3101501	16	Port Input	15	250993	6905	1
S3101501	16	Port Input	14	250993	6905	1
S3101501	16	Port Input	15	250993	6905	1
S3101501	16	Port Input	14	250995	6907	1
S3101501	16	Port Input	15	250995	6908	1
S3101501	16	Port Input	14	250996	6908	1
S3101501	16	Port Input	15	250996	6909	1
S3101501	16	Port Input	14	250997	6909	1
S3101501	16	Port Input	15	250997	6909	1
S3101501	16	Port Input	14	250997	6909	1
S3101501	16	Port Input	15	250999	6911	1
S3101501	16	Port Input	14	250999	6911	1
S3101501	16	Port Input	15	251000	6912	1
S3101501	16	Port Input	14	251000	6912	1
S3101501	16	Port Input	15	251009	6921	1
S3101501	16	Port Input	14	251009	6921	1
S3101501	16	Port Input	15	251012	6924	1
S3101501	16	Port Input	14	251012	6924	1
S3101501	16	Port Input	15	251507	7419	1
S3101501	16	Port Input	14	251507	7419	1
S3101501	16	Port Input	15	251507	7419	1
S3101501	16	Port Input	14	260530	16442	1
S3101501	16	Response	22	260530	16442	1
S3101501	16	Port Input	15	260530	16442	1
S3101501	16	Port Input	14	260530	16443	1
S3101501	16	Port Input	15	260530	16443	1
S3101501	16	Port Input	14	260531	16443	4
S3101501	17	Picture	20	260545	0	1	16597	1	0	next	hit	760
S3101501	17	Port Input	15	260839	293	1
S3101501	17	Port Input	14	260839	293	1
S3101501	17	Port Input	15	260839	294	1
S3101501	17	Port Input	14	260839	294	1
S3101501	17	Port Input	15	267753	7208	1
S3101501	17	Port Input	14	267753	7208	1
S3101501	17	Port Input	15	267754	7208	1
S3101501	17	Port Input	14	277127	16582	1
S3101501	17	Response	22	277127	16582	1
S3101501	18	Picture	20	277142	0	1	15902	1	0	next	hit	772
S3101501	18	Port Input	15	283830	6688	1
S3101501	18	Port Input	14	283830	6688	1
S3101501	18	Port Input	15	283831	6689	1
S3101501	18	Port Input	14	283831	6689	1
S3101501	18	Port Input	15	283831	6689	1
S3101501	18	Port Input	14	283831	6689	1
S3101501	18	Port Input	15	283832	6690	1
S3101501	18	Port Input	14	283832	6690	1
S3101501	18	Port Input	15	283832	6690	1
S3101501	18	Port Input	14	292975	15833	1
S3101501	18	Response	22	292975	15833	1
S3101501	19	Picture	20	293044	0	1	16249	1	0	next	hit	778
S3101501	19	Port Input	15	293493	449	1
S3101501	19	Port Input	14	293493	449	1
S3101501	19	Port Input	15	300246	7202	1
S3101501	19	Port Input	14	309283	16238	1
S3101501	19	Response	22	309283	16238	1
S3101501	20	Picture	20	309294	0	1	16249	1	0	next	hit	798
S3101501	20	Port Input	15	309309	15	1
S3101501	20	Port Input	14	309309	15	1
S3101501	20	Port Input	15	309309	15	1
S3101501	20	Port Input	14	309309	15	1
S3101501	20	Port Input	15	309309	16	1
S3101501	20	Port Input	14	309309	16	1
S3101501	20	Port Input	15	309310	16	1
S3101501	20	Port Input	14	309310	16	1
S3101501	20	Port Input	15	309310	16	1
S3101501	20	Port Input	14	309310	16	1
S3101501	20	Port Input	15	309314	20	1
S3101501	20	Port Input	14	309314	20	1
S3101501	20	Port Input	15	309314	20	1
S3101501	20	Port Input	14	309314	20	1
S3101501	20	Port Input	15	309314	20	1
S3101501	20	Port Input	14	309314	20	1
S3101501	20	Port Input	15	316222	6929	1
S3101501	20	Port Input	14	325472	16178	1
S3101501	20	Response	22	325472	16178	1
S3101501	20	Port Input	15	325472	16178	1
S3101501	20	Port Input	14	325473	16180	6
S3101501	21	Picture	20	325543	0	1	16458	1	0	next	hit	818
S3101501	21	Port Input	15	326189	646	1
S3101501	21	Port Input	14	326189	646	1
S3101501	21	Port Input	15	326189	646	1
S3101501	21	Port Input	14	326189	646	1
S3101501	21	Port Input	15	326189	646	1
S3101501	21	Port Input	14	326189	646	1
S3101501	21	Port Input	15	326190	647	1
S3101501	21	Port Input	14	326190	647	1
S3101501	21	Port Input	15	326223	680	1
S3101501	21	Port Input	14	326223	680	1
S3101501	21	Port Input	15	326230	687	1
S3101501	21	Port Input	14	326231	687	1
S3101501	21	Port Input	15	332186	6643	1
S3101501	21	Port Input	14	332186	6643	1
S3101501	21	Port Input	15	332713	7170	1
S3101501	21	Port Input	14	341932	16389	1
S3101501	21	Response	22	341932	16389	1
S3101501	21	Port Input	15	341932	16389	1
S3101501	21	Port Input	14	341932	16389	1
S3101501	21	Port Input	15	341932	16389	1
S3101501	21	Port Input	14	341933	16390	3
S3101501	22	Picture	20	342001	0	1	15624	1	0	next	hit	892
S3101501	22	Port Input	15	342450	450	1
S3101501	22	Port Input	14	342450	450	1
S3101501	22	Port Input	15	342453	452	1
S3101501	22	Port Input	14	342453	452	1
S3101501	22	Port Input	15	342457	457	1
S3101501	22	Port Input	14	342457	457	1
S3101501	22	Port Input	15	342459	458	1
S3101501	22	Port Input	14	342459	458	1
S3101501	22	Port Input	15	342459	459	1
S3101501	22	Port Input	14	342460	459	1
S3101501	22	Port Input	15	342461	460	1
S3101501	22	Port Input	14	342461	460	1
S3101501	22	Port Input	15	342461	460	1
S3101501	22	Port Input	14	342461	461	1
S3101501	22	Port Input	15	342463	462	1
S3101501	22	Port Input	14	342463	462	1
S3101501	22	Port Input	15	342471	471	1
S3101501	22	Port Input	14	342471	471	1
S3101501	22	Port Input	15	342471	471	1
S3101501	22	Port Input	14	342472	471	1
S3101501	22	Port Input	15	342473	472	1
S3101501	22	Port Input	14	342473	472	1
S3101501	22	Port Input	15	342473	473	1
S3101501	22	Port Input	14	342474	473	1
S3101501	22	Port Input	15	342475	474	1
S3101501	22	Port Input	14	342475	474	1
S3101501	22	Port Input	15	342476	475	1
S3101501	22	Port Input	14	342476	475	1
S3101501	22	Port Input	15	342477	476	1
S3101501	22	Port Input	14	342477	476	1
S3101501	22	Port Input	15	342477	477	1
S3101501	22	Port Input	14	342477	477	1
S3101501	22	Port Input	15	342481	480	1
S3101501	22	Port Input	14	342481	480	1
S3101501	22	Port Input	15	342484	484	1
S3101501	22	Port Input	14	342484	484	1
S3101501	22	Port Input	15	342486	485	1
S3101501	22	Port Input	14	342486	485	1
S3101501	22	Port Input	15	342487	487	1
S3101501	22	Port Input	14	342487	487	1
S3101501	22	Port Input	15	342489	488	1
S3101501	22	Port Input	14	342489	488	1
S3101501	22	Port Input	15	342508	507	1
S3101501	22	Port Input	14	342508	507	1
S3101501	22	Port Input	15	342508	508	1
S3101501	22	Port Input	14	342508	508	1
S3101501	22	Port Input	15	342511	510	1
S3101501	22	Port Input	14	342511	510	1
S3101501	22	Port Input	15	342512	511	1
S3101501	22	Port Input	14	342512	511	1
S3101501	22	Port Input	15	342526	525	1
S3101501	22	Port Input	14	342526	525	1
S3101501	22	Port Input	15	342529	528	1
S3101501	22	Port Input	14	342529	528	1
S3101501	22	Port Input	15	342607	606	1
S3101501	22	Port Input	14	342607	606	1
S3101501	22	Port Input	15	342651	650	1
S3101501	22	Port Input	14	342651	651	1
S3101501	22	Port Input	15	342677	676	1
S3101501	22	Port Input	14	342677	676	1
S3101501	22	Port Input	15	348902	6901	1
S3101501	22	Port Input	14	348902	6901	1
S3101501	22	Port Input	15	348902	6901	1
S3101501	22	Port Input	14	348902	6901	1
S3101501	22	Port Input	15	348902	6901	1
S3101501	22	Port Input	14	348902	6901	1
S3101501	22	Port Input	15	348902	6902	1
S3101501	22	Port Input	14	357549	15548	1
S3101501	22	Response	22	357549	15548	1
S3101501	22	Port Input	15	357550	15549	1
S3101501	22	Port Input	14	357550	15550	90
S3101501	23	Picture	20	357625	0	1	15833	1	0	next	hit	948
S3101501	23	Port Input	15	364283	6658	1
S3101501	23	Port Input	14	364283	6658	1
S3101501	23	Port Input	15	364284	6659	1
S3101501	23	Port Input	14	364284	6659	1
S3101501	23	Port Input	15	364284	6659	1
S3101501	23	Port Input	14	364284	6659	1
S3101501	23	Port Input	15	364285	6659	1
S3101501	23	Port Input	14	364285	6660	1
S3101501	23	Port Input	15	364285	6660	1
S3101501	23	Port Input	14	364285	6660	1
S3101501	23	Port Input	15	364285	6660	1
S3101501	23	Port Input	14	364285	6660	1
S3101501	23	Port Input	15	364286	6660	1
S3101501	23	Port Input	14	364286	6660	1
S3101501	23	Port Input	15	364286	6661	1
S3101501	23	Port Input	14	364286	6661	1
S3101501	23	Port Input	15	364287	6662	1
S3101501	23	Port Input	14	364287	6662	1
S3101501	23	Port Input	15	364288	6663	1
S3101501	23	Port Input	14	364288	6663	1
S3101501	23	Port Input	15	364288	6663	1
S3101501	23	Port Input	14	364288	6663	1
S3101501	23	Port Input	15	364290	6665	1
S3101501	23	Port Input	14	364290	6665	1
S3101501	23	Port Input	15	364290	6665	1
S3101501	23	Port Input	14	364290	6665	1
S3101501	23	Port Input	15	364290	6665	1
S3101501	23	Port Input	14	364290	6665	1
S3101501	23	Port Input	15	364290	6665	1
S3101501	23	Port Input	14	364291	6666	1
S3101501	23	Port Input	15	364291	6666	1
S3101501	23	Port Input	14	364291	6666	1
S3101501	23	Port Input	15	364291	6666	1
S3101501	23	Port Input	14	364291	6666	1
S3101501	23	Port Input	15	364292	6666	1
S3101501	23	Port Input	14	364292	6666	1
S3101501	23	Port Input	15	364292	6667	1
S3101501	23	Port Input	14	364292	6667	1
S3101501	23	Port Input	15	364292	6667	1
S3101501	23	Port Input	14	364292	6667	1
S3101501	23	Port Input	15	364293	6667	1
S3101501	23	Port Input	14	364293	6667	1
S3101501	23	Port Input	15	364293	6668	1
S3101501	23	Port Input	14	364293	6668	1
S3101501	23	Port Input	15	364294	6669	1
S3101501	23	Port Input	14	364294	6669	1
S3101501	23	Port Input	15	364294	6669	1
S3101501	23	Port Input	14	364294	6669	1
S3101501	23	Port Input	15	364294	6669	1
S3101501	23	Port Input	14	364295	6670	1
S3101501	23	Port Input	15	364295	6670	1
S3101501	23	Port Input	14	373411	15786	1
S3101501	23	Response	22	373411	15786	1
S3101501	23	Port Input	15	373411	15786	1
S3101501	23	Port Input	14	373412	15786	1
S3101501	24	Picture	20	373458	0	1	16458	1	0	next	hit	958
S3101501	24	Port Input	15	380730	7272	1
S3101501	24	Port Input	14	380730	7272	1
S3101501	24	Port Input	15	380731	7273	1
S3101501	24	Port Input	14	380731	7273	1
S3101501	24	Port Input	15	380731	7273	1
S3101501	24	Port Input	14	389858	16401	1
S3101501	24	Response	22	389858	16401	1
S3101501	24	Port Input	15	389858	16401	1
S3101501	24	Port Input	14	389860	16402	3
S3101501	24	Port Input	15	389864	16406	1
S3101501	24	Port Input	14	389864	16406	1
S3101501	25	Picture	20	389916	0	1	16527	1	0	next	hit	990
S3101501	25	Port Input	15	390273	357	1
S3101501	25	Port Input	14	390273	357	1
S3101501	25	Port Input	15	390397	482	1
S3101501	25	Port Input	14	390397	482	1
S3101501	25	Port Input	15	395924	6008	1
S3101501	25	Port Input	14	395924	6008	1
S3101501	25	Port Input	15	395925	6010	1
S3101501	25	Port Input	14	395925	6010	1
S3101501	25	Port Input	15	395936	6021	1
S3101501	25	Port Input	14	395936	6021	1
S3101501	25	Port Input	15	395946	6030	1
S3101501	25	Port Input	14	395946	6031	1
S3101501	25	Port Input	15	395946	6031	1
S3101501	25	Port Input	14	395946	6031	1
S3101501	25	Port Input	15	396210	6294	1
S3101501	25	Port Input	14	396210	6294	1
S3101501	25	Port Input	15	396215	6300	1
S3101501	25	Port Input	14	396215	6300	1
S3101501	25	Port Input	15	396221	6305	1
S3101501	25	Port Input	14	396221	6306	1
S3101501	25	Port Input	15	396225	6309	1
S3101501	25	Port Input	14	396225	6309	1
S3101501	25	Port Input	15	396726	6811	1
S3101501	25	Port Input	14	396726	6811	1
S3101501	25	Port Input	15	396727	6811	1
S3101501	25	Port Input	14	406397	16482	1
S3101501	25	Response	22	406397	16482	1
S3101501	25	Port Input	15	406398	16482	1
S3101501	25	Port Input	14	406399	16483	5
S3101501	26	Picture	20	406443	0	1	16666	1	0	next	hit	1000
S3101501	26	Port Input	15	413707	7264	1
S3101501	26	Port Input	14	413707	7264	1
S3101501	26	Port Input	15	413707	7264	1
S3101501	26	Port Input	14	413707	7264	1
S3101501	26	Port Input	15	413707	7264	1
S3101501	26	Port Input	14	423093	16650	1
S3101501	26	Response	22	423093	16650	1
S3101501	27	Picture	20	423109	0	1	16388	1	0	next	hit	1008
S3101501	27	Port Input	15	430492	7383	1
S3101501	27	Port Input	14	430492	7383	1
S3101501	27	Port Input	15	430492	7384	1
S3101501	27	Port Input	14	430493	7384	1
S3101501	27	Port Input	15	430493	7384	1
S3101501	27	Port Input	14	439432	16323	1
S3101501	27	Response	22	439432	16323	1
S3101501	28	Picture	20	439497	0	1	16041	1	0	next	hit	1016
S3101501	28	Port Input	15	446317	6820	1
S3101501	28	Port Input	14	446317	6820	1
S3101501	28	Port Input	15	446317	6820	1
S3101501	28	Port Input	14	446317	6820	1
S3101501	28	Port Input	15	446317	6820	1
S3101501	28	Port Input	14	455496	15999	1
S3101501	28	Response	22	455496	15999	1
S3101501	29	Picture	20	455538	0	1	15763	1	0	next	hit	1036
S3101501	29	Port Input	15	462267	6729	1
S3101501	29	Port Input	14	462267	6729	1
S3101501	29	Port Input	15	462268	6730	1
S3101501	29	Port Input	14	462268	6730	1
S3101501	29	Port Input	15	462268	6730	1
S3101501	29	Port Input	14	462268	6730	1
S3101501	29	Port Input	15	462269	6731	1
S3101501	29	Port Input	14	462269	6731	1
S3101501	29	Port Input	15	462269	6731	1
S3101501	29	Port Input	14	462269	6731	1
S3101501	29	Port Input	15	462269	6731	1
S3101501	29	Port Input	14	462269	6731	1
S3101501	29	Port Input	15	462269	6731	1
S3101501	29	Port Input	14	462269	6731	1
S3101501	29	Port Input	15	462270	6731	1
S3101501	29	Port Input	14	462270	6731	1
S3101501	29	Port Input	15	462270	6732	1
S3101501	29	Port Input	14	471230	15691	1
S3101501	29	Response	22	471230	15691	1
S3101501	30	Picture	20	471301	0	1	15624	1	0	next	hit	1062
S3101501	30	Port Input	15	472103	802	1
S3101501	30	Port Input	14	472103	802	1
S3101501	30	Port Input	15	472103	802	1
S3101501	30	Port Input	14	472103	802	1
S3101501	30	Port Input	15	472108	807	1
S3101501	30	Port Input	14	472108	807	1
S3101501	30	Port Input	15	472110	809	1
S3101501	30	Port Input	14	472110	809	1
S3101501	30	Port Input	15	478180	6878	1
S3101501	30	Port Input	14	478180	6878	1
S3101501	30	Port Input	15	478181	6879	1
S3101501	30	Port Input	14	478181	6879	1
S3101501	30	Port Input	15	478181	6880	1
S3101501	30	Port Input	14	478181	6880	1
S3101501	30	Port Input	15	478182	6880	1
S3101501	30	Port Input	14	478182	6880	1
S3101501	30	Port Input	15	478182	6881	1
S3101501	30	Port Input	14	478182	6881	1
S3101501	30	Port Input	15	478182	6881	1
S3101501	30	Port Input	14	478182	6881	1
S3101501	30	Port Input	15	478183	6881	1
S3101501	30	Port Input	14	478183	6881	1
S3101501	30	Port Input	15	478183	6882	1
S3101501	30	Port Input	14	486905	15604	1
S3101501	30	Response	22	486905	15604	1
S3101501	30	Port Input	15	486905	15604	1
S3101501	30	Port Input	14	486905	15604	1
S3101501	31	Picture	20	486926	0	1	16319	1	0	next	hit	1070
S3101501	31	Port Input	15	493386	6461	1
S3101501	31	Port Input	14	493387	6461	1
S3101501	31	Port Input	15	493388	6462	1
S3101501	31	Port Input	14	503182	16256	1
S3101501	31	Response	22	503182	16256	1
S3101501	32	Picture	20	503245	0	1	15833	1	0	next	hit	1078
S3101501	32	Port Input	15	503790	546	1
S3101501	32	Port Input	14	503791	546	1
S3101501	32	Port Input	15	510419	7175	1
S3101501	32	Port Input	14	510419	7175	1
S3101501	32	Port Input	15	510420	7175	1
S3101501	32	Port Input	14	519063	15819	1
S3101501	32	Response	22	519063	15819	1
S3101501	33	Picture	20	519077	0	1	16735	1	0	next	hit	1098
S3101501	33	Port Input	15	526943	7866	1
S3101501	33	Port Input	14	526943	7866	1
S3101501	33	Port Input	15	526943	7866	1
S3101501	33	Port Input	14	526943	7866	1
S3101501	33	Port Input	15	526944	7866	1
S3101501	33	Port Input	14	526944	7866	1
S3101501	33	Port Input	15	526944	7867	1
S3101501	33	Port Input	14	526944	7867	1
S3101501	33	Port Input	15	526944	7867	1
S3101501	33	Port Input	14	526944	7867	1
S3101501	33	Port Input	15	526945	7867	1
S3101501	33	Port Input	14	526945	7867	1
S3101501	33	Port Input	15	526945	7867	1
S3101501	33	Port Input	14	526945	7867	1
S3101501	33	Port Input	15	526945	7868	1
S3101501	33	Port Input	14	526945	7868	1
S3101501	33	Port Input	15	526945	7868	1
S3101501	33	Port Input	14	535800	16723	1
S3101501	33	Response	22	535800	16723	1
S3101501	33	Port Input	15	535800	16723	1
S3101501	33	Port Input	14	535800	16723	1
S3101501	34	Picture	20	535813	0	1	16458	1	0	next	hit	1118
S3101501	34	Port Input	15	543259	7446	1
S3101501	34	Port Input	14	543259	7446	1
S3101501	34	Port Input	15	543260	7447	1
S3101501	34	Port Input	14	543260	7447	1
S3101501	34	Port Input	15	543260	7447	1
S3101501	34	Port Input	14	543260	7447	1
S3101501	34	Port Input	15	543260	7447	1
S3101501	34	Port Input	14	543260	7447	1
S3101501	34	Port Input	15	543260	7448	1
S3101501	34	Port Input	14	543261	7448	1
S3101501	34	Port Input	15	543261	7448	1
S3101501	34	Port Input	14	543261	7448	1
S3101501	34	Port Input	15	543261	7448	1
S3101501	34	Port Input	14	543261	7448	1
S3101501	34	Port Input	15	543261	7448	1
S3101501	34	Port Input	14	552192	16379	1
S3101501	34	Response	22	552192	16379	1
S3101501	35	Picture	20	552271	0	1	16944	1	0	next	hit	1154
S3101501	35	Port Input	15	559592	7321	1
S3101501	35	Port Input	14	559592	7321	1
S3101501	35	Port Input	15	559592	7322	1
S3101501	35	Port Input	14	559592	7322	1
S3101501	35	Port Input	15	559592	7322	1
S3101501	35	Port Input	14	559593	7322	1
S3101501	35	Port Input	15	559593	7322	1
S3101501	35	Port Input	14	559593	7322	1
S3101501	35	Port Input	15	559593	7323	1
S3101501	35	Port Input	14	559593	7323	1
S3101501	35	Port Input	15	559594	7323	1
S3101501	35	Port Input	14	559594	7323	1
S3101501	35	Port Input	15	559594	7323	1
S3101501	35	Port Input	14	559594	7323	1
S3101501	35	Port Input	15	559594	7323	1
S3101501	35	Port Input	14	559594	7324	1
S3101501	35	Port Input	15	559594	7324	1
S3101501	35	Port Input	14	559594	7324	1
S3101501	35	Port Input	15	559594	7324	1
S3101501	35	Port Input	14	559595	7324	1
S3101501	35	Port Input	15	559595	7325	1
S3101501	35	Port Input	14	559595	7325	1
S3101501	35	Port Input	15	559595	7325	1
S3101501	35	Port Input	14	559595	7325	1
S3101501	35	Port Input	15	559595	7325	1
S3101501	35	Port Input	14	559596	7325	1
S3101501	35	Port Input	15	559596	7325	1
S3101501	35	Port Input	14	559596	7325	1
S3101501	35	Port Input	15	559596	7325	1
S3101501	35	Port Input	14	559596	7326	1
S3101501	35	Port Input	15	559596	7326	1
S3101501	35	Port Input	14	559596	7326	1
S3101501	35	Port Input	15	559596	7326	1
S3101501	35	Port Input	14	569152	16882	1
S3101501	35	Response	22	569152	16882	1
S3101501	36	Picture	20	569214	0	1	16319	1	0	next	hit	1182
S3101501	36	Port Input	15	576349	7134	1
S3101501	36	Port Input	14	576349	7134	1
S3101501	36	Port Input	15	576349	7135	1
S3101501	36	Port Input	14	576349	7135	1
S3101501	36	Port Input	15	576351	7136	1
S3101501	36	Port Input	14	576351	7136	1
S3101501	36	Port Input	15	576351	7137	1
S3101501	36	Port Input	14	576351	7137	1
S3101501	36	Port Input	15	576351	7137	1
S3101501	36	Port Input	14	576351	7137	1
S3101501	36	Port Input	15	576352	7137	1
S3101501	36	Port Input	14	576352	7137	1
S3101501	36	Port Input	15	576352	7138	1
S3101501	36	Port Input	14	576352	7138	1
S3101501	36	Port Input	15	576353	7138	1
S3101501	36	Port Input	14	576353	7138	1
S3101501	36	Port Input	15	576353	7139	1
S3101501	36	Port Input	14	576353	7139	1
S3101501	36	Port Input	15	576354	7139	1
S3101501	36	Port Input	14	576354	7139	1
S3101501	36	Port Input	15	576354	7139	1
S3101501	36	Port Input	14	576354	7140	1
S3101501	36	Port Input	15	576354	7140	1
S3101501	36	Port Input	14	576354	7140	1
S3101501	36	Port Input	15	576354	7140	1
S3101501	36	Port Input	14	585502	16287	1
S3101501	36	Response	22	585502	16287	1
S3101501	37	Picture	20	585533	0	1	16319	1	0	next	hit	1196
S3101501	37	Port Input	15	592913	7380	1
S3101501	37	Port Input	14	592913	7380	1
S3101501	37	Port Input	15	592913	7380	1
S3101501	37	Port Input	14	592913	7380	1
S3101501	37	Port Input	15	592913	7380	1
S3101501	37	Port Input	14	592913	7380	1
S3101501	37	Port Input	15	592913	7380	1
S3101501	37	Port Input	14	592913	7380	1
S3101501	37	Port Input	15	592914	7381	1
S3101501	37	Port Input	14	592914	7381	1
S3101501	37	Port Input	15	592914	7381	1
S3101501	37	Port Input	14	601800	16267	1
S3101501	37	Response	22	601800	16267	1
S3101501	37	Port Input	15	601800	16267	1
S3101501	37	Port Input	14	601801	16268	5
S3101501	38	Picture	20	601852	0	1	16388	1	0	next	hit	1218
S3101501	38	Port Input	15	602827	975	1
S3101501	38	Port Input	14	602827	975	1
S3101501	38	Port Input	15	602829	977	1
S3101501	38	Port Input	14	602829	977	1
S3101501	38	Port Input	15	602832	980	1
S3101501	38	Port Input	14	602832	980	1
S3101501	38	Port Input	15	602836	984	1
S3101501	38	Port Input	14	602837	985	1
S3101501	38	Port Input	15	602839	987	1
S3101501	38	Port Input	14	602840	988	1
S3101501	38	Port Input	15	609105	7253	1
S3101501	38	Port Input	14	609105	7253	1
S3101501	38	Port Input	15	609105	7253	1
S3101501	38	Port Input	14	609105	7253	1
S3101501	38	Port Input	15	609105	7253	1
S3101501	38	Port Input	14	609106	7254	1
S3101501	38	Port Input	15	609106	7254	1
S3101501	38	Port Input	14	618223	16371	1
S3101501	38	Response	22	618223	16371	1
S3101501	39	Picture	20	618240	0	1	17083	1	0	next	hit	1228
S3101501	39	Port Input	15	625874	7634	1
S3101501	39	Port Input	14	625874	7634	1
S3101501	39	Port Input	15	625874	7634	1
S3101501	39	Port Input	14	625874	7634	1
S3101501	39	Port Input	15	625875	7634	1
S3101501	39	Port Input	14	625875	7634	1
S3101501	39	Port Input	15	625875	7635	1
S3101501	39	Port Input	14	635286	17045	1
S3101501	39	Response	22	635286	17045	1
S3101501	40	Picture	20	635323	0	1	16944	1	0	next	hit	1250
S3101501	40	Port Input	15	635670	348	1
S3101501	40	Port Input	14	635670	348	1
S3101501	40	Port Input	15	642562	7239	1
S3101501	40	Port Input	14	642562	7239	1
S3101501	40	Port Input	15	642566	7243	1
S3101501	40	Port Input	14	642566	7243	1
S3101501	40	Port Input	15	642567	7244	1
S3101501	40	Port Input	14	642567	7244	1
S3101501	40	Port Input	15	642567	7244	1
S3101501	40	Port Input	14	642567	7244	1
S3101501	40	Port Input	15	642586	7263	1
S3101501	40	Port Input	14	642586	7263	1
S3101501	40	Port Input	15	643081	7758	1
S3101501	40	Port Input	14	643081	7758	1
S3101501	40	Port Input	15	643081	7759	1
S3101501	40	Port Input	14	643081	7759	1
S3101501	40	Port Input	15	643082	7759	1
S3101501	40	Port Input	14	643082	7759	1
S3101501	40	Port Input	15	643082	7759	1
S3101501	40	Port Input	14	652207	16884	1
S3101501	40	Response	22	652207	16884	1
S3101501	41	Picture	20	652267	0	1	16111	1	0	next	hit	1272
S3101501	41	Port Input	15	652613	346	1
S3101501	41	Port Input	14	652613	346	1
S3101501	41	Port Input	15	652617	350	1
S3101501	41	Port Input	14	652617	350	1
S3101501	41	Port Input	15	652622	356	1
S3101501	41	Port Input	14	652622	356	1
S3101501	41	Port Input	15	652685	418	1
S3101501	41	Port Input	14	652685	418	1
S3101501	41	Port Input	15	652685	418	1
S3101501	41	Port Input	14	652685	419	1
S3101501	41	Port Input	15	659524	7257	1
S3101501	41	Port Input	14	659524	7257	1
S3101501	41	Port Input	15	659525	7258	1
S3101501	41	Port Input	14	659525	7258	1
S3101501	41	Port Input	15	659525	7258	1
S3101501	41	Port Input	14	659525	7258	1
S3101501	41	Port Input	15	659526	7259	1
S3101501	41	Port Input	14	659526	7259	1
S3101501	41	Port Input	15	659526	7259	1
S3101501	41	Port Input	14	668334	16067	1
S3101501	41	Response	22	668334	16067	1
S3101501	42	Picture	20	668377	0	1	17083	1	0	next	hit	1286
S3101501	42	Port Input	15	675944	7567	1
S3101501	42	Port Input	14	675944	7567	1
S3101501	42	Port Input	15	675945	7568	1
S3101501	42	Port Input	14	675945	7568	1
S3101501	42	Port Input	15	675945	7568	1
S3101501	42	Port Input	14	675945	7568	1
S3101501	42	Port Input	15	675945	7568	1
S3101501	42	Port Input	14	675945	7568	1
S3101501	42	Port Input	15	675945	7568	1
S3101501	42	Port Input	14	675945	7568	1
S3101501	42	Port Input	15	675946	7568	1
S3101501	42	Port Input	14	685440	17063	1
S3101501	42	Response	22	685440	17063	1
S3101501	43	Picture	20	685460	0	1	16527	1	0	next	hit	1298
S3101501	43	Port Input	15	692897	7437	1
S3101501	43	Port Input	14	692897	7437	1
S3101501	43	Port Input	15	692898	7438	1
S3101501	43	Port Input	14	692898	7438	1
S3101501	43	Port Input	15	692898	7438	1
S3101501	43	Port Input	14	692898	7438	1
S3101501	43	Port Input	15	692898	7438	1
S3101501	43	Port Input	14	692898	7438	1
S3101501	43	Port Input	15	692899	7439	1
S3101501	43	Port Input	14	701957	16497	1
S3101501	43	Response	22	701957	16497	1
S3101501	43	Port Input	15	701958	16498	1
S3101501	43	Port Input	14	701958	16498	1
S3101501	43	Port Input	15	701958	16498	2
S3101501	43	Port Input	14	701959	16499	3
S3101501	44	Picture	20	701987	0	1	16388	1	0	next	hit	1320
S3101501	44	Port Input	15	709137	7150	1
S3101501	44	Port Input	14	709138	7150	1
S3101501	44	Port Input	15	709138	7151	1
S3101501	44	Port Input	14	709138	7151	1
S3101501	44	Port Input	15	709138	7151	1
S3101501	44	Port Input	14	709138	7151	1
S3101501	44	Port Input	15	709139	7152	1
S3101501	44	Port Input	14	709139	7152	1
S3101501	44	Port Input	15	709140	7153	1
S3101501	44	Port Input	14	709140	7153	1
S3101501	44	Port Input	15	709140	7153	1
S3101501	44	Port Input	14	709141	7154	1
S3101501	44	Port Input	15	709141	7154	1
S3101501	44	Port Input	14	709141	7154	1
S3101501	44	Port Input	15	709142	7154	1
S3101501	44	Port Input	14	718308	16321	1
S3101501	44	Response	22	718308	16321	1
S3101501	45	Picture	20	718375	0	1	15624	1	0	next	hit	1348
S3101501	45	Port Input	15	724692	6317	1
S3101501	45	Port Input	14	724692	6317	1
S3101501	45	Port Input	15	724696	6321	1
S3101501	45	Port Input	14	724696	6321	1
S3101501	45	Port Input	15	724699	6324	1
S3101501	45	Port Input	14	724699	6324	1
S3101501	45	Port Input	15	724699	6324	1
S3101501	45	Port Input	14	724700	6324	1
S3101501	45	Port Input	15	724700	6325	1
S3101501	45	Port Input	14	724700	6325	1
S3101501	45	Port Input	15	724702	6326	1
S3101501	45	Port Input	14	724702	6326	1
S3101501	45	Port Input	15	724702	6327	1
S3101501	45	Port Input	14	724702	6327	1
S3101501	45	Port Input	15	725220	6845	1
S3101501	45	Port Input	14	725220	6845	1
S3101501	45	Port Input	15	725220	6845	1
S3101501	45	Port Input	14	725220	6845	1
S3101501	45	Port Input	15	725221	6846	1
S3101501	45	Port Input	14	725221	6846	1
S3101501	45	Port Input	15	725221	6846	1
S3101501	45	Port Input	14	725221	6846	1
S3101501	45	Port Input	15	725221	6846	1
S3101501	45	Port Input	14	725222	6847	1
S3101501	45	Port Input	15	725222	6847	1
S3101501	45	Port Input	14	733936	15561	1
S3101501	45	Response	22	733936	15561	1
S3101501	46	Picture	20	734000	0	1	15763	1	0	next	hit	1364
S3101501	46	Port Input	15	740762	6762	1
S3101501	46	Port Input	14	740762	6762	1
S3101501	46	Port Input	15	740762	6763	1
S3101501	46	Port Input	14	740762	6763	1
S3101501	46	Port Input	15	740763	6763	1
S3101501	46	Port Input	14	740763	6763	1
S3101501	46	Port Input	15	740764	6764	1
S3101501	46	Port Input	14	740764	6764	1
S3101501	46	Port Input	15	740764	6764	1
S3101501	46	Port Input	14	740764	6764	1
S3101501	46	Port Input	15	740764	6765	1
S3101501	46	Port Input	14	740764	6765	1
S3101501	46	Port Input	15	740765	6765	1
S3101501	46	Port Input	14	749745	15746	1
S3101501	46	Response	22	749745	15746	1
S3101501	46	Port Input	15	749746	15746	1
S3101501	46	Port Input	14	749747	15747	6
S3101501	47	Picture	20	749763	0	1	17360	1	0	next	hit	1378
S3101501	47	Port Input	15	757419	7656	1
S3101501	47	Port Input	14	757419	7656	1
S3101501	47	Port Input	15	757420	7657	1
S3101501	47	Port Input	14	757420	7657	1
S3101501	47	Port Input	15	757421	7658	1
S3101501	47	Port Input	14	757421	7658	1
S3101501	47	Port Input	15	757421	7658	1
S3101501	47	Port Input	14	757421	7658	1
S3101501	47	Port Input	15	757423	7660	1
S3101501	47	Port Input	14	767048	17285	1
S3101501	47	Response	22	767048	17285	1
S3101501	47	Port Input	15	767048	17285	1
S3101501	47	Port Input	14	767048	17285	1
S3101501	47	Port Input	15	767048	17285	1
S3101501	47	Port Input	14	767049	17286	3
S3101501	47	Port Input	15	767051	17288	1
S3101501	47	Port Input	14	767052	17289	1
S3101501	48	Picture	20	767123	0	1	15833	1	0	next	hit	1396
S3101501	48	Port Input	15	773999	6875	1
S3101501	48	Port Input	14	773999	6875	1
S3101501	48	Port Input	15	773999	6875	1
S3101501	48	Port Input	14	773999	6875	1
S3101501	48	Port Input	15	773999	6876	1
S3101501	48	Port Input	14	774000	6876	1
S3101501	48	Port Input	15	774000	6876	1
S3101501	48	Port Input	14	774000	6876	1
S3101501	48	Port Input	15	774000	6877	1
S3101501	48	Port Input	14	782948	15825	1
S3101501	48	Response	22	782948	15825	1
S3101501	48	Port Input	15	782949	15825	1
S3101501	48	Port Input	14	782949	15825	1
S3101501	49	Picture	20	782956	0	1	16249	1	0	next	hit	1416
S3101501	49	Port Input	15	789708	6751	1
S3101501	49	Port Input	14	789708	6751	1
S3101501	49	Port Input	15	789709	6753	1
S3101501	49	Port Input	14	789709	6753	1
S3101501	49	Port Input	15	789709	6753	1
S3101501	49	Port Input	14	789709	6753	1
S3101501	49	Port Input	15	789710	6754	1
S3101501	49	Port Input	14	789710	6754	1
S3101501	49	Port Input	15	789710	6754	1
S3101501	49	Port Input	14	789710	6754	1
S3101501	49	Port Input	15	789710	6754	1
S3101501	49	Port Input	14	789710	6754	1
S3101501	49	Port Input	15	789711	6755	1
S3101501	49	Port Input	14	789711	6755	1
S3101501	49	Port Input	15	789712	6756	1
S3101501	49	Port Input	14	799156	16200	1
S3101501	49	Response	22	799156	16200	1
S3101501	50	Picture	20	799206	0	1	17152	1	0	next	hit	1426
S3101501	50	Port Input	15	807048	7842	1
S3101501	50	Port Input	14	807048	7842	1
S3101501	50	Port Input	15	807050	7844	1
S3101501	50	Port Input	14	807050	7844	1
S3101501	50	Port Input	15	807050	7845	1
S3101501	50	Port Input	14	807050	7845	1
S3101501	50	Port Input	15	807051	7845	1
S3101501	50	Port Input	14	816298	17093	1
S3101501	50	Response	22	816298	17093	1
S3101501	50	Port Input	15	816298	17093	1
S3101501	50	Port Input	14	816300	17094	3
S3101501	50	Port Input	15	816302	17096	1
S3101501	50	Port Input	14	816302	17097	1
S3101501	51	Picture	20	816358	0	1	17083	1	0	next	hit	1440
S3101501	51	Port Input	15	823679	7321	1
S3101501	51	Port Input	14	823679	7321	1
S3101501	51	Port Input	15	823679	7321	1
S3101501	51	Port Input	14	823679	7321	1
S3101501	51	Port Input	15	823679	7321	1
S3101501	51	Port Input	14	823679	7321	1
S3101501	51	Port Input	15	823680	7322	1
S3101501	51	Port Input	14	833378	17021	1
S3101501	51	Response	22	833378	17021	1
S3101501	51	Port Input	15	833379	17021	1
S3101501	51	Port Input	14	833379	17021	1
S3101501	52	Picture	20	833440	0	1	16944	1	0	next	hit	1448
S3101501	52	Port Input	15	839992	6551	1
S3101501	52	Port Input	14	839992	6551	1
S3101501	52	Port Input	15	840842	7401	1
S3101501	52	Port Input	14	850371	16931	1
S3101501	52	Response	22	850371	16931	1
S3101501	53	Picture	20	850384	0	1	16944	1	0	next	hit	1456
S3101501	53	Port Input	15	857388	7004	1
S3101501	53	Port Input	14	857388	7004	1
S3101501	53	Port Input	15	857388	7004	1
S3101501	53	Port Input	14	857388	7004	1
S3101501	53	Port Input	15	857389	7004	1
S3101501	53	Port Input	14	867276	16892	1
S3101501	53	Response	22	867276	16892	1
S3101501	54	Picture	20	867328	0	1	16666	1	0	next	hit	1472
S3101501	54	Port Input	15	867621	293	1
S3101501	54	Port Input	14	867621	293	1
S3101501	54	Port Input	15	874600	7272	1
S3101501	54	Port Input	14	874600	7272	1
S3101501	54	Port Input	15	874600	7272	1
S3101501	54	Port Input	14	874600	7272	1
S3101501	54	Port Input	15	874600	7272	1
S3101501	54	Port Input	14	874600	7272	1
S3101501	54	Port Input	15	874601	7273	1
S3101501	54	Port Input	14	874601	7273	1
S3101501	54	Port Input	15	874601	7273	1
S3101501	54	Port Input	14	874601	7273	1
S3101501	54	Port Input	15	874601	7273	1
S3101501	54	Port Input	14	883949	16621	1
S3101501	54	Response	22	883949	16621	1
S3101501	54	Port Input	15	883949	16621	1
S3101501	54	Port Input	14	883950	16622	3
S3101501	55	Picture	20	883994	0	1	16805	1	0	next	hit	1484
S3101501	55	Port Input	15	884073	79	1
S3101501	55	Port Input	14	884074	80	1
S3101501	55	Port Input	15	884075	81	1
S3101501	55	Port Input	14	884075	81	1
S3101501	55	Port Input	15	891470	7476	1
S3101501	55	Port Input	14	891470	7476	1
S3101501	55	Port Input	15	891470	7476	1
S3101501	55	Port Input	14	900780	16786	1
S3101501	55	Response	22	900780	16786	1
S3101501	56	Picture	20	900799	0	1	16666	1	0	next	hit	1512
S3101501	56	Port Input	15	907698	6899	1
S3101501	56	Port Input	14	907698	6899	1
S3101501	56	Port Input	15	907699	6900	1
S3101501	56	Port Input	14	907699	6900	1
S3101501	56	Port Input	15	907699	6900	1
S3101501	56	Port Input	14	907699	6900	1
S3101501	56	Port Input	15	907699	6900	1
S3101501	56	Port Input	14	907699	6900	1
S3101501	56	Port Input	15	907699	6900	1
S3101501	56	Port Input	14	907699	6900	1
S3101501	56	Port Input	15	907699	6901	1
S3101501	56	Port Input	14	907699	6901	1
S3101501	56	Port Input	15	907700	6901	1
S3101501	56	Port Input	14	907700	6901	1
S3101501	56	Port Input	15	907700	6901	1
S3101501	56	Port Input	14	907700	6901	1
S3101501	56	Port Input	15	907700	6901	1
S3101501	56	Port Input	14	907700	6901	1
S3101501	56	Port Input	15	907700	6901	1
S3101501	56	Port Input	14	907700	6901	1
S3101501	56	Port Input	15	907700	6902	1
S3101501	56	Port Input	14	907700	6902	1
S3101501	56	Port Input	15	907701	6902	1
S3101501	56	Port Input	14	907701	6902	1
S3101501	56	Port Input	15	907701	6902	1
S3101501	56	Port Input	14	917391	16592	1
S3101501	56	Response	22	917391	16592	1
S3101501	56	Port Input	15	917391	16592	1
S3101501	56	Port Input	14	917391	16592	1
S3101501	57	Picture	20	917465	0	1	16319	1	0	next	hit	1524
S3101501	57	Port Input	15	917871	406	1
S3101501	57	Port Input	14	917871	406	1
S3101501	57	Port Input	15	923832	6367	1
S3101501	57	Port Input	14	923832	6367	1
S3101501	57	Port Input	15	924392	6927	1
S3101501	57	Port Input	14	924392	6927	1
S3101501	57	Port Input	15	924392	6928	1
S3101501	57	Port Input	14	933745	16280	1
S3101501	57	Response	22	933745	16280	1
S3101501	57	Port Input	15	933745	16281	1
S3101501	57	Port Input	14	933746	16281	1
S3101501	58	Picture	20	933784	0	1	15694	1	0	next	hit	1558
S3101501	58	Port Input	15	940893	7109	1
S3101501	58	Port Input	14	940893	7109	1
S3101501	58	Port Input	15	940894	7110	1
S3101501	58	Port Input	14	940894	7110	1
S3101501	58	Port Input	15	940895	7111	1
S3101501	58	Port Input	14	940895	7111	1
S3101501	58	Port Input	15	940895	7111	1
S3101501	58	Port Input	14	940895	7111	1
S3101501	58	Port Input	15	940895	7112	1
S3101501	58	Port Input	14	940895	7112	1
S3101501	58	Port Input	15	940897	7113	1
S3101501	58	Port Input	14	940897	7113	1
S3101501	58	Port Input	15	940897	7113	1
S3101501	58	Port Input	14	940897	7113	1
S3101501	58	Port Input	15	940897	7113	1
S3101501	58	Port Input	14	940897	7113	1
S3101501	58	Port Input	15	940898	7114	1
S3101501	58	Port Input	14	940898	7114	1
S3101501	58	Port Input	15	940899	7115	1
S3101501	58	Port Input	14	940899	7115	1
S3101501	58	Port Input	15	940899	7115	1
S3101501	58	Port Input	14	940899	7115	1
S3101501	58	Port Input	15	940899	7116	1
S3101501	58	Port Input	14	940899	7116	1
S3101501	58	Port Input	15	940900	7116	1
S3101501	58	Port Input	14	940900	7116	1
S3101501	58	Port Input	15	940900	7116	1
S3101501	58	Port Input	14	940900	7116	1
S3101501	58	Port Input	15	940900	7116	1
S3101501	58	Port Input	14	949462	15678	1
S3101501	58	Response	22	949462	15678	1
S3101501	59	Picture	20	949478	0	1	17013	1	0	next	hit	1586
S3101501	59	Port Input	15	956618	7140	1
S3101501	59	Port Input	14	956618	7140	1
S3101501	59	Port Input	15	956618	7141	1
S3101501	59	Port Input	14	956618	7141	1
S3101501	59	Port Input	15	956619	7141	1
S3101501	59	Port Input	14	956619	7141	1
S3101501	59	Port Input	15	956619	7142	1
S3101501	59	Port Input	14	956619	7142	1
S3101501	59	Port Input	15	956620	7142	1
S3101501	59	Port Input	14	956620	7142	1
S3101501	59	Port Input	15	956620	7142	1
S3101501	59	Port Input	14	956620	7142	1
S3101501	59	Port Input	15	956621	7143	1
S3101501	59	Port Input	14	956621	7143	1
S3101501	59	Port Input	15	956622	7144	1
S3101501	59	Port Input	14	956622	7144	1
S3101501	59	Port Input	15	956622	7145	1
S3101501	59	Port Input	14	956622	7145	1
S3101501	59	Port Input	15	956623	7145	1
S3101501	59	Port Input	14	956623	7145	1
S3101501	59	Port Input	15	956623	7145	1
S3101501	59	Port Input	14	956623	7146	1
S3101501	59	Port Input	15	956623	7146	1
S3101501	59	Port Input	14	956623	7146	1
S3101501	59	Port Input	15	956624	7146	1
S3101501	59	Port Input	14	966457	16979	1
S3101501	59	Response	22	966457	16979	1
S3101501	59	Port Input	15	966457	16980	1
S3101501	59	Port Input	14	966464	16986	1
S3101501	60	Picture	20	966491	0	1	16319	1	0	next	hit	1642
S3101501	60	Port Input	15	967061	570	1
S3101501	60	Port Input	14	967061	570	1
S3101501	60	Port Input	15	967062	572	1
S3101501	60	Port Input	14	967063	572	1
S3101501	60	Port Input	15	967064	573	1
S3101501	60	Port Input	14	967064	573	1
S3101501	60	Port Input	15	967065	574	1
S3101501	60	Port Input	14	967065	574	1
S3101501	60	Port Input	15	967065	574	1
S3101501	60	Port Input	14	967065	574	1
S3101501	60	Port Input	15	967066	575	1
S3101501	60	Port Input	14	967066	575	1
S3101501	60	Port Input	15	967067	576	1
S3101501	60	Port Input	14	967067	576	1
S3101501	60	Port Input	15	967067	576	1
S3101501	60	Port Input	14	967067	576	1
S3101501	60	Port Input	15	967069	578	1
S3101501	60	Port Input	14	967069	578	1
S3101501	60	Port Input	15	967069	578	1
S3101501	60	Port Input	14	967069	578	1
S3101501	60	Port Input	15	967071	580	1
S3101501	60	Port Input	14	967071	580	1
S3101501	60	Port Input	15	967071	580	1
S3101501	60	Port Input	14	967071	580	1
S3101501	60	Port Input	15	967073	582	1
S3101501	60	Port Input	14	967073	582	1
S3101501	60	Port Input	15	967073	582	1
S3101501	60	Port Input	14	967073	582	1
S3101501	60	Port Input	15	967074	583	1
S3101501	60	Port Input	14	967074	583	1
S3101501	60	Port Input	15	967074	583	1
S3101501	60	Port Input	14	967074	583	1
S3101501	60	Port Input	15	967079	588	1
S3101501	60	Port Input	14	967079	588	1
S3101501	60	Port Input	15	972313	5822	1
S3101501	60	Port Input	14	972313	5822	1
S3101501	60	Port Input	15	972320	5829	1
S3101501	60	Port Input	14	972320	5830	1
S3101501	60	Port Input	15	973081	6590	1
S3101501	60	Port Input	14	973081	6590	1
S3101501	60	Port Input	15	973081	6590	1
S3101501	60	Port Input	14	973081	6590	1
S3101501	60	Port Input	15	973081	6591	1
S3101501	60	Port Input	14	973081	6591	1
S3101501	60	Port Input	15	973082	6591	1
S3101501	60	Port Input	14	973082	6591	1
S3101501	60	Port Input	15	973083	6592	1
S3101501	60	Port Input	14	973083	6592	1
S3101501	60	Port Input	15	973083	6592	1
S3101501	60	Port Input	14	973083	6592	1
S3101501	60	Port Input	15	973084	6593	1
S3101501	60	Port Input	14	982746	16255	1
S3101501	60	Response	22	982746	16255	1
S3101501	60	Port Input	15	982746	16255	1
S3101501	60	Port Input	14	982747	16256	3
S3101501	61	Picture	20	982810	0	1	16458	1	0	next	hit	1660
S3101501	61	Port Input	15	990190	7381	1
S3101501	61	Port Input	14	990190	7381	1
S3101501	61	Port Input	15	990192	7382	1
S3101501	61	Port Input	14	990192	7382	1
S3101501	61	Port Input	15	990193	7384	1
S3101501	61	Port Input	14	990193	7384	1
S3101501	61	Port Input	15	990194	7384	1
S3101501	61	Port Input	14	990194	7384	1
S3101501	61	Port Input	15	990194	7384	1
S3101501	61	Port Input	14	990194	7384	1
S3101501	61	Port Input	15	990195	7385	1
S3101501	61	Port Input	14	990195	7385	1
S3101501	61	Port Input	15	990196	7386	1
S3101501	61	Port Input	14	999260	16450	1
S3101501	61	Response	22	999260	16450	1
S3101501	62	Picture	20	999267	0	1	17013	1	0	next	hit	1668
S3101501	62	Port Input	15	1007070	7802	1
S3101501	62	Port Input	14	1007070	7802	1
S3101501	62	Port Input	15	1007070	7803	1
S3101501	62	Port Input	14	1007070	7803	1
S3101501	62	Port Input	15	1007070	7803	1
S3101501	62	Port Input	14	1016216	16948	1
S3101501	62	Response	22	1016216	16948	1
S3101501	62	Port Input	15	1016216	16949	1
S3101501	62	Port Input	14	1016216	16949	1
S3101501	63	Picture	20	1016281	0	1	16805	1	0	next	hit	1696
S3101501	63	Port Input	15	1016790	510	1
S3101501	63	Port Input	14	1016790	510	1
S3101501	63	Port Input	15	1016796	515	1
S3101501	63	Port Input	14	1016796	515	1
S3101501	63	Port Input	15	1023326	7045	1
S3101501	63	Port Input	14	1023326	7045	1
S3101501	63	Port Input	15	1023326	7045	1
S3101501	63	Port Input	14	1023326	7045	1
S3101501	63	Port Input	15	1023326	7045	1
S3101501	63	Port Input	14	1023326	7045	1
S3101501	63	Port Input	15	1023326	7046	1
S3101501	63	Port Input	14	1023326	7046	1
S3101501	63	Port Input	15	1023326	7046	1
S3101501	63	Port Input	14	1023327	7046	1
S3101501	63	Port Input	15	1023327	7046	1
S3101501	63	Port Input	14	1023327	7046	1
S3101501	63	Port Input	15	1023327	7047	1
S3101501	63	Port Input	14	1023327	7047	1
S3101501	63	Port Input	15	1023327	7047	1
S3101501	63	Port Input	14	1023328	7047	1
S3101501	63	Port Input	15	1023328	7047	1
S3101501	63	Port Input	14	1023328	7047	1
S3101501	63	Port Input	15	1023328	7047	1
S3101501	63	Port Input	14	1033032	16752	1
S3101501	63	Response	22	1033032	16752	1
S3101501	64	Picture	20	1033086	0	1	17360	1	0	next	hit	1714
S3101501	64	Port Input	15	1033557	472	1
S3101501	64	Port Input	14	1033557	472	1
S3101501	64	Port Input	15	1033562	477	1
S3101501	64	Port Input	14	1033562	477	1
S3101501	64	Port Input	15	1033564	479	1
S3101501	64	Port Input	14	1033564	479	1
S3101501	64	Port Input	15	1033565	479	1
S3101501	64	Port Input	14	1033565	479	1
S3101501	64	Port Input	15	1033565	480	1
S3101501	64	Port Input	14	1033565	480	1
S3101501	64	Port Input	15	1033567	482	1
S3101501	64	Port Input	14	1033567	482	1
S3101501	64	Port Input	15	1033569	484	1
S3101501	64	Port Input	14	1033569	484	1
S3101501	64	Port Input	15	1040736	7650	1
S3101501	64	Port Input	14	1050373	17288	1
S3101501	64	Response	22	1050373	17288	1
S3101501	65	Picture	20	1050446	0	1	17013	1	0	next	hit	1718
S3101501	65	Port Input	15	1057221	6775	1
S3101501	65	Port Input	14	1067438	16992	1
S3101501	65	Response	22	1067438	16992	1
S3101501	65	Port Input	15	1067438	16992	1
S3101501	65	Port Input	14	1067438	16992	1
S3101501	66	Picture	20	1067459	0	1	16735	1	0	next	hit	1730
S3101501	66	Port Input	15	1074741	7282	1
S3101501	66	Port Input	14	1074741	7282	1
S3101501	66	Port Input	15	1074741	7282	1
S3101501	66	Port Input	14	1074741	7282	1
S3101501	66	Port Input	15	1074742	7283	1
S3101501	66	Port Input	14	1074742	7283	1
S3101501	66	Port Input	15	1074742	7283	1
S3101501	66	Port Input	14	1084139	16680	1
S3101501	66	Response	22	1084139	16680	1
S3101501	67	Picture	20	1084195	0	1	17430	1	0	next	hit	1738
S3101501	67	Port Input	15	1090831	6636	1
S3101501	67	Port Input	14	1090831	6636	1
S3101501	67	Port Input	15	1090831	6636	1
S3101501	67	Port Input	14	1090831	6636	1
S3101501	67	Port Input	15	1090832	6637	1
S3101501	67	Port Input	14	1101606	17411	1
S3101501	67	Response	22	1101606	17411	1
S3101501	67	Port Input	15	1101607	17412	1
S3101501	67	Port Input	14	1101607	17412	6
S3101501	68	Picture	20	1101625	0	1	16319	1	0	next	hit	1756
S3101501	68	Port Input	15	1108818	7193	1
S3101501	68	Port Input	14	1108818	7193	1
S3101501	68	Port Input	15	1108819	7194	1
S3101501	68	Port Input	14	1108819	7194	1
S3101501	68	Port Input	15	1108819	7194	1
S3101501	68	Port Input	14	1108819	7194	1
S3101501	68	Port Input	15	1108820	7195	1
S3101501	68	Port Input	14	1108820	7195	1
S3101501	68	Port Input	15	1108820	7196	1
S3101501	68	Port Input	14	1108820	7196	1
S3101501	68	Port Input	15	1108820	7196	1
S3101501	68	Port Input	14	1108821	7196	1
S3101501	68	Port Input	15	1108821	7196	1
S3101501	68	Port Input	14	1117929	16304	1
S3101501	68	Response	22	1117929	16304	1
S3101501	68	Port Input	15	1117930	16305	1
S3101501	68	Port Input	14	1117930	16305	1
S3101501	69	Picture	20	1117943	0	1	16388	1	0	next	hit	1782
S3101501	69	Port Input	15	1124950	7007	1
S3101501	69	Port Input	14	1124950	7007	1
S3101501	69	Port Input	15	1124950	7007	1
S3101501	69	Port Input	14	1124950	7007	1
S3101501	69	Port Input	15	1124951	7007	1
S3101501	69	Port Input	14	1124951	7007	1
S3101501	69	Port Input	15	1124951	7007	1
S3101501	69	Port Input	14	1124951	7007	1
S3101501	69	Port Input	15	1124951	7008	1
S3101501	69	Port Input	14	1124951	7008	1
S3101501	69	Port Input	15	1124955	7011	1
S3101501	69	Port Input	14	1124955	7011	1
S3101501	69	Port Input	15	1124955	7012	1
S3101501	69	Port Input	14	1124955	7012	1
S3101501	69	Port Input	15	1124955	7012	1
S3101501	69	Port Input	14	1124955	7012	1
S3101501	69	Port Input	15	1124955	7012	1
S3101501	69	Port Input	14	1124955	7012	1
S3101501	69	Port Input	15	1124955	7012	1
S3101501	69	Port Input	14	1124955	7012	1
S3101501	69	Port Input	15	1124956	7012	1
S3101501	69	Port Input	14	1134301	16358	1
S3101501	69	Response	22	1134301	16358	1
S3101501	69	Port Input	15	1134302	16358	1
S3101501	69	Port Input	14	1134302	16359	3
S3101501	70	Picture	20	1134332	0	1	15972	1	0	next	hit	1794
S3101501	70	Port Input	15	1141346	7015	1
S3101501	70	Port Input	14	1141346	7015	1
S3101501	70	Port Input	15	1141350	7018	1
S3101501	70	Port Input	14	1141350	7018	1
S3101501	70	Port Input	15	1141350	7019	1
S3101501	70	Port Input	14	1141350	7019	1
S3101501	70	Port Input	15	1141350	7019	1
S3101501	70	Port Input	14	1150287	15955	1
S3101501	70	Response	22	1150287	15955	1
S3101501	71	Picture	20	1150303	0	1	16944	1	0	next	hit	1804
S3101501	71	Port Input	15	1158018	7715	1
S3101501	71	Port Input	14	1158018	7715	1
S3101501	71	Port Input	15	1158019	7715	1
S3101501	71	Port Input	14	1158019	7715	1
S3101501	71	Port Input	15	1158019	7716	1
S3101501	71	Port Input	14	1158019	7716	1
S3101501	71	Port Input	15	1158019	7716	1
S3101501	71	Port Input	14	1167173	16869	1
S3101501	71	Response	22	1167173	16869	1
S3101501	72	Picture	20	1167247	0	1	15833	1	0	next	hit	1814
S3101501	72	Port Input	15	1174155	6908	1
S3101501	72	Port Input	14	1174155	6908	1
S3101501	72	Port Input	15	1174155	6908	1
S3101501	72	Port Input	14	1174155	6908	1
S3101501	72	Port Input	15	1174155	6908	1
S3101501	72	Port Input	14	1174155	6908	1
S3101501	72	Port Input	15	1174156	6909	1
S3101501	72	Port Input	14	1183072	15824	1
S3101501	72	Response	22	1183072	15824	1
S3101501	72	Port Input	15	1183072	15825	1
S3101501	72	Port Input	14	1183072	15825	1
S3101501	73	Picture	20	1183080	0	1	16805	1	0	next	hit	1826
S3101501	73	Port Input	15	1190559	7479	1
S3101501	73	Port Input	14	1190559	7479	1
S3101501	73	Port Input	15	1190559	7479	1
S3101501	73	Port Input	14	1190559	7479	1
S3101501	73	Port Input	15	1190559	7479	1
S3101501	73	Port Input	14	1190559	7479	1
S3101501	73	Port Input	15	1190559	7479	1
S3101501	73	Port Input	14	1199811	16732	1
S3101501	73	Response	22	1199811	16732	1
S3101501	74	Picture	20	1199885	0	1	16458	1	0	next	hit	1836
S3101501	74	Port Input	15	1207064	7179	1
S3101501	74	Port Input	14	1207064	7179	1
S3101501	74	Port Input	15	1207066	7181	1
S3101501	74	Port Input	14	1207066	7181	1
S3101501	74	Port Input	15	1207067	7182	1
S3101501	74	Port Input	14	1207067	7182	1
S3101501	74	Port Input	15	1207067	7182	1
S3101501	74	Port Input	14	1216273	16388	1
S3101501	74	Response	22	1216273	16388	1
S3101501	74	Port Input	15	1216273	16388	1
S3101501	74	Port Input	14	1216273	16388	1
S3101501	74	Port Input	15	1216273	16388	1
S3101501	74	Port Input	14	1216273	16389	1
S3101501	75	Picture	20	1216343	0	1	17291	1	0	next	hit	1850
S3101501	75	Port Input	15	1223928	7586	1
S3101501	75	Port Input	14	1223928	7586	1
S3101501	75	Port Input	15	1223928	7586	1
S3101501	75	Port Input	14	1223929	7586	1
S3101501	75	Port Input	15	1223929	7586	1
S3101501	75	Port Input	14	1223929	7586	1
S3101501	75	Port Input	15	1223929	7586	1
S3101501	75	Port Input	14	1233574	17232	1
S3101501	75	Response	22	1233574	17232	1
S3101501	76	Picture	20	1233634	0	1	17083	1	0	next	hit	1854
S3101501	76	Port Input	15	1241551	7918	1
S3101501	76	Port Input	14	1250698	17065	1
S3101501	76	Response	22	1250698	17065	1
S3101501	77	Picture	20	1250716	0	1	16597	1	0	next	hit	1882
S3101501	77	Port Input	15	1258104	7387	1
S3101501	77	Port Input	14	1258104	7387	1
S3101501	77	Port Input	15	1258104	7388	1
S3101501	77	Port Input	14	1258104	7388	1
S3101501	77	Port Input	15	1258104	7388	1
S3101501	77	Port Input	14	1258104	7388	1
S3101501	77	Port Input	15	1258104	7388	1
S3101501	77	Port Input	14	1258104	7388	1
S3101501	77	Port Input	15	1258105	7388	1
S3101501	77	Port Input	14	1258105	7388	1
S3101501	77	Port Input	15	1258105	7389	1
S3101501	77	Port Input	14	1258105	7389	1
S3101501	77	Port Input	15	1258105	7389	1
S3101501	77	Port Input	14	1258105	7389	1
S3101501	77	Port Input	15	1258105	7389	1
S3101501	77	Port Input	14	1258105	7389	1
S3101501	77	Port Input	15	1258105	7389	1
S3101501	77	Port Input	14	1258105	7389	1
S3101501	77	Port Input	15	1258106	7389	1
S3101501	77	Port Input	14	1258106	7389	1
S3101501	77	Port Input	15	1258106	7390	1
S3101501	77	Port Input	14	1258106	7390	1
S3101501	77	Port Input	15	1258107	7390	1
S3101501	77	Port Input	14	1258107	7390	1
S3101501	77	Port Input	15	1258107	7391	1
S3101501	77	Port Input	14	1267301	16585	1
S3101501	77	Response	22	1267301	16585	1
S3101501	77	Port Input	15	1267301	16585	1
S3101501	77	Port Input	14	1267301	16585	1
S3101501	77	Port Input	15	1267301	16585	1
S3101501	77	Port Input	14	1267302	16586	87
S3101501	78	Picture	20	1267313	0	1	16666	1	0	next	hit	1898
S3101501	78	Port Input	15	1274497	7184	1
S3101501	78	Port Input	14	1274497	7184	1
S3101501	78	Port Input	15	1274497	7185	1
S3101501	78	Port Input	14	1274497	7185	1
S3101501	78	Port Input	15	1274498	7186	1
S3101501	78	Port Input	14	1274498	7186	1
S3101501	78	Port Input	15	1274499	7186	1
S3101501	78	Port Input	14	1274499	7186	1
S3101501	78	Port Input	15	1274499	7187	1
S3101501	78	Port Input	14	1283954	16641	1
S3101501	78	Response	22	1283954	16641	1
S3101501	78	Port Input	15	1283954	16641	1
S3101501	78	Port Input	14	1283955	16642	6
S3101501	79	Picture	20	1283979	0	1	17291	1	0	next	hit	1916
S3101501	79	Port Input	15	1291785	7806	1
S3101501	79	Port Input	14	1291785	7806	1
S3101501	79	Port Input	15	1291785	7806	1
S3101501	79	Port Input	14	1291785	7806	1
S3101501	79	Port Input	15	1291786	7807	1
S3101501	79	Port Input	14	1291786	7807	1
S3101501	79	Port Input	15	1291786	7807	1
S3101501	79	Port Input	14	1291786	7807	1
S3101501	79	Port Input	15	1291786	7807	1
S3101501	79	Port Input	14	1291786	7807	1
S3101501	79	Port Input	15	1291786	7807	1
S3101501	79	Port Input	14	1291787	7808	1
S3101501	79	Port Input	15	1291787	7808	1
S3101501	79	Port Input	14	1301242	17263	1
S3101501	79	Response	22	1301242	17263	1
S3101501	79	Port Input	15	1301242	17263	1
S3101501	79	Port Input	14	1301243	17264	3
S3101501	79	Port Input	15	1301248	17269	1
S3101501	79	Port Input	14	1301248	17269	1
S3101501	80	Picture	20	1301270	0	1	17430	1	0	next	hit	1924
S3101501	80	Port Input	15	1309016	7746	1
S3101501	80	Port Input	14	1318629	17359	1
S3101501	80	Response	22	1318629	17359	1
S3101501	81	Picture	20	1318700	0	1	16944	1	0	next	hit	1938
S3101501	81	Port Input	15	1325966	7266	1
S3101501	81	Port Input	14	1325966	7266	1
S3101501	81	Port Input	15	1325968	7269	1
S3101501	81	Port Input	14	1325968	7269	1
S3101501	81	Port Input	15	1325968	7269	1
S3101501	81	Port Input	14	1325968	7269	1
S3101501	81	Port Input	15	1325969	7269	1
S3101501	81	Port Input	14	1325969	7270	1
S3101501	81	Port Input	15	1325969	7270	1
S3101501	81	Port Input	14	1325970	7270	1
S3101501	81	Port Input	15	1325970	7270	1
S3101501	81	Port Input	14	1335578	16878	1
S3101501	81	Response	22	1335578	16878	1
S3101501	81	Port Input	15	1335578	16878	1
S3101501	81	Port Input	14	1335579	16879	1
S3101501	82	Picture	20	1335644	0	1	15694	1	0	next	hit	1948
S3101501	82	Port Input	15	1342654	7011	1
S3101501	82	Port Input	14	1342654	7011	1
S3101501	82	Port Input	15	1342655	7011	1
S3101501	82	Port Input	14	1342655	7012	1
S3101501	82	Port Input	15	1342656	7012	1
S3101501	82	Port Input	14	1351329	15685	1
S3101501	82	Response	22	1351329	15685	1
S3101501	83	Picture	20	1351337	0	1	15902	1	0	next	hit	1956
S3101501	83	Port Input	15	1357984	6647	1
S3101501	83	Port Input	14	1357984	6647	1
S3101501	83	Port Input	15	1357984	6647	1
S3101501	83	Port Input	14	1357984	6647	1
S3101501	83	Port Input	15	1357984	6647	1
S3101501	83	Port Input	14	1367200	15862	1
S3101501	83	Response	22	1367200	15862	1
S3101501	83	Port Input	15	1367200	15862	1
S3101501	83	Port Input	14	1367200	15863	1
S3101501	84	Picture	20	1367240	0	1	16110	1	0	next	hit	1964
S3101501	84	Port Input	15	1374138	6898	1
S3101501	84	Port Input	14	1374138	6898	1
S3101501	84	Port Input	15	1374138	6898	1
S3101501	84	Port Input	14	1383291	16052	1
S3101501	84	Response	22	1383291	16052	1
S3101501	84	Port Input	15	1383291	16052	1
S3101501	84	Port Input	14	1383292	16053	5
S3101501	85	Picture	20	1383350	0	1	16388	1	0	next	hit	1996
S3101501	85	Port Input	15	1390662	7312	1
S3101501	85	Port Input	14	1390662	7312	1
S3101501	85	Port Input	15	1390662	7312	1
S3101501	85	Port Input	14	1390662	7312	1
S3101501	85	Port Input	15	1390662	7312	1
S3101501	85	Port Input	14	1390662	7312	1
S3101501	85	Port Input	15	1390662	7312	1
S3101501	85	Port Input	14	1390662	7312	1
S3101501	85	Port Input	15	1390662	7312	1
S3101501	85	Port Input	14	1390663	7312	1
S3101501	85	Port Input	15	1390663	7313	1
S3101501	85	Port Input	14	1390663	7313	1
S3101501	85	Port Input	15	1390663	7313	1
S3101501	85	Port Input	14	1390663	7313	1
S3101501	85	Port Input	15	1390663	7313	1
S3101501	85	Port Input	14	1390664	7313	1
S3101501	85	Port Input	15	1390664	7314	1
S3101501	85	Port Input	14	1390664	7314	1
S3101501	85	Port Input	15	1390664	7314	1
S3101501	85	Port Input	14	1390664	7314	1
S3101501	85	Port Input	15	1390664	7314	1
S3101501	85	Port Input	14	1390664	7314	1
S3101501	85	Port Input	15	1390664	7314	1
S3101501	85	Port Input	14	1390664	7314	1
S3101501	85	Port Input	15	1390664	7314	1
S3101501	85	Port Input	14	1390664	7314	1
S3101501	85	Port Input	15	1390665	7315	1
S3101501	85	Port Input	14	1399704	16354	1
S3101501	85	Response	22	1399704	16354	1
S3101501	85	Port Input	15	1399704	16354	1
S3101501	85	Port Input	14	1399705	16354	1
S3101501	85	Port Input	15	1399705	16355	1
S3101501	85	Port Input	14	1399705	16355	1
S3101501	85	Port Input	15	1399705	16355	5
S3101501	85	Port Input	14	1399709	16359	2
S3101501	85	Port Input	15	1399711	16361	1
S3101501	85	Port Input	14	1399711	16361	1
S3101501	85	Port Input	15	1399711	16361	1
S3101501	85	Port Input	14	1399711	16361	1
S3101501	85	Port Input	15	1399712	16362	1
S3101501	85	Port Input	14	1399712	16362	1
S3101501	85	Port Input	15	1399712	16362	1
S3101501	85	Port Input	14	1399712	16362	1
S3101501	85	Port Input	15	1399714	16364	1
S3101501	85	Port Input	14	1399714	16364	1
S3101501	86	Picture	20	1399738	0	1	17013	1	0	next	hit	2028
S3101501	86	Port Input	15	1407152	7414	1
S3101501	86	Port Input	14	1407152	7414	1
S3101501	86	Port Input	15	1407152	7414	1
S3101501	86	Port Input	14	1407152	7414	1
S3101501	86	Port Input	15	1407153	7414	1
S3101501	86	Port Input	14	1407153	7414	1
S3101501	86	Port Input	15	1407153	7415	1
S3101501	86	Port Input	14	1407153	7415	1
S3101501	86	Port Input	15	1407154	7415	1
S3101501	86	Port Input	14	1407154	7415	1
S3101501	86	Port Input	15	1407154	7416	1
S3101501	86	Port Input	14	1407154	7416	1
S3101501	86	Port Input	15	1407154	7416	1
S3101501	86	Port Input	14	1416729	16990	1
S3101501	86	Response	22	1416729	16990	1
S3101501	86	Port Input	15	1416729	16990	1
S3101501	86	Port Input	14	1416735	16997	1
S3101501	86	Port Input	15	1416736	16997	1
S3101501	86	Port Input	14	1416736	16998	1
S3101501	86	Port Input	15	1416737	16998	1
S3101501	86	Port Input	14	1416737	16999	1
S3101501	87	Picture	20	1416752	0	1	16527	1	0	next	hit	2050
S3101501	87	Port Input	15	1424037	7286	1
S3101501	87	Port Input	14	1424037	7286	1
S3101501	87	Port Input	15	1424039	7288	1
S3101501	87	Port Input	14	1424039	7288	1
S3101501	87	Port Input	15	1424043	7291	1
S3101501	87	Port Input	14	1424043	7291	1
S3101501	87	Port Input	15	1424043	7291	1
S3101501	87	Port Input	14	1424043	7291	1
S3101501	87	Port Input	15	1424043	7292	1
S3101501	87	Port Input	14	1424043	7292	1
S3101501	87	Port Input	15	1424044	7292	1
S3101501	87	Port Input	14	1424044	7292	1
S3101501	87	Port Input	15	1424044	7293	1
S3101501	87	Port Input	14	1433230	16479	1
S3101501	87	Response	22	1433230	16479	1
S3101501	88	Picture	20	1433279	0	1	16805	1	0	next	hit	2066
S3101501	88	Port Input	15	1440523	7245	1
S3101501	88	Port Input	14	1440524	7245	1
S3101501	88	Port Input	15	1440524	7245	1
S3101501	88	Port Input	14	1440524	7245	1
S3101501	88	Port Input	15	1440525	7246	1
S3101501	88	Port Input	14	1440525	7246	1
S3101501	88	Port Input	15	1440525	7246	1
S3101501	88	Port Input	14	1440525	7246	1
S3101501	88	Port Input	15	1440525	7246	1
S3101501	88	Port Input	14	1440525	7246	1
S3101501	88	Port Input	15	1440525	7246	1
S3101501	88	Port Input	14	1440525	7246	1
S3101501	88	Port Input	15	1440525	7247	1
S3101501	88	Port Input	14	1450024	16745	1
S3101501	88	Response	22	1450024	16745	1
S3101501	89	Picture	20	1450084	0	1	16388	1	0	next	hit	2098
S3101501	89	Port Input	15	1450622	538	1
S3101501	89	Port Input	14	1450622	538	1
S3101501	89	Port Input	15	1450647	563	1
S3101501	89	Port Input	14	1450647	564	1
S3101501	89	Port Input	15	1450724	641	1
S3101501	89	Port Input	14	1450725	641	1
S3101501	89	Port Input	15	1456865	6781	1
S3101501	89	Port Input	14	1456865	6781	1
S3101501	89	Port Input	15	1456866	6783	1
S3101501	89	Port Input	14	1456866	6783	1
S3101501	89	Port Input	15	1456866	6783	1
S3101501	89	Port Input	14	1456866	6783	1
S3101501	89	Port Input	15	1456867	6784	1
S3101501	89	Port Input	14	1456867	6784	1
S3101501	89	Port Input	15	1456867	6784	1
S3101501	89	Port Input	14	1456868	6784	1
S3101501	89	Port Input	15	1456868	6784	1
S3101501	89	Port Input	14	1456868	6784	1
S3101501	89	Port Input	15	1456868	6785	1
S3101501	89	Port Input	14	1456868	6785	1
S3101501	89	Port Input	15	1456869	6785	1
S3101501	89	Port Input	14	1456869	6785	1
S3101501	89	Port Input	15	1456869	6785	1
S3101501	89	Port Input	14	1456869	6785	1
S3101501	89	Port Input	15	1456869	6785	1
S3101501	89	Port Input	14	1456869	6785	1
S3101501	89	Port Input	15	1456869	6786	1
S3101501	89	Port Input	14	1456869	6786	1
S3101501	89	Port Input	15	1456870	6786	1
S3101501	89	Port Input	14	1466448	16364	1
S3101501	89	Response	22	1466448	16364	1
S3101501	89	Port Input	15	1466448	16364	1
S3101501	89	Port Input	14	1466448	16365	1
S3101501	90	Picture	20	1466472	0	1	15208	1	0	next	hit	2162
S3101501	90	Port Input	15	1466841	369	1
S3101501	90	Port Input	14	1466841	369	1
S3101501	90	Port Input	15	1466841	369	1
S3101501	90	Port Input	14	1466841	369	1
S3101501	90	Port Input	15	1466847	375	1
S3101501	90	Port Input	14	1466847	375	1
S3101501	90	Port Input	15	1466855	384	1
S3101501	90	Port Input	14	1466855	384	1
S3101501	90	Port Input	15	1466857	385	1
S3101501	90	Port Input	14	1466857	385	1
S3101501	90	Port Input	15	1466858	386	1
S3101501	90	Port Input	14	1466858	386	1
S3101501	90	Port Input	15	1466859	388	1
S3101501	90	Port Input	14	1466859	388	1
S3101501	90	Port Input	15	1466861	390	1
S3101501	90	Port Input	14	1466861	390	1
S3101501	90	Port Input	15	1466869	397	1
S3101501	90	Port Input	14	1466869	397	1
S3101501	90	Port Input	15	1466879	407	1
S3101501	90	Port Input	14	1466879	407	1
S3101501	90	Port Input	15	1466953	481	1
S3101501	90	Port Input	14	1466953	481	1
S3101501	90	Port Input	15	1466955	483	1
S3101501	90	Port Input	14	1466955	484	1
S3101501	90	Port Input	15	1466964	493	1
S3101501	90	Port Input	14	1466964	493	1
S3101501	90	Port Input	15	1466986	514	1
S3101501	90	Port Input	14	1466986	514	1
S3101501	90	Port Input	15	1467012	540	1
S3101501	90	Port Input	14	1467012	540	1
S3101501	90	Port Input	15	1467014	542	1
S3101501	90	Port Input	14	1467014	542	1
S3101501	90	Port Input	15	1467014	542	1
S3101501	90	Port Input	14	1467014	542	1
S3101501	90	Port Input	15	1467078	607	1
S3101501	90	Port Input	14	1467079	607	1
S3101501	90	Port Input	15	1467408	936	1
S3101501	90	Port Input	14	1467408	936	1
S3101501	90	Port Input	15	1467440	968	1
S3101501	90	Port Input	14	1467440	968	1
S3101501	90	Port Input	15	1467715	1244	1
S3101501	90	Port Input	14	1467716	1244	1
S3101501	90	Port Input	15	1469553	3081	1
S3101501	90	Port Input	14	1469553	3081	1
S3101501	90	Port Input	15	1469757	3285	1
S3101501	90	Port Input	14	1469757	3285	1
S3101501	90	Port Input	15	1472960	6488	1
S3101501	90	Port Input	14	1472960	6488	1
S3101501	90	Port Input	15	1472960	6488	1
S3101501	90	Port Input	14	1472960	6488	1
S3101501	90	Port Input	15	1472961	6489	1
S3101501	90	Port Input	14	1472962	6490	1
S3101501	90	Port Input	15	1472962	6490	1
S3101501	90	Port Input	14	1472962	6490	1
S3101501	90	Port Input	15	1472962	6490	1
S3101501	90	Port Input	14	1472962	6490	1
S3101501	90	Port Input	15	1472962	6491	1
S3101501	90	Port Input	14	1472962	6491	1
S3101501	90	Port Input	15	1472963	6491	1
S3101501	90	Port Input	14	1481658	15186	1
S3101501	90	Response	22	1481658	15186	1
S3101501	90	Port Input	15	1481658	15186	1
S3101501	90	Port Input	14	1481659	15187	1
S3101501	91	Picture	20	1481680	0	1	16874	1	0	next	hit	2178
S3101501	91	Port Input	15	1488897	7217	1
S3101501	91	Port Input	14	1488897	7217	1
S3101501	91	Port Input	15	1488899	7219	1
S3101501	91	Port Input	14	1488899	7219	1
S3101501	91	Port Input	15	1488899	7220	1
S3101501	91	Port Input	14	1488899	7220	1
S3101501	91	Port Input	15	1488900	7220	1
S3101501	91	Port Input	14	1488900	7220	1
S3101501	91	Port Input	15	1488900	7220	1
S3101501	91	Port Input	14	1488900	7220	1
S3101501	91	Port Input	15	1488900	7221	1
S3101501	91	Port Input	14	1498531	16851	1
S3101501	91	Response	22	1498531	16851	1
S3101501	91	Port Input	15	1498531	16852	1
S3101501	91	Port Input	14	1498532	16852	5
S3101501	92	Picture	20	1498554	0	1	17499	1	0	next	hit	2190
S3101501	92	Port Input	15	1506239	7685	1
S3101501	92	Port Input	14	1506239	7685	1
S3101501	92	Port Input	15	1506239	7685	1
S3101501	92	Port Input	14	1506239	7685	1
S3101501	92	Port Input	15	1506240	7686	1
S3101501	92	Port Input	14	1506240	7686	1
S3101501	92	Port Input	15	1506240	7686	1
S3101501	92	Port Input	14	1516037	17483	1
S3101501	92	Response	22	1516037	17483	1
S3101501	92	Port Input	15	1516037	17483	1
S3101501	92	Port Input	14	1516038	17484	1
S3101501	92	Port Input	15	1516039	17485	4
S3101501	92	Port Input	14	1516042	17488	1
S3101501	93	Picture	20	1516053	0	1	16180	1	0	next	hit	2204
S3101501	93	Port Input	15	1516458	405	1
S3101501	93	Port Input	14	1516458	405	1
S3101501	93	Port Input	15	1523379	7325	1
S3101501	93	Port Input	14	1523379	7325	1
S3101501	93	Port Input	15	1523379	7325	1
S3101501	93	Port Input	14	1523379	7326	1
S3101501	93	Port Input	15	1523379	7326	1
S3101501	93	Port Input	14	1532176	16122	1
S3101501	93	Response	22	1532176	16122	1
S3101501	94	Picture	20	1532233	0	1	16527	1	0	next	hit	2220
S3101501	94	Port Input	15	1539751	7518	1
S3101501	94	Port Input	14	1539751	7518	1
S3101501	94	Port Input	15	1539751	7518	1
S3101501	94	Port Input	14	1539751	7518	1
S3101501	94	Port Input	15	1539751	7518	1
S3101501	94	Port Input	14	1539751	7518	1
S3101501	94	Port Input	15	1539751	7518	1
S3101501	94	Port Input	14	1539752	7518	1
S3101501	94	Port Input	15	1539752	7518	1
S3101501	94	Port Input	14	1539752	7518	1
S3101501	94	Port Input	15	1539752	7519	1
S3101501	94	Port Input	14	1539752	7519	1
S3101501	94	Port Input	15	1539752	7519	1
S3101501	94	Port Input	14	1548702	16469	1
S3101501	94	Response	22	1548702	16469	1
S3101501	95	Picture	20	1548760	0	1	17013	1	0	next	hit	2228
S3101501	95	Port Input	15	1555696	6935	1
S3101501	95	Port Input	14	1555696	6935	1
S3101501	95	Port Input	15	1555697	6936	1
S3101501	95	Port Input	14	1555697	6936	1
S3101501	95	Port Input	15	1555697	6937	1
S3101501	95	Port Input	14	1565745	16984	1
S3101501	95	Response	22	1565745	16984	1
S3101501	96	Picture	20	1565774	0	1	16388	1	0	next	hit	2238
S3101501	96	Port Input	15	1573348	7574	1
S3101501	96	Port Input	14	1573348	7574	1
S3101501	96	Port Input	15	1573348	7575	1
S3101501	96	Port Input	14	1573348	7575	1
S3101501	96	Port Input	15	1573349	7575	1
S3101501	96	Port Input	14	1573349	7575	1
S3101501	96	Port Input	15	1573349	7575	1
S3101501	96	Port Input	14	1582114	16340	1
S3101501	96	Response	22	1582114	16340	1
S3101501	96	Port Input	15	1582114	16340	1
S3101501	96	Port Input	14	1582114	16340	1
S3101501	96	Port Input	15	1582114	16340	1
S3101501	96	Port Input	14	1582115	16341	3
S3101501	97	Picture	20	1582162	0	1	16041	1	0	next	hit	2250
S3101501	97	Port Input	15	1589777	7615	1
S3101501	97	Port Input	14	1589777	7615	1
S3101501	97	Port Input	15	1589778	7616	1
S3101501	97	Port Input	14	1589778	7616	1
S3101501	97	Port Input	15	1589778	7616	1
S3101501	97	Port Input	14	1598195	16033	1
S3101501	97	Response	22	1598195	16033	1
S3101501	97	Port Input	15	1598195	16033	1
S3101501	97	Port Input	14	1598195	16033	1
S3101501	98	Picture	20	1598203	0	1	16319	1	0	next	hit	2262
S3101501	98	Port Input	15	1605282	7079	1
S3101501	98	Port Input	14	1605282	7079	1
S3101501	98	Port Input	15	1605283	7080	1
S3101501	98	Port Input	14	1605283	7080	1
S3101501	98	Port Input	15	1605283	7080	1
S3101501	98	Port Input	14	1605283	7080	1
S3101501	98	Port Input	15	1605283	7080	1
S3101501	98	Port Input	14	1614456	16253	1
S3101501	98	Response	22	1614456	16253	1
S3101501	99	Picture	20	1614522	0	1	16319	1	0	next	hit	2274
S3101501	99	Port Input	15	1621454	6932	1
S3101501	99	Port Input	14	1621454	6932	1
S3101501	99	Port Input	15	1621454	6932	1
S3101501	99	Port Input	14	1621454	6932	1
S3101501	99	Port Input	15	1621456	6934	1
S3101501	99	Port Input	14	1621456	6934	1
S3101501	99	Port Input	15	1621456	6934	1
S3101501	99	Port Input	14	1621456	6934	1
S3101501	99	Port Input	15	1621456	6934	1
S3101501	99	Port Input	14	1630790	16268	1
S3101501	99	Response	22	1630790	16268	1
S3101501	99	Port Input	15	1630790	16268	1
S3101501	99	Port Input	14	1630790	16268	1
S3101501	99	Port Input	15	1630790	16268	1
S3101501	99	Port Input	14	1630790	16268	1
S3101501	100	Picture	20	1630841	0	1	16666	1	0	next	hit	2282
S3101501	100	Port Input	15	1638218	7377	1
S3101501	100	Port Input	14	1647469	16628	1
S3101501	100	Response	22	1647469	16628	1
S3101501	100	Port Input	15	1647469	16628	1
S3101501	100	Port Input	14	1647469	16628	1
S3101501	100	Port Input	15	1647469	16629	1
S3101501	100	Port Input	14	1647470	16629	5
S3101501	100	Port Input	15	1647474	16633	1
S3101501	100	Port Input	14	1647476	16636	1
S3101501	100	Port Input	15	1647477	16636	1
S3101501	100	Port Input	14	1647477	16637	1
S3101501	100	Port Input	15	1647478	16637	1
S3101501	100	Port Input	14	1647478	16637	1
S3101501	100	Port Input	15	1647478	16638	1
S3101501	100	Port Input	14	1647479	16638	1
S3101501	100	Port Input	15	1647485	16645	1
S3101501	100	Port Input	14	1647485	16645	1
S3101501	100	Port Input	15	1647486	16645	1
S3101501	100	Port Input	14	1647486	16645	1
S3101501	101	Picture	20	1647507	0	1	17360	1	0	next	hit	2304
S3101501	101	Port Input	15	1655536	8029	1
S3101501	101	Port Input	14	1655536	8029	1
S3101501	101	Port Input	15	1655537	8030	1
S3101501	101	Port Input	14	1664796	17289	1
S3101501	101	Response	22	1664796	17289	1
S3101501	102	Picture	20	1664867	0	1	16874	1	0	next	hit	2320
S3101501	102	Port Input	15	1671652	6785	1
S3101501	102	Port Input	14	1671652	6785	1
S3101501	102	Port Input	15	1671653	6786	1
S3101501	102	Port Input	14	1671653	6786	1
S3101501	102	Port Input	15	1671653	6786	1
S3101501	102	Port Input	14	1671653	6786	1
S3101501	102	Port Input	15	1671654	6787	1
S3101501	102	Port Input	14	1671654	6787	1
S3101501	102	Port Input	15	1671654	6787	1
S3101501	102	Port Input	14	1671654	6787	1
S3101501	102	Port Input	15	1671654	6787	1
S3101501	102	Port Input	14	1671654	6787	1
S3101501	102	Port Input	15	1671655	6787	1
S3101501	102	Port Input	14	1681226	16359	1
S3101501	102	Response	22	1681226	16359	1
S3101501	103	Port Input	15	1688626	7384	1
S3101501	103	Port Input	14	1688626	7385	1
S3101501	103	Port Input	15	1688629	7387	1
S3101501	103	Port Input	14	1688629	7387	1
S3101501	103	Port Input	15	1688629	7388	1
S3101501	103	Port Input	14	1688629	7388	1
S3101501	103	Port Input	15	1688629	7388	1
S3101501	103	Port Input	14	1688629	7388	1
S3101501	103	Port Input	15	1688629	7388	1
S3101501	103	Port Input	14	1688629	7388	1
S3101501	103	Port Input	15	1688629	7388	1
S3101501	103	Port Input	14	1688629	7388	1
S3101501	103	Port Input	15	1688630	7389	1
