Scenario - Button
Logfile written - 07/25/2023 12:07:07

Subject	Trial	Event Type	Code	Time	TTime	Uncertainty	Duration	Uncertainty	ReqTime	ReqDur	Stim Type	Pair Index

S3115107	1	Picture	start	69	0	1	40554	1	0	next	other	0
S3115107	3	Picture	20	45137	0	1	23610	1	0	next	hit	4
S3115107	3	Port Input	14	68687	23550	1
S3115107	3	Response	22	68687	23550	1
S3115107	3	Port Input	15	68688	23551	1
S3115107	3	Port Input	14	68689	23551	5
S3115107	4	Picture	20	68748	0	1	32638	1	0	next	hit	10
S3115107	4	Port Input	15	72132	3385	1
S3115107	4	Port Input	14	101358	32610	1
S3115107	4	Response	22	101358	32610	1
S3115107	4	Port Input	15	101358	32610	1
S3115107	4	Port Input	14	101358	32610	1
S3115107	5	Picture	20	101385	0	1	33332	1	0	next	hit	16
S3115107	5	Port Input	15	107260	5875	1
S3115107	5	Port Input	14	134692	33306	1
S3115107	5	Response	22	134692	33306	1
S3115107	5	Port Input	15	134692	33307	1
S3115107	5	Port Input	14	134693	33307	5
S3115107	6	Picture	20	134718	0	1	29582	1	0	next	hit	22
S3115107	6	Port Input	15	141227	6509	1
S3115107	6	Port Input	14	164264	29547	1
S3115107	6	Response	22	164264	29547	1
S3115107	7	Picture	20	164300	0	1	28471	1	0	next	hit	28
S3115107	7	Port Input	15	170826	6526	1
S3115107	7	Port Input	14	170826	6526	1
S3115107	7	Port Input	15	170826	6526	1
S3115107	7	Port Input	14	192761	28461	1
S3115107	7	Response	22	192761	28461	1
S3115107	7	Port Input	15	192762	28462	1
S3115107	7	Port Input	14	192763	28463	7
S3115107	8	Picture	20	192771	0	1	29166	1	0	next	hit	36
S3115107	8	Port Input	15	199435	6664	1
S3115107	8	Port Input	14	199435	6664	1
S3115107	8	Port Input	15	199435	6664	1
S3115107	8	Port Input	14	221895	29124	1
S3115107	8	Response	22	221895	29124	1
S3115107	8	Port Input	15	221895	29124	1
S3115107	8	Port Input	14	221896	29125	4
S3115107	9	Picture	20	221937	0	1	31318	1	0	next	hit	42
S3115107	9	Port Input	15	229327	7390	1
S3115107	9	Port Input	14	253234	31297	1
S3115107	9	Response	22	253234	31297	1
S3115107	10	Picture	20	253255	0	1	32221	1	0	next	hit	46
S3115107	10	Port Input	15	263991	10736	1
S3115107	10	Port Input	14	285411	32155	1
S3115107	10	Response	22	285411	32155	1
S3115107	11	Picture	20	285476	0	1	29930	1	0	next	hit	50
S3115107	11	Port Input	15	292301	6824	1
S3115107	11	Port Input	14	315349	29873	1
S3115107	11	Response	22	315349	29873	1
S3115107	12	Picture	20	315406	0	1	30971	1	0	next	hit	56
S3115107	12	Port Input	15	322845	7439	1
S3115107	12	Port Input	14	322845	7439	1
S3115107	12	Port Input	15	322845	7439	1
S3115107	12	Port Input	14	346307	30901	1
S3115107	12	Response	22	346307	30901	1
S3115107	12	Port Input	15	346308	30901	1
S3115107	12	Port Input	14	346308	30902	1
S3115107	13	Picture	20	346377	0	1	29721	1	0	next	hit	64
S3115107	13	Port Input	15	354830	8452	1
S3115107	13	Port Input	14	354830	8452	1
S3115107	13	Port Input	15	354830	8452	1
S3115107	13	Port Input	14	376068	29691	1
S3115107	13	Response	22	376068	29691	1
S3115107	13	Port Input	15	376073	29696	1
S3115107	13	Port Input	14	376074	29696	1
S3115107	14	Picture	20	376099	0	1	29860	1	0	next	hit	70
S3115107	14	Port Input	15	383034	6936	1
S3115107	14	Port Input	14	405893	29794	1
S3115107	14	Response	22	405893	29794	1
S3115107	14	Port Input	15	405893	29795	1
S3115107	14	Port Input	14	405893	29795	1
S3115107	15	Picture	20	405959	0	1	30555	1	0	next	hit	82
S3115107	15	Port Input	15	415218	9259	1
S3115107	15	Port Input	14	415218	9259	1
S3115107	15	Port Input	15	415218	9259	1
S3115107	15	Port Input	14	415218	9259	1
S3115107	15	Port Input	15	415218	9259	1
S3115107	15	Port Input	14	415218	9259	1
S3115107	15	Port Input	15	415218	9260	1
S3115107	15	Port Input	14	436495	30536	1
S3115107	15	Response	22	436495	30536	1
S3115107	15	Port Input	15	436495	30537	1
S3115107	15	Port Input	14	436495	30537	1
S3115107	16	Picture	20	436513	0	1	30555	1	0	next	hit	90
S3115107	16	Port Input	15	443250	6736	1
S3115107	16	Port Input	14	443250	6736	1
S3115107	16	Port Input	15	443250	6737	1
S3115107	16	Port Input	14	467015	30502	1
S3115107	16	Response	22	467015	30502	1
S3115107	17	Picture	20	467068	0	1	32291	1	0	next	hit	98
S3115107	17	Port Input	15	475229	8161	1
S3115107	17	Port Input	14	475229	8161	1
S3115107	17	Port Input	15	475229	8161	1
S3115107	17	Port Input	14	475229	8161	1
S3115107	17	Port Input	15	475229	8162	1
S3115107	17	Port Input	14	499338	32270	1
S3115107	17	Response	22	499338	32270	1
S3115107	17	Port Input	15	499339	32271	7
S3115107	17	Port Input	14	499345	32278	1
S3115107	17	Port Input	15	499347	32279	1
S3115107	17	Port Input	14	499347	32279	1
S3115107	17	Port Input	15	499347	32279	1
S3115107	17	Port Input	14	499347	32280	1
S3115107	17	Port Input	15	499348	32280	1
S3115107	17	Port Input	14	499348	32280	1
S3115107	17	Port Input	15	499348	32281	1
S3115107	17	Port Input	14	499349	32281	1
S3115107	17	Port Input	15	499349	32282	1
S3115107	17	Port Input	14	499349	32282	1
S3115107	17	Port Input	15	499350	32283	1
S3115107	17	Port Input	14	499351	32283	1
S3115107	17	Port Input	15	499351	32283	1
S3115107	17	Port Input	14	499351	32283	1
S3115107	17	Port Input	15	499351	32283	1
S3115107	17	Port Input	14	499351	32284	1
S3115107	17	Port Input	15	499352	32284	1
S3115107	17	Port Input	14	499352	32284	1
S3115107	17	Port Input	15	499352	32284	1
S3115107	17	Port Input	14	499352	32285	1
S3115107	17	Port Input	15	499353	32285	1
S3115107	17	Port Input	14	499353	32285	1
S3115107	17	Port Input	15	499353	32285	1
S3115107	17	Port Input	14	499354	32286	1
S3115107	17	Port Input	15	499354	32286	1
S3115107	17	Port Input	14	499354	32287	1
S3115107	17	Port Input	15	499354	32287	1
S3115107	17	Port Input	14	499355	32287	1
S3115107	17	Port Input	15	499355	32287	1
S3115107	17	Port Input	14	499355	32288	1
S3115107	17	Port Input	15	499356	32288	1
S3115107	17	Port Input	14	499356	32289	1
S3115107	18	Picture	20	499358	0	1	33679	1	0	next	hit	154
S3115107	18	Port Input	15	499359	1	1
S3115107	18	Port Input	14	499359	1	1
S3115107	18	Port Input	15	499360	1	1
S3115107	18	Port Input	14	499360	1	1
S3115107	18	Port Input	15	499360	2	1
S3115107	18	Port Input	14	499360	2	1
S3115107	18	Port Input	15	499360	2	1
S3115107	18	Port Input	14	499360	2	1
S3115107	18	Port Input	15	499361	2	1
S3115107	18	Port Input	14	499361	2	1
S3115107	18	Port Input	15	507482	8124	1
S3115107	18	Port Input	14	507482	8124	1
S3115107	18	Port Input	15	507483	8124	1
S3115107	18	Port Input	14	507483	8124	1
S3115107	18	Port Input	15	507483	8124	1
S3115107	18	Port Input	14	507483	8124	1
S3115107	18	Port Input	15	507483	8125	1
S3115107	18	Port Input	14	507483	8125	1
S3115107	18	Port Input	15	507483	8125	1
S3115107	18	Port Input	14	533010	33651	1
S3115107	18	Response	22	533010	33651	1
S3115107	18	Port Input	15	533010	33651	1
S3115107	18	Port Input	14	533010	33652	1
S3115107	18	Port Input	15	533019	33661	1
S3115107	18	Port Input	14	533020	33661	1
S3115107	18	Port Input	15	533020	33662	1
S3115107	18	Port Input	14	533020	33662	1
S3115107	18	Port Input	15	533020	33662	1
S3115107	18	Port Input	14	533020	33662	1
S3115107	18	Port Input	15	533020	33662	1
S3115107	18	Port Input	14	533021	33662	1
S3115107	18	Port Input	15	533021	33663	1
S3115107	18	Port Input	14	533021	33663	1
S3115107	18	Port Input	15	533022	33663	1
S3115107	18	Port Input	14	533022	33663	1
S3115107	18	Port Input	15	533022	33664	1
S3115107	18	Port Input	14	533023	33664	1
S3115107	18	Port Input	15	533023	33664	1
S3115107	18	Port Input	14	533023	33664	1
S3115107	18	Port Input	15	533024	33666	1
S3115107	18	Port Input	14	533025	33666	1
S3115107	18	Port Input	15	533025	33666	1
S3115107	18	Port Input	14	533025	33667	1
S3115107	18	Port Input	15	533025	33667	1
S3115107	18	Port Input	14	533027	33668	1
S3115107	18	Port Input	15	533028	33669	1
S3115107	18	Port Input	14	533028	33669	1
S3115107	18	Port Input	15	533029	33671	1
S3115107	18	Port Input	14	533029	33671	1
S3115107	18	Port Input	15	533029	33671	1
S3115107	18	Port Input	14	533036	33678	1
S3115107	18	Port Input	15	533036	33678	1
S3115107	18	Port Input	14	533037	33678	1
S3115107	18	Port Input	15	533037	33678	1
S3115107	18	Port Input	14	533037	33679	1
S3115107	18	Port Input	15	533038	33679	1
S3115107	19	Picture	20	533038	0	1	32707	1	0	next	hit	264
S3115107	19	Port Input	14	533040	2	1
S3115107	19	Port Input	15	533040	2	1
S3115107	19	Port Input	14	533042	4	1
S3115107	19	Port Input	15	533042	4	1
S3115107	19	Port Input	14	533042	5	1
S3115107	19	Port Input	15	533043	5	1
S3115107	19	Port Input	14	533043	5	1
S3115107	19	Port Input	15	533043	5	1
S3115107	19	Port Input	14	533043	6	1
S3115107	19	Port Input	15	533043	6	1
S3115107	19	Port Input	14	533044	6	1
S3115107	19	Port Input	15	533044	6	1
S3115107	19	Port Input	14	533044	6	1
S3115107	19	Port Input	15	533044	6	1
S3115107	19	Port Input	14	533044	6	1
S3115107	19	Port Input	15	533044	7	1
S3115107	19	Port Input	14	533044	7	1
S3115107	19	Port Input	15	533045	7	1
S3115107	19	Port Input	14	533045	7	1
S3115107	19	Port Input	15	533045	7	1
S3115107	19	Port Input	14	533045	7	1
S3115107	19	Port Input	15	533048	10	1
S3115107	19	Port Input	14	533048	10	1
S3115107	19	Port Input	15	533049	11	1
S3115107	19	Port Input	14	533049	11	1
S3115107	19	Port Input	15	533050	12	1
S3115107	19	Port Input	14	533050	12	1
S3115107	19	Port Input	15	533051	14	1
S3115107	19	Port Input	14	533052	14	1
S3115107	19	Port Input	15	533052	14	1
S3115107	19	Port Input	14	533052	14	1
S3115107	19	Port Input	15	533052	14	1
S3115107	19	Port Input	14	533052	14	1
S3115107	19	Port Input	15	533052	15	1
S3115107	19	Port Input	14	533052	15	1
S3115107	19	Port Input	15	533054	17	1
S3115107	19	Port Input	14	533054	17	1
S3115107	19	Port Input	15	533055	18	1
S3115107	19	Port Input	14	533055	18	1
S3115107	19	Port Input	15	533057	19	1
S3115107	19	Port Input	14	533057	19	1
S3115107	19	Port Input	15	533057	19	1
S3115107	19	Port Input	14	533057	19	1
S3115107	19	Port Input	15	533057	19	1
S3115107	19	Port Input	14	533057	19	1
S3115107	19	Port Input	15	533058	20	1
S3115107	19	Port Input	14	533058	20	1
S3115107	19	Port Input	15	533058	21	1
S3115107	19	Port Input	14	533059	21	1
S3115107	19	Port Input	15	533060	22	1
S3115107	19	Port Input	14	533060	22	1
S3115107	19	Port Input	15	533060	23	1
S3115107	19	Port Input	14	533060	23	1
S3115107	19	Port Input	15	533070	32	1
S3115107	19	Port Input	14	533070	32	1
S3115107	19	Port Input	15	533072	34	1
S3115107	19	Port Input	14	533072	34	1
S3115107	19	Port Input	15	533073	35	1
S3115107	19	Port Input	14	533073	35	1
S3115107	19	Port Input	15	533075	37	1
S3115107	19	Port Input	14	533075	37	1
S3115107	19	Port Input	15	533075	37	1
S3115107	19	Port Input	14	533075	37	1
S3115107	19	Port Input	15	533075	37	1
S3115107	19	Port Input	14	533075	37	1
S3115107	19	Port Input	15	533075	38	1
S3115107	19	Port Input	14	533075	38	1
S3115107	19	Port Input	15	533076	38	1
S3115107	19	Port Input	14	533076	38	1
S3115107	19	Port Input	15	533076	38	1
S3115107	19	Port Input	14	533076	38	1
S3115107	19	Port Input	15	541867	8829	1
S3115107	19	Port Input	14	565726	32688	1
S3115107	19	Response	22	565726	32688	1
S3115107	19	Port Input	15	565737	32699	1
S3115107	19	Port Input	14	565737	32699	1
S3115107	19	Port Input	15	565738	32700	1
S3115107	19	Port Input	14	565738	32700	1
S3115107	19	Port Input	15	565738	32701	1
S3115107	19	Port Input	14	565739	32701	1
S3115107	19	Port Input	15	565739	32701	1
S3115107	19	Port Input	14	565740	32703	1
S3115107	19	Port Input	15	565741	32703	1
S3115107	20	Picture	20	565745	0	1	34027	1	0	next	hit	302
S3115107	20	Port Input	14	565748	3	1
S3115107	20	Port Input	15	565748	3	1
S3115107	20	Port Input	14	565748	3	1
S3115107	20	Port Input	15	565751	6	1
S3115107	20	Port Input	14	565751	6	1
S3115107	20	Port Input	15	565751	6	1
S3115107	20	Port Input	14	565751	6	1
S3115107	20	Port Input	15	565751	6	1
S3115107	20	Port Input	14	565751	6	1
S3115107	20	Port Input	15	565757	12	1
S3115107	20	Port Input	14	565757	12	1
S3115107	20	Port Input	15	565763	18	1
S3115107	20	Port Input	14	565763	18	1
S3115107	20	Port Input	15	565765	20	1
S3115107	20	Port Input	14	565765	20	1
S3115107	20	Port Input	15	565769	24	1
S3115107	20	Port Input	14	565770	24	1
S3115107	20	Port Input	15	565774	29	1
S3115107	20	Port Input	14	565774	29	1
S3115107	20	Port Input	15	565774	29	1
S3115107	20	Port Input	14	565774	29	1
S3115107	20	Port Input	15	574365	8620	1
S3115107	20	Port Input	14	574365	8620	1
S3115107	20	Port Input	15	574365	8620	1
S3115107	20	Port Input	14	574365	8620	1
S3115107	20	Port Input	15	574365	8620	1
S3115107	20	Port Input	14	599751	34006	1
S3115107	20	Response	22	599751	34006	1
S3115107	21	Picture	20	599772	0	1	31110	1	0	next	hit	308
S3115107	21	Port Input	15	608527	8756	1
S3115107	21	Port Input	14	608527	8756	1
S3115107	21	Port Input	15	608528	8756	1
S3115107	21	Port Input	14	630827	31056	1
S3115107	21	Response	22	630827	31056	1
S3115107	21	Port Input	15	630828	31056	1
S3115107	21	Port Input	14	630828	31056	1
S3115107	22	Picture	20	630882	0	1	28124	1	0	next	hit	320
S3115107	22	Port Input	15	639583	8701	1
S3115107	22	Port Input	14	639583	8701	1
S3115107	22	Port Input	15	639584	8702	1
S3115107	22	Port Input	14	639584	8702	1
S3115107	22	Port Input	15	639584	8703	1
S3115107	22	Port Input	14	639585	8703	1
S3115107	22	Port Input	15	639585	8703	1
S3115107	22	Port Input	14	658975	28093	1
S3115107	22	Response	22	658975	28093	1
S3115107	23	Picture	20	659006	0	1	28263	1	0	next	hit	344
S3115107	23	Port Input	15	669201	10195	1
S3115107	23	Port Input	14	669201	10195	1
S3115107	23	Port Input	15	669202	10196	1
S3115107	23	Port Input	14	669202	10196	1
S3115107	23	Port Input	15	669202	10196	1
S3115107	23	Port Input	14	669202	10196	1
S3115107	23	Port Input	15	669202	10196	1
S3115107	23	Port Input	14	669202	10196	1
S3115107	23	Port Input	15	669203	10197	1
S3115107	23	Port Input	14	669203	10197	1
S3115107	23	Port Input	15	669203	10197	1
S3115107	23	Port Input	14	669203	10197	1
S3115107	23	Port Input	15	669203	10197	1
S3115107	23	Port Input	14	669203	10197	1
S3115107	23	Port Input	15	669203	10197	1
S3115107	23	Port Input	14	669203	10197	1
S3115107	23	Port Input	15	669205	10199	1
S3115107	23	Port Input	14	669205	10199	1
S3115107	23	Port Input	15	669206	10200	1
S3115107	23	Port Input	14	669206	10200	1
S3115107	23	Port Input	15	669206	10200	1
S3115107	23	Port Input	14	687248	28242	1
S3115107	23	Response	22	687248	28242	1
S3115107	23	Port Input	15	687248	28242	1
S3115107	23	Port Input	14	687249	28244	5
S3115107	23	Port Input	15	687255	28249	1
S3115107	23	Port Input	14	687255	28249	1
S3115107	23	Port Input	15	687259	28253	1
S3115107	23	Port Input	14	687259	28253	1
S3115107	24	Picture	20	687269	0	1	30346	1	0	next	hit	372
S3115107	24	Port Input	15	698083	10814	1
S3115107	24	Port Input	14	698083	10814	1
S3115107	24	Port Input	15	698084	10815	1
S3115107	24	Port Input	14	698084	10815	1
S3115107	24	Port Input	15	698084	10816	1
S3115107	24	Port Input	14	698085	10816	1
S3115107	24	Port Input	15	698085	10816	1
S3115107	24	Port Input	14	698085	10816	1
S3115107	24	Port Input	15	698085	10816	1
S3115107	24	Port Input	14	698085	10816	1
S3115107	24	Port Input	15	698086	10818	1
S3115107	24	Port Input	14	698086	10818	1
S3115107	24	Port Input	15	698087	10818	1
S3115107	24	Port Input	14	698087	10818	1
S3115107	24	Port Input	15	698087	10818	1
S3115107	24	Port Input	14	698087	10818	1
S3115107	24	Port Input	15	698087	10818	1
S3115107	24	Port Input	14	698087	10818	1
S3115107	24	Port Input	15	698088	10819	1
S3115107	24	Port Input	14	717550	30281	1
S3115107	24	Response	22	717550	30281	1
S3115107	24	Port Input	15	717550	30281	1
S3115107	24	Port Input	14	717554	30285	1
S3115107	25	Picture	20	717615	0	1	31318	1	0	next	hit	390
S3115107	25	Port Input	15	725919	8304	1
S3115107	25	Port Input	14	725919	8304	1
S3115107	25	Port Input	15	725920	8305	1
S3115107	25	Port Input	14	725920	8305	1
S3115107	25	Port Input	15	725921	8305	1
S3115107	25	Port Input	14	725921	8305	1
S3115107	25	Port Input	15	725921	8306	1
S3115107	25	Port Input	14	725921	8306	1
S3115107	25	Port Input	15	725922	8307	1
S3115107	25	Port Input	14	725922	8307	1
S3115107	25	Port Input	15	725922	8307	1
S3115107	25	Port Input	14	725922	8307	1
S3115107	25	Port Input	15	725922	8307	1
S3115107	25	Port Input	14	748869	31253	1
S3115107	25	Response	22	748869	31253	1
S3115107	25	Port Input	15	748874	31259	1
S3115107	25	Port Input	14	748874	31259	1
S3115107	25	Port Input	15	748875	31260	1
S3115107	25	Port Input	14	748875	31260	1
S3115107	25	Port Input	15	748876	31261	1
S3115107	25	Port Input	14	748876	31261	1
S3115107	25	Port Input	15	748876	31261	1
S3115107	25	Port Input	14	748876	31261	1
S3115107	25	Port Input	15	748876	31261	1
S3115107	25	Port Input	14	748876	31261	1
S3115107	25	Port Input	15	748882	31267	1
S3115107	25	Port Input	14	748882	31267	1
S3115107	25	Port Input	15	748883	31267	1
S3115107	25	Port Input	14	748883	31268	1
S3115107	26	Picture	20	748933	0	1	30971	1	0	next	hit	418
S3115107	26	Port Input	15	754990	6057	1
S3115107	26	Port Input	14	754990	6057	1
S3115107	26	Port Input	15	754992	6059	1
S3115107	26	Port Input	14	754992	6059	1
S3115107	26	Port Input	15	754992	6059	1
S3115107	26	Port Input	14	754992	6059	1
S3115107	26	Port Input	15	754993	6059	1
S3115107	26	Port Input	14	754993	6059	1
S3115107	26	Port Input	15	754993	6059	1
S3115107	26	Port Input	14	754993	6059	1
S3115107	26	Port Input	15	754993	6060	1
S3115107	26	Port Input	14	779890	30957	1
S3115107	26	Response	22	779890	30957	1
S3115107	26	Port Input	15	779891	30957	1
S3115107	26	Port Input	14	779891	30958	3
S3115107	26	Port Input	15	779898	30964	1
S3115107	26	Port Input	14	779898	30964	1
S3115107	26	Port Input	15	779900	30967	1
S3115107	26	Port Input	14	779900	30967	1
S3115107	27	Picture	20	779905	0	1	29305	1	0	next	hit	436
S3115107	27	Port Input	15	779909	5	1
S3115107	27	Port Input	14	779909	5	1
S3115107	27	Port Input	15	783114	3209	1
S3115107	27	Port Input	14	783114	3209	1
S3115107	27	Port Input	15	783114	3210	1
S3115107	27	Port Input	14	783114	3210	1
S3115107	27	Port Input	15	783115	3210	1
S3115107	27	Port Input	14	783115	3210	1
S3115107	27	Port Input	15	783115	3210	1
S3115107	27	Port Input	14	809169	29264	1
S3115107	27	Response	22	809169	29264	1
S3115107	28	Picture	20	809209	0	1	30346	1	0	next	hit	442
S3115107	28	Port Input	15	812879	3669	1
S3115107	28	Port Input	14	812879	3669	1
S3115107	28	Port Input	15	812879	3670	1
S3115107	28	Port Input	14	839542	30333	1
S3115107	28	Response	22	839542	30333	1
S3115107	29	Picture	20	839555	0	1	29791	1	0	next	hit	446
S3115107	29	Port Input	15	842361	2805	1
S3115107	29	Port Input	14	869313	29758	1
S3115107	29	Response	22	869313	29758	1
S3115107	29	Port Input	15	869313	29758	1
S3115107	29	Port Input	14	869314	29758	1
S3115107	30	Picture	20	869346	0	1	28819	1	0	next	hit	454
S3115107	30	Port Input	15	872808	3462	1
S3115107	30	Port Input	14	872808	3462	1
S3115107	30	Port Input	15	872808	3462	1
S3115107	30	Port Input	14	898137	28791	1
S3115107	30	Response	22	898137	28791	1
S3115107	30	Port Input	15	898138	28792	1
S3115107	30	Port Input	14	898139	28792	4
S3115107	31	Picture	20	898165	0	1	32638	1	0	next	hit	468
S3115107	31	Port Input	15	902759	4594	1
S3115107	31	Port Input	14	902759	4594	1
S3115107	31	Port Input	15	902759	4594	1
S3115107	31	Port Input	14	902759	4594	1
S3115107	31	Port Input	15	902759	4595	1
S3115107	31	Port Input	14	902759	4595	1
S3115107	31	Port Input	15	902760	4595	1
S3115107	31	Port Input	14	902760	4595	1
S3115107	31	Port Input	15	902760	4595	1
S3115107	31	Port Input	14	930735	32571	1
S3115107	31	Response	22	930735	32571	1
S3115107	31	Port Input	15	930736	32571	1
S3115107	31	Port Input	14	930736	32571	1
S3115107	32	Picture	20	930802	0	1	31318	1	0	next	hit	474
S3115107	32	Port Input	15	934990	4187	1
S3115107	32	Port Input	14	962071	31269	1
S3115107	32	Response	22	962071	31269	1
S3115107	33	Picture	20	962121	0	1	30416	1	0	next	hit	480
S3115107	33	Port Input	15	966120	4000	1
S3115107	33	Port Input	14	966120	4000	1
S3115107	33	Port Input	15	966121	4000	1
S3115107	33	Port Input	14	992501	30380	1
S3115107	33	Response	22	992501	30380	1
S3115107	33	Port Input	15	992501	30380	1
S3115107	33	Port Input	14	992501	30380	1
S3115107	34	Picture	20	992537	0	1	32013	1	0	next	hit	486
S3115107	34	Port Input	15	996723	4187	1
S3115107	34	Port Input	14	1024523	31987	1
S3115107	34	Response	22	1024523	31987	1
S3115107	35	Picture	20	1024549	0	1	28124	1	0	next	hit	492
S3115107	35	Port Input	15	1027784	3235	1
S3115107	35	Port Input	14	1027784	3235	1
S3115107	35	Port Input	15	1027785	3235	1
S3115107	35	Port Input	14	1052615	28065	1
S3115107	35	Response	22	1052615	28065	1
S3115107	36	Picture	20	1052674	0	1	31180	1	0	next	hit	496
S3115107	36	Port Input	15	1057070	4397	1
S3115107	36	Port Input	14	1083807	31133	1
S3115107	36	Response	22	1083807	31133	1
S3115107	36	Port Input	15	1083807	31133	1
S3115107	36	Port Input	14	1083807	31133	1
S3115107	37	Picture	20	1083853	0	1	26735	1	0	next	hit	502
S3115107	37	Port Input	15	1087987	4134	1
S3115107	37	Port Input	14	1110528	26675	1
S3115107	37	Response	22	1110528	26675	1
S3115107	38	Picture	20	1110588	0	1	28888	1	0	next	hit	506
S3115107	38	Port Input	15	1115037	4449	1
S3115107	38	Port Input	14	1139433	28845	1
S3115107	38	Response	22	1139433	28845	1
S3115107	39	Picture	20	1139476	0	1	30068	1	0	next	hit	510
S3115107	39	Port Input	15	1143470	3994	1
S3115107	39	Port Input	14	1169528	30052	1
S3115107	39	Response	22	1169528	30052	1
S3115107	40	Picture	20	1169545	0	1	29096	1	0	next	hit	514
S3115107	40	Port Input	15	1173216	3671	1
S3115107	40	Port Input	14	1198570	29025	1
S3115107	40	Response	22	1198570	29025	1
S3115107	41	Picture	20	1198641	0	1	27569	1	0	next	hit	518
S3115107	41	Port Input	15	1202537	3896	1
S3115107	41	Port Input	14	1226152	27512	1
S3115107	41	Response	22	1226152	27512	1
S3115107	42	Picture	20	1226209	0	1	27082	1	0	next	hit	522
S3115107	42	Port Input	15	1229210	3001	1
S3115107	42	Port Input	14	1253242	27032	1
S3115107	42	Response	22	1253242	27032	1
S3115107	42	Port Input	15	1253242	27033	1
S3115107	42	Port Input	14	1253242	27033	1
S3115107	43	Picture	20	1253292	0	1	29791	1	0	next	hit	528
S3115107	43	Port Input	15	1256697	3405	1
S3115107	43	Port Input	14	1283040	29748	1
S3115107	43	Response	22	1283040	29748	1
S3115107	44	Picture	20	1283083	0	1	25416	1	0	next	hit	532
S3115107	44	Port Input	15	1286283	3201	1
S3115107	44	Port Input	14	1308443	25360	1
S3115107	44	Response	22	1308443	25360	1
S3115107	44	Port Input	15	1308443	25360	1
S3115107	44	Port Input	14	1308443	25361	1
S3115107	45	Picture	20	1308498	0	1	26319	1	0	next	hit	538
S3115107	45	Port Input	15	1311598	3100	1
S3115107	45	Port Input	14	1334780	26282	1
S3115107	45	Response	22	1334780	26282	1
S3115107	46	Picture	20	1334817	0	1	26457	1	0	next	hit	550
S3115107	46	Port Input	15	1339061	4244	1
S3115107	46	Port Input	14	1339061	4244	1
S3115107	46	Port Input	15	1339062	4244	1
S3115107	46	Port Input	14	1339062	4245	1
S3115107	46	Port Input	15	1339062	4245	1
S3115107	46	Port Input	14	1339062	4245	1
S3115107	46	Port Input	15	1339062	4245	1
S3115107	46	Port Input	14	1339062	4245	1
S3115107	46	Port Input	15	1339062	4245	1
S3115107	46	Port Input	14	1361216	26399	1
S3115107	46	Response	22	1361216	26399	1
S3115107	46	Port Input	15	1361216	26399	1
S3115107	46	Port Input	14	1361216	26399	1
S3115107	47	Picture	20	1361274	0	1	28471	1	0	next	hit	556
S3115107	47	Port Input	15	1364867	3593	1
S3115107	47	Port Input	14	1389682	28408	1
S3115107	47	Response	22	1389682	28408	1
S3115107	48	Picture	20	1389746	0	1	29860	1	0	next	hit	562
S3115107	48	Port Input	15	1393044	3299	1
S3115107	48	Port Input	14	1393044	3299	1
S3115107	48	Port Input	15	1393045	3299	1
S3115107	48	Port Input	14	1419532	29787	1
S3115107	48	Response	22	1419532	29787	1
S3115107	49	Picture	20	1419606	0	1	30068	1	0	next	hit	566
S3115107	49	Port Input	15	1423597	3991	1
S3115107	49	Port Input	14	1449657	30051	1
S3115107	49	Response	22	1449657	30051	1
S3115107	49	Port Input	15	1449657	30051	1
S3115107	49	Port Input	14	1449657	30051	1
S3115107	50	Picture	20	1449674	0	1	30555	1	0	next	hit	578
S3115107	50	Port Input	15	1453836	4161	1
S3115107	50	Port Input	14	1453836	4161	1
S3115107	50	Port Input	15	1453836	4161	1
S3115107	50	Port Input	14	1453836	4161	1
S3115107	50	Port Input	15	1453836	4161	1
S3115107	50	Port Input	14	1453836	4162	1
S3115107	50	Port Input	15	1453836	4162	1
S3115107	50	Port Input	14	1480219	30545	1
S3115107	50	Response	22	1480219	30545	1
S3115107	51	Picture	20	1480229	0	1	28402	1	0	next	hit	582
S3115107	51	Port Input	15	1484342	4113	1
S3115107	51	Port Input	14	1508605	28376	1
S3115107	51	Response	22	1508605	28376	1
S3115107	52	Picture	20	1508631	0	1	28263	1	0	next	hit	586
S3115107	52	Port Input	15	1513132	4501	1
S3115107	52	Port Input	14	1536826	28195	1
S3115107	52	Response	22	1536826	28195	1
S3115107	52	Port Input	15	1536826	28196	1
S3115107	52	Port Input	14	1536827	28196	5
S3115107	53	Picture	20	1536894	0	1	28680	1	0	next	hit	600
S3115107	53	Port Input	15	1540653	3760	1
S3115107	53	Port Input	14	1540653	3760	1
S3115107	53	Port Input	15	1540654	3761	1
S3115107	53	Port Input	14	1540654	3761	1
S3115107	53	Port Input	15	1540656	3763	1
S3115107	53	Port Input	14	1540656	3763	1
S3115107	53	Port Input	15	1540657	3763	1
S3115107	53	Port Input	14	1540657	3764	1
S3115107	53	Port Input	15	1540658	3764	1
S3115107	53	Port Input	14	1565502	28608	1
S3115107	53	Response	22	1565502	28608	1
S3115107	53	Port Input	15	1565502	28608	1
S3115107	53	Port Input	14	1565502	28608	1
S3115107	54	Picture	20	1565573	0	1	29860	1	0	next	hit	608
S3115107	54	Port Input	15	1569973	4399	1
S3115107	54	Port Input	14	1569973	4399	1
S3115107	54	Port Input	15	1569973	4400	1
S3115107	54	Port Input	14	1595388	29814	1
S3115107	54	Response	22	1595388	29814	1
S3115107	55	Picture	20	1595433	0	1	26735	1	0	next	hit	612
S3115107	55	Port Input	15	1598888	3455	1
S3115107	55	Port Input	14	1622142	26708	1
S3115107	55	Response	22	1622142	26708	1
S3115107	56	Picture	20	1622169	0	1	25763	1	0	next	hit	616
S3115107	56	Port Input	15	1625912	3743	1
S3115107	56	Port Input	14	1647886	25717	1
S3115107	56	Response	22	1647886	25717	1
S3115107	57	Picture	20	1647932	0	1	26110	1	0	next	hit	620
S3115107	57	Port Input	15	1651721	3790	1
S3115107	57	Port Input	14	1674003	26072	1
S3115107	57	Response	22	1674003	26072	1
S3115107	58	Picture	20	1674042	0	1	27777	1	0	next	hit	624
S3115107	58	Port Input	15	1678001	3959	1
S3115107	58	Port Input	14	1701755	27713	1
S3115107	58	Response	22	1701755	27713	1
S3115107	59	Picture	20	1701819	0	1	26110	1	0	next	hit	628
S3115107	59	Port Input	15	1705240	3421	1
S3115107	59	Port Input	14	1727878	26059	1
S3115107	59	Response	22	1727878	26059	1
S3115107	60	Picture	20	1727929	0	1	25346	1	0	next	hit	632
S3115107	60	Port Input	15	1731461	3532	1
S3115107	60	Port Input	14	1753246	25317	1
S3115107	60	Response	22	1753246	25317	1
S3115107	60	Port Input	15	1753247	25317	1
S3115107	60	Port Input	14	1753247	25318	1
S3115107	61	Picture	20	1753275	0	1	25902	1	0	next	hit	638
S3115107	61	Port Input	15	1756704	3428	1
S3115107	61	Port Input	14	1779130	25855	1
S3115107	61	Response	22	1779130	25855	1
S3115107	62	Picture	20	1779177	0	1	26249	1	0	next	hit	642
S3115107	62	Port Input	15	1782916	3738	1
S3115107	62	Port Input	14	1805376	26199	1
S3115107	62	Response	22	1805376	26199	1
S3115107	63	Picture	20	1805427	0	1	27985	1	0	next	hit	646
S3115107	63	Port Input	15	1808696	3269	1
S3115107	63	Port Input	14	1833340	27914	1
S3115107	63	Response	22	1833340	27914	1
S3115107	64	Picture	20	1833412	0	1	27777	1	0	next	hit	650
S3115107	64	Port Input	15	1837264	3852	1
S3115107	64	Port Input	14	1861159	27748	1
S3115107	64	Response	22	1861159	27748	1
S3115107	65	Picture	20	1861189	0	1	25485	1	0	next	hit	656
S3115107	65	Port Input	15	1864865	3676	1
S3115107	65	Port Input	14	1864865	3676	1
S3115107	65	Port Input	15	1864865	3676	1
S3115107	65	Port Input	14	1886657	25468	1
S3115107	65	Response	22	1886657	25468	1
S3115107	66	Picture	20	1886674	0	1	27916	1	0	next	hit	660
S3115107	66	Port Input	15	1890187	3513	1
S3115107	66	Port Input	14	1914577	27903	1
S3115107	66	Response	22	1914577	27903	1
S3115107	66	Port Input	15	1914577	27903	1
S3115107	66	Port Input	14	1914577	27903	2
S3115107	67	Picture	20	1914590	0	1	26319	1	0	next	hit	670
S3115107	67	Port Input	15	1918465	3876	1
S3115107	67	Port Input	14	1918465	3876	1
S3115107	67	Port Input	15	1918466	3876	1
S3115107	67	Port Input	14	1918466	3876	1
S3115107	67	Port Input	15	1918466	3876	1
S3115107	67	Port Input	14	1940883	26293	1
S3115107	67	Response	22	1940883	26293	1
S3115107	67	Port Input	15	1940883	26293	1
S3115107	67	Port Input	14	1940883	26293	1
S3115107	68	Picture	20	1940908	0	1	34304	1	0	next	hit	676
S3115107	68	Port Input	15	1944961	4053	1
S3115107	68	Port Input	14	1975181	34273	1
S3115107	68	Response	22	1975181	34273	1
S3115107	69	Picture	20	1975213	0	1	30207	1	0	next	hit	680
S3115107	69	Port Input	15	1980024	4812	1
S3115107	69	Port Input	14	2005372	30159	1
S3115107	69	Response	22	2005372	30159	1
S3115107	69	Port Input	15	2005372	30159	1
S3115107	69	Port Input	14	2005372	30160	1
S3115107	69	Port Input	15	2005372	30160	1
S3115107	69	Port Input	14	2005372	30160	1
S3115107	70	Picture	20	2005420	0	1	30832	1	0	next	hit	688
S3115107	70	Port Input	15	2009589	4169	1
S3115107	70	Port Input	14	2036198	30778	1
S3115107	70	Response	22	2036198	30778	1
S3115107	71	Picture	20	2036252	0	1	30555	1	0	next	hit	692
S3115107	71	Port Input	15	2041893	5641	1
S3115107	71	Port Input	14	2066795	30542	1
S3115107	71	Response	22	2066795	30542	1
S3115107	72	Picture	20	2066807	0	1	30416	1	0	next	hit	696
S3115107	72	Port Input	15	2071442	4636	1
S3115107	72	Port Input	14	2097208	30401	1
S3115107	72	Response	22	2097208	30401	1
S3115107	72	Port Input	15	2097208	30401	1
S3115107	72	Port Input	14	2097208	30401	1
S3115107	73	Picture	20	2097223	0	1	28332	1	0	next	hit	702
S3115107	73	Port Input	15	2101221	3998	1
S3115107	73	Port Input	14	2125532	28309	1
S3115107	73	Response	22	2125532	28309	1
S3115107	74	Picture	20	2125555	0	1	28471	1	0	next	hit	708
S3115107	74	Port Input	15	2129308	3753	1
S3115107	74	Port Input	14	2129308	3753	1
S3115107	74	Port Input	15	2129308	3753	1
S3115107	74	Port Input	14	2154003	28448	1
S3115107	74	Response	22	2154003	28448	1
S3115107	75	Picture	20	2154026	0	1	27638	1	0	next	hit	714
S3115107	75	Port Input	15	2157302	3275	1
S3115107	75	Port Input	14	2157302	3275	1
S3115107	75	Port Input	15	2157302	3276	1
S3115107	75	Port Input	14	2181608	27582	1
S3115107	75	Response	22	2181608	27582	1
S3115107	75	Port Input	15	2181608	27582	1
S3115107	75	Port Input	14	2181608	27582	1
S3115107	75	Port Input	15	2181609	27582	1
S3115107	75	Port Input	14	2181609	27583	5
S3115107	76	Picture	20	2181664	0	1	25485	1	0	next	hit	726
S3115107	76	Port Input	15	2186301	4637	1
S3115107	76	Port Input	14	2186301	4637	1
S3115107	76	Port Input	15	2186301	4637	1
S3115107	76	Port Input	14	2186301	4637	1
S3115107	76	Port Input	15	2186302	4637	1
S3115107	76	Port Input	14	2207081	25417	1
S3115107	76	Response	22	2207081	25417	1
S3115107	76	Port Input	15	2207081	25417	1
S3115107	76	Port Input	14	2207081	25417	1
S3115107	77	Picture	20	2207149	0	1	27638	1	0	next	hit	738
S3115107	77	Port Input	15	2211431	4282	1
S3115107	77	Port Input	14	2211431	4282	1
S3115107	77	Port Input	15	2211431	4282	1
S3115107	77	Port Input	14	2211431	4282	1
S3115107	77	Port Input	15	2211432	4282	1
S3115107	77	Port Input	14	2211432	4282	1
S3115107	77	Port Input	15	2211432	4282	1
S3115107	77	Port Input	14	2234734	27584	1
S3115107	77	Response	22	2234734	27584	1
S3115107	78	Picture	20	2234787	0	1	28194	1	0	next	hit	742
S3115107	78	Port Input	15	2237378	2591	1
S3115107	78	Port Input	14	2262944	28157	1
S3115107	78	Response	22	2262944	28157	1
S3115107	78	Port Input	15	2262944	28157	1
S3115107	78	Port Input	14	2262955	28168	1
S3115107	79	Picture	20	2262981	0	1	27360	1	0	next	hit	748
S3115107	79	Port Input	15	2266335	3354	1
S3115107	79	Port Input	14	2290321	27340	1
S3115107	79	Response	22	2290321	27340	1
S3115107	80	Picture	20	2290341	0	1	26874	1	0	next	hit	752
S3115107	80	Port Input	15	2293889	3548	1
S3115107	80	Port Input	14	2317186	26844	1
S3115107	80	Response	22	2317186	26844	1
S3115107	80	Port Input	15	2317186	26845	1
S3115107	80	Port Input	14	2317186	26845	1
S3115107	81	Picture	20	2317215	0	1	27360	1	0	next	hit	764
S3115107	81	Port Input	15	2320490	3275	1
S3115107	81	Port Input	14	2320490	3275	1
S3115107	81	Port Input	15	2320491	3275	1
S3115107	81	Port Input	14	2320491	3275	1
S3115107	81	Port Input	15	2320491	3275	1
S3115107	81	Port Input	14	2320491	3275	1
S3115107	81	Port Input	15	2320491	3276	1
S3115107	81	Port Input	14	2344549	27334	1
S3115107	81	Response	22	2344549	27334	1
S3115107	82	Picture	20	2344576	0	1	28055	1	0	next	hit	770
S3115107	82	Port Input	15	2348653	4078	1
S3115107	82	Port Input	14	2348653	4078	1
S3115107	82	Port Input	15	2348654	4078	1
S3115107	82	Port Input	14	2372572	27996	1
S3115107	82	Response	22	2372572	27996	1
S3115107	83	Picture	20	2372630	0	1	24235	1	0	next	hit	776
S3115107	83	Port Input	15	2376196	3566	1
S3115107	83	Port Input	14	2376197	3566	1
S3115107	83	Port Input	15	2376197	3567	1
S3115107	83	Port Input	14	2396793	24163	1
S3115107	83	Response	22	2396793	24163	1
S3115107	84	Picture	20	2396865	0	1	25555	1	0	next	hit	780
S3115107	84	Port Input	15	2399922	3056	1
S3115107	84	Port Input	14	2422367	25502	1
S3115107	84	Response	22	2422367	25502	1
S3115107	85	Picture	20	2422420	0	1	25624	1	0	next	hit	790
S3115107	85	Port Input	15	2425314	2894	1
S3115107	85	Port Input	14	2425314	2894	1
S3115107	85	Port Input	15	2425314	2894	1
S3115107	85	Port Input	14	2425314	2894	1
S3115107	85	Port Input	15	2425315	2894	1
S3115107	85	Port Input	14	2425315	2894	1
S3115107	85	Port Input	15	2425315	2895	1
S3115107	85	Port Input	14	2447991	25571	1
S3115107	85	Response	22	2447991	25571	1
S3115107	86	Picture	20	2448044	0	1	25208	1	0	next	hit	796
S3115107	86	Port Input	15	2451682	3638	1
S3115107	86	Port Input	14	2451682	3638	1
S3115107	86	Port Input	15	2451684	3639	1
S3115107	86	Port Input	14	2473199	25155	1
S3115107	86	Response	22	2473199	25155	1
S3115107	87	Picture	20	2473252	0	1	25694	1	0	next	hit	800
S3115107	87	Port Input	15	2476643	3391	1
S3115107	87	Port Input	14	2498937	25685	1
S3115107	87	Response	22	2498937	25685	1
S3115107	88	Picture	20	2498945	0	1	26735	1	0	next	hit	804
S3115107	88	Port Input	15	2502463	3517	1
S3115107	88	Port Input	14	2525611	26666	1
S3115107	88	Response	22	2525611	26666	1
S3115107	89	Picture	20	2525681	0	1	27430	1	0	next	hit	808
S3115107	89	Port Input	15	2528894	3213	1
S3115107	89	Port Input	14	2553044	27363	1
S3115107	89	Response	22	2553044	27363	1
S3115107	90	Picture	20	2553110	0	1	28124	1	0	next	hit	812
S3115107	90	Port Input	15	2556967	3857	1
S3115107	90	Port Input	14	2581173	28063	1
S3115107	90	Response	22	2581173	28063	1
S3115107	91	Picture	20	2581234	0	1	27291	1	0	next	hit	816
S3115107	91	Port Input	15	2584808	3574	1
S3115107	91	Port Input	14	2608511	27277	1
S3115107	91	Response	22	2608511	27277	1
S3115107	92	Picture	20	2608525	0	1	25416	1	0	next	hit	820
S3115107	92	Port Input	15	2611931	3406	1
S3115107	92	Port Input	14	2633907	25381	1
S3115107	92	Response	22	2633907	25381	1
S3115107	93	Picture	20	2633941	0	1	26110	1	0	next	hit	826
S3115107	93	Port Input	15	2636917	2976	1
S3115107	93	Port Input	14	2636917	2976	1
S3115107	93	Port Input	15	2636917	2976	1
S3115107	93	Port Input	14	2660006	26065	1
S3115107	93	Response	22	2660006	26065	1
S3115107	94	Picture	20	2660051	0	1	25971	1	0	next	hit	830
S3115107	94	Port Input	15	2663997	3946	1
S3115107	94	Port Input	14	2685969	25918	1
S3115107	94	Response	22	2685969	25918	1
S3115107	95	Picture	20	2686023	0	1	25346	1	0	next	hit	834
S3115107	95	Port Input	15	2688928	2906	1
S3115107	95	Port Input	14	2711303	25281	1
S3115107	95	Response	22	2711303	25281	1
S3115107	96	Picture	20	2711369	0	1	28055	1	0	next	hit	838
S3115107	96	Port Input	15	2713751	2382	1
S3115107	96	Port Input	14	2739408	28039	1
S3115107	96	Response	22	2739408	28039	1
S3115107	97	Picture	20	2739424	0	1	25277	1	0	next	hit	842
S3115107	97	Port Input	15	2742782	3358	1
S3115107	97	Port Input	14	2764681	25257	1
S3115107	97	Response	22	2764681	25257	1
S3115107	98	Picture	20	2764701	0	1	24999	1	0	next	hit	846
S3115107	98	Port Input	15	2767593	2892	1
S3115107	98	Port Input	14	2789658	24958	1
S3115107	98	Response	22	2789658	24958	1
S3115107	99	Picture	20	2789700	0	1	28193	1	0	next	hit	850
S3115107	99	Port Input	15	2792800	3100	1
S3115107	99	Port Input	14	2817851	28152	1
S3115107	99	Response	22	2817851	28152	1
S3115107	100	Picture	20	2817893	0	1	26805	1	0	next	hit	854
S3115107	100	Port Input	15	2822074	4180	1
S3115107	100	Port Input	14	2844690	26797	1
S3115107	100	Response	22	2844690	26797	1
S3115107	100	Port Input	15	2844690	26797	1
S3115107	100	Port Input	14	2844691	26798	4
S3115107	101	Picture	20	2844698	0	1	28680	1	0	next	hit	860
S3115107	101	Port Input	15	2848219	3521	1
S3115107	101	Port Input	14	2873352	28654	1
S3115107	101	Response	22	2873352	28654	1
S3115107	102	Picture	20	2873378	0	1	31318	1	0	next	hit	864
S3115107	102	Port Input	15	2876937	3560	1
S3115107	102	Port Input	14	2904181	30803	1
S3115107	102	Response	22	2904181	30803	1
S3115107	103	Port Input	15	2907688	3492	1
