Scenario - Push Button + tone (0ms)
Logfile written - 01/17/2024 11:45:36

Subject	Trial	Event Type	Code	Time	TTime	Uncertainty	Duration	Uncertainty	ReqTime	ReqDur	Stim Type	Pair Index

S3112581	1	Picture	start	69	0	1	40554	1	0	next	other	0
S3112581	3	Nothing	nothing	45124	0	0			0		hit	4
S3112581	3	Port Input	14	56742	11618	1
S3112581	3	Response	222	56742	11618	1
S3112581	3	Port Input	15	56742	11618	1
S3112581	3	Port Input	14	56742	11618	9
S3112581	4	Sound	20	56751	0	466			0		hit	14
S3112581	4	Port Input	15	60011	3261	1
S3112581	4	Port Input	14	60011	3261	1
S3112581	4	Port Input	15	60011	3261	1
S3112581	4	Port Input	14	60011	3261	1
S3112581	4	Port Input	15	60012	3261	1
S3112581	4	Port Input	14	67512	10761	1
S3112581	4	Response	222	67512	10761	1
S3112581	5	Sound	20	67513	0	4			0		hit	92
S3112581	5	Port Input	15	67517	4	1
S3112581	5	Port Input	14	67517	4	1
S3112581	5	Port Input	15	71639	4126	1
S3112581	5	Port Input	14	71639	4126	1
S3112581	5	Port Input	15	71646	4133	1
S3112581	5	Port Input	14	71646	4133	1
S3112581	5	Port Input	15	71646	4134	1
S3112581	5	Port Input	14	71646	4134	1
S3112581	5	Port Input	15	71664	4152	1
S3112581	5	Port Input	14	71664	4152	1
S3112581	5	Port Input	15	71666	4154	1
S3112581	5	Port Input	14	71666	4154	1
S3112581	5	Port Input	15	71668	4155	1
S3112581	5	Port Input	14	71668	4155	1
S3112581	5	Port Input	15	71668	4155	1
S3112581	5	Port Input	14	71668	4155	1
S3112581	5	Port Input	15	71669	4157	1
S3112581	5	Port Input	14	71669	4157	1
S3112581	5	Port Input	15	71675	4162	1
S3112581	5	Port Input	14	71675	4162	1
S3112581	5	Port Input	15	71676	4163	1
S3112581	5	Port Input	14	71676	4164	1
S3112581	5	Port Input	15	71677	4164	1
S3112581	5	Port Input	14	71677	4164	1
S3112581	5	Port Input	15	71681	4168	1
S3112581	5	Port Input	14	71681	4168	1
S3112581	5	Port Input	15	71686	4174	1
S3112581	5	Port Input	14	71686	4174	1
S3112581	5	Port Input	15	71687	4175	1
S3112581	5	Port Input	14	71687	4175	1
S3112581	5	Port Input	15	71688	4175	1
S3112581	5	Port Input	14	71688	4175	1
S3112581	5	Port Input	15	71690	4177	1
S3112581	5	Port Input	14	71690	4177	1
S3112581	5	Port Input	15	71690	4177	1
S3112581	5	Port Input	14	71690	4177	1
S3112581	5	Port Input	15	71691	4179	1
S3112581	5	Port Input	14	71691	4179	1
S3112581	5	Port Input	15	71697	4184	1
S3112581	5	Port Input	14	71697	4184	1
S3112581	5	Port Input	15	71697	4185	1
S3112581	5	Port Input	14	71697	4185	1
S3112581	5	Port Input	15	71697	4185	1
S3112581	5	Port Input	14	71697	4185	1
S3112581	5	Port Input	15	71698	4186	1
S3112581	5	Port Input	14	71698	4186	1
S3112581	5	Port Input	15	71723	4210	1
S3112581	5	Port Input	14	71723	4211	1
S3112581	5	Port Input	15	71748	4236	1
S3112581	5	Port Input	14	71748	4236	1
S3112581	5	Port Input	15	71749	4236	1
S3112581	5	Port Input	14	71749	4236	1
S3112581	5	Port Input	15	71749	4237	1
S3112581	5	Port Input	14	71749	4237	1
S3112581	5	Port Input	15	71749	4237	1
S3112581	5	Port Input	14	71749	4237	1
S3112581	5	Port Input	15	71750	4238	1
S3112581	5	Port Input	14	71750	4238	1
S3112581	5	Port Input	15	72017	4504	1
S3112581	5	Port Input	14	72017	4504	1
S3112581	5	Port Input	15	72017	4504	1
S3112581	5	Port Input	14	72017	4504	1
S3112581	5	Port Input	15	72017	4504	1
S3112581	5	Port Input	14	72017	4504	1
S3112581	5	Port Input	15	72017	4504	1
S3112581	5	Port Input	14	72017	4505	1
S3112581	5	Port Input	15	72018	4505	1
S3112581	5	Port Input	14	72018	4505	1
S3112581	5	Port Input	15	72018	4505	1
S3112581	5	Port Input	14	72018	4505	1
S3112581	5	Port Input	15	72019	4506	1
S3112581	5	Port Input	14	72019	4507	1
S3112581	5	Port Input	15	72019	4507	1
S3112581	5	Port Input	14	72019	4507	1
S3112581	5	Port Input	15	72020	4507	1
S3112581	5	Port Input	14	83521	16008	1
S3112581	5	Response	222	83521	16008	1
S3112581	5	Port Input	15	83521	16008	1
S3112581	5	Port Input	14	83521	16009	1
S3112581	6	Sound	20	83522	0	4			0		hit	104
S3112581	6	Port Input	15	83526	4	1
S3112581	6	Port Input	14	83526	4	1
S3112581	6	Port Input	15	83527	5	1
S3112581	6	Port Input	14	83527	5	1
S3112581	6	Port Input	15	87704	4182	1
S3112581	6	Port Input	14	87704	4182	1
S3112581	6	Port Input	15	87704	4183	1
S3112581	6	Port Input	14	96624	13103	1
S3112581	6	Response	222	96624	13103	1
S3112581	7	Sound	20	96625	0	4			0		hit	108
S3112581	7	Port Input	15	101094	4469	1
S3112581	7	Port Input	14	111024	14399	1
S3112581	7	Response	222	111024	14399	1
S3112581	8	Sound	20	111025	0	4			0		hit	114
S3112581	8	Port Input	15	115400	4375	1
S3112581	8	Port Input	14	115400	4375	1
S3112581	8	Port Input	15	115400	4375	1
S3112581	8	Port Input	14	125390	14366	1
S3112581	8	Response	222	125390	14366	1
S3112581	8	Port Input	15	125390	14366	1
S3112581	8	Port Input	14	125391	14366	1
S3112581	9	Sound	20	125391	0	4			0		hit	154
S3112581	9	Port Input	15	129479	4088	1
S3112581	9	Port Input	14	129479	4088	1
S3112581	9	Port Input	15	129480	4088	1
S3112581	9	Port Input	14	129480	4088	1
S3112581	9	Port Input	15	129480	4088	1
S3112581	9	Port Input	14	129480	4088	1
S3112581	9	Port Input	15	129480	4089	1
S3112581	9	Port Input	14	129480	4089	1
S3112581	9	Port Input	15	129481	4090	1
S3112581	9	Port Input	14	129481	4090	1
S3112581	9	Port Input	15	129481	4090	1
S3112581	9	Port Input	14	129481	4090	1
S3112581	9	Port Input	15	129481	4090	1
S3112581	9	Port Input	14	129481	4090	1
S3112581	9	Port Input	15	129481	4090	1
S3112581	9	Port Input	14	129481	4090	1
S3112581	9	Port Input	15	129483	4092	1
S3112581	9	Port Input	14	129483	4092	1
S3112581	9	Port Input	15	129487	4095	1
S3112581	9	Port Input	14	129487	4095	1
S3112581	9	Port Input	15	129489	4098	1
S3112581	9	Port Input	14	129489	4098	1
S3112581	9	Port Input	15	129490	4099	1
S3112581	9	Port Input	14	129490	4099	1
S3112581	9	Port Input	15	129491	4099	1
S3112581	9	Port Input	14	129491	4099	1
S3112581	9	Port Input	15	129493	4102	1
S3112581	9	Port Input	14	129493	4102	1
S3112581	9	Port Input	15	129494	4103	1
S3112581	9	Port Input	14	129494	4103	1
S3112581	9	Port Input	15	129502	4110	1
S3112581	9	Port Input	14	129502	4110	1
S3112581	9	Port Input	15	129688	4296	1
S3112581	9	Port Input	14	129688	4296	1
S3112581	9	Port Input	15	129688	4296	1
S3112581	9	Port Input	14	139857	14466	1
S3112581	9	Response	222	139857	14466	1
S3112581	10	Sound	20	139858	0	4			0		hit	168
S3112581	10	Port Input	15	143781	3924	1
S3112581	10	Port Input	14	143782	3924	1
S3112581	10	Port Input	15	143782	3924	1
S3112581	10	Port Input	14	143782	3924	1
S3112581	10	Port Input	15	143782	3924	1
S3112581	10	Port Input	14	143782	3924	1
S3112581	10	Port Input	15	143782	3924	1
S3112581	10	Port Input	14	143782	3924	1
S3112581	10	Port Input	15	143782	3924	1
S3112581	10	Port Input	14	143782	3924	1
S3112581	10	Port Input	15	143782	3925	1
S3112581	10	Port Input	14	153811	13953	1
S3112581	10	Response	222	153811	13953	1
S3112581	11	Sound	20	153812	0	4			0		hit	178
S3112581	11	Port Input	15	157449	3638	1
S3112581	11	Port Input	14	157449	3638	1
S3112581	11	Port Input	15	157666	3854	1
S3112581	11	Port Input	14	157666	3854	1
S3112581	11	Port Input	15	157666	3854	1
S3112581	11	Port Input	14	157666	3855	1
S3112581	11	Port Input	15	157667	3855	1
S3112581	11	Port Input	14	167904	14092	1
S3112581	11	Response	222	167904	14092	1
S3112581	12	Sound	20	167905	0	5			0		hit	190
S3112581	12	Port Input	15	171498	3593	1
S3112581	12	Port Input	14	171498	3593	1
S3112581	12	Port Input	15	171498	3593	1
S3112581	12	Port Input	14	171498	3593	1
S3112581	12	Port Input	15	171499	3595	1
S3112581	12	Port Input	14	171499	3595	1
S3112581	12	Port Input	15	171500	3595	1
S3112581	12	Port Input	14	171500	3595	1
S3112581	12	Port Input	15	171500	3595	1
S3112581	12	Port Input	14	182220	14315	1
S3112581	12	Response	222	182220	14315	1
S3112581	13	Sound	20	182221	0	4			0		hit	202
S3112581	13	Port Input	15	185881	3660	1
S3112581	13	Port Input	14	185881	3660	1
S3112581	13	Port Input	15	185881	3660	1
S3112581	13	Port Input	14	185881	3660	1
S3112581	13	Port Input	15	185881	3661	1
S3112581	13	Port Input	14	185882	3661	1
S3112581	13	Port Input	15	185882	3661	1
S3112581	13	Port Input	14	185882	3661	1
S3112581	13	Port Input	15	185882	3661	1
S3112581	13	Port Input	14	196878	14658	1
S3112581	13	Response	222	196878	14658	1
S3112581	14	Sound	20	196879	0	4			0		hit	228
S3112581	14	Port Input	15	200032	3153	1
S3112581	14	Port Input	14	200032	3153	1
S3112581	14	Port Input	15	200034	3155	1
S3112581	14	Port Input	14	200034	3155	1
S3112581	14	Port Input	15	200039	3160	1
S3112581	14	Port Input	14	200039	3160	1
S3112581	14	Port Input	15	200051	3172	1
S3112581	14	Port Input	14	200051	3172	1
S3112581	14	Port Input	15	200051	3172	1
S3112581	14	Port Input	14	200051	3172	1
S3112581	14	Port Input	15	200052	3173	1
S3112581	14	Port Input	14	200052	3173	1
S3112581	14	Port Input	15	200053	3174	1
S3112581	14	Port Input	14	200053	3174	1
S3112581	14	Port Input	15	200252	3373	1
S3112581	14	Port Input	14	200252	3373	1
S3112581	14	Port Input	15	200253	3374	1
S3112581	14	Port Input	14	200253	3374	1
S3112581	14	Port Input	15	200254	3375	1
S3112581	14	Port Input	14	200254	3375	1
S3112581	14	Port Input	15	200254	3375	1
S3112581	14	Port Input	14	200254	3375	1
S3112581	14	Port Input	15	200255	3375	1
S3112581	14	Port Input	14	211162	14283	1
S3112581	14	Response	222	211162	14283	1
S3112581	15	Sound	20	211163	0	5			0		hit	234
S3112581	15	Port Input	15	214669	3506	1
S3112581	15	Port Input	14	214669	3506	1
S3112581	15	Port Input	15	214669	3506	1
S3112581	15	Port Input	14	225495	14332	1
S3112581	15	Response	222	225495	14332	1
S3112581	16	Sound	20	225496	0	4			0		hit	250
S3112581	16	Port Input	15	228832	3336	1
S3112581	16	Port Input	14	228832	3336	1
S3112581	16	Port Input	15	228842	3346	1
S3112581	16	Port Input	14	228842	3346	1
S3112581	16	Port Input	15	228847	3351	1
S3112581	16	Port Input	14	228847	3351	1
S3112581	16	Port Input	15	228856	3360	1
S3112581	16	Port Input	14	228856	3360	1
S3112581	16	Port Input	15	229084	3588	1
S3112581	16	Port Input	14	229084	3588	1
S3112581	16	Port Input	15	229084	3588	1
S3112581	16	Port Input	14	229084	3588	1
S3112581	16	Port Input	15	229085	3589	1
S3112581	16	Port Input	14	239091	13595	1
S3112581	16	Response	222	239091	13595	1
S3112581	17	Sound	20	239092	0	4			0		hit	366
S3112581	17	Port Input	15	242054	2962	1
S3112581	17	Port Input	14	242054	2962	1
S3112581	17	Port Input	15	242056	2965	1
S3112581	17	Port Input	14	242057	2965	1
S3112581	17	Port Input	15	242063	2971	1
S3112581	17	Port Input	14	242063	2971	1
S3112581	17	Port Input	15	242067	2975	1
S3112581	17	Port Input	14	242067	2975	1
S3112581	17	Port Input	15	242072	2980	1
S3112581	17	Port Input	14	242072	2980	1
S3112581	17	Port Input	15	242072	2980	1
S3112581	17	Port Input	14	242072	2980	1
S3112581	17	Port Input	15	242073	2981	1
S3112581	17	Port Input	14	242073	2981	1
S3112581	17	Port Input	15	242073	2981	1
S3112581	17	Port Input	14	242073	2981	1
S3112581	17	Port Input	15	242074	2982	1
S3112581	17	Port Input	14	242074	2982	1
S3112581	17	Port Input	15	242075	2984	1
S3112581	17	Port Input	14	242075	2984	1
S3112581	17	Port Input	15	242076	2984	1
S3112581	17	Port Input	14	242076	2984	1
S3112581	17	Port Input	15	242076	2984	1
S3112581	17	Port Input	14	242076	2984	1
S3112581	17	Port Input	15	242076	2984	1
S3112581	17	Port Input	14	242076	2984	1
S3112581	17	Port Input	15	242076	2985	1
S3112581	17	Port Input	14	242076	2985	1
S3112581	17	Port Input	15	242077	2985	1
S3112581	17	Port Input	14	242077	2985	1
S3112581	17	Port Input	15	242077	2985	1
S3112581	17	Port Input	14	242077	2985	1
S3112581	17	Port Input	15	242077	2985	1
S3112581	17	Port Input	14	242077	2985	1
S3112581	17	Port Input	15	242078	2986	1
S3112581	17	Port Input	14	242078	2986	1
S3112581	17	Port Input	15	242079	2987	1
S3112581	17	Port Input	14	242079	2987	1
S3112581	17	Port Input	15	242079	2987	1
S3112581	17	Port Input	14	242079	2987	1
S3112581	17	Port Input	15	242079	2987	1
S3112581	17	Port Input	14	242079	2987	1
S3112581	17	Port Input	15	242079	2987	1
S3112581	17	Port Input	14	242079	2987	1
S3112581	17	Port Input	15	242079	2988	1
S3112581	17	Port Input	14	242079	2988	1
S3112581	17	Port Input	15	242080	2988	1
S3112581	17	Port Input	14	242080	2988	1
S3112581	17	Port Input	15	242080	2988	1
S3112581	17	Port Input	14	242080	2988	1
S3112581	17	Port Input	15	242081	2989	1
S3112581	17	Port Input	14	242081	2990	1
S3112581	17	Port Input	15	242082	2990	1
S3112581	17	Port Input	14	242082	2990	1
S3112581	17	Port Input	15	242083	2992	1
S3112581	17	Port Input	14	242083	2992	1
S3112581	17	Port Input	15	242087	2995	1
S3112581	17	Port Input	14	242087	2995	1
S3112581	17	Port Input	15	242088	2996	1
S3112581	17	Port Input	14	242088	2996	1
S3112581	17	Port Input	15	242088	2996	1
S3112581	17	Port Input	14	242088	2996	1
S3112581	17	Port Input	15	242088	2996	1
S3112581	17	Port Input	14	242088	2996	1
S3112581	17	Port Input	15	242089	2997	1
S3112581	17	Port Input	14	242089	2997	1
S3112581	17	Port Input	15	242089	2998	1
S3112581	17	Port Input	14	242090	2998	1
S3112581	17	Port Input	15	242091	2999	1
S3112581	17	Port Input	14	242091	2999	1
S3112581	17	Port Input	15	242091	2999	1
S3112581	17	Port Input	14	242091	2999	1
S3112581	17	Port Input	15	242093	3001	1
S3112581	17	Port Input	14	242093	3001	1
S3112581	17	Port Input	15	242094	3002	1
S3112581	17	Port Input	14	242094	3002	1
S3112581	17	Port Input	15	242099	3007	1
S3112581	17	Port Input	14	242099	3007	1
S3112581	17	Port Input	15	242099	3007	1
S3112581	17	Port Input	14	242099	3007	1
S3112581	17	Port Input	15	242099	3008	1
S3112581	17	Port Input	14	242099	3008	1
S3112581	17	Port Input	15	242100	3008	1
S3112581	17	Port Input	14	242100	3008	1
S3112581	17	Port Input	15	242100	3008	1
S3112581	17	Port Input	14	242100	3008	1
S3112581	17	Port Input	15	242101	3009	1
S3112581	17	Port Input	14	242101	3009	1
S3112581	17	Port Input	15	242102	3010	1
S3112581	17	Port Input	14	242102	3010	1
S3112581	17	Port Input	15	242102	3010	1
S3112581	17	Port Input	14	242102	3010	1
S3112581	17	Port Input	15	242104	3012	1
S3112581	17	Port Input	14	242104	3012	1
S3112581	17	Port Input	15	242104	3012	1
S3112581	17	Port Input	14	242104	3012	1
S3112581	17	Port Input	15	242105	3013	1
S3112581	17	Port Input	14	242105	3013	1
S3112581	17	Port Input	15	242108	3016	1
S3112581	17	Port Input	14	242108	3016	1
S3112581	17	Port Input	15	242108	3016	1
S3112581	17	Port Input	14	242108	3016	1
S3112581	17	Port Input	15	242109	3017	1
S3112581	17	Port Input	14	242109	3017	1
S3112581	17	Port Input	15	242110	3018	1
S3112581	17	Port Input	14	242110	3018	1
S3112581	17	Port Input	15	242112	3020	1
S3112581	17	Port Input	14	242112	3020	1
S3112581	17	Port Input	15	242126	3034	1
S3112581	17	Port Input	14	242126	3034	1
S3112581	17	Port Input	15	242126	3034	1
S3112581	17	Port Input	14	242126	3034	1
S3112581	17	Port Input	15	242349	3257	1
S3112581	17	Port Input	14	253691	14599	1
S3112581	17	Response	222	253691	14599	1
S3112581	17	Port Input	15	253691	14599	1
S3112581	17	Port Input	14	253691	14600	1
S3112581	18	Sound	20	253692	0	4			0		hit	372
S3112581	18	Port Input	15	257041	3350	1
S3112581	18	Port Input	14	267441	13749	1
S3112581	18	Response	222	267441	13749	1
S3112581	19	Sound	20	267442	0	4			0		hit	378
S3112581	19	Port Input	15	271542	4100	1
S3112581	19	Port Input	14	271542	4100	1
S3112581	19	Port Input	15	271542	4100	1
S3112581	19	Port Input	14	281391	13949	1
S3112581	19	Response	222	281391	13949	1
S3112581	20	Sound	20	281391	0	4			0		hit	406
S3112581	20	Port Input	15	284712	3321	1
S3112581	20	Port Input	14	284712	3321	1
S3112581	20	Port Input	15	284727	3336	1
S3112581	20	Port Input	14	284727	3336	1
S3112581	20	Port Input	15	284729	3337	1
S3112581	20	Port Input	14	284729	3337	1
S3112581	20	Port Input	15	284741	3349	1
S3112581	20	Port Input	14	284741	3349	1
S3112581	20	Port Input	15	284746	3354	1
S3112581	20	Port Input	14	284746	3354	1
S3112581	20	Port Input	15	284746	3355	1
S3112581	20	Port Input	14	284746	3355	1
S3112581	20	Port Input	15	284757	3366	1
S3112581	20	Port Input	14	284757	3366	1
S3112581	20	Port Input	15	284902	3511	1
S3112581	20	Port Input	14	284902	3511	1
S3112581	20	Port Input	15	284903	3511	1
S3112581	20	Port Input	14	284903	3511	1
S3112581	20	Port Input	15	284903	3511	1
S3112581	20	Port Input	14	284903	3512	1
S3112581	20	Port Input	15	284903	3512	1
S3112581	20	Port Input	14	284903	3512	1
S3112581	20	Port Input	15	284904	3512	1
S3112581	20	Port Input	14	284904	3513	1
S3112581	20	Port Input	15	284904	3513	1
S3112581	20	Port Input	14	296308	14916	1
S3112581	20	Response	222	296308	14916	1
S3112581	21	Sound	20	296308	0	4			0		hit	418
S3112581	21	Port Input	15	299901	3593	1
S3112581	21	Port Input	14	299901	3593	1
S3112581	21	Port Input	15	299901	3593	1
S3112581	21	Port Input	14	299901	3593	1
S3112581	21	Port Input	15	299902	3593	1
S3112581	21	Port Input	14	299902	3593	1
S3112581	21	Port Input	15	299903	3594	1
S3112581	21	Port Input	14	299903	3594	1
S3112581	21	Port Input	15	299903	3594	1
S3112581	21	Port Input	14	310360	14052	1
S3112581	21	Response	222	310360	14052	1
S3112581	22	Sound	20	310361	0	4			0		hit	428
S3112581	22	Port Input	15	314023	3662	1
S3112581	22	Port Input	14	314023	3662	1
S3112581	22	Port Input	15	314023	3662	1
S3112581	22	Port Input	14	314023	3662	1
S3112581	22	Port Input	15	314023	3662	1
S3112581	22	Port Input	14	314023	3662	1
S3112581	22	Port Input	15	314023	3662	1
S3112581	22	Port Input	14	324518	14157	1
S3112581	22	Response	222	324518	14157	1
S3112581	23	Sound	20	324519	0	4			0		hit	450
S3112581	23	Port Input	15	328201	3682	1
S3112581	23	Port Input	14	328201	3682	1
S3112581	23	Port Input	15	328204	3685	1
S3112581	23	Port Input	14	328204	3685	1
S3112581	23	Port Input	15	328207	3688	1
S3112581	23	Port Input	14	328207	3688	1
S3112581	23	Port Input	15	328207	3688	1
S3112581	23	Port Input	14	328207	3688	1
S3112581	23	Port Input	15	328208	3690	1
S3112581	23	Port Input	14	328208	3690	1
S3112581	23	Port Input	15	328209	3690	1
S3112581	23	Port Input	14	328209	3690	1
S3112581	23	Port Input	15	328209	3690	1
S3112581	23	Port Input	14	328209	3690	1
S3112581	23	Port Input	15	328210	3691	1
S3112581	23	Port Input	14	328210	3691	1
S3112581	23	Port Input	15	328211	3692	1
S3112581	23	Port Input	14	328211	3692	1
S3112581	23	Port Input	15	328211	3693	1
S3112581	23	Port Input	14	339093	14574	1
S3112581	23	Response	222	339093	14574	1
S3112581	24	Sound	20	339093	0	4			0		hit	536
S3112581	24	Port Input	15	343285	4191	1
S3112581	24	Port Input	14	343285	4191	1
S3112581	24	Port Input	15	343286	4192	1
S3112581	24	Port Input	14	343286	4192	1
S3112581	24	Port Input	15	343316	4223	1
S3112581	24	Port Input	14	343316	4223	1
S3112581	24	Port Input	15	343317	4224	1
S3112581	24	Port Input	14	343317	4224	1
S3112581	24	Port Input	15	343317	4224	1
S3112581	24	Port Input	14	343317	4224	1
S3112581	24	Port Input	15	343320	4226	1
S3112581	24	Port Input	14	343320	4226	1
S3112581	24	Port Input	15	343321	4227	1
S3112581	24	Port Input	14	343321	4227	1
S3112581	24	Port Input	15	343321	4228	1
S3112581	24	Port Input	14	343321	4228	1
S3112581	24	Port Input	15	343321	4228	1
S3112581	24	Port Input	14	343322	4228	1
S3112581	24	Port Input	15	343324	4231	1
S3112581	24	Port Input	14	343324	4231	1
S3112581	24	Port Input	15	343325	4232	1
S3112581	24	Port Input	14	343325	4232	1
S3112581	24	Port Input	15	343329	4236	1
S3112581	24	Port Input	14	343329	4236	1
S3112581	24	Port Input	15	343330	4236	1
S3112581	24	Port Input	14	343330	4236	1
S3112581	24	Port Input	15	343330	4237	1
S3112581	24	Port Input	14	343330	4237	1
S3112581	24	Port Input	15	343331	4238	1
S3112581	24	Port Input	14	343331	4238	1
S3112581	24	Port Input	15	343333	4239	1
S3112581	24	Port Input	14	343333	4239	1
S3112581	24	Port Input	15	343334	4241	1
S3112581	24	Port Input	14	343334	4241	1
S3112581	24	Port Input	15	343335	4242	1
S3112581	24	Port Input	14	343335	4242	1
S3112581	24	Port Input	15	343335	4242	1
S3112581	24	Port Input	14	343335	4242	1
S3112581	24	Port Input	15	343335	4242	1
S3112581	24	Port Input	14	343335	4242	1
S3112581	24	Port Input	15	343337	4244	1
S3112581	24	Port Input	14	343337	4244	1
S3112581	24	Port Input	15	343338	4245	1
S3112581	24	Port Input	14	343338	4245	1
S3112581	24	Port Input	15	343340	4247	1
S3112581	24	Port Input	14	343340	4247	1
S3112581	24	Port Input	15	343341	4247	1
S3112581	24	Port Input	14	343341	4247	1
S3112581	24	Port Input	15	343342	4249	1
S3112581	24	Port Input	14	343342	4249	1
S3112581	24	Port Input	15	343342	4249	1
S3112581	24	Port Input	14	343342	4249	1
S3112581	24	Port Input	15	343343	4249	1
S3112581	24	Port Input	14	343343	4249	1
S3112581	24	Port Input	15	343346	4252	1
S3112581	24	Port Input	14	343346	4252	1
S3112581	24	Port Input	15	343347	4253	1
S3112581	24	Port Input	14	343347	4253	1
S3112581	24	Port Input	15	343347	4253	1
S3112581	24	Port Input	14	343347	4253	1
S3112581	24	Port Input	15	343347	4254	1
S3112581	24	Port Input	14	343347	4254	1
S3112581	24	Port Input	15	343347	4254	1
S3112581	24	Port Input	14	343347	4254	1
S3112581	24	Port Input	15	343351	4257	1
S3112581	24	Port Input	14	343351	4257	1
S3112581	24	Port Input	15	343351	4258	1
S3112581	24	Port Input	14	343351	4258	1
S3112581	24	Port Input	15	343351	4258	1
S3112581	24	Port Input	14	343351	4258	1
S3112581	24	Port Input	15	343356	4262	1
S3112581	24	Port Input	14	343356	4262	1
S3112581	24	Port Input	15	343361	4268	1
S3112581	24	Port Input	14	343361	4268	1
S3112581	24	Port Input	15	343548	4454	1
S3112581	24	Port Input	14	343548	4454	1
S3112581	24	Port Input	15	343548	4455	1
S3112581	24	Port Input	14	343548	4455	1
S3112581	24	Port Input	15	343548	4455	1
S3112581	24	Port Input	14	343548	4455	1
S3112581	24	Port Input	15	343548	4455	1
S3112581	24	Port Input	14	343548	4455	1
S3112581	24	Port Input	15	343548	4455	1
S3112581	24	Port Input	14	354035	14942	1
S3112581	24	Response	222	354035	14942	1
S3112581	25	Sound	20	354036	0	4			0		hit	540
S3112581	25	Port Input	15	358191	4155	1
S3112581	25	Port Input	14	368240	14204	1
S3112581	25	Response	222	368240	14204	1
S3112581	26	Sound	20	368241	0	4			0		hit	544
S3112581	26	Port Input	15	371420	3179	1
S3112581	26	Port Input	14	381484	13243	1
S3112581	26	Response	222	381484	13243	1
S3112581	27	Sound	20	381485	0	4			0		hit	548
S3112581	27	Port Input	15	385341	3856	1
S3112581	27	Port Input	14	395596	14111	1
S3112581	27	Response	222	395596	14111	1
S3112581	28	Sound	20	395597	0	4			0		hit	558
S3112581	28	Port Input	15	400155	4559	1
S3112581	28	Port Input	14	400155	4559	1
S3112581	28	Port Input	15	400156	4559	1
S3112581	28	Port Input	14	400156	4559	1
S3112581	28	Port Input	15	400156	4559	1
S3112581	28	Port Input	14	400156	4559	1
S3112581	28	Port Input	15	400156	4559	1
S3112581	28	Port Input	14	410219	14622	1
S3112581	28	Response	222	410219	14622	1
S3112581	29	Sound	20	410220	0	4			0		hit	694
S3112581	29	Port Input	15	414393	4173	1
S3112581	29	Port Input	14	414393	4173	1
S3112581	29	Port Input	15	414396	4177	1
S3112581	29	Port Input	14	414396	4177	1
S3112581	29	Port Input	15	414398	4178	1
S3112581	29	Port Input	14	414398	4178	1
S3112581	29	Port Input	15	414398	4179	1
S3112581	29	Port Input	14	414398	4179	1
S3112581	29	Port Input	15	414399	4180	1
S3112581	29	Port Input	14	414399	4180	1
S3112581	29	Port Input	15	414400	4181	1
S3112581	29	Port Input	14	414400	4181	1
S3112581	29	Port Input	15	414401	4182	1
S3112581	29	Port Input	14	414401	4182	1
S3112581	29	Port Input	15	414402	4182	1
S3112581	29	Port Input	14	414402	4182	1
S3112581	29	Port Input	15	414402	4183	1
S3112581	29	Port Input	14	414402	4183	1
S3112581	29	Port Input	15	414403	4183	1
S3112581	29	Port Input	14	414403	4183	1
S3112581	29	Port Input	15	414404	4184	1
S3112581	29	Port Input	14	414404	4184	1
S3112581	29	Port Input	15	414405	4185	1
S3112581	29	Port Input	14	414405	4185	1
S3112581	29	Port Input	15	414407	4188	1
S3112581	29	Port Input	14	414407	4188	1
S3112581	29	Port Input	15	414408	4188	1
S3112581	29	Port Input	14	414408	4188	1
S3112581	29	Port Input	15	414408	4189	1
S3112581	29	Port Input	14	414408	4189	1
S3112581	29	Port Input	15	414408	4189	1
S3112581	29	Port Input	14	414408	4189	1
S3112581	29	Port Input	15	414409	4190	1
S3112581	29	Port Input	14	414409	4190	1
S3112581	29	Port Input	15	414410	4190	1
S3112581	29	Port Input	14	414410	4190	1
S3112581	29	Port Input	15	414410	4190	1
S3112581	29	Port Input	14	414410	4190	1
S3112581	29	Port Input	15	414411	4191	1
S3112581	29	Port Input	14	414411	4191	1
S3112581	29	Port Input	15	414411	4192	1
S3112581	29	Port Input	14	414411	4192	1
S3112581	29	Port Input	15	414412	4193	1
S3112581	29	Port Input	14	414412	4193	1
S3112581	29	Port Input	15	414412	4193	1
S3112581	29	Port Input	14	414412	4193	1
S3112581	29	Port Input	15	414413	4193	1
S3112581	29	Port Input	14	414413	4193	1
S3112581	29	Port Input	15	414413	4194	1
S3112581	29	Port Input	14	414413	4194	1
S3112581	29	Port Input	15	414415	4196	1
S3112581	29	Port Input	14	414415	4196	1
S3112581	29	Port Input	15	414415	4196	1
S3112581	29	Port Input	14	414415	4196	1
S3112581	29	Port Input	15	414417	4198	1
S3112581	29	Port Input	14	414417	4198	1
S3112581	29	Port Input	15	414419	4199	1
S3112581	29	Port Input	14	414419	4199	1
S3112581	29	Port Input	15	414419	4200	1
S3112581	29	Port Input	14	414419	4200	1
S3112581	29	Port Input	15	414420	4200	1
S3112581	29	Port Input	14	414420	4200	1
S3112581	29	Port Input	15	414423	4204	1
S3112581	29	Port Input	14	414424	4204	1
S3112581	29	Port Input	15	414430	4210	1
S3112581	29	Port Input	14	414430	4210	1
S3112581	29	Port Input	15	414431	4211	1
S3112581	29	Port Input	14	414431	4211	1
S3112581	29	Port Input	15	414432	4213	1
S3112581	29	Port Input	14	414432	4213	1
S3112581	29	Port Input	15	414433	4213	1
S3112581	29	Port Input	14	414433	4213	1
S3112581	29	Port Input	15	414433	4213	1
S3112581	29	Port Input	14	414433	4213	1
S3112581	29	Port Input	15	414433	4214	1
S3112581	29	Port Input	14	414433	4214	1
S3112581	29	Port Input	15	414435	4215	1
S3112581	29	Port Input	14	414435	4215	1
S3112581	29	Port Input	15	414437	4217	1
S3112581	29	Port Input	14	414437	4217	1
S3112581	29	Port Input	15	414437	4218	1
S3112581	29	Port Input	14	414437	4218	1
S3112581	29	Port Input	15	414438	4218	1
S3112581	29	Port Input	14	414438	4218	1
S3112581	29	Port Input	15	414440	4220	1
S3112581	29	Port Input	14	414440	4220	1
S3112581	29	Port Input	15	414443	4224	1
S3112581	29	Port Input	14	414443	4224	1
S3112581	29	Port Input	15	414444	4225	1
S3112581	29	Port Input	14	414444	4225	1
S3112581	29	Port Input	15	414445	4225	1
S3112581	29	Port Input	14	414445	4225	1
S3112581	29	Port Input	15	414445	4225	1
S3112581	29	Port Input	14	414445	4225	1
S3112581	29	Port Input	15	414445	4226	1
S3112581	29	Port Input	14	414445	4226	1
S3112581	29	Port Input	15	414446	4226	1
S3112581	29	Port Input	14	414446	4226	1
S3112581	29	Port Input	15	414449	4230	1
S3112581	29	Port Input	14	414449	4230	1
S3112581	29	Port Input	15	414452	4232	1
S3112581	29	Port Input	14	414452	4232	1
S3112581	29	Port Input	15	414455	4235	1
S3112581	29	Port Input	14	414455	4235	1
S3112581	29	Port Input	15	414456	4236	1
S3112581	29	Port Input	14	414456	4236	1
S3112581	29	Port Input	15	414456	4237	1
S3112581	29	Port Input	14	414456	4237	1
S3112581	29	Port Input	15	414462	4242	1
S3112581	29	Port Input	14	414462	4242	1
S3112581	29	Port Input	15	414462	4243	1
S3112581	29	Port Input	14	414462	4243	1
S3112581	29	Port Input	15	414464	4244	1
S3112581	29	Port Input	14	414464	4244	1
S3112581	29	Port Input	15	414464	4245	1
S3112581	29	Port Input	14	414464	4245	1
S3112581	29	Port Input	15	414464	4245	1
S3112581	29	Port Input	14	414464	4245	1
S3112581	29	Port Input	15	414464	4245	1
S3112581	29	Port Input	14	414464	4245	1
S3112581	29	Port Input	15	414465	4245	1
S3112581	29	Port Input	14	414465	4245	1
S3112581	29	Port Input	15	414466	4247	1
S3112581	29	Port Input	14	414466	4247	1
S3112581	29	Port Input	15	414467	4247	1
S3112581	29	Port Input	14	414467	4248	1
S3112581	29	Port Input	15	414468	4249	1
S3112581	29	Port Input	14	414468	4249	1
S3112581	29	Port Input	15	414485	4266	1
S3112581	29	Port Input	14	414485	4266	1
S3112581	29	Port Input	15	414486	4266	1
S3112581	29	Port Input	14	414486	4267	1
S3112581	29	Port Input	15	414725	4505	1
S3112581	29	Port Input	14	425282	15062	1
S3112581	29	Response	222	425282	15062	1
S3112581	30	Sound	20	425282	0	4			0		hit	710
S3112581	30	Port Input	15	429006	3723	1
S3112581	30	Port Input	14	429006	3723	1
S3112581	30	Port Input	15	429006	3723	1
S3112581	30	Port Input	14	429006	3724	1
S3112581	30	Port Input	15	429006	3724	1
S3112581	30	Port Input	14	429007	3724	1
S3112581	30	Port Input	15	429007	3724	1
S3112581	30	Port Input	14	429007	3724	1
S3112581	30	Port Input	15	429007	3724	1
S3112581	30	Port Input	14	429007	3724	1
S3112581	30	Port Input	15	429007	3724	1
S3112581	30	Port Input	14	429007	3724	1
S3112581	30	Port Input	15	429007	3724	1
S3112581	30	Port Input	14	439671	14389	1
S3112581	30	Response	222	439671	14389	1
S3112581	31	Sound	20	439672	0	4			0		hit	720
S3112581	31	Port Input	15	443053	3382	1
S3112581	31	Port Input	14	443053	3382	1
S3112581	31	Port Input	15	443308	3636	1
S3112581	31	Port Input	14	443308	3636	1
S3112581	31	Port Input	15	443308	3636	1
S3112581	31	Port Input	14	443308	3636	1
S3112581	31	Port Input	15	443309	3637	1
S3112581	31	Port Input	14	454173	14501	1
S3112581	31	Response	222	454173	14501	1
S3112581	32	Sound	20	454174	0	5			0		hit	760
S3112581	32	Port Input	15	457788	3614	1
S3112581	32	Port Input	14	457788	3614	1
S3112581	32	Port Input	15	457788	3614	1
S3112581	32	Port Input	14	457788	3614	1
S3112581	32	Port Input	15	457789	3615	1
S3112581	32	Port Input	14	457789	3615	1
S3112581	32	Port Input	15	457789	3615	1
S3112581	32	Port Input	14	457789	3615	1
S3112581	32	Port Input	15	457790	3616	1
S3112581	32	Port Input	14	457790	3616	1
S3112581	32	Port Input	15	457790	3617	1
S3112581	32	Port Input	14	457790	3617	1
S3112581	32	Port Input	15	457791	3617	1
S3112581	32	Port Input	14	457791	3618	1
S3112581	32	Port Input	15	457792	3619	1
S3112581	32	Port Input	14	457792	3619	1
S3112581	32	Port Input	15	457793	3620	1
S3112581	32	Port Input	14	457793	3620	1
S3112581	32	Port Input	15	457794	3620	1
S3112581	32	Port Input	14	457794	3621	1
S3112581	32	Port Input	15	457795	3621	1
S3112581	32	Port Input	14	457795	3621	1
S3112581	32	Port Input	15	457796	3622	1
S3112581	32	Port Input	14	457796	3622	1
S3112581	32	Port Input	15	457796	3622	1
S3112581	32	Port Input	14	457796	3622	1
S3112581	32	Port Input	15	457797	3623	1
S3112581	32	Port Input	14	457797	3623	1
S3112581	32	Port Input	15	457799	3625	1
S3112581	32	Port Input	14	457799	3625	1
S3112581	32	Port Input	15	457799	3625	1
S3112581	32	Port Input	14	457799	3625	1
S3112581	32	Port Input	15	457800	3626	1
S3112581	32	Port Input	14	457800	3626	1
S3112581	32	Port Input	15	457804	3631	1
S3112581	32	Port Input	14	457804	3631	1
S3112581	32	Port Input	15	458040	3866	1
S3112581	32	Port Input	14	468887	14713	1
S3112581	32	Response	222	468887	14713	1
S3112581	33	Sound	20	468888	0	4			0		hit	768
S3112581	33	Port Input	15	472637	3749	1
S3112581	33	Port Input	14	472637	3749	1
S3112581	33	Port Input	15	472641	3754	1
S3112581	33	Port Input	14	472641	3754	1
S3112581	33	Port Input	15	472903	4015	1
S3112581	33	Port Input	14	482266	13378	1
S3112581	33	Response	222	482266	13378	1
S3112581	33	Port Input	15	482267	13379	5
S3112581	34	Sound	20	482267	0	5			0		hit	786
S3112581	34	Port Input	14	482273	6	1
S3112581	34	Port Input	15	482273	6	1
S3112581	34	Port Input	14	482273	6	1
S3112581	34	Port Input	15	482273	6	1
S3112581	34	Port Input	14	482273	6	1
S3112581	34	Port Input	15	485904	3637	1
S3112581	34	Port Input	14	485904	3637	1
S3112581	34	Port Input	15	485904	3637	1
S3112581	34	Port Input	14	485904	3638	1
S3112581	34	Port Input	15	485906	3639	1
S3112581	34	Port Input	14	485906	3639	1
S3112581	34	Port Input	15	485906	3639	1
S3112581	34	Port Input	14	485906	3639	1
S3112581	34	Port Input	15	485906	3639	1
S3112581	34	Port Input	14	496544	14277	1
S3112581	34	Response	222	496544	14277	1
S3112581	35	Sound	20	496545	0	4			0		hit	794
S3112581	35	Port Input	15	500480	3936	1
S3112581	35	Port Input	14	500480	3936	1
S3112581	35	Port Input	15	500538	3993	1
S3112581	35	Port Input	14	500538	3993	1
S3112581	35	Port Input	15	500769	4224	1
S3112581	35	Port Input	14	511205	14660	1
S3112581	35	Response	222	511205	14660	1
S3112581	36	Sound	20	511206	0	4			0		hit	806
S3112581	36	Port Input	15	515105	3899	1
S3112581	36	Port Input	14	515105	3900	1
S3112581	36	Port Input	15	515105	3900	1
S3112581	36	Port Input	14	515105	3900	1
S3112581	36	Port Input	15	515106	3900	1
S3112581	36	Port Input	14	515106	3900	1
S3112581	36	Port Input	15	515106	3900	1
S3112581	36	Port Input	14	515106	3900	1
S3112581	36	Port Input	15	515106	3900	1
S3112581	36	Port Input	14	524376	13170	1
S3112581	36	Response	222	524376	13170	1
S3112581	37	Sound	20	524377	0	4			0		hit	814
S3112581	37	Port Input	15	528138	3762	1
S3112581	37	Port Input	14	528139	3762	1
S3112581	37	Port Input	15	528139	3762	1
S3112581	37	Port Input	14	528139	3762	1
S3112581	37	Port Input	15	528139	3763	1
S3112581	37	Port Input	14	537290	12913	1
S3112581	37	Response	222	537290	12913	1
S3112581	38	Sound	20	537290	0	4			0		hit	818
S3112581	38	Port Input	15	541254	3963	1
S3112581	38	Port Input	14	550788	13497	1
S3112581	38	Response	222	550788	13497	1
S3112581	39	Sound	20	550789	0	4			0		hit	862
S3112581	39	Port Input	15	554110	3321	1
S3112581	39	Port Input	14	554110	3321	1
S3112581	39	Port Input	15	554133	3344	1
S3112581	39	Port Input	14	554133	3344	1
S3112581	39	Port Input	15	554135	3346	1
S3112581	39	Port Input	14	554135	3346	1
S3112581	39	Port Input	15	554140	3351	1
S3112581	39	Port Input	14	554140	3351	1
S3112581	39	Port Input	15	554155	3367	1
S3112581	39	Port Input	14	554155	3367	1
S3112581	39	Port Input	15	554189	3400	1
S3112581	39	Port Input	14	554189	3400	1
S3112581	39	Port Input	15	554199	3411	1
S3112581	39	Port Input	14	554199	3411	1
S3112581	39	Port Input	15	554203	3414	1
S3112581	39	Port Input	14	554203	3414	1
S3112581	39	Port Input	15	554205	3417	1
S3112581	39	Port Input	14	554205	3417	1
S3112581	39	Port Input	15	554206	3417	1
S3112581	39	Port Input	14	554206	3417	1
S3112581	39	Port Input	15	554213	3425	1
S3112581	39	Port Input	14	554213	3425	1
S3112581	39	Port Input	15	554225	3437	1
S3112581	39	Port Input	14	554225	3437	1
S3112581	39	Port Input	15	554226	3438	1
S3112581	39	Port Input	14	554226	3438	1
S3112581	39	Port Input	15	554229	3440	1
S3112581	39	Port Input	14	554229	3440	1
S3112581	39	Port Input	15	554243	3454	1
S3112581	39	Port Input	14	554243	3454	1
S3112581	39	Port Input	15	554244	3456	1
S3112581	39	Port Input	14	554244	3456	1
S3112581	39	Port Input	15	554244	3456	1
S3112581	39	Port Input	14	554244	3456	1
S3112581	39	Port Input	15	554252	3464	1
S3112581	39	Port Input	14	554252	3464	1
S3112581	39	Port Input	15	554421	3633	1
S3112581	39	Port Input	14	554421	3633	1
S3112581	39	Port Input	15	554421	3633	1
S3112581	39	Port Input	14	554421	3633	1
S3112581	39	Port Input	15	554421	3633	1
S3112581	39	Port Input	14	563948	13159	1
S3112581	39	Response	222	563948	13159	1
S3112581	39	Port Input	15	563948	13159	1
S3112581	39	Port Input	14	563948	13160	1
S3112581	40	Sound	20	563949	0	4			0		hit	950
S3112581	40	Port Input	15	564607	658	1
S3112581	40	Port Input	14	564607	658	1
S3112581	40	Port Input	15	564608	660	1
S3112581	40	Port Input	14	564608	660	1
S3112581	40	Port Input	15	564609	660	1
S3112581	40	Port Input	14	564609	660	1
S3112581	40	Port Input	15	564612	663	1
S3112581	40	Port Input	14	564612	663	1
S3112581	40	Port Input	15	564613	664	1
S3112581	40	Port Input	14	564613	664	1
S3112581	40	Port Input	15	564613	665	1
S3112581	40	Port Input	14	564613	665	1
S3112581	40	Port Input	15	564614	666	1
S3112581	40	Port Input	14	564614	666	1
S3112581	40	Port Input	15	564619	670	1
S3112581	40	Port Input	14	564619	670	1
S3112581	40	Port Input	15	564625	676	1
S3112581	40	Port Input	14	564625	676	1
S3112581	40	Port Input	15	564627	678	1
S3112581	40	Port Input	14	564627	678	1
S3112581	40	Port Input	15	564629	680	1
S3112581	40	Port Input	14	564629	680	1
S3112581	40	Port Input	15	564630	681	1
S3112581	40	Port Input	14	564630	681	1
S3112581	40	Port Input	15	564632	684	1
S3112581	40	Port Input	14	564632	684	1
S3112581	40	Port Input	15	564633	685	1
S3112581	40	Port Input	14	564633	685	1
S3112581	40	Port Input	15	564635	686	1
S3112581	40	Port Input	14	564635	686	1
S3112581	40	Port Input	15	564636	687	1
S3112581	40	Port Input	14	564636	687	1
S3112581	40	Port Input	15	564636	688	1
S3112581	40	Port Input	14	564636	688	1
S3112581	40	Port Input	15	564637	689	1
S3112581	40	Port Input	14	564637	689	1
S3112581	40	Port Input	15	564639	691	1
S3112581	40	Port Input	14	564639	691	1
S3112581	40	Port Input	15	564640	691	1
S3112581	40	Port Input	14	564640	691	1
S3112581	40	Port Input	15	564641	693	1
S3112581	40	Port Input	14	564641	693	1
S3112581	40	Port Input	15	564641	693	1
S3112581	40	Port Input	14	564642	693	1
S3112581	40	Port Input	15	564642	694	1
S3112581	40	Port Input	14	564642	694	1
S3112581	40	Port Input	15	564645	697	1
S3112581	40	Port Input	14	564645	697	1
S3112581	40	Port Input	15	564651	702	1
S3112581	40	Port Input	14	564651	702	1
S3112581	40	Port Input	15	564652	703	1
S3112581	40	Port Input	14	564652	703	1
S3112581	40	Port Input	15	564652	704	1
S3112581	40	Port Input	14	564652	704	1
S3112581	40	Port Input	15	564654	706	1
S3112581	40	Port Input	14	564654	706	1
S3112581	40	Port Input	15	564660	711	1
S3112581	40	Port Input	14	564660	711	1
S3112581	40	Port Input	15	564662	713	1
S3112581	40	Port Input	14	564662	713	1
S3112581	40	Port Input	15	564665	716	1
S3112581	40	Port Input	14	564665	716	1
S3112581	40	Port Input	15	564667	719	1
S3112581	40	Port Input	14	564667	719	1
S3112581	40	Port Input	15	564682	733	1
S3112581	40	Port Input	14	564682	733	1
S3112581	40	Port Input	15	564699	750	1
S3112581	40	Port Input	14	564699	750	1
S3112581	40	Port Input	15	564787	838	1
S3112581	40	Port Input	14	564787	838	1
S3112581	40	Port Input	15	564793	845	1
S3112581	40	Port Input	14	564793	845	1
S3112581	40	Port Input	15	564795	847	1
S3112581	40	Port Input	14	564796	847	1
S3112581	40	Port Input	15	564813	864	1
S3112581	40	Port Input	14	564813	864	1
S3112581	40	Port Input	15	567780	3831	1
S3112581	40	Port Input	14	567780	3831	1
S3112581	40	Port Input	15	567780	3832	1
S3112581	40	Port Input	14	567780	3832	1
S3112581	40	Port Input	15	567795	3846	1
S3112581	40	Port Input	14	567795	3847	1
S3112581	40	Port Input	15	567795	3847	1
S3112581	40	Port Input	14	578531	14583	1
S3112581	40	Response	222	578531	14583	1
S3112581	41	Sound	20	578532	0	4			0		hit	982
S3112581	41	Port Input	15	581634	3101	1
S3112581	41	Port Input	14	581634	3101	1
S3112581	41	Port Input	15	581634	3102	1
S3112581	41	Port Input	14	581634	3102	1
S3112581	41	Port Input	15	581637	3105	1
S3112581	41	Port Input	14	581637	3105	1
S3112581	41	Port Input	15	581658	3125	1
S3112581	41	Port Input	14	581658	3125	1
S3112581	41	Port Input	15	581658	3126	1
S3112581	41	Port Input	14	581659	3126	1
S3112581	41	Port Input	15	581659	3127	1
S3112581	41	Port Input	14	581659	3127	1
S3112581	41	Port Input	15	581661	3129	1
S3112581	41	Port Input	14	581661	3129	1
S3112581	41	Port Input	15	581662	3130	1
S3112581	41	Port Input	14	581662	3130	1
S3112581	41	Port Input	15	581668	3136	1
S3112581	41	Port Input	14	581668	3136	1
S3112581	41	Port Input	15	581668	3136	1
S3112581	41	Port Input	14	581669	3136	1
S3112581	41	Port Input	15	581670	3137	1
S3112581	41	Port Input	14	581670	3138	1
S3112581	41	Port Input	15	581671	3139	1
S3112581	41	Port Input	14	581671	3139	1
S3112581	41	Port Input	15	581921	3389	1
S3112581	41	Port Input	14	581921	3389	1
S3112581	41	Port Input	15	581921	3389	1
S3112581	41	Port Input	14	581921	3389	1
S3112581	41	Port Input	15	581921	3389	1
S3112581	41	Port Input	14	592489	13957	1
S3112581	41	Response	222	592489	13957	1
S3112581	42	Sound	20	592490	0	4			0		hit	1066
S3112581	42	Port Input	15	596056	3566	1
S3112581	42	Port Input	14	596056	3566	1
S3112581	42	Port Input	15	596059	3569	1
S3112581	42	Port Input	14	596059	3569	1
S3112581	42	Port Input	15	596066	3576	1
S3112581	42	Port Input	14	596066	3576	1
S3112581	42	Port Input	15	596078	3588	1
S3112581	42	Port Input	14	596078	3588	1
S3112581	42	Port Input	15	596080	3590	1
S3112581	42	Port Input	14	596080	3590	1
S3112581	42	Port Input	15	596081	3591	1
S3112581	42	Port Input	14	596081	3591	1
S3112581	42	Port Input	15	596084	3594	1
S3112581	42	Port Input	14	596084	3594	1
S3112581	42	Port Input	15	596086	3596	1
S3112581	42	Port Input	14	596086	3596	1
S3112581	42	Port Input	15	596086	3596	1
S3112581	42	Port Input	14	596086	3596	1
S3112581	42	Port Input	15	596087	3597	1
S3112581	42	Port Input	14	596087	3597	1
S3112581	42	Port Input	15	596094	3604	1
S3112581	42	Port Input	14	596094	3604	1
S3112581	42	Port Input	15	596096	3606	1
S3112581	42	Port Input	14	596096	3607	1
S3112581	42	Port Input	15	596097	3607	1
S3112581	42	Port Input	14	596097	3607	1
S3112581	42	Port Input	15	596097	3607	1
S3112581	42	Port Input	14	596097	3607	1
S3112581	42	Port Input	15	596099	3609	1
S3112581	42	Port Input	14	596099	3609	1
S3112581	42	Port Input	15	596099	3609	1
S3112581	42	Port Input	14	596099	3609	1
S3112581	42	Port Input	15	596099	3609	1
S3112581	42	Port Input	14	596099	3609	1
S3112581	42	Port Input	15	596100	3610	1
S3112581	42	Port Input	14	596100	3610	1
S3112581	42	Port Input	15	596100	3610	1
S3112581	42	Port Input	14	596100	3610	1
S3112581	42	Port Input	15	596100	3611	1
S3112581	42	Port Input	14	596101	3611	1
S3112581	42	Port Input	15	596101	3611	1
S3112581	42	Port Input	14	596101	3611	1
S3112581	42	Port Input	15	596101	3611	1
S3112581	42	Port Input	14	596101	3611	1
S3112581	42	Port Input	15	596103	3613	1
S3112581	42	Port Input	14	596103	3613	1
S3112581	42	Port Input	15	596108	3618	1
S3112581	42	Port Input	14	596108	3619	1
S3112581	42	Port Input	15	596109	3619	1
S3112581	42	Port Input	14	596109	3619	1
S3112581	42	Port Input	15	596109	3619	1
S3112581	42	Port Input	14	596109	3619	1
S3112581	42	Port Input	15	596109	3619	1
S3112581	42	Port Input	14	596109	3619	1
S3112581	42	Port Input	15	596115	3625	1
S3112581	42	Port Input	14	596115	3625	1
S3112581	42	Port Input	15	596117	3627	1
S3112581	42	Port Input	14	596117	3627	1
S3112581	42	Port Input	15	596279	3789	1
S3112581	42	Port Input	14	596279	3790	1
S3112581	42	Port Input	15	596280	3790	1
S3112581	42	Port Input	14	596280	3790	1
S3112581	42	Port Input	15	596280	3790	1
S3112581	42	Port Input	14	596280	3790	1
S3112581	42	Port Input	15	596280	3790	1
S3112581	42	Port Input	14	596280	3790	1
S3112581	42	Port Input	15	596280	3790	1
S3112581	42	Port Input	14	596280	3790	1
S3112581	42	Port Input	15	596280	3790	1
S3112581	42	Port Input	14	596280	3790	1
S3112581	42	Port Input	15	596280	3791	1
S3112581	42	Port Input	14	596281	3791	1
S3112581	42	Port Input	15	596281	3791	1
S3112581	42	Port Input	14	596281	3791	1
S3112581	42	Port Input	15	596282	3792	1
S3112581	42	Port Input	14	596282	3792	1
S3112581	42	Port Input	15	596282	3792	1
S3112581	42	Port Input	14	596282	3792	1
S3112581	42	Port Input	15	596282	3792	1
S3112581	42	Port Input	14	596282	3792	1
S3112581	42	Port Input	15	596282	3792	1
S3112581	42	Port Input	14	606197	13707	1
S3112581	42	Response	222	606197	13707	1
S3112581	43	Sound	20	606198	0	4			0		hit	1082
S3112581	43	Port Input	15	609448	3250	1
S3112581	43	Port Input	14	609448	3250	1
S3112581	43	Port Input	15	609456	3259	1
S3112581	43	Port Input	14	609456	3259	1
S3112581	43	Port Input	15	609468	3271	1
S3112581	43	Port Input	14	609468	3271	1
S3112581	43	Port Input	15	609470	3273	1
S3112581	43	Port Input	14	609470	3273	1
S3112581	43	Port Input	15	609471	3274	1
S3112581	43	Port Input	14	609471	3274	1
S3112581	43	Port Input	15	609482	3284	1
S3112581	43	Port Input	14	609482	3284	1
S3112581	43	Port Input	15	609719	3521	1
S3112581	43	Port Input	14	620012	13814	1
S3112581	43	Response	222	620012	13814	1
S3112581	44	Sound	20	620013	0	4			0		hit	1090
S3112581	44	Port Input	15	620017	4	1
S3112581	44	Port Input	14	620017	4	1
S3112581	44	Port Input	15	623381	3368	1
S3112581	44	Port Input	14	623381	3368	1
S3112581	44	Port Input	15	623381	3368	1
S3112581	44	Port Input	14	634760	14748	1
S3112581	44	Response	222	634760	14748	1
S3112581	45	Sound	20	634761	0	5			0		hit	1104
S3112581	45	Port Input	15	637617	2856	1
S3112581	45	Port Input	14	637617	2856	1
S3112581	45	Port Input	15	637811	3050	1
S3112581	45	Port Input	14	637811	3050	1
S3112581	45	Port Input	15	637811	3050	1
S3112581	45	Port Input	14	637811	3050	1
S3112581	45	Port Input	15	637812	3051	1
S3112581	45	Port Input	14	637812	3051	1
S3112581	45	Port Input	15	637812	3051	1
S3112581	45	Port Input	14	637812	3051	1
S3112581	45	Port Input	15	637812	3051	1
S3112581	45	Port Input	14	647509	12748	1
S3112581	45	Response	222	647509	12748	1
S3112581	45	Port Input	15	647509	12748	1
S3112581	45	Port Input	14	647509	12748	1
S3112581	46	Sound	20	647510	0	4			0		hit	1114
S3112581	46	Port Input	15	652228	4719	1
S3112581	46	Port Input	14	652228	4719	1
S3112581	46	Port Input	15	652229	4719	1
S3112581	46	Port Input	14	652229	4719	1
S3112581	46	Port Input	15	652229	4720	1
S3112581	46	Port Input	14	662546	15037	1
S3112581	46	Response	222	662546	15037	1
S3112581	47	Sound	20	662547	0	4			0		hit	1122
S3112581	47	Port Input	15	666205	3658	1
S3112581	47	Port Input	14	666205	3658	1
S3112581	47	Port Input	15	666205	3658	1
S3112581	47	Port Input	14	666205	3658	1
S3112581	47	Port Input	15	666205	3658	1
S3112581	47	Port Input	14	676076	13529	1
S3112581	47	Response	222	676076	13529	1
S3112581	48	Sound	20	676076	0	4			0		hit	1136
S3112581	48	Port Input	15	680176	4100	1
S3112581	48	Port Input	14	680176	4100	1
S3112581	48	Port Input	15	680177	4100	1
S3112581	48	Port Input	14	680177	4100	1
S3112581	48	Port Input	15	680178	4102	1
S3112581	48	Port Input	14	680178	4102	1
S3112581	48	Port Input	15	680178	4102	1
S3112581	48	Port Input	14	680178	4102	1
S3112581	48	Port Input	15	680179	4102	1
S3112581	48	Port Input	14	680179	4102	1
S3112581	48	Port Input	15	680179	4103	1
S3112581	48	Port Input	14	690110	14034	1
S3112581	48	Response	222	690110	14034	1
S3112581	49	Sound	20	690111	0	4			0		hit	1146
S3112581	49	Port Input	15	693576	3464	1
S3112581	49	Port Input	14	693576	3464	1
S3112581	49	Port Input	15	693576	3464	1
S3112581	49	Port Input	14	693576	3465	1
S3112581	49	Port Input	15	693576	3465	1
S3112581	49	Port Input	14	693576	3465	1
S3112581	49	Port Input	15	693576	3465	1
S3112581	49	Port Input	14	703474	13362	1
S3112581	49	Response	222	703474	13362	1
S3112581	50	Sound	20	703474	0	4			0		hit	1192
S3112581	50	Port Input	15	706534	3060	1
S3112581	50	Port Input	14	706534	3060	1
S3112581	50	Port Input	15	706535	3061	1
S3112581	50	Port Input	14	706535	3061	1
S3112581	50	Port Input	15	706536	3062	1
S3112581	50	Port Input	14	706536	3062	1
S3112581	50	Port Input	15	706536	3062	1
S3112581	50	Port Input	14	706536	3062	1
S3112581	50	Port Input	15	706537	3062	1
S3112581	50	Port Input	14	706537	3062	1
S3112581	50	Port Input	15	706537	3062	1
S3112581	50	Port Input	14	706537	3062	1
S3112581	50	Port Input	15	706537	3063	1
S3112581	50	Port Input	14	706537	3063	1
S3112581	50	Port Input	15	706537	3063	1
S3112581	50	Port Input	14	706537	3063	1
S3112581	50	Port Input	15	706537	3063	1
S3112581	50	Port Input	14	706537	3063	1
S3112581	50	Port Input	15	706539	3064	1
S3112581	50	Port Input	14	706539	3064	1
S3112581	50	Port Input	15	706543	3069	1
S3112581	50	Port Input	14	706543	3069	1
S3112581	50	Port Input	15	706543	3069	1
S3112581	50	Port Input	14	706543	3069	1
S3112581	50	Port Input	15	706544	3069	1
S3112581	50	Port Input	14	706544	3069	1
S3112581	50	Port Input	15	706547	3073	1
S3112581	50	Port Input	14	706547	3073	1
S3112581	50	Port Input	15	706560	3086	1
S3112581	50	Port Input	14	706560	3086	1
S3112581	50	Port Input	15	706567	3093	1
S3112581	50	Port Input	14	706567	3093	1
S3112581	50	Port Input	15	706567	3093	1
S3112581	50	Port Input	14	706567	3093	1
S3112581	50	Port Input	15	706763	3289	1
S3112581	50	Port Input	14	706763	3289	1
S3112581	50	Port Input	15	706764	3289	1
S3112581	50	Port Input	14	706764	3290	1
S3112581	50	Port Input	15	706764	3290	1
S3112581	50	Port Input	14	706764	3290	1
S3112581	50	Port Input	15	706765	3290	1
S3112581	50	Port Input	14	706765	3290	1
S3112581	50	Port Input	15	706765	3290	1
S3112581	50	Port Input	14	717429	13955	1
S3112581	50	Response	222	717429	13955	1
S3112581	51	Sound	20	717430	0	4			0		hit	1298
S3112581	51	Port Input	15	720372	2942	1
S3112581	51	Port Input	14	720372	2943	1
S3112581	51	Port Input	15	720374	2944	1
S3112581	51	Port Input	14	720374	2944	1
S3112581	51	Port Input	15	720375	2945	1
S3112581	51	Port Input	14	720375	2945	1
S3112581	51	Port Input	15	720378	2948	1
S3112581	51	Port Input	14	720378	2948	1
S3112581	51	Port Input	15	720384	2954	1
S3112581	51	Port Input	14	720384	2954	1
S3112581	51	Port Input	15	720385	2955	1
S3112581	51	Port Input	14	720385	2955	1
S3112581	51	Port Input	15	720387	2957	1
S3112581	51	Port Input	14	720387	2957	1
S3112581	51	Port Input	15	720387	2957	1
S3112581	51	Port Input	14	720387	2957	1
S3112581	51	Port Input	15	720387	2957	1
S3112581	51	Port Input	14	720387	2958	1
S3112581	51	Port Input	15	720389	2959	1
S3112581	51	Port Input	14	720389	2959	1
S3112581	51	Port Input	15	720390	2960	1
S3112581	51	Port Input	14	720390	2960	1
S3112581	51	Port Input	15	720390	2960	1
S3112581	51	Port Input	14	720390	2960	1
S3112581	51	Port Input	15	720391	2961	1
S3112581	51	Port Input	14	720391	2961	1
S3112581	51	Port Input	15	720391	2962	1
S3112581	51	Port Input	14	720391	2962	1
S3112581	51	Port Input	15	720392	2962	1
S3112581	51	Port Input	14	720392	2962	1
S3112581	51	Port Input	15	720393	2963	1
S3112581	51	Port Input	14	720393	2963	1
S3112581	51	Port Input	15	720393	2963	1
S3112581	51	Port Input	14	720393	2963	1
S3112581	51	Port Input	15	720393	2964	1
S3112581	51	Port Input	14	720393	2964	1
S3112581	51	Port Input	15	720396	2966	1
S3112581	51	Port Input	14	720396	2966	1
S3112581	51	Port Input	15	720397	2967	1
S3112581	51	Port Input	14	720397	2967	1
S3112581	51	Port Input	15	720397	2967	1
S3112581	51	Port Input	14	720397	2967	1
S3112581	51	Port Input	15	720400	2970	1
S3112581	51	Port Input	14	720400	2970	1
S3112581	51	Port Input	15	720402	2972	1
S3112581	51	Port Input	14	720402	2972	1
S3112581	51	Port Input	15	720402	2972	1
S3112581	51	Port Input	14	720402	2972	1
S3112581	51	Port Input	15	720402	2972	1
S3112581	51	Port Input	14	720402	2972	1
S3112581	51	Port Input	15	720403	2973	1
S3112581	51	Port Input	14	720403	2973	1
S3112581	51	Port Input	15	720405	2975	1
S3112581	51	Port Input	14	720405	2975	1
S3112581	51	Port Input	15	720406	2976	1
S3112581	51	Port Input	14	720406	2976	1
S3112581	51	Port Input	15	720406	2977	1
S3112581	51	Port Input	14	720406	2977	1
S3112581	51	Port Input	15	720407	2977	1
S3112581	51	Port Input	14	720407	2977	1
S3112581	51	Port Input	15	720408	2978	1
S3112581	51	Port Input	14	720408	2978	1
S3112581	51	Port Input	15	720408	2978	1
S3112581	51	Port Input	14	720408	2978	1
S3112581	51	Port Input	15	720409	2979	1
S3112581	51	Port Input	14	720409	2979	1
S3112581	51	Port Input	15	720409	2980	1
S3112581	51	Port Input	14	720409	2980	1
S3112581	51	Port Input	15	720410	2980	1
S3112581	51	Port Input	14	720410	2980	1
S3112581	51	Port Input	15	720411	2981	1
S3112581	51	Port Input	14	720411	2981	1
S3112581	51	Port Input	15	720411	2981	1
S3112581	51	Port Input	14	720411	2981	1
S3112581	51	Port Input	15	720413	2983	1
S3112581	51	Port Input	14	720413	2983	1
S3112581	51	Port Input	15	720413	2983	1
S3112581	51	Port Input	14	720413	2983	1
S3112581	51	Port Input	15	720413	2983	1
S3112581	51	Port Input	14	720413	2983	1
S3112581	51	Port Input	15	720413	2984	1
S3112581	51	Port Input	14	720413	2984	1
S3112581	51	Port Input	15	720415	2985	1
S3112581	51	Port Input	14	720415	2985	1
S3112581	51	Port Input	15	720416	2986	1
S3112581	51	Port Input	14	720416	2986	1
S3112581	51	Port Input	15	720422	2992	1
S3112581	51	Port Input	14	720422	2992	1
S3112581	51	Port Input	15	720422	2993	1
S3112581	51	Port Input	14	720422	2993	1
S3112581	51	Port Input	15	720423	2993	1
S3112581	51	Port Input	14	720423	2993	1
S3112581	51	Port Input	15	720429	2999	1
S3112581	51	Port Input	14	720429	2999	1
S3112581	51	Port Input	15	720584	3155	1
S3112581	51	Port Input	14	720584	3155	1
S3112581	51	Port Input	15	720585	3155	1
S3112581	51	Port Input	14	720585	3155	1
S3112581	51	Port Input	15	720586	3157	1
S3112581	51	Port Input	14	720586	3157	1
S3112581	51	Port Input	15	720587	3157	1
S3112581	51	Port Input	14	720587	3157	1
S3112581	51	Port Input	15	720587	3157	1
S3112581	51	Port Input	14	729907	12477	1
S3112581	51	Response	222	729907	12477	1
S3112581	52	Sound	20	729908	0	4			0		hit	1340
S3112581	52	Port Input	15	733981	4073	1
S3112581	52	Port Input	14	733981	4073	1
S3112581	52	Port Input	15	733985	4077	1
S3112581	52	Port Input	14	733985	4077	1
S3112581	52	Port Input	15	733990	4082	1
S3112581	52	Port Input	14	733990	4082	1
S3112581	52	Port Input	15	733996	4088	1
S3112581	52	Port Input	14	733996	4088	1
S3112581	52	Port Input	15	734004	4096	1
S3112581	52	Port Input	14	734004	4096	1
S3112581	52	Port Input	15	734007	4099	1
S3112581	52	Port Input	14	734007	4099	1
S3112581	52	Port Input	15	734008	4100	1
S3112581	52	Port Input	14	734008	4100	1
S3112581	52	Port Input	15	734010	4102	1
S3112581	52	Port Input	14	734010	4102	1
S3112581	52	Port Input	15	734011	4103	1
S3112581	52	Port Input	14	734011	4103	1
S3112581	52	Port Input	15	734011	4103	1
S3112581	52	Port Input	14	734011	4103	1
S3112581	52	Port Input	15	734011	4103	1
S3112581	52	Port Input	14	734011	4103	1
S3112581	52	Port Input	15	734011	4103	1
S3112581	52	Port Input	14	734011	4103	1
S3112581	52	Port Input	15	734011	4103	1
S3112581	52	Port Input	14	734011	4103	1
S3112581	52	Port Input	15	734012	4104	1
S3112581	52	Port Input	14	734012	4104	1
S3112581	52	Port Input	15	734013	4105	1
S3112581	52	Port Input	14	734013	4105	1
S3112581	52	Port Input	15	734013	4105	1
S3112581	52	Port Input	14	734013	4105	1
S3112581	52	Port Input	15	734017	4109	1
S3112581	52	Port Input	14	734017	4109	1
S3112581	52	Port Input	15	734017	4109	1
S3112581	52	Port Input	14	734017	4109	1
S3112581	52	Port Input	15	734017	4109	1
S3112581	52	Port Input	14	734017	4109	1
S3112581	52	Port Input	15	734294	4386	1
S3112581	52	Port Input	14	743971	14063	1
S3112581	52	Response	222	743971	14063	1
S3112581	53	Sound	20	743972	0	4			0		hit	1408
S3112581	53	Port Input	15	747469	3497	1
S3112581	53	Port Input	14	747469	3497	1
S3112581	53	Port Input	15	747471	3499	1
S3112581	53	Port Input	14	747471	3499	1
S3112581	53	Port Input	15	747472	3500	1
S3112581	53	Port Input	14	747472	3500	1
S3112581	53	Port Input	15	747472	3500	1
S3112581	53	Port Input	14	747472	3500	1
S3112581	53	Port Input	15	747473	3501	1
S3112581	53	Port Input	14	747473	3501	1
S3112581	53	Port Input	15	747474	3502	1
S3112581	53	Port Input	14	747474	3502	1
S3112581	53	Port Input	15	747475	3503	1
S3112581	53	Port Input	14	747475	3503	1
S3112581	53	Port Input	15	747476	3504	1
S3112581	53	Port Input	14	747476	3504	1
S3112581	53	Port Input	15	747479	3507	1
S3112581	53	Port Input	14	747479	3507	1
S3112581	53	Port Input	15	747480	3508	1
S3112581	53	Port Input	14	747480	3508	1
S3112581	53	Port Input	15	747480	3508	1
S3112581	53	Port Input	14	747480	3508	1
S3112581	53	Port Input	15	747480	3508	1
S3112581	53	Port Input	14	747480	3508	1
S3112581	53	Port Input	15	747481	3509	1
S3112581	53	Port Input	14	747481	3509	1
S3112581	53	Port Input	15	747481	3509	1
S3112581	53	Port Input	14	747481	3509	1
S3112581	53	Port Input	15	747482	3510	1
S3112581	53	Port Input	14	747482	3510	1
S3112581	53	Port Input	15	747484	3512	1
S3112581	53	Port Input	14	747484	3512	1
S3112581	53	Port Input	15	747484	3512	1
S3112581	53	Port Input	14	747484	3512	1
S3112581	53	Port Input	15	747485	3513	1
S3112581	53	Port Input	14	747485	3513	1
S3112581	53	Port Input	15	747486	3514	1
S3112581	53	Port Input	14	747486	3514	1
S3112581	53	Port Input	15	747487	3515	1
S3112581	53	Port Input	14	747487	3515	1
S3112581	53	Port Input	15	747491	3519	1
S3112581	53	Port Input	14	747491	3519	1
S3112581	53	Port Input	15	747492	3520	1
S3112581	53	Port Input	14	747492	3520	1
S3112581	53	Port Input	15	747493	3521	1
S3112581	53	Port Input	14	747493	3521	1
S3112581	53	Port Input	15	747494	3522	1
S3112581	53	Port Input	14	747494	3522	1
S3112581	53	Port Input	15	747496	3524	1
S3112581	53	Port Input	14	747496	3524	1
S3112581	53	Port Input	15	747498	3526	1
S3112581	53	Port Input	14	747498	3526	1
S3112581	53	Port Input	15	747501	3529	1
S3112581	53	Port Input	14	747501	3529	1
S3112581	53	Port Input	15	747501	3529	1
S3112581	53	Port Input	14	747501	3529	1
S3112581	53	Port Input	15	747506	3534	1
S3112581	53	Port Input	14	747506	3534	1
S3112581	53	Port Input	15	747521	3549	1
S3112581	53	Port Input	14	747521	3549	1
S3112581	53	Port Input	15	747704	3732	1
S3112581	53	Port Input	14	747704	3732	1
S3112581	53	Port Input	15	747707	3735	1
S3112581	53	Port Input	14	747707	3735	1
S3112581	53	Port Input	15	747707	3735	1
S3112581	53	Port Input	14	757737	13765	1
S3112581	53	Response	222	757737	13765	1
S3112581	53	Port Input	15	757737	13765	1
S3112581	53	Port Input	14	757737	13765	4
S3112581	54	Sound	20	757737	0	4			0		hit	1416
S3112581	54	Port Input	15	760888	3151	1
S3112581	54	Port Input	14	760888	3151	1
S3112581	54	Port Input	15	760889	3151	1
S3112581	54	Port Input	14	771126	13389	1
S3112581	54	Response	222	771126	13389	1
S3112581	55	Sound	20	771127	0	4			0		hit	1440
S3112581	55	Port Input	15	774434	3307	1
S3112581	55	Port Input	14	774434	3307	1
S3112581	55	Port Input	15	774441	3314	1
S3112581	55	Port Input	14	774441	3314	1
S3112581	55	Port Input	15	774464	3337	1
S3112581	55	Port Input	14	774464	3337	1
S3112581	55	Port Input	15	774466	3339	1
S3112581	55	Port Input	14	774466	3339	1
S3112581	55	Port Input	15	774466	3339	1
S3112581	55	Port Input	14	774466	3339	1
S3112581	55	Port Input	15	774466	3340	1
S3112581	55	Port Input	14	774466	3340	1
S3112581	55	Port Input	15	774469	3342	1
S3112581	55	Port Input	14	774469	3342	1
S3112581	55	Port Input	15	774479	3352	1
S3112581	55	Port Input	14	774479	3352	1
S3112581	55	Port Input	15	774499	3373	1
S3112581	55	Port Input	14	774499	3373	1
S3112581	55	Port Input	15	774677	3550	1
S3112581	55	Port Input	14	774677	3550	1
S3112581	55	Port Input	15	774677	3550	1
S3112581	55	Port Input	14	785826	14699	1
S3112581	55	Response	222	785826	14699	1
S3112581	55	Port Input	15	785827	14700	1
S3112581	55	Port Input	14	785827	14700	1
S3112581	56	Sound	20	785827	0	4			0		hit	1448
S3112581	56	Port Input	15	789192	3365	1
S3112581	56	Port Input	14	789192	3365	1
S3112581	56	Port Input	15	789192	3365	1
S3112581	56	Port Input	14	800089	14262	1
S3112581	56	Response	222	800089	14262	1
S3112581	57	Sound	20	800090	0	4			0		hit	1470
S3112581	57	Port Input	15	803358	3268	1
S3112581	57	Port Input	14	803358	3268	1
S3112581	57	Port Input	15	803362	3272	1
S3112581	57	Port Input	14	803362	3272	1
S3112581	57	Port Input	15	803369	3279	1
S3112581	57	Port Input	14	803369	3279	1
S3112581	57	Port Input	15	803375	3285	1
S3112581	57	Port Input	14	803375	3285	1
S3112581	57	Port Input	15	803562	3472	1
S3112581	57	Port Input	14	803562	3472	1
S3112581	57	Port Input	15	803563	3473	1
S3112581	57	Port Input	14	803563	3473	1
S3112581	57	Port Input	15	803564	3474	1
S3112581	57	Port Input	14	803564	3474	1
S3112581	57	Port Input	15	803564	3474	1
S3112581	57	Port Input	14	803564	3474	1
S3112581	57	Port Input	15	803564	3474	1
S3112581	57	Port Input	14	803564	3474	1
S3112581	57	Port Input	15	803565	3475	1
S3112581	57	Port Input	14	814057	13967	1
S3112581	57	Response	222	814057	13967	1
S3112581	57	Port Input	15	814057	13967	1
S3112581	57	Port Input	14	814058	13968	1
S3112581	57	Port Input	15	814058	13968	1
S3112581	57	Port Input	14	814058	13968	4
S3112581	58	Sound	20	814058	0	4			0		hit	1480
S3112581	58	Port Input	15	818383	4325	1
S3112581	58	Port Input	14	818383	4325	1
S3112581	58	Port Input	15	818383	4325	1
S3112581	58	Port Input	14	827878	13820	1
S3112581	58	Response	222	827878	13820	1
S3112581	59	Sound	20	827879	0	4			0		hit	1544
S3112581	59	Port Input	15	831505	3626	1
S3112581	59	Port Input	14	831505	3626	1
S3112581	59	Port Input	15	831538	3659	1
S3112581	59	Port Input	14	831538	3660	1
S3112581	59	Port Input	15	831571	3692	1
S3112581	59	Port Input	14	831571	3692	1
S3112581	59	Port Input	15	831573	3694	1
S3112581	59	Port Input	14	831573	3694	1
S3112581	59	Port Input	15	831574	3695	1
S3112581	59	Port Input	14	831574	3695	1
S3112581	59	Port Input	15	831574	3696	1
S3112581	59	Port Input	14	831574	3696	1
S3112581	59	Port Input	15	831575	3696	1
S3112581	59	Port Input	14	831575	3696	1
S3112581	59	Port Input	15	831575	3696	1
S3112581	59	Port Input	14	831575	3696	1
S3112581	59	Port Input	15	831575	3696	1
S3112581	59	Port Input	14	831575	3696	1
S3112581	59	Port Input	15	831576	3697	1
S3112581	59	Port Input	14	831576	3697	1
S3112581	59	Port Input	15	831576	3697	1
S3112581	59	Port Input	14	831576	3697	1
S3112581	59	Port Input	15	831578	3699	1
S3112581	59	Port Input	14	831578	3699	1
S3112581	59	Port Input	15	831579	3700	1
S3112581	59	Port Input	14	831579	3700	1
S3112581	59	Port Input	15	831582	3703	1
S3112581	59	Port Input	14	831582	3703	1
S3112581	59	Port Input	15	831583	3704	1
S3112581	59	Port Input	14	831583	3704	1
S3112581	59	Port Input	15	831584	3705	1
S3112581	59	Port Input	14	831584	3705	1
S3112581	59	Port Input	15	831585	3706	1
S3112581	59	Port Input	14	831585	3706	1
S3112581	59	Port Input	15	831585	3706	1
S3112581	59	Port Input	14	831585	3707	1
S3112581	59	Port Input	15	831586	3707	1
S3112581	59	Port Input	14	831586	3707	1
S3112581	59	Port Input	15	831591	3712	1
S3112581	59	Port Input	14	831591	3712	1
S3112581	59	Port Input	15	831599	3721	1
S3112581	59	Port Input	14	831600	3721	1
S3112581	59	Port Input	15	831602	3723	1
S3112581	59	Port Input	14	831602	3723	1
S3112581	59	Port Input	15	831603	3724	1
S3112581	59	Port Input	14	831603	3724	1
S3112581	59	Port Input	15	831835	3956	1
S3112581	59	Port Input	14	831835	3956	1
S3112581	59	Port Input	15	831835	3956	1
S3112581	59	Port Input	14	831835	3956	1
S3112581	59	Port Input	15	831835	3956	1
S3112581	59	Port Input	14	831835	3956	1
S3112581	59	Port Input	15	831835	3957	1
S3112581	59	Port Input	14	831835	3957	1
S3112581	59	Port Input	15	831836	3957	1
S3112581	59	Port Input	14	831836	3957	1
S3112581	59	Port Input	15	831836	3957	1
S3112581	59	Port Input	14	831836	3957	1
S3112581	59	Port Input	15	831836	3957	1
S3112581	59	Port Input	14	831836	3958	1
S3112581	59	Port Input	15	831837	3958	1
S3112581	59	Port Input	14	839819	11940	1
S3112581	59	Response	222	839819	11940	1
S3112581	60	Sound	20	839820	0	4			0		hit	1552
S3112581	60	Port Input	15	844684	4864	1
S3112581	60	Port Input	14	844684	4864	1
S3112581	60	Port Input	15	844684	4864	1
S3112581	60	Port Input	14	844684	4864	1
S3112581	60	Port Input	15	844684	4864	1
S3112581	60	Port Input	14	854133	14313	1
S3112581	60	Response	222	854133	14313	1
S3112581	61	Sound	20	854133	0	4			0		hit	1562
S3112581	61	Port Input	15	858249	4116	1
S3112581	61	Port Input	14	858249	4116	1
S3112581	61	Port Input	15	858251	4117	1
S3112581	61	Port Input	14	858251	4117	1
S3112581	61	Port Input	15	858251	4118	1
S3112581	61	Port Input	14	858251	4118	1
S3112581	61	Port Input	15	858251	4118	1
S3112581	61	Port Input	14	868394	14261	1
S3112581	61	Response	222	868394	14261	1
S3112581	62	Sound	20	868395	0	4			0		hit	1574
S3112581	62	Port Input	15	872085	3690	1
S3112581	62	Port Input	14	872085	3690	1
S3112581	62	Port Input	15	872085	3691	1
S3112581	62	Port Input	14	872085	3691	1
S3112581	62	Port Input	15	872086	3691	1
S3112581	62	Port Input	14	872086	3691	1
S3112581	62	Port Input	15	872086	3691	1
S3112581	62	Port Input	14	872086	3691	1
S3112581	62	Port Input	15	872086	3691	1
S3112581	62	Port Input	14	882567	14172	1
S3112581	62	Response	222	882567	14172	1
S3112581	63	Sound	20	882568	0	4			0		hit	1594
S3112581	63	Port Input	15	882997	429	1
S3112581	63	Port Input	14	882997	429	1
S3112581	63	Port Input	15	885225	2658	1
S3112581	63	Port Input	14	885225	2658	1
S3112581	63	Port Input	15	885226	2659	1
S3112581	63	Port Input	14	885226	2659	1
S3112581	63	Port Input	15	885227	2659	1
S3112581	63	Port Input	14	885227	2659	1
S3112581	63	Port Input	15	885227	2659	1
S3112581	63	Port Input	14	885227	2659	1
S3112581	63	Port Input	15	885238	2670	1
S3112581	63	Port Input	14	885238	2670	1
S3112581	63	Port Input	15	885616	3048	1
S3112581	63	Port Input	14	885616	3048	1
S3112581	63	Port Input	15	885616	3048	1
S3112581	63	Port Input	14	885616	3048	1
S3112581	63	Port Input	15	885616	3048	1
S3112581	63	Port Input	14	896448	13880	1
S3112581	63	Response	222	896448	13880	1
S3112581	64	Sound	20	896449	0	4			0		hit	1602
S3112581	64	Port Input	15	900452	4004	1
S3112581	64	Port Input	14	900452	4004	1
S3112581	64	Port Input	15	900453	4004	1
S3112581	64	Port Input	14	900453	4004	1
S3112581	64	Port Input	15	900453	4004	1
S3112581	64	Port Input	14	910562	14113	1
S3112581	64	Response	222	910562	14113	1
S3112581	65	Sound	20	910562	0	4			0		hit	1626
S3112581	65	Port Input	15	914260	3698	1
S3112581	65	Port Input	14	914260	3698	1
S3112581	65	Port Input	15	914263	3700	1
S3112581	65	Port Input	14	914263	3700	1
S3112581	65	Port Input	15	914263	3701	1
S3112581	65	Port Input	14	914263	3701	1
S3112581	65	Port Input	15	914263	3701	1
S3112581	65	Port Input	14	914263	3701	1
S3112581	65	Port Input	15	914264	3701	1
S3112581	65	Port Input	14	914264	3701	1
S3112581	65	Port Input	15	914264	3702	1
S3112581	65	Port Input	14	914264	3702	1
S3112581	65	Port Input	15	914264	3702	1
S3112581	65	Port Input	14	914264	3702	1
S3112581	65	Port Input	15	914264	3702	1
S3112581	65	Port Input	14	914265	3702	1
S3112581	65	Port Input	15	914265	3702	1
S3112581	65	Port Input	14	914265	3702	1
S3112581	65	Port Input	15	914265	3703	1
S3112581	65	Port Input	14	914265	3703	1
S3112581	65	Port Input	15	914265	3703	1
S3112581	65	Port Input	14	924955	14393	1
S3112581	65	Response	222	924955	14393	1
S3112581	66	Sound	20	924956	0	4			0		hit	1634
S3112581	66	Port Input	15	929182	4226	1
S3112581	66	Port Input	14	929182	4226	1
S3112581	66	Port Input	15	929182	4227	1
S3112581	66	Port Input	14	929183	4227	1
S3112581	66	Port Input	15	929183	4227	1
S3112581	66	Port Input	14	937829	12873	1
S3112581	66	Response	222	937829	12873	1
S3112581	67	Sound	20	937830	0	4			0		hit	1638
S3112581	67	Port Input	15	942127	4297	1
S3112581	67	Port Input	14	953948	16118	1
S3112581	67	Response	222	953948	16118	1
S3112581	68	Sound	20	953949	0	4			0		hit	1648
S3112581	68	Port Input	15	957535	3586	1
S3112581	68	Port Input	14	957535	3586	1
S3112581	68	Port Input	15	957535	3586	1
S3112581	68	Port Input	14	957535	3586	1
S3112581	68	Port Input	15	957536	3587	1
S3112581	68	Port Input	14	957536	3587	1
S3112581	68	Port Input	15	957536	3587	1
S3112581	68	Port Input	14	967011	13063	1
S3112581	68	Response	222	967011	13063	1
S3112581	69	Sound	20	967012	0	4			0		hit	1660
S3112581	69	Port Input	15	970999	3987	1
S3112581	69	Port Input	14	970999	3987	1
S3112581	69	Port Input	15	970999	3987	1
S3112581	69	Port Input	14	970999	3987	1
S3112581	69	Port Input	15	971002	3990	1
S3112581	69	Port Input	14	971002	3990	1
S3112581	69	Port Input	15	971002	3990	1
S3112581	69	Port Input	14	971002	3990	1
S3112581	69	Port Input	15	971003	3991	1
S3112581	69	Port Input	14	979992	12980	1
S3112581	69	Response	222	979992	12980	1
S3112581	70	Sound	20	979993	0	4			0		hit	1664
S3112581	70	Port Input	15	984008	4015	1
S3112581	70	Port Input	14	992754	12762	1
S3112581	70	Response	222	992754	12762	1
S3112581	70	Port Input	15	992755	12762	1
S3112581	70	Port Input	14	992755	12762	1
S3112581	71	Sound	20	992755	0	4			0		hit	1670
S3112581	71	Port Input	15	996783	4028	1
S3112581	71	Port Input	14	1005511	12756	1
S3112581	71	Response	222	1005511	12756	1
S3112581	71	Port Input	15	1005512	12756	1
S3112581	71	Port Input	14	1005512	12757	1
S3112581	72	Sound	20	1005512	0	4			0		hit	1676
S3112581	72	Port Input	15	1009352	3840	1
S3112581	72	Port Input	14	1018418	12906	1
S3112581	72	Response	222	1018418	12906	1
S3112581	73	Sound	20	1018419	0	5			0		hit	1684
S3112581	73	Port Input	15	1022908	4489	1
S3112581	73	Port Input	14	1022908	4489	1
S3112581	73	Port Input	15	1022908	4489	1
S3112581	73	Port Input	14	1022908	4489	1
S3112581	73	Port Input	15	1022908	4489	1
S3112581	73	Port Input	14	1032025	13606	1
S3112581	73	Response	222	1032025	13606	1
S3112581	74	Sound	20	1032025	0	4			0		hit	1698
S3112581	74	Port Input	15	1036376	4351	1
S3112581	74	Port Input	14	1036376	4351	1
S3112581	74	Port Input	15	1036379	4353	1
S3112581	74	Port Input	14	1036379	4353	1
S3112581	74	Port Input	15	1036379	4354	1
S3112581	74	Port Input	14	1036379	4354	1
S3112581	74	Port Input	15	1036380	4354	1
S3112581	74	Port Input	14	1036380	4354	1
S3112581	74	Port Input	15	1036752	4726	1
S3112581	74	Port Input	14	1036752	4726	1
S3112581	74	Port Input	15	1036753	4727	1
S3112581	74	Port Input	14	1046338	14313	1
S3112581	74	Response	222	1046338	14313	1
S3112581	74	Port Input	15	1046338	14313	1
S3112581	74	Port Input	14	1046339	14313	1
S3112581	75	Sound	20	1046339	0	4			0		hit	1712
S3112581	75	Port Input	15	1051086	4746	1
S3112581	75	Port Input	14	1051086	4746	1
S3112581	75	Port Input	15	1051086	4747	1
S3112581	75	Port Input	14	1051086	4747	1
S3112581	75	Port Input	15	1051087	4747	1
S3112581	75	Port Input	14	1051087	4748	1
S3112581	75	Port Input	15	1051087	4748	1
S3112581	75	Port Input	14	1051087	4748	1
S3112581	75	Port Input	15	1051087	4748	1
S3112581	75	Port Input	14	1061095	14755	1
S3112581	75	Response	222	1061095	14755	1
S3112581	76	Sound	20	1061095	0	4			0		hit	1720
S3112581	76	Port Input	15	1065082	3987	1
S3112581	76	Port Input	14	1065082	3987	1
S3112581	76	Port Input	15	1065083	3987	1
S3112581	76	Port Input	14	1065083	3987	1
S3112581	76	Port Input	15	1065083	3988	1
S3112581	76	Port Input	14	1075121	14026	1
S3112581	76	Response	222	1075121	14026	1
S3112581	77	Sound	20	1075122	0	4			0		hit	1750
S3112581	77	Port Input	15	1079269	4147	1
S3112581	77	Port Input	14	1079269	4147	1
S3112581	77	Port Input	15	1079277	4155	1
S3112581	77	Port Input	14	1079277	4155	1
S3112581	77	Port Input	15	1079279	4156	1
S3112581	77	Port Input	14	1079279	4156	1
S3112581	77	Port Input	15	1079279	4157	1
S3112581	77	Port Input	14	1079279	4157	1
S3112581	77	Port Input	15	1079280	4157	1
S3112581	77	Port Input	14	1079280	4157	1
S3112581	77	Port Input	15	1079281	4159	1
S3112581	77	Port Input	14	1079281	4159	1
S3112581	77	Port Input	15	1079284	4162	1
S3112581	77	Port Input	14	1079284	4162	1
S3112581	77	Port Input	15	1079285	4163	1
S3112581	77	Port Input	14	1079285	4163	1
S3112581	77	Port Input	15	1079294	4171	1
S3112581	77	Port Input	14	1079294	4171	1
S3112581	77	Port Input	15	1079294	4172	1
S3112581	77	Port Input	14	1079294	4172	1
S3112581	77	Port Input	15	1079497	4375	1
S3112581	77	Port Input	14	1079497	4375	1
S3112581	77	Port Input	15	1079498	4376	1
S3112581	77	Port Input	14	1079498	4376	1
S3112581	77	Port Input	15	1079498	4376	1
S3112581	77	Port Input	14	1079498	4376	1
S3112581	77	Port Input	15	1079499	4377	1
S3112581	77	Port Input	14	1089082	13960	1
S3112581	77	Response	222	1089082	13960	1
S3112581	78	Sound	20	1089083	0	4			0		hit	1758
S3112581	78	Port Input	15	1093539	4456	1
S3112581	78	Port Input	14	1093539	4456	1
S3112581	78	Port Input	15	1093539	4456	1
S3112581	78	Port Input	14	1093540	4456	1
S3112581	78	Port Input	15	1093540	4456	1
S3112581	78	Port Input	14	1104191	15107	1
S3112581	78	Response	222	1104191	15107	1
S3112581	79	Sound	20	1104191	0	4			0		hit	1764
S3112581	79	Port Input	15	1108162	3970	1
S3112581	79	Port Input	14	1108162	3970	1
S3112581	79	Port Input	15	1108162	3970	1
S3112581	79	Port Input	14	1119000	14809	1
S3112581	79	Response	222	1119000	14809	1
S3112581	80	Sound	20	1119001	0	5			0		hit	1778
S3112581	80	Port Input	15	1122799	3798	1
S3112581	80	Port Input	14	1122799	3798	1
S3112581	80	Port Input	15	1122799	3798	1
S3112581	80	Port Input	14	1122799	3798	1
S3112581	80	Port Input	15	1122800	3799	1
S3112581	80	Port Input	14	1122800	3799	1
S3112581	80	Port Input	15	1122800	3799	1
S3112581	80	Port Input	14	1122800	3799	1
S3112581	80	Port Input	15	1122800	3799	1
S3112581	80	Port Input	14	1122800	3799	1
S3112581	80	Port Input	15	1122800	3799	1
S3112581	80	Port Input	14	1133284	14283	1
S3112581	80	Response	222	1133284	14283	1
S3112581	81	Sound	20	1133285	0	4			0		hit	1786
S3112581	81	Port Input	15	1136956	3671	1
S3112581	81	Port Input	14	1136956	3671	1
S3112581	81	Port Input	15	1136956	3672	1
S3112581	81	Port Input	14	1136956	3672	1
S3112581	81	Port Input	15	1136957	3672	1
S3112581	81	Port Input	14	1147195	13911	1
S3112581	81	Response	222	1147195	13911	1
S3112581	82	Sound	20	1147196	0	4			0		hit	1792
S3112581	82	Port Input	15	1150745	3549	1
S3112581	82	Port Input	14	1150745	3549	1
S3112581	82	Port Input	15	1150745	3549	1
S3112581	82	Port Input	14	1161241	14045	1
S3112581	82	Response	222	1161241	14045	1
S3112581	83	Sound	20	1161242	0	4			0		hit	1796
S3112581	83	Port Input	15	1165002	3760	1
S3112581	83	Port Input	14	1176466	15224	1
S3112581	83	Response	222	1176466	15224	1
S3112581	83	Port Input	15	1176466	15224	1
S3112581	83	Port Input	14	1176466	15224	1
S3112581	84	Sound	20	1176467	0	4			0		hit	1806
S3112581	84	Port Input	15	1180209	3742	1
S3112581	84	Port Input	14	1180209	3742	1
S3112581	84	Port Input	15	1180209	3742	1
S3112581	84	Port Input	14	1180209	3742	1
S3112581	84	Port Input	15	1180209	3743	1
S3112581	84	Port Input	14	1190121	13655	1
S3112581	84	Response	222	1190121	13655	1
S3112581	85	Sound	20	1190122	0	4			0		hit	1812
S3112581	85	Port Input	15	1193721	3599	1
S3112581	85	Port Input	14	1193721	3599	1
S3112581	85	Port Input	15	1193721	3599	1
S3112581	85	Port Input	14	1204040	13918	1
S3112581	85	Response	222	1204040	13918	1
S3112581	86	Sound	20	1204041	0	4			0		hit	1816
S3112581	86	Port Input	15	1208055	4014	1
S3112581	86	Port Input	14	1217534	13494	1
S3112581	86	Response	222	1217534	13494	1
S3112581	87	Sound	20	1217535	0	5			0		hit	1820
S3112581	87	Port Input	15	1221402	3867	1
S3112581	87	Port Input	14	1231215	13680	1
S3112581	87	Response	222	1231215	13680	1
S3112581	88	Sound	20	1231216	0	4			0		hit	1832
S3112581	88	Port Input	15	1231220	4	1
S3112581	88	Port Input	14	1231220	4	1
S3112581	88	Port Input	15	1231220	4	1
S3112581	88	Port Input	14	1231220	5	1
S3112581	88	Port Input	15	1231221	5	1
S3112581	88	Port Input	14	1231221	5	1
S3112581	88	Port Input	15	1231221	6	1
S3112581	88	Port Input	14	1231222	6	1
S3112581	88	Port Input	15	1235377	4161	1
S3112581	88	Port Input	14	1246390	15174	1
S3112581	88	Response	222	1246390	15174	1
S3112581	89	Sound	20	1246391	0	4			0		hit	1840
S3112581	89	Port Input	15	1249562	3171	1
S3112581	89	Port Input	14	1249562	3171	1
S3112581	89	Port Input	15	1249565	3174	1
S3112581	89	Port Input	14	1249565	3174	1
S3112581	89	Port Input	15	1249565	3174	1
S3112581	89	Port Input	14	1260212	13821	1
S3112581	89	Response	222	1260212	13821	1
S3112581	90	Sound	20	1260213	0	4			0		hit	1844
S3112581	90	Port Input	15	1263235	3023	1
S3112581	90	Port Input	14	1275611	15399	1
S3112581	90	Response	222	1275611	15399	1
S3112581	91	Sound	20	1275612	0	4			0		hit	1872
S3112581	91	Port Input	15	1278516	2904	1
S3112581	91	Port Input	14	1278516	2904	1
S3112581	91	Port Input	15	1278517	2905	1
S3112581	91	Port Input	14	1278518	2906	1
S3112581	91	Port Input	15	1278518	2906	1
S3112581	91	Port Input	14	1278518	2906	1
S3112581	91	Port Input	15	1278519	2907	1
S3112581	91	Port Input	14	1278519	2907	1
S3112581	91	Port Input	15	1278519	2907	1
S3112581	91	Port Input	14	1278519	2907	1
S3112581	91	Port Input	15	1278519	2907	1
S3112581	91	Port Input	14	1278520	2908	1
S3112581	91	Port Input	15	1278521	2909	1
S3112581	91	Port Input	14	1278521	2909	1
S3112581	91	Port Input	15	1278521	2909	1
S3112581	91	Port Input	14	1278522	2910	1
S3112581	91	Port Input	15	1278522	2910	1
S3112581	91	Port Input	14	1278522	2910	1
S3112581	91	Port Input	15	1278523	2911	1
S3112581	91	Port Input	14	1278523	2911	1
S3112581	91	Port Input	15	1278523	2911	1
S3112581	91	Port Input	14	1278523	2911	1
S3112581	91	Port Input	15	1278523	2911	1
S3112581	91	Port Input	14	1278523	2911	1
S3112581	91	Port Input	15	1278523	2911	1
S3112581	91	Port Input	14	1289498	13886	1
S3112581	91	Response	222	1289498	13886	1
S3112581	91	Port Input	15	1289498	13886	1
S3112581	91	Port Input	14	1289498	13886	1
S3112581	92	Sound	20	1289499	0	5			0		hit	1878
S3112581	92	Port Input	15	1292746	3248	1
S3112581	92	Port Input	14	1303555	14056	1
S3112581	92	Response	222	1303555	14056	1
S3112581	93	Sound	20	1303555	0	5			0		hit	1886
S3112581	93	Port Input	15	1306753	3198	1
S3112581	93	Port Input	14	1306753	3198	1
S3112581	93	Port Input	15	1306754	3198	1
S3112581	93	Port Input	14	1306754	3198	1
S3112581	93	Port Input	15	1306754	3198	1
S3112581	93	Port Input	14	1318805	15250	1
S3112581	93	Response	222	1318805	15250	1
S3112581	93	Port Input	15	1318806	15250	1
S3112581	93	Port Input	14	1318806	15250	1
S3112581	94	Sound	20	1318806	0	4			0		hit	1920
S3112581	94	Port Input	15	1321894	3088	1
S3112581	94	Port Input	14	1321894	3088	1
S3112581	94	Port Input	15	1321938	3132	1
S3112581	94	Port Input	14	1321938	3132	1
S3112581	94	Port Input	15	1321956	3150	1
S3112581	94	Port Input	14	1321956	3150	1
S3112581	94	Port Input	15	1321961	3155	1
S3112581	94	Port Input	14	1321961	3155	1
S3112581	94	Port Input	15	1321962	3156	1
S3112581	94	Port Input	14	1321962	3156	1
S3112581	94	Port Input	15	1321974	3168	1
S3112581	94	Port Input	14	1321974	3168	1
S3112581	94	Port Input	15	1321978	3172	1
S3112581	94	Port Input	14	1321978	3172	1
S3112581	94	Port Input	15	1321979	3173	1
S3112581	94	Port Input	14	1321979	3173	1
S3112581	94	Port Input	15	1321982	3176	1
S3112581	94	Port Input	14	1321982	3176	1
S3112581	94	Port Input	15	1322203	3397	1
S3112581	94	Port Input	14	1322203	3397	1
S3112581	94	Port Input	15	1322204	3398	1
S3112581	94	Port Input	14	1322204	3398	1
S3112581	94	Port Input	15	1322206	3400	1
S3112581	94	Port Input	14	1322206	3400	1
S3112581	94	Port Input	15	1322208	3402	1
S3112581	94	Port Input	14	1322208	3402	1
S3112581	94	Port Input	15	1322213	3407	1
S3112581	94	Port Input	14	1322213	3407	1
S3112581	94	Port Input	15	1322214	3408	1
S3112581	94	Port Input	14	1332985	14179	1
S3112581	94	Response	222	1332985	14179	1
S3112581	94	Port Input	15	1332986	14180	1
S3112581	94	Port Input	14	1332986	14180	4
S3112581	95	Sound	20	1332986	0	4			0		hit	1938
S3112581	95	Port Input	15	1333247	260	1
S3112581	95	Port Input	14	1333247	261	1
S3112581	95	Port Input	15	1333248	262	1
S3112581	95	Port Input	14	1333248	262	1
S3112581	95	Port Input	15	1336933	3947	1
S3112581	95	Port Input	14	1336933	3947	1
S3112581	95	Port Input	15	1336933	3947	1
S3112581	95	Port Input	14	1336933	3947	1
S3112581	95	Port Input	15	1336933	3947	1
S3112581	95	Port Input	14	1336933	3947	1
S3112581	95	Port Input	15	1336934	3947	1
S3112581	95	Port Input	14	1336934	3948	1
S3112581	95	Port Input	15	1336934	3948	1
S3112581	95	Port Input	14	1346426	13440	1
S3112581	95	Response	222	1346426	13440	1
S3112581	96	Sound	20	1346427	0	4			0		hit	1946
S3112581	96	Port Input	15	1348879	2452	1
S3112581	96	Port Input	14	1348879	2452	1
S3112581	96	Port Input	15	1348879	2452	1
S3112581	96	Port Input	14	1348879	2452	1
S3112581	96	Port Input	15	1348880	2453	1
S3112581	96	Port Input	14	1358941	12514	1
S3112581	96	Response	222	1358941	12514	1
S3112581	97	Sound	20	1358942	0	4			0		hit	1954
S3112581	97	Port Input	15	1363057	4116	1
S3112581	97	Port Input	14	1363057	4116	1
S3112581	97	Port Input	15	1363058	4116	1
S3112581	97	Port Input	14	1363058	4116	1
S3112581	97	Port Input	15	1363058	4116	1
S3112581	97	Port Input	14	1373422	14480	1
S3112581	97	Response	222	1373422	14480	1
S3112581	98	Sound	20	1373422	0	4			0		hit	1960
S3112581	98	Port Input	15	1376688	3265	1
S3112581	98	Port Input	14	1376688	3265	1
S3112581	98	Port Input	15	1376688	3265	1
S3112581	98	Port Input	14	1387448	14025	1
S3112581	98	Response	222	1387448	14025	1
S3112581	99	Sound	20	1387449	0	4			0		hit	1968
S3112581	99	Port Input	15	1391116	3668	1
S3112581	99	Port Input	14	1391116	3668	1
S3112581	99	Port Input	15	1391117	3668	1
S3112581	99	Port Input	14	1391117	3668	1
S3112581	99	Port Input	15	1391117	3668	1
S3112581	99	Port Input	14	1402458	15010	1
S3112581	99	Response	222	1402458	15010	1
S3112581	100	Sound	20	1402459	0	4			0		hit	1972
S3112581	100	Port Input	15	1405383	2924	1
S3112581	100	Port Input	14	1417537	15078	1
S3112581	100	Response	222	1417537	15078	1
S3112581	101	Sound	20	1417537	0	4			0		hit	2000
S3112581	101	Port Input	15	1421090	3552	1
S3112581	101	Port Input	14	1421090	3552	1
S3112581	101	Port Input	15	1421092	3554	1
S3112581	101	Port Input	14	1421092	3554	1
S3112581	101	Port Input	15	1421093	3556	1
S3112581	101	Port Input	14	1421093	3556	1
S3112581	101	Port Input	15	1421093	3556	1
S3112581	101	Port Input	14	1421093	3556	1
S3112581	101	Port Input	15	1421096	3559	1
S3112581	101	Port Input	14	1421096	3559	1
S3112581	101	Port Input	15	1421097	3559	1
S3112581	101	Port Input	14	1421097	3559	1
S3112581	101	Port Input	15	1421097	3560	1
S3112581	101	Port Input	14	1421097	3560	1
S3112581	101	Port Input	15	1421098	3560	1
S3112581	101	Port Input	14	1421098	3560	1
S3112581	101	Port Input	15	1421099	3561	1
S3112581	101	Port Input	14	1421099	3561	1
S3112581	101	Port Input	15	1421099	3561	1
S3112581	101	Port Input	14	1421099	3561	1
S3112581	101	Port Input	15	1421099	3561	1
S3112581	101	Port Input	14	1421099	3562	1
S3112581	101	Port Input	15	1421099	3562	1
S3112581	101	Port Input	14	1421099	3562	1
S3112581	101	Port Input	15	1421099	3562	1
S3112581	101	Port Input	14	1431815	14278	1
S3112581	101	Response	222	1431815	14278	1
S3112581	102	Sound	20	1431816	0	4			0		other	0
S3112581	102	Port Input	15	1434648	2832	1
S3112581	102	Port Input	14	1434648	2832	1
S3112581	102	Port Input	15	1434648	2832	1
S3112581	102	Port Input	14	1434648	2832	1
S3112581	102	Port Input	15	1434648	2832	1
S3112581	103	Port Input	14	1446344	4528	1
S3112581	103	Response	20	1446344	4528	1
S3112581	103	Port Input	15	1451649	9833	1
S3112581	103	Port Input	14	1451649	9833	1
S3112581	103	Port Input	15	1451649	9833	1
S3112581	104	Port Input	14	1461523	9688	1
S3112581	104	Response	20	1461523	9688	1
S3112581	104	Port Input	15	1465894	14059	1
S3112581	104	Port Input	14	1465894	14059	1
S3112581	104	Port Input	15	1465895	14061	1
S3112581	104	Port Input	14	1465895	14061	1
S3112581	104	Port Input	15	1465895	14061	1
S3112581	104	Port Input	14	1465896	14061	1
S3112581	104	Port Input	15	1465896	14061	1
S3112581	104	Port Input	14	1465896	14061	1
S3112581	104	Port Input	15	1465896	14062	1
S3112581	104	Port Input	14	1465896	14062	1
S3112581	104	Port Input	15	1465898	14063	1
S3112581	104	Port Input	14	1465898	14063	1
S3112581	104	Port Input	15	1465898	14063	1
S3112581	104	Port Input	14	1478573	26739	31
S3112581	104	Response	20	1478573	26739	31

The following output port codes were not sent because of a conflict on the port.
Port	Code	Time(ms)
1	20	143191
