Scenario - Push Button + tone (0ms)
Logfile written - 06/27/2023 13:32:22

Subject	Trial	Event Type	Code	Time	TTime	Uncertainty	Duration	Uncertainty	ReqTime	ReqDur	Stim Type	Pair Index

S3110475	1	Picture	start	61	0	1	40554	1	0	next	other	0
S3110475	3	Nothing	nothing	45116	0	1			0		hit	4
S3110475	3	Port Input	14	82357	37241	1
S3110475	3	Response	222	82357	37241	1
S3110475	4	Sound	20	82369	0	288			0		hit	14
S3110475	4	Port Input	15	85272	2904	1
S3110475	4	Port Input	14	85272	2904	1
S3110475	4	Port Input	15	85273	2904	1
S3110475	4	Port Input	14	85273	2904	1
S3110475	4	Port Input	15	85273	2904	1
S3110475	4	Port Input	14	85273	2905	1
S3110475	4	Port Input	15	85273	2905	1
S3110475	4	Port Input	14	105434	23065	1
S3110475	4	Response	222	105434	23065	1
S3110475	4	Port Input	15	105434	23066	5
S3110475	5	Sound	20	105435	0	5			0		hit	62
S3110475	5	Port Input	14	105445	11	1
S3110475	5	Port Input	15	105445	11	1
S3110475	5	Port Input	14	105446	11	1
S3110475	5	Port Input	15	105446	12	1
S3110475	5	Port Input	14	105447	12	1
S3110475	5	Port Input	15	105448	14	1
S3110475	5	Port Input	14	105448	14	1
S3110475	5	Port Input	15	105448	14	1
S3110475	5	Port Input	14	105448	14	1
S3110475	5	Port Input	15	105449	14	1
S3110475	5	Port Input	14	105449	14	1
S3110475	5	Port Input	15	105450	15	1
S3110475	5	Port Input	14	105450	15	1
S3110475	5	Port Input	15	105450	16	1
S3110475	5	Port Input	14	105450	16	1
S3110475	5	Port Input	15	105451	16	1
S3110475	5	Port Input	14	105451	17	1
S3110475	5	Port Input	15	105451	17	1
S3110475	5	Port Input	14	105451	17	1
S3110475	5	Port Input	15	105452	17	1
S3110475	5	Port Input	14	105452	17	1
S3110475	5	Port Input	15	105452	18	1
S3110475	5	Port Input	14	105452	18	1
S3110475	5	Port Input	15	105453	18	1
S3110475	5	Port Input	14	105453	18	1
S3110475	5	Port Input	15	105453	19	1
S3110475	5	Port Input	14	105453	19	1
S3110475	5	Port Input	15	105454	20	1
S3110475	5	Port Input	14	105454	20	1
S3110475	5	Port Input	15	107550	2115	1
S3110475	5	Port Input	14	107550	2115	1
S3110475	5	Port Input	15	107551	2116	1
S3110475	5	Port Input	14	107551	2116	1
S3110475	5	Port Input	15	107551	2116	1
S3110475	5	Port Input	14	107551	2116	1
S3110475	5	Port Input	15	107551	2117	1
S3110475	5	Port Input	14	107551	2117	1
S3110475	5	Port Input	15	107551	2117	1
S3110475	5	Port Input	14	107552	2117	1
S3110475	5	Port Input	15	107552	2117	1
S3110475	5	Port Input	14	107552	2117	1
S3110475	5	Port Input	15	107553	2118	1
S3110475	5	Port Input	14	107553	2118	1
S3110475	5	Port Input	15	107553	2118	1
S3110475	5	Port Input	14	127940	22505	1
S3110475	5	Response	222	127940	22505	1
S3110475	5	Port Input	15	127941	22506	5
S3110475	6	Sound	20	127941	0	5			0		hit	132
S3110475	6	Port Input	14	127952	11	1
S3110475	6	Port Input	15	127952	11	1
S3110475	6	Port Input	14	127952	12	1
S3110475	6	Port Input	15	127953	12	1
S3110475	6	Port Input	14	127953	12	1
S3110475	6	Port Input	15	127954	13	1
S3110475	6	Port Input	14	127955	15	1
S3110475	6	Port Input	15	127956	15	1
S3110475	6	Port Input	14	127956	16	1
S3110475	6	Port Input	15	127957	16	1
S3110475	6	Port Input	14	127957	16	1
S3110475	6	Port Input	15	127957	17	1
S3110475	6	Port Input	14	127957	17	1
S3110475	6	Port Input	15	127959	18	1
S3110475	6	Port Input	14	127960	19	1
S3110475	6	Port Input	15	127961	20	1
S3110475	6	Port Input	14	127962	22	1
S3110475	6	Port Input	15	127963	22	1
S3110475	6	Port Input	14	127963	22	1
S3110475	6	Port Input	15	127963	22	1
S3110475	6	Port Input	14	127963	22	1
S3110475	6	Port Input	15	127963	23	1
S3110475	6	Port Input	14	127964	23	1
S3110475	6	Port Input	15	127964	23	1
S3110475	6	Port Input	14	127964	24	1
S3110475	6	Port Input	15	127966	25	1
S3110475	6	Port Input	14	127966	25	1
S3110475	6	Port Input	15	127966	26	1
S3110475	6	Port Input	14	127966	26	1
S3110475	6	Port Input	15	127971	30	1
S3110475	6	Port Input	14	127971	30	1
S3110475	6	Port Input	15	127972	32	1
S3110475	6	Port Input	14	127972	32	1
S3110475	6	Port Input	15	127973	33	1
S3110475	6	Port Input	14	127973	33	1
S3110475	6	Port Input	15	127974	33	1
S3110475	6	Port Input	14	127974	33	1
S3110475	6	Port Input	15	127974	33	1
S3110475	6	Port Input	14	127974	33	1
S3110475	6	Port Input	15	127974	33	1
S3110475	6	Port Input	14	127974	34	1
S3110475	6	Port Input	15	127975	34	1
S3110475	6	Port Input	14	127975	34	1
S3110475	6	Port Input	15	127984	43	1
S3110475	6	Port Input	14	127984	43	1
S3110475	6	Port Input	15	130049	2109	1
S3110475	6	Port Input	14	130049	2109	1
S3110475	6	Port Input	15	130049	2109	1
S3110475	6	Port Input	14	130049	2109	1
S3110475	6	Port Input	15	130050	2109	1
S3110475	6	Port Input	14	130050	2109	1
S3110475	6	Port Input	15	130050	2109	1
S3110475	6	Port Input	14	130050	2109	1
S3110475	6	Port Input	15	130050	2109	1
S3110475	6	Port Input	14	130050	2109	1
S3110475	6	Port Input	15	130050	2109	1
S3110475	6	Port Input	14	130050	2110	1
S3110475	6	Port Input	15	130050	2110	1
S3110475	6	Port Input	14	130050	2110	1
S3110475	6	Port Input	15	130051	2110	1
S3110475	6	Port Input	14	130051	2110	1
S3110475	6	Port Input	15	130057	2116	1
S3110475	6	Port Input	14	130057	2117	1
S3110475	6	Port Input	15	130057	2117	1
S3110475	6	Port Input	14	130057	2117	1
S3110475	6	Port Input	15	130058	2117	1
S3110475	6	Port Input	14	149690	21750	1
S3110475	6	Response	222	149690	21750	1
S3110475	7	Sound	20	149691	0	4			0		hit	136
S3110475	7	Port Input	15	151739	2048	1
S3110475	7	Port Input	14	171155	21464	1
S3110475	7	Response	222	171155	21464	1
S3110475	7	Port Input	15	171155	21464	1
S3110475	7	Port Input	14	171156	21464	5
S3110475	8	Sound	20	171156	0	5			0		hit	162
S3110475	8	Port Input	15	173128	1973	1
S3110475	8	Port Input	14	173128	1973	1
S3110475	8	Port Input	15	173132	1976	1
S3110475	8	Port Input	14	173132	1976	1
S3110475	8	Port Input	15	173134	1979	1
S3110475	8	Port Input	14	173134	1979	1
S3110475	8	Port Input	15	173137	1981	1
S3110475	8	Port Input	14	173137	1981	1
S3110475	8	Port Input	15	173139	1983	1
S3110475	8	Port Input	14	173139	1983	1
S3110475	8	Port Input	15	173139	1984	1
S3110475	8	Port Input	14	173139	1984	1
S3110475	8	Port Input	15	173141	1985	1
S3110475	8	Port Input	14	173141	1985	1
S3110475	8	Port Input	15	173142	1987	1
S3110475	8	Port Input	14	173142	1987	1
S3110475	8	Port Input	15	173143	1987	1
S3110475	8	Port Input	14	173143	1987	1
S3110475	8	Port Input	15	173143	1988	1
S3110475	8	Port Input	14	173143	1988	1
S3110475	8	Port Input	15	173144	1988	1
S3110475	8	Port Input	14	193239	22083	1
S3110475	8	Response	222	193239	22083	1
S3110475	9	Sound	20	193239	0	4			0		hit	228
S3110475	9	Port Input	15	193244	4	1
S3110475	9	Port Input	14	193244	4	1
S3110475	9	Port Input	15	193244	5	1
S3110475	9	Port Input	14	193244	5	1
S3110475	9	Port Input	15	193248	9	1
S3110475	9	Port Input	14	193248	9	1
S3110475	9	Port Input	15	193248	9	1
S3110475	9	Port Input	14	193248	9	1
S3110475	9	Port Input	15	193249	9	1
S3110475	9	Port Input	14	193249	9	1
S3110475	9	Port Input	15	193249	10	1
S3110475	9	Port Input	14	193250	10	1
S3110475	9	Port Input	15	193251	11	1
S3110475	9	Port Input	14	193251	11	1
S3110475	9	Port Input	15	193252	13	1
S3110475	9	Port Input	14	193252	13	1
S3110475	9	Port Input	15	193253	13	1
S3110475	9	Port Input	14	193253	13	1
S3110475	9	Port Input	15	193254	15	1
S3110475	9	Port Input	14	193254	15	1
S3110475	9	Port Input	15	193254	15	1
S3110475	9	Port Input	14	193254	15	1
S3110475	9	Port Input	15	193255	15	1
S3110475	9	Port Input	14	193255	15	1
S3110475	9	Port Input	15	193256	16	1
S3110475	9	Port Input	14	193256	16	1
S3110475	9	Port Input	15	193256	16	1
S3110475	9	Port Input	14	193256	16	1
S3110475	9	Port Input	15	193259	19	1
S3110475	9	Port Input	14	193259	19	1
S3110475	9	Port Input	15	193261	22	1
S3110475	9	Port Input	14	193261	22	1
S3110475	9	Port Input	15	193262	22	1
S3110475	9	Port Input	14	193262	22	1
S3110475	9	Port Input	15	193262	23	1
S3110475	9	Port Input	14	193262	23	1
S3110475	9	Port Input	15	193263	23	1
S3110475	9	Port Input	14	193263	23	1
S3110475	9	Port Input	15	193264	24	1
S3110475	9	Port Input	14	193264	24	1
S3110475	9	Port Input	15	193265	26	1
S3110475	9	Port Input	14	193265	26	1
S3110475	9	Port Input	15	193265	26	1
S3110475	9	Port Input	14	193265	26	1
S3110475	9	Port Input	15	193268	29	1
S3110475	9	Port Input	14	193268	29	1
S3110475	9	Port Input	15	194918	1679	1
S3110475	9	Port Input	14	194918	1679	1
S3110475	9	Port Input	15	194919	1680	1
S3110475	9	Port Input	14	194919	1680	1
S3110475	9	Port Input	15	194919	1680	1
S3110475	9	Port Input	14	194919	1680	1
S3110475	9	Port Input	15	194920	1680	1
S3110475	9	Port Input	14	194920	1680	1
S3110475	9	Port Input	15	194920	1680	1
S3110475	9	Port Input	14	194920	1680	1
S3110475	9	Port Input	15	194920	1681	1
S3110475	9	Port Input	14	194920	1681	1
S3110475	9	Port Input	15	194921	1681	1
S3110475	9	Port Input	14	194921	1681	1
S3110475	9	Port Input	15	194921	1681	1
S3110475	9	Port Input	14	194921	1681	1
S3110475	9	Port Input	15	194921	1681	1
S3110475	9	Port Input	14	215178	21939	1
S3110475	9	Response	222	215178	21939	1
S3110475	9	Port Input	15	215179	21939	1
S3110475	9	Port Input	14	215179	21939	1
S3110475	10	Sound	20	215179	0	5			0		hit	290
S3110475	10	Port Input	15	215183	4	1
S3110475	10	Port Input	14	215183	4	1
S3110475	10	Port Input	15	215184	5	1
S3110475	10	Port Input	14	215184	5	1
S3110475	10	Port Input	15	215184	5	1
S3110475	10	Port Input	14	215184	5	1
S3110475	10	Port Input	15	215185	6	1
S3110475	10	Port Input	14	215186	7	1
S3110475	10	Port Input	15	215186	7	1
S3110475	10	Port Input	14	215186	7	1
S3110475	10	Port Input	15	215187	8	1
S3110475	10	Port Input	14	215187	8	1
S3110475	10	Port Input	15	215187	8	1
S3110475	10	Port Input	14	215187	8	1
S3110475	10	Port Input	15	215187	8	1
S3110475	10	Port Input	14	215187	8	1
S3110475	10	Port Input	15	215188	9	1
S3110475	10	Port Input	14	215188	9	1
S3110475	10	Port Input	15	215189	10	1
S3110475	10	Port Input	14	215189	10	1
S3110475	10	Port Input	15	215190	11	1
S3110475	10	Port Input	14	215190	11	1
S3110475	10	Port Input	15	215191	12	1
S3110475	10	Port Input	14	215191	12	1
S3110475	10	Port Input	15	215192	12	1
S3110475	10	Port Input	14	215192	13	1
S3110475	10	Port Input	15	215193	14	1
S3110475	10	Port Input	14	215193	14	1
S3110475	10	Port Input	15	215195	16	1
S3110475	10	Port Input	14	215195	16	1
S3110475	10	Port Input	15	215196	16	1
S3110475	10	Port Input	14	215196	16	1
S3110475	10	Port Input	15	215196	17	1
S3110475	10	Port Input	14	215196	17	1
S3110475	10	Port Input	15	216644	1465	1
S3110475	10	Port Input	14	216644	1465	1
S3110475	10	Port Input	15	216649	1470	1
S3110475	10	Port Input	14	216649	1470	1
S3110475	10	Port Input	15	216651	1472	1
S3110475	10	Port Input	14	216651	1472	1
S3110475	10	Port Input	15	216651	1472	1
S3110475	10	Port Input	14	216651	1472	1
S3110475	10	Port Input	15	216654	1475	1
S3110475	10	Port Input	14	216654	1475	1
S3110475	10	Port Input	15	216656	1477	1
S3110475	10	Port Input	14	216656	1477	1
S3110475	10	Port Input	15	216657	1478	1
S3110475	10	Port Input	14	216657	1478	1
S3110475	10	Port Input	15	216659	1479	1
S3110475	10	Port Input	14	216659	1479	1
S3110475	10	Port Input	15	216662	1483	1
S3110475	10	Port Input	14	216662	1483	1
S3110475	10	Port Input	15	216664	1485	1
S3110475	10	Port Input	14	216664	1485	1
S3110475	10	Port Input	15	216665	1486	1
S3110475	10	Port Input	14	216665	1486	1
S3110475	10	Port Input	15	216666	1487	1
S3110475	10	Port Input	14	236618	21439	1
S3110475	10	Response	222	236618	21439	1
S3110475	11	Sound	20	236619	0	4			0		hit	614
S3110475	11	Port Input	15	237034	415	1
S3110475	11	Port Input	14	237034	415	1
S3110475	11	Port Input	15	237035	416	1
S3110475	11	Port Input	14	237035	416	1
S3110475	11	Port Input	15	237037	418	1
S3110475	11	Port Input	14	237037	418	1
S3110475	11	Port Input	15	237037	418	1
S3110475	11	Port Input	14	237037	418	1
S3110475	11	Port Input	15	237040	421	1
S3110475	11	Port Input	14	237040	421	1
S3110475	11	Port Input	15	237041	422	1
S3110475	11	Port Input	14	237042	422	1
S3110475	11	Port Input	15	237042	423	1
S3110475	11	Port Input	14	237042	423	1
S3110475	11	Port Input	15	237043	423	1
S3110475	11	Port Input	14	237043	424	1
S3110475	11	Port Input	15	237043	424	1
S3110475	11	Port Input	14	237043	424	1
S3110475	11	Port Input	15	237044	425	1
S3110475	11	Port Input	14	237044	425	1
S3110475	11	Port Input	15	237045	426	1
S3110475	11	Port Input	14	237045	426	1
S3110475	11	Port Input	15	237046	427	1
S3110475	11	Port Input	14	237046	427	1
S3110475	11	Port Input	15	237050	431	1
S3110475	11	Port Input	14	237050	431	1
S3110475	11	Port Input	15	237051	432	1
S3110475	11	Port Input	14	237051	432	1
S3110475	11	Port Input	15	237051	432	1
S3110475	11	Port Input	14	237051	432	1
S3110475	11	Port Input	15	237052	433	1
S3110475	11	Port Input	14	237052	433	1
S3110475	11	Port Input	15	237053	434	1
S3110475	11	Port Input	14	237053	434	1
S3110475	11	Port Input	15	237054	435	1
S3110475	11	Port Input	14	237054	435	1
S3110475	11	Port Input	15	237054	435	1
S3110475	11	Port Input	14	237054	435	1
S3110475	11	Port Input	15	237057	438	1
S3110475	11	Port Input	14	237057	438	1
S3110475	11	Port Input	15	237059	440	1
S3110475	11	Port Input	14	237059	440	1
S3110475	11	Port Input	15	237059	440	1
S3110475	11	Port Input	14	237059	440	1
S3110475	11	Port Input	15	237060	441	1
S3110475	11	Port Input	14	237060	441	1
S3110475	11	Port Input	15	237061	442	1
S3110475	11	Port Input	14	237061	442	1
S3110475	11	Port Input	15	237063	444	1
S3110475	11	Port Input	14	237063	444	1
S3110475	11	Port Input	15	237063	444	1
S3110475	11	Port Input	14	237064	444	1
S3110475	11	Port Input	15	237064	445	1
S3110475	11	Port Input	14	237064	445	1
S3110475	11	Port Input	15	237065	446	1
S3110475	11	Port Input	14	237065	446	1
S3110475	11	Port Input	15	237065	446	1
S3110475	11	Port Input	14	237065	446	1
S3110475	11	Port Input	15	237066	446	1
S3110475	11	Port Input	14	237066	447	1
S3110475	11	Port Input	15	237066	447	1
S3110475	11	Port Input	14	237066	447	1
S3110475	11	Port Input	15	237067	448	1
S3110475	11	Port Input	14	237067	448	1
S3110475	11	Port Input	15	237068	449	1
S3110475	11	Port Input	14	237068	449	1
S3110475	11	Port Input	15	237068	449	1
S3110475	11	Port Input	14	237068	449	1
S3110475	11	Port Input	15	237070	451	1
S3110475	11	Port Input	14	237070	451	1
S3110475	11	Port Input	15	237070	451	1
S3110475	11	Port Input	14	237070	451	1
S3110475	11	Port Input	15	237071	452	1
S3110475	11	Port Input	14	237071	452	1
S3110475	11	Port Input	15	237071	452	1
S3110475	11	Port Input	14	237071	452	1
S3110475	11	Port Input	15	237072	453	1
S3110475	11	Port Input	14	237072	453	1
S3110475	11	Port Input	15	237072	453	1
S3110475	11	Port Input	14	237072	453	1
S3110475	11	Port Input	15	237075	456	1
S3110475	11	Port Input	14	237075	456	1
S3110475	11	Port Input	15	237078	459	1
S3110475	11	Port Input	14	237078	459	1
S3110475	11	Port Input	15	237078	459	1
S3110475	11	Port Input	14	237078	459	1
S3110475	11	Port Input	15	237079	460	1
S3110475	11	Port Input	14	237079	460	1
S3110475	11	Port Input	15	237080	461	1
S3110475	11	Port Input	14	237080	461	1
S3110475	11	Port Input	15	237086	467	1
S3110475	11	Port Input	14	237086	467	1
S3110475	11	Port Input	15	237086	467	1
S3110475	11	Port Input	14	237086	467	1
S3110475	11	Port Input	15	237087	468	1
S3110475	11	Port Input	14	237087	468	1
S3110475	11	Port Input	15	237093	474	1
S3110475	11	Port Input	14	237093	474	1
S3110475	11	Port Input	15	237093	474	1
S3110475	11	Port Input	14	237093	474	1
S3110475	11	Port Input	15	237093	474	1
S3110475	11	Port Input	14	237093	474	1
S3110475	11	Port Input	15	237094	475	1
S3110475	11	Port Input	14	237094	475	1
S3110475	11	Port Input	15	237101	482	1
S3110475	11	Port Input	14	237101	482	1
S3110475	11	Port Input	15	237102	483	1
S3110475	11	Port Input	14	237102	483	1
S3110475	11	Port Input	15	237102	483	1
S3110475	11	Port Input	14	237102	483	1
S3110475	11	Port Input	15	237103	483	1
S3110475	11	Port Input	14	237103	484	1
S3110475	11	Port Input	15	237103	484	1
S3110475	11	Port Input	14	237103	484	1
S3110475	11	Port Input	15	237103	484	1
S3110475	11	Port Input	14	237103	484	1
S3110475	11	Port Input	15	237103	484	1
S3110475	11	Port Input	14	237103	484	1
S3110475	11	Port Input	15	237105	486	1
S3110475	11	Port Input	14	237106	486	1
S3110475	11	Port Input	15	237106	487	1
S3110475	11	Port Input	14	237106	487	1
S3110475	11	Port Input	15	237106	487	1
S3110475	11	Port Input	14	237106	487	1
S3110475	11	Port Input	15	237107	488	1
S3110475	11	Port Input	14	237107	488	1
S3110475	11	Port Input	15	237108	489	1
S3110475	11	Port Input	14	237108	489	1
S3110475	11	Port Input	15	237108	489	1
S3110475	11	Port Input	14	237108	489	1
S3110475	11	Port Input	15	237109	490	1
S3110475	11	Port Input	14	237109	490	1
S3110475	11	Port Input	15	237109	490	1
S3110475	11	Port Input	14	237109	490	1
S3110475	11	Port Input	15	237109	490	1
S3110475	11	Port Input	14	237109	490	1
S3110475	11	Port Input	15	237110	491	1
S3110475	11	Port Input	14	237110	491	1
S3110475	11	Port Input	15	237110	491	1
S3110475	11	Port Input	14	237110	491	1
S3110475	11	Port Input	15	237115	496	1
S3110475	11	Port Input	14	237115	496	1
S3110475	11	Port Input	15	237115	496	1
S3110475	11	Port Input	14	237115	496	1
S3110475	11	Port Input	15	237116	497	1
S3110475	11	Port Input	14	237116	497	1
S3110475	11	Port Input	15	237117	498	1
S3110475	11	Port Input	14	237117	498	1
S3110475	11	Port Input	15	237119	500	1
S3110475	11	Port Input	14	237119	500	1
S3110475	11	Port Input	15	237119	500	1
S3110475	11	Port Input	14	237119	500	1
S3110475	11	Port Input	15	237120	501	1
S3110475	11	Port Input	14	237120	501	1
S3110475	11	Port Input	15	237120	501	1
S3110475	11	Port Input	14	237120	501	1
S3110475	11	Port Input	15	237129	510	1
S3110475	11	Port Input	14	237129	510	1
S3110475	11	Port Input	15	237130	511	1
S3110475	11	Port Input	14	237130	511	1
S3110475	11	Port Input	15	237131	512	1
S3110475	11	Port Input	14	237131	512	1
S3110475	11	Port Input	15	237135	516	1
S3110475	11	Port Input	14	237135	516	1
S3110475	11	Port Input	15	237135	516	1
S3110475	11	Port Input	14	237136	516	1
S3110475	11	Port Input	15	237136	517	1
S3110475	11	Port Input	14	237136	517	1
S3110475	11	Port Input	15	237144	525	1
S3110475	11	Port Input	14	237144	525	1
S3110475	11	Port Input	15	237214	595	1
S3110475	11	Port Input	14	237214	595	1
S3110475	11	Port Input	15	237231	612	1
S3110475	11	Port Input	14	237231	612	1
S3110475	11	Port Input	15	237452	833	1
S3110475	11	Port Input	14	237452	833	1
S3110475	11	Port Input	15	237593	974	1
S3110475	11	Port Input	14	237593	974	1
S3110475	11	Port Input	15	238150	1531	1
S3110475	11	Port Input	14	238150	1531	1
S3110475	11	Port Input	15	238155	1536	1
S3110475	11	Port Input	14	238155	1536	1
S3110475	11	Port Input	15	238156	1537	1
S3110475	11	Port Input	14	238156	1537	1
S3110475	11	Port Input	15	238162	1543	1
S3110475	11	Port Input	14	238162	1543	1
S3110475	11	Port Input	15	238162	1543	1
S3110475	11	Port Input	14	238163	1543	1
S3110475	11	Port Input	15	238164	1545	1
S3110475	11	Port Input	14	238164	1545	1
S3110475	11	Port Input	15	238165	1546	1
S3110475	11	Port Input	14	238165	1546	1
S3110475	11	Port Input	15	238167	1548	1
S3110475	11	Port Input	14	238167	1548	1
S3110475	11	Port Input	15	238169	1550	1
S3110475	11	Port Input	14	238169	1550	1
S3110475	11	Port Input	15	238169	1550	1
S3110475	11	Port Input	14	238169	1550	1
S3110475	11	Port Input	15	238170	1551	1
S3110475	11	Port Input	14	238170	1551	1
S3110475	11	Port Input	15	238171	1552	1
S3110475	11	Port Input	14	238171	1552	1
S3110475	11	Port Input	15	238171	1552	1
S3110475	11	Port Input	14	238171	1552	1
S3110475	11	Port Input	15	238172	1553	1
S3110475	11	Port Input	14	238172	1553	1
S3110475	11	Port Input	15	238174	1555	1
S3110475	11	Port Input	14	238174	1555	1
S3110475	11	Port Input	15	238174	1555	1
S3110475	11	Port Input	14	238174	1555	1
S3110475	11	Port Input	15	238176	1557	1
S3110475	11	Port Input	14	238176	1557	1
S3110475	11	Port Input	15	238176	1557	1
S3110475	11	Port Input	14	238176	1557	1
S3110475	11	Port Input	15	238178	1559	1
S3110475	11	Port Input	14	238178	1559	1
S3110475	11	Port Input	15	238186	1567	1
S3110475	11	Port Input	14	238186	1567	1
S3110475	11	Port Input	15	238188	1569	1
S3110475	11	Port Input	14	238188	1569	1
S3110475	11	Port Input	15	238191	1572	1
S3110475	11	Port Input	14	238191	1572	1
S3110475	11	Port Input	15	238194	1575	1
S3110475	11	Port Input	14	238194	1575	1
S3110475	11	Port Input	15	238195	1576	1
S3110475	11	Port Input	14	238195	1576	1
S3110475	11	Port Input	15	238196	1577	1
S3110475	11	Port Input	14	238196	1577	1
S3110475	11	Port Input	15	238196	1577	1
S3110475	11	Port Input	14	238196	1577	1
S3110475	11	Port Input	15	238196	1577	1
S3110475	11	Port Input	14	238196	1577	1
S3110475	11	Port Input	15	238202	1582	1
S3110475	11	Port Input	14	238202	1582	1
S3110475	11	Port Input	15	238203	1584	1
S3110475	11	Port Input	14	238203	1584	1
S3110475	11	Port Input	15	238206	1587	1
S3110475	11	Port Input	14	238206	1587	1
S3110475	11	Port Input	15	238206	1587	1
S3110475	11	Port Input	14	238206	1587	1
S3110475	11	Port Input	15	238207	1588	1
S3110475	11	Port Input	14	238207	1588	1
S3110475	11	Port Input	15	238208	1589	1
S3110475	11	Port Input	14	238208	1589	1
S3110475	11	Port Input	15	238211	1592	1
S3110475	11	Port Input	14	238211	1592	1
S3110475	11	Port Input	15	238212	1593	1
S3110475	11	Port Input	14	238213	1593	1
S3110475	11	Port Input	15	238218	1599	1
S3110475	11	Port Input	14	238218	1599	1
S3110475	11	Port Input	15	238220	1601	1
S3110475	11	Port Input	14	238220	1601	1
S3110475	11	Port Input	15	238221	1602	1
S3110475	11	Port Input	14	238221	1602	1
S3110475	11	Port Input	15	238222	1603	1
S3110475	11	Port Input	14	238222	1603	1
S3110475	11	Port Input	15	238222	1603	1
S3110475	11	Port Input	14	238222	1603	1
S3110475	11	Port Input	15	238224	1605	1
S3110475	11	Port Input	14	238224	1605	1
S3110475	11	Port Input	15	238224	1605	1
S3110475	11	Port Input	14	238224	1605	1
S3110475	11	Port Input	15	238225	1606	1
S3110475	11	Port Input	14	238225	1606	1
S3110475	11	Port Input	15	238230	1611	1
S3110475	11	Port Input	14	238230	1611	1
S3110475	11	Port Input	15	238231	1612	1
S3110475	11	Port Input	14	238231	1612	1
S3110475	11	Port Input	15	238235	1616	1
S3110475	11	Port Input	14	238235	1616	1
S3110475	11	Port Input	15	238235	1616	1
S3110475	11	Port Input	14	238235	1616	1
S3110475	11	Port Input	15	238236	1617	1
S3110475	11	Port Input	14	238236	1617	1
S3110475	11	Port Input	15	238236	1617	1
S3110475	11	Port Input	14	238236	1617	1
S3110475	11	Port Input	15	238237	1618	1
S3110475	11	Port Input	14	238237	1618	1
S3110475	11	Port Input	15	238239	1620	1
S3110475	11	Port Input	14	238239	1620	1
S3110475	11	Port Input	15	238239	1620	1
S3110475	11	Port Input	14	238239	1620	1
S3110475	11	Port Input	15	238239	1620	1
S3110475	11	Port Input	14	238239	1620	1
S3110475	11	Port Input	15	238241	1622	1
S3110475	11	Port Input	14	238241	1622	1
S3110475	11	Port Input	15	238241	1622	1
S3110475	11	Port Input	14	238241	1622	1
S3110475	11	Port Input	15	238241	1622	1
S3110475	11	Port Input	14	238241	1622	1
S3110475	11	Port Input	15	238243	1624	1
S3110475	11	Port Input	14	238243	1624	1
S3110475	11	Port Input	15	238243	1624	1
S3110475	11	Port Input	14	238243	1624	1
S3110475	11	Port Input	15	238248	1629	1
S3110475	11	Port Input	14	238248	1629	1
S3110475	11	Port Input	15	238248	1629	1
S3110475	11	Port Input	14	238248	1629	1
S3110475	11	Port Input	15	238251	1632	1
S3110475	11	Port Input	14	238251	1632	1
S3110475	11	Port Input	15	238252	1633	1
S3110475	11	Port Input	14	238252	1633	1
S3110475	11	Port Input	15	238253	1634	1
S3110475	11	Port Input	14	238253	1634	1
S3110475	11	Port Input	15	238260	1641	1
S3110475	11	Port Input	14	238260	1641	1
S3110475	11	Port Input	15	238601	1982	1
S3110475	11	Port Input	14	238601	1982	1
S3110475	11	Port Input	15	238601	1982	1
S3110475	11	Port Input	14	238601	1982	1
S3110475	11	Port Input	15	238601	1982	1
S3110475	11	Port Input	14	238601	1982	1
S3110475	11	Port Input	15	238601	1982	1
S3110475	11	Port Input	14	238601	1982	1
S3110475	11	Port Input	15	238601	1982	1
S3110475	11	Port Input	14	238601	1982	1
S3110475	11	Port Input	15	238603	1984	1
S3110475	11	Port Input	14	238603	1984	1
S3110475	11	Port Input	15	238604	1985	1
S3110475	11	Port Input	14	238604	1985	1
S3110475	11	Port Input	15	238605	1986	1
S3110475	11	Port Input	14	258238	21619	1
S3110475	11	Response	222	258238	21619	1
S3110475	12	Sound	20	258238	0	5			0		hit	896
S3110475	12	Port Input	15	258505	267	1
S3110475	12	Port Input	14	258505	267	1
S3110475	12	Port Input	15	258508	270	1
S3110475	12	Port Input	14	258508	270	1
S3110475	12	Port Input	15	258514	276	1
S3110475	12	Port Input	14	258514	276	1
S3110475	12	Port Input	15	258517	279	1
S3110475	12	Port Input	14	258517	279	1
S3110475	12	Port Input	15	258518	280	1
S3110475	12	Port Input	14	258518	280	1
S3110475	12	Port Input	15	258521	282	1
S3110475	12	Port Input	14	258521	282	1
S3110475	12	Port Input	15	258522	283	1
S3110475	12	Port Input	14	258522	283	1
S3110475	12	Port Input	15	258522	283	1
S3110475	12	Port Input	14	258522	284	1
S3110475	12	Port Input	15	258524	286	1
S3110475	12	Port Input	14	258525	286	1
S3110475	12	Port Input	15	258527	288	1
S3110475	12	Port Input	14	258527	288	1
S3110475	12	Port Input	15	258527	289	1
S3110475	12	Port Input	14	258527	289	1
S3110475	12	Port Input	15	258528	289	1
S3110475	12	Port Input	14	258528	289	1
S3110475	12	Port Input	15	258528	290	1
S3110475	12	Port Input	14	258528	290	1
S3110475	12	Port Input	15	258529	290	1
S3110475	12	Port Input	14	258529	290	1
S3110475	12	Port Input	15	258529	290	1
S3110475	12	Port Input	14	258529	290	1
S3110475	12	Port Input	15	258529	290	1
S3110475	12	Port Input	14	258529	290	1
S3110475	12	Port Input	15	258530	291	1
S3110475	12	Port Input	14	258530	291	1
S3110475	12	Port Input	15	258530	291	1
S3110475	12	Port Input	14	258530	291	1
S3110475	12	Port Input	15	258534	296	1
S3110475	12	Port Input	14	258534	296	1
S3110475	12	Port Input	15	258535	296	1
S3110475	12	Port Input	14	258535	296	1
S3110475	12	Port Input	15	258535	296	1
S3110475	12	Port Input	14	258535	296	1
S3110475	12	Port Input	15	258535	297	1
S3110475	12	Port Input	14	258535	297	1
S3110475	12	Port Input	15	258536	298	1
S3110475	12	Port Input	14	258536	298	1
S3110475	12	Port Input	15	258536	298	1
S3110475	12	Port Input	14	258536	298	1
S3110475	12	Port Input	15	258537	298	1
S3110475	12	Port Input	14	258537	298	1
S3110475	12	Port Input	15	258537	298	1
S3110475	12	Port Input	14	258537	299	1
S3110475	12	Port Input	15	258541	303	1
S3110475	12	Port Input	14	258541	303	1
S3110475	12	Port Input	15	258542	303	1
S3110475	12	Port Input	14	258542	303	1
S3110475	12	Port Input	15	258542	303	1
S3110475	12	Port Input	14	258542	303	1
S3110475	12	Port Input	15	258542	304	1
S3110475	12	Port Input	14	258542	304	1
S3110475	12	Port Input	15	258543	304	1
S3110475	12	Port Input	14	258543	305	1
S3110475	12	Port Input	15	258543	305	1
S3110475	12	Port Input	14	258543	305	1
S3110475	12	Port Input	15	258544	305	1
S3110475	12	Port Input	14	258544	305	1
S3110475	12	Port Input	15	258544	306	1
S3110475	12	Port Input	14	258544	306	1
S3110475	12	Port Input	15	258545	306	1
S3110475	12	Port Input	14	258545	306	1
S3110475	12	Port Input	15	258545	307	1
S3110475	12	Port Input	14	258545	307	1
S3110475	12	Port Input	15	258545	307	1
S3110475	12	Port Input	14	258545	307	1
S3110475	12	Port Input	15	258545	307	1
S3110475	12	Port Input	14	258545	307	1
S3110475	12	Port Input	15	258546	307	1
S3110475	12	Port Input	14	258546	307	1
S3110475	12	Port Input	15	258546	308	1
S3110475	12	Port Input	14	258547	308	1
S3110475	12	Port Input	15	258547	309	1
S3110475	12	Port Input	14	258547	309	1
S3110475	12	Port Input	15	258548	309	1
S3110475	12	Port Input	14	258548	310	1
S3110475	12	Port Input	15	258548	310	1
S3110475	12	Port Input	14	258548	310	1
S3110475	12	Port Input	15	258549	311	1
S3110475	12	Port Input	14	258549	311	1
S3110475	12	Port Input	15	258550	311	1
S3110475	12	Port Input	14	258550	312	1
S3110475	12	Port Input	15	258551	313	1
S3110475	12	Port Input	14	258551	313	1
S3110475	12	Port Input	15	258552	313	1
S3110475	12	Port Input	14	258552	313	1
S3110475	12	Port Input	15	258552	314	1
S3110475	12	Port Input	14	258552	314	1
S3110475	12	Port Input	15	258553	314	1
S3110475	12	Port Input	14	258553	314	1
S3110475	12	Port Input	15	258553	314	1
S3110475	12	Port Input	14	258553	315	1
S3110475	12	Port Input	15	258553	315	1
S3110475	12	Port Input	14	258554	315	1
S3110475	12	Port Input	15	258554	316	1
S3110475	12	Port Input	14	258554	316	1
S3110475	12	Port Input	15	258556	317	1
S3110475	12	Port Input	14	258556	317	1
S3110475	12	Port Input	15	258558	320	1
S3110475	12	Port Input	14	258558	320	1
S3110475	12	Port Input	15	258567	328	1
S3110475	12	Port Input	14	258567	328	1
S3110475	12	Port Input	15	258568	330	1
S3110475	12	Port Input	14	258568	330	1
S3110475	12	Port Input	15	258571	332	1
S3110475	12	Port Input	14	258571	332	1
S3110475	12	Port Input	15	258572	334	1
S3110475	12	Port Input	14	258572	334	1
S3110475	12	Port Input	15	258575	336	1
S3110475	12	Port Input	14	258575	336	1
S3110475	12	Port Input	15	258578	340	1
S3110475	12	Port Input	14	258578	340	1
S3110475	12	Port Input	15	258579	341	1
S3110475	12	Port Input	14	258580	341	1
S3110475	12	Port Input	15	258586	348	1
S3110475	12	Port Input	14	258586	348	1
S3110475	12	Port Input	15	258599	360	1
S3110475	12	Port Input	14	258599	360	1
S3110475	12	Port Input	15	258604	365	1
S3110475	12	Port Input	14	258604	366	1
S3110475	12	Port Input	15	258610	372	1
S3110475	12	Port Input	14	258611	372	1
S3110475	12	Port Input	15	258639	400	1
S3110475	12	Port Input	14	258639	401	1
S3110475	12	Port Input	15	258660	422	1
S3110475	12	Port Input	14	258660	422	1
S3110475	12	Port Input	15	258665	426	1
S3110475	12	Port Input	14	258665	426	1
S3110475	12	Port Input	15	258697	458	1
S3110475	12	Port Input	14	258697	459	1
S3110475	12	Port Input	15	258697	459	1
S3110475	12	Port Input	14	258697	459	1
S3110475	12	Port Input	15	258698	460	1
S3110475	12	Port Input	14	258698	460	1
S3110475	12	Port Input	15	258701	463	1
S3110475	12	Port Input	14	258701	463	1
S3110475	12	Port Input	15	258701	463	1
S3110475	12	Port Input	14	258702	463	1
S3110475	12	Port Input	15	258702	463	1
S3110475	12	Port Input	14	258702	464	1
S3110475	12	Port Input	15	258712	473	1
S3110475	12	Port Input	14	258712	473	1
S3110475	12	Port Input	15	258727	488	1
S3110475	12	Port Input	14	258728	490	1
S3110475	12	Port Input	15	258733	494	1
S3110475	12	Port Input	14	258733	494	1
S3110475	12	Port Input	15	258735	497	1
S3110475	12	Port Input	14	258735	497	1
S3110475	12	Port Input	15	258748	510	1
S3110475	12	Port Input	14	258748	510	1
S3110475	12	Port Input	15	258759	521	1
S3110475	12	Port Input	14	258759	521	1
S3110475	12	Port Input	15	258760	522	1
S3110475	12	Port Input	14	258760	522	1
S3110475	12	Port Input	15	258762	524	1
S3110475	12	Port Input	14	258762	524	1
S3110475	12	Port Input	15	258763	524	1
S3110475	12	Port Input	14	258763	525	1
S3110475	12	Port Input	15	258777	538	1
S3110475	12	Port Input	14	258777	538	1
S3110475	12	Port Input	15	258784	546	1
S3110475	12	Port Input	14	258784	546	1
S3110475	12	Port Input	15	258787	548	1
S3110475	12	Port Input	14	258787	548	1
S3110475	12	Port Input	15	258789	551	1
S3110475	12	Port Input	14	258789	551	1
S3110475	12	Port Input	15	258789	551	1
S3110475	12	Port Input	14	258789	551	1
S3110475	12	Port Input	15	258789	551	1
S3110475	12	Port Input	14	258790	551	1
S3110475	12	Port Input	15	258790	551	1
S3110475	12	Port Input	14	258790	552	1
S3110475	12	Port Input	15	258790	552	1
S3110475	12	Port Input	14	258790	552	1
S3110475	12	Port Input	15	258790	552	1
S3110475	12	Port Input	14	258791	552	1
S3110475	12	Port Input	15	258791	552	1
S3110475	12	Port Input	14	258791	552	1
S3110475	12	Port Input	15	258791	553	1
S3110475	12	Port Input	14	258791	553	1
S3110475	12	Port Input	15	258793	555	1
S3110475	12	Port Input	14	258793	555	1
S3110475	12	Port Input	15	258794	556	1
S3110475	12	Port Input	14	258794	556	1
S3110475	12	Port Input	15	258795	557	1
S3110475	12	Port Input	14	258796	557	1
S3110475	12	Port Input	15	258823	584	1
S3110475	12	Port Input	14	258823	584	1
S3110475	12	Port Input	15	258824	586	1
S3110475	12	Port Input	14	258825	586	1
S3110475	12	Port Input	15	258828	589	1
S3110475	12	Port Input	14	258828	590	1
S3110475	12	Port Input	15	258831	593	1
S3110475	12	Port Input	14	258831	593	1
S3110475	12	Port Input	15	258863	624	1
S3110475	12	Port Input	14	258863	624	1
S3110475	12	Port Input	15	258863	625	1
S3110475	12	Port Input	14	258864	625	1
S3110475	12	Port Input	15	258864	625	1
S3110475	12	Port Input	14	258864	625	1
S3110475	12	Port Input	15	258864	625	1
S3110475	12	Port Input	14	258865	627	1
S3110475	12	Port Input	15	258882	644	1
S3110475	12	Port Input	14	258888	650	1
S3110475	12	Port Input	15	258919	681	1
S3110475	12	Port Input	14	258919	681	1
S3110475	12	Port Input	15	258922	684	1
S3110475	12	Port Input	14	258922	684	1
S3110475	12	Port Input	15	258922	684	1
S3110475	12	Port Input	14	258922	684	1
S3110475	12	Port Input	15	258923	685	1
S3110475	12	Port Input	14	258926	687	1
S3110475	12	Port Input	15	258926	687	1
S3110475	12	Port Input	14	258926	688	1
S3110475	12	Port Input	15	258926	688	1
S3110475	12	Port Input	14	258926	688	1
S3110475	12	Port Input	15	258926	688	1
S3110475	12	Port Input	14	258927	688	1
S3110475	12	Port Input	15	258927	688	1
S3110475	12	Port Input	14	258927	688	1
S3110475	12	Port Input	15	258927	688	1
S3110475	12	Port Input	14	258927	688	1
S3110475	12	Port Input	15	258927	688	1
S3110475	12	Port Input	14	258927	688	1
S3110475	12	Port Input	15	258942	704	1
S3110475	12	Port Input	14	258942	704	1
S3110475	12	Port Input	15	258978	739	1
S3110475	12	Port Input	14	258978	740	1
S3110475	12	Port Input	15	258989	751	1
S3110475	12	Port Input	14	258989	751	1
S3110475	12	Port Input	15	259008	769	1
S3110475	12	Port Input	14	259008	769	1
S3110475	12	Port Input	15	259144	906	1
S3110475	12	Port Input	14	259144	906	1
S3110475	12	Port Input	15	259174	936	1
S3110475	12	Port Input	14	259174	936	1
S3110475	12	Port Input	15	259569	1331	1
S3110475	12	Port Input	14	259569	1331	1
S3110475	12	Port Input	15	259721	1483	1
S3110475	12	Port Input	14	259721	1483	1
S3110475	12	Port Input	15	259799	1560	1
S3110475	12	Port Input	14	259799	1561	1
S3110475	12	Port Input	15	259803	1564	1
S3110475	12	Port Input	14	259803	1564	1
S3110475	12	Port Input	15	259803	1564	1
S3110475	12	Port Input	14	259803	1564	1
S3110475	12	Port Input	15	259804	1565	1
S3110475	12	Port Input	14	259804	1565	1
S3110475	12	Port Input	15	259845	1607	1
S3110475	12	Port Input	14	259846	1607	1
S3110475	12	Port Input	15	259897	1659	1
S3110475	12	Port Input	14	259897	1659	1
S3110475	12	Port Input	15	259987	1749	1
S3110475	12	Port Input	14	259987	1749	1
S3110475	12	Port Input	15	259988	1750	1
S3110475	12	Port Input	14	259988	1750	1
S3110475	12	Port Input	15	260147	1909	1
S3110475	12	Port Input	14	260147	1909	1
S3110475	12	Port Input	15	260147	1909	1
S3110475	12	Port Input	14	260147	1909	1
S3110475	12	Port Input	15	260148	1909	1
S3110475	12	Port Input	14	260148	1910	1
S3110475	12	Port Input	15	260148	1910	1
S3110475	12	Port Input	14	260148	1910	1
S3110475	12	Port Input	15	260148	1910	1
S3110475	12	Port Input	14	260148	1910	1
S3110475	12	Port Input	15	260148	1910	1
S3110475	12	Port Input	14	260148	1910	1
S3110475	12	Port Input	15	260149	1910	1
S3110475	12	Port Input	14	260149	1910	1
S3110475	12	Port Input	15	260149	1911	1
S3110475	12	Port Input	14	279474	21236	1
S3110475	12	Response	222	279474	21236	1
S3110475	13	Sound	20	279475	0	4			0		hit	914
S3110475	13	Port Input	15	279863	388	1
S3110475	13	Port Input	14	279863	388	1
S3110475	13	Port Input	15	279912	437	1
S3110475	13	Port Input	14	279912	437	1
S3110475	13	Port Input	15	279962	487	1
S3110475	13	Port Input	14	279963	487	1
S3110475	13	Port Input	15	281205	1730	1
S3110475	13	Port Input	14	281205	1730	1
S3110475	13	Port Input	15	281205	1730	1
S3110475	13	Port Input	14	281205	1730	1
S3110475	13	Port Input	15	281206	1730	1
S3110475	13	Port Input	14	281206	1730	1
S3110475	13	Port Input	15	281206	1731	1
S3110475	13	Port Input	14	281206	1731	1
S3110475	13	Port Input	15	281206	1731	1
S3110475	13	Port Input	14	300704	21229	1
S3110475	13	Response	222	300704	21229	1
S3110475	13	Port Input	15	300704	21229	1
S3110475	13	Port Input	14	300704	21229	1
S3110475	13	Port Input	15	300704	21229	1
S3110475	13	Port Input	14	300704	21229	5
S3110475	14	Sound	20	300704	0	4			0		hit	934
S3110475	14	Port Input	15	300709	4	1
S3110475	14	Port Input	14	300709	4	1
S3110475	14	Port Input	15	300709	4	1
S3110475	14	Port Input	14	300709	4	1
S3110475	14	Port Input	15	300709	5	1
S3110475	14	Port Input	14	300709	5	1
S3110475	14	Port Input	15	302384	1679	1
S3110475	14	Port Input	14	302384	1679	1
S3110475	14	Port Input	15	302384	1680	1
S3110475	14	Port Input	14	302384	1680	1
S3110475	14	Port Input	15	302386	1682	1
S3110475	14	Port Input	14	302387	1682	1
S3110475	14	Port Input	15	302387	1682	1
S3110475	14	Port Input	14	322519	21815	1
S3110475	14	Response	222	322519	21815	1
S3110475	14	Port Input	15	322519	21815	1
S3110475	14	Port Input	14	322520	21815	1
S3110475	14	Port Input	15	322520	21815	1
S3110475	14	Port Input	14	322520	21816	5
S3110475	15	Sound	20	322520	0	5			0		hit	952
S3110475	15	Port Input	15	324417	1897	1
S3110475	15	Port Input	14	324417	1897	1
S3110475	15	Port Input	15	324418	1898	1
S3110475	15	Port Input	14	324418	1898	1
S3110475	15	Port Input	15	324418	1898	1
S3110475	15	Port Input	14	324418	1898	1
S3110475	15	Port Input	15	324418	1898	1
S3110475	15	Port Input	14	324418	1898	1
S3110475	15	Port Input	15	324418	1898	1
S3110475	15	Port Input	14	324418	1898	1
S3110475	15	Port Input	15	324418	1898	1
S3110475	15	Port Input	14	344459	21939	1
S3110475	15	Response	222	344459	21939	1
S3110475	16	Sound	20	344460	0	5			0		hit	960
S3110475	16	Port Input	15	346321	1861	1
S3110475	16	Port Input	14	346321	1861	1
S3110475	16	Port Input	15	346322	1862	1
S3110475	16	Port Input	14	346322	1862	1
S3110475	16	Port Input	15	346322	1862	1
S3110475	16	Port Input	14	365711	21251	1
S3110475	16	Response	222	365711	21251	1
S3110475	16	Port Input	15	365711	21251	1
S3110475	17	Sound	20	365712	0	5			0		hit	1000
S3110475	17	Port Input	14	365716	4	1
S3110475	17	Port Input	15	365717	4	1
S3110475	17	Port Input	14	365717	4	1
S3110475	17	Port Input	15	365717	4	1
S3110475	17	Port Input	14	365717	4	1
S3110475	17	Port Input	15	365717	4	1
S3110475	17	Port Input	14	365717	5	1
S3110475	17	Port Input	15	365717	5	1
S3110475	17	Port Input	14	365717	5	1
S3110475	17	Port Input	15	365717	5	1
S3110475	17	Port Input	14	365717	5	1
S3110475	17	Port Input	15	365717	5	1
S3110475	17	Port Input	14	365717	5	1
S3110475	17	Port Input	15	365717	5	1
S3110475	17	Port Input	14	365718	5	1
S3110475	17	Port Input	15	365718	5	1
S3110475	17	Port Input	14	365719	6	1
S3110475	17	Port Input	15	365719	7	1
S3110475	17	Port Input	14	365719	7	1
S3110475	17	Port Input	15	365720	7	1
S3110475	17	Port Input	14	365720	7	1
S3110475	17	Port Input	15	365720	7	1
S3110475	17	Port Input	14	365720	8	1
S3110475	17	Port Input	15	365720	8	1
S3110475	17	Port Input	14	365720	8	1
S3110475	17	Port Input	15	365721	8	1
S3110475	17	Port Input	14	365721	8	1
S3110475	17	Port Input	15	365721	9	1
S3110475	17	Port Input	14	365721	9	1
S3110475	17	Port Input	15	365722	9	1
S3110475	17	Port Input	14	365722	9	1
S3110475	17	Port Input	15	365725	13	1
S3110475	17	Port Input	14	365725	13	1
S3110475	17	Port Input	15	365726	14	1
S3110475	17	Port Input	14	365726	14	1
S3110475	17	Port Input	15	367535	1823	1
S3110475	17	Port Input	14	387356	21644	1
S3110475	17	Response	222	387356	21644	1
S3110475	17	Port Input	15	387357	21644	1
S3110475	17	Port Input	14	387357	21644	1
S3110475	18	Sound	20	387357	0	4			0		hit	1008
S3110475	18	Port Input	15	389309	1952	1
S3110475	18	Port Input	14	389309	1952	1
S3110475	18	Port Input	15	389310	1952	1
S3110475	18	Port Input	14	409088	21731	1
S3110475	18	Response	222	409088	21731	1
S3110475	19	Sound	20	409089	0	5			0		hit	1086
S3110475	19	Port Input	15	410807	1717	1
S3110475	19	Port Input	14	410807	1718	1
S3110475	19	Port Input	15	410807	1718	1
S3110475	19	Port Input	14	410807	1718	1
S3110475	19	Port Input	15	410807	1718	1
S3110475	19	Port Input	14	410807	1718	1
S3110475	19	Port Input	15	410808	1719	1
S3110475	19	Port Input	14	410808	1719	1
S3110475	19	Port Input	15	410809	1720	1
S3110475	19	Port Input	14	410809	1720	1
S3110475	19	Port Input	15	410814	1725	1
S3110475	19	Port Input	14	410814	1725	1
S3110475	19	Port Input	15	410818	1729	1
S3110475	19	Port Input	14	410818	1729	1
S3110475	19	Port Input	15	410819	1730	1
S3110475	19	Port Input	14	410819	1730	1
S3110475	19	Port Input	15	410825	1736	1
S3110475	19	Port Input	14	410825	1736	1
S3110475	19	Port Input	15	410825	1736	1
S3110475	19	Port Input	14	410825	1736	1
S3110475	19	Port Input	15	410826	1737	1
S3110475	19	Port Input	14	410826	1737	1
S3110475	19	Port Input	15	410841	1752	1
S3110475	19	Port Input	14	410841	1752	1
S3110475	19	Port Input	15	410846	1757	1
S3110475	19	Port Input	14	410846	1757	1
S3110475	19	Port Input	15	410847	1758	1
S3110475	19	Port Input	14	410847	1758	1
S3110475	19	Port Input	15	410849	1760	1
S3110475	19	Port Input	14	410849	1760	1
S3110475	19	Port Input	15	410849	1760	1
S3110475	19	Port Input	14	410849	1760	1
S3110475	19	Port Input	15	410850	1761	1
S3110475	19	Port Input	14	410850	1761	1
S3110475	19	Port Input	15	410851	1762	1
S3110475	19	Port Input	14	410851	1762	1
S3110475	19	Port Input	15	410851	1762	1
S3110475	19	Port Input	14	410851	1762	1
S3110475	19	Port Input	15	410851	1762	1
S3110475	19	Port Input	14	410851	1762	1
S3110475	19	Port Input	15	410852	1763	1
S3110475	19	Port Input	14	410852	1763	1
S3110475	19	Port Input	15	410854	1765	1
S3110475	19	Port Input	14	410854	1765	1
S3110475	19	Port Input	15	410854	1765	1
S3110475	19	Port Input	14	410854	1765	1
S3110475	19	Port Input	15	410854	1765	1
S3110475	19	Port Input	14	410854	1765	1
S3110475	19	Port Input	15	410857	1768	1
S3110475	19	Port Input	14	410857	1768	1
S3110475	19	Port Input	15	410858	1768	1
S3110475	19	Port Input	14	410858	1768	1
S3110475	19	Port Input	15	410858	1769	1
S3110475	19	Port Input	14	410858	1769	1
S3110475	19	Port Input	15	410858	1769	1
S3110475	19	Port Input	14	410858	1769	1
S3110475	19	Port Input	15	410859	1770	1
S3110475	19	Port Input	14	410859	1770	1
S3110475	19	Port Input	15	410859	1770	1
S3110475	19	Port Input	14	410859	1770	1
S3110475	19	Port Input	15	410862	1773	1
S3110475	19	Port Input	14	410863	1773	1
S3110475	19	Port Input	15	410863	1774	1
S3110475	19	Port Input	14	410863	1774	1
S3110475	19	Port Input	15	410863	1774	1
S3110475	19	Port Input	14	410863	1774	1
S3110475	19	Port Input	15	410864	1775	1
S3110475	19	Port Input	14	410864	1775	1
S3110475	19	Port Input	15	410865	1775	1
S3110475	19	Port Input	14	410865	1776	1
S3110475	19	Port Input	15	411070	1981	1
S3110475	19	Port Input	14	411070	1981	1
S3110475	19	Port Input	15	411071	1981	1
S3110475	19	Port Input	14	411071	1982	1
S3110475	19	Port Input	15	411071	1982	1
S3110475	19	Port Input	14	431295	22206	1
S3110475	19	Response	222	431295	22206	1
S3110475	20	Sound	20	431296	0	5			0		hit	1114
S3110475	20	Port Input	15	433109	1814	1
S3110475	20	Port Input	14	433109	1814	1
S3110475	20	Port Input	15	433109	1814	1
S3110475	20	Port Input	14	433109	1814	1
S3110475	20	Port Input	15	433109	1814	1
S3110475	20	Port Input	14	433109	1814	1
S3110475	20	Port Input	15	433110	1814	1
S3110475	20	Port Input	14	433110	1814	1
S3110475	20	Port Input	15	433110	1814	1
S3110475	20	Port Input	14	433110	1814	1
S3110475	20	Port Input	15	433110	1814	1
S3110475	20	Port Input	14	433110	1814	1
S3110475	20	Port Input	15	433110	1815	1
S3110475	20	Port Input	14	433110	1815	1
S3110475	20	Port Input	15	433111	1815	1
S3110475	20	Port Input	14	433111	1815	1
S3110475	20	Port Input	15	433111	1815	1
S3110475	20	Port Input	14	433111	1815	1
S3110475	20	Port Input	15	433111	1815	1
S3110475	20	Port Input	14	433111	1815	1
S3110475	20	Port Input	15	433111	1816	1
S3110475	20	Port Input	14	433111	1816	1
S3110475	20	Port Input	15	433111	1816	1
S3110475	20	Port Input	14	433111	1816	1
S3110475	20	Port Input	15	433112	1817	1
S3110475	20	Port Input	14	453172	21876	1
S3110475	20	Response	222	453172	21876	1
S3110475	21	Sound	20	453173	0	5			0		hit	1124
S3110475	21	Port Input	15	454996	1823	1
S3110475	21	Port Input	14	454996	1823	1
S3110475	21	Port Input	15	454996	1823	1
S3110475	21	Port Input	14	454996	1823	1
S3110475	21	Port Input	15	454996	1823	1
S3110475	21	Port Input	14	454996	1823	1
S3110475	21	Port Input	15	454996	1824	1
S3110475	21	Port Input	14	474393	21221	1
S3110475	21	Response	222	474393	21221	1
S3110475	22	Sound	20	474394	0	5			0		hit	1132
S3110475	22	Port Input	15	476331	1937	1
S3110475	22	Port Input	14	476331	1937	1
S3110475	22	Port Input	15	476332	1937	1
S3110475	22	Port Input	14	476332	1938	1
S3110475	22	Port Input	15	476332	1938	1
S3110475	22	Port Input	14	495931	21537	1
S3110475	22	Response	222	495931	21537	1
S3110475	23	Sound	20	495932	0	4			0		hit	1138
S3110475	23	Port Input	15	497640	1708	1
S3110475	23	Port Input	14	497640	1708	1
S3110475	23	Port Input	15	497641	1709	1
S3110475	23	Port Input	14	518050	22119	1
S3110475	23	Response	222	518050	22119	1
S3110475	24	Sound	20	518051	0	5			0		hit	1146
S3110475	24	Port Input	15	519913	1862	1
S3110475	24	Port Input	14	519913	1862	1
S3110475	24	Port Input	15	519914	1862	1
S3110475	24	Port Input	14	519914	1862	1
S3110475	24	Port Input	15	519914	1862	1
S3110475	24	Port Input	14	539438	21387	1
S3110475	24	Response	222	539438	21387	1
S3110475	25	Sound	20	539439	0	5			0		hit	1152
S3110475	25	Port Input	15	541219	1780	1
S3110475	25	Port Input	14	541219	1780	1
S3110475	25	Port Input	15	541219	1780	1
S3110475	25	Port Input	14	560023	20584	1
S3110475	25	Response	222	560023	20584	1
S3110475	25	Port Input	15	560023	20584	1
S3110475	25	Port Input	14	560023	20585	1
S3110475	26	Sound	20	560024	0	4			0		hit	1160
S3110475	26	Port Input	15	561956	1932	1
S3110475	26	Port Input	14	561956	1932	1
S3110475	26	Port Input	15	561956	1932	1
S3110475	26	Port Input	14	581351	21328	1
S3110475	26	Response	222	581351	21328	1
S3110475	27	Sound	20	581352	0	4			0		hit	1168
S3110475	27	Port Input	15	583471	2118	1
S3110475	27	Port Input	14	583471	2119	1
S3110475	27	Port Input	15	583471	2119	1
S3110475	27	Port Input	14	583471	2119	1
S3110475	27	Port Input	15	583471	2119	1
S3110475	27	Port Input	14	603199	21847	1
S3110475	27	Response	222	603199	21847	1
S3110475	27	Port Input	15	603199	21847	1
S3110475	27	Port Input	14	603200	21848	5
S3110475	28	Sound	20	603200	0	4			0		hit	1184
S3110475	28	Port Input	15	605143	1943	1
S3110475	28	Port Input	14	605143	1943	1
S3110475	28	Port Input	15	605143	1943	1
S3110475	28	Port Input	14	605143	1943	1
S3110475	28	Port Input	15	605143	1943	1
S3110475	28	Port Input	14	605143	1943	1
S3110475	28	Port Input	15	605144	1944	1
S3110475	28	Port Input	14	605144	1944	1
S3110475	28	Port Input	15	605144	1944	1
S3110475	28	Port Input	14	605144	1944	1
S3110475	28	Port Input	15	605144	1944	1
S3110475	28	Port Input	14	624493	21293	1
S3110475	28	Response	222	624493	21293	1
S3110475	29	Sound	20	624494	0	5			0		hit	1188
S3110475	29	Port Input	15	626523	2029	1
S3110475	29	Port Input	14	646584	22090	1
S3110475	29	Response	222	646584	22090	1
S3110475	30	Sound	20	646585	0	4			0		hit	1206
S3110475	30	Port Input	15	648528	1943	1
S3110475	30	Port Input	14	648528	1943	1
S3110475	30	Port Input	15	648528	1943	1
S3110475	30	Port Input	14	648528	1943	1
S3110475	30	Port Input	15	648528	1943	1
S3110475	30	Port Input	14	648528	1943	1
S3110475	30	Port Input	15	648529	1944	1
S3110475	30	Port Input	14	648529	1944	1
S3110475	30	Port Input	15	648529	1944	1
S3110475	30	Port Input	14	648529	1944	1
S3110475	30	Port Input	15	648529	1944	1
S3110475	30	Port Input	14	648529	1944	1
S3110475	30	Port Input	15	648530	1945	1
S3110475	30	Port Input	14	648530	1945	1
S3110475	30	Port Input	15	648530	1945	1
S3110475	30	Port Input	14	668176	21592	1
S3110475	30	Response	222	668176	21592	1
S3110475	31	Sound	20	668177	0	4			0		hit	1212
S3110475	31	Port Input	15	670285	2108	1
S3110475	31	Port Input	14	670285	2108	1
S3110475	31	Port Input	15	670286	2108	1
S3110475	31	Port Input	14	690168	21991	1
S3110475	31	Response	222	690168	21991	1
S3110475	31	Port Input	15	690169	21991	1
S3110475	31	Port Input	14	690169	21992	5
S3110475	32	Sound	20	690169	0	4			0		hit	1288
S3110475	32	Port Input	15	691792	1622	1
S3110475	32	Port Input	14	691792	1622	1
S3110475	32	Port Input	15	691792	1623	1
S3110475	32	Port Input	14	691792	1623	1
S3110475	32	Port Input	15	691792	1623	1
S3110475	32	Port Input	14	691792	1623	1
S3110475	32	Port Input	15	691792	1623	1
S3110475	32	Port Input	14	691792	1623	1
S3110475	32	Port Input	15	691793	1624	1
S3110475	32	Port Input	14	691793	1624	1
S3110475	32	Port Input	15	691793	1624	1
S3110475	32	Port Input	14	691793	1624	1
S3110475	32	Port Input	15	691794	1624	1
S3110475	32	Port Input	14	691794	1625	1
S3110475	32	Port Input	15	691794	1625	1
S3110475	32	Port Input	14	691794	1625	1
S3110475	32	Port Input	15	691794	1625	1
S3110475	32	Port Input	14	691794	1625	1
S3110475	32	Port Input	15	691795	1625	1
S3110475	32	Port Input	14	691795	1625	1
S3110475	32	Port Input	15	691795	1626	1
S3110475	32	Port Input	14	691795	1626	1
S3110475	32	Port Input	15	691795	1626	1
S3110475	32	Port Input	14	691795	1626	1
S3110475	32	Port Input	15	691795	1626	1
S3110475	32	Port Input	14	691795	1626	1
S3110475	32	Port Input	15	691795	1626	1
S3110475	32	Port Input	14	691796	1626	1
S3110475	32	Port Input	15	691796	1627	1
S3110475	32	Port Input	14	691796	1627	1
S3110475	32	Port Input	15	691796	1627	1
S3110475	32	Port Input	14	691796	1627	1
S3110475	32	Port Input	15	691796	1627	1
S3110475	32	Port Input	14	691796	1627	1
S3110475	32	Port Input	15	691796	1627	1
S3110475	32	Port Input	14	691796	1627	1
S3110475	32	Port Input	15	691796	1627	1
S3110475	32	Port Input	14	691796	1627	1
S3110475	32	Port Input	15	691797	1628	1
S3110475	32	Port Input	14	691797	1628	1
S3110475	32	Port Input	15	691798	1628	1
S3110475	32	Port Input	14	691798	1628	1
S3110475	32	Port Input	15	691798	1628	1
S3110475	32	Port Input	14	691798	1629	1
S3110475	32	Port Input	15	691798	1629	1
S3110475	32	Port Input	14	691798	1629	1
S3110475	32	Port Input	15	691799	1630	1
S3110475	32	Port Input	14	691799	1630	1
S3110475	32	Port Input	15	691799	1630	1
S3110475	32	Port Input	14	691799	1630	1
S3110475	32	Port Input	15	691799	1630	1
S3110475	32	Port Input	14	691799	1630	1
S3110475	32	Port Input	15	691800	1630	1
S3110475	32	Port Input	14	691800	1630	1
S3110475	32	Port Input	15	691800	1631	1
S3110475	32	Port Input	14	691800	1631	1
S3110475	32	Port Input	15	691800	1631	1
S3110475	32	Port Input	14	691800	1631	1
S3110475	32	Port Input	15	691800	1631	1
S3110475	32	Port Input	14	691800	1631	1
S3110475	32	Port Input	15	691801	1632	1
S3110475	32	Port Input	14	691801	1632	1
S3110475	32	Port Input	15	691801	1632	1
S3110475	32	Port Input	14	691801	1632	1
S3110475	32	Port Input	15	691802	1632	1
S3110475	32	Port Input	14	691802	1632	1
S3110475	32	Port Input	15	691802	1633	1
S3110475	32	Port Input	14	691802	1633	1
S3110475	32	Port Input	15	691802	1633	1
S3110475	32	Port Input	14	691802	1633	1
S3110475	32	Port Input	15	691802	1633	1
S3110475	32	Port Input	14	711763	21594	1
S3110475	32	Response	222	711763	21594	1
S3110475	33	Sound	20	711763	0	4			0		hit	1306
S3110475	33	Port Input	15	713626	1862	1
S3110475	33	Port Input	14	713626	1862	1
S3110475	33	Port Input	15	713634	1870	1
S3110475	33	Port Input	14	713634	1870	1
S3110475	33	Port Input	15	713636	1873	1
S3110475	33	Port Input	14	713636	1873	1
S3110475	33	Port Input	15	713636	1873	1
S3110475	33	Port Input	14	713636	1873	1
S3110475	33	Port Input	15	713637	1873	1
S3110475	33	Port Input	14	713637	1873	1
S3110475	33	Port Input	15	713637	1873	1
S3110475	33	Port Input	14	713637	1873	1
S3110475	33	Port Input	15	713638	1875	1
S3110475	33	Port Input	14	713638	1875	1
S3110475	33	Port Input	15	713639	1875	1
S3110475	33	Port Input	14	733863	22100	1
S3110475	33	Response	222	733863	22100	1
S3110475	34	Sound	20	733864	0	5			0		hit	1314
S3110475	34	Port Input	15	735417	1553	1
S3110475	34	Port Input	14	735418	1553	1
S3110475	34	Port Input	15	735420	1556	1
S3110475	34	Port Input	14	735420	1556	1
S3110475	34	Port Input	15	735420	1556	1
S3110475	34	Port Input	14	756050	22186	1
S3110475	34	Response	222	756050	22186	1
S3110475	35	Sound	20	756051	0	5			0		hit	1318
S3110475	35	Port Input	15	757810	1759	1
S3110475	35	Port Input	14	778563	22513	1
S3110475	35	Response	222	778563	22513	1
S3110475	36	Sound	20	778564	0	5			0		hit	1324
S3110475	36	Port Input	15	780243	1679	1
S3110475	36	Port Input	14	780243	1679	1
S3110475	36	Port Input	15	780243	1679	1
S3110475	36	Port Input	14	800615	22051	1
S3110475	36	Response	222	800615	22051	1
S3110475	37	Sound	20	800616	0	5			0		hit	1344
S3110475	37	Port Input	15	802524	1908	1
S3110475	37	Port Input	14	802524	1908	1
S3110475	37	Port Input	15	802524	1908	1
S3110475	37	Port Input	14	802524	1908	1
S3110475	37	Port Input	15	802524	1909	1
S3110475	37	Port Input	14	802524	1909	1
S3110475	37	Port Input	15	802525	1909	1
S3110475	37	Port Input	14	802525	1909	1
S3110475	37	Port Input	15	802525	1909	1
S3110475	37	Port Input	14	802525	1909	1
S3110475	37	Port Input	15	802525	1909	1
S3110475	37	Port Input	14	802525	1909	1
S3110475	37	Port Input	15	802526	1910	1
S3110475	37	Port Input	14	802526	1910	1
S3110475	37	Port Input	15	802526	1910	1
S3110475	37	Port Input	14	802526	1910	1
S3110475	37	Port Input	15	802526	1910	1
S3110475	37	Port Input	14	822681	22065	1
S3110475	37	Response	222	822681	22065	1
S3110475	38	Sound	20	822682	0	5			0		hit	1364
S3110475	38	Port Input	15	824546	1864	1
S3110475	38	Port Input	14	824546	1864	1
S3110475	38	Port Input	15	824546	1864	1
S3110475	38	Port Input	14	824546	1864	1
S3110475	38	Port Input	15	824547	1865	1
S3110475	38	Port Input	14	824547	1865	1
S3110475	38	Port Input	15	824547	1865	1
S3110475	38	Port Input	14	824547	1865	1
S3110475	38	Port Input	15	824547	1865	1
S3110475	38	Port Input	14	824547	1865	1
S3110475	38	Port Input	15	824547	1865	1
S3110475	38	Port Input	14	824548	1866	1
S3110475	38	Port Input	15	824548	1866	1
S3110475	38	Port Input	14	824548	1866	1
S3110475	38	Port Input	15	824548	1866	1
S3110475	38	Port Input	14	824548	1866	1
S3110475	38	Port Input	15	824548	1866	1
S3110475	38	Port Input	14	844945	22263	1
S3110475	38	Response	222	844945	22263	1
S3110475	38	Port Input	15	844945	22263	1
S3110475	38	Port Input	14	844946	22264	1
S3110475	39	Sound	20	844946	0	4			0		hit	1376
S3110475	39	Port Input	15	846838	1892	1
S3110475	39	Port Input	14	846838	1892	1
S3110475	39	Port Input	15	846839	1892	1
S3110475	39	Port Input	14	846839	1892	1
S3110475	39	Port Input	15	846839	1893	1
S3110475	39	Port Input	14	846839	1893	1
S3110475	39	Port Input	15	846839	1893	1
S3110475	39	Port Input	14	866750	21804	1
S3110475	39	Response	222	866750	21804	1
S3110475	40	Sound	20	866751	0	4			0		hit	1382
S3110475	40	Port Input	15	868603	1853	1
S3110475	40	Port Input	14	868603	1853	1
S3110475	40	Port Input	15	868604	1853	1
S3110475	40	Port Input	14	889162	22411	1
S3110475	40	Response	222	889162	22411	1
S3110475	41	Sound	20	889162	0	5			0		hit	1392
S3110475	41	Port Input	15	891140	1978	1
S3110475	41	Port Input	14	891140	1978	1
S3110475	41	Port Input	15	891140	1978	1
S3110475	41	Port Input	14	891140	1978	1
S3110475	41	Port Input	15	891140	1978	1
S3110475	41	Port Input	14	891140	1978	1
S3110475	41	Port Input	15	891141	1978	1
S3110475	41	Port Input	14	911262	22099	1
S3110475	41	Response	222	911262	22099	1
S3110475	41	Port Input	15	911262	22099	1
S3110475	41	Port Input	14	911262	22099	1
S3110475	42	Sound	20	911262	0	5			0		hit	1402
S3110475	42	Port Input	15	911267	4	1
S3110475	42	Port Input	14	911267	4	1
S3110475	42	Port Input	15	911270	8	1
S3110475	42	Port Input	14	911270	8	1
S3110475	42	Port Input	15	913332	2070	1
S3110475	42	Port Input	14	933256	21994	1
S3110475	42	Response	222	933256	21994	1
S3110475	43	Sound	20	933257	0	4			0		hit	1414
S3110475	43	Port Input	15	935271	2014	1
S3110475	43	Port Input	14	935271	2014	1
S3110475	43	Port Input	15	935272	2015	1
S3110475	43	Port Input	14	935272	2015	1
S3110475	43	Port Input	15	935272	2015	1
S3110475	43	Port Input	14	935272	2015	1
S3110475	43	Port Input	15	935272	2015	1
S3110475	43	Port Input	14	935272	2015	1
S3110475	43	Port Input	15	935273	2016	1
S3110475	43	Port Input	14	955671	22414	1
S3110475	43	Response	222	955671	22414	1
S3110475	44	Sound	20	955672	0	5			0		hit	1424
S3110475	44	Port Input	15	955676	4	1
S3110475	44	Port Input	14	955676	4	1
S3110475	44	Port Input	15	955676	4	1
S3110475	44	Port Input	14	955676	5	1
S3110475	44	Port Input	15	957601	1929	1
S3110475	44	Port Input	14	957601	1929	1
S3110475	44	Port Input	15	957601	1929	1
S3110475	44	Port Input	14	977876	22204	1
S3110475	44	Response	222	977876	22204	1
S3110475	44	Port Input	15	977876	22205	1
S3110475	44	Port Input	14	977876	22205	1
S3110475	45	Sound	20	977877	0	4			0		hit	1444
S3110475	45	Port Input	15	977890	13	1
S3110475	45	Port Input	14	977890	13	1
S3110475	45	Port Input	15	977890	13	1
S3110475	45	Port Input	14	977890	14	1
S3110475	45	Port Input	15	979611	1734	1
S3110475	45	Port Input	14	979611	1735	1
S3110475	45	Port Input	15	979618	1742	1
S3110475	45	Port Input	14	979618	1742	1
S3110475	45	Port Input	15	979621	1745	1
S3110475	45	Port Input	14	979621	1745	1
S3110475	45	Port Input	15	979626	1749	1
S3110475	45	Port Input	14	979626	1749	1
S3110475	45	Port Input	15	979627	1751	1
S3110475	45	Port Input	14	979627	1751	1
S3110475	45	Port Input	15	979627	1751	1
S3110475	45	Port Input	14	1000515	22639	1
S3110475	45	Response	222	1000515	22639	1
S3110475	45	Port Input	15	1000515	22639	1
S3110475	45	Port Input	14	1000516	22640	5
S3110475	46	Sound	20	1000516	0	5			0		hit	1518
S3110475	46	Port Input	15	1000521	5	1
S3110475	46	Port Input	14	1000521	5	1
S3110475	46	Port Input	15	1000521	5	1
S3110475	46	Port Input	14	1000521	5	1
S3110475	46	Port Input	15	1000522	5	1
S3110475	46	Port Input	14	1000522	5	1
S3110475	46	Port Input	15	1000522	6	1
S3110475	46	Port Input	14	1000522	6	1
S3110475	46	Port Input	15	1000522	6	1
S3110475	46	Port Input	14	1000522	6	1
S3110475	46	Port Input	15	1000522	6	1
S3110475	46	Port Input	14	1000522	6	1
S3110475	46	Port Input	15	1000522	6	1
S3110475	46	Port Input	14	1000522	6	1
S3110475	46	Port Input	15	1000523	7	1
S3110475	46	Port Input	14	1000523	7	1
S3110475	46	Port Input	15	1000523	7	1
S3110475	46	Port Input	14	1000523	7	1
S3110475	46	Port Input	15	1000523	7	1
S3110475	46	Port Input	14	1000523	7	1
S3110475	46	Port Input	15	1000524	8	1
S3110475	46	Port Input	14	1000524	8	1
S3110475	46	Port Input	15	1000525	9	1
S3110475	46	Port Input	14	1000525	9	1
S3110475	46	Port Input	15	1000525	9	1
S3110475	46	Port Input	14	1000525	9	1
S3110475	46	Port Input	15	1000525	9	1
S3110475	46	Port Input	14	1000526	9	1
S3110475	46	Port Input	15	1000526	10	1
S3110475	46	Port Input	14	1000527	10	1
S3110475	46	Port Input	15	1000527	10	1
S3110475	46	Port Input	14	1000527	10	1
S3110475	46	Port Input	15	1000527	11	1
S3110475	46	Port Input	14	1000527	11	1
S3110475	46	Port Input	15	1000528	11	1
S3110475	46	Port Input	14	1000528	11	1
S3110475	46	Port Input	15	1000528	11	1
S3110475	46	Port Input	14	1000528	12	1
S3110475	46	Port Input	15	1000534	18	1
S3110475	46	Port Input	14	1000534	18	1
S3110475	46	Port Input	15	1000539	23	1
S3110475	46	Port Input	14	1000539	23	1
S3110475	46	Port Input	15	1000539	23	1
S3110475	46	Port Input	14	1000539	23	1
S3110475	46	Port Input	15	1000539	23	1
S3110475	46	Port Input	14	1000539	23	1
S3110475	46	Port Input	15	1000539	23	1
S3110475	46	Port Input	14	1000539	23	1
S3110475	46	Port Input	15	1000540	23	1
S3110475	46	Port Input	14	1000540	23	1
S3110475	46	Port Input	15	1000540	24	1
S3110475	46	Port Input	14	1000540	24	1
S3110475	46	Port Input	15	1000541	24	1
S3110475	46	Port Input	14	1000541	24	1
S3110475	46	Port Input	15	1002348	1832	1
S3110475	46	Port Input	14	1002348	1832	1
S3110475	46	Port Input	15	1002348	1832	1
S3110475	46	Port Input	14	1002348	1832	1
S3110475	46	Port Input	15	1002349	1833	1
S3110475	46	Port Input	14	1002350	1833	1
S3110475	46	Port Input	15	1002350	1833	1
S3110475	46	Port Input	14	1002350	1833	1
S3110475	46	Port Input	15	1002350	1834	1
S3110475	46	Port Input	14	1002350	1834	1
S3110475	46	Port Input	15	1002351	1834	1
S3110475	46	Port Input	14	1002351	1834	1
S3110475	46	Port Input	15	1002351	1834	1
S3110475	46	Port Input	14	1002351	1835	1
S3110475	46	Port Input	15	1002351	1835	1
S3110475	46	Port Input	14	1021826	21310	1
S3110475	46	Response	222	1021826	21310	1
S3110475	46	Port Input	15	1021827	21311	1
S3110475	46	Port Input	14	1021827	21311	1
S3110475	47	Sound	20	1021827	0	5			0		hit	1550
S3110475	47	Port Input	15	1023660	1833	1
S3110475	47	Port Input	14	1023660	1833	1
S3110475	47	Port Input	15	1023664	1837	1
S3110475	47	Port Input	14	1023664	1837	1
S3110475	47	Port Input	15	1023665	1838	1
S3110475	47	Port Input	14	1023665	1838	1
S3110475	47	Port Input	15	1023666	1839	1
S3110475	47	Port Input	14	1023666	1839	1
S3110475	47	Port Input	15	1023668	1840	1
S3110475	47	Port Input	14	1023668	1840	1
S3110475	47	Port Input	15	1023670	1843	1
S3110475	47	Port Input	14	1023670	1843	1
S3110475	47	Port Input	15	1023673	1846	1
S3110475	47	Port Input	14	1023673	1846	1
S3110475	47	Port Input	15	1023889	2062	1
S3110475	47	Port Input	14	1023889	2062	1
S3110475	47	Port Input	15	1023890	2063	1
S3110475	47	Port Input	14	1023890	2063	1
S3110475	47	Port Input	15	1023891	2063	1
S3110475	47	Port Input	14	1023891	2063	1
S3110475	47	Port Input	15	1023891	2063	1
S3110475	47	Port Input	14	1023891	2063	1
S3110475	47	Port Input	15	1023891	2064	1
S3110475	47	Port Input	14	1023891	2064	1
S3110475	47	Port Input	15	1023891	2064	1
S3110475	47	Port Input	14	1023891	2064	1
S3110475	47	Port Input	15	1023891	2064	1
S3110475	47	Port Input	14	1043237	21410	1
S3110475	47	Response	222	1043237	21410	1
S3110475	48	Sound	20	1043238	0	5			0		hit	1558
S3110475	48	Port Input	15	1045456	2217	1
S3110475	48	Port Input	14	1045456	2217	1
S3110475	48	Port Input	15	1045457	2218	1
S3110475	48	Port Input	14	1045457	2218	1
S3110475	48	Port Input	15	1045457	2219	1
S3110475	48	Port Input	14	1065047	21809	1
S3110475	48	Response	222	1065047	21809	1
S3110475	49	Sound	20	1065048	0	4			0		hit	1590
S3110475	49	Port Input	15	1066880	1833	1
S3110475	49	Port Input	14	1066880	1833	1
S3110475	49	Port Input	15	1066881	1833	1
S3110475	49	Port Input	14	1066881	1833	1
S3110475	49	Port Input	15	1066881	1833	1
S3110475	49	Port Input	14	1066881	1833	1
S3110475	49	Port Input	15	1066881	1833	1
S3110475	49	Port Input	14	1066881	1833	1
S3110475	49	Port Input	15	1066881	1833	1
S3110475	49	Port Input	14	1066881	1833	1
S3110475	49	Port Input	15	1066881	1834	1
S3110475	49	Port Input	14	1066881	1834	1
S3110475	49	Port Input	15	1066883	1835	1
S3110475	49	Port Input	14	1066883	1835	1
S3110475	49	Port Input	15	1066888	1840	1
S3110475	49	Port Input	14	1066888	1840	1
S3110475	49	Port Input	15	1066889	1841	1
S3110475	49	Port Input	14	1066889	1841	1
S3110475	49	Port Input	15	1066889	1841	1
S3110475	49	Port Input	14	1066889	1841	1
S3110475	49	Port Input	15	1066889	1842	1
S3110475	49	Port Input	14	1066889	1842	1
S3110475	49	Port Input	15	1066894	1846	1
S3110475	49	Port Input	14	1066894	1846	1
S3110475	49	Port Input	15	1066895	1847	1
S3110475	49	Port Input	14	1066895	1847	1
S3110475	49	Port Input	15	1066895	1847	1
S3110475	49	Port Input	14	1066895	1847	1
S3110475	49	Port Input	15	1066896	1848	1
S3110475	49	Port Input	14	1087021	21973	1
S3110475	49	Response	222	1087021	21973	1
S3110475	50	Sound	20	1087022	0	4			0		hit	1596
S3110475	50	Port Input	15	1089013	1992	1
S3110475	50	Port Input	14	1089013	1992	1
S3110475	50	Port Input	15	1089013	1992	1
S3110475	50	Port Input	14	1109266	22244	1
S3110475	50	Response	222	1109266	22244	1
S3110475	51	Sound	20	1109267	0	5			0		hit	1612
S3110475	51	Port Input	15	1111023	1756	1
S3110475	51	Port Input	14	1111023	1756	1
S3110475	51	Port Input	15	1111023	1756	1
S3110475	51	Port Input	14	1111023	1756	1
S3110475	51	Port Input	15	1111023	1756	1
S3110475	51	Port Input	14	1111023	1756	1
S3110475	51	Port Input	15	1111023	1756	1
S3110475	51	Port Input	14	1111023	1756	1
S3110475	51	Port Input	15	1111024	1757	1
S3110475	51	Port Input	14	1111024	1757	1
S3110475	51	Port Input	15	1111024	1757	1
S3110475	51	Port Input	14	1111024	1757	1
S3110475	51	Port Input	15	1111025	1758	1
S3110475	51	Port Input	14	1131778	22511	1
S3110475	51	Response	222	1131778	22511	1
S3110475	52	Sound	20	1131779	0	5			0		hit	1616
S3110475	52	Port Input	15	1133718	1939	1
S3110475	52	Port Input	14	1154062	22283	1
S3110475	52	Response	222	1154062	22283	1
S3110475	53	Sound	20	1154063	0	5			0		hit	1628
S3110475	53	Port Input	15	1155701	1639	1
S3110475	53	Port Input	14	1155701	1639	1
S3110475	53	Port Input	15	1155701	1639	1
S3110475	53	Port Input	14	1155702	1639	1
S3110475	53	Port Input	15	1155702	1639	1
S3110475	53	Port Input	14	1155702	1639	1
S3110475	53	Port Input	15	1155702	1639	1
S3110475	53	Port Input	14	1155702	1639	1
S3110475	53	Port Input	15	1155702	1640	1
S3110475	53	Port Input	14	1176875	22812	1
S3110475	53	Response	222	1176875	22812	1
S3110475	54	Sound	20	1176876	0	4			0		hit	1644
S3110475	54	Port Input	15	1178841	1965	1
S3110475	54	Port Input	14	1178841	1965	1
S3110475	54	Port Input	15	1178841	1965	1
S3110475	54	Port Input	14	1178841	1965	1
S3110475	54	Port Input	15	1178843	1967	1
S3110475	54	Port Input	14	1178843	1967	1
S3110475	54	Port Input	15	1178843	1967	1
S3110475	54	Port Input	14	1178843	1967	1
S3110475	54	Port Input	15	1178843	1967	1
S3110475	54	Port Input	14	1178843	1967	1
S3110475	54	Port Input	15	1178843	1967	1
S3110475	54	Port Input	14	1178843	1967	1
S3110475	54	Port Input	15	1178843	1967	1
S3110475	54	Port Input	14	1199682	22807	1
S3110475	54	Response	222	1199682	22807	1
S3110475	55	Sound	20	1199683	0	4			0		hit	1654
S3110475	55	Port Input	15	1201610	1927	1
S3110475	55	Port Input	14	1201610	1927	1
S3110475	55	Port Input	15	1201611	1927	1
S3110475	55	Port Input	14	1201611	1927	1
S3110475	55	Port Input	15	1201611	1927	1
S3110475	55	Port Input	14	1201611	1927	1
S3110475	55	Port Input	15	1201611	1928	1
S3110475	55	Port Input	14	1220948	21265	1
S3110475	55	Response	222	1220948	21265	1
S3110475	56	Sound	20	1220949	0	4			0		hit	1660
S3110475	56	Port Input	15	1222817	1868	1
S3110475	56	Port Input	14	1222817	1868	1
S3110475	56	Port Input	15	1222817	1868	1
S3110475	56	Port Input	14	1243309	22360	1
S3110475	56	Response	222	1243309	22360	1
S3110475	57	Sound	20	1243310	0	5			0		hit	1664
S3110475	57	Port Input	15	1244917	1607	1
S3110475	57	Port Input	14	1264516	21206	1
S3110475	57	Response	222	1264516	21206	1
S3110475	57	Port Input	15	1264516	21206	1
S3110475	57	Port Input	14	1264516	21207	5
S3110475	58	Sound	20	1264516	0	4			0		hit	1674
S3110475	58	Port Input	15	1266270	1754	1
S3110475	58	Port Input	14	1266270	1754	1
S3110475	58	Port Input	15	1266270	1754	1
S3110475	58	Port Input	14	1266270	1754	1
S3110475	58	Port Input	15	1266270	1754	1
S3110475	58	Port Input	14	1287325	22809	1
S3110475	58	Response	222	1287325	22809	1
S3110475	59	Sound	20	1287326	0	5			0		hit	1684
S3110475	59	Port Input	15	1289015	1689	1
S3110475	59	Port Input	14	1289015	1689	1
S3110475	59	Port Input	15	1289016	1689	1
S3110475	59	Port Input	14	1289016	1690	1
S3110475	59	Port Input	15	1289016	1690	1
S3110475	59	Port Input	14	1289016	1690	1
S3110475	59	Port Input	15	1289017	1691	1
S3110475	59	Port Input	14	1309427	22101	1
S3110475	59	Response	222	1309427	22101	1
S3110475	60	Sound	20	1309428	0	4			0		hit	1692
S3110475	60	Port Input	15	1311138	1710	1
S3110475	60	Port Input	14	1311138	1710	1
S3110475	60	Port Input	15	1311138	1711	1
S3110475	60	Port Input	14	1311138	1711	1
S3110475	60	Port Input	15	1311138	1711	1
S3110475	60	Port Input	14	1331716	22288	1
S3110475	60	Response	222	1331716	22288	1
S3110475	61	Sound	20	1331717	0	5			0		hit	1712
S3110475	61	Port Input	15	1333444	1727	1
S3110475	61	Port Input	14	1333444	1727	1
S3110475	61	Port Input	15	1333446	1729	1
S3110475	61	Port Input	14	1333446	1729	1
S3110475	61	Port Input	15	1333447	1731	1
S3110475	61	Port Input	14	1333447	1731	1
S3110475	61	Port Input	15	1333449	1733	1
S3110475	61	Port Input	14	1333449	1733	1
S3110475	61	Port Input	15	1333450	1733	1
S3110475	61	Port Input	14	1333450	1733	1
S3110475	61	Port Input	15	1333450	1733	1
S3110475	61	Port Input	14	1333450	1733	1
S3110475	61	Port Input	15	1333450	1734	1
S3110475	61	Port Input	14	1333450	1734	1
S3110475	61	Port Input	15	1333450	1734	1
S3110475	61	Port Input	14	1333451	1734	1
S3110475	61	Port Input	15	1333451	1734	1
S3110475	61	Port Input	14	1353022	21306	1
S3110475	61	Response	222	1353022	21306	1
S3110475	62	Sound	20	1353023	0	5			0		hit	1718
S3110475	62	Port Input	15	1354827	1804	1
S3110475	62	Port Input	14	1354827	1804	1
S3110475	62	Port Input	15	1354827	1804	1
S3110475	62	Port Input	14	1375021	21998	1
S3110475	62	Response	222	1375021	21998	1
S3110475	62	Port Input	15	1375021	21998	1
S3110475	62	Port Input	14	1375021	21999	5
S3110475	63	Sound	20	1375022	0	4			0		hit	1726
S3110475	63	Port Input	15	1376762	1740	1
S3110475	63	Port Input	14	1376762	1740	1
S3110475	63	Port Input	15	1376762	1740	1
S3110475	63	Port Input	14	1396342	21320	1
S3110475	63	Response	222	1396342	21320	1
S3110475	64	Sound	20	1396342	0	4			0		hit	1758
S3110475	64	Port Input	15	1397936	1594	1
S3110475	64	Port Input	14	1397936	1594	1
S3110475	64	Port Input	15	1397936	1594	1
S3110475	64	Port Input	14	1397937	1594	1
S3110475	64	Port Input	15	1397937	1594	1
S3110475	64	Port Input	14	1397937	1594	1
S3110475	64	Port Input	15	1397937	1595	1
S3110475	64	Port Input	14	1397937	1595	1
S3110475	64	Port Input	15	1397937	1595	1
S3110475	64	Port Input	14	1397937	1595	1
S3110475	64	Port Input	15	1397937	1595	1
S3110475	64	Port Input	14	1397937	1595	1
S3110475	64	Port Input	15	1397937	1595	1
S3110475	64	Port Input	14	1397937	1595	1
S3110475	64	Port Input	15	1397938	1595	1
S3110475	64	Port Input	14	1397938	1595	1
S3110475	64	Port Input	15	1397938	1596	1
S3110475	64	Port Input	14	1397938	1596	1
S3110475	64	Port Input	15	1397938	1596	1
S3110475	64	Port Input	14	1397938	1596	1
S3110475	64	Port Input	15	1397938	1596	1
S3110475	64	Port Input	14	1397938	1596	1
S3110475	64	Port Input	15	1397938	1596	1
S3110475	64	Port Input	14	1397938	1596	1
S3110475	64	Port Input	15	1397938	1596	1
S3110475	64	Port Input	14	1397938	1596	1
S3110475	64	Port Input	15	1397939	1596	1
S3110475	64	Port Input	14	1397939	1596	1
S3110475	64	Port Input	15	1397939	1596	1
S3110475	64	Port Input	14	1418091	21749	1
S3110475	64	Response	222	1418091	21749	1
S3110475	65	Sound	20	1418092	0	4			0		hit	1766
S3110475	65	Port Input	15	1419845	1753	1
S3110475	65	Port Input	14	1419845	1753	1
S3110475	65	Port Input	15	1419845	1753	1
S3110475	65	Port Input	14	1419845	1753	1
S3110475	65	Port Input	15	1419845	1753	1
S3110475	65	Port Input	14	1439520	21427	1
S3110475	65	Response	222	1439520	21427	1
S3110475	66	Sound	20	1439520	0	4			0		hit	1772
S3110475	66	Port Input	15	1441110	1589	1
S3110475	66	Port Input	14	1441110	1589	1
S3110475	66	Port Input	15	1441110	1589	1
S3110475	66	Port Input	14	1462131	22611	1
S3110475	66	Response	222	1462131	22611	1
S3110475	67	Sound	20	1462132	0	5			0		hit	1778
S3110475	67	Port Input	15	1463779	1647	1
S3110475	67	Port Input	14	1463779	1647	1
S3110475	67	Port Input	15	1463779	1647	1
S3110475	67	Port Input	14	1483992	21860	1
S3110475	67	Response	222	1483992	21860	1
S3110475	68	Sound	20	1483993	0	4			0		hit	1794
S3110475	68	Port Input	15	1485685	1692	1
S3110475	68	Port Input	14	1485685	1692	1
S3110475	68	Port Input	15	1485686	1693	1
S3110475	68	Port Input	14	1485686	1693	1
S3110475	68	Port Input	15	1485686	1693	1
S3110475	68	Port Input	14	1485686	1693	1
S3110475	68	Port Input	15	1485686	1693	1
S3110475	68	Port Input	14	1485686	1693	1
S3110475	68	Port Input	15	1485687	1693	1
S3110475	68	Port Input	14	1485687	1693	1
S3110475	68	Port Input	15	1485687	1694	1
S3110475	68	Port Input	14	1485687	1694	1
S3110475	68	Port Input	15	1485687	1694	1
S3110475	68	Port Input	14	1505807	21814	1
S3110475	68	Response	222	1505807	21814	1
S3110475	68	Port Input	15	1505808	21815	1
S3110475	68	Port Input	14	1505808	21815	1
S3110475	69	Sound	20	1505808	0	5			0		hit	1802
S3110475	69	Port Input	15	1507157	1349	1
S3110475	69	Port Input	14	1507157	1349	1
S3110475	69	Port Input	15	1507158	1349	1
S3110475	69	Port Input	14	1527444	21636	1
S3110475	69	Response	222	1527444	21636	1
S3110475	70	Sound	20	1527445	0	5			0		hit	1812
S3110475	70	Port Input	15	1529197	1752	1
S3110475	70	Port Input	14	1529197	1752	1
S3110475	70	Port Input	15	1529198	1753	1
S3110475	70	Port Input	14	1529198	1753	1
S3110475	70	Port Input	15	1529198	1754	1
S3110475	70	Port Input	14	1529198	1754	1
S3110475	70	Port Input	15	1529198	1754	1
S3110475	70	Port Input	14	1549191	21746	1
S3110475	70	Response	222	1549191	21746	1
S3110475	71	Sound	20	1549191	0	5			0		hit	1816
S3110475	71	Port Input	15	1551058	1867	1
S3110475	71	Port Input	14	1571032	21840	1
S3110475	71	Response	222	1571032	21840	1
S3110475	72	Sound	20	1571032	0	5			0		hit	1820
S3110475	72	Port Input	15	1572729	1697	1
S3110475	72	Port Input	14	1592649	21617	1
S3110475	72	Response	222	1592649	21617	1
S3110475	73	Sound	20	1592650	0	5			0		hit	1826
S3110475	73	Port Input	15	1594627	1978	1
S3110475	73	Port Input	14	1594627	1978	1
S3110475	73	Port Input	15	1594628	1978	1
S3110475	73	Port Input	14	1614757	22107	1
S3110475	73	Response	222	1614757	22107	1
S3110475	74	Sound	20	1614758	0	4			0		hit	1830
S3110475	74	Port Input	15	1616707	1949	1
S3110475	74	Port Input	14	1636374	21616	1
S3110475	74	Response	222	1636374	21616	1
S3110475	75	Sound	20	1636375	0	5			0		hit	1846
S3110475	75	Port Input	15	1638242	1867	1
S3110475	75	Port Input	14	1638242	1867	1
S3110475	75	Port Input	15	1638242	1868	1
S3110475	75	Port Input	14	1638243	1868	1
S3110475	75	Port Input	15	1638243	1868	1
S3110475	75	Port Input	14	1638243	1868	1
S3110475	75	Port Input	15	1638243	1868	1
S3110475	75	Port Input	14	1638243	1868	1
S3110475	75	Port Input	15	1638243	1868	1
S3110475	75	Port Input	14	1638243	1868	1
S3110475	75	Port Input	15	1638243	1868	1
S3110475	75	Port Input	14	1638243	1868	1
S3110475	75	Port Input	15	1638243	1868	1
S3110475	75	Port Input	14	1657625	21250	1
S3110475	75	Response	222	1657625	21250	1
S3110475	76	Sound	20	1657626	0	5			0		hit	1858
S3110475	76	Port Input	15	1659436	1810	1
S3110475	76	Port Input	14	1659436	1810	1
S3110475	76	Port Input	15	1659436	1811	1
S3110475	76	Port Input	14	1659436	1811	1
S3110475	76	Port Input	15	1659437	1811	1
S3110475	76	Port Input	14	1659437	1811	1
S3110475	76	Port Input	15	1659437	1811	1
S3110475	76	Port Input	14	1659437	1811	1
S3110475	76	Port Input	15	1659437	1811	1
S3110475	76	Port Input	14	1679527	21901	1
S3110475	76	Response	222	1679527	21901	1
S3110475	77	Sound	20	1679527	0	5			0		hit	1862
S3110475	77	Port Input	15	1681185	1658	1
S3110475	77	Port Input	14	1701221	21693	1
S3110475	77	Response	222	1701221	21693	1
S3110475	78	Sound	20	1701221	0	5			0		hit	1868
S3110475	78	Port Input	15	1702753	1531	1
S3110475	78	Port Input	14	1702753	1531	1
S3110475	78	Port Input	15	1702753	1531	1
S3110475	78	Port Input	14	1722608	21387	1
S3110475	78	Response	222	1722608	21387	1
S3110475	78	Port Input	15	1722609	21387	1
S3110475	78	Port Input	14	1722609	21388	5
S3110475	79	Sound	20	1722609	0	5			0		hit	1874
S3110475	79	Port Input	15	1724144	1535	1
S3110475	79	Port Input	14	1744295	21686	1
S3110475	79	Response	222	1744295	21686	1
S3110475	80	Sound	20	1744296	0	5			0		hit	1878
S3110475	80	Port Input	15	1745799	1503	1
S3110475	80	Port Input	14	1787509	43213	1
S3110475	80	Response	222	1787509	43213	1
S3110475	81	Sound	20	1787510	0	5			0		hit	1882
S3110475	81	Port Input	15	1789437	1927	1
S3110475	81	Port Input	14	1809143	21633	1
S3110475	81	Response	222	1809143	21633	1
S3110475	82	Sound	20	1809143	0	4			0		hit	1890
S3110475	82	Port Input	15	1811126	1983	1
S3110475	82	Port Input	14	1811126	1983	1
S3110475	82	Port Input	15	1811126	1983	1
S3110475	82	Port Input	14	1811126	1983	1
S3110475	82	Port Input	15	1811126	1983	1
S3110475	82	Port Input	14	1830720	21576	1
S3110475	82	Response	222	1830720	21576	1
S3110475	83	Sound	20	1830720	0	5			0		hit	1904
S3110475	83	Port Input	15	1832523	1802	1
S3110475	83	Port Input	14	1832523	1802	1
S3110475	83	Port Input	15	1832523	1802	1
S3110475	83	Port Input	14	1832523	1802	1
S3110475	83	Port Input	15	1832523	1803	1
S3110475	83	Port Input	14	1832523	1803	1
S3110475	83	Port Input	15	1832524	1803	1
S3110475	83	Port Input	14	1832524	1803	1
S3110475	83	Port Input	15	1832524	1803	1
S3110475	83	Port Input	14	1832524	1803	1
S3110475	83	Port Input	15	1832524	1803	1
S3110475	83	Port Input	14	1852198	21478	1
S3110475	83	Response	222	1852198	21478	1
S3110475	83	Port Input	15	1852199	21478	5
S3110475	84	Sound	20	1852199	0	5			0		hit	1910
S3110475	84	Port Input	14	1852207	8	1
S3110475	84	Port Input	15	1854304	2105	1
S3110475	84	Port Input	14	1874309	22110	1
S3110475	84	Response	222	1874309	22110	1
S3110475	85	Sound	20	1874310	0	5			0		hit	1916
S3110475	85	Port Input	15	1876173	1863	1
S3110475	85	Port Input	14	1876173	1863	1
S3110475	85	Port Input	15	1876173	1863	1
S3110475	85	Port Input	14	1896958	22648	1
S3110475	85	Response	222	1896958	22648	1
S3110475	86	Sound	20	1896959	0	4			0		hit	1922
S3110475	86	Port Input	15	1898964	2005	1
S3110475	86	Port Input	14	1898964	2005	1
S3110475	86	Port Input	15	1898964	2005	1
S3110475	86	Port Input	14	1918716	21757	1
S3110475	86	Response	222	1918716	21757	1
S3110475	86	Port Input	15	1918716	21757	1
S3110475	86	Port Input	14	1918716	21758	1
S3110475	86	Port Input	15	1918716	21758	1
S3110475	86	Port Input	14	1918717	21758	5
S3110475	87	Sound	20	1918717	0	5			0		hit	1930
S3110475	87	Port Input	15	1920734	2017	1
S3110475	87	Port Input	14	1940637	21920	1
S3110475	87	Response	222	1940637	21920	1
S3110475	87	Port Input	15	1940637	21921	1
S3110475	87	Port Input	14	1940638	21921	5
S3110475	88	Sound	20	1940638	0	5			0		hit	1938
S3110475	88	Port Input	15	1942589	1951	1
S3110475	88	Port Input	14	1942589	1951	1
S3110475	88	Port Input	15	1942589	1951	1
S3110475	88	Port Input	14	1963358	22720	1
S3110475	88	Response	222	1963358	22720	1
S3110475	89	Sound	20	1963359	0	4			0		hit	1944
S3110475	89	Port Input	15	1965297	1938	1
S3110475	89	Port Input	14	1965297	1938	1
S3110475	89	Port Input	15	1965298	1939	1
S3110475	89	Port Input	14	1985434	22075	1
S3110475	89	Response	222	1985434	22075	1
S3110475	90	Sound	20	1985435	0	5			0		hit	1962
S3110475	90	Port Input	15	1987435	2000	1
S3110475	90	Port Input	14	1987435	2000	1
S3110475	90	Port Input	15	1987436	2001	1
S3110475	90	Port Input	14	1987436	2001	1
S3110475	90	Port Input	15	1987436	2001	1
S3110475	90	Port Input	14	1987437	2002	1
S3110475	90	Port Input	15	1987437	2002	1
S3110475	90	Port Input	14	1987437	2002	1
S3110475	90	Port Input	15	1987437	2002	1
S3110475	90	Port Input	14	1987437	2002	1
S3110475	90	Port Input	15	1987437	2002	1
S3110475	90	Port Input	14	1987437	2002	1
S3110475	90	Port Input	15	1987437	2002	1
S3110475	90	Port Input	14	1987437	2002	1
S3110475	90	Port Input	15	1987437	2002	1
S3110475	90	Port Input	14	2007657	22222	1
S3110475	90	Response	222	2007657	22222	1
S3110475	90	Port Input	15	2007657	22222	1
S3110475	90	Port Input	14	2007657	22222	1
S3110475	91	Sound	20	2007658	0	4			0		hit	2126
S3110475	91	Port Input	15	2007662	4	1
S3110475	91	Port Input	14	2007662	4	1
S3110475	91	Port Input	15	2007662	4	1
S3110475	91	Port Input	14	2007662	4	1
S3110475	91	Port Input	15	2007662	4	1
S3110475	91	Port Input	14	2007662	5	1
S3110475	91	Port Input	15	2007663	5	1
S3110475	91	Port Input	14	2007663	5	1
S3110475	91	Port Input	15	2007663	5	1
S3110475	91	Port Input	14	2007663	5	1
S3110475	91	Port Input	15	2007663	5	1
S3110475	91	Port Input	14	2007663	5	1
S3110475	91	Port Input	15	2007664	6	1
S3110475	91	Port Input	14	2007664	6	1
S3110475	91	Port Input	15	2007664	7	1
S3110475	91	Port Input	14	2007664	7	1
S3110475	91	Port Input	15	2007664	7	1
S3110475	91	Port Input	14	2007664	7	1
S3110475	91	Port Input	15	2007665	7	1
S3110475	91	Port Input	14	2007665	7	1
S3110475	91	Port Input	15	2007666	8	1
S3110475	91	Port Input	14	2007666	8	1
S3110475	91	Port Input	15	2007667	9	1
S3110475	91	Port Input	14	2007667	9	1
S3110475	91	Port Input	15	2007667	9	1
S3110475	91	Port Input	14	2007667	9	1
S3110475	91	Port Input	15	2007667	9	1
S3110475	91	Port Input	14	2007667	9	1
S3110475	91	Port Input	15	2007668	10	1
S3110475	91	Port Input	14	2007668	10	1
S3110475	91	Port Input	15	2007668	10	1
S3110475	91	Port Input	14	2007668	10	1
S3110475	91	Port Input	15	2007668	11	1
S3110475	91	Port Input	14	2007668	11	1
S3110475	91	Port Input	15	2007669	11	1
S3110475	91	Port Input	14	2007669	11	1
S3110475	91	Port Input	15	2007669	12	1
S3110475	91	Port Input	14	2007669	12	1
S3110475	91	Port Input	15	2007670	13	1
S3110475	91	Port Input	14	2007671	13	1
S3110475	91	Port Input	15	2007672	14	1
S3110475	91	Port Input	14	2007672	14	1
S3110475	91	Port Input	15	2007672	14	1
S3110475	91	Port Input	14	2007672	14	1
S3110475	91	Port Input	15	2007673	15	1
S3110475	91	Port Input	14	2007673	15	1
S3110475	91	Port Input	15	2007674	16	1
S3110475	91	Port Input	14	2007674	16	1
S3110475	91	Port Input	15	2007674	16	1
S3110475	91	Port Input	14	2007674	16	1
S3110475	91	Port Input	15	2007674	16	1
S3110475	91	Port Input	14	2007674	16	1
S3110475	91	Port Input	15	2007674	16	1
S3110475	91	Port Input	14	2007674	16	1
S3110475	91	Port Input	15	2007674	17	1
S3110475	91	Port Input	14	2007674	17	1
S3110475	91	Port Input	15	2007675	17	1
S3110475	91	Port Input	14	2007675	17	1
S3110475	91	Port Input	15	2007675	17	1
S3110475	91	Port Input	14	2007675	17	1
S3110475	91	Port Input	15	2007675	18	1
S3110475	91	Port Input	14	2007675	18	1
S3110475	91	Port Input	15	2007676	18	1
S3110475	91	Port Input	14	2007676	18	1
S3110475	91	Port Input	15	2007676	18	1
S3110475	91	Port Input	14	2007676	18	1
S3110475	91	Port Input	15	2007676	18	1
S3110475	91	Port Input	14	2007676	18	1
S3110475	91	Port Input	15	2007676	19	1
S3110475	91	Port Input	14	2007677	19	1
S3110475	91	Port Input	15	2007677	19	1
S3110475	91	Port Input	14	2007677	19	1
S3110475	91	Port Input	15	2007677	19	1
S3110475	91	Port Input	14	2007677	19	1
S3110475	91	Port Input	15	2007678	20	1
S3110475	91	Port Input	14	2007678	20	1
S3110475	91	Port Input	15	2007678	20	1
S3110475	91	Port Input	14	2007678	20	1
S3110475	91	Port Input	15	2007678	21	1
S3110475	91	Port Input	14	2007678	21	1
S3110475	91	Port Input	15	2007679	21	1
S3110475	91	Port Input	14	2007679	21	1
S3110475	91	Port Input	15	2007679	21	1
S3110475	91	Port Input	14	2007679	21	1
S3110475	91	Port Input	15	2007679	21	1
S3110475	91	Port Input	14	2007679	21	1
S3110475	91	Port Input	15	2007679	21	1
S3110475	91	Port Input	14	2007679	21	1
S3110475	91	Port Input	15	2007679	22	1
S3110475	91	Port Input	14	2007680	22	1
S3110475	91	Port Input	15	2007680	23	1
S3110475	91	Port Input	14	2007680	23	1
S3110475	91	Port Input	15	2007680	23	1
S3110475	91	Port Input	14	2007691	33	1
S3110475	91	Port Input	15	2007691	33	1
S3110475	91	Port Input	14	2007691	33	1
S3110475	91	Port Input	15	2007691	33	1
S3110475	91	Port Input	14	2007691	33	1
S3110475	91	Port Input	15	2007692	34	1
S3110475	91	Port Input	14	2007692	34	1
S3110475	91	Port Input	15	2007692	34	1
S3110475	91	Port Input	14	2007692	34	1
S3110475	91	Port Input	15	2007693	36	1
S3110475	91	Port Input	14	2007694	36	1
S3110475	91	Port Input	15	2007694	36	1
S3110475	91	Port Input	14	2007694	36	1
S3110475	91	Port Input	15	2007694	36	1
S3110475	91	Port Input	14	2007694	36	1
S3110475	91	Port Input	15	2007694	37	1
S3110475	91	Port Input	14	2007695	37	1
S3110475	91	Port Input	15	2007695	37	1
S3110475	91	Port Input	14	2007695	37	1
S3110475	91	Port Input	15	2007696	38	1
S3110475	91	Port Input	14	2007696	38	1
S3110475	91	Port Input	15	2007696	38	1
S3110475	91	Port Input	14	2007696	38	1
S3110475	91	Port Input	15	2007696	38	1
S3110475	91	Port Input	14	2007696	38	1
S3110475	91	Port Input	15	2007696	39	1
S3110475	91	Port Input	14	2007696	39	1
S3110475	91	Port Input	15	2007698	40	1
S3110475	91	Port Input	14	2007698	40	1
S3110475	91	Port Input	15	2007698	40	1
S3110475	91	Port Input	14	2007698	41	1
S3110475	91	Port Input	15	2007699	41	1
S3110475	91	Port Input	14	2007699	41	1
S3110475	91	Port Input	15	2007700	42	1
S3110475	91	Port Input	14	2007700	42	1
S3110475	91	Port Input	15	2007700	42	1
S3110475	91	Port Input	14	2007700	42	1
S3110475	91	Port Input	15	2007702	44	1
S3110475	91	Port Input	14	2007702	44	1
S3110475	91	Port Input	15	2007703	46	1
S3110475	91	Port Input	14	2007703	46	1
S3110475	91	Port Input	15	2007705	47	1
S3110475	91	Port Input	14	2007705	47	1
S3110475	91	Port Input	15	2007705	47	1
S3110475	91	Port Input	14	2007705	47	1
S3110475	91	Port Input	15	2007706	48	1
S3110475	91	Port Input	14	2007706	48	1
S3110475	91	Port Input	15	2007709	51	1
S3110475	91	Port Input	14	2007709	51	1
S3110475	91	Port Input	15	2007709	52	1
S3110475	91	Port Input	14	2007709	52	1
S3110475	91	Port Input	15	2007711	53	1
S3110475	91	Port Input	14	2007711	53	1
S3110475	91	Port Input	15	2007714	56	1
S3110475	91	Port Input	14	2007714	56	1
S3110475	91	Port Input	15	2007715	57	1
S3110475	91	Port Input	14	2007715	57	1
S3110475	91	Port Input	15	2007719	61	1
S3110475	91	Port Input	14	2007719	61	1
S3110475	91	Port Input	15	2007719	62	1
S3110475	91	Port Input	14	2007720	62	1
S3110475	91	Port Input	15	2009875	2217	1
S3110475	91	Port Input	14	2009875	2217	1
S3110475	91	Port Input	15	2009875	2217	1
S3110475	91	Port Input	14	2009875	2217	1
S3110475	91	Port Input	15	2009875	2217	1
S3110475	91	Port Input	14	2029710	22052	1
S3110475	91	Response	222	2029710	22052	1
S3110475	92	Sound	20	2029711	0	4			0		hit	2132
S3110475	92	Port Input	15	2031702	1991	1
S3110475	92	Port Input	14	2031702	1991	1
S3110475	92	Port Input	15	2031702	1991	1
S3110475	92	Port Input	14	2052324	22613	1
S3110475	92	Response	222	2052324	22613	1
S3110475	93	Sound	20	2052325	0	5			0		hit	2138
S3110475	93	Port Input	15	2054148	1823	1
S3110475	93	Port Input	14	2054148	1823	1
S3110475	93	Port Input	15	2054148	1824	1
S3110475	93	Port Input	14	2075051	22726	1
S3110475	93	Response	222	2075051	22726	1
S3110475	94	Sound	20	2075052	0	5			0		hit	2154
S3110475	94	Port Input	15	2076544	1493	1
S3110475	94	Port Input	14	2076544	1493	1
S3110475	94	Port Input	15	2076544	1493	1
S3110475	94	Port Input	14	2076544	1493	1
S3110475	94	Port Input	15	2076545	1493	1
S3110475	94	Port Input	14	2076545	1493	1
S3110475	94	Port Input	15	2076545	1493	1
S3110475	94	Port Input	14	2076545	1493	1
S3110475	94	Port Input	15	2076545	1493	1
S3110475	94	Port Input	14	2076545	1493	1
S3110475	94	Port Input	15	2076545	1493	1
S3110475	94	Port Input	14	2076545	1493	1
S3110475	94	Port Input	15	2076545	1493	1
S3110475	94	Port Input	14	2097600	22548	1
S3110475	94	Response	222	2097600	22548	1
S3110475	95	Sound	20	2097601	0	4			0		hit	2172
S3110475	95	Port Input	15	2097606	5	1
S3110475	95	Port Input	14	2097606	5	1
S3110475	95	Port Input	15	2097606	5	1
S3110475	95	Port Input	14	2097606	5	1
S3110475	95	Port Input	15	2099086	1486	1
S3110475	95	Port Input	14	2099086	1486	1
S3110475	95	Port Input	15	2099087	1486	1
S3110475	95	Port Input	14	2099087	1486	1
S3110475	95	Port Input	15	2099087	1486	1
S3110475	95	Port Input	14	2099087	1486	1
S3110475	95	Port Input	15	2099087	1486	1
S3110475	95	Port Input	14	2099087	1486	1
S3110475	95	Port Input	15	2099087	1486	1
S3110475	95	Port Input	14	2099087	1487	1
S3110475	95	Port Input	15	2099088	1487	1
S3110475	95	Port Input	14	2120611	23011	1
S3110475	95	Response	222	2120611	23011	1
S3110475	95	Port Input	15	2120612	23011	5
S3110475	96	Sound	20	2120612	0	4			0		hit	2188
S3110475	96	Port Input	14	2120621	9	1
S3110475	96	Port Input	15	2120624	12	1
S3110475	96	Port Input	14	2120624	12	1
S3110475	96	Port Input	15	2120629	17	1
S3110475	96	Port Input	14	2120629	17	1
S3110475	96	Port Input	15	2120630	17	1
S3110475	96	Port Input	14	2120630	18	1
S3110475	96	Port Input	15	2120642	30	1
S3110475	96	Port Input	14	2120642	30	1
S3110475	96	Port Input	15	2121671	1059	1
S3110475	96	Port Input	14	2121671	1059	1
S3110475	96	Port Input	15	2121673	1061	1
S3110475	96	Port Input	14	2142500	21888	1
S3110475	96	Response	222	2142500	21888	1
S3110475	97	Sound	20	2142501	0	4			0		hit	2192
S3110475	97	Port Input	15	2144390	1889	1
S3110475	97	Port Input	14	2164571	22070	1
S3110475	97	Response	222	2164571	22070	1
S3110475	98	Sound	20	2164572	0	5			0		hit	2202
S3110475	98	Port Input	15	2166352	1780	1
S3110475	98	Port Input	14	2166352	1780	1
S3110475	98	Port Input	15	2166352	1780	1
S3110475	98	Port Input	14	2166352	1780	1
S3110475	98	Port Input	15	2166353	1781	1
S3110475	98	Port Input	14	2166353	1781	1
S3110475	98	Port Input	15	2166353	1781	1
S3110475	98	Port Input	14	2185995	21423	1
S3110475	98	Response	222	2185995	21423	1
S3110475	99	Sound	20	2185995	0	4			0		hit	2206
S3110475	99	Port Input	15	2187734	1739	1
S3110475	99	Port Input	14	2207783	21788	1
S3110475	99	Response	222	2207783	21788	1
S3110475	99	Port Input	15	2207784	21789	5
S3110475	100	Sound	20	2207784	0	5			0		hit	2212
S3110475	100	Port Input	14	2207800	15	1
S3110475	100	Port Input	15	2210034	2250	1
S3110475	100	Port Input	14	2230751	22967	1
S3110475	100	Response	222	2230751	22967	1
S3110475	101	Sound	20	2230752	0	4			0		hit	2218
S3110475	101	Port Input	15	2232763	2012	1
S3110475	101	Port Input	14	2232763	2012	1
S3110475	101	Port Input	15	2232764	2012	1
S3110475	101	Port Input	14	2252461	21709	1
S3110475	101	Response	222	2252461	21709	1
S3110475	102	Sound	20	2252461	0	5			0		other	0
S3110475	102	Port Input	15	2254423	1962	1
S3110475	104	Port Input	14	2274111	1630	1
S3110475	104	Response	20	2274111	1630	1
S3110475	104	Port Input	15	2274111	1630	1
S3110475	104	Port Input	14	2274111	1630	1
S3110475	104	Port Input	15	2276290	3809	1
S3110475	104	Port Input	14	2296765	24284	70
S3110475	104	Response	20	2296765	24284	71
S3110475	104	Port Input	15	2299327	26845	70

The following output port codes were not sent because of a conflict on the port.
Port	Code	Time(ms)
1	20	225256
