Scenario - passive press generic training 1.2
Logfile written - 06/27/2023 13:27:32

Subject	Trial	Event Type	Code	Time	TTime	Uncertainty	Duration	Uncertainty	ReqTime	ReqDur	Stim Type	Pair Index

S3110475	1	Picture	83	18	0	1	5000	1	0	4950	other	0
S3110475	1	Picture	82	10018	10000	1	5000	1	9950	4950	other	0
S3110475	1	Picture	81	20018	19999	1	5000	1	19950	4950	other	0
S3110475	1	Picture	80	30017	29999	1	5000	1	29950	4950	other	0
S3110475	1	Picture	81	40017	39999	1	10000	1	39950	9950	other	0
S3110475	1	Port Input	14	44725	44707	1
S3110475	1	Response	100	44725	44707	1
S3110475	1	Port Input	15	44726	44707	1
S3110475	1	Port Input	14	44726	44707	1
S3110475	1	Port Input	15	44726	44707	1
S3110475	1	Port Input	14	44728	44710	1
S3110475	1	Port Input	15	44730	44711	1
S3110475	1	Port Input	14	44730	44711	1
S3110475	1	Port Input	15	44730	44711	1
S3110475	1	Port Input	14	44730	44711	1
S3110475	1	Port Input	15	44731	44712	1
S3110475	1	Port Input	14	44731	44712	1
S3110475	1	Port Input	15	44732	44713	1
S3110475	1	Port Input	14	44732	44713	1
S3110475	1	Port Input	15	44732	44714	1
S3110475	1	Port Input	14	44732	44714	1
S3110475	1	Port Input	15	44732	44714	1
S3110475	1	Port Input	14	44733	44714	1
S3110475	1	Port Input	15	44733	44714	1
S3110475	1	Port Input	14	44733	44714	1
S3110475	1	Port Input	15	44734	44715	1
S3110475	1	Port Input	14	44734	44715	1
S3110475	1	Port Input	15	44734	44716	1
S3110475	1	Port Input	14	44734	44716	1
S3110475	1	Port Input	15	44736	44718	1
S3110475	1	Port Input	14	44736	44718	1
S3110475	1	Port Input	15	44737	44719	1
S3110475	1	Port Input	14	44737	44719	1
S3110475	1	Port Input	15	44738	44719	1
S3110475	1	Port Input	14	44738	44719	1
S3110475	1	Port Input	15	44738	44719	1
S3110475	1	Port Input	14	44738	44719	1
S3110475	1	Port Input	15	44738	44719	1
S3110475	1	Port Input	14	44738	44719	1
S3110475	1	Port Input	15	44738	44720	1
S3110475	1	Port Input	14	44738	44720	1
S3110475	1	Port Input	15	44739	44721	1
S3110475	1	Port Input	14	44739	44721	1
S3110475	1	Port Input	15	44741	44722	1
S3110475	1	Port Input	14	44741	44722	1
S3110475	1	Port Input	15	47399	47380	1
S3110475	1	Port Input	14	47399	47380	1
S3110475	1	Port Input	15	47401	47383	1
S3110475	1	Port Input	14	47401	47383	1
S3110475	1	Port Input	15	47402	47383	1
S3110475	1	Port Input	14	47402	47383	1
S3110475	1	Port Input	15	47403	47385	1
S3110475	1	Port Input	14	47403	47385	1
S3110475	1	Port Input	15	47403	47385	1
S3110475	1	Port Input	14	47403	47385	1
S3110475	1	Port Input	15	47403	47385	1
S3110475	1	Picture	81	60016	59998	1	10000	1	59950	9950	other	0
S3110475	1	Port Input	14	64066	64047	1
S3110475	1	Response	100	64066	64047	1
S3110475	1	Port Input	15	64066	64048	1
S3110475	1	Port Input	14	64066	64048	1
S3110475	1	Port Input	15	64071	64052	1
S3110475	1	Port Input	14	64071	64052	1
S3110475	1	Port Input	15	64071	64053	1
S3110475	1	Port Input	14	64071	64053	1
S3110475	1	Port Input	15	64072	64054	1
S3110475	1	Port Input	14	64072	64054	1
S3110475	1	Port Input	15	64073	64054	1
S3110475	1	Port Input	14	64073	64054	1
S3110475	1	Port Input	15	64073	64055	1
S3110475	1	Port Input	14	64073	64055	1
S3110475	1	Port Input	15	64075	64057	1
S3110475	1	Port Input	14	64075	64057	1
S3110475	1	Port Input	15	64081	64063	1
S3110475	1	Port Input	14	64081	64063	1
S3110475	1	Port Input	15	64084	64065	1
S3110475	1	Port Input	14	64084	64065	1
S3110475	1	Port Input	15	64088	64070	1
S3110475	1	Port Input	14	64088	64070	1
S3110475	1	Port Input	15	64090	64071	1
S3110475	1	Port Input	14	64090	64071	1
S3110475	1	Port Input	15	64099	64080	1
S3110475	1	Port Input	14	64099	64080	1
S3110475	1	Port Input	15	64100	64082	1
S3110475	1	Port Input	14	64100	64082	1
S3110475	1	Port Input	15	64103	64085	1
S3110475	1	Port Input	14	64103	64085	1
S3110475	1	Port Input	15	64104	64085	1
S3110475	1	Port Input	14	64104	64085	1
S3110475	1	Port Input	15	64105	64086	1
S3110475	1	Port Input	14	64105	64086	1
S3110475	1	Port Input	15	64105	64087	1
S3110475	1	Port Input	14	64105	64087	1
S3110475	1	Port Input	15	64105	64087	1
S3110475	1	Port Input	14	64105	64087	1
S3110475	1	Port Input	15	64107	64089	1
S3110475	1	Port Input	14	64107	64089	1
S3110475	1	Port Input	15	64108	64089	1
S3110475	1	Port Input	14	64108	64089	1
S3110475	1	Port Input	15	64109	64090	1
S3110475	1	Port Input	14	64109	64090	1
S3110475	1	Port Input	15	64109	64091	1
S3110475	1	Port Input	14	64109	64091	1
S3110475	1	Port Input	15	64109	64091	1
S3110475	1	Port Input	14	64109	64091	1
S3110475	1	Port Input	15	64111	64092	1
S3110475	1	Port Input	14	64111	64092	1
S3110475	1	Port Input	15	64112	64093	1
S3110475	1	Port Input	14	64112	64094	1
S3110475	1	Port Input	15	64112	64094	1
S3110475	1	Port Input	14	64112	64094	1
S3110475	1	Port Input	15	64114	64095	1
S3110475	1	Port Input	14	64114	64095	1
S3110475	1	Port Input	15	64116	64097	1
S3110475	1	Port Input	14	64116	64097	1
S3110475	1	Port Input	15	64116	64097	1
S3110475	1	Port Input	14	64116	64097	1
S3110475	1	Port Input	15	64118	64100	1
S3110475	1	Port Input	14	64118	64100	1
S3110475	1	Port Input	15	64121	64102	1
S3110475	1	Port Input	14	64121	64102	1
S3110475	1	Port Input	15	64121	64103	1
S3110475	1	Port Input	14	64121	64103	1
S3110475	1	Port Input	15	64123	64105	1
S3110475	1	Port Input	14	64123	64105	1
S3110475	1	Port Input	15	64124	64105	1
S3110475	1	Port Input	14	64124	64106	1
S3110475	1	Port Input	15	64161	64143	1
S3110475	1	Port Input	14	64161	64143	1
S3110475	1	Port Input	15	64164	64145	1
S3110475	1	Port Input	14	64164	64145	1
S3110475	1	Port Input	15	64166	64147	1
S3110475	1	Port Input	14	64166	64147	1
S3110475	1	Port Input	15	64234	64216	1
S3110475	1	Port Input	14	64234	64216	1
S3110475	1	Port Input	15	64408	64390	1
S3110475	1	Port Input	14	64408	64390	1
S3110475	1	Port Input	15	64422	64404	1
S3110475	1	Port Input	14	64422	64404	1
S3110475	1	Port Input	15	64488	64469	1
S3110475	1	Port Input	14	64488	64469	1
S3110475	1	Port Input	15	64493	64475	1
S3110475	1	Port Input	14	64493	64475	1
S3110475	1	Port Input	15	64496	64477	1
S3110475	1	Port Input	14	64496	64477	1
S3110475	1	Port Input	15	64498	64479	1
S3110475	1	Port Input	14	64498	64480	1
S3110475	1	Port Input	15	64498	64480	1
S3110475	1	Port Input	14	64498	64480	1
S3110475	1	Port Input	15	64501	64483	1
S3110475	1	Port Input	14	64501	64483	1
S3110475	1	Port Input	15	64506	64487	1
S3110475	1	Port Input	14	64506	64487	1
S3110475	1	Port Input	15	64506	64487	1
S3110475	1	Port Input	14	64506	64487	1
S3110475	1	Port Input	15	64509	64490	1
S3110475	1	Port Input	14	64509	64490	1
S3110475	1	Port Input	15	64509	64491	1
S3110475	1	Port Input	14	64509	64491	1
S3110475	1	Port Input	15	64512	64494	1
S3110475	1	Port Input	14	64512	64494	1
S3110475	1	Port Input	15	64514	64495	1
S3110475	1	Port Input	14	64514	64495	1
S3110475	1	Port Input	15	64515	64496	1
S3110475	1	Port Input	14	64515	64496	1
S3110475	1	Port Input	15	64516	64497	1
S3110475	1	Port Input	14	64516	64497	1
S3110475	1	Port Input	15	64523	64505	1
S3110475	1	Port Input	14	64523	64505	1
S3110475	1	Port Input	15	64527	64509	1
S3110475	1	Port Input	14	64527	64509	1
S3110475	1	Port Input	15	64535	64517	1
S3110475	1	Port Input	14	64535	64517	1
S3110475	1	Port Input	15	64540	64521	1
S3110475	1	Port Input	14	64540	64522	1
S3110475	1	Port Input	15	64566	64548	1
S3110475	1	Port Input	14	64567	64548	1
S3110475	1	Port Input	15	64567	64549	1
S3110475	1	Port Input	14	64567	64549	1
S3110475	1	Port Input	15	64568	64550	1
S3110475	1	Port Input	14	64568	64550	1
S3110475	1	Port Input	15	64569	64551	1
S3110475	1	Port Input	14	64569	64551	1
S3110475	1	Port Input	15	65798	65780	1
S3110475	1	Port Input	14	65798	65780	1
S3110475	1	Port Input	15	66275	66257	1
S3110475	1	Port Input	14	66275	66257	1
S3110475	1	Port Input	15	66278	66260	1
S3110475	1	Port Input	14	66278	66260	1
S3110475	1	Port Input	15	66284	66266	1
S3110475	1	Port Input	14	66284	66266	1
S3110475	1	Port Input	15	66286	66268	1
S3110475	1	Port Input	14	66286	66268	1
S3110475	1	Port Input	15	66288	66269	1
S3110475	1	Port Input	14	66288	66269	1
S3110475	1	Port Input	15	66288	66270	1
S3110475	1	Port Input	14	66288	66270	1
S3110475	1	Port Input	15	66289	66271	1
S3110475	1	Port Input	14	66289	66271	1
S3110475	1	Port Input	15	66291	66272	1
S3110475	1	Port Input	14	66291	66272	1
S3110475	1	Port Input	15	66292	66273	1
S3110475	1	Port Input	14	66292	66273	1
S3110475	1	Port Input	15	66293	66275	1
S3110475	1	Port Input	14	66293	66275	1
S3110475	1	Port Input	15	66294	66275	1
S3110475	1	Port Input	14	66294	66275	1
S3110475	1	Port Input	15	66294	66276	1
S3110475	1	Port Input	14	66294	66276	1
S3110475	1	Port Input	15	66295	66277	1
S3110475	1	Port Input	14	66295	66277	1
S3110475	1	Port Input	15	66296	66277	1
S3110475	1	Port Input	14	66296	66277	1
S3110475	1	Port Input	15	66299	66280	1
S3110475	1	Port Input	14	66299	66280	1
S3110475	1	Port Input	15	66299	66281	1
S3110475	1	Port Input	14	66299	66281	1
S3110475	1	Port Input	15	66301	66283	1
S3110475	1	Port Input	14	66301	66283	1
S3110475	1	Port Input	15	66303	66285	1
S3110475	1	Port Input	14	66303	66285	1
S3110475	1	Port Input	15	66303	66285	1
S3110475	1	Port Input	14	66303	66285	1
S3110475	1	Port Input	15	66303	66285	1
S3110475	1	Port Input	14	66303	66285	1
S3110475	1	Port Input	15	66304	66286	1
S3110475	1	Port Input	14	66304	66286	1
S3110475	1	Port Input	15	66341	66322	1
S3110475	1	Port Input	14	66341	66322	1
S3110475	1	Port Input	15	66342	66324	1
S3110475	1	Port Input	14	66342	66324	1
S3110475	1	Port Input	15	66347	66329	1
S3110475	1	Port Input	14	66347	66329	1
S3110475	1	Port Input	15	66355	66337	1
S3110475	1	Port Input	14	66355	66337	1
S3110475	1	Port Input	15	66355	66337	1
S3110475	1	Port Input	14	66355	66337	1
S3110475	1	Port Input	15	66356	66337	1
S3110475	1	Port Input	14	66356	66337	1
S3110475	1	Port Input	15	66356	66338	1
S3110475	1	Port Input	14	66356	66338	1
S3110475	1	Port Input	15	66356	66338	1
S3110475	1	Port Input	14	66356	66338	1
S3110475	1	Port Input	15	66356	66338	1
S3110475	1	Port Input	14	66356	66338	1
S3110475	1	Port Input	15	66363	66344	1
S3110475	1	Port Input	14	66363	66344	1
S3110475	1	Port Input	15	66364	66345	1
S3110475	1	Port Input	14	66364	66346	1
S3110475	1	Port Input	15	66365	66346	1
S3110475	1	Port Input	14	66365	66346	1
S3110475	1	Port Input	15	66365	66347	1
S3110475	1	Port Input	14	66365	66347	1
S3110475	1	Port Input	15	66365	66347	1
S3110475	1	Port Input	14	66365	66347	1
S3110475	1	Port Input	15	66366	66348	1
S3110475	1	Port Input	14	66366	66348	1
S3110475	1	Port Input	15	66367	66349	1
S3110475	1	Port Input	14	66367	66349	1
S3110475	1	Port Input	15	66368	66349	1
S3110475	1	Port Input	14	66368	66349	1
S3110475	1	Port Input	15	66368	66350	1
S3110475	1	Port Input	14	66368	66350	1
S3110475	1	Port Input	15	66368	66350	1
S3110475	1	Port Input	14	66369	66350	1
S3110475	1	Port Input	15	66369	66351	1
S3110475	1	Port Input	14	66369	66351	1
S3110475	1	Port Input	15	66369	66351	1
S3110475	1	Picture	81	80016	79997	1	10000	1	79950	9950	other	0
S3110475	1	Port Input	14	83854	83836	1
S3110475	1	Response	100	83854	83836	1
S3110475	1	Port Input	15	83855	83836	1
S3110475	1	Port Input	14	83855	83836	1
S3110475	1	Port Input	15	83855	83837	1
S3110475	1	Port Input	14	83855	83837	1
S3110475	1	Port Input	15	83876	83858	1
S3110475	1	Port Input	14	83876	83858	1
S3110475	1	Port Input	15	83927	83908	1
S3110475	1	Port Input	14	83927	83908	1
S3110475	1	Port Input	15	86316	86297	1
S3110475	1	Port Input	14	86316	86297	1
S3110475	1	Port Input	15	86317	86299	1
S3110475	1	Port Input	14	86317	86299	1
S3110475	1	Port Input	15	86319	86301	1
S3110475	1	Port Input	14	86319	86301	1
S3110475	1	Port Input	15	86320	86301	1
S3110475	1	Port Input	14	86320	86301	1
S3110475	1	Port Input	15	86320	86302	1
S3110475	1	Port Input	14	86320	86302	1
S3110475	1	Port Input	15	86321	86303	1
S3110475	1	Port Input	14	86321	86303	1
S3110475	1	Port Input	15	86322	86304	1
S3110475	1	Port Input	14	86322	86304	1
S3110475	1	Port Input	15	86322	86304	1
S3110475	1	Port Input	14	86322	86304	1
S3110475	1	Port Input	15	86323	86305	1
S3110475	1	Port Input	14	86323	86305	1
S3110475	1	Port Input	15	86324	86305	1
S3110475	1	Port Input	14	86324	86306	1
S3110475	1	Port Input	15	86324	86306	1
S3110475	1	Port Input	14	86324	86306	1
S3110475	1	Port Input	15	86325	86306	1
S3110475	1	Port Input	14	86325	86306	1
S3110475	1	Port Input	15	86325	86307	1
S3110475	2	Port Input	14	106047	15962	3
S3110475	2	Response	100	106047	15962	3
S3110475	3	Port Input	15	110010	3884	8
S3110475	3	Port Input	14	126625	20499	8
S3110475	3	Response	100	126625	20499	8
S3110475	4	Port Input	15	129311	2630	8
S3110475	4	Port Input	14	144115	17434	8
S3110475	4	Response	100	144115	17434	8
S3110475	5	Port Input	15	146691	2511	8
S3110475	5	Port Input	14	162409	18229	1
S3110475	5	Response	100	162409	18229	1
S3110475	6	Port Input	15	164800	2357	8
S3110475	6	Port Input	14	180686	18243	9
S3110475	6	Response	100	180686	18243	9
S3110475	6	Port Input	15	180707	18264	1
S3110475	6	Port Input	14	180707	18264	1
S3110475	7	Port Input	15	182873	2097	8
S3110475	7	Port Input	14	182881	2105	1
S3110475	7	Port Input	15	182881	2105	8
S3110475	7	Port Input	14	199703	18927	8
S3110475	7	Response	100	199703	18927	8
S3110475	7	Port Input	15	199718	18942	1
S3110475	7	Port Input	14	199718	18942	1
S3110475	7	Port Input	15	199724	18948	1
S3110475	7	Port Input	14	199725	18949	1
S3110475	8	Port Input	15	202288	2554	1
S3110475	8	Port Input	14	219094	19361	8
S3110475	8	Response	100	219094	19361	8
S3110475	8	Port Input	15	219127	19394	1
S3110475	8	Port Input	14	219127	19394	1
S3110475	9	Port Input	15	221472	2294	8
S3110475	9	Port Input	14	237404	18227	8
S3110475	9	Response	100	237404	18227	8
S3110475	9	Port Input	15	237419	18242	1
S3110475	9	Port Input	14	237419	18242	1
S3110475	9	Port Input	15	237419	18242	1
S3110475	9	Port Input	14	237419	18242	1
S3110475	9	Port Input	15	237425	18248	1
S3110475	9	Port Input	14	237425	18248	1
S3110475	9	Port Input	15	237428	18251	1
S3110475	9	Port Input	14	237428	18251	1
S3110475	9	Port Input	15	237430	18253	1
S3110475	9	Port Input	14	237430	18253	1
S3110475	9	Port Input	15	237431	18253	1
S3110475	9	Port Input	14	237431	18253	1
S3110475	9	Port Input	15	237432	18255	1
S3110475	9	Port Input	14	237433	18255	1
S3110475	9	Port Input	15	237433	18256	1
S3110475	9	Port Input	14	237433	18256	1
S3110475	9	Port Input	15	237435	18257	1
S3110475	9	Port Input	14	237435	18257	1
S3110475	10	Port Input	15	239385	1945	8
S3110475	10	Port Input	14	256721	19281	8
S3110475	10	Response	100	256721	19281	8
S3110475	10	Port Input	15	256737	19296	1
S3110475	10	Port Input	14	256737	19296	1
S3110475	10	Port Input	15	256740	19299	1
S3110475	10	Port Input	14	256740	19299	1
S3110475	11	Port Input	15	258589	1843	8
S3110475	11	Port Input	14	275823	19077	8
S3110475	11	Response	100	275823	19077	8
S3110475	11	Port Input	15	275839	19094	1
S3110475	11	Port Input	14	275839	19094	1
S3110475	11	Port Input	15	275840	19094	1
S3110475	11	Port Input	14	275840	19094	1
S3110475	11	Port Input	15	275844	19099	1
S3110475	11	Port Input	14	275844	19099	1
S3110475	12	Port Input	15	277713	1801	8
S3110475	12	Port Input	14	295815	19903	9
S3110475	12	Response	100	295815	19903	9
