Scenario - passive press generic training 1.2
Logfile written - 07/25/2023 11:53:02

Subject	Trial	Event Type	Code	Time	TTime	Uncertainty	Duration	Uncertainty	ReqTime	ReqDur	Stim Type	Pair Index

S3115107	1	Picture	83	57	0	1	5000	1	0	4950	other	0
S3115107	1	Picture	82	10056	10000	1	5000	1	9950	4950	other	0
S3115107	1	Picture	81	20056	19999	1	5000	1	19950	4950	other	0
S3115107	1	Picture	80	30056	29999	1	5000	1	29950	4950	other	0
S3115107	1	Picture	81	40055	39999	1	10000	1	39950	9950	other	0
S3115107	1	Port Input	14	53677	53620	1
S3115107	1	Response	100	53677	53620	1
S3115107	1	Port Input	15	58004	57947	1
S3115107	1	Port Input	14	58004	57947	1
S3115107	1	Port Input	15	58004	57947	1
S3115107	1	Port Input	14	58004	57947	1
S3115107	1	Port Input	15	58005	57948	1
S3115107	1	Port Input	14	58005	57948	1
S3115107	1	Port Input	15	58005	57948	1
S3115107	1	Port Input	14	58005	57948	1
S3115107	1	Port Input	15	58005	57948	1
S3115107	1	Picture	81	60055	59998	1	10000	1	59950	9950	other	0
S3115107	1	Port Input	14	69437	69381	1
S3115107	1	Response	100	69437	69381	1
S3115107	1	Port Input	15	69437	69381	1
S3115107	1	Port Input	14	69438	69381	1
S3115107	1	Port Input	15	69438	69381	1
S3115107	1	Port Input	14	69438	69381	1
S3115107	1	Port Input	15	69438	69381	1
S3115107	1	Port Input	14	69438	69381	1
S3115107	1	Port Input	15	69705	69648	1
S3115107	1	Port Input	14	69705	69648	1
S3115107	1	Port Input	15	69705	69648	1
S3115107	1	Port Input	14	69705	69648	1
S3115107	1	Port Input	15	73361	73304	1
S3115107	1	Port Input	14	73361	73304	1
S3115107	1	Port Input	15	73361	73304	1
S3115107	1	Picture	81	80054	79997	1	10000	1	79950	9950	other	0
S3115107	1	Port Input	14	88160	88103	1
S3115107	1	Response	100	88160	88103	1
S3115107	1	Port Input	15	88160	88103	1
S3115107	1	Port Input	14	88160	88104	1
S3115107	1	Port Input	15	88160	88104	1
S3115107	1	Port Input	14	88161	88104	1
S3115107	1	Port Input	15	88161	88104	1
S3115107	1	Port Input	14	88161	88104	1
S3115107	1	Port Input	15	88161	88104	1
S3115107	1	Port Input	14	88161	88104	1
S3115107	1	Port Input	15	88161	88104	1
S3115107	1	Port Input	14	88161	88104	1
S3115107	1	Port Input	15	88161	88104	1
S3115107	1	Port Input	14	88161	88104	1
S3115107	1	Port Input	15	88161	88105	1
S3115107	1	Port Input	14	88161	88105	1
S3115107	1	Port Input	15	88161	88105	1
S3115107	1	Port Input	14	88162	88105	1
S3115107	1	Port Input	15	88162	88105	1
S3115107	1	Port Input	14	88162	88105	1
S3115107	1	Port Input	15	88162	88105	1
S3115107	1	Port Input	14	88162	88105	1
S3115107	1	Port Input	15	88162	88105	1
S3115107	1	Port Input	14	88162	88105	1
S3115107	1	Port Input	15	88162	88105	1
S3115107	1	Port Input	14	88162	88105	1
S3115107	1	Port Input	15	88162	88105	1
S3115107	1	Port Input	14	88162	88105	1
S3115107	1	Port Input	15	88162	88105	1
S3115107	1	Port Input	14	88162	88105	1
S3115107	1	Port Input	15	88162	88105	1
S3115107	1	Port Input	14	88162	88106	1
S3115107	1	Port Input	15	88162	88106	1
S3115107	1	Port Input	14	88163	88106	1
S3115107	1	Port Input	15	88163	88106	1
S3115107	1	Port Input	14	88163	88106	1
S3115107	1	Port Input	15	88163	88106	1
S3115107	1	Port Input	14	88163	88106	1
S3115107	1	Port Input	15	88163	88107	1
S3115107	1	Port Input	14	88163	88107	1
S3115107	2	Port Input	15	91981	1857	3
S3115107	2	Port Input	14	114377	24254	3
S3115107	2	Response	100	114377	24254	3
S3115107	2	Port Input	15	114379	24256	1
S3115107	2	Port Input	14	114380	24256	3
S3115107	2	Port Input	15	114385	24261	2
S3115107	2	Port Input	14	114386	24263	1
S3115107	3	Port Input	15	122428	8000	8
S3115107	3	Port Input	14	136790	22362	8
S3115107	3	Response	100	136790	22362	8
S3115107	4	Port Input	15	145011	8153	8
S3115107	4	Port Input	14	158475	21617	8
S3115107	4	Response	100	158475	21617	8
S3115107	5	Port Input	15	165097	6573	8
S3115107	5	Port Input	14	180117	21594	8
S3115107	5	Response	100	180117	21594	8
S3115107	6	Port Input	15	185927	5737	8
S3115107	6	Port Input	14	202231	22042	8
S3115107	6	Response	100	202231	22042	8
S3115107	7	Port Input	15	208715	6442	8
S3115107	7	Port Input	14	225716	23443	8
S3115107	7	Response	100	225716	23443	8
S3115107	8	Port Input	15	231726	5982	8
S3115107	8	Port Input	14	246985	21242	1
S3115107	8	Response	100	246985	21242	1
S3115107	8	Port Input	15	246985	21242	1
S3115107	8	Port Input	14	246986	21242	8
S3115107	9	Port Input	15	252454	5392	8
S3115107	9	Port Input	14	268311	21248	8
S3115107	9	Response	100	268311	21248	8
S3115107	10	Port Input	15	273757	5376	8
S3115107	10	Port Input	14	289924	21543	8
S3115107	10	Response	100	289924	21543	8
S3115107	11	Port Input	15	295544	5566	8
S3115107	11	Port Input	14	312017	22040	8
S3115107	11	Response	100	312017	22040	8
S3115107	12	Port Input	15	317205	5144	8
S3115107	12	Port Input	14	333913	21853	8
S3115107	12	Response	100	333913	21853	8
S3115107	12	Port Input	15	333921	21860	1
S3115107	12	Port Input	14	333921	21860	1
