Scenario - Push Button + tone (0ms)
Logfile written - 07/25/2023 12:01:34

Subject	Trial	Event Type	Code	Time	TTime	Uncertainty	Duration	Uncertainty	ReqTime	ReqDur	Stim Type	Pair Index

S3115107	1	Picture	start	69	0	1	40554	1	0	next	other	0
S3115107	3	Nothing	nothing	45124	0	0			0		hit	4
S3115107	3	Port Input	14	66066	20942	1
S3115107	3	Response	222	66066	20942	1
S3115107	3	Port Input	15	66066	20942	1
S3115107	3	Port Input	14	66066	20942	12
S3115107	4	Sound	20	66078	0	261			0		hit	12
S3115107	4	Port Input	15	70327	4249	1
S3115107	4	Port Input	14	70327	4250	1
S3115107	4	Port Input	15	70328	4250	1
S3115107	4	Port Input	14	96499	30421	1
S3115107	4	Response	222	96499	30421	1
S3115107	4	Port Input	15	96499	30421	1
S3115107	4	Port Input	14	96499	30422	1
S3115107	5	Sound	20	96500	0	4			0		hit	18
S3115107	5	Port Input	15	100838	4338	1
S3115107	5	Port Input	14	129152	32652	1
S3115107	5	Response	222	129152	32652	1
S3115107	6	Sound	20	129153	0	5			0		hit	22
S3115107	6	Port Input	15	133166	4013	1
S3115107	6	Port Input	14	162155	33001	1
S3115107	6	Response	222	162155	33001	1
S3115107	6	Port Input	15	162155	33002	1
S3115107	6	Port Input	14	162155	33002	1
S3115107	7	Sound	20	162155	0	5			0		hit	28
S3115107	7	Port Input	15	166377	4222	1
S3115107	7	Port Input	14	195792	33637	1
S3115107	7	Response	222	195792	33637	1
S3115107	8	Sound	20	195793	0	4			0		hit	32
S3115107	8	Port Input	15	200157	4364	1
S3115107	8	Port Input	14	227565	31772	1
S3115107	8	Response	222	227565	31772	1
S3115107	9	Sound	20	227566	0	4			0		hit	36
S3115107	9	Port Input	15	230739	3174	1
S3115107	9	Port Input	14	257752	30187	1
S3115107	9	Response	222	257752	30187	1
S3115107	9	Port Input	15	257753	30187	1
S3115107	10	Sound	20	257753	0	4			0		hit	50
S3115107	10	Port Input	14	257757	4	1
S3115107	10	Port Input	15	257757	4	1
S3115107	10	Port Input	14	257757	4	1
S3115107	10	Port Input	15	257757	4	1
S3115107	10	Port Input	14	257758	5	1
S3115107	10	Port Input	15	257760	6	1
S3115107	10	Port Input	14	257760	7	1
S3115107	10	Port Input	15	257762	9	1
S3115107	10	Port Input	14	257763	9	1
S3115107	10	Port Input	15	261242	3489	1
S3115107	10	Port Input	14	287978	30225	1
S3115107	10	Response	222	287978	30225	1
S3115107	11	Sound	20	287979	0	4			0		hit	54
S3115107	11	Port Input	15	291085	3106	1
S3115107	11	Port Input	14	316877	28899	1
S3115107	11	Response	222	316877	28899	1
S3115107	12	Sound	20	316878	0	4			0		hit	58
S3115107	12	Port Input	15	320318	3440	1
S3115107	12	Port Input	14	345024	28146	1
S3115107	12	Response	222	345024	28146	1
S3115107	12	Port Input	15	345025	28146	1
S3115107	12	Port Input	14	345025	28147	1
S3115107	13	Sound	20	345026	0	4			0		hit	64
S3115107	13	Port Input	15	347720	2695	1
S3115107	13	Port Input	14	373795	28770	1
S3115107	13	Response	222	373795	28770	1
S3115107	14	Sound	20	373796	0	5			0		hit	84
S3115107	14	Port Input	15	376768	2972	1
S3115107	14	Port Input	14	376768	2972	1
S3115107	14	Port Input	15	376769	2973	1
S3115107	14	Port Input	14	376769	2973	1
S3115107	14	Port Input	15	376769	2973	1
S3115107	14	Port Input	14	376769	2973	1
S3115107	14	Port Input	15	376769	2973	1
S3115107	14	Port Input	14	376769	2973	1
S3115107	14	Port Input	15	376770	2974	1
S3115107	14	Port Input	14	376770	2974	1
S3115107	14	Port Input	15	376770	2974	1
S3115107	14	Port Input	14	376770	2974	1
S3115107	14	Port Input	15	376771	2975	1
S3115107	14	Port Input	14	376771	2975	1
S3115107	14	Port Input	15	376771	2975	1
S3115107	14	Port Input	14	376771	2975	1
S3115107	14	Port Input	15	376771	2975	1
S3115107	14	Port Input	14	401945	28149	1
S3115107	14	Response	222	401945	28149	1
S3115107	14	Port Input	15	401945	28149	1
S3115107	14	Port Input	14	401945	28149	1
S3115107	15	Sound	20	401946	0	4			0		hit	108
S3115107	15	Port Input	15	401950	5	1
S3115107	15	Port Input	14	401950	5	1
S3115107	15	Port Input	15	401951	5	1
S3115107	15	Port Input	14	401951	5	1
S3115107	15	Port Input	15	401951	5	1
S3115107	15	Port Input	14	401951	5	1
S3115107	15	Port Input	15	401951	5	1
S3115107	15	Port Input	14	401951	5	1
S3115107	15	Port Input	15	401951	5	1
S3115107	15	Port Input	14	401951	5	1
S3115107	15	Port Input	15	401952	6	1
S3115107	15	Port Input	14	401952	7	1
S3115107	15	Port Input	15	401955	9	1
S3115107	15	Port Input	14	401955	9	1
S3115107	15	Port Input	15	405607	3661	1
S3115107	15	Port Input	14	405607	3661	1
S3115107	15	Port Input	15	405607	3661	1
S3115107	15	Port Input	14	405607	3662	1
S3115107	15	Port Input	15	405608	3662	1
S3115107	15	Port Input	14	431776	29830	1
S3115107	15	Response	222	431776	29830	1
S3115107	16	Sound	20	431777	0	4			0		hit	114
S3115107	16	Port Input	15	436002	4226	1
S3115107	16	Port Input	14	436002	4226	1
S3115107	16	Port Input	15	436003	4226	1
S3115107	16	Port Input	14	462315	30538	1
S3115107	16	Response	222	462315	30538	1
S3115107	16	Port Input	15	462315	30539	1
S3115107	16	Port Input	14	462316	30539	5
S3115107	17	Sound	20	462316	0	4			0		hit	120
S3115107	17	Port Input	15	466033	3717	1
S3115107	17	Port Input	14	492039	29723	1
S3115107	17	Response	222	492039	29723	1
S3115107	18	Sound	20	492040	0	4			0		hit	124
S3115107	18	Port Input	15	494904	2864	1
S3115107	18	Port Input	14	521658	29618	1
S3115107	18	Response	222	521658	29618	1
S3115107	19	Sound	20	521659	0	4			0		hit	128
S3115107	19	Port Input	15	524512	2852	1
S3115107	19	Port Input	14	551187	29528	1
S3115107	19	Response	222	551187	29528	1
S3115107	19	Port Input	15	551187	29528	1
S3115107	19	Port Input	14	551188	29528	1
S3115107	20	Sound	20	551188	0	4			0		hit	138
S3115107	20	Port Input	15	554396	3208	1
S3115107	20	Port Input	14	554396	3208	1
S3115107	20	Port Input	15	554397	3209	1
S3115107	20	Port Input	14	554397	3209	1
S3115107	20	Port Input	15	554397	3209	1
S3115107	20	Port Input	14	584179	32991	1
S3115107	20	Response	222	584179	32991	1
S3115107	21	Sound	20	584180	0	5			0		hit	142
S3115107	21	Port Input	15	586848	2668	1
S3115107	21	Port Input	14	615115	30935	1
S3115107	21	Response	222	615115	30935	1
S3115107	22	Sound	20	615116	0	5			0		hit	146
S3115107	22	Port Input	15	618269	3153	1
S3115107	22	Port Input	14	645543	30427	1
S3115107	22	Response	222	645543	30427	1
S3115107	23	Sound	20	645544	0	4			0		hit	164
S3115107	23	Port Input	15	645548	4	1
S3115107	23	Port Input	14	645548	4	1
S3115107	23	Port Input	15	645549	5	1
S3115107	23	Port Input	14	645549	5	1
S3115107	23	Port Input	15	645549	5	1
S3115107	23	Port Input	14	645549	5	1
S3115107	23	Port Input	15	645549	5	1
S3115107	23	Port Input	14	645549	5	1
S3115107	23	Port Input	15	645549	5	1
S3115107	23	Port Input	14	645549	5	1
S3115107	23	Port Input	15	645550	5	1
S3115107	23	Port Input	14	645550	5	1
S3115107	23	Port Input	15	645550	6	1
S3115107	23	Port Input	14	645550	6	1
S3115107	23	Port Input	15	648477	2933	1
S3115107	23	Port Input	14	674959	29415	1
S3115107	23	Response	222	674959	29415	1
S3115107	23	Port Input	15	674960	29416	1
S3115107	23	Port Input	14	674960	29416	5
S3115107	24	Sound	20	674960	0	5			0		hit	170
S3115107	24	Port Input	15	678274	3314	1
S3115107	24	Port Input	14	705605	30645	1
S3115107	24	Response	222	705605	30645	1
S3115107	25	Sound	20	705606	0	4			0		hit	174
S3115107	25	Port Input	15	709044	3438	1
S3115107	25	Port Input	14	734677	29072	1
S3115107	25	Response	222	734677	29072	1
S3115107	25	Port Input	15	734677	29072	1
S3115107	25	Port Input	14	734678	29072	5
S3115107	26	Sound	20	734678	0	4			0		hit	180
S3115107	26	Port Input	15	738696	4018	1
S3115107	26	Port Input	14	763556	28878	1
S3115107	26	Response	222	763556	28878	1
S3115107	27	Sound	20	763557	0	5			0		hit	184
S3115107	27	Port Input	15	767104	3548	1
S3115107	27	Port Input	14	790871	27315	1
S3115107	27	Response	222	790871	27315	1
S3115107	28	Sound	20	790872	0	4			0		hit	188
S3115107	28	Port Input	15	793711	2839	1
S3115107	28	Port Input	14	820054	29182	1
S3115107	28	Response	222	820054	29182	1
S3115107	28	Port Input	15	820054	29182	1
S3115107	28	Port Input	14	820055	29183	1
S3115107	29	Sound	20	820055	0	5			0		hit	194
S3115107	29	Port Input	15	822649	2594	1
S3115107	29	Port Input	14	848326	28271	1
S3115107	29	Response	222	848326	28271	1
S3115107	29	Port Input	15	848326	28271	1
S3115107	29	Port Input	14	848327	28272	5
S3115107	30	Sound	20	848327	0	4			0		hit	208
S3115107	30	Port Input	15	851098	2771	1
S3115107	30	Port Input	14	851098	2771	1
S3115107	30	Port Input	15	851098	2772	1
S3115107	30	Port Input	14	851099	2772	1
S3115107	30	Port Input	15	851100	2773	1
S3115107	30	Port Input	14	851100	2773	1
S3115107	30	Port Input	15	851100	2773	1
S3115107	30	Port Input	14	851100	2773	1
S3115107	30	Port Input	15	851101	2774	1
S3115107	30	Port Input	14	875661	27334	1
S3115107	30	Response	222	875661	27334	1
S3115107	31	Sound	20	875662	0	5			0		hit	212
S3115107	31	Port Input	15	878467	2805	1
S3115107	31	Port Input	14	903451	27789	1
S3115107	31	Response	222	903451	27789	1
S3115107	32	Sound	20	903452	0	5			0		hit	218
S3115107	32	Port Input	15	906610	3158	1
S3115107	32	Port Input	14	906610	3158	1
S3115107	32	Port Input	15	906610	3159	1
S3115107	32	Port Input	14	931820	28369	1
S3115107	32	Response	222	931820	28369	1
S3115107	32	Port Input	15	931821	28369	1
S3115107	32	Port Input	14	931821	28369	5
S3115107	33	Sound	20	931821	0	5			0		hit	226
S3115107	33	Port Input	15	934282	2461	1
S3115107	33	Port Input	14	934282	2461	1
S3115107	33	Port Input	15	934283	2462	1
S3115107	33	Port Input	14	959030	27209	1
S3115107	33	Response	222	959030	27209	1
S3115107	34	Sound	20	959031	0	5			0		hit	232
S3115107	34	Port Input	15	962010	2979	1
S3115107	34	Port Input	14	962010	2979	1
S3115107	34	Port Input	15	962010	2980	1
S3115107	34	Port Input	14	986108	27077	1
S3115107	34	Response	222	986108	27077	1
S3115107	35	Sound	20	986109	0	5			0		hit	242
S3115107	35	Port Input	15	988974	2866	1
S3115107	35	Port Input	14	988974	2866	1
S3115107	35	Port Input	15	988975	2867	1
S3115107	35	Port Input	14	988975	2867	1
S3115107	35	Port Input	15	988976	2867	1
S3115107	35	Port Input	14	988976	2867	1
S3115107	35	Port Input	15	988976	2868	1
S3115107	35	Port Input	14	1015599	29491	1
S3115107	35	Response	222	1015599	29491	1
S3115107	36	Sound	20	1015600	0	5			0		hit	246
S3115107	36	Port Input	15	1018590	2990	1
S3115107	36	Port Input	14	1044014	28414	1
S3115107	36	Response	222	1044014	28414	1
S3115107	37	Sound	20	1044015	0	4			0		hit	262
S3115107	37	Port Input	15	1044020	5	1
S3115107	37	Port Input	14	1044020	5	1
S3115107	37	Port Input	15	1044020	5	1
S3115107	37	Port Input	14	1044020	5	1
S3115107	37	Port Input	15	1044020	6	1
S3115107	37	Port Input	14	1044020	6	1
S3115107	37	Port Input	15	1044022	7	1
S3115107	37	Port Input	14	1044022	7	1
S3115107	37	Port Input	15	1044022	8	1
S3115107	37	Port Input	14	1044022	8	1
S3115107	37	Port Input	15	1047376	3362	1
S3115107	37	Port Input	14	1047376	3362	1
S3115107	37	Port Input	15	1047377	3362	1
S3115107	37	Port Input	14	1070478	26463	1
S3115107	37	Response	222	1070478	26463	1
S3115107	38	Sound	20	1070479	0	4			0		hit	268
S3115107	38	Port Input	15	1073052	2573	1
S3115107	38	Port Input	14	1073052	2573	1
S3115107	38	Port Input	15	1073052	2573	1
S3115107	38	Port Input	14	1098918	28439	1
S3115107	38	Response	222	1098918	28439	1
S3115107	39	Sound	20	1098919	0	5			0		hit	272
S3115107	39	Port Input	15	1100950	2031	1
S3115107	39	Port Input	14	1125704	26785	1
S3115107	39	Response	222	1125704	26785	1
S3115107	39	Port Input	15	1125705	26786	1
S3115107	39	Port Input	14	1125705	26786	4
S3115107	40	Sound	20	1125705	0	4			0		hit	278
S3115107	40	Port Input	15	1128074	2368	1
S3115107	40	Port Input	14	1152546	26841	1
S3115107	40	Response	222	1152546	26841	1
S3115107	41	Sound	20	1152547	0	4			0		hit	282
S3115107	41	Port Input	15	1155167	2620	1
S3115107	41	Port Input	14	1179394	26847	1
S3115107	41	Response	222	1179394	26847	1
S3115107	42	Sound	20	1179395	0	4			0		hit	286
S3115107	42	Port Input	15	1181614	2219	1
S3115107	42	Port Input	14	1204501	25106	1
S3115107	42	Response	222	1204501	25106	1
S3115107	43	Sound	20	1204502	0	4			0		hit	290
S3115107	43	Port Input	15	1207163	2661	1
S3115107	43	Port Input	14	1232408	27906	1
S3115107	43	Response	222	1232408	27906	1
S3115107	43	Port Input	15	1232408	27906	1
S3115107	43	Port Input	14	1232408	27906	5
S3115107	44	Sound	20	1232408	0	4			0		hit	300
S3115107	44	Port Input	15	1234747	2338	1
S3115107	44	Port Input	14	1234747	2338	1
S3115107	44	Port Input	15	1234747	2339	1
S3115107	44	Port Input	14	1234747	2339	1
S3115107	44	Port Input	15	1234748	2339	1
S3115107	44	Port Input	14	1258891	26482	1
S3115107	44	Response	222	1258891	26482	1
S3115107	45	Sound	20	1258891	0	4			0		hit	304
S3115107	45	Port Input	15	1260945	2054	1
S3115107	45	Port Input	14	1286130	27238	1
S3115107	45	Response	222	1286130	27238	1
S3115107	45	Port Input	15	1286130	27238	1
S3115107	45	Port Input	14	1286131	27239	5
S3115107	46	Sound	20	1286131	0	4			0		hit	324
S3115107	46	Port Input	15	1288216	2086	1
S3115107	46	Port Input	14	1288216	2086	1
S3115107	46	Port Input	15	1288217	2086	1
S3115107	46	Port Input	14	1288217	2086	1
S3115107	46	Port Input	15	1288217	2087	1
S3115107	46	Port Input	14	1288217	2087	1
S3115107	46	Port Input	15	1288218	2087	1
S3115107	46	Port Input	14	1288218	2087	1
S3115107	46	Port Input	15	1288218	2088	1
S3115107	46	Port Input	14	1288218	2088	1
S3115107	46	Port Input	15	1288218	2088	1
S3115107	46	Port Input	14	1288218	2088	1
S3115107	46	Port Input	15	1288219	2088	1
S3115107	46	Port Input	14	1288219	2088	1
S3115107	46	Port Input	15	1288219	2088	1
S3115107	46	Port Input	14	1313000	26870	1
S3115107	46	Response	222	1313000	26870	1
S3115107	46	Port Input	15	1313001	26870	1
S3115107	46	Port Input	14	1313001	26871	5
S3115107	47	Sound	20	1313001	0	4			0		hit	348
S3115107	47	Port Input	15	1313006	4	1
S3115107	47	Port Input	14	1313006	5	1
S3115107	47	Port Input	15	1313006	5	1
S3115107	47	Port Input	14	1313006	5	1
S3115107	47	Port Input	15	1313007	5	1
S3115107	47	Port Input	14	1313007	5	1
S3115107	47	Port Input	15	1313007	6	1
S3115107	47	Port Input	14	1313007	6	1
S3115107	47	Port Input	15	1315405	2404	1
S3115107	47	Port Input	14	1315405	2404	1
S3115107	47	Port Input	15	1315405	2404	1
S3115107	47	Port Input	14	1315405	2404	1
S3115107	47	Port Input	15	1315406	2404	1
S3115107	47	Port Input	14	1315406	2404	1
S3115107	47	Port Input	15	1315407	2406	1
S3115107	47	Port Input	14	1315407	2406	1
S3115107	47	Port Input	15	1315407	2406	1
S3115107	47	Port Input	14	1315407	2406	1
S3115107	47	Port Input	15	1315408	2407	1
S3115107	47	Port Input	14	1341057	28056	1
S3115107	47	Response	222	1341057	28056	1
S3115107	48	Sound	20	1341058	0	5			0		hit	368
S3115107	48	Port Input	15	1341063	5	1
S3115107	48	Port Input	14	1341063	5	1
S3115107	48	Port Input	15	1341063	5	1
S3115107	48	Port Input	14	1341063	5	1
S3115107	48	Port Input	15	1341064	6	1
S3115107	48	Port Input	14	1341064	6	1
S3115107	48	Port Input	15	1341064	6	1
S3115107	48	Port Input	14	1341064	6	1
S3115107	48	Port Input	15	1341065	7	1
S3115107	48	Port Input	14	1341065	7	1
S3115107	48	Port Input	15	1341065	7	1
S3115107	48	Port Input	14	1341065	7	1
S3115107	48	Port Input	15	1341066	8	1
S3115107	48	Port Input	14	1341066	8	1
S3115107	48	Port Input	15	1341066	8	1
S3115107	48	Port Input	14	1341066	8	1
S3115107	48	Port Input	15	1343416	2357	1
S3115107	48	Port Input	14	1367869	26810	1
S3115107	48	Response	222	1367869	26810	1
S3115107	49	Sound	20	1367869	0	4			0		hit	372
S3115107	49	Port Input	15	1370375	2506	1
S3115107	49	Port Input	14	1395528	27658	1
S3115107	49	Response	222	1395528	27658	1
S3115107	49	Port Input	15	1395528	27658	1
S3115107	49	Port Input	14	1395528	27659	1
S3115107	50	Sound	20	1395529	0	5			0		hit	378
S3115107	50	Port Input	15	1397905	2377	1
S3115107	50	Port Input	14	1422504	26975	1
S3115107	50	Response	222	1422504	26975	1
S3115107	51	Sound	20	1422505	0	4			0		hit	382
S3115107	51	Port Input	15	1425027	2522	1
S3115107	51	Port Input	14	1450582	28077	1
S3115107	51	Response	222	1450582	28077	1
S3115107	51	Port Input	15	1450582	28077	1
S3115107	51	Port Input	14	1450582	28077	1
S3115107	52	Sound	20	1450583	0	4			0		hit	412
S3115107	52	Port Input	15	1450588	5	1
S3115107	52	Port Input	14	1450588	5	1
S3115107	52	Port Input	15	1450588	5	1
S3115107	52	Port Input	14	1450588	5	1
S3115107	52	Port Input	15	1450589	7	1
S3115107	52	Port Input	14	1450589	7	1
S3115107	52	Port Input	15	1450590	7	1
S3115107	52	Port Input	14	1450590	7	1
S3115107	52	Port Input	15	1450590	8	1
S3115107	52	Port Input	14	1450590	8	1
S3115107	52	Port Input	15	1452897	2314	1
S3115107	52	Port Input	14	1452897	2314	1
S3115107	52	Port Input	15	1452898	2315	1
S3115107	52	Port Input	14	1452898	2315	1
S3115107	52	Port Input	15	1452899	2316	1
S3115107	52	Port Input	14	1452899	2316	1
S3115107	52	Port Input	15	1452899	2317	1
S3115107	52	Port Input	14	1452900	2317	1
S3115107	52	Port Input	15	1452900	2317	1
S3115107	52	Port Input	14	1452900	2317	1
S3115107	52	Port Input	15	1452901	2318	1
S3115107	52	Port Input	14	1452901	2318	1
S3115107	52	Port Input	15	1452901	2318	1
S3115107	52	Port Input	14	1452901	2318	1
S3115107	52	Port Input	15	1452902	2319	1
S3115107	52	Port Input	14	1480278	29695	1
S3115107	52	Response	222	1480278	29695	1
S3115107	52	Port Input	15	1480278	29696	1
S3115107	52	Port Input	14	1480278	29696	1
S3115107	52	Port Input	15	1480279	29696	1
S3115107	52	Port Input	14	1480279	29696	5
S3115107	53	Sound	20	1480279	0	4			0		hit	444
S3115107	53	Port Input	15	1482798	2519	1
S3115107	53	Port Input	14	1482798	2519	1
S3115107	53	Port Input	15	1482808	2529	1
S3115107	53	Port Input	14	1482808	2529	1
S3115107	53	Port Input	15	1482811	2532	1
S3115107	53	Port Input	14	1482811	2532	1
S3115107	53	Port Input	15	1482811	2532	1
S3115107	53	Port Input	14	1482811	2532	1
S3115107	53	Port Input	15	1482811	2532	1
S3115107	53	Port Input	14	1482811	2533	1
S3115107	53	Port Input	15	1482812	2533	1
S3115107	53	Port Input	14	1482812	2533	1
S3115107	53	Port Input	15	1482812	2533	1
S3115107	53	Port Input	14	1482812	2533	1
S3115107	53	Port Input	15	1482812	2533	1
S3115107	53	Port Input	14	1482812	2533	1
S3115107	53	Port Input	15	1482812	2533	1
S3115107	53	Port Input	14	1482812	2533	1
S3115107	53	Port Input	15	1482812	2533	1
S3115107	53	Port Input	14	1482812	2533	1
S3115107	53	Port Input	15	1482812	2533	1
S3115107	53	Port Input	14	1482812	2534	1
S3115107	53	Port Input	15	1482813	2534	1
S3115107	53	Port Input	14	1482813	2534	1
S3115107	53	Port Input	15	1482813	2534	1
S3115107	53	Port Input	14	1509757	29478	1
S3115107	53	Response	222	1509757	29478	1
S3115107	53	Port Input	15	1509758	29479	1
S3115107	53	Port Input	14	1509758	29479	5
S3115107	54	Sound	20	1509758	0	5			0		hit	452
S3115107	54	Port Input	15	1512156	2398	1
S3115107	54	Port Input	14	1512156	2398	1
S3115107	54	Port Input	15	1512156	2398	1
S3115107	54	Port Input	14	1538550	28792	1
S3115107	54	Response	222	1538550	28792	1
S3115107	54	Port Input	15	1538551	28793	4
S3115107	55	Sound	20	1538551	0	4			0		hit	512
S3115107	55	Port Input	14	1538555	4	1
S3115107	55	Port Input	15	1538555	4	1
S3115107	55	Port Input	14	1538555	4	1
S3115107	55	Port Input	15	1538557	6	1
S3115107	55	Port Input	14	1538557	6	1
S3115107	55	Port Input	15	1538557	6	1
S3115107	55	Port Input	14	1538558	6	1
S3115107	55	Port Input	15	1538558	7	1
S3115107	55	Port Input	14	1538559	7	1
S3115107	55	Port Input	15	1538561	9	1
S3115107	55	Port Input	14	1538561	9	1
S3115107	55	Port Input	15	1538563	11	1
S3115107	55	Port Input	14	1538563	11	1
S3115107	55	Port Input	15	1538563	12	1
S3115107	55	Port Input	14	1538563	12	1
S3115107	55	Port Input	15	1538563	12	1
S3115107	55	Port Input	14	1538563	12	1
S3115107	55	Port Input	15	1538563	12	1
S3115107	55	Port Input	14	1538564	12	1
S3115107	55	Port Input	15	1538564	13	1
S3115107	55	Port Input	14	1538564	13	1
S3115107	55	Port Input	15	1538564	13	1
S3115107	55	Port Input	14	1538565	13	1
S3115107	55	Port Input	15	1538565	13	1
S3115107	55	Port Input	14	1538565	13	1
S3115107	55	Port Input	15	1538566	15	1
S3115107	55	Port Input	14	1538566	15	1
S3115107	55	Port Input	15	1538566	15	1
S3115107	55	Port Input	14	1538566	15	1
S3115107	55	Port Input	15	1538567	15	1
S3115107	55	Port Input	14	1538567	16	1
S3115107	55	Port Input	15	1538568	17	1
S3115107	55	Port Input	14	1538568	17	1
S3115107	55	Port Input	15	1538568	17	1
S3115107	55	Port Input	14	1538568	17	1
S3115107	55	Port Input	15	1538568	17	1
S3115107	55	Port Input	14	1538568	17	1
S3115107	55	Port Input	15	1538570	19	1
S3115107	55	Port Input	14	1538570	19	1
S3115107	55	Port Input	15	1538571	19	1
S3115107	55	Port Input	14	1538571	19	1
S3115107	55	Port Input	15	1538571	20	1
S3115107	55	Port Input	14	1538571	20	1
S3115107	55	Port Input	15	1538572	21	1
S3115107	55	Port Input	14	1538572	21	1
S3115107	55	Port Input	15	1538572	21	1
S3115107	55	Port Input	14	1538572	21	1
S3115107	55	Port Input	15	1538573	22	1
S3115107	55	Port Input	14	1538573	22	1
S3115107	55	Port Input	15	1538575	24	1
S3115107	55	Port Input	14	1538575	24	1
S3115107	55	Port Input	15	1538576	25	1
S3115107	55	Port Input	14	1538576	25	1
S3115107	55	Port Input	15	1538577	26	1
S3115107	55	Port Input	14	1538578	26	1
S3115107	55	Port Input	15	1541217	2665	1
S3115107	55	Port Input	14	1568349	29797	1
S3115107	55	Response	222	1568349	29797	1
S3115107	56	Sound	20	1568349	0	4			0		hit	516
S3115107	56	Port Input	15	1571373	3024	1
S3115107	56	Port Input	14	1597988	29638	1
S3115107	56	Response	222	1597988	29638	1
S3115107	57	Sound	20	1597988	0	4			0		hit	524
S3115107	57	Port Input	15	1601010	3022	1
S3115107	57	Port Input	14	1601010	3022	1
S3115107	57	Port Input	15	1601011	3022	1
S3115107	57	Port Input	14	1601011	3022	1
S3115107	57	Port Input	15	1601011	3022	1
S3115107	57	Port Input	14	1628141	30153	1
S3115107	57	Response	222	1628141	30153	1
S3115107	57	Port Input	15	1628141	30153	1
S3115107	58	Sound	20	1628142	0	4			0		hit	534
S3115107	58	Port Input	14	1628147	5	1
S3115107	58	Port Input	15	1628148	6	1
S3115107	58	Port Input	14	1628148	6	1
S3115107	58	Port Input	15	1628149	7	1
S3115107	58	Port Input	14	1628149	7	1
S3115107	58	Port Input	15	1630930	2788	1
S3115107	58	Port Input	14	1656100	27958	1
S3115107	58	Response	222	1656100	27958	1
S3115107	59	Sound	20	1656100	0	4			0		hit	538
S3115107	59	Port Input	15	1658922	2822	1
S3115107	59	Port Input	14	1686086	29986	1
S3115107	59	Response	222	1686086	29986	1
S3115107	60	Sound	20	1686087	0	4			0		hit	544
S3115107	60	Port Input	15	1686091	5	1
S3115107	60	Port Input	14	1686091	5	1
S3115107	60	Port Input	15	1688875	2788	1
S3115107	60	Port Input	14	1717422	31335	1
S3115107	60	Response	222	1717422	31335	1
S3115107	60	Port Input	15	1717422	31336	1
S3115107	60	Port Input	14	1717423	31336	5
S3115107	61	Sound	20	1717423	0	4			0		hit	552
S3115107	61	Port Input	15	1720061	2639	1
S3115107	61	Port Input	14	1720062	2639	1
S3115107	61	Port Input	15	1720063	2640	1
S3115107	61	Port Input	14	1750095	32672	1
S3115107	61	Response	222	1750095	32672	1
S3115107	62	Sound	20	1750096	0	5			0		hit	558
S3115107	62	Port Input	15	1753716	3620	1
S3115107	62	Port Input	14	1753716	3620	1
S3115107	62	Port Input	15	1753716	3620	1
S3115107	62	Port Input	14	1781996	31900	1
S3115107	62	Response	222	1781996	31900	1
S3115107	62	Port Input	15	1781996	31900	1
S3115107	62	Port Input	14	1781996	31901	5
S3115107	63	Sound	20	1781996	0	4			0		hit	564
S3115107	63	Port Input	15	1785406	3410	1
S3115107	63	Port Input	14	1813413	31416	1
S3115107	63	Response	222	1813413	31416	1
S3115107	63	Port Input	15	1813413	31416	1
S3115107	63	Port Input	14	1813414	31417	5
S3115107	64	Sound	20	1813414	0	5			0		hit	574
S3115107	64	Port Input	15	1816482	3068	1
S3115107	64	Port Input	14	1816482	3068	1
S3115107	64	Port Input	15	1816482	3068	1
S3115107	64	Port Input	14	1816482	3068	1
S3115107	64	Port Input	15	1816482	3069	1
S3115107	64	Port Input	14	1845074	31660	1
S3115107	64	Response	222	1845074	31660	1
S3115107	65	Sound	20	1845074	0	5			0		hit	578
S3115107	65	Port Input	15	1847882	2808	1
S3115107	65	Port Input	14	1874808	29734	1
S3115107	65	Response	222	1874808	29734	1
S3115107	66	Sound	20	1874809	0	5			0		hit	596
S3115107	66	Port Input	15	1874813	4	1
S3115107	66	Port Input	14	1874813	4	1
S3115107	66	Port Input	15	1874814	5	1
S3115107	66	Port Input	14	1874814	5	1
S3115107	66	Port Input	15	1874814	5	1
S3115107	66	Port Input	14	1874814	5	1
S3115107	66	Port Input	15	1874815	6	1
S3115107	66	Port Input	14	1874815	6	1
S3115107	66	Port Input	15	1874815	6	1
S3115107	66	Port Input	14	1874815	6	1
S3115107	66	Port Input	15	1877961	3152	1
S3115107	66	Port Input	14	1877961	3152	1
S3115107	66	Port Input	15	1877961	3152	1
S3115107	66	Port Input	14	1877961	3152	1
S3115107	66	Port Input	15	1877961	3152	1
S3115107	66	Port Input	14	1907588	32779	1
S3115107	66	Response	222	1907588	32779	1
S3115107	67	Sound	20	1907589	0	5			0		hit	602
S3115107	67	Port Input	15	1910140	2551	1
S3115107	67	Port Input	14	1910140	2551	1
S3115107	67	Port Input	15	1910140	2551	1
S3115107	67	Port Input	14	1939257	31668	1
S3115107	67	Response	222	1939257	31668	1
S3115107	68	Sound	20	1939257	0	5			0		hit	622
S3115107	68	Port Input	15	1939264	6	1
S3115107	68	Port Input	14	1939264	7	1
S3115107	68	Port Input	15	1939264	7	1
S3115107	68	Port Input	14	1939264	7	1
S3115107	68	Port Input	15	1939266	9	1
S3115107	68	Port Input	14	1939266	9	1
S3115107	68	Port Input	15	1939267	10	1
S3115107	68	Port Input	14	1939267	10	1
S3115107	68	Port Input	15	1939267	10	1
S3115107	68	Port Input	14	1939267	10	1
S3115107	68	Port Input	15	1939268	11	1
S3115107	68	Port Input	14	1939268	11	1
S3115107	68	Port Input	15	1939269	12	1
S3115107	68	Port Input	14	1939269	12	1
S3115107	68	Port Input	15	1939270	13	1
S3115107	68	Port Input	14	1939270	13	1
S3115107	68	Port Input	15	1942427	3169	1
S3115107	68	Port Input	14	1973520	34263	1
S3115107	68	Response	222	1973520	34263	1
S3115107	69	Sound	20	1973521	0	4			0		hit	632
S3115107	69	Port Input	15	1976638	3117	1
S3115107	69	Port Input	14	1976638	3117	1
S3115107	69	Port Input	15	1976639	3118	1
S3115107	69	Port Input	14	1976639	3118	1
S3115107	69	Port Input	15	1976639	3118	1
S3115107	69	Port Input	14	1976639	3118	1
S3115107	69	Port Input	15	1976639	3118	1
S3115107	69	Port Input	14	2005273	31752	1
S3115107	69	Response	222	2005273	31752	1
S3115107	70	Sound	20	2005274	0	4			0		hit	638
S3115107	70	Port Input	15	2005282	8	1
S3115107	70	Port Input	14	2005282	8	1
S3115107	70	Port Input	15	2008943	3669	1
S3115107	70	Port Input	14	2033437	28163	1
S3115107	70	Response	222	2033437	28163	1
S3115107	70	Port Input	15	2033437	28163	1
S3115107	70	Port Input	14	2033437	28163	1
S3115107	71	Sound	20	2033437	0	4			0		hit	644
S3115107	71	Port Input	15	2036999	3562	1
S3115107	71	Port Input	14	2064154	30716	1
S3115107	71	Response	222	2064154	30716	1
S3115107	72	Sound	20	2064154	0	4			0		hit	652
S3115107	72	Port Input	15	2064162	8	1
S3115107	72	Port Input	14	2064162	8	1
S3115107	72	Port Input	15	2064163	9	1
S3115107	72	Port Input	14	2064163	9	1
S3115107	72	Port Input	15	2067576	3422	1
S3115107	72	Port Input	14	2096521	32367	1
S3115107	72	Response	222	2096521	32367	1
S3115107	73	Sound	20	2096522	0	4			0		hit	656
S3115107	73	Port Input	15	2099914	3392	1
S3115107	73	Port Input	14	2126551	30029	1
S3115107	73	Response	222	2126551	30029	1
S3115107	73	Port Input	15	2126551	30029	1
S3115107	73	Port Input	14	2126551	30029	1
S3115107	73	Port Input	15	2126551	30029	1
S3115107	73	Port Input	14	2126551	30029	5
S3115107	74	Sound	20	2126551	0	5			0		hit	664
S3115107	74	Port Input	15	2130195	3643	1
S3115107	74	Port Input	14	2156757	30206	1
S3115107	74	Response	222	2156757	30206	1
S3115107	74	Port Input	15	2156758	30206	1
S3115107	74	Port Input	14	2156758	30207	5
S3115107	75	Sound	20	2156758	0	4			0		hit	670
S3115107	75	Port Input	15	2160112	3354	1
S3115107	75	Port Input	14	2190738	33980	1
S3115107	75	Response	222	2190738	33980	1
S3115107	76	Sound	20	2190739	0	5			0		hit	686
S3115107	76	Port Input	15	2190744	4	1
S3115107	76	Port Input	14	2190744	4	1
S3115107	76	Port Input	15	2190744	5	1
S3115107	76	Port Input	14	2190745	6	1
S3115107	76	Port Input	15	2190746	7	1
S3115107	76	Port Input	14	2190746	7	1
S3115107	76	Port Input	15	2190747	7	1
S3115107	76	Port Input	14	2190747	7	1
S3115107	76	Port Input	15	2190747	8	1
S3115107	76	Port Input	14	2190747	8	1
S3115107	76	Port Input	15	2190748	8	1
S3115107	76	Port Input	14	2190748	9	1
S3115107	76	Port Input	15	2194934	4194	1
S3115107	76	Port Input	14	2222880	32141	1
S3115107	76	Response	222	2222880	32141	1
S3115107	77	Sound	20	2222881	0	5			0		hit	690
S3115107	77	Port Input	15	2226754	3874	1
S3115107	77	Port Input	14	2254524	31643	1
S3115107	77	Response	222	2254524	31643	1
S3115107	78	Sound	20	2254525	0	5			0		hit	698
S3115107	78	Port Input	15	2257738	3214	1
S3115107	78	Port Input	14	2257738	3214	1
S3115107	78	Port Input	15	2257739	3214	1
S3115107	78	Port Input	14	2257739	3214	1
S3115107	78	Port Input	15	2257739	3214	1
S3115107	78	Port Input	14	2286797	32272	1
S3115107	78	Response	222	2286797	32272	1
S3115107	79	Sound	20	2286798	0	5			0		hit	702
S3115107	79	Port Input	15	2289883	3085	1
S3115107	79	Port Input	14	2317486	30688	1
S3115107	79	Response	222	2317486	30688	1
S3115107	80	Sound	20	2317487	0	5			0		hit	708
S3115107	80	Port Input	15	2320689	3203	1
S3115107	80	Port Input	14	2320689	3203	1
S3115107	80	Port Input	15	2320690	3203	1
S3115107	80	Port Input	14	2346178	28691	1
S3115107	80	Response	222	2346178	28691	1
S3115107	81	Sound	20	2346179	0	5			0		hit	712
S3115107	81	Port Input	15	2349310	3132	1
S3115107	81	Port Input	14	2374418	28240	1
S3115107	81	Response	222	2374418	28240	1
S3115107	82	Sound	20	2374419	0	5			0		hit	716
S3115107	82	Port Input	15	2377625	3206	1
S3115107	82	Port Input	14	2400165	25746	1
S3115107	82	Response	222	2400165	25746	1
S3115107	82	Port Input	15	2400165	25746	1
S3115107	82	Port Input	14	2400166	25747	5
S3115107	83	Sound	20	2400166	0	5			0		hit	722
S3115107	83	Port Input	15	2403335	3169	1
S3115107	83	Port Input	14	2427993	27827	1
S3115107	83	Response	222	2427993	27827	1
S3115107	84	Sound	20	2427993	0	4			0		hit	726
S3115107	84	Port Input	15	2430737	2744	1
S3115107	84	Port Input	14	2458924	30930	1
S3115107	84	Response	222	2458924	30930	1
S3115107	85	Sound	20	2458924	0	4			0		hit	730
S3115107	85	Port Input	15	2462420	3495	1
S3115107	85	Port Input	14	2487216	28292	1
S3115107	85	Response	222	2487216	28292	1
S3115107	86	Sound	20	2487217	0	5			0		hit	734
S3115107	86	Port Input	15	2491205	3988	1
S3115107	86	Port Input	14	2515205	27988	1
S3115107	86	Response	222	2515205	27988	1
S3115107	87	Sound	20	2515206	0	5			0		hit	750
S3115107	87	Port Input	15	2518745	3539	1
S3115107	87	Port Input	14	2518746	3540	1
S3115107	87	Port Input	15	2518747	3541	1
S3115107	87	Port Input	14	2518747	3541	1
S3115107	87	Port Input	15	2518747	3541	1
S3115107	87	Port Input	14	2518747	3541	1
S3115107	87	Port Input	15	2518747	3541	1
S3115107	87	Port Input	14	2518747	3541	1
S3115107	87	Port Input	15	2518747	3541	1
S3115107	87	Port Input	14	2518747	3542	1
S3115107	87	Port Input	15	2518748	3542	1
S3115107	87	Port Input	14	2518748	3542	1
S3115107	87	Port Input	15	2518748	3542	1
S3115107	87	Port Input	14	2544273	29067	1
S3115107	87	Response	222	2544273	29067	1
S3115107	88	Sound	20	2544274	0	5			0		hit	764
S3115107	88	Port Input	15	2544278	4	1
S3115107	88	Port Input	14	2544278	4	1
S3115107	88	Port Input	15	2544280	6	1
S3115107	88	Port Input	14	2544280	6	1
S3115107	88	Port Input	15	2544282	8	1
S3115107	88	Port Input	14	2544282	8	1
S3115107	88	Port Input	15	2544283	10	1
S3115107	88	Port Input	14	2544283	10	1
S3115107	88	Port Input	15	2544285	12	1
S3115107	88	Port Input	14	2544285	12	1
S3115107	88	Port Input	15	2547633	3360	1
S3115107	88	Port Input	14	2573992	29719	1
S3115107	88	Response	222	2573992	29719	1
S3115107	89	Sound	20	2573993	0	4			0		hit	768
S3115107	89	Port Input	15	2577416	3423	1
S3115107	89	Port Input	14	2603066	29073	1
S3115107	89	Response	222	2603066	29073	1
S3115107	89	Port Input	15	2603066	29073	1
S3115107	90	Sound	20	2603066	0	5			0		hit	784
S3115107	90	Port Input	14	2603071	5	1
S3115107	90	Port Input	15	2603072	6	1
S3115107	90	Port Input	14	2603073	6	1
S3115107	90	Port Input	15	2603076	9	1
S3115107	90	Port Input	14	2603076	9	1
S3115107	90	Port Input	15	2603076	10	1
S3115107	90	Port Input	14	2603077	10	1
S3115107	90	Port Input	15	2603081	14	1
S3115107	90	Port Input	14	2603081	14	1
S3115107	90	Port Input	15	2603082	15	1
S3115107	90	Port Input	14	2603082	15	1
S3115107	90	Port Input	15	2606344	3278	1
S3115107	90	Port Input	14	2630663	27596	1
S3115107	90	Response	222	2630663	27596	1
S3115107	91	Sound	20	2630664	0	5			0		hit	820
S3115107	91	Port Input	15	2630668	4	1
S3115107	91	Port Input	14	2630668	4	1
S3115107	91	Port Input	15	2630669	5	1
S3115107	91	Port Input	14	2630669	5	1
S3115107	91	Port Input	15	2630669	6	1
S3115107	91	Port Input	14	2630669	6	1
S3115107	91	Port Input	15	2630673	10	1
S3115107	91	Port Input	14	2630673	10	1
S3115107	91	Port Input	15	2630674	10	1
S3115107	91	Port Input	14	2630674	10	1
S3115107	91	Port Input	15	2630674	10	1
S3115107	91	Port Input	14	2630674	10	1
S3115107	91	Port Input	15	2630674	11	1
S3115107	91	Port Input	14	2630674	11	1
S3115107	91	Port Input	15	2630674	11	1
S3115107	91	Port Input	14	2630674	11	1
S3115107	91	Port Input	15	2630676	12	1
S3115107	91	Port Input	14	2630676	12	1
S3115107	91	Port Input	15	2630676	13	1
S3115107	91	Port Input	14	2630676	13	1
S3115107	91	Port Input	15	2630682	18	1
S3115107	91	Port Input	14	2630682	18	1
S3115107	91	Port Input	15	2630682	19	1
S3115107	91	Port Input	14	2630682	19	1
S3115107	91	Port Input	15	2630684	21	1
S3115107	91	Port Input	14	2630685	21	1
S3115107	91	Port Input	15	2630687	23	1
S3115107	91	Port Input	14	2630687	24	1
S3115107	91	Port Input	15	2630690	27	1
S3115107	91	Port Input	14	2630690	27	1
S3115107	91	Port Input	15	2630691	27	1
S3115107	91	Port Input	14	2630691	27	1
S3115107	91	Port Input	15	2634291	3627	1
S3115107	91	Port Input	14	2658173	27510	1
S3115107	91	Response	222	2658173	27510	1
S3115107	92	Sound	20	2658174	0	4			0		hit	824
S3115107	92	Port Input	15	2661836	3662	1
S3115107	92	Port Input	14	2686378	28204	1
S3115107	92	Response	222	2686378	28204	1
S3115107	93	Sound	20	2686379	0	4			0		hit	842
S3115107	93	Port Input	15	2686393	14	1
S3115107	93	Port Input	14	2686393	14	1
S3115107	93	Port Input	15	2686394	15	1
S3115107	93	Port Input	14	2686394	15	1
S3115107	93	Port Input	15	2686395	16	1
S3115107	93	Port Input	14	2686395	16	1
S3115107	93	Port Input	15	2686397	18	1
S3115107	93	Port Input	14	2686397	18	1
S3115107	93	Port Input	15	2686408	29	1
S3115107	93	Port Input	14	2686408	29	1
S3115107	93	Port Input	15	2686416	37	1
S3115107	93	Port Input	14	2686417	37	1
S3115107	93	Port Input	15	2688951	2571	1
S3115107	93	Port Input	14	2688951	2571	1
S3115107	93	Port Input	15	2688951	2572	1
S3115107	93	Port Input	14	2712419	26040	1
S3115107	93	Response	222	2712419	26040	1
S3115107	93	Port Input	15	2712419	26040	1
S3115107	93	Port Input	14	2712420	26040	1
S3115107	94	Sound	20	2712420	0	5			0		hit	848
S3115107	94	Port Input	15	2716202	3782	1
S3115107	94	Port Input	14	2741346	28926	1
S3115107	94	Response	222	2741346	28926	1
S3115107	95	Sound	20	2741347	0	4			0		hit	854
S3115107	95	Port Input	15	2744182	2835	1
S3115107	95	Port Input	14	2744182	2835	1
S3115107	95	Port Input	15	2744183	2836	1
S3115107	95	Port Input	14	2772238	30891	1
S3115107	95	Response	222	2772238	30891	1
S3115107	96	Sound	20	2772239	0	5			0		hit	858
S3115107	96	Port Input	15	2775188	2949	1
S3115107	96	Port Input	14	2800979	28740	1
S3115107	96	Response	222	2800979	28740	1
S3115107	97	Sound	20	2800980	0	5			0		hit	862
S3115107	97	Port Input	15	2804462	3482	1
S3115107	97	Port Input	14	2834050	33071	1
S3115107	97	Response	222	2834050	33071	1
S3115107	98	Sound	20	2834051	0	4			0		hit	868
S3115107	98	Port Input	15	2837687	3636	1
S3115107	98	Port Input	14	2837687	3636	1
S3115107	98	Port Input	15	2837687	3636	1
S3115107	98	Port Input	14	2867992	33941	1
S3115107	98	Response	222	2867992	33941	1
S3115107	98	Port Input	15	2867993	33942	1
S3115107	98	Port Input	14	2867993	33942	5
S3115107	99	Sound	20	2867993	0	5			0		hit	874
S3115107	99	Port Input	15	2872078	4085	1
S3115107	99	Port Input	14	2897636	29643	1
S3115107	99	Response	222	2897636	29643	1
S3115107	100	Sound	20	2897637	0	5			0		hit	878
S3115107	100	Port Input	15	2901852	4215	1
S3115107	100	Port Input	14	2926283	28646	1
S3115107	100	Response	222	2926283	28646	1
S3115107	100	Port Input	15	2926283	28647	1
S3115107	101	Sound	20	2926284	0	5			0		hit	892
S3115107	101	Port Input	14	2926288	4	1
S3115107	101	Port Input	15	2926289	5	1
S3115107	101	Port Input	14	2926289	5	1
S3115107	101	Port Input	15	2926290	6	1
S3115107	101	Port Input	14	2926290	6	1
S3115107	101	Port Input	15	2926290	7	1
S3115107	101	Port Input	14	2926290	7	1
S3115107	101	Port Input	15	2930513	4229	1
S3115107	101	Port Input	14	2930513	4229	1
S3115107	101	Port Input	15	2930513	4230	1
S3115107	101	Port Input	14	2955794	29510	1
S3115107	101	Response	222	2955794	29510	1
S3115107	101	Port Input	15	2955795	29511	1
S3115107	101	Port Input	14	2955795	29511	5
S3115107	102	Sound	20	2955795	0	5			0		other	0
S3115107	102	Port Input	15	2959638	3843	1
S3115107	104	Port Input	14	2984383	8578	1
S3115107	104	Response	20	2984383	8578	1
S3115107	104	Port Input	15	2984384	8579	1
S3115107	104	Port Input	14	2984384	8579	1
S3115107	104	Port Input	15	2984384	8580	1
S3115107	104	Port Input	14	2984384	8580	1
S3115107	104	Port Input	15	2989733	13928	1
S3115107	104	Port Input	14	3004184	28379	70
S3115107	104	Response	20	3004184	28379	70

The following output port codes were not sent because of a conflict on the port.
Port	Code	Time(ms)
1	20	295589
