Scenario - Push Button + tone (0ms)
Logfile written - 10/26/2023 12:42:42

Subject	Trial	Event Type	Code	Time	TTime	Uncertainty	Duration	Uncertainty	ReqTime	ReqDur	Stim Type	Pair Index

S3310962	1	Picture	start	69	0	1	40554	1	0	next	other	0
S3310962	3	Nothing	nothing	45124	0	1			0		hit	4
S3310962	3	Port Input	14	181902	136778	1
S3310962	3	Response	222	181902	136778	1
S3310962	4	Sound	20	181915	0	539			0		hit	10
S3310962	4	Port Input	15	184835	2920	1
S3310962	4	Port Input	14	184835	2920	1
S3310962	4	Port Input	15	184835	2920	1
S3310962	4	Port Input	14	198112	16197	1
S3310962	4	Response	222	198112	16197	1
S3310962	5	Sound	20	198113	0	4			0		hit	14
S3310962	5	Port Input	15	200992	2879	1
S3310962	5	Port Input	14	212244	14130	1
S3310962	5	Response	222	212244	14130	1
S3310962	6	Sound	20	212245	0	5			0		hit	18
S3310962	6	Port Input	15	215081	2837	1
S3310962	6	Port Input	14	225909	13664	1
S3310962	6	Response	222	225909	13664	1
S3310962	7	Sound	20	225910	0	4			0		hit	22
S3310962	7	Port Input	15	228775	2865	1
S3310962	7	Port Input	14	239509	13599	1
S3310962	7	Response	222	239509	13599	1
S3310962	8	Sound	20	239510	0	5			0		hit	28
S3310962	8	Port Input	15	242086	2576	1
S3310962	8	Port Input	14	242086	2576	1
S3310962	8	Port Input	15	242086	2576	1
S3310962	8	Port Input	14	253231	13721	1
S3310962	8	Response	222	253231	13721	1
S3310962	9	Sound	20	253232	0	5			0		hit	32
S3310962	9	Port Input	15	255434	2202	1
S3310962	9	Port Input	14	267011	13779	1
S3310962	9	Response	222	267011	13779	1
S3310962	10	Sound	20	267012	0	5			0		hit	36
S3310962	10	Port Input	15	269016	2005	1
S3310962	10	Port Input	14	279631	12619	1
S3310962	10	Response	222	279631	12619	1
S3310962	11	Sound	20	279632	0	4			0		hit	40
S3310962	11	Port Input	15	282211	2579	1
S3310962	11	Port Input	14	290760	11128	1
S3310962	11	Response	222	290760	11128	1
S3310962	12	Sound	20	290761	0	4			0		hit	44
S3310962	12	Port Input	15	292926	2165	1
S3310962	12	Port Input	14	304477	13716	1
S3310962	12	Response	222	304477	13716	1
S3310962	13	Sound	20	304478	0	4			0		hit	48
S3310962	13	Port Input	15	306508	2030	1
S3310962	13	Port Input	14	317308	12830	1
S3310962	13	Response	222	317308	12830	1
S3310962	14	Sound	20	317309	0	4			0		hit	52
S3310962	14	Port Input	15	319548	2239	1
S3310962	14	Port Input	14	329588	12279	1
S3310962	14	Response	222	329588	12279	1
S3310962	15	Sound	20	329589	0	5			0		hit	56
S3310962	15	Port Input	15	331644	2055	1
S3310962	15	Port Input	14	342437	12847	1
S3310962	15	Response	222	342437	12847	1
S3310962	16	Sound	20	342437	0	4			0		hit	60
S3310962	16	Port Input	15	344644	2207	1
S3310962	16	Port Input	14	354806	12369	1
S3310962	16	Response	222	354806	12369	1
S3310962	17	Sound	20	354807	0	5			0		hit	66
S3310962	17	Port Input	15	356884	2077	1
S3310962	17	Port Input	14	356884	2077	1
S3310962	17	Port Input	15	356884	2078	1
S3310962	17	Port Input	14	366737	11931	1
S3310962	17	Response	222	366737	11931	1
S3310962	18	Sound	20	366738	0	4			0		hit	70
S3310962	18	Port Input	15	368888	2150	1
S3310962	18	Port Input	14	379463	12724	1
S3310962	18	Response	222	379463	12724	1
S3310962	19	Sound	20	379463	0	4			0		hit	74
S3310962	19	Port Input	15	381676	2213	1
S3310962	19	Port Input	14	392610	13147	1
S3310962	19	Response	222	392610	13147	1
S3310962	19	Port Input	15	392610	13147	1
S3310962	19	Port Input	14	392611	13147	1
S3310962	20	Sound	20	392611	0	4			0		hit	80
S3310962	20	Port Input	15	394683	2072	1
S3310962	20	Port Input	14	405084	12473	1
S3310962	20	Response	222	405084	12473	1
S3310962	20	Port Input	15	405084	12473	1
S3310962	20	Port Input	14	405085	12474	1
S3310962	21	Sound	20	405085	0	4			0		hit	86
S3310962	21	Port Input	15	407065	1980	1
S3310962	21	Port Input	14	418847	13762	1
S3310962	21	Response	222	418847	13762	1
S3310962	22	Sound	20	418847	0	5			0		hit	90
S3310962	22	Port Input	15	420784	1936	1
S3310962	22	Port Input	14	431227	12379	1
S3310962	22	Response	222	431227	12379	1
S3310962	23	Sound	20	431227	0	4			0		hit	94
S3310962	23	Port Input	15	433153	1926	1
S3310962	23	Port Input	14	442704	11477	1
S3310962	23	Response	222	442704	11477	1
S3310962	24	Sound	20	442705	0	5			0		hit	100
S3310962	24	Port Input	15	445089	2384	1
S3310962	24	Port Input	14	445089	2384	1
S3310962	24	Port Input	15	445089	2384	1
S3310962	24	Port Input	14	455155	12450	1
S3310962	24	Response	222	455155	12450	1
S3310962	25	Sound	20	455156	0	5			0		hit	106
S3310962	25	Port Input	15	457126	1969	1
S3310962	25	Port Input	14	457126	1970	1
S3310962	25	Port Input	15	457126	1970	1
S3310962	25	Port Input	14	468428	13272	1
S3310962	25	Response	222	468428	13272	1
S3310962	26	Sound	20	468429	0	4			0		hit	112
S3310962	26	Port Input	15	470567	2138	1
S3310962	26	Port Input	14	470567	2138	1
S3310962	26	Port Input	15	470567	2138	1
S3310962	26	Port Input	14	480693	12265	1
S3310962	26	Response	222	480693	12265	1
S3310962	27	Sound	20	480694	0	4			0		hit	118
S3310962	27	Port Input	15	482705	2011	1
S3310962	27	Port Input	14	482705	2011	1
S3310962	27	Port Input	15	482706	2011	1
S3310962	27	Port Input	14	493312	12618	1
S3310962	27	Response	222	493312	12618	1
S3310962	28	Sound	20	493313	0	4			0		hit	122
S3310962	28	Port Input	15	495438	2125	1
S3310962	28	Port Input	14	506209	12896	1
S3310962	28	Response	222	506209	12896	1
S3310962	29	Sound	20	506210	0	5			0		hit	126
S3310962	29	Port Input	15	508367	2157	1
S3310962	29	Port Input	14	519365	13154	1
S3310962	29	Response	222	519365	13154	1
S3310962	30	Sound	20	519365	0	5			0		hit	130
S3310962	30	Port Input	15	521218	1853	1
S3310962	30	Port Input	14	532944	13579	1
S3310962	30	Response	222	532944	13579	1
S3310962	31	Sound	20	532945	0	5			0		hit	134
S3310962	31	Port Input	15	534941	1996	1
S3310962	31	Port Input	14	546450	13505	1
S3310962	31	Response	222	546450	13505	1
S3310962	32	Sound	20	546451	0	5			0		hit	138
S3310962	32	Port Input	15	548573	2122	1
S3310962	32	Port Input	14	558910	12459	1
S3310962	32	Response	222	558910	12459	1
S3310962	33	Sound	20	558911	0	5			0		hit	142
S3310962	33	Port Input	15	560696	1785	1
S3310962	33	Port Input	14	571522	12612	1
S3310962	33	Response	222	571522	12612	1
S3310962	34	Sound	20	571523	0	5			0		hit	146
S3310962	34	Port Input	15	573166	1643	1
S3310962	34	Port Input	14	583751	12227	1
S3310962	34	Response	222	583751	12227	1
S3310962	35	Sound	20	583751	0	4			0		hit	150
S3310962	35	Port Input	15	585565	1813	1
S3310962	35	Port Input	14	597009	13258	1
S3310962	35	Response	222	597009	13258	1
S3310962	36	Sound	20	597010	0	4			0		hit	154
S3310962	36	Port Input	15	598888	1878	1
S3310962	36	Port Input	14	611207	14197	1
S3310962	36	Response	222	611207	14197	1
S3310962	37	Sound	20	611208	0	4			0		hit	158
S3310962	37	Port Input	15	613261	2053	1
S3310962	37	Port Input	14	623894	12686	1
S3310962	37	Response	222	623894	12686	1
S3310962	38	Sound	20	623895	0	5			0		hit	162
S3310962	38	Port Input	15	625363	1468	1
S3310962	38	Port Input	14	636670	12776	1
S3310962	38	Response	222	636670	12776	1
S3310962	39	Sound	20	636671	0	5			0		hit	166
S3310962	39	Port Input	15	638655	1984	1
S3310962	39	Port Input	14	649686	13014	1
S3310962	39	Response	222	649686	13014	1
S3310962	40	Sound	20	649686	0	4			0		hit	170
S3310962	40	Port Input	15	651690	2004	1
S3310962	40	Port Input	14	661756	12069	1
S3310962	40	Response	222	661756	12069	1
S3310962	41	Sound	20	661756	0	5			0		hit	174
S3310962	41	Port Input	15	663749	1992	1
S3310962	41	Port Input	14	675732	13975	1
S3310962	41	Response	222	675732	13975	1
S3310962	42	Sound	20	675733	0	4			0		hit	178
S3310962	42	Port Input	15	677663	1931	1
S3310962	42	Port Input	14	690298	14565	1
S3310962	42	Response	222	690298	14565	1
S3310962	43	Sound	20	690299	0	4			0		hit	182
S3310962	43	Port Input	15	692205	1906	1
S3310962	43	Port Input	14	703225	12926	1
S3310962	43	Response	222	703225	12926	1
S3310962	44	Sound	20	703225	0	4			0		hit	186
S3310962	44	Port Input	15	705293	2068	1
S3310962	44	Port Input	14	716442	13217	1
S3310962	44	Response	222	716442	13217	1
S3310962	45	Sound	20	716443	0	4			0		hit	190
S3310962	45	Port Input	15	718663	2220	1
S3310962	45	Port Input	14	730489	14046	1
S3310962	45	Response	222	730489	14046	1
S3310962	46	Sound	20	730490	0	4			0		hit	194
S3310962	46	Port Input	15	732641	2152	1
S3310962	46	Port Input	14	743778	13289	1
S3310962	46	Response	222	743778	13289	1
S3310962	47	Sound	20	743779	0	4			0		hit	198
S3310962	47	Port Input	15	746019	2240	1
S3310962	47	Port Input	14	757245	13466	1
S3310962	47	Response	222	757245	13466	1
S3310962	48	Sound	20	757246	0	4			0		hit	202
S3310962	48	Port Input	15	759243	1997	1
S3310962	48	Port Input	14	771290	14044	1
S3310962	48	Response	222	771290	14044	1
S3310962	49	Sound	20	771291	0	4			0		hit	206
S3310962	49	Port Input	15	773355	2064	1
S3310962	49	Port Input	14	785285	13994	1
S3310962	49	Response	222	785285	13994	1
S3310962	50	Sound	20	785286	0	4			0		hit	214
S3310962	50	Port Input	15	787370	2084	1
S3310962	50	Port Input	14	787370	2084	1
S3310962	50	Port Input	15	787370	2085	1
S3310962	50	Port Input	14	787370	2085	1
S3310962	50	Port Input	15	787371	2085	1
S3310962	50	Port Input	14	798541	13255	1
S3310962	50	Response	222	798541	13255	1
S3310962	51	Sound	20	798541	0	4			0		hit	218
S3310962	51	Port Input	15	800698	2156	1
S3310962	51	Port Input	14	812308	13766	1
S3310962	51	Response	222	812308	13766	1
S3310962	52	Sound	20	812309	0	4			0		hit	222
S3310962	52	Port Input	15	814417	2108	1
S3310962	52	Port Input	14	826106	13798	1
S3310962	52	Response	222	826106	13798	1
S3310962	52	Port Input	15	826106	13798	1
S3310962	52	Port Input	14	826107	13798	1
S3310962	53	Sound	20	826107	0	5			0		hit	228
S3310962	53	Port Input	15	828008	1901	1
S3310962	53	Port Input	14	841105	14997	1
S3310962	53	Response	222	841105	14997	1
S3310962	54	Sound	20	841105	0	5			0		hit	234
S3310962	54	Port Input	15	842913	1807	1
S3310962	54	Port Input	14	842913	1807	1
S3310962	54	Port Input	15	842913	1808	1
S3310962	54	Port Input	14	855854	14749	1
S3310962	54	Response	222	855854	14749	1
S3310962	55	Sound	20	855855	0	5			0		hit	244
S3310962	55	Port Input	15	857614	1759	1
S3310962	55	Port Input	14	857614	1759	1
S3310962	55	Port Input	15	857614	1759	1
S3310962	55	Port Input	14	857615	1759	1
S3310962	55	Port Input	15	857615	1759	1
S3310962	55	Port Input	14	857615	1759	1
S3310962	55	Port Input	15	857615	1759	1
S3310962	55	Port Input	14	869879	14024	1
S3310962	55	Response	222	869879	14024	1
S3310962	55	Port Input	15	869879	14024	1
S3310962	55	Port Input	14	869879	14024	1
S3310962	56	Sound	20	869880	0	4			0		hit	256
S3310962	56	Port Input	15	871817	1937	1
S3310962	56	Port Input	14	871817	1937	1
S3310962	56	Port Input	15	871817	1937	1
S3310962	56	Port Input	14	871817	1937	1
S3310962	56	Port Input	15	871817	1938	1
S3310962	56	Port Input	14	871818	1938	1
S3310962	56	Port Input	15	871818	1939	1
S3310962	56	Port Input	14	883429	13549	1
S3310962	56	Response	222	883429	13549	1
S3310962	57	Sound	20	883429	0	4			0		hit	260
S3310962	57	Port Input	15	885767	2337	1
S3310962	57	Port Input	14	896864	13435	1
S3310962	57	Response	222	896864	13435	1
S3310962	58	Sound	20	896865	0	4			0		hit	266
S3310962	58	Port Input	15	898493	1627	1
S3310962	58	Port Input	14	898493	1627	1
S3310962	58	Port Input	15	898493	1628	1
S3310962	58	Port Input	14	910980	14115	1
S3310962	58	Response	222	910980	14115	1
S3310962	59	Sound	20	910981	0	4			0		hit	270
S3310962	59	Port Input	15	912710	1729	1
S3310962	59	Port Input	14	923855	12874	1
S3310962	59	Response	222	923855	12874	1
S3310962	60	Sound	20	923856	0	4			0		hit	274
S3310962	60	Port Input	15	925651	1795	1
S3310962	60	Port Input	14	937880	14023	1
S3310962	60	Response	222	937880	14023	1
S3310962	60	Port Input	15	937880	14023	1
S3310962	60	Port Input	14	937880	14024	1
S3310962	61	Sound	20	937880	0	4			0		hit	290
S3310962	61	Port Input	15	937889	9	1
S3310962	61	Port Input	14	937889	9	1
S3310962	61	Port Input	15	937889	9	1
S3310962	61	Port Input	14	937889	9	1
S3310962	61	Port Input	15	937889	9	1
S3310962	61	Port Input	14	937890	9	1
S3310962	61	Port Input	15	937891	11	1
S3310962	61	Port Input	14	937891	11	1
S3310962	61	Port Input	15	937894	14	1
S3310962	61	Port Input	14	937894	14	1
S3310962	61	Port Input	15	939866	1986	1
S3310962	61	Port Input	14	950410	12530	1
S3310962	61	Response	222	950410	12530	1
S3310962	62	Sound	20	950411	0	4			0		hit	294
S3310962	62	Port Input	15	952327	1915	1
S3310962	62	Port Input	14	963834	13423	1
S3310962	62	Response	222	963834	13423	1
S3310962	63	Sound	20	963835	0	5			0		hit	298
S3310962	63	Port Input	15	965750	1915	1
S3310962	63	Port Input	14	976626	12791	1
S3310962	63	Response	222	976626	12791	1
S3310962	64	Sound	20	976627	0	4			0		hit	302
S3310962	64	Port Input	15	978517	1890	1
S3310962	64	Port Input	14	990054	13427	1
S3310962	64	Response	222	990054	13427	1
S3310962	65	Sound	20	990056	0	5			0		hit	306
S3310962	65	Port Input	15	991859	1803	1
S3310962	65	Port Input	14	1003244	13189	1
S3310962	65	Response	222	1003244	13189	1
S3310962	66	Sound	20	1003245	0	4			0		hit	310
S3310962	66	Port Input	15	1005082	1837	1
S3310962	66	Port Input	14	1016779	13534	1
S3310962	66	Response	222	1016779	13534	1
S3310962	67	Sound	20	1016780	0	4			0		hit	314
S3310962	67	Port Input	15	1018852	2073	1
S3310962	67	Port Input	14	1031802	15022	1
S3310962	67	Response	222	1031802	15022	1
S3310962	68	Sound	20	1031803	0	4			0		hit	318
S3310962	68	Port Input	15	1033783	1981	1
S3310962	68	Port Input	14	1045930	14128	1
S3310962	68	Response	222	1045930	14128	1
S3310962	69	Sound	20	1045931	0	4			0		hit	324
S3310962	69	Port Input	15	1047908	1977	1
S3310962	69	Port Input	14	1047908	1977	1
S3310962	69	Port Input	15	1047908	1977	1
S3310962	69	Port Input	14	1059568	13637	1
S3310962	69	Response	222	1059568	13637	1
S3310962	70	Sound	20	1059568	0	4			0		hit	328
S3310962	70	Port Input	15	1061302	1734	1
S3310962	70	Port Input	14	1072792	13224	1
S3310962	70	Response	222	1072792	13224	1
S3310962	71	Sound	20	1072793	0	4			0		hit	332
S3310962	71	Port Input	15	1074535	1742	1
S3310962	71	Port Input	14	1087499	14706	1
S3310962	71	Response	222	1087499	14706	1
S3310962	72	Sound	20	1087500	0	5			0		hit	336
S3310962	72	Port Input	15	1088825	1325	1
S3310962	72	Port Input	14	1100783	13283	1
S3310962	72	Response	222	1100783	13283	1
S3310962	73	Sound	20	1100784	0	4			0		hit	340
S3310962	73	Port Input	15	1102457	1673	1
S3310962	73	Port Input	14	1113421	12638	1
S3310962	73	Response	222	1113421	12638	1
S3310962	74	Sound	20	1113422	0	4			0		hit	344
S3310962	74	Port Input	15	1114799	1377	1
S3310962	74	Port Input	14	1126851	13429	1
S3310962	74	Response	222	1126851	13429	1
S3310962	75	Sound	20	1126852	0	5			0		hit	348
S3310962	75	Port Input	15	1128591	1739	1
S3310962	75	Port Input	14	1140658	13806	1
S3310962	75	Response	222	1140658	13806	1
S3310962	76	Sound	20	1140659	0	4			0		hit	352
S3310962	76	Port Input	15	1142365	1706	1
S3310962	76	Port Input	14	1154434	13775	1
S3310962	76	Response	222	1154434	13775	1
S3310962	77	Sound	20	1154435	0	4			0		hit	356
S3310962	77	Port Input	15	1155755	1320	1
S3310962	77	Port Input	14	1167728	13293	1
S3310962	77	Response	222	1167728	13293	1
S3310962	78	Sound	20	1167729	0	4			0		hit	364
S3310962	78	Port Input	15	1169110	1381	1
S3310962	78	Port Input	14	1169110	1381	1
S3310962	78	Port Input	15	1169111	1382	1
S3310962	78	Port Input	14	1169111	1382	1
S3310962	78	Port Input	15	1169111	1382	1
S3310962	78	Port Input	14	1181076	13347	1
S3310962	78	Response	222	1181076	13347	1
S3310962	79	Sound	20	1181077	0	4			0		hit	368
S3310962	79	Port Input	15	1182748	1671	1
S3310962	79	Port Input	14	1194480	13403	1
S3310962	79	Response	222	1194480	13403	1
S3310962	80	Sound	20	1194480	0	4			0		hit	372
S3310962	80	Port Input	15	1196263	1783	1
S3310962	80	Port Input	14	1209339	14859	1
S3310962	80	Response	222	1209339	14859	1
S3310962	81	Sound	20	1209340	0	4			0		hit	378
S3310962	81	Port Input	15	1211059	1719	1
S3310962	81	Port Input	14	1211059	1719	1
S3310962	81	Port Input	15	1211059	1719	1
S3310962	81	Port Input	14	1222354	13014	1
S3310962	81	Response	222	1222354	13014	1
S3310962	82	Sound	20	1222355	0	4			0		hit	382
S3310962	82	Port Input	15	1224178	1824	1
S3310962	82	Port Input	14	1235263	12908	1
S3310962	82	Response	222	1235263	12908	1
S3310962	83	Sound	20	1235263	0	4			0		hit	386
S3310962	83	Port Input	15	1237179	1916	1
S3310962	83	Port Input	14	1249008	13745	1
S3310962	83	Response	222	1249008	13745	1
S3310962	84	Sound	20	1249009	0	4			0		hit	392
S3310962	84	Port Input	15	1250548	1539	1
S3310962	84	Port Input	14	1250548	1539	1
S3310962	84	Port Input	15	1250548	1539	1
S3310962	84	Port Input	14	1262250	13241	1
S3310962	84	Response	222	1262250	13241	1
S3310962	85	Sound	20	1262251	0	5			0		hit	398
S3310962	85	Port Input	15	1263992	1742	1
S3310962	85	Port Input	14	1263993	1742	1
S3310962	85	Port Input	15	1263993	1742	1
S3310962	85	Port Input	14	1290573	28323	1
S3310962	85	Response	222	1290573	28323	1
S3310962	86	Sound	20	1290574	0	4			0		hit	402
S3310962	86	Port Input	15	1292671	2097	1
S3310962	86	Port Input	14	1304304	13730	1
S3310962	86	Response	222	1304304	13730	1
S3310962	87	Sound	20	1304305	0	4			0		hit	406
S3310962	87	Port Input	15	1306144	1839	1
S3310962	87	Port Input	14	1317739	13434	1
S3310962	87	Response	222	1317739	13434	1
S3310962	88	Sound	20	1317740	0	4			0		hit	410
S3310962	88	Port Input	15	1319551	1811	1
S3310962	88	Port Input	14	1331141	13401	1
S3310962	88	Response	222	1331141	13401	1
S3310962	89	Sound	20	1331142	0	4			0		hit	414
S3310962	89	Port Input	15	1332793	1651	1
S3310962	89	Port Input	14	1345070	13928	1
S3310962	89	Response	222	1345070	13928	1
S3310962	90	Sound	20	1345071	0	4			0		hit	420
S3310962	90	Port Input	15	1346765	1694	1
S3310962	90	Port Input	14	1346765	1694	1
S3310962	90	Port Input	15	1346765	1695	1
S3310962	90	Port Input	14	1359073	14002	1
S3310962	90	Response	222	1359073	14002	1
S3310962	91	Sound	20	1359074	0	5			0		hit	424
S3310962	91	Port Input	15	1360701	1628	1
S3310962	91	Port Input	14	1372500	13427	1
S3310962	91	Response	222	1372500	13427	1
S3310962	92	Sound	20	1372501	0	4			0		hit	430
S3310962	92	Port Input	15	1374430	1929	1
S3310962	92	Port Input	14	1374430	1929	1
S3310962	92	Port Input	15	1374430	1929	1
S3310962	92	Port Input	14	1385278	12776	1
S3310962	92	Response	222	1385278	12776	1
S3310962	93	Sound	20	1385278	0	4			0		hit	436
S3310962	93	Port Input	15	1387018	1739	1
S3310962	93	Port Input	14	1387018	1739	1
S3310962	93	Port Input	15	1387018	1739	1
S3310962	93	Port Input	14	1398436	13158	1
S3310962	93	Response	222	1398436	13158	1
S3310962	94	Sound	20	1398437	0	4			0		hit	440
S3310962	94	Port Input	15	1400044	1607	1
S3310962	94	Port Input	14	1411507	13070	1
S3310962	94	Response	222	1411507	13070	1
S3310962	95	Sound	20	1411508	0	5			0		hit	444
S3310962	95	Port Input	15	1413438	1930	1
S3310962	95	Port Input	14	1424227	12719	1
S3310962	95	Response	222	1424227	12719	1
S3310962	95	Port Input	15	1424227	12719	1
S3310962	95	Port Input	14	1424228	12720	5
S3310962	96	Sound	20	1424228	0	4			0		hit	450
S3310962	96	Port Input	15	1426177	1949	1
S3310962	96	Port Input	14	1436651	12424	1
S3310962	96	Response	222	1436651	12424	1
S3310962	97	Sound	20	1436652	0	4			0		hit	456
S3310962	97	Port Input	15	1438577	1925	1
S3310962	97	Port Input	14	1438577	1925	1
S3310962	97	Port Input	15	1438577	1925	1
S3310962	97	Port Input	14	1449585	12933	1
S3310962	97	Response	222	1449585	12933	1
S3310962	98	Sound	20	1449586	0	4			0		hit	460
S3310962	98	Port Input	15	1451173	1588	1
S3310962	98	Port Input	14	1461874	12288	1
S3310962	98	Response	222	1461874	12288	1
S3310962	99	Sound	20	1461875	0	5			0		hit	464
S3310962	99	Port Input	15	1463545	1671	1
S3310962	99	Port Input	14	1474533	12659	1
S3310962	99	Response	222	1474533	12659	1
S3310962	100	Sound	20	1474534	0	4			0		hit	468
S3310962	100	Port Input	15	1476477	1943	1
S3310962	100	Port Input	14	1486532	11998	1
S3310962	100	Response	222	1486532	11998	1
S3310962	101	Sound	20	1486533	0	4			0		hit	472
S3310962	101	Port Input	15	1488400	1867	1
S3310962	101	Port Input	14	1499437	12904	1
S3310962	101	Response	222	1499437	12904	1
S3310962	102	Sound	20	1499437	0	4			0		other	0
S3310962	102	Port Input	15	1500867	1429	1

The following output port codes were not sent because of a conflict on the port.
Port	Code	Time(ms)
1	20	149954
