Scenario - passive press generic training 1.2
Logfile written - 04/17/2023 11:35:44

Subject	Trial	Event Type	Code	Time	TTime	Uncertainty	Duration	Uncertainty	ReqTime	ReqDur	Stim Type	Pair Index

S4112468	1	Picture	83	63	0	1	5000	1	0	4950	other	0
S4112468	1	Picture	82	10062	10000	1	5000	1	9950	4950	other	0
S4112468	1	Picture	81	20062	19999	1	5000	1	19950	4950	other	0
S4112468	1	Picture	80	30062	29999	1	5000	1	29950	4950	other	0
S4112468	1	Picture	81	40061	39999	1	10000	1	39950	9950	other	0
S4112468	1	Port Input	14	44859	44796	1
S4112468	1	Response	100	44859	44796	1
S4112468	1	Port Input	15	44863	44800	1
S4112468	1	Port Input	14	44863	44800	1
S4112468	1	Port Input	15	44863	44800	1
S4112468	1	Port Input	14	44863	44800	1
S4112468	1	Port Input	15	45090	45027	1
S4112468	1	Port Input	14	45090	45027	1
S4112468	1	Port Input	15	45090	45027	1
S4112468	1	Port Input	14	45090	45028	1
S4112468	1	Port Input	15	46784	46721	1
S4112468	1	Port Input	14	46784	46721	1
S4112468	1	Port Input	15	46784	46721	1
S4112468	1	Port Input	14	46784	46721	1
S4112468	1	Port Input	15	46784	46721	1
S4112468	1	Port Input	14	46784	46721	1
S4112468	1	Port Input	15	46785	46722	1
S4112468	1	Port Input	14	46785	46722	1
S4112468	1	Port Input	15	46785	46722	1
S4112468	1	Port Input	14	46785	46722	1
S4112468	1	Port Input	15	46787	46724	1
S4112468	1	Port Input	14	46787	46724	1
S4112468	1	Port Input	15	46861	46798	1
S4112468	1	Port Input	14	46861	46798	1
S4112468	1	Port Input	15	46870	46808	1
S4112468	1	Port Input	14	46870	46808	1
S4112468	1	Port Input	15	46872	46809	1
S4112468	1	Port Input	14	46872	46809	1
S4112468	1	Port Input	15	46877	46814	1
S4112468	1	Port Input	14	46877	46814	1
S4112468	1	Port Input	15	46880	46817	1
S4112468	1	Port Input	14	46880	46817	1
S4112468	1	Port Input	15	46888	46825	1
S4112468	1	Port Input	14	46888	46825	1
S4112468	1	Port Input	15	46897	46835	1
S4112468	1	Port Input	14	46897	46835	1
S4112468	1	Port Input	15	46906	46843	1
S4112468	1	Port Input	14	46906	46843	1
S4112468	1	Port Input	15	46914	46851	1
S4112468	1	Port Input	14	46914	46851	1
S4112468	1	Port Input	15	46928	46865	1
S4112468	1	Port Input	14	46928	46865	1
S4112468	1	Port Input	15	47120	47057	1
S4112468	1	Port Input	14	47120	47057	1
S4112468	1	Port Input	15	47120	47057	1
S4112468	1	Picture	81	60061	59998	1	10000	1	59950	9950	other	0
S4112468	1	Port Input	14	63109	63046	1
S4112468	1	Response	100	63109	63046	1
S4112468	1	Port Input	15	63109	63047	1
S4112468	1	Port Input	14	63110	63047	1
S4112468	1	Port Input	15	63110	63047	1
S4112468	1	Port Input	14	63110	63047	1
S4112468	1	Port Input	15	63110	63047	1
S4112468	1	Port Input	14	63110	63047	1
S4112468	1	Port Input	15	63110	63047	1
S4112468	1	Port Input	14	63110	63047	1
S4112468	1	Port Input	15	63211	63148	1
S4112468	1	Port Input	14	63211	63148	1
S4112468	1	Port Input	15	63302	63239	1
S4112468	1	Port Input	14	63302	63239	1
S4112468	1	Port Input	15	63304	63242	1
S4112468	1	Port Input	14	63304	63242	1
S4112468	1	Port Input	15	65142	65080	1
S4112468	1	Port Input	14	65142	65080	1
S4112468	1	Port Input	15	65144	65081	1
S4112468	1	Port Input	14	65144	65081	1
S4112468	1	Port Input	15	65144	65081	1
S4112468	1	Port Input	14	65144	65081	1
S4112468	1	Port Input	15	65144	65082	1
S4112468	1	Port Input	14	65145	65082	1
S4112468	1	Port Input	15	65145	65082	1
S4112468	1	Port Input	14	65145	65082	1
S4112468	1	Port Input	15	65171	65108	1
S4112468	1	Port Input	14	65171	65108	1
S4112468	1	Port Input	15	65354	65291	1
S4112468	1	Port Input	14	65354	65291	1
S4112468	1	Port Input	15	65355	65292	1
S4112468	1	Port Input	14	65355	65292	1
S4112468	1	Port Input	15	65355	65292	1
S4112468	1	Port Input	14	65355	65292	1
S4112468	1	Port Input	15	65359	65296	1
S4112468	1	Port Input	14	65359	65296	1
S4112468	1	Port Input	15	65359	65296	1
S4112468	1	Port Input	14	65359	65296	1
S4112468	1	Port Input	15	65360	65297	1
S4112468	1	Port Input	14	65360	65297	1
S4112468	1	Port Input	15	65360	65297	1
S4112468	1	Port Input	14	65360	65297	1
S4112468	1	Port Input	15	65360	65298	1
S4112468	1	Port Input	14	65360	65298	1
S4112468	1	Port Input	15	65361	65298	1
S4112468	1	Port Input	14	65361	65298	1
S4112468	1	Port Input	15	65362	65299	1
S4112468	1	Port Input	14	65362	65299	1
S4112468	1	Port Input	15	65362	65300	1
S4112468	1	Port Input	14	65362	65300	1
S4112468	1	Port Input	15	65364	65302	1
S4112468	1	Port Input	14	65364	65302	1
S4112468	1	Port Input	15	65365	65302	1
S4112468	1	Port Input	14	65365	65303	1
S4112468	1	Port Input	15	65366	65303	1
S4112468	1	Port Input	14	65366	65303	1
S4112468	1	Port Input	15	65367	65304	1
S4112468	1	Port Input	14	65367	65304	1
S4112468	1	Port Input	15	65367	65304	1
S4112468	1	Port Input	14	65367	65304	1
S4112468	1	Port Input	15	65367	65305	1
S4112468	1	Port Input	14	65367	65305	1
S4112468	1	Port Input	15	65367	65305	1
S4112468	1	Port Input	14	65368	65305	1
S4112468	1	Port Input	15	65368	65305	1
S4112468	1	Port Input	14	65368	65305	1
S4112468	1	Port Input	15	65368	65306	1
S4112468	1	Port Input	14	65368	65306	1
S4112468	1	Port Input	15	65372	65309	1
S4112468	1	Port Input	14	65372	65309	1
S4112468	1	Port Input	15	65372	65309	1
S4112468	1	Port Input	14	65372	65309	1
S4112468	1	Port Input	15	65372	65309	1
S4112468	1	Port Input	14	65372	65310	1
S4112468	1	Port Input	15	65372	65310	1
S4112468	1	Port Input	14	65372	65310	1
S4112468	1	Port Input	15	65373	65310	1
S4112468	1	Port Input	14	65373	65310	1
S4112468	1	Port Input	15	65374	65311	1
S4112468	1	Port Input	14	65374	65311	1
S4112468	1	Port Input	15	65374	65311	1
S4112468	1	Port Input	14	65374	65311	1
S4112468	1	Port Input	15	65374	65312	1
S4112468	1	Port Input	14	65374	65312	1
S4112468	1	Port Input	15	65376	65313	1
S4112468	1	Port Input	14	65376	65313	1
S4112468	1	Port Input	15	65376	65313	1
S4112468	1	Port Input	14	65376	65313	1
S4112468	1	Port Input	15	65378	65315	1
S4112468	1	Port Input	14	65378	65315	1
S4112468	1	Port Input	15	65385	65323	1
S4112468	1	Port Input	14	65385	65323	1
S4112468	1	Port Input	15	65387	65325	1
S4112468	1	Port Input	14	65387	65325	1
S4112468	1	Port Input	15	65388	65325	1
S4112468	1	Port Input	14	65388	65325	1
S4112468	1	Port Input	15	65389	65326	1
S4112468	1	Port Input	14	65389	65326	1
S4112468	1	Port Input	15	65390	65327	1
S4112468	1	Port Input	14	65390	65327	1
S4112468	1	Port Input	15	65390	65328	1
S4112468	1	Port Input	14	65390	65328	1
S4112468	1	Port Input	15	65391	65328	1
S4112468	1	Port Input	14	65391	65328	1
S4112468	1	Port Input	15	65391	65328	1
S4112468	1	Port Input	14	65391	65328	1
S4112468	1	Port Input	15	65391	65328	1
S4112468	1	Picture	81	80060	79997	1	10000	1	79950	9950	other	0
S4112468	1	Port Input	14	82168	82105	1
S4112468	1	Response	100	82168	82105	1
S4112468	1	Port Input	15	82168	82105	1
S4112468	1	Port Input	14	82168	82105	1
S4112468	1	Port Input	15	82168	82106	1
S4112468	1	Port Input	14	82168	82106	1
S4112468	1	Port Input	15	84121	84058	1
S4112468	1	Port Input	14	84121	84058	1
S4112468	1	Port Input	15	84124	84061	1
S4112468	1	Port Input	14	84124	84061	1
S4112468	1	Port Input	15	84124	84062	1
S4112468	1	Port Input	14	84125	84062	1
S4112468	1	Port Input	15	84125	84062	1
S4112468	1	Port Input	14	84125	84062	1
S4112468	1	Port Input	15	84125	84062	1
S4112468	1	Port Input	14	84125	84062	1
S4112468	1	Port Input	15	84125	84062	1
S4112468	1	Port Input	14	84125	84062	1
S4112468	1	Port Input	15	84126	84063	1
S4112468	1	Port Input	14	84126	84063	1
S4112468	1	Port Input	15	84126	84063	1
S4112468	1	Port Input	14	84126	84063	1
S4112468	1	Port Input	15	84126	84063	1
S4112468	1	Port Input	14	84126	84063	1
S4112468	1	Port Input	15	84126	84063	1
S4112468	1	Port Input	14	84126	84064	1
S4112468	1	Port Input	15	84126	84064	1
S4112468	1	Port Input	14	84127	84064	1
S4112468	1	Port Input	15	84127	84064	1
S4112468	1	Port Input	14	84127	84064	1
S4112468	1	Port Input	15	84127	84064	1
S4112468	1	Port Input	14	84127	84064	1
S4112468	1	Port Input	15	84127	84064	1
S4112468	1	Port Input	14	84127	84064	1
S4112468	1	Port Input	15	84127	84064	1
S4112468	1	Port Input	14	84127	84065	1
S4112468	1	Port Input	15	84128	84065	1
S4112468	1	Port Input	14	84128	84065	1
S4112468	1	Port Input	15	84128	84065	1
S4112468	1	Port Input	14	84128	84065	1
S4112468	1	Port Input	15	84129	84066	1
S4112468	1	Port Input	14	84129	84066	1
S4112468	1	Port Input	15	84132	84069	1
S4112468	1	Port Input	14	84132	84069	1
S4112468	1	Port Input	15	84132	84069	1
S4112468	1	Port Input	14	84132	84069	1
S4112468	1	Port Input	15	84132	84069	1
S4112468	1	Port Input	14	84132	84069	1
S4112468	1	Port Input	15	84132	84070	1
S4112468	1	Port Input	14	84132	84070	1
S4112468	1	Port Input	15	84132	84070	1
S4112468	1	Port Input	14	84133	84070	1
S4112468	1	Port Input	15	84133	84070	1
S4112468	1	Port Input	14	84133	84070	1
S4112468	1	Port Input	15	84133	84070	1
S4112468	1	Port Input	14	84133	84071	1
S4112468	1	Port Input	15	84133	84071	1
S4112468	1	Port Input	14	84133	84071	1
S4112468	1	Port Input	15	84134	84071	1
S4112468	1	Port Input	14	84134	84071	1
S4112468	1	Port Input	15	84135	84072	1
S4112468	1	Port Input	14	84135	84072	1
S4112468	1	Port Input	15	84135	84072	1
S4112468	1	Port Input	14	84135	84072	1
S4112468	1	Port Input	15	84135	84072	1
S4112468	1	Port Input	14	84135	84072	1
S4112468	1	Port Input	15	84135	84072	1
S4112468	1	Port Input	14	84135	84072	1
S4112468	1	Port Input	15	84136	84073	1
S4112468	1	Port Input	14	84136	84073	1
S4112468	1	Port Input	15	84137	84074	1
S4112468	1	Port Input	14	84137	84074	1
S4112468	1	Port Input	15	84137	84074	1
S4112468	1	Port Input	14	84137	84074	1
S4112468	1	Port Input	15	84138	84075	1
S4112468	1	Port Input	14	84138	84075	1
S4112468	1	Port Input	15	84138	84075	1
S4112468	1	Port Input	14	84138	84076	1
S4112468	1	Port Input	15	84140	84077	1
S4112468	1	Port Input	14	84140	84077	1
S4112468	1	Port Input	15	84142	84079	1
S4112468	1	Port Input	14	84142	84079	1
S4112468	1	Port Input	15	84144	84081	1
S4112468	1	Port Input	14	84144	84081	1
S4112468	1	Port Input	15	84148	84086	1
S4112468	1	Port Input	14	84148	84086	1
S4112468	1	Port Input	15	84150	84087	1
S4112468	1	Port Input	14	84150	84087	1
S4112468	1	Port Input	15	84150	84087	1
S4112468	1	Port Input	14	84150	84087	1
S4112468	1	Port Input	15	84150	84087	1
S4112468	1	Port Input	14	84150	84088	1
S4112468	1	Port Input	15	84151	84088	1
S4112468	1	Port Input	14	84151	84088	1
S4112468	1	Port Input	15	84151	84088	1
S4112468	1	Port Input	14	84151	84088	1
S4112468	1	Port Input	15	84151	84088	1
S4112468	1	Port Input	14	84151	84088	1
S4112468	1	Port Input	15	84151	84088	1
S4112468	1	Port Input	14	84151	84088	1
S4112468	1	Port Input	15	84151	84088	1
S4112468	1	Port Input	14	84151	84088	1
S4112468	1	Port Input	15	84152	84089	1
S4112468	1	Port Input	14	84152	84089	1
S4112468	1	Port Input	15	84152	84089	1
S4112468	1	Port Input	14	84152	84089	1
S4112468	1	Port Input	15	84156	84093	1
S4112468	2	Port Input	14	109829	19700	1
S4112468	2	Response	100	109829	19700	1
S4112468	3	Port Input	15	112707	2857	1
S4112468	3	Port Input	14	112707	2857	1
S4112468	3	Port Input	15	112707	2857	8
S4112468	3	Port Input	14	124556	14706	8
S4112468	3	Response	100	124556	14706	8
S4112468	4	Port Input	15	128065	3423	8
S4112468	4	Port Input	14	141695	17053	1
S4112468	4	Response	100	141695	17053	1
S4112468	4	Port Input	15	141695	17053	1
S4112468	4	Port Input	14	141695	17053	1
S4112468	5	Port Input	15	145293	3568	1
S4112468	5	Port Input	14	156851	15127	8
S4112468	5	Response	100	156851	15127	8
S4112468	6	Port Input	15	159939	3006	10
S4112468	6	Port Input	14	173265	16332	8
S4112468	6	Response	100	173265	16332	8
S4112468	7	Port Input	15	176492	3171	1
S4112468	7	Port Input	14	176492	3171	1
S4112468	7	Port Input	15	176492	3171	1
S4112468	7	Port Input	14	188849	15528	8
S4112468	7	Response	100	188849	15528	8
S4112468	8	Port Input	15	191832	2956	8
S4112468	8	Port Input	14	204261	15385	8
S4112468	8	Response	100	204261	15385	8
S4112468	8	Port Input	15	204268	15392	1
S4112468	8	Port Input	14	204268	15393	1
S4112468	9	Port Input	15	207411	3118	8
S4112468	9	Port Input	14	219140	14848	8
S4112468	9	Response	100	219140	14848	8
S4112468	10	Port Input	15	222122	2900	8
S4112468	10	Port Input	14	235348	16126	8
S4112468	10	Response	100	235348	16126	8
S4112468	11	Port Input	15	238067	2665	8
S4112468	11	Port Input	14	250668	15266	8
S4112468	11	Response	100	250668	15266	8
S4112468	12	Port Input	15	254175	3426	8
S4112468	12	Port Input	14	268508	17759	8
S4112468	12	Response	100	268508	17759	8
