Scenario - Button
Logfile written - 04/17/2023 11:45:06

Subject	Trial	Event Type	Code	Time	TTime	Uncertainty	Duration	Uncertainty	ReqTime	ReqDur	Stim Type	Pair Index

S4112468	1	Picture	start	27	0	1	40554	1	0	next	other	0
S4112468	3	Picture	20	45095	0	1	11805	1	0	next	hit	4
S4112468	3	Port Input	14	56862	11767	1
S4112468	3	Response	22	56862	11767	1
S4112468	4	Picture	20	56900	0	1	23541	1	0	next	hit	24
S4112468	4	Port Input	15	59444	2544	1
S4112468	4	Port Input	14	59444	2544	1
S4112468	4	Port Input	15	59444	2544	1
S4112468	4	Port Input	14	59444	2544	1
S4112468	4	Port Input	15	59446	2546	1
S4112468	4	Port Input	14	59446	2546	1
S4112468	4	Port Input	15	59446	2546	1
S4112468	4	Port Input	14	59446	2546	1
S4112468	4	Port Input	15	59446	2546	1
S4112468	4	Port Input	14	59446	2546	1
S4112468	4	Port Input	15	59447	2547	1
S4112468	4	Port Input	14	59447	2547	1
S4112468	4	Port Input	15	59447	2547	1
S4112468	4	Port Input	14	59447	2547	1
S4112468	4	Port Input	15	59447	2547	1
S4112468	4	Port Input	14	59447	2547	1
S4112468	4	Port Input	15	59447	2547	1
S4112468	4	Port Input	14	80419	23519	1
S4112468	4	Response	22	80419	23519	1
S4112468	4	Port Input	15	80419	23519	1
S4112468	4	Port Input	14	80419	23519	1
S4112468	5	Picture	20	80441	0	1	24860	1	0	next	hit	128
S4112468	5	Port Input	15	80587	146	1
S4112468	5	Port Input	14	80587	146	1
S4112468	5	Port Input	15	80600	160	1
S4112468	5	Port Input	14	80600	160	1
S4112468	5	Port Input	15	80602	161	1
S4112468	5	Port Input	14	80602	161	1
S4112468	5	Port Input	15	80602	161	1
S4112468	5	Port Input	14	80602	161	1
S4112468	5	Port Input	15	80603	162	1
S4112468	5	Port Input	14	80603	163	1
S4112468	5	Port Input	15	80606	165	1
S4112468	5	Port Input	14	80606	165	1
S4112468	5	Port Input	15	80606	166	1
S4112468	5	Port Input	14	80606	166	1
S4112468	5	Port Input	15	80611	170	1
S4112468	5	Port Input	14	80611	170	1
S4112468	5	Port Input	15	80619	178	1
S4112468	5	Port Input	14	80619	178	1
S4112468	5	Port Input	15	80631	190	1
S4112468	5	Port Input	14	80631	190	1
S4112468	5	Port Input	15	80635	195	1
S4112468	5	Port Input	14	80636	195	1
S4112468	5	Port Input	15	80638	198	1
S4112468	5	Port Input	14	80638	198	1
S4112468	5	Port Input	15	80639	199	1
S4112468	5	Port Input	14	80639	199	1
S4112468	5	Port Input	15	80641	200	1
S4112468	5	Port Input	14	80641	200	1
S4112468	5	Port Input	15	80642	202	1
S4112468	5	Port Input	14	80642	202	1
S4112468	5	Port Input	15	80663	222	1
S4112468	5	Port Input	14	80663	222	1
S4112468	5	Port Input	15	80676	236	1
S4112468	5	Port Input	14	80676	236	1
S4112468	5	Port Input	15	80679	238	1
S4112468	5	Port Input	14	80679	238	1
S4112468	5	Port Input	15	80681	241	1
S4112468	5	Port Input	14	80681	241	1
S4112468	5	Port Input	15	80687	246	1
S4112468	5	Port Input	14	80687	246	1
S4112468	5	Port Input	15	80699	258	1
S4112468	5	Port Input	14	80699	258	1
S4112468	5	Port Input	15	80745	304	1
S4112468	5	Port Input	14	80745	304	1
S4112468	5	Port Input	15	80746	305	1
S4112468	5	Port Input	14	80746	305	1
S4112468	5	Port Input	15	80763	322	1
S4112468	5	Port Input	14	80763	322	1
S4112468	5	Port Input	15	80812	371	1
S4112468	5	Port Input	14	80812	372	1
S4112468	5	Port Input	15	80826	386	1
S4112468	5	Port Input	14	80826	386	1
S4112468	5	Port Input	15	81102	661	1
S4112468	5	Port Input	14	81102	661	1
S4112468	5	Port Input	15	81250	810	1
S4112468	5	Port Input	14	81250	810	1
S4112468	5	Port Input	15	81256	815	1
S4112468	5	Port Input	14	81256	815	1
S4112468	5	Port Input	15	81326	885	1
S4112468	5	Port Input	14	81326	885	1
S4112468	5	Port Input	15	81472	1032	1
S4112468	5	Port Input	14	81473	1032	1
S4112468	5	Port Input	15	81548	1107	1
S4112468	5	Port Input	14	81548	1107	1
S4112468	5	Port Input	15	81604	1163	1
S4112468	5	Port Input	14	81604	1163	1
S4112468	5	Port Input	15	81717	1276	1
S4112468	5	Port Input	14	81717	1276	1
S4112468	5	Port Input	15	81926	1485	1
S4112468	5	Port Input	14	81926	1485	1
S4112468	5	Port Input	15	81961	1520	1
S4112468	5	Port Input	14	81961	1520	1
S4112468	5	Port Input	15	81988	1547	1
S4112468	5	Port Input	14	81988	1547	1
S4112468	5	Port Input	15	82020	1579	1
S4112468	5	Port Input	14	82020	1579	1
S4112468	5	Port Input	15	82039	1598	1
S4112468	5	Port Input	14	82039	1598	1
S4112468	5	Port Input	15	82048	1607	1
S4112468	5	Port Input	14	82048	1607	1
S4112468	5	Port Input	15	82826	2386	1
S4112468	5	Port Input	14	82826	2386	1
S4112468	5	Port Input	15	82838	2397	1
S4112468	5	Port Input	14	82838	2397	1
S4112468	5	Port Input	15	82840	2399	1
S4112468	5	Port Input	14	82840	2399	1
S4112468	5	Port Input	15	82841	2400	1
S4112468	5	Port Input	14	82841	2400	1
S4112468	5	Port Input	15	83072	2631	1
S4112468	5	Port Input	14	83072	2631	1
S4112468	5	Port Input	15	83072	2632	1
S4112468	5	Port Input	14	83073	2632	1
S4112468	5	Port Input	15	83073	2632	1
S4112468	5	Port Input	14	83073	2632	1
S4112468	5	Port Input	15	83073	2632	1
S4112468	5	Port Input	14	83073	2632	1
S4112468	5	Port Input	15	83073	2632	1
S4112468	5	Port Input	14	83073	2633	1
S4112468	5	Port Input	15	83073	2633	1
S4112468	5	Port Input	14	105279	24838	1
S4112468	5	Response	22	105279	24838	1
S4112468	5	Port Input	15	105279	24838	1
S4112468	5	Port Input	14	105279	24838	1
S4112468	5	Port Input	15	105279	24838	1
S4112468	5	Port Input	14	105279	24839	1
S4112468	6	Picture	20	105301	0	1	26388	1	0	next	hit	178
S4112468	6	Port Input	15	107658	2357	1
S4112468	6	Port Input	14	107658	2357	1
S4112468	6	Port Input	15	107658	2357	1
S4112468	6	Port Input	14	107659	2358	1
S4112468	6	Port Input	15	107660	2359	1
S4112468	6	Port Input	14	107660	2359	1
S4112468	6	Port Input	15	107660	2359	1
S4112468	6	Port Input	14	107660	2359	1
S4112468	6	Port Input	15	107660	2359	1
S4112468	6	Port Input	14	107660	2359	1
S4112468	6	Port Input	15	107660	2359	1
S4112468	6	Port Input	14	107660	2359	1
S4112468	6	Port Input	15	107661	2359	1
S4112468	6	Port Input	14	107661	2360	1
S4112468	6	Port Input	15	107661	2360	1
S4112468	6	Port Input	14	107661	2360	1
S4112468	6	Port Input	15	107661	2360	1
S4112468	6	Port Input	14	107661	2360	1
S4112468	6	Port Input	15	107661	2360	1
S4112468	6	Port Input	14	107661	2360	1
S4112468	6	Port Input	15	107662	2361	1
S4112468	6	Port Input	14	107662	2361	1
S4112468	6	Port Input	15	107662	2361	1
S4112468	6	Port Input	14	107662	2361	1
S4112468	6	Port Input	15	107662	2361	1
S4112468	6	Port Input	14	107662	2361	1
S4112468	6	Port Input	15	107662	2361	1
S4112468	6	Port Input	14	107662	2361	1
S4112468	6	Port Input	15	107663	2362	1
S4112468	6	Port Input	14	107663	2362	1
S4112468	6	Port Input	15	107663	2362	1
S4112468	6	Port Input	14	107663	2362	1
S4112468	6	Port Input	15	107663	2362	1
S4112468	6	Port Input	14	107663	2362	1
S4112468	6	Port Input	15	107663	2362	1
S4112468	6	Port Input	14	107663	2362	1
S4112468	6	Port Input	15	107663	2362	1
S4112468	6	Port Input	14	107663	2362	1
S4112468	6	Port Input	15	107664	2363	1
S4112468	6	Port Input	14	107664	2363	1
S4112468	6	Port Input	15	107664	2363	1
S4112468	6	Port Input	14	107664	2363	1
S4112468	6	Port Input	15	107664	2363	1
S4112468	6	Port Input	14	131614	26312	1
S4112468	6	Response	22	131614	26312	1
S4112468	7	Picture	20	131689	0	1	26110	1	0	next	hit	190
S4112468	7	Port Input	15	133978	2289	1
S4112468	7	Port Input	14	133978	2289	1
S4112468	7	Port Input	15	133978	2289	1
S4112468	7	Port Input	14	133978	2289	1
S4112468	7	Port Input	15	133978	2289	1
S4112468	7	Port Input	14	133978	2289	1
S4112468	7	Port Input	15	133979	2290	1
S4112468	7	Port Input	14	133979	2290	1
S4112468	7	Port Input	15	133979	2290	1
S4112468	7	Port Input	14	157743	26054	1
S4112468	7	Response	22	157743	26054	1
S4112468	7	Port Input	15	157743	26054	1
S4112468	7	Port Input	14	157744	26055	7
S4112468	8	Picture	20	157799	0	1	22360	1	0	next	hit	200
S4112468	8	Port Input	15	160078	2279	1
S4112468	8	Port Input	14	160078	2279	1
S4112468	8	Port Input	15	160309	2510	1
S4112468	8	Port Input	14	160309	2510	1
S4112468	8	Port Input	15	160309	2510	1
S4112468	8	Port Input	14	180138	22339	1
S4112468	8	Response	22	180138	22339	1
S4112468	8	Port Input	15	180138	22339	1
S4112468	8	Port Input	14	180138	22339	1
S4112468	8	Port Input	15	180138	22339	1
S4112468	8	Port Input	14	180139	22339	1
S4112468	9	Picture	20	180160	0	1	25763	1	0	next	hit	216
S4112468	9	Port Input	15	180360	200	1
S4112468	9	Port Input	14	180360	200	1
S4112468	9	Port Input	15	180427	267	1
S4112468	9	Port Input	14	180427	267	1
S4112468	9	Port Input	15	180443	283	1
S4112468	9	Port Input	14	180443	283	1
S4112468	9	Port Input	15	182524	2364	1
S4112468	9	Port Input	14	182524	2364	1
S4112468	9	Port Input	15	182768	2608	1
S4112468	9	Port Input	14	205856	25697	1
S4112468	9	Response	22	205856	25697	1
S4112468	10	Picture	20	205923	0	1	24374	1	0	next	hit	220
S4112468	10	Port Input	15	208368	2445	1
S4112468	10	Port Input	14	230249	24326	1
S4112468	10	Response	22	230249	24326	1
S4112468	10	Port Input	15	230249	24326	1
S4112468	10	Port Input	14	230249	24326	1
S4112468	10	Port Input	15	230249	24326	1
S4112468	10	Port Input	14	230250	24327	4
S4112468	11	Picture	20	230297	0	1	26527	1	0	next	hit	228
S4112468	11	Port Input	15	232710	2414	1
S4112468	11	Port Input	14	256787	26490	1
S4112468	11	Response	22	256787	26490	1
S4112468	11	Port Input	15	256787	26490	1
S4112468	11	Port Input	14	256788	26491	1
S4112468	12	Picture	20	256824	0	1	24582	1	0	next	hit	242
S4112468	12	Port Input	15	258979	2156	1
S4112468	12	Port Input	14	258980	2156	1
S4112468	12	Port Input	15	258980	2156	1
S4112468	12	Port Input	14	258980	2156	1
S4112468	12	Port Input	15	258981	2157	1
S4112468	12	Port Input	14	258981	2157	1
S4112468	12	Port Input	15	258981	2157	1
S4112468	12	Port Input	14	258981	2157	1
S4112468	12	Port Input	15	258981	2157	1
S4112468	12	Port Input	14	281370	24546	1
S4112468	12	Response	22	281370	24546	1
S4112468	13	Picture	20	281406	0	1	23819	1	0	next	hit	246
S4112468	13	Port Input	15	284354	2948	1
S4112468	13	Port Input	14	305170	23763	1
S4112468	13	Response	22	305170	23763	1
S4112468	13	Port Input	15	305170	23763	1
S4112468	13	Port Input	14	305170	23764	1
S4112468	14	Picture	20	305225	0	1	28819	1	0	next	hit	286
S4112468	14	Port Input	15	306796	1572	1
S4112468	14	Port Input	14	306796	1572	1
S4112468	14	Port Input	15	306798	1573	1
S4112468	14	Port Input	14	306798	1573	1
S4112468	14	Port Input	15	306800	1575	1
S4112468	14	Port Input	14	306800	1575	1
S4112468	14	Port Input	15	306808	1583	1
S4112468	14	Port Input	14	306808	1583	1
S4112468	14	Port Input	15	306812	1588	1
S4112468	14	Port Input	14	306812	1588	1
S4112468	14	Port Input	15	306990	1766	1
S4112468	14	Port Input	14	306990	1766	1
S4112468	14	Port Input	15	307032	1807	1
S4112468	14	Port Input	14	307032	1807	1
S4112468	14	Port Input	15	307052	1828	1
S4112468	14	Port Input	14	307052	1828	1
S4112468	14	Port Input	15	307299	2074	1
S4112468	14	Port Input	14	307299	2074	1
S4112468	14	Port Input	15	307299	2074	1
S4112468	14	Port Input	14	307299	2074	1
S4112468	14	Port Input	15	307299	2074	1
S4112468	14	Port Input	14	307299	2074	1
S4112468	14	Port Input	15	307300	2075	1
S4112468	14	Port Input	14	307300	2075	1
S4112468	14	Port Input	15	307300	2075	1
S4112468	14	Port Input	14	307300	2075	1
S4112468	14	Port Input	15	307300	2075	1
S4112468	14	Port Input	14	307300	2075	1
S4112468	14	Port Input	15	307300	2075	1
S4112468	14	Port Input	14	307300	2075	1
S4112468	14	Port Input	15	307300	2075	1
S4112468	14	Port Input	14	307300	2076	1
S4112468	14	Port Input	15	307301	2076	1
S4112468	14	Port Input	14	307301	2076	1
S4112468	14	Port Input	15	307301	2076	1
S4112468	14	Port Input	14	333969	28744	1
S4112468	14	Response	22	333969	28744	1
S4112468	15	Picture	20	334043	0	1	22777	1	0	next	hit	310
S4112468	15	Port Input	15	334480	437	1
S4112468	15	Port Input	14	334480	437	1
S4112468	15	Port Input	15	334490	447	1
S4112468	15	Port Input	14	334490	447	1
S4112468	15	Port Input	15	334508	464	1
S4112468	15	Port Input	14	334508	464	1
S4112468	15	Port Input	15	334513	469	1
S4112468	15	Port Input	14	334513	469	1
S4112468	15	Port Input	15	334521	478	1
S4112468	15	Port Input	14	334521	478	1
S4112468	15	Port Input	15	334556	513	1
S4112468	15	Port Input	14	334556	513	1
S4112468	15	Port Input	15	334574	531	1
S4112468	15	Port Input	14	334574	531	1
S4112468	15	Port Input	15	334583	540	1
S4112468	15	Port Input	14	334583	540	1
S4112468	15	Port Input	15	334636	593	1
S4112468	15	Port Input	14	334636	593	1
S4112468	15	Port Input	15	334657	613	1
S4112468	15	Port Input	14	334657	613	1
S4112468	15	Port Input	15	336133	2089	1
S4112468	15	Port Input	14	356746	22702	1
S4112468	15	Response	22	356746	22702	1
S4112468	15	Port Input	15	356746	22703	1
S4112468	15	Port Input	14	356746	22703	1
S4112468	16	Picture	20	356820	0	1	32360	1	0	next	hit	354
S4112468	16	Port Input	15	357081	261	1
S4112468	16	Port Input	14	357081	261	1
S4112468	16	Port Input	15	357202	382	1
S4112468	16	Port Input	14	357202	382	1
S4112468	16	Port Input	15	358771	1951	1
S4112468	16	Port Input	14	358771	1951	1
S4112468	16	Port Input	15	358773	1952	1
S4112468	16	Port Input	14	358773	1952	1
S4112468	16	Port Input	15	358776	1955	1
S4112468	16	Port Input	14	358776	1955	1
S4112468	16	Port Input	15	358776	1955	1
S4112468	16	Port Input	14	358776	1955	1
S4112468	16	Port Input	15	358776	1956	1
S4112468	16	Port Input	14	358776	1956	1
S4112468	16	Port Input	15	358776	1956	1
S4112468	16	Port Input	14	358776	1956	1
S4112468	16	Port Input	15	358776	1956	1
S4112468	16	Port Input	14	358776	1956	1
S4112468	16	Port Input	15	358777	1956	1
S4112468	16	Port Input	14	358777	1956	1
S4112468	16	Port Input	15	358777	1957	1
S4112468	16	Port Input	14	358777	1957	1
S4112468	16	Port Input	15	358777	1957	1
S4112468	16	Port Input	14	358777	1957	1
S4112468	16	Port Input	15	358777	1957	1
S4112468	16	Port Input	14	358777	1957	1
S4112468	16	Port Input	15	358777	1957	1
S4112468	16	Port Input	14	358777	1957	1
S4112468	16	Port Input	15	358777	1957	1
S4112468	16	Port Input	14	358777	1957	1
S4112468	16	Port Input	15	358777	1957	1
S4112468	16	Port Input	14	358778	1957	1
S4112468	16	Port Input	15	358778	1957	1
S4112468	16	Port Input	14	358778	1958	1
S4112468	16	Port Input	15	358778	1958	1
S4112468	16	Port Input	14	358778	1958	1
S4112468	16	Port Input	15	358778	1958	1
S4112468	16	Port Input	14	358778	1958	1
S4112468	16	Port Input	15	358778	1958	1
S4112468	16	Port Input	14	389167	32347	1
S4112468	16	Response	22	389167	32347	1
S4112468	16	Port Input	15	389167	32347	1
S4112468	16	Port Input	14	389167	32347	1
S4112468	17	Picture	20	389180	0	1	30971	1	0	next	hit	360
S4112468	17	Port Input	15	391208	2027	1
S4112468	17	Port Input	14	420092	30911	1
S4112468	17	Response	22	420092	30911	1
S4112468	17	Port Input	15	420092	30911	1
S4112468	17	Port Input	14	420092	30912	1
S4112468	17	Port Input	15	420096	30915	1
S4112468	17	Port Input	14	420096	30916	1
S4112468	17	Port Input	15	420098	30918	1
S4112468	17	Port Input	14	420098	30918	1
S4112468	18	Picture	20	420151	0	1	30485	1	0	next	hit	384
S4112468	18	Port Input	15	422679	2528	1
S4112468	18	Port Input	14	422679	2528	1
S4112468	18	Port Input	15	422679	2528	1
S4112468	18	Port Input	14	422679	2528	1
S4112468	18	Port Input	15	422679	2528	1
S4112468	18	Port Input	14	422679	2528	1
S4112468	18	Port Input	15	422680	2528	1
S4112468	18	Port Input	14	422680	2528	1
S4112468	18	Port Input	15	422680	2529	1
S4112468	18	Port Input	14	422680	2529	1
S4112468	18	Port Input	15	422680	2529	1
S4112468	18	Port Input	14	422680	2529	1
S4112468	18	Port Input	15	422681	2529	1
S4112468	18	Port Input	14	422681	2529	1
S4112468	18	Port Input	15	422681	2529	1
S4112468	18	Port Input	14	450567	30416	1
S4112468	18	Response	22	450567	30416	1
S4112468	18	Port Input	15	450567	30416	1
S4112468	18	Port Input	14	450567	30416	1
S4112468	18	Port Input	15	450568	30416	1
S4112468	18	Port Input	14	450568	30417	7
S4112468	19	Picture	20	450637	0	1	25277	1	0	next	hit	400
S4112468	19	Port Input	15	453360	2723	1
S4112468	19	Port Input	14	453360	2723	1
S4112468	19	Port Input	15	453360	2724	1
S4112468	19	Port Input	14	453360	2724	1
S4112468	19	Port Input	15	453360	2724	1
S4112468	19	Port Input	14	453361	2724	1
S4112468	19	Port Input	15	453361	2724	1
S4112468	19	Port Input	14	453361	2724	1
S4112468	19	Port Input	15	453361	2725	1
S4112468	19	Port Input	14	475852	25216	1
S4112468	19	Response	22	475852	25216	1
S4112468	19	Port Input	15	475853	25216	1
S4112468	19	Port Input	14	475853	25216	1
S4112468	19	Port Input	15	475853	25217	5
S4112468	19	Port Input	14	475858	25221	1
S4112468	19	Port Input	15	475858	25221	1
S4112468	19	Port Input	14	475858	25221	1
S4112468	19	Port Input	15	475859	25222	1
S4112468	19	Port Input	14	475859	25222	1
S4112468	19	Port Input	15	475859	25223	1
S4112468	19	Port Input	14	475860	25223	1
S4112468	19	Port Input	15	475860	25223	1
S4112468	19	Port Input	14	475860	25223	1
S4112468	19	Port Input	15	475860	25223	1
S4112468	19	Port Input	14	475860	25224	1
S4112468	20	Picture	20	475914	0	1	29166	1	0	next	hit	422
S4112468	20	Port Input	15	477905	1991	1
S4112468	20	Port Input	14	477905	1991	1
S4112468	20	Port Input	15	477905	1992	1
S4112468	20	Port Input	14	477905	1992	1
S4112468	20	Port Input	15	477905	1992	1
S4112468	20	Port Input	14	505013	29099	1
S4112468	20	Response	22	505013	29099	1
S4112468	20	Port Input	15	505013	29100	1
S4112468	20	Port Input	14	505013	29100	1
S4112468	21	Picture	20	505079	0	1	28332	1	0	next	hit	484
S4112468	21	Port Input	15	507556	2477	1
S4112468	21	Port Input	14	507556	2477	1
S4112468	21	Port Input	15	507556	2477	1
S4112468	21	Port Input	14	507556	2477	1
S4112468	21	Port Input	15	507556	2477	1
S4112468	21	Port Input	14	507556	2477	1
S4112468	21	Port Input	15	507556	2477	1
S4112468	21	Port Input	14	507556	2477	1
S4112468	21	Port Input	15	507557	2477	1
S4112468	21	Port Input	14	507557	2477	1
S4112468	21	Port Input	15	507557	2478	1
S4112468	21	Port Input	14	507557	2478	1
S4112468	21	Port Input	15	507557	2478	1
S4112468	21	Port Input	14	507557	2478	1
S4112468	21	Port Input	15	507557	2478	1
S4112468	21	Port Input	14	507557	2478	1
S4112468	21	Port Input	15	507557	2478	1
S4112468	21	Port Input	14	507557	2478	1
S4112468	21	Port Input	15	507558	2478	1
S4112468	21	Port Input	14	507558	2478	1
S4112468	21	Port Input	15	507558	2478	1
S4112468	21	Port Input	14	507558	2478	1
S4112468	21	Port Input	15	507558	2479	1
S4112468	21	Port Input	14	507558	2479	1
S4112468	21	Port Input	15	507558	2479	1
S4112468	21	Port Input	14	507558	2479	1
S4112468	21	Port Input	15	507558	2479	1
S4112468	21	Port Input	14	507558	2479	1
S4112468	21	Port Input	15	507558	2479	1
S4112468	21	Port Input	14	507558	2479	1
S4112468	21	Port Input	15	507559	2479	1
S4112468	21	Port Input	14	507559	2479	1
S4112468	21	Port Input	15	507559	2479	1
S4112468	21	Port Input	14	507559	2479	1
S4112468	21	Port Input	15	507559	2480	1
S4112468	21	Port Input	14	507559	2480	1
S4112468	21	Port Input	15	507559	2480	1
S4112468	21	Port Input	14	507559	2480	1
S4112468	21	Port Input	15	507559	2480	1
S4112468	21	Port Input	14	507559	2480	1
S4112468	21	Port Input	15	507559	2480	1
S4112468	21	Port Input	14	507559	2480	1
S4112468	21	Port Input	15	507561	2482	1
S4112468	21	Port Input	14	507561	2482	1
S4112468	21	Port Input	15	507561	2482	1
S4112468	21	Port Input	14	507561	2482	1
S4112468	21	Port Input	15	507561	2482	1
S4112468	21	Port Input	14	507561	2482	1
S4112468	21	Port Input	15	507562	2483	1
S4112468	21	Port Input	14	507562	2483	1
S4112468	21	Port Input	15	507563	2484	1
S4112468	21	Port Input	14	507563	2484	1
S4112468	21	Port Input	15	507563	2484	1
S4112468	21	Port Input	14	507563	2484	1
S4112468	21	Port Input	15	507564	2485	1
S4112468	21	Port Input	14	507564	2485	1
S4112468	21	Port Input	15	507564	2485	1
S4112468	21	Port Input	14	533372	28293	1
S4112468	21	Response	22	533372	28293	1
S4112468	22	Picture	20	533412	0	1	24096	1	0	next	hit	524
S4112468	22	Port Input	15	533545	133	1
S4112468	22	Port Input	14	533545	133	1
S4112468	22	Port Input	15	533549	137	1
S4112468	22	Port Input	14	533549	137	1
S4112468	22	Port Input	15	533550	138	1
S4112468	22	Port Input	14	533550	138	1
S4112468	22	Port Input	15	533551	139	1
S4112468	22	Port Input	14	533551	139	1
S4112468	22	Port Input	15	533552	141	1
S4112468	22	Port Input	14	533552	141	1
S4112468	22	Port Input	15	533552	141	1
S4112468	22	Port Input	14	533552	141	1
S4112468	22	Port Input	15	533555	144	1
S4112468	22	Port Input	14	533555	144	1
S4112468	22	Port Input	15	533556	145	1
S4112468	22	Port Input	14	533556	145	1
S4112468	22	Port Input	15	533556	145	1
S4112468	22	Port Input	14	533556	145	1
S4112468	22	Port Input	15	533557	145	1
S4112468	22	Port Input	14	533557	146	1
S4112468	22	Port Input	15	533561	150	1
S4112468	22	Port Input	14	533561	150	1
S4112468	22	Port Input	15	533563	152	1
S4112468	22	Port Input	14	533563	152	1
S4112468	22	Port Input	15	533576	164	1
S4112468	22	Port Input	14	533576	164	1
S4112468	22	Port Input	15	533578	167	1
S4112468	22	Port Input	14	533578	167	1
S4112468	22	Port Input	15	533579	168	1
S4112468	22	Port Input	14	533579	168	1
S4112468	22	Port Input	15	533582	170	1
S4112468	22	Port Input	14	533582	170	1
S4112468	22	Port Input	15	533592	180	1
S4112468	22	Port Input	14	533592	180	1
S4112468	22	Port Input	15	535470	2058	1
S4112468	22	Port Input	14	535470	2058	1
S4112468	22	Port Input	15	535677	2265	1
S4112468	22	Port Input	14	557418	24006	1
S4112468	22	Response	22	557418	24006	1
S4112468	23	Picture	20	557508	0	1	17430	1	0	next	hit	530
S4112468	23	Port Input	15	559452	1944	1
S4112468	23	Port Input	14	559452	1944	1
S4112468	23	Port Input	15	559452	1944	1
S4112468	23	Port Input	14	574866	17358	1
S4112468	23	Response	22	574866	17358	1
S4112468	24	Picture	20	574938	0	1	26041	1	0	next	hit	536
S4112468	24	Port Input	15	577047	2109	1
S4112468	24	Port Input	14	577047	2109	1
S4112468	24	Port Input	15	577048	2110	1
S4112468	24	Port Input	14	600968	26030	1
S4112468	24	Response	22	600968	26030	1
S4112468	25	Picture	20	600979	0	1	21041	1	0	next	hit	552
S4112468	25	Port Input	15	603272	2293	1
S4112468	25	Port Input	14	603272	2293	1
S4112468	25	Port Input	15	603272	2293	1
S4112468	25	Port Input	14	603272	2293	1
S4112468	25	Port Input	15	603272	2293	1
S4112468	25	Port Input	14	603272	2293	1
S4112468	25	Port Input	15	603272	2293	1
S4112468	25	Port Input	14	603272	2293	1
S4112468	25	Port Input	15	603272	2293	1
S4112468	25	Port Input	14	603272	2293	1
S4112468	25	Port Input	15	603272	2293	1
S4112468	25	Port Input	14	603272	2293	1
S4112468	25	Port Input	15	603272	2294	1
S4112468	25	Port Input	14	621968	20990	1
S4112468	25	Response	22	621968	20990	1
S4112468	26	Picture	20	622020	0	1	21666	1	0	next	hit	556
S4112468	26	Port Input	15	624384	2364	1
S4112468	26	Port Input	14	643646	21627	1
S4112468	26	Response	22	643646	21627	1
S4112468	27	Picture	20	643686	0	1	23749	1	0	next	hit	564
S4112468	27	Port Input	15	646088	2403	1
S4112468	27	Port Input	14	646088	2403	1
S4112468	27	Port Input	15	646089	2403	1
S4112468	27	Port Input	14	646089	2403	1
S4112468	27	Port Input	15	646089	2403	1
S4112468	27	Port Input	14	667405	23720	1
S4112468	27	Response	22	667405	23720	1
S4112468	28	Picture	20	667435	0	1	24096	1	0	next	hit	568
S4112468	28	Port Input	15	669586	2152	1
S4112468	28	Port Input	14	691482	24047	1
S4112468	28	Response	22	691482	24047	1
S4112468	29	Picture	20	691531	0	1	25207	1	0	next	hit	576
S4112468	29	Port Input	15	693773	2242	1
S4112468	29	Port Input	14	693773	2242	1
S4112468	29	Port Input	15	693774	2242	1
S4112468	29	Port Input	14	693774	2242	1
S4112468	29	Port Input	15	693774	2242	1
S4112468	29	Port Input	14	716728	25197	1
S4112468	29	Response	22	716728	25197	1
S4112468	29	Port Input	15	716728	25197	1
S4112468	29	Port Input	14	716729	25198	1
S4112468	29	Port Input	15	716729	25198	1
S4112468	29	Port Input	14	716730	25198	3
S4112468	29	Port Input	15	716734	25202	1
S4112468	29	Port Input	14	716734	25203	1
S4112468	30	Picture	20	716739	0	1	14513	1	0	next	hit	610
S4112468	30	Port Input	15	719088	2350	1
S4112468	30	Port Input	14	719088	2350	1
S4112468	30	Port Input	15	719088	2350	1
S4112468	30	Port Input	14	719088	2350	1
S4112468	30	Port Input	15	719090	2351	1
S4112468	30	Port Input	14	719090	2351	1
S4112468	30	Port Input	15	719090	2351	1
S4112468	30	Port Input	14	719090	2351	1
S4112468	30	Port Input	15	719090	2352	1
S4112468	30	Port Input	14	719090	2352	1
S4112468	30	Port Input	15	719091	2352	1
S4112468	30	Port Input	14	719091	2352	1
S4112468	30	Port Input	15	719093	2355	1
S4112468	30	Port Input	14	719094	2355	1
S4112468	30	Port Input	15	719095	2356	1
S4112468	30	Port Input	14	719095	2357	1
S4112468	30	Port Input	15	719101	2362	1
S4112468	30	Port Input	14	719101	2362	1
S4112468	30	Port Input	15	719101	2362	1
S4112468	30	Port Input	14	719101	2362	1
S4112468	30	Port Input	15	719101	2363	1
S4112468	30	Port Input	14	719102	2363	1
S4112468	30	Port Input	15	719102	2364	1
S4112468	30	Port Input	14	719102	2364	1
S4112468	30	Port Input	15	719102	2364	1
S4112468	30	Port Input	14	731197	14458	1
S4112468	30	Response	22	731197	14458	1
S4112468	31	Picture	20	731252	0	1	21249	1	0	next	hit	624
S4112468	31	Port Input	15	733460	2208	1
S4112468	31	Port Input	14	733460	2208	1
S4112468	31	Port Input	15	733460	2208	1
S4112468	31	Port Input	14	733460	2208	1
S4112468	31	Port Input	15	733460	2208	1
S4112468	31	Port Input	14	733460	2208	1
S4112468	31	Port Input	15	733460	2208	1
S4112468	31	Port Input	14	733461	2208	1
S4112468	31	Port Input	15	733461	2209	1
S4112468	31	Port Input	14	733461	2209	1
S4112468	31	Port Input	15	733461	2209	1
S4112468	31	Port Input	14	752465	21213	1
S4112468	31	Response	22	752465	21213	1
S4112468	32	Picture	20	752501	0	1	25346	1	0	next	hit	654
S4112468	32	Port Input	15	754492	1990	1
S4112468	32	Port Input	14	754492	1990	1
S4112468	32	Port Input	15	754500	1999	1
S4112468	32	Port Input	14	754500	1999	1
S4112468	32	Port Input	15	754506	2004	1
S4112468	32	Port Input	14	754506	2004	1
S4112468	32	Port Input	15	754515	2013	1
S4112468	32	Port Input	14	754515	2013	1
S4112468	32	Port Input	15	754520	2018	1
S4112468	32	Port Input	14	754520	2019	1
S4112468	32	Port Input	15	754535	2034	1
S4112468	32	Port Input	14	754535	2034	1
S4112468	32	Port Input	15	754950	2449	1
S4112468	32	Port Input	14	754951	2449	1
S4112468	32	Port Input	15	754951	2450	1
S4112468	32	Port Input	14	754951	2450	1
S4112468	32	Port Input	15	754951	2450	1
S4112468	32	Port Input	14	754951	2450	1
S4112468	32	Port Input	15	754951	2450	1
S4112468	32	Port Input	14	754951	2450	1
S4112468	32	Port Input	15	754951	2450	1
S4112468	32	Port Input	14	754951	2450	1
S4112468	32	Port Input	15	754952	2450	1
S4112468	32	Port Input	14	754952	2451	1
S4112468	32	Port Input	15	754954	2452	1
S4112468	32	Port Input	14	754954	2452	1
S4112468	32	Port Input	15	754954	2453	1
S4112468	32	Port Input	14	777831	25330	1
S4112468	32	Response	22	777831	25330	1
S4112468	32	Port Input	15	777832	25330	1
S4112468	32	Port Input	14	777832	25330	1
S4112468	32	Port Input	15	777832	25330	1
S4112468	32	Port Input	14	777832	25331	5
S4112468	33	Picture	20	777848	0	1	19791	1	0	next	hit	684
S4112468	33	Port Input	15	779978	2130	1
S4112468	33	Port Input	14	779978	2130	1
S4112468	33	Port Input	15	780269	2421	1
S4112468	33	Port Input	14	780269	2421	1
S4112468	33	Port Input	15	780269	2422	1
S4112468	33	Port Input	14	780269	2422	1
S4112468	33	Port Input	15	780269	2422	1
S4112468	33	Port Input	14	780269	2422	1
S4112468	33	Port Input	15	780270	2422	1
S4112468	33	Port Input	14	780270	2422	1
S4112468	33	Port Input	15	780272	2425	1
S4112468	33	Port Input	14	780272	2425	1
S4112468	33	Port Input	15	780273	2425	1
S4112468	33	Port Input	14	780273	2425	1
S4112468	33	Port Input	15	780273	2425	1
S4112468	33	Port Input	14	780273	2425	1
S4112468	33	Port Input	15	780274	2426	1
S4112468	33	Port Input	14	780274	2426	1
S4112468	33	Port Input	15	780274	2426	1
S4112468	33	Port Input	14	780274	2426	1
S4112468	33	Port Input	15	780274	2426	1
S4112468	33	Port Input	14	780274	2426	1
S4112468	33	Port Input	15	780274	2426	1
S4112468	33	Port Input	14	797563	19715	1
S4112468	33	Response	22	797563	19715	1
S4112468	34	Picture	20	797639	0	1	22569	1	0	next	hit	692
S4112468	34	Port Input	15	799861	2223	1
S4112468	34	Port Input	14	799861	2223	1
S4112468	34	Port Input	15	799862	2223	1
S4112468	34	Port Input	14	799862	2223	1
S4112468	34	Port Input	15	799862	2223	1
S4112468	34	Port Input	14	820141	22503	1
S4112468	34	Response	22	820141	22503	1
S4112468	35	Picture	20	820207	0	1	21319	1	0	next	hit	712
S4112468	35	Port Input	15	822330	2122	1
S4112468	35	Port Input	14	822330	2123	1
S4112468	35	Port Input	15	822330	2123	1
S4112468	35	Port Input	14	822330	2123	1
S4112468	35	Port Input	15	822330	2123	1
S4112468	35	Port Input	14	822330	2123	1
S4112468	35	Port Input	15	822330	2123	1
S4112468	35	Port Input	14	822330	2123	1
S4112468	35	Port Input	15	822330	2123	1
S4112468	35	Port Input	14	822331	2123	1
S4112468	35	Port Input	15	822331	2123	1
S4112468	35	Port Input	14	822331	2123	1
S4112468	35	Port Input	15	822331	2123	1
S4112468	35	Port Input	14	822331	2124	1
S4112468	35	Port Input	15	822331	2124	1
S4112468	35	Port Input	14	822331	2124	1
S4112468	35	Port Input	15	822331	2124	1
S4112468	35	Port Input	14	841466	21258	1
S4112468	35	Response	22	841466	21258	1
S4112468	36	Picture	20	841526	0	1	21597	1	0	next	hit	722
S4112468	36	Port Input	15	843084	1558	1
S4112468	36	Port Input	14	843084	1558	1
S4112468	36	Port Input	15	843097	1571	1
S4112468	36	Port Input	14	843097	1571	1
S4112468	36	Port Input	15	843124	1598	1
S4112468	36	Port Input	14	843124	1598	1
S4112468	36	Port Input	15	843596	2070	1
S4112468	36	Port Input	14	863050	21524	1
S4112468	36	Response	22	863050	21524	1
S4112468	36	Port Input	15	863050	21524	1
S4112468	36	Port Input	14	863050	21524	1
S4112468	36	Port Input	15	863056	21530	1
S4112468	36	Port Input	14	863056	21530	1
S4112468	36	Port Input	15	863058	21532	1
S4112468	36	Port Input	14	863058	21532	1
S4112468	36	Port Input	15	863061	21535	1
S4112468	36	Port Input	14	863061	21535	1
S4112468	36	Port Input	15	863061	21535	1
S4112468	36	Port Input	14	863061	21535	1
S4112468	36	Port Input	15	863063	21537	1
S4112468	36	Port Input	14	863063	21537	1
S4112468	37	Picture	20	863123	0	1	24166	1	0	next	hit	738
S4112468	37	Port Input	15	865397	2275	1
S4112468	37	Port Input	14	887235	24112	1
S4112468	37	Response	22	887235	24112	1
S4112468	37	Port Input	15	887235	24112	1
S4112468	37	Port Input	14	887235	24113	1
S4112468	37	Port Input	15	887235	24113	1
S4112468	37	Port Input	14	887235	24113	1
S4112468	38	Picture	20	887288	0	1	21041	1	0	next	hit	748
S4112468	38	Port Input	15	889225	1937	1
S4112468	38	Port Input	14	889225	1937	1
S4112468	38	Port Input	15	889225	1937	1
S4112468	38	Port Input	14	908312	21024	1
S4112468	38	Response	22	908312	21024	1
S4112468	38	Port Input	15	908312	21024	1
S4112468	38	Port Input	14	908313	21025	87
S4112468	39	Picture	20	908329	0	1	19374	1	0	next	hit	754
S4112468	39	Port Input	15	910177	1847	1
S4112468	39	Port Input	14	927675	19345	1
S4112468	39	Response	22	927675	19345	1
S4112468	40	Picture	20	927704	0	1	21388	1	0	next	hit	760
S4112468	40	Port Input	15	929205	1501	1
S4112468	40	Port Input	14	929205	1502	1
S4112468	40	Port Input	15	929205	1502	1
S4112468	40	Port Input	14	949023	21319	1
S4112468	40	Response	22	949023	21319	1
S4112468	41	Picture	20	949092	0	1	20624	1	0	next	hit	776
S4112468	41	Port Input	15	950987	1896	1
S4112468	41	Port Input	14	950988	1896	1
S4112468	41	Port Input	15	950988	1896	1
S4112468	41	Port Input	14	950988	1896	1
S4112468	41	Port Input	15	950990	1898	1
S4112468	41	Port Input	14	950990	1898	1
S4112468	41	Port Input	15	950990	1899	1
S4112468	41	Port Input	14	950990	1899	1
S4112468	41	Port Input	15	950991	1899	1
S4112468	41	Port Input	14	950991	1899	1
S4112468	41	Port Input	15	950991	1899	1
S4112468	41	Port Input	14	950991	1900	1
S4112468	41	Port Input	15	950992	1900	1
S4112468	41	Port Input	14	969657	20565	1
S4112468	41	Response	22	969657	20565	1
S4112468	41	Port Input	15	969657	20566	1
S4112468	41	Port Input	14	969658	20566	1
S4112468	42	Picture	20	969716	0	1	24999	1	0	next	hit	828
S4112468	42	Port Input	15	971880	2163	1
S4112468	42	Port Input	14	971880	2163	1
S4112468	42	Port Input	15	971881	2165	1
S4112468	42	Port Input	14	971881	2165	1
S4112468	42	Port Input	15	971881	2165	1
S4112468	42	Port Input	14	971881	2165	1
S4112468	42	Port Input	15	971883	2166	1
S4112468	42	Port Input	14	971883	2166	1
S4112468	42	Port Input	15	971883	2167	1
S4112468	42	Port Input	14	971883	2167	1
S4112468	42	Port Input	15	971883	2167	1
S4112468	42	Port Input	14	971883	2167	1
S4112468	42	Port Input	15	971883	2167	1
S4112468	42	Port Input	14	971883	2167	1
S4112468	42	Port Input	15	971884	2167	1
S4112468	42	Port Input	14	971884	2167	1
S4112468	42	Port Input	15	971884	2168	1
S4112468	42	Port Input	14	971884	2168	1
S4112468	42	Port Input	15	971884	2168	1
S4112468	42	Port Input	14	971884	2168	1
S4112468	42	Port Input	15	971885	2168	1
S4112468	42	Port Input	14	971885	2168	1
S4112468	42	Port Input	15	971885	2169	1
S4112468	42	Port Input	14	971885	2169	1
S4112468	42	Port Input	15	971887	2171	1
S4112468	42	Port Input	14	971887	2171	1
S4112468	42	Port Input	15	971888	2171	1
S4112468	42	Port Input	14	971888	2171	1
S4112468	42	Port Input	15	971888	2172	1
S4112468	42	Port Input	14	971888	2172	1
S4112468	42	Port Input	15	971888	2172	1
S4112468	42	Port Input	14	971888	2172	1
S4112468	42	Port Input	15	971888	2172	1
S4112468	42	Port Input	14	971888	2172	1
S4112468	42	Port Input	15	971889	2172	1
S4112468	42	Port Input	14	971889	2172	1
S4112468	42	Port Input	15	971890	2174	1
S4112468	42	Port Input	14	971890	2174	1
S4112468	42	Port Input	15	971890	2174	1
S4112468	42	Port Input	14	971890	2174	1
S4112468	42	Port Input	15	971891	2174	1
S4112468	42	Port Input	14	971891	2174	1
S4112468	42	Port Input	15	971891	2175	1
S4112468	42	Port Input	14	971891	2175	1
S4112468	42	Port Input	15	971892	2176	1
S4112468	42	Port Input	14	971892	2176	1
S4112468	42	Port Input	15	971892	2176	1
S4112468	42	Port Input	14	994692	24976	1
S4112468	42	Response	22	994692	24976	1
S4112468	42	Port Input	15	994692	24976	1
S4112468	42	Port Input	14	994693	24976	1
S4112468	43	Picture	20	994715	0	1	21458	1	0	next	hit	838
S4112468	43	Port Input	15	996736	2020	1
S4112468	43	Port Input	14	996736	2020	1
S4112468	43	Port Input	15	996736	2021	1
S4112468	43	Port Input	14	996736	2021	1
S4112468	43	Port Input	15	996736	2021	1
S4112468	43	Port Input	14	1016134	21419	1
S4112468	43	Response	22	1016134	21419	1
S4112468	43	Port Input	15	1016134	21419	1
S4112468	43	Port Input	14	1016134	21419	1
S4112468	44	Picture	20	1016173	0	1	32777	1	0	next	hit	858
S4112468	44	Port Input	15	1017632	1459	1
S4112468	44	Port Input	14	1017632	1459	1
S4112468	44	Port Input	15	1017633	1460	1
S4112468	44	Port Input	14	1017633	1460	1
S4112468	44	Port Input	15	1017634	1461	1
S4112468	44	Port Input	14	1017634	1461	1
S4112468	44	Port Input	15	1017634	1461	1
S4112468	44	Port Input	14	1017634	1461	1
S4112468	44	Port Input	15	1017635	1462	1
S4112468	44	Port Input	14	1017635	1462	1
S4112468	44	Port Input	15	1017635	1462	1
S4112468	44	Port Input	14	1017635	1462	1
S4112468	44	Port Input	15	1017637	1464	1
S4112468	44	Port Input	14	1017637	1464	1
S4112468	44	Port Input	15	1017637	1464	1
S4112468	44	Port Input	14	1048913	32740	1
S4112468	44	Response	22	1048913	32740	1
S4112468	44	Port Input	15	1048914	32741	4
S4112468	44	Port Input	14	1048937	32764	1
S4112468	44	Port Input	15	1048938	32765	1
S4112468	44	Port Input	14	1048938	32765	1
S4112468	44	Port Input	15	1048943	32770	1
S4112468	44	Port Input	14	1048943	32770	1
S4112468	45	Picture	20	1048950	0	1	22152	1	0	next	hit	910
S4112468	45	Port Input	15	1048955	6	1
S4112468	45	Port Input	14	1048956	6	1
S4112468	45	Port Input	15	1048956	6	1
S4112468	45	Port Input	14	1048956	6	1
S4112468	45	Port Input	15	1048971	21	1
S4112468	45	Port Input	14	1048971	21	1
S4112468	45	Port Input	15	1053232	4283	1
S4112468	45	Port Input	14	1053232	4283	1
S4112468	45	Port Input	15	1053233	4283	1
S4112468	45	Port Input	14	1053233	4283	1
S4112468	45	Port Input	15	1053233	4283	1
S4112468	45	Port Input	14	1053233	4283	1
S4112468	45	Port Input	15	1053233	4283	1
S4112468	45	Port Input	14	1053233	4283	1
S4112468	45	Port Input	15	1053233	4284	1
S4112468	45	Port Input	14	1053233	4284	1
S4112468	45	Port Input	15	1053234	4284	1
S4112468	45	Port Input	14	1053234	4284	1
S4112468	45	Port Input	15	1053234	4284	1
S4112468	45	Port Input	14	1053234	4284	1
S4112468	45	Port Input	15	1053234	4285	1
S4112468	45	Port Input	14	1053234	4285	1
S4112468	45	Port Input	15	1053235	4285	1
S4112468	45	Port Input	14	1053235	4285	1
S4112468	45	Port Input	15	1053235	4285	1
S4112468	45	Port Input	14	1053235	4285	1
S4112468	45	Port Input	15	1053235	4285	1
S4112468	45	Port Input	14	1053235	4285	1
S4112468	45	Port Input	15	1053235	4286	1
S4112468	45	Port Input	14	1053235	4286	1
S4112468	45	Port Input	15	1053235	4286	1
S4112468	45	Port Input	14	1053235	4286	1
S4112468	45	Port Input	15	1053236	4286	1
S4112468	45	Port Input	14	1053236	4286	1
S4112468	45	Port Input	15	1053236	4286	1
S4112468	45	Port Input	14	1053236	4286	1
S4112468	45	Port Input	15	1053236	4286	1
S4112468	45	Port Input	14	1053236	4286	1
S4112468	45	Port Input	15	1053236	4287	1
S4112468	45	Port Input	14	1053236	4287	1
S4112468	45	Port Input	15	1053237	4287	1
S4112468	45	Port Input	14	1053237	4287	1
S4112468	45	Port Input	15	1053237	4287	1
S4112468	45	Port Input	14	1071091	22141	1
S4112468	45	Response	22	1071091	22141	1
S4112468	45	Port Input	15	1071091	22141	1
S4112468	45	Port Input	14	1071091	22141	1
S4112468	46	Picture	20	1071102	0	1	19027	1	0	next	hit	1084
S4112468	46	Port Input	15	1072955	1853	1
S4112468	46	Port Input	14	1072955	1853	1
S4112468	46	Port Input	15	1072959	1858	1
S4112468	46	Port Input	14	1072959	1858	1
S4112468	46	Port Input	15	1072960	1859	1
S4112468	46	Port Input	14	1072960	1859	1
S4112468	46	Port Input	15	1072964	1862	1
S4112468	46	Port Input	14	1072964	1862	1
S4112468	46	Port Input	15	1072965	1864	1
S4112468	46	Port Input	14	1072965	1864	1
S4112468	46	Port Input	15	1072966	1865	1
S4112468	46	Port Input	14	1072966	1865	1
S4112468	46	Port Input	15	1072970	1868	1
S4112468	46	Port Input	14	1072970	1868	1
S4112468	46	Port Input	15	1072975	1873	1
S4112468	46	Port Input	14	1072975	1873	1
S4112468	46	Port Input	15	1072975	1874	1
S4112468	46	Port Input	14	1072975	1874	1
S4112468	46	Port Input	15	1072976	1874	1
S4112468	46	Port Input	14	1072976	1874	1
S4112468	46	Port Input	15	1072977	1875	1
S4112468	46	Port Input	14	1072977	1875	1
S4112468	46	Port Input	15	1072977	1876	1
S4112468	46	Port Input	14	1072977	1876	1
S4112468	46	Port Input	15	1072979	1878	1
S4112468	46	Port Input	14	1072979	1878	1
S4112468	46	Port Input	15	1072982	1880	1
S4112468	46	Port Input	14	1072982	1880	1
S4112468	46	Port Input	15	1072983	1881	1
S4112468	46	Port Input	14	1072983	1881	1
S4112468	46	Port Input	15	1072985	1883	1
S4112468	46	Port Input	14	1072985	1883	1
S4112468	46	Port Input	15	1072986	1885	1
S4112468	46	Port Input	14	1072986	1885	1
S4112468	46	Port Input	15	1072987	1886	1
S4112468	46	Port Input	14	1072987	1886	1
S4112468	46	Port Input	15	1072987	1886	1
S4112468	46	Port Input	14	1072988	1886	1
S4112468	46	Port Input	15	1072988	1887	1
S4112468	46	Port Input	14	1072988	1887	1
S4112468	46	Port Input	15	1072989	1887	1
S4112468	46	Port Input	14	1072989	1887	1
S4112468	46	Port Input	15	1072990	1888	1
S4112468	46	Port Input	14	1072990	1888	1
S4112468	46	Port Input	15	1072990	1889	1
S4112468	46	Port Input	14	1072990	1889	1
S4112468	46	Port Input	15	1072991	1889	1
S4112468	46	Port Input	14	1072991	1889	1
S4112468	46	Port Input	15	1072992	1890	1
S4112468	46	Port Input	14	1072992	1890	1
S4112468	46	Port Input	15	1072992	1891	1
S4112468	46	Port Input	14	1072992	1891	1
S4112468	46	Port Input	15	1072993	1891	1
S4112468	46	Port Input	14	1072993	1891	1
S4112468	46	Port Input	15	1072993	1891	1
S4112468	46	Port Input	14	1072993	1892	1
S4112468	46	Port Input	15	1072993	1892	1
S4112468	46	Port Input	14	1072993	1892	1
S4112468	46	Port Input	15	1072994	1892	1
S4112468	46	Port Input	14	1072994	1892	1
S4112468	46	Port Input	15	1072994	1893	1
S4112468	46	Port Input	14	1072995	1893	1
S4112468	46	Port Input	15	1072995	1893	1
S4112468	46	Port Input	14	1072995	1893	1
S4112468	46	Port Input	15	1072995	1893	1
S4112468	46	Port Input	14	1072995	1894	1
S4112468	46	Port Input	15	1072996	1895	1
S4112468	46	Port Input	14	1072996	1895	1
S4112468	46	Port Input	15	1072998	1897	1
S4112468	46	Port Input	14	1072998	1897	1
S4112468	46	Port Input	15	1072998	1897	1
S4112468	46	Port Input	14	1072998	1897	1
S4112468	46	Port Input	15	1072999	1897	1
S4112468	46	Port Input	14	1072999	1897	1
S4112468	46	Port Input	15	1073003	1902	1
S4112468	46	Port Input	14	1073003	1902	1
S4112468	46	Port Input	15	1073006	1904	1
S4112468	46	Port Input	14	1073006	1904	1
S4112468	46	Port Input	15	1073006	1904	1
S4112468	46	Port Input	14	1073006	1904	1
S4112468	46	Port Input	15	1073008	1906	1
S4112468	46	Port Input	14	1073008	1906	1
S4112468	46	Port Input	15	1073008	1907	1
S4112468	46	Port Input	14	1073008	1907	1
S4112468	46	Port Input	15	1073010	1909	1
S4112468	46	Port Input	14	1073010	1909	1
S4112468	46	Port Input	15	1073012	1910	1
S4112468	46	Port Input	14	1073012	1910	1
S4112468	46	Port Input	15	1073019	1917	1
S4112468	46	Port Input	14	1073019	1917	1
S4112468	46	Port Input	15	1073019	1917	1
S4112468	46	Port Input	14	1073019	1917	1
S4112468	46	Port Input	15	1073020	1919	1
S4112468	46	Port Input	14	1073020	1919	1
S4112468	46	Port Input	15	1073020	1919	1
S4112468	46	Port Input	14	1073020	1919	1
S4112468	46	Port Input	15	1073023	1921	1
S4112468	46	Port Input	14	1073023	1921	1
S4112468	46	Port Input	15	1073029	1927	1
S4112468	46	Port Input	14	1073029	1927	1
S4112468	46	Port Input	15	1073030	1929	1
S4112468	46	Port Input	14	1073030	1929	1
S4112468	46	Port Input	15	1073031	1929	1
S4112468	46	Port Input	14	1073031	1930	1
S4112468	46	Port Input	15	1073033	1932	1
S4112468	46	Port Input	14	1073033	1932	1
S4112468	46	Port Input	15	1073034	1933	1
S4112468	46	Port Input	14	1073034	1933	1
S4112468	46	Port Input	15	1073035	1934	1
S4112468	46	Port Input	14	1073035	1934	1
S4112468	46	Port Input	15	1073059	1957	1
S4112468	46	Port Input	14	1073059	1957	1
S4112468	46	Port Input	15	1073063	1961	1
S4112468	46	Port Input	14	1073063	1961	1
S4112468	46	Port Input	15	1073063	1962	1
S4112468	46	Port Input	14	1073063	1962	1
S4112468	46	Port Input	15	1073064	1963	1
S4112468	46	Port Input	14	1073064	1963	1
S4112468	46	Port Input	15	1073065	1963	1
S4112468	46	Port Input	14	1073065	1963	1
S4112468	46	Port Input	15	1073065	1963	1
S4112468	46	Port Input	14	1073065	1963	1
S4112468	46	Port Input	15	1073066	1964	1
S4112468	46	Port Input	14	1073066	1964	1
S4112468	46	Port Input	15	1073068	1966	1
S4112468	46	Port Input	14	1073068	1966	1
S4112468	46	Port Input	15	1073068	1966	1
S4112468	46	Port Input	14	1073068	1967	1
S4112468	46	Port Input	15	1073073	1972	1
S4112468	46	Port Input	14	1073073	1972	1
S4112468	46	Port Input	15	1073074	1972	1
S4112468	46	Port Input	14	1073074	1972	1
S4112468	46	Port Input	15	1073074	1972	1
S4112468	46	Port Input	14	1073074	1972	1
S4112468	46	Port Input	15	1073075	1973	1
S4112468	46	Port Input	14	1073075	1973	1
S4112468	46	Port Input	15	1073075	1974	1
S4112468	46	Port Input	14	1073075	1974	1
S4112468	46	Port Input	15	1073078	1976	1
S4112468	46	Port Input	14	1073078	1976	1
S4112468	46	Port Input	15	1073079	1978	1
S4112468	46	Port Input	14	1073079	1978	1
S4112468	46	Port Input	15	1073080	1978	1
S4112468	46	Port Input	14	1073080	1978	1
S4112468	46	Port Input	15	1073082	1980	1
S4112468	46	Port Input	14	1073082	1980	1
S4112468	46	Port Input	15	1073099	1998	1
S4112468	46	Port Input	14	1073099	1998	1
S4112468	46	Port Input	15	1073100	1998	1
S4112468	46	Port Input	14	1073100	1998	1
S4112468	46	Port Input	15	1073102	2001	1
S4112468	46	Port Input	14	1073103	2001	1
S4112468	46	Port Input	15	1073104	2002	1
S4112468	46	Port Input	14	1073104	2002	1
S4112468	46	Port Input	15	1073108	2006	1
S4112468	46	Port Input	14	1073108	2006	1
S4112468	46	Port Input	15	1073108	2006	1
S4112468	46	Port Input	14	1073108	2006	1
S4112468	46	Port Input	15	1073108	2006	1
S4112468	46	Port Input	14	1073108	2006	1
S4112468	46	Port Input	15	1073108	2007	1
S4112468	46	Port Input	14	1073108	2007	1
S4112468	46	Port Input	15	1073113	2011	1
S4112468	46	Port Input	14	1073113	2011	1
S4112468	46	Port Input	15	1073113	2012	1
S4112468	46	Port Input	14	1073113	2012	1
S4112468	46	Port Input	15	1073475	2373	1
S4112468	46	Port Input	14	1073475	2374	1
S4112468	46	Port Input	15	1073475	2374	1
S4112468	46	Port Input	14	1090099	18997	1
S4112468	46	Response	22	1090099	18997	1
S4112468	46	Port Input	15	1090100	18998	1
S4112468	46	Port Input	14	1090106	19004	1
S4112468	47	Picture	20	1090129	0	1	22291	1	0	next	hit	1144
S4112468	47	Port Input	15	1090568	439	1
S4112468	47	Port Input	14	1090568	440	1
S4112468	47	Port Input	15	1090570	441	1
S4112468	47	Port Input	14	1090570	441	1
S4112468	47	Port Input	15	1090701	572	1
S4112468	47	Port Input	14	1090701	572	1
S4112468	47	Port Input	15	1090718	590	1
S4112468	47	Port Input	14	1090719	590	1
S4112468	47	Port Input	15	1090719	590	1
S4112468	47	Port Input	14	1090719	590	1
S4112468	47	Port Input	15	1090754	625	1
S4112468	47	Port Input	14	1090754	625	1
S4112468	47	Port Input	15	1090780	651	1
S4112468	47	Port Input	14	1090780	651	1
S4112468	47	Port Input	15	1090789	660	1
S4112468	47	Port Input	14	1090789	660	1
S4112468	47	Port Input	15	1091042	913	1
S4112468	47	Port Input	14	1091042	913	1
S4112468	47	Port Input	15	1091048	919	1
S4112468	47	Port Input	14	1091048	920	1
S4112468	47	Port Input	15	1091071	942	1
S4112468	47	Port Input	14	1091071	942	1
S4112468	47	Port Input	15	1092188	2059	1
S4112468	47	Port Input	14	1092188	2059	1
S4112468	47	Port Input	15	1092220	2091	1
S4112468	47	Port Input	14	1092220	2091	1
S4112468	47	Port Input	15	1092228	2099	1
S4112468	47	Port Input	14	1092228	2099	1
S4112468	47	Port Input	15	1092234	2105	1
S4112468	47	Port Input	14	1092234	2105	1
S4112468	47	Port Input	15	1092254	2125	1
S4112468	47	Port Input	14	1092254	2125	1
S4112468	47	Port Input	15	1092263	2134	1
S4112468	47	Port Input	14	1092263	2134	1
S4112468	47	Port Input	15	1092324	2196	1
S4112468	47	Port Input	14	1092324	2196	1
S4112468	47	Port Input	15	1092433	2304	1
S4112468	47	Port Input	14	1092433	2304	1
S4112468	47	Port Input	15	1092455	2326	1
S4112468	47	Port Input	14	1092455	2326	1
S4112468	47	Port Input	15	1092465	2336	1
S4112468	47	Port Input	14	1092465	2336	1
S4112468	47	Port Input	15	1092466	2337	1
S4112468	47	Port Input	14	1092466	2337	1
S4112468	47	Port Input	15	1092504	2375	1
S4112468	47	Port Input	14	1092504	2375	1
S4112468	47	Port Input	15	1092734	2605	1
S4112468	47	Port Input	14	1092734	2605	1
S4112468	47	Port Input	15	1092734	2606	1
S4112468	47	Port Input	14	1092734	2606	1
S4112468	47	Port Input	15	1092734	2606	1
S4112468	47	Port Input	14	1092734	2606	1
S4112468	47	Port Input	15	1092735	2606	1
S4112468	47	Port Input	14	1092735	2606	1
S4112468	47	Port Input	15	1092735	2606	1
S4112468	47	Port Input	14	1112409	22281	1
S4112468	47	Response	22	1112409	22281	1
S4112468	48	Picture	20	1112420	0	1	21388	1	0	next	hit	1224
S4112468	48	Port Input	15	1114584	2164	1
S4112468	48	Port Input	14	1114584	2164	1
S4112468	48	Port Input	15	1114615	2195	1
S4112468	48	Port Input	14	1114615	2195	1
S4112468	48	Port Input	15	1114617	2197	1
S4112468	48	Port Input	14	1114617	2197	1
S4112468	48	Port Input	15	1114624	2204	1
S4112468	48	Port Input	14	1114624	2204	1
S4112468	48	Port Input	15	1114627	2207	1
S4112468	48	Port Input	14	1114627	2207	1
S4112468	48	Port Input	15	1114632	2212	1
S4112468	48	Port Input	14	1114632	2212	1
S4112468	48	Port Input	15	1114634	2214	1
S4112468	48	Port Input	14	1114634	2214	1
S4112468	48	Port Input	15	1114635	2215	1
S4112468	48	Port Input	14	1114635	2215	1
S4112468	48	Port Input	15	1114637	2217	1
S4112468	48	Port Input	14	1114637	2217	1
S4112468	48	Port Input	15	1114638	2218	1
S4112468	48	Port Input	14	1114638	2218	1
S4112468	48	Port Input	15	1114639	2219	1
S4112468	48	Port Input	14	1114639	2220	1
S4112468	48	Port Input	15	1114640	2220	1
S4112468	48	Port Input	14	1114640	2220	1
S4112468	48	Port Input	15	1114641	2221	1
S4112468	48	Port Input	14	1114641	2221	1
S4112468	48	Port Input	15	1114642	2222	1
S4112468	48	Port Input	14	1114642	2222	1
S4112468	48	Port Input	15	1114642	2222	1
S4112468	48	Port Input	14	1114642	2222	1
S4112468	48	Port Input	15	1114643	2223	1
S4112468	48	Port Input	14	1114643	2223	1
S4112468	48	Port Input	15	1114643	2224	1
S4112468	48	Port Input	14	1114643	2224	1
S4112468	48	Port Input	15	1114647	2227	1
S4112468	48	Port Input	14	1114647	2227	1
S4112468	48	Port Input	15	1114647	2227	1
S4112468	48	Port Input	14	1114647	2228	1
S4112468	48	Port Input	15	1114651	2231	1
S4112468	48	Port Input	14	1114651	2231	1
S4112468	48	Port Input	15	1114654	2234	1
S4112468	48	Port Input	14	1114654	2234	1
S4112468	48	Port Input	15	1114658	2239	1
S4112468	48	Port Input	14	1114658	2239	1
S4112468	48	Port Input	15	1114663	2243	1
S4112468	48	Port Input	14	1114663	2243	1
S4112468	48	Port Input	15	1114666	2246	1
S4112468	48	Port Input	14	1114666	2246	1
S4112468	48	Port Input	15	1114667	2248	1
S4112468	48	Port Input	14	1114667	2248	1
S4112468	48	Port Input	15	1114668	2248	1
S4112468	48	Port Input	14	1114668	2248	1
S4112468	48	Port Input	15	1114670	2250	1
S4112468	48	Port Input	14	1114670	2250	1
S4112468	48	Port Input	15	1114702	2282	1
S4112468	48	Port Input	14	1114702	2282	1
S4112468	48	Port Input	15	1114911	2492	1
S4112468	48	Port Input	14	1114911	2492	1
S4112468	48	Port Input	15	1114913	2493	1
S4112468	48	Port Input	14	1114913	2493	1
S4112468	48	Port Input	15	1114913	2493	1
S4112468	48	Port Input	14	1114913	2493	1
S4112468	48	Port Input	15	1114913	2493	1
S4112468	48	Port Input	14	1114913	2493	1
S4112468	48	Port Input	15	1114913	2493	1
S4112468	48	Port Input	14	1114913	2493	1
S4112468	48	Port Input	15	1114913	2494	1
S4112468	48	Port Input	14	1114913	2494	1
S4112468	48	Port Input	15	1114914	2494	1
S4112468	48	Port Input	14	1114914	2494	1
S4112468	48	Port Input	15	1114914	2494	1
S4112468	48	Port Input	14	1114914	2494	1
S4112468	48	Port Input	15	1114914	2495	1
S4112468	48	Port Input	14	1114914	2495	1
S4112468	48	Port Input	15	1114914	2495	1
S4112468	48	Port Input	14	1114914	2495	1
S4112468	48	Port Input	15	1114914	2495	1
S4112468	48	Port Input	14	1133757	21338	1
S4112468	48	Response	22	1133757	21338	1
S4112468	49	Picture	20	1133808	0	1	26666	1	0	next	hit	1364
S4112468	49	Port Input	15	1136004	2196	1
S4112468	49	Port Input	14	1136004	2196	1
S4112468	49	Port Input	15	1136005	2197	1
S4112468	49	Port Input	14	1136005	2197	1
S4112468	49	Port Input	15	1136005	2198	1
S4112468	49	Port Input	14	1136005	2198	1
S4112468	49	Port Input	15	1136006	2198	1
S4112468	49	Port Input	14	1136006	2198	1
S4112468	49	Port Input	15	1136023	2215	1
S4112468	49	Port Input	14	1136023	2215	1
S4112468	49	Port Input	15	1136023	2215	1
S4112468	49	Port Input	14	1136023	2215	1
S4112468	49	Port Input	15	1136024	2217	1
S4112468	49	Port Input	14	1136024	2217	1
S4112468	49	Port Input	15	1136026	2219	1
S4112468	49	Port Input	14	1136026	2219	1
S4112468	49	Port Input	15	1136027	2219	1
S4112468	49	Port Input	14	1136027	2219	1
S4112468	49	Port Input	15	1136027	2219	1
S4112468	49	Port Input	14	1136027	2219	1
S4112468	49	Port Input	15	1136030	2222	1
S4112468	49	Port Input	14	1136030	2223	1
S4112468	49	Port Input	15	1136032	2224	1
S4112468	49	Port Input	14	1136032	2224	1
S4112468	49	Port Input	15	1136033	2225	1
S4112468	49	Port Input	14	1136033	2225	1
S4112468	49	Port Input	15	1136034	2226	1
S4112468	49	Port Input	14	1136034	2226	1
S4112468	49	Port Input	15	1136034	2227	1
S4112468	49	Port Input	14	1136034	2227	1
S4112468	49	Port Input	15	1136038	2230	1
S4112468	49	Port Input	14	1136038	2230	1
S4112468	49	Port Input	15	1136038	2230	1
S4112468	49	Port Input	14	1136038	2230	1
S4112468	49	Port Input	15	1136043	2235	1
S4112468	49	Port Input	14	1136043	2235	1
S4112468	49	Port Input	15	1136044	2236	1
S4112468	49	Port Input	14	1136044	2236	1
S4112468	49	Port Input	15	1136044	2236	1
S4112468	49	Port Input	14	1136044	2236	1
S4112468	49	Port Input	15	1136044	2236	1
S4112468	49	Port Input	14	1136044	2236	1
S4112468	49	Port Input	15	1136045	2237	1
S4112468	49	Port Input	14	1136045	2237	1
S4112468	49	Port Input	15	1136046	2238	1
S4112468	49	Port Input	14	1136046	2238	1
S4112468	49	Port Input	15	1136046	2238	1
S4112468	49	Port Input	14	1136046	2238	1
S4112468	49	Port Input	15	1136047	2239	1
S4112468	49	Port Input	14	1136047	2239	1
S4112468	49	Port Input	15	1136048	2240	1
S4112468	49	Port Input	14	1136048	2240	1
S4112468	49	Port Input	15	1136049	2241	1
S4112468	49	Port Input	14	1136049	2241	1
S4112468	49	Port Input	15	1136052	2244	1
S4112468	49	Port Input	14	1136052	2244	1
S4112468	49	Port Input	15	1136052	2245	1
S4112468	49	Port Input	14	1136052	2245	1
S4112468	49	Port Input	15	1136054	2246	1
S4112468	49	Port Input	14	1136054	2246	1
S4112468	49	Port Input	15	1136055	2247	1
S4112468	49	Port Input	14	1136055	2247	1
S4112468	49	Port Input	15	1136056	2248	1
S4112468	49	Port Input	14	1136056	2248	1
S4112468	49	Port Input	15	1136056	2248	1
S4112468	49	Port Input	14	1136056	2248	1
S4112468	49	Port Input	15	1136056	2248	1
S4112468	49	Port Input	14	1136056	2248	1
S4112468	49	Port Input	15	1136064	2256	1
S4112468	49	Port Input	14	1136064	2256	1
S4112468	49	Port Input	15	1136066	2258	1
S4112468	49	Port Input	14	1136066	2258	1
S4112468	49	Port Input	15	1136066	2258	1
S4112468	49	Port Input	14	1136066	2258	1
S4112468	49	Port Input	15	1136067	2259	1
S4112468	49	Port Input	14	1136067	2259	1
S4112468	49	Port Input	15	1136068	2260	1
S4112468	49	Port Input	14	1136068	2260	1
S4112468	49	Port Input	15	1136069	2261	1
S4112468	49	Port Input	14	1136069	2261	1
S4112468	49	Port Input	15	1136071	2263	1
S4112468	49	Port Input	14	1136071	2263	1
S4112468	49	Port Input	15	1136071	2263	1
S4112468	49	Port Input	14	1136071	2263	1
S4112468	49	Port Input	15	1136072	2264	1
S4112468	49	Port Input	14	1136072	2264	1
S4112468	49	Port Input	15	1136073	2265	1
S4112468	49	Port Input	14	1136073	2265	1
S4112468	49	Port Input	15	1136077	2269	1
S4112468	49	Port Input	14	1136077	2269	1
S4112468	49	Port Input	15	1136078	2270	1
S4112468	49	Port Input	14	1136078	2270	1
S4112468	49	Port Input	15	1136079	2271	1
S4112468	49	Port Input	14	1136079	2271	1
S4112468	49	Port Input	15	1136081	2273	1
S4112468	49	Port Input	14	1136081	2273	1
S4112468	49	Port Input	15	1136081	2273	1
S4112468	49	Port Input	14	1136081	2273	1
S4112468	49	Port Input	15	1136084	2276	1
S4112468	49	Port Input	14	1136084	2276	1
S4112468	49	Port Input	15	1136093	2285	1
S4112468	49	Port Input	14	1136093	2285	1
S4112468	49	Port Input	15	1136093	2286	1
S4112468	49	Port Input	14	1136093	2286	1
S4112468	49	Port Input	15	1136094	2287	1
S4112468	49	Port Input	14	1136094	2287	1
S4112468	49	Port Input	15	1136102	2294	1
S4112468	49	Port Input	14	1136102	2294	1
S4112468	49	Port Input	15	1136105	2298	1
S4112468	49	Port Input	14	1136105	2298	1
S4112468	49	Port Input	15	1136111	2303	1
S4112468	49	Port Input	14	1136111	2303	1
S4112468	49	Port Input	15	1136134	2326	1
S4112468	49	Port Input	14	1136134	2326	1
S4112468	49	Port Input	15	1136134	2326	1
S4112468	49	Port Input	14	1136134	2326	1
S4112468	49	Port Input	15	1136135	2327	1
S4112468	49	Port Input	14	1136135	2327	1
S4112468	49	Port Input	15	1136135	2327	1
S4112468	49	Port Input	14	1136135	2328	1
S4112468	49	Port Input	15	1136286	2478	1
S4112468	49	Port Input	14	1136286	2478	1
S4112468	49	Port Input	15	1136287	2480	1
S4112468	49	Port Input	14	1136287	2480	1
S4112468	49	Port Input	15	1136288	2480	1
S4112468	49	Port Input	14	1136288	2480	1
S4112468	49	Port Input	15	1136288	2480	1
S4112468	49	Port Input	14	1136288	2480	1
S4112468	49	Port Input	15	1136288	2480	1
S4112468	49	Port Input	14	1136288	2481	1
S4112468	49	Port Input	15	1136289	2481	1
S4112468	49	Port Input	14	1136289	2481	1
S4112468	49	Port Input	15	1136289	2481	1
S4112468	49	Port Input	14	1136289	2481	1
S4112468	49	Port Input	15	1136289	2481	1
S4112468	49	Port Input	14	1136289	2481	1
S4112468	49	Port Input	15	1136289	2481	1
S4112468	49	Port Input	14	1160409	26601	1
S4112468	49	Response	22	1160409	26601	1
S4112468	50	Picture	20	1160474	0	1	23471	1	0	next	hit	1372
S4112468	50	Port Input	15	1160525	52	1
S4112468	50	Port Input	14	1160526	52	1
S4112468	50	Port Input	15	1162670	2196	1
S4112468	50	Port Input	14	1162670	2196	1
S4112468	50	Port Input	15	1162670	2196	1
S4112468	50	Port Input	14	1183924	23451	1
S4112468	50	Response	22	1183924	23451	1
S4112468	51	Picture	20	1183945	0	1	27499	1	0	next	hit	1380
S4112468	51	Port Input	15	1186753	2808	1
S4112468	51	Port Input	14	1186753	2808	1
S4112468	51	Port Input	15	1186756	2810	1
S4112468	51	Port Input	14	1186756	2811	1
S4112468	51	Port Input	15	1186756	2811	1
S4112468	51	Port Input	14	1211407	27462	1
S4112468	51	Response	22	1211407	27462	1
S4112468	51	Port Input	15	1211407	27462	1
S4112468	51	Port Input	14	1211407	27462	1
S4112468	52	Picture	20	1211444	0	1	22222	1	0	next	hit	1390
S4112468	52	Port Input	15	1213943	2499	1
S4112468	52	Port Input	14	1213943	2499	1
S4112468	52	Port Input	15	1213944	2500	1
S4112468	52	Port Input	14	1213945	2500	1
S4112468	52	Port Input	15	1213945	2501	1
S4112468	52	Port Input	14	1233603	22159	1
S4112468	52	Response	22	1233603	22159	1
S4112468	53	Picture	20	1233666	0	1	20694	1	0	next	hit	1396
S4112468	53	Port Input	15	1236229	2564	1
S4112468	53	Port Input	14	1236229	2564	1
S4112468	53	Port Input	15	1236230	2564	1
S4112468	53	Port Input	14	1254314	20649	1
S4112468	53	Response	22	1254314	20649	1
S4112468	53	Port Input	15	1254314	20649	1
S4112468	53	Port Input	14	1254315	20649	1
S4112468	54	Picture	20	1254359	0	1	23819	1	0	next	hit	1404
S4112468	54	Port Input	15	1256693	2334	1
S4112468	54	Port Input	14	1256693	2334	1
S4112468	54	Port Input	15	1256693	2334	1
S4112468	54	Port Input	14	1278152	23793	1
S4112468	54	Response	22	1278152	23793	1
S4112468	55	Picture	20	1278178	0	1	24513	1	0	next	hit	1410
S4112468	55	Port Input	15	1280828	2650	1
S4112468	55	Port Input	14	1280829	2651	1
S4112468	55	Port Input	15	1280829	2651	1
S4112468	55	Port Input	14	1302616	24438	1
S4112468	55	Response	22	1302616	24438	1
S4112468	55	Port Input	15	1302617	24439	1
S4112468	55	Port Input	14	1302617	24439	1
S4112468	56	Picture	20	1302691	0	1	21458	1	0	next	hit	1430
S4112468	56	Port Input	15	1304810	2119	1
S4112468	56	Port Input	14	1304810	2119	1
S4112468	56	Port Input	15	1304810	2119	1
S4112468	56	Port Input	14	1304810	2119	1
S4112468	56	Port Input	15	1304811	2120	1
S4112468	56	Port Input	14	1304811	2120	1
S4112468	56	Port Input	15	1304811	2120	1
S4112468	56	Port Input	14	1304811	2120	1
S4112468	56	Port Input	15	1304811	2120	1
S4112468	56	Port Input	14	1304811	2120	1
S4112468	56	Port Input	15	1304811	2120	1
S4112468	56	Port Input	14	1304811	2120	1
S4112468	56	Port Input	15	1304811	2120	1
S4112468	56	Port Input	14	1304811	2120	1
S4112468	56	Port Input	15	1304812	2121	1
S4112468	56	Port Input	14	1324077	21386	1
S4112468	56	Response	22	1324077	21386	1
S4112468	57	Picture	20	1324149	0	1	24999	1	0	next	hit	1452
S4112468	57	Port Input	15	1326637	2488	1
S4112468	57	Port Input	14	1326637	2488	1
S4112468	57	Port Input	15	1326637	2489	1
S4112468	57	Port Input	14	1326637	2489	1
S4112468	57	Port Input	15	1326637	2489	1
S4112468	57	Port Input	14	1326637	2489	1
S4112468	57	Port Input	15	1326637	2489	1
S4112468	57	Port Input	14	1326637	2489	1
S4112468	57	Port Input	15	1326638	2489	1
S4112468	57	Port Input	14	1326638	2489	1
S4112468	57	Port Input	15	1326638	2489	1
S4112468	57	Port Input	14	1326638	2489	1
S4112468	57	Port Input	15	1326638	2489	1
S4112468	57	Port Input	14	1326638	2489	1
S4112468	57	Port Input	15	1326638	2489	1
S4112468	57	Port Input	14	1326638	2489	1
S4112468	57	Port Input	15	1326638	2490	1
S4112468	57	Port Input	14	1326638	2490	1
S4112468	57	Port Input	15	1326638	2490	1
S4112468	57	Port Input	14	1349115	24967	1
S4112468	57	Response	22	1349115	24967	1
S4112468	58	Picture	20	1349148	0	1	21944	1	0	next	hit	1456
S4112468	58	Port Input	15	1351695	2547	1
S4112468	58	Port Input	14	1371070	21923	1
S4112468	58	Response	22	1371070	21923	1
S4112468	59	Picture	20	1371091	0	1	19305	1	0	next	hit	1470
S4112468	59	Port Input	15	1374043	2951	1
S4112468	59	Port Input	14	1374043	2951	1
S4112468	59	Port Input	15	1374043	2952	1
S4112468	59	Port Input	14	1374043	2952	1
S4112468	59	Port Input	15	1374045	2954	1
S4112468	59	Port Input	14	1374045	2954	1
S4112468	59	Port Input	15	1374045	2954	1
S4112468	59	Port Input	14	1374045	2954	1
S4112468	59	Port Input	15	1374045	2954	1
S4112468	59	Port Input	14	1374045	2954	1
S4112468	59	Port Input	15	1374045	2954	1
S4112468	59	Port Input	14	1390345	19254	1
S4112468	59	Response	22	1390345	19254	1
S4112468	59	Port Input	15	1390345	19254	1
S4112468	59	Port Input	14	1390346	19254	1
S4112468	60	Picture	20	1390396	0	1	22846	1	0	next	hit	1482
S4112468	60	Port Input	15	1392597	2201	1
S4112468	60	Port Input	14	1392597	2201	1
S4112468	60	Port Input	15	1392597	2201	1
S4112468	60	Port Input	14	1392597	2201	1
S4112468	60	Port Input	15	1392597	2201	1
S4112468	60	Port Input	14	1392597	2201	1
S4112468	60	Port Input	15	1392597	2201	1
S4112468	60	Port Input	14	1413209	22813	1
S4112468	60	Response	22	1413209	22813	1
S4112468	60	Port Input	15	1413209	22813	1
S4112468	60	Port Input	14	1413210	22813	1
S4112468	60	Port Input	15	1413211	22814	6
S4112468	60	Port Input	14	1413216	22820	1
S4112468	61	Picture	20	1413243	0	1	24166	1	0	next	hit	1502
S4112468	61	Port Input	15	1416528	3285	1
S4112468	61	Port Input	14	1416528	3285	1
S4112468	61	Port Input	15	1416528	3285	1
S4112468	61	Port Input	14	1416528	3285	1
S4112468	61	Port Input	15	1416528	3285	1
S4112468	61	Port Input	14	1416528	3285	1
S4112468	61	Port Input	15	1416528	3285	1
S4112468	61	Port Input	14	1416528	3286	1
S4112468	61	Port Input	15	1416528	3286	1
S4112468	61	Port Input	14	1416528	3286	1
S4112468	61	Port Input	15	1416528	3286	1
S4112468	61	Port Input	14	1416529	3286	1
S4112468	61	Port Input	15	1416529	3286	1
S4112468	61	Port Input	14	1437368	24125	1
S4112468	61	Response	22	1437368	24125	1
S4112468	61	Port Input	15	1437368	24125	1
S4112468	61	Port Input	14	1437369	24126	1
S4112468	62	Picture	20	1437409	0	1	21805	1	0	next	hit	1516
S4112468	62	Port Input	15	1439726	2317	1
S4112468	62	Port Input	14	1439726	2317	1
S4112468	62	Port Input	15	1439726	2317	1
S4112468	62	Port Input	14	1439726	2317	1
S4112468	62	Port Input	15	1439726	2317	1
S4112468	62	Port Input	14	1439726	2317	1
S4112468	62	Port Input	15	1439726	2317	1
S4112468	62	Port Input	14	1439726	2317	1
S4112468	62	Port Input	15	1439726	2317	1
S4112468	62	Port Input	14	1459139	21731	1
S4112468	62	Response	22	1459139	21731	1
S4112468	63	Picture	20	1459213	0	1	22777	1	0	next	hit	1552
S4112468	63	Port Input	15	1461711	2498	1
S4112468	63	Port Input	14	1461712	2498	1
S4112468	63	Port Input	15	1461712	2498	1
S4112468	63	Port Input	14	1461713	2500	1
S4112468	63	Port Input	15	1461713	2500	1
S4112468	63	Port Input	14	1461714	2500	1
S4112468	63	Port Input	15	1461714	2500	1
S4112468	63	Port Input	14	1461714	2500	1
S4112468	63	Port Input	15	1461714	2501	1
S4112468	63	Port Input	14	1461714	2501	1
S4112468	63	Port Input	15	1461714	2501	1
S4112468	63	Port Input	14	1461715	2501	1
S4112468	63	Port Input	15	1461715	2501	1
S4112468	63	Port Input	14	1461715	2501	1
S4112468	63	Port Input	15	1461715	2501	1
S4112468	63	Port Input	14	1461715	2501	1
S4112468	63	Port Input	15	1461715	2501	1
S4112468	63	Port Input	14	1461715	2501	1
S4112468	63	Port Input	15	1461715	2502	1
S4112468	63	Port Input	14	1461715	2502	1
S4112468	63	Port Input	15	1461716	2502	1
S4112468	63	Port Input	14	1461716	2502	1
S4112468	63	Port Input	15	1461716	2503	1
S4112468	63	Port Input	14	1461716	2503	1
S4112468	63	Port Input	15	1461716	2503	1
S4112468	63	Port Input	14	1461716	2503	1
S4112468	63	Port Input	15	1461717	2503	1
S4112468	63	Port Input	14	1461717	2503	1
S4112468	63	Port Input	15	1461717	2503	1
S4112468	63	Port Input	14	1461717	2503	1
S4112468	63	Port Input	15	1461717	2503	1
S4112468	63	Port Input	14	1461717	2504	1
S4112468	63	Port Input	15	1461717	2504	1
S4112468	63	Port Input	14	1481927	22713	1
S4112468	63	Response	22	1481927	22713	1
S4112468	64	Picture	20	1481990	0	1	16944	1	0	next	hit	1580
S4112468	64	Port Input	15	1484023	2033	1
S4112468	64	Port Input	14	1484023	2033	1
S4112468	64	Port Input	15	1484024	2033	1
S4112468	64	Port Input	14	1484024	2034	1
S4112468	64	Port Input	15	1484024	2034	1
S4112468	64	Port Input	14	1484024	2034	1
S4112468	64	Port Input	15	1484024	2034	1
S4112468	64	Port Input	14	1484024	2034	1
S4112468	64	Port Input	15	1484025	2034	1
S4112468	64	Port Input	14	1484025	2034	1
S4112468	64	Port Input	15	1484025	2034	1
S4112468	64	Port Input	14	1484025	2034	1
S4112468	64	Port Input	15	1484025	2035	1
S4112468	64	Port Input	14	1484025	2035	1
S4112468	64	Port Input	15	1484026	2035	1
S4112468	64	Port Input	14	1484026	2035	1
S4112468	64	Port Input	15	1484026	2036	1
S4112468	64	Port Input	14	1484026	2036	1
S4112468	64	Port Input	15	1484027	2036	1
S4112468	64	Port Input	14	1484027	2036	1
S4112468	64	Port Input	15	1484027	2036	1
S4112468	64	Port Input	14	1484027	2037	1
S4112468	64	Port Input	15	1484027	2037	1
S4112468	64	Port Input	14	1484027	2037	1
S4112468	64	Port Input	15	1484027	2037	1
S4112468	64	Port Input	14	1498874	16884	1
S4112468	64	Response	22	1498874	16884	1
S4112468	65	Picture	20	1498934	0	1	20138	1	0	next	hit	1630
S4112468	65	Port Input	15	1498978	44	1
S4112468	65	Port Input	14	1498978	44	1
S4112468	65	Port Input	15	1498980	46	1
S4112468	65	Port Input	14	1498980	46	1
S4112468	65	Port Input	15	1498980	46	1
S4112468	65	Port Input	14	1498980	46	1
S4112468	65	Port Input	15	1498992	57	1
S4112468	65	Port Input	14	1498992	57	1
S4112468	65	Port Input	15	1498993	59	1
S4112468	65	Port Input	14	1498993	59	1
S4112468	65	Port Input	15	1498996	62	1
S4112468	65	Port Input	14	1498996	62	1
S4112468	65	Port Input	15	1498999	65	1
S4112468	65	Port Input	14	1498999	65	1
S4112468	65	Port Input	15	1499000	66	1
S4112468	65	Port Input	14	1499000	66	1
S4112468	65	Port Input	15	1499004	70	1
S4112468	65	Port Input	14	1499004	70	1
S4112468	65	Port Input	15	1499016	82	1
S4112468	65	Port Input	14	1499016	82	1
S4112468	65	Port Input	15	1499017	82	1
S4112468	65	Port Input	14	1499017	82	1
S4112468	65	Port Input	15	1499018	83	1
S4112468	65	Port Input	14	1499018	83	1
S4112468	65	Port Input	15	1499018	84	1
S4112468	65	Port Input	14	1499018	84	1
S4112468	65	Port Input	15	1499019	84	1
S4112468	65	Port Input	14	1499019	84	1
S4112468	65	Port Input	15	1499124	190	1
S4112468	65	Port Input	14	1499124	190	1
S4112468	65	Port Input	15	1501513	2579	1
S4112468	65	Port Input	14	1501513	2579	1
S4112468	65	Port Input	15	1501514	2580	1
S4112468	65	Port Input	14	1501514	2580	1
S4112468	65	Port Input	15	1501516	2581	1
S4112468	65	Port Input	14	1501516	2581	1
S4112468	65	Port Input	15	1501516	2581	1
S4112468	65	Port Input	14	1501516	2582	1
S4112468	65	Port Input	15	1501516	2582	1
S4112468	65	Port Input	14	1501516	2582	1
S4112468	65	Port Input	15	1501516	2582	1
S4112468	65	Port Input	14	1501516	2582	1
S4112468	65	Port Input	15	1501516	2582	1
S4112468	65	Port Input	14	1501516	2582	1
S4112468	65	Port Input	15	1501516	2582	1
S4112468	65	Port Input	14	1501516	2582	1
S4112468	65	Port Input	15	1501517	2582	1
S4112468	65	Port Input	14	1519035	20100	1
S4112468	65	Response	22	1519035	20100	1
S4112468	66	Picture	20	1519073	0	1	28888	1	0	next	hit	1642
S4112468	66	Port Input	15	1521649	2577	1
S4112468	66	Port Input	14	1521649	2577	1
S4112468	66	Port Input	15	1521650	2577	1
S4112468	66	Port Input	14	1521650	2577	1
S4112468	66	Port Input	15	1521650	2577	1
S4112468	66	Port Input	14	1521650	2578	1
S4112468	66	Port Input	15	1521650	2578	1
S4112468	66	Port Input	14	1521650	2578	1
S4112468	66	Port Input	15	1521650	2578	1
S4112468	66	Port Input	14	1547936	28863	1
S4112468	66	Response	22	1547936	28863	1
S4112468	66	Port Input	15	1547936	28863	1
S4112468	66	Port Input	14	1547938	28866	90
S4112468	67	Picture	20	1547961	0	1	30763	1	0	next	hit	1656
S4112468	67	Port Input	15	1550525	2565	1
S4112468	67	Port Input	14	1550525	2565	1
S4112468	67	Port Input	15	1550525	2565	1
S4112468	67	Port Input	14	1550525	2565	1
S4112468	67	Port Input	15	1550526	2565	1
S4112468	67	Port Input	14	1550526	2565	1
S4112468	67	Port Input	15	1550526	2565	1
S4112468	67	Port Input	14	1550526	2565	1
S4112468	67	Port Input	15	1550526	2565	1
S4112468	67	Port Input	14	1578671	30711	1
S4112468	67	Response	22	1578671	30711	1
S4112468	68	Picture	20	1578723	0	1	23124	1	0	next	hit	1668
S4112468	68	Port Input	15	1581148	2425	1
S4112468	68	Port Input	14	1581148	2425	1
S4112468	68	Port Input	15	1581148	2425	1
S4112468	68	Port Input	14	1581148	2425	1
S4112468	68	Port Input	15	1581149	2425	1
S4112468	68	Port Input	14	1581149	2426	1
S4112468	68	Port Input	15	1581149	2426	1
S4112468	68	Port Input	14	1581149	2426	1
S4112468	68	Port Input	15	1581149	2426	1
S4112468	68	Port Input	14	1601772	23049	1
S4112468	68	Response	22	1601772	23049	1
S4112468	69	Picture	20	1601848	0	1	25763	1	0	next	hit	1790
S4112468	69	Port Input	15	1603551	1704	1
S4112468	69	Port Input	14	1603551	1704	1
S4112468	69	Port Input	15	1603552	1704	1
S4112468	69	Port Input	14	1603552	1704	1
S4112468	69	Port Input	15	1603553	1705	1
S4112468	69	Port Input	14	1603553	1705	1
S4112468	69	Port Input	15	1603553	1706	1
S4112468	69	Port Input	14	1603553	1706	1
S4112468	69	Port Input	15	1603568	1720	1
S4112468	69	Port Input	14	1603568	1720	1
S4112468	69	Port Input	15	1603568	1720	1
S4112468	69	Port Input	14	1603568	1720	1
S4112468	69	Port Input	15	1603569	1721	1
S4112468	69	Port Input	14	1603569	1721	1
S4112468	69	Port Input	15	1603575	1727	1
S4112468	69	Port Input	14	1603575	1727	1
S4112468	69	Port Input	15	1603579	1731	1
S4112468	69	Port Input	14	1603579	1731	1
S4112468	69	Port Input	15	1603579	1732	1
S4112468	69	Port Input	14	1603579	1732	1
S4112468	69	Port Input	15	1603580	1732	1
S4112468	69	Port Input	14	1603580	1732	1
S4112468	69	Port Input	15	1603581	1734	1
S4112468	69	Port Input	14	1603581	1734	1
S4112468	69	Port Input	15	1603582	1735	1
S4112468	69	Port Input	14	1603582	1735	1
S4112468	69	Port Input	15	1603583	1735	1
S4112468	69	Port Input	14	1603583	1735	1
S4112468	69	Port Input	15	1603592	1744	1
S4112468	69	Port Input	14	1603592	1744	1
S4112468	69	Port Input	15	1603592	1744	1
S4112468	69	Port Input	14	1603592	1745	1
S4112468	69	Port Input	15	1603593	1745	1
S4112468	69	Port Input	14	1603593	1745	1
S4112468	69	Port Input	15	1603593	1746	1
S4112468	69	Port Input	14	1603593	1746	1
S4112468	69	Port Input	15	1603596	1749	1
S4112468	69	Port Input	14	1603596	1749	1
S4112468	69	Port Input	15	1603598	1751	1
S4112468	69	Port Input	14	1603598	1751	1
S4112468	69	Port Input	15	1603599	1752	1
S4112468	69	Port Input	14	1603599	1752	1
S4112468	69	Port Input	15	1603600	1752	1
S4112468	69	Port Input	14	1603600	1752	1
S4112468	69	Port Input	15	1603601	1753	1
S4112468	69	Port Input	14	1603601	1753	1
S4112468	69	Port Input	15	1603604	1756	1
S4112468	69	Port Input	14	1603604	1756	1
S4112468	69	Port Input	15	1603606	1758	1
S4112468	69	Port Input	14	1603606	1758	1
S4112468	69	Port Input	15	1603606	1759	1
S4112468	69	Port Input	14	1603606	1759	1
S4112468	69	Port Input	15	1603607	1759	1
S4112468	69	Port Input	14	1603607	1759	1
S4112468	69	Port Input	15	1603607	1760	1
S4112468	69	Port Input	14	1603607	1760	1
S4112468	69	Port Input	15	1603608	1761	1
S4112468	69	Port Input	14	1603608	1761	1
S4112468	69	Port Input	15	1603614	1767	1
S4112468	69	Port Input	14	1603614	1767	1
S4112468	69	Port Input	15	1603683	1836	1
S4112468	69	Port Input	14	1603683	1836	1
S4112468	69	Port Input	15	1603687	1839	1
S4112468	69	Port Input	14	1603687	1839	1
S4112468	69	Port Input	15	1603699	1851	1
S4112468	69	Port Input	14	1603699	1851	1
S4112468	69	Port Input	15	1603711	1863	1
S4112468	69	Port Input	14	1603711	1863	1
S4112468	69	Port Input	15	1603719	1872	1
S4112468	69	Port Input	14	1603720	1872	1
S4112468	69	Port Input	15	1603720	1873	1
S4112468	69	Port Input	14	1603720	1873	1
S4112468	69	Port Input	15	1603721	1873	1
S4112468	69	Port Input	14	1603721	1873	1
S4112468	69	Port Input	15	1603725	1878	1
S4112468	69	Port Input	14	1603725	1878	1
S4112468	69	Port Input	15	1603725	1878	1
S4112468	69	Port Input	14	1603725	1878	1
S4112468	69	Port Input	15	1603728	1880	1
S4112468	69	Port Input	14	1603728	1880	1
S4112468	69	Port Input	15	1603730	1883	1
S4112468	69	Port Input	14	1603730	1883	1
S4112468	69	Port Input	15	1603731	1883	1
S4112468	69	Port Input	14	1603731	1883	1
S4112468	69	Port Input	15	1603731	1883	1
S4112468	69	Port Input	14	1603731	1883	1
S4112468	69	Port Input	15	1603737	1889	1
S4112468	69	Port Input	14	1603737	1889	1
S4112468	69	Port Input	15	1603738	1890	1
S4112468	69	Port Input	14	1603738	1890	1
S4112468	69	Port Input	15	1603739	1891	1
S4112468	69	Port Input	14	1603739	1891	1
S4112468	69	Port Input	15	1603740	1892	1
S4112468	69	Port Input	14	1603740	1892	1
S4112468	69	Port Input	15	1603741	1893	1
S4112468	69	Port Input	14	1603741	1893	1
S4112468	69	Port Input	15	1603741	1894	1
S4112468	69	Port Input	14	1603741	1894	1
S4112468	69	Port Input	15	1603743	1895	1
S4112468	69	Port Input	14	1603743	1895	1
S4112468	69	Port Input	15	1603745	1897	1
S4112468	69	Port Input	14	1603745	1897	1
S4112468	69	Port Input	15	1604029	2181	1
S4112468	69	Port Input	14	1604029	2181	1
S4112468	69	Port Input	15	1604029	2181	1
S4112468	69	Port Input	14	1604029	2182	1
S4112468	69	Port Input	15	1604029	2182	1
S4112468	69	Port Input	14	1604029	2182	1
S4112468	69	Port Input	15	1604029	2182	1
S4112468	69	Port Input	14	1604029	2182	1
S4112468	69	Port Input	15	1604030	2183	1
S4112468	69	Port Input	14	1604030	2183	1
S4112468	69	Port Input	15	1604031	2183	1
S4112468	69	Port Input	14	1604031	2183	1
S4112468	69	Port Input	15	1604031	2183	1
S4112468	69	Port Input	14	1604031	2183	1
S4112468	69	Port Input	15	1604031	2183	1
S4112468	69	Port Input	14	1604031	2183	1
S4112468	69	Port Input	15	1604031	2184	1
S4112468	69	Port Input	14	1627603	25755	1
S4112468	69	Response	22	1627603	25755	1
S4112468	70	Picture	20	1627611	0	1	20694	1	0	next	hit	1796
S4112468	70	Port Input	15	1629942	2331	1
S4112468	70	Port Input	14	1629942	2331	1
S4112468	70	Port Input	15	1629946	2335	1
S4112468	70	Port Input	14	1648232	20622	1
S4112468	70	Response	22	1648232	20622	1
S4112468	70	Port Input	15	1648232	20622	1
S4112468	70	Port Input	14	1648233	20622	1
S4112468	71	Picture	20	1648304	0	1	9583	1	0	next	hit	1806
S4112468	71	Port Input	15	1650931	2627	1
S4112468	71	Port Input	14	1650931	2627	1
S4112468	71	Port Input	15	1650931	2627	1
S4112468	71	Port Input	14	1650931	2627	1
S4112468	71	Port Input	15	1650931	2627	1
S4112468	71	Port Input	14	1657830	9526	1
S4112468	71	Response	22	1657830	9526	1
S4112468	72	Picture	20	1657887	0	1	24721	1	0	next	hit	1812
S4112468	72	Port Input	15	1662582	4694	1
S4112468	72	Port Input	14	1662582	4694	1
S4112468	72	Port Input	15	1662582	4694	1
S4112468	72	Port Input	14	1682561	24674	1
S4112468	72	Response	22	1682561	24674	1
S4112468	73	Picture	20	1682609	0	1	24166	1	0	next	hit	1830
S4112468	73	Port Input	15	1685008	2399	1
S4112468	73	Port Input	14	1685008	2399	1
S4112468	73	Port Input	15	1685009	2400	1
S4112468	73	Port Input	14	1685009	2400	1
S4112468	73	Port Input	15	1685009	2400	1
S4112468	73	Port Input	14	1685009	2400	1
S4112468	73	Port Input	15	1685009	2400	1
S4112468	73	Port Input	14	1685009	2400	1
S4112468	73	Port Input	15	1685009	2401	1
S4112468	73	Port Input	14	1685009	2401	1
S4112468	73	Port Input	15	1685010	2401	1
S4112468	73	Port Input	14	1685010	2401	1
S4112468	73	Port Input	15	1685010	2401	1
S4112468	73	Port Input	14	1685010	2401	1
S4112468	73	Port Input	15	1685010	2401	1
S4112468	73	Port Input	14	1706720	24111	1
S4112468	73	Response	22	1706720	24111	1
S4112468	73	Port Input	15	1706720	24111	1
S4112468	73	Port Input	14	1706721	24112	1
S4112468	74	Picture	20	1706775	0	1	24652	1	0	next	hit	1842
S4112468	74	Port Input	15	1708983	2208	1
S4112468	74	Port Input	14	1708983	2208	1
S4112468	74	Port Input	15	1708985	2210	1
S4112468	74	Port Input	14	1708985	2210	1
S4112468	74	Port Input	15	1708985	2210	1
S4112468	74	Port Input	14	1708985	2210	1
S4112468	74	Port Input	15	1708985	2210	1
S4112468	74	Port Input	14	1731356	24581	1
S4112468	74	Response	22	1731356	24581	1
S4112468	74	Port Input	15	1731356	24581	1
S4112468	74	Port Input	14	1731356	24582	1
S4112468	75	Picture	20	1731426	0	1	20624	1	0	next	hit	1872
S4112468	75	Port Input	15	1733802	2375	1
S4112468	75	Port Input	14	1733802	2375	1
S4112468	75	Port Input	15	1734361	2935	1
S4112468	75	Port Input	14	1734361	2935	1
S4112468	75	Port Input	15	1734361	2935	1
S4112468	75	Port Input	14	1734362	2935	1
S4112468	75	Port Input	15	1734362	2936	1
S4112468	75	Port Input	14	1734362	2936	1
S4112468	75	Port Input	15	1734362	2936	1
S4112468	75	Port Input	14	1734362	2936	1
S4112468	75	Port Input	15	1734362	2936	1
S4112468	75	Port Input	14	1734362	2936	1
S4112468	75	Port Input	15	1734363	2936	1
S4112468	75	Port Input	14	1734363	2936	1
S4112468	75	Port Input	15	1734363	2936	1
S4112468	75	Port Input	14	1734363	2937	1
S4112468	75	Port Input	15	1734363	2937	1
S4112468	75	Port Input	14	1734364	2937	1
S4112468	75	Port Input	15	1734364	2938	1
S4112468	75	Port Input	14	1734364	2938	1
S4112468	75	Port Input	15	1734365	2938	1
S4112468	75	Port Input	14	1734365	2938	1
S4112468	75	Port Input	15	1734365	2938	1
S4112468	75	Port Input	14	1734365	2938	1
S4112468	75	Port Input	15	1734365	2939	1
S4112468	75	Port Input	14	1751980	20554	1
S4112468	75	Response	22	1751980	20554	1
S4112468	75	Port Input	15	1751980	20554	1
S4112468	75	Port Input	14	1751981	20554	1
S4112468	76	Picture	20	1752051	0	1	18194	1	0	next	hit	1924
S4112468	76	Port Input	15	1752604	553	1
S4112468	76	Port Input	14	1752604	553	1
S4112468	76	Port Input	15	1754651	2600	1
S4112468	76	Port Input	14	1754651	2600	1
S4112468	76	Port Input	15	1754651	2601	1
S4112468	76	Port Input	14	1754651	2601	1
S4112468	76	Port Input	15	1754652	2601	1
S4112468	76	Port Input	14	1754652	2601	1
S4112468	76	Port Input	15	1754652	2601	1
S4112468	76	Port Input	14	1754652	2601	1
S4112468	76	Port Input	15	1754653	2602	1
S4112468	76	Port Input	14	1754653	2602	1
S4112468	76	Port Input	15	1754653	2602	1
S4112468	76	Port Input	14	1754653	2602	1
S4112468	76	Port Input	15	1754653	2602	1
S4112468	76	Port Input	14	1754653	2602	1
S4112468	76	Port Input	15	1754653	2602	1
S4112468	76	Port Input	14	1754653	2602	1
S4112468	76	Port Input	15	1754653	2603	1
S4112468	76	Port Input	14	1754653	2603	1
S4112468	76	Port Input	15	1754654	2603	1
S4112468	76	Port Input	14	1754654	2603	1
S4112468	76	Port Input	15	1754654	2603	1
S4112468	76	Port Input	14	1754654	2603	1
S4112468	76	Port Input	15	1754654	2603	1
S4112468	76	Port Input	14	1754654	2604	1
S4112468	76	Port Input	15	1754655	2604	1
S4112468	76	Port Input	14	1754655	2604	1
S4112468	76	Port Input	15	1754655	2604	1
S4112468	76	Port Input	14	1754655	2604	1
S4112468	76	Port Input	15	1754655	2604	1
S4112468	76	Port Input	14	1754655	2604	1
S4112468	76	Port Input	15	1754655	2605	1
S4112468	76	Port Input	14	1754655	2605	1
S4112468	76	Port Input	15	1754655	2605	1
S4112468	76	Port Input	14	1754656	2605	1
S4112468	76	Port Input	15	1754659	2608	1
S4112468	76	Port Input	14	1754659	2608	1
S4112468	76	Port Input	15	1754661	2610	1
S4112468	76	Port Input	14	1754661	2610	1
S4112468	76	Port Input	15	1754661	2610	1
S4112468	76	Port Input	14	1754661	2610	1
S4112468	76	Port Input	15	1754661	2611	1
S4112468	76	Port Input	14	1754661	2611	1
S4112468	76	Port Input	15	1754663	2612	1
S4112468	76	Port Input	14	1754663	2612	1
S4112468	76	Port Input	15	1754663	2613	1
S4112468	76	Port Input	14	1770223	18173	1
S4112468	76	Response	22	1770223	18173	1
S4112468	77	Picture	20	1770245	0	1	22430	1	0	next	hit	1934
S4112468	77	Port Input	15	1772850	2605	1
S4112468	77	Port Input	14	1772850	2605	1
S4112468	77	Port Input	15	1772850	2605	1
S4112468	77	Port Input	14	1772850	2605	1
S4112468	77	Port Input	15	1772850	2606	1
S4112468	77	Port Input	14	1772850	2606	1
S4112468	77	Port Input	15	1772850	2606	1
S4112468	77	Port Input	14	1792629	22385	1
S4112468	77	Response	22	1792629	22385	1
S4112468	78	Picture	20	1792674	0	1	24513	1	0	next	hit	2012
S4112468	78	Port Input	15	1792761	87	1
S4112468	78	Port Input	14	1792761	87	1
S4112468	78	Port Input	15	1792764	90	1
S4112468	78	Port Input	14	1792765	90	1
S4112468	78	Port Input	15	1792765	91	1
S4112468	78	Port Input	14	1792765	91	1
S4112468	78	Port Input	15	1792767	92	1
S4112468	78	Port Input	14	1792767	92	1
S4112468	78	Port Input	15	1792767	93	1
S4112468	78	Port Input	14	1792767	93	1
S4112468	78	Port Input	15	1792768	94	1
S4112468	78	Port Input	14	1792768	94	1
S4112468	78	Port Input	15	1792769	95	1
S4112468	78	Port Input	14	1792769	95	1
S4112468	78	Port Input	15	1792772	98	1
S4112468	78	Port Input	14	1792772	98	1
S4112468	78	Port Input	15	1792772	98	1
S4112468	78	Port Input	14	1792772	98	1
S4112468	78	Port Input	15	1792772	98	1
S4112468	78	Port Input	14	1792772	98	1
S4112468	78	Port Input	15	1792778	104	1
S4112468	78	Port Input	14	1792778	104	1
S4112468	78	Port Input	15	1795153	2479	1
S4112468	78	Port Input	14	1795153	2479	1
S4112468	78	Port Input	15	1795153	2479	1
S4112468	78	Port Input	14	1795154	2479	1
S4112468	78	Port Input	15	1795154	2479	1
S4112468	78	Port Input	14	1795154	2479	1
S4112468	78	Port Input	15	1795154	2480	1
S4112468	78	Port Input	14	1795154	2480	1
S4112468	78	Port Input	15	1795154	2480	1
S4112468	78	Port Input	14	1795157	2483	1
S4112468	78	Port Input	15	1795158	2483	1
S4112468	78	Port Input	14	1795158	2483	1
S4112468	78	Port Input	15	1795158	2484	1
S4112468	78	Port Input	14	1795158	2484	1
S4112468	78	Port Input	15	1795158	2484	1
S4112468	78	Port Input	14	1795158	2484	1
S4112468	78	Port Input	15	1795158	2484	1
S4112468	78	Port Input	14	1795158	2484	1
S4112468	78	Port Input	15	1795159	2484	1
S4112468	78	Port Input	14	1795159	2484	1
S4112468	78	Port Input	15	1795159	2485	1
S4112468	78	Port Input	14	1795159	2485	1
S4112468	78	Port Input	15	1795159	2485	1
S4112468	78	Port Input	14	1795159	2485	1
S4112468	78	Port Input	15	1795160	2485	1
S4112468	78	Port Input	14	1795160	2485	1
S4112468	78	Port Input	15	1795160	2485	1
S4112468	78	Port Input	14	1795160	2486	1
S4112468	78	Port Input	15	1795160	2486	1
S4112468	78	Port Input	14	1795160	2486	1
S4112468	78	Port Input	15	1795160	2486	1
S4112468	78	Port Input	14	1795160	2486	1
S4112468	78	Port Input	15	1795160	2486	1
S4112468	78	Port Input	14	1795160	2486	1
S4112468	78	Port Input	15	1795161	2486	1
S4112468	78	Port Input	14	1795161	2486	1
S4112468	78	Port Input	15	1795161	2486	1
S4112468	78	Port Input	14	1795161	2486	1
S4112468	78	Port Input	15	1795161	2487	1
S4112468	78	Port Input	14	1795161	2487	1
S4112468	78	Port Input	15	1795161	2487	1
S4112468	78	Port Input	14	1795162	2487	1
S4112468	78	Port Input	15	1795162	2488	1
S4112468	78	Port Input	14	1795162	2488	1
S4112468	78	Port Input	15	1795162	2488	1
S4112468	78	Port Input	14	1795163	2488	1
S4112468	78	Port Input	15	1795163	2489	1
S4112468	78	Port Input	14	1795163	2489	1
S4112468	78	Port Input	15	1795163	2489	1
S4112468	78	Port Input	14	1795163	2489	1
S4112468	78	Port Input	15	1795163	2489	1
S4112468	78	Port Input	14	1795163	2489	1
S4112468	78	Port Input	15	1795163	2489	1
S4112468	78	Port Input	14	1817115	24441	1
S4112468	78	Response	22	1817115	24441	1
S4112468	79	Picture	20	1817187	0	1	19999	1	0	next	hit	2056
S4112468	79	Port Input	15	1819347	2160	1
S4112468	79	Port Input	14	1819347	2160	1
S4112468	79	Port Input	15	1819347	2160	1
S4112468	79	Port Input	14	1819347	2160	1
S4112468	79	Port Input	15	1819347	2160	1
S4112468	79	Port Input	14	1819347	2160	1
S4112468	79	Port Input	15	1819347	2160	1
S4112468	79	Port Input	14	1819347	2160	1
S4112468	79	Port Input	15	1819347	2160	1
S4112468	79	Port Input	14	1819348	2160	1
S4112468	79	Port Input	15	1819348	2160	1
S4112468	79	Port Input	14	1819348	2160	1
S4112468	79	Port Input	15	1819348	2160	1
S4112468	79	Port Input	14	1819348	2160	1
S4112468	79	Port Input	15	1819348	2161	1
S4112468	79	Port Input	14	1819348	2161	1
S4112468	79	Port Input	15	1819348	2161	1
S4112468	79	Port Input	14	1819348	2161	1
S4112468	79	Port Input	15	1819348	2161	1
S4112468	79	Port Input	14	1819348	2161	1
S4112468	79	Port Input	15	1819349	2161	1
S4112468	79	Port Input	14	1819349	2161	1
S4112468	79	Port Input	15	1819349	2161	1
S4112468	79	Port Input	14	1819349	2161	1
S4112468	79	Port Input	15	1819349	2162	1
S4112468	79	Port Input	14	1819349	2162	1
S4112468	79	Port Input	15	1819349	2162	1
S4112468	79	Port Input	14	1819349	2162	1
S4112468	79	Port Input	15	1819349	2162	1
S4112468	79	Port Input	14	1819349	2162	1
S4112468	79	Port Input	15	1819349	2162	1
S4112468	79	Port Input	14	1819349	2162	1
S4112468	79	Port Input	15	1819350	2163	1
S4112468	79	Port Input	14	1819350	2163	1
S4112468	79	Port Input	15	1819351	2164	1
S4112468	79	Port Input	14	1819351	2164	1
S4112468	79	Port Input	15	1819351	2164	1
S4112468	79	Port Input	14	1819351	2164	1
S4112468	79	Port Input	15	1819352	2164	1
S4112468	79	Port Input	14	1819352	2164	1
S4112468	79	Port Input	15	1819352	2164	1
S4112468	79	Port Input	14	1837134	19946	1
S4112468	79	Response	22	1837134	19946	1
S4112468	79	Port Input	15	1837134	19946	1
S4112468	79	Port Input	14	1837134	19946	1
S4112468	80	Picture	20	1837187	0	1	22708	1	0	next	hit	2062
S4112468	80	Port Input	15	1839653	2467	1
S4112468	80	Port Input	14	1859880	22693	1
S4112468	80	Response	22	1859880	22693	1
S4112468	81	Picture	20	1859894	0	1	25069	1	0	next	hit	2066
S4112468	81	Port Input	15	1862044	2149	1
S4112468	81	Port Input	14	1884950	25055	1
S4112468	81	Response	22	1884950	25055	1
S4112468	82	Picture	20	1884963	0	1	26457	1	0	next	hit	2070
S4112468	82	Port Input	15	1887413	2450	1
S4112468	82	Port Input	14	1911401	26438	1
S4112468	82	Response	22	1911401	26438	1
S4112468	83	Picture	20	1911420	0	1	22360	1	0	next	hit	2074
S4112468	83	Port Input	15	1913664	2244	1
S4112468	83	Port Input	14	1933708	22287	1
S4112468	83	Response	22	1933708	22287	1
S4112468	84	Picture	20	1933781	0	1	26249	1	0	next	hit	2098
S4112468	84	Port Input	15	1936552	2771	1
S4112468	84	Port Input	14	1936552	2771	1
S4112468	84	Port Input	15	1936552	2771	1
S4112468	84	Port Input	14	1936552	2771	1
S4112468	84	Port Input	15	1936552	2772	1
S4112468	84	Port Input	14	1936552	2772	1
S4112468	84	Port Input	15	1936553	2772	1
S4112468	84	Port Input	14	1936553	2772	1
S4112468	84	Port Input	15	1936556	2775	1
S4112468	84	Port Input	14	1936556	2775	1
S4112468	84	Port Input	15	1936556	2775	1
S4112468	84	Port Input	14	1936556	2776	1
S4112468	84	Port Input	15	1936557	2776	1
S4112468	84	Port Input	14	1936557	2776	1
S4112468	84	Port Input	15	1936557	2776	1
S4112468	84	Port Input	14	1936557	2776	1
S4112468	84	Port Input	15	1936557	2776	1
S4112468	84	Port Input	14	1936557	2776	1
S4112468	84	Port Input	15	1936557	2777	1
S4112468	84	Port Input	14	1936557	2777	1
S4112468	84	Port Input	15	1936558	2777	1
S4112468	84	Port Input	14	1959990	26209	1
S4112468	84	Response	22	1959990	26209	1
S4112468	85	Picture	20	1960030	0	1	19999	1	0	next	hit	2146
S4112468	85	Port Input	15	1962808	2778	1
S4112468	85	Port Input	14	1962808	2778	1
S4112468	85	Port Input	15	1962809	2779	1
S4112468	85	Port Input	14	1962809	2779	1
S4112468	85	Port Input	15	1962810	2780	1
S4112468	85	Port Input	14	1962810	2780	1
S4112468	85	Port Input	15	1962810	2780	1
S4112468	85	Port Input	14	1962810	2780	1
S4112468	85	Port Input	15	1962810	2780	1
S4112468	85	Port Input	14	1962810	2780	1
S4112468	85	Port Input	15	1962810	2780	1
S4112468	85	Port Input	14	1962810	2780	1
S4112468	85	Port Input	15	1962810	2780	1
S4112468	85	Port Input	14	1962810	2780	1
S4112468	85	Port Input	15	1962810	2781	1
S4112468	85	Port Input	14	1962810	2781	1
S4112468	85	Port Input	15	1962811	2781	1
S4112468	85	Port Input	14	1962811	2781	1
S4112468	85	Port Input	15	1962811	2781	1
S4112468	85	Port Input	14	1962811	2781	1
S4112468	85	Port Input	15	1962812	2782	1
S4112468	85	Port Input	14	1962812	2782	1
S4112468	85	Port Input	15	1962812	2782	1
S4112468	85	Port Input	14	1962812	2782	1
S4112468	85	Port Input	15	1962812	2782	1
S4112468	85	Port Input	14	1962812	2782	1
S4112468	85	Port Input	15	1962812	2782	1
S4112468	85	Port Input	14	1962812	2782	1
S4112468	85	Port Input	15	1962812	2783	1
S4112468	85	Port Input	14	1962812	2783	1
S4112468	85	Port Input	15	1962812	2783	1
S4112468	85	Port Input	14	1962812	2783	1
S4112468	85	Port Input	15	1962813	2783	1
S4112468	85	Port Input	14	1962813	2783	1
S4112468	85	Port Input	15	1962813	2783	1
S4112468	85	Port Input	14	1962813	2784	1
S4112468	85	Port Input	15	1962813	2784	1
S4112468	85	Port Input	14	1962813	2784	1
S4112468	85	Port Input	15	1962814	2784	1
S4112468	85	Port Input	14	1962814	2784	1
S4112468	85	Port Input	15	1962814	2784	1
S4112468	85	Port Input	14	1962814	2784	1
S4112468	85	Port Input	15	1962814	2784	1
S4112468	85	Port Input	14	1962814	2784	1
S4112468	85	Port Input	15	1962814	2784	1
S4112468	85	Port Input	14	1979999	19969	1
S4112468	85	Response	22	1979999	19969	1
S4112468	86	Picture	20	1980029	0	1	17361	1	0	next	hit	2150
S4112468	86	Port Input	15	1982334	2304	1
S4112468	86	Port Input	14	1997353	17324	1
S4112468	86	Response	22	1997353	17324	1
S4112468	86	Port Input	15	1997353	17324	1
S4112468	86	Port Input	14	1997354	17325	1
S4112468	87	Picture	20	1997390	0	1	19513	1	0	next	hit	2162
S4112468	87	Port Input	15	1997537	147	1
S4112468	87	Port Input	14	1997537	147	1
S4112468	87	Port Input	15	1997554	164	1
S4112468	87	Port Input	14	1997554	164	1
S4112468	87	Port Input	15	1999839	2449	1
S4112468	87	Port Input	14	1999839	2449	1
S4112468	87	Port Input	15	1999839	2449	1
S4112468	87	Port Input	14	2016867	19477	1
S4112468	87	Response	22	2016867	19477	1
S4112468	87	Port Input	15	2016867	19477	1
S4112468	87	Port Input	14	2016867	19477	1
S4112468	88	Picture	20	2016903	0	1	21874	1	0	next	hit	2174
S4112468	88	Port Input	15	2019553	2651	1
S4112468	88	Port Input	14	2019554	2651	1
S4112468	88	Port Input	15	2019554	2651	1
S4112468	88	Port Input	14	2019554	2651	1
S4112468	88	Port Input	15	2019554	2651	1
S4112468	88	Port Input	14	2019554	2651	1
S4112468	88	Port Input	15	2019554	2651	1
S4112468	88	Port Input	14	2038719	21816	1
S4112468	88	Response	22	2038719	21816	1
S4112468	89	Picture	20	2038777	0	1	20416	1	0	next	hit	2188
S4112468	89	Port Input	15	2041356	2579	1
S4112468	89	Port Input	14	2041356	2579	1
S4112468	89	Port Input	15	2041356	2579	1
S4112468	89	Port Input	14	2041356	2579	1
S4112468	89	Port Input	15	2041356	2579	1
S4112468	89	Port Input	14	2041356	2579	1
S4112468	89	Port Input	15	2041356	2579	1
S4112468	89	Port Input	14	2041356	2579	1
S4112468	89	Port Input	15	2041356	2579	1
S4112468	89	Port Input	14	2041356	2579	1
S4112468	89	Port Input	15	2041356	2579	1
S4112468	89	Port Input	14	2059139	20362	1
S4112468	89	Response	22	2059139	20362	1
S4112468	89	Port Input	15	2059139	20362	1
S4112468	89	Port Input	14	2059139	20362	1
S4112468	90	Picture	20	2059193	0	1	21041	1	0	next	hit	2212
S4112468	90	Port Input	15	2061636	2443	1
S4112468	90	Port Input	14	2061636	2443	1
S4112468	90	Port Input	15	2061636	2443	1
S4112468	90	Port Input	14	2061636	2443	1
S4112468	90	Port Input	15	2061637	2443	1
S4112468	90	Port Input	14	2061637	2444	1
S4112468	90	Port Input	15	2061637	2444	1
S4112468	90	Port Input	14	2061637	2444	1
S4112468	90	Port Input	15	2061637	2444	1
S4112468	90	Port Input	14	2061637	2444	1
S4112468	90	Port Input	15	2061637	2444	1
S4112468	90	Port Input	14	2061637	2444	1
S4112468	90	Port Input	15	2061638	2445	1
S4112468	90	Port Input	14	2061638	2445	1
S4112468	90	Port Input	15	2061638	2445	1
S4112468	90	Port Input	14	2061638	2445	1
S4112468	90	Port Input	15	2061639	2446	1
S4112468	90	Port Input	14	2061639	2446	1
S4112468	90	Port Input	15	2061640	2447	1
S4112468	90	Port Input	14	2080227	21033	1
S4112468	90	Response	22	2080227	21033	1
S4112468	91	Picture	20	2080234	0	1	18124	1	0	next	hit	2218
S4112468	91	Port Input	15	2082857	2623	1
S4112468	91	Port Input	14	2082857	2623	1
S4112468	91	Port Input	15	2082857	2623	1
S4112468	91	Port Input	14	2098314	18080	1
S4112468	91	Response	22	2098314	18080	1
S4112468	92	Picture	20	2098358	0	1	22221	1	0	next	hit	2226
S4112468	92	Port Input	15	2100877	2519	1
S4112468	92	Port Input	14	2100877	2519	1
S4112468	92	Port Input	15	2100878	2520	1
S4112468	92	Port Input	14	2100878	2520	1
S4112468	92	Port Input	15	2100879	2520	1
S4112468	92	Port Input	14	2120531	22173	1
S4112468	92	Response	22	2120531	22173	1
S4112468	92	Port Input	15	2120531	22173	1
S4112468	92	Port Input	14	2120532	22173	1
S4112468	93	Picture	20	2120580	0	1	17361	1	0	next	hit	2240
S4112468	93	Port Input	15	2120683	103	1
S4112468	93	Port Input	14	2120683	103	1
S4112468	93	Port Input	15	2123082	2502	1
S4112468	93	Port Input	14	2123082	2502	1
S4112468	93	Port Input	15	2123083	2503	1
S4112468	93	Port Input	14	2123083	2503	1
S4112468	93	Port Input	15	2123083	2503	1
S4112468	93	Port Input	14	2123083	2503	1
S4112468	93	Port Input	15	2123083	2503	1
S4112468	93	Port Input	14	2137928	17348	1
S4112468	93	Response	22	2137928	17348	1
S4112468	94	Picture	20	2137940	0	1	20416	1	0	next	hit	2266
S4112468	94	Port Input	15	2138280	340	1
S4112468	94	Port Input	14	2138280	340	1
S4112468	94	Port Input	15	2138283	343	1
S4112468	94	Port Input	14	2138283	343	1
S4112468	94	Port Input	15	2138287	346	1
S4112468	94	Port Input	14	2138287	346	1
S4112468	94	Port Input	15	2138289	349	1
S4112468	94	Port Input	14	2138289	349	1
S4112468	94	Port Input	15	2140307	2366	1
S4112468	94	Port Input	14	2140307	2366	1
S4112468	94	Port Input	15	2140307	2367	1
S4112468	94	Port Input	14	2140307	2367	1
S4112468	94	Port Input	15	2140309	2368	1
S4112468	94	Port Input	14	2140309	2368	1
S4112468	94	Port Input	15	2140311	2371	1
S4112468	94	Port Input	14	2140311	2371	1
S4112468	94	Port Input	15	2140313	2372	1
S4112468	94	Port Input	14	2140313	2372	1
S4112468	94	Port Input	15	2140313	2372	1
S4112468	94	Port Input	14	2140313	2372	1
S4112468	94	Port Input	15	2140313	2372	1
S4112468	94	Port Input	14	2140313	2372	1
S4112468	94	Port Input	15	2140313	2373	1
S4112468	94	Port Input	14	2158283	20342	1
S4112468	94	Response	22	2158283	20342	1
S4112468	95	Picture	20	2158356	0	1	20416	1	0	next	hit	2270
S4112468	95	Port Input	15	2160910	2553	1
S4112468	95	Port Input	14	2178747	20391	1
S4112468	95	Response	22	2178747	20391	1
S4112468	96	Picture	20	2178772	0	1	16736	1	0	next	hit	2290
S4112468	96	Port Input	15	2181053	2281	1
S4112468	96	Port Input	14	2181053	2281	1
S4112468	96	Port Input	15	2181054	2281	1
S4112468	96	Port Input	14	2181054	2281	1
S4112468	96	Port Input	15	2181054	2282	1
S4112468	96	Port Input	14	2181054	2282	1
S4112468	96	Port Input	15	2181054	2282	1
S4112468	96	Port Input	14	2181055	2282	1
S4112468	96	Port Input	15	2181055	2282	1
S4112468	96	Port Input	14	2181055	2283	1
S4112468	96	Port Input	15	2181055	2283	1
S4112468	96	Port Input	14	2181055	2283	1
S4112468	96	Port Input	15	2181056	2283	1
S4112468	96	Port Input	14	2181057	2285	1
S4112468	96	Port Input	15	2181057	2285	1
S4112468	96	Port Input	14	2181057	2285	1
S4112468	96	Port Input	15	2181058	2285	1
S4112468	96	Port Input	14	2195452	16679	1
S4112468	96	Response	22	2195452	16679	1
S4112468	96	Port Input	15	2195452	16680	1
S4112468	96	Port Input	14	2195452	16680	1
S4112468	97	Picture	20	2195508	0	1	21666	1	0	next	hit	2302
S4112468	97	Port Input	15	2197611	2103	1
S4112468	97	Port Input	14	2197611	2103	1
S4112468	97	Port Input	15	2197612	2104	1
S4112468	97	Port Input	14	2197612	2104	1
S4112468	97	Port Input	15	2197612	2104	1
S4112468	97	Port Input	14	2197612	2104	1
S4112468	97	Port Input	15	2197612	2104	1
S4112468	97	Port Input	14	2217123	21615	1
S4112468	97	Response	22	2217123	21615	1
S4112468	98	Picture	20	2217174	0	1	25069	1	0	next	hit	2314
S4112468	98	Port Input	15	2219952	2778	1
S4112468	98	Port Input	14	2219952	2778	1
S4112468	98	Port Input	15	2219952	2778	1
S4112468	98	Port Input	14	2219952	2778	1
S4112468	98	Port Input	15	2219952	2778	1
S4112468	98	Port Input	14	2219953	2779	1
S4112468	98	Port Input	15	2219953	2779	1
S4112468	98	Port Input	14	2219953	2779	1
S4112468	98	Port Input	15	2219953	2779	1
S4112468	98	Port Input	14	2242199	25025	1
S4112468	98	Response	22	2242199	25025	1
S4112468	99	Picture	20	2242242	0	1	16944	1	0	next	hit	2322
S4112468	99	Port Input	15	2245070	2828	1
S4112468	99	Port Input	14	2245070	2828	1
S4112468	99	Port Input	15	2245070	2828	1
S4112468	99	Port Input	14	2245070	2828	1
S4112468	99	Port Input	15	2245071	2828	1
S4112468	99	Port Input	14	2259141	16898	1
S4112468	99	Response	22	2259141	16898	1
S4112468	100	Picture	20	2259186	0	1	22013	1	0	next	hit	2326
S4112468	100	Port Input	15	2261469	2282	1
S4112468	100	Port Input	14	2281139	21952	1
S4112468	100	Response	22	2281139	21952	1
S4112468	101	Picture	20	2281200	0	1	17360	1	0	next	hit	2330
S4112468	101	Port Input	15	2283610	2410	1
S4112468	101	Port Input	14	2298544	17344	1
S4112468	101	Response	22	2298544	17344	1
S4112468	102	Picture	20	2298560	0	1	19999	1	0	next	hit	2336
S4112468	102	Port Input	15	2301086	2526	1
S4112468	102	Port Input	14	2301086	2526	1
S4112468	102	Port Input	15	2301087	2527	1
S4112468	102	Port Input	14	2317993	19433	1
S4112468	102	Response	22	2317993	19433	1
S4112468	103	Port Input	15	2320489	2429	1
S4112468	103	Port Input	14	2320489	2430	1
S4112468	103	Port Input	15	2320489	2430	1
S4112468	103	Port Input	14	2320490	2430	1
S4112468	103	Port Input	15	2320490	2430	1
