Scenario - passive press generic training 1.2
Logfile written - 11/11/2023 13:33:23

Subject	Trial	Event Type	Code	Time	TTime	Uncertainty	Duration	Uncertainty	ReqTime	ReqDur	Stim Type	Pair Index

S6004647	1	Picture	83	51	0	1	5000	1	0	4950	other	0
S6004647	1	Picture	82	10051	10000	1	5000	1	9950	4950	other	0
S6004647	1	Picture	81	20051	19999	1	5000	1	19950	4950	other	0
S6004647	1	Picture	80	30050	29999	1	5000	1	29950	4950	other	0
S6004647	1	Picture	81	40050	39999	1	10000	1	39950	9950	other	0
S6004647	1	Port Input	14	45156	45105	1
S6004647	1	Response	100	45156	45105	1
S6004647	1	Port Input	15	48511	48459	1
S6004647	1	Port Input	14	48511	48459	1
S6004647	1	Port Input	15	48511	48459	1
S6004647	1	Picture	81	60050	59998	1	10000	1	59950	9950	other	0
S6004647	1	Port Input	14	63668	63616	1
S6004647	1	Response	100	63668	63616	1
S6004647	1	Port Input	15	63668	63616	1
S6004647	1	Port Input	14	63668	63617	1
S6004647	1	Port Input	15	63668	63617	1
S6004647	1	Port Input	14	63668	63617	1
S6004647	1	Port Input	15	63669	63617	1
S6004647	1	Port Input	14	63669	63617	1
S6004647	1	Port Input	15	63669	63617	1
S6004647	1	Port Input	14	63669	63617	1
S6004647	1	Port Input	15	68426	68375	1
S6004647	1	Port Input	14	68427	68375	1
S6004647	1	Port Input	15	68427	68376	1
S6004647	1	Port Input	14	68427	68376	1
S6004647	1	Port Input	15	68428	68376	1
S6004647	1	Port Input	14	68428	68376	1
S6004647	1	Port Input	15	68428	68377	1
S6004647	1	Port Input	14	68428	68377	1
S6004647	1	Port Input	15	68429	68378	1
S6004647	1	Port Input	14	68429	68378	1
S6004647	1	Port Input	15	68429	68378	1
S6004647	1	Port Input	14	68429	68378	1
S6004647	1	Port Input	15	68430	68379	1
S6004647	1	Port Input	14	68430	68379	1
S6004647	1	Port Input	15	68430	68379	1
S6004647	1	Port Input	14	68430	68379	1
S6004647	1	Port Input	15	68430	68379	1
S6004647	1	Port Input	14	68431	68379	1
S6004647	1	Port Input	15	68431	68379	1
S6004647	1	Picture	81	80049	79998	1	10000	1	79950	9950	other	0
S6004647	1	Port Input	14	82495	82444	1
S6004647	1	Response	100	82495	82444	1
S6004647	1	Port Input	15	88178	88126	1
S6004647	1	Port Input	14	88178	88126	1
S6004647	1	Port Input	15	88178	88127	1
S6004647	2	Port Input	14	112925	22807	3
S6004647	2	Response	100	112925	22807	3
S6004647	3	Port Input	15	119551	6586	8
S6004647	3	Port Input	14	130755	17790	8
S6004647	3	Response	100	130755	17790	8
S6004647	4	Port Input	15	136772	5960	8
S6004647	4	Port Input	14	147460	16649	7
S6004647	4	Response	100	147460	16649	7
S6004647	5	Port Input	15	153040	5493	1
S6004647	5	Port Input	14	153040	5493	1
S6004647	5	Port Input	15	153040	5493	8
S6004647	5	Port Input	14	163571	16024	8
S6004647	5	Response	100	163571	16024	8
S6004647	6	Port Input	15	168714	5056	8
S6004647	6	Port Input	14	179996	16339	8
S6004647	6	Response	100	179996	16339	8
S6004647	7	Port Input	15	184931	4885	7
S6004647	7	Port Input	14	196218	16172	7
S6004647	7	Response	100	196218	16172	7
S6004647	8	Port Input	15	201518	5223	8
S6004647	8	Port Input	14	212151	15856	1
S6004647	8	Response	100	212151	15856	1
S6004647	9	Port Input	15	217409	5211	8
S6004647	9	Port Input	14	227364	15166	7
S6004647	9	Response	100	227364	15166	7
S6004647	10	Port Input	15	233189	5783	8
S6004647	10	Port Input	14	243642	16236	7
S6004647	10	Response	100	243642	16236	7
S6004647	11	Port Input	15	249202	5477	1
S6004647	11	Port Input	14	249202	5477	1
S6004647	11	Port Input	15	249202	5477	8
S6004647	11	Port Input	14	260149	16425	7
S6004647	11	Response	100	260149	16425	7
S6004647	12	Port Input	15	265322	5140	8
S6004647	12	Port Input	14	276852	16669	8
S6004647	12	Response	100	276852	16669	8
