Scenario - Button
Logfile written - 11/11/2023 13:39:08

Subject	Trial	Event Type	Code	Time	TTime	Uncertainty	Duration	Uncertainty	ReqTime	ReqDur	Stim Type	Pair Index

S6004647	1	Picture	start	69	0	1	40554	1	0	next	other	0
S6004647	3	Picture	20	45137	0	1	15000	1	0	next	hit	4
S6004647	3	Port Input	14	60119	14981	1
S6004647	3	Response	22	60119	14981	1
S6004647	4	Picture	20	60137	0	1	12152	1	0	next	hit	12
S6004647	4	Port Input	15	66178	6041	1
S6004647	4	Port Input	14	66178	6041	1
S6004647	4	Port Input	15	66178	6041	1
S6004647	4	Port Input	14	66178	6041	1
S6004647	4	Port Input	15	66178	6041	1
S6004647	4	Port Input	14	72266	12129	1
S6004647	4	Response	22	72266	12129	1
S6004647	5	Picture	20	72289	0	1	13333	1	0	next	hit	20
S6004647	5	Port Input	15	78757	6467	1
S6004647	5	Port Input	14	78757	6467	1
S6004647	5	Port Input	15	78757	6467	1
S6004647	5	Port Input	14	78757	6467	1
S6004647	5	Port Input	15	78757	6468	1
S6004647	5	Port Input	14	85561	13271	1
S6004647	5	Response	22	85561	13271	1
S6004647	6	Picture	20	85622	0	1	12777	1	0	next	hit	28
S6004647	6	Port Input	15	92104	6482	1
S6004647	6	Port Input	14	92104	6482	1
S6004647	6	Port Input	15	92105	6482	1
S6004647	6	Port Input	14	92105	6482	1
S6004647	6	Port Input	15	92105	6482	1
S6004647	6	Port Input	14	98353	12730	1
S6004647	6	Response	22	98353	12730	1
S6004647	6	Port Input	15	98353	12730	1
S6004647	6	Port Input	14	98354	12731	7
S6004647	7	Picture	20	98400	0	1	12847	1	0	next	hit	42
S6004647	7	Port Input	15	104896	6496	1
S6004647	7	Port Input	14	104896	6496	1
S6004647	7	Port Input	15	104896	6496	1
S6004647	7	Port Input	14	104896	6496	1
S6004647	7	Port Input	15	104897	6497	1
S6004647	7	Port Input	14	104897	6497	1
S6004647	7	Port Input	15	104897	6497	1
S6004647	7	Port Input	14	104897	6497	1
S6004647	7	Port Input	15	104898	6498	1
S6004647	7	Port Input	14	111174	12774	1
S6004647	7	Response	22	111174	12774	1
S6004647	8	Picture	20	111247	0	1	14027	1	0	next	hit	58
S6004647	8	Port Input	15	117980	6733	1
S6004647	8	Port Input	14	117980	6733	1
S6004647	8	Port Input	15	117980	6733	1
S6004647	8	Port Input	14	117980	6733	1
S6004647	8	Port Input	15	117980	6734	1
S6004647	8	Port Input	14	117981	6734	1
S6004647	8	Port Input	15	117981	6734	1
S6004647	8	Port Input	14	117981	6734	1
S6004647	8	Port Input	15	117981	6734	1
S6004647	8	Port Input	14	117981	6735	1
S6004647	8	Port Input	15	117981	6735	1
S6004647	8	Port Input	14	117982	6735	1
S6004647	8	Port Input	15	117982	6735	1
S6004647	8	Port Input	14	125246	13999	1
S6004647	8	Response	22	125246	13999	1
S6004647	9	Picture	20	125274	0	1	13750	1	0	next	hit	68
S6004647	9	Port Input	15	131729	6455	1
S6004647	9	Port Input	14	131729	6455	1
S6004647	9	Port Input	15	131730	6456	1
S6004647	9	Port Input	14	131730	6456	1
S6004647	9	Port Input	15	131730	6456	1
S6004647	9	Port Input	14	131730	6456	1
S6004647	9	Port Input	15	131731	6457	1
S6004647	9	Port Input	14	138997	13723	1
S6004647	9	Response	22	138997	13723	1
S6004647	10	Picture	20	139024	0	1	13611	1	0	next	hit	84
S6004647	10	Port Input	15	144766	5743	1
S6004647	10	Port Input	14	144766	5743	1
S6004647	10	Port Input	15	144770	5746	1
S6004647	10	Port Input	14	144770	5746	1
S6004647	10	Port Input	15	144770	5746	1
S6004647	10	Port Input	14	144770	5746	1
S6004647	10	Port Input	15	144774	5751	1
S6004647	10	Port Input	14	144774	5751	1
S6004647	10	Port Input	15	144805	5781	1
S6004647	10	Port Input	14	144805	5781	1
S6004647	10	Port Input	15	144805	5781	1
S6004647	10	Port Input	14	144805	5782	1
S6004647	10	Port Input	15	144806	5782	1
S6004647	10	Port Input	14	152595	13571	1
S6004647	10	Response	22	152595	13571	1
S6004647	11	Picture	20	152634	0	1	13750	1	0	next	hit	108
S6004647	11	Port Input	15	158058	5424	1
S6004647	11	Port Input	14	158058	5424	1
S6004647	11	Port Input	15	158061	5427	1
S6004647	11	Port Input	14	158061	5427	1
S6004647	11	Port Input	15	158062	5427	1
S6004647	11	Port Input	14	158062	5427	1
S6004647	11	Port Input	15	158063	5428	1
S6004647	11	Port Input	14	158063	5428	1
S6004647	11	Port Input	15	158063	5429	1
S6004647	11	Port Input	14	158063	5429	1
S6004647	11	Port Input	15	158063	5429	1
S6004647	11	Port Input	14	158063	5429	1
S6004647	11	Port Input	15	158064	5430	1
S6004647	11	Port Input	14	158064	5430	1
S6004647	11	Port Input	15	158066	5432	1
S6004647	11	Port Input	14	158066	5432	1
S6004647	11	Port Input	15	158066	5432	1
S6004647	11	Port Input	14	158066	5432	1
S6004647	11	Port Input	15	158067	5432	1
S6004647	11	Port Input	14	158067	5432	1
S6004647	11	Port Input	15	158067	5432	1
S6004647	11	Port Input	14	166358	13724	1
S6004647	11	Response	22	166358	13724	1
S6004647	11	Port Input	15	166358	13724	1
S6004647	11	Port Input	14	166359	13725	5
S6004647	12	Picture	20	166384	0	1	13402	1	0	next	hit	148
S6004647	12	Port Input	15	171444	5060	1
S6004647	12	Port Input	14	171444	5060	1
S6004647	12	Port Input	15	171445	5061	1
S6004647	12	Port Input	14	171445	5061	1
S6004647	12	Port Input	15	171445	5061	1
S6004647	12	Port Input	14	171445	5061	1
S6004647	12	Port Input	15	171447	5063	1
S6004647	12	Port Input	14	171447	5063	1
S6004647	12	Port Input	15	171447	5063	1
S6004647	12	Port Input	14	171447	5063	1
S6004647	12	Port Input	15	171449	5065	1
S6004647	12	Port Input	14	171449	5065	1
S6004647	12	Port Input	15	171451	5067	1
S6004647	12	Port Input	14	171451	5067	1
S6004647	12	Port Input	15	171451	5067	1
S6004647	12	Port Input	14	171451	5067	1
S6004647	12	Port Input	15	171451	5067	1
S6004647	12	Port Input	14	171451	5067	1
S6004647	12	Port Input	15	171451	5067	1
S6004647	12	Port Input	14	171451	5067	1
S6004647	12	Port Input	15	171452	5068	1
S6004647	12	Port Input	14	171452	5068	1
S6004647	12	Port Input	15	171452	5068	1
S6004647	12	Port Input	14	171452	5068	1
S6004647	12	Port Input	15	171452	5069	1
S6004647	12	Port Input	14	171453	5069	1
S6004647	12	Port Input	15	171455	5072	1
S6004647	12	Port Input	14	171456	5072	1
S6004647	12	Port Input	15	171456	5072	1
S6004647	12	Port Input	14	171456	5072	1
S6004647	12	Port Input	15	171456	5073	1
S6004647	12	Port Input	14	171457	5073	1
S6004647	12	Port Input	15	171457	5073	1
S6004647	12	Port Input	14	171457	5073	1
S6004647	12	Port Input	15	171675	5291	1
S6004647	12	Port Input	14	179745	13361	1
S6004647	12	Response	22	179745	13361	1
S6004647	12	Port Input	15	179745	13361	1
S6004647	12	Port Input	14	179746	13362	1
S6004647	13	Picture	20	179786	0	1	12777	1	0	next	hit	154
S6004647	13	Port Input	15	185131	5345	1
S6004647	13	Port Input	14	192499	12713	1
S6004647	13	Response	22	192499	12713	1
S6004647	13	Port Input	15	192499	12713	1
S6004647	13	Port Input	14	192499	12713	1
S6004647	13	Port Input	15	192499	12713	1
S6004647	13	Port Input	14	192503	12717	1
S6004647	13	Port Input	15	192504	12717	1
S6004647	13	Port Input	14	192504	12717	1
S6004647	13	Port Input	15	192504	12718	1
S6004647	13	Port Input	14	192504	12718	1
S6004647	13	Port Input	15	192506	12719	1
S6004647	13	Port Input	14	192506	12719	1
S6004647	13	Port Input	15	192506	12720	1
S6004647	13	Port Input	14	192506	12720	1
S6004647	13	Port Input	15	192508	12721	1
S6004647	13	Port Input	14	192508	12721	1
S6004647	14	Picture	20	192564	0	1	12777	1	0	next	hit	172
S6004647	14	Port Input	15	197292	4728	1
S6004647	14	Port Input	14	205326	12762	1
S6004647	14	Response	22	205326	12762	1
S6004647	14	Port Input	15	205326	12762	1
S6004647	14	Port Input	14	205326	12763	1
S6004647	14	Port Input	15	205327	12763	1
S6004647	14	Port Input	14	205327	12764	6
S6004647	15	Picture	20	205341	0	1	13263	1	0	next	hit	184
S6004647	15	Port Input	15	211192	5851	1
S6004647	15	Port Input	14	211192	5851	1
S6004647	15	Port Input	15	211192	5851	1
S6004647	15	Port Input	14	211192	5851	1
S6004647	15	Port Input	15	211193	5852	1
S6004647	15	Port Input	14	218583	13242	1
S6004647	15	Response	22	218583	13242	1
S6004647	15	Port Input	15	218583	13242	1
S6004647	15	Port Input	14	218583	13242	1
S6004647	15	Port Input	15	218583	13242	1
S6004647	15	Port Input	14	218584	13242	1
S6004647	15	Port Input	15	218584	13243	3
S6004647	15	Port Input	14	218587	13246	1
S6004647	15	Port Input	15	218588	13247	1
S6004647	15	Port Input	14	218588	13247	1
S6004647	15	Port Input	15	218589	13248	1
S6004647	15	Port Input	14	218589	13248	1
S6004647	15	Port Input	15	218589	13248	1
S6004647	15	Port Input	14	218589	13248	1
S6004647	15	Port Input	15	218590	13248	1
S6004647	15	Port Input	14	218590	13249	1
S6004647	15	Port Input	15	218590	13249	1
S6004647	15	Port Input	14	218590	13249	1
S6004647	15	Port Input	15	218590	13249	1
S6004647	15	Port Input	14	218590	13249	1
S6004647	15	Port Input	15	218591	13250	1
S6004647	15	Port Input	14	218591	13250	1
S6004647	15	Port Input	15	218591	13250	1
S6004647	15	Port Input	14	218591	13250	1
S6004647	15	Port Input	15	218591	13250	1
S6004647	15	Port Input	14	218592	13250	1
S6004647	15	Port Input	15	218592	13251	1
S6004647	15	Port Input	14	218592	13251	1
S6004647	15	Port Input	15	218592	13251	1
S6004647	15	Port Input	14	218592	13251	1
S6004647	15	Port Input	15	218593	13252	1
S6004647	15	Port Input	14	218593	13252	1
S6004647	15	Port Input	15	218593	13252	1
S6004647	15	Port Input	14	218593	13252	1
S6004647	15	Port Input	15	218595	13254	1
S6004647	15	Port Input	14	218595	13254	1
S6004647	16	Picture	20	218605	0	1	12708	1	0	next	hit	222
S6004647	16	Port Input	15	224523	5918	1
S6004647	16	Port Input	14	231269	12664	1
S6004647	16	Response	22	231269	12664	1
S6004647	16	Port Input	15	231269	12664	1
S6004647	16	Port Input	14	231269	12665	1
S6004647	17	Picture	20	231313	0	1	13541	1	0	next	hit	240
S6004647	17	Port Input	15	237164	5851	1
S6004647	17	Port Input	14	237164	5851	1
S6004647	17	Port Input	15	237165	5852	1
S6004647	17	Port Input	14	237165	5852	1
S6004647	17	Port Input	15	237165	5852	1
S6004647	17	Port Input	14	237165	5852	1
S6004647	17	Port Input	15	237165	5853	1
S6004647	17	Port Input	14	237165	5853	1
S6004647	17	Port Input	15	237165	5853	1
S6004647	17	Port Input	14	237168	5855	1
S6004647	17	Port Input	15	237168	5856	1
S6004647	17	Port Input	14	237169	5856	1
S6004647	17	Port Input	15	237169	5856	1
S6004647	17	Port Input	14	244778	13465	1
S6004647	17	Response	22	244778	13465	1
S6004647	17	Port Input	15	244778	13466	1
S6004647	17	Port Input	14	244779	13467	7
S6004647	17	Port Input	15	244786	13473	1
S6004647	17	Port Input	14	244786	13473	1
S6004647	18	Picture	20	244854	0	1	12708	1	0	next	hit	266
S6004647	18	Port Input	15	246607	1753	1
S6004647	18	Port Input	14	246607	1753	1
S6004647	18	Port Input	15	246624	1770	1
S6004647	18	Port Input	14	246624	1770	1
S6004647	18	Port Input	15	246641	1787	1
S6004647	18	Port Input	14	246641	1787	1
S6004647	18	Port Input	15	246953	2099	1
S6004647	18	Port Input	14	246953	2099	1
S6004647	18	Port Input	15	246984	2130	1
S6004647	18	Port Input	14	246984	2130	1
S6004647	18	Port Input	15	250878	6024	1
S6004647	18	Port Input	14	250878	6024	1
S6004647	18	Port Input	15	250878	6025	1
S6004647	18	Port Input	14	250879	6025	1
S6004647	18	Port Input	15	250879	6025	1
S6004647	18	Port Input	14	250879	6026	1
S6004647	18	Port Input	15	250880	6026	1
S6004647	18	Port Input	14	250880	6026	1
S6004647	18	Port Input	15	250880	6026	1
S6004647	18	Port Input	14	257498	12644	1
S6004647	18	Response	22	257498	12644	1
S6004647	19	Picture	20	257562	0	1	12708	1	0	next	hit	272
S6004647	19	Port Input	15	263773	6211	1
S6004647	19	Port Input	14	263773	6211	1
S6004647	19	Port Input	15	263773	6211	1
S6004647	19	Port Input	14	270253	12691	1
S6004647	19	Response	22	270253	12691	1
S6004647	20	Picture	20	270270	0	1	13264	1	0	next	hit	276
S6004647	20	Port Input	15	276210	5940	1
S6004647	20	Port Input	14	283459	13189	1
S6004647	20	Response	22	283459	13189	1
S6004647	20	Port Input	15	283459	13189	1
S6004647	20	Port Input	14	283463	13193	1
S6004647	21	Picture	20	283533	0	1	11944	1	0	next	hit	310
S6004647	21	Port Input	15	288852	5319	1
S6004647	21	Port Input	14	288852	5319	1
S6004647	21	Port Input	15	288852	5319	1
S6004647	21	Port Input	14	288852	5319	1
S6004647	21	Port Input	15	288853	5319	1
S6004647	21	Port Input	14	288853	5319	1
S6004647	21	Port Input	15	288853	5320	1
S6004647	21	Port Input	14	288853	5320	1
S6004647	21	Port Input	15	288854	5320	1
S6004647	21	Port Input	14	288854	5320	1
S6004647	21	Port Input	15	288854	5320	1
S6004647	21	Port Input	14	288854	5320	1
S6004647	21	Port Input	15	288854	5321	1
S6004647	21	Port Input	14	288854	5321	1
S6004647	21	Port Input	15	288854	5321	1
S6004647	21	Port Input	14	288854	5321	1
S6004647	21	Port Input	15	288855	5321	1
S6004647	21	Port Input	14	288855	5321	1
S6004647	21	Port Input	15	288855	5322	1
S6004647	21	Port Input	14	288855	5322	1
S6004647	21	Port Input	15	288856	5322	1
S6004647	21	Port Input	14	288856	5322	1
S6004647	21	Port Input	15	288856	5322	1
S6004647	21	Port Input	14	288856	5322	1
S6004647	21	Port Input	15	288856	5323	1
S6004647	21	Port Input	14	288856	5323	1
S6004647	21	Port Input	15	288856	5323	1
S6004647	21	Port Input	14	288856	5323	1
S6004647	21	Port Input	15	288856	5323	1
S6004647	21	Port Input	14	295444	11911	1
S6004647	21	Response	22	295444	11911	1
S6004647	22	Picture	20	295477	0	1	13055	1	0	next	hit	314
S6004647	22	Port Input	15	300908	5430	1
S6004647	22	Port Input	14	308478	13001	1
S6004647	22	Response	22	308478	13001	1
S6004647	22	Port Input	15	308478	13001	1
S6004647	22	Port Input	14	308479	13002	5
S6004647	23	Picture	20	308533	0	1	12986	1	0	next	hit	328
S6004647	23	Port Input	15	314329	5796	1
S6004647	23	Port Input	14	314329	5797	1
S6004647	23	Port Input	15	314329	5797	1
S6004647	23	Port Input	14	314330	5797	1
S6004647	23	Port Input	15	314330	5797	1
S6004647	23	Port Input	14	314330	5797	1
S6004647	23	Port Input	15	314332	5799	1
S6004647	23	Port Input	14	314332	5799	1
S6004647	23	Port Input	15	314332	5800	1
S6004647	23	Port Input	14	321449	12916	1
S6004647	23	Response	22	321449	12916	1
S6004647	23	Port Input	15	321449	12916	1
S6004647	23	Port Input	14	321449	12917	1
S6004647	24	Picture	20	321518	0	1	12847	1	0	next	hit	360
S6004647	24	Port Input	15	326937	5418	1
S6004647	24	Port Input	14	326937	5418	1
S6004647	24	Port Input	15	326937	5419	1
S6004647	24	Port Input	14	326937	5419	1
S6004647	24	Port Input	15	326937	5419	1
S6004647	24	Port Input	14	326937	5419	1
S6004647	24	Port Input	15	326940	5421	1
S6004647	24	Port Input	14	326940	5421	1
S6004647	24	Port Input	15	326940	5422	1
S6004647	24	Port Input	14	326941	5422	1
S6004647	24	Port Input	15	326941	5422	1
S6004647	24	Port Input	14	326941	5422	1
S6004647	24	Port Input	15	326941	5423	1
S6004647	24	Port Input	14	326941	5423	1
S6004647	24	Port Input	15	326941	5423	1
S6004647	24	Port Input	14	326941	5423	1
S6004647	24	Port Input	15	326941	5423	1
S6004647	24	Port Input	14	326941	5423	1
S6004647	24	Port Input	15	326941	5423	1
S6004647	24	Port Input	14	326941	5423	1
S6004647	24	Port Input	15	326942	5423	1
S6004647	24	Port Input	14	326942	5423	1
S6004647	24	Port Input	15	326942	5424	1
S6004647	24	Port Input	14	326942	5424	1
S6004647	24	Port Input	15	326943	5424	1
S6004647	24	Port Input	14	326943	5424	1
S6004647	24	Port Input	15	326943	5425	1
S6004647	24	Port Input	14	334349	12831	1
S6004647	24	Response	22	334349	12831	1
S6004647	25	Picture	20	334365	0	1	13194	1	0	next	hit	372
S6004647	25	Port Input	15	340185	5820	1
S6004647	25	Port Input	14	340185	5820	1
S6004647	25	Port Input	15	340186	5821	1
S6004647	25	Port Input	14	340186	5821	1
S6004647	25	Port Input	15	340186	5821	1
S6004647	25	Port Input	14	340186	5821	1
S6004647	25	Port Input	15	340186	5821	1
S6004647	25	Port Input	14	340186	5821	1
S6004647	25	Port Input	15	340186	5821	1
S6004647	25	Port Input	14	347547	13182	1
S6004647	25	Response	22	347547	13182	1
S6004647	25	Port Input	15	347548	13182	1
S6004647	25	Port Input	14	347548	13183	1
S6004647	26	Picture	20	347559	0	1	12847	1	0	next	hit	384
S6004647	26	Port Input	15	353730	6171	1
S6004647	26	Port Input	14	353730	6171	1
S6004647	26	Port Input	15	353731	6171	1
S6004647	26	Port Input	14	353731	6171	1
S6004647	26	Port Input	15	353731	6171	1
S6004647	26	Port Input	14	353731	6171	1
S6004647	26	Port Input	15	353731	6172	1
S6004647	26	Port Input	14	360394	12835	1
S6004647	26	Response	22	360394	12835	1
S6004647	27	Picture	20	360406	0	1	13472	1	0	next	hit	388
S6004647	27	Port Input	15	366904	6498	1
S6004647	27	Port Input	14	373829	13423	1
S6004647	27	Response	22	373829	13423	1
S6004647	27	Port Input	15	373830	13424	3
S6004647	27	Port Input	14	373833	13427	2
S6004647	27	Port Input	15	373835	13429	1
S6004647	27	Port Input	14	373835	13429	1
S6004647	28	Picture	20	373878	0	1	12708	1	0	next	hit	396
S6004647	28	Port Input	15	379934	6056	1
S6004647	28	Port Input	14	386536	12658	1
S6004647	28	Response	22	386536	12658	1
S6004647	28	Port Input	15	386536	12659	1
S6004647	28	Port Input	14	386537	12659	1
S6004647	29	Picture	20	386586	0	1	12777	1	0	next	hit	404
S6004647	29	Port Input	15	392698	6112	1
S6004647	29	Port Input	14	392698	6112	1
S6004647	29	Port Input	15	392698	6112	1
S6004647	29	Port Input	14	399341	12755	1
S6004647	29	Response	22	399341	12755	1
S6004647	30	Picture	20	399363	0	1	13402	1	0	next	hit	418
S6004647	30	Port Input	15	405601	6238	1
S6004647	30	Port Input	14	405601	6238	1
S6004647	30	Port Input	15	405602	6239	1
S6004647	30	Port Input	14	405602	6239	1
S6004647	30	Port Input	15	405602	6239	1
S6004647	30	Port Input	14	405602	6239	1
S6004647	30	Port Input	15	405602	6239	1
S6004647	30	Port Input	14	405602	6239	1
S6004647	30	Port Input	15	405603	6240	1
S6004647	30	Port Input	14	405603	6240	1
S6004647	30	Port Input	15	405603	6240	1
S6004647	30	Port Input	14	412702	13339	1
S6004647	30	Response	22	412702	13339	1
S6004647	31	Picture	20	412766	0	1	12639	1	0	next	hit	444
S6004647	31	Port Input	15	418380	5614	1
S6004647	31	Port Input	14	418380	5614	1
S6004647	31	Port Input	15	418380	5615	1
S6004647	31	Port Input	14	418380	5615	1
S6004647	31	Port Input	15	418380	5615	1
S6004647	31	Port Input	14	418381	5615	1
S6004647	31	Port Input	15	418381	5615	1
S6004647	31	Port Input	14	418381	5615	1
S6004647	31	Port Input	15	418382	5616	1
S6004647	31	Port Input	14	418382	5616	1
S6004647	31	Port Input	15	418382	5616	1
S6004647	31	Port Input	14	418382	5616	1
S6004647	31	Port Input	15	418386	5620	1
S6004647	31	Port Input	14	418386	5620	1
S6004647	31	Port Input	15	418386	5620	1
S6004647	31	Port Input	14	418386	5621	1
S6004647	31	Port Input	15	418386	5621	1
S6004647	31	Port Input	14	418387	5621	1
S6004647	31	Port Input	15	418387	5621	1
S6004647	31	Port Input	14	418387	5621	1
S6004647	31	Port Input	15	418387	5621	1
S6004647	31	Port Input	14	418387	5621	1
S6004647	31	Port Input	15	418387	5621	1
S6004647	31	Port Input	14	425364	12598	1
S6004647	31	Response	22	425364	12598	1
S6004647	31	Port Input	15	425364	12598	1
S6004647	31	Port Input	14	425364	12599	1
S6004647	32	Picture	20	425404	0	1	12361	1	0	next	hit	456
S6004647	32	Port Input	15	431515	6110	1
S6004647	32	Port Input	14	431515	6110	1
S6004647	32	Port Input	15	431515	6111	1
S6004647	32	Port Input	14	431515	6111	1
S6004647	32	Port Input	15	431515	6111	1
S6004647	32	Port Input	14	431515	6111	1
S6004647	32	Port Input	15	431516	6111	1
S6004647	32	Port Input	14	437726	12322	1
S6004647	32	Response	22	437726	12322	1
S6004647	32	Port Input	15	437726	12322	1
S6004647	32	Port Input	14	437726	12322	1
S6004647	33	Picture	20	437765	0	1	11736	1	0	next	hit	468
S6004647	33	Port Input	15	442872	5107	1
S6004647	33	Port Input	14	442872	5107	1
S6004647	33	Port Input	15	442875	5110	1
S6004647	33	Port Input	14	442875	5110	1
S6004647	33	Port Input	15	442875	5110	1
S6004647	33	Port Input	14	442875	5110	1
S6004647	33	Port Input	15	442875	5110	1
S6004647	33	Port Input	14	449455	11690	1
S6004647	33	Response	22	449455	11690	1
S6004647	33	Port Input	15	449455	11690	1
S6004647	33	Port Input	14	449455	11690	1
S6004647	34	Picture	20	449501	0	1	11666	1	0	next	hit	482
S6004647	34	Port Input	15	454863	5363	1
S6004647	34	Port Input	14	454863	5363	1
S6004647	34	Port Input	15	454864	5363	1
S6004647	34	Port Input	14	454867	5367	1
S6004647	34	Port Input	15	454868	5368	1
S6004647	34	Port Input	14	454869	5369	1
S6004647	34	Port Input	15	454870	5369	1
S6004647	34	Port Input	14	454870	5369	1
S6004647	34	Port Input	15	454870	5369	1
S6004647	34	Port Input	14	461120	11619	1
S6004647	34	Response	22	461120	11619	1
S6004647	34	Port Input	15	461120	11619	1
S6004647	34	Port Input	14	461122	11621	4
S6004647	34	Port Input	15	461129	11628	1
S6004647	34	Port Input	14	461129	11628	1
S6004647	34	Port Input	15	461129	11628	1
S6004647	34	Port Input	14	461129	11629	1
S6004647	35	Picture	20	461167	0	1	11805	1	0	next	hit	592
S6004647	35	Port Input	15	466381	5214	1
S6004647	35	Port Input	14	466381	5214	1
S6004647	35	Port Input	15	466381	5214	1
S6004647	35	Port Input	14	466381	5214	1
S6004647	35	Port Input	15	466381	5214	1
S6004647	35	Port Input	14	466382	5214	1
S6004647	35	Port Input	15	466382	5215	1
S6004647	35	Port Input	14	466382	5215	1
S6004647	35	Port Input	15	466382	5215	1
S6004647	35	Port Input	14	466382	5215	1
S6004647	35	Port Input	15	466383	5216	1
S6004647	35	Port Input	14	466383	5216	1
S6004647	35	Port Input	15	466383	5216	1
S6004647	35	Port Input	14	466383	5216	1
S6004647	35	Port Input	15	466388	5220	1
S6004647	35	Port Input	14	466388	5220	1
S6004647	35	Port Input	15	466388	5221	1
S6004647	35	Port Input	14	466388	5221	1
S6004647	35	Port Input	15	466388	5221	1
S6004647	35	Port Input	14	466388	5221	1
S6004647	35	Port Input	15	466388	5221	1
S6004647	35	Port Input	14	466388	5221	1
S6004647	35	Port Input	15	466388	5221	1
S6004647	35	Port Input	14	466388	5221	1
S6004647	35	Port Input	15	466388	5221	1
S6004647	35	Port Input	14	466388	5221	1
S6004647	35	Port Input	15	466390	5223	1
S6004647	35	Port Input	14	466390	5223	1
S6004647	35	Port Input	15	466390	5223	1
S6004647	35	Port Input	14	466390	5223	1
S6004647	35	Port Input	15	466390	5223	1
S6004647	35	Port Input	14	466390	5223	1
S6004647	35	Port Input	15	466391	5224	1
S6004647	35	Port Input	14	466391	5224	1
S6004647	35	Port Input	15	466391	5224	1
S6004647	35	Port Input	14	466392	5225	1
S6004647	35	Port Input	15	466393	5226	1
S6004647	35	Port Input	14	466393	5226	1
S6004647	35	Port Input	15	466393	5226	1
S6004647	35	Port Input	14	466393	5226	1
S6004647	35	Port Input	15	466393	5226	1
S6004647	35	Port Input	14	466394	5226	1
S6004647	35	Port Input	15	466394	5227	1
S6004647	35	Port Input	14	466394	5227	1
S6004647	35	Port Input	15	466395	5228	1
S6004647	35	Port Input	14	466395	5228	1
S6004647	35	Port Input	15	466395	5228	1
S6004647	35	Port Input	14	466395	5228	1
S6004647	35	Port Input	15	466395	5228	1
S6004647	35	Port Input	14	466395	5228	1
S6004647	35	Port Input	15	466395	5228	1
S6004647	35	Port Input	14	466396	5229	1
S6004647	35	Port Input	15	466396	5229	1
S6004647	35	Port Input	14	466396	5229	1
S6004647	35	Port Input	15	466396	5229	1
S6004647	35	Port Input	14	466396	5229	1
S6004647	35	Port Input	15	466397	5230	1
S6004647	35	Port Input	14	466397	5230	1
S6004647	35	Port Input	15	466397	5230	1
S6004647	35	Port Input	14	466397	5230	1
S6004647	35	Port Input	15	466397	5230	1
S6004647	35	Port Input	14	466397	5230	1
S6004647	35	Port Input	15	466397	5230	1
S6004647	35	Port Input	14	466397	5230	1
S6004647	35	Port Input	15	466398	5231	1
S6004647	35	Port Input	14	466398	5231	1
S6004647	35	Port Input	15	466398	5231	1
S6004647	35	Port Input	14	466398	5231	1
S6004647	35	Port Input	15	466398	5231	1
S6004647	35	Port Input	14	466398	5231	1
S6004647	35	Port Input	15	466398	5231	1
S6004647	35	Port Input	14	466398	5231	1
S6004647	35	Port Input	15	466398	5231	1
S6004647	35	Port Input	14	466398	5231	1
S6004647	35	Port Input	15	466399	5231	1
S6004647	35	Port Input	14	466399	5231	1
S6004647	35	Port Input	15	466399	5232	1
S6004647	35	Port Input	14	466399	5232	1
S6004647	35	Port Input	15	466400	5233	1
S6004647	35	Port Input	14	466400	5233	1
S6004647	35	Port Input	15	466400	5233	1
S6004647	35	Port Input	14	466400	5233	1
S6004647	35	Port Input	15	466401	5234	1
S6004647	35	Port Input	14	466401	5234	1
S6004647	35	Port Input	15	466402	5235	1
S6004647	35	Port Input	14	466402	5235	1
S6004647	35	Port Input	15	466402	5235	1
S6004647	35	Port Input	14	466402	5235	1
S6004647	35	Port Input	15	466402	5235	1
S6004647	35	Port Input	14	466403	5235	1
S6004647	35	Port Input	15	466403	5236	1
S6004647	35	Port Input	14	466403	5236	1
S6004647	35	Port Input	15	466403	5236	1
S6004647	35	Port Input	14	466403	5236	1
S6004647	35	Port Input	15	466406	5239	1
S6004647	35	Port Input	14	466406	5239	1
S6004647	35	Port Input	15	466407	5240	1
S6004647	35	Port Input	14	466407	5240	1
S6004647	35	Port Input	15	466407	5240	1
S6004647	35	Port Input	14	466407	5240	1
S6004647	35	Port Input	15	466407	5240	1
S6004647	35	Port Input	14	472951	11784	1
S6004647	35	Response	22	472951	11784	1
S6004647	35	Port Input	15	472951	11784	1
S6004647	35	Port Input	14	472951	11784	1
S6004647	36	Picture	20	472972	0	1	11805	1	0	next	hit	622
S6004647	36	Port Input	15	478125	5153	1
S6004647	36	Port Input	14	478126	5153	1
S6004647	36	Port Input	15	478126	5154	1
S6004647	36	Port Input	14	478126	5154	1
S6004647	36	Port Input	15	478126	5154	1
S6004647	36	Port Input	14	478126	5154	1
S6004647	36	Port Input	15	478127	5154	1
S6004647	36	Port Input	14	478127	5154	1
S6004647	36	Port Input	15	478127	5155	1
S6004647	36	Port Input	14	478127	5155	1
S6004647	36	Port Input	15	478133	5161	1
S6004647	36	Port Input	14	478134	5162	1
S6004647	36	Port Input	15	478135	5162	1
S6004647	36	Port Input	14	478135	5162	1
S6004647	36	Port Input	15	478135	5163	1
S6004647	36	Port Input	14	478135	5163	1
S6004647	36	Port Input	15	478135	5163	1
S6004647	36	Port Input	14	478135	5163	1
S6004647	36	Port Input	15	478135	5163	1
S6004647	36	Port Input	14	478135	5163	1
S6004647	36	Port Input	15	478135	5163	1
S6004647	36	Port Input	14	478135	5163	1
S6004647	36	Port Input	15	478135	5163	1
S6004647	36	Port Input	14	478136	5163	1
S6004647	36	Port Input	15	478136	5163	1
S6004647	36	Port Input	14	484737	11765	1
S6004647	36	Response	22	484737	11765	1
S6004647	36	Port Input	15	484737	11765	1
S6004647	36	Port Input	14	484737	11765	1
S6004647	36	Port Input	15	484737	11765	1
S6004647	36	Port Input	14	484738	11766	6
S6004647	36	Port Input	15	484744	11771	1
S6004647	36	Port Input	14	484744	11771	1
S6004647	36	Port Input	15	484745	11772	1
S6004647	36	Port Input	14	484745	11772	1
S6004647	36	Port Input	15	484748	11776	1
S6004647	36	Port Input	14	484748	11776	1
S6004647	36	Port Input	15	484749	11777	1
S6004647	36	Port Input	14	484750	11777	1
S6004647	37	Picture	20	484778	0	1	12361	1	0	next	hit	726
S6004647	37	Port Input	15	489027	4249	1
S6004647	37	Port Input	14	489027	4249	1
S6004647	37	Port Input	15	489028	4250	1
S6004647	37	Port Input	14	489028	4250	1
S6004647	37	Port Input	15	489028	4250	1
S6004647	37	Port Input	14	489028	4250	1
S6004647	37	Port Input	15	489028	4251	1
S6004647	37	Port Input	14	489028	4251	1
S6004647	37	Port Input	15	489028	4251	1
S6004647	37	Port Input	14	489029	4251	1
S6004647	37	Port Input	15	489029	4252	1
S6004647	37	Port Input	14	489029	4252	1
S6004647	37	Port Input	15	489029	4252	1
S6004647	37	Port Input	14	489029	4252	1
S6004647	37	Port Input	15	489030	4252	1
S6004647	37	Port Input	14	489030	4253	1
S6004647	37	Port Input	15	489031	4253	1
S6004647	37	Port Input	14	489031	4253	1
S6004647	37	Port Input	15	489031	4254	1
S6004647	37	Port Input	14	489031	4254	1
S6004647	37	Port Input	15	489031	4254	1
S6004647	37	Port Input	14	489031	4254	1
S6004647	37	Port Input	15	489032	4254	1
S6004647	37	Port Input	14	489032	4254	1
S6004647	37	Port Input	15	489032	4254	1
S6004647	37	Port Input	14	489032	4254	1
S6004647	37	Port Input	15	489032	4254	1
S6004647	37	Port Input	14	489032	4254	1
S6004647	37	Port Input	15	489032	4254	1
S6004647	37	Port Input	14	489032	4254	1
S6004647	37	Port Input	15	489032	4254	1
S6004647	37	Port Input	14	489032	4255	1
S6004647	37	Port Input	15	489032	4255	1
S6004647	37	Port Input	14	489032	4255	1
S6004647	37	Port Input	15	489033	4255	1
S6004647	37	Port Input	14	489033	4255	1
S6004647	37	Port Input	15	489033	4255	1
S6004647	37	Port Input	14	489033	4255	1
S6004647	37	Port Input	15	489033	4256	1
S6004647	37	Port Input	14	489033	4256	1
S6004647	37	Port Input	15	489033	4256	1
S6004647	37	Port Input	14	489033	4256	1
S6004647	37	Port Input	15	489033	4256	1
S6004647	37	Port Input	14	489034	4256	1
S6004647	37	Port Input	15	489034	4256	1
S6004647	37	Port Input	14	489034	4256	1
S6004647	37	Port Input	15	489034	4256	1
S6004647	37	Port Input	14	489034	4256	1
S6004647	37	Port Input	15	489034	4256	1
S6004647	37	Port Input	14	489034	4256	1
S6004647	37	Port Input	15	489034	4257	1
S6004647	37	Port Input	14	489034	4257	1
S6004647	37	Port Input	15	489034	4257	1
S6004647	37	Port Input	14	489034	4257	1
S6004647	37	Port Input	15	489034	4257	1
S6004647	37	Port Input	14	489034	4257	1
S6004647	37	Port Input	15	489034	4257	1
S6004647	37	Port Input	14	489034	4257	1
S6004647	37	Port Input	15	489035	4257	1
S6004647	37	Port Input	14	489035	4257	1
S6004647	37	Port Input	15	489035	4258	1
S6004647	37	Port Input	14	489035	4258	1
S6004647	37	Port Input	15	489035	4258	1
S6004647	37	Port Input	14	489035	4258	1
S6004647	37	Port Input	15	489036	4258	1
S6004647	37	Port Input	14	489036	4258	1
S6004647	37	Port Input	15	489036	4258	1
S6004647	37	Port Input	14	489036	4258	1
S6004647	37	Port Input	15	489036	4258	1
S6004647	37	Port Input	14	489036	4259	1
S6004647	37	Port Input	15	489036	4259	1
S6004647	37	Port Input	14	489036	4259	1
S6004647	37	Port Input	15	489036	4259	1
S6004647	37	Port Input	14	489036	4259	1
S6004647	37	Port Input	15	489037	4259	1
S6004647	37	Port Input	14	489037	4259	1
S6004647	37	Port Input	15	489037	4260	1
S6004647	37	Port Input	14	489037	4260	1
S6004647	37	Port Input	15	489038	4260	1
S6004647	37	Port Input	14	489038	4260	1
S6004647	37	Port Input	15	489038	4260	1
S6004647	37	Port Input	14	489038	4260	1
S6004647	37	Port Input	15	489038	4260	1
S6004647	37	Port Input	14	489038	4260	1
S6004647	37	Port Input	15	489038	4261	1
S6004647	37	Port Input	14	489038	4261	1
S6004647	37	Port Input	15	489038	4261	1
S6004647	37	Port Input	14	489038	4261	1
S6004647	37	Port Input	15	489038	4261	1
S6004647	37	Port Input	14	497112	12335	1
S6004647	37	Response	22	497112	12335	1
S6004647	37	Port Input	15	497113	12335	1
S6004647	37	Port Input	14	497113	12335	1
S6004647	38	Picture	20	497138	0	1	13333	1	0	next	hit	734
S6004647	38	Port Input	15	502539	5401	1
S6004647	38	Port Input	14	502539	5401	1
S6004647	38	Port Input	15	502540	5402	1
S6004647	38	Port Input	14	510457	13319	1
S6004647	38	Response	22	510457	13319	1
S6004647	38	Port Input	15	510457	13319	1
S6004647	38	Port Input	14	510458	13319	1
S6004647	38	Port Input	15	510458	13320	1
S6004647	38	Port Input	14	510458	13320	3
S6004647	39	Picture	20	510471	0	1	12986	1	0	next	hit	746
S6004647	39	Port Input	15	515772	5301	1
S6004647	39	Port Input	14	515772	5301	1
S6004647	39	Port Input	15	515788	5317	1
S6004647	39	Port Input	14	515788	5317	1
S6004647	39	Port Input	15	515789	5318	1
S6004647	39	Port Input	14	523382	12911	1
S6004647	39	Response	22	523382	12911	1
S6004647	39	Port Input	15	523382	12911	1
S6004647	39	Port Input	14	523383	12912	1
S6004647	39	Port Input	15	523383	12912	1
S6004647	39	Port Input	14	523383	12912	7
S6004647	40	Picture	20	523457	0	1	12569	1	0	next	hit	756
S6004647	40	Port Input	15	528635	5178	1
S6004647	40	Port Input	14	528635	5178	1
S6004647	40	Port Input	15	528636	5179	1
S6004647	40	Port Input	14	535985	12528	1
S6004647	40	Response	22	535985	12528	1
S6004647	40	Port Input	15	535985	12528	1
S6004647	40	Port Input	14	535987	12530	6
S6004647	40	Port Input	15	535993	12536	1
S6004647	40	Port Input	14	535993	12536	1
S6004647	41	Picture	20	536026	0	1	12430	1	0	next	hit	764
S6004647	41	Port Input	15	541741	5715	1
S6004647	41	Port Input	14	548436	12410	1
S6004647	41	Response	22	548436	12410	1
S6004647	42	Picture	20	548456	0	1	12638	1	0	next	hit	790
S6004647	42	Port Input	15	554597	6141	1
S6004647	42	Port Input	14	554598	6141	1
S6004647	42	Port Input	15	554598	6141	1
S6004647	42	Port Input	14	554598	6141	1
S6004647	42	Port Input	15	554599	6142	1
S6004647	42	Port Input	14	554599	6142	1
S6004647	42	Port Input	15	554599	6142	1
S6004647	42	Port Input	14	554599	6143	1
S6004647	42	Port Input	15	554599	6143	1
S6004647	42	Port Input	14	554599	6143	1
S6004647	42	Port Input	15	554600	6144	1
S6004647	42	Port Input	14	554600	6144	1
S6004647	42	Port Input	15	554601	6145	1
S6004647	42	Port Input	14	554601	6145	1
S6004647	42	Port Input	15	554602	6146	1
S6004647	42	Port Input	14	554602	6146	1
S6004647	42	Port Input	15	554603	6146	1
S6004647	42	Port Input	14	554603	6147	1
S6004647	42	Port Input	15	554603	6147	1
S6004647	42	Port Input	14	554603	6147	1
S6004647	42	Port Input	15	554603	6147	1
S6004647	42	Port Input	14	554603	6147	1
S6004647	42	Port Input	15	554604	6147	1
S6004647	42	Port Input	14	561086	12630	1
S6004647	42	Response	22	561086	12630	1
S6004647	43	Picture	20	561095	0	1	12500	1	0	next	hit	812
S6004647	43	Port Input	15	567307	6213	1
S6004647	43	Port Input	14	567307	6213	1
S6004647	43	Port Input	15	567307	6213	1
S6004647	43	Port Input	14	567307	6213	1
S6004647	43	Port Input	15	567308	6213	1
S6004647	43	Port Input	14	567308	6213	1
S6004647	43	Port Input	15	567308	6213	1
S6004647	43	Port Input	14	567308	6213	1
S6004647	43	Port Input	15	567309	6214	1
S6004647	43	Port Input	14	567309	6214	1
S6004647	43	Port Input	15	567309	6214	1
S6004647	43	Port Input	14	567309	6214	1
S6004647	43	Port Input	15	567310	6216	1
S6004647	43	Port Input	14	567310	6216	1
S6004647	43	Port Input	15	567311	6216	1
S6004647	43	Port Input	14	567311	6216	1
S6004647	43	Port Input	15	567311	6216	1
S6004647	43	Port Input	14	567311	6216	1
S6004647	43	Port Input	15	567311	6216	1
S6004647	43	Port Input	14	573585	12490	1
S6004647	43	Response	22	573585	12490	1
S6004647	44	Picture	20	573594	0	1	13055	1	0	next	hit	818
S6004647	44	Port Input	15	579809	6214	1
S6004647	44	Port Input	14	579809	6214	1
S6004647	44	Port Input	15	579809	6215	1
S6004647	44	Port Input	14	586641	13046	1
S6004647	44	Response	22	586641	13046	1
S6004647	44	Port Input	15	586641	13047	1
S6004647	44	Port Input	14	586641	13047	1
S6004647	45	Picture	20	586650	0	1	12014	1	0	next	hit	874
S6004647	45	Port Input	15	592004	5354	1
S6004647	45	Port Input	14	592004	5354	1
S6004647	45	Port Input	15	592004	5354	1
S6004647	45	Port Input	14	592004	5354	1
S6004647	45	Port Input	15	592004	5355	1
S6004647	45	Port Input	14	592004	5355	1
S6004647	45	Port Input	15	592005	5355	1
S6004647	45	Port Input	14	592005	5355	1
S6004647	45	Port Input	15	592005	5355	1
S6004647	45	Port Input	14	592005	5355	1
S6004647	45	Port Input	15	592005	5355	1
S6004647	45	Port Input	14	592005	5355	1
S6004647	45	Port Input	15	592006	5356	1
S6004647	45	Port Input	14	592006	5356	1
S6004647	45	Port Input	15	592006	5357	1
S6004647	45	Port Input	14	592006	5357	1
S6004647	45	Port Input	15	592007	5357	1
S6004647	45	Port Input	14	592007	5357	1
S6004647	45	Port Input	15	592008	5358	1
S6004647	45	Port Input	14	592008	5358	1
S6004647	45	Port Input	15	592008	5358	1
S6004647	45	Port Input	14	592008	5358	1
S6004647	45	Port Input	15	592008	5359	1
S6004647	45	Port Input	14	592008	5359	1
S6004647	45	Port Input	15	592008	5359	1
S6004647	45	Port Input	14	592008	5359	1
S6004647	45	Port Input	15	592009	5359	1
S6004647	45	Port Input	14	592009	5359	1
S6004647	45	Port Input	15	592009	5359	1
S6004647	45	Port Input	14	592009	5359	1
S6004647	45	Port Input	15	592009	5360	1
S6004647	45	Port Input	14	592009	5360	1
S6004647	45	Port Input	15	592009	5360	1
S6004647	45	Port Input	14	592009	5360	1
S6004647	45	Port Input	15	592009	5360	1
S6004647	45	Port Input	14	592009	5360	1
S6004647	45	Port Input	15	592010	5360	1
S6004647	45	Port Input	14	592010	5360	1
S6004647	45	Port Input	15	592010	5360	1
S6004647	45	Port Input	14	592010	5360	1
S6004647	45	Port Input	15	592010	5360	1
S6004647	45	Port Input	14	592010	5361	1
S6004647	45	Port Input	15	592010	5361	1
S6004647	45	Port Input	14	592010	5361	1
S6004647	45	Port Input	15	592011	5361	1
S6004647	45	Port Input	14	592011	5361	1
S6004647	45	Port Input	15	592011	5361	1
S6004647	45	Port Input	14	592011	5361	1
S6004647	45	Port Input	15	592011	5361	1
S6004647	45	Port Input	14	592011	5361	1
S6004647	45	Port Input	15	592011	5361	1
S6004647	45	Port Input	14	598611	11962	1
S6004647	45	Response	22	598611	11962	1
S6004647	46	Picture	20	598663	0	1	11736	1	0	next	hit	878
S6004647	46	Port Input	15	603902	5238	1
S6004647	46	Port Input	14	610383	11720	1
S6004647	46	Response	22	610383	11720	1
S6004647	46	Port Input	15	610383	11720	1
S6004647	46	Port Input	14	610389	11726	1
S6004647	46	Port Input	15	610389	11726	1
S6004647	46	Port Input	14	610390	11727	1
S6004647	46	Port Input	15	610390	11727	1
S6004647	46	Port Input	14	610390	11727	1
S6004647	46	Port Input	15	610391	11728	1
S6004647	46	Port Input	14	610391	11728	1
S6004647	47	Picture	20	610399	0	1	12569	1	0	next	hit	898
S6004647	47	Port Input	15	616563	6164	1
S6004647	47	Port Input	14	616563	6164	1
S6004647	47	Port Input	15	616565	6166	1
S6004647	47	Port Input	14	616565	6166	1
S6004647	47	Port Input	15	616572	6173	1
S6004647	47	Port Input	14	616572	6173	1
S6004647	47	Port Input	15	616573	6174	1
S6004647	47	Port Input	14	616573	6174	1
S6004647	47	Port Input	15	616573	6174	1
S6004647	47	Port Input	14	622892	12493	1
S6004647	47	Response	22	622892	12493	1
S6004647	48	Picture	20	622968	0	1	12361	1	0	next	hit	944
S6004647	48	Port Input	15	628556	5588	1
S6004647	48	Port Input	14	628556	5588	1
S6004647	48	Port Input	15	628556	5588	1
S6004647	48	Port Input	14	628556	5588	1
S6004647	48	Port Input	15	628583	5615	1
S6004647	48	Port Input	14	628583	5615	1
S6004647	48	Port Input	15	628595	5628	1
S6004647	48	Port Input	14	628596	5628	1
S6004647	48	Port Input	15	629156	6188	1
S6004647	48	Port Input	14	629156	6188	1
S6004647	48	Port Input	15	629157	6189	1
S6004647	48	Port Input	14	629158	6190	1
S6004647	48	Port Input	15	629158	6190	1
S6004647	48	Port Input	14	629158	6190	1
S6004647	48	Port Input	15	629158	6190	1
S6004647	48	Port Input	14	629158	6190	1
S6004647	48	Port Input	15	629158	6190	1
S6004647	48	Port Input	14	629158	6190	1
S6004647	48	Port Input	15	629159	6191	1
S6004647	48	Port Input	14	629159	6191	1
S6004647	48	Port Input	15	629159	6191	1
S6004647	48	Port Input	14	629159	6191	1
S6004647	48	Port Input	15	629159	6191	1
S6004647	48	Port Input	14	629159	6191	1
S6004647	48	Port Input	15	629159	6191	1
S6004647	48	Port Input	14	629159	6191	1
S6004647	48	Port Input	15	629159	6191	1
S6004647	48	Port Input	14	629159	6191	1
S6004647	48	Port Input	15	629159	6191	1
S6004647	48	Port Input	14	629159	6191	1
S6004647	48	Port Input	15	629160	6192	1
S6004647	48	Port Input	14	629160	6192	1
S6004647	48	Port Input	15	629160	6192	1
S6004647	48	Port Input	14	629160	6192	1
S6004647	48	Port Input	15	629160	6192	1
S6004647	48	Port Input	14	629160	6192	1
S6004647	48	Port Input	15	629161	6193	1
S6004647	48	Port Input	14	629161	6193	1
S6004647	48	Port Input	15	629161	6193	1
S6004647	48	Port Input	14	629161	6193	1
S6004647	48	Port Input	15	629161	6193	1
S6004647	48	Port Input	14	629161	6193	1
S6004647	48	Port Input	15	629161	6193	1
S6004647	48	Port Input	14	635317	12349	1
S6004647	48	Response	22	635317	12349	1
S6004647	48	Port Input	15	635318	12350	1
S6004647	48	Port Input	14	635318	12350	1
S6004647	49	Picture	20	635329	0	1	11805	1	0	next	hit	962
S6004647	49	Port Input	15	641181	5853	1
S6004647	49	Port Input	14	641181	5853	1
S6004647	49	Port Input	15	641182	5853	1
S6004647	49	Port Input	14	641182	5853	1
S6004647	49	Port Input	15	641182	5853	1
S6004647	49	Port Input	14	641182	5853	1
S6004647	49	Port Input	15	641182	5853	1
S6004647	49	Port Input	14	641182	5853	1
S6004647	49	Port Input	15	641183	5854	1
S6004647	49	Port Input	14	641183	5854	1
S6004647	49	Port Input	15	641184	5856	1
S6004647	49	Port Input	14	641184	5856	1
S6004647	49	Port Input	15	641188	5860	1
S6004647	49	Port Input	14	647068	11739	1
S6004647	49	Response	22	647068	11739	1
S6004647	49	Port Input	15	647068	11740	1
S6004647	49	Port Input	14	647068	11740	1
S6004647	49	Port Input	15	647069	11740	1
S6004647	49	Port Input	14	647069	11740	1
S6004647	50	Picture	20	647134	0	1	11458	1	0	next	hit	974
S6004647	50	Port Input	15	652543	5409	1
S6004647	50	Port Input	14	652543	5409	1
S6004647	50	Port Input	15	652544	5410	1
S6004647	50	Port Input	14	652544	5410	1
S6004647	50	Port Input	15	652544	5410	1
S6004647	50	Port Input	14	658521	11387	1
S6004647	50	Response	22	658521	11387	1
S6004647	51	Picture	20	658592	0	1	11527	1	0	next	hit	1000
S6004647	51	Port Input	15	663607	5015	1
S6004647	51	Port Input	14	663607	5015	1
S6004647	51	Port Input	15	663607	5015	1
S6004647	51	Port Input	14	663607	5015	1
S6004647	51	Port Input	15	663608	5016	1
S6004647	51	Port Input	14	663608	5016	1
S6004647	51	Port Input	15	663608	5016	1
S6004647	51	Port Input	14	663608	5016	1
S6004647	51	Port Input	15	663612	5020	1
S6004647	51	Port Input	14	663612	5020	1
S6004647	51	Port Input	15	663613	5021	1
S6004647	51	Port Input	14	663613	5021	1
S6004647	51	Port Input	15	663614	5022	1
S6004647	51	Port Input	14	663614	5022	1
S6004647	51	Port Input	15	663614	5022	1
S6004647	51	Port Input	14	663614	5022	1
S6004647	51	Port Input	15	663614	5022	1
S6004647	51	Port Input	14	663614	5022	1
S6004647	51	Port Input	15	663614	5022	1
S6004647	51	Port Input	14	663614	5022	1
S6004647	51	Port Input	15	663614	5023	1
S6004647	51	Port Input	14	663615	5023	1
S6004647	51	Port Input	15	663615	5023	1
S6004647	51	Port Input	14	670053	11461	1
S6004647	51	Response	22	670053	11461	1
S6004647	52	Picture	20	670119	0	1	11944	1	0	next	hit	1004
S6004647	52	Port Input	15	675460	5341	1
S6004647	52	Port Input	14	682003	11884	1
S6004647	52	Response	22	682003	11884	1
S6004647	52	Port Input	15	682004	11884	1
S6004647	52	Port Input	14	682004	11884	1
S6004647	53	Picture	20	682063	0	1	11666	1	0	next	hit	1012
S6004647	53	Port Input	15	687099	5035	1
S6004647	53	Port Input	14	687099	5035	1
S6004647	53	Port Input	15	687099	5035	1
S6004647	53	Port Input	14	693667	11604	1
S6004647	53	Response	22	693667	11604	1
S6004647	54	Picture	20	693730	0	1	12083	1	0	next	hit	1024
S6004647	54	Port Input	15	698731	5001	1
S6004647	54	Port Input	14	698731	5001	1
S6004647	54	Port Input	15	698731	5001	1
S6004647	54	Port Input	14	698731	5001	1
S6004647	54	Port Input	15	698731	5002	1
S6004647	54	Port Input	14	698731	5002	1
S6004647	54	Port Input	15	698732	5002	1
S6004647	54	Port Input	14	698732	5002	1
S6004647	54	Port Input	15	698732	5002	1
S6004647	54	Port Input	14	705738	12009	1
S6004647	54	Response	22	705738	12009	1
S6004647	54	Port Input	15	705738	12009	1
S6004647	54	Port Input	14	705739	12009	1
S6004647	55	Picture	20	705813	0	1	11736	1	0	next	hit	1032
S6004647	55	Port Input	15	711044	5231	1
S6004647	55	Port Input	14	711044	5231	1
S6004647	55	Port Input	15	711044	5232	1
S6004647	55	Port Input	14	717500	11688	1
S6004647	55	Response	22	717500	11688	1
S6004647	55	Port Input	15	717501	11688	1
S6004647	55	Port Input	14	717501	11688	1
S6004647	56	Picture	20	717549	0	1	11597	1	0	next	hit	1040
S6004647	56	Port Input	15	722739	5190	1
S6004647	56	Port Input	14	722739	5190	1
S6004647	56	Port Input	15	722739	5191	1
S6004647	56	Port Input	14	729078	11529	1
S6004647	56	Response	22	729078	11529	1
S6004647	57	Picture	20	729145	0	1	11666	1	0	next	hit	1068
S6004647	57	Port Input	15	734586	5441	1
S6004647	57	Port Input	14	734587	5442	1
S6004647	57	Port Input	15	734587	5442	1
S6004647	57	Port Input	14	734587	5442	1
S6004647	57	Port Input	15	734588	5442	1
S6004647	57	Port Input	14	734588	5442	1
S6004647	57	Port Input	15	734588	5442	1
S6004647	57	Port Input	14	734588	5442	1
S6004647	57	Port Input	15	734589	5443	1
S6004647	57	Port Input	14	734589	5443	1
S6004647	57	Port Input	15	734589	5444	1
S6004647	57	Port Input	14	734589	5444	1
S6004647	57	Port Input	15	734589	5444	1
S6004647	57	Port Input	14	734589	5444	1
S6004647	57	Port Input	15	734590	5444	1
S6004647	57	Port Input	14	734590	5444	1
S6004647	57	Port Input	15	734590	5445	1
S6004647	57	Port Input	14	734590	5445	1
S6004647	57	Port Input	15	734590	5445	1
S6004647	57	Port Input	14	734590	5445	1
S6004647	57	Port Input	15	734591	5445	1
S6004647	57	Port Input	14	734591	5445	1
S6004647	57	Port Input	15	734591	5445	1
S6004647	57	Port Input	14	734591	5445	1
S6004647	57	Port Input	15	734591	5445	1
S6004647	57	Port Input	14	740792	11646	1
S6004647	57	Response	22	740792	11646	1
S6004647	57	Port Input	15	740799	11654	1
S6004647	57	Port Input	14	740799	11654	1
S6004647	57	Port Input	15	740807	11662	1
S6004647	57	Port Input	14	740808	11662	1
S6004647	57	Port Input	15	740809	11664	1
S6004647	57	Port Input	14	740809	11664	1
S6004647	57	Port Input	15	740811	11665	1
S6004647	57	Port Input	14	740811	11666	1
S6004647	58	Picture	20	740812	0	1	12014	1	0	next	hit	1118
S6004647	58	Port Input	15	746808	5997	1
S6004647	58	Port Input	14	746808	5997	1
S6004647	58	Port Input	15	746809	5997	1
S6004647	58	Port Input	14	746809	5997	1
S6004647	58	Port Input	15	746809	5997	1
S6004647	58	Port Input	14	746809	5998	1
S6004647	58	Port Input	15	746810	5998	1
S6004647	58	Port Input	14	746810	5998	1
S6004647	58	Port Input	15	746810	5998	1
S6004647	58	Port Input	14	746810	5998	1
S6004647	58	Port Input	15	746810	5999	1
S6004647	58	Port Input	14	746810	5999	1
S6004647	58	Port Input	15	746810	5999	1
S6004647	58	Port Input	14	746810	5999	1
S6004647	58	Port Input	15	746810	5999	1
S6004647	58	Port Input	14	746810	5999	1
S6004647	58	Port Input	15	746811	5999	1
S6004647	58	Port Input	14	746811	5999	1
S6004647	58	Port Input	15	746811	5999	1
S6004647	58	Port Input	14	746811	5999	1
S6004647	58	Port Input	15	746811	5999	1
S6004647	58	Port Input	14	746811	5999	1
S6004647	58	Port Input	15	746811	5999	1
S6004647	58	Port Input	14	746811	5999	1
S6004647	58	Port Input	15	746811	6000	1
S6004647	58	Port Input	14	746811	6000	1
S6004647	58	Port Input	15	746811	6000	1
S6004647	58	Port Input	14	746811	6000	1
S6004647	58	Port Input	15	746812	6001	1
S6004647	58	Port Input	14	746813	6001	1
S6004647	58	Port Input	15	746813	6001	1
S6004647	58	Port Input	14	746813	6001	1
S6004647	58	Port Input	15	746813	6001	1
S6004647	58	Port Input	14	746813	6001	1
S6004647	58	Port Input	15	746813	6001	1
S6004647	58	Port Input	14	746813	6001	1
S6004647	58	Port Input	15	746814	6002	1
S6004647	58	Port Input	14	746814	6002	1
S6004647	58	Port Input	15	746814	6002	1
S6004647	58	Port Input	14	752792	11980	1
S6004647	58	Response	22	752792	11980	1
S6004647	58	Port Input	15	752792	11981	1
S6004647	58	Port Input	14	752792	11981	1
S6004647	59	Picture	20	752825	0	1	11805	1	0	next	hit	1138
S6004647	59	Port Input	15	758454	5629	1
S6004647	59	Port Input	14	758454	5629	1
S6004647	59	Port Input	15	758455	5630	1
S6004647	59	Port Input	14	758455	5630	1
S6004647	59	Port Input	15	758455	5630	1
S6004647	59	Port Input	14	758455	5630	1
S6004647	59	Port Input	15	758455	5630	1
S6004647	59	Port Input	14	758455	5630	1
S6004647	59	Port Input	15	758456	5631	1
S6004647	59	Port Input	14	758456	5631	1
S6004647	59	Port Input	15	758456	5631	1
S6004647	59	Port Input	14	758456	5631	1
S6004647	59	Port Input	15	758457	5631	1
S6004647	59	Port Input	14	758457	5631	1
S6004647	59	Port Input	15	758457	5631	1
S6004647	59	Port Input	14	764558	11732	1
S6004647	59	Response	22	764558	11732	1
S6004647	60	Picture	20	764631	0	1	11597	1	0	next	hit	1144
S6004647	60	Port Input	15	770350	5720	1
S6004647	60	Port Input	14	770350	5720	1
S6004647	60	Port Input	15	770351	5720	1
S6004647	60	Port Input	14	776181	11551	1
S6004647	60	Response	22	776181	11551	1
S6004647	60	Port Input	15	776182	11551	1
S6004647	60	Port Input	14	776182	11552	6
S6004647	61	Picture	20	776227	0	1	11736	1	0	next	hit	1188
S6004647	61	Port Input	15	781570	5343	1
S6004647	61	Port Input	14	781570	5343	1
S6004647	61	Port Input	15	781574	5347	1
S6004647	61	Port Input	14	781574	5347	1
S6004647	61	Port Input	15	781575	5347	1
S6004647	61	Port Input	14	781575	5348	1
S6004647	61	Port Input	15	781576	5348	1
S6004647	61	Port Input	14	781576	5348	1
S6004647	61	Port Input	15	781578	5350	1
S6004647	61	Port Input	14	781578	5350	1
S6004647	61	Port Input	15	781580	5353	1
S6004647	61	Port Input	14	781581	5353	1
S6004647	61	Port Input	15	781581	5354	1
S6004647	61	Port Input	14	781581	5354	1
S6004647	61	Port Input	15	781581	5354	1
S6004647	61	Port Input	14	781581	5354	1
S6004647	61	Port Input	15	781582	5355	1
S6004647	61	Port Input	14	781582	5355	1
S6004647	61	Port Input	15	781583	5356	1
S6004647	61	Port Input	14	781583	5356	1
S6004647	61	Port Input	15	781585	5358	1
S6004647	61	Port Input	14	781585	5358	1
S6004647	61	Port Input	15	781591	5364	1
S6004647	61	Port Input	14	781591	5364	1
S6004647	61	Port Input	15	781591	5364	1
S6004647	61	Port Input	14	781591	5364	1
S6004647	61	Port Input	15	781594	5366	1
S6004647	61	Port Input	14	781594	5366	1
S6004647	61	Port Input	15	781843	5616	1
S6004647	61	Port Input	14	781843	5616	1
S6004647	61	Port Input	15	781844	5616	1
S6004647	61	Port Input	14	781844	5616	1
S6004647	61	Port Input	15	781844	5617	1
S6004647	61	Port Input	14	781844	5617	1
S6004647	61	Port Input	15	781845	5617	1
S6004647	61	Port Input	14	781845	5617	1
S6004647	61	Port Input	15	781845	5618	1
S6004647	61	Port Input	14	781845	5618	1
S6004647	61	Port Input	15	781845	5618	1
S6004647	61	Port Input	14	787926	11698	1
S6004647	61	Response	22	787926	11698	1
S6004647	61	Port Input	15	787926	11699	1
S6004647	61	Port Input	14	787926	11699	1
S6004647	62	Picture	20	787963	0	1	10902	1	0	next	hit	1196
S6004647	62	Port Input	15	792792	4828	1
S6004647	62	Port Input	14	792792	4829	1
S6004647	62	Port Input	15	792792	4829	1
S6004647	62	Port Input	14	798849	10886	1
S6004647	62	Response	22	798849	10886	1
S6004647	63	Picture	20	798866	0	1	12291	1	0	next	hit	1244
S6004647	63	Port Input	15	803644	4778	1
S6004647	63	Port Input	14	803644	4778	1
S6004647	63	Port Input	15	803644	4778	1
S6004647	63	Port Input	14	803644	4778	1
S6004647	63	Port Input	15	803645	4779	1
S6004647	63	Port Input	14	803645	4779	1
S6004647	63	Port Input	15	803645	4779	1
S6004647	63	Port Input	14	803645	4779	1
S6004647	63	Port Input	15	803646	4780	1
S6004647	63	Port Input	14	803646	4780	1
S6004647	63	Port Input	15	803646	4780	1
S6004647	63	Port Input	14	803646	4780	1
S6004647	63	Port Input	15	803646	4780	1
S6004647	63	Port Input	14	803646	4780	1
S6004647	63	Port Input	15	803646	4780	1
S6004647	63	Port Input	14	803646	4781	1
S6004647	63	Port Input	15	803648	4782	1
S6004647	63	Port Input	14	803648	4782	1
S6004647	63	Port Input	15	803648	4783	1
S6004647	63	Port Input	14	803648	4783	1
S6004647	63	Port Input	15	803649	4783	1
S6004647	63	Port Input	14	803649	4783	1
S6004647	63	Port Input	15	803649	4784	1
S6004647	63	Port Input	14	803649	4784	1
S6004647	63	Port Input	15	803650	4785	1
S6004647	63	Port Input	14	803650	4785	1
S6004647	63	Port Input	15	803653	4787	1
S6004647	63	Port Input	14	803653	4787	1
S6004647	63	Port Input	15	803653	4787	1
S6004647	63	Port Input	14	803653	4787	1
S6004647	63	Port Input	15	803656	4790	1
S6004647	63	Port Input	14	803656	4790	1
S6004647	63	Port Input	15	803683	4818	1
S6004647	63	Port Input	14	803683	4818	1
S6004647	63	Port Input	15	803684	4818	1
S6004647	63	Port Input	14	803684	4818	1
S6004647	63	Port Input	15	803684	4818	1
S6004647	63	Port Input	14	803684	4818	1
S6004647	63	Port Input	15	803684	4818	1
S6004647	63	Port Input	14	803684	4818	1
S6004647	63	Port Input	15	803684	4818	1
S6004647	63	Port Input	14	803684	4819	1
S6004647	63	Port Input	15	803684	4819	1
S6004647	63	Port Input	14	803685	4819	1
S6004647	63	Port Input	15	803685	4819	1
S6004647	63	Port Input	14	811113	12247	1
S6004647	63	Response	22	811113	12247	1
S6004647	64	Picture	20	811157	0	1	11041	1	0	next	hit	1252
S6004647	64	Port Input	15	815973	4816	1
S6004647	64	Port Input	14	815973	4816	1
S6004647	64	Port Input	15	815974	4817	1
S6004647	64	Port Input	14	815974	4817	1
S6004647	64	Port Input	15	815974	4817	1
S6004647	64	Port Input	14	822177	11020	1
S6004647	64	Response	22	822177	11020	1
S6004647	65	Picture	20	822198	0	1	11666	1	0	next	hit	1270
S6004647	65	Port Input	15	827300	5102	1
S6004647	65	Port Input	14	827300	5102	1
S6004647	65	Port Input	15	827301	5102	1
S6004647	65	Port Input	14	827301	5102	1
S6004647	65	Port Input	15	827301	5102	1
S6004647	65	Port Input	14	827301	5102	1
S6004647	65	Port Input	15	827301	5102	1
S6004647	65	Port Input	14	827301	5102	1
S6004647	65	Port Input	15	827301	5103	1
S6004647	65	Port Input	14	827301	5103	1
S6004647	65	Port Input	15	827301	5103	1
S6004647	65	Port Input	14	827301	5103	1
S6004647	65	Port Input	15	827301	5103	1
S6004647	65	Port Input	14	827301	5103	1
S6004647	65	Port Input	15	827302	5103	1
S6004647	65	Port Input	14	833808	11609	1
S6004647	65	Response	22	833808	11609	1
S6004647	66	Picture	20	833865	0	1	11458	1	0	next	hit	1274
S6004647	66	Port Input	15	838893	5029	1
S6004647	66	Port Input	14	845301	11436	1
S6004647	66	Response	22	845301	11436	1
S6004647	66	Port Input	15	845301	11436	1
S6004647	66	Port Input	14	845301	11437	2
S6004647	67	Picture	20	845323	0	1	11389	1	0	next	hit	1282
S6004647	67	Port Input	15	850787	5464	1
S6004647	67	Port Input	14	850787	5464	1
S6004647	67	Port Input	15	850787	5465	1
S6004647	67	Port Input	14	856695	11372	1
S6004647	67	Response	22	856695	11372	1
S6004647	68	Picture	20	856711	0	1	11666	1	0	next	hit	1302
S6004647	68	Port Input	15	862066	5355	1
S6004647	68	Port Input	14	862066	5355	1
S6004647	68	Port Input	15	862066	5355	1
S6004647	68	Port Input	14	862066	5355	1
S6004647	68	Port Input	15	862067	5356	1
S6004647	68	Port Input	14	862067	5356	1
S6004647	68	Port Input	15	862068	5356	1
S6004647	68	Port Input	14	862068	5356	1
S6004647	68	Port Input	15	862068	5357	1
S6004647	68	Port Input	14	862068	5357	1
S6004647	68	Port Input	15	862069	5357	1
S6004647	68	Port Input	14	862069	5357	1
S6004647	68	Port Input	15	862070	5359	1
S6004647	68	Port Input	14	862070	5359	1
S6004647	68	Port Input	15	862070	5359	1
S6004647	68	Port Input	14	862070	5359	1
S6004647	68	Port Input	15	862071	5359	1
S6004647	68	Port Input	14	868347	11635	1
S6004647	68	Response	22	868347	11635	1
S6004647	69	Picture	20	868378	0	1	11944	1	0	next	hit	1348
S6004647	69	Port Input	15	874156	5779	1
S6004647	69	Port Input	14	874156	5779	1
S6004647	69	Port Input	15	874157	5779	1
S6004647	69	Port Input	14	874157	5779	1
S6004647	69	Port Input	15	874162	5784	1
S6004647	69	Port Input	14	874162	5784	1
S6004647	69	Port Input	15	874162	5785	1
S6004647	69	Port Input	14	874162	5785	1
S6004647	69	Port Input	15	874163	5785	1
S6004647	69	Port Input	14	874163	5785	1
S6004647	69	Port Input	15	874163	5785	1
S6004647	69	Port Input	14	874163	5785	1
S6004647	69	Port Input	15	874163	5786	1
S6004647	69	Port Input	14	874163	5786	1
S6004647	69	Port Input	15	874164	5786	1
S6004647	69	Port Input	14	874164	5786	1
S6004647	69	Port Input	15	874164	5787	1
S6004647	69	Port Input	14	874164	5787	1
S6004647	69	Port Input	15	874164	5787	1
S6004647	69	Port Input	14	874164	5787	1
S6004647	69	Port Input	15	874165	5787	1
S6004647	69	Port Input	14	874165	5787	1
S6004647	69	Port Input	15	874166	5789	1
S6004647	69	Port Input	14	874166	5789	1
S6004647	69	Port Input	15	874167	5790	1
S6004647	69	Port Input	14	874167	5790	1
S6004647	69	Port Input	15	874168	5790	1
S6004647	69	Port Input	14	874168	5790	1
S6004647	69	Port Input	15	874169	5791	1
S6004647	69	Port Input	14	874169	5791	1
S6004647	69	Port Input	15	874169	5791	1
S6004647	69	Port Input	14	874169	5791	1
S6004647	69	Port Input	15	874169	5791	1
S6004647	69	Port Input	14	874169	5792	1
S6004647	69	Port Input	15	874169	5792	1
S6004647	69	Port Input	14	874169	5792	1
S6004647	69	Port Input	15	874170	5792	1
S6004647	69	Port Input	14	874170	5792	1
S6004647	69	Port Input	15	874170	5793	1
S6004647	69	Port Input	14	874170	5793	1
S6004647	69	Port Input	15	874171	5793	1
S6004647	69	Port Input	14	874171	5793	1
S6004647	69	Port Input	15	874171	5793	1
S6004647	69	Port Input	14	880295	11918	1
S6004647	69	Response	22	880295	11918	1
S6004647	69	Port Input	15	880295	11918	1
S6004647	69	Port Input	14	880296	11919	3
S6004647	70	Picture	20	880322	0	1	11458	1	0	next	hit	1366
S6004647	70	Port Input	15	885393	5071	1
S6004647	70	Port Input	14	885393	5071	1
S6004647	70	Port Input	15	885394	5073	1
S6004647	70	Port Input	14	885394	5073	1
S6004647	70	Port Input	15	885395	5073	1
S6004647	70	Port Input	14	885395	5073	1
S6004647	70	Port Input	15	885395	5073	1
S6004647	70	Port Input	14	885395	5073	1
S6004647	70	Port Input	15	885395	5073	1
S6004647	70	Port Input	14	885395	5073	1
S6004647	70	Port Input	15	885395	5073	1
S6004647	70	Port Input	14	885395	5073	1
S6004647	70	Port Input	15	885396	5074	1
S6004647	70	Port Input	14	891749	11427	1
S6004647	70	Response	22	891749	11427	1
S6004647	70	Port Input	15	891749	11428	1
S6004647	70	Port Input	14	891749	11428	1
S6004647	71	Picture	20	891780	0	1	11389	1	0	next	hit	1374
S6004647	71	Port Input	15	897015	5235	1
S6004647	71	Port Input	14	897015	5235	1
S6004647	71	Port Input	15	897015	5235	1
S6004647	71	Port Input	14	903125	11345	1
S6004647	71	Response	22	903125	11345	1
S6004647	72	Picture	20	903168	0	1	11389	1	0	next	hit	1408
S6004647	72	Port Input	15	908630	5462	1
S6004647	72	Port Input	14	908630	5462	1
S6004647	72	Port Input	15	908630	5462	1
S6004647	72	Port Input	14	908631	5462	1
S6004647	72	Port Input	15	908631	5463	1
S6004647	72	Port Input	14	908631	5463	1
S6004647	72	Port Input	15	908631	5463	1
S6004647	72	Port Input	14	908631	5463	1
S6004647	72	Port Input	15	908632	5463	1
S6004647	72	Port Input	14	908632	5463	1
S6004647	72	Port Input	15	908632	5464	1
S6004647	72	Port Input	14	908632	5464	1
S6004647	72	Port Input	15	908632	5464	1
S6004647	72	Port Input	14	908632	5464	1
S6004647	72	Port Input	15	908634	5466	1
S6004647	72	Port Input	14	908634	5466	1
S6004647	72	Port Input	15	908634	5466	1
S6004647	72	Port Input	14	908634	5466	1
S6004647	72	Port Input	15	908635	5466	1
S6004647	72	Port Input	14	908635	5466	1
S6004647	72	Port Input	15	908635	5467	1
S6004647	72	Port Input	14	908635	5467	1
S6004647	72	Port Input	15	908635	5467	1
S6004647	72	Port Input	14	908635	5467	1
S6004647	72	Port Input	15	908636	5467	1
S6004647	72	Port Input	14	908636	5467	1
S6004647	72	Port Input	15	908636	5468	1
S6004647	72	Port Input	14	908636	5468	1
S6004647	72	Port Input	15	908638	5469	1
S6004647	72	Port Input	14	908638	5469	1
S6004647	72	Port Input	15	908643	5475	1
S6004647	72	Port Input	14	914494	11325	1
S6004647	72	Response	22	914494	11325	1
S6004647	72	Port Input	15	914494	11326	1
S6004647	72	Port Input	14	914494	11326	1
S6004647	73	Picture	20	914557	0	1	11805	1	0	next	hit	1504
S6004647	73	Port Input	15	919462	4905	1
S6004647	73	Port Input	14	919462	4905	1
S6004647	73	Port Input	15	919462	4905	1
S6004647	73	Port Input	14	919462	4905	1
S6004647	73	Port Input	15	919462	4906	1
S6004647	73	Port Input	14	919462	4906	1
S6004647	73	Port Input	15	919463	4906	1
S6004647	73	Port Input	14	919463	4906	1
S6004647	73	Port Input	15	919463	4906	1
S6004647	73	Port Input	14	919463	4906	1
S6004647	73	Port Input	15	919463	4906	1
S6004647	73	Port Input	14	919463	4906	1
S6004647	73	Port Input	15	919463	4907	1
S6004647	73	Port Input	14	919463	4907	1
S6004647	73	Port Input	15	919463	4907	1
S6004647	73	Port Input	14	919463	4907	1
S6004647	73	Port Input	15	919464	4907	1
S6004647	73	Port Input	14	919464	4907	1
S6004647	73	Port Input	15	919464	4907	1
S6004647	73	Port Input	14	919464	4907	1
S6004647	73	Port Input	15	919464	4908	1
S6004647	73	Port Input	14	919464	4908	1
S6004647	73	Port Input	15	919464	4908	1
S6004647	73	Port Input	14	919465	4908	1
S6004647	73	Port Input	15	919465	4908	1
S6004647	73	Port Input	14	919465	4908	1
S6004647	73	Port Input	15	919465	4908	1
S6004647	73	Port Input	14	919465	4908	1
S6004647	73	Port Input	15	919465	4908	1
S6004647	73	Port Input	14	919465	4908	1
S6004647	73	Port Input	15	919465	4909	1
S6004647	73	Port Input	14	919465	4909	1
S6004647	73	Port Input	15	919465	4909	1
S6004647	73	Port Input	14	919465	4909	1
S6004647	73	Port Input	15	919466	4909	1
S6004647	73	Port Input	14	919466	4909	1
S6004647	73	Port Input	15	919466	4909	1
S6004647	73	Port Input	14	919466	4909	1
S6004647	73	Port Input	15	919466	4909	1
S6004647	73	Port Input	14	919466	4909	1
S6004647	73	Port Input	15	919466	4910	1
S6004647	73	Port Input	14	919466	4910	1
S6004647	73	Port Input	15	919467	4910	1
S6004647	73	Port Input	14	919467	4910	1
S6004647	73	Port Input	15	919467	4910	1
S6004647	73	Port Input	14	919467	4910	1
S6004647	73	Port Input	15	919467	4911	1
S6004647	73	Port Input	14	919467	4911	1
S6004647	73	Port Input	15	919468	4911	1
S6004647	73	Port Input	14	919468	4911	1
S6004647	73	Port Input	15	919468	4911	1
S6004647	73	Port Input	14	919468	4911	1
S6004647	73	Port Input	15	919468	4911	1
S6004647	73	Port Input	14	919468	4911	1
S6004647	73	Port Input	15	919468	4911	1
S6004647	73	Port Input	14	919468	4911	1
S6004647	73	Port Input	15	919468	4911	1
S6004647	73	Port Input	14	919468	4911	1
S6004647	73	Port Input	15	919469	4912	1
S6004647	73	Port Input	14	919469	4912	1
S6004647	73	Port Input	15	919469	4912	1
S6004647	73	Port Input	14	919469	4912	1
S6004647	73	Port Input	15	919470	4913	1
S6004647	73	Port Input	14	919470	4913	1
S6004647	73	Port Input	15	919470	4913	1
S6004647	73	Port Input	14	919470	4913	1
S6004647	73	Port Input	15	919470	4914	1
S6004647	73	Port Input	14	919470	4914	1
S6004647	73	Port Input	15	919471	4915	1
S6004647	73	Port Input	14	919471	4915	1
S6004647	73	Port Input	15	919472	4915	1
S6004647	73	Port Input	14	919472	4915	1
S6004647	73	Port Input	15	919472	4915	1
S6004647	73	Port Input	14	919472	4915	1
S6004647	73	Port Input	15	919472	4916	1
S6004647	73	Port Input	14	919472	4916	1
S6004647	73	Port Input	15	919473	4916	1
S6004647	73	Port Input	14	919473	4916	1
S6004647	73	Port Input	15	919473	4916	1
S6004647	73	Port Input	14	919473	4916	1
S6004647	73	Port Input	15	919473	4917	1
S6004647	73	Port Input	14	919473	4917	1
S6004647	73	Port Input	15	919474	4917	1
S6004647	73	Port Input	14	919474	4917	1
S6004647	73	Port Input	15	919474	4918	1
S6004647	73	Port Input	14	919474	4918	1
S6004647	73	Port Input	15	919475	4918	1
S6004647	73	Port Input	14	919475	4918	1
S6004647	73	Port Input	15	919475	4918	1
S6004647	73	Port Input	14	919475	4918	1
S6004647	73	Port Input	15	919476	4919	1
S6004647	73	Port Input	14	926290	11733	1
S6004647	73	Response	22	926290	11733	1
S6004647	74	Picture	20	926362	0	1	11389	1	0	next	hit	1514
S6004647	74	Port Input	15	931340	4978	1
S6004647	74	Port Input	14	931340	4978	1
S6004647	74	Port Input	15	931341	4979	1
S6004647	74	Port Input	14	931341	4979	1
S6004647	74	Port Input	15	931342	4980	1
S6004647	74	Port Input	14	931342	4980	1
S6004647	74	Port Input	15	931342	4980	1
S6004647	74	Port Input	14	937720	11358	1
S6004647	74	Response	22	937720	11358	1
S6004647	75	Picture	20	937751	0	1	11111	1	0	next	hit	1522
S6004647	75	Port Input	15	942581	4830	1
S6004647	75	Port Input	14	942581	4830	1
S6004647	75	Port Input	15	942582	4831	1
S6004647	75	Port Input	14	942582	4831	1
S6004647	75	Port Input	15	942595	4845	1
S6004647	75	Port Input	14	948786	11035	1
S6004647	75	Response	22	948786	11035	1
S6004647	76	Picture	20	948861	0	1	11597	1	0	next	hit	1534
S6004647	76	Port Input	15	954171	5310	1
S6004647	76	Port Input	14	954171	5310	1
S6004647	76	Port Input	15	954171	5310	1
S6004647	76	Port Input	14	954171	5310	1
S6004647	76	Port Input	15	954173	5312	1
S6004647	76	Port Input	14	954173	5312	1
S6004647	76	Port Input	15	954178	5317	1
S6004647	76	Port Input	14	954178	5317	1
S6004647	76	Port Input	15	954182	5321	1
S6004647	76	Port Input	14	960399	11537	1
S6004647	76	Response	22	960399	11537	1
S6004647	76	Port Input	15	960399	11537	1
S6004647	76	Port Input	14	960399	11538	1
S6004647	77	Picture	20	960458	0	1	11597	1	0	next	hit	1594
S6004647	77	Port Input	15	965543	5085	1
S6004647	77	Port Input	14	965543	5085	1
S6004647	77	Port Input	15	965543	5085	1
S6004647	77	Port Input	14	965543	5085	1
S6004647	77	Port Input	15	965543	5085	1
S6004647	77	Port Input	14	965543	5085	1
S6004647	77	Port Input	15	965544	5085	1
S6004647	77	Port Input	14	965544	5086	1
S6004647	77	Port Input	15	965546	5088	1
S6004647	77	Port Input	14	965546	5088	1
S6004647	77	Port Input	15	965546	5088	1
S6004647	77	Port Input	14	965546	5088	1
S6004647	77	Port Input	15	965547	5088	1
S6004647	77	Port Input	14	965547	5088	1
S6004647	77	Port Input	15	965547	5089	1
S6004647	77	Port Input	14	965547	5089	1
S6004647	77	Port Input	15	965547	5089	1
S6004647	77	Port Input	14	965547	5089	1
S6004647	77	Port Input	15	965548	5090	1
S6004647	77	Port Input	14	965548	5090	1
S6004647	77	Port Input	15	965548	5090	1
S6004647	77	Port Input	14	965548	5090	1
S6004647	77	Port Input	15	965551	5092	1
S6004647	77	Port Input	14	965551	5092	1
S6004647	77	Port Input	15	965551	5093	1
S6004647	77	Port Input	14	965551	5093	1
S6004647	77	Port Input	15	965551	5093	1
S6004647	77	Port Input	14	965551	5093	1
S6004647	77	Port Input	15	965551	5093	1
S6004647	77	Port Input	14	965551	5093	1
S6004647	77	Port Input	15	965552	5093	1
S6004647	77	Port Input	14	965552	5093	1
S6004647	77	Port Input	15	965553	5094	1
S6004647	77	Port Input	14	965553	5094	1
S6004647	77	Port Input	15	965553	5095	1
S6004647	77	Port Input	14	965553	5095	1
S6004647	77	Port Input	15	965554	5095	1
S6004647	77	Port Input	14	965554	5095	1
S6004647	77	Port Input	15	965555	5097	1
S6004647	77	Port Input	14	965555	5097	1
S6004647	77	Port Input	15	965556	5098	1
S6004647	77	Port Input	14	965556	5098	1
S6004647	77	Port Input	15	965557	5098	1
S6004647	77	Port Input	14	965557	5098	1
S6004647	77	Port Input	15	965557	5099	1
S6004647	77	Port Input	14	965557	5099	1
S6004647	77	Port Input	15	965557	5099	1
S6004647	77	Port Input	14	965557	5099	1
S6004647	77	Port Input	15	965557	5099	1
S6004647	77	Port Input	14	965557	5099	1
S6004647	77	Port Input	15	965558	5100	1
S6004647	77	Port Input	14	965558	5100	1
S6004647	77	Port Input	15	965559	5101	1
S6004647	77	Port Input	14	965559	5101	1
S6004647	77	Port Input	15	965563	5104	1
S6004647	77	Port Input	14	971989	11531	1
S6004647	77	Response	22	971989	11531	1
S6004647	78	Picture	20	972055	0	1	11666	1	0	next	hit	1670
S6004647	78	Port Input	15	977627	5572	1
S6004647	78	Port Input	14	977627	5572	1
S6004647	78	Port Input	15	977628	5573	1
S6004647	78	Port Input	14	977628	5573	1
S6004647	78	Port Input	15	977630	5575	1
S6004647	78	Port Input	14	977630	5575	1
S6004647	78	Port Input	15	977630	5575	1
S6004647	78	Port Input	14	977630	5575	1
S6004647	78	Port Input	15	977630	5575	1
S6004647	78	Port Input	14	977630	5575	1
S6004647	78	Port Input	15	977631	5576	1
S6004647	78	Port Input	14	977631	5576	1
S6004647	78	Port Input	15	977631	5576	1
S6004647	78	Port Input	14	977631	5576	1
S6004647	78	Port Input	15	977631	5576	1
S6004647	78	Port Input	14	977631	5576	1
S6004647	78	Port Input	15	977632	5577	1
S6004647	78	Port Input	14	977632	5577	1
S6004647	78	Port Input	15	977634	5579	1
S6004647	78	Port Input	14	977634	5579	1
S6004647	78	Port Input	15	977639	5584	1
S6004647	78	Port Input	14	977639	5584	1
S6004647	78	Port Input	15	977640	5585	1
S6004647	78	Port Input	14	977640	5585	1
S6004647	78	Port Input	15	977640	5585	1
S6004647	78	Port Input	14	977640	5585	1
S6004647	78	Port Input	15	977641	5586	1
S6004647	78	Port Input	14	977641	5586	1
S6004647	78	Port Input	15	977641	5586	1
S6004647	78	Port Input	14	977641	5586	1
S6004647	78	Port Input	15	977641	5586	1
S6004647	78	Port Input	14	977641	5586	1
S6004647	78	Port Input	15	977641	5586	1
S6004647	78	Port Input	14	977641	5586	1
S6004647	78	Port Input	15	977641	5586	1
S6004647	78	Port Input	14	977642	5586	1
S6004647	78	Port Input	15	977642	5587	1
S6004647	78	Port Input	14	977642	5587	1
S6004647	78	Port Input	15	977642	5587	1
S6004647	78	Port Input	14	977642	5587	1
S6004647	78	Port Input	15	977642	5587	1
S6004647	78	Port Input	14	977642	5587	1
S6004647	78	Port Input	15	977643	5588	1
S6004647	78	Port Input	14	977643	5588	1
S6004647	78	Port Input	15	977643	5588	1
S6004647	78	Port Input	14	977643	5588	1
S6004647	78	Port Input	15	977643	5588	1
S6004647	78	Port Input	14	977643	5588	1
S6004647	78	Port Input	15	977643	5588	1
S6004647	78	Port Input	14	977643	5588	1
S6004647	78	Port Input	15	977644	5589	1
S6004647	78	Port Input	14	977644	5589	1
S6004647	78	Port Input	15	977644	5589	1
S6004647	78	Port Input	14	977644	5589	1
S6004647	78	Port Input	15	977644	5589	1
S6004647	78	Port Input	14	977644	5589	1
S6004647	78	Port Input	15	977644	5589	1
S6004647	78	Port Input	14	977644	5589	1
S6004647	78	Port Input	15	977644	5589	1
S6004647	78	Port Input	14	977644	5589	1
S6004647	78	Port Input	15	977645	5590	1
S6004647	78	Port Input	14	977645	5590	1
S6004647	78	Port Input	15	977645	5590	1
S6004647	78	Port Input	14	977645	5590	1
S6004647	78	Port Input	15	977646	5591	1
S6004647	78	Port Input	14	977646	5591	1
S6004647	78	Port Input	15	977647	5592	1
S6004647	78	Port Input	14	977647	5592	1
S6004647	78	Port Input	15	977647	5592	1
S6004647	78	Port Input	14	977648	5592	1
S6004647	78	Port Input	15	977648	5593	1
S6004647	78	Port Input	14	977648	5593	1
S6004647	78	Port Input	15	977648	5593	1
S6004647	78	Port Input	14	983667	11612	1
S6004647	78	Response	22	983667	11612	1
S6004647	78	Port Input	15	983667	11612	1
S6004647	78	Port Input	14	983667	11612	1
S6004647	78	Port Input	15	983667	11612	1
S6004647	78	Port Input	14	983668	11612	1
S6004647	79	Picture	20	983721	0	1	11389	1	0	next	hit	1738
S6004647	79	Port Input	15	989086	5364	1
S6004647	79	Port Input	14	989086	5364	1
S6004647	79	Port Input	15	989088	5367	1
S6004647	79	Port Input	14	989088	5367	1
S6004647	79	Port Input	15	989089	5367	1
S6004647	79	Port Input	14	989089	5367	1
S6004647	79	Port Input	15	989398	5676	1
S6004647	79	Port Input	14	989398	5676	1
S6004647	79	Port Input	15	989398	5676	1
S6004647	79	Port Input	14	989398	5677	1
S6004647	79	Port Input	15	989398	5677	1
S6004647	79	Port Input	14	989398	5677	1
S6004647	79	Port Input	15	989399	5677	1
S6004647	79	Port Input	14	989399	5677	1
S6004647	79	Port Input	15	989399	5678	1
S6004647	79	Port Input	14	989399	5678	1
S6004647	79	Port Input	15	989399	5678	1
S6004647	79	Port Input	14	989399	5678	1
S6004647	79	Port Input	15	989399	5678	1
S6004647	79	Port Input	14	989399	5678	1
S6004647	79	Port Input	15	989400	5678	1
S6004647	79	Port Input	14	989400	5678	1
S6004647	79	Port Input	15	989400	5679	1
S6004647	79	Port Input	14	989400	5679	1
S6004647	79	Port Input	15	989400	5679	1
S6004647	79	Port Input	14	989400	5679	1
S6004647	79	Port Input	15	989401	5679	1
S6004647	79	Port Input	14	989401	5679	1
S6004647	79	Port Input	15	989401	5679	1
S6004647	79	Port Input	14	989401	5679	1
S6004647	79	Port Input	15	989401	5680	1
S6004647	79	Port Input	14	989401	5680	1
S6004647	79	Port Input	15	989401	5680	1
S6004647	79	Port Input	14	989401	5680	1
S6004647	79	Port Input	15	989404	5683	1
S6004647	79	Port Input	14	989404	5683	1
S6004647	79	Port Input	15	989404	5683	1
S6004647	79	Port Input	14	989404	5683	1
S6004647	79	Port Input	15	989404	5683	1
S6004647	79	Port Input	14	989404	5683	1
S6004647	79	Port Input	15	989405	5683	1
S6004647	79	Port Input	14	989405	5683	1
S6004647	79	Port Input	15	989405	5684	1
S6004647	79	Port Input	14	989405	5684	1
S6004647	79	Port Input	15	989406	5684	1
S6004647	79	Port Input	14	989406	5684	1
S6004647	79	Port Input	15	989406	5685	1
S6004647	79	Port Input	14	989406	5685	1
S6004647	79	Port Input	15	989408	5686	1
S6004647	79	Port Input	14	989408	5686	1
S6004647	79	Port Input	15	989408	5687	1
S6004647	79	Port Input	14	989408	5687	1
S6004647	79	Port Input	15	989408	5687	1
S6004647	79	Port Input	14	989408	5687	1
S6004647	79	Port Input	15	989409	5688	1
S6004647	79	Port Input	14	989409	5688	1
S6004647	79	Port Input	15	989410	5689	1
S6004647	79	Port Input	14	989410	5689	1
S6004647	79	Port Input	15	989413	5692	1
S6004647	79	Port Input	14	989413	5692	1
S6004647	79	Port Input	15	989414	5693	1
S6004647	79	Port Input	14	995086	11365	1
S6004647	79	Response	22	995086	11365	1
S6004647	79	Port Input	15	995087	11365	1
S6004647	79	Port Input	14	995087	11365	1
S6004647	80	Picture	20	995110	0	1	11319	1	0	next	hit	1746
S6004647	80	Port Input	15	1000320	5210	1
S6004647	80	Port Input	14	1000320	5210	1
S6004647	80	Port Input	15	1000320	5210	1
S6004647	80	Port Input	14	1006366	11256	1
S6004647	80	Response	22	1006366	11256	1
S6004647	81	Picture	20	1006429	0	1	11250	1	0	next	hit	1756
S6004647	81	Port Input	15	1011336	4907	1
S6004647	81	Port Input	14	1011336	4907	1
S6004647	81	Port Input	15	1011337	4908	1
S6004647	81	Port Input	14	1011337	4908	1
S6004647	81	Port Input	15	1011337	4908	1
S6004647	81	Port Input	14	1011337	4908	1
S6004647	81	Port Input	15	1011338	4909	1
S6004647	81	Port Input	14	1017648	11219	1
S6004647	81	Response	22	1017648	11219	1
S6004647	81	Port Input	15	1017648	11219	1
S6004647	81	Port Input	14	1017648	11219	1
S6004647	82	Picture	20	1017679	0	1	11458	1	0	next	hit	1770
S6004647	82	Port Input	15	1023349	5671	1
S6004647	82	Port Input	14	1023349	5671	1
S6004647	82	Port Input	15	1023350	5671	1
S6004647	82	Port Input	14	1023350	5671	1
S6004647	82	Port Input	15	1023350	5671	1
S6004647	82	Port Input	14	1023350	5671	1
S6004647	82	Port Input	15	1023351	5672	1
S6004647	82	Port Input	14	1023351	5672	1
S6004647	82	Port Input	15	1023351	5673	1
S6004647	82	Port Input	14	1029107	11428	1
S6004647	82	Response	22	1029107	11428	1
S6004647	82	Port Input	15	1029107	11428	1
S6004647	82	Port Input	14	1029107	11429	1
S6004647	82	Port Input	15	1029107	11429	1
S6004647	82	Port Input	14	1029108	11429	5
S6004647	82	Port Input	15	1029113	11434	1
S6004647	82	Port Input	14	1029113	11434	1
S6004647	83	Picture	20	1029137	0	1	11736	1	0	next	hit	1784
S6004647	83	Port Input	15	1034803	5667	1
S6004647	83	Port Input	14	1034803	5667	1
S6004647	83	Port Input	15	1034804	5667	1
S6004647	83	Port Input	14	1034804	5667	1
S6004647	83	Port Input	15	1034804	5667	1
S6004647	83	Port Input	14	1040843	11707	1
S6004647	83	Response	22	1040843	11707	1
S6004647	84	Picture	20	1040873	0	1	11527	1	0	next	hit	1794
S6004647	84	Port Input	15	1046270	5397	1
S6004647	84	Port Input	14	1046270	5398	1
S6004647	84	Port Input	15	1046270	5398	1
S6004647	84	Port Input	14	1046270	5398	1
S6004647	84	Port Input	15	1046270	5398	1
S6004647	84	Port Input	14	1046270	5398	1
S6004647	84	Port Input	15	1046270	5398	1
S6004647	84	Port Input	14	1052391	11519	1
S6004647	84	Response	22	1052391	11519	1
S6004647	85	Picture	20	1052400	0	1	11527	1	0	next	hit	1802
S6004647	85	Port Input	15	1057538	5138	1
S6004647	85	Port Input	14	1057538	5138	1
S6004647	85	Port Input	15	1057538	5138	1
S6004647	85	Port Input	14	1057538	5138	1
S6004647	85	Port Input	15	1057539	5139	1
S6004647	85	Port Input	14	1063876	11476	1
S6004647	85	Response	22	1063876	11476	1
S6004647	86	Picture	20	1063927	0	1	11597	1	0	next	hit	1822
S6004647	86	Port Input	15	1069316	5388	1
S6004647	86	Port Input	14	1069316	5388	1
S6004647	86	Port Input	15	1069316	5389	1
S6004647	86	Port Input	14	1069316	5389	1
S6004647	86	Port Input	15	1069317	5389	1
S6004647	86	Port Input	14	1069317	5389	1
S6004647	86	Port Input	15	1069317	5389	1
S6004647	86	Port Input	14	1069317	5389	1
S6004647	86	Port Input	15	1069317	5389	1
S6004647	86	Port Input	14	1069317	5389	1
S6004647	86	Port Input	15	1069317	5390	1
S6004647	86	Port Input	14	1069317	5390	1
S6004647	86	Port Input	15	1069317	5390	1
S6004647	86	Port Input	14	1069317	5390	1
S6004647	86	Port Input	15	1069318	5390	1
S6004647	86	Port Input	14	1069318	5390	1
S6004647	86	Port Input	15	1069318	5390	1
S6004647	86	Port Input	14	1075465	11537	1
S6004647	86	Response	22	1075465	11537	1
S6004647	87	Picture	20	1075524	0	1	11597	1	0	next	hit	1826
S6004647	87	Port Input	15	1080888	5364	1
S6004647	87	Port Input	14	1087057	11533	1
S6004647	87	Response	22	1087057	11533	1
S6004647	87	Port Input	15	1087057	11533	1
S6004647	87	Port Input	14	1087058	11533	1
S6004647	87	Port Input	15	1087058	11533	1
S6004647	87	Port Input	14	1087058	11534	1
S6004647	87	Port Input	15	1087065	11541	1
S6004647	87	Port Input	14	1087065	11541	1
S6004647	88	Picture	20	1087121	0	1	11944	1	0	next	hit	1846
S6004647	88	Port Input	15	1092644	5523	1
S6004647	88	Port Input	14	1092644	5523	1
S6004647	88	Port Input	15	1092644	5523	1
S6004647	88	Port Input	14	1092644	5523	1
S6004647	88	Port Input	15	1092644	5523	1
S6004647	88	Port Input	14	1092644	5523	1
S6004647	88	Port Input	15	1092644	5523	1
S6004647	88	Port Input	14	1092644	5523	1
S6004647	88	Port Input	15	1092645	5523	1
S6004647	88	Port Input	14	1092645	5523	1
S6004647	88	Port Input	15	1092645	5524	1
S6004647	88	Port Input	14	1099022	11901	1
S6004647	88	Response	22	1099022	11901	1
S6004647	88	Port Input	15	1099022	11901	1
S6004647	88	Port Input	14	1099023	11901	1
S6004647	88	Port Input	15	1099028	11907	1
S6004647	88	Port Input	14	1099028	11907	1
S6004647	88	Port Input	15	1099028	11907	1
S6004647	88	Port Input	14	1099029	11907	1
S6004647	88	Port Input	15	1099029	11907	1
S6004647	88	Port Input	14	1099029	11908	1
S6004647	88	Port Input	15	1099029	11908	1
S6004647	88	Port Input	14	1099029	11908	1
S6004647	88	Port Input	15	1099030	11909	1
S6004647	88	Port Input	14	1099030	11909	1
S6004647	88	Port Input	15	1099031	11910	1
S6004647	88	Port Input	14	1099031	11910	1
S6004647	88	Port Input	15	1099032	11911	1
S6004647	88	Port Input	14	1099032	11911	1
S6004647	88	Port Input	15	1099032	11911	1
S6004647	88	Port Input	14	1099032	11911	1
S6004647	88	Port Input	15	1099033	11912	1
S6004647	88	Port Input	14	1099033	11912	1
S6004647	88	Port Input	15	1099034	11912	1
S6004647	88	Port Input	14	1099034	11913	1
S6004647	88	Port Input	15	1099034	11913	1
S6004647	88	Port Input	14	1099034	11913	1
S6004647	88	Port Input	15	1099034	11913	1
S6004647	88	Port Input	14	1099035	11913	1
S6004647	89	Picture	20	1099065	0	1	11944	1	0	next	hit	2038
S6004647	89	Port Input	15	1104427	5362	1
S6004647	89	Port Input	14	1104427	5362	1
S6004647	89	Port Input	15	1104438	5373	1
S6004647	89	Port Input	14	1104438	5373	1
S6004647	89	Port Input	15	1104455	5389	1
S6004647	89	Port Input	14	1104455	5389	1
S6004647	89	Port Input	15	1104463	5397	1
S6004647	89	Port Input	14	1104463	5397	1
S6004647	89	Port Input	15	1104475	5410	1
S6004647	89	Port Input	14	1104475	5410	1
S6004647	89	Port Input	15	1104476	5410	1
S6004647	89	Port Input	14	1104476	5410	1
S6004647	89	Port Input	15	1104476	5411	1
S6004647	89	Port Input	14	1104476	5411	1
S6004647	89	Port Input	15	1104478	5413	1
S6004647	89	Port Input	14	1104478	5413	1
S6004647	89	Port Input	15	1104479	5413	1
S6004647	89	Port Input	14	1104479	5413	1
S6004647	89	Port Input	15	1104480	5415	1
S6004647	89	Port Input	14	1104480	5415	1
S6004647	89	Port Input	15	1104484	5419	1
S6004647	89	Port Input	14	1104484	5419	1
S6004647	89	Port Input	15	1104488	5422	1
S6004647	89	Port Input	14	1104488	5422	1
S6004647	89	Port Input	15	1104491	5425	1
S6004647	89	Port Input	14	1104491	5425	1
S6004647	89	Port Input	15	1104491	5426	1
S6004647	89	Port Input	14	1104491	5426	1
S6004647	89	Port Input	15	1104492	5427	1
S6004647	89	Port Input	14	1104492	5427	1
S6004647	89	Port Input	15	1104497	5432	1
S6004647	89	Port Input	14	1104497	5432	1
S6004647	89	Port Input	15	1104499	5433	1
S6004647	89	Port Input	14	1104499	5433	1
S6004647	89	Port Input	15	1104500	5435	1
S6004647	89	Port Input	14	1104500	5435	1
S6004647	89	Port Input	15	1104501	5436	1
S6004647	89	Port Input	14	1104501	5436	1
S6004647	89	Port Input	15	1104502	5437	1
S6004647	89	Port Input	14	1104502	5437	1
S6004647	89	Port Input	15	1104502	5437	1
S6004647	89	Port Input	14	1104502	5437	1
S6004647	89	Port Input	15	1104503	5438	1
S6004647	89	Port Input	14	1104503	5438	1
S6004647	89	Port Input	15	1104503	5438	1
S6004647	89	Port Input	14	1104503	5438	1
S6004647	89	Port Input	15	1104504	5439	1
S6004647	89	Port Input	14	1104504	5439	1
S6004647	89	Port Input	15	1104506	5440	1
S6004647	89	Port Input	14	1104506	5440	1
S6004647	89	Port Input	15	1104509	5443	1
S6004647	89	Port Input	14	1104509	5443	1
S6004647	89	Port Input	15	1104514	5449	1
S6004647	89	Port Input	14	1104515	5449	1
S6004647	89	Port Input	15	1104515	5449	1
S6004647	89	Port Input	14	1104515	5449	1
S6004647	89	Port Input	15	1104516	5450	1
S6004647	89	Port Input	14	1104516	5451	1
S6004647	89	Port Input	15	1104519	5454	1
S6004647	89	Port Input	14	1104519	5454	1
S6004647	89	Port Input	15	1104521	5455	1
S6004647	89	Port Input	14	1104521	5455	1
S6004647	89	Port Input	15	1104529	5464	1
S6004647	89	Port Input	14	1104529	5464	1
S6004647	89	Port Input	15	1104536	5471	1
S6004647	89	Port Input	14	1104537	5471	1
S6004647	89	Port Input	15	1104537	5472	1
S6004647	89	Port Input	14	1104537	5472	1
S6004647	89	Port Input	15	1104538	5472	1
S6004647	89	Port Input	14	1104538	5472	1
S6004647	89	Port Input	15	1104552	5487	1
S6004647	89	Port Input	14	1104552	5487	1
S6004647	89	Port Input	15	1104563	5497	1
S6004647	89	Port Input	14	1104563	5497	1
S6004647	89	Port Input	15	1104568	5502	1
S6004647	89	Port Input	14	1104568	5503	1
S6004647	89	Port Input	15	1104570	5505	1
S6004647	89	Port Input	14	1104570	5505	1
S6004647	89	Port Input	15	1104572	5507	1
S6004647	89	Port Input	14	1104572	5507	1
S6004647	89	Port Input	15	1104574	5508	1
S6004647	89	Port Input	14	1104574	5508	1
S6004647	89	Port Input	15	1104575	5510	1
S6004647	89	Port Input	14	1104575	5510	1
S6004647	89	Port Input	15	1104580	5514	1
S6004647	89	Port Input	14	1104580	5514	1
S6004647	89	Port Input	15	1104581	5516	1
S6004647	89	Port Input	14	1104581	5516	1
S6004647	89	Port Input	15	1104582	5517	1
S6004647	89	Port Input	14	1104582	5517	1
S6004647	89	Port Input	15	1104583	5517	1
S6004647	89	Port Input	14	1104583	5517	1
S6004647	89	Port Input	15	1104583	5518	1
S6004647	89	Port Input	14	1104583	5518	1
S6004647	89	Port Input	15	1104583	5518	1
S6004647	89	Port Input	14	1104583	5518	1
S6004647	89	Port Input	15	1104584	5519	1
S6004647	89	Port Input	14	1104584	5519	1
S6004647	89	Port Input	15	1104585	5519	1
S6004647	89	Port Input	14	1104585	5519	1
S6004647	89	Port Input	15	1104587	5522	1
S6004647	89	Port Input	14	1104587	5522	1
S6004647	89	Port Input	15	1104588	5523	1
S6004647	89	Port Input	14	1104588	5523	1
S6004647	89	Port Input	15	1104589	5523	1
S6004647	89	Port Input	14	1104589	5523	1
S6004647	89	Port Input	15	1104590	5525	1
S6004647	89	Port Input	14	1104590	5525	1
S6004647	89	Port Input	15	1104592	5527	1
S6004647	89	Port Input	14	1104592	5527	1
S6004647	89	Port Input	15	1104599	5533	1
S6004647	89	Port Input	14	1104599	5533	1
S6004647	89	Port Input	15	1104599	5534	1
S6004647	89	Port Input	14	1104599	5534	1
S6004647	89	Port Input	15	1104602	5537	1
S6004647	89	Port Input	14	1104602	5537	1
S6004647	89	Port Input	15	1104609	5544	1
S6004647	89	Port Input	14	1104609	5544	1
S6004647	89	Port Input	15	1104628	5562	1
S6004647	89	Port Input	14	1104628	5562	1
S6004647	89	Port Input	15	1104630	5565	1
S6004647	89	Port Input	14	1104630	5565	1
S6004647	89	Port Input	15	1104646	5581	1
S6004647	89	Port Input	14	1104646	5581	1
S6004647	89	Port Input	15	1104649	5583	1
S6004647	89	Port Input	14	1104649	5583	1
S6004647	89	Port Input	15	1104649	5584	1
S6004647	89	Port Input	14	1104650	5584	1
S6004647	89	Port Input	15	1104650	5584	1
S6004647	89	Port Input	14	1104650	5585	1
S6004647	89	Port Input	15	1104652	5586	1
S6004647	89	Port Input	14	1104652	5586	1
S6004647	89	Port Input	15	1104652	5587	1
S6004647	89	Port Input	14	1104652	5587	1
S6004647	89	Port Input	15	1104653	5588	1
S6004647	89	Port Input	14	1104653	5588	1
S6004647	89	Port Input	15	1104654	5588	1
S6004647	89	Port Input	14	1104654	5588	1
S6004647	89	Port Input	15	1104656	5590	1
S6004647	89	Port Input	14	1104656	5590	1
S6004647	89	Port Input	15	1104657	5592	1
S6004647	89	Port Input	14	1104657	5592	1
S6004647	89	Port Input	15	1104668	5603	1
S6004647	89	Port Input	14	1104668	5603	1
S6004647	89	Port Input	15	1104673	5608	1
S6004647	89	Port Input	14	1104673	5608	1
S6004647	89	Port Input	15	1104674	5609	1
S6004647	89	Port Input	14	1104674	5609	1
S6004647	89	Port Input	15	1104678	5613	1
S6004647	89	Port Input	14	1104678	5613	1
S6004647	89	Port Input	15	1104678	5613	1
S6004647	89	Port Input	14	1104679	5613	1
S6004647	89	Port Input	15	1104679	5614	1
S6004647	89	Port Input	14	1104679	5614	1
S6004647	89	Port Input	15	1104680	5615	1
S6004647	89	Port Input	14	1104680	5615	1
S6004647	89	Port Input	15	1104691	5626	1
S6004647	89	Port Input	14	1104691	5626	1
S6004647	89	Port Input	15	1104716	5651	1
S6004647	89	Port Input	14	1104716	5651	1
S6004647	89	Port Input	15	1104719	5653	1
S6004647	89	Port Input	14	1104719	5653	1
S6004647	89	Port Input	15	1105100	6034	1
S6004647	89	Port Input	14	1110951	11886	1
S6004647	89	Response	22	1110951	11886	1
S6004647	89	Port Input	15	1110951	11886	1
S6004647	89	Port Input	14	1110952	11886	1
S6004647	90	Picture	20	1111009	0	1	11180	1	0	next	hit	2044
S6004647	90	Port Input	15	1116448	5439	1
S6004647	90	Port Input	14	1122148	11138	1
S6004647	90	Response	22	1122148	11138	1
S6004647	91	Picture	20	1122190	0	1	11736	1	0	next	hit	2048
S6004647	91	Port Input	15	1127666	5477	1
S6004647	91	Port Input	14	1133851	11661	1
S6004647	91	Response	22	1133851	11661	1
S6004647	92	Picture	20	1133925	0	1	11875	1	0	next	hit	2052
S6004647	92	Port Input	15	1140016	6090	1
S6004647	92	Port Input	14	1145751	11826	1
S6004647	92	Response	22	1145751	11826	1
S6004647	93	Picture	20	1145800	0	1	12014	1	0	next	hit	2058
S6004647	93	Port Input	15	1151589	5789	1
S6004647	93	Port Input	14	1151589	5789	1
S6004647	93	Port Input	15	1151589	5789	1
S6004647	93	Port Input	14	1157739	11939	1
S6004647	93	Response	22	1157739	11939	1
S6004647	94	Picture	20	1157814	0	1	11180	1	0	next	hit	2064
S6004647	94	Port Input	15	1163322	5508	1
S6004647	94	Port Input	14	1163322	5508	1
S6004647	94	Port Input	15	1163322	5509	1
S6004647	94	Port Input	14	1168982	11169	1
S6004647	94	Response	22	1168982	11169	1
S6004647	94	Port Input	15	1168983	11169	1
S6004647	94	Port Input	14	1168984	11170	94
S6004647	95	Picture	20	1168994	0	1	11528	1	0	next	hit	2118
S6004647	95	Port Input	15	1174004	5011	1
S6004647	95	Port Input	14	1174004	5011	1
S6004647	95	Port Input	15	1174013	5019	1
S6004647	95	Port Input	14	1174013	5019	1
S6004647	95	Port Input	15	1174014	5020	1
S6004647	95	Port Input	14	1174014	5020	1
S6004647	95	Port Input	15	1174016	5022	1
S6004647	95	Port Input	14	1174016	5022	1
S6004647	95	Port Input	15	1174018	5024	1
S6004647	95	Port Input	14	1174018	5024	1
S6004647	95	Port Input	15	1174023	5029	1
S6004647	95	Port Input	14	1174023	5029	1
S6004647	95	Port Input	15	1174023	5030	1
S6004647	95	Port Input	14	1174023	5030	1
S6004647	95	Port Input	15	1174027	5033	1
S6004647	95	Port Input	14	1174027	5033	1
S6004647	95	Port Input	15	1174028	5035	1
S6004647	95	Port Input	14	1174029	5035	1
S6004647	95	Port Input	15	1174029	5035	1
S6004647	95	Port Input	14	1174029	5035	1
S6004647	95	Port Input	15	1174030	5036	1
S6004647	95	Port Input	14	1174030	5036	1
S6004647	95	Port Input	15	1174031	5037	1
S6004647	95	Port Input	14	1174031	5037	1
S6004647	95	Port Input	15	1174036	5042	1
S6004647	95	Port Input	14	1174036	5042	1
S6004647	95	Port Input	15	1174036	5042	1
S6004647	95	Port Input	14	1174036	5042	1
S6004647	95	Port Input	15	1174041	5047	1
S6004647	95	Port Input	14	1174041	5047	1
S6004647	95	Port Input	15	1174069	5076	1
S6004647	95	Port Input	14	1174069	5076	1
S6004647	95	Port Input	15	1174097	5103	1
S6004647	95	Port Input	14	1174097	5103	1
S6004647	95	Port Input	15	1174098	5104	1
S6004647	95	Port Input	14	1174098	5104	1
S6004647	95	Port Input	15	1174100	5106	1
S6004647	95	Port Input	14	1174100	5106	1
S6004647	95	Port Input	15	1174101	5107	1
S6004647	95	Port Input	14	1174101	5107	1
S6004647	95	Port Input	15	1174106	5112	1
S6004647	95	Port Input	14	1174106	5112	1
S6004647	95	Port Input	15	1174108	5115	1
S6004647	95	Port Input	14	1174108	5115	1
S6004647	95	Port Input	15	1174109	5115	1
S6004647	95	Port Input	14	1174109	5115	1
S6004647	95	Port Input	15	1174113	5120	1
S6004647	95	Port Input	14	1174113	5120	1
S6004647	95	Port Input	15	1174364	5370	1
S6004647	95	Port Input	14	1180485	11491	1
S6004647	95	Response	22	1180485	11491	1
S6004647	95	Port Input	15	1180485	11492	1
S6004647	95	Port Input	14	1180485	11492	1
S6004647	95	Port Input	15	1180485	11492	1
S6004647	95	Port Input	14	1180486	11492	7
S6004647	96	Picture	20	1180521	0	1	11458	1	0	next	hit	2142
S6004647	96	Port Input	15	1185413	4892	1
S6004647	96	Port Input	14	1185413	4892	1
S6004647	96	Port Input	15	1185413	4892	1
S6004647	96	Port Input	14	1185413	4892	1
S6004647	96	Port Input	15	1185413	4892	1
S6004647	96	Port Input	14	1185413	4892	1
S6004647	96	Port Input	15	1185413	4892	1
S6004647	96	Port Input	14	1185413	4892	1
S6004647	96	Port Input	15	1185414	4892	1
S6004647	96	Port Input	14	1185414	4892	1
S6004647	96	Port Input	15	1185414	4893	1
S6004647	96	Port Input	14	1185414	4893	1
S6004647	96	Port Input	15	1185414	4893	1
S6004647	96	Port Input	14	1185415	4893	1
S6004647	96	Port Input	15	1185415	4894	1
S6004647	96	Port Input	14	1185415	4894	1
S6004647	96	Port Input	15	1185415	4894	1
S6004647	96	Port Input	14	1191931	11410	1
S6004647	96	Response	22	1191931	11410	1
S6004647	96	Port Input	15	1191931	11410	1
S6004647	96	Port Input	14	1191931	11410	1
S6004647	96	Port Input	15	1191931	11410	1
S6004647	96	Port Input	14	1191932	11411	5
S6004647	97	Picture	20	1191979	0	1	11666	1	0	next	hit	2154
S6004647	97	Port Input	15	1197477	5497	1
S6004647	97	Port Input	14	1197477	5497	1
S6004647	97	Port Input	15	1197477	5498	1
S6004647	97	Port Input	14	1197477	5498	1
S6004647	97	Port Input	15	1197477	5498	1
S6004647	97	Port Input	14	1203620	11641	1
S6004647	97	Response	22	1203620	11641	1
S6004647	97	Port Input	15	1203620	11641	1
S6004647	97	Port Input	14	1203621	11641	1
S6004647	98	Picture	20	1203646	0	1	11666	1	0	next	hit	2162
S6004647	98	Port Input	15	1209049	5404	1
S6004647	98	Port Input	14	1209049	5404	1
S6004647	98	Port Input	15	1209050	5405	1
S6004647	98	Port Input	14	1215277	11632	1
S6004647	98	Response	22	1215277	11632	1
S6004647	98	Port Input	15	1215277	11632	1
S6004647	98	Port Input	14	1215278	11632	1
S6004647	98	Port Input	15	1215278	11632	2
S6004647	98	Port Input	14	1215280	11634	6
S6004647	99	Picture	20	1215312	0	1	11389	1	0	next	hit	2174
S6004647	99	Port Input	15	1220541	5229	1
S6004647	99	Port Input	14	1220541	5229	1
S6004647	99	Port Input	15	1220541	5229	1
S6004647	99	Port Input	14	1220541	5229	1
S6004647	99	Port Input	15	1220541	5229	1
S6004647	99	Port Input	14	1226690	11378	1
S6004647	99	Response	22	1226690	11378	1
S6004647	99	Port Input	15	1226691	11379	1
S6004647	99	Port Input	14	1226691	11379	1
S6004647	99	Port Input	15	1226698	11386	1
S6004647	99	Port Input	14	1226698	11386	1
S6004647	100	Picture	20	1226700	0	1	11805	1	0	next	hit	2188
S6004647	100	Port Input	15	1226704	3	1
S6004647	100	Port Input	14	1226704	3	1
S6004647	100	Port Input	15	1232466	5766	1
S6004647	100	Port Input	14	1232466	5766	1
S6004647	100	Port Input	15	1232468	5767	1
S6004647	100	Port Input	14	1232468	5767	1
S6004647	100	Port Input	15	1232475	5774	1
S6004647	100	Port Input	14	1238467	11767	1
S6004647	100	Response	22	1238467	11767	1
S6004647	100	Port Input	15	1238468	11767	1
S6004647	100	Port Input	14	1238468	11768	5
S6004647	100	Port Input	15	1238473	11773	1
S6004647	100	Port Input	14	1238473	11773	1
S6004647	100	Port Input	15	1238476	11775	1
S6004647	100	Port Input	14	1238476	11775	1
S6004647	100	Port Input	15	1238479	11779	1
S6004647	100	Port Input	14	1238479	11779	1
S6004647	101	Picture	20	1238506	0	1	11666	1	0	next	hit	2206
S6004647	101	Port Input	15	1243968	5462	1
S6004647	101	Port Input	14	1243968	5462	1
S6004647	101	Port Input	15	1243968	5463	1
S6004647	101	Port Input	14	1243968	5463	1
S6004647	101	Port Input	15	1243969	5463	1
S6004647	101	Port Input	14	1243969	5463	1
S6004647	101	Port Input	15	1243969	5464	1
S6004647	101	Port Input	14	1250103	11597	1
S6004647	101	Response	22	1250103	11597	1
S6004647	101	Port Input	15	1250103	11597	1
S6004647	101	Port Input	14	1250103	11597	1
S6004647	101	Port Input	15	1250109	11603	1
S6004647	101	Port Input	14	1250109	11604	1
S6004647	102	Picture	20	1250172	0	1	11666	1	0	next	hit	2220
S6004647	102	Port Input	15	1255532	5360	1
S6004647	102	Port Input	14	1255532	5360	1
S6004647	102	Port Input	15	1255532	5360	1
S6004647	102	Port Input	14	1255532	5360	1
S6004647	102	Port Input	15	1255533	5361	1
S6004647	102	Port Input	14	1255533	5361	1
S6004647	102	Port Input	15	1255533	5361	1
S6004647	102	Port Input	14	1261297	11125	1
S6004647	102	Response	22	1261297	11125	1
S6004647	102	Port Input	15	1261297	11125	1
S6004647	102	Port Input	14	1261298	11126	1
S6004647	102	Port Input	15	1261298	11126	2
S6004647	102	Port Input	14	1261300	11128	1
S6004647	102	Port Input	15	1261300	11128	1
S6004647	102	Port Input	14	1261300	11128	1
S6004647	102	Port Input	15	1261301	11129	1
S6004647	102	Port Input	14	1261301	11129	1
S6004647	102	Port Input	15	1261301	11129	1
S6004647	102	Port Input	14	1261301	11129	1
S6004647	102	Port Input	15	1261301	11129	1
S6004647	102	Port Input	14	1261301	11129	1
S6004647	102	Port Input	15	1261302	11129	1
S6004647	102	Port Input	14	1261302	11129	1
S6004647	102	Port Input	15	1261302	11130	1
S6004647	102	Port Input	14	1261302	11130	1
S6004647	102	Port Input	15	1261303	11131	1
S6004647	102	Port Input	14	1261303	11131	1
S6004647	102	Port Input	15	1261303	11131	1
S6004647	102	Port Input	14	1261303	11131	1
S6004647	102	Port Input	15	1261304	11132	1
S6004647	102	Port Input	14	1261304	11132	1
S6004647	102	Port Input	15	1261304	11132	1
S6004647	102	Port Input	14	1261304	11132	1
S6004647	102	Port Input	15	1261304	11132	1
S6004647	102	Port Input	14	1261304	11132	1
S6004647	102	Port Input	15	1261304	11132	1
S6004647	102	Port Input	14	1261304	11132	1
S6004647	102	Port Input	15	1261304	11132	1
S6004647	102	Port Input	14	1261304	11132	1
S6004647	102	Port Input	15	1261305	11133	1
S6004647	102	Port Input	14	1261305	11133	1
S6004647	102	Port Input	15	1261305	11133	1
S6004647	102	Port Input	14	1261305	11133	1
S6004647	102	Port Input	15	1261305	11133	1
S6004647	102	Port Input	14	1261305	11133	1
S6004647	102	Port Input	15	1261309	11137	1
S6004647	102	Port Input	14	1261309	11137	1
S6004647	103	Port Input	15	1266685	5347	1
