Scenario - Stim
Logfile written - 11/02/2022 14:03:59

Subject	Trial	Event Type	Code	Time	TTime	Uncertainty	Duration	Uncertainty	ReqTime	ReqDur	Stim Type	Pair Index

S6003691	1	Picture	start	31	0	1	5069	1	0	5000	other	0
S6003691	2	Sound	Ah	10043	12	238			0		other	0
S6003691	3	Sound	Ah	26162	0	5			0		other	0
S6003691	4	Sound	Ah	42582	0	5			0		other	0
S6003691	5	Sound	Ah	61612	0	5			0		other	0
S6003691	6	Sound	Ah	80333	0	5			0		other	0
S6003691	7	Sound	Ah	96183	0	5			0		other	0
S6003691	8	Sound	Ah	111893	0	5			0		other	0
S6003691	9	Sound	Ah	128164	0	5			0		other	0
S6003691	10	Sound	Ah	144614	0	5			0		other	0
S6003691	11	Sound	Ah	163144	0	5			0		other	0
S6003691	12	Sound	Ah	179025	0	5			0		other	0
S6003691	13	Sound	Ah	194825	0	5			0		other	0
S6003691	14	Sound	Ah	210465	0	5			0		other	0
S6003691	15	Sound	Ah	226566	0	5			0		other	0
S6003691	16	Sound	Ah	240956	0	5			0		other	0
S6003691	17	Sound	Ah	256676	0	5			0		other	0
S6003691	18	Sound	Ah	271337	0	5			0		other	0
S6003691	19	Sound	Ah	286427	0	5			0		other	0
S6003691	20	Sound	Ah	304467	0	5			0		other	0
S6003691	21	Sound	Ah	321108	0	5			0		other	0
S6003691	22	Sound	Ah	337378	0	5			0		other	0
S6003691	23	Sound	Ah	353198	0	5			0		other	0
S6003691	24	Sound	Ah	368259	0	5			0		other	0
S6003691	25	Sound	Ah	384149	0	5			0		other	0
S6003691	26	Sound	Ah	401649	0	5			0		other	0
S6003691	27	Sound	Ah	416360	0	5			0		other	0
S6003691	28	Sound	Ah	431900	0	5			0		other	0
S6003691	29	Sound	Ah	447190	0	5			0		other	0
S6003691	30	Sound	Ah	462901	0	5			0		other	0
S6003691	31	Sound	Ah	478091	0	5			0		other	0
S6003691	32	Sound	Ah	494111	0	5			0		other	0
S6003691	33	Sound	Ah	510132	0	5			0		other	0
S6003691	34	Sound	Ah	527332	0	5			0		other	0
S6003691	35	Sound	Ah	543602	0	5			0		other	0
S6003691	36	Sound	Ah	559013	0	5			0		other	0
S6003691	37	Sound	Ah	574833	0	5			0		other	0
S6003691	38	Sound	Ah	591063	0	5			0		other	0
S6003691	39	Sound	Ah	606414	0	5			0		other	0
S6003691	40	Sound	Ah	625104	0	5			0		other	0
S6003691	41	Sound	Ah	641905	0	5			0		other	0
S6003691	42	Sound	Ah	657625	0	5			0		other	0
S6003691	43	Sound	Ah	673246	0	5			0		other	0
S6003691	44	Sound	Ah	689256	0	5			0		other	0
S6003691	45	Sound	Ah	704766	0	5			0		other	0
S6003691	46	Sound	Ah	718887	0	5			0		other	0
S6003691	47	Sound	Ah	733127	0	5			0		other	0
S6003691	48	Sound	Ah	748997	0	5			0		other	0
S6003691	49	Sound	Ah	765738	0	5			0		other	0
S6003691	50	Sound	Ah	781878	0	5			0		other	0
S6003691	51	Sound	Ah	796398	0	5			0		other	0
S6003691	52	Sound	Ah	811329	0	5			0		other	0
S6003691	53	Sound	Ah	826079	0	5			0		other	0
S6003691	54	Sound	Ah	841489	0	5			0		other	0
S6003691	55	Sound	Ah	856490	0	5			0		other	0
S6003691	56	Sound	Ah	871300	0	5			0		other	0
S6003691	57	Sound	Ah	887150	0	5			0		other	0
S6003691	58	Sound	Ah	902361	0	5			0		other	0
S6003691	59	Sound	Ah	919021	0	5			0		other	0
S6003691	60	Sound	Ah	934801	0	5			0		other	0
S6003691	61	Sound	Ah	950942	0	5			0		other	0
S6003691	62	Sound	Ah	966272	0	5			0		other	0
S6003691	63	Sound	Ah	983422	0	5			0		other	0
S6003691	64	Sound	Ah	999883	0	5			0		other	0
S6003691	65	Sound	Ah	1015573	0	5			0		other	0
S6003691	66	Sound	Ah	1033113	0	5			0		other	0
S6003691	67	Sound	Ah	1050214	0	5			0		other	0
S6003691	68	Sound	Ah	1067084	0	5			0		other	0
S6003691	69	Sound	Ah	1084984	0	5			0		other	0
S6003691	70	Sound	Ah	1101195	0	5			0		other	0
S6003691	71	Sound	Ah	1117935	0	5			0		other	0
S6003691	72	Sound	Ah	1135435	0	5			0		other	0
S6003691	73	Sound	Ah	1152716	0	5			0		other	0
S6003691	74	Sound	Ah	1170406	0	5			0		other	0
S6003691	75	Sound	Ah	1188686	0	5			0		other	0
S6003691	76	Sound	Ah	1207036	0	5			0		other	0
S6003691	77	Sound	Ah	1224547	0	5			0		other	0
S6003691	78	Sound	Ah	1241268	1	5			0		other	0
S6003691	79	Sound	Ah	1260667	0	5			0		other	0
S6003691	80	Sound	Ah	1278278	0	5			0		other	0
S6003691	81	Sound	Ah	1296378	0	5			0		other	0
S6003691	82	Sound	Ah	1314358	0	5			0		other	0
S6003691	83	Sound	Ah	1330899	0	5			0		other	0
S6003691	84	Sound	Ah	1348569	0	5			0		other	0
S6003691	85	Sound	Ah	1365939	0	5			0		other	0
S6003691	86	Sound	Ah	1383670	0	5			0		other	0
S6003691	87	Sound	Ah	1399840	0	5			0		other	0
S6003691	88	Sound	Ah	1416700	0	5			0		other	0
S6003691	89	Sound	Ah	1434391	0	5			0		other	0
S6003691	90	Sound	Ah	1450611	0	5			0		other	0
S6003691	91	Sound	Ah	1467771	0	5			0		other	0
S6003691	92	Sound	Ah	1484012	0	5			0		other	0
S6003691	93	Sound	Ah	1500542	0	5			0		other	0
S6003691	94	Sound	Ah	1517652	0	5			0		other	0
S6003691	95	Sound	Ah	1533653	0	5			0		other	0
S6003691	96	Sound	Ah	1552053	0	5			0		other	0
S6003691	97	Sound	Ah	1570073	0	5			0		other	0
S6003691	98	Sound	Ah	1586204	0	5			0		other	0
