Scenario - passive press generic training 1.2
Logfile written - 05/13/2023 12:20:38

Subject	Trial	Event Type	Code	Time	TTime	Uncertainty	Duration	Uncertainty	ReqTime	ReqDur	Stim Type	Pair Index

S6004687	1	Picture	83	65	0	1	5000	1	0	4950	other	0
S6004687	1	Picture	82	10064	10000	1	5000	1	9950	4950	other	0
S6004687	1	Picture	81	20064	19999	1	5000	1	19950	4950	other	0
S6004687	1	Picture	80	30064	29999	1	5000	1	29950	4950	other	0
S6004687	1	Picture	81	40063	39999	1	10000	1	39950	9950	other	0
S6004687	1	Port Input	14	45391	45327	1
S6004687	1	Response	100	45391	45327	1
S6004687	1	Port Input	15	45392	45327	1
S6004687	1	Port Input	14	45392	45327	1
S6004687	1	Port Input	15	45392	45328	1
S6004687	1	Port Input	14	45392	45328	1
S6004687	1	Port Input	15	45392	45328	1
S6004687	1	Port Input	14	45393	45328	1
S6004687	1	Port Input	15	46214	46149	1
S6004687	1	Port Input	14	46214	46149	1
S6004687	1	Port Input	15	46217	46153	1
S6004687	1	Port Input	14	46217	46153	1
S6004687	1	Port Input	15	47892	47827	1
S6004687	1	Port Input	14	47892	47827	1
S6004687	1	Port Input	15	47893	47828	1
S6004687	1	Port Input	14	47893	47828	1
S6004687	1	Port Input	15	47894	47829	1
S6004687	1	Picture	81	60063	59998	1	10000	1	59950	9950	other	0
S6004687	1	Port Input	14	63230	63165	1
S6004687	1	Response	100	63230	63165	1
S6004687	1	Port Input	15	63230	63165	1
S6004687	1	Port Input	14	63231	63166	1
S6004687	1	Port Input	15	63231	63166	1
S6004687	1	Port Input	14	63231	63167	1
S6004687	1	Port Input	15	63231	63167	1
S6004687	1	Port Input	14	63231	63167	1
S6004687	1	Port Input	15	63231	63167	1
S6004687	1	Port Input	14	63234	63169	1
S6004687	1	Port Input	15	63234	63170	1
S6004687	1	Port Input	14	63234	63170	1
S6004687	1	Port Input	15	63234	63170	1
S6004687	1	Port Input	14	63234	63170	1
S6004687	1	Port Input	15	63235	63170	1
S6004687	1	Port Input	14	63235	63170	1
S6004687	1	Port Input	15	63235	63171	1
S6004687	1	Port Input	14	63235	63171	1
S6004687	1	Port Input	15	63236	63171	1
S6004687	1	Port Input	14	63236	63171	1
S6004687	1	Port Input	15	65163	65098	1
S6004687	1	Port Input	14	65163	65098	1
S6004687	1	Port Input	15	65164	65100	1
S6004687	1	Port Input	14	65164	65100	1
S6004687	1	Port Input	15	65165	65100	1
S6004687	1	Picture	81	80062	79997	1	10000	1	79950	9950	other	0
S6004687	1	Port Input	14	82803	82738	1
S6004687	1	Response	100	82803	82738	1
S6004687	1	Port Input	15	82803	82738	1
S6004687	1	Port Input	14	82803	82738	1
S6004687	1	Port Input	15	82803	82738	1
S6004687	1	Port Input	14	82803	82738	1
S6004687	1	Port Input	15	82803	82739	1
S6004687	1	Port Input	14	82803	82739	1
S6004687	1	Port Input	15	82804	82739	1
S6004687	1	Port Input	14	82804	82739	1
S6004687	1	Port Input	15	82804	82739	1
S6004687	1	Port Input	14	82804	82739	1
S6004687	1	Port Input	15	82804	82739	1
S6004687	1	Port Input	14	82804	82739	1
S6004687	1	Port Input	15	82805	82740	1
S6004687	1	Port Input	14	82805	82740	1
S6004687	1	Port Input	15	82805	82741	1
S6004687	1	Port Input	14	82805	82741	1
S6004687	1	Port Input	15	82809	82744	1
S6004687	1	Port Input	14	82809	82744	1
S6004687	1	Port Input	15	84873	84808	1
S6004687	1	Port Input	14	84873	84808	1
S6004687	1	Port Input	15	84873	84808	1
S6004687	1	Port Input	14	84873	84808	1
S6004687	1	Port Input	15	84873	84808	1
S6004687	1	Port Input	14	84873	84808	1
S6004687	1	Port Input	15	84873	84808	1
S6004687	1	Port Input	14	84873	84808	1
S6004687	1	Port Input	15	84873	84808	1
S6004687	1	Port Input	14	84873	84809	1
S6004687	1	Port Input	15	84873	84809	1
S6004687	1	Port Input	14	84873	84809	1
S6004687	1	Port Input	15	84873	84809	1
S6004687	1	Port Input	14	84874	84809	1
S6004687	1	Port Input	15	84874	84809	1
S6004687	2	Port Input	14	118925	28793	1
S6004687	2	Response	100	118925	28793	1
S6004687	3	Port Input	15	120896	1946	8
S6004687	3	Port Input	14	134518	15568	8
S6004687	3	Response	100	134518	15568	8
S6004687	4	Port Input	15	136514	1939	8
S6004687	4	Port Input	14	144791	10217	8
S6004687	4	Response	100	144791	10217	8
S6004687	5	Port Input	15	146414	1562	8
S6004687	5	Port Input	14	159662	14810	8
S6004687	5	Response	100	159662	14810	8
S6004687	6	Port Input	15	161601	1888	8
S6004687	6	Port Input	14	173159	13447	8
S6004687	6	Response	100	173159	13447	8
S6004687	7	Port Input	15	174964	1779	8
S6004687	7	Port Input	14	184581	11397	8
S6004687	7	Response	100	184581	11397	8
S6004687	8	Port Input	15	186383	1740	8
S6004687	8	Port Input	14	195376	10734	8
S6004687	8	Response	100	195376	10734	8
S6004687	9	Port Input	15	196986	1580	8
S6004687	9	Port Input	14	205629	10224	8
S6004687	9	Response	100	205629	10224	8
S6004687	10	Port Input	15	206988	1305	8
S6004687	10	Port Input	14	215101	9418	8
S6004687	10	Response	100	215101	9418	8
S6004687	11	Port Input	15	216563	1435	8
S6004687	11	Port Input	14	224673	9545	8
S6004687	11	Response	100	224673	9545	8
S6004687	12	Port Input	15	226315	1604	8
S6004687	12	Port Input	14	234514	9803	8
S6004687	12	Response	100	234514	9803	8
S6004687	13	Port Input	15	236127	1556	8
S6004687	13	Port Input	14	244348	9777	8
S6004687	13	Response	100	244348	9777	8
S6004687	14	Port Input	15	245959	1527	8
S6004687	14	Port Input	14	253529	9097	8
S6004687	14	Response	100	253529	9097	8
S6004687	15	Port Input	15	255049	1451	8
S6004687	15	Port Input	14	255057	1458	1
S6004687	15	Port Input	15	255057	1459	8
S6004687	15	Port Input	14	262894	9296	8
S6004687	15	Response	100	262894	9296	8
S6004687	16	Port Input	15	264536	1563	9
S6004687	16	Port Input	14	271813	8840	8
S6004687	16	Response	100	271813	8840	8
S6004687	17	Port Input	15	273268	1407	8
S6004687	17	Port Input	14	280632	8770	8
S6004687	17	Response	100	280632	8770	8
S6004687	18	Port Input	15	282397	1716	8
S6004687	18	Port Input	14	288535	7854	8
S6004687	18	Response	100	288535	7854	8
S6004687	19	Port Input	15	290102	1504	8
S6004687	19	Port Input	14	296824	8227	8
S6004687	19	Response	100	296824	8227	8
S6004687	20	Port Input	15	298267	1406	8
S6004687	20	Port Input	14	312361	15500	8
S6004687	20	Response	100	312361	15500	8
S6004687	20	Port Input	15	312369	15508	1
S6004687	20	Port Input	14	312369	15508	1
S6004687	20	Port Input	15	312380	15519	1
S6004687	20	Port Input	14	312380	15519	1
S6004687	20	Port Input	15	312381	15520	1
S6004687	21	Port Input	14	313728	1312	8
S6004687	21	Port Input	15	314291	1875	8
S6004687	21	Port Input	14	324185	11769	8
S6004687	21	Response	100	324185	11769	8
S6004687	22	Port Input	15	325641	1420	1
S6004687	22	Port Input	14	336339	12118	8
S6004687	22	Response	100	336339	12118	8
S6004687	23	Port Input	15	337412	1039	8
S6004687	23	Port Input	14	347075	10701	8
S6004687	23	Response	100	347075	10701	8
S6004687	24	Port Input	15	348524	1387	8
S6004687	24	Port Input	14	357988	10851	8
S6004687	24	Response	100	357988	10851	8
S6004687	25	Port Input	15	358858	819	8
S6004687	25	Port Input	14	369029	10989	1
S6004687	25	Response	100	369029	10989	1
S6004687	26	Port Input	15	370067	986	8
S6004687	26	Port Input	14	378858	9777	8
S6004687	26	Response	100	378858	9777	8
S6004687	27	Port Input	15	380046	1105	1
S6004687	27	Port Input	14	380046	1105	1
S6004687	27	Port Input	15	380046	1105	9
S6004687	27	Port Input	14	393642	14700	8
S6004687	27	Response	100	393642	14700	8
S6004687	28	Port Input	15	395098	1365	1
S6004687	28	Port Input	14	404318	10585	9
S6004687	28	Response	100	404318	10585	9
S6004687	29	Port Input	15	405943	1586	8
S6004687	29	Port Input	14	415366	11008	8
S6004687	29	Response	100	415366	11008	8
S6004687	30	Port Input	15	416876	1478	8
S6004687	30	Port Input	14	426918	11520	8
S6004687	30	Response	100	426918	11520	8
S6004687	31	Port Input	15	427101	105	8
S6004687	31	Port Input	14	427109	113	8
S6004687	31	Port Input	15	427139	143	8
S6004687	31	Port Input	14	427252	256	8
S6004687	31	Port Input	15	427365	369	8
S6004687	31	Port Input	14	436870	9874	8
S6004687	31	Response	100	436870	9874	8
S6004687	32	Port Input	15	437761	836	8
S6004687	32	Port Input	14	448972	12046	8
S6004687	32	Response	100	448972	12046	8
S6004687	33	Port Input	15	450478	1469	8
S6004687	33	Port Input	14	460623	11614	8
S6004687	33	Response	100	460623	11614	8
S6004687	34	Port Input	15	461820	1145	7
S6004687	34	Port Input	14	471019	10344	7
S6004687	34	Response	100	471019	10344	7
S6004687	35	Port Input	15	472177	1086	8
S6004687	35	Port Input	14	481040	9948	7
S6004687	35	Response	100	481040	9948	7
S6004687	36	Port Input	15	482394	1303	8
S6004687	36	Port Input	14	502675	21583	8
S6004687	36	Response	100	502675	21583	8
S6004687	37	Port Input	15	504445	1688	7
S6004687	37	Port Input	14	513582	10825	7
S6004687	37	Response	100	513582	10825	7
S6004687	37	Port Input	15	513589	10832	1
S6004687	37	Port Input	14	513589	10832	7
S6004687	38	Port Input	15	515060	1400	7
S6004687	38	Port Input	14	523597	9938	7
S6004687	38	Response	100	523597	9938	7
