Scenario - passive press generic training 1.2
Logfile written - 10/18/2022 13:18:57

Subject	Trial	Event Type	Code	Time	TTime	Uncertainty	Duration	Uncertainty	ReqTime	ReqDur	Stim Type	Pair Index

S6002663	1	Picture	83	32	0	1	5000	1	0	4950	other	0
S6002663	1	Picture	82	10031	10000	1	5000	1	9950	4950	other	0
S6002663	1	Picture	81	20031	19999	1	5000	1	19950	4950	other	0
S6002663	1	Picture	80	30031	29999	1	5000	1	29950	4950	other	0
S6002663	1	Picture	81	40030	39999	1	10000	1	39950	9950	other	0
S6002663	1	Port Input	14	47946	47914	1
S6002663	1	Response	100	47946	47914	1
S6002663	1	Port Input	15	47947	47915	1
S6002663	1	Port Input	14	47947	47915	1
S6002663	1	Port Input	15	47947	47915	1
S6002663	1	Port Input	14	47947	47915	1
S6002663	1	Port Input	15	47947	47915	1
S6002663	1	Port Input	14	47947	47915	1
S6002663	1	Port Input	15	47947	47915	1
S6002663	1	Port Input	14	47947	47915	1
S6002663	1	Port Input	15	47947	47916	1
S6002663	1	Port Input	14	47947	47916	1
S6002663	1	Port Input	15	47952	47920	1
S6002663	1	Port Input	14	47952	47920	1
S6002663	1	Port Input	15	47952	47921	1
S6002663	1	Port Input	14	47953	47921	1
S6002663	1	Port Input	15	47953	47921	1
S6002663	1	Port Input	14	47953	47921	1
S6002663	1	Port Input	15	47953	47921	1
S6002663	1	Port Input	14	47953	47921	1
S6002663	1	Port Input	15	47953	47921	1
S6002663	1	Port Input	14	47958	47926	1
S6002663	1	Port Input	15	47958	47927	1
S6002663	1	Port Input	14	47958	47927	1
S6002663	1	Port Input	15	47958	47927	1
S6002663	1	Port Input	14	47959	47927	1
S6002663	1	Port Input	15	47959	47927	1
S6002663	1	Port Input	14	47959	47927	1
S6002663	1	Port Input	15	47959	47928	1
S6002663	1	Port Input	14	47959	47928	1
S6002663	1	Port Input	15	47959	47928	1
S6002663	1	Port Input	14	47961	47930	1
S6002663	1	Port Input	15	47961	47930	1
S6002663	1	Port Input	14	47962	47930	1
S6002663	1	Port Input	15	47962	47930	1
S6002663	1	Port Input	14	47962	47930	1
S6002663	1	Port Input	15	47962	47930	1
S6002663	1	Port Input	14	47962	47930	1
S6002663	1	Port Input	15	47962	47931	1
S6002663	1	Port Input	14	47962	47931	1
S6002663	1	Port Input	15	47963	47931	1
S6002663	1	Port Input	14	47963	47931	1
S6002663	1	Port Input	15	47963	47931	1
S6002663	1	Port Input	14	47963	47931	1
S6002663	1	Port Input	15	47963	47931	1
S6002663	1	Port Input	14	47963	47931	1
S6002663	1	Port Input	15	47963	47931	1
S6002663	1	Port Input	14	47963	47931	1
S6002663	1	Port Input	15	47963	47931	1
S6002663	1	Port Input	14	47963	47931	1
S6002663	1	Port Input	15	47963	47931	1
S6002663	1	Port Input	14	47963	47932	1
S6002663	1	Port Input	15	47963	47932	1
S6002663	1	Port Input	14	47963	47932	1
S6002663	1	Port Input	15	47963	47932	1
S6002663	1	Port Input	14	47964	47932	1
S6002663	1	Port Input	15	47964	47932	1
S6002663	1	Port Input	14	47964	47932	1
S6002663	1	Port Input	15	47964	47932	1
S6002663	1	Port Input	14	47964	47932	1
S6002663	1	Port Input	15	47964	47932	1
S6002663	1	Port Input	14	47964	47932	1
S6002663	1	Port Input	15	47964	47932	1
S6002663	1	Port Input	14	47964	47932	1
S6002663	1	Port Input	15	47965	47933	1
S6002663	1	Port Input	14	47965	47933	1
S6002663	1	Port Input	15	47965	47933	1
S6002663	1	Port Input	14	47965	47933	1
S6002663	1	Port Input	15	47965	47933	1
S6002663	1	Port Input	14	47965	47933	1
S6002663	1	Port Input	15	47965	47933	1
S6002663	1	Port Input	14	47965	47933	1
S6002663	1	Port Input	15	47966	47934	1
S6002663	1	Port Input	14	47966	47934	1
S6002663	1	Port Input	15	47966	47934	1
S6002663	1	Port Input	14	47966	47934	1
S6002663	1	Port Input	15	47966	47934	1
S6002663	1	Port Input	14	47966	47934	1
S6002663	1	Port Input	15	47966	47934	1
S6002663	1	Port Input	14	47966	47934	1
S6002663	1	Port Input	15	47966	47934	1
S6002663	1	Port Input	14	47966	47934	1
S6002663	1	Port Input	15	47966	47934	1
S6002663	1	Port Input	14	47966	47934	1
S6002663	1	Port Input	15	47966	47935	1
S6002663	1	Port Input	14	47966	47935	1
S6002663	1	Port Input	15	47967	47935	1
S6002663	1	Port Input	14	47967	47935	1
S6002663	1	Port Input	15	47967	47935	1
S6002663	1	Port Input	14	47967	47935	1
S6002663	1	Port Input	15	47967	47935	1
S6002663	1	Port Input	14	47967	47935	1
S6002663	1	Port Input	15	47967	47935	1
S6002663	1	Port Input	14	47967	47936	1
S6002663	1	Port Input	15	47968	47936	1
S6002663	1	Port Input	14	47968	47936	1
S6002663	1	Port Input	15	47968	47936	1
S6002663	1	Port Input	14	47968	47936	1
S6002663	1	Port Input	15	47968	47936	1
S6002663	1	Port Input	14	47968	47936	1
S6002663	1	Port Input	15	47968	47936	1
S6002663	1	Port Input	14	47968	47936	1
S6002663	1	Port Input	15	47968	47936	1
S6002663	1	Port Input	14	47968	47937	1
S6002663	1	Port Input	15	47968	47937	1
S6002663	1	Port Input	14	47969	47937	1
S6002663	1	Port Input	15	47969	47937	1
S6002663	1	Port Input	14	47969	47937	1
S6002663	1	Port Input	15	47969	47937	1
S6002663	1	Port Input	14	47969	47937	1
S6002663	1	Port Input	15	47969	47937	1
S6002663	1	Port Input	14	47969	47937	1
S6002663	1	Port Input	15	47969	47937	1
S6002663	1	Port Input	14	47969	47937	1
S6002663	1	Port Input	15	47969	47938	1
S6002663	1	Port Input	14	47969	47938	1
S6002663	1	Port Input	15	47969	47938	1
S6002663	1	Port Input	14	47969	47938	1
S6002663	1	Port Input	15	47970	47938	1
S6002663	1	Port Input	14	47970	47938	1
S6002663	1	Port Input	15	47970	47939	1
S6002663	1	Port Input	14	47970	47939	1
S6002663	1	Port Input	15	47970	47939	1
S6002663	1	Port Input	14	47970	47939	1
S6002663	1	Port Input	15	47971	47939	1
S6002663	1	Port Input	14	47971	47939	1
S6002663	1	Port Input	15	47971	47939	1
S6002663	1	Port Input	14	47971	47939	1
S6002663	1	Port Input	15	47971	47939	1
S6002663	1	Port Input	14	47971	47939	1
S6002663	1	Port Input	15	47971	47939	1
S6002663	1	Port Input	14	47971	47939	1
S6002663	1	Port Input	15	47971	47939	1
S6002663	1	Port Input	14	47971	47939	1
S6002663	1	Port Input	15	47971	47939	1
S6002663	1	Port Input	14	47971	47940	1
S6002663	1	Port Input	15	47973	47941	1
S6002663	1	Port Input	14	47973	47941	1
S6002663	1	Port Input	15	47973	47941	1
S6002663	1	Port Input	14	47973	47941	1
S6002663	1	Port Input	15	47973	47941	1
S6002663	1	Port Input	14	47973	47942	1
S6002663	1	Port Input	15	47973	47942	1
S6002663	1	Port Input	14	47973	47942	1
S6002663	1	Port Input	15	47973	47942	1
S6002663	1	Port Input	14	47974	47942	1
S6002663	1	Port Input	15	47974	47942	1
S6002663	1	Port Input	14	47974	47942	1
S6002663	1	Port Input	15	47974	47942	1
S6002663	1	Port Input	14	47974	47942	1
S6002663	1	Port Input	15	47974	47942	1
S6002663	1	Port Input	14	47974	47942	1
S6002663	1	Port Input	15	47974	47942	1
S6002663	1	Port Input	14	47974	47943	1
S6002663	1	Port Input	15	47976	47944	1
S6002663	1	Port Input	14	47976	47944	1
S6002663	1	Port Input	15	47976	47944	1
S6002663	1	Port Input	14	47976	47944	1
S6002663	1	Port Input	15	47977	47945	1
S6002663	1	Port Input	14	47977	47945	1
S6002663	1	Port Input	15	47977	47945	1
S6002663	1	Port Input	14	47977	47945	1
S6002663	1	Port Input	15	50099	50068	1
S6002663	1	Port Input	14	50100	50068	1
S6002663	1	Port Input	15	50108	50076	1
S6002663	1	Port Input	14	50108	50076	1
S6002663	1	Port Input	15	50116	50084	1
S6002663	1	Port Input	14	50116	50084	1
S6002663	1	Port Input	15	50119	50087	1
S6002663	1	Port Input	14	50119	50087	1
S6002663	1	Port Input	15	50232	50200	1
S6002663	1	Port Input	14	50232	50200	1
S6002663	1	Port Input	15	50584	50553	1
S6002663	1	Port Input	14	50584	50553	1
S6002663	1	Port Input	15	50585	50553	1
S6002663	1	Port Input	14	50585	50553	1
S6002663	1	Port Input	15	50586	50554	1
S6002663	1	Port Input	14	50586	50554	1
S6002663	1	Port Input	15	50586	50554	1
S6002663	1	Port Input	14	50586	50554	1
S6002663	1	Port Input	15	50586	50554	1
S6002663	1	Picture	81	60030	59998	1	10000	1	59950	9950	other	0
S6002663	1	Port Input	14	63184	63152	1
S6002663	1	Response	100	63184	63152	1
S6002663	1	Port Input	15	63184	63152	1
S6002663	1	Port Input	14	63186	63154	1
S6002663	1	Port Input	15	63186	63154	1
S6002663	1	Port Input	14	63186	63154	1
S6002663	1	Port Input	15	63186	63154	1
S6002663	1	Port Input	14	63186	63154	1
S6002663	1	Port Input	15	63186	63154	1
S6002663	1	Port Input	14	63186	63154	1
S6002663	1	Port Input	15	63186	63154	1
S6002663	1	Port Input	14	63186	63154	1
S6002663	1	Port Input	15	63186	63154	1
S6002663	1	Port Input	14	63186	63154	1
S6002663	1	Port Input	15	63186	63155	1
S6002663	1	Port Input	14	63186	63155	1
S6002663	1	Port Input	15	63186	63155	1
S6002663	1	Port Input	14	63186	63155	1
S6002663	1	Port Input	15	63187	63155	1
S6002663	1	Port Input	14	63187	63155	1
S6002663	1	Port Input	15	63187	63155	1
S6002663	1	Port Input	14	63187	63155	1
S6002663	1	Port Input	15	63187	63156	1
S6002663	1	Port Input	14	63187	63156	1
S6002663	1	Port Input	15	63188	63156	1
S6002663	1	Port Input	14	63188	63156	1
S6002663	1	Port Input	15	63188	63156	1
S6002663	1	Port Input	14	63188	63156	1
S6002663	1	Port Input	15	63188	63156	1
S6002663	1	Port Input	14	63188	63156	1
S6002663	1	Port Input	15	63188	63157	1
S6002663	1	Port Input	14	63188	63157	1
S6002663	1	Port Input	15	63189	63157	1
S6002663	1	Port Input	14	63189	63157	1
S6002663	1	Port Input	15	63189	63157	1
S6002663	1	Port Input	14	63189	63157	1
S6002663	1	Port Input	15	63189	63157	1
S6002663	1	Port Input	14	63189	63157	1
S6002663	1	Port Input	15	63189	63157	1
S6002663	1	Port Input	14	63189	63157	1
S6002663	1	Port Input	15	63189	63157	1
S6002663	1	Port Input	14	63189	63157	1
S6002663	1	Port Input	15	63189	63158	1
S6002663	1	Port Input	14	63189	63158	1
S6002663	1	Port Input	15	63582	63550	1
S6002663	1	Port Input	14	63582	63550	1
S6002663	1	Port Input	15	63590	63558	1
S6002663	1	Port Input	14	63590	63558	1
S6002663	1	Port Input	15	63593	63561	1
S6002663	1	Port Input	14	63593	63561	1
S6002663	1	Port Input	15	63595	63563	1
S6002663	1	Port Input	14	63595	63563	1
S6002663	1	Port Input	15	63612	63580	1
S6002663	1	Port Input	14	63612	63580	1
S6002663	1	Port Input	15	63613	63581	1
S6002663	1	Port Input	14	63613	63581	1
S6002663	1	Port Input	15	63614	63583	1
S6002663	1	Port Input	14	63615	63583	1
S6002663	1	Port Input	15	63619	63587	1
S6002663	1	Port Input	14	63619	63587	1
S6002663	1	Port Input	15	63622	63590	1
S6002663	1	Port Input	14	63622	63590	1
S6002663	1	Port Input	15	63622	63590	1
S6002663	1	Port Input	14	63622	63590	1
S6002663	1	Port Input	15	63634	63602	1
S6002663	1	Port Input	14	63634	63602	1
S6002663	1	Port Input	15	63644	63612	1
S6002663	1	Port Input	14	63644	63612	1
S6002663	1	Port Input	15	63648	63616	1
S6002663	1	Port Input	14	63648	63616	1
S6002663	1	Port Input	15	63659	63627	1
S6002663	1	Port Input	14	63659	63627	1
S6002663	1	Port Input	15	63661	63629	1
S6002663	1	Port Input	14	63661	63629	1
S6002663	1	Port Input	15	63672	63640	1
S6002663	1	Port Input	14	63672	63641	1
S6002663	1	Port Input	15	63734	63702	1
S6002663	1	Port Input	14	63734	63702	1
S6002663	1	Port Input	15	64920	64888	1
S6002663	1	Port Input	14	64920	64888	1
S6002663	1	Port Input	15	65369	65337	1
S6002663	1	Port Input	14	65369	65337	1
S6002663	1	Port Input	15	65369	65338	1
S6002663	1	Port Input	14	65369	65338	1
S6002663	1	Port Input	15	65369	65338	1
S6002663	1	Port Input	14	65369	65338	1
S6002663	1	Port Input	15	65370	65338	1
S6002663	1	Port Input	14	65370	65338	1
S6002663	1	Port Input	15	65370	65338	1
S6002663	1	Port Input	14	65370	65338	1
S6002663	1	Port Input	15	65370	65338	1
S6002663	1	Port Input	14	65370	65338	1
S6002663	1	Port Input	15	65370	65339	1
S6002663	1	Port Input	14	65370	65339	1
S6002663	1	Port Input	15	65371	65339	1
S6002663	1	Port Input	14	65371	65339	1
S6002663	1	Port Input	15	65371	65339	1
S6002663	1	Port Input	14	65371	65339	1
S6002663	1	Port Input	15	65371	65339	1
S6002663	1	Port Input	14	65371	65339	1
S6002663	1	Port Input	15	65371	65339	1
S6002663	1	Port Input	14	65371	65339	1
S6002663	1	Port Input	15	65371	65339	1
S6002663	1	Port Input	14	65371	65340	1
S6002663	1	Port Input	15	65372	65340	1
S6002663	1	Port Input	14	65372	65340	1
S6002663	1	Port Input	15	65372	65340	1
S6002663	1	Port Input	14	65373	65341	1
S6002663	1	Port Input	15	65373	65341	1
S6002663	1	Picture	81	80029	79997	1	10000	1	79950	9950	other	0
S6002663	1	Port Input	14	83158	83126	1
S6002663	1	Response	100	83158	83126	1
S6002663	1	Port Input	15	83158	83127	1
S6002663	1	Port Input	14	83159	83128	1
S6002663	1	Port Input	15	83159	83128	1
S6002663	1	Port Input	14	83160	83128	1
S6002663	1	Port Input	15	83160	83128	1
S6002663	1	Port Input	14	83160	83128	1
S6002663	1	Port Input	15	83160	83128	1
S6002663	1	Port Input	14	83160	83128	1
S6002663	1	Port Input	15	83160	83128	1
S6002663	1	Port Input	14	83160	83129	1
S6002663	1	Port Input	15	83160	83129	1
S6002663	1	Port Input	14	83160	83129	1
S6002663	1	Port Input	15	83161	83129	1
S6002663	1	Port Input	14	83161	83129	1
S6002663	1	Port Input	15	83161	83129	1
S6002663	1	Port Input	14	83161	83129	1
S6002663	1	Port Input	15	83161	83129	1
S6002663	1	Port Input	14	83161	83129	1
S6002663	1	Port Input	15	83161	83129	1
S6002663	1	Port Input	14	83161	83129	1
S6002663	1	Port Input	15	83161	83129	1
S6002663	1	Port Input	14	83161	83129	1
S6002663	1	Port Input	15	83161	83129	1
S6002663	1	Port Input	14	83161	83130	1
S6002663	1	Port Input	15	83161	83130	1
S6002663	1	Port Input	14	83161	83130	1
S6002663	1	Port Input	15	83162	83130	1
S6002663	1	Port Input	14	83162	83130	1
S6002663	1	Port Input	15	83162	83130	1
S6002663	1	Port Input	14	83162	83130	1
S6002663	1	Port Input	15	83162	83130	1
S6002663	1	Port Input	14	83162	83130	1
S6002663	1	Port Input	15	83162	83130	1
S6002663	1	Port Input	14	83162	83130	1
S6002663	1	Port Input	15	83162	83130	1
S6002663	1	Port Input	14	83162	83130	1
S6002663	1	Port Input	15	83162	83130	1
S6002663	1	Port Input	14	83162	83130	1
S6002663	1	Port Input	15	83162	83131	1
S6002663	1	Port Input	14	83162	83131	1
S6002663	1	Port Input	15	83163	83131	1
S6002663	1	Port Input	14	83163	83131	1
S6002663	1	Port Input	15	83163	83131	1
S6002663	1	Port Input	14	83163	83131	1
S6002663	1	Port Input	15	83163	83131	1
S6002663	1	Port Input	14	83163	83131	1
S6002663	1	Port Input	15	83163	83131	1
S6002663	1	Port Input	14	83163	83131	1
S6002663	1	Port Input	15	83163	83131	1
S6002663	1	Port Input	14	83163	83131	1
S6002663	1	Port Input	15	83163	83131	1
S6002663	1	Port Input	14	83163	83131	1
S6002663	1	Port Input	15	83163	83132	1
S6002663	1	Port Input	14	83163	83132	1
S6002663	1	Port Input	15	83163	83132	1
S6002663	1	Port Input	14	83164	83132	1
S6002663	1	Port Input	15	83164	83133	1
S6002663	1	Port Input	14	83165	83133	1
S6002663	1	Port Input	15	83165	83133	1
S6002663	1	Port Input	14	83165	83133	1
S6002663	1	Port Input	15	83165	83133	1
S6002663	1	Port Input	14	83165	83133	1
S6002663	1	Port Input	15	83165	83133	1
S6002663	1	Port Input	14	83165	83133	1
S6002663	1	Port Input	15	83165	83133	1
S6002663	1	Port Input	14	83165	83133	1
S6002663	1	Port Input	15	83165	83134	1
S6002663	1	Port Input	14	83165	83134	1
S6002663	1	Port Input	15	83165	83134	1
S6002663	1	Port Input	14	83166	83134	1
S6002663	1	Port Input	15	83166	83134	1
S6002663	1	Port Input	14	83166	83134	1
S6002663	1	Port Input	15	83166	83134	1
S6002663	1	Port Input	14	83166	83134	1
S6002663	1	Port Input	15	83166	83134	1
S6002663	1	Port Input	14	83166	83134	1
S6002663	1	Port Input	15	83166	83134	1
S6002663	1	Port Input	14	83166	83135	1
S6002663	1	Port Input	15	83166	83135	1
S6002663	1	Port Input	14	83166	83135	1
S6002663	1	Port Input	15	83166	83135	1
S6002663	1	Port Input	14	83166	83135	1
S6002663	1	Port Input	15	83168	83136	1
S6002663	1	Port Input	14	83168	83136	1
S6002663	1	Port Input	15	83168	83136	1
S6002663	1	Port Input	14	83168	83136	1
S6002663	1	Port Input	15	83168	83136	1
S6002663	1	Port Input	14	83168	83136	1
S6002663	1	Port Input	15	83168	83136	1
S6002663	1	Port Input	14	83168	83136	1
S6002663	1	Port Input	15	85361	85329	1
S6002663	1	Port Input	14	85361	85329	1
S6002663	1	Port Input	15	85361	85330	1
S6002663	1	Port Input	14	85361	85330	1
S6002663	1	Port Input	15	85362	85330	1
S6002663	1	Port Input	14	85362	85330	1
S6002663	1	Port Input	15	85362	85330	1
S6002663	1	Port Input	14	85362	85330	1
S6002663	1	Port Input	15	85362	85330	1
S6002663	1	Port Input	14	85362	85330	1
S6002663	1	Port Input	15	85362	85331	1
S6002663	1	Port Input	14	85362	85331	1
S6002663	1	Port Input	15	85362	85331	1
S6002663	1	Port Input	14	85362	85331	1
S6002663	1	Port Input	15	85363	85331	1
S6002663	1	Port Input	14	85363	85331	1
S6002663	1	Port Input	15	85364	85332	1
S6002663	1	Port Input	14	85364	85332	1
S6002663	1	Port Input	15	85364	85333	1
S6002663	2	Port Input	14	129205	39107	1
S6002663	2	Response	100	129205	39107	1
S6002663	2	Port Input	15	129205	39107	1
S6002663	2	Port Input	14	129205	39107	3
S6002663	2	Port Input	15	129212	39114	1
S6002663	2	Port Input	14	129212	39114	1
S6002663	3	Port Input	15	131877	2614	8
S6002663	3	Port Input	14	140149	10885	8
S6002663	3	Response	100	140149	10885	8
S6002663	4	Port Input	15	142887	2652	8
S6002663	4	Port Input	14	149586	9351	8
S6002663	4	Response	100	149586	9351	8
S6002663	5	Port Input	15	152357	2747	8
S6002663	5	Port Input	14	152364	2754	1
S6002663	5	Port Input	15	152364	2754	1
S6002663	5	Port Input	14	160608	10998	9
S6002663	5	Response	100	160608	10998	9
S6002663	6	Port Input	15	163295	2644	1
S6002663	6	Port Input	14	163295	2644	1
S6002663	6	Port Input	15	163295	2644	8
S6002663	6	Port Input	14	171269	10618	8
S6002663	6	Response	100	171269	10618	8
S6002663	6	Port Input	15	171294	10643	1
S6002663	6	Port Input	14	171294	10643	1
S6002663	7	Port Input	15	174043	2698	8
S6002663	7	Port Input	14	181341	9996	9
S6002663	7	Response	100	181341	9996	9
S6002663	8	Port Input	15	184199	2785	8
S6002663	8	Port Input	14	191424	10009	1
S6002663	8	Response	100	191424	10009	1
S6002663	8	Port Input	15	191424	10009	1
S6002663	8	Port Input	14	191424	10010	8
S6002663	9	Port Input	15	194262	2779	8
S6002663	9	Port Input	14	201203	9720	8
S6002663	9	Response	100	201203	9720	8
S6002663	10	Port Input	15	201932	657	9
S6002663	10	Port Input	14	201940	666	1
S6002663	10	Port Input	15	201940	666	1
S6002663	10	Port Input	14	201948	673	8
S6002663	10	Port Input	15	204046	2771	8
S6002663	10	Port Input	14	210992	9718	1
S6002663	10	Response	100	210992	9718	1
S6002663	10	Port Input	15	211000	9726	1
S6002663	10	Port Input	14	211000	9726	1
S6002663	11	Port Input	15	213805	2739	8
S6002663	11	Port Input	14	225237	14171	8
S6002663	11	Response	100	225237	14171	8
S6002663	12	Port Input	15	227829	2528	8
S6002663	12	Port Input	14	234635	9333	8
S6002663	12	Response	100	234635	9333	8
S6002663	13	Port Input	15	237230	2554	8
S6002663	13	Port Input	14	244636	9960	8
S6002663	13	Response	100	244636	9960	8
S6002663	14	Port Input	15	246949	2273	1
S6002663	14	Port Input	14	246949	2273	1
S6002663	14	Port Input	15	247047	2371	1
S6002663	14	Port Input	14	247047	2371	8
S6002663	14	Port Input	15	247358	2682	8
S6002663	14	Port Input	14	257995	13320	8
S6002663	14	Response	100	257995	13320	8
S6002663	15	Port Input	15	260696	2618	8
S6002663	15	Port Input	14	268073	9995	8
S6002663	15	Response	100	268073	9995	8
S6002663	15	Port Input	15	268091	10013	1
S6002663	15	Port Input	14	268091	10013	1
S6002663	16	Port Input	15	270956	2809	8
S6002663	16	Port Input	14	278955	10808	8
S6002663	16	Response	100	278955	10808	8
S6002663	16	Port Input	15	278976	10829	1
S6002663	16	Port Input	14	278976	10829	1
S6002663	16	Port Input	15	278976	10829	1
S6002663	16	Port Input	14	278976	10829	1
S6002663	17	Port Input	15	281382	2402	8
S6002663	17	Port Input	14	290242	11262	8
S6002663	17	Response	100	290242	11262	8
S6002663	17	Port Input	15	290250	11270	1
S6002663	17	Port Input	14	290250	11270	1
S6002663	17	Port Input	15	290258	11278	1
S6002663	17	Port Input	14	290258	11278	1
S6002663	18	Port Input	15	291170	871	8
S6002663	18	Port Input	14	291178	879	1
S6002663	18	Port Input	15	291186	887	8
S6002663	18	Port Input	14	291193	894	8
S6002663	18	Port Input	15	293179	2880	8
S6002663	18	Port Input	14	300020	9721	8
S6002663	18	Response	100	300020	9721	8
S6002663	19	Port Input	15	301022	931	8
S6002663	19	Port Input	14	301029	939	8
S6002663	19	Port Input	15	301052	961	8
S6002663	19	Port Input	14	301059	969	1
S6002663	19	Port Input	15	302939	2848	8
S6002663	19	Port Input	14	309953	9862	8
S6002663	19	Response	100	309953	9862	8
S6002663	19	Port Input	15	309960	9869	1
S6002663	19	Port Input	14	309960	9870	1
S6002663	20	Port Input	15	310783	763	8
S6002663	20	Port Input	14	310791	770	1
S6002663	20	Port Input	15	312330	2310	8
S6002663	20	Port Input	14	320633	10612	8
S6002663	20	Response	100	320633	10612	8
S6002663	21	Port Input	15	321261	546	1
S6002663	21	Port Input	14	321261	546	1
S6002663	21	Port Input	15	321292	577	1
S6002663	21	Port Input	14	321292	577	8
S6002663	21	Port Input	15	322987	2272	8
S6002663	21	Port Input	14	330507	9792	8
S6002663	21	Response	100	330507	9792	8
S6002663	22	Port Input	15	332968	2392	8
S6002663	22	Port Input	14	342316	11741	1
S6002663	22	Response	100	342316	11741	1
S6002663	22	Port Input	15	342316	11741	1
S6002663	22	Port Input	14	342316	11741	1
S6002663	23	Port Input	15	343106	726	8
S6002663	23	Port Input	14	343576	1195	8
S6002663	23	Port Input	15	344188	1807	1
S6002663	23	Port Input	14	344188	1807	1
S6002663	23	Port Input	15	344256	1876	8
S6002663	23	Port Input	14	344264	1883	1
S6002663	23	Port Input	15	344597	2216	8
S6002663	23	Port Input	14	344604	2223	1
S6002663	23	Port Input	15	344604	2224	8
S6002663	23	Port Input	14	352472	10091	8
S6002663	23	Response	100	352472	10091	8
S6002663	24	Port Input	15	355097	2578	8
S6002663	24	Port Input	14	362220	9701	8
S6002663	24	Response	100	362220	9701	8
S6002663	25	Port Input	15	362975	665	1
S6002663	25	Port Input	14	362975	665	8
S6002663	25	Port Input	15	364636	2325	1
S6002663	25	Port Input	14	364636	2325	8
S6002663	25	Port Input	15	364916	2606	8
S6002663	25	Port Input	14	371742	9431	8
S6002663	25	Response	100	371742	9431	8
S6002663	26	Port Input	15	372717	893	1
S6002663	26	Port Input	14	372717	893	8
S6002663	26	Port Input	15	373298	1474	8
S6002663	26	Port Input	14	373305	1481	1
S6002663	26	Port Input	15	373381	1558	8
S6002663	26	Port Input	14	373389	1565	1
S6002663	26	Port Input	15	374125	2301	8
S6002663	26	Port Input	14	384926	13102	1
S6002663	26	Response	100	384926	13102	1
S6002663	26	Port Input	15	384927	13103	8
S6002663	27	Port Input	14	384949	0	7
S6002663	27	Port Input	15	387577	2628	8
S6002663	27	Port Input	14	395317	10368	8
S6002663	27	Response	100	395317	10368	8
S6002663	28	Port Input	15	397889	2524	8
S6002663	28	Port Input	14	405257	9892	8
S6002663	28	Response	100	405257	9892	8
S6002663	29	Port Input	15	407867	2572	1
S6002663	29	Port Input	14	407867	2572	1
S6002663	29	Port Input	15	407867	2572	7
S6002663	29	Port Input	14	415909	10614	7
S6002663	29	Response	100	415909	10614	7
S6002663	30	Port Input	15	418274	2285	8
S6002663	30	Port Input	14	427402	11413	7
S6002663	30	Response	100	427402	11413	7
S6002663	31	Port Input	15	429945	2498	7
S6002663	31	Port Input	14	437697	10250	7
S6002663	31	Response	100	437697	10250	7
S6002663	32	Port Input	15	440233	2509	7
S6002663	32	Port Input	14	449219	11495	7
S6002663	32	Response	100	449219	11495	7
S6002663	33	Port Input	15	451681	2429	7
S6002663	33	Port Input	14	459533	10282	7
S6002663	33	Response	100	459533	10282	8
S6002663	34	Port Input	15	462045	2446	7
S6002663	34	Port Input	14	470213	10615	7
S6002663	34	Response	100	470213	10615	7
S6002663	35	Port Input	15	472546	2254	7
S6002663	35	Port Input	14	481486	11193	8
S6002663	35	Response	100	481486	11193	8
S6002663	36	Port Input	15	484107	2564	1
S6002663	36	Port Input	14	484107	2564	1
S6002663	36	Port Input	15	484107	2565	8
S6002663	36	Port Input	14	492524	10981	8
S6002663	36	Response	100	492524	10981	8
