Scenario - passive press generic training 1.2
Logfile written - 11/02/2022 13:52:17

Subject	Trial	Event Type	Code	Time	TTime	Uncertainty	Duration	Uncertainty	ReqTime	ReqDur	Stim Type	Pair Index

S6003691	1	Picture	83	49	0	1	5000	1	0	4950	other	0
S6003691	1	Picture	82	10049	10000	1	5000	1	9950	4950	other	0
S6003691	1	Picture	81	20048	19999	1	5000	1	19950	4950	other	0
S6003691	1	Picture	80	30048	29999	1	5000	1	29950	4950	other	0
S6003691	1	Picture	81	40048	39999	1	10000	1	39950	9950	other	0
S6003691	1	Port Input	14	46896	46847	1
S6003691	1	Response	100	46896	46847	1
S6003691	1	Port Input	15	46896	46847	1
S6003691	1	Port Input	14	46896	46847	1
S6003691	1	Port Input	15	47184	47135	1
S6003691	1	Port Input	14	47184	47135	1
S6003691	1	Port Input	15	47189	47140	1
S6003691	1	Port Input	14	47189	47140	1
S6003691	1	Port Input	15	47190	47141	1
S6003691	1	Port Input	14	47190	47141	1
S6003691	1	Port Input	15	47191	47142	1
S6003691	1	Port Input	14	47191	47142	1
S6003691	1	Port Input	15	47192	47143	1
S6003691	1	Port Input	14	47192	47143	1
S6003691	1	Port Input	15	47195	47146	1
S6003691	1	Port Input	14	47195	47146	1
S6003691	1	Port Input	15	47200	47151	1
S6003691	1	Port Input	14	47200	47151	1
S6003691	1	Port Input	15	49894	49845	1
S6003691	1	Port Input	14	49894	49845	1
S6003691	1	Port Input	15	50420	50371	1
S6003691	1	Picture	81	60047	59998	1	10000	1	59950	9950	other	0
S6003691	1	Port Input	14	64201	64152	1
S6003691	1	Response	100	64201	64152	1
S6003691	1	Port Input	15	64201	64152	1
S6003691	1	Port Input	14	64202	64153	1
S6003691	1	Port Input	15	64202	64153	1
S6003691	1	Port Input	14	64202	64153	1
S6003691	1	Port Input	15	64202	64153	1
S6003691	1	Port Input	14	64202	64153	1
S6003691	1	Port Input	15	64202	64153	1
S6003691	1	Port Input	14	64202	64153	1
S6003691	1	Port Input	15	64202	64153	1
S6003691	1	Port Input	14	64202	64153	1
S6003691	1	Port Input	15	64202	64153	1
S6003691	1	Port Input	14	64202	64153	1
S6003691	1	Port Input	15	64202	64153	1
S6003691	1	Port Input	14	64203	64153	1
S6003691	1	Port Input	15	64434	64385	1
S6003691	1	Port Input	14	64434	64385	1
S6003691	1	Port Input	15	64446	64397	1
S6003691	1	Port Input	14	64446	64397	1
S6003691	1	Port Input	15	64449	64400	1
S6003691	1	Port Input	14	64449	64400	1
S6003691	1	Port Input	15	64449	64400	1
S6003691	1	Port Input	14	64449	64400	1
S6003691	1	Port Input	15	64449	64400	1
S6003691	1	Port Input	14	64449	64400	1
S6003691	1	Port Input	15	64452	64403	1
S6003691	1	Port Input	14	64452	64403	1
S6003691	1	Port Input	15	64454	64405	1
S6003691	1	Port Input	14	64454	64405	1
S6003691	1	Port Input	15	64459	64410	1
S6003691	1	Port Input	14	64459	64410	1
S6003691	1	Port Input	15	64460	64411	1
S6003691	1	Port Input	14	64460	64411	1
S6003691	1	Port Input	15	64461	64411	1
S6003691	1	Port Input	14	64461	64412	1
S6003691	1	Port Input	15	64461	64412	1
S6003691	1	Port Input	14	64461	64412	1
S6003691	1	Port Input	15	64462	64412	1
S6003691	1	Port Input	14	64462	64412	1
S6003691	1	Port Input	15	64462	64413	1
S6003691	1	Port Input	14	64462	64413	1
S6003691	1	Port Input	15	64462	64413	1
S6003691	1	Port Input	14	64462	64413	1
S6003691	1	Port Input	15	64462	64413	1
S6003691	1	Port Input	14	64462	64413	1
S6003691	1	Port Input	15	66163	66114	1
S6003691	1	Port Input	14	66163	66114	1
S6003691	1	Port Input	15	66686	66637	1
S6003691	1	Port Input	14	66686	66637	1
S6003691	1	Port Input	15	66686	66637	1
S6003691	1	Picture	81	80046	79997	1	10000	1	79950	9950	other	0
S6003691	1	Port Input	14	83616	83567	1
S6003691	1	Response	100	83616	83567	1
S6003691	1	Port Input	15	83616	83567	1
S6003691	1	Port Input	14	83617	83568	1
S6003691	1	Port Input	15	83617	83568	1
S6003691	1	Port Input	14	83618	83569	1
S6003691	1	Port Input	15	83618	83569	1
S6003691	1	Port Input	14	83618	83569	1
S6003691	1	Port Input	15	83618	83569	1
S6003691	1	Port Input	14	83618	83569	1
S6003691	1	Port Input	15	83618	83569	1
S6003691	1	Port Input	14	83618	83569	1
S6003691	1	Port Input	15	83618	83569	1
S6003691	1	Port Input	14	83618	83569	1
S6003691	1	Port Input	15	83618	83569	1
S6003691	1	Port Input	14	83618	83569	1
S6003691	1	Port Input	15	83619	83570	1
S6003691	1	Port Input	14	83619	83570	1
S6003691	1	Port Input	15	83619	83570	1
S6003691	1	Port Input	14	83620	83571	1
S6003691	1	Port Input	15	83621	83572	1
S6003691	1	Port Input	14	83621	83572	1
S6003691	1	Port Input	15	83997	83948	1
S6003691	1	Port Input	14	83997	83948	1
S6003691	1	Port Input	15	84003	83954	1
S6003691	1	Port Input	14	84003	83954	1
S6003691	1	Port Input	15	84003	83954	1
S6003691	1	Port Input	14	84003	83954	1
S6003691	1	Port Input	15	84004	83955	1
S6003691	1	Port Input	14	84004	83955	1
S6003691	1	Port Input	15	84004	83955	1
S6003691	1	Port Input	14	84005	83955	1
S6003691	1	Port Input	15	84006	83957	1
S6003691	1	Port Input	14	84006	83957	1
S6003691	1	Port Input	15	84007	83958	1
S6003691	1	Port Input	14	84007	83958	1
S6003691	1	Port Input	15	84013	83964	1
S6003691	1	Port Input	14	84014	83964	1
S6003691	1	Port Input	15	84029	83980	1
S6003691	1	Port Input	14	84029	83980	1
S6003691	1	Port Input	15	84033	83984	1
S6003691	1	Port Input	14	84033	83984	1
S6003691	1	Port Input	15	84034	83985	1
S6003691	1	Port Input	14	84034	83985	1
S6003691	1	Port Input	15	84034	83985	1
S6003691	1	Port Input	14	84034	83985	1
S6003691	1	Port Input	15	84037	83988	1
S6003691	1	Port Input	14	84037	83988	1
S6003691	1	Port Input	15	86256	86207	1
S6003691	1	Port Input	14	86256	86207	1
S6003691	1	Port Input	15	86256	86207	1
S6003691	1	Port Input	14	86256	86207	1
S6003691	1	Port Input	15	86256	86207	1
S6003691	1	Port Input	14	86256	86207	1
S6003691	1	Port Input	15	86257	86207	1
S6003691	1	Port Input	14	86257	86208	1
S6003691	1	Port Input	15	86257	86208	1
S6003691	1	Port Input	14	86257	86208	1
S6003691	1	Port Input	15	86257	86208	1
S6003691	1	Port Input	14	86257	86208	1
S6003691	1	Port Input	15	86259	86210	1
S6003691	1	Port Input	14	86259	86210	1
S6003691	1	Port Input	15	86259	86210	1
S6003691	1	Port Input	14	86259	86210	1
S6003691	1	Port Input	15	86259	86210	1
S6003691	1	Port Input	14	86259	86210	1
S6003691	1	Port Input	15	86260	86211	1
S6003691	1	Port Input	14	86260	86211	1
S6003691	1	Port Input	15	86260	86211	1
S6003691	1	Port Input	14	86260	86211	1
S6003691	1	Port Input	15	86261	86212	1
S6003691	2	Port Input	14	104780	14665	3
S6003691	2	Response	100	104780	14665	3
S6003691	3	Port Input	15	107635	2798	8
S6003691	3	Port Input	14	125377	20540	8
S6003691	3	Response	100	125377	20540	8
S6003691	4	Port Input	15	127711	2250	8
S6003691	4	Port Input	14	139243	13781	8
S6003691	4	Response	100	139243	13781	8
S6003691	5	Port Input	15	141625	2345	8
S6003691	5	Port Input	14	154164	14884	8
S6003691	5	Response	100	154164	14884	8
S6003691	6	Port Input	15	157012	2802	8
S6003691	6	Port Input	14	170423	16213	8
S6003691	6	Response	100	170423	16213	8
S6003691	7	Port Input	15	173420	2961	8
S6003691	7	Port Input	14	187581	17122	7
S6003691	7	Response	100	187581	17122	8
S6003691	8	Port Input	15	190675	3063	8
S6003691	8	Port Input	14	205681	18070	7
S6003691	8	Response	100	205681	18070	8
S6003691	9	Port Input	15	208513	2777	8
S6003691	9	Port Input	14	208520	2784	1
S6003691	9	Port Input	15	208520	2784	8
S6003691	9	Port Input	14	223367	17631	7
S6003691	9	Response	100	223367	17631	8
S6003691	9	Port Input	15	223389	17653	1
S6003691	9	Port Input	14	223389	17653	1
S6003691	9	Port Input	15	223393	17657	1
S6003691	9	Port Input	14	223393	17657	1
S6003691	9	Port Input	15	223394	17658	1
S6003691	9	Port Input	14	223394	17658	1
S6003691	9	Port Input	15	223395	17659	1
S6003691	9	Port Input	14	223395	17660	1
S6003691	9	Port Input	15	223396	17660	1
S6003691	9	Port Input	14	223396	17660	1
S6003691	9	Port Input	15	223396	17660	1
S6003691	9	Port Input	14	223397	17661	1
S6003691	9	Port Input	15	223397	17661	1
S6003691	9	Port Input	14	223397	17661	1
S6003691	9	Port Input	15	223401	17665	1
S6003691	9	Port Input	14	223401	17665	1
S6003691	9	Port Input	15	223401	17665	1
S6003691	9	Port Input	14	223401	17665	1
S6003691	9	Port Input	15	223403	17667	1
S6003691	9	Port Input	14	223404	17668	1
S6003691	9	Port Input	15	223404	17668	1
S6003691	9	Port Input	14	223404	17668	1
S6003691	9	Port Input	15	223404	17668	1
S6003691	9	Port Input	14	223404	17668	1
S6003691	9	Port Input	15	223419	17683	1
S6003691	9	Port Input	14	223419	17683	1
S6003691	9	Port Input	15	223429	17693	1
S6003691	9	Port Input	14	223429	17693	1
S6003691	10	Port Input	15	225837	2393	8
S6003691	10	Port Input	14	242922	19478	8
S6003691	10	Response	100	242922	19478	8
S6003691	10	Port Input	15	242936	19493	1
S6003691	10	Port Input	14	242937	19493	1
S6003691	11	Port Input	15	245875	2918	7
S6003691	11	Port Input	14	260221	17265	8
S6003691	11	Response	100	260221	17265	8
S6003691	12	Port Input	15	263277	3029	8
S6003691	12	Port Input	14	275400	15152	7
S6003691	12	Response	100	275400	15152	8
