Scenario - passive press generic training 1.2
Logfile written - 05/01/2023 14:06:47

Subject	Trial	Event Type	Code	Time	TTime	Uncertainty	Duration	Uncertainty	ReqTime	ReqDur	Stim Type	Pair Index

S6015293	1	Picture	83	68	0	1	5000	1	0	4950	other	0
S6015293	1	Picture	82	10067	10000	1	5000	1	9950	4950	other	0
S6015293	1	Port Input	14	11571	11503	1
S6015293	1	Response	100	11571	11503	1
S6015293	1	Port Input	15	11571	11504	1
S6015293	1	Port Input	14	11571	11504	1
S6015293	1	Port Input	15	11571	11504	1
S6015293	1	Port Input	14	11571	11504	1
S6015293	1	Port Input	15	11572	11504	1
S6015293	1	Port Input	14	11572	11504	1
S6015293	1	Port Input	15	11572	11505	1
S6015293	1	Port Input	14	11572	11505	1
S6015293	1	Port Input	15	13207	13139	1
S6015293	1	Picture	81	20067	19999	1	5000	1	19950	4950	other	0
S6015293	1	Port Input	14	20447	20380	1
S6015293	1	Response	100	20447	20380	1
S6015293	1	Port Input	15	20448	20380	1
S6015293	1	Port Input	14	20448	20380	1
S6015293	1	Port Input	15	22344	22276	1
S6015293	1	Port Input	14	22344	22276	1
S6015293	1	Port Input	15	22345	22277	1
S6015293	1	Port Input	14	22345	22277	1
S6015293	1	Port Input	15	22345	22278	1
S6015293	1	Port Input	14	22345	22278	1
S6015293	1	Port Input	15	22346	22278	1
S6015293	1	Port Input	14	22346	22278	1
S6015293	1	Port Input	15	22346	22279	1
S6015293	1	Port Input	14	22346	22279	1
S6015293	1	Port Input	15	22347	22279	1
S6015293	1	Picture	80	30066	29999	1	5000	1	29950	4950	other	0
S6015293	1	Port Input	14	32388	32321	1
S6015293	1	Response	100	32388	32321	1
S6015293	1	Port Input	15	32389	32321	1
S6015293	1	Port Input	14	32389	32321	1
S6015293	1	Port Input	15	32389	32321	1
S6015293	1	Port Input	14	32389	32321	1
S6015293	1	Port Input	15	32389	32322	1
S6015293	1	Port Input	14	32389	32322	1
S6015293	1	Port Input	15	32389	32322	1
S6015293	1	Port Input	14	32389	32322	1
S6015293	1	Port Input	15	32389	32322	1
S6015293	1	Port Input	14	32389	32322	1
S6015293	1	Port Input	15	32389	32322	1
S6015293	1	Port Input	14	32389	32322	1
S6015293	1	Port Input	15	32390	32322	1
S6015293	1	Port Input	14	32390	32322	1
S6015293	1	Port Input	15	32390	32322	1
S6015293	1	Port Input	14	32390	32322	1
S6015293	1	Port Input	15	32390	32322	1
S6015293	1	Port Input	14	32390	32322	1
S6015293	1	Port Input	15	32392	32324	1
S6015293	1	Port Input	14	32392	32324	1
S6015293	1	Port Input	15	32392	32325	1
S6015293	1	Port Input	14	32392	32325	1
S6015293	1	Port Input	15	33971	33904	1
S6015293	1	Port Input	14	33971	33904	1
S6015293	1	Port Input	15	33971	33904	1
S6015293	1	Port Input	14	33971	33904	1
S6015293	1	Port Input	15	33971	33904	1
S6015293	1	Port Input	14	33971	33904	1
S6015293	1	Port Input	15	33971	33904	1
S6015293	1	Port Input	14	33972	33904	1
S6015293	1	Port Input	15	33972	33904	1
S6015293	1	Port Input	14	33972	33904	1
S6015293	1	Port Input	15	33972	33905	1
S6015293	1	Picture	81	40066	39999	1	10000	1	39950	9950	other	0
S6015293	1	Port Input	14	43532	43465	1
S6015293	1	Response	100	43532	43465	1
S6015293	1	Port Input	15	43532	43465	1
S6015293	1	Port Input	14	43533	43465	1
S6015293	1	Port Input	15	43533	43466	1
S6015293	1	Port Input	14	43533	43466	1
S6015293	1	Port Input	15	46036	45969	1
S6015293	1	Port Input	14	46036	45969	1
S6015293	1	Port Input	15	46036	45969	1
S6015293	1	Port Input	14	46037	45969	1
S6015293	1	Port Input	15	46037	45969	1
S6015293	1	Port Input	14	46037	45969	1
S6015293	1	Port Input	15	46037	45970	1
S6015293	1	Port Input	14	46037	45970	1
S6015293	1	Port Input	15	46037	45970	1
S6015293	1	Port Input	14	46037	45970	1
S6015293	1	Port Input	15	46038	45970	1
S6015293	1	Picture	81	60065	59998	1	10000	1	59950	9950	other	0
S6015293	1	Port Input	14	62337	62270	1
S6015293	1	Response	100	62337	62270	1
S6015293	1	Port Input	15	62338	62270	1
S6015293	1	Port Input	14	62338	62270	1
S6015293	1	Port Input	15	62338	62270	1
S6015293	1	Port Input	14	62338	62270	1
S6015293	1	Port Input	15	62338	62270	1
S6015293	1	Port Input	14	62338	62270	1
S6015293	1	Port Input	15	62338	62270	1
S6015293	1	Port Input	14	62338	62270	1
S6015293	1	Port Input	15	62339	62271	1
S6015293	1	Port Input	14	62339	62271	1
S6015293	1	Port Input	15	62339	62271	1
S6015293	1	Port Input	14	62339	62271	1
S6015293	1	Port Input	15	62339	62271	1
S6015293	1	Port Input	14	62339	62271	1
S6015293	1	Port Input	15	62340	62273	1
S6015293	1	Port Input	14	62340	62273	1
S6015293	1	Port Input	15	62342	62274	1
S6015293	1	Port Input	14	62342	62274	1
S6015293	1	Port Input	15	67173	67105	1
S6015293	1	Port Input	14	67173	67105	1
S6015293	1	Port Input	15	67173	67106	1
S6015293	1	Port Input	14	67174	67106	1
S6015293	1	Port Input	15	67175	67107	1
S6015293	1	Port Input	14	67175	67107	1
S6015293	1	Port Input	15	67177	67109	1
S6015293	1	Port Input	14	67177	67109	1
S6015293	1	Port Input	15	67177	67110	1
S6015293	1	Port Input	14	67177	67110	1
S6015293	1	Port Input	15	67179	67111	1
S6015293	1	Port Input	14	67179	67111	1
S6015293	1	Port Input	15	67179	67112	1
S6015293	1	Port Input	14	67179	67112	1
S6015293	1	Port Input	15	67180	67112	1
S6015293	1	Port Input	14	67180	67112	1
S6015293	1	Port Input	15	67180	67112	1
S6015293	1	Port Input	14	67180	67112	1
S6015293	1	Port Input	15	67180	67113	1
S6015293	1	Port Input	14	67180	67113	1
S6015293	1	Port Input	15	67181	67113	1
S6015293	1	Port Input	14	67181	67113	1
S6015293	1	Port Input	15	67181	67114	1
S6015293	1	Port Input	14	67181	67114	1
S6015293	1	Port Input	15	67182	67114	1
S6015293	1	Port Input	14	67182	67114	1
S6015293	1	Port Input	15	67184	67116	1
S6015293	1	Port Input	14	67184	67116	1
S6015293	1	Port Input	15	67184	67117	1
S6015293	1	Port Input	14	67184	67117	1
S6015293	1	Port Input	15	67184	67117	1
S6015293	1	Port Input	14	67184	67117	1
S6015293	1	Port Input	15	67185	67117	1
S6015293	1	Port Input	14	67185	67117	1
S6015293	1	Port Input	15	67186	67118	1
S6015293	1	Port Input	14	67186	67118	1
S6015293	1	Port Input	15	67186	67119	1
S6015293	1	Port Input	14	67186	67119	1
S6015293	1	Port Input	15	67186	67119	1
S6015293	1	Port Input	14	67186	67119	1
S6015293	1	Port Input	15	67187	67119	1
S6015293	1	Port Input	14	67187	67119	1
S6015293	1	Port Input	15	67188	67120	1
S6015293	1	Port Input	14	67188	67120	1
S6015293	1	Port Input	15	67188	67120	1
S6015293	1	Port Input	14	67188	67120	1
S6015293	1	Port Input	15	67188	67120	1
S6015293	1	Port Input	14	67188	67121	1
S6015293	1	Port Input	15	67189	67121	1
S6015293	1	Port Input	14	67189	67121	1
S6015293	1	Port Input	15	67189	67122	1
S6015293	1	Port Input	14	67189	67122	1
S6015293	1	Port Input	15	67190	67122	1
S6015293	1	Port Input	14	67190	67122	1
S6015293	1	Port Input	15	67190	67122	1
S6015293	1	Port Input	14	67190	67122	1
S6015293	1	Port Input	15	67190	67123	1
S6015293	1	Port Input	14	67190	67123	1
S6015293	1	Port Input	15	67190	67123	1
S6015293	1	Port Input	14	67190	67123	1
S6015293	1	Port Input	15	67191	67124	1
S6015293	1	Port Input	14	67192	67124	1
S6015293	1	Port Input	15	67192	67124	1
S6015293	1	Port Input	14	67192	67125	1
S6015293	1	Port Input	15	67192	67125	1
S6015293	1	Port Input	14	67193	67125	1
S6015293	1	Port Input	15	67193	67126	1
S6015293	1	Port Input	14	67193	67126	1
S6015293	1	Port Input	15	67194	67127	1
S6015293	1	Port Input	14	67194	67127	1
S6015293	1	Port Input	15	67195	67127	1
S6015293	1	Port Input	14	67195	67127	1
S6015293	1	Port Input	15	67195	67127	1
S6015293	1	Picture	81	80065	79997	1	10000	1	79950	9950	other	0
S6015293	1	Port Input	14	81633	81566	1
S6015293	1	Response	100	81633	81566	1
S6015293	1	Port Input	15	81633	81566	1
S6015293	1	Port Input	14	81633	81566	1
S6015293	1	Port Input	15	81633	81566	1
S6015293	1	Port Input	14	81633	81566	1
S6015293	1	Port Input	15	81634	81566	1
S6015293	1	Port Input	14	81634	81566	1
S6015293	1	Port Input	15	81634	81566	1
S6015293	1	Port Input	14	81634	81566	1
S6015293	1	Port Input	15	84995	84928	1
S6015293	1	Port Input	14	84996	84928	1
S6015293	1	Port Input	15	84996	84929	1
S6015293	1	Port Input	14	84996	84929	1
S6015293	1	Port Input	15	84999	84932	1
S6015293	1	Port Input	14	84999	84932	1
S6015293	1	Port Input	15	85001	84934	1
S6015293	1	Port Input	14	85001	84934	1
S6015293	1	Port Input	15	85001	84934	1
S6015293	1	Port Input	14	85001	84934	1
S6015293	1	Port Input	15	85002	84934	1
S6015293	1	Port Input	14	85002	84934	1
S6015293	1	Port Input	15	85002	84934	1
S6015293	1	Port Input	14	85002	84934	1
S6015293	1	Port Input	15	85003	84936	1
S6015293	1	Port Input	14	85003	84936	1
S6015293	1	Port Input	15	85004	84936	1
S6015293	1	Port Input	14	85004	84936	1
S6015293	1	Port Input	15	85004	84937	1
S6015293	1	Port Input	14	85004	84937	1
S6015293	1	Port Input	15	85009	84941	1
S6015293	1	Port Input	14	85009	84941	1
S6015293	1	Port Input	15	85009	84942	1
S6015293	1	Port Input	14	85009	84942	1
S6015293	1	Port Input	15	85009	84942	1
S6015293	1	Port Input	14	85009	84942	1
S6015293	1	Port Input	15	85010	84943	1
S6015293	1	Port Input	14	85011	84943	1
S6015293	1	Port Input	15	85011	84943	1
S6015293	1	Port Input	14	85011	84944	1
S6015293	1	Port Input	15	85011	84944	1
S6015293	1	Port Input	14	85011	84944	1
S6015293	1	Port Input	15	85012	84944	1
S6015293	1	Port Input	14	85012	84944	1
S6015293	1	Port Input	15	85012	84945	1
S6015293	1	Port Input	14	85014	84946	1
S6015293	1	Port Input	15	85019	84951	1
S6015293	1	Port Input	14	85019	84951	1
S6015293	1	Port Input	15	85020	84953	1
S6015293	1	Port Input	14	85020	84953	1
S6015293	1	Port Input	15	85021	84953	1
S6015293	1	Port Input	14	85021	84953	1
S6015293	1	Port Input	15	85021	84954	1
S6015293	1	Port Input	14	85022	84954	1
S6015293	1	Port Input	15	85022	84955	1
S6015293	1	Port Input	14	85022	84955	1
S6015293	1	Port Input	15	85023	84955	1
S6015293	1	Port Input	14	85023	84955	1
S6015293	1	Port Input	15	85023	84955	1
S6015293	1	Port Input	14	85023	84955	1
S6015293	1	Port Input	15	85023	84956	1
S6015293	1	Port Input	14	85023	84956	1
S6015293	1	Port Input	15	85024	84956	1
S6015293	1	Port Input	14	85024	84956	1
S6015293	1	Port Input	15	85024	84956	1
S6015293	1	Port Input	14	85024	84956	1
S6015293	1	Port Input	15	85024	84957	1
S6015293	1	Port Input	14	85024	84957	1
S6015293	1	Port Input	15	85024	84957	1
S6015293	1	Port Input	14	85024	84957	1
S6015293	1	Port Input	15	85025	84957	1
S6015293	1	Port Input	14	85025	84957	1
S6015293	1	Port Input	15	85025	84957	1
S6015293	1	Port Input	14	85025	84957	1
S6015293	1	Port Input	15	85025	84958	1
S6015293	1	Port Input	14	85025	84958	1
S6015293	1	Port Input	15	85025	84958	1
S6015293	1	Port Input	14	85025	84958	1
S6015293	1	Port Input	15	85026	84959	1
S6015293	1	Port Input	14	85027	84959	1
S6015293	1	Port Input	15	85027	84959	1
S6015293	1	Port Input	14	85027	84960	1
S6015293	1	Port Input	15	85028	84960	1
S6015293	1	Port Input	14	85028	84960	1
S6015293	1	Port Input	15	85028	84960	1
S6015293	1	Port Input	14	85029	84961	1
S6015293	1	Port Input	15	85029	84961	1
S6015293	1	Port Input	14	85029	84961	1
S6015293	1	Port Input	15	85029	84961	1
S6015293	2	Port Input	14	103955	13822	3
S6015293	2	Response	100	103955	13822	3
S6015293	3	Port Input	15	107384	3362	7
S6015293	3	Port Input	14	120300	16278	8
S6015293	3	Response	100	120300	16278	8
S6015293	4	Port Input	15	123383	3042	8
S6015293	4	Port Input	14	134876	14535	8
S6015293	4	Response	100	134876	14535	8
S6015293	5	Port Input	15	137953	3030	8
S6015293	5	Port Input	14	137961	3037	1
S6015293	5	Port Input	15	137961	3037	8
S6015293	5	Port Input	14	150506	15582	7
S6015293	5	Response	100	150506	15582	8
S6015293	6	Port Input	15	154001	3453	7
S6015293	6	Port Input	14	165770	15222	7
S6015293	6	Response	100	165770	15222	7
S6015293	7	Port Input	15	168513	2687	7
S6015293	7	Port Input	14	181207	15381	7
S6015293	7	Response	100	181207	15381	8
S6015293	8	Port Input	15	183872	2630	7
S6015293	8	Port Input	14	196148	14907	8
S6015293	8	Response	100	196148	14907	8
S6015293	9	Port Input	15	198598	2426	8
S6015293	9	Port Input	14	210834	14663	7
S6015293	9	Response	100	210834	14663	8
S6015293	10	Port Input	15	213908	3015	8
S6015293	10	Port Input	14	226717	15823	8
S6015293	10	Response	100	226717	15823	8
S6015293	11	Port Input	15	229592	2797	7
S6015293	11	Port Input	14	242137	15342	8
S6015293	11	Response	100	242137	15342	8
S6015293	12	Port Input	15	245309	3097	8
S6015293	12	Port Input	14	258562	16350	8
S6015293	12	Response	100	258562	16350	8
