Scenario - Push Button + tone (0ms)
Logfile written - 04/18/2023 12:38:39

Subject	Trial	Event Type	Code	Time	TTime	Uncertainty	Duration	Uncertainty	ReqTime	ReqDur	Stim Type	Pair Index

S6010671	1	Picture	start	55	0	1	40554	1	0	next	other	0
S6010671	3	Nothing	nothing	45110	0	0			0		hit	4
S6010671	3	Port Input	14	55184	10074	1
S6010671	3	Response	222	55184	10074	1
S6010671	3	Port Input	15	55184	10074	1
S6010671	3	Port Input	14	55184	10074	14
S6010671	4	Sound	20	55198	0	434			0		hit	72
S6010671	4	Port Input	15	57804	2607	1
S6010671	4	Port Input	14	57804	2607	1
S6010671	4	Port Input	15	57807	2610	1
S6010671	4	Port Input	14	57808	2610	1
S6010671	4	Port Input	15	57808	2610	1
S6010671	4	Port Input	14	57808	2610	1
S6010671	4	Port Input	15	57808	2611	1
S6010671	4	Port Input	14	57808	2611	1
S6010671	4	Port Input	15	57809	2612	1
S6010671	4	Port Input	14	57809	2612	1
S6010671	4	Port Input	15	57814	2616	1
S6010671	4	Port Input	14	57814	2616	1
S6010671	4	Port Input	15	57817	2619	1
S6010671	4	Port Input	14	57817	2619	1
S6010671	4	Port Input	15	57817	2620	1
S6010671	4	Port Input	14	57817	2620	1
S6010671	4	Port Input	15	57821	2624	1
S6010671	4	Port Input	14	57821	2624	1
S6010671	4	Port Input	15	57822	2624	1
S6010671	4	Port Input	14	57822	2624	1
S6010671	4	Port Input	15	57822	2625	1
S6010671	4	Port Input	14	57822	2625	1
S6010671	4	Port Input	15	57838	2640	1
S6010671	4	Port Input	14	57838	2640	1
S6010671	4	Port Input	15	57846	2649	1
S6010671	4	Port Input	14	57846	2649	1
S6010671	4	Port Input	15	57846	2649	1
S6010671	4	Port Input	14	57846	2649	1
S6010671	4	Port Input	15	57849	2651	1
S6010671	4	Port Input	14	57849	2651	1
S6010671	4	Port Input	15	57850	2652	1
S6010671	4	Port Input	14	57850	2652	1
S6010671	4	Port Input	15	57850	2653	1
S6010671	4	Port Input	14	57850	2653	1
S6010671	4	Port Input	15	57850	2653	1
S6010671	4	Port Input	14	57850	2653	1
S6010671	4	Port Input	15	57851	2653	1
S6010671	4	Port Input	14	57851	2653	1
S6010671	4	Port Input	15	57853	2655	1
S6010671	4	Port Input	14	57853	2655	1
S6010671	4	Port Input	15	57859	2662	1
S6010671	4	Port Input	14	57859	2662	1
S6010671	4	Port Input	15	57861	2663	1
S6010671	4	Port Input	14	57861	2663	1
S6010671	4	Port Input	15	57861	2664	1
S6010671	4	Port Input	14	57861	2664	1
S6010671	4	Port Input	15	57862	2664	1
S6010671	4	Port Input	14	57862	2664	1
S6010671	4	Port Input	15	57863	2665	1
S6010671	4	Port Input	14	57863	2665	1
S6010671	4	Port Input	15	57864	2667	1
S6010671	4	Port Input	14	57864	2667	1
S6010671	4	Port Input	15	57867	2669	1
S6010671	4	Port Input	14	57867	2669	1
S6010671	4	Port Input	15	57867	2670	1
S6010671	4	Port Input	14	57867	2670	1
S6010671	4	Port Input	15	57868	2670	1
S6010671	4	Port Input	14	57868	2670	1
S6010671	4	Port Input	15	57870	2673	1
S6010671	4	Port Input	14	57870	2673	1
S6010671	4	Port Input	15	58279	3082	1
S6010671	4	Port Input	14	58279	3082	1
S6010671	4	Port Input	15	58280	3082	1
S6010671	4	Port Input	14	67224	12026	1
S6010671	4	Response	222	67224	12026	1
S6010671	5	Sound	20	67225	0	4			0		hit	84
S6010671	5	Port Input	15	67521	296	1
S6010671	5	Port Input	14	67521	296	1
S6010671	5	Port Input	15	70157	2933	1
S6010671	5	Port Input	14	70157	2933	1
S6010671	5	Port Input	15	70157	2933	1
S6010671	5	Port Input	14	70157	2933	1
S6010671	5	Port Input	15	70158	2933	1
S6010671	5	Port Input	14	70158	2934	1
S6010671	5	Port Input	15	70159	2934	1
S6010671	5	Port Input	14	78831	11606	1
S6010671	5	Response	222	78831	11606	1
S6010671	5	Port Input	15	78831	11607	4
S6010671	6	Sound	20	78831	0	4			0		hit	94
S6010671	6	Port Input	14	78842	10	1
S6010671	6	Port Input	15	81600	2768	1
S6010671	6	Port Input	14	81600	2769	1
S6010671	6	Port Input	15	81600	2769	1
S6010671	6	Port Input	14	81600	2769	1
S6010671	6	Port Input	15	81601	2769	1
S6010671	6	Port Input	14	90929	12098	1
S6010671	6	Response	222	90929	12098	1
S6010671	7	Sound	20	90930	0	4			0		hit	104
S6010671	7	Port Input	15	93428	2498	1
S6010671	7	Port Input	14	93428	2498	1
S6010671	7	Port Input	15	93429	2498	1
S6010671	7	Port Input	14	93429	2498	1
S6010671	7	Port Input	15	93429	2499	1
S6010671	7	Port Input	14	93429	2499	1
S6010671	7	Port Input	15	93429	2499	1
S6010671	7	Port Input	14	101832	10902	1
S6010671	7	Response	222	101832	10902	1
S6010671	7	Port Input	15	101832	10902	1
S6010671	7	Port Input	14	101833	10902	1
S6010671	8	Sound	20	101833	0	4			0		hit	114
S6010671	8	Port Input	15	104697	2864	1
S6010671	8	Port Input	14	104697	2864	1
S6010671	8	Port Input	15	104697	2864	1
S6010671	8	Port Input	14	104697	2864	1
S6010671	8	Port Input	15	104697	2865	1
S6010671	8	Port Input	14	112943	11110	1
S6010671	8	Response	222	112943	11110	1
S6010671	9	Sound	20	112944	0	4			0		hit	118
S6010671	9	Port Input	15	115613	2669	1
S6010671	9	Port Input	14	123334	10390	1
S6010671	9	Response	222	123334	10390	1
S6010671	10	Sound	20	123335	0	5			0		hit	130
S6010671	10	Port Input	15	125785	2450	1
S6010671	10	Port Input	14	125785	2450	1
S6010671	10	Port Input	15	125785	2451	1
S6010671	10	Port Input	14	125785	2451	1
S6010671	10	Port Input	15	125786	2451	1
S6010671	10	Port Input	14	125786	2451	1
S6010671	10	Port Input	15	125786	2451	1
S6010671	10	Port Input	14	125786	2451	1
S6010671	10	Port Input	15	125786	2452	1
S6010671	10	Port Input	14	134724	11390	1
S6010671	10	Response	222	134724	11390	1
S6010671	11	Sound	20	134725	0	4			0		hit	134
S6010671	11	Port Input	15	137120	2395	1
S6010671	11	Port Input	14	146670	11945	1
S6010671	11	Response	222	146670	11945	1
S6010671	12	Sound	20	146671	0	4			0		hit	138
S6010671	12	Port Input	15	149088	2417	1
S6010671	12	Port Input	14	158323	11652	1
S6010671	12	Response	222	158323	11652	1
S6010671	13	Sound	20	158323	0	4			0		hit	144
S6010671	13	Port Input	15	160594	2271	1
S6010671	13	Port Input	14	160595	2271	1
S6010671	13	Port Input	15	160595	2272	1
S6010671	13	Port Input	14	168831	10508	1
S6010671	13	Response	222	168831	10508	1
S6010671	14	Sound	20	168832	0	4			0		hit	150
S6010671	14	Port Input	15	171358	2526	1
S6010671	14	Port Input	14	171358	2526	1
S6010671	14	Port Input	15	171358	2526	1
S6010671	14	Port Input	14	179487	10655	1
S6010671	14	Response	222	179487	10655	1
S6010671	15	Sound	20	179488	0	5			0		hit	156
S6010671	15	Port Input	15	181708	2220	1
S6010671	15	Port Input	14	181708	2220	1
S6010671	15	Port Input	15	181708	2220	1
S6010671	15	Port Input	14	190604	11116	1
S6010671	15	Response	222	190604	11116	1
S6010671	15	Port Input	15	190604	11116	1
S6010671	15	Port Input	14	190604	11116	1
S6010671	16	Sound	20	190605	0	4			0		hit	166
S6010671	16	Port Input	15	192726	2121	1
S6010671	16	Port Input	14	192726	2121	1
S6010671	16	Port Input	15	192726	2121	1
S6010671	16	Port Input	14	192726	2121	1
S6010671	16	Port Input	15	192726	2121	1
S6010671	16	Port Input	14	202220	11615	1
S6010671	16	Response	222	202220	11615	1
S6010671	17	Sound	20	202221	0	4			0		hit	176
S6010671	17	Port Input	15	204558	2338	1
S6010671	17	Port Input	14	204558	2338	1
S6010671	17	Port Input	15	204559	2338	1
S6010671	17	Port Input	14	204559	2338	1
S6010671	17	Port Input	15	204559	2339	1
S6010671	17	Port Input	14	204559	2339	1
S6010671	17	Port Input	15	204562	2342	1
S6010671	17	Port Input	14	213580	11359	1
S6010671	17	Response	222	213580	11359	1
S6010671	18	Sound	20	213581	0	4			0		hit	188
S6010671	18	Port Input	15	215778	2197	1
S6010671	18	Port Input	14	215778	2197	1
S6010671	18	Port Input	15	215780	2200	1
S6010671	18	Port Input	14	215781	2200	1
S6010671	18	Port Input	15	215781	2200	1
S6010671	18	Port Input	14	215781	2200	1
S6010671	18	Port Input	15	215781	2200	1
S6010671	18	Port Input	14	215781	2200	1
S6010671	18	Port Input	15	215781	2201	1
S6010671	18	Port Input	14	225150	11569	1
S6010671	18	Response	222	225150	11569	1
S6010671	19	Sound	20	225150	0	4			0		hit	192
S6010671	19	Port Input	15	227404	2254	1
S6010671	19	Port Input	14	235789	10639	1
S6010671	19	Response	222	235789	10639	1
S6010671	20	Sound	20	235790	0	4			0		hit	198
S6010671	20	Port Input	15	238052	2262	1
S6010671	20	Port Input	14	238052	2262	1
S6010671	20	Port Input	15	238052	2262	1
S6010671	20	Port Input	14	246965	11175	1
S6010671	20	Response	222	246965	11175	1
S6010671	21	Sound	20	246965	0	4			0		hit	202
S6010671	21	Port Input	15	249327	2361	1
S6010671	21	Port Input	14	258069	11104	1
S6010671	21	Response	222	258069	11104	1
S6010671	22	Sound	20	258070	0	4			0		hit	208
S6010671	22	Port Input	15	260552	2482	1
S6010671	22	Port Input	14	260552	2482	1
S6010671	22	Port Input	15	260552	2482	1
S6010671	22	Port Input	14	269291	11221	1
S6010671	22	Response	222	269291	11221	1
S6010671	23	Sound	20	269292	0	4			0		hit	214
S6010671	23	Port Input	15	271711	2419	1
S6010671	23	Port Input	14	271711	2420	1
S6010671	23	Port Input	15	271712	2420	1
S6010671	23	Port Input	14	280433	11141	1
S6010671	23	Response	222	280433	11141	1
S6010671	24	Sound	20	280434	0	5			0		hit	218
S6010671	24	Port Input	15	282792	2358	1
S6010671	24	Port Input	14	291343	10909	1
S6010671	24	Response	222	291343	10909	1
S6010671	25	Sound	20	291344	0	5			0		hit	226
S6010671	25	Port Input	15	293733	2389	1
S6010671	25	Port Input	14	293733	2389	1
S6010671	25	Port Input	15	293733	2390	1
S6010671	25	Port Input	14	293733	2390	1
S6010671	25	Port Input	15	293734	2390	1
S6010671	25	Port Input	14	302453	11109	1
S6010671	25	Response	222	302453	11109	1
S6010671	26	Sound	20	302454	0	4			0		hit	230
S6010671	26	Port Input	15	305075	2622	1
S6010671	26	Port Input	14	313714	11260	1
S6010671	26	Response	222	313714	11260	1
S6010671	26	Port Input	15	313714	11260	1
S6010671	26	Port Input	14	313714	11260	1
S6010671	26	Port Input	15	313714	11260	1
S6010671	26	Port Input	14	313714	11261	5
S6010671	27	Sound	20	313714	0	4			0		hit	248
S6010671	27	Port Input	15	315774	2060	1
S6010671	27	Port Input	14	315774	2060	1
S6010671	27	Port Input	15	315775	2060	1
S6010671	27	Port Input	14	315776	2061	1
S6010671	27	Port Input	15	315777	2063	1
S6010671	27	Port Input	14	315777	2063	1
S6010671	27	Port Input	15	315778	2063	1
S6010671	27	Port Input	14	315778	2063	1
S6010671	27	Port Input	15	315778	2063	1
S6010671	27	Port Input	14	315778	2064	1
S6010671	27	Port Input	15	315778	2064	1
S6010671	27	Port Input	14	324753	11038	1
S6010671	27	Response	222	324753	11038	1
S6010671	28	Sound	20	324754	0	5			0		hit	252
S6010671	28	Port Input	15	327530	2777	1
S6010671	28	Port Input	14	335891	11137	1
S6010671	28	Response	222	335891	11137	1
S6010671	29	Sound	20	335892	0	5			0		hit	258
S6010671	29	Port Input	15	338329	2437	1
S6010671	29	Port Input	14	338329	2437	1
S6010671	29	Port Input	15	338329	2438	1
S6010671	29	Port Input	14	347086	11194	1
S6010671	29	Response	222	347086	11194	1
S6010671	30	Sound	20	347087	0	5			0		hit	272
S6010671	30	Port Input	15	349846	2759	1
S6010671	30	Port Input	14	349846	2759	1
S6010671	30	Port Input	15	349846	2760	1
S6010671	30	Port Input	14	349847	2760	1
S6010671	30	Port Input	15	349847	2760	1
S6010671	30	Port Input	14	349847	2760	1
S6010671	30	Port Input	15	349847	2760	1
S6010671	30	Port Input	14	349847	2761	1
S6010671	30	Port Input	15	349849	2762	1
S6010671	30	Port Input	14	349849	2762	1
S6010671	30	Port Input	15	349849	2763	1
S6010671	30	Port Input	14	358053	10966	1
S6010671	30	Response	222	358053	10966	1
S6010671	31	Sound	20	358054	0	5			0		hit	276
S6010671	31	Port Input	15	360221	2167	1
S6010671	31	Port Input	14	369259	11206	1
S6010671	31	Response	222	369259	11206	1
S6010671	32	Sound	20	369260	0	5			0		hit	280
S6010671	32	Port Input	15	371498	2238	1
S6010671	32	Port Input	14	379580	10320	1
S6010671	32	Response	222	379580	10320	1
S6010671	32	Port Input	15	379580	10320	1
S6010671	32	Port Input	14	379580	10320	1
S6010671	33	Sound	20	379581	0	5			0		hit	286
S6010671	33	Port Input	15	382066	2485	1
S6010671	33	Port Input	14	391076	11495	1
S6010671	33	Response	222	391076	11495	1
S6010671	34	Sound	20	391077	0	5			0		hit	290
S6010671	34	Port Input	15	393161	2085	1
S6010671	34	Port Input	14	401896	10819	1
S6010671	34	Response	222	401896	10819	1
S6010671	35	Sound	20	401897	0	5			0		hit	296
S6010671	35	Port Input	15	404226	2329	1
S6010671	35	Port Input	14	404226	2329	1
S6010671	35	Port Input	15	404226	2330	1
S6010671	35	Port Input	14	412645	10748	1
S6010671	35	Response	222	412645	10748	1
S6010671	35	Port Input	15	412645	10748	1
S6010671	35	Port Input	14	412645	10749	5
S6010671	36	Sound	20	412645	0	5			0		hit	306
S6010671	36	Port Input	15	415360	2714	1
S6010671	36	Port Input	14	415360	2714	1
S6010671	36	Port Input	15	415360	2715	1
S6010671	36	Port Input	14	415360	2715	1
S6010671	36	Port Input	15	415360	2715	1
S6010671	36	Port Input	14	423424	10779	1
S6010671	36	Response	222	423424	10779	1
S6010671	37	Sound	20	423425	0	5			0		hit	310
S6010671	37	Port Input	15	426088	2663	1
S6010671	37	Port Input	14	434672	11247	1
S6010671	37	Response	222	434672	11247	1
S6010671	38	Sound	20	434672	0	5			0		hit	314
S6010671	38	Port Input	15	437870	3198	1
S6010671	38	Port Input	14	445524	10851	1
S6010671	38	Response	222	445524	10851	1
S6010671	39	Sound	20	445525	0	5			0		hit	318
S6010671	39	Port Input	15	448374	2850	1
S6010671	39	Port Input	14	456208	10683	1
S6010671	39	Response	222	456208	10683	1
S6010671	40	Sound	20	456209	0	5			0		hit	324
S6010671	40	Port Input	15	458890	2682	1
S6010671	40	Port Input	14	458890	2682	1
S6010671	40	Port Input	15	458891	2682	1
S6010671	40	Port Input	14	466999	10790	1
S6010671	40	Response	222	466999	10790	1
S6010671	41	Sound	20	467000	0	5			0		hit	330
S6010671	41	Port Input	15	469684	2684	1
S6010671	41	Port Input	14	469684	2684	1
S6010671	41	Port Input	15	469685	2685	1
S6010671	41	Port Input	14	478298	11298	1
S6010671	41	Response	222	478298	11298	1
S6010671	42	Sound	20	478299	0	5			0		hit	334
S6010671	42	Port Input	15	481299	3000	1
S6010671	42	Port Input	14	489382	11083	1
S6010671	42	Response	222	489382	11083	1
S6010671	43	Sound	20	489383	0	5			0		hit	340
S6010671	43	Port Input	15	491885	2502	1
S6010671	43	Port Input	14	491885	2502	1
S6010671	43	Port Input	15	491885	2502	1
S6010671	43	Port Input	14	500864	11481	1
S6010671	43	Response	222	500864	11481	1
S6010671	44	Sound	20	500864	0	5			0		hit	362
S6010671	44	Port Input	15	503475	2611	1
S6010671	44	Port Input	14	503475	2611	1
S6010671	44	Port Input	15	503477	2613	1
S6010671	44	Port Input	14	503477	2613	1
S6010671	44	Port Input	15	503477	2613	1
S6010671	44	Port Input	14	503477	2613	1
S6010671	44	Port Input	15	503478	2613	1
S6010671	44	Port Input	14	503478	2613	1
S6010671	44	Port Input	15	503478	2613	1
S6010671	44	Port Input	14	503478	2614	1
S6010671	44	Port Input	15	503478	2614	1
S6010671	44	Port Input	14	503478	2614	1
S6010671	44	Port Input	15	503479	2614	1
S6010671	44	Port Input	14	503479	2614	1
S6010671	44	Port Input	15	503479	2614	1
S6010671	44	Port Input	14	503479	2614	1
S6010671	44	Port Input	15	503479	2615	1
S6010671	44	Port Input	14	503479	2615	1
S6010671	44	Port Input	15	503480	2615	1
S6010671	44	Port Input	14	512209	11344	1
S6010671	44	Response	222	512209	11344	1
S6010671	45	Sound	20	512210	0	5			0		hit	368
S6010671	45	Port Input	15	515143	2933	1
S6010671	45	Port Input	14	515143	2933	1
S6010671	45	Port Input	15	515147	2938	1
S6010671	45	Port Input	14	522898	10688	1
S6010671	45	Response	222	522898	10688	1
S6010671	46	Sound	20	522899	0	5			0		hit	374
S6010671	46	Port Input	15	525609	2710	1
S6010671	46	Port Input	14	525609	2711	1
S6010671	46	Port Input	15	525610	2711	1
S6010671	46	Port Input	14	533958	11059	1
S6010671	46	Response	222	533958	11059	1
S6010671	47	Sound	20	533958	0	5			0		hit	378
S6010671	47	Port Input	15	536606	2647	1
S6010671	47	Port Input	14	544710	10751	1
S6010671	47	Response	222	544710	10751	1
S6010671	48	Sound	20	544710	0	5			0		hit	382
S6010671	48	Port Input	15	547410	2699	1
S6010671	48	Port Input	14	554525	9815	1
S6010671	48	Response	222	554525	9815	1
S6010671	49	Sound	20	554526	0	5			0		hit	394
S6010671	49	Port Input	15	557274	2748	1
S6010671	49	Port Input	14	557274	2748	1
S6010671	49	Port Input	15	557275	2749	1
S6010671	49	Port Input	14	557275	2749	1
S6010671	49	Port Input	15	557275	2749	1
S6010671	49	Port Input	14	557275	2749	1
S6010671	49	Port Input	15	557275	2749	1
S6010671	49	Port Input	14	557275	2749	1
S6010671	49	Port Input	15	557275	2750	1
S6010671	49	Port Input	14	565111	10586	1
S6010671	49	Response	222	565111	10586	1
S6010671	50	Sound	20	565112	0	5			0		hit	400
S6010671	50	Port Input	15	567996	2883	1
S6010671	50	Port Input	14	567996	2883	1
S6010671	50	Port Input	15	567996	2884	1
S6010671	50	Port Input	14	575713	10601	1
S6010671	50	Response	222	575713	10601	1
S6010671	51	Sound	20	575714	0	5			0		hit	412
S6010671	51	Port Input	15	578406	2692	1
S6010671	51	Port Input	14	578406	2692	1
S6010671	51	Port Input	15	578407	2693	1
S6010671	51	Port Input	14	578407	2693	1
S6010671	51	Port Input	15	578407	2693	1
S6010671	51	Port Input	14	578407	2693	1
S6010671	51	Port Input	15	578408	2694	1
S6010671	51	Port Input	14	578408	2694	1
S6010671	51	Port Input	15	578408	2694	1
S6010671	51	Port Input	14	585651	9937	1
S6010671	51	Response	222	585651	9937	1
S6010671	52	Sound	20	585652	0	5			0		hit	428
S6010671	52	Port Input	15	588432	2781	1
S6010671	52	Port Input	14	588432	2781	1
S6010671	52	Port Input	15	588433	2781	1
S6010671	52	Port Input	14	588433	2781	1
S6010671	52	Port Input	15	588434	2782	1
S6010671	52	Port Input	14	588434	2782	1
S6010671	52	Port Input	15	588435	2784	1
S6010671	52	Port Input	14	588435	2784	1
S6010671	52	Port Input	15	588436	2784	1
S6010671	52	Port Input	14	588436	2784	1
S6010671	52	Port Input	15	588437	2785	1
S6010671	52	Port Input	14	588437	2785	1
S6010671	52	Port Input	15	588437	2786	1
S6010671	52	Port Input	14	597028	11376	1
S6010671	52	Response	222	597028	11376	1
S6010671	53	Sound	20	597028	0	5			0		hit	436
S6010671	53	Port Input	15	599794	2765	1
S6010671	53	Port Input	14	599794	2765	1
S6010671	53	Port Input	15	599794	2766	1
S6010671	53	Port Input	14	599794	2766	1
S6010671	53	Port Input	15	599795	2766	1
S6010671	53	Port Input	14	607644	10616	1
S6010671	53	Response	222	607644	10616	1
S6010671	54	Sound	20	607645	0	5			0		hit	442
S6010671	54	Port Input	15	609980	2335	1
S6010671	54	Port Input	14	609980	2335	1
S6010671	54	Port Input	15	609984	2340	1
S6010671	54	Port Input	14	617839	10194	1
S6010671	54	Response	222	617839	10194	1
S6010671	55	Sound	20	617840	0	5			0		hit	452
S6010671	55	Port Input	15	620554	2714	1
S6010671	55	Port Input	14	620554	2715	1
S6010671	55	Port Input	15	620555	2716	1
S6010671	55	Port Input	14	620555	2716	1
S6010671	55	Port Input	15	620556	2717	1
S6010671	55	Port Input	14	620556	2717	1
S6010671	55	Port Input	15	620557	2717	1
S6010671	55	Port Input	14	628133	10293	1
S6010671	55	Response	222	628133	10293	1
S6010671	56	Sound	20	628134	0	5			0		hit	458
S6010671	56	Port Input	15	630881	2747	1
S6010671	56	Port Input	14	630881	2747	1
S6010671	56	Port Input	15	630882	2748	1
S6010671	56	Port Input	14	638405	10271	1
S6010671	56	Response	222	638405	10271	1
S6010671	57	Sound	20	638405	0	5			0		hit	466
S6010671	57	Port Input	15	641204	2799	1
S6010671	57	Port Input	14	641204	2799	1
S6010671	57	Port Input	15	641205	2799	1
S6010671	57	Port Input	14	641205	2799	1
S6010671	57	Port Input	15	641205	2800	1
S6010671	57	Port Input	14	649346	10941	1
S6010671	57	Response	222	649346	10941	1
S6010671	58	Sound	20	649347	0	5			0		hit	474
S6010671	58	Port Input	15	651804	2457	1
S6010671	58	Port Input	14	651804	2457	1
S6010671	58	Port Input	15	651804	2457	1
S6010671	58	Port Input	14	651804	2457	1
S6010671	58	Port Input	15	651805	2458	1
S6010671	58	Port Input	14	659400	10053	1
S6010671	58	Response	222	659400	10053	1
S6010671	59	Sound	20	659401	0	5			0		hit	482
S6010671	59	Port Input	15	662142	2741	1
S6010671	59	Port Input	14	662142	2741	1
S6010671	59	Port Input	15	662142	2742	1
S6010671	59	Port Input	14	662142	2742	1
S6010671	59	Port Input	15	662143	2742	1
S6010671	59	Port Input	14	670051	10651	1
S6010671	59	Response	222	670051	10651	1
S6010671	60	Sound	20	670052	0	5			0		hit	488
S6010671	60	Port Input	15	672293	2241	1
S6010671	60	Port Input	14	672293	2241	1
S6010671	60	Port Input	15	672294	2242	1
S6010671	60	Port Input	14	680420	10368	1
S6010671	60	Response	222	680420	10368	1
S6010671	61	Sound	20	680421	0	5			0		hit	506
S6010671	61	Port Input	15	682990	2569	1
S6010671	61	Port Input	14	682990	2570	1
S6010671	61	Port Input	15	682991	2570	1
S6010671	61	Port Input	14	682991	2570	1
S6010671	61	Port Input	15	682991	2570	1
S6010671	61	Port Input	14	682991	2570	1
S6010671	61	Port Input	15	682991	2571	1
S6010671	61	Port Input	14	682991	2571	1
S6010671	61	Port Input	15	682992	2571	1
S6010671	61	Port Input	14	682992	2571	1
S6010671	61	Port Input	15	682992	2571	1
S6010671	61	Port Input	14	682992	2571	1
S6010671	61	Port Input	15	682992	2571	1
S6010671	61	Port Input	14	682992	2571	1
S6010671	61	Port Input	15	682992	2572	1
S6010671	61	Port Input	14	690670	10250	1
S6010671	61	Response	222	690670	10250	1
S6010671	62	Sound	20	690671	0	5			0		hit	518
S6010671	62	Port Input	15	693273	2602	1
S6010671	62	Port Input	14	693273	2602	1
S6010671	62	Port Input	15	693273	2602	1
S6010671	62	Port Input	14	693274	2603	1
S6010671	62	Port Input	15	693274	2603	1
S6010671	62	Port Input	14	693274	2603	1
S6010671	62	Port Input	15	693275	2604	1
S6010671	62	Port Input	14	693275	2604	1
S6010671	62	Port Input	15	693277	2606	1
S6010671	62	Port Input	14	700727	10055	1
S6010671	62	Response	222	700727	10055	1
S6010671	63	Sound	20	700727	0	5			0		hit	526
S6010671	63	Port Input	15	703621	2894	1
S6010671	63	Port Input	14	703621	2894	1
S6010671	63	Port Input	15	703622	2895	1
S6010671	63	Port Input	14	703622	2895	1
S6010671	63	Port Input	15	703622	2895	1
S6010671	63	Port Input	14	711113	10386	1
S6010671	63	Response	222	711113	10386	1
S6010671	64	Sound	20	711114	0	5			0		hit	530
S6010671	64	Port Input	15	713902	2788	1
S6010671	64	Port Input	14	722003	10889	1
S6010671	64	Response	222	722003	10889	1
S6010671	65	Sound	20	722004	0	5			0		hit	536
S6010671	65	Port Input	15	724580	2576	1
S6010671	65	Port Input	14	724580	2576	1
S6010671	65	Port Input	15	724581	2576	1
S6010671	65	Port Input	14	732491	10487	1
S6010671	65	Response	222	732491	10487	1
S6010671	66	Sound	20	732492	0	5			0		hit	540
S6010671	66	Port Input	15	735348	2856	1
S6010671	66	Port Input	14	742893	10401	1
S6010671	66	Response	222	742893	10401	1
S6010671	67	Sound	20	742894	0	5			0		hit	546
S6010671	67	Port Input	15	745304	2410	1
S6010671	67	Port Input	14	745304	2410	1
S6010671	67	Port Input	15	745305	2411	1
S6010671	67	Port Input	14	752365	9472	1
S6010671	67	Response	222	752365	9472	1
S6010671	68	Sound	20	752366	0	5			0		hit	552
S6010671	68	Port Input	15	754929	2563	1
S6010671	68	Port Input	14	754930	2563	1
S6010671	68	Port Input	15	754930	2563	1
S6010671	68	Port Input	14	762641	10275	1
S6010671	68	Response	222	762641	10275	1
S6010671	69	Sound	20	762642	0	5			0		hit	558
S6010671	69	Port Input	15	765195	2553	1
S6010671	69	Port Input	14	765195	2553	1
S6010671	69	Port Input	15	765195	2553	1
S6010671	69	Port Input	14	772057	9415	1
S6010671	69	Response	222	772057	9415	1
S6010671	70	Sound	20	772057	0	5			0		hit	568
S6010671	70	Port Input	15	774872	2815	1
S6010671	70	Port Input	14	774872	2815	1
S6010671	70	Port Input	15	774872	2815	1
S6010671	70	Port Input	14	774872	2815	1
S6010671	70	Port Input	15	774873	2816	1
S6010671	70	Port Input	14	774873	2816	1
S6010671	70	Port Input	15	774877	2819	1
S6010671	70	Port Input	14	782553	10496	1
S6010671	70	Response	222	782553	10496	1
S6010671	71	Sound	20	782554	0	5			0		hit	578
S6010671	71	Port Input	15	785005	2451	1
S6010671	71	Port Input	14	785005	2451	1
S6010671	71	Port Input	15	785005	2451	1
S6010671	71	Port Input	14	785005	2451	1
S6010671	71	Port Input	15	785006	2452	1
S6010671	71	Port Input	14	785006	2452	1
S6010671	71	Port Input	15	785006	2452	1
S6010671	71	Port Input	14	792811	10257	1
S6010671	71	Response	222	792811	10257	1
S6010671	72	Sound	20	792811	0	5			0		hit	586
S6010671	72	Port Input	15	795659	2848	1
S6010671	72	Port Input	14	795659	2848	1
S6010671	72	Port Input	15	795660	2849	1
S6010671	72	Port Input	14	795660	2849	1
S6010671	72	Port Input	15	795661	2850	1
S6010671	72	Port Input	14	802758	9946	1
S6010671	72	Response	222	802758	9946	1
S6010671	73	Sound	20	802759	0	5			0		hit	602
S6010671	73	Port Input	15	805327	2568	1
S6010671	73	Port Input	14	805327	2568	1
S6010671	73	Port Input	15	805330	2571	1
S6010671	73	Port Input	14	805330	2571	1
S6010671	73	Port Input	15	805330	2571	1
S6010671	73	Port Input	14	805330	2571	1
S6010671	73	Port Input	15	805330	2572	1
S6010671	73	Port Input	14	805330	2572	1
S6010671	73	Port Input	15	805331	2572	1
S6010671	73	Port Input	14	805331	2572	1
S6010671	73	Port Input	15	805331	2572	1
S6010671	73	Port Input	14	805332	2574	1
S6010671	73	Port Input	15	805334	2575	1
S6010671	73	Port Input	14	812822	10064	1
S6010671	73	Response	222	812822	10064	1
S6010671	74	Sound	20	812823	0	5			0		hit	616
S6010671	74	Port Input	15	815782	2959	1
S6010671	74	Port Input	14	815782	2959	1
S6010671	74	Port Input	15	815783	2959	1
S6010671	74	Port Input	14	815783	2959	1
S6010671	74	Port Input	15	815783	2960	1
S6010671	74	Port Input	14	815783	2960	1
S6010671	74	Port Input	15	815784	2961	1
S6010671	74	Port Input	14	815784	2961	1
S6010671	74	Port Input	15	815784	2961	1
S6010671	74	Port Input	14	815784	2961	1
S6010671	74	Port Input	15	815785	2961	1
S6010671	74	Port Input	14	823281	10458	1
S6010671	74	Response	222	823281	10458	1
S6010671	75	Sound	20	823282	0	5			0		hit	632
S6010671	75	Port Input	15	825933	2651	1
S6010671	75	Port Input	14	825933	2651	1
S6010671	75	Port Input	15	825933	2651	1
S6010671	75	Port Input	14	825933	2651	1
S6010671	75	Port Input	15	825934	2652	1
S6010671	75	Port Input	14	825934	2652	1
S6010671	75	Port Input	15	825934	2652	1
S6010671	75	Port Input	14	825934	2652	1
S6010671	75	Port Input	15	825934	2652	1
S6010671	75	Port Input	14	825934	2652	1
S6010671	75	Port Input	15	825934	2652	1
S6010671	75	Port Input	14	825934	2652	1
S6010671	75	Port Input	15	825935	2653	1
S6010671	75	Port Input	14	833544	10262	1
S6010671	75	Response	222	833544	10262	1
S6010671	76	Sound	20	833545	0	5			0		hit	636
S6010671	76	Port Input	15	836103	2558	1
S6010671	76	Port Input	14	843865	10320	1
S6010671	76	Response	222	843865	10320	1
S6010671	77	Sound	20	843866	0	5			0		hit	648
S6010671	77	Port Input	15	846310	2445	1
S6010671	77	Port Input	14	846311	2445	1
S6010671	77	Port Input	15	846311	2445	1
S6010671	77	Port Input	14	846311	2445	1
S6010671	77	Port Input	15	846311	2445	1
S6010671	77	Port Input	14	846311	2445	1
S6010671	77	Port Input	15	846313	2447	1
S6010671	77	Port Input	14	846313	2447	1
S6010671	77	Port Input	15	846313	2447	1
S6010671	77	Port Input	14	853245	9379	1
S6010671	77	Response	222	853245	9379	1
S6010671	78	Sound	20	853246	0	5			0		hit	652
S6010671	78	Port Input	15	856265	3019	1
S6010671	78	Port Input	14	863575	10330	1
S6010671	78	Response	222	863575	10330	1
S6010671	79	Sound	20	863576	0	5			0		hit	656
S6010671	79	Port Input	15	866719	3143	1
S6010671	79	Port Input	14	874201	10625	1
S6010671	79	Response	222	874201	10625	1
S6010671	80	Sound	20	874202	0	5			0		hit	666
S6010671	80	Port Input	15	876725	2523	1
S6010671	80	Port Input	14	876725	2523	1
S6010671	80	Port Input	15	876725	2523	1
S6010671	80	Port Input	14	876725	2523	1
S6010671	80	Port Input	15	876725	2523	1
S6010671	80	Port Input	14	876725	2523	1
S6010671	80	Port Input	15	876725	2523	1
S6010671	80	Port Input	14	884532	10330	1
S6010671	80	Response	222	884532	10330	1
S6010671	81	Sound	20	884533	0	5			0		hit	670
S6010671	81	Port Input	15	887172	2639	1
S6010671	81	Port Input	14	895034	10502	1
S6010671	81	Response	222	895034	10502	1
S6010671	82	Sound	20	895035	0	5			0		hit	678
S6010671	82	Port Input	15	897419	2384	1
S6010671	82	Port Input	14	897419	2384	1
S6010671	82	Port Input	15	897419	2384	1
S6010671	82	Port Input	14	897419	2384	1
S6010671	82	Port Input	15	897420	2385	1
S6010671	82	Port Input	14	905131	10096	1
S6010671	82	Response	222	905131	10096	1
S6010671	83	Sound	20	905132	0	5			0		hit	686
S6010671	83	Port Input	15	907999	2867	1
S6010671	83	Port Input	14	907999	2867	1
S6010671	83	Port Input	15	907999	2867	1
S6010671	83	Port Input	14	908000	2867	1
S6010671	83	Port Input	15	908000	2868	1
S6010671	83	Port Input	14	916430	11298	1
S6010671	83	Response	222	916430	11298	1
S6010671	84	Sound	20	916431	0	5			0		hit	692
S6010671	84	Port Input	15	918937	2506	1
S6010671	84	Port Input	14	918937	2507	1
S6010671	84	Port Input	15	918938	2507	1
S6010671	84	Port Input	14	927066	10635	1
S6010671	84	Response	222	927066	10635	1
S6010671	85	Sound	20	927067	0	5			0		hit	710
S6010671	85	Port Input	15	929672	2605	1
S6010671	85	Port Input	14	929673	2606	1
S6010671	85	Port Input	15	929676	2609	1
S6010671	85	Port Input	14	929676	2609	1
S6010671	85	Port Input	15	929677	2610	1
S6010671	85	Port Input	14	929677	2610	1
S6010671	85	Port Input	15	929678	2611	1
S6010671	85	Port Input	14	929678	2611	1
S6010671	85	Port Input	15	929678	2611	1
S6010671	85	Port Input	14	929678	2611	1
S6010671	85	Port Input	15	929679	2612	1
S6010671	85	Port Input	14	929679	2612	1
S6010671	85	Port Input	15	929679	2612	1
S6010671	85	Port Input	14	929679	2612	1
S6010671	85	Port Input	15	929679	2612	1
S6010671	85	Port Input	14	937265	10198	1
S6010671	85	Response	222	937265	10198	1
S6010671	86	Sound	20	937265	0	5			0		hit	718
S6010671	86	Port Input	15	940345	3080	1
S6010671	86	Port Input	14	940345	3080	1
S6010671	86	Port Input	15	940346	3080	1
S6010671	86	Port Input	14	940346	3080	1
S6010671	86	Port Input	15	940346	3081	1
S6010671	86	Port Input	14	948130	10864	1
S6010671	86	Response	222	948130	10864	1
S6010671	87	Sound	20	948131	0	5			0		hit	728
S6010671	87	Port Input	15	950864	2733	1
S6010671	87	Port Input	14	950864	2733	1
S6010671	87	Port Input	15	950864	2734	1
S6010671	87	Port Input	14	950864	2734	1
S6010671	87	Port Input	15	950865	2734	1
S6010671	87	Port Input	14	950865	2734	1
S6010671	87	Port Input	15	950865	2735	1
S6010671	87	Port Input	14	958221	10090	1
S6010671	87	Response	222	958221	10090	1
S6010671	88	Sound	20	958221	0	5			0		hit	736
S6010671	88	Port Input	15	960897	2675	1
S6010671	88	Port Input	14	960897	2675	1
S6010671	88	Port Input	15	960897	2675	1
S6010671	88	Port Input	14	960897	2676	1
S6010671	88	Port Input	15	960897	2676	1
S6010671	88	Port Input	14	968331	10109	1
S6010671	88	Response	222	968331	10109	1
S6010671	89	Sound	20	968332	0	5			0		hit	740
S6010671	89	Port Input	15	970712	2380	1
S6010671	89	Port Input	14	977876	9544	1
S6010671	89	Response	222	977876	9544	1
S6010671	90	Sound	20	977877	0	5			0		hit	744
S6010671	90	Port Input	15	980500	2623	1
S6010671	90	Port Input	14	988156	10279	1
S6010671	90	Response	222	988156	10279	1
S6010671	90	Port Input	15	988156	10279	1
S6010671	90	Port Input	14	988156	10279	1
S6010671	90	Port Input	15	988157	10279	1
S6010671	90	Port Input	14	988157	10280	5
S6010671	91	Sound	20	988157	0	5			0		hit	784
S6010671	91	Port Input	15	990725	2568	1
S6010671	91	Port Input	14	990725	2568	1
S6010671	91	Port Input	15	990725	2568	1
S6010671	91	Port Input	14	990725	2568	1
S6010671	91	Port Input	15	990727	2570	1
S6010671	91	Port Input	14	990727	2570	1
S6010671	91	Port Input	15	990727	2570	1
S6010671	91	Port Input	14	990727	2570	1
S6010671	91	Port Input	15	990727	2570	1
S6010671	91	Port Input	14	990727	2570	1
S6010671	91	Port Input	15	990730	2573	1
S6010671	91	Port Input	14	990730	2573	1
S6010671	91	Port Input	15	990731	2574	1
S6010671	91	Port Input	14	990731	2574	1
S6010671	91	Port Input	15	990733	2576	1
S6010671	91	Port Input	14	990733	2576	1
S6010671	91	Port Input	15	990734	2577	1
S6010671	91	Port Input	14	990734	2577	1
S6010671	91	Port Input	15	990734	2577	1
S6010671	91	Port Input	14	990734	2577	1
S6010671	91	Port Input	15	990734	2577	1
S6010671	91	Port Input	14	990734	2577	1
S6010671	91	Port Input	15	990735	2578	1
S6010671	91	Port Input	14	990735	2578	1
S6010671	91	Port Input	15	990735	2578	1
S6010671	91	Port Input	14	990735	2578	1
S6010671	91	Port Input	15	990735	2578	1
S6010671	91	Port Input	14	990735	2578	1
S6010671	91	Port Input	15	990736	2579	1
S6010671	91	Port Input	14	990736	2579	1
S6010671	91	Port Input	15	990737	2580	1
S6010671	91	Port Input	14	990737	2580	1
S6010671	91	Port Input	15	990737	2580	1
S6010671	91	Port Input	14	998272	10115	1
S6010671	91	Response	222	998272	10115	1
S6010671	92	Sound	20	998273	0	5			0		hit	796
S6010671	92	Port Input	15	1000841	2568	1
S6010671	92	Port Input	14	1000841	2568	1
S6010671	92	Port Input	15	1000842	2569	1
S6010671	92	Port Input	14	1000842	2569	1
S6010671	92	Port Input	15	1000849	2576	1
S6010671	92	Port Input	14	1000849	2576	1
S6010671	92	Port Input	15	1000849	2577	1
S6010671	92	Port Input	14	1000849	2577	1
S6010671	92	Port Input	15	1000850	2577	1
S6010671	92	Port Input	14	1007769	9496	1
S6010671	92	Response	222	1007769	9496	1
S6010671	92	Port Input	15	1007769	9496	1
S6010671	92	Port Input	14	1007770	9497	5
S6010671	93	Sound	20	1007770	0	5			0		hit	816
S6010671	93	Port Input	15	1007774	5	1
S6010671	93	Port Input	14	1007775	5	1
S6010671	93	Port Input	15	1010309	2539	1
S6010671	93	Port Input	14	1010309	2539	1
S6010671	93	Port Input	15	1010317	2547	1
S6010671	93	Port Input	14	1010317	2547	1
S6010671	93	Port Input	15	1010318	2549	1
S6010671	93	Port Input	14	1010318	2549	1
S6010671	93	Port Input	15	1010319	2549	1
S6010671	93	Port Input	14	1010319	2549	1
S6010671	93	Port Input	15	1010319	2550	1
S6010671	93	Port Input	14	1010319	2550	1
S6010671	93	Port Input	15	1010320	2551	1
S6010671	93	Port Input	14	1010320	2551	1
S6010671	93	Port Input	15	1010321	2551	1
S6010671	93	Port Input	14	1017828	10058	1
S6010671	93	Response	222	1017828	10058	1
S6010671	94	Sound	20	1017829	0	6			0		hit	830
S6010671	94	Port Input	15	1020393	2565	1
S6010671	94	Port Input	14	1020393	2565	1
S6010671	94	Port Input	15	1020396	2568	1
S6010671	94	Port Input	14	1020396	2568	1
S6010671	94	Port Input	15	1020397	2568	1
S6010671	94	Port Input	14	1020397	2568	1
S6010671	94	Port Input	15	1020397	2569	1
S6010671	94	Port Input	14	1020397	2569	1
S6010671	94	Port Input	15	1020397	2569	1
S6010671	94	Port Input	14	1020398	2569	1
S6010671	94	Port Input	15	1020398	2570	1
S6010671	94	Port Input	14	1028343	10514	1
S6010671	94	Response	222	1028343	10514	1
S6010671	94	Port Input	15	1028343	10515	1
S6010671	94	Port Input	14	1028344	10515	5
S6010671	95	Sound	20	1028344	0	5			0		hit	856
S6010671	95	Port Input	15	1030255	1911	1
S6010671	95	Port Input	14	1030255	1911	1
S6010671	95	Port Input	15	1030255	1911	1
S6010671	95	Port Input	14	1030255	1911	1
S6010671	95	Port Input	15	1030258	1914	1
S6010671	95	Port Input	14	1030258	1914	1
S6010671	95	Port Input	15	1030259	1915	1
S6010671	95	Port Input	14	1030259	1915	1
S6010671	95	Port Input	15	1030270	1927	1
S6010671	95	Port Input	14	1030271	1927	1
S6010671	95	Port Input	15	1030271	1927	1
S6010671	95	Port Input	14	1030271	1927	1
S6010671	95	Port Input	15	1030271	1927	1
S6010671	95	Port Input	14	1030271	1927	1
S6010671	95	Port Input	15	1030272	1928	1
S6010671	95	Port Input	14	1030272	1928	1
S6010671	95	Port Input	15	1030272	1928	1
S6010671	95	Port Input	14	1030272	1928	1
S6010671	95	Port Input	15	1030272	1928	1
S6010671	95	Port Input	14	1030272	1928	1
S6010671	95	Port Input	15	1030273	1929	1
S6010671	95	Port Input	14	1038061	9717	1
S6010671	95	Response	222	1038061	9717	1
S6010671	96	Sound	20	1038061	0	5			0		hit	872
S6010671	96	Port Input	15	1038069	8	1
S6010671	96	Port Input	14	1038069	8	1
S6010671	96	Port Input	15	1038072	10	1
S6010671	96	Port Input	14	1038072	10	1
S6010671	96	Port Input	15	1038073	12	1
S6010671	96	Port Input	14	1038074	12	1
S6010671	96	Port Input	15	1040316	2254	1
S6010671	96	Port Input	14	1040316	2255	1
S6010671	96	Port Input	15	1040320	2258	1
S6010671	96	Port Input	14	1040320	2258	1
S6010671	96	Port Input	15	1040320	2259	1
S6010671	96	Port Input	14	1040321	2259	1
S6010671	96	Port Input	15	1040321	2260	1
S6010671	96	Port Input	14	1048315	10254	1
S6010671	96	Response	222	1048315	10254	1
S6010671	97	Sound	20	1048316	0	5			0		hit	886
S6010671	97	Port Input	15	1048321	5	1
S6010671	97	Port Input	14	1048321	5	1
S6010671	97	Port Input	15	1048321	5	1
S6010671	97	Port Input	14	1048321	5	1
S6010671	97	Port Input	15	1048322	6	1
S6010671	97	Port Input	14	1048322	6	1
S6010671	97	Port Input	15	1048323	7	1
S6010671	97	Port Input	14	1048323	7	1
S6010671	97	Port Input	15	1048328	12	1
S6010671	97	Port Input	14	1048328	12	1
S6010671	97	Port Input	15	1050959	2642	1
S6010671	97	Port Input	14	1058384	10067	1
S6010671	97	Response	222	1058384	10067	1
S6010671	97	Port Input	15	1058384	10068	1
S6010671	97	Port Input	14	1058384	10068	5
S6010671	98	Sound	20	1058384	0	5			0		hit	902
S6010671	98	Port Input	15	1060620	2236	1
S6010671	98	Port Input	14	1060620	2236	1
S6010671	98	Port Input	15	1060621	2236	1
S6010671	98	Port Input	14	1060621	2237	1
S6010671	98	Port Input	15	1060621	2237	1
S6010671	98	Port Input	14	1060621	2237	1
S6010671	98	Port Input	15	1060622	2237	1
S6010671	98	Port Input	14	1060622	2237	1
S6010671	98	Port Input	15	1060622	2238	1
S6010671	98	Port Input	14	1060622	2238	1
S6010671	98	Port Input	15	1060623	2238	1
S6010671	98	Port Input	14	1068786	10401	1
S6010671	98	Response	222	1068786	10401	1
S6010671	99	Sound	20	1068786	0	5			0		hit	930
S6010671	99	Port Input	15	1068791	5	1
S6010671	99	Port Input	14	1068791	5	1
S6010671	99	Port Input	15	1068792	5	1
S6010671	99	Port Input	14	1068792	6	1
S6010671	99	Port Input	15	1068792	6	1
S6010671	99	Port Input	14	1068794	7	1
S6010671	99	Port Input	15	1068794	8	1
S6010671	99	Port Input	14	1068795	8	1
S6010671	99	Port Input	15	1070955	2168	1
S6010671	99	Port Input	14	1070955	2168	1
S6010671	99	Port Input	15	1070955	2169	1
S6010671	99	Port Input	14	1070955	2169	1
S6010671	99	Port Input	15	1070957	2170	1
S6010671	99	Port Input	14	1070957	2171	1
S6010671	99	Port Input	15	1070959	2173	1
S6010671	99	Port Input	14	1070959	2173	1
S6010671	99	Port Input	15	1070961	2174	1
S6010671	99	Port Input	14	1070961	2174	1
S6010671	99	Port Input	15	1070961	2175	1
S6010671	99	Port Input	14	1070961	2175	1
S6010671	99	Port Input	15	1070962	2175	1
S6010671	99	Port Input	14	1070962	2175	1
S6010671	99	Port Input	15	1070962	2176	1
S6010671	99	Port Input	14	1070962	2176	1
S6010671	99	Port Input	15	1070969	2182	1
S6010671	99	Port Input	14	1078975	10188	1
S6010671	99	Response	222	1078975	10188	1
S6010671	100	Sound	20	1078976	0	5			0		hit	962
S6010671	100	Port Input	15	1078984	8	1
S6010671	100	Port Input	14	1078984	8	1
S6010671	100	Port Input	15	1078984	9	1
S6010671	100	Port Input	14	1078984	9	1
S6010671	100	Port Input	15	1078988	12	1
S6010671	100	Port Input	14	1078988	12	1
S6010671	100	Port Input	15	1078989	14	1
S6010671	100	Port Input	14	1078989	14	1
S6010671	100	Port Input	15	1078993	17	1
S6010671	100	Port Input	14	1078993	17	1
S6010671	100	Port Input	15	1079002	27	1
S6010671	100	Port Input	14	1079002	27	1
S6010671	100	Port Input	15	1080999	2023	1
S6010671	100	Port Input	14	1080999	2023	1
S6010671	100	Port Input	15	1081003	2027	1
S6010671	100	Port Input	14	1081003	2027	1
S6010671	100	Port Input	15	1081007	2031	1
S6010671	100	Port Input	14	1081007	2031	1
S6010671	100	Port Input	15	1081009	2033	1
S6010671	100	Port Input	14	1081009	2033	1
S6010671	100	Port Input	15	1081010	2034	1
S6010671	100	Port Input	14	1081010	2034	1
S6010671	100	Port Input	15	1081010	2035	1
S6010671	100	Port Input	14	1081010	2035	1
S6010671	100	Port Input	15	1081011	2035	1
S6010671	100	Port Input	14	1081011	2035	1
S6010671	100	Port Input	15	1081012	2037	1
S6010671	100	Port Input	14	1081012	2037	1
S6010671	100	Port Input	15	1081012	2037	1
S6010671	100	Port Input	14	1088939	9963	1
S6010671	100	Response	222	1088939	9963	1
S6010671	101	Sound	20	1088940	0	5			0		hit	1012
S6010671	101	Port Input	15	1088948	8	1
S6010671	101	Port Input	14	1088948	8	1
S6010671	101	Port Input	15	1088948	8	1
S6010671	101	Port Input	14	1088948	8	1
S6010671	101	Port Input	15	1088950	10	1
S6010671	101	Port Input	14	1088950	10	1
S6010671	101	Port Input	15	1088953	13	1
S6010671	101	Port Input	14	1088953	13	1
S6010671	101	Port Input	15	1090864	1924	1
S6010671	101	Port Input	14	1090864	1924	1
S6010671	101	Port Input	15	1090865	1925	1
S6010671	101	Port Input	14	1090865	1925	1
S6010671	101	Port Input	15	1090868	1928	1
S6010671	101	Port Input	14	1090871	1931	1
S6010671	101	Port Input	15	1090872	1932	1
S6010671	101	Port Input	14	1090872	1932	1
S6010671	101	Port Input	15	1090872	1932	1
S6010671	101	Port Input	14	1090872	1932	1
S6010671	101	Port Input	15	1090873	1933	1
S6010671	101	Port Input	14	1090873	1933	1
S6010671	101	Port Input	15	1090873	1933	1
S6010671	101	Port Input	14	1090874	1934	1
S6010671	101	Port Input	15	1090874	1934	1
S6010671	101	Port Input	14	1090874	1934	1
S6010671	101	Port Input	15	1090875	1935	1
S6010671	101	Port Input	14	1090875	1935	1
S6010671	101	Port Input	15	1090876	1936	1
S6010671	101	Port Input	14	1090876	1936	1
S6010671	101	Port Input	15	1090877	1937	1
S6010671	101	Port Input	14	1090877	1937	1
S6010671	101	Port Input	15	1090878	1938	1
S6010671	101	Port Input	14	1090878	1938	1
S6010671	101	Port Input	15	1090878	1938	1
S6010671	101	Port Input	14	1090878	1938	1
S6010671	101	Port Input	15	1090878	1939	1
S6010671	101	Port Input	14	1090878	1939	1
S6010671	101	Port Input	15	1090879	1939	1
S6010671	101	Port Input	14	1090879	1939	1
S6010671	101	Port Input	15	1090880	1941	1
S6010671	101	Port Input	14	1090880	1941	1
S6010671	101	Port Input	15	1090881	1941	1
S6010671	101	Port Input	14	1090881	1941	1
S6010671	101	Port Input	15	1090881	1942	1
S6010671	101	Port Input	14	1090882	1942	1
S6010671	101	Port Input	15	1090882	1942	1
S6010671	101	Port Input	14	1090882	1942	1
S6010671	101	Port Input	15	1090882	1942	1
S6010671	101	Port Input	14	1099538	10598	1
S6010671	101	Response	222	1099538	10598	1
S6010671	102	Sound	20	1099539	0	5			0		other	0
S6010671	102	Port Input	15	1101227	1688	1
S6010671	102	Port Input	14	1101227	1688	1
S6010671	102	Port Input	15	1101228	1689	1
S6010671	104	Port Input	14	1125935	6334	1
S6010671	104	Response	20	1125935	6334	1
S6010671	104	Port Input	15	1134166	14565	1
S6010671	104	Port Input	14	1134166	14565	1
S6010671	104	Port Input	15	1134167	14566	1
S6010671	104	Port Input	14	1134167	14566	1
S6010671	104	Port Input	15	1134167	14566	1
S6010671	104	Port Input	14	1134167	14566	1
S6010671	104	Port Input	15	1134167	14566	1
S6010671	104	Port Input	14	1137237	17636	1
S6010671	104	Port Input	15	1137237	17636	1
S6010671	104	Port Input	14	1137238	17637	1
S6010671	104	Port Input	15	1139601	20000	1574

The following output port codes were not sent because of a conflict on the port.
Port	Code	Time(ms)
1	20	109963
