Scenario - Button
Logfile written - 11/14/2023 14:31:47

Subject	Trial	Event Type	Code	Time	TTime	Uncertainty	Duration	Uncertainty	ReqTime	ReqDur	Stim Type	Pair Index

S6015461	1	Picture	start	69	0	1	40554	1	0	next	other	0
S6015461	3	Picture	20	45137	0	1	19861	1	0	next	hit	4
S6015461	3	Port Input	14	64971	19834	1
S6015461	3	Response	22	64971	19834	1
S6015461	4	Picture	20	64998	0	1	11458	1	0	next	hit	34
S6015461	4	Port Input	15	67987	2989	1
S6015461	4	Port Input	14	67987	2989	1
S6015461	4	Port Input	15	67987	2990	1
S6015461	4	Port Input	14	67987	2990	1
S6015461	4	Port Input	15	67988	2990	1
S6015461	4	Port Input	14	67988	2990	1
S6015461	4	Port Input	15	67988	2990	1
S6015461	4	Port Input	14	67988	2990	1
S6015461	4	Port Input	15	67988	2990	1
S6015461	4	Port Input	14	67988	2990	1
S6015461	4	Port Input	15	67989	2991	1
S6015461	4	Port Input	14	67989	2991	1
S6015461	4	Port Input	15	67990	2993	1
S6015461	4	Port Input	14	67990	2993	1
S6015461	4	Port Input	15	67991	2993	1
S6015461	4	Port Input	14	67991	2993	1
S6015461	4	Port Input	15	67991	2993	1
S6015461	4	Port Input	14	67991	2993	1
S6015461	4	Port Input	15	67991	2994	1
S6015461	4	Port Input	14	67992	2994	1
S6015461	4	Port Input	15	67992	2994	1
S6015461	4	Port Input	14	67992	2994	1
S6015461	4	Port Input	15	67992	2994	1
S6015461	4	Port Input	14	67992	2994	1
S6015461	4	Port Input	15	67992	2994	1
S6015461	4	Port Input	14	67992	2994	1
S6015461	4	Port Input	15	67992	2995	1
S6015461	4	Port Input	14	76439	11441	1
S6015461	4	Response	22	76439	11441	1
S6015461	5	Picture	20	76456	0	1	11180	1	0	next	hit	40
S6015461	5	Port Input	15	78688	2232	1
S6015461	5	Port Input	14	78688	2232	1
S6015461	5	Port Input	15	78688	2233	1
S6015461	5	Port Input	14	87591	11135	1
S6015461	5	Response	22	87591	11135	1
S6015461	5	Port Input	15	87591	11135	1
S6015461	5	Port Input	14	87591	11135	1
S6015461	6	Picture	20	87636	0	1	11388	1	0	next	hit	50
S6015461	6	Port Input	15	89992	2356	1
S6015461	6	Port Input	14	89992	2356	1
S6015461	6	Port Input	15	89992	2356	1
S6015461	6	Port Input	14	89992	2356	1
S6015461	6	Port Input	15	89992	2356	1
S6015461	6	Port Input	14	98989	11353	1
S6015461	6	Response	22	98989	11353	1
S6015461	6	Port Input	15	98989	11353	1
S6015461	6	Port Input	14	98990	11354	1
S6015461	6	Port Input	15	98990	11354	1
S6015461	6	Port Input	14	98990	11354	1
S6015461	7	Picture	20	99024	0	1	11458	1	0	next	hit	62
S6015461	7	Port Input	15	101484	2459	1
S6015461	7	Port Input	14	101484	2459	1
S6015461	7	Port Input	15	101484	2459	1
S6015461	7	Port Input	14	101484	2460	1
S6015461	7	Port Input	15	101484	2460	1
S6015461	7	Port Input	14	110427	11402	1
S6015461	7	Response	22	110427	11402	1
S6015461	8	Picture	20	110482	0	1	10555	1	0	next	hit	74
S6015461	8	Port Input	15	112635	2153	1
S6015461	8	Port Input	14	112636	2153	1
S6015461	8	Port Input	15	112636	2153	1
S6015461	8	Port Input	14	112636	2153	1
S6015461	8	Port Input	15	112636	2153	1
S6015461	8	Port Input	14	112636	2153	1
S6015461	8	Port Input	15	112636	2153	1
S6015461	8	Port Input	14	112636	2153	1
S6015461	8	Port Input	15	112636	2154	1
S6015461	8	Port Input	14	120993	10511	1
S6015461	8	Response	22	120993	10511	1
S6015461	9	Picture	20	121038	0	1	11875	1	0	next	hit	82
S6015461	9	Port Input	15	123515	2478	1
S6015461	9	Port Input	14	123515	2478	1
S6015461	9	Port Input	15	123516	2478	1
S6015461	9	Port Input	14	123516	2478	1
S6015461	9	Port Input	15	123516	2478	1
S6015461	9	Port Input	14	132851	11813	1
S6015461	9	Response	22	132851	11813	1
S6015461	10	Picture	20	132912	0	1	11111	1	0	next	hit	90
S6015461	10	Port Input	15	135558	2646	1
S6015461	10	Port Input	14	135558	2646	1
S6015461	10	Port Input	15	135559	2646	1
S6015461	10	Port Input	14	135559	2646	1
S6015461	10	Port Input	15	135559	2647	1
S6015461	10	Port Input	14	144008	11095	1
S6015461	10	Response	22	144008	11095	1
S6015461	10	Port Input	15	144008	11096	1
S6015461	10	Port Input	14	144008	11096	1
S6015461	11	Picture	20	144023	0	1	11458	1	0	next	hit	96
S6015461	11	Port Input	15	146688	2665	1
S6015461	11	Port Input	14	155437	11413	1
S6015461	11	Response	22	155437	11413	1
S6015461	12	Picture	20	155481	0	1	10555	1	0	next	hit	100
S6015461	12	Port Input	15	157618	2137	1
S6015461	12	Port Input	14	165980	10499	1
S6015461	12	Response	22	165980	10499	1
S6015461	13	Picture	20	166036	0	1	10833	1	0	next	hit	104
S6015461	13	Port Input	15	168557	2521	1
S6015461	13	Port Input	14	176848	10811	1
S6015461	13	Response	22	176848	10811	1
S6015461	14	Picture	20	176869	0	1	10833	1	0	next	hit	120
S6015461	14	Port Input	15	179346	2477	1
S6015461	14	Port Input	14	179346	2477	1
S6015461	14	Port Input	15	179347	2478	1
S6015461	14	Port Input	14	179347	2478	1
S6015461	14	Port Input	15	179347	2478	1
S6015461	14	Port Input	14	179347	2478	1
S6015461	14	Port Input	15	179348	2478	1
S6015461	14	Port Input	14	179348	2478	1
S6015461	14	Port Input	15	179348	2478	1
S6015461	14	Port Input	14	179348	2478	1
S6015461	14	Port Input	15	179348	2479	1
S6015461	14	Port Input	14	179348	2479	1
S6015461	14	Port Input	15	179348	2479	1
S6015461	14	Port Input	14	187633	10764	1
S6015461	14	Response	22	187633	10764	1
S6015461	15	Picture	20	187702	0	1	9791	1	0	next	hit	128
S6015461	15	Port Input	15	190032	2329	1
S6015461	15	Port Input	14	190032	2329	1
S6015461	15	Port Input	15	190032	2330	1
S6015461	15	Port Input	14	190032	2330	1
S6015461	15	Port Input	15	190032	2330	1
S6015461	15	Port Input	14	197416	9714	1
S6015461	15	Response	22	197416	9714	1
S6015461	15	Port Input	15	197416	9714	1
S6015461	15	Port Input	14	197417	9715	1
S6015461	16	Picture	20	197494	0	1	10347	1	0	next	hit	170
S6015461	16	Port Input	15	200844	3350	1
S6015461	16	Port Input	14	200844	3351	1
S6015461	16	Port Input	15	200844	3351	1
S6015461	16	Port Input	14	200844	3351	1
S6015461	16	Port Input	15	200844	3351	1
S6015461	16	Port Input	14	200844	3351	1
S6015461	16	Port Input	15	200844	3351	1
S6015461	16	Port Input	14	200844	3351	1
S6015461	16	Port Input	15	200845	3352	1
S6015461	16	Port Input	14	200846	3352	1
S6015461	16	Port Input	15	200846	3352	1
S6015461	16	Port Input	14	200846	3352	1
S6015461	16	Port Input	15	200846	3353	1
S6015461	16	Port Input	14	200846	3353	1
S6015461	16	Port Input	15	200846	3353	1
S6015461	16	Port Input	14	200846	3353	1
S6015461	16	Port Input	15	200848	3354	1
S6015461	16	Port Input	14	200848	3354	1
S6015461	16	Port Input	15	200848	3354	1
S6015461	16	Port Input	14	200848	3354	1
S6015461	16	Port Input	15	200848	3354	1
S6015461	16	Port Input	14	200848	3354	1
S6015461	16	Port Input	15	200848	3355	1
S6015461	16	Port Input	14	200848	3355	1
S6015461	16	Port Input	15	200848	3355	1
S6015461	16	Port Input	14	200848	3355	1
S6015461	16	Port Input	15	200848	3355	1
S6015461	16	Port Input	14	200848	3355	1
S6015461	16	Port Input	15	200848	3355	1
S6015461	16	Port Input	14	200848	3355	1
S6015461	16	Port Input	15	200849	3355	1
S6015461	16	Port Input	14	200849	3355	1
S6015461	16	Port Input	15	200849	3355	1
S6015461	16	Port Input	14	200849	3355	1
S6015461	16	Port Input	15	200849	3355	1
S6015461	16	Port Input	14	200849	3355	1
S6015461	16	Port Input	15	200849	3355	1
S6015461	16	Port Input	14	207765	10272	1
S6015461	16	Response	22	207765	10272	1
S6015461	17	Picture	20	207840	0	1	10625	1	0	next	hit	174
S6015461	17	Port Input	15	211069	3229	1
S6015461	17	Port Input	14	218429	10589	1
S6015461	17	Response	22	218429	10589	1
S6015461	18	Picture	20	218465	0	1	10833	1	0	next	hit	186
S6015461	18	Port Input	15	220829	2364	1
S6015461	18	Port Input	14	220829	2364	1
S6015461	18	Port Input	15	220829	2364	1
S6015461	18	Port Input	14	220829	2364	1
S6015461	18	Port Input	15	220829	2364	1
S6015461	18	Port Input	14	220829	2364	1
S6015461	18	Port Input	15	220830	2364	1
S6015461	18	Port Input	14	220830	2365	1
S6015461	18	Port Input	15	220830	2365	1
S6015461	18	Port Input	14	229285	10820	1
S6015461	18	Response	22	229285	10820	1
S6015461	18	Port Input	15	229285	10820	1
S6015461	18	Port Input	14	229285	10820	1
S6015461	19	Picture	20	229298	0	1	11250	1	0	next	hit	196
S6015461	19	Port Input	15	231976	2678	1
S6015461	19	Port Input	14	231976	2678	1
S6015461	19	Port Input	15	231977	2679	1
S6015461	19	Port Input	14	231977	2679	1
S6015461	19	Port Input	15	231977	2679	1
S6015461	19	Port Input	14	240517	11219	1
S6015461	19	Response	22	240517	11219	1
S6015461	19	Port Input	15	240517	11219	1
S6015461	19	Port Input	14	240518	11220	6
S6015461	20	Picture	20	240548	0	1	10763	1	0	next	hit	216
S6015461	20	Port Input	15	243232	2684	1
S6015461	20	Port Input	14	243232	2684	1
S6015461	20	Port Input	15	243232	2684	1
S6015461	20	Port Input	14	243232	2684	1
S6015461	20	Port Input	15	243232	2684	1
S6015461	20	Port Input	14	243232	2684	1
S6015461	20	Port Input	15	243232	2684	1
S6015461	20	Port Input	14	243232	2684	1
S6015461	20	Port Input	15	243232	2684	1
S6015461	20	Port Input	14	243232	2684	1
S6015461	20	Port Input	15	243232	2684	1
S6015461	20	Port Input	14	243232	2684	1
S6015461	20	Port Input	15	243232	2684	1
S6015461	20	Port Input	14	243232	2684	1
S6015461	20	Port Input	15	243232	2685	1
S6015461	20	Port Input	14	251298	10751	1
S6015461	20	Response	22	251298	10751	1
S6015461	20	Port Input	15	251299	10751	1
S6015461	20	Port Input	14	251300	10752	98
S6015461	21	Picture	20	251311	0	1	11805	1	0	next	hit	226
S6015461	21	Port Input	15	254790	3479	1
S6015461	21	Port Input	14	254790	3479	1
S6015461	21	Port Input	15	254791	3479	1
S6015461	21	Port Input	14	254791	3480	1
S6015461	21	Port Input	15	254791	3480	1
S6015461	21	Port Input	14	263100	11789	1
S6015461	21	Response	22	263100	11789	1
S6015461	22	Picture	20	263116	0	1	11319	1	0	next	hit	232
S6015461	22	Port Input	15	265897	2780	1
S6015461	22	Port Input	14	265897	2780	1
S6015461	22	Port Input	15	265897	2780	1
S6015461	22	Port Input	14	274385	11268	1
S6015461	22	Response	22	274385	11268	1
S6015461	22	Port Input	15	274385	11268	1
S6015461	22	Port Input	14	274385	11269	1
S6015461	23	Picture	20	274436	0	1	10833	1	0	next	hit	240
S6015461	23	Port Input	15	277136	2701	1
S6015461	23	Port Input	14	277136	2701	1
S6015461	23	Port Input	15	277138	2702	1
S6015461	23	Port Input	14	285261	10825	1
S6015461	23	Response	22	285261	10825	1
S6015461	24	Picture	20	285268	0	1	10625	1	0	next	hit	252
S6015461	24	Port Input	15	288248	2979	1
S6015461	24	Port Input	14	288248	2979	1
S6015461	24	Port Input	15	288248	2979	1
S6015461	24	Port Input	14	288248	2980	1
S6015461	24	Port Input	15	288248	2980	1
S6015461	24	Port Input	14	288248	2980	1
S6015461	24	Port Input	15	288248	2980	1
S6015461	24	Port Input	14	288249	2980	1
S6015461	24	Port Input	15	288249	2980	1
S6015461	24	Port Input	14	295856	10587	1
S6015461	24	Response	22	295856	10587	1
S6015461	25	Picture	20	295893	0	1	11041	1	0	next	hit	266
S6015461	25	Port Input	15	298725	2832	1
S6015461	25	Port Input	14	298725	2832	1
S6015461	25	Port Input	15	298726	2833	1
S6015461	25	Port Input	14	298726	2833	1
S6015461	25	Port Input	15	298726	2833	1
S6015461	25	Port Input	14	298726	2833	1
S6015461	25	Port Input	15	298726	2833	1
S6015461	25	Port Input	14	298726	2833	1
S6015461	25	Port Input	15	298726	2833	1
S6015461	25	Port Input	14	298727	2833	1
S6015461	25	Port Input	15	298727	2833	1
S6015461	25	Port Input	14	306912	11019	1
S6015461	25	Response	22	306912	11019	1
S6015461	26	Picture	20	306934	0	1	10972	1	0	next	hit	278
S6015461	26	Port Input	15	309999	3065	1
S6015461	26	Port Input	14	309999	3065	1
S6015461	26	Port Input	15	310000	3065	1
S6015461	26	Port Input	14	310000	3065	1
S6015461	26	Port Input	15	310000	3065	1
S6015461	26	Port Input	14	310000	3065	1
S6015461	26	Port Input	15	310000	3065	1
S6015461	26	Port Input	14	310000	3065	1
S6015461	26	Port Input	15	310000	3066	1
S6015461	26	Port Input	14	317866	10931	1
S6015461	26	Response	22	317866	10931	1
S6015461	27	Picture	20	317906	0	1	10555	1	0	next	hit	286
S6015461	27	Port Input	15	320573	2666	1
S6015461	27	Port Input	14	320573	2666	1
S6015461	27	Port Input	15	320574	2668	1
S6015461	27	Port Input	14	320574	2668	1
S6015461	27	Port Input	15	320575	2669	1
S6015461	27	Port Input	14	328432	10526	1
S6015461	27	Response	22	328432	10526	1
S6015461	27	Port Input	15	328432	10526	1
S6015461	27	Port Input	14	328432	10526	1
S6015461	27	Port Input	15	328432	10526	1
S6015461	27	Port Input	14	328432	10526	1
S6015461	27	Port Input	15	328439	10533	1
S6015461	27	Port Input	14	328439	10533	1
S6015461	28	Picture	20	328462	0	1	11250	1	0	next	hit	296
S6015461	28	Port Input	15	331750	3289	1
S6015461	28	Port Input	14	339684	11223	1
S6015461	28	Response	22	339684	11223	1
S6015461	29	Picture	20	339711	0	1	11319	1	0	next	hit	306
S6015461	29	Port Input	15	342743	3032	1
S6015461	29	Port Input	14	342744	3032	1
S6015461	29	Port Input	15	342744	3033	1
S6015461	29	Port Input	14	342744	3033	1
S6015461	29	Port Input	15	342744	3033	1
S6015461	29	Port Input	14	342744	3033	1
S6015461	29	Port Input	15	342744	3033	1
S6015461	29	Port Input	14	351007	11296	1
S6015461	29	Response	22	351007	11296	1
S6015461	29	Port Input	15	351008	11296	1
S6015461	29	Port Input	14	351008	11296	1
S6015461	29	Port Input	15	351008	11297	1
S6015461	29	Port Input	14	351008	11297	5
S6015461	30	Picture	20	351030	0	1	10486	1	0	next	hit	318
S6015461	30	Port Input	15	354015	2985	1
S6015461	30	Port Input	14	354015	2985	1
S6015461	30	Port Input	15	354015	2985	1
S6015461	30	Port Input	14	354015	2985	1
S6015461	30	Port Input	15	354015	2985	1
S6015461	30	Port Input	14	361464	10434	1
S6015461	30	Response	22	361464	10434	1
S6015461	30	Port Input	15	361464	10434	1
S6015461	30	Port Input	14	361465	10434	1
S6015461	30	Port Input	15	361465	10434	1
S6015461	30	Port Input	14	361465	10435	3
S6015461	31	Picture	20	361516	0	1	10486	1	0	next	hit	328
S6015461	31	Port Input	15	364753	3236	1
S6015461	31	Port Input	14	364753	3237	1
S6015461	31	Port Input	15	364753	3237	1
S6015461	31	Port Input	14	371981	10465	1
S6015461	31	Response	22	371981	10465	1
S6015461	32	Picture	20	372002	0	1	11111	1	0	next	hit	332
S6015461	32	Port Input	15	375202	3200	1
S6015461	32	Port Input	14	383092	11091	1
S6015461	32	Response	22	383092	11091	1
S6015461	32	Port Input	15	383092	11091	1
S6015461	32	Port Input	14	383093	11091	1
S6015461	33	Picture	20	383113	0	1	11666	1	0	next	hit	342
S6015461	33	Port Input	15	385851	2739	1
S6015461	33	Port Input	14	385851	2739	1
S6015461	33	Port Input	15	385851	2739	1
S6015461	33	Port Input	14	385851	2739	1
S6015461	33	Port Input	15	385852	2739	1
S6015461	33	Port Input	14	394738	11625	1
S6015461	33	Response	22	394738	11625	1
S6015461	34	Picture	20	394779	0	1	11666	1	0	next	hit	348
S6015461	34	Port Input	15	398102	3323	1
S6015461	34	Port Input	14	398102	3323	1
S6015461	34	Port Input	15	398102	3323	1
S6015461	34	Port Input	14	406392	11614	1
S6015461	34	Response	22	406392	11614	1
S6015461	34	Port Input	15	406393	11614	1
S6015461	34	Port Input	14	406393	11614	1
S6015461	35	Picture	20	406445	0	1	10486	1	0	next	hit	354
S6015461	35	Port Input	15	409164	2719	1
S6015461	35	Port Input	14	416865	10420	1
S6015461	35	Response	22	416865	10420	1
S6015461	36	Picture	20	416931	0	1	10347	1	0	next	hit	360
S6015461	36	Port Input	15	419698	2768	1
S6015461	36	Port Input	14	419698	2768	1
S6015461	36	Port Input	15	419699	2768	1
S6015461	36	Port Input	14	427221	10290	1
S6015461	36	Response	22	427221	10290	1
S6015461	37	Picture	20	427278	0	1	10764	1	0	next	hit	366
S6015461	37	Port Input	15	430058	2780	1
S6015461	37	Port Input	14	430058	2780	1
S6015461	37	Port Input	15	430059	2781	1
S6015461	37	Port Input	14	437989	10711	1
S6015461	37	Response	22	437989	10711	1
S6015461	37	Port Input	15	437989	10711	1
S6015461	37	Port Input	14	437990	10712	5
S6015461	38	Picture	20	438041	0	1	10069	1	0	next	hit	372
S6015461	38	Port Input	15	440818	2777	1
S6015461	38	Port Input	14	448085	10044	1
S6015461	38	Response	22	448085	10044	1
S6015461	38	Port Input	15	448085	10044	1
S6015461	38	Port Input	14	448085	10044	1
S6015461	39	Picture	20	448110	0	1	10277	1	0	next	hit	378
S6015461	39	Port Input	15	450849	2738	1
S6015461	39	Port Input	14	458374	10263	1
S6015461	39	Response	22	458374	10263	1
S6015461	39	Port Input	15	458374	10263	1
S6015461	39	Port Input	14	458374	10264	1
S6015461	40	Picture	20	458388	0	1	10347	1	0	next	hit	388
S6015461	40	Port Input	15	460984	2596	1
S6015461	40	Port Input	14	460985	2597	1
S6015461	40	Port Input	15	460985	2597	1
S6015461	40	Port Input	14	460985	2597	1
S6015461	40	Port Input	15	460985	2597	1
S6015461	40	Port Input	14	468705	10317	1
S6015461	40	Response	22	468705	10317	1
S6015461	41	Picture	20	468735	0	1	11180	1	0	next	hit	410
S6015461	41	Port Input	15	471754	3019	1
S6015461	41	Port Input	14	471754	3019	1
S6015461	41	Port Input	15	471754	3019	1
S6015461	41	Port Input	14	471754	3019	1
S6015461	41	Port Input	15	471754	3019	1
S6015461	41	Port Input	14	471754	3019	1
S6015461	41	Port Input	15	471754	3019	1
S6015461	41	Port Input	14	471754	3019	1
S6015461	41	Port Input	15	471754	3020	1
S6015461	41	Port Input	14	471755	3020	1
S6015461	41	Port Input	15	471755	3020	1
S6015461	41	Port Input	14	471755	3020	1
S6015461	41	Port Input	15	471755	3020	1
S6015461	41	Port Input	14	471755	3020	1
S6015461	41	Port Input	15	471755	3020	1
S6015461	41	Port Input	14	471755	3020	1
S6015461	41	Port Input	15	471756	3021	1
S6015461	41	Port Input	14	471756	3021	1
S6015461	41	Port Input	15	471756	3022	1
S6015461	41	Port Input	14	479838	11104	1
S6015461	41	Response	22	479838	11104	1
S6015461	42	Picture	20	479915	0	1	10486	1	0	next	hit	414
S6015461	42	Port Input	15	482778	2863	1
S6015461	42	Port Input	14	490387	10472	1
S6015461	42	Response	22	490387	10472	1
S6015461	42	Port Input	15	490387	10472	1
S6015461	42	Port Input	14	490387	10472	1
S6015461	42	Port Input	15	490388	10473	3
S6015461	42	Port Input	14	490391	10476	1
S6015461	42	Port Input	15	490391	10476	1
S6015461	42	Port Input	14	490392	10477	1
S6015461	43	Picture	20	490401	0	1	10902	1	0	next	hit	426
S6015461	43	Port Input	15	493345	2944	1
S6015461	43	Port Input	14	493345	2944	1
S6015461	43	Port Input	15	493345	2944	1
S6015461	43	Port Input	14	501276	10876	1
S6015461	43	Response	22	501276	10876	1
S6015461	44	Picture	20	501303	0	1	11597	1	0	next	hit	430
S6015461	44	Port Input	15	504735	3432	1
S6015461	44	Port Input	14	512834	11531	1
S6015461	44	Response	22	512834	11531	1
S6015461	45	Picture	20	512900	0	1	10139	1	0	next	hit	446
S6015461	45	Port Input	15	515346	2446	1
S6015461	45	Port Input	14	515346	2446	1
S6015461	45	Port Input	15	515347	2447	1
S6015461	45	Port Input	14	515347	2447	1
S6015461	45	Port Input	15	515347	2447	1
S6015461	45	Port Input	14	515347	2447	1
S6015461	45	Port Input	15	515347	2447	1
S6015461	45	Port Input	14	515347	2447	1
S6015461	45	Port Input	15	515347	2447	1
S6015461	45	Port Input	14	515347	2447	1
S6015461	45	Port Input	15	515347	2447	1
S6015461	45	Port Input	14	515348	2448	1
S6015461	45	Port Input	15	515348	2448	1
S6015461	45	Port Input	14	522989	10089	1
S6015461	45	Response	22	522989	10089	1
S6015461	45	Port Input	15	522989	10089	1
S6015461	45	Port Input	14	522989	10089	1
S6015461	46	Picture	20	523039	0	1	10555	1	0	next	hit	454
S6015461	46	Port Input	15	525968	2929	1
S6015461	46	Port Input	14	525968	2929	1
S6015461	46	Port Input	15	525969	2930	1
S6015461	46	Port Input	14	533542	10503	1
S6015461	46	Response	22	533542	10503	1
S6015461	47	Picture	20	533594	0	1	10764	1	0	next	hit	460
S6015461	47	Port Input	15	536650	3056	1
S6015461	47	Port Input	14	536650	3056	1
S6015461	47	Port Input	15	536650	3056	1
S6015461	47	Port Input	14	544332	10738	1
S6015461	47	Response	22	544332	10738	1
S6015461	47	Port Input	15	544332	10738	1
S6015461	47	Port Input	14	544333	10739	4
S6015461	48	Picture	20	544357	0	1	10139	1	0	next	hit	466
S6015461	48	Port Input	15	547331	2973	1
S6015461	48	Port Input	14	554478	10121	1
S6015461	48	Response	22	554478	10121	1
S6015461	48	Port Input	15	554478	10121	1
S6015461	48	Port Input	14	554478	10121	1
S6015461	48	Port Input	15	554479	10121	1
S6015461	48	Port Input	14	554479	10122	5
S6015461	49	Picture	20	554496	0	1	10625	1	0	next	hit	476
S6015461	49	Port Input	15	557399	2903	1
S6015461	49	Port Input	14	557399	2903	1
S6015461	49	Port Input	15	557399	2903	1
S6015461	49	Port Input	14	565099	10604	1
S6015461	49	Response	22	565099	10604	1
S6015461	50	Picture	20	565121	0	1	10555	1	0	next	hit	480
S6015461	50	Port Input	15	568057	2936	1
S6015461	50	Port Input	14	575606	10486	1
S6015461	50	Response	22	575606	10486	1
S6015461	50	Port Input	15	575606	10486	1
S6015461	50	Port Input	14	575607	10486	1
S6015461	51	Picture	20	575676	0	1	10625	1	0	next	hit	486
S6015461	51	Port Input	15	578520	2845	1
S6015461	51	Port Input	14	586226	10551	1
S6015461	51	Response	22	586226	10551	1
S6015461	52	Picture	20	586300	0	1	11666	1	0	next	hit	504
S6015461	52	Port Input	15	589443	3142	1
S6015461	52	Port Input	14	589443	3142	1
S6015461	52	Port Input	15	589443	3143	1
S6015461	52	Port Input	14	589443	3143	1
S6015461	52	Port Input	15	589443	3143	1
S6015461	52	Port Input	14	589443	3143	1
S6015461	52	Port Input	15	589444	3143	1
S6015461	52	Port Input	14	589444	3143	1
S6015461	52	Port Input	15	589444	3143	1
S6015461	52	Port Input	14	589444	3143	1
S6015461	52	Port Input	15	589444	3144	1
S6015461	52	Port Input	14	589444	3144	1
S6015461	52	Port Input	15	589444	3144	1
S6015461	52	Port Input	14	589444	3144	1
S6015461	52	Port Input	15	589444	3144	1
S6015461	52	Port Input	14	597899	11598	1
S6015461	52	Response	22	597899	11598	1
S6015461	53	Picture	20	597967	0	1	11111	1	0	next	hit	514
S6015461	53	Port Input	15	600756	2789	1
S6015461	53	Port Input	14	600756	2789	1
S6015461	53	Port Input	15	600756	2789	1
S6015461	53	Port Input	14	600756	2789	1
S6015461	53	Port Input	15	600756	2789	1
S6015461	53	Port Input	14	600756	2789	1
S6015461	53	Port Input	15	600756	2789	1
S6015461	53	Port Input	14	609028	11062	1
S6015461	53	Response	22	609028	11062	1
S6015461	54	Picture	20	609077	0	1	10972	1	0	next	hit	522
S6015461	54	Port Input	15	611837	2760	1
S6015461	54	Port Input	14	611837	2760	1
S6015461	54	Port Input	15	611837	2760	1
S6015461	54	Port Input	14	611837	2760	1
S6015461	54	Port Input	15	611838	2760	1
S6015461	54	Port Input	14	619980	10902	1
S6015461	54	Response	22	619980	10902	1
S6015461	55	Picture	20	620049	0	1	10277	1	0	next	hit	542
S6015461	55	Port Input	15	623434	3385	1
S6015461	55	Port Input	14	623434	3385	1
S6015461	55	Port Input	15	623434	3385	1
S6015461	55	Port Input	14	623434	3385	1
S6015461	55	Port Input	15	623435	3385	1
S6015461	55	Port Input	14	623435	3385	1
S6015461	55	Port Input	15	623435	3385	1
S6015461	55	Port Input	14	623435	3386	1
S6015461	55	Port Input	15	623435	3386	1
S6015461	55	Port Input	14	623435	3386	1
S6015461	55	Port Input	15	623436	3386	1
S6015461	55	Port Input	14	623436	3387	1
S6015461	55	Port Input	15	623436	3387	1
S6015461	55	Port Input	14	623436	3387	1
S6015461	55	Port Input	15	623437	3387	1
S6015461	55	Port Input	14	623437	3387	1
S6015461	55	Port Input	15	623437	3387	1
S6015461	55	Port Input	14	630260	10210	1
S6015461	55	Response	22	630260	10210	1
S6015461	55	Port Input	15	630260	10210	1
S6015461	55	Port Input	14	630260	10211	1
S6015461	56	Picture	20	630327	0	1	10555	1	0	next	hit	560
S6015461	56	Port Input	15	633598	3271	1
S6015461	56	Port Input	14	633598	3271	1
S6015461	56	Port Input	15	633598	3271	1
S6015461	56	Port Input	14	633598	3272	1
S6015461	56	Port Input	15	633599	3272	1
S6015461	56	Port Input	14	633599	3272	1
S6015461	56	Port Input	15	633599	3272	1
S6015461	56	Port Input	14	633599	3272	1
S6015461	56	Port Input	15	633599	3272	1
S6015461	56	Port Input	14	633599	3272	1
S6015461	56	Port Input	15	633600	3273	1
S6015461	56	Port Input	14	633600	3273	1
S6015461	56	Port Input	15	633604	3277	1
S6015461	56	Port Input	14	640868	10541	1
S6015461	56	Response	22	640868	10541	1
S6015461	57	Picture	20	640882	0	1	11041	1	0	next	hit	564
S6015461	57	Port Input	15	643940	3058	1
S6015461	57	Port Input	14	651904	11022	1
S6015461	57	Response	22	651904	11022	1
S6015461	58	Picture	20	651923	0	1	11180	1	0	next	hit	594
S6015461	58	Port Input	15	654907	2983	1
S6015461	58	Port Input	14	654907	2983	1
S6015461	58	Port Input	15	654907	2983	1
S6015461	58	Port Input	14	654907	2984	1
S6015461	58	Port Input	15	654907	2984	1
S6015461	58	Port Input	14	654907	2984	1
S6015461	58	Port Input	15	654907	2984	1
S6015461	58	Port Input	14	654907	2984	1
S6015461	58	Port Input	15	654907	2984	1
S6015461	58	Port Input	14	654907	2984	1
S6015461	58	Port Input	15	654907	2984	1
S6015461	58	Port Input	14	654907	2984	1
S6015461	58	Port Input	15	654908	2985	1
S6015461	58	Port Input	14	654908	2985	1
S6015461	58	Port Input	15	654908	2985	1
S6015461	58	Port Input	14	654908	2985	1
S6015461	58	Port Input	15	654909	2985	1
S6015461	58	Port Input	14	654909	2985	1
S6015461	58	Port Input	15	654909	2986	1
S6015461	58	Port Input	14	654909	2986	1
S6015461	58	Port Input	15	654911	2988	1
S6015461	58	Port Input	14	654911	2988	1
S6015461	58	Port Input	15	654911	2988	1
S6015461	58	Port Input	14	654911	2988	1
S6015461	58	Port Input	15	654911	2988	1
S6015461	58	Port Input	14	654911	2988	1
S6015461	58	Port Input	15	654911	2988	1
S6015461	58	Port Input	14	663049	11126	1
S6015461	58	Response	22	663049	11126	1
S6015461	59	Picture	20	663104	0	1	11180	1	0	next	hit	612
S6015461	59	Port Input	15	666114	3010	1
S6015461	59	Port Input	14	666114	3010	1
S6015461	59	Port Input	15	666115	3011	1
S6015461	59	Port Input	14	666115	3011	1
S6015461	59	Port Input	15	666115	3011	1
S6015461	59	Port Input	14	666115	3011	1
S6015461	59	Port Input	15	666115	3011	1
S6015461	59	Port Input	14	666115	3011	1
S6015461	59	Port Input	15	666115	3011	1
S6015461	59	Port Input	14	666115	3012	1
S6015461	59	Port Input	15	666116	3012	1
S6015461	59	Port Input	14	666116	3012	1
S6015461	59	Port Input	15	666116	3012	1
S6015461	59	Port Input	14	666116	3012	1
S6015461	59	Port Input	15	666116	3012	1
S6015461	59	Port Input	14	674215	11111	1
S6015461	59	Response	22	674215	11111	1
S6015461	60	Picture	20	674284	0	1	10764	1	0	next	hit	618
S6015461	60	Port Input	15	677089	2806	1
S6015461	60	Port Input	14	677089	2806	1
S6015461	60	Port Input	15	677091	2807	1
S6015461	60	Port Input	14	685016	10732	1
S6015461	60	Response	22	685016	10732	1
S6015461	61	Picture	20	685047	0	1	10972	1	0	next	hit	638
S6015461	61	Port Input	15	688218	3171	1
S6015461	61	Port Input	14	688219	3171	1
S6015461	61	Port Input	15	688219	3171	1
S6015461	61	Port Input	14	688219	3171	1
S6015461	61	Port Input	15	688219	3171	1
S6015461	61	Port Input	14	688219	3171	1
S6015461	61	Port Input	15	688219	3172	1
S6015461	61	Port Input	14	688219	3172	1
S6015461	61	Port Input	15	688219	3172	1
S6015461	61	Port Input	14	688219	3172	1
S6015461	61	Port Input	15	688219	3172	1
S6015461	61	Port Input	14	688220	3172	1
S6015461	61	Port Input	15	688220	3173	1
S6015461	61	Port Input	14	688220	3173	1
S6015461	61	Port Input	15	688220	3173	1
S6015461	61	Port Input	14	688220	3173	1
S6015461	61	Port Input	15	688220	3173	1
S6015461	61	Port Input	14	695985	10938	1
S6015461	61	Response	22	695985	10938	1
S6015461	62	Picture	20	696019	0	1	10902	1	0	next	hit	680
S6015461	62	Port Input	15	699022	3003	1
S6015461	62	Port Input	14	699022	3003	1
S6015461	62	Port Input	15	699024	3005	1
S6015461	62	Port Input	14	699024	3005	1
S6015461	62	Port Input	15	699024	3005	1
S6015461	62	Port Input	14	699024	3005	1
S6015461	62	Port Input	15	699024	3005	1
S6015461	62	Port Input	14	699024	3005	1
S6015461	62	Port Input	15	699025	3005	1
S6015461	62	Port Input	14	699025	3005	1
S6015461	62	Port Input	15	699025	3006	1
S6015461	62	Port Input	14	699025	3006	1
S6015461	62	Port Input	15	699025	3006	1
S6015461	62	Port Input	14	699025	3006	1
S6015461	62	Port Input	15	699025	3006	1
S6015461	62	Port Input	14	699025	3006	1
S6015461	62	Port Input	15	699025	3006	1
S6015461	62	Port Input	14	699025	3006	1
S6015461	62	Port Input	15	699025	3006	1
S6015461	62	Port Input	14	699025	3006	1
S6015461	62	Port Input	15	699026	3006	1
S6015461	62	Port Input	14	699026	3006	1
S6015461	62	Port Input	15	699026	3006	1
S6015461	62	Port Input	14	699026	3006	1
S6015461	62	Port Input	15	699026	3007	1
S6015461	62	Port Input	14	699026	3007	1
S6015461	62	Port Input	15	699026	3007	1
S6015461	62	Port Input	14	699026	3007	1
S6015461	62	Port Input	15	699026	3007	1
S6015461	62	Port Input	14	699026	3007	1
S6015461	62	Port Input	15	699027	3007	1
S6015461	62	Port Input	14	699027	3007	1
S6015461	62	Port Input	15	699027	3008	1
S6015461	62	Port Input	14	699027	3008	1
S6015461	62	Port Input	15	699027	3008	1
S6015461	62	Port Input	14	699027	3008	1
S6015461	62	Port Input	15	699027	3008	1
S6015461	62	Port Input	14	699027	3008	1
S6015461	62	Port Input	15	699028	3008	1
S6015461	62	Port Input	14	706904	10885	1
S6015461	62	Response	22	706904	10885	1
S6015461	62	Port Input	15	706904	10885	1
S6015461	62	Port Input	14	706905	10886	1
S6015461	62	Port Input	15	706905	10886	1
S6015461	62	Port Input	14	706905	10886	1
S6015461	63	Picture	20	706922	0	1	10902	1	0	next	hit	700
S6015461	63	Port Input	15	709875	2954	1
S6015461	63	Port Input	14	709875	2954	1
S6015461	63	Port Input	15	709875	2954	1
S6015461	63	Port Input	14	709876	2954	1
S6015461	63	Port Input	15	709876	2954	1
S6015461	63	Port Input	14	709876	2954	1
S6015461	63	Port Input	15	709876	2954	1
S6015461	63	Port Input	14	709876	2954	1
S6015461	63	Port Input	15	709876	2955	1
S6015461	63	Port Input	14	709876	2955	1
S6015461	63	Port Input	15	709876	2955	1
S6015461	63	Port Input	14	709876	2955	1
S6015461	63	Port Input	15	709876	2955	1
S6015461	63	Port Input	14	717753	10831	1
S6015461	63	Response	22	717753	10831	1
S6015461	63	Port Input	15	717753	10831	1
S6015461	63	Port Input	14	717753	10831	1
S6015461	64	Picture	20	717824	0	1	10833	1	0	next	hit	708
S6015461	64	Port Input	15	720820	2996	1
S6015461	64	Port Input	14	720820	2996	1
S6015461	64	Port Input	15	720825	3001	1
S6015461	64	Port Input	14	728597	10773	1
S6015461	64	Response	22	728597	10773	1
S6015461	65	Picture	20	728657	0	1	11319	1	0	next	hit	732
S6015461	65	Port Input	15	731845	3188	1
S6015461	65	Port Input	14	731845	3188	1
S6015461	65	Port Input	15	731845	3188	1
S6015461	65	Port Input	14	731845	3188	1
S6015461	65	Port Input	15	731846	3189	1
S6015461	65	Port Input	14	731846	3189	1
S6015461	65	Port Input	15	731846	3189	1
S6015461	65	Port Input	14	731847	3190	1
S6015461	65	Port Input	15	731847	3190	1
S6015461	65	Port Input	14	731847	3190	1
S6015461	65	Port Input	15	731848	3191	1
S6015461	65	Port Input	14	731848	3191	1
S6015461	65	Port Input	15	731848	3191	1
S6015461	65	Port Input	14	731848	3191	1
S6015461	65	Port Input	15	731849	3192	1
S6015461	65	Port Input	14	731849	3192	1
S6015461	65	Port Input	15	731850	3193	1
S6015461	65	Port Input	14	731850	3193	1
S6015461	65	Port Input	15	731850	3193	1
S6015461	65	Port Input	14	731850	3193	1
S6015461	65	Port Input	15	731852	3195	1
S6015461	65	Port Input	14	739969	11312	1
S6015461	65	Response	22	739969	11312	1
S6015461	66	Picture	20	739976	0	1	11805	1	0	next	hit	740
S6015461	66	Port Input	15	742943	2967	1
S6015461	66	Port Input	14	742943	2967	1
S6015461	66	Port Input	15	742943	2967	1
S6015461	66	Port Input	14	742943	2967	1
S6015461	66	Port Input	15	742943	2967	1
S6015461	66	Port Input	14	751713	11737	1
S6015461	66	Response	22	751713	11737	1
S6015461	66	Port Input	15	751714	11738	1
S6015461	66	Port Input	14	751714	11738	2
S6015461	67	Picture	20	751781	0	1	10903	1	0	next	hit	748
S6015461	67	Port Input	15	754908	3127	1
S6015461	67	Port Input	14	754908	3127	1
S6015461	67	Port Input	15	754908	3127	1
S6015461	67	Port Input	14	762614	10832	1
S6015461	67	Response	22	762614	10832	1
S6015461	68	Picture	20	762684	0	1	10764	1	0	next	hit	762
S6015461	68	Port Input	15	765729	3045	1
S6015461	68	Port Input	14	765730	3046	1
S6015461	68	Port Input	15	765730	3046	1
S6015461	68	Port Input	14	765730	3046	1
S6015461	68	Port Input	15	765730	3046	1
S6015461	68	Port Input	14	765730	3046	1
S6015461	68	Port Input	15	765730	3046	1
S6015461	68	Port Input	14	765731	3048	1
S6015461	68	Port Input	15	765732	3048	1
S6015461	68	Port Input	14	765732	3048	1
S6015461	68	Port Input	15	765732	3049	1
S6015461	68	Port Input	14	773417	10733	1
S6015461	68	Response	22	773417	10733	1
S6015461	69	Picture	20	773447	0	1	11041	1	0	next	hit	788
S6015461	69	Port Input	15	776619	3172	1
S6015461	69	Port Input	14	776619	3172	1
S6015461	69	Port Input	15	776620	3173	1
S6015461	69	Port Input	14	776620	3173	1
S6015461	69	Port Input	15	776620	3173	1
S6015461	69	Port Input	14	776620	3173	1
S6015461	69	Port Input	15	776620	3173	1
S6015461	69	Port Input	14	776620	3173	1
S6015461	69	Port Input	15	776620	3173	1
S6015461	69	Port Input	14	776621	3173	1
S6015461	69	Port Input	15	776621	3174	1
S6015461	69	Port Input	14	776621	3174	1
S6015461	69	Port Input	15	776621	3174	1
S6015461	69	Port Input	14	776621	3174	1
S6015461	69	Port Input	15	776621	3174	1
S6015461	69	Port Input	14	776623	3176	1
S6015461	69	Port Input	15	776623	3176	1
S6015461	69	Port Input	14	776623	3176	1
S6015461	69	Port Input	15	776623	3176	1
S6015461	69	Port Input	14	776623	3176	1
S6015461	69	Port Input	15	776624	3176	1
S6015461	69	Port Input	14	776624	3176	1
S6015461	69	Port Input	15	776624	3176	1
S6015461	69	Port Input	14	784421	10973	1
S6015461	69	Response	22	784421	10973	1
S6015461	70	Picture	20	784489	0	1	10625	1	0	next	hit	792
S6015461	70	Port Input	15	787402	2913	1
S6015461	70	Port Input	14	795048	10560	1
S6015461	70	Response	22	795048	10560	1
S6015461	71	Picture	20	795113	0	1	11458	1	0	next	hit	800
S6015461	71	Port Input	15	798433	3320	1
S6015461	71	Port Input	14	798433	3320	1
S6015461	71	Port Input	15	798437	3323	1
S6015461	71	Port Input	14	798437	3324	1
S6015461	71	Port Input	15	798437	3324	1
S6015461	71	Port Input	14	806559	11445	1
S6015461	71	Response	22	806559	11445	1
S6015461	71	Port Input	15	806559	11446	1
S6015461	71	Port Input	14	806559	11446	1
S6015461	72	Picture	20	806571	0	1	10764	1	0	next	hit	810
S6015461	72	Port Input	15	809274	2703	1
S6015461	72	Port Input	14	809274	2703	1
S6015461	72	Port Input	15	809274	2703	1
S6015461	72	Port Input	14	809274	2703	1
S6015461	72	Port Input	15	809275	2703	1
S6015461	72	Port Input	14	817281	10710	1
S6015461	72	Response	22	817281	10710	1
S6015461	72	Port Input	15	817282	10710	1
S6015461	72	Port Input	14	817282	10710	1
S6015461	73	Picture	20	817335	0	1	10764	1	0	next	hit	822
S6015461	73	Port Input	15	819863	2528	1
S6015461	73	Port Input	14	819863	2528	1
S6015461	73	Port Input	15	819863	2528	1
S6015461	73	Port Input	14	819863	2529	1
S6015461	73	Port Input	15	819864	2529	1
S6015461	73	Port Input	14	819864	2529	1
S6015461	73	Port Input	15	819864	2529	1
S6015461	73	Port Input	14	828051	10716	1
S6015461	73	Response	22	828051	10716	1
S6015461	73	Port Input	15	828051	10716	1
S6015461	73	Port Input	14	828051	10716	1
S6015461	74	Picture	20	828098	0	1	11319	1	0	next	hit	828
S6015461	74	Port Input	15	830914	2816	1
S6015461	74	Port Input	14	839404	11306	1
S6015461	74	Response	22	839404	11306	1
S6015461	74	Port Input	15	839404	11306	1
S6015461	74	Port Input	14	839404	11306	1
S6015461	75	Picture	20	839417	0	1	11736	1	0	next	hit	838
S6015461	75	Port Input	15	842499	3082	1
S6015461	75	Port Input	14	842499	3082	1
S6015461	75	Port Input	15	842499	3082	1
S6015461	75	Port Input	14	842499	3082	1
S6015461	75	Port Input	15	842499	3082	1
S6015461	75	Port Input	14	851125	11708	1
S6015461	75	Response	22	851125	11708	1
S6015461	76	Picture	20	851153	0	1	11111	1	0	next	hit	854
S6015461	76	Port Input	15	853855	2702	1
S6015461	76	Port Input	14	853855	2702	1
S6015461	76	Port Input	15	853855	2702	1
S6015461	76	Port Input	14	853855	2702	1
S6015461	76	Port Input	15	853855	2702	1
S6015461	76	Port Input	14	853856	2702	1
S6015461	76	Port Input	15	853856	2703	1
S6015461	76	Port Input	14	853856	2703	1
S6015461	76	Port Input	15	853856	2703	1
S6015461	76	Port Input	14	853856	2703	1
S6015461	76	Port Input	15	853857	2704	1
S6015461	76	Port Input	14	853857	2704	1
S6015461	76	Port Input	15	853857	2704	1
S6015461	76	Port Input	14	862227	11074	1
S6015461	76	Response	22	862227	11074	1
S6015461	77	Picture	20	862264	0	1	11389	1	0	next	hit	868
S6015461	77	Port Input	15	865320	3056	1
S6015461	77	Port Input	14	865320	3056	1
S6015461	77	Port Input	15	865321	3057	1
S6015461	77	Port Input	14	865321	3057	1
S6015461	77	Port Input	15	865321	3057	1
S6015461	77	Port Input	14	865321	3057	1
S6015461	77	Port Input	15	865321	3057	1
S6015461	77	Port Input	14	865321	3057	1
S6015461	77	Port Input	15	865321	3057	1
S6015461	77	Port Input	14	865322	3058	1
S6015461	77	Port Input	15	865322	3059	1
S6015461	77	Port Input	14	873627	11364	1
S6015461	77	Response	22	873627	11364	1
S6015461	77	Port Input	15	873628	11364	1
S6015461	77	Port Input	14	873628	11364	1
S6015461	78	Picture	20	873652	0	1	11111	1	0	next	hit	874
S6015461	78	Port Input	15	876795	3142	1
S6015461	78	Port Input	14	884717	11065	1
S6015461	78	Response	22	884717	11065	1
S6015461	79	Picture	20	884763	0	1	11944	1	0	next	hit	882
S6015461	79	Port Input	15	888215	3452	1
S6015461	79	Port Input	14	888215	3452	1
S6015461	79	Port Input	15	888215	3452	1
S6015461	79	Port Input	14	888215	3452	1
S6015461	79	Port Input	15	888215	3452	1
S6015461	79	Port Input	14	896689	11926	1
S6015461	79	Response	22	896689	11926	1
S6015461	80	Picture	20	896707	0	1	11250	1	0	next	hit	888
S6015461	80	Port Input	15	899325	2618	1
S6015461	80	Port Input	14	899325	2618	1
S6015461	80	Port Input	15	899326	2619	1
S6015461	80	Port Input	14	907894	11187	1
S6015461	80	Response	22	907894	11187	1
S6015461	81	Picture	20	907957	0	1	11180	1	0	next	hit	898
S6015461	81	Port Input	15	911064	3107	1
S6015461	81	Port Input	14	911064	3107	1
S6015461	81	Port Input	15	911064	3107	1
S6015461	81	Port Input	14	911064	3107	1
S6015461	81	Port Input	15	911064	3107	1
S6015461	81	Port Input	14	911064	3107	1
S6015461	81	Port Input	15	911064	3108	1
S6015461	81	Port Input	14	919101	11144	1
S6015461	81	Response	22	919101	11144	1
S6015461	82	Picture	20	919137	0	1	10208	1	0	next	hit	922
S6015461	82	Port Input	15	922107	2970	1
S6015461	82	Port Input	14	922107	2970	1
S6015461	82	Port Input	15	922107	2970	1
S6015461	82	Port Input	14	922107	2970	1
S6015461	82	Port Input	15	922107	2971	1
S6015461	82	Port Input	14	922107	2971	1
S6015461	82	Port Input	15	922108	2971	1
S6015461	82	Port Input	14	922108	2971	1
S6015461	82	Port Input	15	922108	2971	1
S6015461	82	Port Input	14	922108	2971	1
S6015461	82	Port Input	15	922108	2971	1
S6015461	82	Port Input	14	922108	2971	1
S6015461	82	Port Input	15	922108	2971	1
S6015461	82	Port Input	14	922108	2971	1
S6015461	82	Port Input	15	922108	2971	1
S6015461	82	Port Input	14	922108	2972	1
S6015461	82	Port Input	15	922109	2972	1
S6015461	82	Port Input	14	922109	2972	1
S6015461	82	Port Input	15	922109	2972	1
S6015461	82	Port Input	14	922109	2973	1
S6015461	82	Port Input	15	922110	2973	1
S6015461	82	Port Input	14	929308	10171	1
S6015461	82	Response	22	929308	10171	1
S6015461	83	Picture	20	929345	0	1	12014	1	0	next	hit	936
S6015461	83	Port Input	15	933001	3656	1
S6015461	83	Port Input	14	933001	3656	1
S6015461	83	Port Input	15	933001	3656	1
S6015461	83	Port Input	14	933001	3656	1
S6015461	83	Port Input	15	933003	3658	1
S6015461	83	Port Input	14	933003	3658	1
S6015461	83	Port Input	15	933004	3659	1
S6015461	83	Port Input	14	933004	3659	1
S6015461	83	Port Input	15	933004	3659	1
S6015461	83	Port Input	14	933004	3659	1
S6015461	83	Port Input	15	933005	3660	1
S6015461	83	Port Input	14	941284	11939	1
S6015461	83	Response	22	941284	11939	1
S6015461	84	Picture	20	941358	0	1	12569	1	0	next	hit	954
S6015461	84	Port Input	15	944091	2732	1
S6015461	84	Port Input	14	944091	2732	1
S6015461	84	Port Input	15	944091	2733	1
S6015461	84	Port Input	14	944091	2733	1
S6015461	84	Port Input	15	944095	2736	1
S6015461	84	Port Input	14	944095	2736	1
S6015461	84	Port Input	15	944095	2736	1
S6015461	84	Port Input	14	944095	2736	1
S6015461	84	Port Input	15	944095	2736	1
S6015461	84	Port Input	14	944095	2736	1
S6015461	84	Port Input	15	944095	2737	1
S6015461	84	Port Input	14	944095	2737	1
S6015461	84	Port Input	15	944095	2737	1
S6015461	84	Port Input	14	944096	2737	1
S6015461	84	Port Input	15	944096	2737	1
S6015461	84	Port Input	14	953859	12501	1
S6015461	84	Response	22	953859	12501	1
S6015461	84	Port Input	15	953859	12501	1
S6015461	84	Port Input	14	953860	12501	1
S6015461	85	Picture	20	953927	0	1	9861	1	0	next	hit	960
S6015461	85	Port Input	15	956233	2305	1
S6015461	85	Port Input	14	963754	9826	1
S6015461	85	Response	22	963754	9826	1
S6015461	85	Port Input	15	963754	9826	1
S6015461	85	Port Input	14	963755	9828	6
S6015461	86	Picture	20	963788	0	1	10972	1	0	next	hit	1008
S6015461	86	Port Input	15	966703	2915	1
S6015461	86	Port Input	14	966704	2915	1
S6015461	86	Port Input	15	966704	2915	1
S6015461	86	Port Input	14	966704	2915	1
S6015461	86	Port Input	15	966704	2916	1
S6015461	86	Port Input	14	966704	2916	1
S6015461	86	Port Input	15	966704	2916	1
S6015461	86	Port Input	14	966704	2916	1
S6015461	86	Port Input	15	966704	2916	1
S6015461	86	Port Input	14	966705	2916	1
S6015461	86	Port Input	15	966705	2916	1
S6015461	86	Port Input	14	966705	2916	1
S6015461	86	Port Input	15	966705	2916	1
S6015461	86	Port Input	14	966705	2916	1
S6015461	86	Port Input	15	966705	2916	1
S6015461	86	Port Input	14	966705	2917	1
S6015461	86	Port Input	15	966705	2917	1
S6015461	86	Port Input	14	966705	2917	1
S6015461	86	Port Input	15	966705	2917	1
S6015461	86	Port Input	14	966705	2917	1
S6015461	86	Port Input	15	966706	2917	1
S6015461	86	Port Input	14	966706	2917	1
S6015461	86	Port Input	15	966706	2917	1
S6015461	86	Port Input	14	966706	2917	1
S6015461	86	Port Input	15	966706	2918	1
S6015461	86	Port Input	14	966706	2918	1
S6015461	86	Port Input	15	966706	2918	1
S6015461	86	Port Input	14	966706	2918	1
S6015461	86	Port Input	15	966706	2918	1
S6015461	86	Port Input	14	966706	2918	1
S6015461	86	Port Input	15	966706	2918	1
S6015461	86	Port Input	14	966706	2918	1
S6015461	86	Port Input	15	966706	2918	1
S6015461	86	Port Input	14	966706	2918	1
S6015461	86	Port Input	15	966706	2918	1
S6015461	86	Port Input	14	966706	2918	1
S6015461	86	Port Input	15	966707	2918	1
S6015461	86	Port Input	14	966707	2918	1
S6015461	86	Port Input	15	966707	2919	1
S6015461	86	Port Input	14	966707	2919	1
S6015461	86	Port Input	15	966707	2919	1
S6015461	86	Port Input	14	966707	2919	1
S6015461	86	Port Input	15	966707	2919	1
S6015461	86	Port Input	14	974721	10933	1
S6015461	86	Response	22	974721	10933	1
S6015461	87	Picture	20	974760	0	1	11111	1	0	next	hit	1022
S6015461	87	Port Input	15	978256	3496	1
S6015461	87	Port Input	14	978256	3496	1
S6015461	87	Port Input	15	978256	3496	1
S6015461	87	Port Input	14	978256	3496	1
S6015461	87	Port Input	15	978257	3496	1
S6015461	87	Port Input	14	978257	3496	1
S6015461	87	Port Input	15	978257	3496	1
S6015461	87	Port Input	14	978257	3497	1
S6015461	87	Port Input	15	978257	3497	1
S6015461	87	Port Input	14	978257	3497	1
S6015461	87	Port Input	15	978257	3497	1
S6015461	87	Port Input	14	985833	11073	1
S6015461	87	Response	22	985833	11073	1
S6015461	88	Picture	20	985871	0	1	11389	1	0	next	hit	1026
S6015461	88	Port Input	15	988637	2766	1
S6015461	88	Port Input	14	997210	11339	1
S6015461	88	Response	22	997210	11339	1
S6015461	89	Picture	20	997259	0	1	10486	1	0	next	hit	1034
S6015461	89	Port Input	15	1000106	2846	1
S6015461	89	Port Input	14	1000106	2846	1
S6015461	89	Port Input	15	1000106	2847	1
S6015461	89	Port Input	14	1000106	2847	1
S6015461	89	Port Input	15	1000106	2847	1
S6015461	89	Port Input	14	1007679	10420	1
S6015461	89	Response	22	1007679	10420	1
S6015461	90	Picture	20	1007745	0	1	11805	1	0	next	hit	1042
S6015461	90	Port Input	15	1011110	3365	1
S6015461	90	Port Input	14	1011110	3365	1
S6015461	90	Port Input	15	1011111	3365	1
S6015461	90	Port Input	14	1011111	3365	1
S6015461	90	Port Input	15	1011111	3365	1
S6015461	90	Port Input	14	1019481	11736	1
S6015461	90	Response	22	1019481	11736	1
S6015461	90	Port Input	15	1019481	11736	1
S6015461	90	Port Input	14	1019481	11736	1
S6015461	91	Picture	20	1019550	0	1	11875	1	0	next	hit	1048
S6015461	91	Port Input	15	1022677	3126	1
S6015461	91	Port Input	14	1031362	11812	1
S6015461	91	Response	22	1031362	11812	1
S6015461	92	Picture	20	1031425	0	1	11250	1	0	next	hit	1054
S6015461	92	Port Input	15	1034130	2705	1
S6015461	92	Port Input	14	1034130	2705	1
S6015461	92	Port Input	15	1034130	2705	1
S6015461	92	Port Input	14	1042655	11230	1
S6015461	92	Response	22	1042655	11230	1
S6015461	93	Picture	20	1042675	0	1	10694	1	0	next	hit	1066
S6015461	93	Port Input	15	1045513	2838	1
S6015461	93	Port Input	14	1045513	2838	1
S6015461	93	Port Input	15	1045513	2838	1
S6015461	93	Port Input	14	1045513	2839	1
S6015461	93	Port Input	15	1045513	2839	1
S6015461	93	Port Input	14	1045513	2839	1
S6015461	93	Port Input	15	1045514	2839	1
S6015461	93	Port Input	14	1045514	2839	1
S6015461	93	Port Input	15	1045514	2839	1
S6015461	93	Port Input	14	1053310	10636	1
S6015461	93	Response	22	1053310	10636	1
S6015461	94	Picture	20	1053369	0	1	11944	1	0	next	hit	1082
S6015461	94	Port Input	15	1056481	3112	1
S6015461	94	Port Input	14	1056481	3112	1
S6015461	94	Port Input	15	1056483	3114	1
S6015461	94	Port Input	14	1056483	3114	1
S6015461	94	Port Input	15	1056483	3114	1
S6015461	94	Port Input	14	1056483	3114	1
S6015461	94	Port Input	15	1056484	3115	1
S6015461	94	Port Input	14	1056484	3115	1
S6015461	94	Port Input	15	1056484	3115	1
S6015461	94	Port Input	14	1056484	3115	1
S6015461	94	Port Input	15	1056485	3116	1
S6015461	94	Port Input	14	1056485	3116	1
S6015461	94	Port Input	15	1056485	3116	1
S6015461	94	Port Input	14	1065276	11907	1
S6015461	94	Response	22	1065276	11907	1
S6015461	94	Port Input	15	1065277	11908	1
S6015461	94	Port Input	14	1065277	11908	1
S6015461	95	Picture	20	1065313	0	1	10972	1	0	next	hit	1102
S6015461	95	Port Input	15	1068149	2836	1
S6015461	95	Port Input	14	1068149	2836	1
S6015461	95	Port Input	15	1068149	2836	1
S6015461	95	Port Input	14	1068149	2836	1
S6015461	95	Port Input	15	1068149	2837	1
S6015461	95	Port Input	14	1068150	2837	1
S6015461	95	Port Input	15	1068150	2837	1
S6015461	95	Port Input	14	1068150	2837	1
S6015461	95	Port Input	15	1068150	2837	1
S6015461	95	Port Input	14	1068150	2838	1
S6015461	95	Port Input	15	1068151	2838	1
S6015461	95	Port Input	14	1068151	2838	1
S6015461	95	Port Input	15	1068151	2838	1
S6015461	95	Port Input	14	1068151	2838	1
S6015461	95	Port Input	15	1068151	2838	1
S6015461	95	Port Input	14	1076222	10909	1
S6015461	95	Response	22	1076222	10909	1
S6015461	96	Picture	20	1076285	0	1	11527	1	0	next	hit	1114
S6015461	96	Port Input	15	1079794	3509	1
S6015461	96	Port Input	14	1079794	3509	1
S6015461	96	Port Input	15	1079794	3509	1
S6015461	96	Port Input	14	1079794	3509	1
S6015461	96	Port Input	15	1079794	3509	1
S6015461	96	Port Input	14	1079794	3509	1
S6015461	96	Port Input	15	1079794	3509	1
S6015461	96	Port Input	14	1079794	3510	1
S6015461	96	Port Input	15	1079794	3510	1
S6015461	96	Port Input	14	1087758	11473	1
S6015461	96	Response	22	1087758	11473	1
S6015461	97	Picture	20	1087812	0	1	10139	1	0	next	hit	1126
S6015461	97	Port Input	15	1090341	2529	1
S6015461	97	Port Input	14	1090341	2529	1
S6015461	97	Port Input	15	1090341	2529	1
S6015461	97	Port Input	14	1090341	2529	1
S6015461	97	Port Input	15	1090341	2529	1
S6015461	97	Port Input	14	1090341	2529	1
S6015461	97	Port Input	15	1090341	2529	1
S6015461	97	Port Input	14	1090341	2529	1
S6015461	97	Port Input	15	1090341	2529	1
S6015461	97	Port Input	14	1097915	10103	1
S6015461	97	Response	22	1097915	10103	1
S6015461	97	Port Input	15	1097916	10104	1
S6015461	97	Port Input	14	1097916	10104	5
S6015461	98	Picture	20	1097951	0	1	11527	1	0	next	hit	1146
S6015461	98	Port Input	15	1101517	3567	1
S6015461	98	Port Input	14	1101517	3567	1
S6015461	98	Port Input	15	1101517	3567	1
S6015461	98	Port Input	14	1101517	3567	1
S6015461	98	Port Input	15	1101518	3567	1
S6015461	98	Port Input	14	1101518	3567	1
S6015461	98	Port Input	15	1101518	3567	1
S6015461	98	Port Input	14	1101518	3567	1
S6015461	98	Port Input	15	1101518	3568	1
S6015461	98	Port Input	14	1101518	3568	1
S6015461	98	Port Input	15	1101518	3568	1
S6015461	98	Port Input	14	1101518	3568	1
S6015461	98	Port Input	15	1101519	3568	1
S6015461	98	Port Input	14	1101519	3568	1
S6015461	98	Port Input	15	1101519	3568	1
S6015461	98	Port Input	14	1109427	11477	1
S6015461	98	Response	22	1109427	11477	1
S6015461	99	Picture	20	1109478	0	1	11458	1	0	next	hit	1166
S6015461	99	Port Input	15	1112184	2706	1
S6015461	99	Port Input	14	1112184	2706	1
S6015461	99	Port Input	15	1112184	2706	1
S6015461	99	Port Input	14	1112184	2706	1
S6015461	99	Port Input	15	1112184	2706	1
S6015461	99	Port Input	14	1112184	2706	1
S6015461	99	Port Input	15	1112185	2706	1
S6015461	99	Port Input	14	1112185	2706	1
S6015461	99	Port Input	15	1112185	2707	1
S6015461	99	Port Input	14	1112185	2707	1
S6015461	99	Port Input	15	1112185	2707	1
S6015461	99	Port Input	14	1112185	2707	1
S6015461	99	Port Input	15	1112187	2709	1
S6015461	99	Port Input	14	1112187	2709	1
S6015461	99	Port Input	15	1112187	2709	1
S6015461	99	Port Input	14	1112187	2709	1
S6015461	99	Port Input	15	1112187	2709	1
S6015461	99	Port Input	14	1120903	11425	1
S6015461	99	Response	22	1120903	11425	1
S6015461	99	Port Input	15	1120903	11425	1
S6015461	99	Port Input	14	1120903	11425	1
S6015461	100	Picture	20	1120936	0	1	11389	1	0	next	hit	1184
S6015461	100	Port Input	15	1123655	2719	1
S6015461	100	Port Input	14	1123655	2719	1
S6015461	100	Port Input	15	1123655	2719	1
S6015461	100	Port Input	14	1123655	2719	1
S6015461	100	Port Input	15	1123656	2720	1
S6015461	100	Port Input	14	1123656	2720	1
S6015461	100	Port Input	15	1123656	2720	1
S6015461	100	Port Input	14	1123656	2720	1
S6015461	100	Port Input	15	1123657	2721	1
S6015461	100	Port Input	14	1123657	2721	1
S6015461	100	Port Input	15	1123657	2721	1
S6015461	100	Port Input	14	1123657	2721	1
S6015461	100	Port Input	15	1123659	2723	1
S6015461	100	Port Input	14	1132288	11352	1
S6015461	100	Response	22	1132288	11352	1
S6015461	100	Port Input	15	1132289	11352	1
S6015461	100	Port Input	14	1132289	11353	1
S6015461	100	Port Input	15	1132294	11358	1
S6015461	100	Port Input	14	1132295	11359	1
S6015461	100	Port Input	15	1132295	11359	1
S6015461	100	Port Input	14	1132295	11359	1
S6015461	100	Port Input	15	1132295	11359	1
S6015461	100	Port Input	14	1132295	11359	1
S6015461	100	Port Input	15	1132297	11360	1
S6015461	100	Port Input	14	1132297	11361	1
S6015461	100	Port Input	15	1132297	11361	1
S6015461	100	Port Input	14	1132297	11361	1
S6015461	100	Port Input	15	1132298	11362	1
S6015461	100	Port Input	14	1132298	11362	1
S6015461	101	Picture	20	1132325	0	1	11597	1	0	next	hit	1212
S6015461	101	Port Input	15	1135383	3059	1
S6015461	101	Port Input	14	1135383	3059	1
S6015461	101	Port Input	15	1135384	3059	1
S6015461	101	Port Input	14	1135384	3059	1
S6015461	101	Port Input	15	1135384	3059	1
S6015461	101	Port Input	14	1135384	3059	1
S6015461	101	Port Input	15	1135384	3060	1
S6015461	101	Port Input	14	1135384	3060	1
S6015461	101	Port Input	15	1135384	3060	1
S6015461	101	Port Input	14	1135384	3060	1
S6015461	101	Port Input	15	1135385	3060	1
S6015461	101	Port Input	14	1143912	11587	1
S6015461	101	Response	22	1143912	11587	1
S6015461	101	Port Input	15	1143912	11587	1
S6015461	101	Port Input	14	1143912	11587	1
S6015461	102	Picture	20	1143921	0	1	10902	1	0	next	hit	1220
S6015461	102	Port Input	15	1146534	2613	1
S6015461	102	Port Input	14	1146534	2613	1
S6015461	102	Port Input	15	1146537	2616	1
S6015461	102	Port Input	14	1154280	10359	1
S6015461	102	Response	22	1154280	10359	1
S6015461	103	Port Input	15	1157651	3327	1
S6015461	103	Port Input	14	1157651	3327	1
S6015461	103	Port Input	15	1157651	3327	1
S6015461	103	Port Input	14	1157651	3327	1
S6015461	103	Port Input	15	1157651	3328	1
