Scenario - Button
Logfile written - 07/06/2023 12:35:50

Subject	Trial	Event Type	Code	Time	TTime	Uncertainty	Duration	Uncertainty	ReqTime	ReqDur	Stim Type	Pair Index

S6015425	1	Picture	start	15	0	1	40554	1	0	next	other	0
S6015425	3	Picture	20	45083	0	1	12152	1	0	next	hit	4
S6015425	3	Port Input	14	57185	12102	1
S6015425	3	Response	22	57185	12102	1
S6015425	4	Picture	20	57235	0	1	21388	1	0	next	hit	20
S6015425	4	Port Input	15	60626	3391	1
S6015425	4	Port Input	14	60626	3391	1
S6015425	4	Port Input	15	60626	3391	1
S6015425	4	Port Input	14	60626	3391	1
S6015425	4	Port Input	15	60629	3394	1
S6015425	4	Port Input	14	60629	3394	1
S6015425	4	Port Input	15	60629	3395	1
S6015425	4	Port Input	14	60630	3395	1
S6015425	4	Port Input	15	60634	3399	1
S6015425	4	Port Input	14	60634	3399	1
S6015425	4	Port Input	15	60634	3400	1
S6015425	4	Port Input	14	60634	3400	1
S6015425	4	Port Input	15	60764	3529	1
S6015425	4	Port Input	14	78602	21367	1
S6015425	4	Response	22	78602	21367	1
S6015425	5	Picture	20	78623	0	1	21041	1	0	next	hit	30
S6015425	5	Port Input	15	82000	3377	1
S6015425	5	Port Input	14	82000	3377	1
S6015425	5	Port Input	15	82000	3377	1
S6015425	5	Port Input	14	82000	3377	1
S6015425	5	Port Input	15	82001	3378	1
S6015425	5	Port Input	14	82001	3378	1
S6015425	5	Port Input	15	82001	3378	1
S6015425	5	Port Input	14	99642	21019	1
S6015425	5	Response	22	99642	21019	1
S6015425	5	Port Input	15	99642	21019	1
S6015425	5	Port Input	14	99643	21020	1
S6015425	6	Picture	20	99664	0	1	19583	1	0	next	hit	64
S6015425	6	Port Input	15	103358	3694	1
S6015425	6	Port Input	14	103358	3694	1
S6015425	6	Port Input	15	103359	3696	1
S6015425	6	Port Input	14	103359	3696	1
S6015425	6	Port Input	15	103361	3697	1
S6015425	6	Port Input	14	103361	3697	1
S6015425	6	Port Input	15	103362	3698	1
S6015425	6	Port Input	14	103362	3698	1
S6015425	6	Port Input	15	103364	3700	1
S6015425	6	Port Input	14	103364	3700	1
S6015425	6	Port Input	15	103364	3701	1
S6015425	6	Port Input	14	103364	3701	1
S6015425	6	Port Input	15	103365	3701	1
S6015425	6	Port Input	14	103365	3701	1
S6015425	6	Port Input	15	103366	3702	1
S6015425	6	Port Input	14	103366	3702	1
S6015425	6	Port Input	15	103366	3702	1
S6015425	6	Port Input	14	103366	3702	1
S6015425	6	Port Input	15	103366	3702	1
S6015425	6	Port Input	14	103366	3702	1
S6015425	6	Port Input	15	103367	3703	1
S6015425	6	Port Input	14	103367	3703	1
S6015425	6	Port Input	15	103367	3703	1
S6015425	6	Port Input	14	103367	3703	1
S6015425	6	Port Input	15	103368	3704	1
S6015425	6	Port Input	14	103368	3704	1
S6015425	6	Port Input	15	103368	3704	1
S6015425	6	Port Input	14	103368	3704	1
S6015425	6	Port Input	15	103368	3704	1
S6015425	6	Port Input	14	119214	19550	1
S6015425	6	Response	22	119214	19550	1
S6015425	7	Picture	20	119246	0	1	20485	1	0	next	hit	74
S6015425	7	Port Input	15	123460	4214	1
S6015425	7	Port Input	14	123460	4214	1
S6015425	7	Port Input	15	123464	4217	1
S6015425	7	Port Input	14	123464	4217	1
S6015425	7	Port Input	15	123464	4217	1
S6015425	7	Port Input	14	123464	4217	1
S6015425	7	Port Input	15	123464	4217	1
S6015425	7	Port Input	14	139714	20468	1
S6015425	7	Response	22	139714	20468	1
S6015425	7	Port Input	15	139715	20468	1
S6015425	7	Port Input	14	139715	20469	1
S6015425	7	Port Input	15	139716	20469	5
S6015425	7	Port Input	14	139720	20473	1
S6015425	7	Port Input	15	139720	20474	1
S6015425	7	Port Input	14	139721	20474	1
S6015425	7	Port Input	15	139721	20475	1
S6015425	7	Port Input	14	139721	20475	1
S6015425	7	Port Input	15	139722	20475	1
S6015425	7	Port Input	14	139722	20475	1
S6015425	7	Port Input	15	139722	20476	1
S6015425	7	Port Input	14	139722	20476	1
S6015425	7	Port Input	15	139722	20476	1
S6015425	7	Port Input	14	139723	20476	1
S6015425	8	Picture	20	139732	0	1	18194	1	0	next	hit	96
S6015425	8	Port Input	15	143182	3450	1
S6015425	8	Port Input	14	143182	3450	1
S6015425	8	Port Input	15	143182	3450	1
S6015425	8	Port Input	14	143182	3450	1
S6015425	8	Port Input	15	143182	3450	1
S6015425	8	Port Input	14	157918	18186	1
S6015425	8	Response	22	157918	18186	1
S6015425	9	Picture	20	157925	0	1	18958	1	0	next	hit	116
S6015425	9	Port Input	15	161075	3149	1
S6015425	9	Port Input	14	161075	3149	1
S6015425	9	Port Input	15	161075	3149	1
S6015425	9	Port Input	14	161075	3150	1
S6015425	9	Port Input	15	161076	3150	1
S6015425	9	Port Input	14	161076	3150	1
S6015425	9	Port Input	15	161076	3151	1
S6015425	9	Port Input	14	161076	3151	1
S6015425	9	Port Input	15	161077	3151	1
S6015425	9	Port Input	14	161077	3151	1
S6015425	9	Port Input	15	161077	3151	1
S6015425	9	Port Input	14	161077	3151	1
S6015425	9	Port Input	15	161077	3151	1
S6015425	9	Port Input	14	161077	3152	1
S6015425	9	Port Input	15	161077	3152	1
S6015425	9	Port Input	14	161077	3152	1
S6015425	9	Port Input	15	161077	3152	1
S6015425	9	Port Input	14	176867	18941	1
S6015425	9	Response	22	176867	18941	1
S6015425	10	Picture	20	176883	0	1	19721	1	0	next	hit	120
S6015425	10	Port Input	15	179620	2737	1
S6015425	10	Port Input	14	196538	19655	1
S6015425	10	Response	22	196538	19655	1
S6015425	11	Picture	20	196605	0	1	19652	1	0	next	hit	126
S6015425	11	Port Input	15	199540	2935	1
S6015425	11	Port Input	14	199540	2935	1
S6015425	11	Port Input	15	199540	2935	1
S6015425	11	Port Input	14	216220	19616	1
S6015425	11	Response	22	216220	19616	1
S6015425	12	Picture	20	216257	0	1	19027	1	0	next	hit	130
S6015425	12	Port Input	15	219322	3065	1
S6015425	12	Port Input	14	235271	19015	1
S6015425	12	Response	22	235271	19015	1
S6015425	12	Port Input	15	235272	19015	1
S6015425	12	Port Input	14	235272	19015	2
S6015425	13	Picture	20	235284	0	1	19305	1	0	next	hit	136
S6015425	13	Port Input	15	237996	2712	1
S6015425	13	Port Input	14	254580	19296	1
S6015425	13	Response	22	254580	19296	1
S6015425	14	Picture	20	254588	0	1	19513	1	0	next	hit	148
S6015425	14	Port Input	15	257425	2836	1
S6015425	14	Port Input	14	257425	2836	1
S6015425	14	Port Input	15	257425	2837	1
S6015425	14	Port Input	14	257425	2837	1
S6015425	14	Port Input	15	257426	2837	1
S6015425	14	Port Input	14	257426	2837	1
S6015425	14	Port Input	15	257426	2838	1
S6015425	14	Port Input	14	257427	2838	1
S6015425	14	Port Input	15	257427	2838	1
S6015425	14	Port Input	14	274090	19502	1
S6015425	14	Response	22	274090	19502	1
S6015425	14	Port Input	15	274090	19502	1
S6015425	14	Port Input	14	274091	19502	1
S6015425	15	Picture	20	274102	0	1	19166	1	0	next	hit	158
S6015425	15	Port Input	15	276472	2371	1
S6015425	15	Port Input	14	276473	2371	1
S6015425	15	Port Input	15	276473	2371	1
S6015425	15	Port Input	14	276473	2371	1
S6015425	15	Port Input	15	276473	2371	1
S6015425	15	Port Input	14	293238	19137	1
S6015425	15	Response	22	293238	19137	1
S6015425	15	Port Input	15	293238	19137	1
S6015425	15	Port Input	14	293238	19137	1
S6015425	16	Picture	20	293267	0	1	19374	1	0	next	hit	168
S6015425	16	Port Input	15	295608	2341	1
S6015425	16	Port Input	14	295608	2341	1
S6015425	16	Port Input	15	295609	2341	1
S6015425	16	Port Input	14	295609	2341	1
S6015425	16	Port Input	15	295609	2342	1
S6015425	16	Port Input	14	312579	19312	1
S6015425	16	Response	22	312579	19312	1
S6015425	17	Picture	20	312642	0	1	18055	1	0	next	hit	182
S6015425	17	Port Input	15	315059	2418	1
S6015425	17	Port Input	14	315059	2418	1
S6015425	17	Port Input	15	315060	2418	1
S6015425	17	Port Input	14	315060	2419	1
S6015425	17	Port Input	15	315061	2419	1
S6015425	17	Port Input	14	315061	2419	1
S6015425	17	Port Input	15	315061	2419	1
S6015425	17	Port Input	14	315061	2419	1
S6015425	17	Port Input	15	315061	2420	1
S6015425	17	Port Input	14	315061	2420	1
S6015425	17	Port Input	15	315062	2420	1
S6015425	17	Port Input	14	330661	18020	1
S6015425	17	Response	22	330661	18020	1
S6015425	18	Picture	20	330697	0	1	18541	1	0	next	hit	186
S6015425	18	Port Input	15	333541	2845	1
S6015425	18	Port Input	14	349168	18471	1
S6015425	18	Response	22	349168	18471	1
S6015425	18	Port Input	15	349168	18472	1
S6015425	18	Port Input	14	349168	18472	1
S6015425	19	Picture	20	349238	0	1	19305	1	0	next	hit	196
S6015425	19	Port Input	15	351496	2259	1
S6015425	19	Port Input	14	351496	2259	1
S6015425	19	Port Input	15	351496	2259	1
S6015425	19	Port Input	14	351496	2259	1
S6015425	19	Port Input	15	351496	2259	1
S6015425	19	Port Input	14	368521	19284	1
S6015425	19	Response	22	368521	19284	1
S6015425	19	Port Input	15	368521	19284	1
S6015425	19	Port Input	14	368522	19284	1
S6015425	20	Picture	20	368542	0	1	19166	1	0	next	hit	204
S6015425	20	Port Input	15	370720	2178	1
S6015425	20	Port Input	14	370720	2178	1
S6015425	20	Port Input	15	370721	2178	1
S6015425	20	Port Input	14	387658	19115	1
S6015425	20	Response	22	387658	19115	1
S6015425	21	Picture	20	387708	0	1	18680	1	0	next	hit	208
S6015425	21	Port Input	15	389820	2112	1
S6015425	21	Port Input	14	406358	18650	1
S6015425	21	Response	22	406358	18650	1
S6015425	22	Picture	20	406388	0	1	18472	1	0	next	hit	212
S6015425	22	Port Input	15	408580	2192	1
S6015425	22	Port Input	14	424832	18444	1
S6015425	22	Response	22	424832	18444	1
S6015425	23	Picture	20	424860	0	1	19166	1	0	next	hit	216
S6015425	23	Port Input	15	427037	2178	1
S6015425	23	Port Input	14	444004	19144	1
S6015425	23	Response	22	444004	19144	1
S6015425	24	Picture	20	444026	0	1	18680	1	0	next	hit	224
S6015425	24	Port Input	15	446163	2138	1
S6015425	24	Port Input	14	446163	2138	1
S6015425	24	Port Input	15	446164	2139	1
S6015425	24	Port Input	14	446164	2139	1
S6015425	24	Port Input	15	446164	2139	1
S6015425	24	Port Input	14	462677	18652	1
S6015425	24	Response	22	462677	18652	1
S6015425	25	Picture	20	462705	0	1	18333	1	0	next	hit	240
S6015425	25	Port Input	15	464892	2186	1
S6015425	25	Port Input	14	464892	2186	1
S6015425	25	Port Input	15	464892	2187	1
S6015425	25	Port Input	14	464892	2187	1
S6015425	25	Port Input	15	464892	2187	1
S6015425	25	Port Input	14	464892	2187	1
S6015425	25	Port Input	15	464892	2187	1
S6015425	25	Port Input	14	464892	2187	1
S6015425	25	Port Input	15	464892	2187	1
S6015425	25	Port Input	14	464892	2187	1
S6015425	25	Port Input	15	464892	2187	1
S6015425	25	Port Input	14	464892	2187	1
S6015425	25	Port Input	15	464892	2187	1
S6015425	25	Port Input	14	480985	18280	1
S6015425	25	Response	22	480985	18280	1
S6015425	25	Port Input	15	480986	18280	1
S6015425	25	Port Input	14	480986	18281	5
S6015425	26	Picture	20	481038	0	1	18749	1	0	next	hit	246
S6015425	26	Port Input	15	483379	2341	1
S6015425	26	Port Input	14	499718	18680	1
S6015425	26	Response	22	499718	18680	1
S6015425	26	Port Input	15	499718	18680	1
S6015425	26	Port Input	14	499718	18680	1
S6015425	27	Picture	20	499787	0	1	19096	1	0	next	hit	252
S6015425	27	Port Input	15	501973	2186	1
S6015425	27	Port Input	14	518816	19029	1
S6015425	27	Response	22	518816	19029	1
S6015425	28	Picture	20	518884	0	1	19096	1	0	next	hit	256
S6015425	28	Port Input	15	521035	2152	1
S6015425	28	Port Input	14	537970	19086	1
S6015425	28	Response	22	537970	19086	1
S6015425	29	Picture	20	537980	0	1	18333	1	0	next	hit	262
S6015425	29	Port Input	15	539952	1972	1
S6015425	29	Port Input	14	539952	1972	1
S6015425	29	Port Input	15	539952	1972	1
S6015425	29	Port Input	14	556246	18266	1
S6015425	29	Response	22	556246	18266	1
S6015425	30	Picture	20	556313	0	1	18263	1	0	next	hit	266
S6015425	30	Port Input	15	558360	2047	1
S6015425	30	Port Input	14	574553	18240	1
S6015425	30	Response	22	574553	18240	1
S6015425	31	Picture	20	574576	0	1	19374	1	0	next	hit	270
S6015425	31	Port Input	15	576955	2379	1
S6015425	31	Port Input	14	593900	19324	1
S6015425	31	Response	22	593900	19324	1
S6015425	32	Picture	20	593950	0	1	18471	1	0	next	hit	276
S6015425	32	Port Input	15	596237	2287	1
S6015425	32	Port Input	14	596237	2287	1
S6015425	32	Port Input	15	596238	2287	1
S6015425	32	Port Input	14	612387	18437	1
S6015425	32	Response	22	612387	18437	1
S6015425	33	Picture	20	612422	0	1	18958	1	0	next	hit	284
S6015425	33	Port Input	15	614591	2169	1
S6015425	33	Port Input	14	614591	2169	1
S6015425	33	Port Input	15	614591	2169	1
S6015425	33	Port Input	14	614591	2169	1
S6015425	33	Port Input	15	614591	2170	1
S6015425	33	Port Input	14	631315	18894	1
S6015425	33	Response	22	631315	18894	1
S6015425	34	Picture	20	631379	0	1	18610	1	0	next	hit	288
S6015425	34	Port Input	15	633603	2223	1
S6015425	34	Port Input	14	649925	18546	1
S6015425	34	Response	22	649925	18546	1
S6015425	34	Port Input	15	649925	18546	1
S6015425	34	Port Input	14	649927	18548	3
S6015425	35	Picture	20	649990	0	1	18958	1	0	next	hit	302
S6015425	35	Port Input	15	652301	2312	1
S6015425	35	Port Input	14	652302	2312	1
S6015425	35	Port Input	15	652302	2312	1
S6015425	35	Port Input	14	652302	2312	1
S6015425	35	Port Input	15	652302	2313	1
S6015425	35	Port Input	14	652302	2313	1
S6015425	35	Port Input	15	652302	2313	1
S6015425	35	Port Input	14	652302	2313	1
S6015425	35	Port Input	15	652303	2313	1
S6015425	35	Port Input	14	668925	18936	1
S6015425	35	Response	22	668925	18936	1
S6015425	35	Port Input	15	668926	18936	1
S6015425	35	Port Input	14	668926	18936	1
S6015425	36	Picture	20	668947	0	1	18194	1	0	next	hit	308
S6015425	36	Port Input	15	671403	2456	1
S6015425	36	Port Input	14	687072	18125	1
S6015425	36	Response	22	687072	18125	1
S6015425	37	Picture	20	687141	0	1	18402	1	0	next	hit	318
S6015425	37	Port Input	15	689357	2216	1
S6015425	37	Port Input	14	689357	2216	1
S6015425	37	Port Input	15	689358	2217	1
S6015425	37	Port Input	14	689358	2217	1
S6015425	37	Port Input	15	689359	2218	1
S6015425	37	Port Input	14	689359	2218	1
S6015425	37	Port Input	15	689359	2218	1
S6015425	37	Port Input	14	705478	18337	1
S6015425	37	Response	22	705478	18337	1
S6015425	38	Picture	20	705543	0	1	18958	1	0	next	hit	324
S6015425	38	Port Input	15	707755	2212	1
S6015425	38	Port Input	14	707755	2212	1
S6015425	38	Port Input	15	707757	2214	1
S6015425	38	Port Input	14	724486	18943	1
S6015425	38	Response	22	724486	18943	1
S6015425	39	Picture	20	724501	0	1	19096	1	0	next	hit	328
S6015425	39	Port Input	15	726613	2113	1
S6015425	39	Port Input	14	743529	19028	1
S6015425	39	Response	22	743529	19028	1
S6015425	39	Port Input	15	743529	19028	1
S6015425	39	Port Input	14	743529	19028	1
S6015425	40	Picture	20	743597	0	1	19374	1	0	next	hit	334
S6015425	40	Port Input	15	745997	2400	1
S6015425	40	Port Input	14	762962	19365	1
S6015425	40	Response	22	762962	19365	1
S6015425	41	Picture	20	762971	0	1	18958	1	0	next	hit	342
S6015425	41	Port Input	15	765228	2256	1
S6015425	41	Port Input	14	765228	2256	1
S6015425	41	Port Input	15	765228	2256	1
S6015425	41	Port Input	14	765228	2256	1
S6015425	41	Port Input	15	765228	2257	1
S6015425	41	Port Input	14	781876	18904	1
S6015425	41	Response	22	781876	18904	1
S6015425	42	Picture	20	781929	0	1	19652	1	0	next	hit	346
S6015425	42	Port Input	15	784330	2401	1
S6015425	42	Port Input	14	801557	19628	1
S6015425	42	Response	22	801557	19628	1
S6015425	42	Port Input	15	801557	19628	1
S6015425	42	Port Input	14	801558	19629	4
S6015425	43	Picture	20	801581	0	1	19860	1	0	next	hit	362
S6015425	43	Port Input	15	803940	2359	1
S6015425	43	Port Input	14	803940	2359	1
S6015425	43	Port Input	15	803940	2359	1
S6015425	43	Port Input	14	803940	2359	1
S6015425	43	Port Input	15	803942	2361	1
S6015425	43	Port Input	14	803942	2361	1
S6015425	43	Port Input	15	803942	2361	1
S6015425	43	Port Input	14	803942	2361	1
S6015425	43	Port Input	15	803942	2361	1
S6015425	43	Port Input	14	803942	2361	1
S6015425	43	Port Input	15	803942	2361	1
S6015425	43	Port Input	14	821383	19802	1
S6015425	43	Response	22	821383	19802	1
S6015425	43	Port Input	15	821384	19803	1
S6015425	43	Port Input	14	821384	19803	1
S6015425	43	Port Input	15	821384	19803	1
S6015425	43	Port Input	14	821384	19803	1
S6015425	44	Picture	20	821441	0	1	18680	1	0	next	hit	372
S6015425	44	Port Input	15	823870	2429	1
S6015425	44	Port Input	14	823870	2429	1
S6015425	44	Port Input	15	823870	2429	1
S6015425	44	Port Input	14	840112	18671	1
S6015425	44	Response	22	840112	18671	1
S6015425	45	Picture	20	840121	0	1	19305	1	0	next	hit	390
S6015425	45	Port Input	15	842406	2285	1
S6015425	45	Port Input	14	842406	2285	1
S6015425	45	Port Input	15	842406	2285	1
S6015425	45	Port Input	14	842406	2285	1
S6015425	45	Port Input	15	842406	2285	1
S6015425	45	Port Input	14	842406	2285	1
S6015425	45	Port Input	15	842407	2286	1
S6015425	45	Port Input	14	842407	2286	1
S6015425	45	Port Input	15	842407	2286	1
S6015425	45	Port Input	14	842407	2286	1
S6015425	45	Port Input	15	842407	2286	1
S6015425	45	Port Input	14	842407	2286	1
S6015425	45	Port Input	15	842407	2286	1
S6015425	45	Port Input	14	842407	2286	1
S6015425	45	Port Input	15	842408	2287	1
S6015425	45	Port Input	14	859385	19264	1
S6015425	45	Response	22	859385	19264	1
S6015425	46	Picture	20	859426	0	1	18958	1	0	next	hit	394
S6015425	46	Port Input	15	861601	2175	1
S6015425	46	Port Input	14	878321	18895	1
S6015425	46	Response	22	878321	18895	1
S6015425	47	Picture	20	878384	0	1	18194	1	0	next	hit	398
S6015425	47	Port Input	15	880550	2166	1
S6015425	47	Port Input	14	896547	18163	1
S6015425	47	Response	22	896547	18163	1
S6015425	48	Picture	20	896577	0	1	18541	1	0	next	hit	402
S6015425	48	Port Input	15	898649	2072	1
S6015425	48	Port Input	14	915075	18498	1
S6015425	48	Response	22	915075	18498	1
S6015425	49	Picture	20	915118	0	1	18055	1	0	next	hit	408
S6015425	49	Port Input	15	917114	1996	1
S6015425	49	Port Input	14	917114	1996	1
S6015425	49	Port Input	15	917114	1996	1
S6015425	49	Port Input	14	933116	17998	1
S6015425	49	Response	22	933116	17998	1
S6015425	50	Picture	20	933173	0	1	18402	1	0	next	hit	418
S6015425	50	Port Input	15	935094	1921	1
S6015425	50	Port Input	14	935094	1921	1
S6015425	50	Port Input	15	935095	1921	1
S6015425	50	Port Input	14	935095	1921	1
S6015425	50	Port Input	15	935095	1921	1
S6015425	50	Port Input	14	935095	1922	1
S6015425	50	Port Input	15	935095	1922	1
S6015425	50	Port Input	14	951559	18386	1
S6015425	50	Response	22	951559	18386	1
S6015425	51	Picture	20	951575	0	1	18472	1	0	next	hit	428
S6015425	51	Port Input	15	953611	2036	1
S6015425	51	Port Input	14	953611	2036	1
S6015425	51	Port Input	15	953612	2036	1
S6015425	51	Port Input	14	953612	2036	1
S6015425	51	Port Input	15	953612	2037	1
S6015425	51	Port Input	14	953612	2037	1
S6015425	51	Port Input	15	953612	2037	1
S6015425	51	Port Input	14	969980	18404	1
S6015425	51	Response	22	969980	18404	1
S6015425	51	Port Input	15	969980	18405	1
S6015425	51	Port Input	14	969980	18405	1
S6015425	52	Picture	20	970047	0	1	17916	1	0	next	hit	440
S6015425	52	Port Input	15	972162	2115	1
S6015425	52	Port Input	14	972162	2115	1
S6015425	52	Port Input	15	972163	2116	1
S6015425	52	Port Input	14	972163	2116	1
S6015425	52	Port Input	15	972163	2116	1
S6015425	52	Port Input	14	972163	2116	1
S6015425	52	Port Input	15	972163	2116	1
S6015425	52	Port Input	14	987926	17879	1
S6015425	52	Response	22	987926	17879	1
S6015425	53	Picture	20	987963	0	1	18680	1	0	next	hit	446
S6015425	53	Port Input	15	989810	1847	1
S6015425	53	Port Input	14	989810	1847	1
S6015425	53	Port Input	15	989810	1847	1
S6015425	53	Port Input	14	1006615	18652	1
S6015425	53	Response	22	1006615	18652	1
S6015425	54	Picture	20	1006643	0	1	18194	1	0	next	hit	450
S6015425	54	Port Input	15	1008799	2156	1
S6015425	54	Port Input	14	1024806	18163	1
S6015425	54	Response	22	1024806	18163	1
S6015425	55	Picture	20	1024836	0	1	17916	1	0	next	hit	454
S6015425	55	Port Input	15	1027017	2181	1
S6015425	55	Port Input	14	1042681	17845	1
S6015425	55	Response	22	1042681	17845	1
S6015425	56	Picture	20	1042752	0	1	18749	1	0	next	hit	458
S6015425	56	Port Input	15	1044922	2170	1
S6015425	56	Port Input	14	1061446	18694	1
S6015425	56	Response	22	1061446	18694	1
S6015425	57	Picture	20	1061502	0	1	18402	1	0	next	hit	468
S6015425	57	Port Input	15	1063643	2141	1
S6015425	57	Port Input	14	1063643	2141	1
S6015425	57	Port Input	15	1063643	2141	1
S6015425	57	Port Input	14	1063643	2141	1
S6015425	57	Port Input	15	1063643	2141	1
S6015425	57	Port Input	14	1063643	2141	1
S6015425	57	Port Input	15	1063643	2142	1
S6015425	57	Port Input	14	1079890	18389	1
S6015425	57	Response	22	1079890	18389	1
S6015425	58	Picture	20	1079904	0	1	18263	1	0	next	hit	474
S6015425	58	Port Input	15	1082296	2393	1
S6015425	58	Port Input	14	1082296	2393	1
S6015425	58	Port Input	15	1082296	2393	1
S6015425	58	Port Input	14	1098114	18210	1
S6015425	58	Response	22	1098114	18210	1
S6015425	58	Port Input	15	1098114	18211	1
S6015425	58	Port Input	14	1098114	18211	1
S6015425	59	Picture	20	1098167	0	1	18610	1	0	next	hit	480
S6015425	59	Port Input	15	1100532	2365	1
S6015425	59	Port Input	14	1116766	18599	1
S6015425	59	Response	22	1116766	18599	1
S6015425	60	Picture	20	1116777	0	1	19027	1	0	next	hit	486
S6015425	60	Port Input	15	1119010	2233	1
S6015425	60	Port Input	14	1119010	2233	1
S6015425	60	Port Input	15	1119010	2233	1
S6015425	60	Port Input	14	1135729	18952	1
S6015425	60	Response	22	1135729	18952	1
S6015425	61	Picture	20	1135804	0	1	19027	1	0	next	hit	490
S6015425	61	Port Input	15	1137673	1869	1
S6015425	61	Port Input	14	1154824	19019	1
S6015425	61	Response	22	1154824	19019	1
S6015425	62	Picture	20	1154831	0	1	19583	1	0	next	hit	494
S6015425	62	Port Input	15	1157397	2566	1
S6015425	62	Port Input	14	1174383	19552	1
S6015425	62	Response	22	1174383	19552	1
S6015425	63	Picture	20	1174414	0	1	21319	1	0	next	hit	502
S6015425	63	Port Input	15	1176629	2216	1
S6015425	63	Port Input	14	1176629	2216	1
S6015425	63	Port Input	15	1176630	2216	1
S6015425	63	Port Input	14	1176630	2216	1
S6015425	63	Port Input	15	1176630	2216	1
S6015425	63	Port Input	14	1195659	21245	1
S6015425	63	Response	22	1195659	21245	1
S6015425	63	Port Input	15	1195659	21245	1
S6015425	63	Port Input	14	1195660	21246	6
S6015425	64	Picture	20	1195732	0	1	19513	1	0	next	hit	508
S6015425	64	Port Input	15	1197850	2117	1
S6015425	64	Port Input	14	1215235	19502	1
S6015425	64	Response	22	1215235	19502	1
S6015425	65	Picture	20	1215246	0	1	20346	1	0	next	hit	512
S6015425	65	Port Input	15	1217373	2127	1
S6015425	65	Port Input	14	1235538	20293	1
S6015425	65	Response	22	1235538	20293	1
S6015425	66	Picture	20	1235592	0	1	18819	1	0	next	hit	516
S6015425	66	Port Input	15	1237709	2117	1
S6015425	66	Port Input	14	1254389	18797	1
S6015425	66	Response	22	1254389	18797	1
S6015425	67	Picture	20	1254411	0	1	19791	1	0	next	hit	520
S6015425	67	Port Input	15	1256478	2067	1
S6015425	67	Port Input	14	1274157	19746	1
S6015425	67	Response	22	1274157	19746	1
S6015425	67	Port Input	15	1274157	19746	1
S6015425	67	Port Input	14	1274158	19748	5
S6015425	68	Picture	20	1274202	0	1	19721	1	0	next	hit	526
S6015425	68	Port Input	15	1276163	1961	1
S6015425	68	Port Input	14	1293868	19667	1
S6015425	68	Response	22	1293868	19667	1
S6015425	68	Port Input	15	1293868	19667	1
S6015425	68	Port Input	14	1293869	19668	5
S6015425	69	Picture	20	1293923	0	1	18819	1	0	next	hit	532
S6015425	69	Port Input	15	1295763	1840	1
S6015425	69	Port Input	14	1312684	18761	1
S6015425	69	Response	22	1312684	18761	1
S6015425	70	Picture	20	1312742	0	1	18333	1	0	next	hit	536
S6015425	70	Port Input	15	1314807	2065	1
S6015425	70	Port Input	14	1331050	18308	1
S6015425	70	Response	22	1331050	18308	1
S6015425	71	Picture	20	1331074	0	1	19166	1	0	next	hit	544
S6015425	71	Port Input	15	1333164	2089	1
S6015425	71	Port Input	14	1333164	2089	1
S6015425	71	Port Input	15	1333164	2090	1
S6015425	71	Port Input	14	1333164	2090	1
S6015425	71	Port Input	15	1333164	2090	1
S6015425	71	Port Input	14	1350231	19156	1
S6015425	71	Response	22	1350231	19156	1
S6015425	71	Port Input	15	1350231	19157	1
S6015425	71	Port Input	14	1350231	19157	1
S6015425	72	Picture	20	1350240	0	1	19652	1	0	next	hit	552
S6015425	72	Port Input	15	1352364	2124	1
S6015425	72	Port Input	14	1352364	2124	1
S6015425	72	Port Input	15	1352364	2124	1
S6015425	72	Port Input	14	1369879	19639	1
S6015425	72	Response	22	1369879	19639	1
S6015425	73	Picture	20	1369892	0	1	19305	1	0	next	hit	556
S6015425	73	Port Input	15	1371999	2107	1
S6015425	73	Port Input	14	1389134	19241	1
S6015425	73	Response	22	1389134	19241	1
S6015425	74	Picture	20	1389197	0	1	18888	1	0	next	hit	564
S6015425	74	Port Input	15	1391126	1929	1
S6015425	74	Port Input	14	1391126	1929	1
S6015425	74	Port Input	15	1391127	1930	1
S6015425	74	Port Input	14	1391127	1930	1
S6015425	74	Port Input	15	1391128	1931	1
S6015425	74	Port Input	14	1408046	18849	1
S6015425	74	Response	22	1408046	18849	1
S6015425	75	Picture	20	1408085	0	1	17916	1	0	next	hit	570
S6015425	75	Port Input	15	1410083	1998	1
S6015425	75	Port Input	14	1410083	1998	1
S6015425	75	Port Input	15	1410083	1998	1
S6015425	75	Port Input	14	1425955	17870	1
S6015425	75	Response	22	1425955	17870	1
S6015425	76	Picture	20	1426001	0	1	19860	1	0	next	hit	574
S6015425	76	Port Input	15	1428257	2256	1
S6015425	76	Port Input	14	1445810	19808	1
S6015425	76	Response	22	1445810	19808	1
S6015425	77	Picture	20	1445862	0	1	19097	1	0	next	hit	582
S6015425	77	Port Input	15	1448104	2242	1
S6015425	77	Port Input	14	1448104	2243	1
S6015425	77	Port Input	15	1448104	2243	1
S6015425	77	Port Input	14	1448104	2243	1
S6015425	77	Port Input	15	1448104	2243	1
S6015425	77	Port Input	14	1464940	19079	1
S6015425	77	Response	22	1464940	19079	1
S6015425	77	Port Input	15	1464941	19079	1
S6015425	77	Port Input	14	1464941	19079	1
S6015425	78	Picture	20	1464958	0	1	19166	1	0	next	hit	592
S6015425	78	Port Input	15	1467551	2593	1
S6015425	78	Port Input	14	1467551	2593	1
S6015425	78	Port Input	15	1467552	2593	1
S6015425	78	Port Input	14	1467552	2593	1
S6015425	78	Port Input	15	1467552	2594	1
S6015425	78	Port Input	14	1484072	19114	1
S6015425	78	Response	22	1484072	19114	1
S6015425	79	Picture	20	1484124	0	1	18958	1	0	next	hit	598
S6015425	79	Port Input	15	1486488	2364	1
S6015425	79	Port Input	14	1486488	2364	1
S6015425	79	Port Input	15	1486489	2364	1
S6015425	79	Port Input	14	1503015	18891	1
S6015425	79	Response	22	1503015	18891	1
S6015425	80	Picture	20	1503082	0	1	19513	1	0	next	hit	612
S6015425	80	Port Input	15	1505285	2204	1
S6015425	80	Port Input	14	1505285	2204	1
S6015425	80	Port Input	15	1505285	2204	1
S6015425	80	Port Input	14	1505285	2204	1
S6015425	80	Port Input	15	1505286	2204	1
S6015425	80	Port Input	14	1505286	2204	1
S6015425	80	Port Input	15	1505286	2205	1
S6015425	80	Port Input	14	1505286	2205	1
S6015425	80	Port Input	15	1505286	2205	1
S6015425	80	Port Input	14	1505287	2205	1
S6015425	80	Port Input	15	1505287	2205	1
S6015425	80	Port Input	14	1522582	19500	1
S6015425	80	Response	22	1522582	19500	1
S6015425	80	Port Input	15	1522582	19501	1
S6015425	80	Port Input	14	1522583	19501	6
S6015425	81	Picture	20	1522595	0	1	18472	1	0	next	hit	626
S6015425	81	Port Input	15	1524875	2281	1
S6015425	81	Port Input	14	1524875	2281	1
S6015425	81	Port Input	15	1524876	2281	1
S6015425	81	Port Input	14	1524876	2281	1
S6015425	81	Port Input	15	1524876	2281	1
S6015425	81	Port Input	14	1524876	2281	1
S6015425	81	Port Input	15	1524876	2281	1
S6015425	81	Port Input	14	1524876	2281	1
S6015425	81	Port Input	15	1524876	2281	1
S6015425	81	Port Input	14	1541054	18459	1
S6015425	81	Response	22	1541054	18459	1
S6015425	82	Picture	20	1541066	0	1	19096	1	0	next	hit	630
S6015425	82	Port Input	15	1543310	2244	1
S6015425	82	Port Input	14	1560121	19055	1
S6015425	82	Response	22	1560121	19055	1
S6015425	83	Picture	20	1560163	0	1	19583	1	0	next	hit	636
S6015425	83	Port Input	15	1562158	1995	1
S6015425	83	Port Input	14	1562158	1995	1
S6015425	83	Port Input	15	1562158	1995	1
S6015425	83	Port Input	14	1579697	19534	1
S6015425	83	Response	22	1579697	19534	1
S6015425	83	Port Input	15	1579698	19535	1
S6015425	83	Port Input	14	1579698	19535	1
S6015425	84	Picture	20	1579745	0	1	19027	1	0	next	hit	648
S6015425	84	Port Input	15	1581815	2069	1
S6015425	84	Port Input	14	1581815	2069	1
S6015425	84	Port Input	15	1581816	2071	1
S6015425	84	Port Input	14	1581816	2071	1
S6015425	84	Port Input	15	1581817	2072	1
S6015425	84	Port Input	14	1581817	2072	1
S6015425	84	Port Input	15	1581817	2072	1
S6015425	84	Port Input	14	1598707	18962	1
S6015425	84	Response	22	1598707	18962	1
S6015425	85	Picture	20	1598772	0	1	17916	1	0	next	hit	652
S6015425	85	Port Input	15	1600979	2206	1
S6015425	85	Port Input	14	1616680	17907	1
S6015425	85	Response	22	1616680	17907	1
S6015425	85	Port Input	15	1616680	17907	1
S6015425	85	Port Input	14	1616681	17908	6
S6015425	86	Picture	20	1616688	0	1	19027	1	0	next	hit	664
S6015425	86	Port Input	15	1619172	2483	1
S6015425	86	Port Input	14	1619172	2483	1
S6015425	86	Port Input	15	1619172	2484	1
S6015425	86	Port Input	14	1619172	2484	1
S6015425	86	Port Input	15	1619172	2484	1
S6015425	86	Port Input	14	1619172	2484	1
S6015425	86	Port Input	15	1619173	2484	1
S6015425	86	Port Input	14	1635677	18989	1
S6015425	86	Response	22	1635677	18989	1
S6015425	87	Picture	20	1635715	0	1	19235	1	0	next	hit	670
S6015425	87	Port Input	15	1637936	2221	1
S6015425	87	Port Input	14	1637936	2221	1
S6015425	87	Port Input	15	1637936	2221	1
S6015425	87	Port Input	14	1654909	19194	1
S6015425	87	Response	22	1654909	19194	1
S6015425	88	Picture	20	1654951	0	1	18402	1	0	next	hit	676
S6015425	88	Port Input	15	1657178	2227	1
S6015425	88	Port Input	14	1657178	2227	1
S6015425	88	Port Input	15	1657178	2227	1
S6015425	88	Port Input	14	1673325	18375	1
S6015425	88	Response	22	1673325	18375	1
S6015425	89	Picture	20	1673353	0	1	18749	1	0	next	hit	680
S6015425	89	Port Input	15	1675485	2132	1
S6015425	89	Port Input	14	1692060	18707	1
S6015425	89	Response	22	1692060	18707	1
S6015425	90	Picture	20	1692102	0	1	19374	1	0	next	hit	690
S6015425	90	Port Input	15	1694202	2100	1
S6015425	90	Port Input	14	1694202	2100	1
S6015425	90	Port Input	15	1694202	2100	1
S6015425	90	Port Input	14	1694202	2100	1
S6015425	90	Port Input	15	1694203	2101	1
S6015425	90	Port Input	14	1694203	2101	1
S6015425	90	Port Input	15	1694203	2101	1
S6015425	90	Port Input	14	1711408	19306	1
S6015425	90	Response	22	1711408	19306	1
S6015425	91	Picture	20	1711476	0	1	20694	1	0	next	hit	706
S6015425	91	Port Input	15	1713901	2425	1
S6015425	91	Port Input	14	1713901	2425	1
S6015425	91	Port Input	15	1713902	2425	1
S6015425	91	Port Input	14	1713902	2425	1
S6015425	91	Port Input	15	1713902	2426	1
S6015425	91	Port Input	14	1713902	2426	1
S6015425	91	Port Input	15	1713902	2426	1
S6015425	91	Port Input	14	1713902	2426	1
S6015425	91	Port Input	15	1713903	2426	1
S6015425	91	Port Input	14	1713903	2426	1
S6015425	91	Port Input	15	1713903	2426	1
S6015425	91	Port Input	14	1713903	2426	1
S6015425	91	Port Input	15	1713903	2427	1
S6015425	91	Port Input	14	1732125	20649	1
S6015425	91	Response	22	1732125	20649	1
S6015425	92	Picture	20	1732170	0	1	20624	1	0	next	hit	710
S6015425	92	Port Input	15	1734636	2466	1
S6015425	92	Port Input	14	1752751	20581	1
S6015425	92	Response	22	1752751	20581	1
S6015425	92	Port Input	15	1752752	20582	1
S6015425	92	Port Input	14	1752752	20582	1
S6015425	93	Picture	20	1752794	0	1	20346	1	0	next	hit	718
S6015425	93	Port Input	15	1755251	2457	1
S6015425	93	Port Input	14	1755251	2457	1
S6015425	93	Port Input	15	1755251	2457	1
S6015425	93	Port Input	14	1773133	20339	1
S6015425	93	Response	22	1773133	20339	1
S6015425	94	Picture	20	1773141	0	1	18888	1	0	next	hit	722
S6015425	94	Port Input	15	1775371	2230	1
S6015425	94	Port Input	14	1791952	18812	1
S6015425	94	Response	22	1791952	18812	1
S6015425	95	Picture	20	1792029	0	1	19930	1	0	next	hit	734
S6015425	95	Port Input	15	1794369	2340	1
S6015425	95	Port Input	14	1794369	2340	1
S6015425	95	Port Input	15	1794369	2341	1
S6015425	95	Port Input	14	1794369	2341	1
S6015425	95	Port Input	15	1794370	2341	1
S6015425	95	Port Input	14	1794370	2341	1
S6015425	95	Port Input	15	1794370	2341	1
S6015425	95	Port Input	14	1794370	2341	1
S6015425	95	Port Input	15	1794370	2341	1
S6015425	95	Port Input	14	1811885	19857	1
S6015425	95	Response	22	1811885	19857	1
S6015425	95	Port Input	15	1811885	19857	1
S6015425	95	Port Input	14	1811886	19857	1
S6015425	96	Picture	20	1811959	0	1	20694	1	0	next	hit	748
S6015425	96	Port Input	15	1814501	2543	1
S6015425	96	Port Input	14	1814501	2543	1
S6015425	96	Port Input	15	1814501	2543	1
S6015425	96	Port Input	14	1814501	2543	1
S6015425	96	Port Input	15	1814502	2543	1
S6015425	96	Port Input	14	1814502	2543	1
S6015425	96	Port Input	15	1814502	2543	1
S6015425	96	Port Input	14	1814502	2543	1
S6015425	96	Port Input	15	1814502	2543	1
S6015425	96	Port Input	14	1832600	20642	1
S6015425	96	Response	22	1832600	20642	1
S6015425	97	Picture	20	1832652	0	1	19860	1	0	next	hit	752
S6015425	97	Port Input	15	1835233	2581	1
S6015425	97	Port Input	14	1852483	19831	1
S6015425	97	Response	22	1852483	19831	1
S6015425	97	Port Input	15	1852483	19831	1
S6015425	97	Port Input	14	1852484	19832	1
S6015425	98	Picture	20	1852513	0	1	19097	1	0	next	hit	758
S6015425	98	Port Input	15	1855600	3087	1
S6015425	98	Port Input	14	1871547	19034	1
S6015425	98	Response	22	1871547	19034	1
S6015425	99	Picture	20	1871609	0	1	19374	1	0	next	hit	764
S6015425	99	Port Input	15	1874096	2487	1
S6015425	99	Port Input	14	1874096	2487	1
S6015425	99	Port Input	15	1874096	2487	1
S6015425	99	Port Input	14	1890948	19339	1
S6015425	99	Response	22	1890948	19339	1
S6015425	100	Picture	20	1890983	0	1	18471	1	0	next	hit	768
S6015425	100	Port Input	15	1893443	2459	1
S6015425	100	Port Input	14	1909446	18463	1
S6015425	100	Response	22	1909446	18463	1
S6015425	101	Picture	20	1909455	0	1	19166	1	0	next	hit	778
S6015425	101	Port Input	15	1912168	2713	1
S6015425	101	Port Input	14	1912168	2713	1
S6015425	101	Port Input	15	1912168	2713	1
S6015425	101	Port Input	14	1912168	2714	1
S6015425	101	Port Input	15	1912168	2714	1
S6015425	101	Port Input	14	1912168	2714	1
S6015425	101	Port Input	15	1912169	2714	1
S6015425	101	Port Input	14	1928596	19141	1
S6015425	101	Response	22	1928596	19141	1
S6015425	102	Picture	20	1928621	0	1	19999	1	0	next	hit	788
S6015425	102	Port Input	15	1931321	2700	1
S6015425	102	Port Input	14	1931321	2700	1
S6015425	102	Port Input	15	1931321	2700	1
S6015425	102	Port Input	14	1931321	2700	1
S6015425	102	Port Input	15	1931321	2701	1
S6015425	102	Port Input	14	1931321	2701	1
S6015425	102	Port Input	15	1931321	2701	1
S6015425	102	Port Input	14	1948099	19479	1
S6015425	102	Response	22	1948099	19479	1
S6015425	103	Port Input	15	1950418	2298	1
S6015425	103	Port Input	14	1950418	2298	1
S6015425	103	Port Input	15	1950418	2298	1
S6015425	103	Port Input	14	1950418	2298	1
S6015425	103	Port Input	15	1950418	2298	1
