Scenario - passive press generic training 1.2
Logfile written - 01/04/2023 14:58:30

Subject	Trial	Event Type	Code	Time	TTime	Uncertainty	Duration	Uncertainty	ReqTime	ReqDur	Stim Type	Pair Index

S6015417	1	Picture	83	47	0	1	5000	1	0	4950	other	0
S6015417	1	Picture	82	10046	10000	1	5000	1	9950	4950	other	0
S6015417	1	Picture	81	20046	19999	1	5000	1	19950	4950	other	0
S6015417	1	Picture	80	30046	29999	1	5000	1	29950	4950	other	0
S6015417	1	Port Input	14	31952	31905	1
S6015417	1	Response	100	31952	31905	1
S6015417	1	Port Input	15	31952	31905	1
S6015417	1	Port Input	14	31952	31905	1
S6015417	1	Port Input	15	31952	31906	1
S6015417	1	Port Input	14	31952	31906	1
S6015417	1	Port Input	15	31952	31906	1
S6015417	1	Port Input	14	31952	31906	1
S6015417	1	Port Input	15	31952	31906	1
S6015417	1	Port Input	14	31960	31914	1
S6015417	1	Port Input	15	31960	31914	1
S6015417	1	Port Input	14	31962	31916	1
S6015417	1	Port Input	15	34003	33957	1
S6015417	1	Port Input	14	34004	33957	1
S6015417	1	Port Input	15	34004	33957	1
S6015417	1	Port Input	14	34004	33957	1
S6015417	1	Port Input	15	34005	33958	1
S6015417	1	Port Input	14	34005	33958	1
S6015417	1	Port Input	15	34005	33959	1
S6015417	1	Port Input	14	34005	33959	1
S6015417	1	Port Input	15	34007	33961	1
S6015417	1	Port Input	14	34007	33961	1
S6015417	1	Port Input	15	34008	33961	1
S6015417	1	Port Input	14	34008	33961	1
S6015417	1	Port Input	15	34008	33962	1
S6015417	1	Port Input	14	34008	33962	1
S6015417	1	Port Input	15	34009	33962	1
S6015417	1	Port Input	14	34010	33963	1
S6015417	1	Port Input	15	34011	33965	1
S6015417	1	Port Input	14	34012	33965	1
S6015417	1	Port Input	15	34013	33966	1
S6015417	1	Port Input	14	34013	33966	1
S6015417	1	Port Input	15	34014	33968	1
S6015417	1	Port Input	14	34014	33968	1
S6015417	1	Port Input	15	34014	33968	1
S6015417	1	Port Input	14	34015	33968	1
S6015417	1	Port Input	15	34015	33969	1
S6015417	1	Port Input	14	34015	33969	1
S6015417	1	Port Input	15	34016	33969	1
S6015417	1	Port Input	14	34016	33969	1
S6015417	1	Port Input	15	34017	33970	1
S6015417	1	Picture	81	40045	39999	1	10000	1	39950	9950	other	0
S6015417	1	Picture	81	60045	59998	1	10000	1	59950	9950	other	0
S6015417	1	Port Input	14	62465	62418	1
S6015417	1	Response	100	62465	62418	1
S6015417	1	Port Input	15	62778	62732	1
S6015417	1	Port Input	14	62778	62732	1
S6015417	1	Port Input	15	62782	62736	1
S6015417	1	Port Input	14	62782	62736	1
S6015417	1	Port Input	15	62786	62739	1
S6015417	1	Port Input	14	62786	62739	1
S6015417	1	Port Input	15	62788	62742	1
S6015417	1	Port Input	14	62788	62742	1
S6015417	1	Port Input	15	62788	62742	1
S6015417	1	Port Input	14	62788	62742	1
S6015417	1	Port Input	15	62793	62746	1
S6015417	1	Port Input	14	62793	62746	1
S6015417	1	Port Input	15	62793	62747	1
S6015417	1	Port Input	14	62793	62747	1
S6015417	1	Port Input	15	62797	62750	1
S6015417	1	Port Input	14	62797	62750	1
S6015417	1	Port Input	15	62802	62755	1
S6015417	1	Port Input	14	62802	62755	1
S6015417	1	Port Input	15	62804	62758	1
S6015417	1	Port Input	14	62804	62758	1
S6015417	1	Port Input	15	62805	62758	1
S6015417	1	Port Input	14	62805	62758	1
S6015417	1	Port Input	15	62806	62760	1
S6015417	1	Port Input	14	62806	62760	1
S6015417	1	Port Input	15	62816	62769	1
S6015417	1	Port Input	14	62816	62769	1
S6015417	1	Port Input	15	62855	62809	1
S6015417	1	Port Input	14	62856	62809	1
S6015417	1	Port Input	15	62856	62810	1
S6015417	1	Port Input	14	62857	62810	1
S6015417	1	Port Input	15	62864	62818	1
S6015417	1	Port Input	14	62864	62818	1
S6015417	1	Port Input	15	62935	62888	1
S6015417	1	Port Input	14	62935	62888	1
S6015417	1	Port Input	15	62999	62952	1
S6015417	1	Port Input	14	62999	62952	1
S6015417	1	Port Input	15	63003	62956	1
S6015417	1	Port Input	14	63003	62956	1
S6015417	1	Port Input	15	63917	63870	1
S6015417	1	Port Input	14	63917	63870	1
S6015417	1	Port Input	15	63919	63872	1
S6015417	1	Port Input	14	63919	63872	1
S6015417	1	Port Input	15	63925	63879	1
S6015417	1	Port Input	14	63925	63879	1
S6015417	1	Port Input	15	63929	63882	1
S6015417	1	Port Input	14	63929	63882	1
S6015417	1	Port Input	15	63929	63883	1
S6015417	1	Port Input	14	63929	63883	1
S6015417	1	Port Input	15	63934	63887	1
S6015417	1	Port Input	14	63934	63887	1
S6015417	1	Port Input	15	63937	63890	1
S6015417	1	Port Input	14	63937	63890	1
S6015417	1	Port Input	15	63940	63893	1
S6015417	1	Port Input	14	63940	63893	1
S6015417	1	Port Input	15	63944	63897	1
S6015417	1	Port Input	14	63944	63897	1
S6015417	1	Port Input	15	63946	63899	1
S6015417	1	Port Input	14	63946	63899	1
S6015417	1	Port Input	15	63950	63904	1
S6015417	1	Port Input	14	63950	63904	1
S6015417	1	Port Input	15	63951	63905	1
S6015417	1	Port Input	14	63951	63905	1
S6015417	1	Port Input	15	63954	63908	1
S6015417	1	Port Input	14	63954	63908	1
S6015417	1	Port Input	15	63955	63908	1
S6015417	1	Port Input	14	63955	63908	1
S6015417	1	Port Input	15	63956	63909	1
S6015417	1	Port Input	14	63956	63909	1
S6015417	1	Port Input	15	63957	63910	1
S6015417	1	Port Input	14	63957	63910	1
S6015417	1	Port Input	15	63957	63911	1
S6015417	1	Port Input	14	63957	63911	1
S6015417	1	Port Input	15	63958	63911	1
S6015417	1	Port Input	14	63958	63911	1
S6015417	1	Port Input	15	63958	63911	1
S6015417	1	Port Input	14	63958	63911	1
S6015417	1	Port Input	15	63959	63912	1
S6015417	1	Port Input	14	63959	63912	1
S6015417	1	Port Input	15	63961	63914	1
S6015417	1	Port Input	14	63961	63914	1
S6015417	1	Port Input	15	63964	63918	1
S6015417	1	Port Input	14	63964	63918	1
S6015417	1	Port Input	15	63965	63918	1
S6015417	1	Port Input	14	63965	63918	1
S6015417	1	Port Input	15	63967	63920	1
S6015417	1	Port Input	14	63967	63920	1
S6015417	1	Port Input	15	63967	63920	1
S6015417	1	Port Input	14	63967	63920	1
S6015417	1	Port Input	15	63969	63922	1
S6015417	1	Port Input	14	63969	63922	1
S6015417	1	Port Input	15	63969	63923	1
S6015417	1	Port Input	14	63969	63923	1
S6015417	1	Port Input	15	63972	63925	1
S6015417	1	Port Input	14	63972	63925	1
S6015417	1	Port Input	15	63974	63927	1
S6015417	1	Port Input	14	63974	63927	1
S6015417	1	Port Input	15	63974	63927	1
S6015417	1	Port Input	14	63974	63927	1
S6015417	1	Port Input	15	63974	63928	1
S6015417	1	Port Input	14	63974	63928	1
S6015417	1	Port Input	15	63976	63930	1
S6015417	1	Port Input	14	63976	63930	1
S6015417	1	Port Input	15	63980	63933	1
S6015417	1	Port Input	14	63980	63933	1
S6015417	1	Port Input	15	63980	63934	1
S6015417	1	Port Input	14	63980	63934	1
S6015417	1	Port Input	15	63981	63934	1
S6015417	1	Port Input	14	63981	63934	1
S6015417	1	Port Input	15	63981	63935	1
S6015417	1	Port Input	14	63981	63935	1
S6015417	1	Port Input	15	63982	63935	1
S6015417	1	Port Input	14	63982	63935	1
S6015417	1	Port Input	15	63983	63936	1
S6015417	1	Port Input	14	63983	63936	1
S6015417	1	Port Input	15	63985	63939	1
S6015417	1	Port Input	14	63985	63939	1
S6015417	1	Port Input	15	63989	63943	1
S6015417	1	Port Input	14	63989	63943	1
S6015417	1	Port Input	15	63990	63943	1
S6015417	1	Port Input	14	63990	63943	1
S6015417	1	Port Input	15	63991	63944	1
S6015417	1	Port Input	14	63991	63944	1
S6015417	1	Port Input	15	63993	63946	1
S6015417	1	Port Input	14	63993	63946	1
S6015417	1	Port Input	15	63996	63949	1
S6015417	1	Port Input	14	63996	63949	1
S6015417	1	Port Input	15	64003	63956	1
S6015417	1	Port Input	14	64003	63956	1
S6015417	1	Port Input	15	64025	63978	1
S6015417	1	Port Input	14	64025	63978	1
S6015417	1	Port Input	15	64025	63979	1
S6015417	1	Port Input	14	64025	63979	1
S6015417	1	Port Input	15	64026	63979	1
S6015417	1	Port Input	14	64026	63979	1
S6015417	1	Port Input	15	64031	63984	1
S6015417	1	Port Input	14	64031	63984	1
S6015417	1	Port Input	15	64032	63986	1
S6015417	1	Port Input	14	64032	63986	1
S6015417	1	Port Input	15	64039	63993	1
S6015417	1	Port Input	14	64039	63993	1
S6015417	1	Port Input	15	64074	64027	1
S6015417	1	Port Input	14	64074	64027	1
S6015417	1	Port Input	15	64074	64028	1
S6015417	1	Port Input	14	64074	64028	1
S6015417	1	Port Input	15	64076	64029	1
S6015417	1	Port Input	14	64076	64029	1
S6015417	1	Port Input	15	64077	64031	1
S6015417	1	Port Input	14	64077	64031	1
S6015417	1	Port Input	15	64079	64033	1
S6015417	1	Port Input	14	64079	64033	1
S6015417	1	Port Input	15	64080	64033	1
S6015417	1	Port Input	14	64080	64033	1
S6015417	1	Port Input	15	64082	64035	1
S6015417	1	Port Input	14	64082	64035	1
S6015417	1	Port Input	15	64132	64085	1
S6015417	1	Port Input	14	64132	64085	1
S6015417	1	Port Input	15	64134	64088	1
S6015417	1	Port Input	14	64134	64088	1
S6015417	1	Port Input	15	64135	64088	1
S6015417	1	Port Input	14	64135	64088	1
S6015417	1	Port Input	15	64135	64089	1
S6015417	1	Port Input	14	64135	64089	1
S6015417	1	Port Input	15	64136	64090	1
S6015417	1	Port Input	14	64136	64090	1
S6015417	1	Port Input	15	64141	64094	1
S6015417	1	Port Input	14	64141	64094	1
S6015417	1	Port Input	15	64141	64095	1
S6015417	1	Port Input	14	64141	64095	1
S6015417	1	Port Input	15	64143	64096	1
S6015417	1	Port Input	14	64143	64096	1
S6015417	1	Port Input	15	64145	64099	1
S6015417	1	Port Input	14	64145	64099	1
S6015417	1	Port Input	15	64150	64103	1
S6015417	1	Port Input	14	64150	64103	1
S6015417	1	Port Input	15	64151	64104	1
S6015417	1	Port Input	14	64151	64104	1
S6015417	1	Port Input	15	64155	64109	1
S6015417	1	Port Input	14	64155	64109	1
S6015417	1	Port Input	15	64157	64110	1
S6015417	1	Port Input	14	64157	64110	1
S6015417	1	Port Input	15	64157	64111	1
S6015417	1	Port Input	14	64157	64111	1
S6015417	1	Port Input	15	64159	64112	1
S6015417	1	Port Input	14	64159	64112	1
S6015417	1	Port Input	15	64160	64114	1
S6015417	1	Port Input	14	64160	64114	1
S6015417	1	Port Input	15	64161	64115	1
S6015417	1	Port Input	14	64161	64115	1
S6015417	1	Port Input	15	64162	64115	1
S6015417	1	Port Input	14	64162	64115	1
S6015417	1	Port Input	15	64164	64118	1
S6015417	1	Port Input	14	64164	64118	1
S6015417	1	Port Input	15	64165	64118	1
S6015417	1	Port Input	14	64165	64118	1
S6015417	1	Port Input	15	64167	64120	1
S6015417	1	Port Input	14	64167	64120	1
S6015417	1	Port Input	15	64184	64137	1
S6015417	1	Port Input	14	64184	64137	1
S6015417	1	Port Input	15	64188	64142	1
S6015417	1	Port Input	14	64189	64142	1
S6015417	1	Port Input	15	64191	64144	1
S6015417	1	Port Input	14	64191	64144	1
S6015417	1	Port Input	15	64194	64148	1
S6015417	1	Port Input	14	64194	64148	1
S6015417	1	Port Input	15	64196	64149	1
S6015417	1	Port Input	14	64196	64149	1
S6015417	1	Port Input	15	64196	64150	1
S6015417	1	Port Input	14	64196	64150	1
S6015417	1	Port Input	15	64197	64150	1
S6015417	1	Port Input	14	64197	64150	1
S6015417	1	Port Input	15	64198	64151	1
S6015417	1	Port Input	14	64198	64151	1
S6015417	1	Port Input	15	64198	64152	1
S6015417	1	Port Input	14	64198	64152	1
S6015417	1	Port Input	15	64200	64154	1
S6015417	1	Port Input	14	64200	64154	1
S6015417	1	Port Input	15	64201	64154	1
S6015417	1	Port Input	14	64201	64155	1
S6015417	1	Port Input	15	64202	64155	1
S6015417	1	Port Input	14	64202	64155	1
S6015417	1	Port Input	15	64202	64156	1
S6015417	1	Port Input	14	64202	64156	1
S6015417	1	Port Input	15	64204	64158	1
S6015417	1	Port Input	14	64204	64158	1
S6015417	1	Port Input	15	64208	64161	1
S6015417	1	Port Input	14	64208	64161	1
S6015417	1	Port Input	15	64208	64162	1
S6015417	1	Port Input	14	64208	64162	1
S6015417	1	Port Input	15	64209	64163	1
S6015417	1	Port Input	14	64209	64163	1
S6015417	1	Port Input	15	64211	64164	1
S6015417	1	Port Input	14	64211	64164	1
S6015417	1	Port Input	15	64212	64166	1
S6015417	1	Port Input	14	64212	64166	1
S6015417	1	Port Input	15	64212	64166	1
S6015417	1	Port Input	14	64212	64166	1
S6015417	1	Port Input	15	64213	64166	1
S6015417	1	Port Input	14	64213	64166	1
S6015417	1	Port Input	15	64222	64175	1
S6015417	1	Port Input	14	64222	64175	1
S6015417	1	Port Input	15	64229	64183	1
S6015417	1	Port Input	14	64229	64183	1
S6015417	1	Port Input	15	64230	64183	1
S6015417	1	Port Input	14	64230	64183	1
S6015417	1	Port Input	15	64233	64186	1
S6015417	1	Port Input	14	64233	64186	1
S6015417	1	Port Input	15	64238	64192	1
S6015417	1	Port Input	14	64238	64192	1
S6015417	1	Port Input	15	64241	64194	1
S6015417	1	Port Input	14	64241	64194	1
S6015417	1	Port Input	15	64241	64195	1
S6015417	1	Port Input	14	64241	64195	1
S6015417	1	Port Input	15	64241	64195	1
S6015417	1	Port Input	14	64241	64195	1
S6015417	1	Port Input	15	64242	64195	1
S6015417	1	Port Input	14	64242	64195	1
S6015417	1	Port Input	15	64256	64209	1
S6015417	1	Port Input	14	64256	64209	1
S6015417	1	Port Input	15	64259	64212	1
S6015417	1	Port Input	14	64259	64212	1
S6015417	1	Port Input	15	64460	64413	1
S6015417	1	Port Input	14	64460	64413	1
S6015417	1	Port Input	15	64460	64413	1
S6015417	1	Port Input	14	64460	64413	1
S6015417	1	Port Input	15	64460	64414	1
S6015417	1	Picture	81	80044	79998	1	10000	1	79950	9950	other	0
S6015417	1	Port Input	14	82615	82568	1
S6015417	1	Response	100	82615	82568	1
S6015417	1	Port Input	15	82975	82928	1
S6015417	1	Port Input	14	82975	82928	1
S6015417	1	Port Input	15	82993	82947	1
S6015417	1	Port Input	14	82994	82947	1
S6015417	1	Port Input	15	83000	82954	1
S6015417	1	Port Input	14	83000	82954	1
S6015417	1	Port Input	15	83002	82955	1
S6015417	1	Port Input	14	83002	82955	1
S6015417	1	Port Input	15	83002	82955	1
S6015417	1	Port Input	14	83002	82956	1
S6015417	1	Port Input	15	83002	82956	1
S6015417	1	Port Input	14	83002	82956	1
S6015417	1	Port Input	15	83003	82956	1
S6015417	1	Port Input	14	83003	82956	1
S6015417	1	Port Input	15	83010	82963	1
S6015417	1	Port Input	14	83010	82963	1
S6015417	1	Port Input	15	83016	82969	1
S6015417	1	Port Input	14	83016	82970	1
S6015417	1	Port Input	15	83019	82973	1
S6015417	1	Port Input	14	83019	82973	1
S6015417	1	Port Input	15	83024	82977	1
S6015417	1	Port Input	14	83024	82977	1
S6015417	1	Port Input	15	83682	83635	1
S6015417	1	Port Input	14	83682	83635	1
S6015417	1	Port Input	15	83693	83646	1
S6015417	1	Port Input	14	83693	83646	1
S6015417	1	Port Input	15	83694	83648	1
S6015417	1	Port Input	14	83694	83648	1
S6015417	1	Port Input	15	83696	83649	1
S6015417	1	Port Input	14	83696	83649	1
S6015417	1	Port Input	15	83696	83649	1
S6015417	1	Port Input	14	83696	83649	1
S6015417	1	Port Input	15	83697	83650	1
S6015417	1	Port Input	14	83697	83650	1
S6015417	1	Port Input	15	83702	83655	1
S6015417	1	Port Input	14	83702	83655	1
S6015417	1	Port Input	15	83704	83658	1
S6015417	1	Port Input	14	83704	83658	1
S6015417	1	Port Input	15	83705	83659	1
S6015417	1	Port Input	14	83705	83659	1
S6015417	1	Port Input	15	83709	83662	1
S6015417	1	Port Input	14	83709	83662	1
S6015417	1	Port Input	15	83709	83662	1
S6015417	1	Port Input	14	83709	83662	1
S6015417	1	Port Input	15	83709	83662	1
S6015417	1	Port Input	14	83709	83662	1
S6015417	1	Port Input	15	83714	83668	1
S6015417	1	Port Input	14	83714	83668	1
S6015417	1	Port Input	15	83726	83679	1
S6015417	1	Port Input	14	83726	83679	1
S6015417	1	Port Input	15	83727	83680	1
S6015417	1	Port Input	14	83727	83680	1
S6015417	1	Port Input	15	83736	83689	1
S6015417	1	Port Input	14	83736	83689	1
S6015417	1	Port Input	15	83742	83695	1
S6015417	1	Port Input	14	83742	83696	1
S6015417	1	Port Input	15	83748	83701	1
S6015417	1	Port Input	14	83748	83701	1
S6015417	1	Port Input	15	83749	83703	1
S6015417	1	Port Input	14	83749	83703	1
S6015417	1	Port Input	15	83751	83705	1
S6015417	1	Port Input	14	83751	83705	1
S6015417	1	Port Input	15	83752	83705	1
S6015417	1	Port Input	14	83752	83705	1
S6015417	1	Port Input	15	83760	83713	1
S6015417	1	Port Input	14	83760	83713	1
S6015417	1	Port Input	15	83760	83713	1
S6015417	1	Port Input	14	83760	83714	1
S6015417	1	Port Input	15	83764	83717	1
S6015417	1	Port Input	14	83764	83717	1
S6015417	1	Port Input	15	83766	83719	1
S6015417	1	Port Input	14	83766	83719	1
S6015417	1	Port Input	15	84624	84577	1
S6015417	1	Port Input	14	84624	84577	1
S6015417	1	Port Input	15	84670	84623	1
S6015417	1	Port Input	14	84670	84623	1
S6015417	1	Port Input	15	84672	84625	1
S6015417	1	Port Input	14	84672	84625	1
S6015417	1	Port Input	15	84683	84637	1
S6015417	1	Port Input	14	84683	84637	1
S6015417	1	Port Input	15	84684	84637	1
S6015417	1	Port Input	14	84684	84637	1
S6015417	1	Port Input	15	84692	84645	1
S6015417	1	Port Input	14	84692	84645	1
S6015417	1	Port Input	15	84693	84646	1
S6015417	1	Port Input	14	84693	84646	1
S6015417	1	Port Input	15	84696	84650	1
S6015417	1	Port Input	14	84696	84650	1
S6015417	1	Port Input	15	84697	84650	1
S6015417	1	Port Input	14	84697	84650	1
S6015417	1	Port Input	15	84700	84653	1
S6015417	1	Port Input	14	84700	84653	1
S6015417	1	Port Input	15	84700	84654	1
S6015417	1	Port Input	14	84700	84654	1
S6015417	1	Port Input	15	84704	84658	1
S6015417	1	Port Input	14	84704	84658	1
S6015417	1	Port Input	15	84714	84667	1
S6015417	1	Port Input	14	84714	84667	1
S6015417	1	Port Input	15	84715	84668	1
S6015417	1	Port Input	14	84715	84668	1
S6015417	1	Port Input	15	84715	84669	1
S6015417	1	Port Input	14	84715	84669	1
S6015417	1	Port Input	15	84722	84675	1
S6015417	1	Port Input	14	84722	84675	1
S6015417	1	Port Input	15	84722	84676	1
S6015417	1	Port Input	14	84722	84676	1
S6015417	1	Port Input	15	84723	84676	1
S6015417	1	Port Input	14	84723	84676	1
S6015417	1	Port Input	15	84730	84684	1
S6015417	1	Port Input	14	84730	84684	1
S6015417	1	Port Input	15	84731	84685	1
S6015417	1	Port Input	14	84731	84685	1
S6015417	1	Port Input	15	84732	84685	1
S6015417	1	Port Input	14	84732	84685	1
S6015417	1	Port Input	15	84733	84686	1
S6015417	1	Port Input	14	84733	84686	1
S6015417	1	Port Input	15	84733	84687	1
S6015417	1	Port Input	14	84733	84687	1
S6015417	1	Port Input	15	84733	84687	1
S6015417	1	Port Input	14	84733	84687	1
S6015417	1	Port Input	15	84736	84689	1
S6015417	1	Port Input	14	84736	84689	1
S6015417	1	Port Input	15	84738	84692	1
S6015417	1	Port Input	14	84739	84692	1
S6015417	1	Port Input	15	84740	84693	1
S6015417	1	Port Input	14	84740	84693	1
S6015417	1	Port Input	15	84751	84704	1
S6015417	1	Port Input	14	84751	84704	1
S6015417	1	Port Input	15	84752	84706	1
S6015417	1	Port Input	14	84753	84706	1
S6015417	1	Port Input	15	84753	84706	1
S6015417	1	Port Input	14	84753	84706	1
S6015417	1	Port Input	15	84756	84709	1
S6015417	1	Port Input	14	84756	84709	1
S6015417	1	Port Input	15	84757	84710	1
S6015417	1	Port Input	14	84757	84710	1
S6015417	1	Port Input	15	84757	84711	1
S6015417	1	Port Input	14	84757	84711	1
S6015417	1	Port Input	15	84758	84712	1
S6015417	1	Port Input	14	84758	84712	1
S6015417	1	Port Input	15	84760	84713	1
S6015417	1	Port Input	14	84760	84713	1
S6015417	1	Port Input	15	84765	84718	1
S6015417	1	Port Input	14	84765	84718	1
S6015417	1	Port Input	15	84765	84719	1
S6015417	1	Port Input	14	84765	84719	1
S6015417	1	Port Input	15	84766	84719	1
S6015417	1	Port Input	14	84766	84719	1
S6015417	1	Port Input	15	84766	84720	1
S6015417	1	Port Input	14	84766	84720	1
S6015417	1	Port Input	15	84767	84720	1
S6015417	1	Port Input	14	84767	84720	1
S6015417	1	Port Input	15	84767	84721	1
S6015417	1	Port Input	14	84767	84721	1
S6015417	1	Port Input	15	84767	84721	1
S6015417	1	Port Input	14	84767	84721	1
S6015417	1	Port Input	15	84769	84722	1
S6015417	1	Port Input	14	84769	84722	1
S6015417	1	Port Input	15	84769	84722	1
S6015417	1	Port Input	14	84769	84722	1
S6015417	1	Port Input	15	84769	84723	1
S6015417	1	Port Input	14	84769	84723	1
S6015417	1	Port Input	15	84770	84724	1
S6015417	1	Port Input	14	84770	84724	1
S6015417	1	Port Input	15	84773	84726	1
S6015417	1	Port Input	14	84773	84726	1
S6015417	1	Port Input	15	84776	84729	1
S6015417	1	Port Input	14	84776	84729	1
S6015417	1	Port Input	15	84776	84730	1
S6015417	1	Port Input	14	84776	84730	1
S6015417	1	Port Input	15	84779	84732	1
S6015417	1	Port Input	14	84779	84732	1
S6015417	1	Port Input	15	84780	84734	1
S6015417	1	Port Input	14	84780	84734	1
S6015417	1	Port Input	15	84783	84737	1
S6015417	1	Port Input	14	84783	84737	1
S6015417	1	Port Input	15	84789	84742	1
S6015417	1	Port Input	14	84789	84742	1
S6015417	1	Port Input	15	84791	84744	1
S6015417	1	Port Input	14	84791	84744	1
S6015417	1	Port Input	15	84792	84746	1
S6015417	1	Port Input	14	84792	84746	1
S6015417	1	Port Input	15	84794	84747	1
S6015417	1	Port Input	14	84794	84747	1
S6015417	1	Port Input	15	84795	84748	1
S6015417	1	Port Input	14	84795	84748	1
S6015417	1	Port Input	15	84799	84753	1
S6015417	1	Port Input	14	84799	84753	1
S6015417	1	Port Input	15	84800	84753	1
S6015417	1	Port Input	14	84800	84753	1
S6015417	1	Port Input	15	84802	84755	1
S6015417	1	Port Input	14	84802	84755	1
S6015417	1	Port Input	15	84802	84755	1
S6015417	1	Port Input	14	84802	84755	1
S6015417	1	Port Input	15	84803	84756	1
S6015417	1	Port Input	14	84803	84756	1
S6015417	1	Port Input	15	84805	84758	1
S6015417	1	Port Input	14	84805	84758	1
S6015417	1	Port Input	15	84806	84759	1
S6015417	1	Port Input	14	84806	84759	1
S6015417	1	Port Input	15	84806	84760	1
S6015417	1	Port Input	14	84806	84760	1
S6015417	1	Port Input	15	84807	84761	1
S6015417	1	Port Input	14	84807	84761	1
S6015417	1	Port Input	15	84811	84764	1
S6015417	1	Port Input	14	84811	84764	1
S6015417	1	Port Input	15	84812	84765	1
S6015417	1	Port Input	14	84812	84765	1
S6015417	1	Port Input	15	84812	84766	1
S6015417	1	Port Input	14	84812	84766	1
S6015417	1	Port Input	15	84818	84772	1
S6015417	1	Port Input	14	84818	84772	1
S6015417	1	Port Input	15	84818	84772	1
S6015417	1	Port Input	14	84819	84772	1
S6015417	1	Port Input	15	84820	84773	1
S6015417	1	Port Input	14	84820	84773	1
S6015417	1	Port Input	15	84821	84774	1
S6015417	1	Port Input	14	84821	84774	1
S6015417	1	Port Input	15	84822	84775	1
S6015417	1	Port Input	14	84822	84775	1
S6015417	1	Port Input	15	84822	84775	1
S6015417	1	Port Input	14	84822	84775	1
S6015417	1	Port Input	15	84822	84776	1
S6015417	1	Port Input	14	84822	84776	1
S6015417	1	Port Input	15	84823	84776	1
S6015417	1	Port Input	14	84823	84776	1
S6015417	1	Port Input	15	84824	84777	1
S6015417	1	Port Input	14	84824	84777	1
S6015417	1	Port Input	15	84824	84778	1
S6015417	1	Port Input	14	84824	84778	1
S6015417	1	Port Input	15	84825	84779	1
S6015417	1	Port Input	14	84825	84779	1
S6015417	1	Port Input	15	84827	84781	1
S6015417	1	Port Input	14	84827	84781	1
S6015417	1	Port Input	15	84828	84781	1
S6015417	1	Port Input	14	84828	84781	1
S6015417	1	Port Input	15	84829	84782	1
S6015417	1	Port Input	14	84829	84782	1
S6015417	1	Port Input	15	84829	84783	1
S6015417	1	Port Input	14	84829	84783	1
S6015417	1	Port Input	15	84831	84785	1
S6015417	1	Port Input	14	84831	84785	1
S6015417	1	Port Input	15	84832	84785	1
S6015417	1	Port Input	14	84832	84785	1
S6015417	1	Port Input	15	84834	84787	1
S6015417	1	Port Input	14	84834	84787	1
S6015417	1	Port Input	15	84838	84792	1
S6015417	1	Port Input	14	84838	84792	1
S6015417	1	Port Input	15	84839	84793	1
S6015417	1	Port Input	14	84839	84793	1
S6015417	1	Port Input	15	84840	84793	1
S6015417	1	Port Input	14	84840	84793	1
S6015417	1	Port Input	15	84841	84795	1
S6015417	1	Port Input	14	84841	84795	1
S6015417	1	Port Input	15	84843	84796	1
S6015417	1	Port Input	14	84843	84796	1
S6015417	1	Port Input	15	84845	84798	1
S6015417	1	Port Input	14	84845	84798	1
S6015417	1	Port Input	15	84845	84798	1
S6015417	1	Port Input	14	84845	84798	1
S6015417	1	Port Input	15	84845	84799	1
S6015417	1	Port Input	14	84845	84799	1
S6015417	1	Port Input	15	84846	84799	1
S6015417	1	Port Input	14	84846	84799	1
S6015417	1	Port Input	15	84847	84800	1
S6015417	1	Port Input	14	84847	84801	1
S6015417	1	Port Input	15	84848	84801	1
S6015417	1	Port Input	14	84848	84801	1
S6015417	1	Port Input	15	84850	84803	1
S6015417	1	Port Input	14	84850	84803	1
S6015417	1	Port Input	15	85174	85127	1
S6015417	1	Port Input	14	85174	85127	1
S6015417	1	Port Input	15	85174	85127	1
S6015417	1	Port Input	14	85174	85128	1
S6015417	1	Port Input	15	85174	85128	1
S6015417	2	Port Input	14	103662	13549	3
S6015417	2	Response	100	103662	13549	3
S6015417	3	Port Input	15	105814	2090	8
S6015417	3	Port Input	14	119477	15753	7
S6015417	3	Response	100	119477	15753	8
S6015417	4	Port Input	15	121505	1948	8
S6015417	4	Port Input	14	133397	13840	8
S6015417	4	Response	100	133397	13840	8
S6015417	5	Port Input	15	135226	1780	8
S6015417	5	Port Input	14	145231	11786	8
S6015417	5	Response	100	145231	11786	8
S6015417	6	Port Input	15	147137	1817	8
S6015417	6	Port Input	14	155687	10367	8
S6015417	6	Response	100	155687	10367	8
S6015417	7	Port Input	15	157865	2128	7
S6015417	7	Port Input	14	165141	9404	8
S6015417	7	Response	100	165141	9404	8
S6015417	8	Port Input	15	167026	1845	7
S6015417	8	Port Input	14	167033	1852	1
S6015417	8	Port Input	15	167033	1853	7
S6015417	8	Port Input	14	174759	9578	8
S6015417	8	Response	100	174759	9578	8
S6015417	9	Port Input	15	176669	1836	8
S6015417	9	Port Input	14	183567	8734	7
S6015417	9	Response	100	183567	8734	8
S6015417	10	Port Input	15	185493	1841	7
S6015417	10	Port Input	14	196094	12442	7
S6015417	10	Response	100	196094	12442	7
S6015417	11	Port Input	15	197812	1660	7
S6015417	11	Port Input	14	205313	9161	8
S6015417	11	Response	100	205313	9161	8
S6015417	12	Port Input	15	207129	1742	1
S6015417	12	Port Input	14	207129	1742	1
S6015417	12	Port Input	15	207130	1742	8
S6015417	12	Port Input	14	216063	10675	8
S6015417	12	Response	100	216063	10675	8
S6015417	13	Port Input	15	217782	1631	7
S6015417	13	Port Input	14	229179	13027	7
S6015417	13	Response	100	229179	13027	8
S6015417	14	Port Input	15	231030	1823	8
S6015417	14	Port Input	14	240552	11346	7
S6015417	14	Response	100	240552	11346	8
S6015417	15	Port Input	15	241984	1389	7
S6015417	15	Port Input	14	255077	14482	7
S6015417	15	Response	100	255077	14482	8
S6015417	16	Port Input	15	256908	1800	1
S6015417	16	Port Input	14	256908	1800	1
S6015417	16	Port Input	15	256909	1800	8
S6015417	16	Port Input	14	285534	30425	8
S6015417	16	Response	100	285534	30425	8
S6015417	17	Port Input	15	287392	1798	8
S6015417	17	Port Input	14	366880	81286	8
S6015417	17	Response	100	366880	81286	8
S6015417	18	Port Input	15	368864	1953	1
S6015417	18	Port Input	14	386180	19269	8
S6015417	18	Response	100	386180	19269	8
S6015417	19	Port Input	15	387840	1625	8
S6015417	19	Port Input	14	402524	16308	8
S6015417	19	Response	100	402524	16308	8
S6015417	20	Port Input	15	404308	1703	7
S6015417	20	Port Input	14	414789	12185	8
S6015417	20	Response	100	414789	12185	8
S6015417	20	Port Input	15	414797	12192	1
S6015417	20	Port Input	14	414797	12192	8
S6015417	21	Port Input	15	416828	2002	9
S6015417	21	Port Input	14	427498	12672	7
S6015417	21	Response	100	427498	12672	7
S6015417	22	Port Input	15	429250	1716	7
S6015417	22	Port Input	14	440950	13417	7
S6015417	22	Response	100	440950	13417	7
S6015417	23	Port Input	15	442881	1875	1
S6015417	23	Port Input	14	442881	1875	1
S6015417	23	Port Input	15	442881	1875	7
S6015417	23	Port Input	14	460762	19756	7
S6015417	23	Response	100	460762	19756	8
S6015417	24	Port Input	15	462904	2107	8
S6015417	24	Port Input	14	492172	31376	8
S6015417	24	Response	100	492172	31376	8
S6015417	25	Port Input	15	493839	1584	7
S6015417	25	Port Input	14	522270	30016	8
S6015417	25	Response	100	522270	30016	8
S6015417	26	Port Input	15	524376	2053	8
S6015417	26	Port Input	14	542860	20537	8
S6015417	26	Response	100	542860	20537	8
S6015417	27	Port Input	15	544362	1415	7
S6015417	27	Port Input	14	564706	21759	7
S6015417	27	Response	100	564706	21759	8
S6015417	28	Port Input	15	566613	1861	1
S6015417	28	Port Input	14	566613	1861	1
S6015417	28	Port Input	15	566613	1861	7
S6015417	28	Port Input	14	583375	18623	7
S6015417	28	Response	100	583375	18623	7
