Scenario - Stim
Logfile written - 03/25/2023 15:22:50

Subject	Trial	Event Type	Code	Time	TTime	Uncertainty	Duration	Uncertainty	ReqTime	ReqDur	Stim Type	Pair Index

S6015107	1	Picture	start	45	0	1	5069	1	0	5000	other	0
S6015107	2	Sound	Ah	10062	16	248			0		other	0
S6015107	3	Sound	Ah	23786	0	5			0		other	0
S6015107	4	Sound	Ah	39626	0	5			0		other	0
S6015107	5	Sound	Ah	53437	0	5			0		other	0
S6015107	6	Sound	Ah	67777	0	5			0		other	0
S6015107	7	Sound	Ah	82527	0	5			0		other	0
S6015107	8	Sound	Ah	96698	0	5			0		other	0
S6015107	9	Sound	Ah	110658	0	5			0		other	0
S6015107	10	Sound	Ah	124678	0	5			0		other	0
S6015107	11	Sound	Ah	138639	1	5			0		other	0
S6015107	12	Sound	Ah	152669	0	5			0		other	0
S6015107	13	Sound	Ah	166209	0	5			0		other	0
S6015107	14	Sound	Ah	180160	0	5			0		other	0
S6015107	15	Sound	Ah	193750	0	5			0		other	0
S6015107	16	Sound	Ah	206920	0	5			0		other	0
S6015107	17	Sound	Ah	219991	0	5			0		other	0
S6015107	18	Sound	Ah	232981	0	5			0		other	0
S6015107	19	Sound	Ah	246151	0	5			0		other	0
S6015107	20	Sound	Ah	258052	0	5			0		other	0
S6015107	21	Sound	Ah	271132	0	5			0		other	0
S6015107	22	Sound	Ah	284792	0	5			0		other	0
S6015107	23	Sound	Ah	298153	0	5			0		other	0
S6015107	24	Sound	Ah	310973	0	5			0		other	0
S6015107	25	Sound	Ah	324233	0	6			0		other	0
S6015107	26	Sound	Ah	337204	0	5			0		other	0
S6015107	27	Sound	Ah	350094	0	5			0		other	0
S6015107	28	Sound	Ah	362854	0	5			0		other	0
S6015107	29	Sound	Ah	375225	0	5			0		other	0
S6015107	30	Sound	Ah	387475	0	5			0		other	0
S6015107	31	Sound	Ah	400585	0	5			0		other	0
S6015107	32	Sound	Ah	412456	0	5			0		other	0
S6015107	33	Sound	Ah	425656	0	5			0		other	0
S6015107	34	Sound	Ah	438826	0	4			0		other	0
S6015107	35	Sound	Ah	451467	0	5			0		other	0
S6015107	36	Sound	Ah	464207	0	4			0		other	0
S6015107	37	Sound	Ah	476707	0	5			0		other	0
S6015107	38	Sound	Ah	489567	0	5			0		other	0
S6015107	39	Sound	Ah	502738	0	5			0		other	0
S6015107	40	Sound	Ah	515688	0	5			0		other	0
S6015107	41	Sound	Ah	527869	0	5			0		other	0
S6015107	42	Sound	Ah	541439	0	5			0		other	0
S6015107	43	Sound	Ah	553679	0	5			0		other	0
S6015107	44	Sound	Ah	566369	0	5			0		other	0
S6015107	45	Sound	Ah	578900	0	5			0		other	0
S6015107	46	Sound	Ah	592370	0	5			0		other	0
S6015107	47	Sound	Ah	605860	0	5			0		other	0
S6015107	48	Sound	Ah	619211	0	5			0		other	0
S6015107	49	Sound	Ah	632581	0	5			0		other	0
S6015107	50	Sound	Ah	645961	0	5			0		other	0
S6015107	51	Sound	Ah	660152	0	5			0		other	0
S6015107	52	Sound	Ah	673912	0	5			0		other	0
S6015107	53	Sound	Ah	687532	0	5			0		other	0
S6015107	54	Sound	Ah	701473	0	5			0		other	0
S6015107	55	Sound	Ah	716403	0	5			0		other	0
S6015107	56	Sound	Ah	730853	0	5			0		other	0
S6015107	57	Sound	Ah	746104	0	5			0		other	0
S6015107	58	Sound	Ah	759484	0	5			0		other	0
S6015107	59	Sound	Ah	774534	0	5			0		other	0
S6015107	60	Sound	Ah	789115	0	5			0		other	0
S6015107	61	Sound	Ah	802985	0	5			0		other	0
S6015107	62	Sound	Ah	816465	0	5			0		other	0
S6015107	63	Sound	Ah	830856	0	5			0		other	0
S6015107	64	Sound	Ah	844326	0	5			0		other	0
S6015107	65	Sound	Ah	858156	0	5			0		other	0
S6015107	66	Sound	Ah	871927	0	5			0		other	0
S6015107	67	Sound	Ah	886157	0	5			0		other	0
S6015107	68	Sound	Ah	900037	0	5			0		other	0
S6015107	69	Sound	Ah	915128	0	5			0		other	0
S6015107	70	Sound	Ah	929218	0	5			0		other	0
S6015107	71	Sound	Ah	943138	0	5			0		other	0
S6015107	72	Sound	Ah	957519	0	5			0		other	0
S6015107	73	Sound	Ah	971599	0	5			0		other	0
S6015107	74	Sound	Ah	984659	0	5			0		other	0
S6015107	75	Sound	Ah	998190	0	5			0		other	0
S6015107	76	Sound	Ah	1011370	0	5			0		other	0
S6015107	77	Sound	Ah	1025580	0	5			0		other	0
S6015107	78	Sound	Ah	1039191	0	5			0		other	0
S6015107	79	Sound	Ah	1052951	0	5			0		other	0
S6015107	80	Sound	Ah	1066691	0	5			0		other	0
S6015107	81	Sound	Ah	1080201	0	5			0		other	0
S6015107	82	Sound	Ah	1093732	0	5			0		other	0
S6015107	83	Sound	Ah	1107382	0	5			0		other	0
S6015107	84	Sound	Ah	1121122	0	5			0		other	0
S6015107	85	Sound	Ah	1134263	0	5			0		other	0
S6015107	86	Sound	Ah	1147933	0	5			0		other	0
S6015107	87	Sound	Ah	1161584	0	5			0		other	0
S6015107	88	Sound	Ah	1175194	0	5			0		other	0
S6015107	89	Sound	Ah	1188764	0	5			0		other	0
S6015107	90	Sound	Ah	1201894	0	5			0		other	0
S6015107	91	Sound	Ah	1215245	0	5			0		other	0
S6015107	92	Sound	Ah	1228745	0	5			0		other	0
S6015107	93	Sound	Ah	1242755	0	5			0		other	0
S6015107	94	Sound	Ah	1256536	0	5			0		other	0
S6015107	95	Sound	Ah	1269826	0	5			0		other	0
S6015107	96	Sound	Ah	1283386	0	5			0		other	0
S6015107	97	Sound	Ah	1296627	0	5			0		other	0
S6015107	98	Sound	Ah	1310207	0	5			0		other	0
