Scenario - passive press generic training 1.2
Logfile written - 11/14/2023 14:23:50

Subject	Trial	Event Type	Code	Time	TTime	Uncertainty	Duration	Uncertainty	ReqTime	ReqDur	Stim Type	Pair Index

S6015461	1	Picture	83	69	0	1	5000	1	0	4950	other	0
S6015461	1	Picture	82	10069	10000	1	5000	1	9950	4950	other	0
S6015461	1	Picture	81	20069	19999	1	5000	1	19950	4950	other	0
S6015461	1	Picture	80	30068	29999	1	5000	1	29950	4950	other	0
S6015461	1	Picture	81	40068	39999	1	10000	1	39950	9950	other	0
S6015461	1	Port Input	14	54576	54507	1
S6015461	1	Response	100	54576	54507	1
S6015461	1	Port Input	15	57462	57393	1
S6015461	1	Port Input	14	57462	57393	1
S6015461	1	Port Input	15	57462	57393	1
S6015461	1	Picture	81	60067	59998	1	10000	1	59950	9950	other	0
S6015461	1	Port Input	14	63186	63117	1
S6015461	1	Response	100	63186	63117	1
S6015461	1	Port Input	15	65906	65837	1
S6015461	1	Picture	81	80067	79997	1	10000	1	79950	9950	other	0
S6015461	1	Port Input	14	82176	82106	1
S6015461	1	Response	100	82176	82106	1
S6015461	1	Port Input	15	82176	82107	1
S6015461	1	Port Input	14	82176	82107	1
S6015461	1	Port Input	15	82177	82107	1
S6015461	1	Port Input	14	82177	82107	1
S6015461	1	Port Input	15	82178	82108	1
S6015461	1	Port Input	14	82178	82108	1
S6015461	1	Port Input	15	82178	82109	1
S6015461	1	Port Input	14	82178	82109	1
S6015461	1	Port Input	15	82179	82110	1
S6015461	1	Port Input	14	82179	82110	1
S6015461	1	Port Input	15	82180	82110	1
S6015461	1	Port Input	14	82180	82110	1
S6015461	1	Port Input	15	85264	85194	1
S6015461	1	Port Input	14	85264	85194	1
S6015461	1	Port Input	15	85264	85195	1
S6015461	2	Port Input	14	117601	27465	1
S6015461	2	Response	100	117601	27465	1
S6015461	2	Port Input	15	117601	27466	1
S6015461	2	Port Input	14	117601	27466	1
S6015461	3	Port Input	15	120480	2845	8
S6015461	3	Port Input	14	129229	11594	7
S6015461	3	Response	100	129229	11594	7
S6015461	4	Port Input	15	131751	2450	7
S6015461	4	Port Input	14	131758	2457	1
S6015461	4	Port Input	15	131758	2457	1
S6015461	4	Port Input	14	139957	10655	8
S6015461	4	Response	100	139957	10655	8
S6015461	5	Port Input	15	142381	2385	8
S6015461	5	Port Input	14	149958	9963	7
S6015461	5	Response	100	149958	9963	7
S6015461	6	Port Input	15	152422	2428	7
S6015461	6	Port Input	14	160664	10669	7
S6015461	6	Response	100	160664	10669	7
S6015461	7	Port Input	15	162950	2261	7
S6015461	7	Port Input	14	171067	10378	7
S6015461	7	Response	100	171067	10378	7
S6015461	8	Port Input	15	173401	2296	8
S6015461	8	Port Input	14	180867	9762	7
S6015461	8	Response	100	180867	9762	7
S6015461	9	Port Input	15	183397	2500	7
S6015461	9	Port Input	14	191990	11093	8
S6015461	9	Response	100	191990	11093	8
S6015461	10	Port Input	15	194392	2315	8
S6015461	10	Port Input	14	202304	10227	8
S6015461	10	Response	100	202304	10227	8
S6015461	11	Port Input	15	204763	2408	1
S6015461	11	Port Input	14	204763	2408	1
S6015461	11	Port Input	15	204763	2409	7
S6015461	11	Port Input	14	212453	10098	8
S6015461	11	Response	100	212453	10098	8
S6015461	12	Port Input	15	215156	2663	8
S6015461	12	Port Input	14	222866	10373	7
S6015461	12	Response	100	222866	10373	7
S6015461	13	Port Input	15	225252	2343	1
S6015461	13	Port Input	14	225252	2343	1
S6015461	13	Port Input	15	225253	2343	7
S6015461	13	Port Input	14	232647	9738	7
S6015461	13	Response	100	232647	9738	7
S6015461	14	Port Input	15	235292	2592	8
S6015461	14	Port Input	14	243521	10821	8
S6015461	14	Response	100	243521	10821	8
S6015461	15	Port Input	15	246034	2431	8
S6015461	15	Port Input	14	254015	10412	8
S6015461	15	Response	100	254015	10412	8
S6015461	16	Port Input	15	256495	2406	8
S6015461	16	Port Input	14	263804	9715	1
S6015461	16	Response	100	263804	9715	1
S6015461	16	Port Input	15	263804	9715	1
S6015461	16	Port Input	14	263804	9715	7
S6015461	17	Port Input	15	266477	2597	7
S6015461	17	Port Input	14	273350	9470	7
S6015461	17	Response	100	273350	9470	8
S6015461	18	Port Input	15	275751	2357	7
S6015461	18	Port Input	14	283317	9923	7
S6015461	18	Response	100	283317	9923	7
S6015461	19	Port Input	15	286702	3308	7
S6015461	19	Port Input	14	299090	15697	8
S6015461	19	Response	100	299090	15697	8
S6015461	20	Port Input	15	301383	2226	8
S6015461	20	Port Input	14	309377	10221	8
S6015461	20	Response	100	309377	10221	8
S6015461	21	Port Input	15	311697	2263	8
S6015461	21	Port Input	14	320096	10662	7
S6015461	21	Response	100	320096	10662	7
S6015461	22	Port Input	15	322415	2287	7
S6015461	22	Port Input	14	329880	9752	1
S6015461	22	Response	100	329880	9752	1
S6015461	22	Port Input	15	329880	9752	1
S6015461	22	Port Input	14	329880	9752	7
S6015461	23	Port Input	15	332015	2095	8
S6015461	23	Port Input	14	340300	10381	7
S6015461	23	Response	100	340300	10381	7
S6015461	24	Port Input	15	342499	2163	1
S6015461	24	Port Input	14	352326	11991	7
S6015461	24	Response	100	352326	11991	7
S6015461	25	Port Input	15	354562	2213	7
S6015461	25	Port Input	14	362230	9880	7
S6015461	25	Response	100	362230	9880	7
S6015461	26	Port Input	15	364777	2497	8
S6015461	26	Port Input	14	373856	11577	7
S6015461	26	Response	100	373856	11577	7
S6015461	27	Port Input	15	375700	1754	7
S6015461	27	Port Input	14	384158	10213	7
S6015461	27	Response	100	384158	10213	8
S6015461	28	Port Input	15	386363	2140	8
S6015461	28	Port Input	14	394841	10618	7
S6015461	28	Response	100	394841	10618	7
S6015461	29	Port Input	15	397193	2275	7
S6015461	29	Port Input	14	405235	10317	7
S6015461	29	Response	100	405235	10317	8
S6015461	30	Port Input	15	407285	2021	8
S6015461	30	Port Input	14	414674	9410	9
S6015461	30	Response	100	414674	9410	9
S6015461	31	Port Input	15	416867	2159	8
S6015461	31	Port Input	14	427430	12721	1
S6015461	31	Response	100	427430	12721	1
S6015461	31	Port Input	15	427430	12721	1
S6015461	31	Port Input	14	427430	12722	7
S6015461	31	Port Input	15	427444	12736	1
S6015461	31	Port Input	14	427444	12736	1
S6015461	31	Port Input	15	427444	12736	1
S6015461	31	Port Input	14	427444	12736	3
S6015461	31	Port Input	15	427454	12746	1
S6015461	31	Port Input	14	427454	12746	1
S6015461	31	Port Input	15	427456	12748	1
S6015461	31	Port Input	14	427456	12748	1
S6015461	31	Port Input	15	427462	12753	1
S6015461	31	Port Input	14	427462	12753	1
S6015461	31	Port Input	15	427464	12755	1
S6015461	31	Port Input	14	427464	12755	1
S6015461	31	Port Input	15	427465	12757	1
S6015461	31	Port Input	14	427465	12757	1
S6015461	31	Port Input	15	427467	12758	1
S6015461	31	Port Input	14	427467	12758	1
S6015461	32	Port Input	15	429848	2363	7
S6015461	32	Port Input	14	437040	9554	7
S6015461	32	Response	100	437040	9554	7
S6015461	33	Port Input	15	439397	2329	7
S6015461	33	Port Input	14	448225	11156	8
S6015461	33	Response	100	448225	11156	8
S6015461	33	Port Input	15	448233	11164	1
S6015461	33	Port Input	14	448233	11164	8
S6015461	33	Port Input	15	448245	11176	1
S6015461	33	Port Input	14	448245	11176	1
S6015461	33	Port Input	15	448246	11177	1
S6015461	33	Port Input	14	448246	11177	1
S6015461	33	Port Input	15	448246	11178	1
S6015461	33	Port Input	14	448247	11178	1
S6015461	33	Port Input	15	448247	11179	1
S6015461	33	Port Input	14	448248	11179	1
S6015461	33	Port Input	15	448248	11179	1
S6015461	33	Port Input	14	448248	11179	1
S6015461	34	Port Input	15	450700	2451	7
S6015461	34	Port Input	14	458436	10187	7
S6015461	34	Response	100	458436	10187	7
