Scenario - passive press generic training 1.2
Logfile written - 12/02/2023 13:09:07

Subject	Trial	Event Type	Code	Time	TTime	Uncertainty	Duration	Uncertainty	ReqTime	ReqDur	Stim Type	Pair Index

S6012304	1	Picture	83	69	0	1	5000	1	0	4950	other	0
S6012304	1	Picture	82	10069	10000	1	5000	1	9950	4950	other	0
S6012304	1	Picture	81	20069	19999	1	5000	1	19950	4950	other	0
S6012304	1	Picture	80	30068	29999	1	5000	1	29950	4950	other	0
S6012304	1	Picture	81	40068	39999	1	10000	1	39950	9950	other	0
S6012304	1	Port Input	14	55792	55723	1
S6012304	1	Response	100	55792	55723	1
S6012304	1	Port Input	15	58348	58279	1
S6012304	1	Port Input	14	58348	58279	1
S6012304	1	Port Input	15	58349	58280	1
S6012304	1	Port Input	14	58349	58280	1
S6012304	1	Port Input	15	58350	58280	1
S6012304	1	Port Input	14	58350	58280	1
S6012304	1	Port Input	15	58350	58280	1
S6012304	1	Port Input	14	58350	58280	1
S6012304	1	Port Input	15	58350	58281	1
S6012304	1	Port Input	14	58350	58281	1
S6012304	1	Port Input	15	58350	58281	1
S6012304	1	Port Input	14	58350	58281	1
S6012304	1	Port Input	15	58350	58281	1
S6012304	1	Port Input	14	58350	58281	1
S6012304	1	Port Input	15	58350	58281	1
S6012304	1	Port Input	14	58350	58281	1
S6012304	1	Port Input	15	58351	58281	1
S6012304	1	Port Input	14	58351	58281	1
S6012304	1	Port Input	15	58351	58282	1
S6012304	1	Port Input	14	58351	58282	1
S6012304	1	Port Input	15	58351	58282	1
S6012304	1	Port Input	14	58351	58282	1
S6012304	1	Port Input	15	58351	58282	1
S6012304	1	Port Input	14	58351	58282	1
S6012304	1	Port Input	15	58351	58282	1
S6012304	1	Port Input	14	58352	58282	1
S6012304	1	Port Input	15	58352	58283	1
S6012304	1	Port Input	14	58352	58283	1
S6012304	1	Port Input	15	58352	58283	1
S6012304	1	Port Input	14	58353	58283	1
S6012304	1	Port Input	15	58353	58283	1
S6012304	1	Port Input	14	58353	58283	1
S6012304	1	Port Input	15	58353	58284	1
S6012304	1	Port Input	14	58353	58284	1
S6012304	1	Port Input	15	58353	58284	1
S6012304	1	Port Input	14	58353	58284	1
S6012304	1	Port Input	15	58353	58284	1
S6012304	1	Picture	81	60067	59998	1	10000	1	59950	9950	other	0
S6012304	1	Port Input	14	69153	69083	1
S6012304	1	Response	100	69153	69083	1
S6012304	1	Port Input	15	69153	69084	1
S6012304	1	Port Input	14	69153	69084	1
S6012304	1	Port Input	15	69153	69084	1
S6012304	1	Port Input	14	69154	69084	1
S6012304	1	Port Input	15	69154	69084	1
S6012304	1	Port Input	14	69154	69084	1
S6012304	1	Port Input	15	69154	69085	1
S6012304	1	Port Input	14	69154	69085	1
S6012304	1	Port Input	15	69154	69085	1
S6012304	1	Port Input	14	69154	69085	1
S6012304	1	Port Input	15	69155	69085	1
S6012304	1	Port Input	14	69155	69085	1
S6012304	1	Port Input	15	69155	69085	1
S6012304	1	Port Input	14	69155	69085	1
S6012304	1	Port Input	15	71148	71079	1
S6012304	1	Picture	81	80067	79997	1	10000	1	79950	9950	other	0
S6012304	1	Port Input	14	83093	83024	1
S6012304	1	Response	100	83093	83024	1
S6012304	1	Port Input	15	83094	83024	1
S6012304	1	Port Input	14	83094	83025	1
S6012304	1	Port Input	15	83094	83025	1
S6012304	1	Port Input	14	83094	83025	1
S6012304	1	Port Input	15	83095	83025	1
S6012304	1	Port Input	14	83095	83025	1
S6012304	1	Port Input	15	83095	83026	1
S6012304	1	Port Input	14	83095	83026	1
S6012304	1	Port Input	15	85367	85298	1
S6012304	1	Port Input	14	85367	85298	1
S6012304	1	Port Input	15	85367	85298	1
S6012304	2	Port Input	14	108028	17892	3
S6012304	2	Response	100	108028	17892	3
S6012304	3	Port Input	15	110428	2376	7
S6012304	3	Port Input	14	120520	12468	7
S6012304	3	Response	100	120520	12468	7
S6012304	4	Port Input	15	122650	2099	8
S6012304	4	Port Input	14	130230	9679	8
S6012304	4	Response	100	130230	9679	8
S6012304	4	Port Input	15	130237	9686	1
S6012304	4	Port Input	14	130237	9686	1
S6012304	5	Port Input	15	132678	2405	7
S6012304	5	Port Input	14	143685	13412	1
S6012304	5	Response	100	143685	13412	1
S6012304	6	Port Input	15	145988	2243	8
S6012304	6	Port Input	14	156469	12724	7
S6012304	6	Response	100	156469	12724	8
S6012304	7	Port Input	15	158647	2125	8
S6012304	7	Port Input	14	170549	14027	8
S6012304	7	Response	100	170549	14027	8
S6012304	8	Port Input	15	172830	2211	9
S6012304	8	Port Input	14	184008	13389	7
S6012304	8	Response	100	184008	13389	7
S6012304	9	Port Input	15	186271	2180	7
S6012304	9	Port Input	14	186278	2187	1
S6012304	9	Port Input	15	186285	2194	1
S6012304	9	Port Input	14	196630	12539	7
S6012304	9	Response	100	196630	12539	7
S6012304	10	Port Input	15	198980	2320	7
S6012304	10	Port Input	14	210908	14248	7
S6012304	10	Response	100	210908	14248	7
S6012304	11	Port Input	15	212961	1996	8
S6012304	11	Port Input	14	223914	12949	8
S6012304	11	Response	100	223914	12949	8
S6012304	12	Port Input	15	226069	2119	8
S6012304	12	Port Input	14	239465	15514	7
S6012304	12	Response	100	239465	15514	8
S6012304	13	Port Input	15	241105	1600	7
S6012304	13	Port Input	14	254952	15447	8
S6012304	13	Response	100	254952	15447	8
S6012304	13	Port Input	15	254960	15454	1
S6012304	13	Port Input	14	254960	15454	1
S6012304	14	Port Input	15	256725	1734	7
S6012304	14	Port Input	14	270803	15812	7
S6012304	14	Response	100	270803	15812	7
