Scenario - Push Button + tone (0ms)
Logfile written - 11/11/2022 14:14:17

Subject	Trial	Event Type	Code	Time	TTime	Uncertainty	Duration	Uncertainty	ReqTime	ReqDur	Stim Type	Pair Index

S6010566	1	Picture	start	69	0	1	40554	1	0	next	other	0
S6010566	3	Nothing	nothing	45124	0	1			0		hit	4
S6010566	3	Port Input	14	56630	11506	1
S6010566	3	Response	222	56630	11506	1
S6010566	4	Sound	20	56648	0	282			0		hit	52
S6010566	4	Port Input	15	57641	993	1
S6010566	4	Port Input	14	57641	993	1
S6010566	4	Port Input	15	57659	1012	1
S6010566	4	Port Input	14	57659	1012	1
S6010566	4	Port Input	15	57663	1015	1
S6010566	4	Port Input	14	57663	1015	1
S6010566	4	Port Input	15	57664	1016	1
S6010566	4	Port Input	14	57664	1016	1
S6010566	4	Port Input	15	57665	1017	1
S6010566	4	Port Input	14	57665	1017	1
S6010566	4	Port Input	15	57665	1017	1
S6010566	4	Port Input	14	57665	1017	1
S6010566	4	Port Input	15	57670	1022	1
S6010566	4	Port Input	14	57670	1022	1
S6010566	4	Port Input	15	57689	1041	1
S6010566	4	Port Input	14	57689	1041	1
S6010566	4	Port Input	15	61984	5336	1
S6010566	4	Port Input	14	61984	5336	1
S6010566	4	Port Input	15	62018	5370	1
S6010566	4	Port Input	14	62018	5370	1
S6010566	4	Port Input	15	62021	5373	1
S6010566	4	Port Input	14	62021	5373	1
S6010566	4	Port Input	15	62089	5441	1
S6010566	4	Port Input	14	62089	5441	1
S6010566	4	Port Input	15	62218	5570	1
S6010566	4	Port Input	14	62218	5570	1
S6010566	4	Port Input	15	62223	5575	1
S6010566	4	Port Input	14	62223	5575	1
S6010566	4	Port Input	15	62233	5585	1
S6010566	4	Port Input	14	62233	5585	1
S6010566	4	Port Input	15	62243	5595	1
S6010566	4	Port Input	14	62243	5595	1
S6010566	4	Port Input	15	62252	5604	1
S6010566	4	Port Input	14	62252	5604	1
S6010566	4	Port Input	15	62762	6114	1
S6010566	4	Port Input	14	62762	6114	1
S6010566	4	Port Input	15	62762	6114	1
S6010566	4	Port Input	14	62762	6114	1
S6010566	4	Port Input	15	62765	6117	1
S6010566	4	Port Input	14	62765	6117	1
S6010566	4	Port Input	15	62767	6119	1
S6010566	4	Port Input	14	62767	6119	1
S6010566	4	Port Input	15	62769	6121	1
S6010566	4	Port Input	14	62769	6121	1
S6010566	4	Port Input	15	62769	6121	1
S6010566	4	Port Input	14	70234	13586	1
S6010566	4	Response	222	70234	13586	1
S6010566	4	Port Input	15	70234	13586	1
S6010566	4	Port Input	14	70234	13586	1
S6010566	4	Port Input	15	70234	13586	1
S6010566	4	Port Input	14	70235	13587	5
S6010566	5	Sound	20	70235	0	5			0		hit	72
S6010566	5	Port Input	15	73180	2945	1
S6010566	5	Port Input	14	73180	2945	1
S6010566	5	Port Input	15	73180	2945	1
S6010566	5	Port Input	14	73180	2945	1
S6010566	5	Port Input	15	73180	2946	1
S6010566	5	Port Input	14	73180	2946	1
S6010566	5	Port Input	15	73181	2946	1
S6010566	5	Port Input	14	73181	2946	1
S6010566	5	Port Input	15	73181	2946	1
S6010566	5	Port Input	14	73181	2946	1
S6010566	5	Port Input	15	73181	2946	1
S6010566	5	Port Input	14	73181	2946	1
S6010566	5	Port Input	15	73181	2947	1
S6010566	5	Port Input	14	82568	12334	1
S6010566	5	Response	222	82568	12334	1
S6010566	6	Sound	20	82569	0	4			0		hit	78
S6010566	6	Port Input	15	85078	2509	1
S6010566	6	Port Input	14	85078	2509	1
S6010566	6	Port Input	15	85078	2509	1
S6010566	6	Port Input	14	94941	12372	1
S6010566	6	Response	222	94941	12372	1
S6010566	7	Sound	20	94942	0	4			0		hit	82
S6010566	7	Port Input	15	96811	1870	1
S6010566	7	Port Input	14	107020	12078	1
S6010566	7	Response	222	107020	12078	1
S6010566	8	Sound	20	107021	0	4			0		hit	94
S6010566	8	Port Input	15	109203	2183	1
S6010566	8	Port Input	14	109203	2183	1
S6010566	8	Port Input	15	109204	2183	1
S6010566	8	Port Input	14	109204	2183	1
S6010566	8	Port Input	15	109204	2184	1
S6010566	8	Port Input	14	109204	2184	1
S6010566	8	Port Input	15	109205	2185	1
S6010566	8	Port Input	14	109205	2185	1
S6010566	8	Port Input	15	109205	2185	1
S6010566	8	Port Input	14	119084	12064	1
S6010566	8	Response	222	119084	12064	1
S6010566	9	Sound	20	119085	0	4			0		hit	98
S6010566	9	Port Input	15	120922	1837	1
S6010566	9	Port Input	14	131089	12004	1
S6010566	9	Response	222	131089	12004	1
S6010566	10	Sound	20	131089	0	5			0		hit	112
S6010566	10	Port Input	15	132772	1683	1
S6010566	10	Port Input	14	132772	1683	1
S6010566	10	Port Input	15	132772	1683	1
S6010566	10	Port Input	14	132772	1683	1
S6010566	10	Port Input	15	132773	1683	1
S6010566	10	Port Input	14	132773	1683	1
S6010566	10	Port Input	15	132773	1683	1
S6010566	10	Port Input	14	132773	1684	1
S6010566	10	Port Input	15	132773	1684	1
S6010566	10	Port Input	14	132773	1684	1
S6010566	10	Port Input	15	132773	1684	1
S6010566	10	Port Input	14	142962	11873	1
S6010566	10	Response	222	142962	11873	1
S6010566	11	Sound	20	142963	0	5			0		hit	118
S6010566	11	Port Input	15	145050	2087	1
S6010566	11	Port Input	14	145050	2087	1
S6010566	11	Port Input	15	145051	2088	1
S6010566	11	Port Input	14	154945	11982	1
S6010566	11	Response	222	154945	11982	1
S6010566	11	Port Input	15	154945	11982	1
S6010566	11	Port Input	14	154945	11982	1
S6010566	12	Sound	20	154946	0	4			0		hit	130
S6010566	12	Port Input	15	156854	1908	1
S6010566	12	Port Input	14	156854	1908	1
S6010566	12	Port Input	15	156854	1908	1
S6010566	12	Port Input	14	156854	1908	1
S6010566	12	Port Input	15	156854	1908	1
S6010566	12	Port Input	14	156854	1909	1
S6010566	12	Port Input	15	156854	1909	1
S6010566	12	Port Input	14	166933	11987	1
S6010566	12	Response	222	166933	11987	1
S6010566	13	Sound	20	166934	0	5			0		hit	142
S6010566	13	Port Input	15	168882	1948	1
S6010566	13	Port Input	14	168882	1948	1
S6010566	13	Port Input	15	168884	1950	1
S6010566	13	Port Input	14	168884	1950	1
S6010566	13	Port Input	15	168884	1951	1
S6010566	13	Port Input	14	168884	1951	1
S6010566	13	Port Input	15	168885	1951	1
S6010566	13	Port Input	14	168885	1951	1
S6010566	13	Port Input	15	168886	1952	1
S6010566	13	Port Input	14	177898	10964	1
S6010566	13	Response	222	177898	10964	1
S6010566	14	Sound	20	177899	0	4			0		hit	148
S6010566	14	Port Input	15	179801	1902	1
S6010566	14	Port Input	14	179801	1902	1
S6010566	14	Port Input	15	179801	1902	1
S6010566	14	Port Input	14	190291	12393	1
S6010566	14	Response	222	190291	12393	1
S6010566	14	Port Input	15	190292	12393	1
S6010566	14	Port Input	14	190292	12393	1
S6010566	15	Sound	20	190292	0	5			0		hit	174
S6010566	15	Port Input	15	192084	1792	1
S6010566	15	Port Input	14	192084	1792	1
S6010566	15	Port Input	15	192085	1793	1
S6010566	15	Port Input	14	192085	1793	1
S6010566	15	Port Input	15	192087	1794	1
S6010566	15	Port Input	14	192087	1794	1
S6010566	15	Port Input	15	192087	1795	1
S6010566	15	Port Input	14	192087	1795	1
S6010566	15	Port Input	15	192087	1795	1
S6010566	15	Port Input	14	192087	1795	1
S6010566	15	Port Input	15	192088	1796	1
S6010566	15	Port Input	14	192088	1796	1
S6010566	15	Port Input	15	192088	1796	1
S6010566	15	Port Input	14	192088	1796	1
S6010566	15	Port Input	15	192090	1798	1
S6010566	15	Port Input	14	192090	1798	1
S6010566	15	Port Input	15	192091	1799	1
S6010566	15	Port Input	14	192091	1799	1
S6010566	15	Port Input	15	192091	1799	1
S6010566	15	Port Input	14	192091	1799	1
S6010566	15	Port Input	15	192092	1800	1
S6010566	15	Port Input	14	202252	11960	1
S6010566	15	Response	222	202252	11960	1
S6010566	16	Sound	20	202253	0	5			0		hit	180
S6010566	16	Port Input	15	204556	2303	1
S6010566	16	Port Input	14	204556	2303	1
S6010566	16	Port Input	15	204556	2304	1
S6010566	16	Port Input	14	213532	11280	1
S6010566	16	Response	222	213532	11280	1
S6010566	17	Sound	20	213533	0	4			0		hit	184
S6010566	17	Port Input	15	215492	1959	1
S6010566	17	Port Input	14	225687	12154	1
S6010566	17	Response	222	225687	12154	1
S6010566	17	Port Input	15	225688	12155	1
S6010566	17	Port Input	14	225688	12155	1
S6010566	18	Sound	20	225688	0	4			0		hit	192
S6010566	18	Port Input	15	227345	1657	1
S6010566	18	Port Input	14	227345	1657	1
S6010566	18	Port Input	15	227345	1657	1
S6010566	18	Port Input	14	237114	11426	1
S6010566	18	Response	222	237114	11426	1
S6010566	19	Sound	20	237114	0	4			0		hit	200
S6010566	19	Port Input	15	238786	1672	1
S6010566	19	Port Input	14	238786	1672	1
S6010566	19	Port Input	15	238786	1672	1
S6010566	19	Port Input	14	238786	1672	1
S6010566	19	Port Input	15	238787	1672	1
S6010566	19	Port Input	14	248292	11177	1
S6010566	19	Response	222	248292	11177	1
S6010566	20	Sound	20	248293	0	4			0		hit	262
S6010566	20	Port Input	15	250073	1781	1
S6010566	20	Port Input	14	250073	1781	1
S6010566	20	Port Input	15	250074	1781	1
S6010566	20	Port Input	14	250074	1781	1
S6010566	20	Port Input	15	250074	1781	1
S6010566	20	Port Input	14	250074	1781	1
S6010566	20	Port Input	15	250074	1781	1
S6010566	20	Port Input	14	250074	1781	1
S6010566	20	Port Input	15	250074	1781	1
S6010566	20	Port Input	14	250074	1781	1
S6010566	20	Port Input	15	250074	1781	1
S6010566	20	Port Input	14	250074	1782	1
S6010566	20	Port Input	15	250074	1782	1
S6010566	20	Port Input	14	250074	1782	1
S6010566	20	Port Input	15	250074	1782	1
S6010566	20	Port Input	14	250074	1782	1
S6010566	20	Port Input	15	250074	1782	1
S6010566	20	Port Input	14	250074	1782	1
S6010566	20	Port Input	15	250074	1782	1
S6010566	20	Port Input	14	250074	1782	1
S6010566	20	Port Input	15	250075	1782	1
S6010566	20	Port Input	14	250075	1782	1
S6010566	20	Port Input	15	250075	1782	1
S6010566	20	Port Input	14	250075	1782	1
S6010566	20	Port Input	15	250075	1782	1
S6010566	20	Port Input	14	250075	1783	1
S6010566	20	Port Input	15	250076	1783	1
S6010566	20	Port Input	14	250076	1783	1
S6010566	20	Port Input	15	250076	1783	1
S6010566	20	Port Input	14	250076	1783	1
S6010566	20	Port Input	15	250076	1784	1
S6010566	20	Port Input	14	250076	1784	1
S6010566	20	Port Input	15	250076	1784	1
S6010566	20	Port Input	14	250076	1784	1
S6010566	20	Port Input	15	250076	1784	1
S6010566	20	Port Input	14	250077	1784	1
S6010566	20	Port Input	15	250077	1784	1
S6010566	20	Port Input	14	250077	1784	1
S6010566	20	Port Input	15	250077	1784	1
S6010566	20	Port Input	14	250077	1785	1
S6010566	20	Port Input	15	250077	1785	1
S6010566	20	Port Input	14	250077	1785	1
S6010566	20	Port Input	15	250077	1785	1
S6010566	20	Port Input	14	250078	1785	1
S6010566	20	Port Input	15	250078	1786	1
S6010566	20	Port Input	14	250078	1786	1
S6010566	20	Port Input	15	250078	1786	1
S6010566	20	Port Input	14	250078	1786	1
S6010566	20	Port Input	15	250078	1786	1
S6010566	20	Port Input	14	250078	1786	1
S6010566	20	Port Input	15	250079	1786	1
S6010566	20	Port Input	14	250079	1786	1
S6010566	20	Port Input	15	250079	1786	1
S6010566	20	Port Input	14	250079	1786	1
S6010566	20	Port Input	15	250079	1786	1
S6010566	20	Port Input	14	250079	1786	1
S6010566	20	Port Input	15	250079	1786	1
S6010566	20	Port Input	14	250079	1786	1
S6010566	20	Port Input	15	250079	1786	1
S6010566	20	Port Input	14	260383	12090	1
S6010566	20	Response	222	260383	12090	1
S6010566	21	Sound	20	260384	0	4			0		hit	270
S6010566	21	Port Input	15	261986	1602	1
S6010566	21	Port Input	14	261986	1602	1
S6010566	21	Port Input	15	261988	1604	1
S6010566	21	Port Input	14	261988	1604	1
S6010566	21	Port Input	15	261988	1604	1
S6010566	21	Port Input	14	272343	11959	1
S6010566	21	Response	222	272343	11959	1
S6010566	22	Sound	20	272343	0	4			0		hit	274
S6010566	22	Port Input	15	273896	1552	1
S6010566	22	Port Input	14	283124	10781	1
S6010566	22	Response	222	283124	10781	1
S6010566	23	Sound	20	283125	0	4			0		hit	282
S6010566	23	Port Input	15	285119	1994	1
S6010566	23	Port Input	14	285119	1994	1
S6010566	23	Port Input	15	285119	1994	1
S6010566	23	Port Input	14	285119	1994	1
S6010566	23	Port Input	15	285119	1994	1
S6010566	23	Port Input	14	295124	11999	1
S6010566	23	Response	222	295124	11999	1
S6010566	24	Sound	20	295124	0	4			0		hit	290
S6010566	24	Port Input	15	297220	2095	1
S6010566	24	Port Input	14	297220	2095	1
S6010566	24	Port Input	15	297220	2095	1
S6010566	24	Port Input	14	297220	2095	1
S6010566	24	Port Input	15	297220	2096	1
S6010566	24	Port Input	14	306696	11571	1
S6010566	24	Response	222	306696	11571	1
S6010566	25	Sound	20	306696	0	5			0		hit	298
S6010566	25	Port Input	15	308606	1909	1
S6010566	25	Port Input	14	308606	1909	1
S6010566	25	Port Input	15	308606	1910	1
S6010566	25	Port Input	14	308606	1910	1
S6010566	25	Port Input	15	308606	1910	1
S6010566	25	Port Input	14	318950	12254	1
S6010566	25	Response	222	318950	12254	1
S6010566	26	Sound	20	318951	0	5			0		hit	312
S6010566	26	Port Input	15	318955	4	1
S6010566	26	Port Input	14	318955	4	1
S6010566	26	Port Input	15	318956	5	1
S6010566	26	Port Input	14	318956	5	1
S6010566	26	Port Input	15	318956	5	1
S6010566	26	Port Input	14	318956	5	1
S6010566	26	Port Input	15	318956	5	1
S6010566	26	Port Input	14	318956	5	1
S6010566	26	Port Input	15	320356	1405	1
S6010566	26	Port Input	14	320356	1405	1
S6010566	26	Port Input	15	320357	1406	1
S6010566	26	Port Input	14	330974	12023	1
S6010566	26	Response	222	330974	12023	1
S6010566	26	Port Input	15	330974	12023	1
S6010566	26	Port Input	14	330974	12023	5
S6010566	27	Sound	20	330974	0	5			0		hit	330
S6010566	27	Port Input	15	330979	4	1
S6010566	27	Port Input	14	330979	4	1
S6010566	27	Port Input	15	330980	6	1
S6010566	27	Port Input	14	330980	6	1
S6010566	27	Port Input	15	330980	6	1
S6010566	27	Port Input	14	330980	6	1
S6010566	27	Port Input	15	330980	6	1
S6010566	27	Port Input	14	330980	6	1
S6010566	27	Port Input	15	330985	10	1
S6010566	27	Port Input	14	330985	10	1
S6010566	27	Port Input	15	332731	1757	1
S6010566	27	Port Input	14	332731	1757	1
S6010566	27	Port Input	15	332732	1757	1
S6010566	27	Port Input	14	342888	11913	1
S6010566	27	Response	222	342888	11913	1
S6010566	28	Sound	20	342889	0	5			0		hit	340
S6010566	28	Port Input	15	342893	4	1
S6010566	28	Port Input	14	342893	4	1
S6010566	28	Port Input	15	345290	2401	1
S6010566	28	Port Input	14	345290	2401	1
S6010566	28	Port Input	15	345290	2402	1
S6010566	28	Port Input	14	345290	2402	1
S6010566	28	Port Input	15	345291	2402	1
S6010566	28	Port Input	14	354087	11198	1
S6010566	28	Response	222	354087	11198	1
S6010566	29	Sound	20	354088	0	5			0		hit	346
S6010566	29	Port Input	15	355697	1610	1
S6010566	29	Port Input	14	355697	1610	1
S6010566	29	Port Input	15	355698	1610	1
S6010566	29	Port Input	14	365567	11479	1
S6010566	29	Response	222	365567	11479	1
S6010566	30	Sound	20	365568	0	5			0		hit	350
S6010566	30	Port Input	15	367161	1593	1
S6010566	30	Port Input	14	377990	12422	1
S6010566	30	Response	222	377990	12422	1
S6010566	31	Sound	20	377991	0	5			0		hit	358
S6010566	31	Port Input	15	379394	1403	1
S6010566	31	Port Input	14	379394	1403	1
S6010566	31	Port Input	15	379394	1404	1
S6010566	31	Port Input	14	379394	1404	1
S6010566	31	Port Input	15	379394	1404	1
S6010566	31	Port Input	14	389912	11921	1
S6010566	31	Response	222	389912	11921	1
S6010566	32	Sound	20	389913	0	5			0		hit	368
S6010566	32	Port Input	15	391426	1513	1
S6010566	32	Port Input	14	391426	1513	1
S6010566	32	Port Input	15	391429	1516	1
S6010566	32	Port Input	14	391429	1516	1
S6010566	32	Port Input	15	391431	1518	1
S6010566	32	Port Input	14	391431	1518	1
S6010566	32	Port Input	15	391431	1519	1
S6010566	32	Port Input	14	402178	12265	1
S6010566	32	Response	222	402178	12265	1
S6010566	33	Sound	20	402179	0	5			0		hit	404
S6010566	33	Port Input	15	402185	6	1
S6010566	33	Port Input	14	402185	6	1
S6010566	33	Port Input	15	402186	7	1
S6010566	33	Port Input	14	402186	7	1
S6010566	33	Port Input	15	404153	1974	1
S6010566	33	Port Input	14	404153	1974	1
S6010566	33	Port Input	15	404154	1975	1
S6010566	33	Port Input	14	404154	1975	1
S6010566	33	Port Input	15	404158	1979	1
S6010566	33	Port Input	14	404158	1979	1
S6010566	33	Port Input	15	404168	1989	1
S6010566	33	Port Input	14	404168	1989	1
S6010566	33	Port Input	15	404169	1990	1
S6010566	33	Port Input	14	404169	1990	1
S6010566	33	Port Input	15	404172	1993	1
S6010566	33	Port Input	14	404172	1993	1
S6010566	33	Port Input	15	404175	1996	1
S6010566	33	Port Input	14	404175	1996	1
S6010566	33	Port Input	15	404177	1998	1
S6010566	33	Port Input	14	404177	1998	1
S6010566	33	Port Input	15	404177	1998	1
S6010566	33	Port Input	14	404177	1998	1
S6010566	33	Port Input	15	404181	2002	1
S6010566	33	Port Input	14	404181	2002	1
S6010566	33	Port Input	15	404181	2002	1
S6010566	33	Port Input	14	404181	2002	1
S6010566	33	Port Input	15	404182	2003	1
S6010566	33	Port Input	14	404182	2003	1
S6010566	33	Port Input	15	404183	2004	1
S6010566	33	Port Input	14	404183	2004	1
S6010566	33	Port Input	15	404183	2004	1
S6010566	33	Port Input	14	404183	2004	1
S6010566	33	Port Input	15	404183	2004	1
S6010566	33	Port Input	14	414233	12054	1
S6010566	33	Response	222	414233	12054	1
S6010566	34	Sound	20	414233	0	5			0		hit	448
S6010566	34	Port Input	15	415625	1392	1
S6010566	34	Port Input	14	415625	1392	1
S6010566	34	Port Input	15	415626	1393	1
S6010566	34	Port Input	14	415626	1393	1
S6010566	34	Port Input	15	415626	1393	1
S6010566	34	Port Input	14	415626	1393	1
S6010566	34	Port Input	15	415627	1393	1
S6010566	34	Port Input	14	415627	1393	1
S6010566	34	Port Input	15	415627	1394	1
S6010566	34	Port Input	14	415627	1394	1
S6010566	34	Port Input	15	415627	1394	1
S6010566	34	Port Input	14	415627	1394	1
S6010566	34	Port Input	15	415630	1397	1
S6010566	34	Port Input	14	415630	1397	1
S6010566	34	Port Input	15	415631	1398	1
S6010566	34	Port Input	14	415631	1398	1
S6010566	34	Port Input	15	415633	1400	1
S6010566	34	Port Input	14	415633	1400	1
S6010566	34	Port Input	15	415633	1400	1
S6010566	34	Port Input	14	415633	1400	1
S6010566	34	Port Input	15	415634	1400	1
S6010566	34	Port Input	14	415634	1400	1
S6010566	34	Port Input	15	415634	1400	1
S6010566	34	Port Input	14	415634	1400	1
S6010566	34	Port Input	15	415634	1401	1
S6010566	34	Port Input	14	415634	1401	1
S6010566	34	Port Input	15	415634	1401	1
S6010566	34	Port Input	14	415634	1401	1
S6010566	34	Port Input	15	415635	1401	1
S6010566	34	Port Input	14	415635	1401	1
S6010566	34	Port Input	15	415635	1401	1
S6010566	34	Port Input	14	415635	1401	1
S6010566	34	Port Input	15	415635	1401	1
S6010566	34	Port Input	14	415635	1402	1
S6010566	34	Port Input	15	415635	1402	1
S6010566	34	Port Input	14	415635	1402	1
S6010566	34	Port Input	15	415636	1402	1
S6010566	34	Port Input	14	415636	1402	1
S6010566	34	Port Input	15	415637	1403	1
S6010566	34	Port Input	14	415637	1403	1
S6010566	34	Port Input	15	415637	1404	1
S6010566	34	Port Input	14	426357	12124	1
S6010566	34	Response	222	426357	12124	1
S6010566	34	Port Input	15	426358	12125	5
S6010566	35	Sound	20	426358	0	5			0		hit	482
S6010566	35	Port Input	14	426365	7	1
S6010566	35	Port Input	15	426365	7	1
S6010566	35	Port Input	14	426367	9	1
S6010566	35	Port Input	15	426372	14	1
S6010566	35	Port Input	14	426372	14	1
S6010566	35	Port Input	15	426372	14	1
S6010566	35	Port Input	14	426372	15	1
S6010566	35	Port Input	15	426373	15	1
S6010566	35	Port Input	14	426373	15	1
S6010566	35	Port Input	15	426375	17	1
S6010566	35	Port Input	14	426375	17	1
S6010566	35	Port Input	15	426375	17	1
S6010566	35	Port Input	14	426375	17	1
S6010566	35	Port Input	15	426375	17	1
S6010566	35	Port Input	14	426375	17	1
S6010566	35	Port Input	15	426375	17	1
S6010566	35	Port Input	14	426375	18	1
S6010566	35	Port Input	15	426378	20	1
S6010566	35	Port Input	14	426378	20	1
S6010566	35	Port Input	15	426378	20	1
S6010566	35	Port Input	14	426378	20	1
S6010566	35	Port Input	15	426381	23	1
S6010566	35	Port Input	14	426381	23	1
S6010566	35	Port Input	15	426383	25	1
S6010566	35	Port Input	14	426383	25	1
S6010566	35	Port Input	15	427704	1346	1
S6010566	35	Port Input	14	427704	1346	1
S6010566	35	Port Input	15	427705	1347	1
S6010566	35	Port Input	14	427705	1347	1
S6010566	35	Port Input	15	427705	1347	1
S6010566	35	Port Input	14	438211	11853	1
S6010566	35	Response	222	438211	11853	1
S6010566	36	Sound	20	438211	0	5			0		hit	504
S6010566	36	Port Input	15	439666	1455	1
S6010566	36	Port Input	14	439666	1455	1
S6010566	36	Port Input	15	439666	1455	1
S6010566	36	Port Input	14	439666	1455	1
S6010566	36	Port Input	15	439669	1457	1
S6010566	36	Port Input	14	439669	1457	1
S6010566	36	Port Input	15	439669	1458	1
S6010566	36	Port Input	14	439669	1458	1
S6010566	36	Port Input	15	439670	1458	1
S6010566	36	Port Input	14	439670	1458	1
S6010566	36	Port Input	15	439670	1459	1
S6010566	36	Port Input	14	439670	1459	1
S6010566	36	Port Input	15	439671	1460	1
S6010566	36	Port Input	14	439671	1460	1
S6010566	36	Port Input	15	439676	1465	1
S6010566	36	Port Input	14	439676	1465	1
S6010566	36	Port Input	15	439679	1468	1
S6010566	36	Port Input	14	439679	1468	1
S6010566	36	Port Input	15	439680	1468	1
S6010566	36	Port Input	14	451282	13070	1
S6010566	36	Response	222	451282	13070	1
S6010566	37	Sound	20	451282	0	5			0		hit	546
S6010566	37	Port Input	15	452720	1438	1
S6010566	37	Port Input	14	452720	1438	1
S6010566	37	Port Input	15	452720	1438	1
S6010566	37	Port Input	14	452720	1438	1
S6010566	37	Port Input	15	452721	1438	1
S6010566	37	Port Input	14	452721	1438	1
S6010566	37	Port Input	15	452721	1439	1
S6010566	37	Port Input	14	452721	1439	1
S6010566	37	Port Input	15	452723	1440	1
S6010566	37	Port Input	14	452723	1441	1
S6010566	37	Port Input	15	452723	1441	1
S6010566	37	Port Input	14	452723	1441	1
S6010566	37	Port Input	15	452724	1442	1
S6010566	37	Port Input	14	452724	1442	1
S6010566	37	Port Input	15	452725	1443	1
S6010566	37	Port Input	14	452725	1443	1
S6010566	37	Port Input	15	452726	1444	1
S6010566	37	Port Input	14	452726	1444	1
S6010566	37	Port Input	15	452726	1444	1
S6010566	37	Port Input	14	452727	1444	1
S6010566	37	Port Input	15	452727	1445	1
S6010566	37	Port Input	14	452727	1445	1
S6010566	37	Port Input	15	452728	1446	1
S6010566	37	Port Input	14	452728	1446	1
S6010566	37	Port Input	15	452729	1447	1
S6010566	37	Port Input	14	452729	1447	1
S6010566	37	Port Input	15	452729	1447	1
S6010566	37	Port Input	14	452730	1447	1
S6010566	37	Port Input	15	452730	1448	1
S6010566	37	Port Input	14	452730	1448	1
S6010566	37	Port Input	15	452730	1448	1
S6010566	37	Port Input	14	452730	1448	1
S6010566	37	Port Input	15	452731	1448	1
S6010566	37	Port Input	14	452731	1448	1
S6010566	37	Port Input	15	452731	1449	1
S6010566	37	Port Input	14	452731	1449	1
S6010566	37	Port Input	15	452732	1449	1
S6010566	37	Port Input	14	452732	1449	1
S6010566	37	Port Input	15	452732	1450	1
S6010566	37	Port Input	14	463456	12174	1
S6010566	37	Response	222	463456	12174	1
S6010566	38	Sound	20	463457	0	5			0		hit	556
S6010566	38	Port Input	15	465039	1582	1
S6010566	38	Port Input	14	465039	1582	1
S6010566	38	Port Input	15	465039	1582	1
S6010566	38	Port Input	14	465039	1582	1
S6010566	38	Port Input	15	465041	1584	1
S6010566	38	Port Input	14	465041	1584	1
S6010566	38	Port Input	15	465041	1584	1
S6010566	38	Port Input	14	475544	12088	1
S6010566	38	Response	222	475544	12088	1
S6010566	39	Sound	20	475545	0	5			0		hit	636
S6010566	39	Port Input	15	476944	1398	1
S6010566	39	Port Input	14	476944	1398	1
S6010566	39	Port Input	15	476944	1399	1
S6010566	39	Port Input	14	476944	1399	1
S6010566	39	Port Input	15	476945	1399	1
S6010566	39	Port Input	14	476945	1399	1
S6010566	39	Port Input	15	476945	1400	1
S6010566	39	Port Input	14	476945	1400	1
S6010566	39	Port Input	15	476945	1400	1
S6010566	39	Port Input	14	476945	1400	1
S6010566	39	Port Input	15	476947	1401	1
S6010566	39	Port Input	14	476947	1401	1
S6010566	39	Port Input	15	476949	1403	1
S6010566	39	Port Input	14	476949	1403	1
S6010566	39	Port Input	15	476949	1403	1
S6010566	39	Port Input	14	476949	1403	1
S6010566	39	Port Input	15	476949	1404	1
S6010566	39	Port Input	14	476949	1404	1
S6010566	39	Port Input	15	476949	1404	1
S6010566	39	Port Input	14	476949	1404	1
S6010566	39	Port Input	15	476949	1404	1
S6010566	39	Port Input	14	476949	1404	1
S6010566	39	Port Input	15	476950	1404	1
S6010566	39	Port Input	14	476950	1404	1
S6010566	39	Port Input	15	476950	1405	1
S6010566	39	Port Input	14	476950	1405	1
S6010566	39	Port Input	15	476950	1405	1
S6010566	39	Port Input	14	476950	1405	1
S6010566	39	Port Input	15	476951	1405	1
S6010566	39	Port Input	14	476951	1405	1
S6010566	39	Port Input	15	476951	1406	1
S6010566	39	Port Input	14	476952	1406	1
S6010566	39	Port Input	15	476952	1407	1
S6010566	39	Port Input	14	476952	1407	1
S6010566	39	Port Input	15	476953	1408	1
S6010566	39	Port Input	14	476953	1408	1
S6010566	39	Port Input	15	476953	1408	1
S6010566	39	Port Input	14	476953	1408	1
S6010566	39	Port Input	15	476954	1409	1
S6010566	39	Port Input	14	476954	1409	1
S6010566	39	Port Input	15	476955	1410	1
S6010566	39	Port Input	14	476955	1410	1
S6010566	39	Port Input	15	476956	1410	1
S6010566	39	Port Input	14	476956	1410	1
S6010566	39	Port Input	15	476956	1411	1
S6010566	39	Port Input	14	476956	1411	1
S6010566	39	Port Input	15	476956	1411	1
S6010566	39	Port Input	14	476957	1411	1
S6010566	39	Port Input	15	476957	1412	1
S6010566	39	Port Input	14	476957	1412	1
S6010566	39	Port Input	15	476958	1413	1
S6010566	39	Port Input	14	476958	1413	1
S6010566	39	Port Input	15	476959	1414	1
S6010566	39	Port Input	14	476959	1414	1
S6010566	39	Port Input	15	476959	1414	1
S6010566	39	Port Input	14	476959	1414	1
S6010566	39	Port Input	15	476960	1415	1
S6010566	39	Port Input	14	476960	1415	1
S6010566	39	Port Input	15	476960	1415	1
S6010566	39	Port Input	14	476960	1415	1
S6010566	39	Port Input	15	476961	1416	1
S6010566	39	Port Input	14	476962	1416	1
S6010566	39	Port Input	15	476963	1418	1
S6010566	39	Port Input	14	476963	1418	1
S6010566	39	Port Input	15	476964	1418	1
S6010566	39	Port Input	14	476964	1418	1
S6010566	39	Port Input	15	476965	1419	1
S6010566	39	Port Input	14	476965	1419	1
S6010566	39	Port Input	15	476966	1421	1
S6010566	39	Port Input	14	476966	1421	1
S6010566	39	Port Input	15	476967	1422	1
S6010566	39	Port Input	14	476967	1422	1
S6010566	39	Port Input	15	476968	1422	1
S6010566	39	Port Input	14	476968	1422	1
S6010566	39	Port Input	15	476968	1423	1
S6010566	39	Port Input	14	476969	1423	1
S6010566	39	Port Input	15	476969	1424	1
S6010566	39	Port Input	14	487687	12142	1
S6010566	39	Response	222	487687	12142	1
S6010566	40	Sound	20	487688	0	5			0		hit	674
S6010566	40	Port Input	15	489385	1698	1
S6010566	40	Port Input	14	489385	1698	1
S6010566	40	Port Input	15	489386	1698	1
S6010566	40	Port Input	14	489386	1698	1
S6010566	40	Port Input	15	489387	1699	1
S6010566	40	Port Input	14	489387	1699	1
S6010566	40	Port Input	15	489387	1699	1
S6010566	40	Port Input	14	489387	1699	1
S6010566	40	Port Input	15	489387	1699	1
S6010566	40	Port Input	14	489387	1699	1
S6010566	40	Port Input	15	489387	1700	1
S6010566	40	Port Input	14	489388	1700	1
S6010566	40	Port Input	15	489388	1700	1
S6010566	40	Port Input	14	489388	1700	1
S6010566	40	Port Input	15	489388	1700	1
S6010566	40	Port Input	14	489388	1700	1
S6010566	40	Port Input	15	489388	1700	1
S6010566	40	Port Input	14	489388	1700	1
S6010566	40	Port Input	15	489388	1700	1
S6010566	40	Port Input	14	489388	1700	1
S6010566	40	Port Input	15	489388	1700	1
S6010566	40	Port Input	14	489388	1701	1
S6010566	40	Port Input	15	489389	1701	1
S6010566	40	Port Input	14	489389	1701	1
S6010566	40	Port Input	15	489389	1701	1
S6010566	40	Port Input	14	489389	1701	1
S6010566	40	Port Input	15	489389	1701	1
S6010566	40	Port Input	14	489389	1701	1
S6010566	40	Port Input	15	489389	1701	1
S6010566	40	Port Input	14	489389	1702	1
S6010566	40	Port Input	15	489389	1702	1
S6010566	40	Port Input	14	489390	1703	1
S6010566	40	Port Input	15	489390	1703	1
S6010566	40	Port Input	14	489390	1703	1
S6010566	40	Port Input	15	489391	1703	1
S6010566	40	Port Input	14	499548	11860	1
S6010566	40	Response	222	499548	11860	1
S6010566	41	Sound	20	499549	0	5			0		hit	682
S6010566	41	Port Input	15	501071	1522	1
S6010566	41	Port Input	14	501071	1522	1
S6010566	41	Port Input	15	501072	1523	1
S6010566	41	Port Input	14	501072	1523	1
S6010566	41	Port Input	15	501072	1523	1
S6010566	41	Port Input	14	511753	12204	1
S6010566	41	Response	222	511753	12204	1
S6010566	41	Port Input	15	511754	12205	1
S6010566	41	Port Input	14	511754	12205	5
S6010566	42	Sound	20	511754	0	5			0		hit	740
S6010566	42	Port Input	15	513409	1655	1
S6010566	42	Port Input	14	513409	1655	1
S6010566	42	Port Input	15	513410	1656	1
S6010566	42	Port Input	14	513410	1656	1
S6010566	42	Port Input	15	513410	1656	1
S6010566	42	Port Input	14	513410	1656	1
S6010566	42	Port Input	15	513411	1657	1
S6010566	42	Port Input	14	513411	1657	1
S6010566	42	Port Input	15	513411	1657	1
S6010566	42	Port Input	14	513411	1657	1
S6010566	42	Port Input	15	513412	1658	1
S6010566	42	Port Input	14	513412	1658	1
S6010566	42	Port Input	15	513412	1658	1
S6010566	42	Port Input	14	513412	1658	1
S6010566	42	Port Input	15	513412	1658	1
S6010566	42	Port Input	14	513412	1658	1
S6010566	42	Port Input	15	513413	1659	1
S6010566	42	Port Input	14	513413	1659	1
S6010566	42	Port Input	15	513413	1660	1
S6010566	42	Port Input	14	513414	1660	1
S6010566	42	Port Input	15	513415	1661	1
S6010566	42	Port Input	14	513415	1661	1
S6010566	42	Port Input	15	513415	1661	1
S6010566	42	Port Input	14	513416	1662	1
S6010566	42	Port Input	15	513416	1662	1
S6010566	42	Port Input	14	513416	1662	1
S6010566	42	Port Input	15	513416	1662	1
S6010566	42	Port Input	14	513416	1662	1
S6010566	42	Port Input	15	513416	1662	1
S6010566	42	Port Input	14	513417	1663	1
S6010566	42	Port Input	15	513418	1664	1
S6010566	42	Port Input	14	513418	1664	1
S6010566	42	Port Input	15	513418	1664	1
S6010566	42	Port Input	14	513418	1664	1
S6010566	42	Port Input	15	513419	1665	1
S6010566	42	Port Input	14	513419	1665	1
S6010566	42	Port Input	15	513420	1666	1
S6010566	42	Port Input	14	513420	1666	1
S6010566	42	Port Input	15	513421	1667	1
S6010566	42	Port Input	14	513421	1667	1
S6010566	42	Port Input	15	513422	1668	1
S6010566	42	Port Input	14	513422	1668	1
S6010566	42	Port Input	15	513422	1668	1
S6010566	42	Port Input	14	513422	1668	1
S6010566	42	Port Input	15	513423	1669	1
S6010566	42	Port Input	14	513423	1669	1
S6010566	42	Port Input	15	513424	1670	1
S6010566	42	Port Input	14	513424	1670	1
S6010566	42	Port Input	15	513424	1670	1
S6010566	42	Port Input	14	513424	1670	1
S6010566	42	Port Input	15	513425	1671	1
S6010566	42	Port Input	14	513425	1671	1
S6010566	42	Port Input	15	513426	1672	1
S6010566	42	Port Input	14	524108	12354	1
S6010566	42	Response	222	524108	12354	1
S6010566	42	Port Input	15	524108	12355	1
S6010566	42	Port Input	14	524109	12355	1
S6010566	43	Sound	20	524109	0	5			0		hit	776
S6010566	43	Port Input	15	525882	1773	1
S6010566	43	Port Input	14	525882	1773	1
S6010566	43	Port Input	15	525883	1774	1
S6010566	43	Port Input	14	525883	1774	1
S6010566	43	Port Input	15	525884	1775	1
S6010566	43	Port Input	14	525884	1775	1
S6010566	43	Port Input	15	525884	1775	1
S6010566	43	Port Input	14	525884	1775	1
S6010566	43	Port Input	15	525885	1776	1
S6010566	43	Port Input	14	525885	1776	1
S6010566	43	Port Input	15	525887	1778	1
S6010566	43	Port Input	14	525887	1778	1
S6010566	43	Port Input	15	525887	1778	1
S6010566	43	Port Input	14	525887	1778	1
S6010566	43	Port Input	15	525888	1779	1
S6010566	43	Port Input	14	525888	1779	1
S6010566	43	Port Input	15	525888	1779	1
S6010566	43	Port Input	14	525888	1779	1
S6010566	43	Port Input	15	525889	1780	1
S6010566	43	Port Input	14	525889	1780	1
S6010566	43	Port Input	15	525890	1781	1
S6010566	43	Port Input	14	525890	1781	1
S6010566	43	Port Input	15	525893	1784	1
S6010566	43	Port Input	14	525893	1784	1
S6010566	43	Port Input	15	525894	1785	1
S6010566	43	Port Input	14	525894	1785	1
S6010566	43	Port Input	15	525895	1786	1
S6010566	43	Port Input	14	525895	1787	1
S6010566	43	Port Input	15	525896	1787	1
S6010566	43	Port Input	14	525896	1787	1
S6010566	43	Port Input	15	525896	1787	1
S6010566	43	Port Input	14	537351	13242	1
S6010566	43	Response	222	537351	13242	1
S6010566	43	Port Input	15	537351	13242	1
S6010566	43	Port Input	14	537352	13243	5
S6010566	44	Sound	20	537352	0	5			0		hit	790
S6010566	44	Port Input	15	539120	1768	1
S6010566	44	Port Input	14	539120	1768	1
S6010566	44	Port Input	15	539123	1771	1
S6010566	44	Port Input	14	539123	1771	1
S6010566	44	Port Input	15	539133	1781	1
S6010566	44	Port Input	14	539133	1781	1
S6010566	44	Port Input	15	539135	1783	1
S6010566	44	Port Input	14	539135	1783	1
S6010566	44	Port Input	15	539136	1784	1
S6010566	44	Port Input	14	549356	12005	1
S6010566	44	Response	222	549356	12005	1
S6010566	45	Sound	20	549357	0	5			0		hit	798
S6010566	45	Port Input	15	550670	1313	1
S6010566	45	Port Input	14	550671	1313	1
S6010566	45	Port Input	15	550671	1314	1
S6010566	45	Port Input	14	550671	1314	1
S6010566	45	Port Input	15	550671	1314	1
S6010566	45	Port Input	14	561025	11667	1
S6010566	45	Response	222	561025	11667	1
S6010566	46	Sound	20	561025	0	5			0		hit	834
S6010566	46	Port Input	15	562367	1342	1
S6010566	46	Port Input	14	562367	1342	1
S6010566	46	Port Input	15	562368	1342	1
S6010566	46	Port Input	14	562368	1342	1
S6010566	46	Port Input	15	562368	1342	1
S6010566	46	Port Input	14	562368	1343	1
S6010566	46	Port Input	15	562368	1343	1
S6010566	46	Port Input	14	562368	1343	1
S6010566	46	Port Input	15	562368	1343	1
S6010566	46	Port Input	14	562368	1343	1
S6010566	46	Port Input	15	562369	1343	1
S6010566	46	Port Input	14	562369	1343	1
S6010566	46	Port Input	15	562369	1343	1
S6010566	46	Port Input	14	562369	1343	1
S6010566	46	Port Input	15	562369	1344	1
S6010566	46	Port Input	14	562369	1344	1
S6010566	46	Port Input	15	562369	1344	1
S6010566	46	Port Input	14	562369	1344	1
S6010566	46	Port Input	15	562369	1344	1
S6010566	46	Port Input	14	562369	1344	1
S6010566	46	Port Input	15	562370	1345	1
S6010566	46	Port Input	14	562370	1345	1
S6010566	46	Port Input	15	562370	1345	1
S6010566	46	Port Input	14	562370	1345	1
S6010566	46	Port Input	15	562370	1345	1
S6010566	46	Port Input	14	562370	1345	1
S6010566	46	Port Input	15	562370	1345	1
S6010566	46	Port Input	14	562370	1345	1
S6010566	46	Port Input	15	562370	1345	1
S6010566	46	Port Input	14	562371	1345	1
S6010566	46	Port Input	15	562371	1345	1
S6010566	46	Port Input	14	562371	1345	1
S6010566	46	Port Input	15	562371	1345	1
S6010566	46	Port Input	14	572260	11235	1
S6010566	46	Response	222	572260	11235	2
S6010566	47	Sound	20	572262	0	6			0		hit	842
S6010566	47	Port Input	15	573897	1635	1
S6010566	47	Port Input	14	573897	1635	1
S6010566	47	Port Input	15	573897	1635	1
S6010566	47	Port Input	14	573897	1635	1
S6010566	47	Port Input	15	573897	1636	1
S6010566	47	Port Input	14	583952	11690	1
S6010566	47	Response	222	583952	11690	1
S6010566	48	Sound	20	583953	0	5			0		hit	846
S6010566	48	Port Input	15	585541	1588	1
S6010566	48	Port Input	14	596105	12152	1
S6010566	48	Response	222	596105	12152	1
S6010566	49	Sound	20	596106	0	5			0		hit	852
S6010566	49	Port Input	15	597235	1129	1
S6010566	49	Port Input	14	597235	1129	1
S6010566	49	Port Input	15	597236	1130	1
S6010566	49	Port Input	14	608172	12066	1
S6010566	49	Response	222	608172	12066	1
S6010566	50	Sound	20	608172	0	5			0		hit	868
S6010566	50	Port Input	15	609507	1334	1
S6010566	50	Port Input	14	609507	1334	1
S6010566	50	Port Input	15	609508	1335	1
S6010566	50	Port Input	14	609508	1335	1
S6010566	50	Port Input	15	609509	1336	1
S6010566	50	Port Input	14	609509	1336	1
S6010566	50	Port Input	15	609510	1337	1
S6010566	50	Port Input	14	609510	1337	1
S6010566	50	Port Input	15	609511	1338	1
S6010566	50	Port Input	14	609511	1338	1
S6010566	50	Port Input	15	609511	1338	1
S6010566	50	Port Input	14	609511	1338	1
S6010566	50	Port Input	15	609511	1339	1
S6010566	50	Port Input	14	619608	11436	1
S6010566	50	Response	222	619608	11436	1
S6010566	51	Sound	20	619609	0	5			0		hit	882
S6010566	51	Port Input	15	620908	1298	1
S6010566	51	Port Input	14	620908	1298	1
S6010566	51	Port Input	15	620908	1299	1
S6010566	51	Port Input	14	620908	1299	1
S6010566	51	Port Input	15	620909	1300	1
S6010566	51	Port Input	14	620909	1300	1
S6010566	51	Port Input	15	620909	1300	1
S6010566	51	Port Input	14	620909	1300	1
S6010566	51	Port Input	15	620909	1300	1
S6010566	51	Port Input	14	620909	1300	1
S6010566	51	Port Input	15	620910	1301	1
S6010566	51	Port Input	14	631259	11650	1
S6010566	51	Response	222	631259	11650	1
S6010566	52	Sound	20	631260	0	5			0		hit	890
S6010566	52	Port Input	15	632658	1398	1
S6010566	52	Port Input	14	632665	1405	1
S6010566	52	Port Input	15	632665	1405	1
S6010566	52	Port Input	14	632665	1405	1
S6010566	52	Port Input	15	632666	1406	1
S6010566	52	Port Input	14	642842	11582	1
S6010566	52	Response	222	642842	11582	1
S6010566	53	Sound	20	642843	0	5			0		hit	896
S6010566	53	Port Input	15	644086	1244	1
S6010566	53	Port Input	14	644086	1244	1
S6010566	53	Port Input	15	644087	1244	1
S6010566	53	Port Input	14	653969	11126	1
S6010566	53	Response	222	653969	11126	1
S6010566	54	Sound	20	653970	0	5			0		hit	918
S6010566	54	Port Input	15	655125	1156	1
S6010566	54	Port Input	14	655125	1156	1
S6010566	54	Port Input	15	655126	1156	1
S6010566	54	Port Input	14	655126	1156	1
S6010566	54	Port Input	15	655127	1157	1
S6010566	54	Port Input	14	655127	1157	1
S6010566	54	Port Input	15	655127	1157	1
S6010566	54	Port Input	14	655127	1157	1
S6010566	54	Port Input	15	655127	1157	1
S6010566	54	Port Input	14	655127	1157	1
S6010566	54	Port Input	15	655128	1158	1
S6010566	54	Port Input	14	655128	1158	1
S6010566	54	Port Input	15	655128	1158	1
S6010566	54	Port Input	14	655128	1158	1
S6010566	54	Port Input	15	655128	1159	1
S6010566	54	Port Input	14	655129	1159	1
S6010566	54	Port Input	15	655130	1160	1
S6010566	54	Port Input	14	655131	1161	1
S6010566	54	Port Input	15	655132	1162	1
S6010566	54	Port Input	14	666144	12174	1
S6010566	54	Response	222	666144	12174	1
S6010566	55	Sound	20	666145	0	5			0		hit	934
S6010566	55	Port Input	15	667949	1805	1
S6010566	55	Port Input	14	667949	1805	1
S6010566	55	Port Input	15	667950	1805	1
S6010566	55	Port Input	14	667950	1805	1
S6010566	55	Port Input	15	667950	1806	1
S6010566	55	Port Input	14	667950	1806	1
S6010566	55	Port Input	15	667951	1807	1
S6010566	55	Port Input	14	667951	1807	1
S6010566	55	Port Input	15	667952	1808	1
S6010566	55	Port Input	14	667953	1808	1
S6010566	55	Port Input	15	667954	1809	1
S6010566	55	Port Input	14	667954	1809	1
S6010566	55	Port Input	15	667955	1811	1
S6010566	55	Port Input	14	677614	11470	1
S6010566	55	Response	222	677614	11470	1
S6010566	56	Sound	20	677615	0	5			0		hit	938
S6010566	56	Port Input	15	679109	1494	1
S6010566	56	Port Input	14	688928	11313	1
S6010566	56	Response	222	688928	11313	1
S6010566	57	Sound	20	688929	0	5			0		hit	952
S6010566	57	Port Input	15	690288	1359	1
S6010566	57	Port Input	14	690288	1359	1
S6010566	57	Port Input	15	690288	1359	1
S6010566	57	Port Input	14	690295	1366	1
S6010566	57	Port Input	15	690298	1369	1
S6010566	57	Port Input	14	690299	1369	1
S6010566	57	Port Input	15	690300	1370	1
S6010566	57	Port Input	14	690300	1371	1
S6010566	57	Port Input	15	690300	1371	1
S6010566	57	Port Input	14	690300	1371	1
S6010566	57	Port Input	15	690300	1371	1
S6010566	57	Port Input	14	701097	12168	1
S6010566	57	Response	222	701097	12168	1
S6010566	58	Sound	20	701098	0	5			0		hit	962
S6010566	58	Port Input	15	701107	9	1
S6010566	58	Port Input	14	701107	9	1
S6010566	58	Port Input	15	702130	1032	1
S6010566	58	Port Input	14	702130	1032	1
S6010566	58	Port Input	15	702131	1033	1
S6010566	58	Port Input	14	702131	1033	1
S6010566	58	Port Input	15	702131	1033	1
S6010566	58	Port Input	14	713230	12132	1
S6010566	58	Response	222	713230	12132	1
S6010566	59	Sound	20	713231	0	5			0		hit	968
S6010566	59	Port Input	15	714604	1373	1
S6010566	59	Port Input	14	714604	1373	1
S6010566	59	Port Input	15	714604	1374	1
S6010566	59	Port Input	14	724653	11423	1
S6010566	59	Response	222	724653	11423	1
S6010566	60	Sound	20	724654	0	5			0		hit	996
S6010566	60	Port Input	15	726147	1493	1
S6010566	60	Port Input	14	726147	1493	1
S6010566	60	Port Input	15	726148	1494	1
S6010566	60	Port Input	14	726148	1494	1
S6010566	60	Port Input	15	726148	1494	1
S6010566	60	Port Input	14	726148	1494	1
S6010566	60	Port Input	15	726149	1495	1
S6010566	60	Port Input	14	726149	1495	1
S6010566	60	Port Input	15	726149	1495	1
S6010566	60	Port Input	14	726149	1495	1
S6010566	60	Port Input	15	726149	1495	1
S6010566	60	Port Input	14	726149	1495	1
S6010566	60	Port Input	15	726150	1496	1
S6010566	60	Port Input	14	726150	1496	1
S6010566	60	Port Input	15	726150	1496	1
S6010566	60	Port Input	14	726150	1496	1
S6010566	60	Port Input	15	726150	1496	1
S6010566	60	Port Input	14	726150	1496	1
S6010566	60	Port Input	15	726150	1496	1
S6010566	60	Port Input	14	726150	1496	1
S6010566	60	Port Input	15	726150	1496	1
S6010566	60	Port Input	14	726150	1496	1
S6010566	60	Port Input	15	726151	1497	1
S6010566	60	Port Input	14	726151	1497	1
S6010566	60	Port Input	15	726152	1497	1
S6010566	60	Port Input	14	735814	11159	1
S6010566	60	Response	222	735814	11159	1
S6010566	60	Port Input	15	735814	11160	1
S6010566	60	Port Input	14	735814	11160	1
S6010566	61	Sound	20	735814	0	5			0		hit	1002
S6010566	61	Port Input	15	737228	1413	1
S6010566	61	Port Input	14	746630	10816	1
S6010566	61	Response	222	746630	10816	1
S6010566	61	Port Input	15	746631	10816	1
S6010566	61	Port Input	14	746631	10816	1
S6010566	62	Sound	20	746631	0	5			0		hit	1100
S6010566	62	Port Input	15	748199	1568	1
S6010566	62	Port Input	14	748200	1568	1
S6010566	62	Port Input	15	748200	1569	1
S6010566	62	Port Input	14	748200	1569	1
S6010566	62	Port Input	15	748202	1571	1
S6010566	62	Port Input	14	748202	1571	1
S6010566	62	Port Input	15	748203	1572	1
S6010566	62	Port Input	14	748203	1572	1
S6010566	62	Port Input	15	748204	1572	1
S6010566	62	Port Input	14	748204	1573	1
S6010566	62	Port Input	15	748204	1573	1
S6010566	62	Port Input	14	748204	1573	1
S6010566	62	Port Input	15	748204	1573	1
S6010566	62	Port Input	14	748204	1573	1
S6010566	62	Port Input	15	748204	1573	1
S6010566	62	Port Input	14	748204	1573	1
S6010566	62	Port Input	15	748204	1573	1
S6010566	62	Port Input	14	748204	1573	1
S6010566	62	Port Input	15	748204	1573	1
S6010566	62	Port Input	14	748204	1573	1
S6010566	62	Port Input	15	748204	1573	1
S6010566	62	Port Input	14	748204	1573	1
S6010566	62	Port Input	15	748205	1574	1
S6010566	62	Port Input	14	748205	1574	1
S6010566	62	Port Input	15	748205	1574	1
S6010566	62	Port Input	14	748205	1574	1
S6010566	62	Port Input	15	748205	1574	1
S6010566	62	Port Input	14	748205	1574	1
S6010566	62	Port Input	15	748205	1574	1
S6010566	62	Port Input	14	748205	1574	1
S6010566	62	Port Input	15	748205	1574	1
S6010566	62	Port Input	14	748206	1575	1
S6010566	62	Port Input	15	748206	1575	1
S6010566	62	Port Input	14	748206	1575	1
S6010566	62	Port Input	15	748206	1575	1
S6010566	62	Port Input	14	748206	1575	1
S6010566	62	Port Input	15	748206	1575	1
S6010566	62	Port Input	14	748206	1575	1
S6010566	62	Port Input	15	748207	1575	1
S6010566	62	Port Input	14	748207	1576	1
S6010566	62	Port Input	15	748207	1576	1
S6010566	62	Port Input	14	748207	1576	1
S6010566	62	Port Input	15	748207	1576	1
S6010566	62	Port Input	14	748207	1576	1
S6010566	62	Port Input	15	748207	1576	1
S6010566	62	Port Input	14	748207	1576	1
S6010566	62	Port Input	15	748207	1576	1
S6010566	62	Port Input	14	748207	1576	1
S6010566	62	Port Input	15	748207	1576	1
S6010566	62	Port Input	14	748207	1576	1
S6010566	62	Port Input	15	748208	1577	1
S6010566	62	Port Input	14	748208	1577	1
S6010566	62	Port Input	15	748208	1577	1
S6010566	62	Port Input	14	748208	1577	1
S6010566	62	Port Input	15	748208	1577	1
S6010566	62	Port Input	14	748208	1577	1
S6010566	62	Port Input	15	748208	1577	1
S6010566	62	Port Input	14	748208	1577	1
S6010566	62	Port Input	15	748209	1578	1
S6010566	62	Port Input	14	748209	1578	1
S6010566	62	Port Input	15	748209	1578	1
S6010566	62	Port Input	14	748209	1578	1
S6010566	62	Port Input	15	748209	1578	1
S6010566	62	Port Input	14	748209	1578	1
S6010566	62	Port Input	15	748209	1578	1
S6010566	62	Port Input	14	748209	1578	1
S6010566	62	Port Input	15	748210	1578	1
S6010566	62	Port Input	14	748210	1579	1
S6010566	62	Port Input	15	748210	1579	1
S6010566	62	Port Input	14	748210	1579	1
S6010566	62	Port Input	15	748211	1580	1
S6010566	62	Port Input	14	748211	1580	1
S6010566	62	Port Input	15	748211	1580	1
S6010566	62	Port Input	14	748211	1580	1
S6010566	62	Port Input	15	748211	1580	1
S6010566	62	Port Input	14	748211	1580	1
S6010566	62	Port Input	15	748212	1581	1
S6010566	62	Port Input	14	748212	1581	1
S6010566	62	Port Input	15	748212	1581	1
S6010566	62	Port Input	14	748212	1581	1
S6010566	62	Port Input	15	748212	1581	1
S6010566	62	Port Input	14	748212	1581	1
S6010566	62	Port Input	15	748212	1581	1
S6010566	62	Port Input	14	748212	1581	1
S6010566	62	Port Input	15	748212	1581	1
S6010566	62	Port Input	14	748213	1581	1
S6010566	62	Port Input	15	748213	1582	1
S6010566	62	Port Input	14	748213	1582	1
S6010566	62	Port Input	15	748213	1582	1
S6010566	62	Port Input	14	748213	1582	1
S6010566	62	Port Input	15	748214	1583	1
S6010566	62	Port Input	14	748214	1583	1
S6010566	62	Port Input	15	748214	1583	1
S6010566	62	Port Input	14	757524	10893	1
S6010566	62	Response	222	757524	10893	1
S6010566	62	Port Input	15	757524	10893	1
S6010566	62	Port Input	14	757525	10894	5
S6010566	63	Sound	20	757525	0	5			0		hit	1110
S6010566	63	Port Input	15	759028	1503	1
S6010566	63	Port Input	14	759028	1503	1
S6010566	63	Port Input	15	759029	1504	1
S6010566	63	Port Input	14	759029	1504	1
S6010566	63	Port Input	15	759029	1505	1
S6010566	63	Port Input	14	768746	11221	1
S6010566	63	Response	222	768746	11221	1
S6010566	63	Port Input	15	768746	11221	1
S6010566	63	Port Input	14	768746	11222	5
S6010566	64	Sound	20	768746	0	5			0		hit	1128
S6010566	64	Port Input	15	770164	1418	1
S6010566	64	Port Input	14	770164	1418	1
S6010566	64	Port Input	15	770164	1418	1
S6010566	64	Port Input	14	770164	1418	1
S6010566	64	Port Input	15	770165	1418	1
S6010566	64	Port Input	14	770165	1418	1
S6010566	64	Port Input	15	770165	1418	1
S6010566	64	Port Input	14	770165	1418	1
S6010566	64	Port Input	15	770165	1419	1
S6010566	64	Port Input	14	770165	1419	1
S6010566	64	Port Input	15	770166	1419	1
S6010566	64	Port Input	14	770166	1419	1
S6010566	64	Port Input	15	770166	1420	1
S6010566	64	Port Input	14	779446	10700	1
S6010566	64	Response	222	779446	10700	1
S6010566	65	Sound	20	779447	0	5			0		hit	1136
S6010566	65	Port Input	15	780720	1273	1
S6010566	65	Port Input	14	780720	1273	1
S6010566	65	Port Input	15	780721	1273	1
S6010566	65	Port Input	14	780721	1273	1
S6010566	65	Port Input	15	780721	1274	1
S6010566	65	Port Input	14	790695	11248	1
S6010566	65	Response	222	790695	11248	1
S6010566	65	Port Input	15	790695	11248	1
S6010566	65	Port Input	14	790696	11249	5
S6010566	66	Sound	20	790696	0	5			0		hit	1144
S6010566	66	Port Input	15	791976	1280	1
S6010566	66	Port Input	14	791976	1280	1
S6010566	66	Port Input	15	791976	1280	1
S6010566	66	Port Input	14	799394	8699	1
S6010566	66	Response	222	799394	8699	1
S6010566	66	Port Input	15	799395	8699	1
S6010566	66	Port Input	14	799395	8699	5
S6010566	67	Sound	20	799395	0	5			0		hit	1250
S6010566	67	Port Input	15	801111	1716	1
S6010566	67	Port Input	14	801111	1716	1
S6010566	67	Port Input	15	801112	1717	1
S6010566	67	Port Input	14	801112	1717	1
S6010566	67	Port Input	15	801113	1718	1
S6010566	67	Port Input	14	801113	1718	1
S6010566	67	Port Input	15	801113	1718	1
S6010566	67	Port Input	14	801113	1718	1
S6010566	67	Port Input	15	801113	1718	1
S6010566	67	Port Input	14	801113	1718	1
S6010566	67	Port Input	15	801114	1719	1
S6010566	67	Port Input	14	801115	1719	1
S6010566	67	Port Input	15	801115	1719	1
S6010566	67	Port Input	14	801115	1720	1
S6010566	67	Port Input	15	801115	1720	1
S6010566	67	Port Input	14	801115	1720	1
S6010566	67	Port Input	15	801115	1720	1
S6010566	67	Port Input	14	801117	1722	1
S6010566	67	Port Input	15	801117	1722	1
S6010566	67	Port Input	14	801117	1722	1
S6010566	67	Port Input	15	801117	1722	1
S6010566	67	Port Input	14	801117	1722	1
S6010566	67	Port Input	15	801117	1722	1
S6010566	67	Port Input	14	801117	1722	1
S6010566	67	Port Input	15	801118	1722	1
S6010566	67	Port Input	14	801118	1722	1
S6010566	67	Port Input	15	801118	1723	1
S6010566	67	Port Input	14	801118	1723	1
S6010566	67	Port Input	15	801118	1723	1
S6010566	67	Port Input	14	801118	1723	1
S6010566	67	Port Input	15	801118	1723	1
S6010566	67	Port Input	14	801118	1723	1
S6010566	67	Port Input	15	801118	1723	1
S6010566	67	Port Input	14	801118	1723	1
S6010566	67	Port Input	15	801118	1723	1
S6010566	67	Port Input	14	801118	1723	1
S6010566	67	Port Input	15	801118	1723	1
S6010566	67	Port Input	14	801119	1724	1
S6010566	67	Port Input	15	801119	1724	1
S6010566	67	Port Input	14	801119	1724	1
S6010566	67	Port Input	15	801119	1724	1
S6010566	67	Port Input	14	801119	1724	1
S6010566	67	Port Input	15	801120	1724	1
S6010566	67	Port Input	14	801120	1725	1
S6010566	67	Port Input	15	801120	1725	1
S6010566	67	Port Input	14	801121	1726	1
S6010566	67	Port Input	15	801121	1726	1
S6010566	67	Port Input	14	801122	1726	1
S6010566	67	Port Input	15	801122	1726	1
S6010566	67	Port Input	14	801122	1727	1
S6010566	67	Port Input	15	801122	1727	1
S6010566	67	Port Input	14	801122	1727	1
S6010566	67	Port Input	15	801122	1727	1
S6010566	67	Port Input	14	801122	1727	1
S6010566	67	Port Input	15	801123	1727	1
S6010566	67	Port Input	14	801123	1728	1
S6010566	67	Port Input	15	801123	1728	1
S6010566	67	Port Input	14	801123	1728	1
S6010566	67	Port Input	15	801124	1729	1
S6010566	67	Port Input	14	801124	1729	1
S6010566	67	Port Input	15	801124	1729	1
S6010566	67	Port Input	14	801124	1729	1
S6010566	67	Port Input	15	801125	1729	1
S6010566	67	Port Input	14	801125	1730	1
S6010566	67	Port Input	15	801125	1730	1
S6010566	67	Port Input	14	801125	1730	1
S6010566	67	Port Input	15	801125	1730	1
S6010566	67	Port Input	14	801125	1730	1
S6010566	67	Port Input	15	801125	1730	1
S6010566	67	Port Input	14	801125	1730	1
S6010566	67	Port Input	15	801125	1730	1
S6010566	67	Port Input	14	801125	1730	1
S6010566	67	Port Input	15	801126	1730	1
S6010566	67	Port Input	14	801126	1730	1
S6010566	67	Port Input	15	801126	1731	1
S6010566	67	Port Input	14	801126	1731	1
S6010566	67	Port Input	15	801126	1731	1
S6010566	67	Port Input	14	801126	1731	1
S6010566	67	Port Input	15	801126	1731	1
S6010566	67	Port Input	14	801126	1731	1
S6010566	67	Port Input	15	801126	1731	1
S6010566	67	Port Input	14	801126	1731	1
S6010566	67	Port Input	15	801127	1732	1
S6010566	67	Port Input	14	801127	1732	1
S6010566	67	Port Input	15	801127	1732	1
S6010566	67	Port Input	14	801127	1732	1
S6010566	67	Port Input	15	801127	1732	1
S6010566	67	Port Input	14	801127	1732	1
S6010566	67	Port Input	15	801128	1733	1
S6010566	67	Port Input	14	801128	1733	1
S6010566	67	Port Input	15	801128	1733	1
S6010566	67	Port Input	14	801128	1733	1
S6010566	67	Port Input	15	801128	1733	1
S6010566	67	Port Input	14	801128	1733	1
S6010566	67	Port Input	15	801128	1733	1
S6010566	67	Port Input	14	801128	1733	1
S6010566	67	Port Input	15	801129	1734	1
S6010566	67	Port Input	14	801129	1734	1
S6010566	67	Port Input	15	801129	1734	1
S6010566	67	Port Input	14	801129	1734	1
S6010566	67	Port Input	15	801129	1734	1
S6010566	67	Port Input	14	811567	12172	1
S6010566	67	Response	222	811567	12172	1
S6010566	68	Sound	20	811568	0	5			0		hit	1328
S6010566	68	Port Input	15	811573	5	1
S6010566	68	Port Input	14	811575	7	1
S6010566	68	Port Input	15	812901	1333	1
S6010566	68	Port Input	14	812901	1333	1
S6010566	68	Port Input	15	812903	1335	1
S6010566	68	Port Input	14	812903	1335	1
S6010566	68	Port Input	15	812903	1336	1
S6010566	68	Port Input	14	812904	1336	1
S6010566	68	Port Input	15	812904	1336	1
S6010566	68	Port Input	14	812904	1336	1
S6010566	68	Port Input	15	812904	1336	1
S6010566	68	Port Input	14	812904	1336	1
S6010566	68	Port Input	15	812904	1336	1
S6010566	68	Port Input	14	812904	1336	1
S6010566	68	Port Input	15	812904	1337	1
S6010566	68	Port Input	14	812905	1337	1
S6010566	68	Port Input	15	812905	1337	1
S6010566	68	Port Input	14	812905	1337	1
S6010566	68	Port Input	15	812905	1337	1
S6010566	68	Port Input	14	812905	1337	1
S6010566	68	Port Input	15	812905	1337	1
S6010566	68	Port Input	14	812906	1338	1
S6010566	68	Port Input	15	812907	1339	1
S6010566	68	Port Input	14	812907	1339	1
S6010566	68	Port Input	15	812908	1340	1
S6010566	68	Port Input	14	812908	1340	1
S6010566	68	Port Input	15	812908	1340	1
S6010566	68	Port Input	14	812908	1340	1
S6010566	68	Port Input	15	812909	1341	1
S6010566	68	Port Input	14	812909	1341	1
S6010566	68	Port Input	15	812909	1341	1
S6010566	68	Port Input	14	812909	1341	1
S6010566	68	Port Input	15	812909	1341	1
S6010566	68	Port Input	14	812909	1341	1
S6010566	68	Port Input	15	812910	1342	1
S6010566	68	Port Input	14	812910	1342	1
S6010566	68	Port Input	15	812910	1342	1
S6010566	68	Port Input	14	812910	1342	1
S6010566	68	Port Input	15	812910	1342	1
S6010566	68	Port Input	14	812910	1342	1
S6010566	68	Port Input	15	812910	1342	1
S6010566	68	Port Input	14	812910	1342	1
S6010566	68	Port Input	15	812913	1345	1
S6010566	68	Port Input	14	812913	1345	1
S6010566	68	Port Input	15	812913	1345	1
S6010566	68	Port Input	14	812913	1345	1
S6010566	68	Port Input	15	812914	1346	1
S6010566	68	Port Input	14	812914	1346	1
S6010566	68	Port Input	15	812914	1346	1
S6010566	68	Port Input	14	812914	1346	1
S6010566	68	Port Input	15	812916	1348	1
S6010566	68	Port Input	14	812916	1348	1
S6010566	68	Port Input	15	812916	1348	1
S6010566	68	Port Input	14	812916	1348	1
S6010566	68	Port Input	15	812916	1348	1
S6010566	68	Port Input	14	812916	1348	1
S6010566	68	Port Input	15	812917	1349	1
S6010566	68	Port Input	14	812917	1349	1
S6010566	68	Port Input	15	812917	1349	1
S6010566	68	Port Input	14	812917	1350	1
S6010566	68	Port Input	15	812918	1350	1
S6010566	68	Port Input	14	812919	1351	1
S6010566	68	Port Input	15	812919	1351	1
S6010566	68	Port Input	14	812928	1360	1
S6010566	68	Port Input	15	812928	1360	1
S6010566	68	Port Input	14	812928	1361	1
S6010566	68	Port Input	15	812929	1361	1
S6010566	68	Port Input	14	812929	1361	1
S6010566	68	Port Input	15	812931	1363	1
S6010566	68	Port Input	14	812931	1363	1
S6010566	68	Port Input	15	812931	1363	1
S6010566	68	Port Input	14	812931	1363	1
S6010566	68	Port Input	15	812931	1363	1
S6010566	68	Port Input	14	812931	1364	1
S6010566	68	Port Input	15	812932	1364	1
S6010566	68	Port Input	14	823812	12244	1
S6010566	68	Response	222	823812	12244	1
S6010566	68	Port Input	15	823812	12244	1
S6010566	68	Port Input	14	823812	12245	1
S6010566	68	Port Input	15	823813	12245	5
S6010566	69	Sound	20	823813	0	5			0		hit	1340
S6010566	69	Port Input	14	823817	4	1
S6010566	69	Port Input	15	823817	5	1
S6010566	69	Port Input	14	823818	5	1
S6010566	69	Port Input	15	823818	5	1
S6010566	69	Port Input	14	823819	6	1
S6010566	69	Port Input	15	824993	1180	1
S6010566	69	Port Input	14	836777	12964	1
S6010566	69	Response	222	836777	12964	1
S6010566	69	Port Input	15	836777	12964	1
S6010566	69	Port Input	14	836777	12964	1
S6010566	69	Port Input	15	836777	12964	1
S6010566	69	Port Input	14	836777	12964	5
S6010566	70	Sound	20	836777	0	5			0		hit	1352
S6010566	70	Port Input	15	837737	960	1
S6010566	70	Port Input	14	837737	960	1
S6010566	70	Port Input	15	837737	960	1
S6010566	70	Port Input	14	837737	960	1
S6010566	70	Port Input	15	837737	960	1
S6010566	70	Port Input	14	852958	16180	1
S6010566	70	Response	222	852958	16180	1
S6010566	71	Sound	20	852959	0	5			0		hit	1370
S6010566	71	Port Input	15	854250	1291	1
S6010566	71	Port Input	14	854250	1291	1
S6010566	71	Port Input	15	854252	1294	1
S6010566	71	Port Input	14	854253	1294	1
S6010566	71	Port Input	15	854253	1294	1
S6010566	71	Port Input	14	854253	1294	1
S6010566	71	Port Input	15	854253	1294	1
S6010566	71	Port Input	14	854253	1294	1
S6010566	71	Port Input	15	854253	1294	1
S6010566	71	Port Input	14	854253	1294	1
S6010566	71	Port Input	15	854253	1295	1
S6010566	71	Port Input	14	854253	1295	1
S6010566	71	Port Input	15	854254	1295	1
S6010566	71	Port Input	14	854254	1295	1
S6010566	71	Port Input	15	854254	1295	1
S6010566	71	Port Input	14	861061	8102	1
S6010566	71	Response	222	861061	8102	1
S6010566	71	Port Input	15	861062	8103	1
S6010566	72	Sound	20	861062	0	5			0		hit	1382
S6010566	72	Port Input	14	861079	17	1
S6010566	72	Port Input	15	862834	1772	1
S6010566	72	Port Input	14	862834	1772	1
S6010566	72	Port Input	15	862836	1774	1
S6010566	72	Port Input	14	862836	1774	1
S6010566	72	Port Input	15	862836	1774	1
S6010566	72	Port Input	14	862836	1774	1
S6010566	72	Port Input	15	862837	1775	1
S6010566	72	Port Input	14	873029	11967	1
S6010566	72	Response	222	873029	11967	1
S6010566	73	Sound	20	873029	0	5			0		hit	1392
S6010566	73	Port Input	15	873902	873	1
S6010566	73	Port Input	14	873902	873	1
S6010566	73	Port Input	15	873902	873	1
S6010566	73	Port Input	14	873903	873	1
S6010566	73	Port Input	15	873903	874	1
S6010566	73	Port Input	14	873903	874	1
S6010566	73	Port Input	15	873903	874	1
S6010566	73	Port Input	14	884783	11753	1
S6010566	73	Response	222	884783	11753	1
S6010566	73	Port Input	15	884783	11753	1
S6010566	73	Port Input	14	884783	11754	1
S6010566	74	Sound	20	884783	0	5			0		hit	1420
S6010566	74	Port Input	15	886135	1351	1
S6010566	74	Port Input	14	886135	1351	1
S6010566	74	Port Input	15	886136	1353	1
S6010566	74	Port Input	14	886136	1353	1
S6010566	74	Port Input	15	886137	1353	1
S6010566	74	Port Input	14	886137	1353	1
S6010566	74	Port Input	15	886137	1354	1
S6010566	74	Port Input	14	886139	1356	1
S6010566	74	Port Input	15	886139	1356	1
S6010566	74	Port Input	14	886139	1356	1
S6010566	74	Port Input	15	886140	1356	1
S6010566	74	Port Input	14	886140	1356	1
S6010566	74	Port Input	15	886140	1356	1
S6010566	74	Port Input	14	886140	1357	1
S6010566	74	Port Input	15	886140	1357	1
S6010566	74	Port Input	14	886140	1357	1
S6010566	74	Port Input	15	886140	1357	1
S6010566	74	Port Input	14	886141	1358	1
S6010566	74	Port Input	15	886142	1358	1
S6010566	74	Port Input	14	886142	1358	1
S6010566	74	Port Input	15	886142	1359	1
S6010566	74	Port Input	14	886143	1359	1
S6010566	74	Port Input	15	886143	1359	1
S6010566	74	Port Input	14	896477	11694	1
S6010566	74	Response	222	896477	11694	1
S6010566	74	Port Input	15	896477	11694	1
S6010566	75	Sound	20	896478	0	5			0		hit	1482
S6010566	75	Port Input	14	896486	8	1
S6010566	75	Port Input	15	896486	8	1
S6010566	75	Port Input	14	896486	8	1
S6010566	75	Port Input	15	896486	9	1
S6010566	75	Port Input	14	896486	9	1
S6010566	75	Port Input	15	896486	9	1
S6010566	75	Port Input	14	896487	9	1
S6010566	75	Port Input	15	896487	9	1
S6010566	75	Port Input	14	896487	9	1
S6010566	75	Port Input	15	896487	9	1
S6010566	75	Port Input	14	896487	9	1
S6010566	75	Port Input	15	896487	9	1
S6010566	75	Port Input	14	896487	10	1
S6010566	75	Port Input	15	896488	10	1
S6010566	75	Port Input	14	896488	10	1
S6010566	75	Port Input	15	896488	10	1
S6010566	75	Port Input	14	896488	10	1
S6010566	75	Port Input	15	896488	11	1
S6010566	75	Port Input	14	896488	11	1
S6010566	75	Port Input	15	896491	14	1
S6010566	75	Port Input	14	896491	14	1
S6010566	75	Port Input	15	896492	14	1
S6010566	75	Port Input	14	896492	14	1
S6010566	75	Port Input	15	896492	15	1
S6010566	75	Port Input	14	896492	15	1
S6010566	75	Port Input	15	896493	15	1
S6010566	75	Port Input	14	896493	15	1
S6010566	75	Port Input	15	897811	1333	1
S6010566	75	Port Input	14	897811	1333	1
S6010566	75	Port Input	15	897813	1335	1
S6010566	75	Port Input	14	897815	1337	1
S6010566	75	Port Input	15	897815	1338	1
S6010566	75	Port Input	14	897815	1338	1
S6010566	75	Port Input	15	897815	1338	1
S6010566	75	Port Input	14	897816	1338	1
S6010566	75	Port Input	15	897816	1338	1
S6010566	75	Port Input	14	897816	1338	1
S6010566	75	Port Input	15	897817	1339	1
S6010566	75	Port Input	14	897822	1345	1
S6010566	75	Port Input	15	897823	1345	1
S6010566	75	Port Input	14	897823	1345	1
S6010566	75	Port Input	15	897823	1346	1
S6010566	75	Port Input	14	897824	1346	1
S6010566	75	Port Input	15	897824	1346	1
S6010566	75	Port Input	14	897824	1346	1
S6010566	75	Port Input	15	897824	1346	1
S6010566	75	Port Input	14	897824	1346	1
S6010566	75	Port Input	15	897824	1347	1
S6010566	75	Port Input	14	897824	1347	1
S6010566	75	Port Input	15	897825	1347	1
S6010566	75	Port Input	14	897825	1347	1
S6010566	75	Port Input	15	897825	1347	1
S6010566	75	Port Input	14	897825	1347	1
S6010566	75	Port Input	15	897825	1347	1
S6010566	75	Port Input	14	897825	1347	1
S6010566	75	Port Input	15	897825	1347	1
S6010566	75	Port Input	14	897825	1348	1
S6010566	75	Port Input	15	897825	1348	1
S6010566	75	Port Input	14	908503	12025	1
S6010566	75	Response	222	908503	12025	1
S6010566	76	Sound	20	908504	0	5			0		hit	1486
S6010566	76	Port Input	15	909567	1063	1
S6010566	76	Port Input	14	919511	11007	1
S6010566	76	Response	222	919511	11007	1
S6010566	77	Sound	20	919512	0	5			0		hit	1496
S6010566	77	Port Input	15	921096	1584	1
S6010566	77	Port Input	14	921096	1584	1
S6010566	77	Port Input	15	921096	1584	1
S6010566	77	Port Input	14	921096	1584	1
S6010566	77	Port Input	15	921096	1584	1
S6010566	77	Port Input	14	921096	1584	1
S6010566	77	Port Input	15	921097	1585	1
S6010566	77	Port Input	14	930970	11458	1
S6010566	77	Response	222	930970	11458	1
S6010566	78	Sound	20	930971	0	5			0		hit	1506
S6010566	78	Port Input	15	932355	1384	1
S6010566	78	Port Input	14	932355	1384	1
S6010566	78	Port Input	15	932356	1384	1
S6010566	78	Port Input	14	932356	1384	1
S6010566	78	Port Input	15	932356	1385	1
S6010566	78	Port Input	14	932356	1385	1
S6010566	78	Port Input	15	932356	1385	1
S6010566	78	Port Input	14	941939	10968	1
S6010566	78	Response	222	941939	10968	1
S6010566	79	Sound	20	941940	0	5			0		hit	1532
S6010566	79	Port Input	15	943477	1537	1
S6010566	79	Port Input	14	943477	1537	1
S6010566	79	Port Input	15	943477	1537	1
S6010566	79	Port Input	14	943477	1537	1
S6010566	79	Port Input	15	943477	1538	1
S6010566	79	Port Input	14	943477	1538	1
S6010566	79	Port Input	15	943478	1538	1
S6010566	79	Port Input	14	943478	1538	1
S6010566	79	Port Input	15	943478	1538	1
S6010566	79	Port Input	14	943478	1538	1
S6010566	79	Port Input	15	943480	1540	1
S6010566	79	Port Input	14	943480	1540	1
S6010566	79	Port Input	15	943480	1540	1
S6010566	79	Port Input	14	943480	1540	1
S6010566	79	Port Input	15	943480	1540	1
S6010566	79	Port Input	14	943480	1540	1
S6010566	79	Port Input	15	943480	1540	1
S6010566	79	Port Input	14	943480	1540	1
S6010566	79	Port Input	15	943480	1540	1
S6010566	79	Port Input	14	943480	1541	1
S6010566	79	Port Input	15	943481	1541	1
S6010566	79	Port Input	14	943481	1541	1
S6010566	79	Port Input	15	943481	1541	1
S6010566	79	Port Input	14	953343	11403	1
S6010566	79	Response	222	953343	11403	1
S6010566	80	Sound	20	953344	0	5			0		hit	1546
S6010566	80	Port Input	15	954710	1366	1
S6010566	80	Port Input	14	954710	1366	1
S6010566	80	Port Input	15	954710	1367	1
S6010566	80	Port Input	14	954710	1367	1
S6010566	80	Port Input	15	954711	1367	1
S6010566	80	Port Input	14	954711	1367	1
S6010566	80	Port Input	15	954711	1367	1
S6010566	80	Port Input	14	954711	1367	1
S6010566	80	Port Input	15	954711	1368	1
S6010566	80	Port Input	14	954711	1368	1
S6010566	80	Port Input	15	954711	1368	1
S6010566	80	Port Input	14	964875	11531	1
S6010566	80	Response	222	964875	11531	1
S6010566	81	Sound	20	964875	0	5			0		hit	1560
S6010566	81	Port Input	15	966255	1380	1
S6010566	81	Port Input	14	966255	1380	1
S6010566	81	Port Input	15	966256	1380	1
S6010566	81	Port Input	14	966256	1380	1
S6010566	81	Port Input	15	966256	1380	1
S6010566	81	Port Input	14	966256	1380	1
S6010566	81	Port Input	15	966256	1381	1
S6010566	81	Port Input	14	966256	1381	1
S6010566	81	Port Input	15	966256	1381	1
S6010566	81	Port Input	14	966256	1381	1
S6010566	81	Port Input	15	966256	1381	1
S6010566	81	Port Input	14	975983	11107	1
S6010566	81	Response	222	975983	11107	1
S6010566	82	Sound	20	975984	0	5			0		hit	1568
S6010566	82	Port Input	15	977111	1128	1
S6010566	82	Port Input	14	977111	1128	1
S6010566	82	Port Input	15	977112	1128	1
S6010566	82	Port Input	14	977112	1128	1
S6010566	82	Port Input	15	977112	1129	1
S6010566	82	Port Input	14	986228	10244	1
S6010566	82	Response	222	986228	10244	1
S6010566	83	Sound	20	986228	0	6			0		hit	1598
S6010566	83	Port Input	15	987495	1267	1
S6010566	83	Port Input	14	987495	1267	1
S6010566	83	Port Input	15	987495	1267	1
S6010566	83	Port Input	14	987495	1267	1
S6010566	83	Port Input	15	987496	1267	1
S6010566	83	Port Input	14	987496	1267	1
S6010566	83	Port Input	15	987496	1268	1
S6010566	83	Port Input	14	987496	1268	1
S6010566	83	Port Input	15	987496	1268	1
S6010566	83	Port Input	14	987496	1268	1
S6010566	83	Port Input	15	987497	1269	1
S6010566	83	Port Input	14	987497	1269	1
S6010566	83	Port Input	15	987497	1269	1
S6010566	83	Port Input	14	987497	1269	1
S6010566	83	Port Input	15	987497	1269	1
S6010566	83	Port Input	14	987497	1269	1
S6010566	83	Port Input	15	987497	1269	1
S6010566	83	Port Input	14	987498	1269	1
S6010566	83	Port Input	15	987498	1269	1
S6010566	83	Port Input	14	987498	1269	1
S6010566	83	Port Input	15	987498	1269	1
S6010566	83	Port Input	14	987498	1270	1
S6010566	83	Port Input	15	987498	1270	1
S6010566	83	Port Input	14	987498	1270	1
S6010566	83	Port Input	15	987498	1270	1
S6010566	83	Port Input	14	987499	1270	1
S6010566	83	Port Input	15	987499	1270	1
S6010566	83	Port Input	14	997413	11184	1
S6010566	83	Response	222	997413	11184	1
S6010566	83	Port Input	15	997413	11185	1
S6010566	83	Port Input	14	997413	11185	5
S6010566	84	Sound	20	997413	0	5			0		hit	1604
S6010566	84	Port Input	15	999076	1663	1
S6010566	84	Port Input	14	1008194	10780	1
S6010566	84	Response	222	1008194	10780	1
S6010566	85	Sound	20	1008194	0	5			0		hit	1614
S6010566	85	Port Input	15	1009628	1433	1
S6010566	85	Port Input	14	1009628	1433	1
S6010566	85	Port Input	15	1009628	1433	1
S6010566	85	Port Input	14	1009628	1434	1
S6010566	85	Port Input	15	1009629	1434	1
S6010566	85	Port Input	14	1009629	1434	1
S6010566	85	Port Input	15	1009629	1434	1
S6010566	85	Port Input	14	1019054	10860	1
S6010566	85	Response	222	1019054	10860	1
S6010566	86	Sound	20	1019055	0	7			0		hit	1628
S6010566	86	Port Input	15	1019075	20	1
S6010566	86	Port Input	14	1019075	20	1
S6010566	86	Port Input	15	1020550	1495	1
S6010566	86	Port Input	14	1020550	1495	1
S6010566	86	Port Input	15	1020550	1495	1
S6010566	86	Port Input	14	1020550	1495	1
S6010566	86	Port Input	15	1020550	1495	1
S6010566	86	Port Input	14	1020550	1495	1
S6010566	86	Port Input	15	1020551	1496	1
S6010566	86	Port Input	14	1020551	1496	1
S6010566	86	Port Input	15	1020552	1497	1
S6010566	86	Port Input	14	1030693	11638	1
S6010566	86	Response	222	1030693	11638	1
S6010566	86	Port Input	15	1030693	11638	1
S6010566	86	Port Input	14	1030693	11638	1
S6010566	86	Port Input	15	1030694	11639	5
S6010566	87	Sound	20	1030694	0	5			0		hit	1654
S6010566	87	Port Input	14	1030699	5	1
S6010566	87	Port Input	15	1030699	6	1
S6010566	87	Port Input	14	1030699	6	1
S6010566	87	Port Input	15	1030699	6	1
S6010566	87	Port Input	14	1030704	10	1
S6010566	87	Port Input	15	1030704	10	1
S6010566	87	Port Input	14	1030705	11	1
S6010566	87	Port Input	15	1030705	11	1
S6010566	87	Port Input	14	1030705	11	1
S6010566	87	Port Input	15	1030714	21	1
S6010566	87	Port Input	14	1030714	21	1
S6010566	87	Port Input	15	1032134	1441	1
S6010566	87	Port Input	14	1032134	1441	1
S6010566	87	Port Input	15	1032136	1442	1
S6010566	87	Port Input	14	1032136	1442	1
S6010566	87	Port Input	15	1032136	1442	1
S6010566	87	Port Input	14	1032136	1442	1
S6010566	87	Port Input	15	1032136	1442	1
S6010566	87	Port Input	14	1032136	1442	1
S6010566	87	Port Input	15	1032136	1443	1
S6010566	87	Port Input	14	1041355	10662	1
S6010566	87	Response	222	1041355	10662	1
S6010566	87	Port Input	15	1041356	10662	1
S6010566	87	Port Input	14	1041356	10662	6
S6010566	88	Sound	20	1041356	0	6			0		hit	1676
S6010566	88	Port Input	15	1041363	6	1
S6010566	88	Port Input	14	1041363	6	1
S6010566	88	Port Input	15	1041363	7	1
S6010566	88	Port Input	14	1041363	7	1
S6010566	88	Port Input	15	1041364	8	1
S6010566	88	Port Input	14	1041364	8	1
S6010566	88	Port Input	15	1041365	9	1
S6010566	88	Port Input	14	1041365	9	1
S6010566	88	Port Input	15	1041366	10	1
S6010566	88	Port Input	14	1041366	10	1
S6010566	88	Port Input	15	1041376	20	1
S6010566	88	Port Input	14	1041376	20	1
S6010566	88	Port Input	15	1042637	1281	1
S6010566	88	Port Input	14	1042637	1281	1
S6010566	88	Port Input	15	1042637	1281	1
S6010566	88	Port Input	14	1042637	1281	1
S6010566	88	Port Input	15	1042637	1281	1
S6010566	88	Port Input	14	1051990	10634	1
S6010566	88	Response	222	1051990	10634	1
S6010566	89	Sound	20	1051991	0	5			0		hit	1684
S6010566	89	Port Input	15	1051999	8	1
S6010566	89	Port Input	14	1051999	8	1
S6010566	89	Port Input	15	1051999	8	1
S6010566	89	Port Input	14	1052000	9	1
S6010566	89	Port Input	15	1052000	9	1
S6010566	89	Port Input	14	1063275	11284	1
S6010566	89	Response	222	1063275	11284	1
S6010566	90	Sound	20	1063276	0	5			0		hit	1698
S6010566	90	Port Input	15	1064869	1592	1
S6010566	90	Port Input	14	1064869	1592	1
S6010566	90	Port Input	15	1064869	1593	1
S6010566	90	Port Input	14	1064869	1593	1
S6010566	90	Port Input	15	1064870	1593	1
S6010566	90	Port Input	14	1064870	1593	1
S6010566	90	Port Input	15	1064870	1594	1
S6010566	90	Port Input	14	1064870	1594	1
S6010566	90	Port Input	15	1064870	1594	1
S6010566	90	Port Input	14	1064870	1594	1
S6010566	90	Port Input	15	1064870	1594	1
S6010566	90	Port Input	14	1075712	12436	1
S6010566	90	Response	222	1075712	12436	1
S6010566	91	Sound	20	1075713	0	5			0		hit	1704
S6010566	91	Port Input	15	1076823	1110	1
S6010566	91	Port Input	14	1076823	1110	1
S6010566	91	Port Input	15	1076824	1111	1
S6010566	91	Port Input	14	1086996	11283	1
S6010566	91	Response	222	1086996	11283	1
S6010566	91	Port Input	15	1086996	11283	1
S6010566	92	Sound	20	1086997	0	5			0		hit	1790
S6010566	92	Port Input	14	1087003	6	1
S6010566	92	Port Input	15	1087003	7	1
S6010566	92	Port Input	14	1087004	7	1
S6010566	92	Port Input	15	1087004	7	1
S6010566	92	Port Input	14	1087004	7	1
S6010566	92	Port Input	15	1087005	8	1
S6010566	92	Port Input	14	1087005	8	1
S6010566	92	Port Input	15	1087005	9	1
S6010566	92	Port Input	14	1087006	9	1
S6010566	92	Port Input	15	1087006	9	1
S6010566	92	Port Input	14	1087006	9	1
S6010566	92	Port Input	15	1087006	9	1
S6010566	92	Port Input	14	1087006	9	1
S6010566	92	Port Input	15	1087008	11	1
S6010566	92	Port Input	14	1087008	11	1
S6010566	92	Port Input	15	1087008	12	1
S6010566	92	Port Input	14	1087008	12	1
S6010566	92	Port Input	15	1087010	13	1
S6010566	92	Port Input	14	1087010	13	1
S6010566	92	Port Input	15	1087010	13	1
S6010566	92	Port Input	14	1087010	14	1
S6010566	92	Port Input	15	1087011	14	1
S6010566	92	Port Input	14	1087011	14	1
S6010566	92	Port Input	15	1087012	15	1
S6010566	92	Port Input	14	1087012	15	1
S6010566	92	Port Input	15	1087013	16	1
S6010566	92	Port Input	14	1087013	16	1
S6010566	92	Port Input	15	1087013	17	1
S6010566	92	Port Input	14	1087013	17	1
S6010566	92	Port Input	15	1087014	17	1
S6010566	92	Port Input	14	1087014	17	1
S6010566	92	Port Input	15	1087015	18	1
S6010566	92	Port Input	14	1087015	18	1
S6010566	92	Port Input	15	1087015	18	1
S6010566	92	Port Input	14	1087015	18	1
S6010566	92	Port Input	15	1087020	23	1
S6010566	92	Port Input	14	1087020	23	1
S6010566	92	Port Input	15	1087021	24	1
S6010566	92	Port Input	14	1087021	24	1
S6010566	92	Port Input	15	1087024	27	1
S6010566	92	Port Input	14	1087024	27	1
S6010566	92	Port Input	15	1087026	30	1
S6010566	92	Port Input	14	1087027	30	1
S6010566	92	Port Input	15	1087027	30	1
S6010566	92	Port Input	14	1087027	30	1
S6010566	92	Port Input	15	1087029	32	1
S6010566	92	Port Input	14	1087029	33	1
S6010566	92	Port Input	15	1087030	33	1
S6010566	92	Port Input	14	1087030	33	1
S6010566	92	Port Input	15	1087031	34	1
S6010566	92	Port Input	14	1087031	34	1
S6010566	92	Port Input	15	1087032	35	1
S6010566	92	Port Input	14	1087032	35	1
S6010566	92	Port Input	15	1087033	36	1
S6010566	92	Port Input	14	1087033	36	1
S6010566	92	Port Input	15	1087034	37	1
S6010566	92	Port Input	14	1087034	37	1
S6010566	92	Port Input	15	1087034	37	1
S6010566	92	Port Input	14	1087034	37	1
S6010566	92	Port Input	15	1087041	44	1
S6010566	92	Port Input	14	1087041	44	1
S6010566	92	Port Input	15	1087041	44	1
S6010566	92	Port Input	14	1087041	44	1
S6010566	92	Port Input	15	1087041	45	1
S6010566	92	Port Input	14	1087041	45	1
S6010566	92	Port Input	15	1087042	45	1
S6010566	92	Port Input	14	1087042	45	1
S6010566	92	Port Input	15	1087043	46	1
S6010566	92	Port Input	14	1087043	46	1
S6010566	92	Port Input	15	1087043	46	1
S6010566	92	Port Input	14	1087043	46	1
S6010566	92	Port Input	15	1087044	47	1
S6010566	92	Port Input	14	1087044	47	1
S6010566	92	Port Input	15	1087045	48	1
S6010566	92	Port Input	14	1087045	48	1
S6010566	92	Port Input	15	1087046	50	1
S6010566	92	Port Input	14	1087046	50	1
S6010566	92	Port Input	15	1087047	50	1
S6010566	92	Port Input	14	1087047	50	1
S6010566	92	Port Input	15	1088223	1227	1
S6010566	92	Port Input	14	1088223	1227	1
S6010566	92	Port Input	15	1088223	1227	1
S6010566	92	Port Input	14	1098230	11234	1
S6010566	92	Response	222	1098230	11234	1
S6010566	93	Sound	20	1098231	0	5			0		hit	1796
S6010566	93	Port Input	15	1099506	1275	1
S6010566	93	Port Input	14	1099506	1275	1
S6010566	93	Port Input	15	1099507	1276	1
S6010566	93	Port Input	14	1109762	11531	1
S6010566	93	Response	222	1109762	11531	1
S6010566	94	Sound	20	1109763	0	5			0		hit	1802
S6010566	94	Port Input	15	1111192	1428	1
S6010566	94	Port Input	14	1111192	1429	1
S6010566	94	Port Input	15	1111193	1430	1
S6010566	94	Port Input	14	1120877	11113	1
S6010566	94	Response	222	1120877	11113	1
S6010566	95	Sound	20	1120877	0	5			0		hit	1832
S6010566	95	Port Input	15	1122487	1610	1
S6010566	95	Port Input	14	1122487	1610	1
S6010566	95	Port Input	15	1122488	1610	1
S6010566	95	Port Input	14	1122488	1610	1
S6010566	95	Port Input	15	1122488	1611	1
S6010566	95	Port Input	14	1122488	1611	1
S6010566	95	Port Input	15	1122489	1611	1
S6010566	95	Port Input	14	1122489	1611	1
S6010566	95	Port Input	15	1122489	1612	1
S6010566	95	Port Input	14	1122489	1612	1
S6010566	95	Port Input	15	1122489	1612	1
S6010566	95	Port Input	14	1122489	1612	1
S6010566	95	Port Input	15	1122490	1612	1
S6010566	95	Port Input	14	1122490	1612	1
S6010566	95	Port Input	15	1122490	1612	1
S6010566	95	Port Input	14	1122490	1613	1
S6010566	95	Port Input	15	1122490	1613	1
S6010566	95	Port Input	14	1122490	1613	1
S6010566	95	Port Input	15	1122490	1613	1
S6010566	95	Port Input	14	1122490	1613	1
S6010566	95	Port Input	15	1122490	1613	1
S6010566	95	Port Input	14	1122490	1613	1
S6010566	95	Port Input	15	1122491	1613	1
S6010566	95	Port Input	14	1122491	1613	1
S6010566	95	Port Input	15	1122491	1613	1
S6010566	95	Port Input	14	1122491	1614	1
S6010566	95	Port Input	15	1122491	1614	1
S6010566	95	Port Input	14	1137920	17043	1
S6010566	95	Response	222	1137920	17043	1
S6010566	96	Sound	20	1137921	0	5			0		hit	1856
S6010566	96	Port Input	15	1138895	974	1
S6010566	96	Port Input	14	1138895	974	1
S6010566	96	Port Input	15	1138895	975	1
S6010566	96	Port Input	14	1138895	975	1
S6010566	96	Port Input	15	1138896	975	1
S6010566	96	Port Input	14	1138896	975	1
S6010566	96	Port Input	15	1138896	975	1
S6010566	96	Port Input	14	1138896	975	1
S6010566	96	Port Input	15	1138897	976	1
S6010566	96	Port Input	14	1138897	976	1
S6010566	96	Port Input	15	1138897	976	1
S6010566	96	Port Input	14	1138897	977	1
S6010566	96	Port Input	15	1138898	977	1
S6010566	96	Port Input	14	1138898	977	1
S6010566	96	Port Input	15	1138899	978	1
S6010566	96	Port Input	14	1138899	978	1
S6010566	96	Port Input	15	1138899	978	1
S6010566	96	Port Input	14	1138899	978	1
S6010566	96	Port Input	15	1138899	978	1
S6010566	96	Port Input	14	1138899	979	1
S6010566	96	Port Input	15	1138901	980	1
S6010566	96	Port Input	14	1155369	17448	1
S6010566	96	Response	222	1155369	17448	1
S6010566	97	Sound	20	1155369	0	5			0		hit	1906
S6010566	97	Port Input	15	1156057	687	1
S6010566	97	Port Input	14	1156057	687	1
S6010566	97	Port Input	15	1156058	689	1
S6010566	97	Port Input	14	1156058	689	1
S6010566	97	Port Input	15	1156060	690	1
S6010566	97	Port Input	14	1156060	690	1
S6010566	97	Port Input	15	1156061	691	1
S6010566	97	Port Input	14	1156061	691	1
S6010566	97	Port Input	15	1156061	692	1
S6010566	97	Port Input	14	1156061	692	1
S6010566	97	Port Input	15	1156062	693	1
S6010566	97	Port Input	14	1156062	693	1
S6010566	97	Port Input	15	1156064	695	1
S6010566	97	Port Input	14	1156065	695	1
S6010566	97	Port Input	15	1156066	696	1
S6010566	97	Port Input	14	1156066	696	1
S6010566	97	Port Input	15	1156067	698	1
S6010566	97	Port Input	14	1156067	698	1
S6010566	97	Port Input	15	1156069	700	1
S6010566	97	Port Input	14	1156070	701	1
S6010566	97	Port Input	15	1156073	704	1
S6010566	97	Port Input	14	1156073	704	1
S6010566	97	Port Input	15	1156074	705	1
S6010566	97	Port Input	14	1156074	705	1
S6010566	97	Port Input	15	1156075	706	1
S6010566	97	Port Input	14	1156076	706	1
S6010566	97	Port Input	15	1156077	707	1
S6010566	97	Port Input	14	1156077	707	1
S6010566	97	Port Input	15	1156078	708	1
S6010566	97	Port Input	14	1156078	709	1
S6010566	97	Port Input	15	1156080	710	1
S6010566	97	Port Input	14	1156080	710	1
S6010566	97	Port Input	15	1156080	711	1
S6010566	97	Port Input	14	1156080	711	1
S6010566	97	Port Input	15	1156081	712	1
S6010566	97	Port Input	14	1156081	712	1
S6010566	97	Port Input	15	1156081	712	1
S6010566	97	Port Input	14	1156081	712	1
S6010566	97	Port Input	15	1156082	712	1
S6010566	97	Port Input	14	1156082	712	1
S6010566	97	Port Input	15	1156085	716	1
S6010566	97	Port Input	14	1156085	716	1
S6010566	97	Port Input	15	1156087	718	1
S6010566	97	Port Input	14	1156087	718	1
S6010566	97	Port Input	15	1156088	718	1
S6010566	97	Port Input	14	1156088	718	1
S6010566	97	Port Input	15	1156090	720	1
S6010566	97	Port Input	14	1181168	25798	1
S6010566	97	Response	222	1181168	25798	1
S6010566	98	Sound	20	1181169	0	5			0		hit	1950
S6010566	98	Port Input	15	1181173	4	1
S6010566	98	Port Input	14	1181173	4	1
S6010566	98	Port Input	15	1181174	5	1
S6010566	98	Port Input	14	1181174	5	1
S6010566	98	Port Input	15	1181174	6	1
S6010566	98	Port Input	14	1181174	6	1
S6010566	98	Port Input	15	1181175	6	1
S6010566	98	Port Input	14	1181176	7	1
S6010566	98	Port Input	15	1181177	8	1
S6010566	98	Port Input	14	1181177	8	1
S6010566	98	Port Input	15	1181177	9	1
S6010566	98	Port Input	14	1181177	9	1
S6010566	98	Port Input	15	1182692	1524	1
S6010566	98	Port Input	14	1182692	1524	1
S6010566	98	Port Input	15	1182693	1525	1
S6010566	98	Port Input	14	1182693	1525	1
S6010566	98	Port Input	15	1182694	1525	1
S6010566	98	Port Input	14	1182694	1525	1
S6010566	98	Port Input	15	1182694	1525	1
S6010566	98	Port Input	14	1182694	1526	1
S6010566	98	Port Input	15	1182695	1526	1
S6010566	98	Port Input	14	1182695	1526	1
S6010566	98	Port Input	15	1182696	1527	1
S6010566	98	Port Input	14	1182696	1527	1
S6010566	98	Port Input	15	1182696	1528	1
S6010566	98	Port Input	14	1182696	1528	1
S6010566	98	Port Input	15	1182698	1529	1
S6010566	98	Port Input	14	1182698	1529	1
S6010566	98	Port Input	15	1182698	1530	1
S6010566	98	Port Input	14	1182698	1530	1
S6010566	98	Port Input	15	1182698	1530	1
S6010566	98	Port Input	14	1182698	1530	1
S6010566	98	Port Input	15	1182699	1530	1
S6010566	98	Port Input	14	1182699	1530	1
S6010566	98	Port Input	15	1182699	1531	1
S6010566	98	Port Input	14	1182699	1531	1
S6010566	98	Port Input	15	1182699	1531	1
S6010566	98	Port Input	14	1182699	1531	1
S6010566	98	Port Input	15	1182700	1531	1
S6010566	98	Port Input	14	1182700	1531	1
S6010566	98	Port Input	15	1182700	1531	1
S6010566	98	Port Input	14	1194838	13670	1
S6010566	98	Response	222	1194838	13670	1
S6010566	99	Sound	20	1194839	0	5			0		hit	1954
S6010566	99	Port Input	15	1196240	1401	1
S6010566	99	Port Input	14	1209876	15037	1
S6010566	99	Response	222	1209876	15037	1
S6010566	100	Sound	20	1209877	0	5			0		hit	1992
S6010566	100	Port Input	15	1209985	108	1
S6010566	100	Port Input	14	1209985	108	1
S6010566	100	Port Input	15	1209999	122	1
S6010566	100	Port Input	14	1210010	133	1
S6010566	100	Port Input	15	1210048	172	1
S6010566	100	Port Input	14	1210049	172	1
S6010566	100	Port Input	15	1210061	184	1
S6010566	100	Port Input	14	1210230	353	1
S6010566	100	Port Input	15	1210296	419	1
S6010566	100	Port Input	14	1210296	419	1
S6010566	100	Port Input	15	1210300	424	1
S6010566	100	Port Input	14	1210300	424	1
S6010566	100	Port Input	15	1210301	424	1
S6010566	100	Port Input	14	1210301	424	1
S6010566	100	Port Input	15	1210305	428	1
S6010566	100	Port Input	14	1210305	428	1
S6010566	100	Port Input	15	1210309	432	1
S6010566	100	Port Input	14	1210309	432	1
S6010566	100	Port Input	15	1210316	439	1
S6010566	100	Port Input	14	1210316	439	1
S6010566	100	Port Input	15	1210319	442	1
S6010566	100	Port Input	14	1210319	442	1
S6010566	100	Port Input	15	1210320	443	1
S6010566	100	Port Input	14	1210320	443	1
S6010566	100	Port Input	15	1210322	445	1
S6010566	100	Port Input	14	1210322	445	1
S6010566	100	Port Input	15	1210324	447	1
S6010566	100	Port Input	14	1210324	447	1
S6010566	100	Port Input	15	1210325	449	1
S6010566	100	Port Input	14	1210325	449	1
S6010566	100	Port Input	15	1210327	450	1
S6010566	100	Port Input	14	1210327	450	1
S6010566	100	Port Input	15	1210337	460	1
S6010566	100	Port Input	14	1210337	460	1
S6010566	100	Port Input	15	1210394	517	1
S6010566	100	Port Input	14	1225795	15918	1
S6010566	100	Response	222	1225795	15918	1
S6010566	100	Port Input	15	1225795	15918	1
S6010566	100	Port Input	14	1225795	15918	1
S6010566	101	Sound	20	1225796	0	5			0		hit	2044
S6010566	101	Port Input	15	1227496	1700	1
S6010566	101	Port Input	14	1227496	1700	1
S6010566	101	Port Input	15	1227496	1700	1
S6010566	101	Port Input	14	1227496	1701	1
S6010566	101	Port Input	15	1227497	1701	1
S6010566	101	Port Input	14	1227497	1701	1
S6010566	101	Port Input	15	1227498	1703	1
S6010566	101	Port Input	14	1227498	1703	1
S6010566	101	Port Input	15	1227498	1703	1
S6010566	101	Port Input	14	1227498	1703	1
S6010566	101	Port Input	15	1227499	1703	1
S6010566	101	Port Input	14	1227499	1703	1
S6010566	101	Port Input	15	1227499	1704	1
S6010566	101	Port Input	14	1227499	1704	1
S6010566	101	Port Input	15	1227500	1705	1
S6010566	101	Port Input	14	1227500	1705	1
S6010566	101	Port Input	15	1227501	1705	1
S6010566	101	Port Input	14	1227501	1705	1
S6010566	101	Port Input	15	1227501	1705	1
S6010566	101	Port Input	14	1227501	1705	1
S6010566	101	Port Input	15	1227501	1705	1
S6010566	101	Port Input	14	1227501	1705	1
S6010566	101	Port Input	15	1227501	1705	1
S6010566	101	Port Input	14	1227501	1706	1
S6010566	101	Port Input	15	1227501	1706	1
S6010566	101	Port Input	14	1227501	1706	1
S6010566	101	Port Input	15	1227501	1706	1
S6010566	101	Port Input	14	1227502	1706	1
S6010566	101	Port Input	15	1227502	1706	1
S6010566	101	Port Input	14	1227502	1706	1
S6010566	101	Port Input	15	1227502	1706	1
S6010566	101	Port Input	14	1227502	1706	1
S6010566	101	Port Input	15	1227502	1706	1
S6010566	101	Port Input	14	1227502	1706	1
S6010566	101	Port Input	15	1227502	1706	1
S6010566	101	Port Input	14	1227502	1707	1
S6010566	101	Port Input	15	1227503	1707	1
S6010566	101	Port Input	14	1227503	1707	1
S6010566	101	Port Input	15	1227503	1707	1
S6010566	101	Port Input	14	1227503	1707	1
S6010566	101	Port Input	15	1227503	1708	1
S6010566	101	Port Input	14	1227503	1708	1
S6010566	101	Port Input	15	1227503	1708	1
S6010566	101	Port Input	14	1227503	1708	1
S6010566	101	Port Input	15	1227503	1708	1
S6010566	101	Port Input	14	1227503	1708	1
S6010566	101	Port Input	15	1227503	1708	1
S6010566	101	Port Input	14	1237783	11988	1
S6010566	101	Response	222	1237783	11988	1
S6010566	102	Sound	20	1237784	0	5			0		other	0
S6010566	102	Port Input	15	1239342	1558	1
S6010566	102	Port Input	14	1239342	1558	1
S6010566	102	Port Input	15	1239342	1558	1
S6010566	102	Port Input	14	1239342	1558	1
S6010566	102	Port Input	15	1239342	1558	1
S6010566	102	Port Input	14	1239342	1558	1
S6010566	102	Port Input	15	1239344	1560	1
S6010566	102	Port Input	14	1239344	1561	1
S6010566	102	Port Input	15	1239345	1561	1
S6010566	102	Port Input	14	1239345	1561	1
S6010566	102	Port Input	15	1239345	1561	1
S6010566	103	Port Input	14	1250985	3201	1
S6010566	103	Response	20	1250985	3201	1
S6010566	103	Port Input	15	1250985	3201	1
S6010566	103	Port Input	14	1250986	3201	1
S6010566	103	Port Input	15	1250986	3201	1
S6010566	103	Port Input	14	1250986	3202	1
S6010566	103	Port Input	15	1251991	4206	1
S6010566	103	Port Input	14	1251991	4206	1
S6010566	103	Port Input	15	1251991	4207	1

The following output port codes were not sent because of a conflict on the port.
Port	Code	Time(ms)
1	20	123788
