Scenario - Push Button + tone (0ms)
Logfile written - 07/13/2023 12:34:39

Subject	Trial	Event Type	Code	Time	TTime	Uncertainty	Duration	Uncertainty	ReqTime	ReqDur	Stim Type	Pair Index

S6012531	1	Picture	start	69	0	1	40554	1	0	next	other	0
S6012531	3	Nothing	nothing	45124	0	1			0		hit	4
S6012531	3	Port Input	14	51294	6171	1
S6012531	3	Response	222	51294	6171	1
S6012531	4	Sound	20	51306	0	264			0		hit	12
S6012531	4	Port Input	15	54012	2706	1
S6012531	4	Port Input	14	54012	2706	1
S6012531	4	Port Input	15	54012	2706	1
S6012531	4	Port Input	14	54012	2706	1
S6012531	4	Port Input	15	54012	2706	1
S6012531	4	Port Input	14	60249	8943	1
S6012531	4	Response	222	60249	8943	1
S6012531	4	Port Input	15	60249	8943	1
S6012531	4	Port Input	14	60249	8944	5
S6012531	5	Sound	20	60250	0	4			0		hit	22
S6012531	5	Port Input	15	60254	4	1
S6012531	5	Port Input	14	60254	4	1
S6012531	5	Port Input	15	62243	1994	1
S6012531	5	Port Input	14	62243	1994	1
S6012531	5	Port Input	15	62243	1994	1
S6012531	5	Port Input	14	68376	8126	1
S6012531	5	Response	222	68376	8126	1
S6012531	5	Port Input	15	68376	8126	1
S6012531	5	Port Input	14	68376	8126	1
S6012531	6	Sound	20	68376	0	4			0		hit	32
S6012531	6	Port Input	15	70539	2163	1
S6012531	6	Port Input	14	70539	2163	1
S6012531	6	Port Input	15	70540	2163	1
S6012531	6	Port Input	14	70540	2163	1
S6012531	6	Port Input	15	70540	2163	1
S6012531	6	Port Input	14	76940	8564	1
S6012531	6	Response	222	76940	8564	1
S6012531	7	Sound	20	76941	0	4			0		hit	42
S6012531	7	Port Input	15	79083	2142	1
S6012531	7	Port Input	14	79083	2142	1
S6012531	7	Port Input	15	79083	2143	1
S6012531	7	Port Input	14	79084	2143	1
S6012531	7	Port Input	15	79087	2147	1
S6012531	7	Port Input	14	79087	2147	1
S6012531	7	Port Input	15	79088	2147	1
S6012531	7	Port Input	14	85064	8123	1
S6012531	7	Response	222	85064	8123	1
S6012531	7	Port Input	15	85064	8123	1
S6012531	7	Port Input	14	85064	8124	4
S6012531	8	Sound	20	85064	0	4			0		hit	48
S6012531	8	Port Input	15	87196	2132	1
S6012531	8	Port Input	14	93612	8548	1
S6012531	8	Response	222	93612	8548	1
S6012531	9	Sound	20	93613	0	4			0		hit	52
S6012531	9	Port Input	15	95875	2262	1
S6012531	9	Port Input	14	102332	8719	1
S6012531	9	Response	222	102332	8719	1
S6012531	10	Sound	20	102333	0	4			0		hit	62
S6012531	10	Port Input	15	104013	1680	1
S6012531	10	Port Input	14	104013	1680	1
S6012531	10	Port Input	15	104014	1681	1
S6012531	10	Port Input	14	104014	1681	1
S6012531	10	Port Input	15	104014	1681	1
S6012531	10	Port Input	14	104014	1681	1
S6012531	10	Port Input	15	104014	1681	1
S6012531	10	Port Input	14	111265	8932	1
S6012531	10	Response	222	111265	8932	1
S6012531	11	Sound	20	111266	0	4			0		hit	66
S6012531	11	Port Input	15	113125	1860	1
S6012531	11	Port Input	14	119456	8190	1
S6012531	11	Response	222	119456	8190	1
S6012531	12	Sound	20	119457	0	4			0		hit	70
S6012531	12	Port Input	15	121150	1693	1
S6012531	12	Port Input	14	128062	8605	1
S6012531	12	Response	222	128062	8605	1
S6012531	13	Sound	20	128062	0	4			0		hit	78
S6012531	13	Port Input	15	129927	1864	1
S6012531	13	Port Input	14	129927	1864	1
S6012531	13	Port Input	15	129927	1864	1
S6012531	13	Port Input	14	129927	1864	1
S6012531	13	Port Input	15	129927	1864	1
S6012531	13	Port Input	14	136896	8834	1
S6012531	13	Response	222	136896	8834	1
S6012531	14	Sound	20	136897	0	4			0		hit	82
S6012531	14	Port Input	15	138932	2035	1
S6012531	14	Port Input	14	146846	9949	1
S6012531	14	Response	222	146846	9949	1
S6012531	14	Port Input	15	146846	9949	1
S6012531	14	Port Input	14	146846	9949	1
S6012531	14	Port Input	15	146846	9949	1
S6012531	14	Port Input	14	146846	9949	1
S6012531	15	Sound	20	146846	0	4			0		hit	90
S6012531	15	Port Input	15	148813	1967	1
S6012531	15	Port Input	14	155147	8301	1
S6012531	15	Response	222	155147	8301	1
S6012531	15	Port Input	15	155148	8301	1
S6012531	15	Port Input	14	155148	8302	5
S6012531	16	Sound	20	155148	0	4			0		hit	96
S6012531	16	Port Input	15	156557	1409	1
S6012531	16	Port Input	14	162960	7812	1
S6012531	16	Response	222	162960	7812	1
S6012531	17	Sound	20	162961	0	4			0		hit	102
S6012531	17	Port Input	15	164544	1584	1
S6012531	17	Port Input	14	164544	1584	1
S6012531	17	Port Input	15	164545	1584	1
S6012531	17	Port Input	14	170336	7375	1
S6012531	17	Response	222	170336	7375	1
S6012531	18	Sound	20	170337	0	4			0		hit	106
S6012531	18	Port Input	15	172352	2015	1
S6012531	18	Port Input	14	178141	7804	1
S6012531	18	Response	222	178141	7804	1
S6012531	19	Sound	20	178141	0	4			0		hit	114
S6012531	19	Port Input	15	180426	2284	1
S6012531	19	Port Input	14	180426	2284	1
S6012531	19	Port Input	15	180426	2285	1
S6012531	19	Port Input	14	180426	2285	1
S6012531	19	Port Input	15	180426	2285	1
S6012531	19	Port Input	14	186989	8848	1
S6012531	19	Response	222	186989	8848	1
S6012531	20	Sound	20	186990	0	4			0		hit	118
S6012531	20	Port Input	15	188924	1934	1
S6012531	20	Port Input	14	194607	7617	1
S6012531	20	Response	222	194607	7617	1
S6012531	21	Sound	20	194608	0	4			0		hit	122
S6012531	21	Port Input	15	196660	2052	1
S6012531	21	Port Input	14	204302	9694	1
S6012531	21	Response	222	204302	9694	1
S6012531	22	Sound	20	204302	0	5			0		hit	126
S6012531	22	Port Input	15	206009	1707	1
S6012531	22	Port Input	14	212015	7713	1
S6012531	22	Response	222	212015	7713	1
S6012531	22	Port Input	15	212015	7713	1
S6012531	22	Port Input	14	212016	7713	5
S6012531	23	Sound	20	212016	0	4			0		hit	140
S6012531	23	Port Input	15	212020	4	1
S6012531	23	Port Input	14	212020	4	1
S6012531	23	Port Input	15	212020	4	1
S6012531	23	Port Input	14	212020	4	1
S6012531	23	Port Input	15	212020	4	1
S6012531	23	Port Input	14	212020	4	1
S6012531	23	Port Input	15	213846	1830	1
S6012531	23	Port Input	14	213846	1830	1
S6012531	23	Port Input	15	213846	1830	1
S6012531	23	Port Input	14	220244	8228	1
S6012531	23	Response	222	220244	8228	1
S6012531	24	Sound	20	220245	0	5			0		hit	146
S6012531	24	Port Input	15	221185	940	1
S6012531	24	Port Input	14	221185	940	1
S6012531	24	Port Input	15	221187	942	1
S6012531	24	Port Input	14	228661	8416	1
S6012531	24	Response	222	228661	8416	1
S6012531	24	Port Input	15	228661	8416	1
S6012531	24	Port Input	14	228661	8416	1
S6012531	25	Sound	20	228662	0	4			0		hit	152
S6012531	25	Port Input	15	230113	1451	1
S6012531	25	Port Input	14	236930	8268	1
S6012531	25	Response	222	236930	8268	1
S6012531	25	Port Input	15	236930	8268	1
S6012531	25	Port Input	14	236931	8269	4
S6012531	26	Sound	20	236931	0	4			0		hit	162
S6012531	26	Port Input	15	238336	1405	1
S6012531	26	Port Input	14	238336	1405	1
S6012531	26	Port Input	15	238337	1406	1
S6012531	26	Port Input	14	238337	1406	1
S6012531	26	Port Input	15	238337	1406	1
S6012531	26	Port Input	14	245243	8313	1
S6012531	26	Response	222	245243	8313	1
S6012531	27	Sound	20	245244	0	4			0		hit	208
S6012531	27	Port Input	15	245249	4	1
S6012531	27	Port Input	14	245249	4	1
S6012531	27	Port Input	15	245249	4	1
S6012531	27	Port Input	14	245249	4	1
S6012531	27	Port Input	15	245249	5	1
S6012531	27	Port Input	14	245249	5	1
S6012531	27	Port Input	15	245256	12	1
S6012531	27	Port Input	14	245256	12	1
S6012531	27	Port Input	15	245258	14	1
S6012531	27	Port Input	14	245258	14	1
S6012531	27	Port Input	15	245260	16	1
S6012531	27	Port Input	14	245260	16	1
S6012531	27	Port Input	15	245263	18	1
S6012531	27	Port Input	14	245263	18	1
S6012531	27	Port Input	15	245263	19	1
S6012531	27	Port Input	14	245263	19	1
S6012531	27	Port Input	15	245263	19	1
S6012531	27	Port Input	14	245263	19	1
S6012531	27	Port Input	15	245264	19	1
S6012531	27	Port Input	14	245264	19	1
S6012531	27	Port Input	15	245264	20	1
S6012531	27	Port Input	14	245264	20	1
S6012531	27	Port Input	15	245265	21	1
S6012531	27	Port Input	14	245265	21	1
S6012531	27	Port Input	15	245266	22	1
S6012531	27	Port Input	14	245266	22	1
S6012531	27	Port Input	15	245275	31	1
S6012531	27	Port Input	14	245275	31	1
S6012531	27	Port Input	15	245276	32	1
S6012531	27	Port Input	14	245276	32	1
S6012531	27	Port Input	15	245277	32	1
S6012531	27	Port Input	14	245277	32	1
S6012531	27	Port Input	15	245277	33	1
S6012531	27	Port Input	14	245277	33	1
S6012531	27	Port Input	15	245282	37	1
S6012531	27	Port Input	14	245282	38	1
S6012531	27	Port Input	15	245289	44	1
S6012531	27	Port Input	14	245289	44	1
S6012531	27	Port Input	15	245289	45	1
S6012531	27	Port Input	14	245289	45	1
S6012531	27	Port Input	15	246934	1690	1
S6012531	27	Port Input	14	246934	1690	1
S6012531	27	Port Input	15	246934	1690	1
S6012531	27	Port Input	14	252541	7297	1
S6012531	27	Response	222	252541	7297	1
S6012531	27	Port Input	15	252542	7298	1
S6012531	27	Port Input	14	252542	7298	1
S6012531	28	Sound	20	252542	0	5			0		hit	220
S6012531	28	Port Input	15	254097	1555	1
S6012531	28	Port Input	14	254097	1555	1
S6012531	28	Port Input	15	254097	1555	1
S6012531	28	Port Input	14	254097	1555	1
S6012531	28	Port Input	15	254097	1555	1
S6012531	28	Port Input	14	254097	1555	1
S6012531	28	Port Input	15	254097	1555	1
S6012531	28	Port Input	14	261719	9177	1
S6012531	28	Response	222	261719	9177	1
S6012531	29	Sound	20	261720	0	4			0		hit	276
S6012531	29	Port Input	15	261725	6	1
S6012531	29	Port Input	14	261725	6	1
S6012531	29	Port Input	15	261726	6	1
S6012531	29	Port Input	14	261726	7	1
S6012531	29	Port Input	15	261727	7	1
S6012531	29	Port Input	14	261727	7	1
S6012531	29	Port Input	15	261728	8	1
S6012531	29	Port Input	14	261728	8	1
S6012531	29	Port Input	15	261728	9	1
S6012531	29	Port Input	14	261728	9	1
S6012531	29	Port Input	15	261733	14	1
S6012531	29	Port Input	14	261733	14	1
S6012531	29	Port Input	15	261734	14	1
S6012531	29	Port Input	14	261734	14	1
S6012531	29	Port Input	15	261734	15	1
S6012531	29	Port Input	14	261734	15	1
S6012531	29	Port Input	15	261736	16	1
S6012531	29	Port Input	14	261736	16	1
S6012531	29	Port Input	15	261736	17	1
S6012531	29	Port Input	14	261736	17	1
S6012531	29	Port Input	15	261736	17	1
S6012531	29	Port Input	14	261736	17	1
S6012531	29	Port Input	15	261737	17	1
S6012531	29	Port Input	14	261737	17	1
S6012531	29	Port Input	15	261738	18	1
S6012531	29	Port Input	14	261738	18	1
S6012531	29	Port Input	15	261740	20	1
S6012531	29	Port Input	14	261740	20	1
S6012531	29	Port Input	15	261740	21	1
S6012531	29	Port Input	14	261740	21	1
S6012531	29	Port Input	15	261741	21	1
S6012531	29	Port Input	14	261741	21	1
S6012531	29	Port Input	15	261742	23	1
S6012531	29	Port Input	14	261742	23	1
S6012531	29	Port Input	15	261747	27	1
S6012531	29	Port Input	14	261747	27	1
S6012531	29	Port Input	15	261747	27	1
S6012531	29	Port Input	14	261747	28	1
S6012531	29	Port Input	15	261747	28	1
S6012531	29	Port Input	14	261747	28	1
S6012531	29	Port Input	15	261748	28	1
S6012531	29	Port Input	14	261748	28	1
S6012531	29	Port Input	15	261748	28	1
S6012531	29	Port Input	14	261748	28	1
S6012531	29	Port Input	15	261755	36	1
S6012531	29	Port Input	14	261755	36	1
S6012531	29	Port Input	15	261764	45	1
S6012531	29	Port Input	14	261764	45	1
S6012531	29	Port Input	15	261767	47	1
S6012531	29	Port Input	14	261767	47	1
S6012531	29	Port Input	15	262601	882	1
S6012531	29	Port Input	14	262601	882	1
S6012531	29	Port Input	15	262601	882	1
S6012531	29	Port Input	14	268849	7130	1
S6012531	29	Response	222	268849	7130	1
S6012531	29	Port Input	15	268850	7130	1
S6012531	29	Port Input	14	268850	7130	1
S6012531	30	Sound	20	268850	0	5			0		hit	282
S6012531	30	Port Input	15	270086	1236	1
S6012531	30	Port Input	14	275574	6725	1
S6012531	30	Response	222	275574	6725	1
S6012531	31	Sound	20	275575	0	4			0		hit	286
S6012531	31	Port Input	15	277093	1518	1
S6012531	31	Port Input	14	282658	7083	1
S6012531	31	Response	222	282658	7083	1
S6012531	32	Sound	20	282659	0	4			0		hit	292
S6012531	32	Port Input	15	284048	1388	1
S6012531	32	Port Input	14	284048	1388	1
S6012531	32	Port Input	15	284048	1388	1
S6012531	32	Port Input	14	289318	6659	1
S6012531	32	Response	222	289318	6659	1
S6012531	32	Port Input	15	289318	6659	1
S6012531	32	Port Input	14	289318	6659	1
S6012531	33	Sound	20	289319	0	4			0		hit	324
S6012531	33	Port Input	15	289323	4	1
S6012531	33	Port Input	14	289323	4	1
S6012531	33	Port Input	15	289324	5	1
S6012531	33	Port Input	14	289324	5	1
S6012531	33	Port Input	15	289324	5	1
S6012531	33	Port Input	14	289324	5	1
S6012531	33	Port Input	15	289324	5	1
S6012531	33	Port Input	14	289324	5	1
S6012531	33	Port Input	15	289324	6	1
S6012531	33	Port Input	14	289325	6	1
S6012531	33	Port Input	15	289325	6	1
S6012531	33	Port Input	14	289325	6	1
S6012531	33	Port Input	15	289325	6	1
S6012531	33	Port Input	14	289325	6	1
S6012531	33	Port Input	15	289325	6	1
S6012531	33	Port Input	14	289327	8	1
S6012531	33	Port Input	15	289327	8	1
S6012531	33	Port Input	14	289327	9	1
S6012531	33	Port Input	15	289328	9	1
S6012531	33	Port Input	14	289328	9	1
S6012531	33	Port Input	15	289328	9	1
S6012531	33	Port Input	14	289328	9	1
S6012531	33	Port Input	15	289329	10	1
S6012531	33	Port Input	14	289329	10	1
S6012531	33	Port Input	15	291016	1697	1
S6012531	33	Port Input	14	291016	1697	1
S6012531	33	Port Input	15	291017	1698	1
S6012531	33	Port Input	14	301394	12075	1
S6012531	33	Response	222	301394	12075	1
S6012531	34	Sound	20	301395	0	4			0		hit	328
S6012531	34	Port Input	15	302898	1503	1
S6012531	34	Port Input	14	309647	8252	1
S6012531	34	Response	222	309647	8252	1
S6012531	35	Sound	20	309647	0	5			0		hit	332
S6012531	35	Port Input	15	311277	1629	1
S6012531	35	Port Input	14	318117	8470	1
S6012531	35	Response	222	318117	8470	1
S6012531	35	Port Input	15	318117	8470	1
S6012531	35	Port Input	14	318118	8470	1
S6012531	36	Sound	20	318118	0	4			0		hit	338
S6012531	36	Port Input	15	319579	1461	1
S6012531	36	Port Input	14	325937	7819	1
S6012531	36	Response	222	325937	7819	1
S6012531	37	Sound	20	325938	0	4			0		hit	342
S6012531	37	Port Input	15	327302	1365	1
S6012531	37	Port Input	14	332901	6964	1
S6012531	37	Response	222	332901	6964	1
S6012531	38	Sound	20	332902	0	4			0		hit	348
S6012531	38	Port Input	15	334333	1432	1
S6012531	38	Port Input	14	334333	1432	1
S6012531	38	Port Input	15	334334	1432	1
S6012531	38	Port Input	14	340853	7952	1
S6012531	38	Response	222	340853	7952	1
S6012531	39	Sound	20	340854	0	4			0		hit	358
S6012531	39	Port Input	15	342335	1481	1
S6012531	39	Port Input	14	342335	1481	1
S6012531	39	Port Input	15	342335	1481	1
S6012531	39	Port Input	14	342336	1481	1
S6012531	39	Port Input	15	342336	1481	1
S6012531	39	Port Input	14	342336	1481	1
S6012531	39	Port Input	15	342336	1482	1
S6012531	39	Port Input	14	348119	7265	1
S6012531	39	Response	222	348119	7265	1
S6012531	39	Port Input	15	348120	7265	1
S6012531	39	Port Input	14	348120	7266	4
S6012531	40	Sound	20	348120	0	4			0		hit	364
S6012531	40	Port Input	15	349640	1520	1
S6012531	40	Port Input	14	355800	7680	1
S6012531	40	Response	222	355800	7680	1
S6012531	41	Sound	20	355800	0	5			0		hit	368
S6012531	41	Port Input	15	357083	1283	1
S6012531	41	Port Input	14	363956	8156	1
S6012531	41	Response	222	363956	8156	1
S6012531	42	Sound	20	363957	0	4			0		hit	398
S6012531	42	Port Input	15	363965	8	1
S6012531	42	Port Input	14	363966	9	1
S6012531	42	Port Input	15	363968	11	1
S6012531	42	Port Input	14	363968	11	1
S6012531	42	Port Input	15	363968	11	1
S6012531	42	Port Input	14	363969	12	1
S6012531	42	Port Input	15	363970	13	1
S6012531	42	Port Input	14	363970	13	1
S6012531	42	Port Input	15	363970	13	1
S6012531	42	Port Input	14	363979	22	1
S6012531	42	Port Input	15	363980	23	1
S6012531	42	Port Input	14	363980	23	1
S6012531	42	Port Input	15	363981	24	1
S6012531	42	Port Input	14	363981	24	1
S6012531	42	Port Input	15	363982	25	1
S6012531	42	Port Input	14	363982	25	1
S6012531	42	Port Input	15	363984	26	1
S6012531	42	Port Input	14	363984	26	1
S6012531	42	Port Input	15	363984	27	1
S6012531	42	Port Input	14	363992	35	1
S6012531	42	Port Input	15	363993	36	1
S6012531	42	Port Input	14	363993	36	1
S6012531	42	Port Input	15	363995	38	1
S6012531	42	Port Input	14	363995	38	1
S6012531	42	Port Input	15	363997	40	1
S6012531	42	Port Input	14	363997	40	1
S6012531	42	Port Input	15	364581	624	1
S6012531	42	Port Input	14	370741	6784	1
S6012531	42	Response	222	370741	6784	1
S6012531	43	Sound	20	370742	0	4			0		hit	402
S6012531	43	Port Input	15	371926	1183	1
S6012531	43	Port Input	14	378250	7508	1
S6012531	43	Response	222	378250	7508	1
S6012531	44	Sound	20	378251	0	4			0		hit	470
S6012531	44	Port Input	15	378255	4	1
S6012531	44	Port Input	14	378255	4	1
S6012531	44	Port Input	15	378255	5	1
S6012531	44	Port Input	14	378256	5	1
S6012531	44	Port Input	15	378258	8	1
S6012531	44	Port Input	14	378259	9	1
S6012531	44	Port Input	15	378261	10	1
S6012531	44	Port Input	14	378261	11	1
S6012531	44	Port Input	15	378271	20	1
S6012531	44	Port Input	14	378271	20	1
S6012531	44	Port Input	15	378275	25	1
S6012531	44	Port Input	14	378275	25	1
S6012531	44	Port Input	15	378276	26	1
S6012531	44	Port Input	14	378276	26	1
S6012531	44	Port Input	15	378277	27	1
S6012531	44	Port Input	14	378283	32	1
S6012531	44	Port Input	15	378284	33	1
S6012531	44	Port Input	14	378291	40	1
S6012531	44	Port Input	15	378316	65	1
S6012531	44	Port Input	14	378316	66	1
S6012531	44	Port Input	15	378318	67	1
S6012531	44	Port Input	14	378318	67	1
S6012531	44	Port Input	15	378319	69	1
S6012531	44	Port Input	14	378319	69	1
S6012531	44	Port Input	15	378320	69	1
S6012531	44	Port Input	14	378320	69	1
S6012531	44	Port Input	15	378322	71	1
S6012531	44	Port Input	14	378322	71	1
S6012531	44	Port Input	15	378330	79	1
S6012531	44	Port Input	14	378330	80	1
S6012531	44	Port Input	15	378350	100	1
S6012531	44	Port Input	14	378350	100	1
S6012531	44	Port Input	15	378441	191	1
S6012531	44	Port Input	14	378441	191	1
S6012531	44	Port Input	15	378905	655	1
S6012531	44	Port Input	14	378905	655	1
S6012531	44	Port Input	15	378905	655	1
S6012531	44	Port Input	14	378906	655	1
S6012531	44	Port Input	15	378906	655	1
S6012531	44	Port Input	14	378906	655	1
S6012531	44	Port Input	15	378981	730	1
S6012531	44	Port Input	14	378981	730	1
S6012531	44	Port Input	15	378981	730	1
S6012531	44	Port Input	14	378981	730	1
S6012531	44	Port Input	15	378981	730	1
S6012531	44	Port Input	14	378992	742	1
S6012531	44	Port Input	15	378993	743	1
S6012531	44	Port Input	14	378993	743	1
S6012531	44	Port Input	15	378994	743	1
S6012531	44	Port Input	14	378994	743	1
S6012531	44	Port Input	15	378994	743	1
S6012531	44	Port Input	14	378994	743	1
S6012531	44	Port Input	15	378994	744	1
S6012531	44	Port Input	14	378994	744	1
S6012531	44	Port Input	15	378994	744	1
S6012531	44	Port Input	14	378994	744	1
S6012531	44	Port Input	15	379049	799	1
S6012531	44	Port Input	14	379049	799	1
S6012531	44	Port Input	15	379049	799	1
S6012531	44	Port Input	14	379049	799	1
S6012531	44	Port Input	15	379050	799	1
S6012531	44	Port Input	14	379050	799	1
S6012531	44	Port Input	15	379050	799	1
S6012531	44	Port Input	14	379050	799	1
S6012531	44	Port Input	15	379050	800	1
S6012531	44	Port Input	14	385523	7273	1
S6012531	44	Response	222	385523	7273	1
S6012531	45	Sound	20	385524	0	4			0		hit	476
S6012531	45	Port Input	15	387120	1596	1
S6012531	45	Port Input	14	387120	1596	1
S6012531	45	Port Input	15	387120	1596	1
S6012531	45	Port Input	14	393373	7849	1
S6012531	45	Response	222	393373	7849	1
S6012531	46	Sound	20	393374	0	4			0		hit	480
S6012531	46	Port Input	15	394883	1509	1
S6012531	46	Port Input	14	401221	7847	1
S6012531	46	Response	222	401221	7847	1
S6012531	46	Port Input	15	401221	7847	1
S6012531	46	Port Input	14	401222	7848	4
S6012531	47	Sound	20	401222	0	4			0		hit	488
S6012531	47	Port Input	15	402678	1456	1
S6012531	47	Port Input	14	402678	1456	1
S6012531	47	Port Input	15	402678	1456	1
S6012531	47	Port Input	14	409575	8353	1
S6012531	47	Response	222	409575	8353	1
S6012531	47	Port Input	15	409575	8353	1
S6012531	48	Sound	20	409575	0	5			0		hit	554
S6012531	48	Port Input	14	409579	4	1
S6012531	48	Port Input	15	409581	5	1
S6012531	48	Port Input	14	409581	5	1
S6012531	48	Port Input	15	409581	6	1
S6012531	48	Port Input	14	409581	6	1
S6012531	48	Port Input	15	409581	6	1
S6012531	48	Port Input	14	409581	6	1
S6012531	48	Port Input	15	409582	6	1
S6012531	48	Port Input	14	409582	6	1
S6012531	48	Port Input	15	409582	7	1
S6012531	48	Port Input	14	409582	7	1
S6012531	48	Port Input	15	409583	7	1
S6012531	48	Port Input	14	409583	8	1
S6012531	48	Port Input	15	409583	8	1
S6012531	48	Port Input	14	409583	8	1
S6012531	48	Port Input	15	409584	8	1
S6012531	48	Port Input	14	409584	8	1
S6012531	48	Port Input	15	409584	9	1
S6012531	48	Port Input	14	409585	9	1
S6012531	48	Port Input	15	409586	10	1
S6012531	48	Port Input	14	409586	10	1
S6012531	48	Port Input	15	409586	11	1
S6012531	48	Port Input	14	409586	11	1
S6012531	48	Port Input	15	409589	13	1
S6012531	48	Port Input	14	409589	13	1
S6012531	48	Port Input	15	409589	13	1
S6012531	48	Port Input	14	409589	13	1
S6012531	48	Port Input	15	409589	14	1
S6012531	48	Port Input	14	409589	14	1
S6012531	48	Port Input	15	409589	14	1
S6012531	48	Port Input	14	409589	14	1
S6012531	48	Port Input	15	409593	17	1
S6012531	48	Port Input	14	409593	17	1
S6012531	48	Port Input	15	409593	18	1
S6012531	48	Port Input	14	409593	18	1
S6012531	48	Port Input	15	409593	18	1
S6012531	48	Port Input	14	409593	18	1
S6012531	48	Port Input	15	409594	19	1
S6012531	48	Port Input	14	409594	19	1
S6012531	48	Port Input	15	409595	19	1
S6012531	48	Port Input	14	409595	19	1
S6012531	48	Port Input	15	409596	20	1
S6012531	48	Port Input	14	409596	20	1
S6012531	48	Port Input	15	409597	22	1
S6012531	48	Port Input	14	409597	22	1
S6012531	48	Port Input	15	409612	37	1
S6012531	48	Port Input	14	409612	37	1
S6012531	48	Port Input	15	409617	41	1
S6012531	48	Port Input	14	409617	41	1
S6012531	48	Port Input	15	411029	1454	1
S6012531	48	Port Input	14	411029	1454	1
S6012531	48	Port Input	15	411029	1454	1
S6012531	48	Port Input	14	411029	1454	1
S6012531	48	Port Input	15	411030	1454	1
S6012531	48	Port Input	14	411030	1454	1
S6012531	48	Port Input	15	411030	1454	1
S6012531	48	Port Input	14	411030	1454	1
S6012531	48	Port Input	15	411030	1455	1
S6012531	48	Port Input	14	411030	1455	1
S6012531	48	Port Input	15	411031	1456	1
S6012531	48	Port Input	14	411031	1456	1
S6012531	48	Port Input	15	411032	1456	1
S6012531	48	Port Input	14	417029	7453	1
S6012531	48	Response	222	417029	7453	1
S6012531	48	Port Input	15	417029	7454	1
S6012531	48	Port Input	14	417029	7454	1
S6012531	49	Sound	20	417030	0	4			0		hit	560
S6012531	49	Port Input	15	418741	1711	1
S6012531	49	Port Input	14	425814	8784	1
S6012531	49	Response	222	425814	8784	1
S6012531	49	Port Input	15	425814	8784	1
S6012531	49	Port Input	14	425814	8785	1
S6012531	50	Sound	20	425815	0	4			0		hit	602
S6012531	50	Port Input	15	425819	4	1
S6012531	50	Port Input	14	425819	4	1
S6012531	50	Port Input	15	425819	5	1
S6012531	50	Port Input	14	425819	5	1
S6012531	50	Port Input	15	425820	5	1
S6012531	50	Port Input	14	425820	5	1
S6012531	50	Port Input	15	425821	7	1
S6012531	50	Port Input	14	425821	7	1
S6012531	50	Port Input	15	425822	7	1
S6012531	50	Port Input	14	425822	8	1
S6012531	50	Port Input	15	425822	8	1
S6012531	50	Port Input	14	425823	8	1
S6012531	50	Port Input	15	425823	8	1
S6012531	50	Port Input	14	425823	8	1
S6012531	50	Port Input	15	425823	9	1
S6012531	50	Port Input	14	425823	9	1
S6012531	50	Port Input	15	425825	10	1
S6012531	50	Port Input	14	425825	10	1
S6012531	50	Port Input	15	427148	1333	1
S6012531	50	Port Input	14	427148	1333	1
S6012531	50	Port Input	15	427149	1334	1
S6012531	50	Port Input	14	427149	1334	1
S6012531	50	Port Input	15	427150	1336	1
S6012531	50	Port Input	14	427150	1336	1
S6012531	50	Port Input	15	427157	1342	1
S6012531	50	Port Input	14	427157	1342	1
S6012531	50	Port Input	15	427157	1342	1
S6012531	50	Port Input	14	427157	1343	1
S6012531	50	Port Input	15	427159	1344	1
S6012531	50	Port Input	14	427159	1344	1
S6012531	50	Port Input	15	427161	1346	1
S6012531	50	Port Input	14	427161	1346	1
S6012531	50	Port Input	15	427170	1356	1
S6012531	50	Port Input	14	427171	1356	1
S6012531	50	Port Input	15	427171	1356	1
S6012531	50	Port Input	14	427171	1356	1
S6012531	50	Port Input	15	427171	1356	1
S6012531	50	Port Input	14	433626	7812	1
S6012531	50	Response	222	433626	7812	1
S6012531	51	Sound	20	433627	0	4			0		hit	608
S6012531	51	Port Input	15	433632	5	1
S6012531	51	Port Input	14	433632	5	1
S6012531	51	Port Input	15	434616	989	1
S6012531	51	Port Input	14	441086	7459	1
S6012531	51	Response	222	441086	7459	1
S6012531	52	Sound	20	441087	0	5			0		hit	614
S6012531	52	Port Input	15	442532	1445	1
S6012531	52	Port Input	14	442532	1445	1
S6012531	52	Port Input	15	442532	1446	1
S6012531	52	Port Input	14	449819	8732	1
S6012531	52	Response	222	449819	8732	1
S6012531	53	Sound	20	449820	0	4			0		hit	618
S6012531	53	Port Input	15	451291	1471	1
S6012531	53	Port Input	14	457446	7626	1
S6012531	53	Response	222	457446	7626	1
S6012531	54	Sound	20	457447	0	5			0		hit	622
S6012531	54	Port Input	15	459114	1668	1
S6012531	54	Port Input	14	466356	8910	1
S6012531	54	Response	222	466356	8910	1
S6012531	55	Sound	20	466357	0	4			0		hit	628
S6012531	55	Port Input	15	466363	6	1
S6012531	55	Port Input	14	466363	6	1
S6012531	55	Port Input	15	467565	1208	1
S6012531	55	Port Input	14	474277	7919	1
S6012531	55	Response	222	474277	7919	1
S6012531	56	Sound	20	474277	0	4			0		hit	636
S6012531	56	Port Input	15	475800	1523	1
S6012531	56	Port Input	14	475800	1523	1
S6012531	56	Port Input	15	475800	1523	1
S6012531	56	Port Input	14	475800	1523	1
S6012531	56	Port Input	15	475800	1523	1
S6012531	56	Port Input	14	482621	8344	1
S6012531	56	Response	222	482621	8344	1
S6012531	57	Sound	20	482622	0	4			0		hit	640
S6012531	57	Port Input	15	484380	1758	1
S6012531	57	Port Input	14	491325	8703	1
S6012531	57	Response	222	491325	8703	1
S6012531	58	Sound	20	491325	0	4			0		hit	652
S6012531	58	Port Input	15	492894	1569	1
S6012531	58	Port Input	14	492894	1569	1
S6012531	58	Port Input	15	492894	1569	1
S6012531	58	Port Input	14	492894	1569	1
S6012531	58	Port Input	15	492894	1569	1
S6012531	58	Port Input	14	492894	1569	1
S6012531	58	Port Input	15	492895	1569	1
S6012531	58	Port Input	14	492895	1569	1
S6012531	58	Port Input	15	492895	1569	1
S6012531	58	Port Input	14	499699	8373	1
S6012531	58	Response	222	499699	8373	1
S6012531	59	Sound	20	499700	0	4			0		hit	660
S6012531	59	Port Input	15	501177	1478	1
S6012531	59	Port Input	14	501177	1478	1
S6012531	59	Port Input	15	501177	1478	1
S6012531	59	Port Input	14	501177	1478	1
S6012531	59	Port Input	15	501178	1478	1
S6012531	59	Port Input	14	508554	8855	1
S6012531	59	Response	222	508554	8855	1
S6012531	59	Port Input	15	508554	8855	1
S6012531	59	Port Input	14	508555	8856	5
S6012531	60	Sound	20	508555	0	4			0		hit	670
S6012531	60	Port Input	15	509641	1086	1
S6012531	60	Port Input	14	509641	1086	1
S6012531	60	Port Input	15	509641	1086	1
S6012531	60	Port Input	14	509641	1086	1
S6012531	60	Port Input	15	509642	1086	1
S6012531	60	Port Input	14	516131	7576	1
S6012531	60	Response	222	516131	7576	1
S6012531	61	Sound	20	516132	0	4			0		hit	674
S6012531	61	Port Input	15	517589	1458	1
S6012531	61	Port Input	14	523915	7783	1
S6012531	61	Response	222	523915	7783	1
S6012531	62	Sound	20	523916	0	4			0		hit	682
S6012531	62	Port Input	15	525224	1308	1
S6012531	62	Port Input	14	525224	1308	1
S6012531	62	Port Input	15	525224	1308	1
S6012531	62	Port Input	14	525224	1308	1
S6012531	62	Port Input	15	525224	1308	1
S6012531	62	Port Input	14	530943	7028	1
S6012531	62	Response	222	530943	7028	1
S6012531	62	Port Input	15	530944	7028	1
S6012531	62	Port Input	14	530944	7028	1
S6012531	63	Sound	20	530944	0	4			0		hit	690
S6012531	63	Port Input	15	530949	5	1
S6012531	63	Port Input	14	530949	5	1
S6012531	63	Port Input	15	531882	938	1
S6012531	63	Port Input	14	538854	7910	1
S6012531	63	Response	222	538854	7910	1
S6012531	63	Port Input	15	538854	7910	1
S6012531	63	Port Input	14	538855	7911	4
S6012531	64	Sound	20	538855	0	4			0		hit	698
S6012531	64	Port Input	15	538859	4	1
S6012531	64	Port Input	14	538859	4	1
S6012531	64	Port Input	15	540213	1359	1
S6012531	64	Port Input	14	547013	8159	1
S6012531	64	Response	222	547013	8159	1
S6012531	65	Sound	20	547014	0	4			0		hit	704
S6012531	65	Port Input	15	548583	1569	1
S6012531	65	Port Input	14	548583	1569	1
S6012531	65	Port Input	15	548583	1569	1
S6012531	65	Port Input	14	555131	8117	1
S6012531	65	Response	222	555131	8117	1
S6012531	66	Sound	20	555132	0	5			0		hit	712
S6012531	66	Port Input	15	556304	1172	1
S6012531	66	Port Input	14	556304	1172	1
S6012531	66	Port Input	15	556304	1172	1
S6012531	66	Port Input	14	556304	1172	1
S6012531	66	Port Input	15	556304	1172	1
S6012531	66	Port Input	14	563095	7963	1
S6012531	66	Response	222	563095	7963	1
S6012531	66	Port Input	15	563095	7964	5
S6012531	67	Sound	20	563095	0	4			0		hit	734
S6012531	67	Port Input	14	563099	4	1
S6012531	67	Port Input	15	563100	4	1
S6012531	67	Port Input	14	563100	4	1
S6012531	67	Port Input	15	563100	5	1
S6012531	67	Port Input	14	563100	5	1
S6012531	67	Port Input	15	563100	5	1
S6012531	67	Port Input	14	563100	5	1
S6012531	67	Port Input	15	563102	7	1
S6012531	67	Port Input	14	563102	7	1
S6012531	67	Port Input	15	563104	8	1
S6012531	67	Port Input	14	563104	8	1
S6012531	67	Port Input	15	563104	9	1
S6012531	67	Port Input	14	563104	9	1
S6012531	67	Port Input	15	563108	13	1
S6012531	67	Port Input	14	563108	13	1
S6012531	67	Port Input	15	563116	20	1
S6012531	67	Port Input	14	563116	20	1
S6012531	67	Port Input	15	563970	874	1
S6012531	67	Port Input	14	571306	8211	1
S6012531	67	Response	222	571306	8211	1
S6012531	68	Sound	20	571307	0	4			0		hit	740
S6012531	68	Port Input	15	572756	1449	1
S6012531	68	Port Input	14	572756	1449	1
S6012531	68	Port Input	15	572756	1449	1
S6012531	68	Port Input	14	578597	7290	1
S6012531	68	Response	222	578597	7290	1
S6012531	69	Sound	20	578598	0	4			0		hit	750
S6012531	69	Port Input	15	580219	1621	1
S6012531	69	Port Input	14	580219	1621	1
S6012531	69	Port Input	15	580219	1621	1
S6012531	69	Port Input	14	580219	1621	1
S6012531	69	Port Input	15	580219	1621	1
S6012531	69	Port Input	14	580219	1621	1
S6012531	69	Port Input	15	580219	1622	1
S6012531	69	Port Input	14	586939	8342	1
S6012531	69	Response	222	586939	8342	1
S6012531	70	Sound	20	586940	0	5			0		hit	756
S6012531	70	Port Input	15	588806	1865	1
S6012531	70	Port Input	14	588806	1865	1
S6012531	70	Port Input	15	588806	1865	1
S6012531	70	Port Input	14	594028	7088	1
S6012531	70	Response	222	594028	7088	1
S6012531	71	Sound	20	594029	0	4			0		hit	764
S6012531	71	Port Input	15	596303	2274	1
S6012531	71	Port Input	14	596303	2274	1
S6012531	71	Port Input	15	596304	2274	1
S6012531	71	Port Input	14	596304	2274	1
S6012531	71	Port Input	15	596304	2275	1
S6012531	71	Port Input	14	603852	9823	1
S6012531	71	Response	222	603852	9823	1
S6012531	72	Sound	20	603852	0	4			0		hit	768
S6012531	72	Port Input	15	605548	1696	1
S6012531	72	Port Input	14	611180	7328	1
S6012531	72	Response	222	611180	7328	1
S6012531	73	Sound	20	611181	0	4			0		hit	780
S6012531	73	Port Input	15	612727	1546	1
S6012531	73	Port Input	14	612727	1546	1
S6012531	73	Port Input	15	612727	1546	1
S6012531	73	Port Input	14	612727	1546	1
S6012531	73	Port Input	15	612727	1546	1
S6012531	73	Port Input	14	612727	1546	1
S6012531	73	Port Input	15	612728	1547	1
S6012531	73	Port Input	14	612728	1547	1
S6012531	73	Port Input	15	612728	1547	1
S6012531	73	Port Input	14	619001	7820	1
S6012531	73	Response	222	619001	7820	1
S6012531	73	Port Input	15	619001	7820	1
S6012531	73	Port Input	14	619001	7820	1
S6012531	74	Sound	20	619001	0	4			0		hit	788
S6012531	74	Port Input	15	620581	1580	1
S6012531	74	Port Input	14	620581	1580	1
S6012531	74	Port Input	15	620581	1580	1
S6012531	74	Port Input	14	626345	7344	1
S6012531	74	Response	222	626345	7344	1
S6012531	75	Sound	20	626346	0	4			0		hit	792
S6012531	75	Port Input	15	627773	1427	1
S6012531	75	Port Input	14	634918	8572	1
S6012531	75	Response	222	634918	8572	1
S6012531	75	Port Input	15	634918	8572	1
S6012531	75	Port Input	14	634919	8573	1
S6012531	76	Sound	20	634919	0	4			0		hit	798
S6012531	76	Port Input	15	636332	1413	1
S6012531	76	Port Input	14	642554	7635	1
S6012531	76	Response	222	642554	7635	1
S6012531	77	Sound	20	642555	0	4			0		hit	804
S6012531	77	Port Input	15	644226	1671	1
S6012531	77	Port Input	14	644226	1671	1
S6012531	77	Port Input	15	644226	1671	1
S6012531	77	Port Input	14	650703	8148	1
S6012531	77	Response	222	650703	8148	1
S6012531	78	Sound	20	650703	0	4			0		hit	828
S6012531	78	Port Input	15	650707	4	1
S6012531	78	Port Input	14	650708	4	1
S6012531	78	Port Input	15	650708	4	1
S6012531	78	Port Input	14	650708	4	1
S6012531	78	Port Input	15	650709	5	1
S6012531	78	Port Input	14	650709	5	1
S6012531	78	Port Input	15	650710	7	1
S6012531	78	Port Input	14	650710	7	1
S6012531	78	Port Input	15	651333	629	1
S6012531	78	Port Input	14	651333	629	1
S6012531	78	Port Input	15	651333	629	1
S6012531	78	Port Input	14	651333	629	1
S6012531	78	Port Input	15	651333	630	1
S6012531	78	Port Input	14	651333	630	1
S6012531	78	Port Input	15	651334	630	1
S6012531	78	Port Input	14	651334	630	1
S6012531	78	Port Input	15	651334	631	1
S6012531	78	Port Input	14	651334	631	1
S6012531	78	Port Input	15	651334	631	1
S6012531	78	Port Input	14	651334	631	1
S6012531	78	Port Input	15	651335	631	1
S6012531	78	Port Input	14	659860	9157	1
S6012531	78	Response	222	659860	9157	1
S6012531	79	Sound	20	659861	0	4			0		hit	836
S6012531	79	Port Input	15	661111	1250	1
S6012531	79	Port Input	14	661111	1250	1
S6012531	79	Port Input	15	661111	1250	1
S6012531	79	Port Input	14	661111	1250	1
S6012531	79	Port Input	15	661111	1250	1
S6012531	79	Port Input	14	669451	9591	1
S6012531	79	Response	222	669451	9591	1
S6012531	79	Port Input	15	669452	9591	1
S6012531	79	Port Input	14	669452	9591	5
S6012531	80	Sound	20	669452	0	4			0		hit	864
S6012531	80	Port Input	15	669456	4	1
S6012531	80	Port Input	14	669456	4	1
S6012531	80	Port Input	15	669457	5	1
S6012531	80	Port Input	14	669457	5	1
S6012531	80	Port Input	15	669457	5	1
S6012531	80	Port Input	14	669457	5	1
S6012531	80	Port Input	15	669458	6	1
S6012531	80	Port Input	14	669458	6	1
S6012531	80	Port Input	15	669459	7	1
S6012531	80	Port Input	14	669459	7	1
S6012531	80	Port Input	15	669460	8	1
S6012531	80	Port Input	14	669460	8	1
S6012531	80	Port Input	15	669461	9	1
S6012531	80	Port Input	14	669461	9	1
S6012531	80	Port Input	15	670852	1400	1
S6012531	80	Port Input	14	670852	1400	1
S6012531	80	Port Input	15	670852	1400	1
S6012531	80	Port Input	14	670852	1400	1
S6012531	80	Port Input	15	670852	1400	1
S6012531	80	Port Input	14	670852	1400	1
S6012531	80	Port Input	15	670853	1401	1
S6012531	80	Port Input	14	670853	1401	1
S6012531	80	Port Input	15	670853	1401	1
S6012531	80	Port Input	14	677738	8286	1
S6012531	80	Response	222	677738	8286	1
S6012531	80	Port Input	15	677738	8286	1
S6012531	80	Port Input	14	677739	8287	1
S6012531	81	Sound	20	677739	0	5			0		hit	874
S6012531	81	Port Input	15	679158	1419	1
S6012531	81	Port Input	14	679158	1419	1
S6012531	81	Port Input	15	679158	1419	1
S6012531	81	Port Input	14	679158	1419	1
S6012531	81	Port Input	15	679158	1419	1
S6012531	81	Port Input	14	686224	8485	1
S6012531	81	Response	222	686224	8485	1
S6012531	81	Port Input	15	686225	8486	1
S6012531	81	Port Input	14	686225	8486	5
S6012531	82	Sound	20	686225	0	4			0		hit	880
S6012531	82	Port Input	15	688077	1852	1
S6012531	82	Port Input	14	694386	8160	1
S6012531	82	Response	222	694386	8160	1
S6012531	83	Sound	20	694386	0	5			0		hit	886
S6012531	83	Port Input	15	696674	2288	1
S6012531	83	Port Input	14	696674	2288	1
S6012531	83	Port Input	15	696674	2288	1
S6012531	83	Port Input	14	702467	8081	1
S6012531	83	Response	222	702467	8081	1
S6012531	83	Port Input	15	702468	8081	1
S6012531	83	Port Input	14	702468	8081	1
S6012531	84	Sound	20	702468	0	4			0		hit	900
S6012531	84	Port Input	15	704353	1885	1
S6012531	84	Port Input	14	704353	1885	1
S6012531	84	Port Input	15	704354	1886	1
S6012531	84	Port Input	14	704354	1886	1
S6012531	84	Port Input	15	704355	1887	1
S6012531	84	Port Input	14	704355	1887	1
S6012531	84	Port Input	15	704355	1887	1
S6012531	84	Port Input	14	704355	1887	1
S6012531	84	Port Input	15	704355	1887	1
S6012531	84	Port Input	14	711014	8546	1
S6012531	84	Response	222	711014	8546	1
S6012531	85	Sound	20	711015	0	5			0		hit	904
S6012531	85	Port Input	15	712560	1545	1
S6012531	85	Port Input	14	719938	8924	1
S6012531	85	Response	222	719938	8924	1
S6012531	86	Sound	20	719939	0	5			0		hit	910
S6012531	86	Port Input	15	721637	1698	1
S6012531	86	Port Input	14	721637	1698	1
S6012531	86	Port Input	15	721637	1698	1
S6012531	86	Port Input	14	728201	8262	1
S6012531	86	Response	222	728201	8262	1
S6012531	87	Sound	20	728202	0	4			0		hit	916
S6012531	87	Port Input	15	730156	1954	1
S6012531	87	Port Input	14	730156	1954	1
S6012531	87	Port Input	15	730157	1955	1
S6012531	87	Port Input	14	737172	8970	1
S6012531	87	Response	222	737172	8970	1
S6012531	88	Sound	20	737173	0	4			0		hit	920
S6012531	88	Port Input	15	739449	2277	1
S6012531	88	Port Input	14	745979	8807	1
S6012531	88	Response	222	745979	8807	1
S6012531	88	Port Input	15	745979	8807	1
S6012531	88	Port Input	14	745979	8807	1
S6012531	88	Port Input	15	745980	8807	1
S6012531	88	Port Input	14	745980	8807	1
S6012531	89	Sound	20	745980	0	4			0		hit	928
S6012531	89	Port Input	15	748366	2386	1
S6012531	89	Port Input	14	754277	8297	1
S6012531	89	Response	222	754277	8297	1
S6012531	90	Sound	20	754278	0	4			0		hit	954
S6012531	90	Port Input	15	754282	4	1
S6012531	90	Port Input	14	754282	4	1
S6012531	90	Port Input	15	754282	4	1
S6012531	90	Port Input	14	754282	4	1
S6012531	90	Port Input	15	754282	4	1
S6012531	90	Port Input	14	754284	6	1
S6012531	90	Port Input	15	754284	6	1
S6012531	90	Port Input	14	754284	6	1
S6012531	90	Port Input	15	755896	1618	1
S6012531	90	Port Input	14	755896	1618	1
S6012531	90	Port Input	15	755897	1619	1
S6012531	90	Port Input	14	755897	1619	1
S6012531	90	Port Input	15	755897	1620	1
S6012531	90	Port Input	14	755897	1620	1
S6012531	90	Port Input	15	755898	1620	1
S6012531	90	Port Input	14	755898	1620	1
S6012531	90	Port Input	15	755898	1620	1
S6012531	90	Port Input	14	755898	1620	1
S6012531	90	Port Input	15	755898	1620	1
S6012531	90	Port Input	14	755898	1620	1
S6012531	90	Port Input	15	755898	1620	1
S6012531	90	Port Input	14	755898	1620	1
S6012531	90	Port Input	15	755899	1621	1
S6012531	90	Port Input	14	763036	8758	1
S6012531	90	Response	222	763036	8758	1
S6012531	90	Port Input	15	763036	8758	1
S6012531	90	Port Input	14	763036	8758	1
S6012531	91	Sound	20	763037	0	5			0		hit	960
S6012531	91	Port Input	15	765482	2445	1
S6012531	91	Port Input	14	772417	9380	1
S6012531	91	Response	222	772417	9380	1
S6012531	92	Sound	20	772418	0	4			0		hit	968
S6012531	92	Port Input	15	774413	1996	1
S6012531	92	Port Input	14	774413	1996	1
S6012531	92	Port Input	15	774413	1996	1
S6012531	92	Port Input	14	774414	1996	1
S6012531	92	Port Input	15	774414	1996	1
S6012531	92	Port Input	14	781752	9334	1
S6012531	92	Response	222	781752	9334	1
S6012531	93	Sound	20	781752	0	4			0		hit	976
S6012531	93	Port Input	15	783842	2090	1
S6012531	93	Port Input	14	783842	2090	1
S6012531	93	Port Input	15	783842	2090	1
S6012531	93	Port Input	14	783842	2090	1
S6012531	93	Port Input	15	783843	2090	1
S6012531	93	Port Input	14	789935	8182	1
S6012531	93	Response	222	789935	8182	1
S6012531	93	Port Input	15	789935	8183	1
S6012531	93	Port Input	14	789936	8183	5
S6012531	94	Sound	20	789936	0	4			0		hit	994
S6012531	94	Port Input	15	791606	1670	1
S6012531	94	Port Input	14	791606	1670	1
S6012531	94	Port Input	15	791606	1670	1
S6012531	94	Port Input	14	791606	1670	1
S6012531	94	Port Input	15	791608	1673	1
S6012531	94	Port Input	14	791608	1673	1
S6012531	94	Port Input	15	791609	1673	1
S6012531	94	Port Input	14	791609	1673	1
S6012531	94	Port Input	15	791609	1674	1
S6012531	94	Port Input	14	791609	1674	1
S6012531	94	Port Input	15	791609	1674	1
S6012531	94	Port Input	14	791610	1674	1
S6012531	94	Port Input	15	791610	1674	1
S6012531	94	Port Input	14	799721	9785	1
S6012531	94	Response	222	799721	9785	1
S6012531	94	Port Input	15	799721	9785	1
S6012531	94	Port Input	14	799721	9786	1
S6012531	95	Sound	20	799722	0	4			0		hit	1002
S6012531	95	Port Input	15	800640	918	1
S6012531	95	Port Input	14	800640	918	1
S6012531	95	Port Input	15	800640	918	1
S6012531	95	Port Input	14	808493	8771	1
S6012531	95	Response	222	808493	8771	1
S6012531	95	Port Input	15	808493	8771	1
S6012531	95	Port Input	14	808494	8772	4
S6012531	96	Sound	20	808494	0	4			0		hit	1046
S6012531	96	Port Input	15	808504	10	1
S6012531	96	Port Input	14	808504	10	1
S6012531	96	Port Input	15	808505	10	1
S6012531	96	Port Input	14	808505	11	1
S6012531	96	Port Input	15	808506	11	1
S6012531	96	Port Input	14	808506	11	1
S6012531	96	Port Input	15	808508	13	1
S6012531	96	Port Input	14	808508	14	1
S6012531	96	Port Input	15	808508	14	1
S6012531	96	Port Input	14	808509	14	1
S6012531	96	Port Input	15	808509	15	1
S6012531	96	Port Input	14	808509	15	1
S6012531	96	Port Input	15	808510	16	1
S6012531	96	Port Input	14	808510	16	1
S6012531	96	Port Input	15	808514	20	1
S6012531	96	Port Input	14	808514	20	1
S6012531	96	Port Input	15	808514	20	1
S6012531	96	Port Input	14	808514	20	1
S6012531	96	Port Input	15	809534	1040	1
S6012531	96	Port Input	14	809534	1040	1
S6012531	96	Port Input	15	809536	1042	1
S6012531	96	Port Input	14	809536	1042	1
S6012531	96	Port Input	15	809538	1044	1
S6012531	96	Port Input	14	809538	1044	1
S6012531	96	Port Input	15	809538	1044	1
S6012531	96	Port Input	14	809538	1044	1
S6012531	96	Port Input	15	809538	1044	1
S6012531	96	Port Input	14	809538	1044	1
S6012531	96	Port Input	15	809538	1044	1
S6012531	96	Port Input	14	809538	1044	1
S6012531	96	Port Input	15	809539	1044	1
S6012531	96	Port Input	14	809539	1044	1
S6012531	96	Port Input	15	809539	1045	1
S6012531	96	Port Input	14	809540	1045	1
S6012531	96	Port Input	15	809540	1045	1
S6012531	96	Port Input	14	809540	1045	1
S6012531	96	Port Input	15	809540	1046	1
S6012531	96	Port Input	14	809540	1046	1
S6012531	96	Port Input	15	809540	1046	1
S6012531	96	Port Input	14	818090	9596	1
S6012531	96	Response	222	818090	9596	1
S6012531	97	Sound	20	818091	0	4			0		hit	1054
S6012531	97	Port Input	15	819948	1857	1
S6012531	97	Port Input	14	819948	1857	1
S6012531	97	Port Input	15	819948	1858	1
S6012531	97	Port Input	14	819950	1859	1
S6012531	97	Port Input	15	819950	1859	1
S6012531	97	Port Input	14	826597	8506	1
S6012531	97	Response	222	826597	8506	1
S6012531	98	Sound	20	826597	0	4			0		hit	1064
S6012531	98	Port Input	15	828281	1684	1
S6012531	98	Port Input	14	828281	1684	1
S6012531	98	Port Input	15	828281	1684	1
S6012531	98	Port Input	14	828281	1684	1
S6012531	98	Port Input	15	828282	1684	1
S6012531	98	Port Input	14	828282	1685	1
S6012531	98	Port Input	15	828282	1685	1
S6012531	98	Port Input	14	836651	10054	1
S6012531	98	Response	222	836651	10054	1
S6012531	98	Port Input	15	836651	10054	1
S6012531	98	Port Input	14	836652	10054	1
S6012531	99	Sound	20	836652	0	4			0		hit	1078
S6012531	99	Port Input	15	838401	1749	1
S6012531	99	Port Input	14	838401	1749	1
S6012531	99	Port Input	15	838401	1749	1
S6012531	99	Port Input	14	838401	1749	1
S6012531	99	Port Input	15	838401	1749	1
S6012531	99	Port Input	14	838401	1749	1
S6012531	99	Port Input	15	838401	1749	1
S6012531	99	Port Input	14	838401	1749	1
S6012531	99	Port Input	15	838402	1749	1
S6012531	99	Port Input	14	846236	9584	1
S6012531	99	Response	222	846236	9584	1
S6012531	100	Sound	20	846237	0	5			0		hit	1086
S6012531	100	Port Input	15	848045	1808	1
S6012531	100	Port Input	14	848045	1808	1
S6012531	100	Port Input	15	848046	1809	1
S6012531	100	Port Input	14	848046	1809	1
S6012531	100	Port Input	15	848046	1809	1
S6012531	100	Port Input	14	855021	8784	1
S6012531	100	Response	222	855021	8784	1
S6012531	101	Sound	20	855022	0	4			0		hit	1092
S6012531	101	Port Input	15	856826	1803	1
S6012531	101	Port Input	14	856826	1803	1
S6012531	101	Port Input	15	856826	1804	1
S6012531	101	Port Input	14	865313	10291	1
S6012531	101	Response	222	865313	10291	1
S6012531	102	Sound	20	865314	0	4			0		other	0
S6012531	102	Port Input	15	867233	1919	1
S6012531	102	Port Input	14	867233	1919	1
S6012531	102	Port Input	15	867233	1919	1
S6012531	102	Port Input	14	867233	1919	1
S6012531	102	Port Input	15	867234	1919	1

The following output port codes were not sent because of a conflict on the port.
Port	Code	Time(ms)
1	20	86541.9
