Scenario - passive press generic training 1.2
Logfile written - 09/25/2021 12:54:29

Subject	Trial	Event Type	Code	Time	TTime	Uncertainty	Duration	Uncertainty	ReqTime	ReqDur	Stim Type	Pair Index

S6011694	1	Picture	83	29	0	1	5000	1	0	4950	other	0
S6011694	1	Picture	82	10028	10000	1	5000	1	9950	4950	other	0
S6011694	1	Picture	81	20028	19999	1	5000	1	19950	4950	other	0
S6011694	1	Picture	80	30027	29999	1	5000	1	29950	4950	other	0
S6011694	1	Picture	81	40027	39998	1	10000	1	39950	9950	other	0
S6011694	1	Picture	81	60026	59997	1	10000	1	59950	9950	other	0
S6011694	1	Picture	81	80025	79997	1	10000	1	79950	9950	other	0
S6011694	2	Port Input	14	310681	220586	3
S6011694	2	Response	100	310681	220586	3
S6011694	2	Port Input	15	310683	220588	1
S6011694	2	Port Input	14	310683	220588	3
S6011694	3	Port Input	15	313436	2725	8
S6011694	3	Port Input	14	323730	13020	8
S6011694	3	Response	100	323730	13020	8
S6011694	4	Port Input	15	326572	2806	8
S6011694	4	Port Input	14	338462	14697	8
S6011694	4	Response	100	338462	14697	8
S6011694	5	Port Input	15	341651	3164	8
S6011694	5	Port Input	14	341658	3171	1
S6011694	5	Port Input	15	341658	3171	1
S6011694	5	Port Input	14	350813	12326	1
S6011694	5	Response	100	350813	12326	1
S6011694	5	Port Input	15	350813	12326	1
S6011694	5	Port Input	14	350813	12326	8
S6011694	6	Port Input	15	352983	2135	8
S6011694	6	Port Input	14	361016	10168	7
S6011694	6	Response	100	361016	10168	8
S6011694	7	Port Input	15	363106	2050	8
S6011694	7	Port Input	14	370716	9661	8
S6011694	7	Response	100	370716	9661	8
S6011694	8	Port Input	15	371187	409	1
S6011694	8	Port Input	14	371187	409	1
S6011694	8	Port Input	15	371861	1084	1
S6011694	8	Port Input	14	371861	1084	1
S6011694	8	Port Input	15	372087	1309	1
S6011694	8	Port Input	14	372087	1310	8
S6011694	8	Port Input	15	372922	2144	8
S6011694	8	Port Input	14	380297	9520	8
S6011694	8	Response	100	380297	9520	8
S6011694	8	Port Input	15	380304	9527	1
S6011694	8	Port Input	14	380312	9535	1
S6011694	8	Port Input	15	380312	9535	3
S6011694	8	Port Input	14	380322	9545	1
S6011694	8	Port Input	15	380322	9545	1
S6011694	8	Port Input	14	380323	9546	1
S6011694	8	Port Input	15	380324	9546	1
S6011694	8	Port Input	14	380324	9546	1
S6011694	8	Port Input	15	380325	9547	1
S6011694	8	Port Input	14	380326	9548	1
S6011694	8	Port Input	15	380326	9549	1
S6011694	8	Port Input	14	380328	9551	1
S6011694	8	Port Input	15	380328	9551	1
S6011694	8	Port Input	14	380329	9552	1
S6011694	8	Port Input	15	380330	9552	1
S6011694	8	Port Input	14	380330	9552	1
S6011694	8	Port Input	15	380330	9553	1
S6011694	8	Port Input	14	380333	9556	1
S6011694	8	Port Input	15	380333	9556	1
S6011694	8	Port Input	14	380335	9558	1
S6011694	8	Port Input	15	380336	9558	1
S6011694	8	Port Input	14	380336	9559	1
S6011694	8	Port Input	15	380337	9559	1
S6011694	8	Port Input	14	380337	9560	1
S6011694	8	Port Input	15	380337	9560	1
S6011694	8	Port Input	14	380338	9560	1
S6011694	8	Port Input	15	380339	9561	1
S6011694	8	Port Input	14	380339	9561	1
S6011694	8	Port Input	15	380339	9561	1
S6011694	8	Port Input	14	380340	9563	1
S6011694	8	Port Input	15	380341	9563	1
S6011694	8	Port Input	14	380341	9564	1
S6011694	8	Port Input	15	380342	9564	1
S6011694	8	Port Input	14	380342	9564	1
S6011694	8	Port Input	15	380343	9566	1
S6011694	8	Port Input	14	380344	9566	1
S6011694	8	Port Input	15	380344	9567	1
S6011694	8	Port Input	14	380344	9567	1
S6011694	8	Port Input	15	380345	9568	1
S6011694	8	Port Input	14	380345	9568	1
S6011694	8	Port Input	15	380346	9569	1
S6011694	8	Port Input	14	380347	9569	1
S6011694	8	Port Input	15	380347	9570	1
S6011694	8	Port Input	14	380347	9570	1
S6011694	8	Port Input	15	380348	9570	1
S6011694	8	Port Input	14	380348	9571	1
S6011694	8	Port Input	15	380349	9572	1
S6011694	8	Port Input	14	380349	9572	1
S6011694	8	Port Input	15	380351	9574	1
S6011694	8	Port Input	14	380351	9574	1
S6011694	8	Port Input	15	380352	9575	1
S6011694	8	Port Input	14	380352	9575	1
S6011694	8	Port Input	15	380352	9575	1
S6011694	8	Port Input	14	380352	9575	1
S6011694	8	Port Input	15	380354	9576	1
S6011694	8	Port Input	14	380354	9576	1
S6011694	8	Port Input	15	380354	9577	1
S6011694	8	Port Input	14	380354	9577	1
S6011694	8	Port Input	15	380354	9577	1
S6011694	8	Port Input	14	380355	9577	1
S6011694	8	Port Input	15	380355	9577	1
S6011694	8	Port Input	14	380356	9579	1
S6011694	8	Port Input	15	380356	9579	1
S6011694	8	Port Input	14	380356	9579	1
S6011694	8	Port Input	15	380357	9579	1
S6011694	8	Port Input	14	380357	9580	1
S6011694	8	Port Input	15	380357	9580	1
S6011694	8	Port Input	14	380358	9580	1
S6011694	8	Port Input	15	380358	9580	1
S6011694	8	Port Input	14	380358	9581	1
S6011694	8	Port Input	15	380359	9582	1
S6011694	8	Port Input	14	380359	9582	1
S6011694	8	Port Input	15	380360	9583	1
S6011694	8	Port Input	14	380360	9583	1
S6011694	8	Port Input	15	380360	9583	1
S6011694	9	Port Input	14	380360	0	1
S6011694	9	Port Input	15	380361	0	7
S6011694	9	Port Input	14	380367	7	1
S6011694	9	Port Input	15	381908	1547	8
S6011694	9	Port Input	14	389761	9401	8
S6011694	9	Response	100	389761	9401	8
S6011694	10	Port Input	15	390928	1124	1
S6011694	10	Port Input	14	390928	1124	1
S6011694	10	Port Input	15	390943	1138	8
S6011694	10	Port Input	14	398794	8989	8
S6011694	10	Response	100	398794	8989	8
S6011694	11	Port Input	15	400486	1655	8
S6011694	11	Port Input	14	407487	8655	8
S6011694	11	Response	100	407487	8655	8
S6011694	12	Port Input	15	409265	1753	7
S6011694	12	Port Input	14	423852	16340	8
S6011694	12	Response	100	423852	16340	8
S6011694	13	Port Input	15	425762	1862	8
S6011694	13	Port Input	14	443566	19666	8
S6011694	13	Response	100	443566	19666	8
S6011694	14	Port Input	15	445632	2010	8
S6011694	14	Port Input	14	454289	10668	8
S6011694	14	Response	100	454289	10668	8
S6011694	15	Port Input	15	456713	2398	1
S6011694	15	Port Input	14	464218	9902	8
S6011694	15	Response	100	464218	9902	8
S6011694	16	Port Input	15	466210	1965	7
S6011694	16	Port Input	14	474398	10153	8
S6011694	16	Response	100	474398	10153	8
S6011694	17	Port Input	15	476988	2534	8
S6011694	17	Port Input	14	485175	10722	8
S6011694	17	Response	100	485175	10722	8
S6011694	18	Port Input	15	487284	2067	7
S6011694	18	Port Input	14	495462	10245	8
S6011694	18	Response	100	495462	10245	8
S6011694	19	Port Input	15	497324	1829	7
S6011694	19	Port Input	14	504502	9008	8
S6011694	19	Response	100	504502	9008	8
S6011694	20	Port Input	15	506524	1933	8
S6011694	20	Port Input	14	526180	21589	9
S6011694	20	Response	100	526180	21589	9
S6011694	21	Port Input	15	528261	2004	8
S6011694	21	Port Input	14	536323	10066	8
S6011694	21	Response	100	536323	10066	8
S6011694	22	Port Input	15	538001	1606	8
S6011694	22	Port Input	14	545759	9363	8
S6011694	22	Response	100	545759	9363	8
S6011694	23	Port Input	15	547716	1876	1
S6011694	23	Port Input	14	555786	9947	8
S6011694	23	Response	100	555786	9947	8
S6011694	24	Port Input	15	557856	2017	7
S6011694	24	Port Input	14	566212	10373	8
S6011694	24	Response	100	566212	10373	8
S6011694	25	Port Input	15	568060	1805	8
S6011694	25	Port Input	14	576119	9864	8
S6011694	25	Response	100	576119	9864	8
S6011694	26	Port Input	15	577781	1595	8
S6011694	26	Port Input	14	594016	17830	1
S6011694	26	Response	100	594016	17830	1
S6011694	27	Port Input	15	595952	1850	8
S6011694	27	Port Input	14	606020	11918	1
S6011694	27	Response	100	606020	11918	1
S6011694	27	Port Input	15	606020	11919	1
S6011694	27	Port Input	14	606020	11919	8
S6011694	28	Port Input	15	607962	1917	7
S6011694	28	Port Input	14	616270	10225	8
S6011694	28	Response	100	616270	10225	8
S6011694	29	Port Input	15	617807	1484	8
S6011694	29	Port Input	14	626035	9712	8
S6011694	29	Response	100	626035	9712	8
S6011694	30	Port Input	15	628185	2071	7
S6011694	30	Port Input	14	641550	15436	8
S6011694	30	Response	100	641550	15436	8
S6011694	31	Port Input	15	643764	2165	8
S6011694	31	Port Input	14	654661	13062	8
S6011694	31	Response	100	654661	13062	8
S6011694	32	Port Input	15	656960	2236	8
S6011694	32	Port Input	14	666825	12101	7
S6011694	32	Response	100	666825	12101	8
S6011694	33	Port Input	15	669065	2189	8
S6011694	33	Port Input	14	677472	10596	8
S6011694	33	Response	100	677472	10596	8
S6011694	33	Port Input	15	677479	10603	1
S6011694	33	Port Input	14	677479	10603	8
S6011694	34	Port Input	15	679609	2108	8
S6011694	34	Port Input	14	687209	9708	8
S6011694	34	Response	100	687209	9708	8
S6011694	35	Port Input	15	689255	1963	8
S6011694	35	Port Input	14	702208	14916	7
S6011694	35	Response	100	702208	14916	8
S6011694	36	Port Input	15	704089	1798	8
S6011694	36	Port Input	14	715750	13459	8
S6011694	36	Response	100	715750	13459	8
S6011694	36	Port Input	15	715758	13466	1
S6011694	36	Port Input	14	715758	13466	8
