Scenario - Push Button + tone (0ms)
Logfile written - 12/05/2023 15:09:54

Subject	Trial	Event Type	Code	Time	TTime	Uncertainty	Duration	Uncertainty	ReqTime	ReqDur	Stim Type	Pair Index

S6012691	1	Picture	start	42	0	1	40554	1	0	next	other	0
S6012691	3	Nothing	nothing	45097	0	0			0		hit	4
S6012691	3	Port Input	14	57866	12769	1
S6012691	3	Response	222	57866	12769	1
S6012691	4	Sound	20	57881	0	281			0		hit	12
S6012691	4	Port Input	15	60953	3072	1
S6012691	4	Port Input	14	60953	3072	1
S6012691	4	Port Input	15	61005	3123	1
S6012691	4	Port Input	14	61005	3124	1
S6012691	4	Port Input	15	61345	3464	1
S6012691	4	Port Input	14	68721	10840	1
S6012691	4	Response	222	68721	10840	1
S6012691	5	Sound	20	68722	0	5			0		hit	16
S6012691	5	Port Input	15	71493	2771	1
S6012691	5	Port Input	14	79699	10977	1
S6012691	5	Response	222	79699	10977	1
S6012691	6	Sound	20	79700	0	4			0		hit	20
S6012691	6	Port Input	15	82269	2569	1
S6012691	6	Port Input	14	91304	11604	1
S6012691	6	Response	222	91304	11604	1
S6012691	6	Port Input	15	91304	11604	1
S6012691	6	Port Input	14	91305	11605	5
S6012691	7	Sound	20	91305	0	4			0		hit	220
S6012691	7	Port Input	15	91529	224	1
S6012691	7	Port Input	14	91529	224	1
S6012691	7	Port Input	15	91532	227	1
S6012691	7	Port Input	14	91532	227	1
S6012691	7	Port Input	15	91532	227	1
S6012691	7	Port Input	14	91532	227	1
S6012691	7	Port Input	15	91532	227	1
S6012691	7	Port Input	14	91532	227	1
S6012691	7	Port Input	15	91533	228	1
S6012691	7	Port Input	14	91533	228	1
S6012691	7	Port Input	15	91534	229	1
S6012691	7	Port Input	14	91534	229	1
S6012691	7	Port Input	15	91536	231	1
S6012691	7	Port Input	14	91536	231	1
S6012691	7	Port Input	15	91537	232	1
S6012691	7	Port Input	14	91537	232	1
S6012691	7	Port Input	15	91537	233	1
S6012691	7	Port Input	14	91537	233	1
S6012691	7	Port Input	15	91538	234	1
S6012691	7	Port Input	14	91538	234	1
S6012691	7	Port Input	15	91539	234	1
S6012691	7	Port Input	14	91539	234	1
S6012691	7	Port Input	15	91539	234	1
S6012691	7	Port Input	14	91539	234	1
S6012691	7	Port Input	15	91540	236	1
S6012691	7	Port Input	14	91540	236	1
S6012691	7	Port Input	15	91549	244	1
S6012691	7	Port Input	14	91549	244	1
S6012691	7	Port Input	15	91549	244	1
S6012691	7	Port Input	14	91549	244	1
S6012691	7	Port Input	15	91551	246	1
S6012691	7	Port Input	14	91551	246	1
S6012691	7	Port Input	15	91551	246	1
S6012691	7	Port Input	14	91551	246	1
S6012691	7	Port Input	15	91552	247	1
S6012691	7	Port Input	14	91552	247	1
S6012691	7	Port Input	15	91552	247	1
S6012691	7	Port Input	14	91552	247	1
S6012691	7	Port Input	15	91552	247	1
S6012691	7	Port Input	14	91552	247	1
S6012691	7	Port Input	15	91552	247	1
S6012691	7	Port Input	14	91552	248	1
S6012691	7	Port Input	15	91553	248	1
S6012691	7	Port Input	14	91553	248	1
S6012691	7	Port Input	15	91553	248	1
S6012691	7	Port Input	14	91553	248	1
S6012691	7	Port Input	15	91553	249	1
S6012691	7	Port Input	14	91553	249	1
S6012691	7	Port Input	15	91554	249	1
S6012691	7	Port Input	14	91554	249	1
S6012691	7	Port Input	15	91555	250	1
S6012691	7	Port Input	14	91555	250	1
S6012691	7	Port Input	15	91557	252	1
S6012691	7	Port Input	14	91557	252	1
S6012691	7	Port Input	15	91557	252	1
S6012691	7	Port Input	14	91557	252	1
S6012691	7	Port Input	15	91562	258	1
S6012691	7	Port Input	14	91562	258	1
S6012691	7	Port Input	15	91565	261	1
S6012691	7	Port Input	14	91565	261	1
S6012691	7	Port Input	15	91570	265	1
S6012691	7	Port Input	14	91570	265	1
S6012691	7	Port Input	15	91571	267	1
S6012691	7	Port Input	14	91571	267	1
S6012691	7	Port Input	15	91578	273	1
S6012691	7	Port Input	14	91578	274	1
S6012691	7	Port Input	15	91588	283	1
S6012691	7	Port Input	14	91588	283	1
S6012691	7	Port Input	15	91589	284	1
S6012691	7	Port Input	14	91589	284	1
S6012691	7	Port Input	15	91593	288	1
S6012691	7	Port Input	14	91593	288	1
S6012691	7	Port Input	15	91596	291	1
S6012691	7	Port Input	14	91596	292	1
S6012691	7	Port Input	15	91597	292	1
S6012691	7	Port Input	14	91597	292	1
S6012691	7	Port Input	15	91598	293	1
S6012691	7	Port Input	14	91598	293	1
S6012691	7	Port Input	15	91600	295	1
S6012691	7	Port Input	14	91600	295	1
S6012691	7	Port Input	15	91603	298	1
S6012691	7	Port Input	14	91603	298	1
S6012691	7	Port Input	15	91606	301	1
S6012691	7	Port Input	14	91606	301	1
S6012691	7	Port Input	15	91619	314	1
S6012691	7	Port Input	14	91619	314	1
S6012691	7	Port Input	15	91626	321	1
S6012691	7	Port Input	14	91626	321	1
S6012691	7	Port Input	15	91626	321	1
S6012691	7	Port Input	14	91626	321	1
S6012691	7	Port Input	15	91637	332	1
S6012691	7	Port Input	14	91637	332	1
S6012691	7	Port Input	15	91637	332	1
S6012691	7	Port Input	14	91637	332	1
S6012691	7	Port Input	15	91640	335	1
S6012691	7	Port Input	14	91640	335	1
S6012691	7	Port Input	15	91640	336	1
S6012691	7	Port Input	14	91640	336	1
S6012691	7	Port Input	15	91641	336	1
S6012691	7	Port Input	14	91642	338	1
S6012691	7	Port Input	15	91692	387	1
S6012691	7	Port Input	14	91692	387	1
S6012691	7	Port Input	15	91763	458	1
S6012691	7	Port Input	14	91763	458	1
S6012691	7	Port Input	15	91773	468	1
S6012691	7	Port Input	14	91773	468	1
S6012691	7	Port Input	15	91773	468	1
S6012691	7	Port Input	14	91773	469	1
S6012691	7	Port Input	15	91774	469	1
S6012691	7	Port Input	14	91774	469	1
S6012691	7	Port Input	15	91780	476	1
S6012691	7	Port Input	14	91780	476	1
S6012691	7	Port Input	15	91819	514	1
S6012691	7	Port Input	14	91819	514	1
S6012691	7	Port Input	15	93132	1827	1
S6012691	7	Port Input	14	93132	1827	1
S6012691	7	Port Input	15	93136	1831	1
S6012691	7	Port Input	14	93136	1831	1
S6012691	7	Port Input	15	93136	1831	1
S6012691	7	Port Input	14	93136	1831	1
S6012691	7	Port Input	15	93137	1833	1
S6012691	7	Port Input	14	93137	1833	1
S6012691	7	Port Input	15	93153	1848	1
S6012691	7	Port Input	14	93153	1848	1
S6012691	7	Port Input	15	93154	1849	1
S6012691	7	Port Input	14	93154	1849	1
S6012691	7	Port Input	15	93274	1970	1
S6012691	7	Port Input	14	93274	1970	1
S6012691	7	Port Input	15	93275	1970	1
S6012691	7	Port Input	14	93275	1970	1
S6012691	7	Port Input	15	93276	1971	1
S6012691	7	Port Input	14	93276	1971	1
S6012691	7	Port Input	15	93276	1971	1
S6012691	7	Port Input	14	93276	1971	1
S6012691	7	Port Input	15	93276	1971	1
S6012691	7	Port Input	14	93276	1971	1
S6012691	7	Port Input	15	93276	1972	1
S6012691	7	Port Input	14	93276	1972	1
S6012691	7	Port Input	15	93277	1972	1
S6012691	7	Port Input	14	93277	1972	1
S6012691	7	Port Input	15	93278	1973	1
S6012691	7	Port Input	14	93278	1973	1
S6012691	7	Port Input	15	93279	1974	1
S6012691	7	Port Input	14	93279	1974	1
S6012691	7	Port Input	15	93279	1974	1
S6012691	7	Port Input	14	93279	1974	1
S6012691	7	Port Input	15	93279	1975	1
S6012691	7	Port Input	14	93279	1975	1
S6012691	7	Port Input	15	93280	1975	1
S6012691	7	Port Input	14	93280	1975	1
S6012691	7	Port Input	15	93281	1976	1
S6012691	7	Port Input	14	93281	1976	1
S6012691	7	Port Input	15	93282	1977	1
S6012691	7	Port Input	14	93282	1977	1
S6012691	7	Port Input	15	93282	1978	1
S6012691	7	Port Input	14	93282	1978	1
S6012691	7	Port Input	15	93283	1978	1
S6012691	7	Port Input	14	93283	1978	1
S6012691	7	Port Input	15	93284	1979	1
S6012691	7	Port Input	14	93284	1979	1
S6012691	7	Port Input	15	93286	1981	1
S6012691	7	Port Input	14	93286	1981	1
S6012691	7	Port Input	15	93287	1982	1
S6012691	7	Port Input	14	93287	1982	1
S6012691	7	Port Input	15	93287	1982	1
S6012691	7	Port Input	14	93287	1982	1
S6012691	7	Port Input	15	93288	1984	1
S6012691	7	Port Input	14	93288	1984	1
S6012691	7	Port Input	15	93289	1984	1
S6012691	7	Port Input	14	93289	1984	1
S6012691	7	Port Input	15	93289	1984	1
S6012691	7	Port Input	14	93289	1984	1
S6012691	7	Port Input	15	93289	1985	1
S6012691	7	Port Input	14	93289	1985	1
S6012691	7	Port Input	15	93291	1987	1
S6012691	7	Port Input	14	93291	1987	1
S6012691	7	Port Input	15	93292	1988	1
S6012691	7	Port Input	14	93292	1988	1
S6012691	7	Port Input	15	93294	1989	1
S6012691	7	Port Input	14	93294	1989	1
S6012691	7	Port Input	15	93294	1989	1
S6012691	7	Port Input	14	93294	1989	1
S6012691	7	Port Input	15	93294	1990	1
S6012691	7	Port Input	14	93294	1990	1
S6012691	7	Port Input	15	93295	1990	1
S6012691	7	Port Input	14	93295	1990	1
S6012691	7	Port Input	15	93299	1994	1
S6012691	7	Port Input	14	93299	1994	1
S6012691	7	Port Input	15	93696	2392	1
S6012691	7	Port Input	14	93696	2392	1
S6012691	7	Port Input	15	93697	2392	1
S6012691	7	Port Input	14	93697	2392	1
S6012691	7	Port Input	15	93697	2393	1
S6012691	7	Port Input	14	93697	2393	1
S6012691	7	Port Input	15	93697	2393	1
S6012691	7	Port Input	14	101335	10030	1
S6012691	7	Response	222	101335	10030	1
S6012691	8	Sound	20	101336	0	4			0		hit	226
S6012691	8	Port Input	15	103630	2294	1
S6012691	8	Port Input	14	103630	2294	1
S6012691	8	Port Input	15	103631	2295	1
S6012691	8	Port Input	14	112411	11075	1
S6012691	8	Response	222	112411	11075	1
S6012691	9	Sound	20	112412	0	4			0		hit	236
S6012691	9	Port Input	15	114267	1855	1
S6012691	9	Port Input	14	114267	1855	1
S6012691	9	Port Input	15	114610	2199	1
S6012691	9	Port Input	14	114610	2199	1
S6012691	9	Port Input	15	114610	2199	1
S6012691	9	Port Input	14	114611	2199	1
S6012691	9	Port Input	15	114611	2199	1
S6012691	9	Port Input	14	122487	10076	1
S6012691	9	Response	222	122487	10076	1
S6012691	10	Sound	20	122488	0	4			0		hit	240
S6012691	10	Port Input	15	124767	2278	1
S6012691	10	Port Input	14	132890	10402	1
S6012691	10	Response	222	132890	10402	1
S6012691	11	Sound	20	132891	0	4			0		hit	246
S6012691	11	Port Input	15	135462	2571	1
S6012691	11	Port Input	14	135462	2571	1
S6012691	11	Port Input	15	135463	2572	1
S6012691	11	Port Input	14	143603	10712	1
S6012691	11	Response	222	143603	10712	1
S6012691	12	Sound	20	143604	0	5			0		hit	252
S6012691	12	Port Input	15	143733	129	1
S6012691	12	Port Input	14	143733	129	1
S6012691	12	Port Input	15	146119	2515	1
S6012691	12	Port Input	14	155529	11926	1
S6012691	12	Response	222	155529	11926	1
S6012691	13	Sound	20	155530	0	4			0		hit	256
S6012691	13	Port Input	15	157797	2267	1
S6012691	13	Port Input	14	166310	10780	1
S6012691	13	Response	222	166310	10780	1
S6012691	14	Sound	20	166311	0	4			0		hit	272
S6012691	14	Port Input	15	168562	2250	1
S6012691	14	Port Input	14	168562	2250	1
S6012691	14	Port Input	15	168562	2251	1
S6012691	14	Port Input	14	168562	2251	1
S6012691	14	Port Input	15	168562	2251	1
S6012691	14	Port Input	14	168562	2251	1
S6012691	14	Port Input	15	168562	2251	1
S6012691	14	Port Input	14	168563	2251	1
S6012691	14	Port Input	15	168563	2251	1
S6012691	14	Port Input	14	168563	2252	1
S6012691	14	Port Input	15	168563	2252	1
S6012691	14	Port Input	14	168563	2252	1
S6012691	14	Port Input	15	168563	2252	1
S6012691	14	Port Input	14	176877	10565	1
S6012691	14	Response	222	176877	10565	1
S6012691	15	Sound	20	176877	0	4			0		hit	280
S6012691	15	Port Input	15	179169	2292	1
S6012691	15	Port Input	14	179170	2292	1
S6012691	15	Port Input	15	179170	2292	1
S6012691	15	Port Input	14	179170	2292	1
S6012691	15	Port Input	15	179170	2293	1
S6012691	15	Port Input	14	189028	12151	1
S6012691	15	Response	222	189028	12151	1
S6012691	15	Port Input	15	189028	12151	1
S6012691	15	Port Input	14	189029	12151	1
S6012691	16	Sound	20	189029	0	5			0		hit	286
S6012691	16	Port Input	15	191430	2401	1
S6012691	16	Port Input	14	200290	11261	1
S6012691	16	Response	222	200290	11261	1
S6012691	17	Sound	20	200291	0	4			0		hit	298
S6012691	17	Port Input	15	202170	1879	1
S6012691	17	Port Input	14	202170	1879	1
S6012691	17	Port Input	15	202171	1880	1
S6012691	17	Port Input	14	202171	1880	1
S6012691	17	Port Input	15	202459	2168	1
S6012691	17	Port Input	14	202459	2168	1
S6012691	17	Port Input	15	202459	2168	1
S6012691	17	Port Input	14	202459	2168	1
S6012691	17	Port Input	15	202459	2168	1
S6012691	17	Port Input	14	211112	10821	1
S6012691	17	Response	222	211112	10821	1
S6012691	18	Sound	20	211113	0	5			0		hit	310
S6012691	18	Port Input	15	213056	1943	1
S6012691	18	Port Input	14	213056	1943	1
S6012691	18	Port Input	15	213064	1951	1
S6012691	18	Port Input	14	213064	1951	1
S6012691	18	Port Input	15	213065	1952	1
S6012691	18	Port Input	14	213065	1953	1
S6012691	18	Port Input	15	213280	2167	1
S6012691	18	Port Input	14	213280	2167	1
S6012691	18	Port Input	15	213280	2167	1
S6012691	18	Port Input	14	222037	10924	1
S6012691	18	Response	222	222037	10924	1
S6012691	19	Sound	20	222037	0	5			0		hit	316
S6012691	19	Port Input	15	224168	2131	1
S6012691	19	Port Input	14	224168	2131	1
S6012691	19	Port Input	15	224169	2131	1
S6012691	19	Port Input	14	233631	11594	1
S6012691	19	Response	222	233631	11594	1
S6012691	20	Sound	20	233632	0	4			0		hit	358
S6012691	20	Port Input	15	234146	514	1
S6012691	20	Port Input	14	234146	514	1
S6012691	20	Port Input	15	236111	2479	1
S6012691	20	Port Input	14	236111	2479	1
S6012691	20	Port Input	15	236112	2479	1
S6012691	20	Port Input	14	236112	2479	1
S6012691	20	Port Input	15	236112	2480	1
S6012691	20	Port Input	14	236112	2480	1
S6012691	20	Port Input	15	236112	2480	1
S6012691	20	Port Input	14	236112	2480	1
S6012691	20	Port Input	15	236113	2481	1
S6012691	20	Port Input	14	236113	2481	1
S6012691	20	Port Input	15	236113	2481	1
S6012691	20	Port Input	14	236113	2481	1
S6012691	20	Port Input	15	236113	2481	1
S6012691	20	Port Input	14	236113	2481	1
S6012691	20	Port Input	15	236113	2481	1
S6012691	20	Port Input	14	236113	2481	1
S6012691	20	Port Input	15	236114	2482	1
S6012691	20	Port Input	14	236114	2482	1
S6012691	20	Port Input	15	236114	2482	1
S6012691	20	Port Input	14	236114	2482	1
S6012691	20	Port Input	15	236114	2482	1
S6012691	20	Port Input	14	236114	2482	1
S6012691	20	Port Input	15	236114	2482	1
S6012691	20	Port Input	14	236114	2482	1
S6012691	20	Port Input	15	236115	2483	1
S6012691	20	Port Input	14	236115	2483	1
S6012691	20	Port Input	15	236116	2483	1
S6012691	20	Port Input	14	236116	2483	1
S6012691	20	Port Input	15	236116	2484	1
S6012691	20	Port Input	14	236116	2484	1
S6012691	20	Port Input	15	236116	2484	1
S6012691	20	Port Input	14	236116	2484	1
S6012691	20	Port Input	15	236116	2484	1
S6012691	20	Port Input	14	236116	2484	1
S6012691	20	Port Input	15	236116	2484	1
S6012691	20	Port Input	14	236116	2484	1
S6012691	20	Port Input	15	236117	2484	1
S6012691	20	Port Input	14	245131	11499	1
S6012691	20	Response	222	245131	11499	1
S6012691	21	Sound	20	245132	0	4			0		hit	362
S6012691	21	Port Input	15	247584	2452	1
S6012691	21	Port Input	14	255725	10593	1
S6012691	21	Response	222	255725	10593	1
S6012691	21	Port Input	15	255725	10593	1
S6012691	21	Port Input	14	255725	10593	1
S6012691	22	Sound	20	255726	0	5			0		hit	568
S6012691	22	Port Input	15	255745	19	1
S6012691	22	Port Input	14	255745	19	1
S6012691	22	Port Input	15	255745	19	1
S6012691	22	Port Input	14	255745	19	1
S6012691	22	Port Input	15	255745	19	1
S6012691	22	Port Input	14	255745	19	1
S6012691	22	Port Input	15	255746	20	1
S6012691	22	Port Input	14	255746	20	1
S6012691	22	Port Input	15	255746	20	1
S6012691	22	Port Input	14	255746	20	1
S6012691	22	Port Input	15	255746	20	1
S6012691	22	Port Input	14	255746	20	1
S6012691	22	Port Input	15	255746	20	1
S6012691	22	Port Input	14	255746	21	1
S6012691	22	Port Input	15	255747	21	1
S6012691	22	Port Input	14	255747	21	1
S6012691	22	Port Input	15	255747	22	1
S6012691	22	Port Input	14	255747	22	1
S6012691	22	Port Input	15	255748	22	1
S6012691	22	Port Input	14	255748	22	1
S6012691	22	Port Input	15	255748	23	1
S6012691	22	Port Input	14	255749	23	1
S6012691	22	Port Input	15	255749	23	1
S6012691	22	Port Input	14	255749	23	1
S6012691	22	Port Input	15	255749	24	1
S6012691	22	Port Input	14	255749	24	1
S6012691	22	Port Input	15	255749	24	1
S6012691	22	Port Input	14	255750	24	1
S6012691	22	Port Input	15	255750	24	1
S6012691	22	Port Input	14	255750	24	1
S6012691	22	Port Input	15	255750	25	1
S6012691	22	Port Input	14	255750	25	1
S6012691	22	Port Input	15	255750	25	1
S6012691	22	Port Input	14	255750	25	1
S6012691	22	Port Input	15	255751	25	1
S6012691	22	Port Input	14	255751	25	1
S6012691	22	Port Input	15	255751	25	1
S6012691	22	Port Input	14	255751	25	1
S6012691	22	Port Input	15	255751	25	1
S6012691	22	Port Input	14	255751	25	1
S6012691	22	Port Input	15	255751	25	1
S6012691	22	Port Input	14	255751	26	1
S6012691	22	Port Input	15	255751	26	1
S6012691	22	Port Input	14	255752	26	1
S6012691	22	Port Input	15	255752	26	1
S6012691	22	Port Input	14	255752	26	1
S6012691	22	Port Input	15	255753	27	1
S6012691	22	Port Input	14	255753	27	1
S6012691	22	Port Input	15	255753	27	1
S6012691	22	Port Input	14	255753	27	1
S6012691	22	Port Input	15	255753	27	1
S6012691	22	Port Input	14	255753	27	1
S6012691	22	Port Input	15	255754	28	1
S6012691	22	Port Input	14	255754	28	1
S6012691	22	Port Input	15	255754	28	1
S6012691	22	Port Input	14	255754	28	1
S6012691	22	Port Input	15	255754	29	1
S6012691	22	Port Input	14	255754	29	1
S6012691	22	Port Input	15	255754	29	1
S6012691	22	Port Input	14	255755	29	1
S6012691	22	Port Input	15	255755	29	1
S6012691	22	Port Input	14	255755	29	1
S6012691	22	Port Input	15	255755	29	1
S6012691	22	Port Input	14	255755	29	1
S6012691	22	Port Input	15	255755	29	1
S6012691	22	Port Input	14	255755	29	1
S6012691	22	Port Input	15	255756	30	1
S6012691	22	Port Input	14	255756	30	1
S6012691	22	Port Input	15	255756	30	1
S6012691	22	Port Input	14	255756	30	1
S6012691	22	Port Input	15	255756	30	1
S6012691	22	Port Input	14	255756	30	1
S6012691	22	Port Input	15	255756	30	1
S6012691	22	Port Input	14	255756	30	1
S6012691	22	Port Input	15	255758	32	1
S6012691	22	Port Input	14	255758	32	1
S6012691	22	Port Input	15	255758	32	1
S6012691	22	Port Input	14	255758	32	1
S6012691	22	Port Input	15	255758	32	1
S6012691	22	Port Input	14	255758	32	1
S6012691	22	Port Input	15	255758	32	1
S6012691	22	Port Input	14	255758	32	1
S6012691	22	Port Input	15	255758	32	1
S6012691	22	Port Input	14	255758	32	1
S6012691	22	Port Input	15	255758	32	1
S6012691	22	Port Input	14	255758	32	1
S6012691	22	Port Input	15	255759	33	1
S6012691	22	Port Input	14	255759	33	1
S6012691	22	Port Input	15	255759	33	1
S6012691	22	Port Input	14	255759	33	1
S6012691	22	Port Input	15	255759	33	1
S6012691	22	Port Input	14	255759	33	1
S6012691	22	Port Input	15	255760	34	1
S6012691	22	Port Input	14	255760	34	1
S6012691	22	Port Input	15	255760	35	1
S6012691	22	Port Input	14	255760	35	1
S6012691	22	Port Input	15	255761	35	1
S6012691	22	Port Input	14	255761	35	1
S6012691	22	Port Input	15	255761	35	1
S6012691	22	Port Input	14	255761	35	1
S6012691	22	Port Input	15	255761	35	1
S6012691	22	Port Input	14	255761	35	1
S6012691	22	Port Input	15	255761	35	1
S6012691	22	Port Input	14	255761	35	1
S6012691	22	Port Input	15	255761	35	1
S6012691	22	Port Input	14	255761	35	1
S6012691	22	Port Input	15	255762	36	1
S6012691	22	Port Input	14	255762	37	1
S6012691	22	Port Input	15	255762	37	1
S6012691	22	Port Input	14	255762	37	1
S6012691	22	Port Input	15	255763	37	1
S6012691	22	Port Input	14	255763	37	1
S6012691	22	Port Input	15	255763	37	1
S6012691	22	Port Input	14	255763	37	1
S6012691	22	Port Input	15	255764	38	1
S6012691	22	Port Input	14	255764	38	1
S6012691	22	Port Input	15	255764	38	1
S6012691	22	Port Input	14	255764	38	1
S6012691	22	Port Input	15	255764	39	1
S6012691	22	Port Input	14	255764	39	1
S6012691	22	Port Input	15	255765	39	1
S6012691	22	Port Input	14	255765	39	1
S6012691	22	Port Input	15	255765	39	1
S6012691	22	Port Input	14	255765	39	1
S6012691	22	Port Input	15	255765	39	1
S6012691	22	Port Input	14	255765	39	1
S6012691	22	Port Input	15	255765	39	1
S6012691	22	Port Input	14	255765	39	1
S6012691	22	Port Input	15	255765	40	1
S6012691	22	Port Input	14	255765	40	1
S6012691	22	Port Input	15	255766	40	1
S6012691	22	Port Input	14	255766	40	1
S6012691	22	Port Input	15	255766	40	1
S6012691	22	Port Input	14	255766	40	1
S6012691	22	Port Input	15	255766	40	1
S6012691	22	Port Input	14	255766	40	1
S6012691	22	Port Input	15	255766	40	1
S6012691	22	Port Input	14	255766	40	1
S6012691	22	Port Input	15	255766	40	1
S6012691	22	Port Input	14	255766	40	1
S6012691	22	Port Input	15	255767	41	1
S6012691	22	Port Input	14	255767	41	1
S6012691	22	Port Input	15	255767	41	1
S6012691	22	Port Input	14	255767	42	1
S6012691	22	Port Input	15	255768	42	1
S6012691	22	Port Input	14	255768	42	1
S6012691	22	Port Input	15	255768	42	1
S6012691	22	Port Input	14	255768	42	1
S6012691	22	Port Input	15	255768	43	1
S6012691	22	Port Input	14	255768	43	1
S6012691	22	Port Input	15	255769	43	1
S6012691	22	Port Input	14	255769	43	1
S6012691	22	Port Input	15	255769	43	1
S6012691	22	Port Input	14	255769	43	1
S6012691	22	Port Input	15	255769	43	1
S6012691	22	Port Input	14	255769	43	1
S6012691	22	Port Input	15	255769	43	1
S6012691	22	Port Input	14	255769	43	1
S6012691	22	Port Input	15	255769	43	1
S6012691	22	Port Input	14	255769	43	1
S6012691	22	Port Input	15	255769	44	1
S6012691	22	Port Input	14	255770	44	1
S6012691	22	Port Input	15	255770	44	1
S6012691	22	Port Input	14	255770	44	1
S6012691	22	Port Input	15	255772	47	1
S6012691	22	Port Input	14	255772	47	1
S6012691	22	Port Input	15	255773	47	1
S6012691	22	Port Input	14	255773	47	1
S6012691	22	Port Input	15	255773	47	1
S6012691	22	Port Input	14	255773	47	1
S6012691	22	Port Input	15	255774	48	1
S6012691	22	Port Input	14	255774	48	1
S6012691	22	Port Input	15	255774	48	1
S6012691	22	Port Input	14	255774	48	1
S6012691	22	Port Input	15	255777	51	1
S6012691	22	Port Input	14	255777	51	1
S6012691	22	Port Input	15	255793	67	1
S6012691	22	Port Input	14	255793	67	1
S6012691	22	Port Input	15	255803	77	1
S6012691	22	Port Input	14	255803	77	1
S6012691	22	Port Input	15	256363	638	1
S6012691	22	Port Input	14	256363	638	1
S6012691	22	Port Input	15	256364	638	1
S6012691	22	Port Input	14	256364	638	1
S6012691	22	Port Input	15	256370	645	1
S6012691	22	Port Input	14	256370	645	1
S6012691	22	Port Input	15	256382	656	1
S6012691	22	Port Input	14	256382	656	1
S6012691	22	Port Input	15	256400	675	1
S6012691	22	Port Input	14	256400	675	1
S6012691	22	Port Input	15	256413	687	1
S6012691	22	Port Input	14	256413	687	1
S6012691	22	Port Input	15	256415	689	1
S6012691	22	Port Input	14	256415	689	1
S6012691	22	Port Input	15	256421	695	1
S6012691	22	Port Input	14	256421	695	1
S6012691	22	Port Input	15	258117	2391	1
S6012691	22	Port Input	14	258117	2391	1
S6012691	22	Port Input	15	258117	2392	1
S6012691	22	Port Input	14	258117	2392	1
S6012691	22	Port Input	15	258118	2392	1
S6012691	22	Port Input	14	266823	11097	1
S6012691	22	Response	222	266823	11097	1
S6012691	23	Sound	20	266824	0	4			0		hit	592
S6012691	23	Port Input	15	269094	2270	1
S6012691	23	Port Input	14	269094	2270	1
S6012691	23	Port Input	15	269094	2270	1
S6012691	23	Port Input	14	269094	2270	1
S6012691	23	Port Input	15	269094	2271	1
S6012691	23	Port Input	14	269094	2271	1
S6012691	23	Port Input	15	269095	2271	1
S6012691	23	Port Input	14	269095	2271	1
S6012691	23	Port Input	15	269097	2274	1
S6012691	23	Port Input	14	269097	2274	1
S6012691	23	Port Input	15	269097	2274	1
S6012691	23	Port Input	14	269097	2274	1
S6012691	23	Port Input	15	269097	2274	1
S6012691	23	Port Input	14	269098	2274	1
S6012691	23	Port Input	15	269098	2274	1
S6012691	23	Port Input	14	269098	2274	1
S6012691	23	Port Input	15	269098	2274	1
S6012691	23	Port Input	14	269098	2274	1
S6012691	23	Port Input	15	269098	2275	1
S6012691	23	Port Input	14	269098	2275	1
S6012691	23	Port Input	15	269098	2275	1
S6012691	23	Port Input	14	277730	10906	1
S6012691	23	Response	222	277730	10906	1
S6012691	24	Sound	20	277731	0	4			0		hit	602
S6012691	24	Port Input	15	279860	2129	1
S6012691	24	Port Input	14	279860	2129	1
S6012691	24	Port Input	15	279860	2130	1
S6012691	24	Port Input	14	279861	2130	1
S6012691	24	Port Input	15	279861	2130	1
S6012691	24	Port Input	14	279861	2130	1
S6012691	24	Port Input	15	279862	2131	1
S6012691	24	Port Input	14	288597	10866	1
S6012691	24	Response	222	288597	10866	1
S6012691	25	Sound	20	288598	0	4			0		hit	612
S6012691	25	Port Input	15	290797	2199	1
S6012691	25	Port Input	14	290797	2199	1
S6012691	25	Port Input	15	290797	2199	1
S6012691	25	Port Input	14	290797	2199	1
S6012691	25	Port Input	15	290797	2199	1
S6012691	25	Port Input	14	290797	2199	1
S6012691	25	Port Input	15	290797	2199	1
S6012691	25	Port Input	14	300094	11496	1
S6012691	25	Response	222	300094	11496	1
S6012691	26	Sound	20	300094	0	4			0		hit	616
S6012691	26	Port Input	15	302381	2286	1
S6012691	26	Port Input	14	311114	11019	1
S6012691	26	Response	222	311114	11019	1
S6012691	27	Sound	20	311114	0	4			0		hit	656
S6012691	27	Port Input	15	313320	2206	1
S6012691	27	Port Input	14	313320	2206	1
S6012691	27	Port Input	15	313321	2206	1
S6012691	27	Port Input	14	313321	2206	1
S6012691	27	Port Input	15	313321	2207	1
S6012691	27	Port Input	14	313321	2207	1
S6012691	27	Port Input	15	313321	2207	1
S6012691	27	Port Input	14	313321	2207	1
S6012691	27	Port Input	15	313321	2207	1
S6012691	27	Port Input	14	313321	2207	1
S6012691	27	Port Input	15	313322	2207	1
S6012691	27	Port Input	14	313322	2207	1
S6012691	27	Port Input	15	313322	2207	1
S6012691	27	Port Input	14	313322	2207	1
S6012691	27	Port Input	15	313322	2208	1
S6012691	27	Port Input	14	313322	2208	1
S6012691	27	Port Input	15	313322	2208	1
S6012691	27	Port Input	14	313322	2208	1
S6012691	27	Port Input	15	313323	2208	1
S6012691	27	Port Input	14	313323	2208	1
S6012691	27	Port Input	15	313323	2208	1
S6012691	27	Port Input	14	313323	2208	1
S6012691	27	Port Input	15	313323	2209	1
S6012691	27	Port Input	14	313323	2209	1
S6012691	27	Port Input	15	313323	2209	1
S6012691	27	Port Input	14	313324	2209	1
S6012691	27	Port Input	15	313324	2209	1
S6012691	27	Port Input	14	313324	2209	1
S6012691	27	Port Input	15	313324	2209	1
S6012691	27	Port Input	14	313324	2209	1
S6012691	27	Port Input	15	313324	2210	1
S6012691	27	Port Input	14	313324	2210	1
S6012691	27	Port Input	15	313325	2210	1
S6012691	27	Port Input	14	313325	2210	1
S6012691	27	Port Input	15	313325	2210	1
S6012691	27	Port Input	14	313325	2210	1
S6012691	27	Port Input	15	313325	2211	1
S6012691	27	Port Input	14	321627	10513	1
S6012691	27	Response	222	321627	10513	1
S6012691	28	Sound	20	321628	0	4			0		hit	664
S6012691	28	Port Input	15	323971	2343	1
S6012691	28	Port Input	14	323971	2343	1
S6012691	28	Port Input	15	323971	2344	1
S6012691	28	Port Input	14	323971	2344	1
S6012691	28	Port Input	15	323972	2344	1
S6012691	28	Port Input	14	332847	11219	1
S6012691	28	Response	222	332847	11219	1
S6012691	29	Sound	20	332848	0	4			0		hit	670
S6012691	29	Port Input	15	335252	2404	1
S6012691	29	Port Input	14	335252	2404	1
S6012691	29	Port Input	15	335253	2405	1
S6012691	29	Port Input	14	343989	11141	1
S6012691	29	Response	222	343989	11141	1
S6012691	30	Sound	20	343990	0	4			0		hit	678
S6012691	30	Port Input	15	346305	2315	1
S6012691	30	Port Input	14	346305	2315	1
S6012691	30	Port Input	15	346306	2316	1
S6012691	30	Port Input	14	346306	2316	1
S6012691	30	Port Input	15	346306	2317	1
S6012691	30	Port Input	14	355355	11365	1
S6012691	30	Response	222	355355	11365	1
S6012691	31	Sound	20	355355	0	5			0		hit	684
S6012691	31	Port Input	15	357549	2193	1
S6012691	31	Port Input	14	357549	2193	1
S6012691	31	Port Input	15	357549	2194	1
S6012691	31	Port Input	14	366318	10963	1
S6012691	31	Response	222	366318	10963	1
S6012691	32	Sound	20	366319	0	5			0		hit	720
S6012691	32	Port Input	15	368501	2182	1
S6012691	32	Port Input	14	368501	2182	1
S6012691	32	Port Input	15	368501	2182	1
S6012691	32	Port Input	14	368501	2182	1
S6012691	32	Port Input	15	368502	2183	1
S6012691	32	Port Input	14	368502	2183	1
S6012691	32	Port Input	15	368502	2183	1
S6012691	32	Port Input	14	368502	2183	1
S6012691	32	Port Input	15	368502	2183	1
S6012691	32	Port Input	14	368502	2183	1
S6012691	32	Port Input	15	368502	2183	1
S6012691	32	Port Input	14	368502	2183	1
S6012691	32	Port Input	15	368502	2183	1
S6012691	32	Port Input	14	368503	2183	1
S6012691	32	Port Input	15	368503	2183	1
S6012691	32	Port Input	14	368503	2183	1
S6012691	32	Port Input	15	368503	2184	1
S6012691	32	Port Input	14	368503	2184	1
S6012691	32	Port Input	15	368503	2184	1
S6012691	32	Port Input	14	368503	2184	1
S6012691	32	Port Input	15	368506	2186	1
S6012691	32	Port Input	14	368506	2187	1
S6012691	32	Port Input	15	368506	2187	1
S6012691	32	Port Input	14	368506	2187	1
S6012691	32	Port Input	15	368506	2187	1
S6012691	32	Port Input	14	368506	2187	1
S6012691	32	Port Input	15	368506	2187	1
S6012691	32	Port Input	14	368506	2187	1
S6012691	32	Port Input	15	368507	2188	1
S6012691	32	Port Input	14	368507	2188	1
S6012691	32	Port Input	15	368507	2188	1
S6012691	32	Port Input	14	368508	2189	1
S6012691	32	Port Input	15	368508	2189	1
S6012691	32	Port Input	14	377148	10828	1
S6012691	32	Response	222	377148	10828	1
S6012691	33	Sound	20	377148	0	4			0		hit	724
S6012691	33	Port Input	15	379477	2329	1
S6012691	33	Port Input	14	388542	11393	1
S6012691	33	Response	222	388542	11393	1
S6012691	34	Sound	20	388542	0	4			0		hit	730
S6012691	34	Port Input	15	390881	2339	1
S6012691	34	Port Input	14	390881	2339	1
S6012691	34	Port Input	15	390882	2339	1
S6012691	34	Port Input	14	400100	11557	1
S6012691	34	Response	222	400100	11557	1
S6012691	35	Sound	20	400100	0	4			0		hit	734
S6012691	35	Port Input	15	402300	2199	1
S6012691	35	Port Input	14	411546	11446	1
S6012691	35	Response	222	411546	11446	1
S6012691	36	Sound	20	411547	0	4			0		hit	744
S6012691	36	Port Input	15	413678	2131	1
S6012691	36	Port Input	14	413678	2131	1
S6012691	36	Port Input	15	413679	2132	1
S6012691	36	Port Input	14	413679	2132	1
S6012691	36	Port Input	15	413680	2133	1
S6012691	36	Port Input	14	413680	2133	1
S6012691	36	Port Input	15	413680	2134	1
S6012691	36	Port Input	14	423815	12268	1
S6012691	36	Response	222	423815	12268	1
S6012691	37	Sound	20	423815	0	5			0		hit	752
S6012691	37	Port Input	15	425871	2056	1
S6012691	37	Port Input	14	425871	2056	1
S6012691	37	Port Input	15	425871	2056	1
S6012691	37	Port Input	14	425871	2056	1
S6012691	37	Port Input	15	425873	2058	1
S6012691	37	Port Input	14	435330	11515	1
S6012691	37	Response	222	435330	11515	1
S6012691	38	Sound	20	435331	0	4			0		hit	758
S6012691	38	Port Input	15	437437	2106	1
S6012691	38	Port Input	14	437437	2106	1
S6012691	38	Port Input	15	437437	2107	1
S6012691	38	Port Input	14	446839	11508	1
S6012691	38	Response	222	446839	11508	1
S6012691	39	Sound	20	446840	0	4			0		hit	780
S6012691	39	Port Input	15	448895	2055	1
S6012691	39	Port Input	14	448895	2055	1
S6012691	39	Port Input	15	448895	2055	1
S6012691	39	Port Input	14	448895	2055	1
S6012691	39	Port Input	15	448895	2055	1
S6012691	39	Port Input	14	448895	2055	1
S6012691	39	Port Input	15	448896	2055	1
S6012691	39	Port Input	14	448896	2055	1
S6012691	39	Port Input	15	448896	2056	1
S6012691	39	Port Input	14	448896	2056	1
S6012691	39	Port Input	15	448896	2056	1
S6012691	39	Port Input	14	448896	2056	1
S6012691	39	Port Input	15	448896	2056	1
S6012691	39	Port Input	14	448896	2056	1
S6012691	39	Port Input	15	448897	2057	1
S6012691	39	Port Input	14	448897	2057	1
S6012691	39	Port Input	15	448897	2057	1
S6012691	39	Port Input	14	448897	2057	1
S6012691	39	Port Input	15	448897	2057	1
S6012691	39	Port Input	14	458648	11808	1
S6012691	39	Response	222	458648	11808	1
S6012691	40	Sound	20	458648	0	4			0		hit	784
S6012691	40	Port Input	15	460953	2305	1
S6012691	40	Port Input	14	470686	12038	1
S6012691	40	Response	222	470686	12038	1
S6012691	41	Sound	20	470687	0	4			0		hit	788
S6012691	41	Port Input	15	472725	2038	1
S6012691	41	Port Input	14	482139	11452	1
S6012691	41	Response	222	482139	11452	1
S6012691	42	Sound	20	482140	0	4			0		hit	794
S6012691	42	Port Input	15	484114	1974	1
S6012691	42	Port Input	14	484114	1974	1
S6012691	42	Port Input	15	484409	2269	1
S6012691	42	Port Input	14	493685	11545	1
S6012691	42	Response	222	493685	11545	1
S6012691	43	Sound	20	493686	0	4			0		hit	808
S6012691	43	Port Input	15	495617	1931	1
S6012691	43	Port Input	14	495617	1931	1
S6012691	43	Port Input	15	495617	1931	1
S6012691	43	Port Input	14	495617	1932	1
S6012691	43	Port Input	15	495618	1932	1
S6012691	43	Port Input	14	495618	1932	1
S6012691	43	Port Input	15	495618	1932	1
S6012691	43	Port Input	14	495618	1932	1
S6012691	43	Port Input	15	495618	1932	1
S6012691	43	Port Input	14	495618	1932	1
S6012691	43	Port Input	15	495618	1932	1
S6012691	43	Port Input	14	505668	11983	1
S6012691	43	Response	222	505668	11983	1
S6012691	44	Sound	20	505669	0	4			0		hit	814
S6012691	44	Port Input	15	507550	1881	1
S6012691	44	Port Input	14	507550	1881	1
S6012691	44	Port Input	15	507551	1881	1
S6012691	44	Port Input	14	516442	10773	1
S6012691	44	Response	222	516442	10773	1
S6012691	44	Port Input	15	516442	10773	1
S6012691	44	Port Input	14	516443	10773	1
S6012691	45	Sound	20	516443	0	4			0		hit	822
S6012691	45	Port Input	15	518338	1895	1
S6012691	45	Port Input	14	518338	1895	1
S6012691	45	Port Input	15	518338	1895	1
S6012691	45	Port Input	14	528006	11563	1
S6012691	45	Response	222	528006	11563	1
S6012691	45	Port Input	15	528007	11564	1
S6012691	45	Port Input	14	528007	11564	4
S6012691	46	Sound	20	528007	0	4			0		hit	830
S6012691	46	Port Input	15	529890	1882	1
S6012691	46	Port Input	14	529890	1883	1
S6012691	46	Port Input	15	529890	1883	1
S6012691	46	Port Input	14	540552	12545	1
S6012691	46	Response	222	540552	12545	1
S6012691	47	Sound	20	540553	0	4			0		hit	838
S6012691	47	Port Input	15	542172	1619	1
S6012691	47	Port Input	14	542172	1619	1
S6012691	47	Port Input	15	542173	1621	1
S6012691	47	Port Input	14	542173	1621	1
S6012691	47	Port Input	15	542744	2191	1
S6012691	47	Port Input	14	551858	11306	1
S6012691	47	Response	222	551858	11306	1
S6012691	47	Port Input	15	551859	11306	1
S6012691	47	Port Input	14	551859	11307	5
S6012691	48	Sound	20	551859	0	4			0		hit	852
S6012691	48	Port Input	15	553853	1994	1
S6012691	48	Port Input	14	553853	1994	1
S6012691	48	Port Input	15	553855	1996	1
S6012691	48	Port Input	14	553855	1996	1
S6012691	48	Port Input	15	553855	1996	1
S6012691	48	Port Input	14	553855	1996	1
S6012691	48	Port Input	15	553856	1997	1
S6012691	48	Port Input	14	553856	1997	1
S6012691	48	Port Input	15	553857	1998	1
S6012691	48	Port Input	14	562717	10858	1
S6012691	48	Response	222	562717	10858	1
S6012691	49	Sound	20	562718	0	4			0		hit	856
S6012691	49	Port Input	15	564827	2108	1
S6012691	49	Port Input	14	573994	11276	1
S6012691	49	Response	222	573994	11276	1
S6012691	50	Sound	20	573995	0	4			0		hit	866
S6012691	50	Port Input	15	576162	2167	1
S6012691	50	Port Input	14	576162	2167	1
S6012691	50	Port Input	15	576162	2167	1
S6012691	50	Port Input	14	576162	2167	1
S6012691	50	Port Input	15	576163	2168	1
S6012691	50	Port Input	14	576163	2168	1
S6012691	50	Port Input	15	576163	2168	1
S6012691	50	Port Input	14	585623	11628	1
S6012691	50	Response	222	585623	11628	1
S6012691	51	Sound	20	585623	0	4			0		hit	870
S6012691	51	Port Input	15	587645	2022	1
S6012691	51	Port Input	14	597348	11724	1
S6012691	51	Response	222	597348	11724	1
S6012691	52	Sound	20	597349	0	4			0		hit	882
S6012691	52	Port Input	15	599509	2161	1
S6012691	52	Port Input	14	599509	2161	1
S6012691	52	Port Input	15	599510	2161	1
S6012691	52	Port Input	14	599510	2161	1
S6012691	52	Port Input	15	599510	2162	1
S6012691	52	Port Input	14	599510	2162	1
S6012691	52	Port Input	15	599510	2162	1
S6012691	52	Port Input	14	599510	2162	1
S6012691	52	Port Input	15	599510	2162	1
S6012691	52	Port Input	14	609311	11963	1
S6012691	52	Response	222	609311	11963	1
S6012691	53	Sound	20	609312	0	5			0		hit	886
S6012691	53	Port Input	15	611443	2131	1
S6012691	53	Port Input	14	621246	11934	1
S6012691	53	Response	222	621246	11934	1
S6012691	54	Sound	20	621247	0	4			0		hit	890
S6012691	54	Port Input	15	623194	1947	1
S6012691	54	Port Input	14	632700	11453	1
S6012691	54	Response	222	632700	11453	1
S6012691	55	Sound	20	632701	0	4			0		hit	894
S6012691	55	Port Input	15	634679	1978	1
S6012691	55	Port Input	14	644863	12162	1
S6012691	55	Response	222	644863	12162	1
S6012691	56	Sound	20	644864	0	4			0		hit	898
S6012691	56	Port Input	15	646649	1785	1
S6012691	56	Port Input	14	656703	11839	1
S6012691	56	Response	222	656703	11839	1
S6012691	57	Sound	20	656704	0	4			0		hit	908
S6012691	57	Port Input	15	658649	1945	1
S6012691	57	Port Input	14	658649	1945	1
S6012691	57	Port Input	15	658649	1945	1
S6012691	57	Port Input	14	658649	1945	1
S6012691	57	Port Input	15	658650	1945	1
S6012691	57	Port Input	14	658650	1946	1
S6012691	57	Port Input	15	658650	1946	1
S6012691	57	Port Input	14	668714	12010	1
S6012691	57	Response	222	668714	12010	1
S6012691	58	Sound	20	668715	0	5			0		hit	912
S6012691	58	Port Input	15	670747	2032	1
S6012691	58	Port Input	14	680918	12203	1
S6012691	58	Response	222	680918	12203	1
S6012691	59	Sound	20	680919	0	4			0		hit	918
S6012691	59	Port Input	15	683036	2117	1
S6012691	59	Port Input	14	683036	2117	1
S6012691	59	Port Input	15	683036	2117	1
S6012691	59	Port Input	14	692204	11285	1
S6012691	59	Response	222	692204	11285	1
S6012691	60	Sound	20	692205	0	5			0		hit	922
S6012691	60	Port Input	15	694157	1952	1
S6012691	60	Port Input	14	704085	11880	1
S6012691	60	Response	222	704085	11880	1
S6012691	61	Sound	20	704086	0	4			0		hit	928
S6012691	61	Port Input	15	706149	2063	1
S6012691	61	Port Input	14	706149	2063	1
S6012691	61	Port Input	15	706149	2064	1
S6012691	61	Port Input	14	715504	11418	1
S6012691	61	Response	222	715504	11418	1
S6012691	62	Sound	20	715505	0	4			0		hit	932
S6012691	62	Port Input	15	717400	1895	1
S6012691	62	Port Input	14	727086	11581	1
S6012691	62	Response	222	727086	11581	1
S6012691	63	Sound	20	727087	0	4			0		hit	936
S6012691	63	Port Input	15	728887	1800	1
S6012691	63	Port Input	14	738149	11062	1
S6012691	63	Response	222	738149	11062	1
S6012691	64	Sound	20	738149	0	4			0		hit	942
S6012691	64	Port Input	15	740086	1937	1
S6012691	64	Port Input	14	740086	1937	1
S6012691	64	Port Input	15	740086	1937	1
S6012691	64	Port Input	14	750474	12324	1
S6012691	64	Response	222	750474	12324	1
S6012691	65	Sound	20	750475	0	4			0		hit	948
S6012691	65	Port Input	15	752475	2000	1
S6012691	65	Port Input	14	752475	2000	1
S6012691	65	Port Input	15	752475	2000	1
S6012691	65	Port Input	14	761787	11312	1
S6012691	65	Response	222	761787	11312	1
S6012691	66	Sound	20	761788	0	4			0		hit	958
S6012691	66	Port Input	15	763567	1779	1
S6012691	66	Port Input	14	763567	1779	1
S6012691	66	Port Input	15	763567	1779	1
S6012691	66	Port Input	14	763567	1779	1
S6012691	66	Port Input	15	763567	1779	1
S6012691	66	Port Input	14	763567	1779	1
S6012691	66	Port Input	15	763567	1779	1
S6012691	66	Port Input	14	773311	11523	1
S6012691	66	Response	222	773311	11523	1
S6012691	67	Sound	20	773312	0	5			0		hit	962
S6012691	67	Port Input	15	775374	2062	1
S6012691	67	Port Input	14	784940	11628	1
S6012691	67	Response	222	784940	11628	1
S6012691	68	Sound	20	784941	0	4			0		hit	970
S6012691	68	Port Input	15	786988	2047	1
S6012691	68	Port Input	14	786988	2047	1
S6012691	68	Port Input	15	786988	2047	1
S6012691	68	Port Input	14	786988	2047	1
S6012691	68	Port Input	15	786988	2047	1
S6012691	68	Port Input	14	796565	11624	1
S6012691	68	Response	222	796565	11624	1
S6012691	69	Sound	20	796566	0	5			0		hit	974
S6012691	69	Port Input	15	798491	1925	1
S6012691	69	Port Input	14	807969	11403	1
S6012691	69	Response	222	807969	11403	1
S6012691	70	Sound	20	807969	0	4			0		hit	978
S6012691	70	Port Input	15	809847	1878	1
S6012691	70	Port Input	14	819270	11300	1
S6012691	70	Response	222	819270	11300	1
S6012691	71	Sound	20	819270	0	4			0		hit	986
S6012691	71	Port Input	15	821040	1770	1
S6012691	71	Port Input	14	821040	1770	1
S6012691	71	Port Input	15	821041	1770	1
S6012691	71	Port Input	14	821041	1770	1
S6012691	71	Port Input	15	821041	1770	1
S6012691	71	Port Input	14	831275	12004	1
S6012691	71	Response	222	831275	12004	1
S6012691	72	Sound	20	831276	0	4			0		hit	996
S6012691	72	Port Input	15	832967	1692	1
S6012691	72	Port Input	14	832967	1692	1
S6012691	72	Port Input	15	832967	1692	1
S6012691	72	Port Input	14	832968	1692	1
S6012691	72	Port Input	15	832968	1692	1
S6012691	72	Port Input	14	832968	1692	1
S6012691	72	Port Input	15	832968	1692	1
S6012691	72	Port Input	14	842820	11544	1
S6012691	72	Response	222	842820	11544	1
S6012691	73	Sound	20	842820	0	4			0		hit	1002
S6012691	73	Port Input	15	844650	1829	1
S6012691	73	Port Input	14	844650	1829	1
S6012691	73	Port Input	15	844650	1829	1
S6012691	73	Port Input	14	854515	11694	1
S6012691	73	Response	222	854515	11694	1
S6012691	74	Sound	20	854516	0	4			0		hit	1006
S6012691	74	Port Input	15	856168	1653	1
S6012691	74	Port Input	14	866427	11912	1
S6012691	74	Response	222	866427	11912	1
S6012691	75	Sound	20	866428	0	4			0		hit	1010
S6012691	75	Port Input	15	868083	1655	1
S6012691	75	Port Input	14	878023	11595	1
S6012691	75	Response	222	878023	11595	1
S6012691	76	Sound	20	878024	0	4			0		hit	1016
S6012691	76	Port Input	15	879722	1698	1
S6012691	76	Port Input	14	879722	1698	1
S6012691	76	Port Input	15	879722	1698	1
S6012691	76	Port Input	14	889585	11561	1
S6012691	76	Response	222	889585	11561	1
S6012691	77	Sound	20	889586	0	4			0		hit	1020
S6012691	77	Port Input	15	891265	1679	1
S6012691	77	Port Input	14	901852	12266	1
S6012691	77	Response	222	901852	12266	1
S6012691	78	Sound	20	901853	0	5			0		hit	1026
S6012691	78	Port Input	15	903793	1940	1
S6012691	78	Port Input	14	903793	1940	1
S6012691	78	Port Input	15	903794	1941	1
S6012691	78	Port Input	14	912852	10999	1
S6012691	78	Response	222	912852	10999	1
S6012691	79	Sound	20	912853	0	5			0		hit	1030
S6012691	79	Port Input	15	914676	1824	1
S6012691	79	Port Input	14	923974	11121	1
S6012691	79	Response	222	923974	11121	1
S6012691	80	Sound	20	923974	0	5			0		hit	1038
S6012691	80	Port Input	15	926055	2081	1
S6012691	80	Port Input	14	926055	2081	1
S6012691	80	Port Input	15	926056	2082	1
S6012691	80	Port Input	14	926056	2082	1
S6012691	80	Port Input	15	926057	2082	1
S6012691	80	Port Input	14	935577	11602	1
S6012691	80	Response	222	935577	11602	1
S6012691	81	Sound	20	935577	0	4			0		hit	1056
S6012691	81	Port Input	15	937466	1889	1
S6012691	81	Port Input	14	937466	1889	1
S6012691	81	Port Input	15	937466	1889	1
S6012691	81	Port Input	14	937466	1889	1
S6012691	81	Port Input	15	937466	1889	1
S6012691	81	Port Input	14	937466	1889	1
S6012691	81	Port Input	15	937467	1890	1
S6012691	81	Port Input	14	937467	1890	1
S6012691	81	Port Input	15	937467	1890	1
S6012691	81	Port Input	14	937467	1890	1
S6012691	81	Port Input	15	937467	1890	1
S6012691	81	Port Input	14	937467	1890	1
S6012691	81	Port Input	15	937467	1890	1
S6012691	81	Port Input	14	937468	1890	1
S6012691	81	Port Input	15	937468	1890	1
S6012691	81	Port Input	14	946536	10959	1
S6012691	81	Response	222	946536	10959	1
S6012691	82	Sound	20	946537	0	4			0		hit	1074
S6012691	82	Port Input	15	948543	2006	1
S6012691	82	Port Input	14	948543	2006	1
S6012691	82	Port Input	15	948543	2006	1
S6012691	82	Port Input	14	948543	2006	1
S6012691	82	Port Input	15	948544	2007	1
S6012691	82	Port Input	14	948544	2007	1
S6012691	82	Port Input	15	948544	2007	1
S6012691	82	Port Input	14	948544	2007	1
S6012691	82	Port Input	15	948544	2007	1
S6012691	82	Port Input	14	948544	2007	1
S6012691	82	Port Input	15	948544	2007	1
S6012691	82	Port Input	14	948544	2007	1
S6012691	82	Port Input	15	948544	2007	1
S6012691	82	Port Input	14	948544	2007	1
S6012691	82	Port Input	15	948544	2007	1
S6012691	82	Port Input	14	957431	10894	1
S6012691	82	Response	222	957431	10894	1
S6012691	83	Sound	20	957432	0	4			0		hit	1078
S6012691	83	Port Input	15	959197	1764	1
S6012691	83	Port Input	14	967389	9957	1
S6012691	83	Response	222	967389	9957	1
S6012691	83	Port Input	15	967390	9957	1
S6012691	83	Port Input	14	967390	9958	5
S6012691	84	Sound	20	967390	0	4			0		hit	1086
S6012691	84	Port Input	15	969266	1876	1
S6012691	84	Port Input	14	969266	1876	1
S6012691	84	Port Input	15	969266	1876	1
S6012691	84	Port Input	14	979375	11985	1
S6012691	84	Response	222	979375	11985	1
S6012691	85	Sound	20	979376	0	4			0		hit	1098
S6012691	85	Port Input	15	981236	1860	1
S6012691	85	Port Input	14	981236	1860	1
S6012691	85	Port Input	15	981236	1861	1
S6012691	85	Port Input	14	981236	1861	1
S6012691	85	Port Input	15	981236	1861	1
S6012691	85	Port Input	14	981236	1861	1
S6012691	85	Port Input	15	981237	1861	1
S6012691	85	Port Input	14	981237	1861	1
S6012691	85	Port Input	15	981237	1861	1
S6012691	85	Port Input	14	990583	11208	1
S6012691	85	Response	222	990583	11208	1
S6012691	86	Sound	20	990584	0	4			0		hit	1102
S6012691	86	Port Input	15	992444	1860	1
S6012691	86	Port Input	14	1002252	11668	1
S6012691	86	Response	222	1002252	11668	1
S6012691	87	Sound	20	1002253	0	5			0		hit	1106
S6012691	87	Port Input	15	1004032	1779	1
S6012691	87	Port Input	14	1013093	10840	1
S6012691	87	Response	222	1013093	10840	1
S6012691	88	Sound	20	1013094	0	4			0		hit	1114
S6012691	88	Port Input	15	1015007	1912	1
S6012691	88	Port Input	14	1015007	1912	1
S6012691	88	Port Input	15	1015008	1913	1
S6012691	88	Port Input	14	1015008	1913	1
S6012691	88	Port Input	15	1015008	1913	1
S6012691	88	Port Input	14	1024012	10918	1
S6012691	88	Response	222	1024012	10918	1
S6012691	89	Sound	20	1024013	0	5			0		hit	1120
S6012691	89	Port Input	15	1025978	1965	1
S6012691	89	Port Input	14	1025978	1965	1
S6012691	89	Port Input	15	1025979	1965	1
S6012691	89	Port Input	14	1035550	11537	1
S6012691	89	Response	222	1035550	11537	1
S6012691	90	Sound	20	1035551	0	6			0		hit	1138
S6012691	90	Port Input	15	1037626	2074	1
S6012691	90	Port Input	14	1037626	2074	1
S6012691	90	Port Input	15	1037626	2075	1
S6012691	90	Port Input	14	1037626	2075	1
S6012691	90	Port Input	15	1037626	2075	1
S6012691	90	Port Input	14	1037626	2075	1
S6012691	90	Port Input	15	1037626	2075	1
S6012691	90	Port Input	14	1037626	2075	1
S6012691	90	Port Input	15	1037626	2075	1
S6012691	90	Port Input	14	1037627	2075	1
S6012691	90	Port Input	15	1037627	2076	1
S6012691	90	Port Input	14	1037627	2076	1
S6012691	90	Port Input	15	1037627	2076	1
S6012691	90	Port Input	14	1037627	2076	1
S6012691	90	Port Input	15	1037627	2076	1
S6012691	90	Port Input	14	1047287	11736	1
S6012691	90	Response	222	1047287	11736	1
S6012691	91	Sound	20	1047288	0	4			0		hit	1142
S6012691	91	Port Input	15	1049408	2120	1
S6012691	91	Port Input	14	1059042	11754	1
S6012691	91	Response	222	1059042	11754	1
S6012691	92	Sound	20	1059043	0	4			0		hit	1146
S6012691	92	Port Input	15	1061261	2218	1
S6012691	92	Port Input	14	1070773	11730	1
S6012691	92	Response	222	1070773	11730	1
S6012691	92	Port Input	15	1070773	11730	1
S6012691	92	Port Input	14	1070774	11731	1
S6012691	93	Sound	20	1070774	0	5			0		hit	1152
S6012691	93	Port Input	15	1073134	2360	1
S6012691	93	Port Input	14	1082396	11622	1
S6012691	93	Response	222	1082396	11622	1
S6012691	93	Port Input	15	1082397	11623	1
S6012691	93	Port Input	14	1082397	11623	5
S6012691	94	Sound	20	1082397	0	4			0		hit	1158
S6012691	94	Port Input	15	1084584	2187	1
S6012691	94	Port Input	14	1093687	11290	1
S6012691	94	Response	222	1093687	11290	1
S6012691	95	Sound	20	1093688	0	4			0		hit	1162
S6012691	95	Port Input	15	1095602	1914	1
S6012691	95	Port Input	14	1104828	11140	1
S6012691	95	Response	222	1104828	11140	1
S6012691	95	Port Input	15	1104829	11140	1
S6012691	95	Port Input	14	1104829	11140	1
S6012691	96	Sound	20	1104829	0	4			0		hit	1168
S6012691	96	Port Input	15	1106942	2113	1
S6012691	96	Port Input	14	1116499	11670	1
S6012691	96	Response	222	1116499	11670	1
S6012691	97	Sound	20	1116499	0	4			0		hit	1174
S6012691	97	Port Input	15	1118552	2053	1
S6012691	97	Port Input	14	1118552	2053	1
S6012691	97	Port Input	15	1118553	2053	1
S6012691	97	Port Input	14	1128880	12381	1
S6012691	97	Response	222	1128880	12381	1
S6012691	98	Sound	20	1128881	0	4			0		hit	1182
S6012691	98	Port Input	15	1130952	2071	1
S6012691	98	Port Input	14	1130952	2071	1
S6012691	98	Port Input	15	1130953	2072	1
S6012691	98	Port Input	14	1130953	2072	1
S6012691	98	Port Input	15	1130953	2072	1
S6012691	98	Port Input	14	1141229	12348	1
S6012691	98	Response	222	1141229	12348	1
S6012691	98	Port Input	15	1141229	12348	1
S6012691	98	Port Input	14	1141229	12348	1
S6012691	99	Sound	20	1141230	0	4			0		hit	1194
S6012691	99	Port Input	15	1143004	1774	1
S6012691	99	Port Input	14	1143004	1774	1
S6012691	99	Port Input	15	1143004	1775	1
S6012691	99	Port Input	14	1143004	1775	1
S6012691	99	Port Input	15	1143004	1775	1
S6012691	99	Port Input	14	1143004	1775	1
S6012691	99	Port Input	15	1143005	1775	1
S6012691	99	Port Input	14	1152825	11596	1
S6012691	99	Response	222	1152825	11596	1
S6012691	100	Sound	20	1152826	0	4			0		hit	1198
S6012691	100	Port Input	15	1154812	1986	1
S6012691	100	Port Input	14	1164718	11892	1
S6012691	100	Response	222	1164718	11892	1
S6012691	101	Sound	20	1164719	0	5			0		hit	1208
S6012691	101	Port Input	15	1166478	1759	1
S6012691	101	Port Input	14	1166479	1760	1
S6012691	101	Port Input	15	1166479	1760	1
S6012691	101	Port Input	14	1166479	1760	1
S6012691	101	Port Input	15	1166479	1760	1
S6012691	101	Port Input	14	1166479	1760	1
S6012691	101	Port Input	15	1166479	1760	1
S6012691	101	Port Input	14	1176850	12131	1
S6012691	101	Response	222	1176850	12131	1
S6012691	102	Sound	20	1176851	0	5			0		other	0
S6012691	102	Port Input	15	1178763	1912	1
S6012691	102	Port Input	14	1178763	1912	1
S6012691	102	Port Input	15	1178763	1913	1

The following output port codes were not sent because of a conflict on the port.
Port	Code	Time(ms)
1	20	117695
