Scenario - passive press generic training 1.2
Logfile written - 08/22/2023 12:54:48

Subject	Trial	Event Type	Code	Time	TTime	Uncertainty	Duration	Uncertainty	ReqTime	ReqDur	Stim Type	Pair Index

S6012561	1	Picture	83	65	0	1	5000	1	0	4950	other	0
S6012561	1	Picture	82	10064	10000	1	5000	1	9950	4950	other	0
S6012561	1	Picture	81	20064	19999	1	5000	1	19950	4950	other	0
S6012561	1	Picture	80	30064	29999	1	5000	1	29950	4950	other	0
S6012561	1	Picture	81	40063	39999	1	10000	1	39950	9950	other	0
S6012561	1	Port Input	14	44827	44762	1
S6012561	1	Response	100	44827	44762	1
S6012561	1	Port Input	15	47693	47628	1
S6012561	1	Port Input	14	47693	47628	1
S6012561	1	Port Input	15	47693	47628	1
S6012561	1	Port Input	14	47693	47628	1
S6012561	1	Port Input	15	47693	47628	1
S6012561	1	Port Input	14	47693	47628	1
S6012561	1	Port Input	15	47693	47628	1
S6012561	1	Port Input	14	47693	47628	1
S6012561	1	Port Input	15	47693	47628	1
S6012561	1	Port Input	14	47693	47628	1
S6012561	1	Port Input	15	47693	47628	1
S6012561	1	Port Input	14	47693	47629	1
S6012561	1	Port Input	15	47693	47629	1
S6012561	1	Picture	81	60062	59998	1	10000	1	59950	9950	other	0
S6012561	1	Port Input	14	63108	63043	1
S6012561	1	Response	100	63108	63043	1
S6012561	1	Port Input	15	66024	65959	1
S6012561	1	Picture	81	80062	79997	1	10000	1	79950	9950	other	0
S6012561	1	Port Input	14	82883	82818	1
S6012561	1	Response	100	82883	82818	1
S6012561	1	Port Input	15	85609	85544	1
S6012561	2	Port Input	14	114746	24615	3
S6012561	2	Response	100	114746	24615	3
S6012561	3	Port Input	15	117309	2526	8
S6012561	3	Port Input	14	128737	13955	8
S6012561	3	Response	100	128737	13955	8
S6012561	4	Port Input	15	131863	3053	8
S6012561	4	Port Input	14	148045	19235	8
S6012561	4	Response	100	148045	19235	8
S6012561	5	Port Input	15	150784	2669	8
S6012561	5	Port Input	14	164780	16665	8
S6012561	5	Response	100	164780	16665	8
S6012561	6	Port Input	15	167973	3123	8
S6012561	6	Port Input	14	180181	15331	8
S6012561	6	Response	100	180181	15331	8
S6012561	7	Port Input	15	183127	2861	8
S6012561	7	Port Input	14	196848	16582	8
S6012561	7	Response	100	196848	16582	8
S6012561	8	Port Input	15	200021	3089	8
S6012561	8	Port Input	14	215223	18290	8
S6012561	8	Response	100	215223	18290	8
S6012561	8	Port Input	15	215230	18298	1
S6012561	8	Port Input	14	215230	18298	1
S6012561	9	Port Input	15	218417	3152	8
S6012561	9	Port Input	14	231578	16313	8
S6012561	9	Response	100	231578	16313	8
S6012561	10	Port Input	15	234197	2544	8
S6012561	10	Port Input	14	245409	13756	8
S6012561	10	Response	100	245409	13756	8
S6012561	11	Port Input	15	248342	2870	8
S6012561	11	Port Input	14	259676	14204	8
S6012561	11	Response	100	259676	14204	8
S6012561	12	Port Input	15	262859	3151	8
S6012561	12	Port Input	14	276524	16817	8
S6012561	12	Response	100	276524	16817	8
