Scenario - passive press generic training 1.2
Logfile written - 09/05/2023 11:32:15

Subject	Trial	Event Type	Code	Time	TTime	Uncertainty	Duration	Uncertainty	ReqTime	ReqDur	Stim Type	Pair Index

S6012581	1	Picture	83	65	0	1	5000	1	0	4950	other	0
S6012581	1	Picture	82	10064	10000	1	5000	1	9950	4950	other	0
S6012581	1	Picture	81	20064	19999	1	5000	1	19950	4950	other	0
S6012581	1	Picture	80	30064	29999	1	5000	1	29950	4950	other	0
S6012581	1	Picture	81	40063	39999	1	10000	1	39950	9950	other	0
S6012581	1	Port Input	14	43502	43438	1
S6012581	1	Response	100	43502	43438	1
S6012581	1	Port Input	15	43502	43438	1
S6012581	1	Port Input	14	43503	43438	1
S6012581	1	Port Input	15	43503	43438	1
S6012581	1	Port Input	14	43503	43438	1
S6012581	1	Port Input	15	43503	43438	1
S6012581	1	Port Input	14	43503	43438	1
S6012581	1	Port Input	15	43503	43439	1
S6012581	1	Port Input	14	43503	43439	1
S6012581	1	Port Input	15	43503	43439	1
S6012581	1	Port Input	14	43503	43439	1
S6012581	1	Port Input	15	43503	43439	1
S6012581	1	Port Input	14	43503	43439	1
S6012581	1	Port Input	15	43503	43439	1
S6012581	1	Port Input	14	43503	43439	1
S6012581	1	Port Input	15	43504	43439	1
S6012581	1	Port Input	14	43504	43439	1
S6012581	1	Port Input	15	43504	43440	1
S6012581	1	Port Input	14	43504	43440	1
S6012581	1	Port Input	15	43504	43440	1
S6012581	1	Port Input	14	43504	43440	1
S6012581	1	Port Input	15	43504	43440	1
S6012581	1	Port Input	14	43504	43440	1
S6012581	1	Port Input	15	43504	43440	1
S6012581	1	Port Input	14	43504	43440	1
S6012581	1	Port Input	15	43505	43440	1
S6012581	1	Port Input	14	43505	43440	1
S6012581	1	Port Input	15	43505	43440	1
S6012581	1	Port Input	14	43505	43440	1
S6012581	1	Port Input	15	43505	43440	1
S6012581	1	Port Input	14	43505	43441	1
S6012581	1	Port Input	15	43505	43441	1
S6012581	1	Port Input	14	43505	43441	1
S6012581	1	Port Input	15	43505	43441	1
S6012581	1	Port Input	14	43505	43441	1
S6012581	1	Port Input	15	43505	43441	1
S6012581	1	Port Input	14	43505	43441	1
S6012581	1	Port Input	15	43506	43441	1
S6012581	1	Port Input	14	43506	43441	1
S6012581	1	Port Input	15	43506	43441	1
S6012581	1	Port Input	14	43506	43441	1
S6012581	1	Port Input	15	43506	43441	1
S6012581	1	Port Input	14	43506	43441	1
S6012581	1	Port Input	15	43506	43442	1
S6012581	1	Port Input	14	43506	43442	1
S6012581	1	Port Input	15	43507	43442	1
S6012581	1	Port Input	14	43507	43442	1
S6012581	1	Port Input	15	43507	43443	1
S6012581	1	Port Input	14	43507	43443	1
S6012581	1	Port Input	15	43507	43443	1
S6012581	1	Port Input	14	43507	43443	1
S6012581	1	Port Input	15	43508	43443	1
S6012581	1	Port Input	14	43508	43443	1
S6012581	1	Port Input	15	43508	43443	1
S6012581	1	Port Input	14	43508	43443	1
S6012581	1	Port Input	15	43508	43443	1
S6012581	1	Port Input	14	43508	43444	1
S6012581	1	Port Input	15	43510	43446	1
S6012581	1	Port Input	14	43510	43446	1
S6012581	1	Port Input	15	43512	43448	1
S6012581	1	Port Input	14	43512	43448	1
S6012581	1	Port Input	15	43513	43448	1
S6012581	1	Port Input	14	43513	43449	1
S6012581	1	Port Input	15	43513	43449	1
S6012581	1	Port Input	14	43513	43449	1
S6012581	1	Port Input	15	43514	43449	1
S6012581	1	Port Input	14	43514	43449	1
S6012581	1	Port Input	15	43514	43449	1
S6012581	1	Port Input	14	43514	43449	1
S6012581	1	Port Input	15	43515	43450	1
S6012581	1	Port Input	14	43515	43450	1
S6012581	1	Port Input	15	43516	43451	1
S6012581	1	Port Input	14	43516	43451	1
S6012581	1	Port Input	15	43516	43451	1
S6012581	1	Port Input	14	43516	43451	1
S6012581	1	Port Input	15	43518	43453	1
S6012581	1	Port Input	14	43518	43453	1
S6012581	1	Port Input	15	43519	43454	1
S6012581	1	Port Input	14	43519	43454	1
S6012581	1	Port Input	15	43519	43454	1
S6012581	1	Port Input	14	43519	43455	1
S6012581	1	Port Input	15	43520	43456	1
S6012581	1	Port Input	14	43520	43456	1
S6012581	1	Port Input	15	43520	43456	1
S6012581	1	Port Input	14	43520	43456	1
S6012581	1	Port Input	15	43521	43456	1
S6012581	1	Port Input	14	43521	43456	1
S6012581	1	Port Input	15	43521	43457	1
S6012581	1	Port Input	14	43521	43457	1
S6012581	1	Port Input	15	43521	43457	1
S6012581	1	Port Input	14	43521	43457	1
S6012581	1	Port Input	15	43521	43457	1
S6012581	1	Port Input	14	43521	43457	1
S6012581	1	Port Input	15	43522	43458	1
S6012581	1	Port Input	14	43522	43458	1
S6012581	1	Port Input	15	43525	43460	1
S6012581	1	Port Input	14	43525	43460	1
S6012581	1	Port Input	15	43526	43461	1
S6012581	1	Port Input	14	43526	43461	1
S6012581	1	Port Input	15	43526	43461	1
S6012581	1	Port Input	14	43526	43461	1
S6012581	1	Port Input	15	43526	43461	1
S6012581	1	Port Input	14	43526	43461	1
S6012581	1	Port Input	15	43527	43463	1
S6012581	1	Port Input	14	43527	43463	1
S6012581	1	Port Input	15	43530	43466	1
S6012581	1	Port Input	14	43530	43466	1
S6012581	1	Port Input	15	46240	46175	1
S6012581	1	Port Input	14	46240	46175	1
S6012581	1	Port Input	15	46240	46175	1
S6012581	1	Port Input	14	46240	46175	1
S6012581	1	Port Input	15	46240	46175	1
S6012581	1	Port Input	14	46240	46175	1
S6012581	1	Port Input	15	46240	46175	1
S6012581	1	Port Input	14	46240	46176	1
S6012581	1	Port Input	15	46240	46176	1
S6012581	1	Port Input	14	46240	46176	1
S6012581	1	Port Input	15	46241	46176	1
S6012581	1	Port Input	14	46241	46176	1
S6012581	1	Port Input	15	46241	46176	1
S6012581	1	Port Input	14	46241	46176	1
S6012581	1	Port Input	15	46241	46176	1
S6012581	1	Port Input	14	46241	46176	1
S6012581	1	Port Input	15	46241	46177	1
S6012581	1	Port Input	14	46241	46177	1
S6012581	1	Port Input	15	46241	46177	1
S6012581	1	Picture	81	60063	59998	1	10000	1	59950	9950	other	0
S6012581	1	Port Input	14	62561	62496	1
S6012581	1	Response	100	62561	62496	1
S6012581	1	Port Input	15	62561	62496	1
S6012581	1	Port Input	14	62561	62496	1
S6012581	1	Port Input	15	62561	62497	1
S6012581	1	Port Input	14	62561	62497	1
S6012581	1	Port Input	15	62561	62497	1
S6012581	1	Port Input	14	62561	62497	1
S6012581	1	Port Input	15	62561	62497	1
S6012581	1	Port Input	14	62561	62497	1
S6012581	1	Port Input	15	62561	62497	1
S6012581	1	Port Input	14	62561	62497	1
S6012581	1	Port Input	15	62562	62497	1
S6012581	1	Port Input	14	62562	62497	1
S6012581	1	Port Input	15	65713	65648	1
S6012581	1	Port Input	14	65713	65648	1
S6012581	1	Port Input	15	65713	65649	1
S6012581	1	Picture	81	80062	79997	1	10000	1	79950	9950	other	0
S6012581	1	Port Input	14	82091	82027	1
S6012581	1	Response	100	82091	82027	1
S6012581	1	Port Input	15	84860	84796	1
S6012581	2	Port Input	14	111993	21862	3
S6012581	2	Response	100	111993	21862	3
S6012581	2	Port Input	15	111995	21864	1
S6012581	2	Port Input	14	111995	21864	1
S6012581	2	Port Input	15	111995	21864	1
S6012581	2	Port Input	14	111996	21864	1
S6012581	3	Port Input	15	114747	2673	8
S6012581	3	Port Input	14	128305	16230	8
S6012581	3	Response	100	128305	16230	8
S6012581	4	Port Input	15	130975	2582	8
S6012581	4	Port Input	14	144435	16041	8
S6012581	4	Response	100	144435	16041	8
S6012581	5	Port Input	15	147205	2700	8
S6012581	5	Port Input	14	157959	13455	8
S6012581	5	Response	100	157959	13455	8
S6012581	6	Port Input	15	161046	3001	8
S6012581	6	Port Input	14	173731	15686	8
S6012581	6	Response	100	173731	15686	8
S6012581	7	Port Input	15	176551	2743	8
S6012581	7	Port Input	14	188674	14865	8
S6012581	7	Response	100	188674	14865	8
S6012581	8	Port Input	15	191638	2899	7
S6012581	8	Port Input	14	204250	15511	8
S6012581	8	Response	100	204250	15511	8
S6012581	9	Port Input	15	207129	2836	8
S6012581	9	Port Input	14	220489	16196	8
S6012581	9	Response	100	220489	16196	8
S6012581	10	Port Input	15	223462	2918	8
S6012581	10	Port Input	14	236428	15885	8
S6012581	10	Response	100	236428	15885	8
S6012581	11	Port Input	15	239171	2656	8
S6012581	11	Port Input	14	251416	14901	8
S6012581	11	Response	100	251416	14901	8
S6012581	12	Port Input	15	254108	2663	8
S6012581	12	Port Input	14	266445	15000	7
S6012581	12	Response	100	266445	15000	8
