Scenario - passive press generic training 1.2
Logfile written - 04/12/2022 15:44:23

Subject	Trial	Event Type	Code	Time	TTime	Uncertainty	Duration	Uncertainty	ReqTime	ReqDur	Stim Type	Pair Index

S6010962	1	Picture	83	32	0	1	5000	1	0	4950	other	0
S6010962	1	Picture	82	10032	10000	1	5000	1	9950	4950	other	0
S6010962	1	Picture	81	20032	19999	1	5000	1	19950	4950	other	0
S6010962	1	Picture	80	30031	29999	1	5000	1	29950	4950	other	0
S6010962	1	Picture	81	40031	39999	1	10000	1	39950	9950	other	0
S6010962	1	Port Input	14	48474	48442	1
S6010962	1	Response	100	48474	48442	1
S6010962	1	Port Input	15	48475	48443	1
S6010962	1	Port Input	14	48475	48443	1
S6010962	1	Port Input	15	48476	48443	1
S6010962	1	Port Input	14	48476	48444	1
S6010962	1	Port Input	15	48476	48444	1
S6010962	1	Port Input	14	48476	48444	1
S6010962	1	Port Input	15	48476	48444	1
S6010962	1	Port Input	14	48476	48444	1
S6010962	1	Port Input	15	48483	48451	1
S6010962	1	Port Input	14	48483	48451	1
S6010962	1	Port Input	15	48485	48452	1
S6010962	1	Port Input	14	48485	48452	1
S6010962	1	Port Input	15	48485	48453	1
S6010962	1	Port Input	14	48485	48453	1
S6010962	1	Port Input	15	48485	48453	1
S6010962	1	Port Input	14	48485	48453	1
S6010962	1	Port Input	15	48485	48453	1
S6010962	1	Port Input	14	48485	48453	1
S6010962	1	Port Input	15	48486	48453	1
S6010962	1	Port Input	14	48486	48453	1
S6010962	1	Port Input	15	48486	48454	1
S6010962	1	Port Input	14	48486	48454	1
S6010962	1	Port Input	15	48486	48454	1
S6010962	1	Port Input	14	48486	48454	1
S6010962	1	Port Input	15	48487	48454	1
S6010962	1	Port Input	14	48487	48454	1
S6010962	1	Port Input	15	48487	48455	1
S6010962	1	Port Input	14	48487	48455	1
S6010962	1	Port Input	15	48488	48455	1
S6010962	1	Port Input	14	48488	48455	1
S6010962	1	Port Input	15	48488	48456	1
S6010962	1	Port Input	14	48488	48456	1
S6010962	1	Port Input	15	48489	48456	1
S6010962	1	Port Input	14	48489	48456	1
S6010962	1	Port Input	15	48489	48457	1
S6010962	1	Port Input	14	48489	48457	1
S6010962	1	Port Input	15	48489	48457	1
S6010962	1	Port Input	14	48490	48457	1
S6010962	1	Port Input	15	48490	48457	1
S6010962	1	Port Input	14	48490	48457	1
S6010962	1	Port Input	15	48490	48458	1
S6010962	1	Port Input	14	48490	48458	1
S6010962	1	Port Input	15	48490	48458	1
S6010962	1	Port Input	14	48490	48458	1
S6010962	1	Port Input	15	48490	48458	1
S6010962	1	Port Input	14	48491	48458	1
S6010962	1	Port Input	15	48491	48458	1
S6010962	1	Port Input	14	48491	48459	1
S6010962	1	Port Input	15	48491	48459	1
S6010962	1	Port Input	14	48491	48459	1
S6010962	1	Port Input	15	48491	48459	1
S6010962	1	Port Input	14	48492	48459	1
S6010962	1	Port Input	15	48492	48460	1
S6010962	1	Port Input	14	48492	48460	1
S6010962	1	Port Input	15	48493	48460	1
S6010962	1	Port Input	14	48493	48460	1
S6010962	1	Port Input	15	48493	48460	1
S6010962	1	Port Input	14	48493	48460	1
S6010962	1	Port Input	15	48493	48461	1
S6010962	1	Port Input	14	48493	48461	1
S6010962	1	Port Input	15	48494	48461	1
S6010962	1	Port Input	14	48494	48461	1
S6010962	1	Port Input	15	48494	48461	1
S6010962	1	Port Input	14	48494	48462	1
S6010962	1	Port Input	15	48494	48462	1
S6010962	1	Port Input	14	48494	48462	1
S6010962	1	Port Input	15	48495	48462	1
S6010962	1	Port Input	14	48495	48462	1
S6010962	1	Port Input	15	48495	48462	1
S6010962	1	Port Input	14	48495	48462	1
S6010962	1	Port Input	15	48495	48463	1
S6010962	1	Port Input	14	48495	48463	1
S6010962	1	Port Input	15	48495	48463	1
S6010962	1	Port Input	14	48495	48463	1
S6010962	1	Port Input	15	48495	48463	1
S6010962	1	Port Input	14	48495	48463	1
S6010962	1	Port Input	15	48495	48463	1
S6010962	1	Port Input	14	48496	48463	1
S6010962	1	Port Input	15	48496	48463	1
S6010962	1	Port Input	14	48496	48463	1
S6010962	1	Port Input	15	48496	48464	1
S6010962	1	Port Input	14	48496	48464	1
S6010962	1	Port Input	15	48496	48464	1
S6010962	1	Port Input	14	48496	48464	1
S6010962	1	Port Input	15	48497	48464	1
S6010962	1	Port Input	14	48497	48464	1
S6010962	1	Port Input	15	48497	48464	1
S6010962	1	Port Input	14	48497	48465	1
S6010962	1	Port Input	15	48497	48465	1
S6010962	1	Port Input	14	48497	48465	1
S6010962	1	Port Input	15	48498	48466	1
S6010962	1	Port Input	14	48498	48466	1
S6010962	1	Port Input	15	48498	48466	1
S6010962	1	Port Input	14	48499	48466	1
S6010962	1	Port Input	15	48499	48467	1
S6010962	1	Port Input	14	48499	48467	1
S6010962	1	Port Input	15	48501	48469	1
S6010962	1	Port Input	14	48501	48469	1
S6010962	1	Port Input	15	48502	48469	1
S6010962	1	Port Input	14	48502	48469	1
S6010962	1	Port Input	15	48503	48471	1
S6010962	1	Port Input	14	48503	48471	1
S6010962	1	Port Input	15	48504	48471	1
S6010962	1	Port Input	14	48504	48471	1
S6010962	1	Port Input	15	48504	48471	1
S6010962	1	Port Input	14	48504	48471	1
S6010962	1	Port Input	15	48504	48472	1
S6010962	1	Port Input	14	48504	48472	1
S6010962	1	Port Input	15	48505	48472	1
S6010962	1	Port Input	14	48505	48472	1
S6010962	1	Port Input	15	48505	48473	1
S6010962	1	Port Input	14	48505	48473	1
S6010962	1	Port Input	15	48506	48473	1
S6010962	1	Port Input	14	48506	48473	1
S6010962	1	Port Input	15	48509	48477	1
S6010962	1	Port Input	14	48509	48477	1
S6010962	1	Port Input	15	48510	48477	1
S6010962	1	Port Input	14	48510	48477	1
S6010962	1	Port Input	15	48513	48481	1
S6010962	1	Port Input	14	48513	48481	1
S6010962	1	Port Input	15	48514	48482	1
S6010962	1	Port Input	14	48514	48482	1
S6010962	1	Port Input	15	48515	48482	1
S6010962	1	Port Input	14	48515	48482	1
S6010962	1	Port Input	15	48515	48482	1
S6010962	1	Port Input	14	48515	48482	1
S6010962	1	Port Input	15	48519	48486	1
S6010962	1	Port Input	14	48519	48486	1
S6010962	1	Port Input	15	51439	51407	1
S6010962	1	Port Input	14	51439	51407	1
S6010962	1	Port Input	15	51440	51408	1
S6010962	1	Port Input	14	51440	51408	1
S6010962	1	Port Input	15	51441	51408	1
S6010962	1	Port Input	14	51441	51408	1
S6010962	1	Port Input	15	51441	51408	1
S6010962	1	Port Input	14	51441	51408	1
S6010962	1	Port Input	15	51441	51408	1
S6010962	1	Port Input	14	51441	51409	1
S6010962	1	Port Input	15	51441	51409	1
S6010962	1	Port Input	14	51441	51409	1
S6010962	1	Port Input	15	51441	51409	1
S6010962	1	Picture	81	60030	59998	1	10000	1	59950	9950	other	0
S6010962	1	Port Input	14	62884	62852	1
S6010962	1	Response	100	62884	62852	1
S6010962	1	Port Input	15	62885	62852	1
S6010962	1	Port Input	14	62885	62853	1
S6010962	1	Port Input	15	62885	62853	1
S6010962	1	Port Input	14	62885	62853	1
S6010962	1	Port Input	15	62886	62854	1
S6010962	1	Port Input	14	62886	62854	1
S6010962	1	Port Input	15	65113	65081	1
S6010962	1	Port Input	14	65113	65081	1
S6010962	1	Port Input	15	65113	65081	1
S6010962	1	Port Input	14	65113	65081	1
S6010962	1	Port Input	15	65114	65082	1
S6010962	1	Port Input	14	65114	65082	1
S6010962	1	Port Input	15	65115	65083	1
S6010962	1	Port Input	14	65115	65083	1
S6010962	1	Port Input	15	65115	65083	1
S6010962	1	Port Input	14	65115	65083	1
S6010962	1	Port Input	15	65116	65084	1
S6010962	1	Port Input	14	65116	65084	1
S6010962	1	Port Input	15	65116	65084	1
S6010962	1	Port Input	14	65116	65084	1
S6010962	1	Port Input	15	65117	65084	1
S6010962	1	Port Input	14	65117	65084	1
S6010962	1	Port Input	15	65117	65084	1
S6010962	1	Port Input	14	65117	65085	1
S6010962	1	Port Input	15	65117	65085	1
S6010962	1	Port Input	14	65117	65085	1
S6010962	1	Port Input	15	65117	65085	1
S6010962	1	Port Input	14	65117	65085	1
S6010962	1	Port Input	15	65118	65085	1
S6010962	1	Port Input	14	65118	65085	1
S6010962	1	Port Input	15	65118	65086	1
S6010962	1	Port Input	14	65118	65086	1
S6010962	1	Port Input	15	65118	65086	1
S6010962	1	Port Input	14	65118	65086	1
S6010962	1	Port Input	15	65118	65086	1
S6010962	1	Picture	81	80030	79997	1	10000	1	79950	9950	other	0
S6010962	1	Port Input	14	82470	82437	1
S6010962	1	Response	100	82470	82437	1
S6010962	1	Port Input	15	82470	82437	1
S6010962	1	Port Input	14	82471	82438	1
S6010962	1	Port Input	15	82471	82439	1
S6010962	1	Port Input	14	82471	82439	1
S6010962	1	Port Input	15	82471	82439	1
S6010962	1	Port Input	14	82471	82439	1
S6010962	1	Port Input	15	82472	82439	1
S6010962	1	Port Input	14	82472	82439	1
S6010962	1	Port Input	15	82472	82440	1
S6010962	1	Port Input	14	82472	82440	1
S6010962	1	Port Input	15	82473	82441	1
S6010962	1	Port Input	14	82473	82441	1
S6010962	1	Port Input	15	82473	82441	1
S6010962	1	Port Input	14	82474	82441	1
S6010962	1	Port Input	15	82474	82441	1
S6010962	1	Port Input	14	82474	82441	1
S6010962	1	Port Input	15	82474	82441	1
S6010962	1	Port Input	14	82474	82441	1
S6010962	1	Port Input	15	82474	82442	1
S6010962	1	Port Input	14	82474	82442	1
S6010962	1	Port Input	15	82474	82442	1
S6010962	1	Port Input	14	82474	82442	1
S6010962	1	Port Input	15	82474	82442	1
S6010962	1	Port Input	14	82474	82442	1
S6010962	1	Port Input	15	82475	82442	1
S6010962	1	Port Input	14	82475	82442	1
S6010962	1	Port Input	15	82475	82442	1
S6010962	1	Port Input	14	82475	82442	1
S6010962	1	Port Input	15	82478	82446	1
S6010962	1	Port Input	14	82478	82446	1
S6010962	1	Port Input	15	82478	82446	1
S6010962	1	Port Input	14	82478	82446	1
S6010962	1	Port Input	15	82479	82446	1
S6010962	1	Port Input	14	82479	82446	1
S6010962	1	Port Input	15	82479	82446	1
S6010962	1	Port Input	14	82479	82446	1
S6010962	1	Port Input	15	82479	82447	1
S6010962	1	Port Input	14	82479	82447	1
S6010962	1	Port Input	15	82482	82449	1
S6010962	1	Port Input	14	82482	82449	1
S6010962	1	Port Input	15	82483	82451	1
S6010962	1	Port Input	14	82483	82451	1
S6010962	1	Port Input	15	82484	82452	1
S6010962	1	Port Input	14	82484	82452	1
S6010962	1	Port Input	15	84719	84687	1
S6010962	1	Port Input	14	84719	84687	1
S6010962	1	Port Input	15	84721	84688	1
S6010962	1	Port Input	14	84721	84688	1
S6010962	1	Port Input	15	84721	84689	1
S6010962	1	Port Input	14	84721	84689	1
S6010962	1	Port Input	15	84722	84690	1
S6010962	1	Port Input	14	84723	84690	1
S6010962	1	Port Input	15	84725	84692	1
S6010962	1	Port Input	14	84725	84692	1
S6010962	1	Port Input	15	84729	84697	1
S6010962	1	Port Input	14	84729	84697	1
S6010962	1	Port Input	15	84730	84697	1
S6010962	1	Port Input	14	84730	84697	1
S6010962	1	Port Input	15	84730	84698	1
S6010962	1	Port Input	14	84730	84698	1
S6010962	1	Port Input	15	84730	84698	1
S6010962	1	Port Input	14	84730	84698	1
S6010962	1	Port Input	15	84731	84698	1
S6010962	1	Port Input	14	84731	84698	1
S6010962	1	Port Input	15	84732	84700	1
S6010962	1	Port Input	14	84732	84700	1
S6010962	1	Port Input	15	84733	84701	1
S6010962	1	Port Input	14	84733	84701	1
S6010962	1	Port Input	15	84735	84702	1
S6010962	1	Port Input	14	84735	84702	1
S6010962	1	Port Input	15	84735	84703	1
S6010962	1	Port Input	14	84735	84703	1
S6010962	1	Port Input	15	84737	84705	1
S6010962	1	Port Input	14	84737	84705	1
S6010962	1	Port Input	15	84738	84706	1
S6010962	1	Port Input	14	84738	84706	1
S6010962	1	Port Input	15	84740	84707	1
S6010962	1	Port Input	14	84740	84707	1
S6010962	1	Port Input	15	84740	84708	1
S6010962	1	Port Input	14	84740	84708	1
S6010962	1	Port Input	15	84741	84709	1
S6010962	1	Port Input	14	84741	84709	1
S6010962	1	Port Input	15	84742	84709	1
S6010962	1	Port Input	14	84742	84709	1
S6010962	1	Port Input	15	84742	84710	1
S6010962	1	Port Input	14	84742	84710	1
S6010962	1	Port Input	15	84742	84710	1
S6010962	1	Port Input	14	84742	84710	1
S6010962	1	Port Input	15	84743	84710	1
S6010962	1	Port Input	14	84743	84710	1
S6010962	1	Port Input	15	84743	84710	1
S6010962	1	Port Input	14	84743	84710	1
S6010962	1	Port Input	15	84743	84711	1
S6010962	1	Port Input	14	84743	84711	1
S6010962	1	Port Input	15	84743	84711	1
S6010962	1	Port Input	14	84743	84711	1
S6010962	1	Port Input	15	84743	84711	1
S6010962	1	Port Input	14	84743	84711	1
S6010962	1	Port Input	15	84744	84711	1
S6010962	1	Port Input	14	84744	84711	1
S6010962	1	Port Input	15	84744	84711	1
S6010962	1	Port Input	14	84744	84712	1
S6010962	1	Port Input	15	84744	84712	1
S6010962	1	Port Input	14	84744	84712	1
S6010962	1	Port Input	15	84745	84712	1
S6010962	1	Port Input	14	84745	84713	1
S6010962	1	Port Input	15	84745	84713	1
S6010962	1	Port Input	14	84745	84713	1
S6010962	1	Port Input	15	84746	84713	1
S6010962	1	Port Input	14	84746	84713	1
S6010962	1	Port Input	15	84746	84713	1
S6010962	2	Port Input	14	165977	75878	3
S6010962	2	Response	100	165977	75878	3
S6010962	3	Port Input	15	167875	1876	1
S6010962	3	Port Input	14	167875	1876	1
S6010962	3	Port Input	15	167876	1876	8
S6010962	3	Port Input	14	216362	50363	8
S6010962	3	Response	100	216362	50363	8
S6010962	4	Port Input	15	218303	1888	8
S6010962	4	Port Input	14	229597	13183	8
S6010962	4	Response	100	229597	13183	8
S6010962	5	Port Input	15	231439	1761	7
S6010962	5	Port Input	14	243289	13611	7
S6010962	5	Response	100	243289	13611	7
S6010962	5	Port Input	15	243312	13634	1
S6010962	5	Port Input	14	243312	13634	1
S6010962	6	Port Input	15	245344	1986	9
S6010962	6	Port Input	14	255612	12254	7
S6010962	6	Response	100	255612	12254	8
S6010962	7	Port Input	15	257722	2073	8
S6010962	7	Port Input	14	267346	11697	8
S6010962	7	Response	100	267346	11697	8
S6010962	8	Port Input	15	270027	2642	1
S6010962	8	Port Input	14	279047	11662	8
S6010962	8	Response	100	279047	11662	8
S6010962	9	Port Input	15	281679	2558	7
S6010962	9	Port Input	14	291827	12706	8
S6010962	9	Response	100	291827	12706	8
S6010962	10	Port Input	15	293980	2082	1
S6010962	10	Port Input	14	293980	2082	1
S6010962	10	Port Input	15	293980	2082	1
S6010962	10	Port Input	14	303472	11574	7
S6010962	10	Response	100	303472	11574	8
S6010962	10	Port Input	15	303479	11581	1
S6010962	10	Port Input	14	303479	11581	1
S6010962	11	Port Input	15	306054	2559	7
S6010962	11	Port Input	14	316076	12581	8
S6010962	11	Response	100	316076	12581	8
S6010962	12	Port Input	15	318556	2422	8
S6010962	12	Port Input	14	318563	2430	1
S6010962	12	Port Input	15	318563	2430	8
S6010962	12	Port Input	14	328717	12584	7
S6010962	12	Response	100	328717	12584	7
S6010962	12	Port Input	15	328724	12591	1
S6010962	12	Port Input	14	328724	12591	1
S6010962	12	Port Input	15	328732	12598	1
S6010962	12	Port Input	14	328732	12598	1
S6010962	13	Port Input	15	331612	2841	9
S6010962	13	Port Input	14	341514	12742	7
S6010962	13	Response	100	341514	12742	7
S6010962	14	Port Input	15	344515	2966	8
S6010962	14	Port Input	14	344522	2973	1
S6010962	14	Port Input	15	344522	2973	7
S6010962	14	Port Input	14	353441	11892	8
S6010962	14	Response	100	353441	11892	8
S6010962	15	Port Input	15	355840	2347	7
S6010962	15	Port Input	14	365657	12164	8
S6010962	15	Response	100	365657	12164	8
S6010962	15	Port Input	15	365665	12172	1
S6010962	15	Port Input	14	365665	12172	8
S6010962	16	Port Input	15	368215	2500	8
S6010962	16	Port Input	14	377182	11467	7
S6010962	16	Response	100	377182	11467	8
