Scenario - Button
Logfile written - 05/01/2023 14:15:46

Subject	Trial	Event Type	Code	Time	TTime	Uncertainty	Duration	Uncertainty	ReqTime	ReqDur	Stim Type	Pair Index

S6015293	1	Picture	start	69	0	1	40554	1	0	next	other	0
S6015293	3	Picture	20	45137	0	1	7916	1	0	next	hit	4
S6015293	3	Port Input	14	53021	7884	1
S6015293	3	Response	22	53021	7884	1
S6015293	4	Picture	20	53053	0	1	18749	1	0	next	hit	8
S6015293	4	Port Input	15	59523	6469	1
S6015293	4	Port Input	14	71762	18709	1
S6015293	4	Response	22	71762	18709	1
S6015293	5	Picture	20	71803	0	1	18541	1	0	next	hit	12
S6015293	5	Port Input	15	80516	8713	1
S6015293	5	Port Input	14	90301	18498	1
S6015293	5	Response	22	90301	18498	1
S6015293	5	Port Input	15	90308	18505	1
S6015293	5	Port Input	14	90308	18505	1
S6015293	6	Picture	20	90344	0	1	17569	1	0	next	hit	18
S6015293	6	Port Input	15	98301	7957	1
S6015293	6	Port Input	14	107840	17497	1
S6015293	6	Response	22	107840	17497	1
S6015293	7	Picture	20	107913	0	1	17499	1	0	next	hit	22
S6015293	7	Port Input	15	115314	7402	1
S6015293	7	Port Input	14	125399	17487	1
S6015293	7	Response	22	125399	17487	1
S6015293	7	Port Input	15	125399	17487	1
S6015293	7	Port Input	14	125400	17487	1
S6015293	7	Port Input	15	125407	17495	1
S6015293	7	Port Input	14	125407	17495	1
S6015293	7	Port Input	15	125410	17498	1
S6015293	7	Port Input	14	125410	17498	1
S6015293	8	Picture	20	125412	0	1	18055	1	0	next	hit	128
S6015293	8	Port Input	15	125413	1	1
S6015293	8	Port Input	14	125413	1	1
S6015293	8	Port Input	15	125416	4	1
S6015293	8	Port Input	14	125416	4	1
S6015293	8	Port Input	15	125416	4	1
S6015293	8	Port Input	14	125416	4	1
S6015293	8	Port Input	15	125417	5	1
S6015293	8	Port Input	14	125417	5	1
S6015293	8	Port Input	15	125418	6	1
S6015293	8	Port Input	14	125418	6	1
S6015293	8	Port Input	15	125418	6	1
S6015293	8	Port Input	14	125418	6	1
S6015293	8	Port Input	15	125420	8	1
S6015293	8	Port Input	14	125420	8	1
S6015293	8	Port Input	15	125421	9	1
S6015293	8	Port Input	14	125421	9	1
S6015293	8	Port Input	15	125421	9	1
S6015293	8	Port Input	14	125421	9	1
S6015293	8	Port Input	15	125422	10	1
S6015293	8	Port Input	14	125422	10	1
S6015293	8	Port Input	15	125422	10	1
S6015293	8	Port Input	14	125422	10	1
S6015293	8	Port Input	15	125422	10	1
S6015293	8	Port Input	14	125422	10	1
S6015293	8	Port Input	15	125423	11	1
S6015293	8	Port Input	14	125423	11	1
S6015293	8	Port Input	15	125424	12	1
S6015293	8	Port Input	14	125424	12	1
S6015293	8	Port Input	15	125424	12	1
S6015293	8	Port Input	14	125424	12	1
S6015293	8	Port Input	15	125425	13	1
S6015293	8	Port Input	14	125425	13	1
S6015293	8	Port Input	15	125432	20	1
S6015293	8	Port Input	14	125432	20	1
S6015293	8	Port Input	15	125434	22	1
S6015293	8	Port Input	14	125434	22	1
S6015293	8	Port Input	15	125437	25	1
S6015293	8	Port Input	14	125437	25	1
S6015293	8	Port Input	15	125437	25	1
S6015293	8	Port Input	14	125437	25	1
S6015293	8	Port Input	15	125438	26	1
S6015293	8	Port Input	14	125438	26	1
S6015293	8	Port Input	15	125438	26	1
S6015293	8	Port Input	14	125438	26	1
S6015293	8	Port Input	15	125439	27	1
S6015293	8	Port Input	14	125439	27	1
S6015293	8	Port Input	15	125439	27	1
S6015293	8	Port Input	14	125439	27	1
S6015293	8	Port Input	15	125439	27	1
S6015293	8	Port Input	14	125439	28	1
S6015293	8	Port Input	15	125441	29	1
S6015293	8	Port Input	14	125441	29	1
S6015293	8	Port Input	15	125442	30	1
S6015293	8	Port Input	14	125442	30	1
S6015293	8	Port Input	15	125442	31	1
S6015293	8	Port Input	14	125443	31	1
S6015293	8	Port Input	15	125448	36	1
S6015293	8	Port Input	14	125448	36	1
S6015293	8	Port Input	15	133369	7957	1
S6015293	8	Port Input	14	133369	7957	1
S6015293	8	Port Input	15	133370	7958	1
S6015293	8	Port Input	14	133370	7958	1
S6015293	8	Port Input	15	133372	7960	1
S6015293	8	Port Input	14	133372	7960	1
S6015293	8	Port Input	15	133373	7961	1
S6015293	8	Port Input	14	133373	7961	1
S6015293	8	Port Input	15	133373	7961	1
S6015293	8	Port Input	14	133373	7961	1
S6015293	8	Port Input	15	133373	7961	1
S6015293	8	Port Input	14	133373	7961	1
S6015293	8	Port Input	15	133374	7962	1
S6015293	8	Port Input	14	133374	7962	1
S6015293	8	Port Input	15	133374	7962	1
S6015293	8	Port Input	14	133374	7962	1
S6015293	8	Port Input	15	133374	7963	1
S6015293	8	Port Input	14	133374	7963	1
S6015293	8	Port Input	15	133375	7963	1
S6015293	8	Port Input	14	133375	7963	1
S6015293	8	Port Input	15	133377	7965	1
S6015293	8	Port Input	14	133377	7965	1
S6015293	8	Port Input	15	133377	7965	1
S6015293	8	Port Input	14	133377	7965	1
S6015293	8	Port Input	15	133377	7966	1
S6015293	8	Port Input	14	133378	7966	1
S6015293	8	Port Input	15	133378	7966	1
S6015293	8	Port Input	14	133378	7966	1
S6015293	8	Port Input	15	133379	7967	1
S6015293	8	Port Input	14	133379	7967	1
S6015293	8	Port Input	15	133380	7968	1
S6015293	8	Port Input	14	133380	7968	1
S6015293	8	Port Input	15	133380	7968	1
S6015293	8	Port Input	14	133380	7968	1
S6015293	8	Port Input	15	133380	7968	1
S6015293	8	Port Input	14	133382	7970	1
S6015293	8	Port Input	15	133384	7972	1
S6015293	8	Port Input	14	133387	7975	1
S6015293	8	Port Input	15	133387	7975	1
S6015293	8	Port Input	14	143431	18019	1
S6015293	8	Response	22	143431	18019	1
S6015293	8	Port Input	15	143439	18027	1
S6015293	8	Port Input	14	143439	18027	1
S6015293	9	Picture	20	143467	0	1	16874	1	0	next	hit	136
S6015293	9	Port Input	15	150203	6736	1
S6015293	9	Port Input	14	150203	6736	1
S6015293	9	Port Input	15	150205	6738	1
S6015293	9	Port Input	14	160314	16848	1
S6015293	9	Response	22	160314	16848	1
S6015293	9	Port Input	15	160314	16848	1
S6015293	9	Port Input	14	160326	16859	1
S6015293	9	Port Input	15	160335	16868	1
S6015293	9	Port Input	14	160335	16868	1
S6015293	10	Picture	20	160341	0	1	306447	1	0	next	hit	148
S6015293	10	Port Input	15	160345	3	1
S6015293	10	Port Input	14	160345	3	1
S6015293	10	Port Input	15	160350	8	1
S6015293	10	Port Input	14	160350	9	1
S6015293	10	Port Input	15	167929	7588	1
S6015293	10	Port Input	14	466769	306428	1
S6015293	10	Response	22	466769	306428	1
S6015293	11	Picture	20	466788	0	1	423179	1	0	next	hit	152
S6015293	11	Port Input	15	474208	7420	1
S6015293	11	Port Input	14	889893	423104	1
S6015293	11	Response	22	889893	423104	1
S6015293	12	Picture	20	889967	0	1	17013	1	0	next	hit	176
S6015293	12	Port Input	15	889992	25	1
S6015293	12	Port Input	14	889992	25	1
S6015293	12	Port Input	15	889999	32	1
S6015293	12	Port Input	14	889999	32	1
S6015293	12	Port Input	15	890012	45	1
S6015293	12	Port Input	14	890012	45	1
S6015293	12	Port Input	15	890012	45	1
S6015293	12	Port Input	14	890012	45	1
S6015293	12	Port Input	15	896383	6416	1
S6015293	12	Port Input	14	896383	6416	1
S6015293	12	Port Input	15	896392	6425	1
S6015293	12	Port Input	14	896392	6425	1
S6015293	12	Port Input	15	896404	6437	1
S6015293	12	Port Input	14	896404	6437	1
S6015293	12	Port Input	15	896410	6443	1
S6015293	12	Port Input	14	896410	6443	1
S6015293	12	Port Input	15	896411	6444	1
S6015293	12	Port Input	14	896411	6444	1
S6015293	12	Port Input	15	896412	6445	1
S6015293	12	Port Input	14	896412	6445	1
S6015293	12	Port Input	15	896416	6449	1
S6015293	12	Port Input	14	906930	16963	1
S6015293	12	Response	22	906930	16963	1
S6015293	13	Picture	20	906980	0	1	16458	1	0	next	hit	206
S6015293	13	Port Input	15	914474	7494	1
S6015293	13	Port Input	14	914474	7494	1
S6015293	13	Port Input	15	914475	7495	1
S6015293	13	Port Input	14	914477	7496	1
S6015293	13	Port Input	15	914477	7496	1
S6015293	13	Port Input	14	914477	7496	1
S6015293	13	Port Input	15	914477	7496	1
S6015293	13	Port Input	14	914477	7496	1
S6015293	13	Port Input	15	914477	7497	1
S6015293	13	Port Input	14	914477	7497	1
S6015293	13	Port Input	15	914477	7497	1
S6015293	13	Port Input	14	914477	7497	1
S6015293	13	Port Input	15	914478	7497	1
S6015293	13	Port Input	14	914478	7498	1
S6015293	13	Port Input	15	914479	7498	1
S6015293	13	Port Input	14	914479	7498	1
S6015293	13	Port Input	15	914479	7498	1
S6015293	13	Port Input	14	914479	7499	1
S6015293	13	Port Input	15	914480	7499	1
S6015293	13	Port Input	14	914480	7500	1
S6015293	13	Port Input	15	914480	7500	1
S6015293	13	Port Input	14	914480	7500	1
S6015293	13	Port Input	15	914481	7500	1
S6015293	13	Port Input	14	914481	7500	1
S6015293	13	Port Input	15	914481	7501	1
S6015293	13	Port Input	14	914482	7502	1
S6015293	13	Port Input	15	914483	7502	1
S6015293	13	Port Input	14	923390	16409	1
S6015293	13	Response	22	923390	16409	1
S6015293	14	Picture	20	923438	0	1	17847	1	0	next	hit	216
S6015293	14	Port Input	15	932910	9472	1
S6015293	14	Port Input	14	932910	9472	1
S6015293	14	Port Input	15	932911	9472	1
S6015293	14	Port Input	14	932911	9472	1
S6015293	14	Port Input	15	932911	9473	1
S6015293	14	Port Input	14	932911	9473	1
S6015293	14	Port Input	15	932911	9473	1
S6015293	14	Port Input	14	941247	17809	1
S6015293	14	Response	22	941247	17809	1
S6015293	15	Picture	20	941285	0	1	18333	1	0	next	hit	278
S6015293	15	Port Input	15	950207	8922	1
S6015293	15	Port Input	14	950207	8923	1
S6015293	15	Port Input	15	950208	8923	1
S6015293	15	Port Input	14	950208	8923	1
S6015293	15	Port Input	15	950208	8923	1
S6015293	15	Port Input	14	950208	8923	1
S6015293	15	Port Input	15	950208	8924	1
S6015293	15	Port Input	14	950208	8924	1
S6015293	15	Port Input	15	950208	8924	1
S6015293	15	Port Input	14	950209	8924	1
S6015293	15	Port Input	15	950209	8924	1
S6015293	15	Port Input	14	950209	8924	1
S6015293	15	Port Input	15	950209	8924	1
S6015293	15	Port Input	14	950209	8924	1
S6015293	15	Port Input	15	950210	8925	1
S6015293	15	Port Input	14	950210	8925	1
S6015293	15	Port Input	15	950210	8925	1
S6015293	15	Port Input	14	950210	8925	1
S6015293	15	Port Input	15	950210	8926	1
S6015293	15	Port Input	14	950210	8926	1
S6015293	15	Port Input	15	950211	8926	1
S6015293	15	Port Input	14	950211	8926	1
S6015293	15	Port Input	15	950211	8926	1
S6015293	15	Port Input	14	950211	8926	1
S6015293	15	Port Input	15	950211	8926	1
S6015293	15	Port Input	14	950211	8926	1
S6015293	15	Port Input	15	950211	8927	1
S6015293	15	Port Input	14	950211	8927	1
S6015293	15	Port Input	15	950211	8927	1
S6015293	15	Port Input	14	950211	8927	1
S6015293	15	Port Input	15	950212	8927	1
S6015293	15	Port Input	14	950212	8927	1
S6015293	15	Port Input	15	950212	8928	1
S6015293	15	Port Input	14	950212	8928	1
S6015293	15	Port Input	15	950213	8928	1
S6015293	15	Port Input	14	950213	8928	1
S6015293	15	Port Input	15	950214	8929	1
S6015293	15	Port Input	14	950214	8929	1
S6015293	15	Port Input	15	950214	8930	1
S6015293	15	Port Input	14	950214	8930	1
S6015293	15	Port Input	15	950216	8931	1
S6015293	15	Port Input	14	950216	8931	1
S6015293	15	Port Input	15	950216	8931	1
S6015293	15	Port Input	14	950216	8931	1
S6015293	15	Port Input	15	950217	8932	1
S6015293	15	Port Input	14	950217	8932	1
S6015293	15	Port Input	15	950218	8934	1
S6015293	15	Port Input	14	950218	8934	1
S6015293	15	Port Input	15	950220	8935	1
S6015293	15	Port Input	14	950220	8935	1
S6015293	15	Port Input	15	950220	8936	1
S6015293	15	Port Input	14	950220	8936	1
S6015293	15	Port Input	15	950220	8936	1
S6015293	15	Port Input	14	950221	8936	1
S6015293	15	Port Input	15	950221	8936	1
S6015293	15	Port Input	14	950221	8936	1
S6015293	15	Port Input	15	950221	8936	1
S6015293	15	Port Input	14	950221	8936	1
S6015293	15	Port Input	15	950221	8936	1
S6015293	15	Port Input	14	959542	18258	1
S6015293	15	Response	22	959542	18258	1
S6015293	16	Picture	20	959617	0	1	18749	1	0	next	hit	314
S6015293	16	Port Input	15	968662	9045	1
S6015293	16	Port Input	14	968662	9045	1
S6015293	16	Port Input	15	968663	9045	1
S6015293	16	Port Input	14	968663	9045	1
S6015293	16	Port Input	15	968663	9045	1
S6015293	16	Port Input	14	968663	9045	1
S6015293	16	Port Input	15	968663	9046	1
S6015293	16	Port Input	14	968663	9046	1
S6015293	16	Port Input	15	968663	9046	1
S6015293	16	Port Input	14	968664	9046	1
S6015293	16	Port Input	15	968664	9046	1
S6015293	16	Port Input	14	968664	9046	1
S6015293	16	Port Input	15	968664	9046	1
S6015293	16	Port Input	14	968664	9046	1
S6015293	16	Port Input	15	968664	9047	1
S6015293	16	Port Input	14	968664	9047	1
S6015293	16	Port Input	15	968665	9047	1
S6015293	16	Port Input	14	968665	9047	1
S6015293	16	Port Input	15	968665	9048	1
S6015293	16	Port Input	14	968665	9048	1
S6015293	16	Port Input	15	968666	9048	1
S6015293	16	Port Input	14	968666	9049	1
S6015293	16	Port Input	15	968666	9049	1
S6015293	16	Port Input	14	968666	9049	1
S6015293	16	Port Input	15	968666	9049	1
S6015293	16	Port Input	14	968666	9049	1
S6015293	16	Port Input	15	968667	9049	1
S6015293	16	Port Input	14	968667	9049	1
S6015293	16	Port Input	15	968667	9050	1
S6015293	16	Port Input	14	968667	9050	1
S6015293	16	Port Input	15	968667	9050	1
S6015293	16	Port Input	14	968667	9050	1
S6015293	16	Port Input	15	968667	9050	1
S6015293	16	Port Input	14	978343	18725	1
S6015293	16	Response	22	978343	18725	1
S6015293	17	Picture	20	978367	0	1	19374	1	0	next	hit	326
S6015293	17	Port Input	15	987045	8679	1
S6015293	17	Port Input	14	987045	8679	1
S6015293	17	Port Input	15	987048	8681	1
S6015293	17	Port Input	14	987048	8681	1
S6015293	17	Port Input	15	987053	8686	1
S6015293	17	Port Input	14	987053	8687	1
S6015293	17	Port Input	15	987054	8687	1
S6015293	17	Port Input	14	987054	8687	1
S6015293	17	Port Input	15	987055	8688	1
S6015293	17	Port Input	14	997695	19328	1
S6015293	17	Response	22	997695	19328	1
S6015293	18	Picture	20	997741	0	1	20346	1	0	next	hit	344
S6015293	18	Port Input	15	1007348	9607	1
S6015293	18	Port Input	14	1007348	9607	1
S6015293	18	Port Input	15	1007348	9607	1
S6015293	18	Port Input	14	1007348	9607	1
S6015293	18	Port Input	15	1007357	9616	1
S6015293	18	Port Input	14	1007357	9616	1
S6015293	18	Port Input	15	1007358	9617	1
S6015293	18	Port Input	14	1007358	9617	1
S6015293	18	Port Input	15	1007358	9617	1
S6015293	18	Port Input	14	1007358	9617	1
S6015293	18	Port Input	15	1007358	9617	1
S6015293	18	Port Input	14	1007359	9618	1
S6015293	18	Port Input	15	1007359	9618	1
S6015293	18	Port Input	14	1007359	9618	1
S6015293	18	Port Input	15	1007359	9618	1
S6015293	18	Port Input	14	1018026	20285	1
S6015293	18	Response	22	1018026	20285	1
S6015293	18	Port Input	15	1018027	20286	1
S6015293	18	Port Input	14	1018027	20286	1
S6015293	18	Port Input	15	1018027	20286	1
S6015293	18	Port Input	14	1018027	20286	7
S6015293	19	Picture	20	1018087	0	1	20416	1	0	next	hit	400
S6015293	19	Port Input	15	1028264	10177	1
S6015293	19	Port Input	14	1028264	10177	1
S6015293	19	Port Input	15	1028265	10177	1
S6015293	19	Port Input	14	1028265	10177	1
S6015293	19	Port Input	15	1028265	10178	1
S6015293	19	Port Input	14	1028265	10178	1
S6015293	19	Port Input	15	1028266	10178	1
S6015293	19	Port Input	14	1028266	10178	1
S6015293	19	Port Input	15	1028266	10178	1
S6015293	19	Port Input	14	1028266	10178	1
S6015293	19	Port Input	15	1028267	10179	1
S6015293	19	Port Input	14	1028267	10179	1
S6015293	19	Port Input	15	1028267	10179	1
S6015293	19	Port Input	14	1028267	10179	1
S6015293	19	Port Input	15	1028267	10180	1
S6015293	19	Port Input	14	1028267	10180	1
S6015293	19	Port Input	15	1028268	10180	1
S6015293	19	Port Input	14	1028268	10180	1
S6015293	19	Port Input	15	1028268	10181	1
S6015293	19	Port Input	14	1028268	10181	1
S6015293	19	Port Input	15	1028268	10181	1
S6015293	19	Port Input	14	1028268	10181	1
S6015293	19	Port Input	15	1028269	10181	1
S6015293	19	Port Input	14	1028269	10181	1
S6015293	19	Port Input	15	1028269	10182	1
S6015293	19	Port Input	14	1028269	10182	1
S6015293	19	Port Input	15	1028270	10182	1
S6015293	19	Port Input	14	1028270	10182	1
S6015293	19	Port Input	15	1028270	10183	1
S6015293	19	Port Input	14	1028270	10183	1
S6015293	19	Port Input	15	1028271	10183	1
S6015293	19	Port Input	14	1028271	10183	1
S6015293	19	Port Input	15	1028271	10184	1
S6015293	19	Port Input	14	1028271	10184	1
S6015293	19	Port Input	15	1028272	10185	1
S6015293	19	Port Input	14	1028272	10185	1
S6015293	19	Port Input	15	1028273	10185	1
S6015293	19	Port Input	14	1028273	10185	1
S6015293	19	Port Input	15	1028273	10185	1
S6015293	19	Port Input	14	1028273	10185	1
S6015293	19	Port Input	15	1028273	10186	1
S6015293	19	Port Input	14	1028273	10186	1
S6015293	19	Port Input	15	1028277	10189	1
S6015293	19	Port Input	14	1028277	10189	1
S6015293	19	Port Input	15	1028277	10190	1
S6015293	19	Port Input	14	1028277	10190	1
S6015293	19	Port Input	15	1028278	10190	1
S6015293	19	Port Input	14	1028278	10190	1
S6015293	19	Port Input	15	1028278	10190	1
S6015293	19	Port Input	14	1038432	20345	1
S6015293	19	Response	22	1038432	20345	1
S6015293	20	Picture	20	1038503	0	1	17638	1	0	next	hit	444
S6015293	20	Port Input	15	1046154	7650	1
S6015293	20	Port Input	14	1046154	7650	1
S6015293	20	Port Input	15	1046154	7651	1
S6015293	20	Port Input	14	1046154	7651	1
S6015293	20	Port Input	15	1046155	7652	1
S6015293	20	Port Input	14	1046155	7652	1
S6015293	20	Port Input	15	1046156	7653	1
S6015293	20	Port Input	14	1046156	7653	1
S6015293	20	Port Input	15	1046157	7654	1
S6015293	20	Port Input	14	1046157	7654	1
S6015293	20	Port Input	15	1046159	7655	1
S6015293	20	Port Input	14	1046159	7655	1
S6015293	20	Port Input	15	1046159	7656	1
S6015293	20	Port Input	14	1046159	7656	1
S6015293	20	Port Input	15	1046159	7656	1
S6015293	20	Port Input	14	1046160	7656	1
S6015293	20	Port Input	15	1046160	7657	1
S6015293	20	Port Input	14	1046160	7657	1
S6015293	20	Port Input	15	1046161	7657	1
S6015293	20	Port Input	14	1046161	7657	1
S6015293	20	Port Input	15	1046163	7660	1
S6015293	20	Port Input	14	1046163	7660	1
S6015293	20	Port Input	15	1046164	7661	1
S6015293	20	Port Input	14	1046164	7661	1
S6015293	20	Port Input	15	1046165	7662	1
S6015293	20	Port Input	14	1046166	7662	1
S6015293	20	Port Input	15	1046169	7665	1
S6015293	20	Port Input	14	1046169	7666	1
S6015293	20	Port Input	15	1046171	7667	1
S6015293	20	Port Input	14	1046171	7667	1
S6015293	20	Port Input	15	1046171	7668	1
S6015293	20	Port Input	14	1046171	7668	1
S6015293	20	Port Input	15	1046174	7671	1
S6015293	20	Port Input	14	1046174	7671	1
S6015293	20	Port Input	15	1046175	7671	1
S6015293	20	Port Input	14	1046175	7671	1
S6015293	20	Port Input	15	1046175	7672	1
S6015293	20	Port Input	14	1046175	7672	1
S6015293	20	Port Input	15	1046175	7672	1
S6015293	20	Port Input	14	1046176	7672	1
S6015293	20	Port Input	15	1046176	7673	1
S6015293	20	Port Input	14	1056128	17624	1
S6015293	20	Response	22	1056128	17624	1
S6015293	21	Picture	20	1056142	0	1	18958	1	0	next	hit	484
S6015293	21	Port Input	15	1065012	8870	1
S6015293	21	Port Input	14	1065012	8870	1
S6015293	21	Port Input	15	1065012	8870	1
S6015293	21	Port Input	14	1065012	8870	1
S6015293	21	Port Input	15	1065012	8871	1
S6015293	21	Port Input	14	1065012	8871	1
S6015293	21	Port Input	15	1065014	8873	1
S6015293	21	Port Input	14	1065014	8873	1
S6015293	21	Port Input	15	1065015	8873	1
S6015293	21	Port Input	14	1065015	8873	1
S6015293	21	Port Input	15	1065015	8873	1
S6015293	21	Port Input	14	1065015	8873	1
S6015293	21	Port Input	15	1065015	8874	1
S6015293	21	Port Input	14	1065015	8874	1
S6015293	21	Port Input	15	1065016	8874	1
S6015293	21	Port Input	14	1065016	8874	1
S6015293	21	Port Input	15	1065016	8875	1
S6015293	21	Port Input	14	1065016	8875	1
S6015293	21	Port Input	15	1065016	8875	1
S6015293	21	Port Input	14	1065016	8875	1
S6015293	21	Port Input	15	1065017	8875	1
S6015293	21	Port Input	14	1065017	8875	1
S6015293	21	Port Input	15	1065017	8875	1
S6015293	21	Port Input	14	1065017	8875	1
S6015293	21	Port Input	15	1065017	8876	1
S6015293	21	Port Input	14	1065017	8876	1
S6015293	21	Port Input	15	1065017	8876	1
S6015293	21	Port Input	14	1065018	8876	1
S6015293	21	Port Input	15	1065018	8876	1
S6015293	21	Port Input	14	1065018	8876	1
S6015293	21	Port Input	15	1065018	8876	1
S6015293	21	Port Input	14	1065018	8876	1
S6015293	21	Port Input	15	1065018	8876	1
S6015293	21	Port Input	14	1065018	8877	1
S6015293	21	Port Input	15	1065018	8877	1
S6015293	21	Port Input	14	1065018	8877	1
S6015293	21	Port Input	15	1065019	8877	1
S6015293	21	Port Input	14	1075053	18911	1
S6015293	21	Response	22	1075053	18911	1
S6015293	22	Picture	20	1075099	0	1	18888	1	0	next	hit	504
S6015293	22	Port Input	15	1084331	9232	1
S6015293	22	Port Input	14	1084332	9232	1
S6015293	22	Port Input	15	1084332	9232	1
S6015293	22	Port Input	14	1084332	9232	1
S6015293	22	Port Input	15	1084332	9233	1
S6015293	22	Port Input	14	1084332	9233	1
S6015293	22	Port Input	15	1084332	9233	1
S6015293	22	Port Input	14	1084332	9233	1
S6015293	22	Port Input	15	1084333	9233	1
S6015293	22	Port Input	14	1084333	9234	1
S6015293	22	Port Input	15	1084333	9234	1
S6015293	22	Port Input	14	1084333	9234	1
S6015293	22	Port Input	15	1084333	9234	1
S6015293	22	Port Input	14	1084334	9234	1
S6015293	22	Port Input	15	1084334	9235	1
S6015293	22	Port Input	14	1084334	9235	1
S6015293	22	Port Input	15	1084334	9235	1
S6015293	22	Port Input	14	1093976	18877	1
S6015293	22	Response	22	1093976	18877	1
S6015293	23	Picture	20	1093988	0	1	18749	1	0	next	hit	508
S6015293	23	Port Input	15	1102848	8860	1
S6015293	23	Port Input	14	1112712	18724	1
S6015293	23	Response	22	1112712	18724	1
S6015293	23	Port Input	15	1112712	18725	1
S6015293	23	Port Input	14	1112712	18725	1
S6015293	24	Picture	20	1112737	0	1	19027	1	0	next	hit	516
S6015293	24	Port Input	15	1121797	9060	1
S6015293	24	Port Input	14	1121797	9060	1
S6015293	24	Port Input	15	1121797	9060	1
S6015293	24	Port Input	14	1131732	18995	1
S6015293	24	Response	22	1131732	18995	1
S6015293	25	Picture	20	1131764	0	1	18680	1	0	next	hit	524
S6015293	25	Port Input	15	1141005	9241	1
S6015293	25	Port Input	14	1141005	9241	1
S6015293	25	Port Input	15	1141005	9241	1
S6015293	25	Port Input	14	1141005	9242	1
S6015293	25	Port Input	15	1141005	9242	1
S6015293	25	Port Input	14	1150420	18656	1
S6015293	25	Response	22	1150420	18656	1
S6015293	25	Port Input	15	1150421	18657	1
S6015293	25	Port Input	14	1150421	18657	1
S6015293	25	Port Input	15	1150421	18657	1
S6015293	25	Port Input	14	1150421	18658	7
S6015293	26	Picture	20	1150444	0	1	20138	1	0	next	hit	564
S6015293	26	Port Input	15	1160412	9969	1
S6015293	26	Port Input	14	1160413	9969	1
S6015293	26	Port Input	15	1160413	9969	1
S6015293	26	Port Input	14	1160413	9969	1
S6015293	26	Port Input	15	1160413	9969	1
S6015293	26	Port Input	14	1160413	9970	1
S6015293	26	Port Input	15	1160414	9970	1
S6015293	26	Port Input	14	1160414	9970	1
S6015293	26	Port Input	15	1160414	9970	1
S6015293	26	Port Input	14	1160414	9970	1
S6015293	26	Port Input	15	1160414	9970	1
S6015293	26	Port Input	14	1160414	9970	1
S6015293	26	Port Input	15	1160414	9971	1
S6015293	26	Port Input	14	1160414	9971	1
S6015293	26	Port Input	15	1160415	9972	1
S6015293	26	Port Input	14	1160415	9972	1
S6015293	26	Port Input	15	1160416	9972	1
S6015293	26	Port Input	14	1160416	9972	1
S6015293	26	Port Input	15	1160416	9972	1
S6015293	26	Port Input	14	1160416	9972	1
S6015293	26	Port Input	15	1160417	9973	1
S6015293	26	Port Input	14	1160417	9973	1
S6015293	26	Port Input	15	1160417	9973	1
S6015293	26	Port Input	14	1160417	9973	1
S6015293	26	Port Input	15	1160417	9973	1
S6015293	26	Port Input	14	1160417	9973	1
S6015293	26	Port Input	15	1160417	9973	1
S6015293	26	Port Input	14	1160417	9973	1
S6015293	26	Port Input	15	1160417	9974	1
S6015293	26	Port Input	14	1160417	9974	1
S6015293	26	Port Input	15	1160418	9974	1
S6015293	26	Port Input	14	1160419	9975	1
S6015293	26	Port Input	15	1160419	9975	1
S6015293	26	Port Input	14	1170560	20116	1
S6015293	26	Response	22	1170560	20116	1
S6015293	27	Picture	20	1170582	0	1	19860	1	0	next	hit	588
S6015293	27	Port Input	15	1180839	10257	1
S6015293	27	Port Input	14	1180839	10257	1
S6015293	27	Port Input	15	1180839	10257	1
S6015293	27	Port Input	14	1180839	10257	1
S6015293	27	Port Input	15	1180839	10258	1
S6015293	27	Port Input	14	1180839	10258	1
S6015293	27	Port Input	15	1180840	10258	1
S6015293	27	Port Input	14	1180840	10258	1
S6015293	27	Port Input	15	1180840	10258	1
S6015293	27	Port Input	14	1180840	10258	1
S6015293	27	Port Input	15	1180841	10259	1
S6015293	27	Port Input	14	1180841	10259	1
S6015293	27	Port Input	15	1180841	10259	1
S6015293	27	Port Input	14	1180841	10259	1
S6015293	27	Port Input	15	1180841	10259	1
S6015293	27	Port Input	14	1180841	10259	1
S6015293	27	Port Input	15	1180841	10260	1
S6015293	27	Port Input	14	1180841	10260	1
S6015293	27	Port Input	15	1180842	10260	1
S6015293	27	Port Input	14	1180842	10260	1
S6015293	27	Port Input	15	1180842	10260	1
S6015293	27	Port Input	14	1190374	19792	1
S6015293	27	Response	22	1190374	19792	1
S6015293	28	Picture	20	1190442	0	1	19027	1	0	next	hit	598
S6015293	28	Port Input	15	1199542	9100	1
S6015293	28	Port Input	14	1199542	9100	1
S6015293	28	Port Input	15	1199543	9101	1
S6015293	28	Port Input	14	1199543	9101	1
S6015293	28	Port Input	15	1199544	9102	1
S6015293	28	Port Input	14	1199544	9102	1
S6015293	28	Port Input	15	1199545	9103	1
S6015293	28	Port Input	14	1209408	18966	1
S6015293	28	Response	22	1209408	18966	1
S6015293	28	Port Input	15	1209408	18966	1
S6015293	28	Port Input	14	1209408	18966	1
S6015293	28	Port Input	15	1209408	18966	1
S6015293	28	Port Input	14	1209408	18966	2
S6015293	29	Picture	20	1209469	0	1	17708	1	0	next	hit	636
S6015293	29	Port Input	15	1218222	8752	1
S6015293	29	Port Input	14	1218222	8752	1
S6015293	29	Port Input	15	1218222	8753	1
S6015293	29	Port Input	14	1218222	8753	1
S6015293	29	Port Input	15	1218222	8753	1
S6015293	29	Port Input	14	1218222	8753	1
S6015293	29	Port Input	15	1218223	8753	1
S6015293	29	Port Input	14	1218223	8753	1
S6015293	29	Port Input	15	1218223	8753	1
S6015293	29	Port Input	14	1218223	8754	1
S6015293	29	Port Input	15	1218223	8754	1
S6015293	29	Port Input	14	1218223	8754	1
S6015293	29	Port Input	15	1218223	8754	1
S6015293	29	Port Input	14	1218223	8754	1
S6015293	29	Port Input	15	1218224	8754	1
S6015293	29	Port Input	14	1218224	8754	1
S6015293	29	Port Input	15	1218232	8762	1
S6015293	29	Port Input	14	1218232	8762	1
S6015293	29	Port Input	15	1218232	8762	1
S6015293	29	Port Input	14	1218232	8763	1
S6015293	29	Port Input	15	1218232	8763	1
S6015293	29	Port Input	14	1218232	8763	1
S6015293	29	Port Input	15	1218232	8763	1
S6015293	29	Port Input	14	1218232	8763	1
S6015293	29	Port Input	15	1218232	8763	1
S6015293	29	Port Input	14	1218232	8763	1
S6015293	29	Port Input	15	1218232	8763	1
S6015293	29	Port Input	14	1218232	8763	1
S6015293	29	Port Input	15	1218232	8763	1
S6015293	29	Port Input	14	1218232	8763	1
S6015293	29	Port Input	15	1218233	8763	1
S6015293	29	Port Input	14	1227135	17666	1
S6015293	29	Response	22	1227135	17666	1
S6015293	29	Port Input	15	1227135	17666	1
S6015293	29	Port Input	14	1227136	17667	5
S6015293	30	Picture	20	1227177	0	1	20208	1	0	next	hit	642
S6015293	30	Port Input	15	1237308	10131	1
S6015293	30	Port Input	14	1247348	20171	1
S6015293	30	Response	22	1247348	20171	1
S6015293	31	Picture	20	1247385	0	1	19652	1	0	next	hit	734
S6015293	31	Port Input	15	1247707	323	1
S6015293	31	Port Input	14	1247707	323	1
S6015293	31	Port Input	15	1247709	324	1
S6015293	31	Port Input	14	1247709	324	1
S6015293	31	Port Input	15	1247714	329	1
S6015293	31	Port Input	14	1247714	329	1
S6015293	31	Port Input	15	1247716	332	1
S6015293	31	Port Input	14	1247716	332	1
S6015293	31	Port Input	15	1247717	332	1
S6015293	31	Port Input	14	1247717	332	1
S6015293	31	Port Input	15	1247717	333	1
S6015293	31	Port Input	14	1247717	333	1
S6015293	31	Port Input	15	1247722	337	1
S6015293	31	Port Input	14	1247722	337	1
S6015293	31	Port Input	15	1247722	337	1
S6015293	31	Port Input	14	1247722	338	1
S6015293	31	Port Input	15	1247723	338	1
S6015293	31	Port Input	14	1247723	338	1
S6015293	31	Port Input	15	1247723	338	1
S6015293	31	Port Input	14	1247723	338	1
S6015293	31	Port Input	15	1247724	339	1
S6015293	31	Port Input	14	1247724	339	1
S6015293	31	Port Input	15	1247724	340	1
S6015293	31	Port Input	14	1247724	340	1
S6015293	31	Port Input	15	1247729	345	1
S6015293	31	Port Input	14	1247729	345	1
S6015293	31	Port Input	15	1247731	346	1
S6015293	31	Port Input	14	1247731	346	1
S6015293	31	Port Input	15	1247731	347	1
S6015293	31	Port Input	14	1247731	347	1
S6015293	31	Port Input	15	1247740	355	1
S6015293	31	Port Input	14	1247740	355	1
S6015293	31	Port Input	15	1247741	357	1
S6015293	31	Port Input	14	1247741	357	1
S6015293	31	Port Input	15	1247744	359	1
S6015293	31	Port Input	14	1247744	359	1
S6015293	31	Port Input	15	1247770	385	1
S6015293	31	Port Input	14	1247770	385	1
S6015293	31	Port Input	15	1247772	387	1
S6015293	31	Port Input	14	1247772	387	1
S6015293	31	Port Input	15	1247773	389	1
S6015293	31	Port Input	14	1247774	389	1
S6015293	31	Port Input	15	1247774	390	1
S6015293	31	Port Input	14	1247774	390	1
S6015293	31	Port Input	15	1247775	390	1
S6015293	31	Port Input	14	1247775	390	1
S6015293	31	Port Input	15	1247775	391	1
S6015293	31	Port Input	14	1247775	391	1
S6015293	31	Port Input	15	1247776	391	1
S6015293	31	Port Input	14	1247776	391	1
S6015293	31	Port Input	15	1247785	401	1
S6015293	31	Port Input	14	1247785	401	1
S6015293	31	Port Input	15	1247790	405	1
S6015293	31	Port Input	14	1247790	405	1
S6015293	31	Port Input	15	1247801	416	1
S6015293	31	Port Input	14	1247801	416	1
S6015293	31	Port Input	15	1247832	447	1
S6015293	31	Port Input	14	1247832	447	1
S6015293	31	Port Input	15	1247838	454	1
S6015293	31	Port Input	14	1247838	454	1
S6015293	31	Port Input	15	1247840	456	1
S6015293	31	Port Input	14	1247840	456	1
S6015293	31	Port Input	15	1247855	470	1
S6015293	31	Port Input	14	1247855	470	1
S6015293	31	Port Input	15	1247942	558	1
S6015293	31	Port Input	14	1247942	558	1
S6015293	31	Port Input	15	1247947	562	1
S6015293	31	Port Input	14	1247947	562	1
S6015293	31	Port Input	15	1247951	566	1
S6015293	31	Port Input	14	1247951	566	1
S6015293	31	Port Input	15	1247958	574	1
S6015293	31	Port Input	14	1247958	574	1
S6015293	31	Port Input	15	1247960	576	1
S6015293	31	Port Input	14	1247960	576	1
S6015293	31	Port Input	15	1247968	583	1
S6015293	31	Port Input	14	1247968	583	1
S6015293	31	Port Input	15	1247971	586	1
S6015293	31	Port Input	14	1247971	586	1
S6015293	31	Port Input	15	1247976	591	1
S6015293	31	Port Input	14	1247976	591	1
S6015293	31	Port Input	15	1247989	604	1
S6015293	31	Port Input	14	1247989	604	1
S6015293	31	Port Input	15	1248064	679	1
S6015293	31	Port Input	14	1248064	679	1
S6015293	31	Port Input	15	1248082	697	1
S6015293	31	Port Input	14	1248082	697	1
S6015293	31	Port Input	15	1256970	9586	1
S6015293	31	Port Input	14	1256970	9586	1
S6015293	31	Port Input	15	1256971	9586	1
S6015293	31	Port Input	14	1266975	19591	1
S6015293	31	Response	22	1266975	19591	1
S6015293	32	Picture	20	1267037	0	1	21180	1	0	next	hit	742
S6015293	32	Port Input	15	1276926	9889	1
S6015293	32	Port Input	14	1276926	9889	1
S6015293	32	Port Input	15	1276927	9890	1
S6015293	32	Port Input	14	1276927	9890	1
S6015293	32	Port Input	15	1276927	9891	1
S6015293	32	Port Input	14	1288143	21106	1
S6015293	32	Response	22	1288143	21106	1
S6015293	33	Picture	20	1288216	0	1	20555	1	0	next	hit	752
S6015293	33	Port Input	15	1298761	10545	1
S6015293	33	Port Input	14	1298761	10545	1
S6015293	33	Port Input	15	1298762	10545	1
S6015293	33	Port Input	14	1298762	10545	1
S6015293	33	Port Input	15	1298763	10546	1
S6015293	33	Port Input	14	1298763	10546	1
S6015293	33	Port Input	15	1298763	10546	1
S6015293	33	Port Input	14	1308736	20520	1
S6015293	33	Response	22	1308736	20520	1
S6015293	34	Picture	20	1308771	0	1	21249	1	0	next	hit	798
S6015293	34	Port Input	15	1308917	145	1
S6015293	34	Port Input	14	1308917	145	1
S6015293	34	Port Input	15	1308921	150	1
S6015293	34	Port Input	14	1308921	150	1
S6015293	34	Port Input	15	1318711	9939	1
S6015293	34	Port Input	14	1318711	9939	1
S6015293	34	Port Input	15	1318735	9964	1
S6015293	34	Port Input	14	1318735	9964	1
S6015293	34	Port Input	15	1318768	9997	1
S6015293	34	Port Input	14	1318768	9997	1
S6015293	34	Port Input	15	1318772	10001	1
S6015293	34	Port Input	14	1318772	10001	1
S6015293	34	Port Input	15	1318775	10004	1
S6015293	34	Port Input	14	1318775	10004	1
S6015293	34	Port Input	15	1318811	10040	1
S6015293	34	Port Input	14	1318811	10040	1
S6015293	34	Port Input	15	1318829	10057	1
S6015293	34	Port Input	14	1318829	10057	1
S6015293	34	Port Input	15	1318832	10060	1
S6015293	34	Port Input	14	1318832	10060	1
S6015293	34	Port Input	15	1318832	10061	1
S6015293	34	Port Input	14	1318832	10061	1
S6015293	34	Port Input	15	1319211	10439	1
S6015293	34	Port Input	14	1319211	10439	1
S6015293	34	Port Input	15	1319211	10440	1
S6015293	34	Port Input	14	1319211	10440	1
S6015293	34	Port Input	15	1319211	10440	1
S6015293	34	Port Input	14	1319211	10440	1
S6015293	34	Port Input	15	1319211	10440	1
S6015293	34	Port Input	14	1319211	10440	1
S6015293	34	Port Input	15	1319212	10441	1
S6015293	34	Port Input	14	1319212	10441	1
S6015293	34	Port Input	15	1319212	10441	1
S6015293	34	Port Input	14	1319212	10441	1
S6015293	34	Port Input	15	1319213	10441	1
S6015293	34	Port Input	14	1319213	10441	1
S6015293	34	Port Input	15	1319213	10442	1
S6015293	34	Port Input	14	1319213	10442	1
S6015293	34	Port Input	15	1319213	10442	1
S6015293	34	Port Input	14	1319213	10442	1
S6015293	34	Port Input	15	1319213	10442	1
S6015293	34	Port Input	14	1319213	10442	1
S6015293	34	Port Input	15	1319213	10442	1
S6015293	34	Port Input	14	1330010	21239	1
S6015293	34	Response	22	1330010	21239	1
S6015293	35	Picture	20	1330020	0	1	19583	1	0	next	hit	802
S6015293	35	Port Input	15	1339616	9596	1
S6015293	35	Port Input	14	1349581	19561	1
S6015293	35	Response	22	1349581	19561	1
S6015293	35	Port Input	15	1349581	19561	1
S6015293	35	Port Input	14	1349581	19561	1
S6015293	35	Port Input	15	1349589	19568	1
S6015293	35	Port Input	14	1349589	19568	1
S6015293	35	Port Input	15	1349590	19570	1
S6015293	35	Port Input	14	1349590	19570	1
S6015293	35	Port Input	15	1349592	19572	1
S6015293	35	Port Input	14	1349593	19572	1
S6015293	35	Port Input	15	1349598	19577	1
S6015293	35	Port Input	14	1349598	19577	1
S6015293	36	Picture	20	1349603	0	1	19860	1	0	next	hit	834
S6015293	36	Port Input	15	1349603	0	1
S6015293	36	Port Input	14	1349603	0	1
S6015293	36	Port Input	15	1349604	0	1
S6015293	36	Port Input	14	1349604	0	1
S6015293	36	Port Input	15	1349608	5	1
S6015293	36	Port Input	14	1349608	5	1
S6015293	36	Port Input	15	1359160	9557	1
S6015293	36	Port Input	14	1359160	9557	1
S6015293	36	Port Input	15	1359160	9557	1
S6015293	36	Port Input	14	1359160	9557	1
S6015293	36	Port Input	15	1359160	9557	1
S6015293	36	Port Input	14	1359160	9557	1
S6015293	36	Port Input	15	1359161	9557	1
S6015293	36	Port Input	14	1359161	9558	1
S6015293	36	Port Input	15	1359161	9558	1
S6015293	36	Port Input	14	1359161	9558	1
S6015293	36	Port Input	15	1359162	9559	1
S6015293	36	Port Input	14	1359162	9559	1
S6015293	36	Port Input	15	1359164	9561	1
S6015293	36	Port Input	14	1369431	19827	1
S6015293	36	Response	22	1369431	19827	1
S6015293	37	Picture	20	1369463	0	1	18402	1	0	next	hit	838
S6015293	37	Port Input	15	1378816	9352	1
S6015293	37	Port Input	14	1387839	18375	1
S6015293	37	Response	22	1387839	18375	1
S6015293	38	Picture	20	1387866	0	1	19652	1	0	next	hit	842
S6015293	38	Port Input	15	1398184	10318	1
S6015293	38	Port Input	14	1407477	19612	1
S6015293	38	Response	22	1407477	19612	1
S6015293	39	Picture	20	1407518	0	1	18333	1	0	next	hit	846
S6015293	39	Port Input	15	1416158	8640	1
S6015293	39	Port Input	14	1425822	18304	1
S6015293	39	Response	22	1425822	18304	1
S6015293	40	Picture	20	1425850	0	1	18124	1	0	next	hit	850
S6015293	40	Port Input	15	1434269	8419	1
S6015293	40	Port Input	14	1443947	18097	1
S6015293	40	Response	22	1443947	18097	1
S6015293	41	Picture	20	1443975	0	1	17638	1	0	next	hit	854
S6015293	41	Port Input	15	1453074	9099	1
S6015293	41	Port Input	14	1461555	17580	1
S6015293	41	Response	22	1461555	17580	1
S6015293	41	Port Input	15	1461556	17581	5
S6015293	41	Port Input	14	1461560	17586	1
S6015293	41	Port Input	15	1461564	17590	1
S6015293	41	Port Input	14	1461565	17591	1
S6015293	41	Port Input	15	1461567	17592	1
S6015293	41	Port Input	14	1461567	17593	1
S6015293	41	Port Input	15	1461570	17596	1
S6015293	41	Port Input	14	1461570	17596	1
S6015293	42	Picture	20	1461613	0	1	17777	1	0	next	hit	868
S6015293	42	Port Input	15	1471326	9713	1
S6015293	42	Port Input	14	1471326	9713	1
S6015293	42	Port Input	15	1471326	9714	1
S6015293	42	Port Input	14	1479373	17760	1
S6015293	42	Response	22	1479373	17760	1
S6015293	42	Port Input	15	1479373	17760	1
S6015293	42	Port Input	14	1479374	17761	3
S6015293	42	Port Input	15	1479377	17764	1
S6015293	42	Port Input	14	1479378	17765	1
S6015293	42	Port Input	15	1479378	17766	1
S6015293	42	Port Input	14	1479379	17766	1
S6015293	42	Port Input	15	1479379	17766	1
S6015293	42	Port Input	14	1479379	17766	1
S6015293	42	Port Input	15	1479379	17766	1
S6015293	42	Port Input	14	1479379	17766	1
S6015293	42	Port Input	15	1479379	17767	1
S6015293	42	Port Input	14	1479380	17767	1
S6015293	42	Port Input	15	1479380	17767	1
S6015293	42	Port Input	14	1479380	17767	1
S6015293	42	Port Input	15	1479381	17768	1
S6015293	42	Port Input	14	1479381	17768	1
S6015293	42	Port Input	15	1479381	17768	1
S6015293	42	Port Input	14	1479381	17768	1
S6015293	43	Picture	20	1479390	0	1	17013	1	0	next	hit	890
S6015293	43	Port Input	15	1487949	8559	1
S6015293	43	Port Input	14	1496344	16954	1
S6015293	43	Response	22	1496344	16954	1
S6015293	43	Port Input	15	1496344	16954	1
S6015293	43	Port Input	14	1496345	16955	5
S6015293	44	Picture	20	1496403	0	1	18402	1	0	next	hit	902
S6015293	44	Port Input	15	1506019	9616	1
S6015293	44	Port Input	14	1506019	9616	1
S6015293	44	Port Input	15	1506019	9616	1
S6015293	44	Port Input	14	1506019	9616	1
S6015293	44	Port Input	15	1506019	9616	1
S6015293	44	Port Input	14	1506020	9616	1
S6015293	44	Port Input	15	1506020	9617	1
S6015293	44	Port Input	14	1514770	18367	1
S6015293	44	Response	22	1514770	18367	1
S6015293	45	Picture	20	1514805	0	1	17847	1	0	next	hit	932
S6015293	45	Port Input	15	1523651	8846	1
S6015293	45	Port Input	14	1523651	8846	1
S6015293	45	Port Input	15	1523652	8847	1
S6015293	45	Port Input	14	1523652	8847	1
S6015293	45	Port Input	15	1523653	8847	1
S6015293	45	Port Input	14	1523653	8847	1
S6015293	45	Port Input	15	1523653	8847	1
S6015293	45	Port Input	14	1523653	8847	1
S6015293	45	Port Input	15	1523653	8848	1
S6015293	45	Port Input	14	1523653	8848	1
S6015293	45	Port Input	15	1523654	8849	1
S6015293	45	Port Input	14	1523654	8849	1
S6015293	45	Port Input	15	1523654	8849	1
S6015293	45	Port Input	14	1523657	8851	1
S6015293	45	Port Input	15	1523659	8853	1
S6015293	45	Port Input	14	1523659	8853	1
S6015293	45	Port Input	15	1523660	8854	1
S6015293	45	Port Input	14	1523660	8854	1
S6015293	45	Port Input	15	1523661	8855	1
S6015293	45	Port Input	14	1523661	8855	1
S6015293	45	Port Input	15	1523663	8858	1
S6015293	45	Port Input	14	1523663	8858	1
S6015293	45	Port Input	15	1523664	8859	1
S6015293	45	Port Input	14	1523664	8859	1
S6015293	45	Port Input	15	1523664	8859	1
S6015293	45	Port Input	14	1523665	8859	1
S6015293	45	Port Input	15	1523665	8860	1
S6015293	45	Port Input	14	1532599	17794	1
S6015293	45	Response	22	1532599	17794	1
S6015293	45	Port Input	15	1532600	17795	3
S6015293	45	Port Input	14	1532603	17797	1
S6015293	45	Port Input	15	1532604	17798	1
S6015293	45	Port Input	14	1532604	17798	1
S6015293	45	Port Input	15	1532604	17799	1
S6015293	45	Port Input	14	1532604	17799	1
S6015293	45	Port Input	15	1532605	17799	1
S6015293	45	Port Input	14	1532605	17799	1
S6015293	46	Picture	20	1532652	0	1	17777	1	0	next	hit	986
S6015293	46	Port Input	15	1540976	8324	1
S6015293	46	Port Input	14	1540976	8324	1
S6015293	46	Port Input	15	1540977	8325	1
S6015293	46	Port Input	14	1540977	8325	1
S6015293	46	Port Input	15	1540977	8325	1
S6015293	46	Port Input	14	1540977	8325	1
S6015293	46	Port Input	15	1540977	8325	1
S6015293	46	Port Input	14	1540977	8325	1
S6015293	46	Port Input	15	1540977	8325	1
S6015293	46	Port Input	14	1540977	8325	1
S6015293	46	Port Input	15	1540978	8326	1
S6015293	46	Port Input	14	1540978	8326	1
S6015293	46	Port Input	15	1540978	8326	1
S6015293	46	Port Input	14	1540978	8326	1
S6015293	46	Port Input	15	1540978	8326	1
S6015293	46	Port Input	14	1540978	8326	1
S6015293	46	Port Input	15	1540978	8326	1
S6015293	46	Port Input	14	1540978	8326	1
S6015293	46	Port Input	15	1540978	8326	1
S6015293	46	Port Input	14	1540978	8326	1
S6015293	46	Port Input	15	1540979	8327	1
S6015293	46	Port Input	14	1540979	8327	1
S6015293	46	Port Input	15	1540979	8327	1
S6015293	46	Port Input	14	1540979	8327	1
S6015293	46	Port Input	15	1540980	8328	1
S6015293	46	Port Input	14	1540980	8328	1
S6015293	46	Port Input	15	1540981	8329	1
S6015293	46	Port Input	14	1540981	8329	1
S6015293	46	Port Input	15	1540982	8331	1
S6015293	46	Port Input	14	1540982	8331	1
S6015293	46	Port Input	15	1540983	8331	1
S6015293	46	Port Input	14	1540983	8331	1
S6015293	46	Port Input	15	1540983	8331	1
S6015293	46	Port Input	14	1540983	8331	1
S6015293	46	Port Input	15	1540983	8331	1
S6015293	46	Port Input	14	1540983	8331	1
S6015293	46	Port Input	15	1540983	8331	1
S6015293	46	Port Input	14	1540983	8331	1
S6015293	46	Port Input	15	1540984	8332	1
S6015293	46	Port Input	14	1540984	8332	1
S6015293	46	Port Input	15	1540984	8332	1
S6015293	46	Port Input	14	1540984	8333	1
S6015293	46	Port Input	15	1540985	8333	1
S6015293	46	Port Input	14	1550403	17751	1
S6015293	46	Response	22	1550403	17751	1
S6015293	47	Picture	20	1550429	0	1	17916	1	0	next	hit	990
S6015293	47	Port Input	15	1559139	8710	1
S6015293	47	Port Input	14	1568324	17895	1
S6015293	47	Response	22	1568324	17895	1
S6015293	47	Port Input	15	1568325	17896	1
S6015293	47	Port Input	14	1568326	17896	5
S6015293	48	Picture	20	1568345	0	1	17222	1	0	next	hit	1040
S6015293	48	Port Input	15	1568491	146	1
S6015293	48	Port Input	14	1568491	146	1
S6015293	48	Port Input	15	1568492	147	1
S6015293	48	Port Input	14	1568492	147	1
S6015293	48	Port Input	15	1568493	148	1
S6015293	48	Port Input	14	1568493	148	1
S6015293	48	Port Input	15	1568519	174	1
S6015293	48	Port Input	14	1568519	174	1
S6015293	48	Port Input	15	1568521	176	1
S6015293	48	Port Input	14	1568522	176	1
S6015293	48	Port Input	15	1568523	178	1
S6015293	48	Port Input	14	1568523	178	1
S6015293	48	Port Input	15	1568523	178	1
S6015293	48	Port Input	14	1568523	178	1
S6015293	48	Port Input	15	1568529	184	1
S6015293	48	Port Input	14	1568529	184	1
S6015293	48	Port Input	15	1568532	187	1
S6015293	48	Port Input	14	1568532	187	1
S6015293	48	Port Input	15	1568533	188	1
S6015293	48	Port Input	14	1568533	188	1
S6015293	48	Port Input	15	1568533	188	1
S6015293	48	Port Input	14	1568533	188	1
S6015293	48	Port Input	15	1568535	189	1
S6015293	48	Port Input	14	1568535	189	1
S6015293	48	Port Input	15	1568536	191	1
S6015293	48	Port Input	14	1568536	191	1
S6015293	48	Port Input	15	1568555	210	1
S6015293	48	Port Input	14	1568555	210	1
S6015293	48	Port Input	15	1568565	220	1
S6015293	48	Port Input	14	1568565	220	1
S6015293	48	Port Input	15	1568566	221	1
S6015293	48	Port Input	14	1568566	221	1
S6015293	48	Port Input	15	1568593	248	1
S6015293	48	Port Input	14	1568593	248	1
S6015293	48	Port Input	15	1568603	258	1
S6015293	48	Port Input	14	1568603	258	1
S6015293	48	Port Input	15	1568607	262	1
S6015293	48	Port Input	14	1568607	262	1
S6015293	48	Port Input	15	1568634	289	1
S6015293	48	Port Input	14	1568634	289	1
S6015293	48	Port Input	15	1568644	299	1
S6015293	48	Port Input	14	1568645	299	1
S6015293	48	Port Input	15	1576628	8283	1
S6015293	48	Port Input	14	1576628	8283	1
S6015293	48	Port Input	15	1576628	8283	1
S6015293	48	Port Input	14	1585542	17197	1
S6015293	48	Response	22	1585542	17197	1
S6015293	49	Picture	20	1585567	0	1	17985	1	0	next	hit	1044
S6015293	49	Port Input	15	1594799	9233	1
S6015293	49	Port Input	14	1603541	17975	1
S6015293	49	Response	22	1603541	17975	1
S6015293	49	Port Input	15	1603542	17976	3
S6015293	49	Port Input	14	1603545	17979	1
S6015293	49	Port Input	15	1603546	17980	1
S6015293	49	Port Input	14	1603546	17980	1
S6015293	49	Port Input	15	1603547	17980	1
S6015293	49	Port Input	14	1603547	17980	1
S6015293	49	Port Input	15	1603547	17981	1
S6015293	49	Port Input	14	1603547	17981	1
S6015293	49	Port Input	15	1603548	17981	1
S6015293	49	Port Input	14	1603548	17981	1
S6015293	49	Port Input	15	1603548	17981	1
S6015293	49	Port Input	14	1603548	17981	1
S6015293	49	Port Input	15	1603549	17982	1
S6015293	49	Port Input	14	1603549	17982	1
S6015293	49	Port Input	15	1603549	17982	1
S6015293	49	Port Input	14	1603549	17982	1
S6015293	49	Port Input	15	1603550	17983	1
S6015293	49	Port Input	14	1603550	17983	1
S6015293	50	Picture	20	1603552	0	1	18610	1	0	next	hit	1068
S6015293	50	Port Input	15	1603892	340	1
S6015293	50	Port Input	14	1603892	340	1
S6015293	50	Port Input	15	1612603	9051	1
S6015293	50	Port Input	14	1622131	18579	1
S6015293	50	Response	22	1622131	18579	1
S6015293	51	Picture	20	1622163	0	1	18749	1	0	next	hit	1074
S6015293	51	Port Input	15	1631697	9535	1
S6015293	51	Port Input	14	1631697	9535	1
S6015293	51	Port Input	15	1631698	9535	1
S6015293	51	Port Input	14	1640841	18678	1
S6015293	51	Response	22	1640841	18678	1
S6015293	51	Port Input	15	1640842	18679	7
S6015293	51	Port Input	14	1640858	18695	1
S6015293	52	Picture	20	1640912	0	1	18124	1	0	next	hit	1088
S6015293	52	Port Input	15	1641145	233	1
S6015293	52	Port Input	14	1641145	233	1
S6015293	52	Port Input	15	1641145	233	1
S6015293	52	Port Input	14	1641145	233	1
S6015293	52	Port Input	15	1641156	244	1
S6015293	52	Port Input	14	1641156	244	1
S6015293	52	Port Input	15	1649959	9047	1
S6015293	52	Port Input	14	1649959	9047	1
S6015293	52	Port Input	15	1649959	9047	1
S6015293	52	Port Input	14	1658985	18073	1
S6015293	52	Response	22	1658985	18073	1
S6015293	53	Picture	20	1659036	0	1	17569	1	0	next	hit	1094
S6015293	53	Port Input	15	1667548	8512	1
S6015293	53	Port Input	14	1667548	8512	1
S6015293	53	Port Input	15	1667549	8512	1
S6015293	53	Port Input	14	1676560	17524	1
S6015293	53	Response	22	1676560	17524	1
S6015293	54	Picture	20	1676605	0	1	17985	1	0	next	hit	1098
S6015293	54	Port Input	15	1685453	8848	1
S6015293	54	Port Input	14	1694516	17911	1
S6015293	54	Response	22	1694516	17911	1
S6015293	54	Port Input	15	1694516	17911	1
S6015293	54	Port Input	14	1694516	17912	1
S6015293	55	Picture	20	1694590	0	1	18333	1	0	next	hit	1108
S6015293	55	Port Input	15	1703758	9168	1
S6015293	55	Port Input	14	1703758	9168	1
S6015293	55	Port Input	15	1703774	9184	1
S6015293	55	Port Input	14	1703774	9184	1
S6015293	55	Port Input	15	1703774	9184	1
S6015293	55	Port Input	14	1712892	18302	1
S6015293	55	Response	22	1712892	18302	1
S6015293	55	Port Input	15	1712892	18302	1
S6015293	55	Port Input	14	1712892	18302	1
S6015293	56	Picture	20	1712923	0	1	17916	1	0	next	hit	1120
S6015293	56	Port Input	15	1721534	8611	1
S6015293	56	Port Input	14	1721534	8611	1
S6015293	56	Port Input	15	1721535	8612	1
S6015293	56	Port Input	14	1721535	8612	1
S6015293	56	Port Input	15	1721535	8612	1
S6015293	56	Port Input	14	1721535	8612	1
S6015293	56	Port Input	15	1721535	8612	1
S6015293	56	Port Input	14	1730824	17901	1
S6015293	56	Response	22	1730824	17901	1
S6015293	56	Port Input	15	1730825	17902	1
S6015293	56	Port Input	14	1730825	17902	1
S6015293	57	Picture	20	1730839	0	1	18333	1	0	next	hit	1138
S6015293	57	Port Input	15	1739798	8959	1
S6015293	57	Port Input	14	1739798	8959	1
S6015293	57	Port Input	15	1739803	8963	1
S6015293	57	Port Input	14	1739803	8963	1
S6015293	57	Port Input	15	1739803	8964	1
S6015293	57	Port Input	14	1739803	8964	1
S6015293	57	Port Input	15	1739803	8964	1
S6015293	57	Port Input	14	1739803	8964	1
S6015293	57	Port Input	15	1739803	8964	1
S6015293	57	Port Input	14	1739803	8964	1
S6015293	57	Port Input	15	1739804	8964	1
S6015293	57	Port Input	14	1739804	8964	1
S6015293	57	Port Input	15	1739804	8965	1
S6015293	57	Port Input	14	1749119	18280	1
S6015293	57	Response	22	1749119	18280	1
S6015293	58	Picture	20	1749172	0	1	18680	1	0	next	hit	1166
S6015293	58	Port Input	15	1757850	8679	1
S6015293	58	Port Input	14	1757850	8679	1
S6015293	58	Port Input	15	1757852	8680	1
S6015293	58	Port Input	14	1757852	8680	1
S6015293	58	Port Input	15	1757852	8680	1
S6015293	58	Port Input	14	1757852	8681	1
S6015293	58	Port Input	15	1757853	8681	1
S6015293	58	Port Input	14	1757854	8682	1
S6015293	58	Port Input	15	1757854	8682	1
S6015293	58	Port Input	14	1757854	8682	1
S6015293	58	Port Input	15	1757855	8683	1
S6015293	58	Port Input	14	1757855	8683	1
S6015293	58	Port Input	15	1757855	8683	1
S6015293	58	Port Input	14	1757855	8683	1
S6015293	58	Port Input	15	1757858	8686	1
S6015293	58	Port Input	14	1757858	8687	1
S6015293	58	Port Input	15	1757859	8687	1
S6015293	58	Port Input	14	1757859	8687	1
S6015293	58	Port Input	15	1757859	8687	1
S6015293	58	Port Input	14	1757859	8688	1
S6015293	58	Port Input	15	1757861	8690	1
S6015293	58	Port Input	14	1757861	8690	1
S6015293	58	Port Input	15	1757862	8691	1
S6015293	58	Port Input	14	1757862	8691	1
S6015293	58	Port Input	15	1757863	8691	1
S6015293	58	Port Input	14	1767791	18619	1
S6015293	58	Response	22	1767791	18619	1
S6015293	59	Picture	20	1767852	0	1	18055	1	0	next	hit	1172
S6015293	59	Port Input	15	1776069	8218	1
S6015293	59	Port Input	14	1776069	8218	1
S6015293	59	Port Input	15	1776069	8218	1
S6015293	59	Port Input	14	1785835	17984	1
S6015293	59	Response	22	1785835	17984	1
S6015293	60	Picture	20	1785907	0	1	17499	1	0	next	hit	1178
S6015293	60	Port Input	15	1793927	8020	1
S6015293	60	Port Input	14	1793927	8020	1
S6015293	60	Port Input	15	1793927	8021	1
S6015293	60	Port Input	14	1803394	17487	1
S6015293	60	Response	22	1803394	17487	1
S6015293	61	Picture	20	1803406	0	1	17360	1	0	next	hit	1184
S6015293	61	Port Input	15	1811615	8209	1
S6015293	61	Port Input	14	1811615	8209	1
S6015293	61	Port Input	15	1811615	8210	1
S6015293	61	Port Input	14	1820717	17311	1
S6015293	61	Response	22	1820717	17311	1
S6015293	62	Picture	20	1820766	0	1	18541	1	0	next	hit	1198
S6015293	62	Port Input	15	1829550	8784	1
S6015293	62	Port Input	14	1829550	8784	1
S6015293	62	Port Input	15	1829552	8786	1
S6015293	62	Port Input	14	1829552	8786	1
S6015293	62	Port Input	15	1829561	8795	1
S6015293	62	Port Input	14	1829561	8795	1
S6015293	62	Port Input	15	1829561	8795	1
S6015293	62	Port Input	14	1829561	8795	1
S6015293	62	Port Input	15	1829561	8795	1
S6015293	62	Port Input	14	1829561	8795	1
S6015293	62	Port Input	15	1829562	8795	1
S6015293	62	Port Input	14	1839251	18484	1
S6015293	62	Response	22	1839251	18484	1
S6015293	63	Picture	20	1839307	0	1	18055	1	0	next	hit	1206
S6015293	63	Port Input	15	1839757	450	1
S6015293	63	Port Input	14	1839757	450	1
S6015293	63	Port Input	15	1847512	8205	1
S6015293	63	Port Input	14	1847512	8205	1
S6015293	63	Port Input	15	1847513	8205	1
S6015293	63	Port Input	14	1857303	17995	1
S6015293	63	Response	22	1857303	17995	1
S6015293	63	Port Input	15	1857303	17996	1
S6015293	63	Port Input	14	1857303	17996	1
S6015293	64	Picture	20	1857362	0	1	17222	1	0	next	hit	1258
S6015293	64	Port Input	15	1865476	8114	1
S6015293	64	Port Input	14	1865476	8114	1
S6015293	64	Port Input	15	1865476	8114	1
S6015293	64	Port Input	14	1865476	8114	1
S6015293	64	Port Input	15	1865476	8114	1
S6015293	64	Port Input	14	1865476	8114	1
S6015293	64	Port Input	15	1865477	8114	1
S6015293	64	Port Input	14	1865477	8115	1
S6015293	64	Port Input	15	1865477	8115	1
S6015293	64	Port Input	14	1865477	8115	1
S6015293	64	Port Input	15	1865478	8115	1
S6015293	64	Port Input	14	1865478	8115	1
S6015293	64	Port Input	15	1865478	8116	1
S6015293	64	Port Input	14	1865478	8116	1
S6015293	64	Port Input	15	1865479	8117	1
S6015293	64	Port Input	14	1865479	8117	1
S6015293	64	Port Input	15	1865479	8117	1
S6015293	64	Port Input	14	1865479	8117	1
S6015293	64	Port Input	15	1865480	8117	1
S6015293	64	Port Input	14	1865480	8117	1
S6015293	64	Port Input	15	1865481	8118	1
S6015293	64	Port Input	14	1865481	8118	1
S6015293	64	Port Input	15	1865481	8119	1
S6015293	64	Port Input	14	1865481	8119	1
S6015293	64	Port Input	15	1865481	8119	1
S6015293	64	Port Input	14	1865481	8119	1
S6015293	64	Port Input	15	1865481	8119	1
S6015293	64	Port Input	14	1865481	8119	1
S6015293	64	Port Input	15	1865481	8119	1
S6015293	64	Port Input	14	1865481	8119	1
S6015293	64	Port Input	15	1865482	8120	1
S6015293	64	Port Input	14	1865482	8120	1
S6015293	64	Port Input	15	1865482	8120	1
S6015293	64	Port Input	14	1865482	8120	1
S6015293	64	Port Input	15	1865482	8120	1
S6015293	64	Port Input	14	1865483	8120	1
S6015293	64	Port Input	15	1865483	8120	1
S6015293	64	Port Input	14	1865483	8120	1
S6015293	64	Port Input	15	1865483	8121	1
S6015293	64	Port Input	14	1865483	8121	1
S6015293	64	Port Input	15	1865483	8121	1
S6015293	64	Port Input	14	1865483	8121	1
S6015293	64	Port Input	15	1865484	8122	1
S6015293	64	Port Input	14	1865484	8122	1
S6015293	64	Port Input	15	1865485	8123	1
S6015293	64	Port Input	14	1865485	8123	1
S6015293	64	Port Input	15	1865485	8123	1
S6015293	64	Port Input	14	1874528	17166	1
S6015293	64	Response	22	1874528	17166	1
S6015293	65	Picture	20	1874584	0	1	18124	1	0	next	hit	1262
S6015293	65	Port Input	15	1883156	8573	1
S6015293	65	Port Input	14	1892650	18066	1
S6015293	65	Response	22	1892650	18066	1
S6015293	66	Picture	20	1892708	0	1	17222	1	0	next	hit	1272
S6015293	66	Port Input	15	1900988	8280	1
S6015293	66	Port Input	14	1900988	8280	1
S6015293	66	Port Input	15	1900989	8281	1
S6015293	66	Port Input	14	1900989	8281	1
S6015293	66	Port Input	15	1900989	8281	1
S6015293	66	Port Input	14	1900989	8281	1
S6015293	66	Port Input	15	1900989	8281	1
S6015293	66	Port Input	14	1909888	17180	1
S6015293	66	Response	22	1909888	17180	1
S6015293	67	Picture	20	1909930	0	1	17638	1	0	next	hit	1304
S6015293	67	Port Input	15	1918377	8447	1
S6015293	67	Port Input	14	1918377	8447	1
S6015293	67	Port Input	15	1918377	8448	1
S6015293	67	Port Input	14	1918377	8448	1
S6015293	67	Port Input	15	1918378	8448	1
S6015293	67	Port Input	14	1918378	8448	1
S6015293	67	Port Input	15	1918378	8448	1
S6015293	67	Port Input	14	1918378	8448	1
S6015293	67	Port Input	15	1918378	8449	1
S6015293	67	Port Input	14	1918379	8449	1
S6015293	67	Port Input	15	1918379	8449	1
S6015293	67	Port Input	14	1918379	8449	1
S6015293	67	Port Input	15	1918379	8449	1
S6015293	67	Port Input	14	1918379	8450	1
S6015293	67	Port Input	15	1918380	8450	1
S6015293	67	Port Input	14	1918380	8450	1
S6015293	67	Port Input	15	1918380	8451	1
S6015293	67	Port Input	14	1918380	8451	1
S6015293	67	Port Input	15	1918381	8451	1
S6015293	67	Port Input	14	1918381	8451	1
S6015293	67	Port Input	15	1918381	8451	1
S6015293	67	Port Input	14	1918381	8451	1
S6015293	67	Port Input	15	1918381	8451	1
S6015293	67	Port Input	14	1918383	8453	1
S6015293	67	Port Input	15	1918384	8454	1
S6015293	67	Port Input	14	1918384	8454	1
S6015293	67	Port Input	15	1918384	8454	1
S6015293	67	Port Input	14	1918384	8454	1
S6015293	67	Port Input	15	1918384	8454	1
S6015293	67	Port Input	14	1927525	17595	1
S6015293	67	Response	22	1927525	17595	1
S6015293	68	Picture	20	1927568	0	1	19791	1	0	next	hit	1332
S6015293	68	Port Input	15	1937473	9905	1
S6015293	68	Port Input	14	1937473	9905	1
S6015293	68	Port Input	15	1937473	9905	1
S6015293	68	Port Input	14	1937473	9905	1
S6015293	68	Port Input	15	1937473	9905	1
S6015293	68	Port Input	14	1937474	9906	1
S6015293	68	Port Input	15	1937474	9906	1
S6015293	68	Port Input	14	1937474	9906	1
S6015293	68	Port Input	15	1937474	9906	1
S6015293	68	Port Input	14	1937474	9906	1
S6015293	68	Port Input	15	1937474	9906	1
S6015293	68	Port Input	14	1937474	9906	1
S6015293	68	Port Input	15	1937475	9907	1
S6015293	68	Port Input	14	1937475	9907	1
S6015293	68	Port Input	15	1937475	9907	1
S6015293	68	Port Input	14	1937476	9908	1
S6015293	68	Port Input	15	1937476	9908	1
S6015293	68	Port Input	14	1937476	9908	1
S6015293	68	Port Input	15	1937477	9909	1
S6015293	68	Port Input	14	1937477	9909	1
S6015293	68	Port Input	15	1937477	9909	1
S6015293	68	Port Input	14	1937477	9909	1
S6015293	68	Port Input	15	1937478	9910	1
S6015293	68	Port Input	14	1937478	9910	1
S6015293	68	Port Input	15	1937479	9911	1
S6015293	68	Port Input	14	1947311	19743	1
S6015293	68	Response	22	1947311	19743	1
S6015293	68	Port Input	15	1947312	19744	3
S6015293	68	Port Input	14	1947315	19747	1
S6015293	68	Port Input	15	1947318	19750	1
S6015293	68	Port Input	14	1947318	19750	1
S6015293	69	Picture	20	1947359	0	1	17985	1	0	next	hit	1358
S6015293	69	Port Input	15	1955684	8325	1
S6015293	69	Port Input	14	1955684	8325	1
S6015293	69	Port Input	15	1955686	8327	1
S6015293	69	Port Input	14	1955686	8327	1
S6015293	69	Port Input	15	1955686	8327	1
S6015293	69	Port Input	14	1955686	8327	1
S6015293	69	Port Input	15	1955687	8328	1
S6015293	69	Port Input	14	1955687	8328	1
S6015293	69	Port Input	15	1955688	8329	1
S6015293	69	Port Input	14	1955689	8330	1
S6015293	69	Port Input	15	1955692	8333	1
S6015293	69	Port Input	14	1955692	8333	1
S6015293	69	Port Input	15	1955694	8335	1
S6015293	69	Port Input	14	1955695	8337	1
S6015293	69	Port Input	15	1955701	8342	1
S6015293	69	Port Input	14	1955701	8342	1
S6015293	69	Port Input	15	1955701	8342	1
S6015293	69	Port Input	14	1955701	8342	1
S6015293	69	Port Input	15	1955704	8345	1
S6015293	69	Port Input	14	1965307	17949	1
S6015293	69	Response	22	1965307	17949	1
S6015293	70	Picture	20	1965344	0	1	19652	1	0	next	hit	1364
S6015293	70	Port Input	15	1974610	9265	1
S6015293	70	Port Input	14	1974610	9266	1
S6015293	70	Port Input	15	1974610	9266	1
S6015293	70	Port Input	14	1984936	19591	1
S6015293	70	Response	22	1984936	19591	1
S6015293	70	Port Input	15	1984936	19591	1
S6015293	70	Port Input	14	1984937	19592	5
S6015293	71	Picture	20	1984996	0	1	17152	1	0	next	hit	1382
S6015293	71	Port Input	15	1993363	8367	1
S6015293	71	Port Input	14	1993363	8367	1
S6015293	71	Port Input	15	1993364	8367	1
S6015293	71	Port Input	14	1993364	8367	1
S6015293	71	Port Input	15	1993364	8368	1
S6015293	71	Port Input	14	1993364	8368	1
S6015293	71	Port Input	15	1993364	8368	1
S6015293	71	Port Input	14	1993364	8368	1
S6015293	71	Port Input	15	1993364	8368	1
S6015293	71	Port Input	14	1993364	8368	1
S6015293	71	Port Input	15	1993365	8368	1
S6015293	71	Port Input	14	1993365	8368	1
S6015293	71	Port Input	15	1993366	8369	1
S6015293	71	Port Input	14	2002105	17109	1
S6015293	71	Response	22	2002105	17109	1
S6015293	72	Picture	20	2002149	0	1	19583	1	0	next	hit	1390
S6015293	72	Port Input	15	2011103	8955	1
S6015293	72	Port Input	14	2011103	8955	1
S6015293	72	Port Input	15	2011104	8955	1
S6015293	72	Port Input	14	2011104	8955	1
S6015293	72	Port Input	15	2011104	8955	1
S6015293	72	Port Input	14	2021696	19547	1
S6015293	72	Response	22	2021696	19547	1
S6015293	72	Port Input	15	2021696	19548	1
S6015293	72	Port Input	14	2021696	19548	1
S6015293	72	Port Input	15	2021697	19548	1
S6015293	72	Port Input	14	2021697	19549	5
S6015293	73	Picture	20	2021731	0	1	19235	1	0	next	hit	1400
S6015293	73	Port Input	15	2030516	8785	1
S6015293	73	Port Input	14	2030516	8785	1
S6015293	73	Port Input	15	2030516	8785	1
S6015293	73	Port Input	14	2040957	19226	1
S6015293	73	Response	22	2040957	19226	1
S6015293	74	Picture	20	2040967	0	1	21041	1	0	next	hit	1404
S6015293	74	Port Input	15	2050507	9541	1
S6015293	74	Port Input	14	2061986	21020	1
S6015293	74	Response	22	2061986	21020	1
S6015293	75	Picture	20	2062007	0	1	18749	1	0	next	hit	1408
S6015293	75	Port Input	15	2070970	8963	1
S6015293	75	Port Input	14	2080684	18676	1
S6015293	75	Response	22	2080684	18676	1
S6015293	76	Picture	20	2080757	0	1	17360	1	0	next	hit	1424
S6015293	76	Port Input	15	2089274	8518	1
S6015293	76	Port Input	14	2089274	8518	1
S6015293	76	Port Input	15	2089275	8518	1
S6015293	76	Port Input	14	2089275	8518	1
S6015293	76	Port Input	15	2089275	8518	1
S6015293	76	Port Input	14	2089275	8518	1
S6015293	76	Port Input	15	2089275	8518	1
S6015293	76	Port Input	14	2089275	8518	1
S6015293	76	Port Input	15	2089275	8518	1
S6015293	76	Port Input	14	2089275	8519	1
S6015293	76	Port Input	15	2089275	8519	1
S6015293	76	Port Input	14	2089276	8519	1
S6015293	76	Port Input	15	2089276	8519	1
S6015293	76	Port Input	14	2098075	17318	1
S6015293	76	Response	22	2098075	17318	1
S6015293	77	Picture	20	2098117	0	1	17985	1	0	next	hit	1428
S6015293	77	Port Input	15	2106363	8246	1
S6015293	77	Port Input	14	2116072	17955	1
S6015293	77	Response	22	2116072	17955	1
S6015293	77	Port Input	15	2116072	17955	1
S6015293	77	Port Input	14	2116072	17955	1
S6015293	77	Port Input	15	2116072	17955	1
S6015293	77	Port Input	14	2116073	17956	4
S6015293	78	Picture	20	2116103	0	1	20346	1	0	next	hit	1436
S6015293	78	Port Input	15	2126825	10722	1
S6015293	78	Port Input	14	2136437	20335	1
S6015293	78	Response	22	2136437	20335	1
S6015293	79	Picture	20	2136449	0	1	17916	1	0	next	hit	1442
S6015293	79	Port Input	15	2144811	8362	1
S6015293	79	Port Input	14	2144811	8362	1
S6015293	79	Port Input	15	2144812	8362	1
S6015293	79	Port Input	14	2154328	17879	1
S6015293	79	Response	22	2154328	17879	1
S6015293	80	Picture	20	2154365	0	1	18194	1	0	next	hit	1448
S6015293	80	Port Input	15	2162319	7954	1
S6015293	80	Port Input	14	2162319	7954	1
S6015293	80	Port Input	15	2162319	7954	1
S6015293	80	Port Input	14	2172489	18123	1
S6015293	80	Response	22	2172489	18123	1
S6015293	81	Picture	20	2172559	0	1	17499	1	0	next	hit	1454
S6015293	81	Port Input	15	2180811	8252	1
S6015293	81	Port Input	14	2180811	8252	1
S6015293	81	Port Input	15	2180811	8252	1
S6015293	81	Port Input	14	2190000	17441	1
S6015293	81	Response	22	2190000	17441	1
S6015293	82	Picture	20	2190058	0	1	17638	1	0	next	hit	1458
S6015293	82	Port Input	15	2198558	8500	1
S6015293	82	Port Input	14	2207661	17602	1
S6015293	82	Response	22	2207661	17602	1
S6015293	83	Picture	20	2207697	0	1	18402	1	0	next	hit	1464
S6015293	83	Port Input	15	2216034	8337	1
S6015293	83	Port Input	14	2216034	8337	1
S6015293	83	Port Input	15	2216034	8338	1
S6015293	83	Port Input	14	2226078	18381	1
S6015293	83	Response	22	2226078	18381	1
S6015293	84	Picture	20	2226099	0	1	19027	1	0	next	hit	1468
S6015293	84	Port Input	15	2235832	9733	1
S6015293	84	Port Input	14	2245094	18996	1
S6015293	84	Response	22	2245094	18996	1
S6015293	84	Port Input	15	2245095	18996	1
S6015293	84	Port Input	14	2245095	18996	1
S6015293	85	Picture	20	2245126	0	1	19374	1	0	next	hit	1474
S6015293	85	Port Input	15	2254790	9664	1
S6015293	85	Port Input	14	2264441	19315	1
S6015293	85	Response	22	2264441	19315	1
S6015293	86	Picture	20	2264500	0	1	19583	1	0	next	hit	1478
S6015293	86	Port Input	15	2274108	9608	1
S6015293	86	Port Input	14	2284049	19549	1
S6015293	86	Response	22	2284049	19549	1
S6015293	87	Picture	20	2284083	0	1	18472	1	0	next	hit	1492
S6015293	87	Port Input	15	2292602	8520	1
S6015293	87	Port Input	14	2292602	8520	1
S6015293	87	Port Input	15	2292603	8521	1
S6015293	87	Port Input	14	2292603	8521	1
S6015293	87	Port Input	15	2292604	8521	1
S6015293	87	Port Input	14	2292604	8521	1
S6015293	87	Port Input	15	2292604	8521	1
S6015293	87	Port Input	14	2292604	8521	1
S6015293	87	Port Input	15	2292604	8521	1
S6015293	87	Port Input	14	2292604	8521	1
S6015293	87	Port Input	15	2292604	8521	1
S6015293	87	Port Input	14	2302505	18423	1
S6015293	87	Response	22	2302505	18423	1
S6015293	88	Picture	20	2302554	0	1	20416	1	0	next	hit	1496
S6015293	88	Port Input	15	2311893	9338	1
S6015293	88	Port Input	14	2322929	20375	1
S6015293	88	Response	22	2322929	20375	1
S6015293	89	Picture	20	2322970	0	1	21249	1	0	next	hit	1502
S6015293	89	Port Input	15	2332607	9637	1
S6015293	89	Port Input	14	2332607	9637	1
S6015293	89	Port Input	15	2332607	9637	1
S6015293	89	Port Input	14	2344192	21222	1
S6015293	89	Response	22	2344192	21222	1
S6015293	90	Picture	20	2344219	0	1	20902	1	0	next	hit	1506
S6015293	90	Port Input	15	2354070	9851	1
S6015293	90	Port Input	14	2365076	20857	1
S6015293	90	Response	22	2365076	20857	1
S6015293	90	Port Input	15	2365076	20857	1
S6015293	90	Port Input	14	2365077	20858	1
S6015293	91	Picture	20	2365121	0	1	24582	1	0	next	hit	1512
S6015293	91	Port Input	15	2374677	9556	1
S6015293	91	Port Input	14	2389647	24526	1
S6015293	91	Response	22	2389647	24526	1
S6015293	92	Picture	20	2389704	0	1	22708	1	0	next	hit	1522
S6015293	92	Port Input	15	2400898	11194	1
S6015293	92	Port Input	14	2400898	11194	1
S6015293	92	Port Input	15	2400898	11195	1
S6015293	92	Port Input	14	2400898	11195	1
S6015293	92	Port Input	15	2400899	11195	1
S6015293	92	Port Input	14	2400899	11195	1
S6015293	92	Port Input	15	2400900	11196	1
S6015293	92	Port Input	14	2412383	22680	1
S6015293	92	Response	22	2412383	22680	1
S6015293	93	Picture	20	2412411	0	1	25346	1	0	next	hit	1528
S6015293	93	Port Input	15	2424539	12127	1
S6015293	93	Port Input	14	2424539	12127	1
S6015293	93	Port Input	15	2424539	12128	1
S6015293	93	Port Input	14	2437740	25329	1
S6015293	93	Response	22	2437740	25329	1
S6015293	94	Picture	20	2437758	0	1	26319	1	0	next	hit	1532
S6015293	94	Port Input	15	2450101	12343	1
S6015293	94	Port Input	14	2464054	26296	1
S6015293	94	Response	22	2464054	26296	1
S6015293	95	Picture	20	2464076	0	1	25069	1	0	next	hit	1536
S6015293	95	Port Input	15	2475727	11651	1
S6015293	95	Port Input	14	2489087	25011	1
S6015293	95	Response	22	2489087	25011	1
S6015293	96	Picture	20	2489145	0	1	27707	1	0	next	hit	1540
S6015293	96	Port Input	15	2501571	12426	1
S6015293	96	Port Input	14	2516816	27672	1
S6015293	96	Response	22	2516816	27672	1
S6015293	97	Picture	20	2516852	0	1	27013	1	0	next	hit	1546
S6015293	97	Port Input	15	2528795	11943	1
S6015293	97	Port Input	14	2528795	11943	1
S6015293	97	Port Input	15	2528795	11943	1
S6015293	97	Port Input	14	2543850	26998	1
S6015293	97	Response	22	2543850	26998	1
S6015293	98	Picture	20	2543865	0	1	26596	1	0	next	hit	1554
S6015293	98	Port Input	15	2556172	12307	1
S6015293	98	Port Input	14	2556172	12307	1
S6015293	98	Port Input	15	2556172	12308	1
S6015293	98	Port Input	14	2556172	12308	1
S6015293	98	Port Input	15	2556173	12308	1
S6015293	98	Port Input	14	2570419	26554	1
S6015293	98	Response	22	2570419	26554	1
S6015293	99	Picture	20	2570461	0	1	25832	1	0	next	hit	1560
S6015293	99	Port Input	15	2582935	12474	1
S6015293	99	Port Input	14	2582935	12474	1
S6015293	99	Port Input	15	2582936	12475	1
S6015293	99	Port Input	14	2596258	25797	1
S6015293	99	Response	22	2596258	25797	1
S6015293	100	Picture	20	2596293	0	1	13194	1	0	next	hit	1568
S6015293	100	Port Input	15	2599636	3343	1
S6015293	100	Port Input	14	2599636	3343	1
S6015293	100	Port Input	15	2599637	3343	1
S6015293	100	Port Input	14	2599637	3344	1
S6015293	100	Port Input	15	2599638	3344	1
S6015293	100	Port Input	14	2609451	13158	1
S6015293	100	Response	22	2609451	13158	1
S6015293	101	Picture	20	2609487	0	1	13680	1	0	next	hit	1576
S6015293	101	Port Input	15	2615647	6159	1
S6015293	101	Port Input	14	2615647	6159	1
S6015293	101	Port Input	15	2615647	6160	1
S6015293	101	Port Input	14	2615647	6160	1
S6015293	101	Port Input	15	2615647	6160	1
S6015293	101	Port Input	14	2623152	13665	1
S6015293	101	Response	22	2623152	13665	1
S6015293	102	Picture	20	2623167	0	1	14652	1	0	next	hit	1582
S6015293	102	Port Input	15	2629616	6449	1
S6015293	102	Port Input	14	2629616	6449	1
S6015293	102	Port Input	15	2629617	6449	1
S6015293	102	Port Input	14	2637283	14116	1
S6015293	102	Response	22	2637283	14116	1
S6015293	103	Port Input	15	2643646	6326	1
S6015293	103	Port Input	14	2643646	6326	1
S6015293	103	Port Input	15	2643646	6327	1
S6015293	103	Port Input	14	2643646	6327	1
S6015293	103	Port Input	15	2643646	6327	1
