Scenario - Button
Logfile written - 09/13/2023 12:23:59

Subject	Trial	Event Type	Code	Time	TTime	Uncertainty	Duration	Uncertainty	ReqTime	ReqDur	Stim Type	Pair Index

S6012591	1	Picture	start	32	0	1	40554	1	0	next	other	0
S6012591	3	Picture	20	45100	0	1	8611	1	0	next	hit	4
S6012591	3	Port Input	14	53659	8560	1
S6012591	3	Response	22	53659	8560	1
S6012591	4	Picture	20	53711	0	1	16597	1	0	next	hit	16
S6012591	4	Port Input	15	58557	4847	1
S6012591	4	Port Input	14	58557	4847	1
S6012591	4	Port Input	15	58557	4847	1
S6012591	4	Port Input	14	58557	4847	1
S6012591	4	Port Input	15	58557	4847	1
S6012591	4	Port Input	14	58557	4847	1
S6012591	4	Port Input	15	58558	4847	1
S6012591	4	Port Input	14	58558	4847	1
S6012591	4	Port Input	15	58558	4847	1
S6012591	4	Port Input	14	70258	16547	1
S6012591	4	Response	22	70258	16547	1
S6012591	4	Port Input	15	70258	16547	1
S6012591	4	Port Input	14	70260	16549	5
S6012591	5	Picture	20	70307	0	1	15416	1	0	next	hit	24
S6012591	5	Port Input	15	74441	4134	1
S6012591	5	Port Input	14	74441	4134	1
S6012591	5	Port Input	15	74441	4134	1
S6012591	5	Port Input	14	85647	15340	1
S6012591	5	Response	22	85647	15340	1
S6012591	5	Port Input	15	85647	15340	1
S6012591	5	Port Input	14	85648	15340	1
S6012591	5	Port Input	15	85648	15340	1
S6012591	5	Port Input	14	85648	15341	1
S6012591	6	Picture	20	85723	0	1	14027	1	0	next	hit	32
S6012591	6	Port Input	15	89824	4101	1
S6012591	6	Port Input	14	99717	13993	1
S6012591	6	Response	22	99717	13993	1
S6012591	6	Port Input	15	99717	13994	1
S6012591	6	Port Input	14	99717	13994	1
S6012591	7	Picture	20	99751	0	1	18124	1	0	next	hit	40
S6012591	7	Port Input	15	104165	4414	1
S6012591	7	Port Input	14	104165	4414	1
S6012591	7	Port Input	15	104165	4414	1
S6012591	7	Port Input	14	117799	18049	1
S6012591	7	Response	22	117799	18049	1
S6012591	8	Picture	20	117875	0	1	16874	1	0	next	hit	46
S6012591	8	Port Input	15	122050	4175	1
S6012591	8	Port Input	14	122050	4175	1
S6012591	8	Port Input	15	122051	4175	1
S6012591	8	Port Input	14	134723	16847	1
S6012591	8	Response	22	134723	16847	1
S6012591	8	Port Input	15	134723	16848	1
S6012591	8	Port Input	14	134723	16848	1
S6012591	9	Picture	20	134750	0	1	17083	1	0	next	hit	52
S6012591	9	Port Input	15	138698	3948	1
S6012591	9	Port Input	14	151783	17033	1
S6012591	9	Response	22	151783	17033	1
S6012591	9	Port Input	15	151783	17033	1
S6012591	9	Port Input	14	151783	17033	1
S6012591	10	Picture	20	151833	0	1	16319	1	0	next	hit	62
S6012591	10	Port Input	15	156095	4263	1
S6012591	10	Port Input	14	156095	4263	1
S6012591	10	Port Input	15	156096	4263	1
S6012591	10	Port Input	14	156096	4263	1
S6012591	10	Port Input	15	156096	4263	1
S6012591	10	Port Input	14	168119	16287	1
S6012591	10	Response	22	168119	16287	1
S6012591	11	Picture	20	168152	0	1	16527	1	0	next	hit	70
S6012591	11	Port Input	15	172152	4000	1
S6012591	11	Port Input	14	172152	4000	1
S6012591	11	Port Input	15	172152	4000	1
S6012591	11	Port Input	14	172152	4000	1
S6012591	11	Port Input	15	172152	4000	1
S6012591	11	Port Input	14	184651	16500	1
S6012591	11	Response	22	184651	16500	1
S6012591	12	Picture	20	184679	0	1	16041	1	0	next	hit	82
S6012591	12	Port Input	15	188702	4024	1
S6012591	12	Port Input	14	188702	4024	1
S6012591	12	Port Input	15	188703	4024	1
S6012591	12	Port Input	14	188703	4024	1
S6012591	12	Port Input	15	188703	4024	1
S6012591	12	Port Input	14	188703	4024	1
S6012591	12	Port Input	15	188703	4024	1
S6012591	12	Port Input	14	188703	4025	1
S6012591	12	Port Input	15	188703	4025	1
S6012591	12	Port Input	14	200701	16022	1
S6012591	12	Response	22	200701	16022	1
S6012591	13	Picture	20	200720	0	1	16458	1	0	next	hit	90
S6012591	13	Port Input	15	204638	3918	1
S6012591	13	Port Input	14	204638	3918	1
S6012591	13	Port Input	15	204638	3918	1
S6012591	13	Port Input	14	204638	3918	1
S6012591	13	Port Input	15	204638	3918	1
S6012591	13	Port Input	14	217122	16402	1
S6012591	13	Response	22	217122	16402	1
S6012591	14	Picture	20	217178	0	1	15416	1	0	next	hit	94
S6012591	14	Port Input	15	221829	4651	1
S6012591	14	Port Input	14	232567	15390	1
S6012591	14	Response	22	232567	15390	1
S6012591	15	Picture	20	232594	0	1	17847	1	0	next	hit	100
S6012591	15	Port Input	15	237199	4605	1
S6012591	15	Port Input	14	237199	4605	1
S6012591	15	Port Input	15	237199	4605	1
S6012591	15	Port Input	14	250371	17777	1
S6012591	15	Response	22	250371	17777	1
S6012591	16	Picture	20	250441	0	1	16111	1	0	next	hit	104
S6012591	16	Port Input	15	254859	4418	1
S6012591	16	Port Input	14	266531	16090	1
S6012591	16	Response	22	266531	16090	1
S6012591	17	Picture	20	266551	0	1	15625	1	0	next	hit	108
S6012591	17	Port Input	15	270889	4337	1
S6012591	17	Port Input	14	282146	15594	1
S6012591	17	Response	22	282146	15594	1
S6012591	18	Picture	20	282176	0	1	18819	1	0	next	hit	114
S6012591	18	Port Input	15	287479	5303	1
S6012591	18	Port Input	14	287479	5303	1
S6012591	18	Port Input	15	287479	5303	1
S6012591	18	Port Input	14	300924	18748	1
S6012591	18	Response	22	300924	18748	1
S6012591	19	Picture	20	300995	0	1	16250	1	0	next	hit	118
S6012591	19	Port Input	15	305039	4044	1
S6012591	19	Port Input	14	317200	16205	1
S6012591	19	Response	22	317200	16205	1
S6012591	20	Picture	20	317244	0	1	16597	1	0	next	hit	128
S6012591	20	Port Input	15	322809	5565	1
S6012591	20	Port Input	14	322809	5565	1
S6012591	20	Port Input	15	322809	5565	1
S6012591	20	Port Input	14	322809	5565	1
S6012591	20	Port Input	15	322810	5566	1
S6012591	20	Port Input	14	322810	5566	1
S6012591	20	Port Input	15	322810	5566	1
S6012591	20	Port Input	14	333793	16549	1
S6012591	20	Response	22	333793	16549	1
S6012591	21	Picture	20	333841	0	1	17638	1	0	next	hit	136
S6012591	21	Port Input	15	338761	4920	1
S6012591	21	Port Input	14	338761	4920	1
S6012591	21	Port Input	15	338761	4920	1
S6012591	21	Port Input	14	338761	4920	1
S6012591	21	Port Input	15	338761	4920	1
S6012591	21	Port Input	14	351427	17586	1
S6012591	21	Response	22	351427	17586	1
S6012591	22	Picture	20	351479	0	1	15833	1	0	next	hit	142
S6012591	22	Port Input	15	355540	4061	1
S6012591	22	Port Input	14	355540	4061	1
S6012591	22	Port Input	15	355540	4061	1
S6012591	22	Port Input	14	367240	15760	1
S6012591	22	Response	22	367240	15760	1
S6012591	23	Picture	20	367312	0	1	17499	1	0	next	hit	148
S6012591	23	Port Input	15	372482	5170	1
S6012591	23	Port Input	14	372482	5170	1
S6012591	23	Port Input	15	372482	5170	1
S6012591	23	Port Input	14	384743	17431	1
S6012591	23	Response	22	384743	17431	1
S6012591	24	Picture	20	384812	0	1	17500	1	0	next	hit	152
S6012591	24	Port Input	15	390040	5228	1
S6012591	24	Port Input	14	402290	17478	1
S6012591	24	Response	22	402290	17478	1
S6012591	25	Picture	20	402311	0	1	16319	1	0	next	hit	156
S6012591	25	Port Input	15	407191	4880	1
S6012591	25	Port Input	14	418561	16250	1
S6012591	25	Response	22	418561	16250	1
S6012591	26	Picture	20	418630	0	1	16875	1	0	next	hit	160
S6012591	26	Port Input	15	423553	4923	1
S6012591	26	Port Input	14	435443	16813	1
S6012591	26	Response	22	435443	16813	1
S6012591	26	Port Input	15	435444	16814	1
S6012591	26	Port Input	14	435444	16814	4
S6012591	27	Picture	20	435505	0	1	15694	1	0	next	hit	170
S6012591	27	Port Input	15	440491	4987	1
S6012591	27	Port Input	14	440491	4987	1
S6012591	27	Port Input	15	440491	4987	1
S6012591	27	Port Input	14	440492	4987	1
S6012591	27	Port Input	15	440492	4988	1
S6012591	27	Port Input	14	451155	15650	1
S6012591	27	Response	22	451155	15650	1
S6012591	28	Picture	20	451199	0	1	15555	1	0	next	hit	174
S6012591	28	Port Input	15	455968	4769	1
S6012591	28	Port Input	14	466678	15480	1
S6012591	28	Response	22	466678	15480	1
S6012591	28	Port Input	15	466678	15480	1
S6012591	28	Port Input	14	466678	15480	1
S6012591	29	Picture	20	466754	0	1	15833	1	0	next	hit	180
S6012591	29	Port Input	15	471914	5160	1
S6012591	29	Port Input	14	482551	15798	1
S6012591	29	Response	22	482551	15798	1
S6012591	30	Picture	20	482586	0	1	15347	1	0	next	hit	186
S6012591	30	Port Input	15	487278	4692	1
S6012591	30	Port Input	14	487278	4692	1
S6012591	30	Port Input	15	487278	4692	1
S6012591	30	Port Input	14	497913	15327	1
S6012591	30	Response	22	497913	15327	1
S6012591	31	Picture	20	497933	0	1	15000	1	0	next	hit	194
S6012591	31	Port Input	15	502304	4371	1
S6012591	31	Port Input	14	502304	4371	1
S6012591	31	Port Input	15	502305	4371	1
S6012591	31	Port Input	14	502305	4372	1
S6012591	31	Port Input	15	502306	4373	1
S6012591	31	Port Input	14	512858	14925	1
S6012591	31	Response	22	512858	14925	1
S6012591	32	Picture	20	512933	0	1	15694	1	0	next	hit	200
S6012591	32	Port Input	15	517510	4577	1
S6012591	32	Port Input	14	517510	4577	1
S6012591	32	Port Input	15	517511	4578	1
S6012591	32	Port Input	14	528575	15642	1
S6012591	32	Response	22	528575	15642	1
S6012591	33	Picture	20	528627	0	1	15347	1	0	next	hit	204
S6012591	33	Port Input	15	533117	4490	1
S6012591	33	Port Input	14	543952	15325	1
S6012591	33	Response	22	543952	15325	1
S6012591	34	Picture	20	543974	0	1	15555	1	0	next	hit	210
S6012591	34	Port Input	15	548472	4498	1
S6012591	34	Port Input	14	548472	4499	1
S6012591	34	Port Input	15	548472	4499	1
S6012591	34	Port Input	14	559472	15499	1
S6012591	34	Response	22	559472	15499	1
S6012591	35	Picture	20	559529	0	1	15555	1	0	next	hit	218
S6012591	35	Port Input	15	563747	4219	1
S6012591	35	Port Input	14	563747	4219	1
S6012591	35	Port Input	15	563748	4219	1
S6012591	35	Port Input	14	563748	4219	1
S6012591	35	Port Input	15	563748	4219	1
S6012591	35	Port Input	14	575035	15506	1
S6012591	35	Response	22	575035	15506	1
S6012591	36	Picture	20	575084	0	1	15625	1	0	next	hit	222
S6012591	36	Port Input	15	578786	3702	1
S6012591	36	Port Input	14	590642	15559	1
S6012591	36	Response	22	590642	15559	1
S6012591	37	Picture	20	590708	0	1	17013	1	0	next	hit	228
S6012591	37	Port Input	15	595891	5183	1
S6012591	37	Port Input	14	595891	5183	1
S6012591	37	Port Input	15	595891	5183	1
S6012591	37	Port Input	14	607665	16957	1
S6012591	37	Response	22	607665	16957	1
S6012591	37	Port Input	15	607666	16958	4
S6012591	37	Port Input	14	607688	16980	1
S6012591	37	Port Input	15	607690	16982	1
S6012591	37	Port Input	14	607690	16982	1
S6012591	37	Port Input	15	607692	16984	1
S6012591	37	Port Input	14	607692	16984	1
S6012591	38	Picture	20	607722	0	1	16041	1	0	next	hit	244
S6012591	38	Port Input	15	611624	3903	1
S6012591	38	Port Input	14	611624	3903	1
S6012591	38	Port Input	15	611624	3903	1
S6012591	38	Port Input	14	611624	3903	1
S6012591	38	Port Input	15	611625	3903	1
S6012591	38	Port Input	14	611625	3903	1
S6012591	38	Port Input	15	611630	3908	1
S6012591	38	Port Input	14	623685	15963	1
S6012591	38	Response	22	623685	15963	1
S6012591	38	Port Input	15	623686	15964	8
S6012591	38	Port Input	14	623693	15972	1
S6012591	38	Port Input	15	623694	15972	1
S6012591	38	Port Input	14	623694	15972	1
S6012591	38	Port Input	15	623694	15972	1
S6012591	38	Port Input	14	623694	15973	1
S6012591	39	Picture	20	623763	0	1	16805	1	0	next	hit	262
S6012591	39	Port Input	15	628048	4286	1
S6012591	39	Port Input	14	628048	4286	1
S6012591	39	Port Input	15	628051	4288	1
S6012591	39	Port Input	14	628051	4288	1
S6012591	39	Port Input	15	628051	4288	1
S6012591	39	Port Input	14	628051	4289	1
S6012591	39	Port Input	15	628052	4289	1
S6012591	39	Port Input	14	628052	4289	1
S6012591	39	Port Input	15	628053	4290	1
S6012591	39	Port Input	14	640522	16759	1
S6012591	39	Response	22	640522	16759	1
S6012591	39	Port Input	15	640523	16760	1
S6012591	39	Port Input	14	640523	16760	1
S6012591	39	Port Input	15	640523	16760	1
S6012591	39	Port Input	14	640523	16760	98
S6012591	40	Picture	20	640568	0	1	17708	1	0	next	hit	308
S6012591	40	Port Input	15	640621	53	1
S6012591	40	Port Input	14	640621	53	1
S6012591	40	Port Input	15	640622	55	1
S6012591	40	Port Input	14	640622	55	1
S6012591	40	Port Input	15	640623	55	1
S6012591	40	Port Input	14	640623	55	1
S6012591	40	Port Input	15	640624	56	1
S6012591	40	Port Input	14	640624	56	1
S6012591	40	Port Input	15	640624	56	1
S6012591	40	Port Input	14	640624	56	1
S6012591	40	Port Input	15	640624	56	1
S6012591	40	Port Input	14	640624	56	1
S6012591	40	Port Input	15	640624	57	1
S6012591	40	Port Input	14	640624	57	1
S6012591	40	Port Input	15	640625	57	1
S6012591	40	Port Input	14	640625	58	1
S6012591	40	Port Input	15	640626	59	1
S6012591	40	Port Input	14	640626	59	1
S6012591	40	Port Input	15	640628	61	1
S6012591	40	Port Input	14	640628	61	1
S6012591	40	Port Input	15	640629	61	1
S6012591	40	Port Input	14	640629	61	1
S6012591	40	Port Input	15	640629	61	1
S6012591	40	Port Input	14	640629	61	1
S6012591	40	Port Input	15	640629	62	1
S6012591	40	Port Input	14	640629	62	1
S6012591	40	Port Input	15	640630	62	1
S6012591	40	Port Input	14	640630	63	1
S6012591	40	Port Input	15	640632	65	1
S6012591	40	Port Input	14	640632	65	1
S6012591	40	Port Input	15	640633	65	1
S6012591	40	Port Input	14	640633	65	1
S6012591	40	Port Input	15	640636	68	1
S6012591	40	Port Input	14	640636	68	1
S6012591	40	Port Input	15	640640	72	1
S6012591	40	Port Input	14	640640	72	1
S6012591	40	Port Input	15	640656	88	1
S6012591	40	Port Input	14	640656	88	1
S6012591	40	Port Input	15	645040	4472	1
S6012591	40	Port Input	14	658263	17695	1
S6012591	40	Response	22	658263	17695	1
S6012591	41	Picture	20	658276	0	1	16666	1	0	next	hit	314
S6012591	41	Port Input	15	662218	3942	1
S6012591	41	Port Input	14	662218	3942	1
S6012591	41	Port Input	15	662218	3942	1
S6012591	41	Port Input	14	674920	16644	1
S6012591	41	Response	22	674920	16644	1
S6012591	41	Port Input	15	674920	16645	1
S6012591	41	Port Input	14	674920	16645	1
S6012591	42	Picture	20	674942	0	1	17361	1	0	next	hit	320
S6012591	42	Port Input	15	679519	4577	1
S6012591	42	Port Input	14	692270	17328	1
S6012591	42	Response	22	692270	17328	1
S6012591	42	Port Input	15	692270	17328	1
S6012591	42	Port Input	14	692270	17328	1
S6012591	43	Picture	20	692302	0	1	16666	1	0	next	hit	330
S6012591	43	Port Input	15	696633	4331	1
S6012591	43	Port Input	14	696633	4331	1
S6012591	43	Port Input	15	696633	4331	1
S6012591	43	Port Input	14	696633	4331	1
S6012591	43	Port Input	15	696634	4332	1
S6012591	43	Port Input	14	708924	16621	1
S6012591	43	Response	22	708924	16621	1
S6012591	44	Picture	20	708969	0	1	15833	1	0	next	hit	360
S6012591	44	Port Input	15	713386	4418	1
S6012591	44	Port Input	14	713386	4418	1
S6012591	44	Port Input	15	713388	4419	1
S6012591	44	Port Input	14	713388	4419	1
S6012591	44	Port Input	15	713388	4419	1
S6012591	44	Port Input	14	713388	4420	1
S6012591	44	Port Input	15	713389	4420	1
S6012591	44	Port Input	14	713389	4420	1
S6012591	44	Port Input	15	713390	4421	1
S6012591	44	Port Input	14	713390	4421	1
S6012591	44	Port Input	15	713390	4421	1
S6012591	44	Port Input	14	713390	4421	1
S6012591	44	Port Input	15	713390	4422	1
S6012591	44	Port Input	14	713390	4422	1
S6012591	44	Port Input	15	713391	4422	1
S6012591	44	Port Input	14	713391	4422	1
S6012591	44	Port Input	15	713391	4422	1
S6012591	44	Port Input	14	713391	4422	1
S6012591	44	Port Input	15	713392	4423	1
S6012591	44	Port Input	14	713392	4423	1
S6012591	44	Port Input	15	713392	4424	1
S6012591	44	Port Input	14	713392	4424	1
S6012591	44	Port Input	15	713393	4424	1
S6012591	44	Port Input	14	713393	4424	1
S6012591	44	Port Input	15	713394	4426	1
S6012591	44	Port Input	14	713395	4426	1
S6012591	44	Port Input	15	713395	4427	1
S6012591	44	Port Input	14	724764	15795	1
S6012591	44	Response	22	724764	15795	1
S6012591	44	Port Input	15	724764	15796	1
S6012591	44	Port Input	14	724765	15796	6
S6012591	44	Port Input	15	724770	15802	1
S6012591	44	Port Input	14	724771	15802	1
S6012591	44	Port Input	15	724771	15802	1
S6012591	44	Port Input	14	724771	15803	1
S6012591	44	Port Input	15	724771	15803	1
S6012591	44	Port Input	14	724771	15803	1
S6012591	44	Port Input	15	724771	15803	1
S6012591	44	Port Input	14	724772	15804	1
S6012591	44	Port Input	15	724772	15804	1
S6012591	44	Port Input	14	724773	15804	1
S6012591	44	Port Input	15	724773	15805	1
S6012591	44	Port Input	14	724774	15805	1
S6012591	44	Port Input	15	724774	15806	1
S6012591	44	Port Input	14	724775	15806	1
S6012591	44	Port Input	15	724775	15806	1
S6012591	44	Port Input	14	724775	15806	1
S6012591	44	Port Input	15	724776	15807	1
S6012591	44	Port Input	14	724776	15807	1
S6012591	44	Port Input	15	724776	15808	1
S6012591	44	Port Input	14	724776	15808	1
S6012591	44	Port Input	15	724777	15808	1
S6012591	44	Port Input	14	724777	15809	1
S6012591	44	Port Input	15	724777	15809	1
S6012591	44	Port Input	14	724778	15810	1
S6012591	44	Port Input	15	724779	15811	1
S6012591	44	Port Input	14	724779	15811	1
S6012591	44	Port Input	15	724781	15812	1
S6012591	44	Port Input	14	724781	15813	1
S6012591	44	Port Input	15	724784	15816	1
S6012591	44	Port Input	14	724785	15816	1
S6012591	44	Port Input	15	724791	15823	1
S6012591	44	Port Input	14	724792	15823	1
S6012591	45	Picture	20	724801	0	1	15138	1	0	next	hit	398
S6012591	45	Port Input	15	729123	4321	1
S6012591	45	Port Input	14	739864	15062	1
S6012591	45	Response	22	739864	15062	1
S6012591	45	Port Input	15	739864	15062	1
S6012591	45	Port Input	14	739864	15063	1
S6012591	46	Picture	20	739940	0	1	18888	1	0	next	hit	412
S6012591	46	Port Input	15	745044	5104	1
S6012591	46	Port Input	14	745044	5104	1
S6012591	46	Port Input	15	745044	5104	1
S6012591	46	Port Input	14	745044	5104	1
S6012591	46	Port Input	15	745044	5104	1
S6012591	46	Port Input	14	745044	5104	1
S6012591	46	Port Input	15	745045	5105	1
S6012591	46	Port Input	14	745045	5105	1
S6012591	46	Port Input	15	745045	5105	1
S6012591	46	Port Input	14	758794	18855	1
S6012591	46	Response	22	758794	18855	1
S6012591	47	Picture	20	758828	0	1	18541	1	0	next	hit	416
S6012591	47	Port Input	15	763625	4797	1
S6012591	47	Port Input	14	777333	18505	1
S6012591	47	Response	22	777333	18505	1
S6012591	48	Picture	20	777369	0	1	17430	1	0	next	hit	480
S6012591	48	Port Input	15	781797	4428	1
S6012591	48	Port Input	14	781797	4428	1
S6012591	48	Port Input	15	781800	4430	1
S6012591	48	Port Input	14	781800	4430	1
S6012591	48	Port Input	15	781800	4431	1
S6012591	48	Port Input	14	781800	4431	1
S6012591	48	Port Input	15	781801	4432	1
S6012591	48	Port Input	14	781801	4432	1
S6012591	48	Port Input	15	781804	4435	1
S6012591	48	Port Input	14	781804	4435	1
S6012591	48	Port Input	15	781804	4435	1
S6012591	48	Port Input	14	781804	4435	1
S6012591	48	Port Input	15	781804	4435	1
S6012591	48	Port Input	14	781804	4435	1
S6012591	48	Port Input	15	781805	4435	1
S6012591	48	Port Input	14	781805	4436	1
S6012591	48	Port Input	15	781805	4436	1
S6012591	48	Port Input	14	781805	4436	1
S6012591	48	Port Input	15	781806	4436	1
S6012591	48	Port Input	14	781806	4436	1
S6012591	48	Port Input	15	781806	4436	1
S6012591	48	Port Input	14	781806	4436	1
S6012591	48	Port Input	15	781806	4437	1
S6012591	48	Port Input	14	781806	4437	1
S6012591	48	Port Input	15	781806	4437	1
S6012591	48	Port Input	14	781806	4437	1
S6012591	48	Port Input	15	781807	4438	1
S6012591	48	Port Input	14	781807	4438	1
S6012591	48	Port Input	15	781807	4438	1
S6012591	48	Port Input	14	781807	4438	1
S6012591	48	Port Input	15	781808	4438	1
S6012591	48	Port Input	14	781808	4438	1
S6012591	48	Port Input	15	781808	4439	1
S6012591	48	Port Input	14	781808	4439	1
S6012591	48	Port Input	15	781809	4439	1
S6012591	48	Port Input	14	781809	4439	1
S6012591	48	Port Input	15	781809	4440	1
S6012591	48	Port Input	14	781809	4440	1
S6012591	48	Port Input	15	781809	4440	1
S6012591	48	Port Input	14	781809	4440	1
S6012591	48	Port Input	15	781810	4440	1
S6012591	48	Port Input	14	781810	4440	1
S6012591	48	Port Input	15	781810	4441	1
S6012591	48	Port Input	14	781810	4441	1
S6012591	48	Port Input	15	781811	4442	1
S6012591	48	Port Input	14	781811	4442	1
S6012591	48	Port Input	15	781811	4442	1
S6012591	48	Port Input	14	781811	4442	1
S6012591	48	Port Input	15	781812	4442	1
S6012591	48	Port Input	14	781812	4443	1
S6012591	48	Port Input	15	781812	4443	1
S6012591	48	Port Input	14	781812	4443	1
S6012591	48	Port Input	15	781812	4443	1
S6012591	48	Port Input	14	781812	4443	1
S6012591	48	Port Input	15	781813	4443	1
S6012591	48	Port Input	14	781813	4444	1
S6012591	48	Port Input	15	781814	4445	1
S6012591	48	Port Input	14	781814	4445	1
S6012591	48	Port Input	15	781814	4445	1
S6012591	48	Port Input	14	781814	4445	1
S6012591	48	Port Input	15	781815	4446	1
S6012591	48	Port Input	14	794781	17412	1
S6012591	48	Response	22	794781	17412	1
S6012591	48	Port Input	15	794781	17412	1
S6012591	48	Port Input	14	794782	17412	1
S6012591	48	Port Input	15	794782	17413	1
S6012591	48	Port Input	14	794782	17413	3
S6012591	49	Picture	20	794799	0	1	16527	1	0	next	hit	490
S6012591	49	Port Input	15	799227	4428	1
S6012591	49	Port Input	14	799227	4428	1
S6012591	49	Port Input	15	799227	4428	1
S6012591	49	Port Input	14	811252	16453	1
S6012591	49	Response	22	811252	16453	1
S6012591	49	Port Input	15	811252	16453	1
S6012591	49	Port Input	14	811252	16453	1
S6012591	49	Port Input	15	811253	16453	1
S6012591	49	Port Input	14	811253	16454	4
S6012591	49	Port Input	15	811261	16462	1
S6012591	49	Port Input	14	811261	16462	1
S6012591	49	Port Input	15	811261	16462	1
S6012591	49	Port Input	14	811261	16462	1
S6012591	49	Port Input	15	811262	16462	1
S6012591	49	Port Input	14	811262	16463	1
S6012591	50	Picture	20	811327	0	1	17152	1	0	next	hit	504
S6012591	50	Port Input	15	815826	4500	1
S6012591	50	Port Input	14	828435	17108	1
S6012591	50	Response	22	828435	17108	1
S6012591	51	Picture	20	828479	0	1	17361	1	0	next	hit	516
S6012591	51	Port Input	15	832905	4426	1
S6012591	51	Port Input	14	832905	4426	1
S6012591	51	Port Input	15	832905	4426	1
S6012591	51	Port Input	14	832905	4426	1
S6012591	51	Port Input	15	832905	4427	1
S6012591	51	Port Input	14	832906	4427	1
S6012591	51	Port Input	15	832906	4427	1
S6012591	51	Port Input	14	832906	4427	1
S6012591	51	Port Input	15	832906	4427	1
S6012591	51	Port Input	14	845810	17331	1
S6012591	51	Response	22	845810	17331	1
S6012591	52	Picture	20	845839	0	1	17916	1	0	next	hit	548
S6012591	52	Port Input	15	845848	9	1
S6012591	52	Port Input	14	845848	9	1
S6012591	52	Port Input	15	850907	5068	1
S6012591	52	Port Input	14	850907	5068	1
S6012591	52	Port Input	15	850907	5068	1
S6012591	52	Port Input	14	850907	5068	1
S6012591	52	Port Input	15	850908	5069	1
S6012591	52	Port Input	14	850908	5069	1
S6012591	52	Port Input	15	850908	5069	1
S6012591	52	Port Input	14	850908	5069	1
S6012591	52	Port Input	15	850908	5069	1
S6012591	52	Port Input	14	850908	5069	1
S6012591	52	Port Input	15	850908	5069	1
S6012591	52	Port Input	14	850909	5069	1
S6012591	52	Port Input	15	850909	5069	1
S6012591	52	Port Input	14	850909	5069	1
S6012591	52	Port Input	15	850909	5070	1
S6012591	52	Port Input	14	850909	5070	1
S6012591	52	Port Input	15	850909	5070	1
S6012591	52	Port Input	14	850909	5070	1
S6012591	52	Port Input	15	850909	5070	1
S6012591	52	Port Input	14	850909	5070	1
S6012591	52	Port Input	15	850910	5071	1
S6012591	52	Port Input	14	850910	5071	1
S6012591	52	Port Input	15	850911	5071	1
S6012591	52	Port Input	14	850911	5071	1
S6012591	52	Port Input	15	850911	5072	1
S6012591	52	Port Input	14	850911	5072	1
S6012591	52	Port Input	15	850911	5072	1
S6012591	52	Port Input	14	863694	17854	1
S6012591	52	Response	22	863694	17854	1
S6012591	52	Port Input	15	863694	17854	1
S6012591	52	Port Input	14	863694	17855	1
S6012591	53	Picture	20	863756	0	1	16805	1	0	next	hit	554
S6012591	53	Port Input	15	868434	4679	1
S6012591	53	Port Input	14	880506	16751	1
S6012591	53	Response	22	880506	16751	1
S6012591	54	Picture	20	880561	0	1	16527	1	0	next	hit	560
S6012591	54	Port Input	15	885219	4659	1
S6012591	54	Port Input	14	885219	4659	1
S6012591	54	Port Input	15	885219	4659	1
S6012591	54	Port Input	14	897077	16516	1
S6012591	54	Response	22	897077	16516	1
S6012591	55	Picture	20	897088	0	1	17499	1	0	next	hit	566
S6012591	55	Port Input	15	901848	4760	1
S6012591	55	Port Input	14	901848	4760	1
S6012591	55	Port Input	15	901848	4760	1
S6012591	55	Port Input	14	914518	17431	1
S6012591	55	Response	22	914518	17431	1
S6012591	56	Picture	20	914587	0	1	18333	1	0	next	hit	570
S6012591	56	Port Input	15	919087	4500	1
S6012591	56	Port Input	14	932866	18279	1
S6012591	56	Response	22	932866	18279	1
S6012591	57	Picture	20	932920	0	1	19513	1	0	next	hit	574
S6012591	57	Port Input	15	937824	4904	1
S6012591	57	Port Input	14	952397	19477	1
S6012591	57	Response	22	952397	19477	1
S6012591	58	Picture	20	952433	0	1	17500	1	0	next	hit	578
S6012591	58	Port Input	15	956929	4495	1
S6012591	58	Port Input	14	969904	17471	1
S6012591	58	Response	22	969904	17471	1
S6012591	59	Picture	20	969933	0	1	17083	1	0	next	hit	582
S6012591	59	Port Input	15	974673	4740	1
S6012591	59	Port Input	14	986949	17017	1
S6012591	59	Response	22	986949	17017	1
S6012591	60	Picture	20	987016	0	1	16597	1	0	next	hit	586
S6012591	60	Port Input	15	992086	5070	1
S6012591	60	Port Input	14	1003561	16545	1
S6012591	60	Response	22	1003561	16545	1
S6012591	60	Port Input	15	1003561	16545	1
S6012591	60	Port Input	14	1003561	16545	1
S6012591	61	Picture	20	1003612	0	1	17638	1	0	next	hit	594
S6012591	61	Port Input	15	1008198	4586	1
S6012591	61	Port Input	14	1008198	4586	1
S6012591	61	Port Input	15	1008198	4586	1
S6012591	61	Port Input	14	1021199	17586	1
S6012591	61	Response	22	1021199	17586	1
S6012591	62	Picture	20	1021251	0	1	16875	1	0	next	hit	612
S6012591	62	Port Input	15	1025845	4595	1
S6012591	62	Port Input	14	1025845	4595	1
S6012591	62	Port Input	15	1025846	4595	1
S6012591	62	Port Input	14	1025846	4595	1
S6012591	62	Port Input	15	1025846	4595	1
S6012591	62	Port Input	14	1025846	4595	1
S6012591	62	Port Input	15	1025846	4595	1
S6012591	62	Port Input	14	1025846	4595	1
S6012591	62	Port Input	15	1025846	4595	1
S6012591	62	Port Input	14	1025846	4595	1
S6012591	62	Port Input	15	1025846	4595	1
S6012591	62	Port Input	14	1025846	4595	1
S6012591	62	Port Input	15	1025846	4596	1
S6012591	62	Port Input	14	1025846	4596	1
S6012591	62	Port Input	15	1025846	4596	1
S6012591	62	Port Input	14	1038102	16851	1
S6012591	62	Response	22	1038102	16851	1
S6012591	62	Port Input	15	1038102	16851	1
S6012591	62	Port Input	14	1038102	16851	1
S6012591	63	Picture	20	1038125	0	1	16458	1	0	next	hit	636
S6012591	63	Port Input	15	1042553	4428	1
S6012591	63	Port Input	14	1042553	4428	1
S6012591	63	Port Input	15	1042554	4429	1
S6012591	63	Port Input	14	1042554	4429	1
S6012591	63	Port Input	15	1042554	4429	1
S6012591	63	Port Input	14	1042554	4429	1
S6012591	63	Port Input	15	1042555	4429	1
S6012591	63	Port Input	14	1042555	4429	1
S6012591	63	Port Input	15	1042555	4430	1
S6012591	63	Port Input	14	1042555	4430	1
S6012591	63	Port Input	15	1042556	4430	1
S6012591	63	Port Input	14	1042556	4430	1
S6012591	63	Port Input	15	1042556	4431	1
S6012591	63	Port Input	14	1042556	4431	1
S6012591	63	Port Input	15	1042556	4431	1
S6012591	63	Port Input	14	1042557	4432	1
S6012591	63	Port Input	15	1042557	4432	1
S6012591	63	Port Input	14	1042557	4432	1
S6012591	63	Port Input	15	1042557	4432	1
S6012591	63	Port Input	14	1054538	16412	1
S6012591	63	Response	22	1054538	16412	1
S6012591	64	Picture	20	1054583	0	1	17708	1	0	next	hit	640
S6012591	64	Port Input	15	1058948	4365	1
S6012591	64	Port Input	14	1072270	17687	1
S6012591	64	Response	22	1072270	17687	1
S6012591	65	Picture	20	1072291	0	1	16388	1	0	next	hit	646
S6012591	65	Port Input	15	1076274	3983	1
S6012591	65	Port Input	14	1076274	3983	1
S6012591	65	Port Input	15	1076274	3983	1
S6012591	65	Port Input	14	1088650	16359	1
S6012591	65	Response	22	1088650	16359	1
S6012591	65	Port Input	15	1088651	16360	1
S6012591	65	Port Input	14	1088651	16360	1
S6012591	66	Picture	20	1088679	0	1	18611	1	0	next	hit	652
S6012591	66	Port Input	15	1093720	5041	1
S6012591	66	Port Input	14	1107228	18549	1
S6012591	66	Response	22	1107228	18549	1
S6012591	67	Picture	20	1107290	0	1	17500	1	0	next	hit	656
S6012591	67	Port Input	15	1111424	4134	1
S6012591	67	Port Input	14	1124719	17430	1
S6012591	67	Response	22	1124719	17430	1
S6012591	68	Picture	20	1124789	0	1	17222	1	0	next	hit	662
S6012591	68	Port Input	15	1129142	4353	1
S6012591	68	Port Input	14	1129142	4353	1
S6012591	68	Port Input	15	1129142	4353	1
S6012591	68	Port Input	14	1141969	17180	1
S6012591	68	Response	22	1141969	17180	1
S6012591	68	Port Input	15	1141970	17181	1
S6012591	68	Port Input	14	1141971	17181	6
S6012591	69	Picture	20	1142011	0	1	18263	1	0	next	hit	668
S6012591	69	Port Input	15	1146413	4402	1
S6012591	69	Port Input	14	1160238	18227	1
S6012591	69	Response	22	1160238	18227	1
S6012591	70	Picture	20	1160274	0	1	17569	1	0	next	hit	672
S6012591	70	Port Input	15	1164330	4055	1
S6012591	70	Port Input	14	1177773	17499	1
S6012591	70	Response	22	1177773	17499	1
S6012591	71	Picture	20	1177843	0	1	18958	1	0	next	hit	682
S6012591	71	Port Input	15	1182332	4489	1
S6012591	71	Port Input	14	1182332	4489	1
S6012591	71	Port Input	15	1182334	4490	1
S6012591	71	Port Input	14	1182334	4490	1
S6012591	71	Port Input	15	1182334	4491	1
S6012591	71	Port Input	14	1182334	4491	1
S6012591	71	Port Input	15	1182334	4491	1
S6012591	71	Port Input	14	1196746	18903	1
S6012591	71	Response	22	1196746	18903	1
S6012591	72	Picture	20	1196801	0	1	17083	1	0	next	hit	688
S6012591	72	Port Input	15	1201145	4344	1
S6012591	72	Port Input	14	1201146	4345	1
S6012591	72	Port Input	15	1201146	4345	1
S6012591	72	Port Input	14	1213860	17059	1
S6012591	72	Response	22	1213860	17059	1
S6012591	73	Picture	20	1213884	0	1	18819	1	0	next	hit	692
S6012591	73	Port Input	15	1218401	4517	1
S6012591	73	Port Input	14	1232695	18811	1
S6012591	73	Response	22	1232695	18811	1
S6012591	74	Picture	20	1232703	0	1	16736	1	0	next	hit	696
S6012591	74	Port Input	15	1236642	3939	1
S6012591	74	Port Input	14	1249426	16723	1
S6012591	74	Response	22	1249426	16723	1
S6012591	75	Picture	20	1249438	0	1	16388	1	0	next	hit	700
S6012591	75	Port Input	15	1253544	4106	1
S6012591	75	Port Input	14	1265793	16354	1
S6012591	75	Response	22	1265793	16354	1
S6012591	76	Picture	20	1265827	0	1	18402	1	0	next	hit	704
S6012591	76	Port Input	15	1270451	4624	1
S6012591	76	Port Input	14	1284191	18365	1
S6012591	76	Response	22	1284191	18365	1
S6012591	77	Picture	20	1284229	0	1	17847	1	0	next	hit	708
S6012591	77	Port Input	15	1288711	4482	1
S6012591	77	Port Input	14	1302038	17809	1
S6012591	77	Response	22	1302038	17809	1
S6012591	78	Picture	20	1302076	0	1	18958	1	0	next	hit	714
S6012591	78	Port Input	15	1306585	4509	1
S6012591	78	Port Input	14	1306585	4509	1
S6012591	78	Port Input	15	1306585	4510	1
S6012591	78	Port Input	14	1321001	18926	1
S6012591	78	Response	22	1321001	18926	1
S6012591	79	Picture	20	1321033	0	1	19791	1	0	next	hit	718
S6012591	79	Port Input	15	1325599	4566	1
S6012591	79	Port Input	14	1340800	19766	1
S6012591	79	Response	22	1340800	19766	1
S6012591	80	Picture	20	1340824	0	1	18333	1	0	next	hit	722
S6012591	80	Port Input	15	1345215	4391	1
S6012591	80	Port Input	14	1359092	18267	1
S6012591	80	Response	22	1359092	18267	1
S6012591	81	Picture	20	1359157	0	1	18124	1	0	next	hit	726
S6012591	81	Port Input	15	1363726	4568	1
S6012591	81	Port Input	14	1377221	18064	1
S6012591	81	Response	22	1377221	18064	1
S6012591	81	Port Input	15	1377222	18064	1
S6012591	81	Port Input	14	1377222	18064	1
S6012591	82	Picture	20	1377282	0	1	18958	1	0	next	hit	734
S6012591	82	Port Input	15	1381867	4586	1
S6012591	82	Port Input	14	1381867	4586	1
S6012591	82	Port Input	15	1381867	4586	1
S6012591	82	Port Input	14	1396163	18882	1
S6012591	82	Response	22	1396163	18882	1
S6012591	83	Picture	20	1396239	0	1	19166	1	0	next	hit	738
S6012591	83	Port Input	15	1400735	4495	1
S6012591	83	Port Input	14	1415351	19111	1
S6012591	83	Response	22	1415351	19111	1
S6012591	84	Picture	20	1415406	0	1	19583	1	0	next	hit	746
S6012591	84	Port Input	15	1419957	4551	1
S6012591	84	Port Input	14	1419957	4551	1
S6012591	84	Port Input	15	1419957	4551	1
S6012591	84	Port Input	14	1419957	4551	1
S6012591	84	Port Input	15	1419957	4551	1
S6012591	84	Port Input	14	1434929	19524	1
S6012591	84	Response	22	1434929	19524	1
S6012591	85	Picture	20	1434988	0	1	20902	1	0	next	hit	752
S6012591	85	Port Input	15	1439656	4668	1
S6012591	85	Port Input	14	1439656	4668	1
S6012591	85	Port Input	15	1439656	4668	1
S6012591	85	Port Input	14	1455835	20847	1
S6012591	85	Response	22	1455835	20847	1
S6012591	86	Picture	20	1455890	0	1	18680	1	0	next	hit	756
S6012591	86	Port Input	15	1460030	4139	1
S6012591	86	Port Input	14	1474548	18657	1
S6012591	86	Response	22	1474548	18657	1
S6012591	86	Port Input	15	1474548	18658	1
S6012591	86	Port Input	14	1474550	18659	5
S6012591	87	Picture	20	1474570	0	1	20902	1	0	next	hit	762
S6012591	87	Port Input	15	1479290	4719	1
S6012591	87	Port Input	14	1495431	20861	1
S6012591	87	Response	22	1495431	20861	1
S6012591	88	Picture	20	1495472	0	1	20555	1	0	next	hit	770
S6012591	88	Port Input	15	1500558	5086	1
S6012591	88	Port Input	14	1500558	5086	1
S6012591	88	Port Input	15	1500559	5086	1
S6012591	88	Port Input	14	1500559	5086	1
S6012591	88	Port Input	15	1500560	5087	1
S6012591	88	Port Input	14	1515970	20497	1
S6012591	88	Response	22	1515970	20497	1
S6012591	89	Picture	20	1516028	0	1	17986	1	0	next	hit	778
S6012591	89	Port Input	15	1520345	4318	1
S6012591	89	Port Input	14	1520345	4318	1
S6012591	89	Port Input	15	1520346	4318	1
S6012591	89	Port Input	14	1520346	4319	1
S6012591	89	Port Input	15	1520347	4319	1
S6012591	89	Port Input	14	1533939	17912	1
S6012591	89	Response	22	1533939	17912	1
S6012591	90	Picture	20	1534013	0	1	19513	1	0	next	hit	782
S6012591	90	Port Input	15	1538328	4315	1
S6012591	90	Port Input	14	1553502	19489	1
S6012591	90	Response	22	1553502	19489	1
S6012591	91	Picture	20	1553526	0	1	19305	1	0	next	hit	788
S6012591	91	Port Input	15	1557720	4194	1
S6012591	91	Port Input	14	1557720	4194	1
S6012591	91	Port Input	15	1557721	4194	1
S6012591	91	Port Input	14	1572824	19298	1
S6012591	91	Response	22	1572824	19298	1
S6012591	92	Picture	20	1572831	0	1	20208	1	0	next	hit	794
S6012591	92	Port Input	15	1576934	4102	1
S6012591	92	Port Input	14	1576934	4102	1
S6012591	92	Port Input	15	1576934	4103	1
S6012591	92	Port Input	14	1592969	20137	1
S6012591	92	Response	22	1592969	20137	1
S6012591	92	Port Input	15	1592969	20138	1
S6012591	92	Port Input	14	1592969	20138	1
S6012591	93	Picture	20	1593039	0	1	19374	1	0	next	hit	826
S6012591	93	Port Input	15	1596869	3830	1
S6012591	93	Port Input	14	1596869	3830	1
S6012591	93	Port Input	15	1596870	3831	1
S6012591	93	Port Input	14	1596870	3831	1
S6012591	93	Port Input	15	1596873	3834	1
S6012591	93	Port Input	14	1596873	3834	1
S6012591	93	Port Input	15	1596875	3836	1
S6012591	93	Port Input	14	1596875	3836	1
S6012591	93	Port Input	15	1596876	3837	1
S6012591	93	Port Input	14	1596876	3837	1
S6012591	93	Port Input	15	1596876	3837	1
S6012591	93	Port Input	14	1596876	3837	1
S6012591	93	Port Input	15	1596877	3838	1
S6012591	93	Port Input	14	1596877	3838	1
S6012591	93	Port Input	15	1596878	3839	1
S6012591	93	Port Input	14	1596878	3839	1
S6012591	93	Port Input	15	1596878	3839	1
S6012591	93	Port Input	14	1596878	3839	1
S6012591	93	Port Input	15	1596878	3839	1
S6012591	93	Port Input	14	1596878	3839	1
S6012591	93	Port Input	15	1596878	3839	1
S6012591	93	Port Input	14	1596878	3839	1
S6012591	93	Port Input	15	1596880	3841	1
S6012591	93	Port Input	14	1596880	3841	1
S6012591	93	Port Input	15	1596880	3841	1
S6012591	93	Port Input	14	1596880	3841	1
S6012591	93	Port Input	15	1596880	3841	1
S6012591	93	Port Input	14	1612340	19301	1
S6012591	93	Response	22	1612340	19301	1
S6012591	94	Picture	20	1612413	0	1	19583	1	0	next	hit	830
S6012591	94	Port Input	15	1616773	4360	1
S6012591	94	Port Input	14	1631928	19515	1
S6012591	94	Response	22	1631928	19515	1
S6012591	95	Picture	20	1631996	0	1	20555	1	0	next	hit	836
S6012591	95	Port Input	15	1636037	4041	1
S6012591	95	Port Input	14	1636037	4041	1
S6012591	95	Port Input	15	1636038	4041	1
S6012591	95	Port Input	14	1652510	20513	1
S6012591	95	Response	22	1652510	20513	1
S6012591	96	Picture	20	1652551	0	1	21874	1	0	next	hit	840
S6012591	96	Port Input	15	1656607	4056	1
S6012591	96	Port Input	14	1674395	21844	1
S6012591	96	Response	22	1674395	21844	1
S6012591	96	Port Input	15	1674406	21855	1
S6012591	96	Port Input	14	1674406	21855	1
S6012591	96	Port Input	15	1674406	21855	1
S6012591	96	Port Input	14	1674406	21855	1
S6012591	97	Picture	20	1674425	0	1	19722	1	0	next	hit	852
S6012591	97	Port Input	15	1678525	4099	1
S6012591	97	Port Input	14	1678525	4099	1
S6012591	97	Port Input	15	1678525	4100	1
S6012591	97	Port Input	14	1678525	4100	1
S6012591	97	Port Input	15	1678525	4100	1
S6012591	97	Port Input	14	1694083	19658	1
S6012591	97	Response	22	1694083	19658	1
S6012591	98	Picture	20	1694147	0	1	18749	1	0	next	hit	856
S6012591	98	Port Input	15	1698474	4327	1
S6012591	98	Port Input	14	1712828	18680	1
S6012591	98	Response	22	1712828	18680	1
S6012591	99	Picture	20	1712897	0	1	18888	1	0	next	hit	860
S6012591	99	Port Input	15	1717083	4187	1
S6012591	99	Port Input	14	1731742	18845	1
S6012591	99	Response	22	1731742	18845	1
S6012591	99	Port Input	15	1731742	18846	1
S6012591	99	Port Input	14	1731750	18854	1
S6012591	99	Port Input	15	1731751	18855	1
S6012591	99	Port Input	14	1731751	18855	1
S6012591	100	Picture	20	1731785	0	1	19583	1	0	next	hit	872
S6012591	100	Port Input	15	1736000	4215	1
S6012591	100	Port Input	14	1736000	4215	1
S6012591	100	Port Input	15	1736000	4215	1
S6012591	100	Port Input	14	1736000	4215	1
S6012591	100	Port Input	15	1736000	4216	1
S6012591	100	Port Input	14	1751356	19571	1
S6012591	100	Response	22	1751356	19571	1
S6012591	101	Picture	20	1751368	0	1	18194	1	0	next	hit	876
S6012591	101	Port Input	15	1755266	3899	1
S6012591	101	Port Input	14	1769515	18147	1
S6012591	101	Response	22	1769515	18147	1
S6012591	102	Picture	20	1769561	0	1	19027	1	0	next	hit	880
S6012591	102	Port Input	15	1773705	4143	1
S6012591	102	Port Input	14	1788055	18493	1
S6012591	102	Response	22	1788055	18493	1
S6012591	102	Port Input	15	1788055	18493	1
S6012591	102	Port Input	14	1788055	18494	2
S6012591	103	Port Input	15	1791554	3465	1
S6012591	103	Port Input	14	1791554	3465	1
S6012591	103	Port Input	15	1791554	3465	1
S6012591	103	Port Input	14	1791554	3466	1
S6012591	103	Port Input	15	1791554	3466	1
