Scenario - Push Button + tone (0ms)
Logfile written - 07/06/2023 12:28:06

Subject	Trial	Event Type	Code	Time	TTime	Uncertainty	Duration	Uncertainty	ReqTime	ReqDur	Stim Type	Pair Index

S6015425	1	Picture	start	69	0	1	40554	1	0	next	other	0
S6015425	3	Nothing	nothing	45124	0	0			0		hit	4
S6015425	3	Port Input	14	55921	10797	1
S6015425	3	Response	222	55921	10797	1
S6015425	4	Sound	20	55930	0	270			0		hit	12
S6015425	4	Port Input	15	59176	3246	1
S6015425	4	Port Input	14	59176	3246	1
S6015425	4	Port Input	15	59176	3247	1
S6015425	4	Port Input	14	59176	3247	1
S6015425	4	Port Input	15	59177	3247	1
S6015425	4	Port Input	14	76991	21061	1
S6015425	4	Response	222	76991	21061	1
S6015425	5	Sound	20	76992	0	4			0		hit	20
S6015425	5	Port Input	15	79556	2565	1
S6015425	5	Port Input	14	79556	2565	1
S6015425	5	Port Input	15	79557	2565	1
S6015425	5	Port Input	14	79557	2565	1
S6015425	5	Port Input	15	79557	2565	1
S6015425	5	Port Input	14	99016	22025	1
S6015425	5	Response	222	99016	22025	1
S6015425	6	Sound	20	99017	0	4			0		hit	24
S6015425	6	Port Input	15	101655	2638	1
S6015425	6	Port Input	14	119360	20343	1
S6015425	6	Response	222	119360	20343	1
S6015425	7	Sound	20	119361	0	4			0		hit	28
S6015425	7	Port Input	15	122031	2670	1
S6015425	7	Port Input	14	141386	22025	1
S6015425	7	Response	222	141386	22025	1
S6015425	7	Port Input	15	141386	22025	1
S6015425	7	Port Input	14	141386	22025	1
S6015425	8	Sound	20	141387	0	4			0		hit	34
S6015425	8	Port Input	15	143936	2549	1
S6015425	8	Port Input	14	162345	20958	1
S6015425	8	Response	222	162345	20958	1
S6015425	9	Sound	20	162345	0	5			0		hit	38
S6015425	9	Port Input	15	164883	2537	1
S6015425	9	Port Input	14	183125	20780	1
S6015425	9	Response	222	183125	20780	1
S6015425	10	Sound	20	183126	0	4			0		hit	42
S6015425	10	Port Input	15	185809	2683	1
S6015425	10	Port Input	14	204663	21537	1
S6015425	10	Response	222	204663	21537	1
S6015425	11	Sound	20	204664	0	5			0		hit	48
S6015425	11	Port Input	15	207114	2450	1
S6015425	11	Port Input	14	207114	2450	1
S6015425	11	Port Input	15	207114	2450	1
S6015425	11	Port Input	14	226448	21785	1
S6015425	11	Response	222	226448	21785	1
S6015425	12	Sound	20	226449	0	5			0		hit	58
S6015425	12	Port Input	15	228994	2545	1
S6015425	12	Port Input	14	228995	2545	1
S6015425	12	Port Input	15	228997	2548	1
S6015425	12	Port Input	14	228997	2548	1
S6015425	12	Port Input	15	228998	2548	1
S6015425	12	Port Input	14	228998	2548	1
S6015425	12	Port Input	15	228998	2549	1
S6015425	12	Port Input	14	247891	21442	1
S6015425	12	Response	222	247891	21442	1
S6015425	12	Port Input	15	247892	21443	5
S6015425	13	Sound	20	247892	0	5			0		hit	66
S6015425	13	Port Input	14	247906	15	1
S6015425	13	Port Input	15	250707	2815	1
S6015425	13	Port Input	14	250707	2815	1
S6015425	13	Port Input	15	250708	2817	1
S6015425	13	Port Input	14	267896	20004	1
S6015425	13	Response	222	267896	20004	1
S6015425	14	Sound	20	267896	0	5			0		hit	72
S6015425	14	Port Input	15	267912	15	1
S6015425	14	Port Input	14	267912	15	1
S6015425	14	Port Input	15	270350	2453	1
S6015425	14	Port Input	14	288611	20715	1
S6015425	14	Response	222	288611	20715	1
S6015425	15	Sound	20	288612	0	5			0		hit	76
S6015425	15	Port Input	15	291096	2484	1
S6015425	15	Port Input	14	308223	19611	1
S6015425	15	Response	222	308223	19611	1
S6015425	15	Port Input	15	308223	19611	1
S6015425	15	Port Input	14	308224	19612	5
S6015425	16	Sound	20	308224	0	5			0		hit	82
S6015425	16	Port Input	15	310902	2678	1
S6015425	16	Port Input	14	327988	19764	1
S6015425	16	Response	222	327988	19764	1
S6015425	17	Sound	20	327989	0	5			0		hit	86
S6015425	17	Port Input	15	330808	2819	1
S6015425	17	Port Input	14	347411	19422	1
S6015425	17	Response	222	347411	19422	1
S6015425	18	Sound	20	347412	0	5			0		hit	98
S6015425	18	Port Input	15	349708	2297	1
S6015425	18	Port Input	14	349708	2297	1
S6015425	18	Port Input	15	349710	2299	1
S6015425	18	Port Input	14	349710	2299	1
S6015425	18	Port Input	15	349711	2299	1
S6015425	18	Port Input	14	349711	2299	1
S6015425	18	Port Input	15	349711	2300	1
S6015425	18	Port Input	14	349711	2300	1
S6015425	18	Port Input	15	349711	2300	1
S6015425	18	Port Input	14	366315	18903	1
S6015425	18	Response	222	366315	18903	1
S6015425	19	Sound	20	366316	0	5			0		hit	102
S6015425	19	Port Input	15	368765	2449	1
S6015425	19	Port Input	14	384342	18026	1
S6015425	19	Response	222	384342	18026	1
S6015425	20	Sound	20	384342	0	5			0		hit	112
S6015425	20	Port Input	15	386319	1976	1
S6015425	20	Port Input	14	386319	1976	1
S6015425	20	Port Input	15	386319	1977	1
S6015425	20	Port Input	14	386319	1977	1
S6015425	20	Port Input	15	386320	1977	1
S6015425	20	Port Input	14	386320	1978	1
S6015425	20	Port Input	15	386320	1978	1
S6015425	20	Port Input	14	402913	18570	1
S6015425	20	Response	222	402913	18570	1
S6015425	21	Sound	20	402913	0	5			0		hit	120
S6015425	21	Port Input	15	405303	2389	1
S6015425	21	Port Input	14	405303	2389	1
S6015425	21	Port Input	15	405303	2389	1
S6015425	21	Port Input	14	405303	2389	1
S6015425	21	Port Input	15	405303	2390	1
S6015425	21	Port Input	14	422956	20043	1
S6015425	21	Response	222	422956	20043	1
S6015425	22	Sound	20	422957	0	5			0		hit	124
S6015425	22	Port Input	15	425171	2214	1
S6015425	22	Port Input	14	442607	19650	1
S6015425	22	Response	222	442607	19650	1
S6015425	23	Sound	20	442608	0	5			0		hit	132
S6015425	23	Port Input	15	445043	2435	1
S6015425	23	Port Input	14	445044	2436	1
S6015425	23	Port Input	15	445044	2436	1
S6015425	23	Port Input	14	445044	2436	1
S6015425	23	Port Input	15	445044	2436	1
S6015425	23	Port Input	14	462656	20048	1
S6015425	23	Response	222	462656	20048	1
S6015425	24	Sound	20	462656	0	5			0		hit	136
S6015425	24	Port Input	15	465038	2382	1
S6015425	24	Port Input	14	483163	20507	1
S6015425	24	Response	222	483163	20507	1
S6015425	25	Sound	20	483164	0	5			0		hit	144
S6015425	25	Port Input	15	485506	2342	1
S6015425	25	Port Input	14	485506	2342	1
S6015425	25	Port Input	15	485507	2343	1
S6015425	25	Port Input	14	485507	2343	1
S6015425	25	Port Input	15	485507	2343	1
S6015425	25	Port Input	14	502478	19314	1
S6015425	25	Response	222	502478	19314	1
S6015425	26	Sound	20	502479	0	5			0		hit	164
S6015425	26	Port Input	15	504982	2503	1
S6015425	26	Port Input	14	504982	2503	1
S6015425	26	Port Input	15	504982	2504	1
S6015425	26	Port Input	14	504982	2504	1
S6015425	26	Port Input	15	504982	2504	1
S6015425	26	Port Input	14	504982	2504	1
S6015425	26	Port Input	15	504983	2504	1
S6015425	26	Port Input	14	504983	2504	1
S6015425	26	Port Input	15	504984	2505	1
S6015425	26	Port Input	14	504984	2505	1
S6015425	26	Port Input	15	504984	2505	1
S6015425	26	Port Input	14	504984	2505	1
S6015425	26	Port Input	15	504984	2505	1
S6015425	26	Port Input	14	504984	2505	1
S6015425	26	Port Input	15	504984	2506	1
S6015425	26	Port Input	14	504985	2506	1
S6015425	26	Port Input	15	504985	2506	1
S6015425	26	Port Input	14	522140	19661	1
S6015425	26	Response	222	522140	19661	1
S6015425	27	Sound	20	522141	0	5			0		hit	176
S6015425	27	Port Input	15	522435	295	1
S6015425	27	Port Input	14	522435	295	1
S6015425	27	Port Input	15	522436	295	1
S6015425	27	Port Input	14	522436	295	1
S6015425	27	Port Input	15	522460	320	1
S6015425	27	Port Input	14	522460	320	1
S6015425	27	Port Input	15	524502	2361	1
S6015425	27	Port Input	14	524502	2361	1
S6015425	27	Port Input	15	524502	2361	1
S6015425	27	Port Input	14	541004	18863	1
S6015425	27	Response	222	541004	18863	1
S6015425	28	Sound	20	541005	0	5			0		hit	184
S6015425	28	Port Input	15	543618	2613	1
S6015425	28	Port Input	14	543618	2613	1
S6015425	28	Port Input	15	543618	2613	1
S6015425	28	Port Input	14	543618	2613	1
S6015425	28	Port Input	15	543618	2613	1
S6015425	28	Port Input	14	559521	18517	1
S6015425	28	Response	222	559521	18517	1
S6015425	29	Sound	20	559522	0	5			0		hit	194
S6015425	29	Port Input	15	562232	2710	1
S6015425	29	Port Input	14	562232	2710	1
S6015425	29	Port Input	15	562234	2712	1
S6015425	29	Port Input	14	562234	2712	1
S6015425	29	Port Input	15	562234	2712	1
S6015425	29	Port Input	14	562234	2712	1
S6015425	29	Port Input	15	562234	2712	1
S6015425	29	Port Input	14	580318	20796	1
S6015425	29	Response	222	580318	20796	1
S6015425	30	Sound	20	580319	0	5			0		hit	200
S6015425	30	Port Input	15	582798	2479	1
S6015425	30	Port Input	14	582798	2479	1
S6015425	30	Port Input	15	582799	2480	1
S6015425	30	Port Input	14	600988	20669	1
S6015425	30	Response	222	600988	20669	1
S6015425	31	Sound	20	600989	0	5			0		hit	212
S6015425	31	Port Input	15	603633	2644	1
S6015425	31	Port Input	14	603633	2644	1
S6015425	31	Port Input	15	603634	2645	1
S6015425	31	Port Input	14	603634	2645	1
S6015425	31	Port Input	15	603634	2645	1
S6015425	31	Port Input	14	603634	2645	1
S6015425	31	Port Input	15	603635	2646	1
S6015425	31	Port Input	14	603635	2646	1
S6015425	31	Port Input	15	603635	2646	1
S6015425	31	Port Input	14	621171	20182	1
S6015425	31	Response	222	621171	20182	1
S6015425	31	Port Input	15	621171	20182	1
S6015425	31	Port Input	14	621171	20182	1
S6015425	31	Port Input	15	621171	20182	1
S6015425	31	Port Input	14	621172	20183	5
S6015425	32	Sound	20	621172	0	5			0		hit	234
S6015425	32	Port Input	15	621181	9	1
S6015425	32	Port Input	14	621181	9	1
S6015425	32	Port Input	15	623634	2462	1
S6015425	32	Port Input	14	623634	2462	1
S6015425	32	Port Input	15	623636	2464	1
S6015425	32	Port Input	14	623636	2464	1
S6015425	32	Port Input	15	623638	2466	1
S6015425	32	Port Input	14	623638	2466	1
S6015425	32	Port Input	15	623638	2467	1
S6015425	32	Port Input	14	623638	2467	1
S6015425	32	Port Input	15	623638	2467	1
S6015425	32	Port Input	14	623639	2467	1
S6015425	32	Port Input	15	623639	2467	1
S6015425	32	Port Input	14	623639	2467	1
S6015425	32	Port Input	15	623639	2468	1
S6015425	32	Port Input	14	641394	20222	1
S6015425	32	Response	222	641394	20222	1
S6015425	33	Sound	20	641394	0	5			0		hit	254
S6015425	33	Port Input	15	644362	2967	1
S6015425	33	Port Input	14	644362	2967	1
S6015425	33	Port Input	15	644364	2969	1
S6015425	33	Port Input	14	644364	2969	1
S6015425	33	Port Input	15	644364	2970	1
S6015425	33	Port Input	14	644364	2970	1
S6015425	33	Port Input	15	644365	2970	1
S6015425	33	Port Input	14	644365	2970	1
S6015425	33	Port Input	15	644365	2971	1
S6015425	33	Port Input	14	644365	2971	1
S6015425	33	Port Input	15	644368	2973	1
S6015425	33	Port Input	14	644368	2973	1
S6015425	33	Port Input	15	644368	2974	1
S6015425	33	Port Input	14	644368	2974	1
S6015425	33	Port Input	15	644368	2974	1
S6015425	33	Port Input	14	644368	2974	1
S6015425	33	Port Input	15	644369	2974	1
S6015425	33	Port Input	14	663024	21630	1
S6015425	33	Response	222	663024	21630	1
S6015425	33	Port Input	15	663024	21630	1
S6015425	33	Port Input	14	663025	21630	5
S6015425	34	Sound	20	663025	0	5			0		hit	266
S6015425	34	Port Input	15	663029	4	1
S6015425	34	Port Input	14	663029	4	1
S6015425	34	Port Input	15	665412	2387	1
S6015425	34	Port Input	14	665412	2387	1
S6015425	34	Port Input	15	665412	2388	1
S6015425	34	Port Input	14	665412	2388	1
S6015425	34	Port Input	15	665413	2388	1
S6015425	34	Port Input	14	682382	19357	1
S6015425	34	Response	222	682382	19357	1
S6015425	34	Port Input	15	682382	19357	1
S6015425	34	Port Input	14	682382	19357	1
S6015425	35	Sound	20	682383	0	5			0		hit	276
S6015425	35	Port Input	15	684864	2482	1
S6015425	35	Port Input	14	684864	2482	1
S6015425	35	Port Input	15	684865	2482	1
S6015425	35	Port Input	14	684865	2482	1
S6015425	35	Port Input	15	684865	2483	1
S6015425	35	Port Input	14	702104	19721	1
S6015425	35	Response	222	702104	19721	1
S6015425	36	Sound	20	702105	0	5			0		hit	280
S6015425	36	Port Input	15	704266	2162	1
S6015425	36	Port Input	14	722222	20117	1
S6015425	36	Response	222	722222	20117	1
S6015425	37	Sound	20	722223	0	5			0		hit	286
S6015425	37	Port Input	15	724774	2551	1
S6015425	37	Port Input	14	724774	2551	1
S6015425	37	Port Input	15	724774	2552	1
S6015425	37	Port Input	14	744207	21985	1
S6015425	37	Response	222	744207	21985	1
S6015425	38	Sound	20	744208	0	5			0		hit	306
S6015425	38	Port Input	15	746433	2225	1
S6015425	38	Port Input	14	746433	2225	1
S6015425	38	Port Input	15	746434	2226	1
S6015425	38	Port Input	14	746434	2226	1
S6015425	38	Port Input	15	746435	2227	1
S6015425	38	Port Input	14	746435	2227	1
S6015425	38	Port Input	15	746436	2228	1
S6015425	38	Port Input	14	746436	2228	1
S6015425	38	Port Input	15	746436	2228	1
S6015425	38	Port Input	14	746436	2228	1
S6015425	38	Port Input	15	746436	2229	1
S6015425	38	Port Input	14	746437	2229	1
S6015425	38	Port Input	15	746437	2229	1
S6015425	38	Port Input	14	746437	2229	1
S6015425	38	Port Input	15	746437	2229	1
S6015425	38	Port Input	14	746437	2229	1
S6015425	38	Port Input	15	746438	2230	1
S6015425	38	Port Input	14	765530	21322	1
S6015425	38	Response	222	765530	21322	1
S6015425	38	Port Input	15	765530	21322	1
S6015425	39	Sound	20	765530	0	5			0		hit	420
S6015425	39	Port Input	14	765544	14	1
S6015425	39	Port Input	15	765545	14	1
S6015425	39	Port Input	14	765545	14	1
S6015425	39	Port Input	15	765545	15	1
S6015425	39	Port Input	14	765545	15	1
S6015425	39	Port Input	15	765545	15	1
S6015425	39	Port Input	14	765546	15	1
S6015425	39	Port Input	15	765546	16	1
S6015425	39	Port Input	14	765546	16	1
S6015425	39	Port Input	15	765547	17	1
S6015425	39	Port Input	14	765547	17	1
S6015425	39	Port Input	15	765548	17	1
S6015425	39	Port Input	14	765548	17	1
S6015425	39	Port Input	15	765548	18	1
S6015425	39	Port Input	14	765548	18	1
S6015425	39	Port Input	15	765549	18	1
S6015425	39	Port Input	14	765549	18	1
S6015425	39	Port Input	15	765549	18	1
S6015425	39	Port Input	14	765549	19	1
S6015425	39	Port Input	15	765550	19	1
S6015425	39	Port Input	14	765550	20	1
S6015425	39	Port Input	15	765550	20	1
S6015425	39	Port Input	14	765550	20	1
S6015425	39	Port Input	15	765550	20	1
S6015425	39	Port Input	14	765551	20	1
S6015425	39	Port Input	15	765551	20	1
S6015425	39	Port Input	14	765551	20	1
S6015425	39	Port Input	15	765551	20	1
S6015425	39	Port Input	14	765551	21	1
S6015425	39	Port Input	15	765552	21	1
S6015425	39	Port Input	14	765552	22	1
S6015425	39	Port Input	15	765552	22	1
S6015425	39	Port Input	14	765552	22	1
S6015425	39	Port Input	15	765552	22	1
S6015425	39	Port Input	14	765552	22	1
S6015425	39	Port Input	15	765553	23	1
S6015425	39	Port Input	14	765553	23	1
S6015425	39	Port Input	15	765553	23	1
S6015425	39	Port Input	14	765553	23	1
S6015425	39	Port Input	15	765554	24	1
S6015425	39	Port Input	14	765554	24	1
S6015425	39	Port Input	15	765555	24	1
S6015425	39	Port Input	14	765555	24	1
S6015425	39	Port Input	15	765555	25	1
S6015425	39	Port Input	14	765556	25	1
S6015425	39	Port Input	15	765556	26	1
S6015425	39	Port Input	14	765556	26	1
S6015425	39	Port Input	15	765563	32	1
S6015425	39	Port Input	14	765563	32	1
S6015425	39	Port Input	15	765565	35	1
S6015425	39	Port Input	14	765565	35	1
S6015425	39	Port Input	15	765565	35	1
S6015425	39	Port Input	14	765565	35	1
S6015425	39	Port Input	15	765566	35	1
S6015425	39	Port Input	14	765566	35	1
S6015425	39	Port Input	15	765567	37	1
S6015425	39	Port Input	14	765567	37	1
S6015425	39	Port Input	15	765569	38	1
S6015425	39	Port Input	14	765569	38	1
S6015425	39	Port Input	15	765569	38	1
S6015425	39	Port Input	14	765569	38	1
S6015425	39	Port Input	15	765569	39	1
S6015425	39	Port Input	14	765569	39	1
S6015425	39	Port Input	15	765569	39	1
S6015425	39	Port Input	14	765569	39	1
S6015425	39	Port Input	15	765569	39	1
S6015425	39	Port Input	14	765569	39	1
S6015425	39	Port Input	15	765570	40	1
S6015425	39	Port Input	14	765570	40	1
S6015425	39	Port Input	15	765570	40	1
S6015425	39	Port Input	14	765570	40	1
S6015425	39	Port Input	15	765572	41	1
S6015425	39	Port Input	14	765572	41	1
S6015425	39	Port Input	15	765579	49	1
S6015425	39	Port Input	14	765579	49	1
S6015425	39	Port Input	15	765579	49	1
S6015425	39	Port Input	14	765579	49	1
S6015425	39	Port Input	15	765582	51	1
S6015425	39	Port Input	14	765582	51	1
S6015425	39	Port Input	15	765583	52	1
S6015425	39	Port Input	14	765583	52	1
S6015425	39	Port Input	15	765583	53	1
S6015425	39	Port Input	14	765583	53	1
S6015425	39	Port Input	15	765583	53	1
S6015425	39	Port Input	14	765583	53	1
S6015425	39	Port Input	15	765584	54	1
S6015425	39	Port Input	14	765584	54	1
S6015425	39	Port Input	15	765586	56	1
S6015425	39	Port Input	14	765586	56	1
S6015425	39	Port Input	15	765589	59	1
S6015425	39	Port Input	14	765589	59	1
S6015425	39	Port Input	15	765590	59	1
S6015425	39	Port Input	14	765590	59	1
S6015425	39	Port Input	15	765592	62	1
S6015425	39	Port Input	14	765592	62	1
S6015425	39	Port Input	15	767910	2380	1
S6015425	39	Port Input	14	767910	2380	1
S6015425	39	Port Input	15	767911	2380	1
S6015425	39	Port Input	14	767911	2380	1
S6015425	39	Port Input	15	767912	2381	1
S6015425	39	Port Input	14	767912	2381	1
S6015425	39	Port Input	15	767912	2382	1
S6015425	39	Port Input	14	767912	2382	1
S6015425	39	Port Input	15	767912	2382	1
S6015425	39	Port Input	14	767912	2382	1
S6015425	39	Port Input	15	767913	2382	1
S6015425	39	Port Input	14	767913	2382	1
S6015425	39	Port Input	15	767913	2382	1
S6015425	39	Port Input	14	767913	2382	1
S6015425	39	Port Input	15	767913	2383	1
S6015425	39	Port Input	14	785159	19628	1
S6015425	39	Response	222	785159	19628	1
S6015425	40	Sound	20	785160	0	5			0		hit	436
S6015425	40	Port Input	15	787398	2239	1
S6015425	40	Port Input	14	787398	2239	1
S6015425	40	Port Input	15	787398	2239	1
S6015425	40	Port Input	14	787398	2239	1
S6015425	40	Port Input	15	787399	2239	1
S6015425	40	Port Input	14	787399	2239	1
S6015425	40	Port Input	15	787399	2239	1
S6015425	40	Port Input	14	787399	2240	1
S6015425	40	Port Input	15	787399	2240	1
S6015425	40	Port Input	14	787399	2240	1
S6015425	40	Port Input	15	787400	2240	1
S6015425	40	Port Input	14	787400	2240	1
S6015425	40	Port Input	15	787400	2241	1
S6015425	40	Port Input	14	803641	18482	1
S6015425	40	Response	222	803641	18482	1
S6015425	40	Port Input	15	803641	18482	1
S6015425	40	Port Input	14	803642	18482	5
S6015425	41	Sound	20	803642	0	5			0		hit	510
S6015425	41	Port Input	15	803647	5	1
S6015425	41	Port Input	14	803647	5	1
S6015425	41	Port Input	15	803648	6	1
S6015425	41	Port Input	14	803648	6	1
S6015425	41	Port Input	15	803648	6	1
S6015425	41	Port Input	14	803648	6	1
S6015425	41	Port Input	15	803648	6	1
S6015425	41	Port Input	14	803648	6	1
S6015425	41	Port Input	15	803649	7	1
S6015425	41	Port Input	14	803649	7	1
S6015425	41	Port Input	15	803649	7	1
S6015425	41	Port Input	14	803649	7	1
S6015425	41	Port Input	15	803649	7	1
S6015425	41	Port Input	14	803649	7	1
S6015425	41	Port Input	15	803649	7	1
S6015425	41	Port Input	14	803650	8	1
S6015425	41	Port Input	15	803651	9	1
S6015425	41	Port Input	14	803652	9	1
S6015425	41	Port Input	15	803652	10	1
S6015425	41	Port Input	14	803652	10	1
S6015425	41	Port Input	15	803652	10	1
S6015425	41	Port Input	14	803652	10	1
S6015425	41	Port Input	15	803652	10	1
S6015425	41	Port Input	14	803652	10	1
S6015425	41	Port Input	15	803653	11	1
S6015425	41	Port Input	14	803653	11	1
S6015425	41	Port Input	15	803653	11	1
S6015425	41	Port Input	14	803653	11	1
S6015425	41	Port Input	15	803653	11	1
S6015425	41	Port Input	14	803653	11	1
S6015425	41	Port Input	15	803653	11	1
S6015425	41	Port Input	14	803653	11	1
S6015425	41	Port Input	15	803653	11	1
S6015425	41	Port Input	14	803653	11	1
S6015425	41	Port Input	15	803653	11	1
S6015425	41	Port Input	14	803653	11	1
S6015425	41	Port Input	15	803655	13	1
S6015425	41	Port Input	14	803655	13	1
S6015425	41	Port Input	15	803658	16	1
S6015425	41	Port Input	14	803658	16	1
S6015425	41	Port Input	15	803660	17	1
S6015425	41	Port Input	14	803660	18	1
S6015425	41	Port Input	15	803660	18	1
S6015425	41	Port Input	14	803660	18	1
S6015425	41	Port Input	15	803660	18	1
S6015425	41	Port Input	14	803660	18	1
S6015425	41	Port Input	15	803660	18	1
S6015425	41	Port Input	14	803660	18	1
S6015425	41	Port Input	15	803662	20	1
S6015425	41	Port Input	14	803662	20	1
S6015425	41	Port Input	15	803670	28	1
S6015425	41	Port Input	14	803670	28	1
S6015425	41	Port Input	15	803682	40	1
S6015425	41	Port Input	14	803682	40	1
S6015425	41	Port Input	15	803684	42	1
S6015425	41	Port Input	14	803684	42	1
S6015425	41	Port Input	15	806308	2666	1
S6015425	41	Port Input	14	806308	2666	1
S6015425	41	Port Input	15	806309	2667	1
S6015425	41	Port Input	14	806309	2667	1
S6015425	41	Port Input	15	806310	2668	1
S6015425	41	Port Input	14	806310	2668	1
S6015425	41	Port Input	15	806310	2668	1
S6015425	41	Port Input	14	806310	2668	1
S6015425	41	Port Input	15	806310	2668	1
S6015425	41	Port Input	14	806310	2668	1
S6015425	41	Port Input	15	806310	2668	1
S6015425	41	Port Input	14	806310	2668	1
S6015425	41	Port Input	15	806311	2669	1
S6015425	41	Port Input	14	823435	19793	1
S6015425	41	Response	222	823435	19793	1
S6015425	42	Sound	20	823436	0	5			0		hit	534
S6015425	42	Port Input	15	823440	5	1
S6015425	42	Port Input	14	823440	5	1
S6015425	42	Port Input	15	823441	5	1
S6015425	42	Port Input	14	823441	5	1
S6015425	42	Port Input	15	825722	2286	1
S6015425	42	Port Input	14	825722	2286	1
S6015425	42	Port Input	15	825722	2286	1
S6015425	42	Port Input	14	825722	2286	1
S6015425	42	Port Input	15	825722	2287	1
S6015425	42	Port Input	14	825722	2287	1
S6015425	42	Port Input	15	825723	2287	1
S6015425	42	Port Input	14	825723	2287	1
S6015425	42	Port Input	15	825723	2287	1
S6015425	42	Port Input	14	825723	2288	1
S6015425	42	Port Input	15	825723	2288	1
S6015425	42	Port Input	14	825723	2288	1
S6015425	42	Port Input	15	825724	2288	1
S6015425	42	Port Input	14	825724	2288	1
S6015425	42	Port Input	15	825724	2288	1
S6015425	42	Port Input	14	825724	2288	1
S6015425	42	Port Input	15	825724	2289	1
S6015425	42	Port Input	14	842545	19110	1
S6015425	42	Response	222	842545	19110	1
S6015425	43	Sound	20	842546	0	5			0		hit	544
S6015425	43	Port Input	15	844962	2416	1
S6015425	43	Port Input	14	844962	2416	1
S6015425	43	Port Input	15	844962	2416	1
S6015425	43	Port Input	14	844962	2416	1
S6015425	43	Port Input	15	844962	2416	1
S6015425	43	Port Input	14	844962	2416	1
S6015425	43	Port Input	15	844962	2416	1
S6015425	43	Port Input	14	862886	20340	1
S6015425	43	Response	222	862886	20340	1
S6015425	43	Port Input	15	862886	20340	1
S6015425	43	Port Input	14	862886	20340	1
S6015425	44	Sound	20	862887	0	5			0		hit	554
S6015425	44	Port Input	15	865378	2491	1
S6015425	44	Port Input	14	865378	2491	1
S6015425	44	Port Input	15	865379	2492	1
S6015425	44	Port Input	14	865379	2492	1
S6015425	44	Port Input	15	865380	2493	1
S6015425	44	Port Input	14	883598	20711	1
S6015425	44	Response	222	883598	20711	1
S6015425	45	Sound	20	883599	0	5			0		hit	560
S6015425	45	Port Input	15	885789	2191	1
S6015425	45	Port Input	14	885789	2191	1
S6015425	45	Port Input	15	885789	2191	1
S6015425	45	Port Input	14	903115	19516	1
S6015425	45	Response	222	903115	19516	1
S6015425	46	Sound	20	903115	0	5			0		hit	570
S6015425	46	Port Input	15	905441	2325	1
S6015425	46	Port Input	14	905441	2325	1
S6015425	46	Port Input	15	905441	2325	1
S6015425	46	Port Input	14	905441	2325	1
S6015425	46	Port Input	15	905441	2326	1
S6015425	46	Port Input	14	905441	2326	1
S6015425	46	Port Input	15	905442	2326	1
S6015425	46	Port Input	14	921989	18873	1
S6015425	46	Response	222	921989	18873	1
S6015425	47	Sound	20	921990	0	5			0		hit	574
S6015425	47	Port Input	15	924172	2182	1
S6015425	47	Port Input	14	940989	18999	1
S6015425	47	Response	222	940989	18999	1
S6015425	47	Port Input	15	940989	18999	1
S6015425	47	Port Input	14	940989	19000	1
S6015425	48	Sound	20	940990	0	5			0		hit	630
S6015425	48	Port Input	15	940994	5	1
S6015425	48	Port Input	14	940994	5	1
S6015425	48	Port Input	15	940994	5	1
S6015425	48	Port Input	14	940995	5	1
S6015425	48	Port Input	15	940995	5	1
S6015425	48	Port Input	14	940995	5	1
S6015425	48	Port Input	15	940995	5	1
S6015425	48	Port Input	14	940995	5	1
S6015425	48	Port Input	15	940995	5	1
S6015425	48	Port Input	14	940995	5	1
S6015425	48	Port Input	15	940995	6	1
S6015425	48	Port Input	14	940995	6	1
S6015425	48	Port Input	15	940996	6	1
S6015425	48	Port Input	14	940996	6	1
S6015425	48	Port Input	15	940996	6	1
S6015425	48	Port Input	14	940996	6	1
S6015425	48	Port Input	15	940996	6	1
S6015425	48	Port Input	14	940996	6	1
S6015425	48	Port Input	15	940996	6	1
S6015425	48	Port Input	14	940996	6	1
S6015425	48	Port Input	15	940996	6	1
S6015425	48	Port Input	14	940996	7	1
S6015425	48	Port Input	15	940997	7	1
S6015425	48	Port Input	14	940997	7	1
S6015425	48	Port Input	15	940997	7	1
S6015425	48	Port Input	14	940997	7	1
S6015425	48	Port Input	15	940997	7	1
S6015425	48	Port Input	14	940997	7	1
S6015425	48	Port Input	15	940997	8	1
S6015425	48	Port Input	14	940997	8	1
S6015425	48	Port Input	15	940998	8	1
S6015425	48	Port Input	14	940998	8	1
S6015425	48	Port Input	15	940998	8	1
S6015425	48	Port Input	14	940998	8	1
S6015425	48	Port Input	15	940998	8	1
S6015425	48	Port Input	14	940998	9	1
S6015425	48	Port Input	15	940999	9	1
S6015425	48	Port Input	14	940999	9	1
S6015425	48	Port Input	15	940999	9	1
S6015425	48	Port Input	14	940999	9	1
S6015425	48	Port Input	15	941000	10	1
S6015425	48	Port Input	14	941000	11	1
S6015425	48	Port Input	15	941000	11	1
S6015425	48	Port Input	14	941000	11	1
S6015425	48	Port Input	15	941002	12	1
S6015425	48	Port Input	14	941002	12	1
S6015425	48	Port Input	15	943355	2365	1
S6015425	48	Port Input	14	943355	2365	1
S6015425	48	Port Input	15	943355	2365	1
S6015425	48	Port Input	14	943355	2365	1
S6015425	48	Port Input	15	943355	2366	1
S6015425	48	Port Input	14	961262	20272	1
S6015425	48	Response	222	961262	20272	1
S6015425	48	Port Input	15	961262	20272	1
S6015425	48	Port Input	14	961262	20273	1
S6015425	49	Sound	20	961263	0	5			0		hit	758
S6015425	49	Port Input	15	961267	4	1
S6015425	49	Port Input	14	961267	4	1
S6015425	49	Port Input	15	961267	5	1
S6015425	49	Port Input	14	961268	5	1
S6015425	49	Port Input	15	961268	5	1
S6015425	49	Port Input	14	961268	5	1
S6015425	49	Port Input	15	961268	6	1
S6015425	49	Port Input	14	961268	6	1
S6015425	49	Port Input	15	961269	6	1
S6015425	49	Port Input	14	961269	6	1
S6015425	49	Port Input	15	961269	6	1
S6015425	49	Port Input	14	961269	6	1
S6015425	49	Port Input	15	961269	7	1
S6015425	49	Port Input	14	961269	7	1
S6015425	49	Port Input	15	961269	7	1
S6015425	49	Port Input	14	961269	7	1
S6015425	49	Port Input	15	961269	7	1
S6015425	49	Port Input	14	961270	7	1
S6015425	49	Port Input	15	961270	7	1
S6015425	49	Port Input	14	961270	7	1
S6015425	49	Port Input	15	961270	7	1
S6015425	49	Port Input	14	961270	7	1
S6015425	49	Port Input	15	961271	8	1
S6015425	49	Port Input	14	961271	8	1
S6015425	49	Port Input	15	961271	8	1
S6015425	49	Port Input	14	961271	8	1
S6015425	49	Port Input	15	961271	8	1
S6015425	49	Port Input	14	961271	8	1
S6015425	49	Port Input	15	961271	8	1
S6015425	49	Port Input	14	961271	8	1
S6015425	49	Port Input	15	961273	10	1
S6015425	49	Port Input	14	961273	10	1
S6015425	49	Port Input	15	961273	10	1
S6015425	49	Port Input	14	961273	10	1
S6015425	49	Port Input	15	961273	11	1
S6015425	49	Port Input	14	961274	11	1
S6015425	49	Port Input	15	961274	11	1
S6015425	49	Port Input	14	961274	11	1
S6015425	49	Port Input	15	961274	11	1
S6015425	49	Port Input	14	961274	11	1
S6015425	49	Port Input	15	961274	12	1
S6015425	49	Port Input	14	961274	12	1
S6015425	49	Port Input	15	961276	13	1
S6015425	49	Port Input	14	961276	13	1
S6015425	49	Port Input	15	961276	14	1
S6015425	49	Port Input	14	961276	14	1
S6015425	49	Port Input	15	961277	14	1
S6015425	49	Port Input	14	961277	14	1
S6015425	49	Port Input	15	961277	14	1
S6015425	49	Port Input	14	961277	14	1
S6015425	49	Port Input	15	961277	14	1
S6015425	49	Port Input	14	961277	14	1
S6015425	49	Port Input	15	961277	15	1
S6015425	49	Port Input	14	961277	15	1
S6015425	49	Port Input	15	961278	15	1
S6015425	49	Port Input	14	961278	15	1
S6015425	49	Port Input	15	961278	16	1
S6015425	49	Port Input	14	961278	16	1
S6015425	49	Port Input	15	961279	17	1
S6015425	49	Port Input	14	961280	17	1
S6015425	49	Port Input	15	961280	17	1
S6015425	49	Port Input	14	961280	17	1
S6015425	49	Port Input	15	961282	19	1
S6015425	49	Port Input	14	961282	19	1
S6015425	49	Port Input	15	961282	19	1
S6015425	49	Port Input	14	961282	19	1
S6015425	49	Port Input	15	961282	20	1
S6015425	49	Port Input	14	961282	20	1
S6015425	49	Port Input	15	961282	20	1
S6015425	49	Port Input	14	961283	20	1
S6015425	49	Port Input	15	961283	20	1
S6015425	49	Port Input	14	961283	20	1
S6015425	49	Port Input	15	961283	20	1
S6015425	49	Port Input	14	961283	20	1
S6015425	49	Port Input	15	961284	22	1
S6015425	49	Port Input	14	961284	22	1
S6015425	49	Port Input	15	961286	23	1
S6015425	49	Port Input	14	961286	23	1
S6015425	49	Port Input	15	961286	23	1
S6015425	49	Port Input	14	961286	23	1
S6015425	49	Port Input	15	961286	23	1
S6015425	49	Port Input	14	961286	23	1
S6015425	49	Port Input	15	961286	24	1
S6015425	49	Port Input	14	961286	24	1
S6015425	49	Port Input	15	961288	25	1
S6015425	49	Port Input	14	961288	25	1
S6015425	49	Port Input	15	961288	26	1
S6015425	49	Port Input	14	961288	26	1
S6015425	49	Port Input	15	961289	27	1
S6015425	49	Port Input	14	961289	27	1
S6015425	49	Port Input	15	961290	27	1
S6015425	49	Port Input	14	961290	27	1
S6015425	49	Port Input	15	961291	28	1
S6015425	49	Port Input	14	961291	28	1
S6015425	49	Port Input	15	961291	28	1
S6015425	49	Port Input	14	961291	28	1
S6015425	49	Port Input	15	961291	29	1
S6015425	49	Port Input	14	961291	29	1
S6015425	49	Port Input	15	961291	29	1
S6015425	49	Port Input	14	961292	29	1
S6015425	49	Port Input	15	961293	30	1
S6015425	49	Port Input	14	961293	30	1
S6015425	49	Port Input	15	961297	34	1
S6015425	49	Port Input	14	961297	34	1
S6015425	49	Port Input	15	961298	36	1
S6015425	49	Port Input	14	961298	36	1
S6015425	49	Port Input	15	961305	42	1
S6015425	49	Port Input	14	961305	42	1
S6015425	49	Port Input	15	961305	43	1
S6015425	49	Port Input	14	961305	43	1
S6015425	49	Port Input	15	961306	44	1
S6015425	49	Port Input	14	961306	44	1
S6015425	49	Port Input	15	961307	45	1
S6015425	49	Port Input	14	961307	45	1
S6015425	49	Port Input	15	961311	48	1
S6015425	49	Port Input	14	961311	48	1
S6015425	49	Port Input	15	961314	51	1
S6015425	49	Port Input	14	961314	51	1
S6015425	49	Port Input	15	961341	78	1
S6015425	49	Port Input	14	961341	78	1
S6015425	49	Port Input	15	963457	2194	1
S6015425	49	Port Input	14	963457	2194	1
S6015425	49	Port Input	15	963457	2194	1
S6015425	49	Port Input	14	980144	18881	1
S6015425	49	Response	222	980144	18881	1
S6015425	49	Port Input	15	980144	18881	1
S6015425	49	Port Input	14	980144	18882	1
S6015425	50	Sound	20	980145	0	5			0		hit	772
S6015425	50	Port Input	15	982385	2240	1
S6015425	50	Port Input	14	982385	2240	1
S6015425	50	Port Input	15	982385	2240	1
S6015425	50	Port Input	14	982385	2240	1
S6015425	50	Port Input	15	982385	2240	1
S6015425	50	Port Input	14	982385	2241	1
S6015425	50	Port Input	15	982386	2241	1
S6015425	50	Port Input	14	982386	2241	1
S6015425	50	Port Input	15	982386	2241	1
S6015425	50	Port Input	14	999253	19108	1
S6015425	50	Response	222	999253	19108	1
S6015425	50	Port Input	15	999253	19108	1
S6015425	50	Port Input	14	999253	19109	1
S6015425	50	Port Input	15	999254	19109	5
S6015425	51	Sound	20	999254	0	5			0		hit	908
S6015425	51	Port Input	14	999258	4	1
S6015425	51	Port Input	15	999258	4	1
S6015425	51	Port Input	14	999258	4	1
S6015425	51	Port Input	15	999258	5	1
S6015425	51	Port Input	14	999259	5	1
S6015425	51	Port Input	15	999259	5	1
S6015425	51	Port Input	14	999259	5	1
S6015425	51	Port Input	15	999259	5	1
S6015425	51	Port Input	14	999260	6	1
S6015425	51	Port Input	15	999260	6	1
S6015425	51	Port Input	14	999260	6	1
S6015425	51	Port Input	15	999260	6	1
S6015425	51	Port Input	14	999260	6	1
S6015425	51	Port Input	15	999260	6	1
S6015425	51	Port Input	14	999260	6	1
S6015425	51	Port Input	15	999260	6	1
S6015425	51	Port Input	14	999260	6	1
S6015425	51	Port Input	15	999261	7	1
S6015425	51	Port Input	14	999261	7	1
S6015425	51	Port Input	15	999261	7	1
S6015425	51	Port Input	14	999261	7	1
S6015425	51	Port Input	15	999262	8	1
S6015425	51	Port Input	14	999262	8	1
S6015425	51	Port Input	15	999262	8	1
S6015425	51	Port Input	14	999262	8	1
S6015425	51	Port Input	15	999262	8	1
S6015425	51	Port Input	14	999262	8	1
S6015425	51	Port Input	15	999262	8	1
S6015425	51	Port Input	14	999262	8	1
S6015425	51	Port Input	15	999262	8	1
S6015425	51	Port Input	14	999262	8	1
S6015425	51	Port Input	15	999262	9	1
S6015425	51	Port Input	14	999263	9	1
S6015425	51	Port Input	15	999263	9	1
S6015425	51	Port Input	14	999263	9	1
S6015425	51	Port Input	15	999263	9	1
S6015425	51	Port Input	14	999264	10	1
S6015425	51	Port Input	15	999264	10	1
S6015425	51	Port Input	14	999264	10	1
S6015425	51	Port Input	15	999264	10	1
S6015425	51	Port Input	14	999264	10	1
S6015425	51	Port Input	15	999264	10	1
S6015425	51	Port Input	14	999264	10	1
S6015425	51	Port Input	15	999264	10	1
S6015425	51	Port Input	14	999264	10	1
S6015425	51	Port Input	15	999264	11	1
S6015425	51	Port Input	14	999265	11	1
S6015425	51	Port Input	15	999265	11	1
S6015425	51	Port Input	14	999265	11	1
S6015425	51	Port Input	15	999265	11	1
S6015425	51	Port Input	14	999265	11	1
S6015425	51	Port Input	15	999265	11	1
S6015425	51	Port Input	14	999265	11	1
S6015425	51	Port Input	15	999266	13	1
S6015425	51	Port Input	14	999267	13	1
S6015425	51	Port Input	15	999267	13	1
S6015425	51	Port Input	14	999267	13	1
S6015425	51	Port Input	15	999267	13	1
S6015425	51	Port Input	14	999267	13	1
S6015425	51	Port Input	15	999267	13	1
S6015425	51	Port Input	14	999267	13	1
S6015425	51	Port Input	15	999267	13	1
S6015425	51	Port Input	14	999268	14	1
S6015425	51	Port Input	15	999268	14	1
S6015425	51	Port Input	14	999268	14	1
S6015425	51	Port Input	15	999269	15	1
S6015425	51	Port Input	14	999269	15	1
S6015425	51	Port Input	15	999269	15	1
S6015425	51	Port Input	14	999269	15	1
S6015425	51	Port Input	15	999269	15	1
S6015425	51	Port Input	14	999269	16	1
S6015425	51	Port Input	15	999270	16	1
S6015425	51	Port Input	14	999270	16	1
S6015425	51	Port Input	15	999270	16	1
S6015425	51	Port Input	14	999270	16	1
S6015425	51	Port Input	15	999271	17	1
S6015425	51	Port Input	14	999271	17	1
S6015425	51	Port Input	15	999271	17	1
S6015425	51	Port Input	14	999271	17	1
S6015425	51	Port Input	15	999271	17	1
S6015425	51	Port Input	14	999271	17	1
S6015425	51	Port Input	15	999271	17	1
S6015425	51	Port Input	14	999271	17	1
S6015425	51	Port Input	15	999271	17	1
S6015425	51	Port Input	14	999271	17	1
S6015425	51	Port Input	15	999271	17	1
S6015425	51	Port Input	14	999271	18	1
S6015425	51	Port Input	15	999272	18	1
S6015425	51	Port Input	14	999272	18	1
S6015425	51	Port Input	15	999272	18	1
S6015425	51	Port Input	14	999272	18	1
S6015425	51	Port Input	15	999272	18	1
S6015425	51	Port Input	14	999272	18	1
S6015425	51	Port Input	15	999272	18	1
S6015425	51	Port Input	14	999272	18	1
S6015425	51	Port Input	15	999272	18	1
S6015425	51	Port Input	14	999272	18	1
S6015425	51	Port Input	15	999272	18	1
S6015425	51	Port Input	14	999273	19	1
S6015425	51	Port Input	15	999274	20	1
S6015425	51	Port Input	14	999274	20	1
S6015425	51	Port Input	15	999275	21	1
S6015425	51	Port Input	14	999275	21	1
S6015425	51	Port Input	15	999275	21	1
S6015425	51	Port Input	14	999275	21	1
S6015425	51	Port Input	15	999275	21	1
S6015425	51	Port Input	14	999275	21	1
S6015425	51	Port Input	15	999275	21	1
S6015425	51	Port Input	14	999275	21	1
S6015425	51	Port Input	15	999276	22	1
S6015425	51	Port Input	14	999276	22	1
S6015425	51	Port Input	15	999276	22	1
S6015425	51	Port Input	14	999276	22	1
S6015425	51	Port Input	15	999277	23	1
S6015425	51	Port Input	14	999277	23	1
S6015425	51	Port Input	15	999278	24	1
S6015425	51	Port Input	14	999278	24	1
S6015425	51	Port Input	15	999278	24	1
S6015425	51	Port Input	14	999278	24	1
S6015425	51	Port Input	15	999279	25	1
S6015425	51	Port Input	14	999279	25	1
S6015425	51	Port Input	15	999280	26	1
S6015425	51	Port Input	14	999280	26	1
S6015425	51	Port Input	15	999281	27	1
S6015425	51	Port Input	14	999281	27	1
S6015425	51	Port Input	15	999281	27	1
S6015425	51	Port Input	14	999281	27	1
S6015425	51	Port Input	15	999283	29	1
S6015425	51	Port Input	14	999283	29	1
S6015425	51	Port Input	15	1001022	1768	1
S6015425	51	Port Input	14	1019153	19899	1
S6015425	51	Response	222	1019153	19899	1
S6015425	52	Sound	20	1019154	0	5			0		hit	912
S6015425	52	Port Input	15	1021086	1932	1
S6015425	52	Port Input	14	1039358	20204	1
S6015425	52	Response	222	1039358	20204	1
S6015425	53	Sound	20	1039359	0	5			0		hit	926
S6015425	53	Port Input	15	1041852	2493	1
S6015425	53	Port Input	14	1041852	2493	1
S6015425	53	Port Input	15	1041852	2493	1
S6015425	53	Port Input	14	1041852	2494	1
S6015425	53	Port Input	15	1041853	2494	1
S6015425	53	Port Input	14	1041853	2495	1
S6015425	53	Port Input	15	1041854	2495	1
S6015425	53	Port Input	14	1041854	2495	1
S6015425	53	Port Input	15	1041854	2495	1
S6015425	53	Port Input	14	1041854	2496	1
S6015425	53	Port Input	15	1041855	2496	1
S6015425	53	Port Input	14	1058931	19573	1
S6015425	53	Response	222	1058931	19573	1
S6015425	54	Sound	20	1058932	0	5			0		hit	948
S6015425	54	Port Input	15	1058936	4	1
S6015425	54	Port Input	14	1058937	4	1
S6015425	54	Port Input	15	1058937	5	1
S6015425	54	Port Input	14	1058937	5	1
S6015425	54	Port Input	15	1058938	6	1
S6015425	54	Port Input	14	1058938	6	1
S6015425	54	Port Input	15	1058939	7	1
S6015425	54	Port Input	14	1058939	7	1
S6015425	54	Port Input	15	1058939	7	1
S6015425	54	Port Input	14	1058939	7	1
S6015425	54	Port Input	15	1058940	8	1
S6015425	54	Port Input	14	1058940	8	1
S6015425	54	Port Input	15	1058940	8	1
S6015425	54	Port Input	14	1058940	8	1
S6015425	54	Port Input	15	1061322	2389	1
S6015425	54	Port Input	14	1061322	2389	1
S6015425	54	Port Input	15	1061322	2390	1
S6015425	54	Port Input	14	1061322	2390	1
S6015425	54	Port Input	15	1061323	2391	1
S6015425	54	Port Input	14	1077384	18452	1
S6015425	54	Response	222	1077384	18452	1
S6015425	55	Sound	20	1077385	0	5			0		hit	952
S6015425	55	Port Input	15	1079469	2084	1
S6015425	55	Port Input	14	1096927	19542	1
S6015425	55	Response	222	1096927	19542	1
S6015425	56	Sound	20	1096928	0	5			0		hit	958
S6015425	56	Port Input	15	1099145	2218	1
S6015425	56	Port Input	14	1099146	2218	1
S6015425	56	Port Input	15	1099146	2218	1
S6015425	56	Port Input	14	1115298	18370	1
S6015425	56	Response	222	1115298	18370	1
S6015425	57	Sound	20	1115299	0	5			0		hit	964
S6015425	57	Port Input	15	1116810	1511	1
S6015425	57	Port Input	14	1116810	1511	1
S6015425	57	Port Input	15	1117729	2430	1
S6015425	57	Port Input	14	1134613	19314	1
S6015425	57	Response	222	1134613	19314	1
S6015425	58	Sound	20	1134613	0	5			0		hit	968
S6015425	58	Port Input	15	1136424	1811	1
S6015425	58	Port Input	14	1153229	18616	1
S6015425	58	Response	222	1153229	18616	1
S6015425	59	Sound	20	1153230	0	5			0		hit	972
S6015425	59	Port Input	15	1155418	2189	1
S6015425	59	Port Input	14	1171296	18067	1
S6015425	59	Response	222	1171296	18067	1
S6015425	60	Sound	20	1171297	0	5			0		hit	976
S6015425	60	Port Input	15	1173593	2296	1
S6015425	60	Port Input	14	1190541	19244	1
S6015425	60	Response	222	1190541	19244	1
S6015425	60	Port Input	15	1190541	19244	1
S6015425	60	Port Input	14	1190541	19244	1
S6015425	61	Sound	20	1190542	0	5			0		hit	982
S6015425	61	Port Input	15	1193059	2518	1
S6015425	61	Port Input	14	1209321	18780	1
S6015425	61	Response	222	1209321	18780	1
S6015425	61	Port Input	15	1209322	18780	1
S6015425	61	Port Input	14	1209322	18780	5
S6015425	62	Sound	20	1209322	0	5			0		hit	990
S6015425	62	Port Input	15	1211438	2116	1
S6015425	62	Port Input	14	1211438	2116	1
S6015425	62	Port Input	15	1211438	2116	1
S6015425	62	Port Input	14	1229665	20343	1
S6015425	62	Response	222	1229665	20343	1
S6015425	63	Sound	20	1229666	0	5			0		hit	994
S6015425	63	Port Input	15	1232278	2613	1
S6015425	63	Port Input	14	1248506	18841	1
S6015425	63	Response	222	1248506	18841	1
S6015425	64	Sound	20	1248507	0	5			0		hit	998
S6015425	64	Port Input	15	1250903	2396	1
S6015425	64	Port Input	14	1266511	18004	1
S6015425	64	Response	222	1266511	18004	1
S6015425	65	Sound	20	1266512	0	5			0		hit	1002
S6015425	65	Port Input	15	1269164	2652	1
S6015425	65	Port Input	14	1284384	17872	1
S6015425	65	Response	222	1284384	17872	1
S6015425	65	Port Input	15	1284384	17872	1
S6015425	65	Port Input	14	1284385	17873	5
S6015425	66	Sound	20	1284385	0	5			0		hit	1016
S6015425	66	Port Input	15	1284389	5	1
S6015425	66	Port Input	14	1284389	5	1
S6015425	66	Port Input	15	1284389	5	1
S6015425	66	Port Input	14	1284389	5	1
S6015425	66	Port Input	15	1284390	5	1
S6015425	66	Port Input	14	1284390	5	1
S6015425	66	Port Input	15	1287147	2762	1
S6015425	66	Port Input	14	1287147	2762	1
S6015425	66	Port Input	15	1287147	2762	1
S6015425	66	Port Input	14	1304731	20346	1
S6015425	66	Response	222	1304731	20346	1
S6015425	66	Port Input	15	1304731	20347	1
S6015425	66	Port Input	14	1304731	20347	1
S6015425	67	Sound	20	1304732	0	5			0		hit	1028
S6015425	67	Port Input	15	1304739	7	1
S6015425	67	Port Input	14	1304739	7	1
S6015425	67	Port Input	15	1304739	7	1
S6015425	67	Port Input	14	1304739	7	1
S6015425	67	Port Input	15	1304742	10	1
S6015425	67	Port Input	14	1304742	10	1
S6015425	67	Port Input	15	1307119	2387	1
S6015425	67	Port Input	14	1323806	19074	1
S6015425	67	Response	222	1323806	19074	1
S6015425	68	Sound	20	1323807	0	5			0		hit	1036
S6015425	68	Port Input	15	1323812	5	1
S6015425	68	Port Input	14	1323812	5	1
S6015425	68	Port Input	15	1326414	2607	1
S6015425	68	Port Input	14	1326414	2607	1
S6015425	68	Port Input	15	1326414	2607	1
S6015425	68	Port Input	14	1341897	18090	1
S6015425	68	Response	222	1341897	18090	1
S6015425	68	Port Input	15	1341897	18091	1
S6015425	68	Port Input	14	1341897	18091	1
S6015425	69	Sound	20	1341898	0	5			0		hit	1042
S6015425	69	Port Input	15	1344468	2571	1
S6015425	69	Port Input	14	1360547	18649	1
S6015425	69	Response	222	1360547	18649	1
S6015425	70	Sound	20	1360548	0	5			0		hit	1048
S6015425	70	Port Input	15	1362722	2174	1
S6015425	70	Port Input	14	1362722	2174	1
S6015425	70	Port Input	15	1362722	2174	1
S6015425	70	Port Input	14	1378850	18302	1
S6015425	70	Response	222	1378850	18302	1
S6015425	71	Sound	20	1378851	0	5			0		hit	1054
S6015425	71	Port Input	15	1381173	2323	1
S6015425	71	Port Input	14	1381173	2323	1
S6015425	71	Port Input	15	1381174	2323	1
S6015425	71	Port Input	14	1396805	17955	1
S6015425	71	Response	222	1396805	17955	1
S6015425	72	Sound	20	1396806	0	5			0		hit	1058
S6015425	72	Port Input	15	1399020	2214	1
S6015425	72	Port Input	14	1414792	17986	1
S6015425	72	Response	222	1414792	17986	1
S6015425	73	Sound	20	1414793	0	5			0		hit	1064
S6015425	73	Port Input	15	1416763	1970	1
S6015425	73	Port Input	14	1416763	1970	1
S6015425	73	Port Input	15	1416763	1970	1
S6015425	73	Port Input	14	1432502	17709	1
S6015425	73	Response	222	1432502	17709	1
S6015425	73	Port Input	15	1432502	17709	1
S6015425	73	Port Input	14	1432502	17709	1
S6015425	74	Sound	20	1432503	0	5			0		hit	1072
S6015425	74	Port Input	15	1434651	2149	1
S6015425	74	Port Input	14	1434651	2149	1
S6015425	74	Port Input	15	1434652	2149	1
S6015425	74	Port Input	14	1451454	18951	1
S6015425	74	Response	222	1451454	18951	1
S6015425	74	Port Input	15	1451454	18951	1
S6015425	74	Port Input	14	1451454	18952	5
S6015425	75	Sound	20	1451455	0	5			0		hit	1082
S6015425	75	Port Input	15	1451460	6	1
S6015425	75	Port Input	14	1451460	6	1
S6015425	75	Port Input	15	1453482	2028	1
S6015425	75	Port Input	14	1453483	2028	1
S6015425	75	Port Input	15	1453484	2029	1
S6015425	75	Port Input	14	1470123	18669	1
S6015425	75	Response	222	1470123	18669	1
S6015425	76	Sound	20	1470124	0	5			0		hit	1088
S6015425	76	Port Input	15	1472216	2091	1
S6015425	76	Port Input	14	1472216	2092	1
S6015425	76	Port Input	15	1472216	2092	1
S6015425	76	Port Input	14	1489965	19840	1
S6015425	76	Response	222	1489965	19840	1
S6015425	76	Port Input	15	1489965	19841	1
S6015425	76	Port Input	14	1489965	19841	1
S6015425	77	Sound	20	1489966	0	5			0		hit	1098
S6015425	77	Port Input	15	1492219	2253	1
S6015425	77	Port Input	14	1492219	2253	1
S6015425	77	Port Input	15	1492219	2253	1
S6015425	77	Port Input	14	1492219	2253	1
S6015425	77	Port Input	15	1492219	2254	1
S6015425	77	Port Input	14	1508824	18858	1
S6015425	77	Response	222	1508824	18858	1
S6015425	78	Sound	20	1508825	0	5			0		hit	1104
S6015425	78	Port Input	15	1511039	2214	1
S6015425	78	Port Input	14	1511039	2215	1
S6015425	78	Port Input	15	1511040	2215	1
S6015425	78	Port Input	14	1527341	18516	1
S6015425	78	Response	222	1527341	18516	1
S6015425	79	Sound	20	1527342	0	5			0		hit	1114
S6015425	79	Port Input	15	1529355	2013	1
S6015425	79	Port Input	14	1529355	2013	1
S6015425	79	Port Input	15	1529355	2014	1
S6015425	79	Port Input	14	1529355	2014	1
S6015425	79	Port Input	15	1529356	2015	1
S6015425	79	Port Input	14	1529356	2015	1
S6015425	79	Port Input	15	1529357	2015	1
S6015425	79	Port Input	14	1546968	19626	1
S6015425	79	Response	222	1546968	19626	1
S6015425	80	Sound	20	1546969	0	5			0		hit	1118
S6015425	80	Port Input	15	1549227	2258	1
S6015425	80	Port Input	14	1565232	18264	1
S6015425	80	Response	222	1565232	18264	1
S6015425	81	Sound	20	1565233	0	5			0		hit	1124
S6015425	81	Port Input	15	1567457	2223	1
S6015425	81	Port Input	14	1567457	2224	1
S6015425	81	Port Input	15	1567457	2224	1
S6015425	81	Port Input	14	1583859	18626	1
S6015425	81	Response	222	1583859	18626	1
S6015425	82	Sound	20	1583860	0	5			0		hit	1130
S6015425	82	Port Input	15	1585984	2124	1
S6015425	82	Port Input	14	1585984	2124	1
S6015425	82	Port Input	15	1585985	2125	1
S6015425	82	Port Input	14	1602733	18873	1
S6015425	82	Response	222	1602733	18873	1
S6015425	83	Sound	20	1602734	0	5			0		hit	1136
S6015425	83	Port Input	15	1604850	2116	1
S6015425	83	Port Input	14	1604850	2116	1
S6015425	83	Port Input	15	1604850	2116	1
S6015425	83	Port Input	14	1621471	18738	1
S6015425	83	Response	222	1621471	18738	1
S6015425	84	Sound	20	1621472	0	5			0		hit	1142
S6015425	84	Port Input	15	1623723	2251	1
S6015425	84	Port Input	14	1623723	2251	1
S6015425	84	Port Input	15	1623724	2251	1
S6015425	84	Port Input	14	1640499	19027	1
S6015425	84	Response	222	1640499	19027	1
S6015425	85	Sound	20	1640500	0	5			0		hit	1152
S6015425	85	Port Input	15	1642810	2311	1
S6015425	85	Port Input	14	1642810	2311	1
S6015425	85	Port Input	15	1642811	2311	1
S6015425	85	Port Input	14	1642811	2311	1
S6015425	85	Port Input	15	1642811	2311	1
S6015425	85	Port Input	14	1642811	2311	1
S6015425	85	Port Input	15	1642811	2311	1
S6015425	85	Port Input	14	1658997	18497	1
S6015425	85	Response	222	1658997	18497	1
S6015425	86	Sound	20	1658998	0	5			0		hit	1156
S6015425	86	Port Input	15	1661247	2249	1
S6015425	86	Port Input	14	1677765	18767	1
S6015425	86	Response	222	1677765	18767	1
S6015425	86	Port Input	15	1677765	18767	1
S6015425	86	Port Input	14	1677765	18768	5
S6015425	87	Sound	20	1677765	0	5			0		hit	1162
S6015425	87	Port Input	15	1679864	2098	1
S6015425	87	Port Input	14	1695992	18227	1
S6015425	87	Response	222	1695992	18227	1
S6015425	88	Sound	20	1695993	0	5			0		hit	1168
S6015425	88	Port Input	15	1698064	2070	1
S6015425	88	Port Input	14	1698064	2070	1
S6015425	88	Port Input	15	1698064	2071	1
S6015425	88	Port Input	14	1714541	18548	1
S6015425	88	Response	222	1714541	18548	1
S6015425	89	Sound	20	1714542	0	5			0		hit	1174
S6015425	89	Port Input	15	1717091	2549	1
S6015425	89	Port Input	14	1717091	2549	1
S6015425	89	Port Input	15	1717092	2550	1
S6015425	89	Port Input	14	1732924	18382	1
S6015425	89	Response	222	1732924	18382	1
S6015425	89	Port Input	15	1732925	18383	1
S6015425	89	Port Input	14	1732925	18383	1
S6015425	90	Sound	20	1732925	0	5			0		hit	1180
S6015425	90	Port Input	15	1735339	2414	1
S6015425	90	Port Input	14	1751437	18512	1
S6015425	90	Response	222	1751437	18512	1
S6015425	91	Sound	20	1751438	0	5			0		hit	1202
S6015425	91	Port Input	15	1753764	2326	1
S6015425	91	Port Input	14	1753764	2326	1
S6015425	91	Port Input	15	1753764	2326	1
S6015425	91	Port Input	14	1753765	2326	1
S6015425	91	Port Input	15	1753772	2334	1
S6015425	91	Port Input	14	1753772	2334	1
S6015425	91	Port Input	15	1753773	2334	1
S6015425	91	Port Input	14	1753773	2334	1
S6015425	91	Port Input	15	1753773	2335	1
S6015425	91	Port Input	14	1753773	2335	1
S6015425	91	Port Input	15	1753775	2336	1
S6015425	91	Port Input	14	1753775	2336	1
S6015425	91	Port Input	15	1753775	2337	1
S6015425	91	Port Input	14	1753775	2337	1
S6015425	91	Port Input	15	1753776	2338	1
S6015425	91	Port Input	14	1753776	2338	1
S6015425	91	Port Input	15	1753776	2338	1
S6015425	91	Port Input	14	1753776	2338	1
S6015425	91	Port Input	15	1753777	2338	1
S6015425	91	Port Input	14	1769881	18443	1
S6015425	91	Response	222	1769881	18443	1
S6015425	91	Port Input	15	1769882	18443	1
S6015425	91	Port Input	14	1769882	18443	1
S6015425	92	Sound	20	1769882	0	6			0		hit	1208
S6015425	92	Port Input	15	1771896	2014	1
S6015425	92	Port Input	14	1788213	18331	1
S6015425	92	Response	222	1788213	18331	1
S6015425	93	Sound	20	1788214	0	5			0		hit	1212
S6015425	93	Port Input	15	1790243	2029	1
S6015425	93	Port Input	14	1807384	19170	1
S6015425	93	Response	222	1807384	19170	1
S6015425	93	Port Input	15	1807385	19171	1
S6015425	93	Port Input	14	1807385	19171	1
S6015425	94	Sound	20	1807386	0	5			0		hit	1222
S6015425	94	Port Input	15	1808367	981	1
S6015425	94	Port Input	14	1808367	981	1
S6015425	94	Port Input	15	1808367	982	1
S6015425	94	Port Input	14	1808367	982	1
S6015425	94	Port Input	15	1808368	983	1
S6015425	94	Port Input	14	1828733	21348	1
S6015425	94	Response	222	1828733	21348	1
S6015425	94	Port Input	15	1828733	21348	1
S6015425	94	Port Input	14	1828734	21348	1
S6015425	94	Port Input	15	1828734	21348	1
S6015425	94	Port Input	14	1828734	21349	5
S6015425	95	Sound	20	1828734	0	5			0		hit	1232
S6015425	95	Port Input	15	1830903	2169	1
S6015425	95	Port Input	14	1830903	2169	1
S6015425	95	Port Input	15	1830904	2169	1
S6015425	95	Port Input	14	1848168	19434	1
S6015425	95	Response	222	1848168	19434	1
S6015425	95	Port Input	15	1848168	19434	1
S6015425	95	Port Input	14	1848169	19435	5
S6015425	96	Sound	20	1848169	0	5			0		hit	1292
S6015425	96	Port Input	15	1848173	4	1
S6015425	96	Port Input	14	1848173	4	1
S6015425	96	Port Input	15	1848174	4	1
S6015425	96	Port Input	14	1848174	4	1
S6015425	96	Port Input	15	1848174	5	1
S6015425	96	Port Input	14	1848174	5	1
S6015425	96	Port Input	15	1848174	5	1
S6015425	96	Port Input	14	1848174	5	1
S6015425	96	Port Input	15	1848174	5	1
S6015425	96	Port Input	14	1848174	5	1
S6015425	96	Port Input	15	1848174	5	1
S6015425	96	Port Input	14	1848174	5	1
S6015425	96	Port Input	15	1848174	5	1
S6015425	96	Port Input	14	1848174	5	1
S6015425	96	Port Input	15	1848175	5	1
S6015425	96	Port Input	14	1848175	5	1
S6015425	96	Port Input	15	1848175	6	1
S6015425	96	Port Input	14	1848175	6	1
S6015425	96	Port Input	15	1848175	6	1
S6015425	96	Port Input	14	1848175	6	1
S6015425	96	Port Input	15	1848176	6	1
S6015425	96	Port Input	14	1848176	7	1
S6015425	96	Port Input	15	1848176	7	1
S6015425	96	Port Input	14	1848176	7	1
S6015425	96	Port Input	15	1848177	8	1
S6015425	96	Port Input	14	1848177	8	1
S6015425	96	Port Input	15	1848178	9	1
S6015425	96	Port Input	14	1848178	9	1
S6015425	96	Port Input	15	1848178	9	1
S6015425	96	Port Input	14	1848178	9	1
S6015425	96	Port Input	15	1848178	9	1
S6015425	96	Port Input	14	1848178	9	1
S6015425	96	Port Input	15	1848178	9	1
S6015425	96	Port Input	14	1848178	9	1
S6015425	96	Port Input	15	1848179	9	1
S6015425	96	Port Input	14	1848179	9	1
S6015425	96	Port Input	15	1848179	10	1
S6015425	96	Port Input	14	1848179	10	1
S6015425	96	Port Input	15	1848180	11	1
S6015425	96	Port Input	14	1848180	11	1
S6015425	96	Port Input	15	1848180	11	1
S6015425	96	Port Input	14	1848180	11	1
S6015425	96	Port Input	15	1848180	11	1
S6015425	96	Port Input	14	1848180	11	1
S6015425	96	Port Input	15	1848181	12	1
S6015425	96	Port Input	14	1848181	12	1
S6015425	96	Port Input	15	1848182	13	1
S6015425	96	Port Input	14	1848182	13	1
S6015425	96	Port Input	15	1848182	13	1
S6015425	96	Port Input	14	1848182	13	1
S6015425	96	Port Input	15	1848183	13	1
S6015425	96	Port Input	14	1848183	13	1
S6015425	96	Port Input	15	1850241	2072	1
S6015425	96	Port Input	14	1850241	2072	1
S6015425	96	Port Input	15	1850241	2072	1
S6015425	96	Port Input	14	1868415	20245	1
S6015425	96	Response	222	1868415	20245	1
S6015425	97	Sound	20	1868415	0	5			0		hit	1336
S6015425	97	Port Input	15	1868420	5	1
S6015425	97	Port Input	14	1868420	5	1
S6015425	97	Port Input	15	1868420	5	1
S6015425	97	Port Input	14	1868421	5	1
S6015425	97	Port Input	15	1868422	6	1
S6015425	97	Port Input	14	1868422	6	1
S6015425	97	Port Input	15	1868423	7	1
S6015425	97	Port Input	14	1868423	7	1
S6015425	97	Port Input	15	1868424	8	1
S6015425	97	Port Input	14	1868424	8	1
S6015425	97	Port Input	15	1868424	8	1
S6015425	97	Port Input	14	1868424	9	1
S6015425	97	Port Input	15	1868426	11	1
S6015425	97	Port Input	14	1868426	11	1
S6015425	97	Port Input	15	1868426	11	1
S6015425	97	Port Input	14	1868426	11	1
S6015425	97	Port Input	15	1868427	11	1
S6015425	97	Port Input	14	1868427	11	1
S6015425	97	Port Input	15	1868429	14	1
S6015425	97	Port Input	14	1868429	14	1
S6015425	97	Port Input	15	1868429	14	1
S6015425	97	Port Input	14	1868429	14	1
S6015425	97	Port Input	15	1868430	14	1
S6015425	97	Port Input	14	1868430	14	1
S6015425	97	Port Input	15	1868431	16	1
S6015425	97	Port Input	14	1868431	16	1
S6015425	97	Port Input	15	1868434	18	1
S6015425	97	Port Input	14	1868434	18	1
S6015425	97	Port Input	15	1868434	18	1
S6015425	97	Port Input	14	1868434	18	1
S6015425	97	Port Input	15	1868435	20	1
S6015425	97	Port Input	14	1868435	20	1
S6015425	97	Port Input	15	1870782	2367	1
S6015425	97	Port Input	14	1870782	2367	1
S6015425	97	Port Input	15	1870784	2369	1
S6015425	97	Port Input	14	1870785	2369	1
S6015425	97	Port Input	15	1870785	2369	1
S6015425	97	Port Input	14	1870785	2369	1
S6015425	97	Port Input	15	1870785	2370	1
S6015425	97	Port Input	14	1870785	2370	1
S6015425	97	Port Input	15	1870785	2370	1
S6015425	97	Port Input	14	1889968	21552	1
S6015425	97	Response	222	1889968	21552	1
S6015425	97	Port Input	15	1889968	21552	1
S6015425	98	Sound	20	1889969	0	5			0		hit	1464
S6015425	98	Port Input	14	1889976	8	1
S6015425	98	Port Input	15	1889977	8	1
S6015425	98	Port Input	14	1889977	8	1
S6015425	98	Port Input	15	1889977	9	1
S6015425	98	Port Input	14	1889977	9	1
S6015425	98	Port Input	15	1889977	9	1
S6015425	98	Port Input	14	1889977	9	1
S6015425	98	Port Input	15	1889977	9	1
S6015425	98	Port Input	14	1889978	9	1
S6015425	98	Port Input	15	1889978	9	1
S6015425	98	Port Input	14	1889978	9	1
S6015425	98	Port Input	15	1889978	10	1
S6015425	98	Port Input	14	1889978	10	1
S6015425	98	Port Input	15	1889978	10	1
S6015425	98	Port Input	14	1889978	10	1
S6015425	98	Port Input	15	1889979	10	1
S6015425	98	Port Input	14	1889979	10	1
S6015425	98	Port Input	15	1889979	10	1
S6015425	98	Port Input	14	1889979	10	1
S6015425	98	Port Input	15	1889981	12	1
S6015425	98	Port Input	14	1889981	12	1
S6015425	98	Port Input	15	1889982	14	1
S6015425	98	Port Input	14	1889982	14	1
S6015425	98	Port Input	15	1889982	14	1
S6015425	98	Port Input	14	1889983	14	1
S6015425	98	Port Input	15	1889984	15	1
S6015425	98	Port Input	14	1889984	15	1
S6015425	98	Port Input	15	1889984	15	1
S6015425	98	Port Input	14	1889984	15	1
S6015425	98	Port Input	15	1889984	16	1
S6015425	98	Port Input	14	1889984	16	1
S6015425	98	Port Input	15	1889986	17	1
S6015425	98	Port Input	14	1889986	17	1
S6015425	98	Port Input	15	1889986	17	1
S6015425	98	Port Input	14	1889986	18	1
S6015425	98	Port Input	15	1889987	18	1
S6015425	98	Port Input	14	1889987	18	1
S6015425	98	Port Input	15	1889987	18	1
S6015425	98	Port Input	14	1889987	18	1
S6015425	98	Port Input	15	1889987	18	1
S6015425	98	Port Input	14	1889987	18	1
S6015425	98	Port Input	15	1889988	19	1
S6015425	98	Port Input	14	1889988	19	1
S6015425	98	Port Input	15	1889988	19	1
S6015425	98	Port Input	14	1889988	19	1
S6015425	98	Port Input	15	1889988	19	1
S6015425	98	Port Input	14	1889988	19	1
S6015425	98	Port Input	15	1889989	20	1
S6015425	98	Port Input	14	1889989	20	1
S6015425	98	Port Input	15	1889989	20	1
S6015425	98	Port Input	14	1889989	20	1
S6015425	98	Port Input	15	1889989	20	1
S6015425	98	Port Input	14	1889989	20	1
S6015425	98	Port Input	15	1889989	21	1
S6015425	98	Port Input	14	1889989	21	1
S6015425	98	Port Input	15	1889990	21	1
S6015425	98	Port Input	14	1889990	21	1
S6015425	98	Port Input	15	1889991	22	1
S6015425	98	Port Input	14	1889991	22	1
S6015425	98	Port Input	15	1889991	22	1
S6015425	98	Port Input	14	1889991	22	1
S6015425	98	Port Input	15	1889991	22	1
S6015425	98	Port Input	14	1889991	22	1
S6015425	98	Port Input	15	1889991	22	1
S6015425	98	Port Input	14	1889991	22	1
S6015425	98	Port Input	15	1889991	23	1
S6015425	98	Port Input	14	1889991	23	1
S6015425	98	Port Input	15	1889992	23	1
S6015425	98	Port Input	14	1889993	24	1
S6015425	98	Port Input	15	1889993	25	1
S6015425	98	Port Input	14	1889994	25	1
S6015425	98	Port Input	15	1889994	25	1
S6015425	98	Port Input	14	1889994	25	1
S6015425	98	Port Input	15	1889994	25	1
S6015425	98	Port Input	14	1889994	25	1
S6015425	98	Port Input	15	1889994	26	1
S6015425	98	Port Input	14	1889994	26	1
S6015425	98	Port Input	15	1889994	26	1
S6015425	98	Port Input	14	1889994	26	1
S6015425	98	Port Input	15	1889995	26	1
S6015425	98	Port Input	14	1889995	26	1
S6015425	98	Port Input	15	1889995	26	1
S6015425	98	Port Input	14	1889995	26	1
S6015425	98	Port Input	15	1889995	26	1
S6015425	98	Port Input	14	1889995	26	1
S6015425	98	Port Input	15	1889996	28	1
S6015425	98	Port Input	14	1889997	28	1
S6015425	98	Port Input	15	1889997	28	1
S6015425	98	Port Input	14	1889997	28	1
S6015425	98	Port Input	15	1889997	29	1
S6015425	98	Port Input	14	1889997	29	1
S6015425	98	Port Input	15	1889998	29	1
S6015425	98	Port Input	14	1889998	29	1
S6015425	98	Port Input	15	1889998	30	1
S6015425	98	Port Input	14	1889998	30	1
S6015425	98	Port Input	15	1889999	30	1
S6015425	98	Port Input	14	1889999	30	1
S6015425	98	Port Input	15	1889999	30	1
S6015425	98	Port Input	14	1889999	30	1
S6015425	98	Port Input	15	1890001	32	1
S6015425	98	Port Input	14	1890001	32	1
S6015425	98	Port Input	15	1890001	32	1
S6015425	98	Port Input	14	1890001	32	1
S6015425	98	Port Input	15	1890001	32	1
S6015425	98	Port Input	14	1890001	33	1
S6015425	98	Port Input	15	1890001	33	1
S6015425	98	Port Input	14	1890001	33	1
S6015425	98	Port Input	15	1890002	33	1
S6015425	98	Port Input	14	1890002	33	1
S6015425	98	Port Input	15	1890002	34	1
S6015425	98	Port Input	14	1890002	34	1
S6015425	98	Port Input	15	1890002	34	1
S6015425	98	Port Input	14	1890002	34	1
S6015425	98	Port Input	15	1890002	34	1
S6015425	98	Port Input	14	1890003	34	1
S6015425	98	Port Input	15	1890003	34	1
S6015425	98	Port Input	14	1890003	34	1
S6015425	98	Port Input	15	1892229	2260	1
S6015425	98	Port Input	14	1892229	2260	1
S6015425	98	Port Input	15	1892230	2261	1
S6015425	98	Port Input	14	1892230	2261	1
S6015425	98	Port Input	15	1892230	2262	1
S6015425	98	Port Input	14	1892231	2262	1
S6015425	98	Port Input	15	1892231	2262	1
S6015425	98	Port Input	14	1911310	21341	1
S6015425	98	Response	222	1911310	21341	1
S6015425	98	Port Input	15	1911310	21341	1
S6015425	98	Port Input	14	1911310	21341	1
S6015425	99	Sound	20	1911310	0	5			0		hit	1470
S6015425	99	Port Input	15	1913508	2198	1
S6015425	99	Port Input	14	1929529	18218	1
S6015425	99	Response	222	1929529	18218	1
S6015425	100	Sound	20	1929530	0	5			0		hit	1476
S6015425	100	Port Input	15	1931583	2054	1
S6015425	100	Port Input	14	1931584	2054	1
S6015425	100	Port Input	15	1931584	2054	1
S6015425	100	Port Input	14	1948800	19270	1
S6015425	100	Response	222	1948800	19270	1
S6015425	101	Sound	20	1948801	0	5			0		hit	1484
S6015425	101	Port Input	15	1950876	2075	1
S6015425	101	Port Input	14	1950876	2075	1
S6015425	101	Port Input	15	1950876	2075	1
S6015425	101	Port Input	14	1950876	2075	1
S6015425	101	Port Input	15	1950878	2078	1
S6015425	101	Port Input	14	1967803	19002	1
S6015425	101	Response	222	1967803	19002	1
S6015425	102	Sound	20	1967803	0	5			0		other	0
S6015425	102	Port Input	15	1970093	2290	1
S6015425	102	Port Input	14	1970093	2290	1
S6015425	102	Port Input	15	1970094	2290	1
