Scenario - passive press generic training 1.2
Logfile written - 01/07/2023 12:20:03

Subject	Trial	Event Type	Code	Time	TTime	Uncertainty	Duration	Uncertainty	ReqTime	ReqDur	Stim Type	Pair Index

S6011899	1	Picture	83	41	0	1	5000	1	0	4950	other	0
S6011899	1	Picture	82	10040	10000	1	5000	1	9950	4950	other	0
S6011899	1	Picture	81	20040	19999	1	5000	1	19950	4950	other	0
S6011899	1	Picture	80	30040	29999	1	5000	1	29950	4950	other	0
S6011899	1	Picture	81	40039	39999	1	10000	1	39950	9950	other	0
S6011899	1	Port Input	14	44540	44499	1
S6011899	1	Response	100	44540	44499	1
S6011899	1	Port Input	15	44619	44579	1
S6011899	1	Port Input	14	44619	44579	1
S6011899	1	Port Input	15	44635	44595	1
S6011899	1	Port Input	14	44635	44595	1
S6011899	1	Port Input	15	44637	44596	1
S6011899	1	Port Input	14	44637	44596	1
S6011899	1	Port Input	15	44638	44598	1
S6011899	1	Port Input	14	44638	44598	1
S6011899	1	Port Input	15	44651	44610	1
S6011899	1	Port Input	14	44651	44611	1
S6011899	1	Port Input	15	44659	44618	1
S6011899	1	Port Input	14	44659	44618	1
S6011899	1	Port Input	15	44705	44664	1
S6011899	1	Port Input	14	44705	44664	1
S6011899	1	Port Input	15	44708	44668	1
S6011899	1	Port Input	14	44708	44668	1
S6011899	1	Port Input	15	44717	44676	1
S6011899	1	Port Input	14	44717	44676	1
S6011899	1	Port Input	15	44719	44678	1
S6011899	1	Port Input	14	44719	44678	1
S6011899	1	Port Input	15	44720	44679	1
S6011899	1	Port Input	14	44720	44679	1
S6011899	1	Port Input	15	44722	44682	1
S6011899	1	Port Input	14	44722	44682	1
S6011899	1	Port Input	15	44724	44683	1
S6011899	1	Port Input	14	44724	44683	1
S6011899	1	Port Input	15	46730	46689	1
S6011899	1	Port Input	14	46730	46689	1
S6011899	1	Port Input	15	46730	46689	1
S6011899	1	Port Input	14	46730	46689	1
S6011899	1	Port Input	15	46730	46689	1
S6011899	1	Port Input	14	46731	46690	1
S6011899	1	Port Input	15	46731	46690	1
S6011899	1	Port Input	14	46731	46690	1
S6011899	1	Port Input	15	46731	46690	1
S6011899	1	Port Input	14	46731	46690	1
S6011899	1	Port Input	15	46731	46690	1
S6011899	1	Picture	81	60039	59998	1	10000	1	59950	9950	other	0
S6011899	1	Port Input	14	64262	64221	1
S6011899	1	Response	100	64262	64221	1
S6011899	1	Port Input	15	64262	64222	1
S6011899	1	Port Input	14	64262	64222	1
S6011899	1	Port Input	15	64263	64222	1
S6011899	1	Port Input	14	64263	64222	1
S6011899	1	Port Input	15	64263	64222	1
S6011899	1	Port Input	14	64263	64222	1
S6011899	1	Port Input	15	64263	64222	1
S6011899	1	Port Input	14	64263	64222	1
S6011899	1	Port Input	15	64263	64222	1
S6011899	1	Port Input	14	64263	64222	1
S6011899	1	Port Input	15	64263	64223	1
S6011899	1	Port Input	14	64263	64223	1
S6011899	1	Port Input	15	64348	64307	1
S6011899	1	Port Input	14	64348	64307	1
S6011899	1	Port Input	15	64349	64308	1
S6011899	1	Port Input	14	64349	64308	1
S6011899	1	Port Input	15	64349	64308	1
S6011899	1	Port Input	14	64349	64309	1
S6011899	1	Port Input	15	64349	64309	1
S6011899	1	Port Input	14	64349	64309	1
S6011899	1	Port Input	15	64349	64309	1
S6011899	1	Port Input	14	64349	64309	1
S6011899	1	Port Input	15	64350	64309	1
S6011899	1	Port Input	14	64350	64309	1
S6011899	1	Port Input	15	64351	64310	1
S6011899	1	Port Input	14	64351	64310	1
S6011899	1	Port Input	15	64351	64311	1
S6011899	1	Port Input	14	64351	64311	1
S6011899	1	Port Input	15	64351	64311	1
S6011899	1	Port Input	14	64351	64311	1
S6011899	1	Port Input	15	64352	64311	1
S6011899	1	Port Input	14	64352	64311	1
S6011899	1	Port Input	15	64352	64311	1
S6011899	1	Port Input	14	64352	64311	1
S6011899	1	Port Input	15	64352	64311	1
S6011899	1	Port Input	14	64352	64311	1
S6011899	1	Port Input	15	64352	64312	1
S6011899	1	Port Input	14	64352	64312	1
S6011899	1	Port Input	15	64352	64312	1
S6011899	1	Port Input	14	64352	64312	1
S6011899	1	Port Input	15	64353	64312	1
S6011899	1	Port Input	14	64353	64312	1
S6011899	1	Port Input	15	64354	64313	1
S6011899	1	Port Input	14	64354	64313	1
S6011899	1	Port Input	15	64354	64313	1
S6011899	1	Port Input	14	64354	64313	1
S6011899	1	Port Input	15	64354	64313	1
S6011899	1	Port Input	14	64354	64313	1
S6011899	1	Port Input	15	64356	64315	1
S6011899	1	Port Input	14	64356	64315	1
S6011899	1	Port Input	15	64358	64317	1
S6011899	1	Port Input	14	64358	64317	1
S6011899	1	Port Input	15	64359	64319	1
S6011899	1	Port Input	14	64359	64319	1
S6011899	1	Port Input	15	64360	64319	1
S6011899	1	Port Input	14	64360	64319	1
S6011899	1	Port Input	15	64360	64319	1
S6011899	1	Port Input	14	64360	64319	1
S6011899	1	Port Input	15	64360	64319	1
S6011899	1	Port Input	14	64360	64319	1
S6011899	1	Port Input	15	64360	64320	1
S6011899	1	Port Input	14	64360	64320	1
S6011899	1	Port Input	15	64361	64320	1
S6011899	1	Port Input	14	64361	64320	1
S6011899	1	Port Input	15	64361	64320	1
S6011899	1	Port Input	14	64361	64320	1
S6011899	1	Port Input	15	64361	64320	1
S6011899	1	Port Input	14	64361	64320	1
S6011899	1	Port Input	15	64361	64321	1
S6011899	1	Port Input	14	64361	64321	1
S6011899	1	Port Input	15	64361	64321	1
S6011899	1	Port Input	14	64361	64321	1
S6011899	1	Port Input	15	64364	64324	1
S6011899	1	Port Input	14	64364	64324	1
S6011899	1	Port Input	15	64365	64324	1
S6011899	1	Port Input	14	64365	64324	1
S6011899	1	Port Input	15	64365	64325	1
S6011899	1	Port Input	14	64365	64325	1
S6011899	1	Port Input	15	64366	64325	1
S6011899	1	Port Input	14	64366	64325	1
S6011899	1	Port Input	15	64370	64330	1
S6011899	1	Port Input	14	64370	64330	1
S6011899	1	Port Input	15	64371	64330	1
S6011899	1	Port Input	14	64371	64330	1
S6011899	1	Port Input	15	64371	64330	1
S6011899	1	Port Input	14	64371	64330	1
S6011899	1	Port Input	15	64371	64330	1
S6011899	1	Port Input	14	64371	64330	1
S6011899	1	Port Input	15	64371	64331	1
S6011899	1	Port Input	14	64372	64331	1
S6011899	1	Port Input	15	64372	64331	1
S6011899	1	Port Input	14	64372	64331	1
S6011899	1	Port Input	15	64373	64332	1
S6011899	1	Port Input	14	64373	64332	1
S6011899	1	Port Input	15	64374	64333	1
S6011899	1	Port Input	14	64374	64333	1
S6011899	1	Port Input	15	64376	64335	1
S6011899	1	Port Input	14	64376	64335	1
S6011899	1	Port Input	15	64390	64350	1
S6011899	1	Port Input	14	64390	64350	1
S6011899	1	Port Input	15	64412	64371	1
S6011899	1	Port Input	14	64412	64371	1
S6011899	1	Port Input	15	66248	66207	1
S6011899	1	Port Input	14	66248	66207	1
S6011899	1	Port Input	15	66260	66220	1
S6011899	1	Port Input	14	66260	66220	1
S6011899	1	Port Input	15	66608	66568	1
S6011899	1	Picture	81	80038	79997	1	10000	1	79950	9950	other	0
S6011899	1	Port Input	14	82707	82666	1
S6011899	1	Response	100	82707	82666	1
S6011899	1	Port Input	15	82707	82666	1
S6011899	1	Port Input	14	82707	82666	1
S6011899	1	Port Input	15	82707	82667	1
S6011899	1	Port Input	14	82707	82667	1
S6011899	1	Port Input	15	82708	82667	1
S6011899	1	Port Input	14	82708	82667	1
S6011899	1	Port Input	15	82885	82845	1
S6011899	1	Port Input	14	82885	82845	1
S6011899	1	Port Input	15	82886	82846	1
S6011899	1	Port Input	14	82886	82846	1
S6011899	1	Port Input	15	84852	84811	1
S6011899	1	Port Input	14	84852	84811	1
S6011899	1	Port Input	15	85041	85001	1
S6011899	2	Port Input	14	104951	14843	3
S6011899	2	Response	100	104951	14843	3
S6011899	3	Port Input	15	105204	236	1
S6011899	3	Port Input	14	105204	236	1
S6011899	3	Port Input	15	106665	1697	1
S6011899	3	Port Input	14	106665	1697	1
S6011899	3	Port Input	15	106834	1866	8
S6011899	3	Port Input	14	121610	16642	7
S6011899	3	Response	100	121610	16642	7
S6011899	4	Port Input	15	123772	2138	8
S6011899	4	Port Input	14	137945	16311	7
S6011899	4	Response	100	137945	16311	7
S6011899	5	Port Input	15	140265	2243	7
S6011899	5	Port Input	14	153392	15370	8
S6011899	5	Response	100	153392	15370	8
S6011899	6	Port Input	15	155541	2102	8
S6011899	6	Port Input	14	168988	15549	7
S6011899	6	Response	100	168988	15549	7
S6011899	7	Port Input	15	171266	2203	1
S6011899	7	Port Input	14	182438	13375	7
S6011899	7	Response	100	182438	13375	7
S6011899	8	Port Input	15	184896	2431	7
S6011899	8	Port Input	14	197841	15376	7
S6011899	8	Response	100	197841	15376	7
S6011899	9	Port Input	15	200189	2308	7
S6011899	9	Port Input	14	214060	16179	7
S6011899	9	Response	100	214060	16179	7
S6011899	10	Port Input	15	214405	274	7
S6011899	10	Port Input	14	214419	288	7
S6011899	10	Port Input	15	216552	2421	8
S6011899	10	Port Input	14	231024	16893	7
S6011899	10	Response	100	231024	16893	7
S6011899	11	Port Input	15	233568	2493	7
S6011899	11	Port Input	14	246821	15746	7
S6011899	11	Response	100	246821	15746	7
S6011899	12	Port Input	15	248986	2078	1
S6011899	12	Port Input	14	248986	2078	1
S6011899	12	Port Input	15	249140	2232	7
S6011899	12	Port Input	14	261876	14968	8
S6011899	12	Response	100	261876	14968	8
