Scenario - Push Button + tone (0ms)
Logfile written - 08/07/2023 12:40:59

Subject	Trial	Event Type	Code	Time	TTime	Uncertainty	Duration	Uncertainty	ReqTime	ReqDur	Stim Type	Pair Index

S6010536	1	Picture	start	10	0	1	40554	1	0	next	other	0
S6010536	3	Nothing	nothing	45065	0	0			0		hit	4
S6010536	3	Port Input	14	49262	4197	1
S6010536	3	Response	222	49262	4197	1
S6010536	4	Sound	20	49273	0	301			0		hit	8
S6010536	4	Port Input	15	52470	3196	1
S6010536	4	Port Input	14	80635	31361	1
S6010536	4	Response	222	80635	31361	1
S6010536	5	Sound	20	80635	0	4			0		hit	26
S6010536	5	Port Input	15	84723	4088	1
S6010536	5	Port Input	14	84723	4088	1
S6010536	5	Port Input	15	84723	4088	1
S6010536	5	Port Input	14	84723	4088	1
S6010536	5	Port Input	15	84724	4088	1
S6010536	5	Port Input	14	84724	4088	1
S6010536	5	Port Input	15	84724	4088	1
S6010536	5	Port Input	14	84724	4088	1
S6010536	5	Port Input	15	84724	4088	1
S6010536	5	Port Input	14	84724	4088	1
S6010536	5	Port Input	15	84724	4089	1
S6010536	5	Port Input	14	84724	4089	1
S6010536	5	Port Input	15	84725	4089	1
S6010536	5	Port Input	14	84725	4089	1
S6010536	5	Port Input	15	84725	4089	1
S6010536	5	Port Input	14	96802	16167	1
S6010536	5	Response	222	96802	16167	1
S6010536	6	Sound	20	96803	0	4			0		hit	32
S6010536	6	Port Input	15	99993	3190	1
S6010536	6	Port Input	14	99993	3190	1
S6010536	6	Port Input	15	99993	3190	1
S6010536	6	Port Input	14	112645	15842	1
S6010536	6	Response	222	112645	15842	1
S6010536	7	Sound	20	112646	0	4			0		hit	44
S6010536	7	Port Input	15	115977	3331	1
S6010536	7	Port Input	14	115977	3331	1
S6010536	7	Port Input	15	115977	3331	1
S6010536	7	Port Input	14	115977	3331	1
S6010536	7	Port Input	15	115977	3331	1
S6010536	7	Port Input	14	115978	3331	1
S6010536	7	Port Input	15	115978	3332	1
S6010536	7	Port Input	14	115978	3332	1
S6010536	7	Port Input	15	115979	3333	1
S6010536	7	Port Input	14	128553	15907	1
S6010536	7	Response	222	128553	15907	1
S6010536	7	Port Input	15	128553	15907	1
S6010536	7	Port Input	14	128553	15907	1
S6010536	7	Port Input	15	128553	15907	1
S6010536	7	Port Input	14	128554	15908	5
S6010536	8	Sound	20	128554	0	5			0		hit	52
S6010536	8	Port Input	15	131226	2673	1
S6010536	8	Port Input	14	143749	15196	1
S6010536	8	Response	222	143749	15196	1
S6010536	9	Sound	20	143750	0	4			0		hit	58
S6010536	9	Port Input	15	146051	2301	1
S6010536	9	Port Input	14	146051	2301	1
S6010536	9	Port Input	15	146051	2301	1
S6010536	9	Port Input	14	159442	15692	1
S6010536	9	Response	222	159442	15692	1
S6010536	10	Sound	20	159443	0	4			0		hit	62
S6010536	10	Port Input	15	161690	2247	1
S6010536	10	Port Input	14	174592	15149	1
S6010536	10	Response	222	174592	15149	1
S6010536	11	Sound	20	174593	0	4			0		hit	66
S6010536	11	Port Input	15	176919	2326	1
S6010536	11	Port Input	14	189221	14628	1
S6010536	11	Response	222	189221	14628	1
S6010536	11	Port Input	15	189221	14628	1
S6010536	11	Port Input	14	189221	14628	1
S6010536	12	Sound	20	189221	0	4			0		hit	86
S6010536	12	Port Input	15	189226	4	1
S6010536	12	Port Input	14	189226	4	1
S6010536	12	Port Input	15	189228	6	1
S6010536	12	Port Input	14	189228	6	1
S6010536	12	Port Input	15	189229	7	1
S6010536	12	Port Input	14	189229	7	1
S6010536	12	Port Input	15	191773	2551	1
S6010536	12	Port Input	14	191773	2551	1
S6010536	12	Port Input	15	191773	2552	1
S6010536	12	Port Input	14	191773	2552	1
S6010536	12	Port Input	15	191773	2552	1
S6010536	12	Port Input	14	191773	2552	1
S6010536	12	Port Input	15	191774	2552	1
S6010536	12	Port Input	14	191774	2552	1
S6010536	12	Port Input	15	191775	2553	1
S6010536	12	Port Input	14	204566	15345	1
S6010536	12	Response	222	204566	15345	1
S6010536	13	Sound	20	204567	0	4			0		hit	90
S6010536	13	Port Input	15	206985	2418	1
S6010536	13	Port Input	14	219217	14650	1
S6010536	13	Response	222	219217	14650	1
S6010536	14	Sound	20	219218	0	4			0		hit	102
S6010536	14	Port Input	15	219222	4	1
S6010536	14	Port Input	14	219222	4	1
S6010536	14	Port Input	15	222019	2801	1
S6010536	14	Port Input	14	222019	2801	1
S6010536	14	Port Input	15	222019	2801	1
S6010536	14	Port Input	14	222020	2802	1
S6010536	14	Port Input	15	222020	2802	1
S6010536	14	Port Input	14	222020	2802	1
S6010536	14	Port Input	15	222020	2802	1
S6010536	14	Port Input	14	235668	16450	1
S6010536	14	Response	222	235668	16450	1
S6010536	14	Port Input	15	235668	16450	1
S6010536	14	Port Input	14	235668	16450	1
S6010536	15	Sound	20	235668	0	4			0		hit	108
S6010536	15	Port Input	15	238169	2500	1
S6010536	15	Port Input	14	250822	15153	1
S6010536	15	Response	222	250822	15153	1
S6010536	15	Port Input	15	250822	15153	1
S6010536	15	Port Input	14	250822	15154	1
S6010536	15	Port Input	15	250822	15154	1
S6010536	15	Port Input	14	250822	15154	5
S6010536	16	Sound	20	250823	0	4			0		hit	118
S6010536	16	Port Input	15	253306	2484	1
S6010536	16	Port Input	14	253307	2484	1
S6010536	16	Port Input	15	253307	2484	1
S6010536	16	Port Input	14	267016	16194	1
S6010536	16	Response	222	267016	16194	1
S6010536	16	Port Input	15	267016	16194	1
S6010536	16	Port Input	14	267017	16194	1
S6010536	17	Sound	20	267017	0	4			0		hit	126
S6010536	17	Port Input	15	269312	2295	1
S6010536	17	Port Input	14	269312	2295	1
S6010536	17	Port Input	15	269312	2295	1
S6010536	17	Port Input	14	282088	15071	1
S6010536	17	Response	222	282088	15071	1
S6010536	18	Sound	20	282088	0	5			0		hit	134
S6010536	18	Port Input	15	284260	2172	1
S6010536	18	Port Input	14	284260	2172	1
S6010536	18	Port Input	15	284262	2173	1
S6010536	18	Port Input	14	284262	2173	1
S6010536	18	Port Input	15	284262	2173	1
S6010536	18	Port Input	14	295567	13479	1
S6010536	18	Response	222	295567	13479	1
S6010536	19	Sound	20	295568	0	4			0		hit	144
S6010536	19	Port Input	15	298072	2504	1
S6010536	19	Port Input	14	298072	2504	1
S6010536	19	Port Input	15	298072	2504	1
S6010536	19	Port Input	14	298072	2504	1
S6010536	19	Port Input	15	298072	2504	1
S6010536	19	Port Input	14	298072	2504	1
S6010536	19	Port Input	15	298073	2504	1
S6010536	19	Port Input	14	309752	14184	1
S6010536	19	Response	222	309752	14184	1
S6010536	19	Port Input	15	309752	14184	1
S6010536	19	Port Input	14	309752	14184	1
S6010536	20	Sound	20	309752	0	5			0		hit	154
S6010536	20	Port Input	15	312273	2521	1
S6010536	20	Port Input	14	312273	2521	1
S6010536	20	Port Input	15	312274	2521	1
S6010536	20	Port Input	14	312274	2521	1
S6010536	20	Port Input	15	312274	2521	1
S6010536	20	Port Input	14	324582	14829	1
S6010536	20	Response	222	324582	14829	1
S6010536	21	Sound	20	324582	0	4			0		hit	160
S6010536	21	Port Input	15	326871	2289	1
S6010536	21	Port Input	14	326871	2289	1
S6010536	21	Port Input	15	326871	2289	1
S6010536	21	Port Input	14	338231	13649	1
S6010536	21	Response	222	338231	13649	1
S6010536	22	Sound	20	338232	0	4			0		hit	164
S6010536	22	Port Input	15	341128	2896	1
S6010536	22	Port Input	14	353102	14870	1
S6010536	22	Response	222	353102	14870	1
S6010536	22	Port Input	15	353102	14870	1
S6010536	22	Port Input	14	353102	14870	1
S6010536	23	Sound	20	353102	0	4			0		hit	170
S6010536	23	Port Input	15	355149	2046	1
S6010536	23	Port Input	14	366980	13878	1
S6010536	23	Response	222	366980	13878	1
S6010536	23	Port Input	15	366981	13879	5
S6010536	24	Sound	20	366981	0	4			0		hit	214
S6010536	24	Port Input	14	366989	8	1
S6010536	24	Port Input	15	366991	10	1
S6010536	24	Port Input	14	366991	10	1
S6010536	24	Port Input	15	366991	10	1
S6010536	24	Port Input	14	366992	10	1
S6010536	24	Port Input	15	366992	11	1
S6010536	24	Port Input	14	366992	11	1
S6010536	24	Port Input	15	366993	11	1
S6010536	24	Port Input	14	366993	12	1
S6010536	24	Port Input	15	366993	12	1
S6010536	24	Port Input	14	366993	12	1
S6010536	24	Port Input	15	366994	13	1
S6010536	24	Port Input	14	366994	13	1
S6010536	24	Port Input	15	366994	13	1
S6010536	24	Port Input	14	366994	13	1
S6010536	24	Port Input	15	366995	13	1
S6010536	24	Port Input	14	366995	14	1
S6010536	24	Port Input	15	366996	14	1
S6010536	24	Port Input	14	366996	14	1
S6010536	24	Port Input	15	366996	15	1
S6010536	24	Port Input	14	366996	15	1
S6010536	24	Port Input	15	366996	15	1
S6010536	24	Port Input	14	366996	15	1
S6010536	24	Port Input	15	366997	16	1
S6010536	24	Port Input	14	366997	16	1
S6010536	24	Port Input	15	367012	31	1
S6010536	24	Port Input	14	367012	31	1
S6010536	24	Port Input	15	367027	46	1
S6010536	24	Port Input	14	367027	46	1
S6010536	24	Port Input	15	367036	54	1
S6010536	24	Port Input	14	367036	54	1
S6010536	24	Port Input	15	367063	82	1
S6010536	24	Port Input	14	367063	82	1
S6010536	24	Port Input	15	367063	82	1
S6010536	24	Port Input	14	367063	82	1
S6010536	24	Port Input	15	367063	82	1
S6010536	24	Port Input	14	367063	82	1
S6010536	24	Port Input	15	367081	100	1
S6010536	24	Port Input	14	367081	100	1
S6010536	24	Port Input	15	369464	2483	1
S6010536	24	Port Input	14	379925	12944	1
S6010536	24	Response	222	379925	12944	1
S6010536	25	Sound	20	379926	0	5			0		hit	222
S6010536	25	Port Input	15	382128	2202	1
S6010536	25	Port Input	14	382128	2202	1
S6010536	25	Port Input	15	382128	2202	1
S6010536	25	Port Input	14	382128	2202	1
S6010536	25	Port Input	15	382128	2202	1
S6010536	25	Port Input	14	393127	13201	1
S6010536	25	Response	222	393127	13201	1
S6010536	26	Sound	20	393127	0	5			0		hit	230
S6010536	26	Port Input	15	395145	2017	1
S6010536	26	Port Input	14	395145	2017	1
S6010536	26	Port Input	15	395145	2017	1
S6010536	26	Port Input	14	395145	2017	1
S6010536	26	Port Input	15	395145	2017	1
S6010536	26	Port Input	14	407147	14019	1
S6010536	26	Response	222	407147	14019	1
S6010536	27	Sound	20	407147	0	5			0		hit	238
S6010536	27	Port Input	15	409394	2247	1
S6010536	27	Port Input	14	409394	2247	1
S6010536	27	Port Input	15	409394	2247	1
S6010536	27	Port Input	14	409394	2247	1
S6010536	27	Port Input	15	409394	2247	1
S6010536	27	Port Input	14	420513	13366	1
S6010536	27	Response	222	420513	13366	1
S6010536	28	Sound	20	420514	0	4			0		hit	242
S6010536	28	Port Input	15	422695	2182	1
S6010536	28	Port Input	14	432326	11812	1
S6010536	28	Response	222	432326	11812	1
S6010536	29	Sound	20	432327	0	4			0		hit	246
S6010536	29	Port Input	15	434489	2162	1
S6010536	29	Port Input	14	446116	13789	1
S6010536	29	Response	222	446116	13789	1
S6010536	30	Sound	20	446117	0	4			0		hit	264
S6010536	30	Port Input	15	448326	2209	1
S6010536	30	Port Input	14	448326	2209	1
S6010536	30	Port Input	15	448327	2210	1
S6010536	30	Port Input	14	448327	2210	1
S6010536	30	Port Input	15	448327	2210	1
S6010536	30	Port Input	14	448327	2210	1
S6010536	30	Port Input	15	448328	2211	1
S6010536	30	Port Input	14	448328	2211	1
S6010536	30	Port Input	15	448329	2212	1
S6010536	30	Port Input	14	448329	2212	1
S6010536	30	Port Input	15	448329	2213	1
S6010536	30	Port Input	14	448329	2213	1
S6010536	30	Port Input	15	448331	2214	1
S6010536	30	Port Input	14	448331	2214	1
S6010536	30	Port Input	15	448332	2215	1
S6010536	30	Port Input	14	458051	11934	1
S6010536	30	Response	222	458051	11934	1
S6010536	30	Port Input	15	458051	11934	1
S6010536	30	Port Input	14	458051	11934	1
S6010536	31	Sound	20	458052	0	5			0		hit	270
S6010536	31	Port Input	15	460539	2487	1
S6010536	31	Port Input	14	472215	14163	1
S6010536	31	Response	222	472215	14163	1
S6010536	32	Sound	20	472216	0	4			0		hit	276
S6010536	32	Port Input	15	474357	2142	1
S6010536	32	Port Input	14	474357	2142	1
S6010536	32	Port Input	15	474358	2142	1
S6010536	32	Port Input	14	486615	14399	1
S6010536	32	Response	222	486615	14399	1
S6010536	32	Port Input	15	486615	14400	1
S6010536	32	Port Input	14	486615	14400	1
S6010536	33	Sound	20	486616	0	4			0		hit	282
S6010536	33	Port Input	15	488956	2340	1
S6010536	33	Port Input	14	500726	14110	1
S6010536	33	Response	222	500726	14110	1
S6010536	33	Port Input	15	500726	14110	1
S6010536	33	Port Input	14	500726	14110	1
S6010536	34	Sound	20	500727	0	4			0		hit	294
S6010536	34	Port Input	15	502965	2239	1
S6010536	34	Port Input	14	502965	2239	1
S6010536	34	Port Input	15	502966	2239	1
S6010536	34	Port Input	14	502966	2239	1
S6010536	34	Port Input	15	502966	2240	1
S6010536	34	Port Input	14	502966	2240	1
S6010536	34	Port Input	15	502966	2240	1
S6010536	34	Port Input	14	514799	14072	1
S6010536	34	Response	222	514799	14072	1
S6010536	34	Port Input	15	514799	14072	1
S6010536	34	Port Input	14	514800	14073	5
S6010536	35	Sound	20	514800	0	4			0		hit	378
S6010536	35	Port Input	15	514804	4	1
S6010536	35	Port Input	14	514804	4	1
S6010536	35	Port Input	15	514805	5	1
S6010536	35	Port Input	14	514805	5	1
S6010536	35	Port Input	15	514805	6	1
S6010536	35	Port Input	14	514806	6	1
S6010536	35	Port Input	15	514806	6	1
S6010536	35	Port Input	14	514806	6	1
S6010536	35	Port Input	15	514806	6	1
S6010536	35	Port Input	14	514806	6	1
S6010536	35	Port Input	15	514807	7	1
S6010536	35	Port Input	14	514807	7	1
S6010536	35	Port Input	15	514807	7	1
S6010536	35	Port Input	14	514807	7	1
S6010536	35	Port Input	15	514807	7	1
S6010536	35	Port Input	14	514807	7	1
S6010536	35	Port Input	15	514807	7	1
S6010536	35	Port Input	14	514807	7	1
S6010536	35	Port Input	15	514808	8	1
S6010536	35	Port Input	14	514808	8	1
S6010536	35	Port Input	15	515272	472	1
S6010536	35	Port Input	14	515272	472	1
S6010536	35	Port Input	15	515272	472	1
S6010536	35	Port Input	14	515272	472	1
S6010536	35	Port Input	15	515274	474	1
S6010536	35	Port Input	14	515274	474	1
S6010536	35	Port Input	15	515275	475	1
S6010536	35	Port Input	14	515275	475	1
S6010536	35	Port Input	15	515277	477	1
S6010536	35	Port Input	14	515277	477	1
S6010536	35	Port Input	15	515279	479	1
S6010536	35	Port Input	14	515279	479	1
S6010536	35	Port Input	15	515280	480	1
S6010536	35	Port Input	14	515280	480	1
S6010536	35	Port Input	15	515280	480	1
S6010536	35	Port Input	14	515280	480	1
S6010536	35	Port Input	15	515281	481	1
S6010536	35	Port Input	14	515281	481	1
S6010536	35	Port Input	15	515298	499	1
S6010536	35	Port Input	14	515298	499	1
S6010536	35	Port Input	15	515304	504	1
S6010536	35	Port Input	14	515304	504	1
S6010536	35	Port Input	15	515305	505	1
S6010536	35	Port Input	14	515305	505	1
S6010536	35	Port Input	15	515306	506	1
S6010536	35	Port Input	14	515306	506	1
S6010536	35	Port Input	15	515309	509	1
S6010536	35	Port Input	14	515309	509	1
S6010536	35	Port Input	15	515310	510	1
S6010536	35	Port Input	14	515310	510	1
S6010536	35	Port Input	15	515312	512	1
S6010536	35	Port Input	14	515314	514	1
S6010536	35	Port Input	15	515317	517	1
S6010536	35	Port Input	14	515317	517	1
S6010536	35	Port Input	15	515318	518	1
S6010536	35	Port Input	14	515318	518	1
S6010536	35	Port Input	15	515319	519	1
S6010536	35	Port Input	14	515320	520	1
S6010536	35	Port Input	15	515337	537	1
S6010536	35	Port Input	14	515337	537	1
S6010536	35	Port Input	15	515337	538	1
S6010536	35	Port Input	14	515338	538	1
S6010536	35	Port Input	15	516477	1677	1
S6010536	35	Port Input	14	516477	1677	1
S6010536	35	Port Input	15	516480	1680	1
S6010536	35	Port Input	14	516480	1680	1
S6010536	35	Port Input	15	516484	1684	1
S6010536	35	Port Input	14	516484	1684	1
S6010536	35	Port Input	15	516534	1734	1
S6010536	35	Port Input	14	516534	1734	1
S6010536	35	Port Input	15	516535	1735	1
S6010536	35	Port Input	14	516535	1735	1
S6010536	35	Port Input	15	516549	1749	1
S6010536	35	Port Input	14	516549	1749	1
S6010536	35	Port Input	15	516551	1751	1
S6010536	35	Port Input	14	516551	1751	1
S6010536	35	Port Input	15	517063	2263	1
S6010536	35	Port Input	14	517063	2263	1
S6010536	35	Port Input	15	517063	2263	1
S6010536	35	Port Input	14	527747	12947	1
S6010536	35	Response	222	527747	12947	1
S6010536	35	Port Input	15	527747	12947	1
S6010536	35	Port Input	14	527748	12948	5
S6010536	36	Sound	20	527748	0	4			0		hit	384
S6010536	36	Port Input	15	529775	2027	1
S6010536	36	Port Input	14	539760	12012	1
S6010536	36	Response	222	539760	12012	1
S6010536	36	Port Input	15	539760	12012	1
S6010536	36	Port Input	14	539761	12012	1
S6010536	37	Sound	20	539761	0	4			0		hit	404
S6010536	37	Port Input	15	539765	4	1
S6010536	37	Port Input	14	539765	4	1
S6010536	37	Port Input	15	539765	4	1
S6010536	37	Port Input	14	539765	4	1
S6010536	37	Port Input	15	539765	4	1
S6010536	37	Port Input	14	539766	4	1
S6010536	37	Port Input	15	539766	4	1
S6010536	37	Port Input	14	539766	4	1
S6010536	37	Port Input	15	539766	5	1
S6010536	37	Port Input	14	539766	5	1
S6010536	37	Port Input	15	539766	5	1
S6010536	37	Port Input	14	539766	5	1
S6010536	37	Port Input	15	539766	5	1
S6010536	37	Port Input	14	539766	5	1
S6010536	37	Port Input	15	541923	2162	1
S6010536	37	Port Input	14	556304	16543	1
S6010536	37	Response	222	556304	16543	1
S6010536	38	Sound	20	556305	0	5			0		hit	408
S6010536	38	Port Input	15	558454	2149	1
S6010536	38	Port Input	14	567868	11563	1
S6010536	38	Response	222	567868	11563	1
S6010536	39	Sound	20	567869	0	4			0		hit	556
S6010536	39	Port Input	15	568447	578	1
S6010536	39	Port Input	14	568447	578	1
S6010536	39	Port Input	15	568448	579	1
S6010536	39	Port Input	14	568448	579	1
S6010536	39	Port Input	15	568451	582	1
S6010536	39	Port Input	14	568451	582	1
S6010536	39	Port Input	15	568452	583	1
S6010536	39	Port Input	14	568452	583	1
S6010536	39	Port Input	15	568453	583	1
S6010536	39	Port Input	14	568453	583	1
S6010536	39	Port Input	15	568453	584	1
S6010536	39	Port Input	14	568453	584	1
S6010536	39	Port Input	15	568454	585	1
S6010536	39	Port Input	14	568454	585	1
S6010536	39	Port Input	15	568455	586	1
S6010536	39	Port Input	14	568455	586	1
S6010536	39	Port Input	15	568456	587	1
S6010536	39	Port Input	14	568456	587	1
S6010536	39	Port Input	15	568461	592	1
S6010536	39	Port Input	14	568461	592	1
S6010536	39	Port Input	15	568461	592	1
S6010536	39	Port Input	14	568461	592	1
S6010536	39	Port Input	15	568461	592	1
S6010536	39	Port Input	14	568462	593	1
S6010536	39	Port Input	15	568462	593	1
S6010536	39	Port Input	14	568462	593	1
S6010536	39	Port Input	15	568464	595	1
S6010536	39	Port Input	14	568464	595	1
S6010536	39	Port Input	15	568464	595	1
S6010536	39	Port Input	14	568464	595	1
S6010536	39	Port Input	15	568465	596	1
S6010536	39	Port Input	14	568465	596	1
S6010536	39	Port Input	15	568465	596	1
S6010536	39	Port Input	14	568465	596	1
S6010536	39	Port Input	15	568466	597	1
S6010536	39	Port Input	14	568466	597	1
S6010536	39	Port Input	15	568466	597	1
S6010536	39	Port Input	14	568466	597	1
S6010536	39	Port Input	15	568467	598	1
S6010536	39	Port Input	14	568467	598	1
S6010536	39	Port Input	15	568467	598	1
S6010536	39	Port Input	14	568467	598	1
S6010536	39	Port Input	15	568468	599	1
S6010536	39	Port Input	14	568468	599	1
S6010536	39	Port Input	15	568469	600	1
S6010536	39	Port Input	14	568469	600	1
S6010536	39	Port Input	15	568470	601	1
S6010536	39	Port Input	14	568470	601	1
S6010536	39	Port Input	15	568471	602	1
S6010536	39	Port Input	14	568471	602	1
S6010536	39	Port Input	15	568471	602	1
S6010536	39	Port Input	14	568471	602	1
S6010536	39	Port Input	15	568472	603	1
S6010536	39	Port Input	14	568472	603	1
S6010536	39	Port Input	15	568473	604	1
S6010536	39	Port Input	14	568473	604	1
S6010536	39	Port Input	15	568474	605	1
S6010536	39	Port Input	14	568474	605	1
S6010536	39	Port Input	15	568474	605	1
S6010536	39	Port Input	14	568474	605	1
S6010536	39	Port Input	15	568475	606	1
S6010536	39	Port Input	14	568475	606	1
S6010536	39	Port Input	15	568475	606	1
S6010536	39	Port Input	14	568475	606	1
S6010536	39	Port Input	15	568476	606	1
S6010536	39	Port Input	14	568476	607	1
S6010536	39	Port Input	15	568480	611	1
S6010536	39	Port Input	14	568481	611	1
S6010536	39	Port Input	15	568481	612	1
S6010536	39	Port Input	14	568481	612	1
S6010536	39	Port Input	15	568482	613	1
S6010536	39	Port Input	14	568482	613	1
S6010536	39	Port Input	15	568483	614	1
S6010536	39	Port Input	14	568483	614	1
S6010536	39	Port Input	15	568485	616	1
S6010536	39	Port Input	14	568485	616	1
S6010536	39	Port Input	15	568485	616	1
S6010536	39	Port Input	14	568485	616	1
S6010536	39	Port Input	15	568486	617	1
S6010536	39	Port Input	14	568486	617	1
S6010536	39	Port Input	15	568486	617	1
S6010536	39	Port Input	14	568487	618	1
S6010536	39	Port Input	15	568494	625	1
S6010536	39	Port Input	14	568494	625	1
S6010536	39	Port Input	15	568496	627	1
S6010536	39	Port Input	14	568496	627	1
S6010536	39	Port Input	15	568501	632	1
S6010536	39	Port Input	14	568501	632	1
S6010536	39	Port Input	15	568502	633	1
S6010536	39	Port Input	14	568502	633	1
S6010536	39	Port Input	15	568504	635	1
S6010536	39	Port Input	14	568504	635	1
S6010536	39	Port Input	15	568506	637	1
S6010536	39	Port Input	14	568506	637	1
S6010536	39	Port Input	15	568506	637	1
S6010536	39	Port Input	14	568506	637	1
S6010536	39	Port Input	15	568511	642	1
S6010536	39	Port Input	14	568511	642	1
S6010536	39	Port Input	15	568511	642	1
S6010536	39	Port Input	14	568511	642	1
S6010536	39	Port Input	15	568512	643	1
S6010536	39	Port Input	14	568512	643	1
S6010536	39	Port Input	15	568514	645	1
S6010536	39	Port Input	14	568514	645	1
S6010536	39	Port Input	15	568516	647	1
S6010536	39	Port Input	14	568516	647	1
S6010536	39	Port Input	15	568518	649	1
S6010536	39	Port Input	14	568518	649	1
S6010536	39	Port Input	15	568531	662	1
S6010536	39	Port Input	14	568531	662	1
S6010536	39	Port Input	15	568533	664	1
S6010536	39	Port Input	14	568533	664	1
S6010536	39	Port Input	15	568537	668	1
S6010536	39	Port Input	14	568537	668	1
S6010536	39	Port Input	15	568539	670	1
S6010536	39	Port Input	14	568539	670	1
S6010536	39	Port Input	15	568542	673	1
S6010536	39	Port Input	14	568542	673	1
S6010536	39	Port Input	15	568552	683	1
S6010536	39	Port Input	14	568552	683	1
S6010536	39	Port Input	15	568560	691	1
S6010536	39	Port Input	14	568560	691	1
S6010536	39	Port Input	15	568561	692	1
S6010536	39	Port Input	14	568561	692	1
S6010536	39	Port Input	15	568579	710	1
S6010536	39	Port Input	14	568579	710	1
S6010536	39	Port Input	15	568581	712	1
S6010536	39	Port Input	14	568581	712	1
S6010536	39	Port Input	15	568593	724	1
S6010536	39	Port Input	14	568593	724	1
S6010536	39	Port Input	15	569599	1730	1
S6010536	39	Port Input	14	569599	1730	1
S6010536	39	Port Input	15	569600	1731	1
S6010536	39	Port Input	14	569600	1731	1
S6010536	39	Port Input	15	569602	1733	1
S6010536	39	Port Input	14	569602	1733	1
S6010536	39	Port Input	15	569611	1742	1
S6010536	39	Port Input	14	569611	1742	1
S6010536	39	Port Input	15	569615	1746	1
S6010536	39	Port Input	14	569615	1746	1
S6010536	39	Port Input	15	569620	1751	1
S6010536	39	Port Input	14	569620	1751	1
S6010536	39	Port Input	15	569622	1753	1
S6010536	39	Port Input	14	569622	1753	1
S6010536	39	Port Input	15	570179	2310	1
S6010536	39	Port Input	14	579651	11782	1
S6010536	39	Response	222	579651	11782	1
S6010536	39	Port Input	15	579651	11782	1
S6010536	39	Port Input	14	579651	11782	5
S6010536	40	Sound	20	579651	0	5			0		hit	564
S6010536	40	Port Input	15	582270	2619	1
S6010536	40	Port Input	14	582270	2619	1
S6010536	40	Port Input	15	582271	2619	1
S6010536	40	Port Input	14	592700	13048	1
S6010536	40	Response	222	592700	13048	1
S6010536	41	Sound	20	592700	0	4			0		hit	568
S6010536	41	Port Input	15	595246	2546	1
S6010536	41	Port Input	14	605967	13267	1
S6010536	41	Response	222	605967	13267	1
S6010536	42	Sound	20	605968	0	4			0		hit	576
S6010536	42	Port Input	15	608168	2200	1
S6010536	42	Port Input	14	608168	2200	1
S6010536	42	Port Input	15	608168	2200	1
S6010536	42	Port Input	14	608168	2200	1
S6010536	42	Port Input	15	608168	2201	1
S6010536	42	Port Input	14	618268	12301	1
S6010536	42	Response	222	618268	12301	1
S6010536	42	Port Input	15	618268	12301	1
S6010536	42	Port Input	14	618268	12301	1
S6010536	43	Sound	20	618269	0	5			0		hit	584
S6010536	43	Port Input	15	620496	2227	1
S6010536	43	Port Input	14	620496	2227	1
S6010536	43	Port Input	15	620496	2227	1
S6010536	43	Port Input	14	631235	12966	1
S6010536	43	Response	222	631235	12966	1
S6010536	44	Sound	20	631236	0	4			0		hit	588
S6010536	44	Port Input	15	633246	2011	1
S6010536	44	Port Input	14	642318	11082	1
S6010536	44	Response	222	642318	11082	1
S6010536	45	Sound	20	642319	0	4			0		hit	592
S6010536	45	Port Input	15	644955	2636	1
S6010536	45	Port Input	14	655833	13514	1
S6010536	45	Response	222	655833	13514	1
S6010536	45	Port Input	15	655833	13514	1
S6010536	45	Port Input	14	655833	13514	1
S6010536	46	Sound	20	655833	0	5			0		hit	600
S6010536	46	Port Input	15	658375	2541	1
S6010536	46	Port Input	14	658375	2542	1
S6010536	46	Port Input	15	658375	2542	1
S6010536	46	Port Input	14	667493	11660	1
S6010536	46	Response	222	667493	11660	1
S6010536	47	Sound	20	667494	0	4			0		hit	604
S6010536	47	Port Input	15	670034	2540	1
S6010536	47	Port Input	14	679785	12291	1
S6010536	47	Response	222	679785	12291	1
S6010536	47	Port Input	15	679785	12291	1
S6010536	47	Port Input	14	679785	12291	1
S6010536	48	Sound	20	679786	0	4			0		hit	610
S6010536	48	Port Input	15	682196	2410	1
S6010536	48	Port Input	14	692612	12827	1
S6010536	48	Response	222	692612	12827	1
S6010536	48	Port Input	15	692612	12827	1
S6010536	48	Port Input	14	692613	12828	5
S6010536	49	Sound	20	692613	0	4			0		hit	618
S6010536	49	Port Input	15	694786	2173	1
S6010536	49	Port Input	14	694786	2173	1
S6010536	49	Port Input	15	694786	2173	1
S6010536	49	Port Input	14	705320	12707	1
S6010536	49	Response	222	705320	12707	1
S6010536	49	Port Input	15	705320	12707	1
S6010536	49	Port Input	14	705320	12707	1
S6010536	50	Sound	20	705321	0	4			0		hit	626
S6010536	50	Port Input	15	707576	2255	1
S6010536	50	Port Input	14	707576	2255	1
S6010536	50	Port Input	15	707576	2255	1
S6010536	50	Port Input	14	717309	11988	1
S6010536	50	Response	222	717309	11988	1
S6010536	51	Sound	20	717309	0	4			0		hit	630
S6010536	51	Port Input	15	719587	2278	1
S6010536	51	Port Input	14	729898	12589	1
S6010536	51	Response	222	729898	12589	1
S6010536	52	Sound	20	729899	0	5			0		hit	634
S6010536	52	Port Input	15	732246	2347	1
S6010536	52	Port Input	14	743174	13275	1
S6010536	52	Response	222	743174	13275	1
S6010536	53	Sound	20	743175	0	5			0		hit	638
S6010536	53	Port Input	15	745414	2239	1
S6010536	53	Port Input	14	755822	12647	1
S6010536	53	Response	222	755822	12647	1
S6010536	53	Port Input	15	755822	12648	1
S6010536	53	Port Input	14	755823	12648	5
S6010536	54	Sound	20	755823	0	4			0		hit	644
S6010536	54	Port Input	15	758131	2308	1
S6010536	54	Port Input	14	769325	13502	1
S6010536	54	Response	222	769325	13502	1
S6010536	55	Sound	20	769326	0	4			0		hit	648
S6010536	55	Port Input	15	771808	2482	1
S6010536	55	Port Input	14	782440	13114	1
S6010536	55	Response	222	782440	13114	1
S6010536	55	Port Input	15	782441	13115	1
S6010536	55	Port Input	14	782441	13115	5
S6010536	56	Sound	20	782441	0	4			0		hit	654
S6010536	56	Port Input	15	784605	2163	1
S6010536	56	Port Input	14	795752	13311	1
S6010536	56	Response	222	795752	13311	1
S6010536	57	Sound	20	795753	0	4			0		hit	658
S6010536	57	Port Input	15	797958	2205	1
S6010536	57	Port Input	14	809886	14133	1
S6010536	57	Response	222	809886	14133	1
S6010536	57	Port Input	15	809886	14133	1
S6010536	57	Port Input	14	809887	14134	5
S6010536	58	Sound	20	809887	0	5			0		hit	666
S6010536	58	Port Input	15	812289	2402	1
S6010536	58	Port Input	14	812289	2402	1
S6010536	58	Port Input	15	812290	2403	1
S6010536	58	Port Input	14	823621	13734	1
S6010536	58	Response	222	823621	13734	1
S6010536	58	Port Input	15	823621	13734	1
S6010536	58	Port Input	14	823621	13735	1
S6010536	59	Sound	20	823622	0	4			0		hit	672
S6010536	59	Port Input	15	826130	2508	1
S6010536	59	Port Input	14	837470	13848	1
S6010536	59	Response	222	837470	13848	1
S6010536	59	Port Input	15	837471	13849	5
S6010536	60	Sound	20	837471	0	4			0		hit	684
S6010536	60	Port Input	14	837476	5	1
S6010536	60	Port Input	15	837476	6	1
S6010536	60	Port Input	14	837476	6	1
S6010536	60	Port Input	15	837477	6	1
S6010536	60	Port Input	14	837477	6	1
S6010536	60	Port Input	15	837477	7	1
S6010536	60	Port Input	14	837477	7	1
S6010536	60	Port Input	15	839880	2409	1
S6010536	60	Port Input	14	849302	11832	1
S6010536	60	Response	222	849302	11832	1
S6010536	61	Sound	20	849303	0	4			0		hit	688
S6010536	61	Port Input	15	851512	2209	1
S6010536	61	Port Input	14	862811	13508	1
S6010536	61	Response	222	862811	13508	1
S6010536	61	Port Input	15	862811	13508	1
S6010536	61	Port Input	14	862812	13508	1
S6010536	62	Sound	20	862812	0	5			0		hit	696
S6010536	62	Port Input	15	865141	2330	1
S6010536	62	Port Input	14	865141	2330	1
S6010536	62	Port Input	15	865142	2330	1
S6010536	62	Port Input	14	877435	14623	1
S6010536	62	Response	222	877435	14623	1
S6010536	62	Port Input	15	877435	14623	1
S6010536	62	Port Input	14	877436	14624	5
S6010536	63	Sound	20	877436	0	4			0		hit	714
S6010536	63	Port Input	15	880516	3080	1
S6010536	63	Port Input	14	880516	3080	1
S6010536	63	Port Input	15	880516	3080	1
S6010536	63	Port Input	14	880516	3080	1
S6010536	63	Port Input	15	880517	3080	1
S6010536	63	Port Input	14	880517	3080	1
S6010536	63	Port Input	15	880517	3081	1
S6010536	63	Port Input	14	880517	3081	1
S6010536	63	Port Input	15	880517	3081	1
S6010536	63	Port Input	14	880517	3081	1
S6010536	63	Port Input	15	880518	3081	1
S6010536	63	Port Input	14	880518	3081	1
S6010536	63	Port Input	15	880518	3082	1
S6010536	63	Port Input	14	889513	12077	1
S6010536	63	Response	222	889513	12077	1
S6010536	64	Sound	20	889514	0	4			0		hit	718
S6010536	64	Port Input	15	891742	2228	1
S6010536	64	Port Input	14	901194	11681	1
S6010536	64	Response	222	901194	11681	1
S6010536	64	Port Input	15	901195	11681	1
S6010536	65	Sound	20	901195	0	5			0		hit	802
S6010536	65	Port Input	14	901199	4	1
S6010536	65	Port Input	15	901199	4	1
S6010536	65	Port Input	14	901200	4	1
S6010536	65	Port Input	15	901200	4	1
S6010536	65	Port Input	14	901200	5	1
S6010536	65	Port Input	15	901200	5	1
S6010536	65	Port Input	14	901200	5	1
S6010536	65	Port Input	15	901200	5	1
S6010536	65	Port Input	14	901201	5	1
S6010536	65	Port Input	15	901201	5	1
S6010536	65	Port Input	14	901201	6	1
S6010536	65	Port Input	15	901201	6	1
S6010536	65	Port Input	14	901201	6	1
S6010536	65	Port Input	15	901201	6	1
S6010536	65	Port Input	14	901201	6	1
S6010536	65	Port Input	15	901201	6	1
S6010536	65	Port Input	14	901201	6	1
S6010536	65	Port Input	15	901201	6	1
S6010536	65	Port Input	14	901201	6	1
S6010536	65	Port Input	15	901201	6	1
S6010536	65	Port Input	14	901201	6	1
S6010536	65	Port Input	15	901202	6	1
S6010536	65	Port Input	14	901203	7	1
S6010536	65	Port Input	15	901203	8	1
S6010536	65	Port Input	14	901203	8	1
S6010536	65	Port Input	15	901203	8	1
S6010536	65	Port Input	14	901203	8	1
S6010536	65	Port Input	15	901203	8	1
S6010536	65	Port Input	14	901203	8	1
S6010536	65	Port Input	15	901204	9	1
S6010536	65	Port Input	14	901204	9	1
S6010536	65	Port Input	15	901205	9	1
S6010536	65	Port Input	14	901205	10	1
S6010536	65	Port Input	15	901205	10	1
S6010536	65	Port Input	14	901205	10	1
S6010536	65	Port Input	15	901206	10	1
S6010536	65	Port Input	14	901206	10	1
S6010536	65	Port Input	15	901206	11	1
S6010536	65	Port Input	14	901206	11	1
S6010536	65	Port Input	15	901206	11	1
S6010536	65	Port Input	14	901206	11	1
S6010536	65	Port Input	15	901206	11	1
S6010536	65	Port Input	14	901206	11	1
S6010536	65	Port Input	15	901207	11	1
S6010536	65	Port Input	14	901207	11	1
S6010536	65	Port Input	15	901207	12	1
S6010536	65	Port Input	14	901207	12	1
S6010536	65	Port Input	15	901207	12	1
S6010536	65	Port Input	14	901207	12	1
S6010536	65	Port Input	15	901207	12	1
S6010536	65	Port Input	14	901207	12	1
S6010536	65	Port Input	15	901208	12	1
S6010536	65	Port Input	14	901208	13	1
S6010536	65	Port Input	15	901210	14	1
S6010536	65	Port Input	14	901210	14	1
S6010536	65	Port Input	15	901210	15	1
S6010536	65	Port Input	14	901210	15	1
S6010536	65	Port Input	15	901210	15	1
S6010536	65	Port Input	14	901210	15	1
S6010536	65	Port Input	15	901211	16	1
S6010536	65	Port Input	14	901211	16	1
S6010536	65	Port Input	15	901213	18	1
S6010536	65	Port Input	14	901213	18	1
S6010536	65	Port Input	15	901214	19	1
S6010536	65	Port Input	14	901214	19	1
S6010536	65	Port Input	15	901215	20	1
S6010536	65	Port Input	14	901215	20	1
S6010536	65	Port Input	15	901216	21	1
S6010536	65	Port Input	14	901216	21	1
S6010536	65	Port Input	15	901216	21	1
S6010536	65	Port Input	14	901216	21	1
S6010536	65	Port Input	15	901224	29	1
S6010536	65	Port Input	14	901224	29	1
S6010536	65	Port Input	15	901224	29	1
S6010536	65	Port Input	14	901224	29	1
S6010536	65	Port Input	15	901226	30	1
S6010536	65	Port Input	14	901226	30	1
S6010536	65	Port Input	15	903664	2469	1
S6010536	65	Port Input	14	903664	2469	1
S6010536	65	Port Input	15	903664	2469	1
S6010536	65	Port Input	14	912795	11599	1
S6010536	65	Response	222	912795	11599	1
S6010536	66	Sound	20	912796	0	4			0		hit	806
S6010536	66	Port Input	15	915219	2424	1
S6010536	66	Port Input	14	924891	12095	1
S6010536	66	Response	222	924891	12095	1
S6010536	66	Port Input	15	924891	12096	1
S6010536	66	Port Input	14	924892	12096	5
S6010536	67	Sound	20	924892	0	4			0		hit	836
S6010536	67	Port Input	15	924896	4	1
S6010536	67	Port Input	14	924896	4	1
S6010536	67	Port Input	15	924897	5	1
S6010536	67	Port Input	14	924897	5	1
S6010536	67	Port Input	15	924897	5	1
S6010536	67	Port Input	14	924897	5	1
S6010536	67	Port Input	15	924897	6	1
S6010536	67	Port Input	14	924897	6	1
S6010536	67	Port Input	15	924898	6	1
S6010536	67	Port Input	14	924898	6	1
S6010536	67	Port Input	15	924899	7	1
S6010536	67	Port Input	14	924899	7	1
S6010536	67	Port Input	15	924899	8	1
S6010536	67	Port Input	14	924900	8	1
S6010536	67	Port Input	15	924900	8	1
S6010536	67	Port Input	14	924900	9	1
S6010536	67	Port Input	15	924901	9	1
S6010536	67	Port Input	14	924901	9	1
S6010536	67	Port Input	15	924901	10	1
S6010536	67	Port Input	14	924901	10	1
S6010536	67	Port Input	15	924902	10	1
S6010536	67	Port Input	14	924902	10	1
S6010536	67	Port Input	15	924902	11	1
S6010536	67	Port Input	14	924902	11	1
S6010536	67	Port Input	15	927158	2266	1
S6010536	67	Port Input	14	937901	13009	1
S6010536	67	Response	222	937901	13009	1
S6010536	67	Port Input	15	937901	13009	1
S6010536	67	Port Input	14	937901	13010	5
S6010536	68	Sound	20	937901	0	5			0		hit	844
S6010536	68	Port Input	15	940002	2100	1
S6010536	68	Port Input	14	940002	2101	1
S6010536	68	Port Input	15	940002	2101	1
S6010536	68	Port Input	14	951141	13240	1
S6010536	68	Response	222	951141	13240	1
S6010536	69	Sound	20	951142	0	5			0		hit	850
S6010536	69	Port Input	15	953467	2325	1
S6010536	69	Port Input	14	953468	2325	1
S6010536	69	Port Input	15	953468	2326	1
S6010536	69	Port Input	14	964150	13008	1
S6010536	69	Response	222	964150	13008	1
S6010536	70	Sound	20	964150	0	5			0		hit	864
S6010536	70	Port Input	15	966618	2467	1
S6010536	70	Port Input	14	966618	2467	1
S6010536	70	Port Input	15	966618	2468	1
S6010536	70	Port Input	14	966618	2468	1
S6010536	70	Port Input	15	966619	2468	1
S6010536	70	Port Input	14	966619	2468	1
S6010536	70	Port Input	15	966619	2468	1
S6010536	70	Port Input	14	966619	2468	1
S6010536	70	Port Input	15	966619	2468	1
S6010536	70	Port Input	14	966619	2468	1
S6010536	70	Port Input	15	966619	2468	1
S6010536	70	Port Input	14	974770	10619	1
S6010536	70	Response	222	974770	10619	1
S6010536	71	Sound	20	974770	0	4			0		hit	868
S6010536	71	Port Input	15	976989	2218	1
S6010536	71	Port Input	14	986874	12103	1
S6010536	71	Response	222	986874	12103	1
S6010536	71	Port Input	15	986874	12104	1
S6010536	71	Port Input	14	986875	12104	5
S6010536	72	Sound	20	986875	0	4			0		hit	876
S6010536	72	Port Input	15	989044	2170	1
S6010536	72	Port Input	14	989044	2170	1
S6010536	72	Port Input	15	989044	2170	1
S6010536	72	Port Input	14	998851	11976	1
S6010536	72	Response	222	998851	11976	1
S6010536	73	Sound	20	998851	0	5			0		hit	882
S6010536	73	Port Input	15	1001179	2328	1
S6010536	73	Port Input	14	1001179	2328	1
S6010536	73	Port Input	15	1001180	2328	1
S6010536	73	Port Input	14	1009883	11031	1
S6010536	73	Response	222	1009883	11031	1
S6010536	74	Sound	20	1009883	0	4			0		hit	886
S6010536	74	Port Input	15	1012199	2316	1
S6010536	74	Port Input	14	1022200	12317	1
S6010536	74	Response	222	1022200	12317	1
S6010536	75	Sound	20	1022201	0	4			0		hit	928
S6010536	75	Port Input	15	1022214	13	1
S6010536	75	Port Input	14	1022214	14	1
S6010536	75	Port Input	15	1022215	14	1
S6010536	75	Port Input	14	1022218	17	1
S6010536	75	Port Input	15	1022218	17	1
S6010536	75	Port Input	14	1022218	17	1
S6010536	75	Port Input	15	1022218	17	1
S6010536	75	Port Input	14	1022218	17	1
S6010536	75	Port Input	15	1022219	18	1
S6010536	75	Port Input	14	1022219	18	1
S6010536	75	Port Input	15	1022221	20	1
S6010536	75	Port Input	14	1022221	20	1
S6010536	75	Port Input	15	1022221	21	1
S6010536	75	Port Input	14	1022221	21	1
S6010536	75	Port Input	15	1022222	21	1
S6010536	75	Port Input	14	1022222	21	1
S6010536	75	Port Input	15	1022222	21	1
S6010536	75	Port Input	14	1022222	21	1
S6010536	75	Port Input	15	1022222	22	1
S6010536	75	Port Input	14	1022222	22	1
S6010536	75	Port Input	15	1022223	22	1
S6010536	75	Port Input	14	1022223	22	1
S6010536	75	Port Input	15	1022223	22	1
S6010536	75	Port Input	14	1022223	22	1
S6010536	75	Port Input	15	1022225	24	1
S6010536	75	Port Input	14	1022225	24	1
S6010536	75	Port Input	15	1022226	25	1
S6010536	75	Port Input	14	1022226	25	1
S6010536	75	Port Input	15	1022226	26	1
S6010536	75	Port Input	14	1022226	26	1
S6010536	75	Port Input	15	1022227	26	1
S6010536	75	Port Input	14	1022227	26	1
S6010536	75	Port Input	15	1022231	31	1
S6010536	75	Port Input	14	1022231	31	1
S6010536	75	Port Input	15	1022250	50	1
S6010536	75	Port Input	14	1022250	50	1
S6010536	75	Port Input	15	1022251	50	1
S6010536	75	Port Input	14	1022251	50	1
S6010536	75	Port Input	15	1024443	2243	1
S6010536	75	Port Input	14	1034667	12467	1
S6010536	75	Response	222	1034667	12467	1
S6010536	75	Port Input	15	1034668	12467	1
S6010536	75	Port Input	14	1034668	12467	5
S6010536	76	Sound	20	1034668	0	5			0		hit	940
S6010536	76	Port Input	15	1036714	2046	1
S6010536	76	Port Input	14	1036714	2046	1
S6010536	76	Port Input	15	1036715	2047	1
S6010536	76	Port Input	14	1036715	2047	1
S6010536	76	Port Input	15	1036715	2047	1
S6010536	76	Port Input	14	1036715	2047	1
S6010536	76	Port Input	15	1036715	2047	1
S6010536	76	Port Input	14	1046458	11790	1
S6010536	76	Response	222	1046458	11790	1
S6010536	76	Port Input	15	1046458	11790	1
S6010536	76	Port Input	14	1046458	11790	1
S6010536	77	Sound	20	1046459	0	4			0		hit	946
S6010536	77	Port Input	15	1048425	1966	1
S6010536	77	Port Input	14	1059669	13210	1
S6010536	77	Response	222	1059669	13210	1
S6010536	78	Sound	20	1059669	0	5			0		hit	950
S6010536	78	Port Input	15	1061940	2271	1
S6010536	78	Port Input	14	1072802	13132	1
S6010536	78	Response	222	1072802	13132	1
S6010536	78	Port Input	15	1072802	13133	1
S6010536	78	Port Input	14	1072802	13133	1
S6010536	79	Sound	20	1072802	0	5			0		hit	956
S6010536	79	Port Input	15	1074968	2165	1
S6010536	79	Port Input	14	1086334	13531	1
S6010536	79	Response	222	1086334	13531	1
S6010536	79	Port Input	15	1086334	13531	1
S6010536	79	Port Input	14	1086334	13532	1
S6010536	80	Sound	20	1086334	0	4			0		hit	964
S6010536	80	Port Input	15	1088519	2185	1
S6010536	80	Port Input	14	1088519	2185	1
S6010536	80	Port Input	15	1088520	2185	1
S6010536	80	Port Input	14	1100247	13912	1
S6010536	80	Response	222	1100247	13912	1
S6010536	80	Port Input	15	1100247	13912	1
S6010536	80	Port Input	14	1100247	13913	1
S6010536	81	Sound	20	1100248	0	4			0		hit	970
S6010536	81	Port Input	15	1102494	2246	1
S6010536	81	Port Input	14	1112139	11891	1
S6010536	81	Response	222	1112139	11891	1
S6010536	82	Sound	20	1112139	0	5			0		hit	974
S6010536	82	Port Input	15	1114401	2262	1
S6010536	82	Port Input	14	1123959	11820	1
S6010536	82	Response	222	1123959	11820	1
S6010536	83	Sound	20	1123960	0	4			0		hit	978
S6010536	83	Port Input	15	1126166	2206	1
S6010536	83	Port Input	14	1137253	13293	1
S6010536	83	Response	222	1137253	13293	1
S6010536	84	Sound	20	1137254	0	5			0		hit	982
S6010536	84	Port Input	15	1139724	2470	1
S6010536	84	Port Input	14	1149575	12321	1
S6010536	84	Response	222	1149575	12321	1
S6010536	85	Sound	20	1149576	0	4			0		hit	986
S6010536	85	Port Input	15	1151597	2021	1
S6010536	85	Port Input	14	1163928	14352	1
S6010536	85	Response	222	1163928	14352	1
S6010536	86	Sound	20	1163929	0	4			0		hit	992
S6010536	86	Port Input	15	1166201	2272	1
S6010536	86	Port Input	14	1166201	2272	1
S6010536	86	Port Input	15	1166201	2272	1
S6010536	86	Port Input	14	1176743	12814	1
S6010536	86	Response	222	1176743	12814	1
S6010536	87	Sound	20	1176744	0	4			0		hit	998
S6010536	87	Port Input	15	1179037	2293	1
S6010536	87	Port Input	14	1179037	2293	1
S6010536	87	Port Input	15	1179037	2293	1
S6010536	87	Port Input	14	1188458	11714	1
S6010536	87	Response	222	1188458	11714	1
S6010536	88	Sound	20	1188458	0	4			0		hit	1004
S6010536	88	Port Input	15	1190469	2011	1
S6010536	88	Port Input	14	1190469	2011	1
S6010536	88	Port Input	15	1190470	2011	1
S6010536	88	Port Input	14	1200447	11988	1
S6010536	88	Response	222	1200447	11988	1
S6010536	89	Sound	20	1200447	0	5			0		hit	1008
S6010536	89	Port Input	15	1202660	2213	1
S6010536	89	Port Input	14	1211741	11294	1
S6010536	89	Response	222	1211741	11294	1
S6010536	89	Port Input	15	1211742	11294	1
S6010536	89	Port Input	14	1211742	11295	1
S6010536	89	Port Input	15	1211742	11295	1
S6010536	89	Port Input	14	1211742	11295	5
S6010536	90	Sound	20	1211742	0	4			0		hit	1018
S6010536	90	Port Input	15	1213910	2167	1
S6010536	90	Port Input	14	1213910	2167	1
S6010536	90	Port Input	15	1213910	2168	1
S6010536	90	Port Input	14	1223672	11930	1
S6010536	90	Response	222	1223672	11930	1
S6010536	91	Sound	20	1223673	0	5			0		hit	1022
S6010536	91	Port Input	15	1225742	2069	1
S6010536	91	Port Input	14	1234476	10803	1
S6010536	91	Response	222	1234476	10803	1
S6010536	92	Sound	20	1234477	0	5			0		hit	1026
S6010536	92	Port Input	15	1236786	2309	1
S6010536	92	Port Input	14	1246495	12017	1
S6010536	92	Response	222	1246495	12017	1
S6010536	93	Sound	20	1246495	0	5			0		hit	1032
S6010536	93	Port Input	15	1248874	2379	1
S6010536	93	Port Input	14	1248874	2379	1
S6010536	93	Port Input	15	1248875	2379	1
S6010536	93	Port Input	14	1258352	11856	1
S6010536	93	Response	222	1258352	11856	1
S6010536	94	Sound	20	1258353	0	4			0		hit	1036
S6010536	94	Port Input	15	1260565	2212	1
S6010536	94	Port Input	14	1270113	11760	1
S6010536	94	Response	222	1270113	11760	1
S6010536	95	Sound	20	1270114	0	4			0		hit	1040
S6010536	95	Port Input	15	1272511	2397	1
S6010536	95	Port Input	14	1282029	11916	1
S6010536	95	Response	222	1282029	11916	1
S6010536	96	Sound	20	1282030	0	5			0		hit	1044
S6010536	96	Port Input	15	1284169	2139	1
S6010536	96	Port Input	14	1293060	11030	1
S6010536	96	Response	222	1293060	11030	1
S6010536	96	Port Input	15	1293060	11030	1
S6010536	96	Port Input	14	1293060	11030	1
S6010536	97	Sound	20	1293061	0	4			0		hit	1050
S6010536	97	Port Input	15	1295355	2294	1
S6010536	97	Port Input	14	1304348	11287	1
S6010536	97	Response	222	1304348	11287	1
S6010536	98	Sound	20	1304348	0	5			0		hit	1070
S6010536	98	Port Input	15	1304354	6	1
S6010536	98	Port Input	14	1304354	6	1
S6010536	98	Port Input	15	1304354	6	1
S6010536	98	Port Input	14	1304354	6	1
S6010536	98	Port Input	15	1304354	6	1
S6010536	98	Port Input	14	1304355	6	1
S6010536	98	Port Input	15	1306122	1774	1
S6010536	98	Port Input	14	1306122	1774	1
S6010536	98	Port Input	15	1306122	1774	1
S6010536	98	Port Input	14	1306122	1774	1
S6010536	98	Port Input	15	1306122	1774	1
S6010536	98	Port Input	14	1306122	1774	1
S6010536	98	Port Input	15	1306123	1774	1
S6010536	98	Port Input	14	1306123	1775	1
S6010536	98	Port Input	15	1306123	1775	1
S6010536	98	Port Input	14	1306123	1775	1
S6010536	98	Port Input	15	1306124	1775	1
S6010536	98	Port Input	14	1315606	11258	1
S6010536	98	Response	222	1315606	11258	1
S6010536	99	Sound	20	1315607	0	4			0		hit	1078
S6010536	99	Port Input	15	1317769	2162	1
S6010536	99	Port Input	14	1317769	2162	1
S6010536	99	Port Input	15	1317771	2164	1
S6010536	99	Port Input	14	1317771	2164	1
S6010536	99	Port Input	15	1317771	2164	1
S6010536	99	Port Input	14	1327345	11738	1
S6010536	99	Response	222	1327345	11738	1
S6010536	100	Sound	20	1327346	0	4			0		hit	1084
S6010536	100	Port Input	15	1329636	2290	1
S6010536	100	Port Input	14	1329636	2290	1
S6010536	100	Port Input	15	1329636	2290	1
S6010536	100	Port Input	14	1338514	11168	1
S6010536	100	Response	222	1338514	11168	1
S6010536	100	Port Input	15	1338514	11168	1
S6010536	100	Port Input	14	1338515	11169	1
S6010536	101	Sound	20	1338515	0	4			0		hit	1100
S6010536	101	Port Input	15	1338519	4	1
S6010536	101	Port Input	14	1338519	4	1
S6010536	101	Port Input	15	1338520	5	1
S6010536	101	Port Input	14	1338520	5	1
S6010536	101	Port Input	15	1338521	6	1
S6010536	101	Port Input	14	1338521	6	1
S6010536	101	Port Input	15	1338522	7	1
S6010536	101	Port Input	14	1338522	7	1
S6010536	101	Port Input	15	1338522	7	1
S6010536	101	Port Input	14	1338522	7	1
S6010536	101	Port Input	15	1341435	2919	1
S6010536	101	Port Input	14	1350356	11841	1
S6010536	101	Response	222	1350356	11841	1
S6010536	101	Port Input	15	1350357	11842	5
S6010536	102	Sound	20	1350357	0	4			0		other	0
S6010536	102	Port Input	14	1350363	6	95
S6010536	102	Port Input	15	1353152	2795	1
S6010536	102	Port Input	14	1353152	2795	1
S6010536	102	Port Input	15	1353152	2795	1
S6010536	102	Port Input	14	1353152	2795	1
S6010536	102	Port Input	15	1353152	2795	1
S6010536	103	Port Input	14	1361332	975	1
S6010536	103	Response	20	1361332	975	1
S6010536	103	Port Input	15	1361333	976	1
S6010536	103	Port Input	14	1361333	976	1
S6010536	103	Port Input	15	1364958	4601	1
S6010536	104	Port Input	14	1372732	2347	1
S6010536	104	Response	20	1372732	2347	1
S6010536	104	Port Input	15	1376040	5654	1
S6010536	104	Port Input	14	1376040	5654	1
S6010536	104	Port Input	15	1376041	5656	1

The following output port codes were not sent because of a conflict on the port.
Port	Code	Time(ms)
1	20	135046
