Scenario - passive press generic training 1.2
Logfile written - 03/08/2023 15:40:56

Subject	Trial	Event Type	Code	Time	TTime	Uncertainty	Duration	Uncertainty	ReqTime	ReqDur	Stim Type	Pair Index

S6015421	1	Picture	83	39	0	1	5000	1	0	4950	other	0
S6015421	1	Picture	82	10039	10000	1	5000	1	9950	4950	other	0
S6015421	1	Picture	81	20039	19999	1	5000	1	19950	4950	other	0
S6015421	1	Picture	80	30038	29999	1	5000	1	29950	4950	other	0
S6015421	1	Picture	81	40038	39999	1	10000	1	39950	9950	other	0
S6015421	1	Port Input	14	48495	48456	1
S6015421	1	Response	100	48495	48456	1
S6015421	1	Port Input	15	48496	48457	1
S6015421	1	Port Input	14	48496	48457	1
S6015421	1	Port Input	15	48496	48457	1
S6015421	1	Port Input	14	48496	48457	1
S6015421	1	Port Input	15	48608	48568	1
S6015421	1	Port Input	14	48608	48568	1
S6015421	1	Port Input	15	48610	48571	1
S6015421	1	Port Input	14	48610	48571	1
S6015421	1	Port Input	15	48611	48571	1
S6015421	1	Port Input	14	48611	48571	1
S6015421	1	Port Input	15	48612	48572	1
S6015421	1	Port Input	14	48612	48572	1
S6015421	1	Port Input	15	48612	48572	1
S6015421	1	Port Input	14	48612	48572	1
S6015421	1	Port Input	15	48612	48573	1
S6015421	1	Port Input	14	48612	48573	1
S6015421	1	Port Input	15	48613	48573	1
S6015421	1	Port Input	14	48613	48573	1
S6015421	1	Port Input	15	48613	48573	1
S6015421	1	Port Input	14	48613	48573	1
S6015421	1	Port Input	15	48614	48574	1
S6015421	1	Port Input	14	48614	48574	1
S6015421	1	Port Input	15	48615	48576	1
S6015421	1	Port Input	14	48615	48576	1
S6015421	1	Port Input	15	48616	48576	1
S6015421	1	Port Input	14	48616	48576	1
S6015421	1	Port Input	15	48616	48577	1
S6015421	1	Port Input	14	48616	48577	1
S6015421	1	Port Input	15	48619	48579	1
S6015421	1	Port Input	14	48619	48579	1
S6015421	1	Port Input	15	48621	48582	1
S6015421	1	Port Input	14	48621	48582	1
S6015421	1	Port Input	15	48623	48583	1
S6015421	1	Port Input	14	48623	48583	1
S6015421	1	Port Input	15	48624	48584	1
S6015421	1	Port Input	14	48624	48584	1
S6015421	1	Port Input	15	48624	48585	1
S6015421	1	Port Input	14	48624	48585	1
S6015421	1	Port Input	15	48625	48586	1
S6015421	1	Port Input	14	48625	48586	1
S6015421	1	Port Input	15	48627	48587	1
S6015421	1	Port Input	14	48627	48587	1
S6015421	1	Port Input	15	48628	48588	1
S6015421	1	Port Input	14	48628	48588	1
S6015421	1	Port Input	15	48628	48589	1
S6015421	1	Port Input	14	48628	48589	1
S6015421	1	Port Input	15	48628	48589	1
S6015421	1	Port Input	14	48628	48589	1
S6015421	1	Port Input	15	48629	48589	1
S6015421	1	Port Input	14	48629	48589	1
S6015421	1	Port Input	15	48629	48589	1
S6015421	1	Port Input	14	48629	48590	1
S6015421	1	Port Input	15	48629	48590	1
S6015421	1	Port Input	14	48629	48590	1
S6015421	1	Port Input	15	48629	48590	1
S6015421	1	Port Input	14	48629	48590	1
S6015421	1	Port Input	15	48629	48590	1
S6015421	1	Port Input	14	48629	48590	1
S6015421	1	Port Input	15	48629	48590	1
S6015421	1	Port Input	14	48629	48590	1
S6015421	1	Port Input	15	48630	48590	1
S6015421	1	Port Input	14	48630	48590	1
S6015421	1	Port Input	15	48630	48590	1
S6015421	1	Port Input	14	48630	48590	1
S6015421	1	Port Input	15	48630	48591	1
S6015421	1	Port Input	14	48630	48591	1
S6015421	1	Port Input	15	48631	48591	1
S6015421	1	Port Input	14	48631	48591	1
S6015421	1	Port Input	15	48631	48591	1
S6015421	1	Port Input	14	48631	48591	1
S6015421	1	Port Input	15	48632	48592	1
S6015421	1	Port Input	14	48632	48592	1
S6015421	1	Port Input	15	48632	48592	1
S6015421	1	Port Input	14	48632	48592	1
S6015421	1	Port Input	15	48632	48593	1
S6015421	1	Port Input	14	48632	48593	1
S6015421	1	Port Input	15	48632	48593	1
S6015421	1	Port Input	14	48632	48593	1
S6015421	1	Port Input	15	48633	48594	1
S6015421	1	Port Input	14	48633	48594	1
S6015421	1	Port Input	15	48635	48596	1
S6015421	1	Port Input	14	48636	48596	1
S6015421	1	Port Input	15	48638	48598	1
S6015421	1	Port Input	14	48638	48598	1
S6015421	1	Port Input	15	48639	48600	1
S6015421	1	Port Input	14	48639	48600	1
S6015421	1	Port Input	15	48640	48601	1
S6015421	1	Port Input	14	48640	48601	1
S6015421	1	Port Input	15	48641	48602	1
S6015421	1	Port Input	14	48641	48602	1
S6015421	1	Port Input	15	48642	48603	1
S6015421	1	Port Input	14	48642	48603	1
S6015421	1	Port Input	15	48642	48603	1
S6015421	1	Port Input	14	48642	48603	1
S6015421	1	Port Input	15	48643	48603	1
S6015421	1	Port Input	14	48643	48603	1
S6015421	1	Port Input	15	48644	48605	1
S6015421	1	Port Input	14	48644	48605	1
S6015421	1	Port Input	15	48645	48605	1
S6015421	1	Port Input	14	48645	48605	1
S6015421	1	Port Input	15	48645	48606	1
S6015421	1	Port Input	14	48645	48606	1
S6015421	1	Port Input	15	48646	48607	1
S6015421	1	Port Input	14	48646	48607	1
S6015421	1	Port Input	15	48646	48607	1
S6015421	1	Port Input	14	48646	48607	1
S6015421	1	Port Input	15	48647	48607	1
S6015421	1	Port Input	14	48647	48607	1
S6015421	1	Port Input	15	48648	48608	1
S6015421	1	Port Input	14	48648	48608	1
S6015421	1	Port Input	15	48648	48609	1
S6015421	1	Port Input	14	48648	48609	1
S6015421	1	Port Input	15	48648	48609	1
S6015421	1	Port Input	14	48648	48609	1
S6015421	1	Port Input	15	48649	48609	1
S6015421	1	Port Input	14	48649	48609	1
S6015421	1	Port Input	15	48649	48609	1
S6015421	1	Port Input	14	48649	48609	1
S6015421	1	Port Input	15	48649	48610	1
S6015421	1	Port Input	14	48649	48610	1
S6015421	1	Port Input	15	48655	48616	1
S6015421	1	Port Input	14	48655	48616	1
S6015421	1	Port Input	15	48658	48619	1
S6015421	1	Port Input	14	48658	48619	1
S6015421	1	Port Input	15	48658	48619	1
S6015421	1	Port Input	14	48658	48619	1
S6015421	1	Port Input	15	48668	48629	1
S6015421	1	Port Input	14	48668	48629	1
S6015421	1	Port Input	15	48676	48637	1
S6015421	1	Port Input	14	48676	48637	1
S6015421	1	Port Input	15	48677	48638	1
S6015421	1	Port Input	14	48677	48638	1
S6015421	1	Port Input	15	48679	48640	1
S6015421	1	Port Input	14	48679	48640	1
S6015421	1	Port Input	15	48728	48689	1
S6015421	1	Port Input	14	48729	48689	1
S6015421	1	Port Input	15	48729	48690	1
S6015421	1	Port Input	14	48729	48690	1
S6015421	1	Port Input	15	48730	48690	1
S6015421	1	Port Input	14	48730	48690	1
S6015421	1	Port Input	15	48730	48691	1
S6015421	1	Port Input	14	48758	48718	1
S6015421	1	Port Input	15	48759	48719	1
S6015421	1	Port Input	14	48783	48744	1
S6015421	1	Port Input	15	48787	48748	1
S6015421	1	Port Input	14	48787	48748	1
S6015421	1	Port Input	15	48791	48751	1
S6015421	1	Port Input	14	48791	48752	1
S6015421	1	Port Input	15	48792	48753	1
S6015421	1	Port Input	14	48792	48753	1
S6015421	1	Port Input	15	48793	48753	1
S6015421	1	Port Input	14	48793	48753	1
S6015421	1	Port Input	15	48794	48755	1
S6015421	1	Port Input	14	49763	49723	1
S6015421	1	Port Input	15	49851	49812	1
S6015421	1	Port Input	14	49873	49834	1
S6015421	1	Port Input	15	50054	50014	1
S6015421	1	Port Input	14	50054	50014	1
S6015421	1	Port Input	15	50215	50176	1
S6015421	1	Port Input	14	50215	50176	1
S6015421	1	Port Input	15	50216	50176	1
S6015421	1	Port Input	14	50216	50176	1
S6015421	1	Port Input	15	50216	50177	1
S6015421	1	Port Input	14	50216	50177	1
S6015421	1	Port Input	15	50216	50177	1
S6015421	1	Port Input	14	50216	50177	1
S6015421	1	Port Input	15	50216	50177	1
S6015421	1	Picture	81	60037	59998	1	10000	1	59950	9950	other	0
S6015421	1	Port Input	14	62428	62389	1
S6015421	1	Response	100	62428	62389	1
S6015421	1	Port Input	15	62428	62389	1
S6015421	1	Port Input	14	62429	62389	1
S6015421	1	Port Input	15	62429	62389	1
S6015421	1	Port Input	14	62429	62389	1
S6015421	1	Port Input	15	62507	62468	1
S6015421	1	Port Input	14	62507	62468	1
S6015421	1	Port Input	15	62511	62471	1
S6015421	1	Port Input	14	62511	62471	1
S6015421	1	Port Input	15	62511	62471	1
S6015421	1	Port Input	14	62511	62471	1
S6015421	1	Port Input	15	62511	62472	1
S6015421	1	Port Input	14	62511	62472	1
S6015421	1	Port Input	15	62511	62472	1
S6015421	1	Port Input	14	62511	62472	1
S6015421	1	Port Input	15	62512	62472	1
S6015421	1	Port Input	14	62512	62472	1
S6015421	1	Port Input	15	62512	62473	1
S6015421	1	Port Input	14	62512	62473	1
S6015421	1	Port Input	15	62514	62475	1
S6015421	1	Port Input	14	62514	62475	1
S6015421	1	Port Input	15	62514	62475	1
S6015421	1	Port Input	14	62514	62475	1
S6015421	1	Port Input	15	62515	62475	1
S6015421	1	Port Input	14	62515	62475	1
S6015421	1	Port Input	15	62515	62475	1
S6015421	1	Port Input	14	62515	62475	1
S6015421	1	Port Input	15	62515	62476	1
S6015421	1	Port Input	14	62515	62476	1
S6015421	1	Port Input	15	62516	62477	1
S6015421	1	Port Input	14	62516	62477	1
S6015421	1	Port Input	15	62517	62477	1
S6015421	1	Port Input	14	62517	62477	1
S6015421	1	Port Input	15	62518	62478	1
S6015421	1	Port Input	14	62518	62478	1
S6015421	1	Port Input	15	62519	62480	1
S6015421	1	Port Input	14	62519	62480	1
S6015421	1	Port Input	15	62522	62483	1
S6015421	1	Port Input	14	62522	62483	1
S6015421	1	Port Input	15	62523	62484	1
S6015421	1	Port Input	14	62523	62484	1
S6015421	1	Port Input	15	62524	62484	1
S6015421	1	Port Input	14	62524	62484	1
S6015421	1	Port Input	15	62524	62484	1
S6015421	1	Port Input	14	62524	62484	1
S6015421	1	Port Input	15	62524	62485	1
S6015421	1	Port Input	14	62524	62485	1
S6015421	1	Port Input	15	62525	62485	1
S6015421	1	Port Input	14	62525	62485	1
S6015421	1	Port Input	15	62532	62493	1
S6015421	1	Port Input	14	62532	62493	1
S6015421	1	Port Input	15	62547	62508	1
S6015421	1	Port Input	14	62547	62508	1
S6015421	1	Port Input	15	62548	62508	1
S6015421	1	Port Input	14	62548	62508	1
S6015421	1	Port Input	15	62550	62511	1
S6015421	1	Port Input	14	62550	62511	1
S6015421	1	Port Input	15	62551	62512	1
S6015421	1	Port Input	14	62551	62512	1
S6015421	1	Port Input	15	62551	62512	1
S6015421	1	Port Input	14	62551	62512	1
S6015421	1	Port Input	15	62559	62520	1
S6015421	1	Port Input	14	62559	62520	1
S6015421	1	Port Input	15	62564	62525	1
S6015421	1	Port Input	14	62564	62525	1
S6015421	1	Port Input	15	62574	62534	1
S6015421	1	Port Input	14	62574	62534	1
S6015421	1	Port Input	15	62639	62600	1
S6015421	1	Port Input	14	62639	62600	1
S6015421	1	Port Input	15	63469	63430	1
S6015421	1	Port Input	14	63470	63430	1
S6015421	1	Port Input	15	63470	63431	1
S6015421	1	Port Input	14	63471	63431	1
S6015421	1	Port Input	15	63471	63432	1
S6015421	1	Port Input	14	63471	63432	1
S6015421	1	Port Input	15	63473	63434	1
S6015421	1	Port Input	14	63473	63434	1
S6015421	1	Port Input	15	63474	63434	1
S6015421	1	Port Input	14	63474	63434	1
S6015421	1	Port Input	15	63478	63438	1
S6015421	1	Port Input	14	63479	63439	1
S6015421	1	Port Input	15	63543	63503	1
S6015421	1	Port Input	14	63543	63503	1
S6015421	1	Port Input	15	63544	63504	1
S6015421	1	Port Input	14	63545	63505	1
S6015421	1	Port Input	15	63545	63505	1
S6015421	1	Port Input	14	63545	63505	1
S6015421	1	Port Input	15	63545	63506	1
S6015421	1	Port Input	14	63545	63506	1
S6015421	1	Port Input	15	63639	63600	1
S6015421	1	Port Input	14	63640	63600	1
S6015421	1	Port Input	15	63794	63755	1
S6015421	1	Port Input	14	63794	63755	1
S6015421	1	Port Input	15	64053	64014	1
S6015421	1	Port Input	14	64053	64014	1
S6015421	1	Port Input	15	64055	64015	1
S6015421	1	Port Input	14	64055	64015	1
S6015421	1	Port Input	15	64055	64016	1
S6015421	1	Port Input	14	64055	64016	1
S6015421	1	Port Input	15	64055	64016	1
S6015421	1	Port Input	14	64055	64016	1
S6015421	1	Port Input	15	64055	64016	1
S6015421	1	Port Input	14	64055	64016	1
S6015421	1	Port Input	15	64056	64016	1
S6015421	1	Picture	81	80037	79997	1	10000	1	79950	9950	other	0
S6015421	1	Port Input	14	81905	81865	1
S6015421	1	Response	100	81905	81865	1
S6015421	1	Port Input	15	81905	81866	1
S6015421	1	Port Input	14	81905	81866	1
S6015421	1	Port Input	15	81906	81867	1
S6015421	1	Port Input	14	81906	81867	1
S6015421	1	Port Input	15	81907	81868	1
S6015421	1	Port Input	14	81907	81868	1
S6015421	1	Port Input	15	81961	81922	1
S6015421	1	Port Input	14	81961	81922	1
S6015421	1	Port Input	15	81962	81922	1
S6015421	1	Port Input	14	81962	81922	1
S6015421	1	Port Input	15	81963	81924	1
S6015421	1	Port Input	14	81963	81924	1
S6015421	1	Port Input	15	81965	81925	1
S6015421	1	Port Input	14	81965	81925	1
S6015421	1	Port Input	15	81965	81926	1
S6015421	1	Port Input	14	81965	81926	1
S6015421	1	Port Input	15	81966	81927	1
S6015421	1	Port Input	14	81966	81927	1
S6015421	1	Port Input	15	81966	81927	1
S6015421	1	Port Input	14	81966	81927	1
S6015421	1	Port Input	15	81967	81927	1
S6015421	1	Port Input	14	81967	81928	1
S6015421	1	Port Input	15	81967	81928	1
S6015421	1	Port Input	14	81967	81928	1
S6015421	1	Port Input	15	81968	81929	1
S6015421	1	Port Input	14	81968	81929	1
S6015421	1	Port Input	15	81970	81930	1
S6015421	1	Port Input	14	81970	81930	1
S6015421	1	Port Input	15	81971	81931	1
S6015421	1	Port Input	14	81971	81931	1
S6015421	1	Port Input	15	81971	81932	1
S6015421	1	Port Input	14	81971	81932	1
S6015421	1	Port Input	15	81979	81940	1
S6015421	1	Port Input	14	81980	81940	1
S6015421	1	Port Input	15	81980	81941	1
S6015421	1	Port Input	14	81980	81941	1
S6015421	1	Port Input	15	81981	81941	1
S6015421	1	Port Input	14	81981	81941	1
S6015421	1	Port Input	15	81982	81943	1
S6015421	1	Port Input	14	81982	81943	1
S6015421	1	Port Input	15	81982	81943	1
S6015421	1	Port Input	14	81982	81943	1
S6015421	1	Port Input	15	81990	81950	1
S6015421	1	Port Input	14	81990	81950	1
S6015421	1	Port Input	15	81993	81953	1
S6015421	1	Port Input	14	81993	81953	1
S6015421	1	Port Input	15	81994	81954	1
S6015421	1	Port Input	14	81994	81954	1
S6015421	1	Port Input	15	81994	81955	1
S6015421	1	Port Input	14	81994	81955	1
S6015421	1	Port Input	15	81999	81959	1
S6015421	1	Port Input	14	81999	81959	1
S6015421	1	Port Input	15	81999	81960	1
S6015421	1	Port Input	14	81999	81960	1
S6015421	1	Port Input	15	81999	81960	1
S6015421	1	Port Input	14	81999	81960	1
S6015421	1	Port Input	15	82000	81960	1
S6015421	1	Port Input	14	82000	81960	1
S6015421	1	Port Input	15	82000	81961	1
S6015421	1	Port Input	14	82000	81961	1
S6015421	1	Port Input	15	82001	81961	1
S6015421	1	Port Input	14	82001	81961	1
S6015421	1	Port Input	15	82002	81962	1
S6015421	1	Port Input	14	82002	81962	1
S6015421	1	Port Input	15	82002	81962	1
S6015421	1	Port Input	14	82002	81962	1
S6015421	1	Port Input	15	82002	81963	1
S6015421	1	Port Input	14	82002	81963	1
S6015421	1	Port Input	15	82003	81963	1
S6015421	1	Port Input	14	82003	81963	1
S6015421	1	Port Input	15	82003	81963	1
S6015421	1	Port Input	14	82003	81963	1
S6015421	1	Port Input	15	82003	81964	1
S6015421	1	Port Input	14	82004	81964	1
S6015421	1	Port Input	15	82004	81964	1
S6015421	1	Port Input	14	82004	81964	1
S6015421	1	Port Input	15	82006	81966	1
S6015421	1	Port Input	14	82006	81966	1
S6015421	1	Port Input	15	82006	81967	1
S6015421	1	Port Input	14	82006	81967	1
S6015421	1	Port Input	15	82007	81967	1
S6015421	1	Port Input	14	82007	81967	1
S6015421	1	Port Input	15	82007	81968	1
S6015421	1	Port Input	14	82007	81968	1
S6015421	1	Port Input	15	82008	81968	1
S6015421	1	Port Input	14	82008	81968	1
S6015421	1	Port Input	15	82008	81968	1
S6015421	1	Port Input	14	82008	81968	1
S6015421	1	Port Input	15	82008	81969	1
S6015421	1	Port Input	14	82008	81969	1
S6015421	1	Port Input	15	82009	81969	1
S6015421	1	Port Input	14	82009	81969	1
S6015421	1	Port Input	15	82010	81970	1
S6015421	1	Port Input	14	82010	81970	1
S6015421	1	Port Input	15	82010	81971	1
S6015421	1	Port Input	14	82010	81971	1
S6015421	1	Port Input	15	82011	81972	1
S6015421	1	Port Input	14	82011	81972	1
S6015421	1	Port Input	15	82011	81972	1
S6015421	1	Port Input	14	82011	81972	1
S6015421	1	Port Input	15	82012	81972	1
S6015421	1	Port Input	14	82012	81972	1
S6015421	1	Port Input	15	82012	81973	1
S6015421	1	Port Input	14	82012	81973	1
S6015421	1	Port Input	15	82013	81974	1
S6015421	1	Port Input	14	82013	81974	1
S6015421	1	Port Input	15	82014	81974	1
S6015421	1	Port Input	14	82014	81974	1
S6015421	1	Port Input	15	82014	81975	1
S6015421	1	Port Input	14	82014	81975	1
S6015421	1	Port Input	15	82016	81976	1
S6015421	1	Port Input	14	82016	81976	1
S6015421	1	Port Input	15	82016	81976	1
S6015421	1	Port Input	14	82016	81976	1
S6015421	1	Port Input	15	82016	81977	1
S6015421	1	Port Input	14	82016	81977	1
S6015421	1	Port Input	15	82018	81979	1
S6015421	1	Port Input	14	82018	81979	1
S6015421	1	Port Input	15	82021	81981	1
S6015421	1	Port Input	14	82021	81981	1
S6015421	1	Port Input	15	82045	82006	1
S6015421	1	Port Input	14	82045	82006	1
S6015421	1	Port Input	15	82049	82009	1
S6015421	1	Port Input	14	82049	82009	1
S6015421	1	Port Input	15	82049	82010	1
S6015421	1	Port Input	14	82049	82010	1
S6015421	1	Port Input	15	82051	82012	1
S6015421	1	Port Input	14	82051	82012	1
S6015421	1	Port Input	15	82052	82013	1
S6015421	1	Port Input	14	82052	82013	1
S6015421	1	Port Input	15	82052	82013	1
S6015421	1	Port Input	14	82052	82013	1
S6015421	1	Port Input	15	82081	82041	1
S6015421	1	Port Input	14	82081	82041	1
S6015421	1	Port Input	15	82082	82042	1
S6015421	1	Port Input	14	82082	82043	1
S6015421	1	Port Input	15	82084	82044	1
S6015421	1	Port Input	14	82084	82044	1
S6015421	1	Port Input	15	82084	82045	1
S6015421	1	Port Input	14	82084	82045	1
S6015421	1	Port Input	15	82084	82045	1
S6015421	1	Port Input	14	82757	82717	1
S6015421	1	Port Input	15	82761	82722	1
S6015421	1	Port Input	14	82761	82722	1
S6015421	1	Port Input	15	82762	82723	1
S6015421	1	Port Input	14	82762	82723	1
S6015421	1	Port Input	15	82764	82724	1
S6015421	1	Port Input	14	82764	82724	1
S6015421	1	Port Input	15	82764	82725	1
S6015421	1	Port Input	14	82781	82741	1
S6015421	1	Port Input	15	82878	82839	1
S6015421	1	Port Input	14	82878	82839	1
S6015421	1	Port Input	15	82879	82839	1
S6015421	1	Port Input	14	82879	82840	1
S6015421	1	Port Input	15	82879	82840	1
S6015421	1	Port Input	14	82879	82840	1
S6015421	1	Port Input	15	82881	82842	1
S6015421	1	Port Input	14	82881	82842	1
S6015421	1	Port Input	15	82882	82843	1
S6015421	1	Port Input	14	82882	82843	1
S6015421	1	Port Input	15	82883	82843	1
S6015421	1	Port Input	14	82883	82843	1
S6015421	1	Port Input	15	82884	82845	1
S6015421	1	Port Input	14	82884	82845	1
S6015421	1	Port Input	15	82885	82845	1
S6015421	1	Port Input	14	82885	82846	1
S6015421	1	Port Input	15	82886	82847	1
S6015421	1	Port Input	14	82886	82847	1
S6015421	1	Port Input	15	82891	82852	1
S6015421	1	Port Input	14	82891	82852	1
S6015421	1	Port Input	15	82893	82854	1
S6015421	1	Port Input	14	82893	82854	1
S6015421	1	Port Input	15	82894	82854	1
S6015421	1	Port Input	14	82894	82855	1
S6015421	1	Port Input	15	82898	82859	1
S6015421	1	Port Input	14	82898	82859	1
S6015421	1	Port Input	15	82902	82863	1
S6015421	1	Port Input	14	82902	82863	1
S6015421	1	Port Input	15	82908	82869	1
S6015421	1	Port Input	14	82908	82869	1
S6015421	1	Port Input	15	82908	82869	1
S6015421	1	Port Input	14	82910	82870	1
S6015421	1	Port Input	15	82914	82875	1
S6015421	1	Port Input	14	82914	82875	1
S6015421	1	Port Input	15	82923	82883	1
S6015421	1	Port Input	14	82923	82883	1
S6015421	1	Port Input	15	83032	82992	1
S6015421	1	Port Input	14	83032	82992	1
S6015421	1	Port Input	15	83129	83089	1
S6015421	1	Port Input	14	83129	83089	1
S6015421	1	Port Input	15	83131	83092	1
S6015421	1	Port Input	14	83131	83092	1
S6015421	1	Port Input	15	83138	83098	1
S6015421	1	Port Input	14	83138	83098	1
S6015421	1	Port Input	15	83139	83099	1
S6015421	1	Port Input	14	83139	83099	1
S6015421	1	Port Input	15	83139	83100	1
S6015421	1	Port Input	14	83139	83100	1
S6015421	1	Port Input	15	83140	83101	1
S6015421	1	Port Input	14	83140	83101	1
S6015421	1	Port Input	15	83142	83102	1
S6015421	1	Port Input	14	83142	83102	1
S6015421	1	Port Input	15	83142	83103	1
S6015421	1	Port Input	14	83142	83103	1
S6015421	1	Port Input	15	83143	83103	1
S6015421	1	Port Input	14	83143	83103	1
S6015421	1	Port Input	15	83143	83104	1
S6015421	1	Port Input	14	83143	83104	1
S6015421	1	Port Input	15	83144	83104	1
S6015421	1	Port Input	14	83144	83104	1
S6015421	1	Port Input	15	83144	83104	1
S6015421	1	Port Input	14	83183	83144	1
S6015421	1	Port Input	15	83201	83162	1
S6015421	1	Port Input	14	83208	83168	1
S6015421	1	Port Input	15	83210	83170	1
S6015421	1	Port Input	14	83210	83170	1
S6015421	1	Port Input	15	83210	83171	1
S6015421	1	Port Input	14	83214	83175	1
S6015421	1	Port Input	15	83260	83220	1
S6015421	1	Port Input	14	83261	83221	1
S6015421	1	Port Input	15	83262	83222	1
S6015421	1	Port Input	14	83264	83225	1
S6015421	1	Port Input	15	83310	83271	1
S6015421	1	Port Input	14	83310	83271	1
S6015421	1	Port Input	15	83311	83271	1
S6015421	1	Port Input	14	83311	83272	1
S6015421	1	Port Input	15	83313	83274	1
S6015421	1	Port Input	14	83314	83275	1
S6015421	1	Port Input	15	83316	83277	1
S6015421	1	Port Input	14	83317	83277	1
S6015421	1	Port Input	15	83374	83335	1
S6015421	1	Port Input	14	83374	83335	1
S6015421	1	Port Input	15	83415	83376	1
S6015421	1	Port Input	14	83415	83376	1
S6015421	1	Port Input	15	83438	83399	1
S6015421	1	Port Input	14	83438	83399	1
S6015421	1	Port Input	15	83608	83569	1
S6015421	1	Port Input	14	83608	83569	1
S6015421	1	Port Input	15	83608	83569	1
S6015421	1	Port Input	14	83608	83569	1
S6015421	1	Port Input	15	83608	83569	1
S6015421	1	Port Input	14	83609	83569	1
S6015421	1	Port Input	15	83609	83569	1
S6015421	1	Port Input	14	83609	83569	1
S6015421	1	Port Input	15	83609	83569	1
S6015421	2	Port Input	14	108126	18020	3
S6015421	2	Response	100	108126	18020	3
S6015421	3	Port Input	15	109675	1514	7
S6015421	3	Port Input	14	109689	1528	1
S6015421	3	Port Input	15	110063	1902	1
S6015421	3	Port Input	14	123866	15705	7
S6015421	3	Response	100	123866	15705	7
S6015421	4	Port Input	15	124021	97	1
S6015421	4	Port Input	14	124021	97	1
S6015421	4	Port Input	15	125181	1257	1
S6015421	4	Port Input	14	125181	1257	1
S6015421	4	Port Input	15	125406	1482	7
S6015421	4	Port Input	14	141020	17095	1
S6015421	4	Response	100	141020	17095	1
S6015421	5	Port Input	15	142764	1688	7
S6015421	5	Port Input	14	153216	12140	7
S6015421	5	Response	100	153216	12140	7
S6015421	6	Port Input	15	154940	1642	7
S6015421	6	Port Input	14	162160	8862	7
S6015421	6	Response	100	162160	8862	8
S6015421	7	Port Input	15	163827	1640	8
S6015421	7	Port Input	14	171435	9248	8
S6015421	7	Response	100	171435	9248	8
S6015421	8	Port Input	15	172874	1382	7
S6015421	8	Port Input	14	179952	8460	7
S6015421	8	Response	100	179952	8460	7
S6015421	9	Port Input	15	181436	1403	7
S6015421	9	Port Input	14	187449	7416	1
S6015421	9	Response	100	187449	7416	1
S6015421	10	Port Input	15	188933	1399	7
S6015421	10	Port Input	14	210923	23390	7
S6015421	10	Response	100	210923	23390	7
S6015421	11	Port Input	15	212356	1351	1
S6015421	11	Port Input	14	212356	1351	1
S6015421	11	Port Input	15	212356	1351	8
S6015421	11	Port Input	14	232071	21067	8
S6015421	11	Response	100	232071	21067	8
S6015421	12	Port Input	15	233398	1283	7
S6015421	12	Port Input	14	233405	1290	1
S6015421	12	Port Input	15	233405	1290	7
S6015421	12	Port Input	14	248224	16109	9
S6015421	12	Response	100	248224	16109	9
S6015421	13	Port Input	15	249638	1342	8
S6015421	13	Port Input	14	266045	17750	7
S6015421	13	Response	100	266045	17750	8
S6015421	14	Port Input	15	267464	1391	7
S6015421	14	Port Input	14	267470	1398	1
S6015421	14	Port Input	15	267471	1398	7
S6015421	14	Port Input	14	283148	17076	8
S6015421	14	Response	100	283148	17076	8
S6015421	15	Port Input	15	284638	1414	7
S6015421	15	Port Input	14	300132	16907	8
S6015421	15	Response	100	300132	16907	8
S6015421	16	Port Input	15	301779	1610	8
S6015421	16	Port Input	14	316574	16405	7
S6015421	16	Response	100	316574	16405	7
S6015421	17	Port Input	15	318117	1490	8
S6015421	17	Port Input	14	332286	15659	7
S6015421	17	Response	100	332286	15659	7
S6015421	17	Port Input	15	332293	15666	1
S6015421	17	Port Input	14	332293	15666	7
S6015421	18	Port Input	15	333786	1466	8
S6015421	18	Port Input	14	346790	14470	7
S6015421	18	Response	100	346790	14470	8
S6015421	19	Port Input	15	348260	1427	8
S6015421	19	Port Input	14	360921	14087	7
S6015421	19	Response	100	360921	14087	7
S6015421	20	Port Input	15	362398	1398	8
S6015421	20	Port Input	14	362406	1406	1
S6015421	20	Port Input	15	362406	1406	8
S6015421	20	Port Input	14	376218	15218	8
S6015421	20	Response	100	376218	15218	8
