Scenario - passive press generic training 1.2
Logfile written - 01/06/2023 15:26:06

Subject	Trial	Event Type	Code	Time	TTime	Uncertainty	Duration	Uncertainty	ReqTime	ReqDur	Stim Type	Pair Index

S6011666	1	Picture	83	47	0	1	5000	1	0	4950	other	0
S6011666	1	Picture	82	10047	10000	1	5000	1	9950	4950	other	0
S6011666	1	Picture	81	20046	19999	1	5000	1	19950	4950	other	0
S6011666	1	Picture	80	30046	29999	1	5000	1	29950	4950	other	0
S6011666	1	Port Input	14	31070	31023	1
S6011666	1	Response	100	31070	31023	1
S6011666	1	Port Input	15	31071	31024	1
S6011666	1	Port Input	14	31073	31026	1
S6011666	1	Port Input	15	31075	31028	1
S6011666	1	Port Input	14	31077	31030	1
S6011666	1	Port Input	15	31078	31031	1
S6011666	1	Port Input	14	31078	31031	1
S6011666	1	Port Input	15	31080	31033	1
S6011666	1	Port Input	14	31083	31036	1
S6011666	1	Port Input	15	31103	31056	1
S6011666	1	Port Input	14	31103	31056	1
S6011666	1	Port Input	15	31126	31079	1
S6011666	1	Port Input	14	31126	31079	1
S6011666	1	Port Input	15	31135	31088	1
S6011666	1	Port Input	14	31135	31088	1
S6011666	1	Port Input	15	34007	33960	1
S6011666	1	Port Input	14	34007	33960	1
S6011666	1	Port Input	15	34009	33962	1
S6011666	1	Port Input	14	34009	33962	1
S6011666	1	Port Input	15	34010	33963	1
S6011666	1	Port Input	14	34010	33963	1
S6011666	1	Port Input	15	34010	33963	1
S6011666	1	Picture	81	40045	39998	1	10000	1	39950	9950	other	0
S6011666	1	Port Input	14	40846	40799	1
S6011666	1	Response	100	40846	40799	1
S6011666	1	Port Input	15	40846	40799	1
S6011666	1	Port Input	14	40846	40799	1
S6011666	1	Port Input	15	40847	40800	1
S6011666	1	Port Input	14	40847	40800	1
S6011666	1	Port Input	15	40847	40800	1
S6011666	1	Port Input	14	40847	40800	1
S6011666	1	Port Input	15	40847	40800	1
S6011666	1	Port Input	14	40847	40800	1
S6011666	1	Port Input	15	40847	40800	1
S6011666	1	Port Input	14	40847	40800	1
S6011666	1	Port Input	15	40848	40801	1
S6011666	1	Port Input	14	40848	40801	1
S6011666	1	Port Input	15	40851	40804	1
S6011666	1	Port Input	14	40851	40804	1
S6011666	1	Port Input	15	40852	40805	1
S6011666	1	Port Input	14	40852	40805	1
S6011666	1	Port Input	15	43410	43363	1
S6011666	1	Port Input	14	43410	43363	1
S6011666	1	Port Input	15	43411	43364	1
S6011666	1	Port Input	14	43411	43364	1
S6011666	1	Port Input	15	43411	43364	1
S6011666	1	Port Input	14	43411	43364	1
S6011666	1	Port Input	15	43411	43364	1
S6011666	1	Port Input	14	43411	43364	1
S6011666	1	Port Input	15	43411	43364	1
S6011666	1	Port Input	14	43411	43364	1
S6011666	1	Port Input	15	43411	43364	1
S6011666	1	Port Input	14	43411	43364	1
S6011666	1	Port Input	15	43412	43365	1
S6011666	1	Port Input	14	43412	43365	1
S6011666	1	Port Input	15	43412	43365	1
S6011666	1	Port Input	14	43412	43365	1
S6011666	1	Port Input	15	43412	43365	1
S6011666	1	Port Input	14	43412	43365	1
S6011666	1	Port Input	15	43412	43365	1
S6011666	1	Port Input	14	43412	43365	1
S6011666	1	Port Input	15	43412	43365	1
S6011666	1	Port Input	14	43413	43366	1
S6011666	1	Port Input	15	43413	43366	1
S6011666	1	Port Input	14	50485	50438	1
S6011666	1	Response	100	50485	50438	1
S6011666	1	Port Input	15	50485	50438	1
S6011666	1	Port Input	14	50485	50438	1
S6011666	1	Port Input	15	50485	50438	1
S6011666	1	Port Input	14	50485	50438	1
S6011666	1	Port Input	15	50485	50438	1
S6011666	1	Port Input	14	50485	50438	1
S6011666	1	Port Input	15	50486	50439	1
S6011666	1	Port Input	14	50486	50439	1
S6011666	1	Port Input	15	50486	50439	1
S6011666	1	Port Input	14	50486	50439	1
S6011666	1	Port Input	15	50486	50439	1
S6011666	1	Port Input	14	50486	50439	1
S6011666	1	Port Input	15	52963	52916	1
S6011666	1	Port Input	14	57927	57880	1
S6011666	1	Port Input	15	57927	57880	1
S6011666	1	Port Input	14	57927	57880	1
S6011666	1	Port Input	15	57928	57881	1
S6011666	1	Port Input	14	57928	57881	1
S6011666	1	Port Input	15	57928	57881	1
S6011666	1	Port Input	14	57928	57881	1
S6011666	1	Port Input	15	57928	57881	1
S6011666	1	Port Input	14	57928	57881	1
S6011666	1	Port Input	15	57928	57881	1
S6011666	1	Port Input	14	57928	57881	1
S6011666	1	Port Input	15	57928	57881	1
S6011666	1	Port Input	14	57928	57881	1
S6011666	1	Port Input	15	57928	57881	1
S6011666	1	Port Input	14	57928	57881	1
S6011666	1	Port Input	15	57929	57882	1
S6011666	1	Port Input	14	57929	57882	1
S6011666	1	Port Input	15	57929	57882	1
S6011666	1	Port Input	14	57929	57882	1
S6011666	1	Port Input	15	57929	57882	1
S6011666	1	Port Input	14	57929	57882	1
S6011666	1	Port Input	15	57929	57882	1
S6011666	1	Port Input	14	57929	57882	1
S6011666	1	Port Input	15	57930	57883	1
S6011666	1	Port Input	14	57930	57883	1
S6011666	1	Port Input	15	57930	57883	1
S6011666	1	Port Input	14	57930	57883	1
S6011666	1	Port Input	15	57930	57883	1
S6011666	1	Port Input	14	57930	57883	1
S6011666	1	Port Input	15	57931	57884	1
S6011666	1	Port Input	14	57931	57884	1
S6011666	1	Port Input	15	57932	57885	1
S6011666	1	Port Input	14	57932	57885	1
S6011666	1	Port Input	15	57932	57885	1
S6011666	1	Port Input	14	57932	57885	1
S6011666	1	Port Input	15	57932	57885	1
S6011666	1	Port Input	14	57933	57886	1
S6011666	1	Port Input	15	57933	57886	1
S6011666	1	Port Input	14	57933	57886	1
S6011666	1	Port Input	15	57933	57886	1
S6011666	1	Port Input	14	57933	57886	1
S6011666	1	Port Input	15	57934	57887	1
S6011666	1	Port Input	14	57934	57887	1
S6011666	1	Port Input	15	57934	57887	1
S6011666	1	Port Input	14	57934	57887	1
S6011666	1	Port Input	15	57934	57887	1
S6011666	1	Port Input	14	57934	57887	1
S6011666	1	Port Input	15	57934	57887	1
S6011666	1	Port Input	14	57934	57887	1
S6011666	1	Port Input	15	57935	57888	1
S6011666	1	Port Input	14	57935	57888	1
S6011666	1	Port Input	15	57935	57888	1
S6011666	1	Port Input	14	57935	57888	1
S6011666	1	Port Input	15	57935	57888	1
S6011666	1	Port Input	14	57935	57888	1
S6011666	1	Port Input	15	57935	57888	1
S6011666	1	Port Input	14	57935	57888	1
S6011666	1	Port Input	15	57935	57888	1
S6011666	1	Port Input	14	57935	57888	1
S6011666	1	Picture	81	60045	59998	1	10000	1	59950	9950	other	0
S6011666	1	Port Input	15	60222	60175	1
S6011666	1	Picture	81	80044	79997	1	10000	1	79950	9950	other	0
S6011666	1	Port Input	14	81228	81181	1
S6011666	1	Response	100	81228	81181	1
S6011666	1	Port Input	15	81230	81183	1
S6011666	1	Port Input	14	81231	81184	1
S6011666	1	Port Input	15	81231	81184	1
S6011666	1	Port Input	14	81232	81185	1
S6011666	1	Port Input	15	81233	81186	1
S6011666	1	Port Input	14	81233	81186	1
S6011666	1	Port Input	15	81233	81186	1
S6011666	1	Port Input	14	81233	81186	1
S6011666	1	Port Input	15	81234	81187	1
S6011666	1	Port Input	14	81235	81188	1
S6011666	1	Port Input	15	81235	81188	1
S6011666	1	Port Input	14	81235	81188	1
S6011666	1	Port Input	15	81236	81189	1
S6011666	1	Port Input	14	81236	81189	1
S6011666	1	Port Input	15	81236	81189	1
S6011666	1	Port Input	14	81236	81189	1
S6011666	1	Port Input	15	81236	81189	1
S6011666	1	Port Input	14	81236	81189	1
S6011666	1	Port Input	15	81237	81190	1
S6011666	1	Port Input	14	81237	81190	1
S6011666	1	Port Input	15	81237	81190	1
S6011666	1	Port Input	14	81237	81190	1
S6011666	1	Port Input	15	81237	81190	1
S6011666	1	Port Input	14	81237	81190	1
S6011666	1	Port Input	15	81238	81191	1
S6011666	1	Port Input	14	81238	81191	1
S6011666	1	Port Input	15	81240	81193	1
S6011666	1	Port Input	14	81240	81193	1
S6011666	1	Port Input	15	81241	81194	1
S6011666	1	Port Input	14	81241	81194	1
S6011666	1	Port Input	15	81241	81194	1
S6011666	1	Port Input	14	81242	81195	1
S6011666	1	Port Input	15	81242	81195	1
S6011666	1	Port Input	14	81242	81195	1
S6011666	1	Port Input	15	81247	81200	1
S6011666	1	Port Input	14	81247	81200	1
S6011666	1	Port Input	15	81248	81201	1
S6011666	1	Port Input	14	81248	81201	1
S6011666	1	Port Input	15	81250	81203	1
S6011666	1	Port Input	14	81250	81203	1
S6011666	1	Port Input	15	81251	81204	1
S6011666	1	Port Input	14	81251	81204	1
S6011666	1	Port Input	15	83431	83384	1
S6011666	1	Port Input	14	83432	83385	1
S6011666	1	Port Input	15	83444	83397	1
S6011666	1	Port Input	14	83444	83397	1
S6011666	1	Port Input	15	83444	83397	1
S6011666	1	Port Input	14	83444	83397	1
S6011666	1	Port Input	15	83444	83397	1
S6011666	2	Port Input	14	104344	14231	1
S6011666	2	Response	100	104344	14231	1
S6011666	2	Port Input	15	104344	14232	1
S6011666	2	Port Input	14	104345	14232	1
S6011666	2	Port Input	15	104349	14236	1
S6011666	2	Port Input	14	104349	14236	4
S6011666	2	Port Input	15	104354	14241	1
S6011666	2	Port Input	14	104355	14242	1
S6011666	2	Port Input	15	104356	14243	1
S6011666	2	Port Input	14	104356	14243	1
S6011666	3	Port Input	15	106963	2545	8
S6011666	3	Port Input	14	116845	12427	10
S6011666	3	Response	100	116845	12427	10
S6011666	3	Port Input	15	116854	12436	1
S6011666	3	Port Input	14	116854	12436	1
S6011666	4	Port Input	15	119492	2574	7
S6011666	4	Port Input	14	130085	13168	8
S6011666	4	Response	100	130085	13168	8
S6011666	5	Port Input	15	132603	2491	8
S6011666	5	Port Input	14	142699	12587	7
S6011666	5	Response	100	142699	12587	7
S6011666	6	Port Input	15	145453	2703	8
S6011666	6	Port Input	14	155195	12445	8
S6011666	6	Response	100	155195	12445	8
S6011666	7	Port Input	15	157988	2739	7
S6011666	7	Port Input	14	167454	12205	7
S6011666	7	Response	100	167454	12205	8
S6011666	7	Port Input	15	167461	12212	1
S6011666	7	Port Input	14	167461	12212	7
S6011666	8	Port Input	15	169895	2355	8
S6011666	8	Port Input	14	178634	11094	7
S6011666	8	Response	100	178634	11094	7
S6011666	8	Port Input	15	178648	11108	1
S6011666	8	Port Input	14	178648	11108	1
S6011666	8	Port Input	15	178656	11115	1
S6011666	8	Port Input	14	178656	11115	1
S6011666	8	Port Input	15	178662	11121	1
S6011666	8	Port Input	14	178662	11122	1
S6011666	8	Port Input	15	178663	11122	1
S6011666	8	Port Input	14	178663	11122	1
S6011666	9	Port Input	15	181360	2639	1
S6011666	9	Port Input	14	181360	2639	1
S6011666	9	Port Input	15	181360	2639	7
S6011666	9	Port Input	14	191175	12455	7
S6011666	9	Response	100	191175	12455	8
S6011666	10	Port Input	15	194079	2859	7
S6011666	10	Port Input	14	203879	12659	7
S6011666	10	Response	100	203879	12659	7
S6011666	11	Port Input	15	206382	2454	7
S6011666	11	Port Input	14	215065	11137	7
S6011666	11	Response	100	215065	11137	7
S6011666	12	Port Input	15	217318	2210	8
S6011666	12	Port Input	14	226289	11181	7
S6011666	12	Response	100	226289	11181	7
S6011666	12	Port Input	15	226296	11188	1
S6011666	12	Port Input	14	226303	11195	1
S6011666	12	Port Input	15	226304	11196	1
S6011666	12	Port Input	14	226304	11196	1
S6011666	12	Port Input	15	226308	11200	1
S6011666	12	Port Input	14	226308	11200	1
S6011666	12	Port Input	15	226321	11213	1
S6011666	12	Port Input	14	226321	11213	1
