Scenario - passive press generic training 1.2
Logfile written - 09/13/2023 12:13:34

Subject	Trial	Event Type	Code	Time	TTime	Uncertainty	Duration	Uncertainty	ReqTime	ReqDur	Stim Type	Pair Index

S6012591	1	Picture	83	69	0	1	5000	1	0	4950	other	0
S6012591	1	Picture	82	10069	10000	1	5000	1	9950	4950	other	0
S6012591	1	Picture	81	20069	19999	1	5000	1	19950	4950	other	0
S6012591	1	Picture	80	30068	29999	1	5000	1	29950	4950	other	0
S6012591	1	Picture	81	40068	39999	1	10000	1	39950	9950	other	0
S6012591	1	Picture	81	60068	59998	1	10000	1	59950	9950	other	0
S6012591	1	Port Input	14	64469	64399	1
S6012591	1	Response	100	64469	64399	1
S6012591	1	Port Input	15	67495	67426	1
S6012591	1	Port Input	14	67495	67426	1
S6012591	1	Port Input	15	67495	67426	1
S6012591	1	Picture	81	80067	79998	1	10000	1	79950	9950	other	0
S6012591	1	Port Input	14	82611	82542	1
S6012591	1	Response	100	82611	82542	1
S6012591	1	Port Input	15	82612	82543	1
S6012591	1	Port Input	14	82612	82543	1
S6012591	1	Port Input	15	82613	82543	1
S6012591	1	Port Input	14	82613	82543	1
S6012591	1	Port Input	15	82613	82544	1
S6012591	1	Port Input	14	82613	82544	1
S6012591	1	Port Input	15	82613	82544	1
S6012591	1	Port Input	14	82614	82544	1
S6012591	1	Port Input	15	82614	82544	1
S6012591	1	Port Input	14	82614	82544	1
S6012591	1	Port Input	15	82614	82545	1
S6012591	1	Port Input	14	82614	82545	1
S6012591	1	Port Input	15	82614	82545	1
S6012591	1	Port Input	14	82614	82545	1
S6012591	1	Port Input	15	82614	82545	1
S6012591	1	Port Input	14	82614	82545	1
S6012591	1	Port Input	15	82614	82545	1
S6012591	1	Port Input	14	82614	82545	1
S6012591	1	Port Input	15	82614	82545	1
S6012591	1	Port Input	14	82615	82545	1
S6012591	1	Port Input	15	82615	82546	1
S6012591	1	Port Input	14	82615	82546	1
S6012591	1	Port Input	15	82615	82546	1
S6012591	1	Port Input	14	82615	82546	1
S6012591	1	Port Input	15	82615	82546	1
S6012591	1	Port Input	14	82615	82546	1
S6012591	1	Port Input	15	82615	82546	1
S6012591	1	Port Input	14	82615	82546	1
S6012591	1	Port Input	15	82615	82546	1
S6012591	1	Port Input	14	82615	82546	1
S6012591	1	Port Input	15	82615	82546	1
S6012591	1	Port Input	14	82615	82546	1
S6012591	1	Port Input	15	82616	82546	1
S6012591	1	Port Input	14	82616	82546	1
S6012591	1	Port Input	15	82616	82546	1
S6012591	1	Port Input	14	82616	82547	1
S6012591	1	Port Input	15	82616	82547	1
S6012591	1	Port Input	14	82616	82547	1
S6012591	1	Port Input	15	82616	82547	1
S6012591	1	Port Input	14	82616	82547	1
S6012591	1	Port Input	15	82616	82547	1
S6012591	1	Port Input	14	82616	82547	1
S6012591	1	Port Input	15	82617	82547	1
S6012591	1	Port Input	14	82617	82547	1
S6012591	1	Port Input	15	82617	82548	1
S6012591	1	Port Input	14	82617	82548	1
S6012591	1	Port Input	15	82617	82548	1
S6012591	1	Port Input	14	82617	82548	1
S6012591	1	Port Input	15	82617	82548	1
S6012591	1	Port Input	14	82617	82548	1
S6012591	1	Port Input	15	82618	82548	1
S6012591	1	Port Input	14	82618	82548	1
S6012591	1	Port Input	15	82619	82550	1
S6012591	1	Port Input	14	82619	82550	1
S6012591	1	Port Input	15	82620	82550	1
S6012591	1	Port Input	14	82620	82550	1
S6012591	1	Port Input	15	82620	82550	1
S6012591	1	Port Input	14	82620	82550	1
S6012591	1	Port Input	15	82620	82551	1
S6012591	1	Port Input	14	82620	82551	1
S6012591	1	Port Input	15	82620	82551	1
S6012591	1	Port Input	14	82620	82551	1
S6012591	1	Port Input	15	82620	82551	1
S6012591	1	Port Input	14	82620	82551	1
S6012591	1	Port Input	15	82620	82551	1
S6012591	1	Port Input	14	82620	82551	1
S6012591	1	Port Input	15	82622	82552	1
S6012591	1	Port Input	14	82622	82553	1
S6012591	1	Port Input	15	82624	82555	1
S6012591	1	Port Input	14	82624	82555	1
S6012591	1	Port Input	15	85547	85478	1
S6012591	2	Port Input	14	108278	18142	3
S6012591	2	Response	100	108278	18142	3
S6012591	2	Port Input	15	108282	18146	1
S6012591	2	Port Input	14	108282	18146	1
S6012591	2	Port Input	15	108282	18146	3
S6012591	2	Port Input	14	108287	18151	1
S6012591	2	Port Input	15	108287	18151	5
S6012591	2	Port Input	14	108291	18155	1
S6012591	2	Port Input	15	108292	18156	1
S6012591	2	Port Input	14	108292	18156	1
S6012591	2	Port Input	15	108292	18156	1
S6012591	2	Port Input	14	108294	18158	1
S6012591	2	Port Input	15	108294	18158	1
S6012591	2	Port Input	14	108295	18159	1
S6012591	2	Port Input	15	108295	18159	1
S6012591	2	Port Input	14	108295	18159	1
S6012591	2	Port Input	15	108296	18160	1
S6012591	2	Port Input	14	108296	18160	1
S6012591	2	Port Input	15	108296	18160	1
S6012591	2	Port Input	14	108296	18160	1
S6012591	2	Port Input	15	108298	18162	1
S6012591	2	Port Input	14	108298	18162	1
S6012591	2	Port Input	15	108298	18162	1
S6012591	2	Port Input	14	108298	18162	1
S6012591	2	Port Input	15	108299	18163	1
S6012591	2	Port Input	14	108299	18163	1
S6012591	2	Port Input	15	108301	18165	1
S6012591	2	Port Input	14	108301	18165	1
S6012591	2	Port Input	15	108302	18166	1
S6012591	2	Port Input	14	108302	18166	1
S6012591	2	Port Input	15	108302	18166	1
S6012591	2	Port Input	14	108302	18166	1
S6012591	2	Port Input	15	108305	18169	1
S6012591	2	Port Input	14	108305	18169	1
S6012591	2	Port Input	15	108313	18177	1
S6012591	2	Port Input	14	108313	18177	1
S6012591	2	Port Input	15	108325	18189	1
S6012591	2	Port Input	14	108325	18189	1
S6012591	2	Port Input	15	108327	18191	1
S6012591	2	Port Input	14	108327	18191	1
S6012591	2	Port Input	15	108328	18192	1
S6012591	2	Port Input	14	108328	18192	1
S6012591	3	Port Input	15	108330	0	1
S6012591	3	Port Input	14	108330	0	1
S6012591	3	Port Input	15	112054	3724	8
S6012591	3	Port Input	14	125371	17041	8
S6012591	3	Response	100	125371	17041	8
S6012591	4	Port Input	15	128599	3187	7
S6012591	4	Port Input	14	141653	16240	8
S6012591	4	Response	100	141653	16240	8
S6012591	5	Port Input	15	144887	3155	8
S6012591	5	Port Input	14	156323	14591	7
S6012591	5	Response	100	156323	14591	7
S6012591	6	Port Input	15	158938	2554	7
S6012591	6	Port Input	14	171285	14901	7
S6012591	6	Response	100	171285	14901	7
S6012591	7	Port Input	15	173979	2665	8
S6012591	7	Port Input	14	185750	14436	8
S6012591	7	Response	100	185750	14436	8
S6012591	8	Port Input	15	188623	2795	7
S6012591	8	Port Input	14	200226	14398	7
S6012591	8	Response	100	200226	14398	8
S6012591	9	Port Input	15	203151	2880	8
S6012591	9	Port Input	14	213532	13260	7
S6012591	9	Response	100	213532	13260	7
S6012591	9	Port Input	15	213539	13267	1
S6012591	9	Port Input	14	213539	13267	1
S6012591	10	Port Input	15	216764	3159	7
S6012591	10	Port Input	14	227019	13414	8
S6012591	10	Response	100	227019	13414	8
S6012591	11	Port Input	15	230068	2992	8
S6012591	11	Port Input	14	230075	2999	1
S6012591	11	Port Input	15	230075	2999	8
S6012591	11	Port Input	14	240696	13620	8
S6012591	11	Response	100	240696	13620	8
S6012591	12	Port Input	15	243325	2569	8
S6012591	12	Port Input	14	254426	13669	7
S6012591	12	Response	100	254426	13669	7
