Scenario - passive press generic training 1.2
Logfile written - 11/11/2022 14:11:06

Subject	Trial	Event Type	Code	Time	TTime	Uncertainty	Duration	Uncertainty	ReqTime	ReqDur	Stim Type	Pair Index

S6010566	1	Picture	83	55	0	1	5000	1	0	4950	other	0
S6010566	1	Picture	82	10054	10000	1	5000	1	9950	4950	other	0
S6010566	1	Picture	81	20054	19999	1	5000	1	19950	4950	other	0
S6010566	1	Picture	80	30054	29999	1	5000	1	29950	4950	other	0
S6010566	1	Picture	81	40053	39999	1	10000	1	39950	9950	other	0
S6010566	1	Port Input	14	41013	40959	1
S6010566	1	Response	100	41013	40959	1
S6010566	1	Port Input	15	41014	40959	1
S6010566	1	Port Input	14	41014	40959	1
S6010566	1	Port Input	15	41015	40960	1
S6010566	1	Port Input	14	41015	40960	1
S6010566	1	Port Input	15	41339	41285	1
S6010566	1	Port Input	14	41339	41285	1
S6010566	1	Port Input	15	41357	41302	1
S6010566	1	Port Input	14	41357	41303	1
S6010566	1	Port Input	15	41501	41447	1
S6010566	1	Port Input	14	41501	41447	1
S6010566	1	Port Input	15	41505	41450	1
S6010566	1	Port Input	14	41505	41450	1
S6010566	1	Port Input	15	41526	41471	1
S6010566	1	Port Input	14	41526	41471	1
S6010566	1	Port Input	15	41534	41479	1
S6010566	1	Port Input	14	41534	41479	1
S6010566	1	Port Input	15	43469	43415	1
S6010566	1	Port Input	14	43469	43415	1
S6010566	1	Port Input	15	43472	43418	1
S6010566	1	Port Input	14	43472	43418	1
S6010566	1	Port Input	15	43472	43418	1
S6010566	1	Port Input	14	43472	43418	1
S6010566	1	Port Input	15	43473	43418	1
S6010566	1	Port Input	14	43473	43418	1
S6010566	1	Port Input	15	43473	43418	1
S6010566	1	Port Input	14	43473	43418	1
S6010566	1	Port Input	15	43473	43419	1
S6010566	1	Port Input	14	43473	43419	1
S6010566	1	Port Input	15	43474	43420	1
S6010566	1	Port Input	14	43474	43420	1
S6010566	1	Port Input	15	43475	43420	1
S6010566	1	Port Input	14	43475	43420	1
S6010566	1	Port Input	15	43475	43421	1
S6010566	1	Port Input	14	48552	48497	1
S6010566	1	Response	100	48552	48497	1
S6010566	1	Port Input	15	48552	48497	1
S6010566	1	Port Input	14	48552	48498	1
S6010566	1	Port Input	15	48553	48498	1
S6010566	1	Port Input	14	48553	48498	1
S6010566	1	Port Input	15	48553	48498	1
S6010566	1	Port Input	14	48553	48498	1
S6010566	1	Port Input	15	48553	48498	1
S6010566	1	Port Input	14	48553	48498	1
S6010566	1	Port Input	15	48553	48498	1
S6010566	1	Port Input	14	48553	48498	1
S6010566	1	Port Input	15	48553	48498	1
S6010566	1	Port Input	14	48553	48499	1
S6010566	1	Port Input	15	48553	48499	1
S6010566	1	Port Input	14	48553	48499	1
S6010566	1	Port Input	15	48553	48499	1
S6010566	1	Port Input	14	48553	48499	1
S6010566	1	Port Input	15	48554	48499	1
S6010566	1	Port Input	14	48554	48499	1
S6010566	1	Port Input	15	48554	48499	1
S6010566	1	Port Input	14	48554	48499	1
S6010566	1	Port Input	15	48554	48499	1
S6010566	1	Port Input	14	48554	48499	1
S6010566	1	Port Input	15	48555	48500	1
S6010566	1	Port Input	14	48555	48500	1
S6010566	1	Port Input	15	48555	48500	1
S6010566	1	Port Input	14	48555	48500	1
S6010566	1	Port Input	15	48555	48501	1
S6010566	1	Port Input	14	48556	48501	1
S6010566	1	Port Input	15	49294	49240	1
S6010566	1	Port Input	14	49294	49240	1
S6010566	1	Port Input	15	50969	50915	1
S6010566	1	Port Input	14	50969	50915	1
S6010566	1	Port Input	15	51856	51802	1
S6010566	1	Port Input	14	51856	51802	1
S6010566	1	Port Input	15	51859	51804	1
S6010566	1	Port Input	14	51859	51804	1
S6010566	1	Port Input	15	51866	51811	1
S6010566	1	Port Input	14	51866	51811	1
S6010566	1	Port Input	15	51867	51812	1
S6010566	1	Port Input	14	51867	51812	1
S6010566	1	Port Input	15	51868	51813	1
S6010566	1	Port Input	14	51868	51813	1
S6010566	1	Port Input	15	51869	51814	1
S6010566	1	Port Input	14	51869	51814	1
S6010566	1	Port Input	15	51869	51815	1
S6010566	1	Port Input	14	51869	51815	1
S6010566	1	Port Input	15	51870	51815	1
S6010566	1	Picture	81	60053	59998	1	10000	1	59950	9950	other	0
S6010566	1	Port Input	14	62361	62307	1
S6010566	1	Response	100	62361	62307	1
S6010566	1	Port Input	15	64973	64918	1
S6010566	1	Port Input	14	64973	64918	1
S6010566	1	Port Input	15	64973	64918	1
S6010566	1	Port Input	14	64973	64918	1
S6010566	1	Port Input	15	64973	64918	1
S6010566	1	Port Input	14	78891	78837	1
S6010566	1	Response	100	78891	78837	1
S6010566	1	Port Input	15	78892	78837	1
S6010566	1	Port Input	14	78892	78837	1
S6010566	1	Port Input	15	78892	78837	1
S6010566	1	Port Input	14	78892	78837	1
S6010566	1	Port Input	15	78892	78837	1
S6010566	1	Port Input	14	78892	78837	1
S6010566	1	Port Input	15	78892	78837	1
S6010566	1	Port Input	14	78892	78837	1
S6010566	1	Port Input	15	78893	78839	1
S6010566	1	Port Input	14	78893	78839	1
S6010566	1	Port Input	15	78893	78839	1
S6010566	1	Port Input	14	78893	78839	1
S6010566	1	Port Input	15	78895	78841	1
S6010566	1	Port Input	14	78895	78841	1
S6010566	1	Picture	81	80052	79997	1	10000	1	79950	9950	other	0
S6010566	1	Port Input	15	82867	82812	1
S6010566	1	Port Input	14	82867	82812	1
S6010566	1	Port Input	15	82873	82818	1
S6010566	1	Port Input	14	82873	82818	1
S6010566	1	Port Input	15	82875	82820	1
S6010566	1	Port Input	14	82875	82821	1
S6010566	1	Port Input	15	82887	82832	1
S6010566	1	Port Input	14	82887	82832	1
S6010566	1	Port Input	15	82889	82834	1
S6010566	1	Port Input	14	82889	82834	1
S6010566	1	Port Input	15	82891	82836	1
S6010566	1	Port Input	14	82891	82836	1
S6010566	1	Port Input	15	82891	82837	1
S6010566	1	Port Input	14	82891	82837	1
S6010566	1	Port Input	15	82892	82837	1
S6010566	1	Port Input	14	82892	82837	1
S6010566	1	Port Input	15	82892	82838	1
S6010566	1	Port Input	14	82892	82838	1
S6010566	1	Port Input	15	82893	82838	1
S6010566	2	Port Input	14	113597	23476	3
S6010566	2	Response	100	113597	23476	3
S6010566	3	Port Input	15	116670	3008	8
S6010566	3	Port Input	14	130421	16759	8
S6010566	3	Response	100	130421	16759	8
S6010566	4	Port Input	15	132919	2452	8
S6010566	4	Port Input	14	145017	14551	8
S6010566	4	Response	100	145017	14551	8
S6010566	4	Port Input	15	145025	14558	1
S6010566	4	Port Input	14	145025	14558	1
S6010566	5	Port Input	15	147319	2269	8
S6010566	5	Port Input	14	158252	13202	8
S6010566	5	Response	100	158252	13202	8
S6010566	6	Port Input	15	160322	2009	8
S6010566	6	Port Input	14	171600	13287	8
S6010566	6	Response	100	171600	13287	8
S6010566	7	Port Input	15	173878	2232	8
S6010566	7	Port Input	14	184154	12508	8
S6010566	7	Response	100	184154	12508	8
S6010566	8	Port Input	15	186390	2175	8
S6010566	8	Port Input	14	197409	13193	8
S6010566	8	Response	100	197409	13193	8
S6010566	9	Port Input	15	199439	1960	1
S6010566	9	Port Input	14	209663	12184	1
S6010566	9	Response	100	209663	12184	1
S6010566	9	Port Input	15	209663	12184	1
S6010566	9	Port Input	14	209663	12184	1
S6010566	10	Port Input	15	211815	2115	9
S6010566	10	Port Input	14	221056	11355	8
S6010566	10	Response	100	221056	11355	8
S6010566	11	Port Input	15	223306	2217	8
S6010566	11	Port Input	14	233129	12040	1
S6010566	11	Response	100	233129	12040	1
S6010566	12	Port Input	15	235411	2239	8
S6010566	12	Port Input	14	245001	11829	8
S6010566	12	Response	100	245001	11829	8
