Scenario - passive press generic training 1.2
Logfile written - 08/07/2023 12:37:39

Subject	Trial	Event Type	Code	Time	TTime	Uncertainty	Duration	Uncertainty	ReqTime	ReqDur	Stim Type	Pair Index

S6010536	1	Picture	83	28	0	1	5000	1	0	4950	other	0
S6010536	1	Picture	82	10028	10000	1	5000	1	9950	4950	other	0
S6010536	1	Picture	81	20027	19999	1	5000	1	19950	4950	other	0
S6010536	1	Picture	80	30027	29999	1	5000	1	29950	4950	other	0
S6010536	1	Picture	81	40027	39999	1	10000	1	39950	9950	other	0
S6010536	1	Port Input	14	44861	44833	1
S6010536	1	Response	100	44861	44833	1
S6010536	1	Port Input	15	44861	44833	1
S6010536	1	Port Input	14	44861	44833	1
S6010536	1	Port Input	15	44862	44834	1
S6010536	1	Port Input	14	44862	44834	1
S6010536	1	Port Input	15	47665	47637	1
S6010536	1	Port Input	14	47665	47637	1
S6010536	1	Port Input	15	47665	47637	1
S6010536	1	Picture	81	60026	59998	1	10000	1	59950	9950	other	0
S6010536	1	Port Input	14	65484	65456	1
S6010536	1	Response	100	65484	65456	1
S6010536	1	Port Input	15	65484	65456	1
S6010536	1	Port Input	14	65484	65456	1
S6010536	1	Port Input	15	65484	65457	1
S6010536	1	Port Input	14	65485	65457	1
S6010536	1	Port Input	15	65486	65458	1
S6010536	1	Port Input	14	65486	65458	1
S6010536	1	Port Input	15	65486	65458	1
S6010536	1	Port Input	14	65486	65458	1
S6010536	1	Port Input	15	65487	65459	1
S6010536	1	Port Input	14	65487	65459	1
S6010536	1	Port Input	15	65487	65459	1
S6010536	1	Port Input	14	65487	65459	1
S6010536	1	Port Input	15	65487	65459	1
S6010536	1	Port Input	14	65487	65459	1
S6010536	1	Port Input	15	65488	65460	1
S6010536	1	Port Input	14	65488	65460	1
S6010536	1	Port Input	15	65488	65460	1
S6010536	1	Port Input	14	65488	65460	1
S6010536	1	Port Input	15	68549	68521	1
S6010536	1	Picture	81	80026	79998	1	10000	1	79950	9950	other	0
S6010536	1	Port Input	14	86185	86157	1
S6010536	1	Response	100	86185	86157	1
S6010536	1	Port Input	15	89385	89357	1
S6010536	1	Port Input	14	89385	89357	1
S6010536	1	Port Input	15	89385	89357	1
S6010536	1	Port Input	14	89385	89357	1
S6010536	1	Port Input	15	89385	89357	1
S6010536	2	Port Input	14	113543	23448	3
S6010536	2	Response	100	113543	23448	3
S6010536	3	Port Input	15	116475	2909	7
S6010536	3	Port Input	14	129396	15830	7
S6010536	3	Response	100	129396	15830	7
S6010536	4	Port Input	15	133442	3974	8
S6010536	4	Port Input	14	142835	13367	7
S6010536	4	Response	100	142835	13367	7
S6010536	5	Port Input	15	148455	5584	8
S6010536	5	Port Input	14	156302	13431	7
S6010536	5	Response	100	156302	13431	7
S6010536	6	Port Input	15	163402	7059	8
S6010536	6	Port Input	14	173138	16795	7
S6010536	6	Response	100	173138	16795	7
S6010536	7	Port Input	15	178532	5315	8
S6010536	7	Port Input	14	188389	15172	8
S6010536	7	Response	100	188389	15172	8
S6010536	8	Port Input	15	193540	5115	7
S6010536	8	Port Input	14	204926	16501	8
S6010536	8	Response	100	204926	16501	8
S6010536	9	Port Input	15	209315	4363	7
S6010536	9	Port Input	14	219072	14120	8
S6010536	9	Response	100	219072	14120	8
S6010536	10	Port Input	15	223851	4732	7
S6010536	10	Port Input	14	235398	16280	7
S6010536	10	Response	100	235398	16280	7
S6010536	11	Port Input	15	240023	4586	7
S6010536	11	Port Input	14	251047	15609	8
S6010536	11	Response	100	251047	15609	8
S6010536	12	Port Input	15	255047	3916	7
S6010536	12	Port Input	14	264411	13279	7
S6010536	12	Response	100	264411	13279	7
