Scenario - Button
Logfile written - 08/07/2023 12:46:48

Subject	Trial	Event Type	Code	Time	TTime	Uncertainty	Duration	Uncertainty	ReqTime	ReqDur	Stim Type	Pair Index

S6010536	1	Picture	start	62	0	1	40554	40	0	next	other	0
S6010536	1	Port Input	14	1155	1093	1
S6010536	1	Response	20	1155	1093	1
S6010536	1	Port Input	15	1158	1096	1
S6010536	1	Port Input	14	1158	1096	1
S6010536	1	Port Input	15	1158	1096	1
S6010536	1	Port Input	14	1158	1096	1
S6010536	1	Port Input	15	1158	1096	1
S6010536	1	Port Input	14	1158	1096	1
S6010536	1	Port Input	15	1158	1096	1
S6010536	1	Port Input	14	1159	1097	1
S6010536	1	Port Input	15	1159	1097	1
S6010536	1	Port Input	14	1159	1097	1
S6010536	1	Port Input	15	1159	1097	1
S6010536	1	Port Input	14	1159	1097	1
S6010536	1	Port Input	15	1159	1097	1
S6010536	1	Port Input	14	1159	1097	1
S6010536	1	Port Input	15	1159	1097	1
S6010536	1	Port Input	14	1159	1097	1
S6010536	1	Port Input	15	1159	1097	1
S6010536	1	Port Input	14	1159	1097	1
S6010536	1	Port Input	15	1159	1097	1
S6010536	1	Port Input	14	1159	1097	1
S6010536	1	Port Input	15	1160	1098	1
S6010536	1	Port Input	14	1161	1099	1
S6010536	1	Port Input	15	1161	1099	1
S6010536	1	Port Input	14	1161	1099	1
S6010536	1	Port Input	15	1162	1100	1
S6010536	1	Port Input	14	1162	1100	1
S6010536	1	Port Input	15	1162	1100	1
S6010536	1	Port Input	14	1162	1100	1
S6010536	1	Port Input	15	3329	3267	1
S6010536	1	Port Input	14	3329	3267	1
S6010536	1	Port Input	15	3330	3268	1
S6010536	1	Port Input	14	3330	3268	1
S6010536	1	Port Input	15	3331	3269	1
S6010536	3	Picture	20	45130	0	1	2430	1	0	next	hit	39
S6010536	3	Port Input	14	47492	2362	1
S6010536	3	Response	22	47492	2362	1
S6010536	4	Picture	20	47561	0	1	15347	1	0	next	hit	43
S6010536	4	Port Input	15	51246	3685	1
S6010536	4	Port Input	14	62883	15323	1
S6010536	4	Response	22	62883	15323	1
S6010536	5	Picture	20	62907	0	1	12500	1	0	next	hit	53
S6010536	5	Port Input	15	66442	3535	1
S6010536	5	Port Input	14	66442	3535	1
S6010536	5	Port Input	15	66442	3535	1
S6010536	5	Port Input	14	66442	3535	1
S6010536	5	Port Input	15	66443	3536	1
S6010536	5	Port Input	14	66443	3536	1
S6010536	5	Port Input	15	66443	3536	1
S6010536	5	Port Input	14	75336	12429	1
S6010536	5	Response	22	75336	12429	1
S6010536	5	Port Input	15	75337	12429	1
S6010536	5	Port Input	14	75337	12429	1
S6010536	6	Picture	20	75407	0	1	12777	1	0	next	hit	59
S6010536	6	Port Input	15	78358	2951	1
S6010536	6	Port Input	14	88118	12711	1
S6010536	6	Response	22	88118	12711	1
S6010536	6	Port Input	15	88118	12711	1
S6010536	6	Port Input	14	88118	12711	1
S6010536	6	Port Input	15	88125	12718	1
S6010536	6	Port Input	14	88125	12718	1
S6010536	6	Port Input	15	88125	12718	1
S6010536	6	Port Input	14	88125	12718	1
S6010536	6	Port Input	15	88125	12719	1
S6010536	6	Port Input	14	88126	12719	1
S6010536	6	Port Input	15	88126	12719	1
S6010536	6	Port Input	14	88126	12719	1
S6010536	6	Port Input	15	88126	12719	1
S6010536	6	Port Input	14	88127	12720	1
S6010536	6	Port Input	15	88127	12720	1
S6010536	6	Port Input	14	88127	12720	1
S6010536	6	Port Input	15	88128	12721	1
S6010536	6	Port Input	14	88128	12721	1
S6010536	6	Port Input	15	88128	12721	1
S6010536	6	Port Input	14	88128	12721	1
S6010536	6	Port Input	15	88129	12722	1
S6010536	6	Port Input	14	88129	12722	1
S6010536	6	Port Input	15	88129	12722	1
S6010536	6	Port Input	14	88129	12722	1
S6010536	6	Port Input	15	88129	12722	1
S6010536	6	Port Input	14	88130	12723	1
S6010536	6	Port Input	15	88130	12723	1
S6010536	6	Port Input	14	88130	12723	1
S6010536	6	Port Input	15	88131	12724	1
S6010536	6	Port Input	14	88131	12725	1
S6010536	6	Port Input	15	88133	12726	1
S6010536	6	Port Input	14	88133	12726	1
S6010536	6	Port Input	15	88136	12729	1
S6010536	6	Port Input	14	88136	12729	1
S6010536	7	Picture	20	88184	0	1	12708	1	0	next	hit	101
S6010536	7	Port Input	15	90990	2806	1
S6010536	7	Port Input	14	90990	2806	1
S6010536	7	Port Input	15	90993	2809	1
S6010536	7	Port Input	14	90993	2809	1
S6010536	7	Port Input	15	90996	2811	1
S6010536	7	Port Input	14	90996	2811	1
S6010536	7	Port Input	15	90996	2811	1
S6010536	7	Port Input	14	100821	12636	1
S6010536	7	Response	22	100821	12636	1
S6010536	8	Picture	20	100892	0	1	14166	1	0	next	hit	109
S6010536	8	Port Input	15	104221	3329	1
S6010536	8	Port Input	14	104221	3329	1
S6010536	8	Port Input	15	104221	3329	1
S6010536	8	Port Input	14	104221	3329	1
S6010536	8	Port Input	15	104221	3329	1
S6010536	8	Port Input	14	115009	14117	1
S6010536	8	Response	22	115009	14117	1
S6010536	8	Port Input	15	115009	14117	1
S6010536	8	Port Input	14	115009	14117	1
S6010536	9	Picture	20	115059	0	1	13055	1	0	next	hit	117
S6010536	9	Port Input	15	117674	2616	1
S6010536	9	Port Input	14	117674	2616	1
S6010536	9	Port Input	15	117674	2616	1
S6010536	9	Port Input	14	128071	13012	1
S6010536	9	Response	22	128071	13012	1
S6010536	9	Port Input	15	128078	13020	1
S6010536	9	Port Input	14	128079	13020	1
S6010536	9	Port Input	15	128079	13021	1
S6010536	9	Port Input	14	128080	13021	1
S6010536	9	Port Input	15	128082	13024	1
S6010536	9	Port Input	14	128083	13024	1
S6010536	10	Picture	20	128114	0	1	11597	1	0	next	hit	133
S6010536	10	Port Input	15	130430	2316	1
S6010536	10	Port Input	14	130430	2316	1
S6010536	10	Port Input	15	130430	2316	1
S6010536	10	Port Input	14	130430	2316	1
S6010536	10	Port Input	15	130430	2316	1
S6010536	10	Port Input	14	130430	2316	1
S6010536	10	Port Input	15	130430	2316	1
S6010536	10	Port Input	14	139676	11563	1
S6010536	10	Response	22	139676	11563	1
S6010536	11	Picture	20	139711	0	1	12708	1	0	next	hit	137
S6010536	11	Port Input	15	142903	3192	1
S6010536	11	Port Input	14	152409	12699	1
S6010536	11	Response	22	152409	12699	1
S6010536	12	Picture	20	152419	0	1	14375	1	0	next	hit	141
S6010536	12	Port Input	15	155488	3070	1
S6010536	12	Port Input	14	166756	14338	1
S6010536	12	Response	22	166756	14338	1
S6010536	13	Picture	20	166793	0	1	12777	1	0	next	hit	155
S6010536	13	Port Input	15	170164	3371	1
S6010536	13	Port Input	14	170164	3371	1
S6010536	13	Port Input	15	170164	3371	1
S6010536	13	Port Input	14	170164	3371	1
S6010536	13	Port Input	15	170165	3371	1
S6010536	13	Port Input	14	170165	3372	1
S6010536	13	Port Input	15	170165	3372	1
S6010536	13	Port Input	14	170165	3372	1
S6010536	13	Port Input	15	170165	3372	1
S6010536	13	Port Input	14	170165	3372	1
S6010536	13	Port Input	15	170165	3372	1
S6010536	13	Port Input	14	179496	12703	1
S6010536	13	Response	22	179496	12703	1
S6010536	13	Port Input	15	179496	12703	1
S6010536	13	Port Input	14	179496	12703	1
S6010536	14	Picture	20	179570	0	1	12361	1	0	next	hit	163
S6010536	14	Port Input	15	182565	2994	1
S6010536	14	Port Input	14	182565	2994	1
S6010536	14	Port Input	15	182565	2994	1
S6010536	14	Port Input	14	191917	12346	1
S6010536	14	Response	22	191917	12346	1
S6010536	15	Picture	20	191931	0	1	14236	1	0	next	hit	171
S6010536	15	Port Input	15	196097	4166	1
S6010536	15	Port Input	14	196097	4166	1
S6010536	15	Port Input	15	196098	4166	1
S6010536	15	Port Input	14	196098	4167	1
S6010536	15	Port Input	15	196098	4167	1
S6010536	15	Port Input	14	206139	14208	1
S6010536	15	Response	22	206139	14208	1
S6010536	16	Picture	20	206167	0	1	14583	1	0	next	hit	191
S6010536	16	Port Input	15	209711	3544	1
S6010536	16	Port Input	14	209711	3544	1
S6010536	16	Port Input	15	209712	3545	1
S6010536	16	Port Input	14	209712	3545	1
S6010536	16	Port Input	15	209713	3546	1
S6010536	16	Port Input	14	209713	3546	1
S6010536	16	Port Input	15	209713	3546	1
S6010536	16	Port Input	14	209713	3546	1
S6010536	16	Port Input	15	209714	3547	1
S6010536	16	Port Input	14	209714	3547	1
S6010536	16	Port Input	15	209714	3547	1
S6010536	16	Port Input	14	209714	3547	1
S6010536	16	Port Input	15	209715	3548	1
S6010536	16	Port Input	14	209715	3548	1
S6010536	16	Port Input	15	209715	3548	1
S6010536	16	Port Input	14	209715	3548	1
S6010536	16	Port Input	15	209715	3548	1
S6010536	16	Port Input	14	220706	14539	1
S6010536	16	Response	22	220706	14539	1
S6010536	17	Picture	20	220750	0	1	11805	1	0	next	hit	201
S6010536	17	Port Input	15	223287	2537	1
S6010536	17	Port Input	14	223287	2537	1
S6010536	17	Port Input	15	223287	2538	1
S6010536	17	Port Input	14	223287	2538	1
S6010536	17	Port Input	15	223287	2538	1
S6010536	17	Port Input	14	223287	2538	1
S6010536	17	Port Input	15	223287	2538	1
S6010536	17	Port Input	14	232514	11764	1
S6010536	17	Response	22	232514	11764	1
S6010536	18	Picture	20	232555	0	1	14444	1	0	next	hit	209
S6010536	18	Port Input	15	235770	3215	1
S6010536	18	Port Input	14	235770	3215	1
S6010536	18	Port Input	15	235770	3215	1
S6010536	18	Port Input	14	235770	3215	1
S6010536	18	Port Input	15	235771	3216	1
S6010536	18	Port Input	14	246946	14391	1
S6010536	18	Response	22	246946	14391	1
S6010536	19	Picture	20	246999	0	1	12986	1	0	next	hit	215
S6010536	19	Port Input	15	249603	2604	1
S6010536	19	Port Input	14	249603	2604	1
S6010536	19	Port Input	15	249603	2604	1
S6010536	19	Port Input	14	259976	12977	1
S6010536	19	Response	22	259976	12977	1
S6010536	19	Port Input	15	259976	12977	1
S6010536	19	Port Input	14	259976	12977	1
S6010536	19	Port Input	15	259976	12977	1
S6010536	19	Port Input	14	259977	12978	5
S6010536	20	Picture	20	259985	0	1	13680	1	0	next	hit	225
S6010536	20	Port Input	15	262420	2436	1
S6010536	20	Port Input	14	262420	2436	1
S6010536	20	Port Input	15	262420	2436	1
S6010536	20	Port Input	14	273609	13624	1
S6010536	20	Response	22	273609	13624	1
S6010536	21	Picture	20	273665	0	1	13264	1	0	next	hit	233
S6010536	21	Port Input	15	276596	2931	1
S6010536	21	Port Input	14	276596	2931	1
S6010536	21	Port Input	15	276597	2932	1
S6010536	21	Port Input	14	276597	2932	1
S6010536	21	Port Input	15	276597	2932	1
S6010536	21	Port Input	14	286864	13199	1
S6010536	21	Response	22	286864	13199	1
S6010536	21	Port Input	15	286864	13199	1
S6010536	21	Port Input	14	286864	13200	1
S6010536	22	Picture	20	286928	0	1	13125	1	0	next	hit	251
S6010536	22	Port Input	15	289881	2953	1
S6010536	22	Port Input	14	289881	2953	1
S6010536	22	Port Input	15	289882	2953	1
S6010536	22	Port Input	14	289882	2953	1
S6010536	22	Port Input	15	289882	2954	1
S6010536	22	Port Input	14	289882	2954	1
S6010536	22	Port Input	15	289882	2954	1
S6010536	22	Port Input	14	289883	2954	1
S6010536	22	Port Input	15	289883	2954	1
S6010536	22	Port Input	14	289883	2954	1
S6010536	22	Port Input	15	289883	2955	1
S6010536	22	Port Input	14	289883	2955	1
S6010536	22	Port Input	15	289884	2955	1
S6010536	22	Port Input	14	300033	13105	1
S6010536	22	Response	22	300033	13105	1
S6010536	22	Port Input	15	300033	13105	1
S6010536	22	Port Input	14	300034	13105	1
S6010536	23	Picture	20	300053	0	1	13402	1	0	next	hit	259
S6010536	23	Port Input	15	303041	2988	1
S6010536	23	Port Input	14	303041	2988	1
S6010536	23	Port Input	15	303044	2991	1
S6010536	23	Port Input	14	313415	13362	1
S6010536	23	Response	22	313415	13362	1
S6010536	23	Port Input	15	313415	13362	1
S6010536	23	Port Input	14	313415	13362	1
S6010536	24	Picture	20	313455	0	1	13472	1	0	next	hit	267
S6010536	24	Port Input	15	316120	2665	1
S6010536	24	Port Input	14	316120	2665	1
S6010536	24	Port Input	15	316120	2665	1
S6010536	24	Port Input	14	326912	13457	1
S6010536	24	Response	22	326912	13457	1
S6010536	24	Port Input	15	326912	13457	1
S6010536	24	Port Input	14	326913	13457	1
S6010536	25	Picture	20	326927	0	1	12222	1	0	next	hit	279
S6010536	25	Port Input	15	329628	2701	1
S6010536	25	Port Input	14	329628	2701	1
S6010536	25	Port Input	15	329629	2702	1
S6010536	25	Port Input	14	329629	2702	1
S6010536	25	Port Input	15	329629	2702	1
S6010536	25	Port Input	14	329629	2702	1
S6010536	25	Port Input	15	329629	2702	1
S6010536	25	Port Input	14	339123	12196	1
S6010536	25	Response	22	339123	12196	1
S6010536	26	Picture	20	339149	0	1	12569	1	0	next	hit	283
S6010536	26	Port Input	15	341704	2555	1
S6010536	26	Port Input	14	351697	12548	1
S6010536	26	Response	22	351697	12548	1
S6010536	27	Picture	20	351718	0	1	12013	1	0	next	hit	295
S6010536	27	Port Input	15	352552	834	1
S6010536	27	Port Input	14	352552	834	1
S6010536	27	Port Input	15	352561	843	1
S6010536	27	Port Input	14	352562	844	1
S6010536	27	Port Input	15	352605	887	1
S6010536	27	Port Input	14	352605	887	1
S6010536	27	Port Input	15	352615	897	1
S6010536	27	Port Input	14	352615	897	1
S6010536	27	Port Input	15	354425	2707	1
S6010536	27	Port Input	14	363664	11946	1
S6010536	27	Response	22	363664	11946	1
S6010536	28	Picture	20	363731	0	1	13333	1	0	next	hit	305
S6010536	28	Port Input	15	366884	3152	1
S6010536	28	Port Input	14	366884	3152	1
S6010536	28	Port Input	15	366884	3152	1
S6010536	28	Port Input	14	366884	3152	1
S6010536	28	Port Input	15	366884	3153	1
S6010536	28	Port Input	14	366884	3153	1
S6010536	28	Port Input	15	366884	3153	1
S6010536	28	Port Input	14	376988	13256	1
S6010536	28	Response	22	376988	13256	1
S6010536	29	Picture	20	377064	0	1	13333	1	0	next	hit	337
S6010536	29	Port Input	15	377446	382	1
S6010536	29	Port Input	14	377446	382	1
S6010536	29	Port Input	15	377449	384	1
S6010536	29	Port Input	14	377449	384	1
S6010536	29	Port Input	15	377450	386	1
S6010536	29	Port Input	14	377450	386	1
S6010536	29	Port Input	15	377454	389	1
S6010536	29	Port Input	14	377454	389	1
S6010536	29	Port Input	15	377480	416	1
S6010536	29	Port Input	14	377480	416	1
S6010536	29	Port Input	15	377480	416	1
S6010536	29	Port Input	14	377480	416	1
S6010536	29	Port Input	15	377481	417	1
S6010536	29	Port Input	14	377481	417	1
S6010536	29	Port Input	15	377482	418	1
S6010536	29	Port Input	14	377482	418	1
S6010536	29	Port Input	15	377485	421	1
S6010536	29	Port Input	14	377485	421	1
S6010536	29	Port Input	15	377506	442	1
S6010536	29	Port Input	14	377506	442	1
S6010536	29	Port Input	15	377542	478	1
S6010536	29	Port Input	14	377542	478	1
S6010536	29	Port Input	15	377543	479	1
S6010536	29	Port Input	14	377543	479	1
S6010536	29	Port Input	15	377549	485	1
S6010536	29	Port Input	14	377549	485	1
S6010536	29	Port Input	15	379547	2483	1
S6010536	29	Port Input	14	379547	2483	1
S6010536	29	Port Input	15	379547	2483	1
S6010536	29	Port Input	14	390380	13315	1
S6010536	29	Response	22	390380	13315	1
S6010536	29	Port Input	15	390380	13315	1
S6010536	29	Port Input	14	390380	13316	1
S6010536	30	Picture	20	390397	0	1	10764	1	0	next	hit	351
S6010536	30	Port Input	15	392569	2171	1
S6010536	30	Port Input	14	392569	2171	1
S6010536	30	Port Input	15	392569	2172	1
S6010536	30	Port Input	14	392569	2172	1
S6010536	30	Port Input	15	392570	2172	1
S6010536	30	Port Input	14	392570	2172	1
S6010536	30	Port Input	15	392570	2173	1
S6010536	30	Port Input	14	392570	2173	1
S6010536	30	Port Input	15	392570	2173	1
S6010536	30	Port Input	14	401112	10715	1
S6010536	30	Response	22	401112	10715	1
S6010536	31	Picture	20	401161	0	1	12847	1	0	next	hit	355
S6010536	31	Port Input	15	403416	2255	1
S6010536	31	Port Input	14	413940	12779	1
S6010536	31	Response	22	413940	12779	1
S6010536	31	Port Input	15	413941	12780	1
S6010536	31	Port Input	14	413941	12780	1
S6010536	32	Picture	20	414008	0	1	12430	1	0	next	hit	363
S6010536	32	Port Input	15	416485	2477	1
S6010536	32	Port Input	14	416485	2477	1
S6010536	32	Port Input	15	416485	2477	1
S6010536	32	Port Input	14	426377	12369	1
S6010536	32	Response	22	426377	12369	1
S6010536	33	Picture	20	426438	0	1	14097	1	0	next	hit	367
S6010536	33	Port Input	15	429081	2643	1
S6010536	33	Port Input	14	440475	14037	1
S6010536	33	Response	22	440475	14037	1
S6010536	34	Picture	20	440535	0	1	11250	1	0	next	hit	371
S6010536	34	Port Input	15	442926	2391	1
S6010536	34	Port Input	14	451748	11213	1
S6010536	34	Response	22	451748	11213	1
S6010536	34	Port Input	15	451748	11214	2
S6010536	34	Port Input	14	451750	11216	7
S6010536	35	Picture	20	451784	0	1	13125	1	0	next	hit	385
S6010536	35	Port Input	15	454285	2500	1
S6010536	35	Port Input	14	454285	2500	1
S6010536	35	Port Input	15	454285	2500	1
S6010536	35	Port Input	14	454285	2500	1
S6010536	35	Port Input	15	454285	2501	1
S6010536	35	Port Input	14	454285	2501	1
S6010536	35	Port Input	15	454285	2501	1
S6010536	35	Port Input	14	454285	2501	1
S6010536	35	Port Input	15	454285	2501	1
S6010536	35	Port Input	14	464836	13052	1
S6010536	35	Response	22	464836	13052	1
S6010536	35	Port Input	15	464836	13052	1
S6010536	35	Port Input	14	464837	13052	1
S6010536	36	Picture	20	464909	0	1	12291	1	0	next	hit	391
S6010536	36	Port Input	15	467692	2783	1
S6010536	36	Port Input	14	477170	12261	1
S6010536	36	Response	22	477170	12261	1
S6010536	37	Picture	20	477200	0	1	12500	1	0	next	hit	395
S6010536	37	Port Input	15	480452	3251	1
S6010536	37	Port Input	14	489675	12474	1
S6010536	37	Response	22	489675	12474	1
S6010536	37	Port Input	15	489675	12475	1
S6010536	37	Port Input	14	489675	12475	1
S6010536	38	Picture	20	489700	0	1	10972	1	0	next	hit	403
S6010536	38	Port Input	15	493133	3433	1
S6010536	38	Port Input	14	493133	3433	1
S6010536	38	Port Input	15	493133	3433	1
S6010536	38	Port Input	14	500600	10901	1
S6010536	38	Response	22	500600	10901	1
S6010536	39	Picture	20	500672	0	1	10902	1	0	next	hit	407
S6010536	39	Port Input	15	503553	2881	1
S6010536	39	Port Input	14	511556	10884	1
S6010536	39	Response	22	511556	10884	1
S6010536	39	Port Input	15	511556	10884	1
S6010536	39	Port Input	14	511556	10884	1
S6010536	40	Picture	20	511574	0	1	11944	1	0	next	hit	413
S6010536	40	Port Input	15	514831	3256	1
S6010536	40	Port Input	14	523442	11867	1
S6010536	40	Response	22	523442	11867	1
S6010536	40	Port Input	15	523442	11867	1
S6010536	40	Port Input	14	523442	11868	1
S6010536	40	Port Input	15	523442	11868	1
S6010536	40	Port Input	14	523443	11868	5
S6010536	41	Picture	20	523518	0	1	10278	1	0	next	hit	421
S6010536	41	Port Input	15	526621	3103	1
S6010536	41	Port Input	14	533720	10201	1
S6010536	41	Response	22	533720	10201	1
S6010536	42	Picture	20	533796	0	1	12916	1	0	next	hit	427
S6010536	42	Port Input	15	537585	3789	1
S6010536	42	Port Input	14	537585	3789	1
S6010536	42	Port Input	15	537585	3789	1
S6010536	42	Port Input	14	546660	12864	1
S6010536	42	Response	22	546660	12864	1
S6010536	43	Picture	20	546712	0	1	14583	1	0	next	hit	439
S6010536	43	Port Input	15	550632	3920	1
S6010536	43	Port Input	14	550632	3920	1
S6010536	43	Port Input	15	550632	3920	1
S6010536	43	Port Input	14	550632	3920	1
S6010536	43	Port Input	15	550632	3920	1
S6010536	43	Port Input	14	550632	3920	1
S6010536	43	Port Input	15	550633	3921	1
S6010536	43	Port Input	14	550633	3921	1
S6010536	43	Port Input	15	550634	3922	1
S6010536	43	Port Input	14	561269	14557	1
S6010536	43	Response	22	561269	14557	1
S6010536	44	Picture	20	561295	0	1	12847	1	0	next	hit	443
S6010536	44	Port Input	15	564127	2832	1
S6010536	44	Port Input	14	574115	12820	1
S6010536	44	Response	22	574115	12820	1
S6010536	45	Picture	20	574142	0	1	11319	1	0	next	hit	527
S6010536	45	Port Input	15	574167	25	1
S6010536	45	Port Input	14	574167	25	1
S6010536	45	Port Input	15	574173	31	1
S6010536	45	Port Input	14	574173	31	1
S6010536	45	Port Input	15	574173	32	1
S6010536	45	Port Input	14	574174	32	1
S6010536	45	Port Input	15	574174	32	1
S6010536	45	Port Input	14	574174	32	1
S6010536	45	Port Input	15	574174	32	1
S6010536	45	Port Input	14	574174	33	1
S6010536	45	Port Input	15	574174	33	1
S6010536	45	Port Input	14	574175	33	1
S6010536	45	Port Input	15	574175	33	1
S6010536	45	Port Input	14	574175	33	1
S6010536	45	Port Input	15	574175	33	1
S6010536	45	Port Input	14	574175	33	1
S6010536	45	Port Input	15	574175	33	1
S6010536	45	Port Input	14	574175	33	1
S6010536	45	Port Input	15	574175	33	1
S6010536	45	Port Input	14	574175	33	1
S6010536	45	Port Input	15	574175	34	1
S6010536	45	Port Input	14	574175	34	1
S6010536	45	Port Input	15	574175	34	1
S6010536	45	Port Input	14	574175	34	1
S6010536	45	Port Input	15	574176	34	1
S6010536	45	Port Input	14	574176	34	1
S6010536	45	Port Input	15	574176	34	1
S6010536	45	Port Input	14	574176	34	1
S6010536	45	Port Input	15	574176	34	1
S6010536	45	Port Input	14	574176	34	1
S6010536	45	Port Input	15	574176	34	1
S6010536	45	Port Input	14	574176	34	1
S6010536	45	Port Input	15	574176	35	1
S6010536	45	Port Input	14	574176	35	1
S6010536	45	Port Input	15	574177	36	1
S6010536	45	Port Input	14	574177	36	1
S6010536	45	Port Input	15	574178	36	1
S6010536	45	Port Input	14	574178	36	1
S6010536	45	Port Input	15	574178	36	1
S6010536	45	Port Input	14	574178	36	1
S6010536	45	Port Input	15	574178	36	1
S6010536	45	Port Input	14	574178	36	1
S6010536	45	Port Input	15	574178	37	1
S6010536	45	Port Input	14	574178	37	1
S6010536	45	Port Input	15	574179	37	1
S6010536	45	Port Input	14	574179	37	1
S6010536	45	Port Input	15	574179	37	1
S6010536	45	Port Input	14	574179	37	1
S6010536	45	Port Input	15	574179	37	1
S6010536	45	Port Input	14	574179	37	1
S6010536	45	Port Input	15	574179	37	1
S6010536	45	Port Input	14	574179	37	1
S6010536	45	Port Input	15	574179	37	1
S6010536	45	Port Input	14	574179	37	1
S6010536	45	Port Input	15	574179	37	1
S6010536	45	Port Input	14	574179	38	1
S6010536	45	Port Input	15	574179	38	1
S6010536	45	Port Input	14	574179	38	1
S6010536	45	Port Input	15	574179	38	1
S6010536	45	Port Input	14	574179	38	1
S6010536	45	Port Input	15	574180	38	1
S6010536	45	Port Input	14	574180	38	1
S6010536	45	Port Input	15	574180	38	1
S6010536	45	Port Input	14	574180	38	1
S6010536	45	Port Input	15	574180	39	1
S6010536	45	Port Input	14	574180	39	1
S6010536	45	Port Input	15	574180	39	1
S6010536	45	Port Input	14	574180	39	1
S6010536	45	Port Input	15	574180	39	1
S6010536	45	Port Input	14	574180	39	1
S6010536	45	Port Input	15	574181	39	1
S6010536	45	Port Input	14	574181	39	1
S6010536	45	Port Input	15	574183	42	1
S6010536	45	Port Input	14	574183	42	1
S6010536	45	Port Input	15	574184	42	1
S6010536	45	Port Input	14	574184	42	1
S6010536	45	Port Input	15	574184	42	1
S6010536	45	Port Input	14	574184	42	1
S6010536	45	Port Input	15	576380	2238	1
S6010536	45	Port Input	14	576380	2238	1
S6010536	45	Port Input	15	576380	2238	1
S6010536	45	Port Input	14	585451	11310	1
S6010536	45	Response	22	585451	11310	1
S6010536	46	Picture	20	585461	0	1	12569	1	0	next	hit	533
S6010536	46	Port Input	15	588822	3361	1
S6010536	46	Port Input	14	588822	3361	1
S6010536	46	Port Input	15	588822	3362	1
S6010536	46	Port Input	14	597989	12528	1
S6010536	46	Response	22	597989	12528	1
S6010536	46	Port Input	15	597989	12528	1
S6010536	46	Port Input	14	597989	12528	1
S6010536	46	Port Input	15	597990	12529	5
S6010536	46	Port Input	14	597997	12536	1
S6010536	46	Port Input	15	597997	12536	1
S6010536	46	Port Input	14	597997	12537	1
S6010536	46	Port Input	15	597998	12537	1
S6010536	46	Port Input	14	597998	12537	1
S6010536	46	Port Input	15	597999	12538	1
S6010536	46	Port Input	14	597999	12538	1
S6010536	46	Port Input	15	598000	12539	1
S6010536	46	Port Input	14	598000	12539	1
S6010536	46	Port Input	15	598000	12539	1
S6010536	46	Port Input	14	598000	12540	1
S6010536	46	Port Input	15	598001	12540	1
S6010536	46	Port Input	14	598001	12540	1
S6010536	47	Picture	20	598030	0	1	11805	1	0	next	hit	557
S6010536	47	Port Input	15	601250	3220	1
S6010536	47	Port Input	14	601250	3220	1
S6010536	47	Port Input	15	601250	3220	1
S6010536	47	Port Input	14	601250	3220	1
S6010536	47	Port Input	15	601250	3220	1
S6010536	47	Port Input	14	609778	11748	1
S6010536	47	Response	22	609778	11748	1
S6010536	47	Port Input	15	609778	11748	1
S6010536	47	Port Input	14	609778	11748	1
S6010536	48	Picture	20	609835	0	1	12083	1	0	next	hit	567
S6010536	48	Port Input	15	613216	3381	1
S6010536	48	Port Input	14	613216	3381	1
S6010536	48	Port Input	15	613216	3381	1
S6010536	48	Port Input	14	613216	3381	1
S6010536	48	Port Input	15	613218	3382	1
S6010536	48	Port Input	14	621850	12015	1
S6010536	48	Response	22	621850	12015	1
S6010536	49	Picture	20	621918	0	1	11527	1	0	next	hit	571
S6010536	49	Port Input	15	625133	3215	1
S6010536	49	Port Input	14	633407	11489	1
S6010536	49	Response	22	633407	11489	1
S6010536	50	Picture	20	633445	0	1	12083	1	0	next	hit	577
S6010536	50	Port Input	15	636762	3316	1
S6010536	50	Port Input	14	636762	3316	1
S6010536	50	Port Input	15	636762	3317	1
S6010536	50	Port Input	14	645497	12052	1
S6010536	50	Response	22	645497	12052	1
S6010536	51	Picture	20	645528	0	1	12986	1	0	next	hit	581
S6010536	51	Port Input	15	648284	2756	1
S6010536	51	Port Input	14	658441	12913	1
S6010536	51	Response	22	658441	12913	1
S6010536	52	Picture	20	658514	0	1	14097	1	0	next	hit	585
S6010536	52	Port Input	15	661053	2539	1
S6010536	52	Port Input	14	672536	14022	1
S6010536	52	Response	22	672536	14022	1
S6010536	53	Picture	20	672611	0	1	12569	1	0	next	hit	589
S6010536	53	Port Input	15	675212	2602	1
S6010536	53	Port Input	14	685144	12533	1
S6010536	53	Response	22	685144	12533	1
S6010536	54	Picture	20	685180	0	1	11875	1	0	next	hit	593
S6010536	54	Port Input	15	687809	2629	1
S6010536	54	Port Input	14	697044	11864	1
S6010536	54	Response	22	697044	11864	1
S6010536	55	Picture	20	697055	0	1	12777	1	0	next	hit	601
S6010536	55	Port Input	15	699891	2836	1
S6010536	55	Port Input	14	699891	2836	1
S6010536	55	Port Input	15	699891	2836	1
S6010536	55	Port Input	14	699891	2836	1
S6010536	55	Port Input	15	699891	2837	1
S6010536	55	Port Input	14	709796	12742	1
S6010536	55	Response	22	709796	12742	1
S6010536	56	Picture	20	709832	0	1	12777	1	0	next	hit	605
S6010536	56	Port Input	15	713407	3575	1
S6010536	56	Port Input	14	722567	12735	1
S6010536	56	Response	22	722567	12735	1
S6010536	57	Picture	20	722609	0	1	12916	1	0	next	hit	611
S6010536	57	Port Input	15	725905	3296	1
S6010536	57	Port Input	14	725905	3296	1
S6010536	57	Port Input	15	725905	3296	1
S6010536	57	Port Input	14	735506	12896	1
S6010536	57	Response	22	735506	12896	1
S6010536	58	Picture	20	735526	0	1	12569	1	0	next	hit	623
S6010536	58	Port Input	15	738931	3405	1
S6010536	58	Port Input	14	738931	3405	1
S6010536	58	Port Input	15	738931	3406	1
S6010536	58	Port Input	14	738931	3406	1
S6010536	58	Port Input	15	738932	3406	1
S6010536	58	Port Input	14	738932	3406	1
S6010536	58	Port Input	15	738932	3406	1
S6010536	58	Port Input	14	738932	3406	1
S6010536	58	Port Input	15	738932	3406	1
S6010536	58	Port Input	14	748056	12530	1
S6010536	58	Response	22	748056	12530	1
S6010536	59	Picture	20	748095	0	1	13958	1	0	next	hit	627
S6010536	59	Port Input	15	751549	3454	1
S6010536	59	Port Input	14	762042	13947	1
S6010536	59	Response	22	762042	13947	1
S6010536	60	Picture	20	762053	0	1	12500	1	0	next	hit	631
S6010536	60	Port Input	15	765475	3422	1
S6010536	60	Port Input	14	774534	12481	1
S6010536	60	Response	22	774534	12481	1
S6010536	61	Picture	20	774552	0	1	11805	1	0	next	hit	635
S6010536	61	Port Input	15	777112	2559	1
S6010536	61	Port Input	14	786282	11729	1
S6010536	61	Response	22	786282	11729	1
S6010536	62	Picture	20	786357	0	1	12639	1	0	next	hit	639
S6010536	62	Port Input	15	789793	3436	1
S6010536	62	Port Input	14	798933	12575	1
S6010536	62	Response	22	798933	12575	1
S6010536	63	Picture	20	798996	0	1	13472	1	0	next	hit	643
S6010536	63	Port Input	15	802404	3408	1
S6010536	63	Port Input	14	812409	13413	1
S6010536	63	Response	22	812409	13413	1
S6010536	64	Picture	20	812468	0	1	14305	1	0	next	hit	649
S6010536	64	Port Input	15	816303	3835	1
S6010536	64	Port Input	14	816303	3835	1
S6010536	64	Port Input	15	816303	3835	1
S6010536	64	Port Input	14	826717	14249	1
S6010536	64	Response	22	826717	14249	1
S6010536	64	Port Input	15	826717	14249	1
S6010536	64	Port Input	14	826718	14250	4
S6010536	65	Picture	20	826773	0	1	13611	1	0	next	hit	657
S6010536	65	Port Input	15	829716	2943	1
S6010536	65	Port Input	14	829716	2943	1
S6010536	65	Port Input	15	829716	2943	1
S6010536	65	Port Input	14	840306	13533	1
S6010536	65	Response	22	840306	13533	1
S6010536	66	Picture	20	840384	0	1	13888	1	0	next	hit	665
S6010536	66	Port Input	15	843004	2620	1
S6010536	66	Port Input	14	843004	2620	1
S6010536	66	Port Input	15	843004	2620	1
S6010536	66	Port Input	14	843004	2620	1
S6010536	66	Port Input	15	843004	2621	1
S6010536	66	Port Input	14	854245	13861	1
S6010536	66	Response	22	854245	13861	1
S6010536	66	Port Input	15	854245	13862	1
S6010536	66	Port Input	14	854253	13870	1
S6010536	67	Picture	20	854272	0	1	14166	1	0	next	hit	671
S6010536	67	Port Input	15	857280	3008	1
S6010536	67	Port Input	14	868384	14112	1
S6010536	67	Response	22	868384	14112	1
S6010536	68	Picture	20	868438	0	1	13472	1	0	next	hit	675
S6010536	68	Port Input	15	870980	2541	1
S6010536	68	Port Input	14	881881	13443	1
S6010536	68	Response	22	881881	13443	1
S6010536	69	Picture	20	881910	0	1	13263	1	0	next	hit	679
S6010536	69	Port Input	15	884491	2581	1
S6010536	69	Port Input	14	895149	13239	1
S6010536	69	Response	22	895149	13239	1
S6010536	70	Picture	20	895174	0	1	15000	1	0	next	hit	683
S6010536	70	Port Input	15	898245	3071	1
S6010536	70	Port Input	14	910115	14941	1
S6010536	70	Response	22	910115	14941	1
S6010536	71	Picture	20	910173	0	1	12638	1	0	next	hit	687
S6010536	71	Port Input	15	912615	2442	1
S6010536	71	Port Input	14	922788	12615	1
S6010536	71	Response	22	922788	12615	1
S6010536	72	Picture	20	922812	0	1	12708	1	0	next	hit	691
S6010536	72	Port Input	15	925846	3034	1
S6010536	72	Port Input	14	935483	12672	1
S6010536	72	Response	22	935483	12672	1
S6010536	72	Port Input	15	935483	12672	1
S6010536	72	Port Input	14	935484	12672	1
S6010536	73	Picture	20	935520	0	1	13194	1	0	next	hit	697
S6010536	73	Port Input	15	938913	3393	1
S6010536	73	Port Input	14	948656	13136	1
S6010536	73	Response	22	948656	13136	1
S6010536	74	Picture	20	948714	0	1	13541	1	0	next	hit	701
S6010536	74	Port Input	15	951915	3201	1
S6010536	74	Port Input	14	962242	13528	1
S6010536	74	Response	22	962242	13528	1
S6010536	75	Picture	20	962255	0	1	14444	1	0	next	hit	709
S6010536	75	Port Input	15	965819	3564	1
S6010536	75	Port Input	14	965819	3564	1
S6010536	75	Port Input	15	965819	3564	1
S6010536	75	Port Input	14	965819	3564	1
S6010536	75	Port Input	15	965819	3564	1
S6010536	75	Port Input	14	976683	14428	1
S6010536	75	Response	22	976683	14428	1
S6010536	76	Picture	20	976699	0	1	12638	1	0	next	hit	713
S6010536	76	Port Input	15	979768	3069	1
S6010536	76	Port Input	14	989330	12631	1
S6010536	76	Response	22	989330	12631	1
S6010536	77	Picture	20	989337	0	1	12708	1	0	next	hit	719
S6010536	77	Port Input	15	992077	2739	1
S6010536	77	Port Input	14	992077	2739	1
S6010536	77	Port Input	15	992077	2739	1
S6010536	77	Port Input	14	1001977	12640	1
S6010536	77	Response	22	1001977	12640	1
S6010536	78	Picture	20	1002045	0	1	13541	1	0	next	hit	723
S6010536	78	Port Input	15	1005255	3210	1
S6010536	78	Port Input	14	1015535	13490	1
S6010536	78	Response	22	1015535	13490	1
S6010536	78	Port Input	15	1015536	13490	1
S6010536	78	Port Input	14	1015536	13491	1
S6010536	79	Picture	20	1015587	0	1	13611	1	0	next	hit	731
S6010536	79	Port Input	15	1018795	3209	1
S6010536	79	Port Input	14	1018795	3209	1
S6010536	79	Port Input	15	1018796	3209	1
S6010536	79	Port Input	14	1029123	13536	1
S6010536	79	Response	22	1029123	13536	1
S6010536	80	Picture	20	1029197	0	1	13750	1	0	next	hit	735
S6010536	80	Port Input	15	1032047	2850	1
S6010536	80	Port Input	14	1042872	13675	1
S6010536	80	Response	22	1042872	13675	1
S6010536	81	Picture	20	1042947	0	1	12986	1	0	next	hit	739
S6010536	81	Port Input	15	1045956	3009	1
S6010536	81	Port Input	14	1055860	12913	1
S6010536	81	Response	22	1055860	12913	1
S6010536	82	Picture	20	1055933	0	1	14375	1	0	next	hit	745
S6010536	82	Port Input	15	1059350	3417	1
S6010536	82	Port Input	14	1059350	3417	1
S6010536	82	Port Input	15	1059350	3418	1
S6010536	82	Port Input	14	1070272	14340	1
S6010536	82	Response	22	1070272	14340	1
S6010536	83	Picture	20	1070307	0	1	13611	1	0	next	hit	749
S6010536	83	Port Input	15	1073949	3642	1
S6010536	83	Port Input	14	1083882	13574	1
S6010536	83	Response	22	1083882	13574	1
S6010536	84	Picture	20	1083918	0	1	12708	1	0	next	hit	753
S6010536	84	Port Input	15	1087036	3119	1
S6010536	84	Port Input	14	1096592	12674	1
S6010536	84	Response	22	1096592	12674	1
S6010536	84	Port Input	15	1096592	12674	1
S6010536	84	Port Input	14	1096592	12674	1
S6010536	85	Picture	20	1096626	0	1	12361	1	0	next	hit	779
S6010536	85	Port Input	15	1099607	2981	1
S6010536	85	Port Input	14	1099607	2981	1
S6010536	85	Port Input	15	1099608	2982	1
S6010536	85	Port Input	14	1099608	2982	1
S6010536	85	Port Input	15	1099609	2983	1
S6010536	85	Port Input	14	1099609	2983	1
S6010536	85	Port Input	15	1099610	2984	1
S6010536	85	Port Input	14	1099610	2984	1
S6010536	85	Port Input	15	1099610	2984	1
S6010536	85	Port Input	14	1099610	2984	1
S6010536	85	Port Input	15	1099610	2984	1
S6010536	85	Port Input	14	1099610	2984	1
S6010536	85	Port Input	15	1099610	2984	1
S6010536	85	Port Input	14	1099610	2984	1
S6010536	85	Port Input	15	1099610	2985	1
S6010536	85	Port Input	14	1099610	2985	1
S6010536	85	Port Input	15	1099611	2985	1
S6010536	85	Port Input	14	1099611	2985	1
S6010536	85	Port Input	15	1099611	2985	1
S6010536	85	Port Input	14	1099611	2985	1
S6010536	85	Port Input	15	1099611	2985	1
S6010536	85	Port Input	14	1108914	12288	1
S6010536	85	Response	22	1108914	12288	1
S6010536	86	Picture	20	1108987	0	1	14166	1	0	next	hit	783
S6010536	86	Port Input	15	1112482	3496	1
S6010536	86	Port Input	14	1123102	14115	1
S6010536	86	Response	22	1123102	14115	1
S6010536	87	Picture	20	1123153	0	1	13819	1	0	next	hit	787
S6010536	87	Port Input	15	1125993	2840	1
S6010536	87	Port Input	14	1136919	13766	1
S6010536	87	Response	22	1136919	13766	1
S6010536	87	Port Input	15	1136919	13766	1
S6010536	87	Port Input	14	1136919	13766	1
S6010536	88	Picture	20	1136972	0	1	13125	1	0	next	hit	793
S6010536	88	Port Input	15	1140487	3515	1
S6010536	88	Port Input	14	1150074	13102	1
S6010536	88	Response	22	1150074	13102	1
S6010536	89	Picture	20	1150096	0	1	13888	1	0	next	hit	801
S6010536	89	Port Input	15	1153549	3453	1
S6010536	89	Port Input	14	1153549	3453	1
S6010536	89	Port Input	15	1153549	3453	1
S6010536	89	Port Input	14	1153549	3453	1
S6010536	89	Port Input	15	1153549	3453	1
S6010536	89	Port Input	14	1163911	13814	1
S6010536	89	Response	22	1163911	13814	1
S6010536	90	Picture	20	1163985	0	1	13402	1	0	next	hit	807
S6010536	90	Port Input	15	1167105	3120	1
S6010536	90	Port Input	14	1167105	3120	1
S6010536	90	Port Input	15	1167105	3120	1
S6010536	90	Port Input	14	1177325	13340	1
S6010536	90	Response	22	1177325	13340	1
S6010536	91	Picture	20	1177387	0	1	13541	1	0	next	hit	811
S6010536	91	Port Input	15	1180692	3305	1
S6010536	91	Port Input	14	1190878	13491	1
S6010536	91	Response	22	1190878	13491	1
S6010536	92	Picture	20	1190929	0	1	14236	1	0	next	hit	825
S6010536	92	Port Input	15	1194065	3137	1
S6010536	92	Port Input	14	1194066	3137	1
S6010536	92	Port Input	15	1194067	3138	1
S6010536	92	Port Input	14	1194067	3138	1
S6010536	92	Port Input	15	1194067	3138	1
S6010536	92	Port Input	14	1194067	3138	1
S6010536	92	Port Input	15	1194067	3138	1
S6010536	92	Port Input	14	1194067	3138	1
S6010536	92	Port Input	15	1194067	3139	1
S6010536	92	Port Input	14	1194067	3139	1
S6010536	92	Port Input	15	1194067	3139	1
S6010536	92	Port Input	14	1205091	14163	1
S6010536	92	Response	22	1205091	14163	1
S6010536	93	Picture	20	1205164	0	1	13472	1	0	next	hit	829
S6010536	93	Port Input	15	1208041	2877	1
S6010536	93	Port Input	14	1218587	13423	1
S6010536	93	Response	22	1218587	13423	1
S6010536	93	Port Input	15	1218587	13423	1
S6010536	93	Port Input	14	1218587	13423	1
S6010536	94	Picture	20	1218636	0	1	13333	1	0	next	hit	837
S6010536	94	Port Input	15	1221709	3073	1
S6010536	94	Port Input	14	1221709	3073	1
S6010536	94	Port Input	15	1221709	3073	1
S6010536	94	Port Input	14	1231927	13291	1
S6010536	94	Response	22	1231927	13291	1
S6010536	95	Picture	20	1231969	0	1	13680	1	0	next	hit	843
S6010536	95	Port Input	15	1234754	2785	1
S6010536	95	Port Input	14	1234754	2785	1
S6010536	95	Port Input	15	1234754	2785	1
S6010536	95	Port Input	14	1245607	13638	1
S6010536	95	Response	22	1245607	13638	1
S6010536	96	Picture	20	1245649	0	1	11805	1	0	next	hit	847
S6010536	96	Port Input	15	1248401	2752	1
S6010536	96	Port Input	14	1257430	11781	1
S6010536	96	Response	22	1257430	11781	1
S6010536	97	Picture	20	1257454	0	1	13680	1	0	next	hit	851
S6010536	97	Port Input	15	1260739	3285	1
S6010536	97	Port Input	14	1271098	13644	1
S6010536	97	Response	22	1271098	13644	1
S6010536	98	Picture	20	1271134	0	1	14444	1	0	next	hit	859
S6010536	98	Port Input	15	1274499	3364	1
S6010536	98	Port Input	14	1274499	3364	1
S6010536	98	Port Input	15	1274499	3365	1
S6010536	98	Port Input	14	1274499	3365	1
S6010536	98	Port Input	15	1274500	3365	1
S6010536	98	Port Input	14	1285538	14404	1
S6010536	98	Response	22	1285538	14404	1
S6010536	99	Picture	20	1285578	0	1	13333	1	0	next	hit	863
S6010536	99	Port Input	15	1288712	3134	1
S6010536	99	Port Input	14	1298844	13266	1
S6010536	99	Response	22	1298844	13266	1
S6010536	99	Port Input	15	1298844	13266	1
S6010536	99	Port Input	14	1298844	13266	1
S6010536	100	Picture	20	1298911	0	1	13263	1	0	next	hit	873
S6010536	100	Port Input	15	1301898	2987	1
S6010536	100	Port Input	14	1301898	2987	1
S6010536	100	Port Input	15	1301898	2987	1
S6010536	100	Port Input	14	1301898	2987	1
S6010536	100	Port Input	15	1301898	2987	1
S6010536	100	Port Input	14	1312163	13252	1
S6010536	100	Response	22	1312163	13252	1
S6010536	101	Picture	20	1312175	0	1	14236	1	0	next	hit	879
S6010536	101	Port Input	15	1315548	3374	1
S6010536	101	Port Input	14	1315548	3374	1
S6010536	101	Port Input	15	1315548	3374	1
S6010536	101	Port Input	14	1326378	14203	1
S6010536	101	Response	22	1326378	14203	1
S6010536	101	Port Input	15	1326378	14203	1
S6010536	101	Port Input	14	1326379	14204	6
S6010536	102	Picture	20	1326410	0	1	13680	47	0	next	hit	891
S6010536	102	Port Input	15	1329775	3365	1
S6010536	102	Port Input	14	1329775	3365	1
S6010536	102	Port Input	15	1329775	3365	1
S6010536	102	Port Input	14	1329775	3365	1
S6010536	102	Port Input	15	1329776	3365	1
S6010536	102	Port Input	14	1329776	3365	1
S6010536	102	Port Input	15	1329776	3365	1
S6010536	102	Port Input	14	1339555	13145	1
S6010536	102	Response	22	1339555	13145	1
S6010536	103	Port Input	15	1343163	3573	1
S6010536	103	Port Input	14	1343163	3573	1
S6010536	103	Port Input	15	1343163	3573	1
S6010536	103	Port Input	14	1343163	3573	1
S6010536	103	Port Input	15	1343164	3573	1
S6010536	103	Port Input	14	1343164	3573	1
S6010536	103	Port Input	15	1343164	3573	1
