Scenario - Button
Logfile written - 08/21/2023 15:16:34

Subject	Trial	Event Type	Code	Time	TTime	Uncertainty	Duration	Uncertainty	ReqTime	ReqDur	Stim Type	Pair Index

S6011887	1	Picture	start	69	0	1	40554	1	0	next	other	0
S6011887	3	Picture	20	45137	0	1	123885	1	0	next	hit	4
S6011887	3	Port Input	14	168956	123819	1
S6011887	3	Response	22	168956	123819	1
S6011887	4	Picture	20	169022	0	1	63678	1	0	next	hit	28
S6011887	4	Port Input	15	174173	5151	1
S6011887	4	Port Input	14	174173	5151	1
S6011887	4	Port Input	15	174173	5151	1
S6011887	4	Port Input	14	177779	8757	1
S6011887	4	Port Input	15	182504	13482	1
S6011887	4	Port Input	14	182504	13482	1
S6011887	4	Port Input	15	182504	13482	1
S6011887	4	Port Input	14	186199	17177	1
S6011887	4	Port Input	15	191386	22364	1
S6011887	4	Port Input	14	195617	26595	1
S6011887	4	Port Input	15	200485	31463	1
S6011887	4	Port Input	14	200485	31463	1
S6011887	4	Port Input	15	200485	31463	1
S6011887	4	Port Input	14	204704	35682	1
S6011887	4	Port Input	15	209357	40335	1
S6011887	4	Port Input	14	209357	40335	1
S6011887	4	Port Input	15	209358	40336	1
S6011887	4	Port Input	14	213619	44597	1
S6011887	4	Port Input	15	218328	49307	1
S6011887	4	Port Input	14	223042	54020	1
S6011887	4	Port Input	15	227477	58455	1
S6011887	4	Port Input	14	232657	63635	1
S6011887	4	Response	22	232657	63635	1
S6011887	5	Picture	20	232700	0	1	9375	1	0	next	hit	32
S6011887	5	Port Input	15	236810	4110	1
S6011887	5	Port Input	14	242046	9345	1
S6011887	5	Response	22	242046	9345	1
S6011887	6	Picture	20	242075	0	1	56456	1	0	next	hit	52
S6011887	6	Port Input	15	246328	4253	1
S6011887	6	Port Input	14	251188	9113	1
S6011887	6	Port Input	15	251188	9113	1
S6011887	6	Port Input	14	251188	9113	1
S6011887	6	Port Input	15	251189	9114	1
S6011887	6	Port Input	14	251189	9114	1
S6011887	6	Port Input	15	256271	14196	1
S6011887	6	Port Input	14	260495	18420	1
S6011887	6	Port Input	15	265559	23484	1
S6011887	6	Port Input	14	269899	27824	1
S6011887	6	Port Input	15	274710	32634	1
S6011887	6	Port Input	14	274710	32635	1
S6011887	6	Port Input	15	274710	32635	1
S6011887	6	Port Input	14	279388	37313	1
S6011887	6	Port Input	15	283929	41854	1
S6011887	6	Port Input	14	288743	46668	1
S6011887	6	Port Input	15	292884	50809	1
S6011887	6	Port Input	14	298470	56395	1
S6011887	6	Response	22	298470	56395	1
S6011887	7	Picture	20	298531	0	1	9305	1	0	next	hit	62
S6011887	7	Port Input	15	302521	3990	1
S6011887	7	Port Input	14	302521	3990	1
S6011887	7	Port Input	15	302521	3990	1
S6011887	7	Port Input	14	302521	3990	1
S6011887	7	Port Input	15	302522	3990	1
S6011887	7	Port Input	14	302522	3990	1
S6011887	7	Port Input	15	302522	3990	1
S6011887	7	Port Input	14	307781	9249	1
S6011887	7	Response	22	307781	9249	1
S6011887	8	Picture	20	307837	0	1	18194	1	0	next	hit	72
S6011887	8	Port Input	15	312135	4298	1
S6011887	8	Port Input	14	312135	4298	1
S6011887	8	Port Input	15	312135	4299	1
S6011887	8	Port Input	14	316437	8600	1
S6011887	8	Port Input	15	320422	12585	1
S6011887	8	Port Input	14	320422	12585	1
S6011887	8	Port Input	15	320422	12586	1
S6011887	8	Port Input	14	325965	18128	1
S6011887	8	Response	22	325965	18128	1
S6011887	9	Picture	20	326031	0	1	9236	1	0	next	hit	76
S6011887	9	Port Input	15	329355	3324	1
S6011887	9	Port Input	14	335258	9228	1
S6011887	9	Response	22	335258	9228	1
S6011887	10	Picture	20	335266	0	1	9514	1	0	next	hit	80
S6011887	10	Port Input	15	338638	3372	1
S6011887	10	Port Input	14	344752	9486	1
S6011887	10	Response	22	344752	9486	1
S6011887	10	Port Input	15	344753	9487	3
S6011887	10	Port Input	14	344756	9489	1
S6011887	11	Picture	20	344780	0	1	9236	1	0	next	hit	90
S6011887	11	Port Input	15	348082	3302	1
S6011887	11	Port Input	14	348082	3302	1
S6011887	11	Port Input	15	348082	3302	1
S6011887	11	Port Input	14	348082	3302	1
S6011887	11	Port Input	15	348083	3303	1
S6011887	11	Port Input	14	353958	9178	1
S6011887	11	Response	22	353958	9178	1
S6011887	11	Port Input	15	353958	9178	1
S6011887	11	Port Input	14	353958	9178	1
S6011887	12	Picture	20	354016	0	1	9236	1	0	next	hit	98
S6011887	12	Port Input	15	356699	2683	1
S6011887	12	Port Input	14	356699	2683	1
S6011887	12	Port Input	15	356699	2683	1
S6011887	12	Port Input	14	363207	9192	1
S6011887	12	Response	22	363207	9192	1
S6011887	13	Picture	20	363251	0	1	9444	1	0	next	hit	104
S6011887	13	Port Input	15	365448	2197	1
S6011887	13	Port Input	14	365449	2197	1
S6011887	13	Port Input	15	365449	2197	1
S6011887	13	Port Input	14	372627	9375	1
S6011887	13	Response	22	372627	9375	1
S6011887	14	Picture	20	372696	0	1	9097	1	0	next	hit	110
S6011887	14	Port Input	15	375080	2384	1
S6011887	14	Port Input	14	375080	2384	1
S6011887	14	Port Input	15	375080	2384	1
S6011887	14	Port Input	14	381772	9076	1
S6011887	14	Response	22	381772	9076	1
S6011887	15	Picture	20	381793	0	1	9375	1	0	next	hit	118
S6011887	15	Port Input	15	384017	2224	1
S6011887	15	Port Input	14	384017	2224	1
S6011887	15	Port Input	15	384017	2224	1
S6011887	15	Port Input	14	384017	2224	1
S6011887	15	Port Input	15	384017	2224	1
S6011887	15	Port Input	14	391138	9345	1
S6011887	15	Response	22	391138	9345	1
S6011887	16	Picture	20	391167	0	1	8958	1	0	next	hit	128
S6011887	16	Port Input	15	393465	2297	1
S6011887	16	Port Input	14	393465	2297	1
S6011887	16	Port Input	15	393465	2297	1
S6011887	16	Port Input	14	393465	2297	1
S6011887	16	Port Input	15	393465	2298	1
S6011887	16	Port Input	14	393465	2298	1
S6011887	16	Port Input	15	393465	2298	1
S6011887	16	Port Input	14	400107	8940	1
S6011887	16	Response	22	400107	8940	1
S6011887	16	Port Input	15	400107	8940	1
S6011887	16	Port Input	14	400107	8940	1
S6011887	17	Picture	20	400125	0	1	9236	1	0	next	hit	140
S6011887	17	Port Input	15	402291	2166	1
S6011887	17	Port Input	14	402291	2166	1
S6011887	17	Port Input	15	402292	2166	1
S6011887	17	Port Input	14	402292	2167	1
S6011887	17	Port Input	15	402292	2167	1
S6011887	17	Port Input	14	402292	2167	1
S6011887	17	Port Input	15	402292	2167	1
S6011887	17	Port Input	14	409346	9220	1
S6011887	17	Response	22	409346	9220	1
S6011887	17	Port Input	15	409346	9221	1
S6011887	17	Port Input	14	409346	9221	1
S6011887	18	Picture	20	409361	0	1	9583	1	0	next	hit	146
S6011887	18	Port Input	15	411538	2177	1
S6011887	18	Port Input	14	418909	9547	1
S6011887	18	Response	22	418909	9547	1
S6011887	18	Port Input	15	418909	9547	1
S6011887	18	Port Input	14	418909	9548	1
S6011887	18	Port Input	15	418909	9548	1
S6011887	18	Port Input	14	418910	9549	3
S6011887	19	Picture	20	418944	0	1	9305	1	0	next	hit	162
S6011887	19	Port Input	15	420994	2050	1
S6011887	19	Port Input	14	420994	2050	1
S6011887	19	Port Input	15	420994	2050	1
S6011887	19	Port Input	14	420994	2050	1
S6011887	19	Port Input	15	420995	2050	1
S6011887	19	Port Input	14	420995	2050	1
S6011887	19	Port Input	15	420995	2051	1
S6011887	19	Port Input	14	420995	2051	1
S6011887	19	Port Input	15	420995	2051	1
S6011887	19	Port Input	14	428184	9240	1
S6011887	19	Response	22	428184	9240	1
S6011887	20	Picture	20	428249	0	1	9027	1	0	next	hit	168
S6011887	20	Port Input	15	430167	1918	1
S6011887	20	Port Input	14	430167	1918	1
S6011887	20	Port Input	15	430167	1918	1
S6011887	20	Port Input	14	437243	8994	1
S6011887	20	Response	22	437243	8994	1
S6011887	21	Picture	20	437277	0	1	9166	1	0	next	hit	174
S6011887	21	Port Input	15	439409	2132	1
S6011887	21	Port Input	14	439409	2132	1
S6011887	21	Port Input	15	439409	2132	1
S6011887	21	Port Input	14	446396	9119	1
S6011887	21	Response	22	446396	9119	1
S6011887	21	Port Input	15	446396	9119	1
S6011887	21	Port Input	14	446396	9119	1
S6011887	22	Picture	20	446443	0	1	9027	1	0	next	hit	182
S6011887	22	Port Input	15	448678	2235	1
S6011887	22	Port Input	14	448678	2235	1
S6011887	22	Port Input	15	448678	2235	1
S6011887	22	Port Input	14	455418	8975	1
S6011887	22	Response	22	455418	8975	1
S6011887	23	Picture	20	455471	0	1	9166	1	0	next	hit	186
S6011887	23	Port Input	15	457313	1842	1
S6011887	23	Port Input	14	464572	9102	1
S6011887	23	Response	22	464572	9102	1
S6011887	23	Port Input	15	464573	9102	1
S6011887	23	Port Input	14	464573	9102	1
S6011887	23	Port Input	15	464573	9102	1
S6011887	23	Port Input	14	464573	9102	1
S6011887	24	Picture	20	464637	0	1	9097	1	0	next	hit	194
S6011887	24	Port Input	15	466535	1898	1
S6011887	24	Port Input	14	473688	9051	1
S6011887	24	Response	22	473688	9051	1
S6011887	24	Port Input	15	473688	9051	1
S6011887	24	Port Input	14	473689	9052	3
S6011887	25	Picture	20	473734	0	1	9375	1	0	next	hit	204
S6011887	25	Port Input	15	475810	2076	1
S6011887	25	Port Input	14	475810	2076	1
S6011887	25	Port Input	15	475810	2077	1
S6011887	25	Port Input	14	475810	2077	1
S6011887	25	Port Input	15	475811	2077	1
S6011887	25	Port Input	14	483095	9362	1
S6011887	25	Response	22	483095	9362	1
S6011887	26	Picture	20	483109	0	1	9375	1	0	next	hit	208
S6011887	26	Port Input	15	485107	1998	1
S6011887	26	Port Input	14	492428	9319	1
S6011887	26	Response	22	492428	9319	1
S6011887	27	Picture	20	492483	0	1	8889	1	0	next	hit	214
S6011887	27	Port Input	15	494256	1773	1
S6011887	27	Port Input	14	494256	1773	1
S6011887	27	Port Input	15	494256	1773	1
S6011887	27	Port Input	14	501297	8814	1
S6011887	27	Response	22	501297	8814	1
S6011887	28	Picture	20	501372	0	1	9236	1	0	next	hit	218
S6011887	28	Port Input	15	503179	1807	1
S6011887	28	Port Input	14	510574	9203	1
S6011887	28	Response	22	510574	9203	1
S6011887	29	Picture	20	510608	0	1	9514	1	0	next	hit	222
S6011887	29	Port Input	15	512377	1770	1
S6011887	29	Port Input	14	520085	9477	1
S6011887	29	Response	22	520085	9477	1
S6011887	30	Picture	20	520121	0	1	8958	1	0	next	hit	226
S6011887	30	Port Input	15	522139	2018	1
S6011887	30	Port Input	14	529028	8907	1
S6011887	30	Response	22	529028	8907	1
S6011887	31	Picture	20	529079	0	1	9097	1	0	next	hit	234
S6011887	31	Port Input	15	531092	2013	1
S6011887	31	Port Input	14	531092	2013	1
S6011887	31	Port Input	15	531093	2014	1
S6011887	31	Port Input	14	531093	2014	1
S6011887	31	Port Input	15	531094	2014	1
S6011887	31	Port Input	14	538155	9076	1
S6011887	31	Response	22	538155	9076	1
S6011887	32	Picture	20	538176	0	1	9305	1	0	next	hit	238
S6011887	32	Port Input	15	540009	1833	1
S6011887	32	Port Input	14	547435	9259	1
S6011887	32	Response	22	547435	9259	1
S6011887	33	Picture	20	547481	0	1	9097	1	0	next	hit	248
S6011887	33	Port Input	15	549016	1535	1
S6011887	33	Port Input	14	549016	1535	1
S6011887	33	Port Input	15	549016	1535	1
S6011887	33	Port Input	14	549016	1535	1
S6011887	33	Port Input	15	549017	1535	1
S6011887	33	Port Input	14	549017	1535	1
S6011887	33	Port Input	15	549017	1535	1
S6011887	33	Port Input	14	556564	9083	1
S6011887	33	Response	22	556564	9083	1
S6011887	34	Picture	20	556578	0	1	9375	1	0	next	hit	254
S6011887	34	Port Input	15	558209	1630	1
S6011887	34	Port Input	14	558209	1630	1
S6011887	34	Port Input	15	558209	1630	1
S6011887	34	Port Input	14	565938	9360	1
S6011887	34	Response	22	565938	9360	1
S6011887	34	Port Input	15	565938	9360	1
S6011887	34	Port Input	14	565940	9362	3
S6011887	35	Picture	20	565953	0	1	9027	1	0	next	hit	260
S6011887	35	Port Input	15	567379	1426	1
S6011887	35	Port Input	14	574962	9009	1
S6011887	35	Response	22	574962	9009	1
S6011887	36	Picture	20	574980	0	1	9583	1	0	next	hit	268
S6011887	36	Port Input	15	576771	1790	1
S6011887	36	Port Input	14	576771	1791	1
S6011887	36	Port Input	15	576771	1791	1
S6011887	36	Port Input	14	576771	1791	1
S6011887	36	Port Input	15	576771	1791	1
S6011887	36	Port Input	14	584518	9538	1
S6011887	36	Response	22	584518	9538	1
S6011887	37	Picture	20	584563	0	1	9861	1	0	next	hit	272
S6011887	37	Port Input	15	586169	1605	1
S6011887	37	Port Input	14	594354	9791	1
S6011887	37	Response	22	594354	9791	1
S6011887	38	Picture	20	594424	0	1	9166	1	0	next	hit	276
S6011887	38	Port Input	15	595887	1463	1
S6011887	38	Port Input	14	603517	9093	1
S6011887	38	Response	22	603517	9093	1
S6011887	39	Picture	20	603591	0	1	9791	1	0	next	hit	280
S6011887	39	Port Input	15	605188	1598	1
S6011887	39	Port Input	14	613312	9722	1
S6011887	39	Response	22	613312	9722	1
S6011887	40	Picture	20	613382	0	1	9375	1	0	next	hit	284
S6011887	40	Port Input	15	614956	1574	1
S6011887	40	Port Input	14	622723	9341	1
S6011887	40	Response	22	622723	9341	1
S6011887	41	Picture	20	622757	0	1	9583	1	0	next	hit	314
S6011887	41	Port Input	15	624397	1640	1
S6011887	41	Port Input	14	624397	1640	1
S6011887	41	Port Input	15	624397	1640	1
S6011887	41	Port Input	14	624397	1640	1
S6011887	41	Port Input	15	624397	1641	1
S6011887	41	Port Input	14	624397	1641	1
S6011887	41	Port Input	15	624398	1641	1
S6011887	41	Port Input	14	624398	1641	1
S6011887	41	Port Input	15	624398	1641	1
S6011887	41	Port Input	14	624398	1641	1
S6011887	41	Port Input	15	624398	1642	1
S6011887	41	Port Input	14	624398	1642	1
S6011887	41	Port Input	15	624399	1642	1
S6011887	41	Port Input	14	624399	1642	1
S6011887	41	Port Input	15	624399	1642	1
S6011887	41	Port Input	14	624399	1642	1
S6011887	41	Port Input	15	624399	1642	1
S6011887	41	Port Input	14	624399	1642	1
S6011887	41	Port Input	15	624399	1643	1
S6011887	41	Port Input	14	624399	1643	1
S6011887	41	Port Input	15	624400	1643	1
S6011887	41	Port Input	14	624400	1643	1
S6011887	41	Port Input	15	624400	1643	1
S6011887	41	Port Input	14	624400	1643	1
S6011887	41	Port Input	15	624400	1643	1
S6011887	41	Port Input	14	624400	1643	1
S6011887	41	Port Input	15	624400	1643	1
S6011887	41	Port Input	14	632282	9526	1
S6011887	41	Response	22	632282	9526	1
S6011887	42	Picture	20	632340	0	1	8889	1	0	next	hit	320
S6011887	42	Port Input	15	633852	1513	1
S6011887	42	Port Input	14	633852	1513	1
S6011887	42	Port Input	15	633853	1513	1
S6011887	42	Port Input	14	641178	8838	1
S6011887	42	Response	22	641178	8838	1
S6011887	43	Picture	20	641228	0	1	9514	1	0	next	hit	324
S6011887	43	Port Input	15	642630	1402	1
S6011887	43	Port Input	14	650734	9505	1
S6011887	43	Response	22	650734	9505	1
S6011887	44	Picture	20	650742	0	1	9444	1	0	next	hit	330
S6011887	44	Port Input	15	652188	1446	1
S6011887	44	Port Input	14	652188	1446	1
S6011887	44	Port Input	15	652188	1447	1
S6011887	44	Port Input	14	660122	9380	1
S6011887	44	Response	22	660122	9380	1
S6011887	45	Picture	20	660186	0	1	9583	1	0	next	hit	334
S6011887	45	Port Input	15	661749	1564	1
S6011887	45	Port Input	14	669731	9545	1
S6011887	45	Response	22	669731	9545	1
S6011887	46	Picture	20	669769	0	1	9375	1	0	next	hit	338
S6011887	46	Port Input	15	671058	1289	1
S6011887	46	Port Input	14	679097	9328	1
S6011887	46	Response	22	679097	9328	1
S6011887	47	Picture	20	679144	0	1	9097	1	0	next	hit	342
S6011887	47	Port Input	15	680470	1326	1
S6011887	47	Port Input	14	688220	9076	1
S6011887	47	Response	22	688220	9076	1
S6011887	47	Port Input	15	688220	9076	1
S6011887	47	Port Input	14	688220	9076	1
S6011887	48	Picture	20	688241	0	1	9028	1	0	next	hit	348
S6011887	48	Port Input	15	689724	1483	1
S6011887	48	Port Input	14	697217	8976	1
S6011887	48	Response	22	697217	8976	1
S6011887	49	Picture	20	697268	0	1	9722	1	0	next	hit	352
S6011887	49	Port Input	15	698689	1421	1
S6011887	49	Port Input	14	706943	9675	1
S6011887	49	Response	22	706943	9675	1
S6011887	50	Picture	20	706990	0	1	9236	1	0	next	hit	360
S6011887	50	Port Input	15	708427	1437	1
S6011887	50	Port Input	14	708427	1437	1
S6011887	50	Port Input	15	708428	1438	1
S6011887	50	Port Input	14	708428	1438	1
S6011887	50	Port Input	15	708428	1438	1
S6011887	50	Port Input	14	716197	9207	1
S6011887	50	Response	22	716197	9207	1
S6011887	50	Port Input	15	716197	9207	1
S6011887	50	Port Input	14	716198	9208	4
S6011887	51	Picture	20	716226	0	1	9236	1	0	next	hit	366
S6011887	51	Port Input	15	717851	1626	1
S6011887	51	Port Input	14	725436	9211	1
S6011887	51	Response	22	725436	9211	1
S6011887	51	Port Input	15	725437	9211	1
S6011887	51	Port Input	14	725437	9211	1
S6011887	52	Picture	20	725462	0	1	9583	1	0	next	hit	376
S6011887	52	Port Input	15	726926	1465	1
S6011887	52	Port Input	14	726926	1465	1
S6011887	52	Port Input	15	726927	1465	1
S6011887	52	Port Input	14	726927	1465	1
S6011887	52	Port Input	15	726927	1465	1
S6011887	52	Port Input	14	735032	9570	1
S6011887	52	Response	22	735032	9570	1
S6011887	53	Picture	20	735045	0	1	9514	1	0	next	hit	380
S6011887	53	Port Input	15	736505	1460	1
S6011887	53	Port Input	14	744506	9461	1
S6011887	53	Response	22	744506	9461	1
S6011887	54	Picture	20	744558	0	1	9097	1	0	next	hit	384
S6011887	54	Port Input	15	745962	1404	1
S6011887	54	Port Input	14	753586	9028	1
S6011887	54	Response	22	753586	9028	1
S6011887	54	Port Input	15	753586	9028	1
S6011887	54	Port Input	14	753586	9028	1
S6011887	55	Picture	20	753655	0	1	9722	1	0	next	hit	394
S6011887	55	Port Input	15	755139	1484	1
S6011887	55	Port Input	14	755139	1484	1
S6011887	55	Port Input	15	755140	1485	1
S6011887	55	Port Input	14	755140	1485	1
S6011887	55	Port Input	15	755140	1485	1
S6011887	55	Port Input	14	763337	9683	1
S6011887	55	Response	22	763337	9683	1
S6011887	56	Picture	20	763377	0	1	9166	1	0	next	hit	398
S6011887	56	Port Input	15	764785	1409	1
S6011887	56	Port Input	14	772481	9104	1
S6011887	56	Response	22	772481	9104	1
S6011887	57	Picture	20	772543	0	1	9305	1	0	next	hit	406
S6011887	57	Port Input	15	773855	1312	1
S6011887	57	Port Input	14	773855	1312	1
S6011887	57	Port Input	15	773856	1313	1
S6011887	57	Port Input	14	773856	1313	1
S6011887	57	Port Input	15	773856	1313	1
S6011887	57	Port Input	14	781774	9230	1
S6011887	57	Response	22	781774	9230	1
S6011887	58	Picture	20	781849	0	1	9583	1	0	next	hit	432
S6011887	58	Port Input	15	784252	2403	1
S6011887	58	Port Input	14	784252	2403	1
S6011887	58	Port Input	15	784252	2404	1
S6011887	58	Port Input	14	784252	2404	1
S6011887	58	Port Input	15	784253	2404	1
S6011887	58	Port Input	14	784253	2404	1
S6011887	58	Port Input	15	784253	2405	1
S6011887	58	Port Input	14	784253	2405	1
S6011887	58	Port Input	15	784253	2405	1
S6011887	58	Port Input	14	784253	2405	1
S6011887	58	Port Input	15	784253	2405	1
S6011887	58	Port Input	14	784253	2405	1
S6011887	58	Port Input	15	784254	2405	1
S6011887	58	Port Input	14	784254	2405	1
S6011887	58	Port Input	15	784254	2406	1
S6011887	58	Port Input	14	784254	2406	1
S6011887	58	Port Input	15	784254	2406	1
S6011887	58	Port Input	14	784254	2406	1
S6011887	58	Port Input	15	784255	2406	1
S6011887	58	Port Input	14	784255	2406	1
S6011887	58	Port Input	15	784255	2406	1
S6011887	58	Port Input	14	784255	2406	1
S6011887	58	Port Input	15	784255	2406	1
S6011887	58	Port Input	14	791369	9520	1
S6011887	58	Response	22	791369	9520	1
S6011887	59	Picture	20	791432	0	1	9514	1	0	next	hit	436
S6011887	59	Port Input	15	793078	1646	1
S6011887	59	Port Input	14	800937	9505	1
S6011887	59	Response	22	800937	9505	1
S6011887	59	Port Input	15	800937	9505	1
S6011887	59	Port Input	14	800937	9506	1
S6011887	60	Picture	20	800945	0	1	9444	1	0	next	hit	444
S6011887	60	Port Input	15	803287	2342	1
S6011887	60	Port Input	14	803287	2342	1
S6011887	60	Port Input	15	803287	2342	1
S6011887	60	Port Input	14	810368	9423	1
S6011887	60	Response	22	810368	9423	1
S6011887	60	Port Input	15	810368	9423	1
S6011887	60	Port Input	14	810371	9426	1
S6011887	61	Picture	20	810389	0	1	9583	1	0	next	hit	452
S6011887	61	Port Input	15	812474	2085	1
S6011887	61	Port Input	14	812474	2085	1
S6011887	61	Port Input	15	812474	2085	1
S6011887	61	Port Input	14	819913	9524	1
S6011887	61	Response	22	819913	9524	1
S6011887	62	Picture	20	819972	0	1	9722	1	0	next	hit	458
S6011887	62	Port Input	15	821998	2026	1
S6011887	62	Port Input	14	821998	2026	1
S6011887	62	Port Input	15	821998	2026	1
S6011887	62	Port Input	14	829677	9704	1
S6011887	62	Response	22	829677	9704	1
S6011887	63	Picture	20	829694	0	1	9652	1	0	next	hit	466
S6011887	63	Port Input	15	831157	1463	1
S6011887	63	Port Input	14	831157	1463	1
S6011887	63	Port Input	15	831158	1464	1
S6011887	63	Port Input	14	831158	1464	1
S6011887	63	Port Input	15	831158	1464	1
S6011887	63	Port Input	14	839336	9642	1
S6011887	63	Response	22	839336	9642	1
S6011887	63	Port Input	15	839336	9642	1
S6011887	63	Port Input	14	839337	9643	4
S6011887	64	Picture	20	839347	0	1	9375	1	0	next	hit	478
S6011887	64	Port Input	15	841031	1684	1
S6011887	64	Port Input	14	841031	1685	1
S6011887	64	Port Input	15	841031	1685	1
S6011887	64	Port Input	14	841031	1685	1
S6011887	64	Port Input	15	841031	1685	1
S6011887	64	Port Input	14	841031	1685	1
S6011887	64	Port Input	15	841032	1685	1
S6011887	64	Port Input	14	848714	9368	1
S6011887	64	Response	22	848714	9368	1
S6011887	65	Picture	20	848721	0	1	9583	1	0	next	hit	486
S6011887	65	Port Input	15	850393	1672	1
S6011887	65	Port Input	14	850393	1672	1
S6011887	65	Port Input	15	850393	1672	1
S6011887	65	Port Input	14	850393	1672	1
S6011887	65	Port Input	15	850393	1672	1
S6011887	65	Port Input	14	858246	9525	1
S6011887	65	Response	22	858246	9525	1
S6011887	65	Port Input	15	858246	9525	1
S6011887	65	Port Input	14	858246	9525	1
S6011887	66	Picture	20	858304	0	1	9514	1	0	next	hit	496
S6011887	66	Port Input	15	860532	2227	1
S6011887	66	Port Input	14	860532	2227	1
S6011887	66	Port Input	15	860532	2228	1
S6011887	66	Port Input	14	860532	2228	1
S6011887	66	Port Input	15	860532	2228	1
S6011887	66	Port Input	14	867808	9503	1
S6011887	66	Response	22	867808	9503	1
S6011887	67	Picture	20	867818	0	1	9514	1	0	next	hit	508
S6011887	67	Port Input	15	869554	1736	1
S6011887	67	Port Input	14	869554	1736	1
S6011887	67	Port Input	15	869554	1736	1
S6011887	67	Port Input	14	869554	1736	1
S6011887	67	Port Input	15	869554	1737	1
S6011887	67	Port Input	14	869554	1737	1
S6011887	67	Port Input	15	869555	1737	1
S6011887	67	Port Input	14	869555	1737	1
S6011887	67	Port Input	15	869555	1737	1
S6011887	67	Port Input	14	877267	9449	1
S6011887	67	Response	22	877267	9449	1
S6011887	68	Picture	20	877331	0	1	9375	1	0	next	hit	512
S6011887	68	Port Input	15	878858	1527	1
S6011887	68	Port Input	14	886698	9366	1
S6011887	68	Response	22	886698	9366	1
S6011887	69	Picture	20	886706	0	1	10000	1	0	next	hit	518
S6011887	69	Port Input	15	888696	1990	1
S6011887	69	Port Input	14	888696	1990	1
S6011887	69	Port Input	15	888697	1990	1
S6011887	69	Port Input	14	896642	9936	1
S6011887	69	Response	22	896642	9936	1
S6011887	70	Picture	20	896706	0	1	10000	1	0	next	hit	526
S6011887	70	Port Input	15	898503	1798	1
S6011887	70	Port Input	14	898503	1798	1
S6011887	70	Port Input	15	898504	1798	1
S6011887	70	Port Input	14	898504	1798	1
S6011887	70	Port Input	15	898504	1798	1
S6011887	70	Port Input	14	906635	9929	1
S6011887	70	Response	22	906635	9929	1
S6011887	71	Picture	20	906705	0	1	10069	1	0	next	hit	532
S6011887	71	Port Input	15	908112	1407	1
S6011887	71	Port Input	14	908112	1407	1
S6011887	71	Port Input	15	908112	1407	1
S6011887	71	Port Input	14	916726	10020	1
S6011887	71	Response	22	916726	10020	1
S6011887	72	Picture	20	916775	0	1	9305	1	0	next	hit	540
S6011887	72	Port Input	15	918286	1511	1
S6011887	72	Port Input	14	918286	1511	1
S6011887	72	Port Input	15	918286	1511	1
S6011887	72	Port Input	14	918286	1511	1
S6011887	72	Port Input	15	918286	1512	1
S6011887	72	Port Input	14	926056	9282	1
S6011887	72	Response	22	926056	9282	1
S6011887	73	Picture	20	926080	0	1	9861	1	0	next	hit	544
S6011887	73	Port Input	15	927711	1631	1
S6011887	73	Port Input	14	935927	9847	1
S6011887	73	Response	22	935927	9847	1
S6011887	74	Picture	20	935941	0	1	9514	1	0	next	hit	556
S6011887	74	Port Input	15	937982	2042	1
S6011887	74	Port Input	14	937982	2042	1
S6011887	74	Port Input	15	937984	2043	1
S6011887	74	Port Input	14	937984	2043	1
S6011887	74	Port Input	15	937987	2046	1
S6011887	74	Port Input	14	937987	2046	1
S6011887	74	Port Input	15	937987	2047	1
S6011887	74	Port Input	14	937987	2047	1
S6011887	74	Port Input	15	937987	2047	1
S6011887	74	Port Input	14	945426	9485	1
S6011887	74	Response	22	945426	9485	1
S6011887	75	Picture	20	945454	0	1	9791	1	0	next	hit	560
S6011887	75	Port Input	15	946988	1534	1
S6011887	75	Port Input	14	955232	9778	1
S6011887	75	Response	22	955232	9778	1
S6011887	76	Picture	20	955245	0	1	9861	1	0	next	hit	564
S6011887	76	Port Input	15	957344	2098	1
S6011887	76	Port Input	14	965078	9833	1
S6011887	76	Response	22	965078	9833	1
S6011887	77	Picture	20	965106	0	1	9930	1	0	next	hit	568
S6011887	77	Port Input	15	966848	1741	1
S6011887	77	Port Input	14	975005	9899	1
S6011887	77	Response	22	975005	9899	1
S6011887	78	Picture	20	975036	0	1	10069	1	0	next	hit	580
S6011887	78	Port Input	15	976937	1901	1
S6011887	78	Port Input	14	976937	1901	1
S6011887	78	Port Input	15	976938	1901	1
S6011887	78	Port Input	14	976938	1901	1
S6011887	78	Port Input	15	976938	1901	1
S6011887	78	Port Input	14	976938	1901	1
S6011887	78	Port Input	15	976938	1902	1
S6011887	78	Port Input	14	976938	1902	1
S6011887	78	Port Input	15	976938	1902	1
S6011887	78	Port Input	14	985050	10014	1
S6011887	78	Response	22	985050	10014	1
S6011887	79	Picture	20	985106	0	1	9861	1	0	next	hit	584
S6011887	79	Port Input	15	986903	1798	1
S6011887	79	Port Input	14	994905	9800	1
S6011887	79	Response	22	994905	9800	1
S6011887	80	Picture	20	994966	0	1	9583	1	0	next	hit	594
S6011887	80	Port Input	15	996683	1717	1
S6011887	80	Port Input	14	996683	1717	1
S6011887	80	Port Input	15	996683	1717	1
S6011887	80	Port Input	14	996683	1717	1
S6011887	80	Port Input	15	996684	1717	1
S6011887	80	Port Input	14	996684	1717	1
S6011887	80	Port Input	15	996684	1717	1
S6011887	80	Port Input	14	1004530	9564	1
S6011887	80	Response	22	1004530	9564	1
S6011887	81	Picture	20	1004549	0	1	9930	1	0	next	hit	606
S6011887	81	Port Input	15	1006592	2043	1
S6011887	81	Port Input	14	1006592	2043	1
S6011887	81	Port Input	15	1006592	2043	1
S6011887	81	Port Input	14	1006592	2043	1
S6011887	81	Port Input	15	1006593	2043	1
S6011887	81	Port Input	14	1006593	2043	1
S6011887	81	Port Input	15	1006593	2043	1
S6011887	81	Port Input	14	1006593	2043	1
S6011887	81	Port Input	15	1006593	2044	1
S6011887	81	Port Input	14	1014408	9859	1
S6011887	81	Response	22	1014408	9859	1
S6011887	82	Picture	20	1014480	0	1	9861	1	0	next	hit	610
S6011887	82	Port Input	15	1016373	1894	1
S6011887	82	Port Input	14	1024316	9837	1
S6011887	82	Response	22	1024316	9837	1
S6011887	82	Port Input	15	1024316	9837	1
S6011887	82	Port Input	14	1024317	9837	1
S6011887	83	Picture	20	1024340	0	1	9791	1	0	next	hit	620
S6011887	83	Port Input	15	1026202	1862	1
S6011887	83	Port Input	14	1026202	1862	1
S6011887	83	Port Input	15	1026202	1862	1
S6011887	83	Port Input	14	1026202	1862	1
S6011887	83	Port Input	15	1026203	1862	1
S6011887	83	Port Input	14	1034119	9779	1
S6011887	83	Response	22	1034119	9779	1
S6011887	84	Picture	20	1034132	0	1	9583	1	0	next	hit	624
S6011887	84	Port Input	15	1035924	1793	1
S6011887	84	Port Input	14	1043667	9535	1
S6011887	84	Response	22	1043667	9535	1
S6011887	85	Picture	20	1043715	0	1	10069	1	0	next	hit	630
S6011887	85	Port Input	15	1045918	2203	1
S6011887	85	Port Input	14	1045918	2203	1
S6011887	85	Port Input	15	1045918	2203	1
S6011887	85	Port Input	14	1053750	10035	1
S6011887	85	Response	22	1053750	10035	1
S6011887	86	Picture	20	1053784	0	1	10208	1	0	next	hit	636
S6011887	86	Port Input	15	1055435	1651	1
S6011887	86	Port Input	14	1055435	1651	1
S6011887	86	Port Input	15	1055435	1651	1
S6011887	86	Port Input	14	1063984	10200	1
S6011887	86	Response	22	1063984	10200	1
S6011887	87	Picture	20	1063992	0	1	10000	1	0	next	hit	640
S6011887	87	Port Input	15	1065443	1451	1
S6011887	87	Port Input	14	1073917	9925	1
S6011887	87	Response	22	1073917	9925	1
S6011887	88	Picture	20	1073991	0	1	9791	1	0	next	hit	646
S6011887	88	Port Input	15	1075637	1645	1
S6011887	88	Port Input	14	1075637	1645	1
S6011887	88	Port Input	15	1075637	1645	1
S6011887	88	Port Input	14	1083736	9744	1
S6011887	88	Response	22	1083736	9744	1
S6011887	89	Picture	20	1083783	0	1	9583	1	0	next	hit	652
S6011887	89	Port Input	15	1085882	2100	1
S6011887	89	Port Input	14	1085882	2100	1
S6011887	89	Port Input	15	1085882	2100	1
S6011887	89	Port Input	14	1093298	9516	1
S6011887	89	Response	22	1093298	9516	1
S6011887	90	Picture	20	1093366	0	1	9652	1	0	next	hit	660
S6011887	90	Port Input	15	1095882	2517	1
S6011887	90	Port Input	14	1095883	2517	1
S6011887	90	Port Input	15	1095883	2517	1
S6011887	90	Port Input	14	1095883	2517	1
S6011887	90	Port Input	15	1095883	2517	1
S6011887	90	Port Input	14	1102974	9608	1
S6011887	90	Response	22	1102974	9608	1
S6011887	91	Picture	20	1103018	0	1	9514	1	0	next	hit	664
S6011887	91	Port Input	15	1105051	2033	1
S6011887	91	Port Input	14	1112459	9440	1
S6011887	91	Response	22	1112459	9440	1
S6011887	92	Picture	20	1112532	0	1	9791	1	0	next	hit	668
S6011887	92	Port Input	15	1114375	1843	1
S6011887	92	Port Input	14	1122294	9762	1
S6011887	92	Response	22	1122294	9762	1
S6011887	93	Picture	20	1122323	0	1	10000	1	0	next	hit	672
S6011887	93	Port Input	15	1124235	1912	1
S6011887	93	Port Input	14	1132257	9934	1
S6011887	93	Response	22	1132257	9934	1
S6011887	94	Picture	20	1132323	0	1	10416	1	0	next	hit	682
S6011887	94	Port Input	15	1134849	2526	1
S6011887	94	Port Input	14	1134849	2526	1
S6011887	94	Port Input	15	1134849	2526	1
S6011887	94	Port Input	14	1134849	2526	1
S6011887	94	Port Input	15	1134850	2527	1
S6011887	94	Port Input	14	1134850	2527	1
S6011887	94	Port Input	15	1134850	2527	1
S6011887	94	Port Input	14	1142697	10374	1
S6011887	94	Response	22	1142697	10374	1
S6011887	95	Picture	20	1142739	0	1	9444	1	0	next	hit	688
S6011887	95	Port Input	15	1144324	1585	1
S6011887	95	Port Input	14	1144325	1586	1
S6011887	95	Port Input	15	1144325	1586	1
S6011887	95	Port Input	14	1152163	9424	1
S6011887	95	Response	22	1152163	9424	1
S6011887	96	Picture	20	1152183	0	1	9930	1	0	next	hit	692
S6011887	96	Port Input	15	1153819	1635	1
S6011887	96	Port Input	14	1162051	9868	1
S6011887	96	Response	22	1162051	9868	1
S6011887	97	Picture	20	1162114	0	1	9514	1	0	next	hit	696
S6011887	97	Port Input	15	1163847	1733	1
S6011887	97	Port Input	14	1171601	9488	1
S6011887	97	Response	22	1171601	9488	1
S6011887	98	Picture	20	1171627	0	1	9652	1	0	next	hit	706
S6011887	98	Port Input	15	1173453	1826	1
S6011887	98	Port Input	14	1173453	1826	1
S6011887	98	Port Input	15	1173453	1826	1
S6011887	98	Port Input	14	1173453	1826	1
S6011887	98	Port Input	15	1173454	1826	1
S6011887	98	Port Input	14	1173454	1826	1
S6011887	98	Port Input	15	1173454	1827	1
S6011887	98	Port Input	14	1181237	9610	1
S6011887	98	Response	22	1181237	9610	1
S6011887	99	Picture	20	1181280	0	1	10000	1	0	next	hit	716
S6011887	99	Port Input	15	1183192	1913	1
S6011887	99	Port Input	14	1183192	1913	1
S6011887	99	Port Input	15	1183192	1913	1
S6011887	99	Port Input	14	1183192	1913	1
S6011887	99	Port Input	15	1183193	1913	1
S6011887	99	Port Input	14	1183193	1913	1
S6011887	99	Port Input	15	1183193	1913	1
S6011887	99	Port Input	14	1191263	9983	1
S6011887	99	Response	22	1191263	9983	1
S6011887	99	Port Input	15	1191263	9983	1
S6011887	99	Port Input	14	1191263	9983	1
S6011887	100	Picture	20	1191279	0	1	9514	1	0	next	hit	734
S6011887	100	Port Input	15	1193014	1735	1
S6011887	100	Port Input	14	1193014	1735	1
S6011887	100	Port Input	15	1193015	1735	1
S6011887	100	Port Input	14	1193015	1735	1
S6011887	100	Port Input	15	1193015	1736	1
S6011887	100	Port Input	14	1193015	1736	1
S6011887	100	Port Input	15	1193015	1736	1
S6011887	100	Port Input	14	1193015	1736	1
S6011887	100	Port Input	15	1193015	1736	1
S6011887	100	Port Input	14	1193015	1736	1
S6011887	100	Port Input	15	1193015	1736	1
S6011887	100	Port Input	14	1193015	1736	1
S6011887	100	Port Input	15	1193016	1737	1
S6011887	100	Port Input	14	1200762	9483	1
S6011887	100	Response	22	1200762	9483	1
S6011887	100	Port Input	15	1200763	9484	1
S6011887	100	Port Input	14	1200763	9484	1
S6011887	101	Picture	20	1200793	0	1	9861	1	0	next	hit	740
S6011887	101	Port Input	15	1202811	2018	1
S6011887	101	Port Input	14	1210594	9801	1
S6011887	101	Response	22	1210594	9801	1
S6011887	102	Picture	20	1210654	0	1	9930	1	0	next	hit	750
S6011887	102	Port Input	15	1212280	1626	1
S6011887	102	Port Input	14	1212280	1626	1
S6011887	102	Port Input	15	1212281	1627	1
S6011887	102	Port Input	14	1212281	1627	1
S6011887	102	Port Input	15	1212281	1628	1
S6011887	102	Port Input	14	1212281	1628	1
S6011887	102	Port Input	15	1212282	1628	1
S6011887	102	Port Input	14	1220074	9421	1
S6011887	102	Response	22	1220074	9421	1
S6011887	103	Port Input	15	1222262	2178	1
S6011887	103	Port Input	14	1222262	2178	1
S6011887	103	Port Input	15	1222262	2178	1
