Scenario - passive press generic training 1.2
Logfile written - 02/08/2023 16:05:17

Subject	Trial	Event Type	Code	Time	TTime	Uncertainty	Duration	Uncertainty	ReqTime	ReqDur	Stim Type	Pair Index

S6011571	1	Picture	83	29	0	1	5000	1	0	4950	other	0
S6011571	1	Picture	82	10029	10000	1	5000	1	9950	4950	other	0
S6011571	1	Picture	81	20028	19999	1	5000	1	19950	4950	other	0
S6011571	1	Picture	80	30028	29999	1	5000	1	29950	4950	other	0
S6011571	1	Picture	81	40027	39999	1	10000	1	39950	9950	other	0
S6011571	1	Port Input	14	45709	45680	1
S6011571	1	Response	100	45709	45680	1
S6011571	1	Port Input	15	46374	46345	1
S6011571	1	Port Input	14	46374	46345	1
S6011571	1	Port Input	15	46384	46355	1
S6011571	1	Port Input	14	46384	46355	1
S6011571	1	Port Input	15	46403	46374	1
S6011571	1	Port Input	14	46403	46374	1
S6011571	1	Port Input	15	46465	46437	1
S6011571	1	Port Input	14	46465	46437	1
S6011571	1	Port Input	15	46467	46438	1
S6011571	1	Port Input	14	46467	46438	1
S6011571	1	Port Input	15	46469	46440	1
S6011571	1	Port Input	14	46469	46441	1
S6011571	1	Port Input	15	46477	46448	1
S6011571	1	Port Input	14	46477	46448	1
S6011571	1	Port Input	15	46478	46450	1
S6011571	1	Port Input	14	46479	46450	1
S6011571	1	Port Input	15	46487	46459	1
S6011571	1	Port Input	14	46489	46460	1
S6011571	1	Port Input	15	47225	47196	1
S6011571	1	Picture	81	60027	59998	1	10000	1	59950	9950	other	0
S6011571	1	Port Input	14	62760	62731	1
S6011571	1	Response	100	62760	62731	1
S6011571	1	Port Input	15	63148	63120	1
S6011571	1	Port Input	14	63148	63120	1
S6011571	1	Port Input	15	63154	63126	1
S6011571	1	Port Input	14	63154	63126	1
S6011571	1	Port Input	15	63155	63126	1
S6011571	1	Port Input	14	63155	63126	1
S6011571	1	Port Input	15	63156	63127	1
S6011571	1	Port Input	14	63156	63127	1
S6011571	1	Port Input	15	63166	63137	1
S6011571	1	Port Input	14	63166	63137	1
S6011571	1	Port Input	15	63178	63149	1
S6011571	1	Port Input	14	63178	63149	1
S6011571	1	Port Input	15	63180	63151	1
S6011571	1	Port Input	14	63180	63151	1
S6011571	1	Port Input	15	63181	63152	1
S6011571	1	Port Input	14	63181	63152	1
S6011571	1	Port Input	15	63181	63152	1
S6011571	1	Port Input	14	63181	63152	1
S6011571	1	Port Input	15	63181	63152	1
S6011571	1	Port Input	14	63181	63152	1
S6011571	1	Port Input	15	63264	63235	1
S6011571	1	Port Input	14	63264	63235	1
S6011571	1	Port Input	15	63264	63236	1
S6011571	1	Port Input	14	63264	63236	1
S6011571	1	Port Input	15	63288	63259	1
S6011571	1	Port Input	14	63288	63259	1
S6011571	1	Port Input	15	63288	63259	1
S6011571	1	Port Input	14	63288	63259	1
S6011571	1	Port Input	15	63299	63270	1
S6011571	1	Port Input	14	63299	63270	1
S6011571	1	Port Input	15	63304	63275	1
S6011571	1	Port Input	14	63304	63275	1
S6011571	1	Port Input	15	63318	63289	1
S6011571	1	Port Input	14	63318	63289	1
S6011571	1	Port Input	15	63318	63289	1
S6011571	1	Port Input	14	63318	63289	1
S6011571	1	Port Input	15	63349	63320	1
S6011571	1	Port Input	14	63349	63320	1
S6011571	1	Port Input	15	63350	63321	1
S6011571	1	Port Input	14	63350	63321	1
S6011571	1	Port Input	15	63354	63325	1
S6011571	1	Port Input	14	63354	63325	1
S6011571	1	Port Input	15	63354	63325	1
S6011571	1	Port Input	14	63354	63325	1
S6011571	1	Port Input	15	63356	63327	1
S6011571	1	Port Input	14	63356	63327	1
S6011571	1	Port Input	15	63356	63327	1
S6011571	1	Port Input	14	63356	63327	1
S6011571	1	Port Input	15	63358	63330	1
S6011571	1	Port Input	14	63358	63330	1
S6011571	1	Port Input	15	63361	63332	1
S6011571	1	Port Input	14	63361	63332	1
S6011571	1	Port Input	15	63401	63373	1
S6011571	1	Port Input	14	63401	63373	1
S6011571	1	Port Input	15	63408	63380	1
S6011571	1	Port Input	14	63408	63380	1
S6011571	1	Port Input	15	63409	63380	1
S6011571	1	Port Input	14	63409	63380	1
S6011571	1	Port Input	15	63410	63381	1
S6011571	1	Port Input	14	63410	63382	1
S6011571	1	Port Input	15	63411	63382	1
S6011571	1	Port Input	14	63411	63382	1
S6011571	1	Port Input	15	63415	63386	1
S6011571	1	Port Input	14	63415	63386	1
S6011571	1	Port Input	15	63420	63391	1
S6011571	1	Port Input	14	63420	63391	1
S6011571	1	Port Input	15	63421	63392	1
S6011571	1	Port Input	14	63421	63392	1
S6011571	1	Port Input	15	63427	63398	1
S6011571	1	Port Input	14	63427	63398	1
S6011571	1	Port Input	15	63429	63400	1
S6011571	1	Port Input	14	63429	63400	1
S6011571	1	Port Input	15	63940	63911	1
S6011571	1	Port Input	14	63940	63911	1
S6011571	1	Port Input	15	63962	63933	1
S6011571	1	Port Input	14	63962	63933	1
S6011571	1	Port Input	15	63976	63947	1
S6011571	1	Port Input	14	63976	63948	1
S6011571	1	Port Input	15	63978	63949	1
S6011571	1	Port Input	14	63978	63949	1
S6011571	1	Port Input	15	63985	63956	1
S6011571	1	Port Input	14	63985	63956	1
S6011571	1	Port Input	15	63987	63958	1
S6011571	1	Port Input	14	63987	63958	1
S6011571	1	Port Input	15	63989	63960	1
S6011571	1	Port Input	14	63989	63960	1
S6011571	1	Port Input	15	63991	63963	1
S6011571	1	Port Input	14	63991	63963	1
S6011571	1	Port Input	15	63992	63963	1
S6011571	1	Port Input	14	63992	63963	1
S6011571	1	Port Input	15	63992	63963	1
S6011571	1	Port Input	14	63992	63964	1
S6011571	1	Port Input	15	63993	63964	1
S6011571	1	Port Input	14	63993	63964	1
S6011571	1	Port Input	15	63993	63964	1
S6011571	1	Port Input	14	63993	63964	1
S6011571	1	Port Input	15	63993	63965	1
S6011571	1	Port Input	14	63993	63965	1
S6011571	1	Port Input	15	63994	63965	1
S6011571	1	Port Input	14	63994	63965	1
S6011571	1	Port Input	15	63994	63965	1
S6011571	1	Port Input	14	63994	63965	1
S6011571	1	Port Input	15	63995	63966	1
S6011571	1	Port Input	14	63995	63966	1
S6011571	1	Port Input	15	63995	63966	1
S6011571	1	Port Input	14	63995	63966	1
S6011571	1	Port Input	15	63996	63967	1
S6011571	1	Port Input	14	63996	63967	1
S6011571	1	Port Input	15	63996	63967	1
S6011571	1	Port Input	14	63996	63967	1
S6011571	1	Port Input	15	63996	63968	1
S6011571	1	Port Input	14	63996	63968	1
S6011571	1	Port Input	15	63997	63968	1
S6011571	1	Port Input	14	63997	63968	1
S6011571	1	Port Input	15	63997	63968	1
S6011571	1	Port Input	14	63997	63968	1
S6011571	1	Port Input	15	63997	63968	1
S6011571	1	Port Input	14	63997	63968	1
S6011571	1	Port Input	15	63997	63968	1
S6011571	1	Port Input	14	63997	63968	1
S6011571	1	Port Input	15	63997	63968	1
S6011571	1	Port Input	14	63997	63968	1
S6011571	1	Port Input	15	63997	63968	1
S6011571	1	Port Input	14	63997	63969	1
S6011571	1	Port Input	15	63998	63969	1
S6011571	1	Port Input	14	63998	63969	1
S6011571	1	Port Input	15	63999	63970	1
S6011571	1	Port Input	14	63999	63970	1
S6011571	1	Port Input	15	64000	63971	1
S6011571	1	Port Input	14	64000	63971	1
S6011571	1	Port Input	15	64000	63971	1
S6011571	1	Port Input	14	64000	63971	1
S6011571	1	Port Input	15	64000	63971	1
S6011571	1	Port Input	14	64000	63971	1
S6011571	1	Port Input	15	64000	63972	1
S6011571	1	Port Input	14	64000	63972	1
S6011571	1	Port Input	15	64000	63972	1
S6011571	1	Port Input	14	64001	63972	1
S6011571	1	Port Input	15	64001	63972	1
S6011571	1	Port Input	14	64001	63972	1
S6011571	1	Port Input	15	64001	63972	1
S6011571	1	Port Input	14	64001	63972	1
S6011571	1	Port Input	15	64001	63972	1
S6011571	1	Port Input	14	64001	63972	1
S6011571	1	Port Input	15	64001	63972	1
S6011571	1	Port Input	14	64001	63973	1
S6011571	1	Port Input	15	64002	63973	1
S6011571	1	Port Input	14	64002	63973	1
S6011571	1	Port Input	15	64002	63973	1
S6011571	1	Port Input	14	64002	63973	1
S6011571	1	Port Input	15	64003	63974	1
S6011571	1	Port Input	14	64003	63974	1
S6011571	1	Port Input	15	64004	63975	1
S6011571	1	Port Input	14	64004	63975	1
S6011571	1	Port Input	15	64004	63975	1
S6011571	1	Port Input	14	64004	63975	1
S6011571	1	Port Input	15	64004	63975	1
S6011571	1	Port Input	14	64004	63975	1
S6011571	1	Port Input	15	64004	63975	1
S6011571	1	Port Input	14	64004	63976	1
S6011571	1	Port Input	15	64005	63976	1
S6011571	1	Port Input	14	64005	63976	1
S6011571	1	Port Input	15	64005	63976	1
S6011571	1	Port Input	14	64005	63976	1
S6011571	1	Port Input	15	64006	63977	1
S6011571	1	Port Input	14	64006	63977	1
S6011571	1	Port Input	15	64007	63978	1
S6011571	1	Port Input	14	64007	63978	1
S6011571	1	Port Input	15	64007	63978	1
S6011571	1	Port Input	14	64007	63978	1
S6011571	1	Port Input	15	64007	63979	1
S6011571	1	Port Input	14	64007	63979	1
S6011571	1	Port Input	15	64009	63980	1
S6011571	1	Port Input	14	64009	63980	1
S6011571	1	Port Input	15	64010	63981	1
S6011571	1	Port Input	14	64010	63981	1
S6011571	1	Port Input	15	64011	63982	1
S6011571	1	Port Input	14	64011	63982	1
S6011571	1	Port Input	15	64011	63982	1
S6011571	1	Port Input	14	64011	63982	1
S6011571	1	Port Input	15	64011	63982	1
S6011571	1	Port Input	14	64011	63982	1
S6011571	1	Port Input	15	64011	63982	1
S6011571	1	Port Input	14	64011	63982	1
S6011571	1	Port Input	15	64012	63983	1
S6011571	1	Port Input	14	64012	63983	1
S6011571	1	Port Input	15	64017	63988	1
S6011571	1	Port Input	14	64017	63988	1
S6011571	1	Port Input	15	64043	64015	1
S6011571	1	Port Input	14	64043	64015	1
S6011571	1	Port Input	15	64046	64017	1
S6011571	1	Port Input	14	64046	64017	1
S6011571	1	Port Input	15	64048	64019	1
S6011571	1	Port Input	14	64048	64019	1
S6011571	1	Port Input	15	64048	64020	1
S6011571	1	Port Input	14	64048	64020	1
S6011571	1	Port Input	15	64053	64024	1
S6011571	1	Port Input	14	64053	64024	1
S6011571	1	Port Input	15	64053	64025	1
S6011571	1	Port Input	14	64053	64025	1
S6011571	1	Port Input	15	64070	64041	1
S6011571	1	Port Input	14	64070	64041	1
S6011571	1	Port Input	15	64070	64042	1
S6011571	1	Port Input	14	64071	64042	1
S6011571	1	Port Input	15	64073	64044	1
S6011571	1	Port Input	14	64073	64044	1
S6011571	1	Port Input	15	64074	64045	1
S6011571	1	Port Input	14	64074	64045	1
S6011571	1	Port Input	15	64074	64045	1
S6011571	1	Port Input	14	64074	64045	1
S6011571	1	Port Input	15	64074	64045	1
S6011571	1	Port Input	14	64074	64045	1
S6011571	1	Port Input	15	64074	64045	1
S6011571	1	Port Input	14	64074	64045	1
S6011571	1	Port Input	15	64074	64045	1
S6011571	1	Port Input	14	64074	64045	1
S6011571	1	Port Input	15	64074	64045	1
S6011571	1	Port Input	14	64074	64046	1
S6011571	1	Port Input	15	64074	64046	1
S6011571	1	Port Input	14	64074	64046	1
S6011571	1	Port Input	15	64075	64046	1
S6011571	1	Port Input	14	64075	64046	1
S6011571	1	Port Input	15	64075	64046	1
S6011571	1	Port Input	14	64075	64046	1
S6011571	1	Port Input	15	64075	64046	1
S6011571	1	Port Input	14	64075	64046	1
S6011571	1	Port Input	15	64075	64047	1
S6011571	1	Port Input	14	64075	64047	1
S6011571	1	Port Input	15	64076	64047	1
S6011571	1	Port Input	14	64076	64047	1
S6011571	1	Port Input	15	64076	64047	1
S6011571	1	Port Input	14	64076	64047	1
S6011571	1	Port Input	15	64076	64047	1
S6011571	1	Port Input	14	64076	64047	1
S6011571	1	Port Input	15	64076	64047	1
S6011571	1	Port Input	14	64076	64047	1
S6011571	1	Port Input	15	64077	64048	1
S6011571	1	Port Input	14	64077	64048	1
S6011571	1	Port Input	15	64077	64048	1
S6011571	1	Port Input	14	64077	64049	1
S6011571	1	Port Input	15	64078	64049	1
S6011571	1	Port Input	14	64078	64049	1
S6011571	1	Port Input	15	64078	64049	1
S6011571	1	Port Input	14	64078	64049	1
S6011571	1	Port Input	15	64466	64437	1
S6011571	1	Port Input	14	64466	64437	1
S6011571	1	Port Input	15	64472	64444	1
S6011571	1	Port Input	14	64473	64444	1
S6011571	1	Port Input	15	64473	64444	1
S6011571	1	Port Input	14	64473	64444	1
S6011571	1	Port Input	15	64473	64444	1
S6011571	1	Port Input	14	64473	64444	1
S6011571	1	Port Input	15	64473	64445	1
S6011571	1	Port Input	14	64473	64445	1
S6011571	1	Port Input	15	64474	64445	1
S6011571	1	Port Input	14	64474	64445	1
S6011571	1	Port Input	15	64474	64445	1
S6011571	1	Port Input	14	64474	64445	1
S6011571	1	Port Input	15	64474	64445	1
S6011571	1	Port Input	14	64474	64445	1
S6011571	1	Port Input	15	64475	64446	1
S6011571	1	Port Input	14	64475	64446	1
S6011571	1	Port Input	15	64475	64446	1
S6011571	1	Port Input	14	64475	64446	1
S6011571	1	Port Input	15	64475	64446	1
S6011571	1	Port Input	14	64475	64446	1
S6011571	1	Port Input	15	64475	64446	1
S6011571	1	Port Input	14	64475	64446	1
S6011571	1	Port Input	15	64475	64446	1
S6011571	1	Picture	81	80026	79997	1	10000	1	79950	9950	other	0
S6011571	1	Port Input	14	82205	82176	1
S6011571	1	Response	100	82205	82176	1
S6011571	1	Port Input	15	82359	82331	1
S6011571	1	Port Input	14	82359	82331	1
S6011571	1	Port Input	15	82360	82331	1
S6011571	1	Port Input	14	82360	82331	1
S6011571	1	Port Input	15	82360	82331	1
S6011571	1	Port Input	14	82360	82331	1
S6011571	1	Port Input	15	82360	82331	1
S6011571	1	Port Input	14	82360	82331	1
S6011571	1	Port Input	15	82360	82331	1
S6011571	1	Port Input	14	82360	82331	1
S6011571	1	Port Input	15	82360	82332	1
S6011571	1	Port Input	14	82360	82332	1
S6011571	1	Port Input	15	82361	82332	1
S6011571	1	Port Input	14	82361	82332	1
S6011571	1	Port Input	15	82361	82332	1
S6011571	1	Port Input	14	82361	82332	1
S6011571	1	Port Input	15	82361	82332	1
S6011571	1	Port Input	14	82361	82332	1
S6011571	1	Port Input	15	82361	82332	1
S6011571	1	Port Input	14	82361	82332	1
S6011571	1	Port Input	15	82361	82333	1
S6011571	1	Port Input	14	82361	82333	1
S6011571	1	Port Input	15	82362	82333	1
S6011571	1	Port Input	14	82362	82333	1
S6011571	1	Port Input	15	82362	82333	1
S6011571	1	Port Input	14	82362	82333	1
S6011571	1	Port Input	15	82362	82333	1
S6011571	1	Port Input	14	82362	82333	1
S6011571	1	Port Input	15	82362	82333	1
S6011571	1	Port Input	14	82362	82334	1
S6011571	1	Port Input	15	82363	82334	1
S6011571	1	Port Input	14	82363	82334	1
S6011571	1	Port Input	15	82363	82334	1
S6011571	1	Port Input	14	82363	82334	1
S6011571	1	Port Input	15	82363	82334	1
S6011571	1	Port Input	14	82363	82334	1
S6011571	1	Port Input	15	82363	82335	1
S6011571	1	Port Input	14	82363	82335	1
S6011571	1	Port Input	15	82364	82335	1
S6011571	1	Port Input	14	82364	82335	1
S6011571	1	Port Input	15	82364	82335	1
S6011571	1	Port Input	14	82364	82335	1
S6011571	1	Port Input	15	82364	82335	1
S6011571	1	Port Input	14	82364	82335	1
S6011571	1	Port Input	15	82364	82335	1
S6011571	1	Port Input	14	82364	82335	1
S6011571	1	Port Input	15	82365	82336	1
S6011571	1	Port Input	14	82365	82336	1
S6011571	1	Port Input	15	82365	82336	1
S6011571	1	Port Input	14	82365	82336	1
S6011571	1	Port Input	15	82366	82337	1
S6011571	1	Port Input	14	82366	82337	1
S6011571	1	Port Input	15	82366	82337	1
S6011571	1	Port Input	14	82366	82337	1
S6011571	1	Port Input	15	82367	82338	1
S6011571	1	Port Input	14	82367	82338	1
S6011571	1	Port Input	15	82367	82338	1
S6011571	1	Port Input	14	82367	82338	1
S6011571	1	Port Input	15	82367	82338	1
S6011571	1	Port Input	14	82367	82338	1
S6011571	1	Port Input	15	82367	82338	1
S6011571	1	Port Input	14	82367	82338	1
S6011571	1	Port Input	15	82367	82338	1
S6011571	1	Port Input	14	82367	82339	1
S6011571	1	Port Input	15	82368	82339	1
S6011571	1	Port Input	14	82368	82339	1
S6011571	1	Port Input	15	82368	82339	1
S6011571	1	Port Input	14	82368	82339	1
S6011571	1	Port Input	15	82368	82339	1
S6011571	1	Port Input	14	82368	82339	1
S6011571	1	Port Input	15	82368	82339	1
S6011571	1	Port Input	14	82368	82339	1
S6011571	1	Port Input	15	82368	82340	1
S6011571	1	Port Input	14	82368	82340	1
S6011571	1	Port Input	15	82369	82340	1
S6011571	1	Port Input	14	82369	82340	1
S6011571	1	Port Input	15	82369	82340	1
S6011571	1	Port Input	14	82369	82340	1
S6011571	1	Port Input	15	82369	82341	1
S6011571	1	Port Input	14	82369	82341	1
S6011571	1	Port Input	15	82370	82341	1
S6011571	1	Port Input	14	82370	82341	1
S6011571	1	Port Input	15	82370	82341	1
S6011571	1	Port Input	14	82370	82341	1
S6011571	1	Port Input	15	82370	82341	1
S6011571	1	Port Input	14	82370	82342	1
S6011571	1	Port Input	15	82371	82342	1
S6011571	1	Port Input	14	82371	82342	1
S6011571	1	Port Input	15	82371	82342	1
S6011571	1	Port Input	14	82371	82342	1
S6011571	1	Port Input	15	82371	82342	1
S6011571	1	Port Input	14	82371	82342	1
S6011571	1	Port Input	15	82371	82343	1
S6011571	1	Port Input	14	82371	82343	1
S6011571	1	Port Input	15	82372	82343	1
S6011571	1	Port Input	14	82372	82343	1
S6011571	1	Port Input	15	82372	82343	1
S6011571	1	Port Input	14	82372	82343	1
S6011571	1	Port Input	15	82372	82343	1
S6011571	1	Port Input	14	82372	82343	1
S6011571	1	Port Input	15	82372	82343	1
S6011571	1	Port Input	14	82372	82343	1
S6011571	1	Port Input	15	82372	82343	1
S6011571	1	Port Input	14	82372	82344	1
S6011571	1	Port Input	15	82373	82344	1
S6011571	1	Port Input	14	82373	82344	1
S6011571	1	Port Input	15	82373	82344	1
S6011571	1	Port Input	14	82373	82344	1
S6011571	1	Port Input	15	82373	82344	1
S6011571	1	Port Input	14	82373	82344	1
S6011571	1	Port Input	15	82373	82344	1
S6011571	1	Port Input	14	82373	82344	1
S6011571	1	Port Input	15	82373	82345	1
S6011571	1	Port Input	14	82373	82345	1
S6011571	1	Port Input	15	82374	82345	1
S6011571	1	Port Input	14	82374	82345	1
S6011571	1	Port Input	15	82374	82345	1
S6011571	1	Port Input	14	82374	82345	1
S6011571	1	Port Input	15	82374	82345	1
S6011571	1	Port Input	14	82374	82345	1
S6011571	1	Port Input	15	82374	82346	1
S6011571	1	Port Input	14	82375	82346	1
S6011571	1	Port Input	15	82375	82346	1
S6011571	1	Port Input	14	82375	82346	1
S6011571	1	Port Input	15	82375	82346	1
S6011571	1	Port Input	14	82375	82346	1
S6011571	1	Port Input	15	82375	82346	1
S6011571	1	Port Input	14	82375	82346	1
S6011571	1	Port Input	15	82375	82347	1
S6011571	1	Port Input	14	82375	82347	1
S6011571	1	Port Input	15	82376	82347	1
S6011571	1	Port Input	14	82376	82347	1
S6011571	1	Port Input	15	82376	82347	1
S6011571	1	Port Input	14	82376	82347	1
S6011571	1	Port Input	15	82376	82347	1
S6011571	1	Port Input	14	82376	82347	1
S6011571	1	Port Input	15	82377	82348	1
S6011571	1	Port Input	14	82377	82348	1
S6011571	1	Port Input	15	82377	82348	1
S6011571	1	Port Input	14	82377	82348	1
S6011571	1	Port Input	15	82377	82348	1
S6011571	1	Port Input	14	82377	82348	1
S6011571	1	Port Input	15	82377	82348	1
S6011571	1	Port Input	14	82377	82348	1
S6011571	1	Port Input	15	82377	82349	1
S6011571	1	Port Input	14	82377	82349	1
S6011571	1	Port Input	15	82378	82349	1
S6011571	1	Port Input	14	82378	82349	1
S6011571	1	Port Input	15	82378	82349	1
S6011571	1	Port Input	14	82378	82349	1
S6011571	1	Port Input	15	82378	82349	1
S6011571	1	Port Input	14	82378	82350	1
S6011571	1	Port Input	15	82378	82350	1
S6011571	1	Port Input	14	82379	82350	1
S6011571	1	Port Input	15	82379	82350	1
S6011571	1	Port Input	14	82379	82350	1
S6011571	1	Port Input	15	82379	82350	1
S6011571	1	Port Input	14	82379	82350	1
S6011571	1	Port Input	15	82379	82350	1
S6011571	1	Port Input	14	82379	82350	1
S6011571	1	Port Input	15	82380	82351	1
S6011571	1	Port Input	14	82380	82351	1
S6011571	1	Port Input	15	82380	82351	1
S6011571	1	Port Input	14	82380	82351	1
S6011571	1	Port Input	15	82380	82351	1
S6011571	1	Port Input	14	82380	82351	1
S6011571	1	Port Input	15	82380	82351	1
S6011571	1	Port Input	14	82380	82351	1
S6011571	1	Port Input	15	82380	82352	1
S6011571	1	Port Input	14	82380	82352	1
S6011571	1	Port Input	15	82381	82352	1
S6011571	1	Port Input	14	82381	82352	1
S6011571	1	Port Input	15	82381	82353	1
S6011571	1	Port Input	14	82381	82353	1
S6011571	1	Port Input	15	82383	82354	1
S6011571	1	Port Input	14	82383	82354	1
S6011571	1	Port Input	15	82383	82355	1
S6011571	1	Port Input	14	82383	82355	1
S6011571	1	Port Input	15	82384	82355	1
S6011571	1	Port Input	14	82384	82355	1
S6011571	1	Port Input	15	82384	82355	1
S6011571	1	Port Input	14	82384	82355	1
S6011571	1	Port Input	15	82385	82357	1
S6011571	1	Port Input	14	82385	82357	1
S6011571	1	Port Input	15	82385	82357	1
S6011571	1	Port Input	14	82386	82357	1
S6011571	1	Port Input	15	82386	82357	1
S6011571	1	Port Input	14	82386	82357	1
S6011571	1	Port Input	15	82387	82358	1
S6011571	1	Port Input	14	82387	82358	1
S6011571	1	Port Input	15	82387	82358	1
S6011571	1	Port Input	14	82387	82358	1
S6011571	1	Port Input	15	82389	82360	1
S6011571	1	Port Input	14	82389	82360	1
S6011571	1	Port Input	15	82391	82362	1
S6011571	1	Port Input	14	82391	82362	1
S6011571	1	Port Input	15	82391	82363	1
S6011571	1	Port Input	14	82391	82363	1
S6011571	1	Port Input	15	82392	82363	1
S6011571	1	Port Input	14	82392	82363	1
S6011571	1	Port Input	15	82416	82388	1
S6011571	1	Port Input	14	82417	82388	1
S6011571	1	Port Input	15	82417	82388	1
S6011571	1	Port Input	14	82418	82389	1
S6011571	1	Port Input	15	82419	82390	1
S6011571	1	Port Input	14	82419	82390	1
S6011571	1	Port Input	15	82419	82390	1
S6011571	1	Port Input	14	82419	82390	1
S6011571	1	Port Input	15	82419	82390	1
S6011571	1	Port Input	14	82419	82391	1
S6011571	1	Port Input	15	82420	82391	1
S6011571	1	Port Input	14	82420	82391	1
S6011571	1	Port Input	15	82420	82391	1
S6011571	1	Port Input	14	82420	82391	1
S6011571	1	Port Input	15	82420	82391	1
S6011571	1	Port Input	14	82420	82391	1
S6011571	1	Port Input	15	82421	82392	1
S6011571	1	Port Input	14	82422	82393	1
S6011571	1	Port Input	15	82425	82396	1
S6011571	1	Port Input	14	82425	82396	1
S6011571	1	Port Input	15	82430	82401	1
S6011571	1	Port Input	14	82430	82401	1
S6011571	1	Port Input	15	82430	82401	1
S6011571	1	Port Input	14	82430	82401	1
S6011571	1	Port Input	15	82430	82402	1
S6011571	1	Port Input	14	82430	82402	1
S6011571	1	Port Input	15	82431	82402	1
S6011571	1	Port Input	14	82431	82402	1
S6011571	1	Port Input	15	82431	82402	1
S6011571	1	Port Input	14	82431	82402	1
S6011571	1	Port Input	15	82431	82402	1
S6011571	1	Port Input	14	82431	82402	1
S6011571	1	Port Input	15	82436	82407	1
S6011571	1	Port Input	14	82436	82407	1
S6011571	1	Port Input	15	82438	82410	1
S6011571	1	Port Input	14	82438	82410	1
S6011571	1	Port Input	15	82438	82410	1
S6011571	1	Port Input	14	82438	82410	1
S6011571	1	Port Input	15	82439	82410	1
S6011571	1	Port Input	14	82439	82410	1
S6011571	1	Port Input	15	82443	82414	1
S6011571	1	Port Input	14	82443	82414	1
S6011571	1	Port Input	15	82443	82414	1
S6011571	1	Port Input	14	82443	82414	1
S6011571	1	Port Input	15	82444	82415	1
S6011571	1	Port Input	14	82444	82415	1
S6011571	1	Port Input	15	82445	82417	1
S6011571	1	Port Input	14	82445	82417	1
S6011571	1	Port Input	15	82446	82417	1
S6011571	1	Port Input	14	82446	82417	1
S6011571	1	Port Input	15	82447	82418	1
S6011571	1	Port Input	14	82447	82418	1
S6011571	1	Port Input	15	82453	82424	1
S6011571	1	Port Input	14	82453	82424	1
S6011571	1	Port Input	15	82458	82429	1
S6011571	1	Port Input	14	82458	82429	1
S6011571	1	Port Input	15	82459	82430	1
S6011571	1	Port Input	14	82459	82430	1
S6011571	1	Port Input	15	82467	82438	1
S6011571	1	Port Input	14	82467	82438	1
S6011571	1	Port Input	15	82470	82441	1
S6011571	1	Port Input	14	82470	82441	1
S6011571	1	Port Input	15	82471	82442	1
S6011571	1	Port Input	14	82471	82442	1
S6011571	1	Port Input	15	82474	82445	1
S6011571	1	Port Input	14	82474	82445	1
S6011571	1	Port Input	15	82475	82446	1
S6011571	1	Port Input	14	82475	82446	1
S6011571	1	Port Input	15	82475	82446	1
S6011571	1	Port Input	14	82475	82446	1
S6011571	1	Port Input	15	82476	82447	1
S6011571	1	Port Input	14	82476	82447	1
S6011571	1	Port Input	15	82476	82447	1
S6011571	1	Port Input	14	82476	82447	1
S6011571	1	Port Input	15	82477	82448	1
S6011571	1	Port Input	14	82477	82448	1
S6011571	1	Port Input	15	82483	82454	1
S6011571	1	Port Input	14	82483	82455	1
S6011571	1	Port Input	15	82509	82480	1
S6011571	1	Port Input	14	82509	82480	1
S6011571	1	Port Input	15	82518	82489	1
S6011571	1	Port Input	14	82518	82489	1
S6011571	1	Port Input	15	82519	82490	1
S6011571	1	Port Input	14	82519	82490	1
S6011571	1	Port Input	15	82519	82490	1
S6011571	1	Port Input	14	82519	82490	1
S6011571	1	Port Input	15	82536	82507	1
S6011571	1	Port Input	14	82536	82507	1
S6011571	1	Port Input	15	82536	82507	1
S6011571	1	Port Input	14	82536	82507	1
S6011571	1	Port Input	15	83859	83830	1
S6011571	1	Port Input	14	83859	83830	1
S6011571	1	Port Input	15	83860	83831	1
S6011571	1	Port Input	14	83860	83831	1
S6011571	1	Port Input	15	83861	83832	1
S6011571	1	Port Input	14	83861	83832	1
S6011571	1	Port Input	15	83863	83834	1
S6011571	1	Port Input	14	83863	83834	1
S6011571	1	Port Input	15	83863	83834	1
S6011571	1	Port Input	14	83863	83834	1
S6011571	1	Port Input	15	83863	83834	1
S6011571	1	Port Input	14	83863	83834	1
S6011571	1	Port Input	15	83867	83838	1
S6011571	1	Port Input	14	83867	83838	1
S6011571	1	Port Input	15	83867	83838	1
S6011571	1	Port Input	14	83867	83838	1
S6011571	1	Port Input	15	83869	83840	1
S6011571	1	Port Input	14	83869	83840	1
S6011571	1	Port Input	15	83869	83840	1
S6011571	1	Port Input	14	83869	83840	1
S6011571	1	Port Input	15	83872	83844	1
S6011571	1	Port Input	14	83872	83844	1
S6011571	1	Port Input	15	83874	83845	1
S6011571	1	Port Input	14	83874	83845	1
S6011571	1	Port Input	15	83881	83852	1
S6011571	1	Port Input	14	83881	83852	1
S6011571	1	Port Input	15	83881	83852	1
S6011571	1	Port Input	14	83881	83852	1
S6011571	1	Port Input	15	83882	83853	1
S6011571	1	Port Input	14	83882	83853	1
S6011571	1	Port Input	15	83882	83853	1
S6011571	1	Port Input	14	83882	83853	1
S6011571	1	Port Input	15	83883	83854	1
S6011571	1	Port Input	14	83883	83854	1
S6011571	1	Port Input	15	83883	83854	1
S6011571	1	Port Input	14	83883	83854	1
S6011571	1	Port Input	15	83884	83855	1
S6011571	1	Port Input	14	83884	83855	1
S6011571	1	Port Input	15	83886	83857	1
S6011571	1	Port Input	14	83886	83857	1
S6011571	1	Port Input	15	83887	83858	1
S6011571	1	Port Input	14	83887	83858	1
S6011571	1	Port Input	15	83889	83860	1
S6011571	1	Port Input	14	83889	83860	1
S6011571	1	Port Input	15	83889	83861	1
S6011571	1	Port Input	14	83889	83861	1
S6011571	1	Port Input	15	83890	83861	1
S6011571	1	Port Input	14	83890	83861	1
S6011571	1	Port Input	15	83892	83863	1
S6011571	1	Port Input	14	83892	83863	1
S6011571	1	Port Input	15	83892	83863	1
S6011571	1	Port Input	14	83892	83863	1
S6011571	1	Port Input	15	83893	83864	1
S6011571	1	Port Input	14	83893	83864	1
S6011571	1	Port Input	15	83893	83864	1
S6011571	1	Port Input	14	83893	83864	1
S6011571	1	Port Input	15	83894	83865	1
S6011571	1	Port Input	14	83894	83865	1
S6011571	1	Port Input	15	83894	83865	1
S6011571	1	Port Input	14	83894	83865	1
S6011571	1	Port Input	15	83895	83866	1
S6011571	1	Port Input	14	83895	83866	1
S6011571	1	Port Input	15	83897	83869	1
S6011571	1	Port Input	14	83897	83869	1
S6011571	1	Port Input	15	83905	83876	1
S6011571	1	Port Input	14	83905	83876	1
S6011571	1	Port Input	15	83906	83877	1
S6011571	1	Port Input	14	83906	83877	1
S6011571	1	Port Input	15	83919	83890	1
S6011571	1	Port Input	14	83919	83890	1
S6011571	1	Port Input	15	83922	83893	1
S6011571	1	Port Input	14	83922	83893	1
S6011571	1	Port Input	15	83924	83895	1
S6011571	1	Port Input	14	83924	83895	1
S6011571	1	Port Input	15	83926	83897	1
S6011571	1	Port Input	14	83926	83897	1
S6011571	1	Port Input	15	83927	83898	1
S6011571	1	Port Input	14	83927	83898	1
S6011571	1	Port Input	15	83928	83899	1
S6011571	1	Port Input	14	83928	83899	1
S6011571	1	Port Input	15	83928	83899	1
S6011571	1	Port Input	14	83928	83899	1
S6011571	1	Port Input	15	83928	83900	1
S6011571	1	Port Input	14	83929	83900	1
S6011571	1	Port Input	15	83929	83900	1
S6011571	1	Port Input	14	83929	83900	1
S6011571	1	Port Input	15	83929	83900	1
S6011571	1	Port Input	14	83929	83900	1
S6011571	1	Port Input	15	83930	83901	1
S6011571	1	Port Input	14	83930	83901	1
S6011571	1	Port Input	15	83930	83901	1
S6011571	1	Port Input	14	83930	83901	1
S6011571	1	Port Input	15	83931	83902	1
S6011571	1	Port Input	14	83931	83902	1
S6011571	1	Port Input	15	83931	83902	1
S6011571	1	Port Input	14	83931	83902	1
S6011571	1	Port Input	15	83931	83902	1
S6011571	1	Port Input	14	83931	83902	1
S6011571	1	Port Input	15	83932	83903	1
S6011571	1	Port Input	14	83932	83903	1
S6011571	1	Port Input	15	83932	83903	1
S6011571	1	Port Input	14	83932	83903	1
S6011571	1	Port Input	15	83932	83903	1
S6011571	1	Port Input	14	83932	83903	1
S6011571	1	Port Input	15	83932	83903	1
S6011571	1	Port Input	14	83932	83903	1
S6011571	1	Port Input	15	83932	83904	1
S6011571	1	Port Input	14	83932	83904	1
S6011571	1	Port Input	15	83933	83904	1
S6011571	1	Port Input	14	83933	83904	1
S6011571	1	Port Input	15	83934	83905	1
S6011571	1	Port Input	14	83934	83905	1
S6011571	1	Port Input	15	83935	83906	1
S6011571	1	Port Input	14	83935	83906	1
S6011571	1	Port Input	15	83935	83906	1
S6011571	1	Port Input	14	83935	83906	1
S6011571	1	Port Input	15	83935	83906	1
S6011571	1	Port Input	14	83935	83906	1
S6011571	1	Port Input	15	83935	83906	1
S6011571	1	Port Input	14	83935	83906	1
S6011571	1	Port Input	15	83935	83906	1
S6011571	1	Port Input	14	83935	83906	1
S6011571	1	Port Input	15	83935	83907	1
S6011571	1	Port Input	14	83935	83907	1
S6011571	1	Port Input	15	83936	83907	1
S6011571	1	Port Input	14	83936	83907	1
S6011571	1	Port Input	15	83936	83907	1
S6011571	1	Port Input	14	83936	83907	1
S6011571	1	Port Input	15	83936	83907	1
S6011571	1	Port Input	14	83936	83907	1
S6011571	1	Port Input	15	83936	83908	1
S6011571	1	Port Input	14	83936	83908	1
S6011571	1	Port Input	15	83937	83908	1
S6011571	1	Port Input	14	83937	83908	1
S6011571	1	Port Input	15	83938	83909	1
S6011571	1	Port Input	14	83938	83909	1
S6011571	1	Port Input	15	83938	83909	1
S6011571	1	Port Input	14	83938	83909	1
S6011571	1	Port Input	15	83938	83909	1
S6011571	1	Port Input	14	83938	83909	1
S6011571	1	Port Input	15	83938	83910	1
S6011571	1	Port Input	14	83938	83910	1
S6011571	1	Port Input	15	83939	83910	1
S6011571	1	Port Input	14	83939	83910	1
S6011571	1	Port Input	15	83939	83910	1
S6011571	1	Port Input	14	83939	83910	1
S6011571	1	Port Input	15	83940	83911	1
S6011571	1	Port Input	14	83940	83911	1
S6011571	1	Port Input	15	83940	83911	1
S6011571	1	Port Input	14	83940	83911	1
S6011571	1	Port Input	15	83940	83912	1
S6011571	1	Port Input	14	83941	83912	1
S6011571	1	Port Input	15	83941	83912	1
S6011571	1	Port Input	14	83941	83912	1
S6011571	1	Port Input	15	83942	83914	1
S6011571	1	Port Input	14	83942	83914	1
S6011571	1	Port Input	15	83943	83914	1
S6011571	1	Port Input	14	83943	83914	1
S6011571	1	Port Input	15	83943	83914	1
S6011571	1	Port Input	14	83943	83914	1
S6011571	1	Port Input	15	83943	83915	1
S6011571	1	Port Input	14	83943	83915	1
S6011571	1	Port Input	15	83944	83915	1
S6011571	1	Port Input	14	83944	83915	1
S6011571	1	Port Input	15	83944	83916	1
S6011571	1	Port Input	14	83944	83916	1
S6011571	1	Port Input	15	83945	83916	1
S6011571	1	Port Input	14	83945	83916	1
S6011571	1	Port Input	15	83945	83916	1
S6011571	1	Port Input	14	83945	83916	1
S6011571	1	Port Input	15	83945	83917	1
S6011571	1	Port Input	14	83945	83917	1
S6011571	1	Port Input	15	84125	84096	1
S6011571	1	Port Input	14	84125	84096	1
S6011571	1	Port Input	15	84127	84098	1
S6011571	1	Port Input	14	84127	84098	1
S6011571	1	Port Input	15	84127	84099	1
S6011571	1	Port Input	14	84127	84099	1
S6011571	1	Port Input	15	84128	84099	1
S6011571	1	Port Input	14	84128	84099	1
S6011571	1	Port Input	15	84128	84099	1
S6011571	1	Port Input	14	84128	84099	1
S6011571	1	Port Input	15	84128	84099	1
S6011571	1	Port Input	14	84128	84100	1
S6011571	1	Port Input	15	84128	84100	1
S6011571	1	Port Input	14	84129	84100	1
S6011571	1	Port Input	15	84129	84100	1
S6011571	1	Port Input	14	84129	84100	1
S6011571	1	Port Input	15	84129	84101	1
S6011571	2	Port Input	14	135104	45009	2
S6011571	2	Response	100	135104	45009	3
S6011571	3	Port Input	15	135668	505	8
S6011571	3	Port Input	14	135781	618	8
S6011571	3	Port Input	15	135827	664	1
S6011571	3	Port Input	14	135827	664	1
S6011571	3	Port Input	15	135842	679	8
S6011571	3	Port Input	14	136009	846	8
S6011571	3	Port Input	15	136438	1275	8
S6011571	3	Port Input	14	136445	1282	1
S6011571	3	Port Input	15	136446	1283	8
S6011571	3	Port Input	14	136475	1312	8
S6011571	3	Port Input	15	136764	1601	8
S6011571	3	Port Input	14	165715	30552	8
S6011571	3	Response	100	165715	30552	8
S6011571	4	Port Input	15	166226	439	1
S6011571	4	Port Input	14	166226	439	1
S6011571	4	Port Input	15	166393	606	8
S6011571	4	Port Input	14	166400	613	1
S6011571	4	Port Input	15	166822	1035	1
S6011571	4	Port Input	14	166822	1035	8
S6011571	4	Port Input	15	167428	1641	8
S6011571	4	Port Input	14	184203	18416	8
S6011571	4	Response	100	184203	18416	8
S6011571	5	Port Input	15	184507	249	1
S6011571	5	Port Input	14	184507	249	1
S6011571	5	Port Input	15	184717	459	1
S6011571	5	Port Input	14	184717	459	1
S6011571	5	Port Input	15	184724	466	8
S6011571	5	Port Input	14	184732	473	1
S6011571	5	Port Input	15	184732	473	8
S6011571	5	Port Input	14	184739	481	8
S6011571	5	Port Input	15	184822	563	8
S6011571	5	Port Input	14	184905	646	8
S6011571	5	Port Input	15	186057	1798	1
S6011571	5	Port Input	14	186057	1799	1
S6011571	5	Port Input	15	186214	1955	8
S6011571	5	Port Input	14	200977	16718	8
S6011571	5	Response	100	200977	16718	8
S6011571	6	Port Input	15	201223	160	1
S6011571	6	Port Input	14	201223	160	8
S6011571	6	Port Input	15	201238	175	1
S6011571	6	Port Input	14	201238	175	8
S6011571	6	Port Input	15	201246	182	1
S6011571	6	Port Input	14	201246	182	1
S6011571	6	Port Input	15	201268	205	8
S6011571	6	Port Input	14	201276	212	1
S6011571	6	Port Input	15	201390	326	1
S6011571	6	Port Input	14	201390	326	1
S6011571	6	Port Input	15	202600	1537	1
S6011571	6	Port Input	14	202601	1537	1
S6011571	6	Port Input	15	202601	1537	8
S6011571	6	Port Input	14	202608	1545	8
S6011571	6	Port Input	15	202616	1552	8
S6011571	6	Port Input	14	202623	1560	8
S6011571	6	Port Input	15	202833	1770	8
S6011571	6	Port Input	14	218086	17023	8
S6011571	6	Response	100	218086	17023	8
S6011571	7	Port Input	15	219651	1505	8
S6011571	7	Port Input	14	236194	18048	8
S6011571	7	Response	100	236194	18048	8
S6011571	8	Port Input	15	236640	370	8
S6011571	8	Port Input	14	236648	377	1
S6011571	8	Port Input	15	236648	377	8
S6011571	8	Port Input	14	236655	385	1
S6011571	8	Port Input	15	237822	1552	8
S6011571	8	Port Input	14	253073	16802	8
S6011571	8	Response	100	253073	16802	8
S6011571	9	Port Input	15	253576	432	1
S6011571	9	Port Input	14	253576	432	1
S6011571	9	Port Input	15	254697	1552	8
S6011571	9	Port Input	14	271365	18220	8
S6011571	9	Response	100	271365	18220	8
S6011571	10	Port Input	15	273451	2043	8
S6011571	10	Port Input	14	288732	17324	8
S6011571	10	Response	100	288732	17324	8
S6011571	11	Port Input	15	290287	1519	1
S6011571	11	Port Input	14	306522	17753	8
S6011571	11	Response	100	306522	17753	8
S6011571	12	Port Input	15	307337	791	8
S6011571	12	Port Input	14	307344	798	1
S6011571	12	Port Input	15	308677	2131	1
S6011571	12	Port Input	14	308677	2131	1
S6011571	12	Port Input	15	308677	2131	9
S6011571	12	Port Input	14	308686	2140	1
S6011571	12	Port Input	15	308938	2392	8
S6011571	12	Port Input	14	323272	16727	8
S6011571	12	Response	100	323272	16727	8
S6011571	13	Port Input	15	325551	2200	8
S6011571	13	Port Input	14	341337	17986	8
S6011571	13	Response	100	341337	17986	8
S6011571	14	Port Input	15	341816	410	8
S6011571	14	Port Input	14	341824	418	1
S6011571	14	Port Input	15	343144	1738	8
S6011571	14	Port Input	14	343151	1745	1
S6011571	14	Port Input	15	343159	1753	1
S6011571	14	Port Input	14	343159	1753	1
S6011571	14	Port Input	15	343635	2229	8
S6011571	14	Port Input	14	343643	2237	1
S6011571	14	Port Input	15	343643	2237	8
S6011571	14	Port Input	14	356704	15298	8
S6011571	14	Response	100	356704	15298	8
S6011571	15	Port Input	15	357328	575	1
S6011571	15	Port Input	14	357328	575	1
S6011571	15	Port Input	15	357328	575	8
S6011571	15	Port Input	14	357335	583	1
S6011571	15	Port Input	15	357335	583	8
S6011571	15	Port Input	14	357343	590	1
S6011571	15	Port Input	15	357343	590	8
S6011571	15	Port Input	14	357350	598	1
S6011571	15	Port Input	15	357764	1011	8
S6011571	15	Port Input	14	357771	1018	1
S6011571	15	Port Input	15	359494	2741	1
S6011571	15	Port Input	14	359494	2741	9
S6011571	15	Port Input	15	359502	2749	1
S6011571	15	Port Input	14	359502	2750	8
S6011571	15	Port Input	15	359525	2773	1
S6011571	15	Port Input	14	359525	2773	1
S6011571	15	Port Input	15	359721	2968	8
S6011571	15	Port Input	14	373272	16520	8
S6011571	15	Response	100	373272	16520	8
S6011571	16	Port Input	15	373792	443	1
S6011571	16	Port Input	14	373792	443	1
S6011571	16	Port Input	15	373815	466	1
S6011571	16	Port Input	14	373815	466	1
S6011571	16	Port Input	15	373830	481	1
S6011571	16	Port Input	14	373830	481	8
S6011571	16	Port Input	15	375375	2025	8
S6011571	16	Port Input	14	375382	2033	1
S6011571	16	Port Input	15	375389	2040	1
S6011571	16	Port Input	14	375389	2040	1
S6011571	16	Port Input	15	375389	2040	1
S6011571	16	Port Input	14	375389	2040	1
S6011571	16	Port Input	15	375404	2055	1
S6011571	16	Port Input	14	375404	2055	1
S6011571	16	Port Input	15	375405	2056	8
S6011571	16	Port Input	14	375412	2063	1
S6011571	16	Port Input	15	375632	2283	8
S6011571	16	Port Input	14	388758	15409	8
S6011571	16	Response	100	388758	15409	8
