Scenario - Button
Logfile written - 07/13/2023 12:28:06

Subject	Trial	Event Type	Code	Time	TTime	Uncertainty	Duration	Uncertainty	ReqTime	ReqDur	Stim Type	Pair Index

S6012531	1	Picture	start	37	0	1	40554	1	0	next	other	0
S6012531	3	Picture	20	45105	0	1	13888	1	0	next	hit	4
S6012531	3	Port Input	14	58966	13861	1
S6012531	3	Response	22	58966	13861	1
S6012531	3	Port Input	15	58966	13861	1
S6012531	3	Port Input	14	58966	13862	1
S6012531	4	Picture	20	58993	0	1	12499	1	0	next	hit	44
S6012531	4	Port Input	15	62415	3422	1
S6012531	4	Port Input	14	62415	3422	1
S6012531	4	Port Input	15	62419	3426	1
S6012531	4	Port Input	14	62419	3426	1
S6012531	4	Port Input	15	62419	3426	1
S6012531	4	Port Input	14	62419	3426	1
S6012531	4	Port Input	15	62420	3427	1
S6012531	4	Port Input	14	62420	3427	1
S6012531	4	Port Input	15	62420	3427	1
S6012531	4	Port Input	14	62420	3427	1
S6012531	4	Port Input	15	62420	3427	1
S6012531	4	Port Input	14	62420	3427	1
S6012531	4	Port Input	15	62421	3428	1
S6012531	4	Port Input	14	62421	3428	1
S6012531	4	Port Input	15	62421	3428	1
S6012531	4	Port Input	14	62421	3428	1
S6012531	4	Port Input	15	62423	3429	1
S6012531	4	Port Input	14	62423	3430	1
S6012531	4	Port Input	15	62423	3430	1
S6012531	4	Port Input	14	62423	3430	1
S6012531	4	Port Input	15	62424	3431	1
S6012531	4	Port Input	14	62424	3431	1
S6012531	4	Port Input	15	62424	3431	1
S6012531	4	Port Input	14	62425	3431	1
S6012531	4	Port Input	15	62429	3436	1
S6012531	4	Port Input	14	62429	3436	1
S6012531	4	Port Input	15	62430	3437	1
S6012531	4	Port Input	14	62430	3437	1
S6012531	4	Port Input	15	62481	3488	1
S6012531	4	Port Input	14	62481	3488	1
S6012531	4	Port Input	15	62638	3644	1
S6012531	4	Port Input	14	62638	3644	1
S6012531	4	Port Input	15	62638	3645	1
S6012531	4	Port Input	14	62638	3645	1
S6012531	4	Port Input	15	62638	3645	1
S6012531	4	Port Input	14	71446	12453	1
S6012531	4	Response	22	71446	12453	1
S6012531	4	Port Input	15	71446	12453	1
S6012531	4	Port Input	14	71446	12453	1
S6012531	4	Port Input	15	71446	12453	2
S6012531	4	Port Input	14	71448	12455	3
S6012531	4	Port Input	15	71454	12461	1
S6012531	4	Port Input	14	71454	12461	1
S6012531	4	Port Input	15	71454	12461	1
S6012531	4	Port Input	14	71455	12461	1
S6012531	4	Port Input	15	71455	12462	1
S6012531	4	Port Input	14	71455	12462	1
S6012531	4	Port Input	15	71456	12463	1
S6012531	4	Port Input	14	71456	12463	1
S6012531	4	Port Input	15	71456	12463	1
S6012531	4	Port Input	14	71456	12463	1
S6012531	4	Port Input	15	71456	12463	1
S6012531	4	Port Input	14	71456	12463	1
S6012531	4	Port Input	15	71456	12463	1
S6012531	4	Port Input	14	71457	12464	1
S6012531	4	Port Input	15	71457	12464	1
S6012531	4	Port Input	14	71457	12464	1
S6012531	4	Port Input	15	71457	12464	1
S6012531	4	Port Input	14	71457	12464	1
S6012531	4	Port Input	15	71461	12468	1
S6012531	4	Port Input	14	71461	12468	1
S6012531	4	Port Input	15	71464	12471	1
S6012531	4	Port Input	14	71464	12471	1
S6012531	4	Port Input	15	71466	12473	1
S6012531	4	Port Input	14	71466	12473	1
S6012531	4	Port Input	15	71466	12473	1
S6012531	4	Port Input	14	71467	12473	1
S6012531	4	Port Input	15	71468	12475	1
S6012531	4	Port Input	14	71468	12475	1
S6012531	5	Picture	20	71493	0	1	11944	1	0	next	hit	82
S6012531	5	Port Input	15	74479	2987	1
S6012531	5	Port Input	14	74479	2987	1
S6012531	5	Port Input	15	74480	2987	1
S6012531	5	Port Input	14	83401	11909	1
S6012531	5	Response	22	83401	11909	1
S6012531	6	Picture	20	83437	0	1	12777	1	0	next	hit	90
S6012531	6	Port Input	15	86590	3153	1
S6012531	6	Port Input	14	86590	3153	1
S6012531	6	Port Input	15	86592	3156	1
S6012531	6	Port Input	14	86593	3156	1
S6012531	6	Port Input	15	86593	3156	1
S6012531	6	Port Input	14	96180	12744	1
S6012531	6	Response	22	96180	12744	1
S6012531	7	Picture	20	96214	0	1	11805	1	0	next	hit	96
S6012531	7	Port Input	15	99127	2913	1
S6012531	7	Port Input	14	99127	2914	1
S6012531	7	Port Input	15	99127	2914	1
S6012531	7	Port Input	14	107969	11755	1
S6012531	7	Response	22	107969	11755	1
S6012531	8	Picture	20	108019	0	1	12638	1	0	next	hit	116
S6012531	8	Port Input	15	110916	2897	1
S6012531	8	Port Input	14	110916	2897	1
S6012531	8	Port Input	15	110917	2898	1
S6012531	8	Port Input	14	110917	2898	1
S6012531	8	Port Input	15	110917	2898	1
S6012531	8	Port Input	14	110917	2898	1
S6012531	8	Port Input	15	110918	2899	1
S6012531	8	Port Input	14	110918	2899	1
S6012531	8	Port Input	15	110919	2900	1
S6012531	8	Port Input	14	110919	2900	1
S6012531	8	Port Input	15	110920	2901	1
S6012531	8	Port Input	14	110920	2901	1
S6012531	8	Port Input	15	110920	2901	1
S6012531	8	Port Input	14	110920	2901	1
S6012531	8	Port Input	15	110920	2901	1
S6012531	8	Port Input	14	110920	2901	1
S6012531	8	Port Input	15	110920	2902	1
S6012531	8	Port Input	14	120621	12602	1
S6012531	8	Response	22	120621	12602	1
S6012531	8	Port Input	15	120625	12606	1
S6012531	8	Port Input	14	120625	12606	1
S6012531	9	Picture	20	120657	0	1	11736	1	0	next	hit	122
S6012531	9	Port Input	15	122966	2308	1
S6012531	9	Port Input	14	132330	11672	1
S6012531	9	Response	22	132330	11672	1
S6012531	9	Port Input	15	132342	11685	1
S6012531	9	Port Input	14	132342	11685	1
S6012531	9	Port Input	15	132346	11689	1
S6012531	9	Port Input	14	132346	11689	1
S6012531	10	Picture	20	132393	0	1	11944	1	0	next	hit	132
S6012531	10	Port Input	15	134873	2481	1
S6012531	10	Port Input	14	134873	2481	1
S6012531	10	Port Input	15	135029	2636	1
S6012531	10	Port Input	14	144319	11926	1
S6012531	10	Response	22	144319	11926	1
S6012531	11	Picture	20	144337	0	1	12013	1	0	next	hit	146
S6012531	11	Port Input	15	147080	2743	1
S6012531	11	Port Input	14	147080	2743	1
S6012531	11	Port Input	15	147080	2743	1
S6012531	11	Port Input	14	147080	2743	1
S6012531	11	Port Input	15	147080	2743	1
S6012531	11	Port Input	14	147080	2743	1
S6012531	11	Port Input	15	147081	2744	1
S6012531	11	Port Input	14	147081	2744	1
S6012531	11	Port Input	15	147081	2744	1
S6012531	11	Port Input	14	147081	2744	1
S6012531	11	Port Input	15	147081	2744	1
S6012531	11	Port Input	14	156281	11944	1
S6012531	11	Response	22	156281	11944	1
S6012531	11	Port Input	15	156281	11944	1
S6012531	11	Port Input	14	156282	11945	6
S6012531	11	Port Input	15	156289	11952	1
S6012531	11	Port Input	14	156289	11953	1
S6012531	12	Picture	20	156350	0	1	11944	1	0	next	hit	160
S6012531	12	Port Input	15	158900	2550	1
S6012531	12	Port Input	14	158900	2550	1
S6012531	12	Port Input	15	158901	2551	1
S6012531	12	Port Input	14	158901	2551	1
S6012531	12	Port Input	15	158901	2551	1
S6012531	12	Port Input	14	158901	2551	1
S6012531	12	Port Input	15	158901	2551	1
S6012531	12	Port Input	14	168246	11895	1
S6012531	12	Response	22	168246	11895	1
S6012531	12	Port Input	15	168246	11895	1
S6012531	12	Port Input	14	168248	11898	3
S6012531	12	Port Input	15	168255	11904	1
S6012531	12	Port Input	14	168255	11904	1
S6012531	12	Port Input	15	168255	11905	1
S6012531	12	Port Input	14	168255	11905	1
S6012531	13	Picture	20	168294	0	1	11111	1	0	next	hit	198
S6012531	13	Port Input	15	170566	2272	1
S6012531	13	Port Input	14	170566	2272	1
S6012531	13	Port Input	15	170572	2278	1
S6012531	13	Port Input	14	170572	2278	1
S6012531	13	Port Input	15	170572	2278	1
S6012531	13	Port Input	14	170572	2278	1
S6012531	13	Port Input	15	170573	2278	1
S6012531	13	Port Input	14	170573	2278	1
S6012531	13	Port Input	15	170573	2279	1
S6012531	13	Port Input	14	170573	2279	1
S6012531	13	Port Input	15	170574	2279	1
S6012531	13	Port Input	14	170574	2279	1
S6012531	13	Port Input	15	170574	2280	1
S6012531	13	Port Input	14	170574	2280	1
S6012531	13	Port Input	15	170575	2281	1
S6012531	13	Port Input	14	170575	2281	1
S6012531	13	Port Input	15	170575	2281	1
S6012531	13	Port Input	14	170575	2281	1
S6012531	13	Port Input	15	170575	2281	1
S6012531	13	Port Input	14	170575	2281	1
S6012531	13	Port Input	15	170575	2281	1
S6012531	13	Port Input	14	170575	2281	1
S6012531	13	Port Input	15	170576	2282	1
S6012531	13	Port Input	14	170576	2282	1
S6012531	13	Port Input	15	170576	2282	1
S6012531	13	Port Input	14	170576	2282	1
S6012531	13	Port Input	15	170576	2282	1
S6012531	13	Port Input	14	170577	2282	1
S6012531	13	Port Input	15	170577	2283	1
S6012531	13	Port Input	14	179352	11058	1
S6012531	13	Response	22	179352	11058	1
S6012531	14	Picture	20	179405	0	1	11666	1	0	next	hit	208
S6012531	14	Port Input	15	182360	2955	1
S6012531	14	Port Input	14	182360	2955	1
S6012531	14	Port Input	15	182360	2955	1
S6012531	14	Port Input	14	182360	2955	1
S6012531	14	Port Input	15	182360	2955	1
S6012531	14	Port Input	14	182360	2955	1
S6012531	14	Port Input	15	182360	2956	1
S6012531	14	Port Input	14	191016	11611	1
S6012531	14	Response	22	191016	11611	1
S6012531	15	Picture	20	191071	0	1	12013	1	0	next	hit	220
S6012531	15	Port Input	15	193817	2746	1
S6012531	15	Port Input	14	193817	2746	1
S6012531	15	Port Input	15	193817	2746	1
S6012531	15	Port Input	14	193817	2746	1
S6012531	15	Port Input	15	193817	2746	1
S6012531	15	Port Input	14	193817	2746	1
S6012531	15	Port Input	15	193817	2746	1
S6012531	15	Port Input	14	193817	2746	1
S6012531	15	Port Input	15	193818	2747	1
S6012531	15	Port Input	14	203075	12004	1
S6012531	15	Response	22	203075	12004	1
S6012531	15	Port Input	15	203083	12012	1
S6012531	15	Port Input	14	203083	12012	1
S6012531	16	Picture	20	203084	0	1	12083	1	0	next	hit	238
S6012531	16	Port Input	15	203085	0	1
S6012531	16	Port Input	14	203085	0	1
S6012531	16	Port Input	15	203092	8	1
S6012531	16	Port Input	14	203092	8	1
S6012531	16	Port Input	15	205544	2459	1
S6012531	16	Port Input	14	205544	2459	1
S6012531	16	Port Input	15	205544	2460	1
S6012531	16	Port Input	14	205544	2460	1
S6012531	16	Port Input	15	205544	2460	1
S6012531	16	Port Input	14	205544	2460	1
S6012531	16	Port Input	15	205545	2460	1
S6012531	16	Port Input	14	205545	2460	1
S6012531	16	Port Input	15	205545	2460	1
S6012531	16	Port Input	14	215124	12040	1
S6012531	16	Response	22	215124	12040	1
S6012531	16	Port Input	15	215125	12040	1
S6012531	16	Port Input	14	215125	12040	1
S6012531	17	Picture	20	215167	0	1	10972	1	0	next	hit	252
S6012531	17	Port Input	15	217760	2593	1
S6012531	17	Port Input	14	217760	2593	1
S6012531	17	Port Input	15	217761	2594	1
S6012531	17	Port Input	14	217761	2594	1
S6012531	17	Port Input	15	217763	2596	1
S6012531	17	Port Input	14	217763	2596	1
S6012531	17	Port Input	15	217763	2596	1
S6012531	17	Port Input	14	217763	2596	1
S6012531	17	Port Input	15	217763	2596	1
S6012531	17	Port Input	14	226090	10923	1
S6012531	17	Response	22	226090	10923	1
S6012531	18	Picture	20	226139	0	1	12291	1	0	next	hit	258
S6012531	18	Port Input	15	228598	2459	1
S6012531	18	Port Input	14	228598	2459	1
S6012531	18	Port Input	15	228599	2460	1
S6012531	18	Port Input	14	238414	12275	1
S6012531	18	Response	22	238414	12275	1
S6012531	19	Picture	20	238430	0	1	10972	1	0	next	hit	264
S6012531	19	Port Input	15	240504	2073	1
S6012531	19	Port Input	14	240504	2073	1
S6012531	19	Port Input	15	240504	2074	1
S6012531	19	Port Input	14	249329	10899	1
S6012531	19	Response	22	249329	10899	1
S6012531	20	Picture	20	249402	0	1	12152	1	0	next	hit	278
S6012531	20	Port Input	15	252006	2604	1
S6012531	20	Port Input	14	252006	2604	1
S6012531	20	Port Input	15	252007	2605	1
S6012531	20	Port Input	14	252007	2605	1
S6012531	20	Port Input	15	252007	2605	1
S6012531	20	Port Input	14	252007	2606	1
S6012531	20	Port Input	15	252008	2606	1
S6012531	20	Port Input	14	252008	2606	1
S6012531	20	Port Input	15	252008	2606	1
S6012531	20	Port Input	14	252008	2606	1
S6012531	20	Port Input	15	252009	2607	1
S6012531	20	Port Input	14	261485	12083	1
S6012531	20	Response	22	261485	12083	1
S6012531	21	Picture	20	261554	0	1	10486	1	0	next	hit	282
S6012531	21	Port Input	15	264761	3206	1
S6012531	21	Port Input	14	271970	10416	1
S6012531	21	Response	22	271970	10416	1
S6012531	22	Picture	20	272040	0	1	10486	1	0	next	hit	314
S6012531	22	Port Input	15	275729	3689	1
S6012531	22	Port Input	14	275729	3689	1
S6012531	22	Port Input	15	275730	3690	1
S6012531	22	Port Input	14	275730	3690	1
S6012531	22	Port Input	15	275731	3691	1
S6012531	22	Port Input	14	275731	3691	1
S6012531	22	Port Input	15	275907	3868	1
S6012531	22	Port Input	14	275907	3868	1
S6012531	22	Port Input	15	275908	3868	1
S6012531	22	Port Input	14	275908	3868	1
S6012531	22	Port Input	15	275908	3868	1
S6012531	22	Port Input	14	275908	3868	1
S6012531	22	Port Input	15	275909	3869	1
S6012531	22	Port Input	14	275909	3869	1
S6012531	22	Port Input	15	275910	3870	1
S6012531	22	Port Input	14	275910	3870	1
S6012531	22	Port Input	15	275910	3870	1
S6012531	22	Port Input	14	275910	3870	1
S6012531	22	Port Input	15	275910	3870	1
S6012531	22	Port Input	14	275910	3870	1
S6012531	22	Port Input	15	275910	3871	1
S6012531	22	Port Input	14	275910	3871	1
S6012531	22	Port Input	15	275911	3871	1
S6012531	22	Port Input	14	275911	3871	1
S6012531	22	Port Input	15	275911	3871	1
S6012531	22	Port Input	14	275911	3872	1
S6012531	22	Port Input	15	275912	3872	1
S6012531	22	Port Input	14	275912	3872	1
S6012531	22	Port Input	15	275912	3872	1
S6012531	22	Port Input	14	282485	10446	1
S6012531	22	Response	22	282485	10446	1
S6012531	22	Port Input	15	282486	10446	1
S6012531	22	Port Input	14	282486	10446	1
S6012531	22	Port Input	15	282486	10446	1
S6012531	22	Port Input	14	282486	10446	1
S6012531	23	Picture	20	282526	0	1	14583	1	0	next	hit	338
S6012531	23	Port Input	15	282786	260	1
S6012531	23	Port Input	14	282786	260	1
S6012531	23	Port Input	15	282836	311	1
S6012531	23	Port Input	14	282836	311	1
S6012531	23	Port Input	15	282846	320	1
S6012531	23	Port Input	14	282846	320	1
S6012531	23	Port Input	15	282855	329	1
S6012531	23	Port Input	14	282855	329	1
S6012531	23	Port Input	15	282858	332	1
S6012531	23	Port Input	14	282858	332	1
S6012531	23	Port Input	15	282860	335	1
S6012531	23	Port Input	14	282860	335	1
S6012531	23	Port Input	15	282861	336	1
S6012531	23	Port Input	14	282861	336	1
S6012531	23	Port Input	15	282867	342	1
S6012531	23	Port Input	14	282867	342	1
S6012531	23	Port Input	15	285618	3092	1
S6012531	23	Port Input	14	297075	14550	1
S6012531	23	Response	22	297075	14550	1
S6012531	23	Port Input	15	297077	14551	5
S6012531	23	Port Input	14	297085	14560	1
S6012531	23	Port Input	15	297085	14560	1
S6012531	23	Port Input	14	297086	14560	1
S6012531	23	Port Input	15	297086	14561	1
S6012531	23	Port Input	14	297086	14561	1
S6012531	23	Port Input	15	297087	14562	1
S6012531	23	Port Input	14	297087	14562	1
S6012531	23	Port Input	15	297088	14562	1
S6012531	23	Port Input	14	297088	14562	1
S6012531	24	Picture	20	297108	0	1	11041	1	0	next	hit	352
S6012531	24	Port Input	15	299077	1969	1
S6012531	24	Port Input	14	308090	10981	1
S6012531	24	Response	22	308090	10981	1
S6012531	25	Picture	20	308150	0	1	14722	1	0	next	hit	356
S6012531	25	Port Input	15	309899	1749	1
S6012531	25	Port Input	14	322836	14687	1
S6012531	25	Response	22	322836	14687	1
S6012531	25	Port Input	15	322837	14687	1
S6012531	25	Port Input	14	322837	14687	1
S6012531	26	Picture	20	322871	0	1	24860	1	0	next	hit	368
S6012531	26	Port Input	15	324969	2098	1
S6012531	26	Port Input	14	324969	2098	1
S6012531	26	Port Input	15	324969	2098	1
S6012531	26	Port Input	14	324970	2098	1
S6012531	26	Port Input	15	324971	2100	1
S6012531	26	Port Input	14	324971	2100	1
S6012531	26	Port Input	15	324971	2100	1
S6012531	26	Port Input	14	347714	24842	1
S6012531	26	Response	22	347714	24842	1
S6012531	27	Picture	20	347731	0	1	16805	1	0	next	hit	374
S6012531	27	Port Input	15	350351	2620	1
S6012531	27	Port Input	14	350351	2620	1
S6012531	27	Port Input	15	350351	2620	1
S6012531	27	Port Input	14	364476	16744	1
S6012531	27	Response	22	364476	16744	1
S6012531	28	Picture	20	364536	0	1	12083	1	0	next	hit	388
S6012531	28	Port Input	15	366501	1964	1
S6012531	28	Port Input	14	366501	1964	1
S6012531	28	Port Input	15	367064	2528	1
S6012531	28	Port Input	14	367064	2528	1
S6012531	28	Port Input	15	367064	2528	1
S6012531	28	Port Input	14	367064	2528	1
S6012531	28	Port Input	15	367064	2528	1
S6012531	28	Port Input	14	367065	2529	1
S6012531	28	Port Input	15	367065	2529	1
S6012531	28	Port Input	14	367065	2529	1
S6012531	28	Port Input	15	367065	2529	1
S6012531	28	Port Input	14	376547	12011	1
S6012531	28	Response	22	376547	12011	1
S6012531	28	Port Input	15	376547	12011	1
S6012531	28	Port Input	14	376547	12011	2
S6012531	29	Picture	20	376619	0	1	10138	1	0	next	hit	396
S6012531	29	Port Input	15	378918	2299	1
S6012531	29	Port Input	14	378918	2299	1
S6012531	29	Port Input	15	378925	2306	1
S6012531	29	Port Input	14	386693	10074	1
S6012531	29	Response	22	386693	10074	1
S6012531	29	Port Input	15	386693	10074	1
S6012531	29	Port Input	14	386694	10075	5
S6012531	30	Picture	20	386757	0	1	8819	1	0	next	hit	404
S6012531	30	Port Input	15	388799	2041	1
S6012531	30	Port Input	14	388799	2041	1
S6012531	30	Port Input	15	388799	2042	1
S6012531	30	Port Input	14	395538	8781	1
S6012531	30	Response	22	395538	8781	1
S6012531	31	Picture	20	395577	0	1	10347	1	0	next	hit	410
S6012531	31	Port Input	15	397987	2410	1
S6012531	31	Port Input	14	397987	2410	1
S6012531	31	Port Input	15	397987	2410	1
S6012531	31	Port Input	14	405883	10306	1
S6012531	31	Response	22	405883	10306	1
S6012531	31	Port Input	15	405883	10306	1
S6012531	31	Port Input	14	405883	10306	1
S6012531	32	Picture	20	405923	0	1	9722	1	0	next	hit	420
S6012531	32	Port Input	15	408286	2363	1
S6012531	32	Port Input	14	408286	2363	1
S6012531	32	Port Input	15	408286	2363	1
S6012531	32	Port Input	14	408287	2363	1
S6012531	32	Port Input	15	408287	2363	1
S6012531	32	Port Input	14	415602	9679	1
S6012531	32	Response	22	415602	9679	1
S6012531	32	Port Input	15	415602	9679	1
S6012531	32	Port Input	14	415603	9680	6
S6012531	32	Port Input	15	415613	9689	1
S6012531	32	Port Input	14	415613	9689	1
S6012531	32	Port Input	15	415613	9689	1
S6012531	32	Port Input	14	415613	9690	1
S6012531	32	Port Input	15	415613	9690	1
S6012531	32	Port Input	14	415613	9690	1
S6012531	32	Port Input	15	415614	9691	1
S6012531	32	Port Input	14	415614	9691	1
S6012531	32	Port Input	15	415616	9693	1
S6012531	32	Port Input	14	415616	9693	1
S6012531	32	Port Input	15	415617	9693	1
S6012531	32	Port Input	14	415617	9693	1
S6012531	32	Port Input	15	415617	9694	1
S6012531	32	Port Input	14	415617	9694	1
S6012531	32	Port Input	15	415618	9695	1
S6012531	32	Port Input	14	415618	9695	1
S6012531	32	Port Input	15	415619	9696	1
S6012531	32	Port Input	14	415619	9696	1
S6012531	33	Picture	20	415645	0	1	14583	1	0	next	hit	486
S6012531	33	Port Input	15	417678	2033	1
S6012531	33	Port Input	14	417678	2033	1
S6012531	33	Port Input	15	417679	2034	1
S6012531	33	Port Input	14	417679	2034	1
S6012531	33	Port Input	15	417681	2036	1
S6012531	33	Port Input	14	417681	2036	1
S6012531	33	Port Input	15	417681	2036	1
S6012531	33	Port Input	14	417681	2036	1
S6012531	33	Port Input	15	417682	2036	1
S6012531	33	Port Input	14	417682	2036	1
S6012531	33	Port Input	15	417682	2037	1
S6012531	33	Port Input	14	417682	2037	1
S6012531	33	Port Input	15	417682	2037	1
S6012531	33	Port Input	14	417682	2037	1
S6012531	33	Port Input	15	417682	2037	1
S6012531	33	Port Input	14	417682	2037	1
S6012531	33	Port Input	15	417683	2038	1
S6012531	33	Port Input	14	417683	2038	1
S6012531	33	Port Input	15	417683	2038	1
S6012531	33	Port Input	14	417683	2038	1
S6012531	33	Port Input	15	417684	2039	1
S6012531	33	Port Input	14	417684	2039	1
S6012531	33	Port Input	15	417684	2039	1
S6012531	33	Port Input	14	417684	2039	1
S6012531	33	Port Input	15	417685	2040	1
S6012531	33	Port Input	14	417685	2040	1
S6012531	33	Port Input	15	417685	2040	1
S6012531	33	Port Input	14	417685	2040	1
S6012531	33	Port Input	15	417685	2040	1
S6012531	33	Port Input	14	417685	2040	1
S6012531	33	Port Input	15	417685	2040	1
S6012531	33	Port Input	14	417685	2040	1
S6012531	33	Port Input	15	417686	2041	1
S6012531	33	Port Input	14	417686	2041	1
S6012531	33	Port Input	15	417686	2041	1
S6012531	33	Port Input	14	417686	2041	1
S6012531	33	Port Input	15	417687	2042	1
S6012531	33	Port Input	14	417687	2042	1
S6012531	33	Port Input	15	417687	2042	1
S6012531	33	Port Input	14	417687	2042	1
S6012531	33	Port Input	15	417688	2043	1
S6012531	33	Port Input	14	417688	2043	1
S6012531	33	Port Input	15	417688	2043	1
S6012531	33	Port Input	14	430206	14561	1
S6012531	33	Response	22	430206	14561	1
S6012531	33	Port Input	15	430206	14561	1
S6012531	33	Port Input	14	430206	14561	1
S6012531	33	Port Input	15	430206	14561	1
S6012531	33	Port Input	14	430207	14561	1
S6012531	33	Port Input	15	430214	14569	1
S6012531	33	Port Input	14	430214	14569	1
S6012531	33	Port Input	15	430221	14576	1
S6012531	33	Port Input	14	430221	14576	1
S6012531	34	Picture	20	430228	0	1	10486	1	0	next	hit	498
S6012531	34	Port Input	15	432212	1984	1
S6012531	34	Port Input	14	440658	10430	1
S6012531	34	Response	22	440658	10430	1
S6012531	34	Port Input	15	440658	10430	1
S6012531	34	Port Input	14	440666	10438	1
S6012531	34	Port Input	15	440666	10439	1
S6012531	34	Port Input	14	440666	10439	1
S6012531	34	Port Input	15	440667	10439	1
S6012531	34	Port Input	14	440667	10439	1
S6012531	34	Port Input	15	440667	10439	1
S6012531	34	Port Input	14	440668	10440	1
S6012531	34	Port Input	15	440668	10440	1
S6012531	34	Port Input	14	440668	10441	1
S6012531	34	Port Input	15	440670	10442	1
S6012531	34	Port Input	14	440670	10442	1
S6012531	34	Port Input	15	440670	10442	1
S6012531	34	Port Input	14	440670	10442	1
S6012531	34	Port Input	15	440673	10445	1
S6012531	34	Port Input	14	440673	10445	1
S6012531	35	Picture	20	440714	0	1	12708	1	0	next	hit	522
S6012531	35	Port Input	15	442440	1726	1
S6012531	35	Port Input	14	442440	1726	1
S6012531	35	Port Input	15	442440	1726	1
S6012531	35	Port Input	14	442440	1726	1
S6012531	35	Port Input	15	442440	1726	1
S6012531	35	Port Input	14	453404	12691	1
S6012531	35	Response	22	453404	12691	1
S6012531	36	Picture	20	453421	0	1	9444	1	0	next	hit	528
S6012531	36	Port Input	15	455575	2154	1
S6012531	36	Port Input	14	455575	2154	1
S6012531	36	Port Input	15	455576	2154	1
S6012531	36	Port Input	14	462836	9415	1
S6012531	36	Response	22	462836	9415	1
S6012531	36	Port Input	15	462836	9415	1
S6012531	36	Port Input	14	462849	9428	1
S6012531	36	Port Input	15	462849	9428	1
S6012531	36	Port Input	14	462849	9428	1
S6012531	36	Port Input	15	462850	9428	1
S6012531	36	Port Input	14	462853	9431	1
S6012531	36	Port Input	15	462853	9432	1
S6012531	36	Port Input	14	462853	9432	1
S6012531	36	Port Input	15	462854	9432	1
S6012531	36	Port Input	14	462855	9433	1
S6012531	36	Port Input	15	462855	9434	1
S6012531	36	Port Input	14	462856	9434	1
S6012531	36	Port Input	15	462856	9435	1
S6012531	36	Port Input	14	462856	9435	1
S6012531	36	Port Input	15	462857	9436	1
S6012531	36	Port Input	14	462857	9436	1
S6012531	36	Port Input	15	462858	9436	1
S6012531	36	Port Input	14	462858	9436	1
S6012531	36	Port Input	15	462860	9438	1
S6012531	36	Port Input	14	462860	9438	1
S6012531	36	Port Input	15	462860	9439	1
S6012531	36	Port Input	14	462860	9439	1
S6012531	36	Port Input	15	462862	9441	1
S6012531	36	Port Input	14	462863	9441	1
S6012531	37	Picture	20	462865	0	1	12916	1	0	next	hit	556
S6012531	37	Port Input	15	464925	2060	1
S6012531	37	Port Input	14	475729	12864	1
S6012531	37	Response	22	475729	12864	1
S6012531	38	Picture	20	475782	0	1	9861	1	0	next	hit	560
S6012531	38	Port Input	15	478017	2235	1
S6012531	38	Port Input	14	485580	9798	1
S6012531	38	Response	22	485580	9798	1
S6012531	38	Port Input	15	485580	9798	1
S6012531	38	Port Input	14	485580	9799	1
S6012531	39	Picture	20	485642	0	1	10000	1	0	next	hit	572
S6012531	39	Port Input	15	487517	1875	1
S6012531	39	Port Input	14	487517	1875	1
S6012531	39	Port Input	15	487517	1875	1
S6012531	39	Port Input	14	487517	1875	1
S6012531	39	Port Input	15	487518	1876	1
S6012531	39	Port Input	14	487518	1876	1
S6012531	39	Port Input	15	487518	1876	1
S6012531	39	Port Input	14	495604	9962	1
S6012531	39	Response	22	495604	9962	1
S6012531	40	Picture	20	495642	0	1	10833	1	0	next	hit	576
S6012531	40	Port Input	15	497086	1444	1
S6012531	40	Port Input	14	506408	10766	1
S6012531	40	Response	22	506408	10766	1
S6012531	41	Picture	20	506475	0	1	11111	1	0	next	hit	586
S6012531	41	Port Input	15	508060	1585	1
S6012531	41	Port Input	14	508060	1585	1
S6012531	41	Port Input	15	508060	1585	1
S6012531	41	Port Input	14	508060	1585	1
S6012531	41	Port Input	15	508060	1585	1
S6012531	41	Port Input	14	508060	1585	1
S6012531	41	Port Input	15	508060	1586	1
S6012531	41	Port Input	14	517573	11099	1
S6012531	41	Response	22	517573	11099	1
S6012531	41	Port Input	15	517574	11100	3
S6012531	41	Port Input	14	517580	11105	1
S6012531	42	Picture	20	517585	0	1	8402	1	0	next	hit	608
S6012531	42	Port Input	15	518583	998	1
S6012531	42	Port Input	14	518583	998	1
S6012531	42	Port Input	15	518584	999	1
S6012531	42	Port Input	14	518584	999	1
S6012531	42	Port Input	15	518584	999	1
S6012531	42	Port Input	14	518584	999	1
S6012531	42	Port Input	15	518588	1002	1
S6012531	42	Port Input	14	518588	1002	1
S6012531	42	Port Input	15	518589	1004	1
S6012531	42	Port Input	14	518589	1004	1
S6012531	42	Port Input	15	518589	1004	1
S6012531	42	Port Input	14	518589	1004	1
S6012531	42	Port Input	15	518590	1004	1
S6012531	42	Port Input	14	518590	1004	1
S6012531	42	Port Input	15	518590	1005	1
S6012531	42	Port Input	14	518590	1005	1
S6012531	42	Port Input	15	518590	1005	1
S6012531	42	Port Input	14	525920	8334	1
S6012531	42	Response	22	525920	8334	1
S6012531	42	Port Input	15	525921	8335	7
S6012531	42	Port Input	14	525931	8345	1
S6012531	42	Port Input	15	525931	8346	1
S6012531	42	Port Input	14	525931	8346	1
S6012531	42	Port Input	15	525931	8346	1
S6012531	42	Port Input	14	525932	8346	1
S6012531	42	Port Input	15	525932	8347	1
S6012531	42	Port Input	14	525932	8347	1
S6012531	42	Port Input	15	525932	8347	1
S6012531	42	Port Input	14	525933	8347	1
S6012531	42	Port Input	15	525933	8348	1
S6012531	42	Port Input	14	525933	8348	1
S6012531	42	Port Input	15	525935	8349	1
S6012531	42	Port Input	14	525935	8350	1
S6012531	42	Port Input	15	525935	8350	1
S6012531	42	Port Input	14	525935	8350	1
S6012531	42	Port Input	15	525936	8351	1
S6012531	42	Port Input	14	525936	8351	1
S6012531	42	Port Input	15	525936	8351	1
S6012531	42	Port Input	14	525936	8351	1
S6012531	42	Port Input	15	525937	8352	1
S6012531	42	Port Input	14	525937	8352	1
S6012531	42	Port Input	15	525937	8352	1
S6012531	42	Port Input	14	525937	8352	1
S6012531	42	Port Input	15	525940	8354	1
S6012531	42	Port Input	14	525940	8354	1
S6012531	43	Picture	20	525988	0	1	11666	1	0	next	hit	644
S6012531	43	Port Input	15	526827	839	1
S6012531	43	Port Input	14	526827	839	1
S6012531	43	Port Input	15	526827	839	1
S6012531	43	Port Input	14	526827	839	1
S6012531	43	Port Input	15	526827	840	1
S6012531	43	Port Input	14	526827	840	1
S6012531	43	Port Input	15	526828	841	1
S6012531	43	Port Input	14	537604	11616	1
S6012531	43	Response	22	537604	11616	1
S6012531	43	Port Input	15	537604	11616	1
S6012531	43	Port Input	14	537604	11616	1
S6012531	44	Picture	20	537654	0	1	9791	1	0	next	hit	654
S6012531	44	Port Input	15	539283	1629	1
S6012531	44	Port Input	14	539283	1629	1
S6012531	44	Port Input	15	539283	1629	1
S6012531	44	Port Input	14	539283	1629	1
S6012531	44	Port Input	15	539284	1630	1
S6012531	44	Port Input	14	547392	9738	1
S6012531	44	Response	22	547392	9738	1
S6012531	44	Port Input	15	547392	9738	1
S6012531	44	Port Input	14	547393	9739	1
S6012531	44	Port Input	15	547394	9740	3
S6012531	44	Port Input	14	547397	9743	1
S6012531	44	Port Input	15	547398	9744	1
S6012531	44	Port Input	14	547401	9747	1
S6012531	44	Port Input	15	547401	9747	1
S6012531	44	Port Input	14	547402	9748	1
S6012531	44	Port Input	15	547403	9749	1
S6012531	44	Port Input	14	547403	9749	1
S6012531	44	Port Input	15	547406	9752	1
S6012531	44	Port Input	14	547406	9752	1
S6012531	44	Port Input	15	547406	9752	1
S6012531	44	Port Input	14	547406	9752	1
S6012531	44	Port Input	15	547407	9753	1
S6012531	44	Port Input	14	547408	9754	1
S6012531	44	Port Input	15	547408	9754	1
S6012531	44	Port Input	14	547408	9754	1
S6012531	44	Port Input	15	547409	9755	1
S6012531	44	Port Input	14	547409	9755	1
S6012531	44	Port Input	15	547409	9755	1
S6012531	44	Port Input	14	547409	9755	1
S6012531	44	Port Input	15	547410	9756	1
S6012531	44	Port Input	14	547410	9756	1
S6012531	44	Port Input	15	547410	9756	1
S6012531	44	Port Input	14	547411	9757	1
S6012531	44	Port Input	15	547413	9759	1
S6012531	44	Port Input	14	547413	9759	1
S6012531	45	Picture	20	547445	0	1	11458	1	0	next	hit	712
S6012531	45	Port Input	15	548895	1450	1
S6012531	45	Port Input	14	548895	1450	1
S6012531	45	Port Input	15	548895	1450	1
S6012531	45	Port Input	14	548895	1450	1
S6012531	45	Port Input	15	548895	1450	1
S6012531	45	Port Input	14	548895	1450	1
S6012531	45	Port Input	15	548895	1450	1
S6012531	45	Port Input	14	548896	1450	1
S6012531	45	Port Input	15	548896	1450	1
S6012531	45	Port Input	14	548896	1450	1
S6012531	45	Port Input	15	548897	1452	1
S6012531	45	Port Input	14	548897	1452	1
S6012531	45	Port Input	15	548897	1452	1
S6012531	45	Port Input	14	548897	1452	1
S6012531	45	Port Input	15	548897	1452	1
S6012531	45	Port Input	14	548898	1452	1
S6012531	45	Port Input	15	548898	1453	1
S6012531	45	Port Input	14	548898	1453	1
S6012531	45	Port Input	15	548898	1453	1
S6012531	45	Port Input	14	548898	1453	1
S6012531	45	Port Input	15	548899	1454	1
S6012531	45	Port Input	14	548899	1454	1
S6012531	45	Port Input	15	548900	1454	1
S6012531	45	Port Input	14	548900	1454	1
S6012531	45	Port Input	15	548903	1458	1
S6012531	45	Port Input	14	548903	1458	1
S6012531	45	Port Input	15	548903	1458	1
S6012531	45	Port Input	14	558886	11441	1
S6012531	45	Response	22	558886	11441	1
S6012531	46	Picture	20	558903	0	1	9791	1	0	next	hit	720
S6012531	46	Port Input	15	560340	1437	1
S6012531	46	Port Input	14	560340	1437	1
S6012531	46	Port Input	15	560341	1438	1
S6012531	46	Port Input	14	560341	1438	1
S6012531	46	Port Input	15	560341	1438	1
S6012531	46	Port Input	14	568686	9783	1
S6012531	46	Response	22	568686	9783	1
S6012531	46	Port Input	15	568686	9783	1
S6012531	46	Port Input	14	568686	9783	1
S6012531	47	Picture	20	568694	0	1	10416	1	0	next	hit	728
S6012531	47	Port Input	15	570279	1585	1
S6012531	47	Port Input	14	570279	1585	1
S6012531	47	Port Input	15	570279	1585	1
S6012531	47	Port Input	14	579102	10408	1
S6012531	47	Response	22	579102	10408	1
S6012531	47	Port Input	15	579103	10408	1
S6012531	47	Port Input	14	579103	10409	5
S6012531	48	Picture	20	579111	0	1	10277	1	0	next	hit	734
S6012531	48	Port Input	15	580761	1650	1
S6012531	48	Port Input	14	589345	10235	1
S6012531	48	Response	22	589345	10235	1
S6012531	48	Port Input	15	589352	10241	1
S6012531	48	Port Input	14	589352	10241	1
S6012531	49	Picture	20	589388	0	1	10763	1	0	next	hit	746
S6012531	49	Port Input	15	591553	2165	1
S6012531	49	Port Input	14	591553	2166	1
S6012531	49	Port Input	15	591554	2166	1
S6012531	49	Port Input	14	591554	2166	1
S6012531	49	Port Input	15	591554	2166	1
S6012531	49	Port Input	14	591554	2166	1
S6012531	49	Port Input	15	591554	2167	1
S6012531	49	Port Input	14	600086	10698	1
S6012531	49	Response	22	600086	10698	1
S6012531	50	Picture	20	600151	0	1	9861	1	0	next	hit	752
S6012531	50	Port Input	15	601799	1648	1
S6012531	50	Port Input	14	601799	1648	1
S6012531	50	Port Input	15	601799	1648	1
S6012531	50	Port Input	14	609957	9806	1
S6012531	50	Response	22	609957	9806	1
S6012531	50	Port Input	15	609957	9806	1
S6012531	50	Port Input	14	609959	9807	3
S6012531	50	Port Input	15	609962	9811	1
S6012531	50	Port Input	14	609962	9811	1
S6012531	50	Port Input	15	609963	9811	1
S6012531	50	Port Input	14	609963	9811	1
S6012531	50	Port Input	15	609964	9813	1
S6012531	50	Port Input	14	609964	9813	1
S6012531	50	Port Input	15	609965	9813	1
S6012531	50	Port Input	14	609965	9814	1
S6012531	50	Port Input	15	609966	9814	1
S6012531	50	Port Input	14	609966	9814	1
S6012531	50	Port Input	15	609968	9817	1
S6012531	50	Port Input	14	609968	9817	1
S6012531	50	Port Input	15	609969	9818	1
S6012531	50	Port Input	14	609969	9818	1
S6012531	50	Port Input	15	609970	9818	1
S6012531	50	Port Input	14	609970	9818	1
S6012531	50	Port Input	15	609970	9819	1
S6012531	50	Port Input	14	609970	9819	1
S6012531	50	Port Input	15	609970	9819	1
S6012531	50	Port Input	14	609970	9819	1
S6012531	50	Port Input	15	609976	9825	1
S6012531	50	Port Input	14	609977	9825	1
S6012531	50	Port Input	15	609980	9828	1
S6012531	50	Port Input	14	609980	9828	1
S6012531	51	Picture	20	610012	0	1	11388	1	0	next	hit	858
S6012531	51	Port Input	15	612109	2097	1
S6012531	51	Port Input	14	612109	2097	1
S6012531	51	Port Input	15	612110	2098	1
S6012531	51	Port Input	14	612110	2098	1
S6012531	51	Port Input	15	612110	2098	1
S6012531	51	Port Input	14	612110	2098	1
S6012531	51	Port Input	15	612110	2098	1
S6012531	51	Port Input	14	612110	2098	1
S6012531	51	Port Input	15	612111	2098	1
S6012531	51	Port Input	14	612111	2098	1
S6012531	51	Port Input	15	612111	2099	1
S6012531	51	Port Input	14	612111	2099	1
S6012531	51	Port Input	15	612111	2099	1
S6012531	51	Port Input	14	612111	2099	1
S6012531	51	Port Input	15	612111	2099	1
S6012531	51	Port Input	14	612111	2099	1
S6012531	51	Port Input	15	612111	2099	1
S6012531	51	Port Input	14	612111	2099	1
S6012531	51	Port Input	15	612112	2100	1
S6012531	51	Port Input	14	612112	2100	1
S6012531	51	Port Input	15	612113	2100	1
S6012531	51	Port Input	14	612113	2100	1
S6012531	51	Port Input	15	612113	2101	1
S6012531	51	Port Input	14	612113	2101	1
S6012531	51	Port Input	15	612114	2102	1
S6012531	51	Port Input	14	612114	2102	1
S6012531	51	Port Input	15	612115	2103	1
S6012531	51	Port Input	14	612115	2103	1
S6012531	51	Port Input	15	612115	2103	1
S6012531	51	Port Input	14	612115	2103	1
S6012531	51	Port Input	15	612115	2103	1
S6012531	51	Port Input	14	612115	2103	1
S6012531	51	Port Input	15	612121	2109	1
S6012531	51	Port Input	14	612121	2109	1
S6012531	51	Port Input	15	612121	2109	1
S6012531	51	Port Input	14	612121	2109	1
S6012531	51	Port Input	15	612122	2109	1
S6012531	51	Port Input	14	612122	2109	1
S6012531	51	Port Input	15	612122	2110	1
S6012531	51	Port Input	14	612122	2110	1
S6012531	51	Port Input	15	612123	2111	1
S6012531	51	Port Input	14	612123	2111	1
S6012531	51	Port Input	15	612124	2112	1
S6012531	51	Port Input	14	612124	2112	1
S6012531	51	Port Input	15	612124	2112	1
S6012531	51	Port Input	14	612124	2112	1
S6012531	51	Port Input	15	612125	2112	1
S6012531	51	Port Input	14	612125	2112	1
S6012531	51	Port Input	15	612125	2113	1
S6012531	51	Port Input	14	612125	2113	1
S6012531	51	Port Input	15	612125	2113	1
S6012531	51	Port Input	14	612125	2113	1
S6012531	51	Port Input	15	612126	2114	1
S6012531	51	Port Input	14	612126	2114	1
S6012531	51	Port Input	15	612126	2114	1
S6012531	51	Port Input	14	612126	2114	1
S6012531	51	Port Input	15	612126	2114	1
S6012531	51	Port Input	14	612126	2114	1
S6012531	51	Port Input	15	612126	2114	1
S6012531	51	Port Input	14	612126	2114	1
S6012531	51	Port Input	15	612127	2115	1
S6012531	51	Port Input	14	612127	2115	1
S6012531	51	Port Input	15	612148	2136	1
S6012531	51	Port Input	14	612148	2136	1
S6012531	51	Port Input	15	612148	2136	1
S6012531	51	Port Input	14	612148	2136	1
S6012531	51	Port Input	15	612148	2136	1
S6012531	51	Port Input	14	612148	2136	1
S6012531	51	Port Input	15	612149	2137	1
S6012531	51	Port Input	14	612149	2137	1
S6012531	51	Port Input	15	612149	2137	1
S6012531	51	Port Input	14	612149	2137	1
S6012531	51	Port Input	15	612149	2137	1
S6012531	51	Port Input	14	612149	2137	1
S6012531	51	Port Input	15	612149	2137	1
S6012531	51	Port Input	14	612149	2137	1
S6012531	51	Port Input	15	612149	2137	1
S6012531	51	Port Input	14	621352	11339	1
S6012531	51	Response	22	621352	11339	1
S6012531	52	Picture	20	621401	0	1	10625	1	0	next	hit	884
S6012531	52	Port Input	15	622877	1477	1
S6012531	52	Port Input	14	622877	1477	1
S6012531	52	Port Input	15	622877	1477	1
S6012531	52	Port Input	14	622877	1477	1
S6012531	52	Port Input	15	622878	1477	1
S6012531	52	Port Input	14	622878	1477	1
S6012531	52	Port Input	15	622878	1477	1
S6012531	52	Port Input	14	622878	1477	1
S6012531	52	Port Input	15	622878	1477	1
S6012531	52	Port Input	14	622878	1477	1
S6012531	52	Port Input	15	622878	1478	1
S6012531	52	Port Input	14	622878	1478	1
S6012531	52	Port Input	15	622878	1478	1
S6012531	52	Port Input	14	622878	1478	1
S6012531	52	Port Input	15	622879	1478	1
S6012531	52	Port Input	14	622879	1478	1
S6012531	52	Port Input	15	622879	1479	1
S6012531	52	Port Input	14	622879	1479	1
S6012531	52	Port Input	15	622879	1479	1
S6012531	52	Port Input	14	622879	1479	1
S6012531	52	Port Input	15	622880	1479	1
S6012531	52	Port Input	14	622880	1479	1
S6012531	52	Port Input	15	622880	1479	1
S6012531	52	Port Input	14	631968	10568	1
S6012531	52	Response	22	631968	10568	1
S6012531	52	Port Input	15	631969	10568	1
S6012531	52	Port Input	14	631969	10568	1
S6012531	53	Picture	20	632025	0	1	11250	1	0	next	hit	894
S6012531	53	Port Input	15	634263	2238	1
S6012531	53	Port Input	14	634263	2238	1
S6012531	53	Port Input	15	634263	2238	1
S6012531	53	Port Input	14	634263	2238	1
S6012531	53	Port Input	15	634263	2238	1
S6012531	53	Port Input	14	643243	11218	1
S6012531	53	Response	22	643243	11218	1
S6012531	53	Port Input	15	643243	11218	1
S6012531	53	Port Input	14	643243	11218	1
S6012531	53	Port Input	15	643244	11219	4
S6012531	53	Port Input	14	643247	11222	1
S6012531	53	Port Input	15	643248	11223	1
S6012531	53	Port Input	14	643248	11223	1
S6012531	53	Port Input	15	643249	11224	1
S6012531	53	Port Input	14	643249	11224	1
S6012531	53	Port Input	15	643249	11224	1
S6012531	53	Port Input	14	643249	11224	1
S6012531	53	Port Input	15	643250	11225	1
S6012531	53	Port Input	14	643250	11225	1
S6012531	53	Port Input	15	643251	11226	1
S6012531	53	Port Input	14	643251	11226	1
S6012531	53	Port Input	15	643251	11226	1
S6012531	53	Port Input	14	643251	11226	1
S6012531	53	Port Input	15	643252	11226	1
S6012531	53	Port Input	14	643252	11227	1
S6012531	53	Port Input	15	643253	11228	1
S6012531	53	Port Input	14	643253	11228	1
S6012531	54	Picture	20	643275	0	1	8889	1	0	next	hit	918
S6012531	54	Port Input	15	644786	1511	1
S6012531	54	Port Input	14	652130	8855	1
S6012531	54	Response	22	652130	8855	1
S6012531	55	Picture	20	652163	0	1	10624	1	0	next	hit	922
S6012531	55	Port Input	15	654395	2231	1
S6012531	55	Port Input	14	662743	10580	1
S6012531	55	Response	22	662743	10580	1
S6012531	56	Picture	20	662788	0	1	10902	1	0	next	hit	938
S6012531	56	Port Input	15	664713	1925	1
S6012531	56	Port Input	14	664713	1925	1
S6012531	56	Port Input	15	664714	1927	1
S6012531	56	Port Input	14	664715	1927	1
S6012531	56	Port Input	15	664716	1928	1
S6012531	56	Port Input	14	664716	1928	1
S6012531	56	Port Input	15	664716	1928	1
S6012531	56	Port Input	14	664716	1928	1
S6012531	56	Port Input	15	664716	1929	1
S6012531	56	Port Input	14	664716	1929	1
S6012531	56	Port Input	15	664717	1929	1
S6012531	56	Port Input	14	664717	1929	1
S6012531	56	Port Input	15	664717	1929	1
S6012531	56	Port Input	14	673674	10887	1
S6012531	56	Response	22	673674	10887	1
S6012531	56	Port Input	15	673674	10887	1
S6012531	56	Port Input	14	673675	10887	2
S6012531	57	Picture	20	673690	0	1	10972	1	0	next	hit	944
S6012531	57	Port Input	15	675266	1575	1
S6012531	57	Port Input	14	684628	10938	1
S6012531	57	Response	22	684628	10938	1
S6012531	58	Picture	20	684662	0	1	9583	1	0	next	hit	948
S6012531	58	Port Input	15	686559	1897	1
S6012531	58	Port Input	14	694189	9527	1
S6012531	58	Response	22	694189	9527	1
S6012531	58	Port Input	15	694189	9528	1
S6012531	58	Port Input	14	694190	9528	4
S6012531	59	Picture	20	694245	0	1	10069	1	0	next	hit	960
S6012531	59	Port Input	15	696360	2116	1
S6012531	59	Port Input	14	696360	2116	1
S6012531	59	Port Input	15	696361	2116	1
S6012531	59	Port Input	14	696361	2116	1
S6012531	59	Port Input	15	696361	2116	1
S6012531	59	Port Input	14	696361	2116	1
S6012531	59	Port Input	15	696361	2116	1
S6012531	59	Port Input	14	704256	10011	1
S6012531	59	Response	22	704256	10011	1
S6012531	59	Port Input	15	704256	10011	1
S6012531	59	Port Input	14	704256	10012	1
S6012531	59	Port Input	15	704257	10012	6
S6012531	59	Port Input	14	704263	10018	1
S6012531	59	Port Input	15	704264	10019	1
S6012531	59	Port Input	14	704264	10019	1
S6012531	59	Port Input	15	704265	10020	1
S6012531	59	Port Input	14	704265	10020	1
S6012531	59	Port Input	15	704265	10020	1
S6012531	59	Port Input	14	704267	10022	1
S6012531	59	Port Input	15	704267	10023	1
S6012531	59	Port Input	14	704268	10023	1
S6012531	60	Picture	20	704314	0	1	11041	1	0	next	hit	990
S6012531	60	Port Input	15	706428	2114	1
S6012531	60	Port Input	14	706428	2114	1
S6012531	60	Port Input	15	706428	2115	1
S6012531	60	Port Input	14	706428	2115	1
S6012531	60	Port Input	15	706429	2115	1
S6012531	60	Port Input	14	706429	2115	1
S6012531	60	Port Input	15	706430	2116	1
S6012531	60	Port Input	14	706430	2116	1
S6012531	60	Port Input	15	706430	2116	1
S6012531	60	Port Input	14	706430	2116	1
S6012531	60	Port Input	15	706430	2116	1
S6012531	60	Port Input	14	706430	2116	1
S6012531	60	Port Input	15	706430	2116	1
S6012531	60	Port Input	14	706430	2116	1
S6012531	60	Port Input	15	706431	2117	1
S6012531	60	Port Input	14	715346	11032	1
S6012531	60	Response	22	715346	11032	1
S6012531	60	Port Input	15	715351	11037	1
S6012531	60	Port Input	14	715351	11037	1
S6012531	60	Port Input	15	715352	11038	1
S6012531	60	Port Input	14	715352	11038	1
S6012531	60	Port Input	15	715353	11039	1
S6012531	60	Port Input	14	715353	11039	1
S6012531	60	Port Input	15	715353	11039	1
S6012531	60	Port Input	14	715353	11039	1
S6012531	60	Port Input	15	715354	11040	1
S6012531	60	Port Input	14	715354	11040	1
S6012531	61	Picture	20	715355	0	1	10208	1	0	next	hit	1200
S6012531	61	Port Input	15	715356	1	1
S6012531	61	Port Input	14	715356	1	1
S6012531	61	Port Input	15	715356	1	1
S6012531	61	Port Input	14	715357	2	1
S6012531	61	Port Input	15	715357	2	1
S6012531	61	Port Input	14	715357	2	1
S6012531	61	Port Input	15	715357	2	1
S6012531	61	Port Input	14	715358	3	1
S6012531	61	Port Input	15	715359	4	1
S6012531	61	Port Input	14	715359	4	1
S6012531	61	Port Input	15	715359	4	1
S6012531	61	Port Input	14	715359	4	1
S6012531	61	Port Input	15	715360	5	1
S6012531	61	Port Input	14	715360	5	1
S6012531	61	Port Input	15	715360	5	1
S6012531	61	Port Input	14	715360	5	1
S6012531	61	Port Input	15	715360	5	1
S6012531	61	Port Input	14	715361	5	1
S6012531	61	Port Input	15	715361	6	1
S6012531	61	Port Input	14	715361	6	1
S6012531	61	Port Input	15	715361	6	1
S6012531	61	Port Input	14	715362	7	1
S6012531	61	Port Input	15	715363	8	1
S6012531	61	Port Input	14	715363	8	1
S6012531	61	Port Input	15	715363	8	1
S6012531	61	Port Input	14	715365	10	1
S6012531	61	Port Input	15	715366	11	1
S6012531	61	Port Input	14	715366	11	1
S6012531	61	Port Input	15	715366	11	1
S6012531	61	Port Input	14	715366	11	1
S6012531	61	Port Input	15	715366	11	1
S6012531	61	Port Input	14	715366	11	1
S6012531	61	Port Input	15	715367	12	1
S6012531	61	Port Input	14	715367	12	1
S6012531	61	Port Input	15	715367	12	1
S6012531	61	Port Input	14	715368	13	1
S6012531	61	Port Input	15	715368	13	1
S6012531	61	Port Input	14	715369	14	1
S6012531	61	Port Input	15	715369	14	1
S6012531	61	Port Input	14	715369	14	1
S6012531	61	Port Input	15	715369	14	1
S6012531	61	Port Input	14	715369	14	1
S6012531	61	Port Input	15	715370	15	1
S6012531	61	Port Input	14	715370	15	1
S6012531	61	Port Input	15	715370	15	1
S6012531	61	Port Input	14	715370	15	1
S6012531	61	Port Input	15	715370	15	1
S6012531	61	Port Input	14	715370	15	1
S6012531	61	Port Input	15	715371	16	1
S6012531	61	Port Input	14	715371	16	1
S6012531	61	Port Input	15	715372	17	1
S6012531	61	Port Input	14	715372	17	1
S6012531	61	Port Input	15	715372	17	1
S6012531	61	Port Input	14	715372	17	1
S6012531	61	Port Input	15	715373	18	1
S6012531	61	Port Input	14	715373	18	1
S6012531	61	Port Input	15	715374	19	1
S6012531	61	Port Input	14	715374	19	1
S6012531	61	Port Input	15	715374	19	1
S6012531	61	Port Input	14	715374	19	1
S6012531	61	Port Input	15	715375	20	1
S6012531	61	Port Input	14	715375	20	1
S6012531	61	Port Input	15	715375	20	1
S6012531	61	Port Input	14	715375	20	1
S6012531	61	Port Input	15	715375	20	1
S6012531	61	Port Input	14	715375	20	1
S6012531	61	Port Input	15	715376	21	1
S6012531	61	Port Input	14	715376	21	1
S6012531	61	Port Input	15	715376	21	1
S6012531	61	Port Input	14	715376	21	1
S6012531	61	Port Input	15	715376	21	1
S6012531	61	Port Input	14	715376	21	1
S6012531	61	Port Input	15	715377	22	1
S6012531	61	Port Input	14	715377	22	1
S6012531	61	Port Input	15	715377	22	1
S6012531	61	Port Input	14	715377	22	1
S6012531	61	Port Input	15	715377	22	1
S6012531	61	Port Input	14	715377	22	1
S6012531	61	Port Input	15	715378	23	1
S6012531	61	Port Input	14	715378	23	1
S6012531	61	Port Input	15	715378	23	1
S6012531	61	Port Input	14	715378	23	1
S6012531	61	Port Input	15	715378	23	1
S6012531	61	Port Input	14	715378	23	1
S6012531	61	Port Input	15	715378	23	1
S6012531	61	Port Input	14	715378	23	1
S6012531	61	Port Input	15	715378	23	1
S6012531	61	Port Input	14	715378	23	1
S6012531	61	Port Input	15	715378	23	1
S6012531	61	Port Input	14	715379	24	1
S6012531	61	Port Input	15	715379	24	1
S6012531	61	Port Input	14	715379	24	1
S6012531	61	Port Input	15	715379	24	1
S6012531	61	Port Input	14	715379	24	1
S6012531	61	Port Input	15	715379	24	1
S6012531	61	Port Input	14	715379	24	1
S6012531	61	Port Input	15	715380	24	1
S6012531	61	Port Input	14	715380	25	1
S6012531	61	Port Input	15	715380	25	1
S6012531	61	Port Input	14	715380	25	1
S6012531	61	Port Input	15	715380	25	1
S6012531	61	Port Input	14	715380	25	1
S6012531	61	Port Input	15	715380	25	1
S6012531	61	Port Input	14	715380	25	1
S6012531	61	Port Input	15	715380	25	1
S6012531	61	Port Input	14	715380	25	1
S6012531	61	Port Input	15	715380	25	1
S6012531	61	Port Input	14	715380	25	1
S6012531	61	Port Input	15	715380	25	1
S6012531	61	Port Input	14	715380	25	1
S6012531	61	Port Input	15	715381	26	1
S6012531	61	Port Input	14	715381	26	1
S6012531	61	Port Input	15	715381	26	1
S6012531	61	Port Input	14	715381	26	1
S6012531	61	Port Input	15	715382	27	1
S6012531	61	Port Input	14	715382	27	1
S6012531	61	Port Input	15	715382	27	1
S6012531	61	Port Input	14	715382	27	1
S6012531	61	Port Input	15	715382	27	1
S6012531	61	Port Input	14	715382	27	1
S6012531	61	Port Input	15	715383	28	1
S6012531	61	Port Input	14	715383	28	1
S6012531	61	Port Input	15	715383	28	1
S6012531	61	Port Input	14	715383	28	1
S6012531	61	Port Input	15	715383	28	1
S6012531	61	Port Input	14	715383	28	1
S6012531	61	Port Input	15	715384	29	1
S6012531	61	Port Input	14	715384	29	1
S6012531	61	Port Input	15	715385	30	1
S6012531	61	Port Input	14	715385	30	1
S6012531	61	Port Input	15	715385	30	1
S6012531	61	Port Input	14	715386	31	1
S6012531	61	Port Input	15	715386	31	1
S6012531	61	Port Input	14	715387	32	1
S6012531	61	Port Input	15	715387	32	1
S6012531	61	Port Input	14	715387	32	1
S6012531	61	Port Input	15	715387	32	1
S6012531	61	Port Input	14	715387	32	1
S6012531	61	Port Input	15	715387	32	1
S6012531	61	Port Input	14	715387	32	1
S6012531	61	Port Input	15	715387	32	1
S6012531	61	Port Input	14	715388	33	1
S6012531	61	Port Input	15	715388	33	1
S6012531	61	Port Input	14	715388	33	1
S6012531	61	Port Input	15	715388	33	1
S6012531	61	Port Input	14	715388	33	1
S6012531	61	Port Input	15	715388	33	1
S6012531	61	Port Input	14	715388	33	1
S6012531	61	Port Input	15	715388	33	1
S6012531	61	Port Input	14	715388	33	1
S6012531	61	Port Input	15	715389	34	1
S6012531	61	Port Input	14	715389	34	1
S6012531	61	Port Input	15	715389	34	1
S6012531	61	Port Input	14	715389	34	1
S6012531	61	Port Input	15	715389	34	1
S6012531	61	Port Input	14	715389	34	1
S6012531	61	Port Input	15	715389	34	1
S6012531	61	Port Input	14	715389	34	1
S6012531	61	Port Input	15	715390	35	1
S6012531	61	Port Input	14	715390	35	1
S6012531	61	Port Input	15	715390	35	1
S6012531	61	Port Input	14	715390	35	1
S6012531	61	Port Input	15	715390	35	1
S6012531	61	Port Input	14	715390	35	1
S6012531	61	Port Input	15	715390	35	1
S6012531	61	Port Input	14	715391	36	1
S6012531	61	Port Input	15	715391	36	1
S6012531	61	Port Input	14	715391	36	1
S6012531	61	Port Input	15	715392	37	1
S6012531	61	Port Input	14	715392	37	1
S6012531	61	Port Input	15	715392	37	1
S6012531	61	Port Input	14	715392	37	1
S6012531	61	Port Input	15	715392	37	1
S6012531	61	Port Input	14	715392	37	1
S6012531	61	Port Input	15	715392	37	1
S6012531	61	Port Input	14	715392	37	1
S6012531	61	Port Input	15	715392	37	1
S6012531	61	Port Input	14	715393	38	1
S6012531	61	Port Input	15	715393	38	1
S6012531	61	Port Input	14	715393	38	1
S6012531	61	Port Input	15	715394	39	1
S6012531	61	Port Input	14	715394	39	1
S6012531	61	Port Input	15	715400	45	1
S6012531	61	Port Input	14	715400	45	1
S6012531	61	Port Input	15	715401	46	1
S6012531	61	Port Input	14	715401	46	1
S6012531	61	Port Input	15	715409	54	1
S6012531	61	Port Input	14	715409	54	1
S6012531	61	Port Input	15	715410	55	1
S6012531	61	Port Input	14	715410	55	1
S6012531	61	Port Input	15	715412	57	1
S6012531	61	Port Input	14	715412	57	1
S6012531	61	Port Input	15	715413	58	1
S6012531	61	Port Input	14	715413	58	1
S6012531	61	Port Input	15	717765	2410	1
S6012531	61	Port Input	14	717765	2410	1
S6012531	61	Port Input	15	717765	2410	1
S6012531	61	Port Input	14	725533	10178	1
S6012531	61	Response	22	725533	10178	1
S6012531	61	Port Input	15	725537	10182	1
S6012531	61	Port Input	14	725538	10183	1
S6012531	61	Port Input	15	725538	10183	1
S6012531	61	Port Input	14	725538	10183	1
S6012531	61	Port Input	15	725539	10184	1
S6012531	61	Port Input	14	725539	10184	1
S6012531	61	Port Input	15	725541	10186	1
S6012531	61	Port Input	14	725542	10187	1
S6012531	61	Port Input	15	725542	10187	1
S6012531	61	Port Input	14	725542	10187	1
S6012531	61	Port Input	15	725542	10187	1
S6012531	61	Port Input	14	725543	10188	1
S6012531	62	Picture	20	725563	0	1	12013	1	0	next	hit	1218
S6012531	62	Port Input	15	729003	3440	1
S6012531	62	Port Input	14	729003	3440	1
S6012531	62	Port Input	15	729003	3440	1
S6012531	62	Port Input	14	737525	11962	1
S6012531	62	Response	22	737525	11962	1
S6012531	62	Port Input	15	737525	11962	1
S6012531	62	Port Input	14	737531	11968	1
S6012531	62	Port Input	15	737532	11969	1
S6012531	62	Port Input	14	737532	11969	1
S6012531	63	Picture	20	737576	0	1	12013	1	0	next	hit	1228
S6012531	63	Port Input	15	740314	2738	1
S6012531	63	Port Input	14	740314	2738	1
S6012531	63	Port Input	15	740314	2738	1
S6012531	63	Port Input	14	749523	11946	1
S6012531	63	Response	22	749523	11946	1
S6012531	64	Picture	20	749590	0	1	12777	1	0	next	hit	1232
S6012531	64	Port Input	15	753147	3557	1
S6012531	64	Port Input	14	762304	12714	1
S6012531	64	Response	22	762304	12714	1
S6012531	65	Picture	20	762367	0	1	11597	1	0	next	hit	1236
S6012531	65	Port Input	15	765230	2863	1
S6012531	65	Port Input	14	773953	11586	1
S6012531	65	Response	22	773953	11586	1
S6012531	66	Picture	20	773964	0	1	12361	1	0	next	hit	1274
S6012531	66	Port Input	15	773964	0	1
S6012531	66	Port Input	14	773964	0	1
S6012531	66	Port Input	15	777212	3248	1
S6012531	66	Port Input	14	777212	3248	1
S6012531	66	Port Input	15	777212	3248	1
S6012531	66	Port Input	14	777212	3248	1
S6012531	66	Port Input	15	777212	3248	1
S6012531	66	Port Input	14	777212	3248	1
S6012531	66	Port Input	15	777212	3248	1
S6012531	66	Port Input	14	777212	3248	1
S6012531	66	Port Input	15	777212	3249	1
S6012531	66	Port Input	14	777212	3249	1
S6012531	66	Port Input	15	777213	3249	1
S6012531	66	Port Input	14	777213	3249	1
S6012531	66	Port Input	15	777213	3249	1
S6012531	66	Port Input	14	777213	3249	1
S6012531	66	Port Input	15	777213	3249	1
S6012531	66	Port Input	14	777213	3249	1
S6012531	66	Port Input	15	777213	3250	1
S6012531	66	Port Input	14	777213	3250	1
S6012531	66	Port Input	15	777214	3250	1
S6012531	66	Port Input	14	777214	3250	1
S6012531	66	Port Input	15	777214	3251	1
S6012531	66	Port Input	14	777214	3251	1
S6012531	66	Port Input	15	777214	3251	1
S6012531	66	Port Input	14	777215	3251	1
S6012531	66	Port Input	15	777215	3251	1
S6012531	66	Port Input	14	777215	3251	1
S6012531	66	Port Input	15	777216	3252	1
S6012531	66	Port Input	14	777216	3252	1
S6012531	66	Port Input	15	777216	3252	1
S6012531	66	Port Input	14	777216	3252	1
S6012531	66	Port Input	15	777216	3252	1
S6012531	66	Port Input	14	777216	3252	1
S6012531	66	Port Input	15	777216	3253	1
S6012531	66	Port Input	14	786280	12316	1
S6012531	66	Response	22	786280	12316	1
S6012531	66	Port Input	15	786280	12317	1
S6012531	66	Port Input	14	786280	12317	1
S6012531	67	Picture	20	786324	0	1	12361	1	0	next	hit	1280
S6012531	67	Port Input	15	789942	3618	1
S6012531	67	Port Input	14	798612	12287	1
S6012531	67	Response	22	798612	12287	1
S6012531	68	Picture	20	798685	0	1	11180	1	0	next	hit	1296
S6012531	68	Port Input	15	802658	3973	1
S6012531	68	Port Input	14	802658	3973	1
S6012531	68	Port Input	15	802658	3973	1
S6012531	68	Port Input	14	802658	3973	1
S6012531	68	Port Input	15	802658	3973	1
S6012531	68	Port Input	14	802658	3973	1
S6012531	68	Port Input	15	802658	3974	1
S6012531	68	Port Input	14	802658	3974	1
S6012531	68	Port Input	15	802659	3974	1
S6012531	68	Port Input	14	802659	3974	1
S6012531	68	Port Input	15	802659	3974	1
S6012531	68	Port Input	14	802659	3974	1
S6012531	68	Port Input	15	802659	3974	1
S6012531	68	Port Input	14	809837	11152	1
S6012531	68	Response	22	809837	11152	1
S6012531	69	Picture	20	809865	0	1	16249	1	0	next	hit	1304
S6012531	69	Port Input	15	813836	3971	1
S6012531	69	Port Input	14	813836	3971	1
S6012531	69	Port Input	15	813837	3972	1
S6012531	69	Port Input	14	813837	3972	1
S6012531	69	Port Input	15	813837	3972	1
S6012531	69	Port Input	14	826074	16209	1
S6012531	69	Response	22	826074	16209	1
S6012531	69	Port Input	15	826074	16209	1
S6012531	69	Port Input	14	826074	16209	1
S6012531	69	Port Input	15	826075	16210	1
S6012531	69	Port Input	14	826075	16210	4
S6012531	70	Picture	20	826114	0	1	9097	1	0	next	hit	1314
S6012531	70	Port Input	15	828249	2135	1
S6012531	70	Port Input	14	828249	2135	1
S6012531	70	Port Input	15	828249	2135	1
S6012531	70	Port Input	14	835179	9064	1
S6012531	70	Response	22	835179	9064	1
S6012531	71	Picture	20	835211	0	1	12777	1	0	next	hit	1328
S6012531	71	Port Input	15	839737	4526	1
S6012531	71	Port Input	14	839737	4526	1
S6012531	71	Port Input	15	839737	4526	1
S6012531	71	Port Input	14	839737	4526	1
S6012531	71	Port Input	15	839737	4526	1
S6012531	71	Port Input	14	839738	4526	1
S6012531	71	Port Input	15	839738	4526	1
S6012531	71	Port Input	14	839738	4526	1
S6012531	71	Port Input	15	839738	4527	1
S6012531	71	Port Input	14	839738	4527	1
S6012531	71	Port Input	15	839738	4527	1
S6012531	71	Port Input	14	847965	12754	1
S6012531	71	Response	22	847965	12754	1
S6012531	72	Picture	20	847988	0	1	11875	1	0	next	hit	1334
S6012531	72	Port Input	15	852162	4174	1
S6012531	72	Port Input	14	852162	4174	1
S6012531	72	Port Input	15	852162	4174	1
S6012531	72	Port Input	14	859793	11804	1
S6012531	72	Response	22	859793	11804	1
S6012531	73	Picture	20	859863	0	1	12083	1	0	next	hit	1338
S6012531	73	Port Input	15	863965	4102	1
S6012531	73	Port Input	14	871892	12029	1
S6012531	73	Response	22	871892	12029	1
S6012531	74	Picture	20	871946	0	1	11875	1	0	next	hit	1344
S6012531	74	Port Input	15	875568	3622	1
S6012531	74	Port Input	14	875568	3622	1
S6012531	74	Port Input	15	875570	3624	1
S6012531	74	Port Input	14	883771	11825	1
S6012531	74	Response	22	883771	11825	1
S6012531	74	Port Input	15	883771	11825	1
S6012531	74	Port Input	14	883772	11826	4
S6012531	75	Picture	20	883820	0	1	14583	1	0	next	hit	1356
S6012531	75	Port Input	15	888184	4363	1
S6012531	75	Port Input	14	888184	4363	1
S6012531	75	Port Input	15	888184	4364	1
S6012531	75	Port Input	14	888184	4364	1
S6012531	75	Port Input	15	888184	4364	1
S6012531	75	Port Input	14	888184	4364	1
S6012531	75	Port Input	15	888184	4364	1
S6012531	75	Port Input	14	898355	14534	1
S6012531	75	Response	22	898355	14534	1
S6012531	76	Picture	20	898403	0	1	13055	1	0	next	hit	1360
S6012531	76	Port Input	15	901890	3487	1
S6012531	76	Port Input	14	911428	13024	1
S6012531	76	Response	22	911428	13024	1
S6012531	77	Picture	20	911458	0	1	12361	1	0	next	hit	1370
S6012531	77	Port Input	15	915701	4243	1
S6012531	77	Port Input	14	915701	4243	1
S6012531	77	Port Input	15	915701	4243	1
S6012531	77	Port Input	14	915701	4243	1
S6012531	77	Port Input	15	915701	4243	1
S6012531	77	Port Input	14	915701	4243	1
S6012531	77	Port Input	15	915702	4243	1
S6012531	77	Port Input	14	923776	12318	1
S6012531	77	Response	22	923776	12318	1
S6012531	78	Picture	20	923819	0	1	13749	1	0	next	hit	1374
S6012531	78	Port Input	15	929807	5989	1
S6012531	78	Port Input	14	937512	13693	1
S6012531	78	Response	22	937512	13693	1
S6012531	78	Port Input	15	937528	13709	1
S6012531	78	Port Input	14	937528	13709	1
S6012531	79	Picture	20	937568	0	1	14027	1	0	next	hit	1380
S6012531	79	Port Input	15	944923	7354	1
S6012531	79	Port Input	14	951556	13988	1
S6012531	79	Response	22	951556	13988	1
S6012531	79	Port Input	15	951556	13988	1
S6012531	79	Port Input	14	951564	13996	1
S6012531	79	Port Input	15	951565	13997	1
S6012531	79	Port Input	14	951565	13997	1
S6012531	79	Port Input	15	951565	13997	1
S6012531	79	Port Input	14	951565	13997	1
S6012531	80	Picture	20	951595	0	1	14513	1	0	next	hit	1390
S6012531	80	Port Input	15	958154	6559	1
S6012531	80	Port Input	14	966072	14477	1
S6012531	80	Response	22	966072	14477	1
S6012531	80	Port Input	15	966072	14477	1
S6012531	80	Port Input	14	966072	14477	1
S6012531	80	Port Input	15	966072	14477	1
S6012531	80	Port Input	14	966078	14483	1
S6012531	81	Picture	20	966109	0	1	15347	1	0	next	hit	1400
S6012531	81	Port Input	15	972974	6865	1
S6012531	81	Port Input	14	972974	6865	1
S6012531	81	Port Input	15	972974	6865	1
S6012531	81	Port Input	14	981435	15326	1
S6012531	81	Response	22	981435	15326	1
S6012531	81	Port Input	15	981435	15326	1
S6012531	81	Port Input	14	981435	15326	1
S6012531	81	Port Input	15	981435	15326	1
S6012531	81	Port Input	14	981435	15326	1
S6012531	82	Picture	20	981455	0	1	16666	1	0	next	hit	1408
S6012531	82	Port Input	15	989947	8492	1
S6012531	82	Port Input	14	998087	16631	1
S6012531	82	Response	22	998087	16631	1
S6012531	82	Port Input	15	998087	16631	1
S6012531	82	Port Input	14	998087	16632	1
S6012531	82	Port Input	15	998087	16632	1
S6012531	82	Port Input	14	998088	16632	5
S6012531	83	Picture	20	998121	0	1	14861	1	0	next	hit	1432
S6012531	83	Port Input	15	998243	122	1
S6012531	83	Port Input	14	998243	122	1
S6012531	83	Port Input	15	998355	234	1
S6012531	83	Port Input	14	998355	234	1
S6012531	83	Port Input	15	998356	235	1
S6012531	83	Port Input	14	998356	235	1
S6012531	83	Port Input	15	998359	238	1
S6012531	83	Port Input	14	998359	238	1
S6012531	83	Port Input	15	998361	240	1
S6012531	83	Port Input	14	998361	240	1
S6012531	83	Port Input	15	998372	251	1
S6012531	83	Port Input	14	998372	251	1
S6012531	83	Port Input	15	998422	301	1
S6012531	83	Port Input	14	998422	301	1
S6012531	83	Port Input	15	998423	302	1
S6012531	83	Port Input	14	998423	302	1
S6012531	83	Port Input	15	1005129	7008	1
S6012531	83	Port Input	14	1012945	14824	1
S6012531	83	Response	22	1012945	14824	1
S6012531	84	Picture	20	1012982	0	1	18610	1	0	next	hit	1438
S6012531	84	Port Input	15	1022175	9194	1
S6012531	84	Port Input	14	1022175	9194	1
S6012531	84	Port Input	15	1022176	9194	1
S6012531	84	Port Input	14	1031526	18544	1
S6012531	84	Response	22	1031526	18544	1
S6012531	85	Picture	20	1031592	0	1	11458	1	0	next	hit	1446
S6012531	85	Port Input	15	1035456	3864	1
S6012531	85	Port Input	14	1035456	3864	1
S6012531	85	Port Input	15	1035457	3865	1
S6012531	85	Port Input	14	1035457	3865	1
S6012531	85	Port Input	15	1035457	3865	1
S6012531	85	Port Input	14	1042992	11399	1
S6012531	85	Response	22	1042992	11399	1
S6012531	86	Picture	20	1043050	0	1	12361	1	0	next	hit	1450
S6012531	86	Port Input	15	1046728	3679	1
S6012531	86	Port Input	14	1055380	12330	1
S6012531	86	Response	22	1055380	12330	1
S6012531	87	Picture	20	1055411	0	1	11180	1	0	next	hit	1454
S6012531	87	Port Input	15	1058164	2754	1
S6012531	87	Port Input	14	1066543	11132	1
S6012531	87	Response	22	1066543	11132	1
S6012531	88	Picture	20	1066591	0	1	13541	1	0	next	hit	1458
S6012531	88	Port Input	15	1068514	1923	1
S6012531	88	Port Input	14	1080102	13511	1
S6012531	88	Response	22	1080102	13511	1
S6012531	89	Picture	20	1080132	0	1	11875	1	0	next	hit	1462
S6012531	89	Port Input	15	1082453	2322	1
S6012531	89	Port Input	14	1091953	11821	1
S6012531	89	Response	22	1091953	11821	1
S6012531	89	Port Input	15	1091953	11821	1
S6012531	89	Port Input	14	1091953	11821	1
S6012531	90	Picture	20	1092006	0	1	11111	1	0	next	hit	1468
S6012531	90	Port Input	15	1094119	2112	1
S6012531	90	Port Input	14	1103055	11049	1
S6012531	90	Response	22	1103055	11049	1
S6012531	91	Picture	20	1103117	0	1	12083	1	0	next	hit	1474
S6012531	91	Port Input	15	1105820	2703	1
S6012531	91	Port Input	14	1105820	2703	1
S6012531	91	Port Input	15	1105820	2703	1
S6012531	91	Port Input	14	1115182	12065	1
S6012531	91	Response	22	1115182	12065	1
S6012531	91	Port Input	15	1115182	12065	1
S6012531	91	Port Input	14	1115182	12065	1
S6012531	92	Picture	20	1115200	0	1	11388	1	0	next	hit	1480
S6012531	92	Port Input	15	1117654	2455	1
S6012531	92	Port Input	14	1126574	11375	1
S6012531	92	Response	22	1126574	11375	1
S6012531	93	Picture	20	1126588	0	1	11041	1	0	next	hit	1484
S6012531	93	Port Input	15	1128933	2344	1
S6012531	93	Port Input	14	1137558	10970	1
S6012531	93	Response	22	1137558	10970	1
S6012531	94	Picture	20	1137629	0	1	10069	1	0	next	hit	1488
S6012531	94	Port Input	15	1140330	2701	1
S6012531	94	Port Input	14	1147676	10047	1
S6012531	94	Response	22	1147676	10047	1
S6012531	95	Picture	20	1147698	0	1	10555	1	0	next	hit	1494
S6012531	95	Port Input	15	1150409	2710	1
S6012531	95	Port Input	14	1150409	2710	1
S6012531	95	Port Input	15	1150409	2711	1
S6012531	95	Port Input	14	1158212	10514	1
S6012531	95	Response	22	1158212	10514	1
S6012531	95	Port Input	15	1158213	10514	1
S6012531	95	Port Input	14	1158214	10515	3
S6012531	96	Picture	20	1158253	0	1	10208	1	0	next	hit	1506
S6012531	96	Port Input	15	1159105	852	1
S6012531	96	Port Input	14	1159105	852	1
S6012531	96	Port Input	15	1161609	3355	1
S6012531	96	Port Input	14	1161609	3355	1
S6012531	96	Port Input	15	1161609	3355	1
S6012531	96	Port Input	14	1161609	3355	1
S6012531	96	Port Input	15	1161609	3355	1
S6012531	96	Port Input	14	1168412	10159	1
S6012531	96	Response	22	1168412	10159	1
S6012531	97	Picture	20	1168461	0	1	10902	1	0	next	hit	1516
S6012531	97	Port Input	15	1170500	2039	1
S6012531	97	Port Input	14	1170500	2039	1
S6012531	97	Port Input	15	1170500	2039	1
S6012531	97	Port Input	14	1170500	2039	1
S6012531	97	Port Input	15	1170500	2039	1
S6012531	97	Port Input	14	1170500	2039	1
S6012531	97	Port Input	15	1170501	2039	1
S6012531	97	Port Input	14	1179343	10882	1
S6012531	97	Response	22	1179343	10882	1
S6012531	97	Port Input	15	1179344	10882	1
S6012531	97	Port Input	14	1179344	10883	1
S6012531	98	Picture	20	1179364	0	1	10763	1	0	next	hit	1522
S6012531	98	Port Input	15	1182007	2643	1
S6012531	98	Port Input	14	1190097	10733	1
S6012531	98	Response	22	1190097	10733	1
S6012531	99	Picture	20	1190127	0	1	10972	1	0	next	hit	1526
S6012531	99	Port Input	15	1192513	2386	1
S6012531	99	Port Input	14	1201049	10922	1
S6012531	99	Response	22	1201049	10922	1
S6012531	99	Port Input	15	1201049	10922	1
S6012531	99	Port Input	14	1201049	10922	1
S6012531	100	Picture	20	1201099	0	1	12638	1	0	next	hit	1536
S6012531	100	Port Input	15	1203324	2225	1
S6012531	100	Port Input	14	1203324	2225	1
S6012531	100	Port Input	15	1203518	2419	1
S6012531	100	Port Input	14	1203518	2419	1
S6012531	100	Port Input	15	1203518	2419	1
S6012531	100	Port Input	14	1213699	12600	1
S6012531	100	Response	22	1213699	12600	1
S6012531	101	Picture	20	1213737	0	1	10763	1	0	next	hit	1540
S6012531	101	Port Input	15	1215879	2142	1
S6012531	101	Port Input	14	1224450	10713	1
S6012531	101	Response	22	1224450	10713	1
S6012531	102	Picture	20	1224501	0	1	12222	1	0	next	hit	1552
S6012531	102	Port Input	15	1224869	368	1
S6012531	102	Port Input	14	1224869	368	1
S6012531	102	Port Input	15	1224900	400	1
S6012531	102	Port Input	14	1224900	400	1
S6012531	102	Port Input	15	1224993	492	1
S6012531	102	Port Input	14	1224993	492	1
S6012531	102	Port Input	15	1226798	2298	1
S6012531	102	Port Input	14	1226798	2298	1
S6012531	102	Port Input	15	1226799	2298	1
S6012531	102	Port Input	14	1236192	11691	1
S6012531	102	Response	22	1236192	11691	1
S6012531	103	Port Input	15	1238453	2230	1
S6012531	103	Port Input	14	1238453	2230	1
S6012531	103	Port Input	15	1238453	2230	1
S6012531	103	Port Input	14	1246192	9970	1
S6012531	103	Response	20	1246192	9970	1
