Scenario - Button
Logfile written - 01/07/2023 12:29:04

Subject	Trial	Event Type	Code	Time	TTime	Uncertainty	Duration	Uncertainty	ReqTime	ReqDur	Stim Type	Pair Index

S6011899	1	Picture	start	59	0	1	40554	37	0	next	other	0
S6011899	3	Picture	20	45127	0	1	1319	1	0	next	hit	4
S6011899	3	Port Input	14	46379	1252	1
S6011899	3	Response	22	46379	1252	1
S6011899	4	Picture	20	46446	0	1	9652	1	0	next	hit	190
S6011899	4	Port Input	15	46478	32	1
S6011899	4	Port Input	14	46478	32	1
S6011899	4	Port Input	15	46479	32	1
S6011899	4	Port Input	14	46479	32	1
S6011899	4	Port Input	15	46483	37	1
S6011899	4	Port Input	14	46483	37	1
S6011899	4	Port Input	15	46485	39	1
S6011899	4	Port Input	14	46485	39	1
S6011899	4	Port Input	15	46485	39	1
S6011899	4	Port Input	14	46485	39	1
S6011899	4	Port Input	15	46486	39	1
S6011899	4	Port Input	14	46486	39	1
S6011899	4	Port Input	15	46487	40	1
S6011899	4	Port Input	14	46487	40	1
S6011899	4	Port Input	15	46487	40	1
S6011899	4	Port Input	14	46487	40	1
S6011899	4	Port Input	15	46487	41	1
S6011899	4	Port Input	14	46487	41	1
S6011899	4	Port Input	15	46489	43	1
S6011899	4	Port Input	14	46489	43	1
S6011899	4	Port Input	15	46489	43	1
S6011899	4	Port Input	14	46490	43	1
S6011899	4	Port Input	15	46490	43	1
S6011899	4	Port Input	14	46490	43	1
S6011899	4	Port Input	15	46492	45	1
S6011899	4	Port Input	14	46492	45	1
S6011899	4	Port Input	15	46494	47	1
S6011899	4	Port Input	14	46494	47	1
S6011899	4	Port Input	15	46494	48	1
S6011899	4	Port Input	14	46494	48	1
S6011899	4	Port Input	15	46495	48	1
S6011899	4	Port Input	14	46495	49	1
S6011899	4	Port Input	15	46499	53	1
S6011899	4	Port Input	14	46499	53	1
S6011899	4	Port Input	15	46499	53	1
S6011899	4	Port Input	14	46499	53	1
S6011899	4	Port Input	15	46500	53	1
S6011899	4	Port Input	14	46500	53	1
S6011899	4	Port Input	15	46500	54	1
S6011899	4	Port Input	14	46500	54	1
S6011899	4	Port Input	15	46501	55	1
S6011899	4	Port Input	14	46501	55	1
S6011899	4	Port Input	15	46501	55	1
S6011899	4	Port Input	14	46501	55	1
S6011899	4	Port Input	15	46501	55	1
S6011899	4	Port Input	14	46501	55	1
S6011899	4	Port Input	15	46502	55	1
S6011899	4	Port Input	14	46502	55	1
S6011899	4	Port Input	15	46502	55	1
S6011899	4	Port Input	14	46502	56	1
S6011899	4	Port Input	15	46502	56	1
S6011899	4	Port Input	14	46502	56	1
S6011899	4	Port Input	15	46502	56	1
S6011899	4	Port Input	14	46503	56	1
S6011899	4	Port Input	15	46503	56	1
S6011899	4	Port Input	14	46503	56	1
S6011899	4	Port Input	15	46503	56	1
S6011899	4	Port Input	14	46503	56	1
S6011899	4	Port Input	15	46503	57	1
S6011899	4	Port Input	14	46503	57	1
S6011899	4	Port Input	15	46503	57	1
S6011899	4	Port Input	14	46503	57	1
S6011899	4	Port Input	15	46503	57	1
S6011899	4	Port Input	14	46503	57	1
S6011899	4	Port Input	15	46505	59	1
S6011899	4	Port Input	14	46505	59	1
S6011899	4	Port Input	15	46506	59	1
S6011899	4	Port Input	14	46506	59	1
S6011899	4	Port Input	15	46506	59	1
S6011899	4	Port Input	14	46506	59	1
S6011899	4	Port Input	15	46506	60	1
S6011899	4	Port Input	14	46506	60	1
S6011899	4	Port Input	15	46507	60	1
S6011899	4	Port Input	14	46507	60	1
S6011899	4	Port Input	15	46507	61	1
S6011899	4	Port Input	14	46507	61	1
S6011899	4	Port Input	15	46507	61	1
S6011899	4	Port Input	14	46507	61	1
S6011899	4	Port Input	15	46507	61	1
S6011899	4	Port Input	14	46507	61	1
S6011899	4	Port Input	15	46508	61	1
S6011899	4	Port Input	14	46508	61	1
S6011899	4	Port Input	15	46510	64	1
S6011899	4	Port Input	14	46510	64	1
S6011899	4	Port Input	15	46514	67	1
S6011899	4	Port Input	14	46514	67	1
S6011899	4	Port Input	15	46514	68	1
S6011899	4	Port Input	14	46514	68	1
S6011899	4	Port Input	15	46515	68	1
S6011899	4	Port Input	14	46515	68	1
S6011899	4	Port Input	15	46519	72	1
S6011899	4	Port Input	14	46519	72	1
S6011899	4	Port Input	15	46520	74	1
S6011899	4	Port Input	14	46520	74	1
S6011899	4	Port Input	15	46520	74	1
S6011899	4	Port Input	14	46520	74	1
S6011899	4	Port Input	15	46521	75	1
S6011899	4	Port Input	14	46521	75	1
S6011899	4	Port Input	15	46522	75	1
S6011899	4	Port Input	14	46522	75	1
S6011899	4	Port Input	15	46523	76	1
S6011899	4	Port Input	14	46523	76	1
S6011899	4	Port Input	15	46524	77	1
S6011899	4	Port Input	14	46524	77	1
S6011899	4	Port Input	15	46525	78	1
S6011899	4	Port Input	14	46525	78	1
S6011899	4	Port Input	15	46525	78	1
S6011899	4	Port Input	14	46525	78	1
S6011899	4	Port Input	15	46525	79	1
S6011899	4	Port Input	14	46525	79	1
S6011899	4	Port Input	15	46526	79	1
S6011899	4	Port Input	14	46526	79	1
S6011899	4	Port Input	15	46526	80	1
S6011899	4	Port Input	14	46526	80	1
S6011899	4	Port Input	15	46530	84	1
S6011899	4	Port Input	14	46530	84	1
S6011899	4	Port Input	15	46531	85	1
S6011899	4	Port Input	14	46531	85	1
S6011899	4	Port Input	15	46532	85	1
S6011899	4	Port Input	14	46532	85	1
S6011899	4	Port Input	15	46533	86	1
S6011899	4	Port Input	14	46533	86	1
S6011899	4	Port Input	15	46533	87	1
S6011899	4	Port Input	14	46533	87	1
S6011899	4	Port Input	15	46534	87	1
S6011899	4	Port Input	14	46534	87	1
S6011899	4	Port Input	15	46534	87	1
S6011899	4	Port Input	14	46534	87	1
S6011899	4	Port Input	15	46534	88	1
S6011899	4	Port Input	14	46534	88	1
S6011899	4	Port Input	15	46534	88	1
S6011899	4	Port Input	14	46534	88	1
S6011899	4	Port Input	15	46536	90	1
S6011899	4	Port Input	14	46536	90	1
S6011899	4	Port Input	15	46537	90	1
S6011899	4	Port Input	14	46537	91	1
S6011899	4	Port Input	15	46538	91	1
S6011899	4	Port Input	14	46538	91	1
S6011899	4	Port Input	15	46538	92	1
S6011899	4	Port Input	14	46538	92	1
S6011899	4	Port Input	15	46538	92	1
S6011899	4	Port Input	14	46538	92	1
S6011899	4	Port Input	15	46538	92	1
S6011899	4	Port Input	14	46539	92	1
S6011899	4	Port Input	15	46539	92	1
S6011899	4	Port Input	14	46539	92	1
S6011899	4	Port Input	15	46540	93	1
S6011899	4	Port Input	14	46540	93	1
S6011899	4	Port Input	15	46540	93	1
S6011899	4	Port Input	14	46540	93	1
S6011899	4	Port Input	15	46540	94	1
S6011899	4	Port Input	14	46540	94	1
S6011899	4	Port Input	15	46540	94	1
S6011899	4	Port Input	14	46540	94	1
S6011899	4	Port Input	15	46541	94	1
S6011899	4	Port Input	14	46541	94	1
S6011899	4	Port Input	15	46541	94	1
S6011899	4	Port Input	14	46541	94	1
S6011899	4	Port Input	15	46541	95	1
S6011899	4	Port Input	14	46541	95	1
S6011899	4	Port Input	15	46541	95	1
S6011899	4	Port Input	14	46541	95	1
S6011899	4	Port Input	15	46542	96	1
S6011899	4	Port Input	14	46542	96	1
S6011899	4	Port Input	15	46542	96	1
S6011899	4	Port Input	14	46543	96	1
S6011899	4	Port Input	15	46546	99	1
S6011899	4	Port Input	14	46546	99	1
S6011899	4	Port Input	15	46546	100	1
S6011899	4	Port Input	14	46546	100	1
S6011899	4	Port Input	15	46548	101	1
S6011899	4	Port Input	14	46548	101	1
S6011899	4	Port Input	15	46548	102	1
S6011899	4	Port Input	14	46548	102	1
S6011899	4	Port Input	15	46548	102	1
S6011899	4	Port Input	14	46548	102	1
S6011899	4	Port Input	15	46550	103	1
S6011899	4	Port Input	14	46550	103	1
S6011899	4	Port Input	15	46551	104	1
S6011899	4	Port Input	14	46551	104	1
S6011899	4	Port Input	15	46553	107	1
S6011899	4	Port Input	14	46553	107	1
S6011899	4	Port Input	15	48608	2161	1
S6011899	4	Port Input	14	56081	9634	1
S6011899	4	Response	22	56081	9634	1
S6011899	5	Picture	20	56099	0	1	9791	1	0	next	hit	240
S6011899	5	Port Input	15	56207	108	1
S6011899	5	Port Input	14	56207	108	1
S6011899	5	Port Input	15	56207	108	1
S6011899	5	Port Input	14	56207	108	1
S6011899	5	Port Input	15	56207	109	1
S6011899	5	Port Input	14	56207	109	1
S6011899	5	Port Input	15	56208	109	1
S6011899	5	Port Input	14	56208	109	1
S6011899	5	Port Input	15	56208	109	1
S6011899	5	Port Input	14	56208	109	1
S6011899	5	Port Input	15	56208	109	1
S6011899	5	Port Input	14	56208	110	1
S6011899	5	Port Input	15	56209	110	1
S6011899	5	Port Input	14	56209	110	1
S6011899	5	Port Input	15	56209	110	1
S6011899	5	Port Input	14	56209	110	1
S6011899	5	Port Input	15	56209	110	1
S6011899	5	Port Input	14	56209	110	1
S6011899	5	Port Input	15	56210	111	1
S6011899	5	Port Input	14	56210	111	1
S6011899	5	Port Input	15	56210	111	1
S6011899	5	Port Input	14	56210	111	1
S6011899	5	Port Input	15	56210	111	1
S6011899	5	Port Input	14	56210	111	1
S6011899	5	Port Input	15	56214	115	1
S6011899	5	Port Input	14	56214	115	1
S6011899	5	Port Input	15	56214	115	1
S6011899	5	Port Input	14	56214	115	1
S6011899	5	Port Input	15	56214	115	1
S6011899	5	Port Input	14	56214	115	1
S6011899	5	Port Input	15	56214	115	1
S6011899	5	Port Input	14	56214	115	1
S6011899	5	Port Input	15	56214	116	1
S6011899	5	Port Input	14	56214	116	1
S6011899	5	Port Input	15	56214	116	1
S6011899	5	Port Input	14	56214	116	1
S6011899	5	Port Input	15	56215	116	1
S6011899	5	Port Input	14	56215	116	1
S6011899	5	Port Input	15	56215	116	1
S6011899	5	Port Input	14	56215	116	1
S6011899	5	Port Input	15	56215	116	1
S6011899	5	Port Input	14	56215	116	1
S6011899	5	Port Input	15	56216	117	1
S6011899	5	Port Input	14	56216	117	1
S6011899	5	Port Input	15	56216	117	1
S6011899	5	Port Input	14	56216	117	1
S6011899	5	Port Input	15	58354	2255	1
S6011899	5	Port Input	14	65821	9722	1
S6011899	5	Response	22	65821	9722	1
S6011899	6	Picture	20	65890	0	1	9514	1	0	next	hit	286
S6011899	6	Port Input	15	65946	56	1
S6011899	6	Port Input	14	65946	56	1
S6011899	6	Port Input	15	65947	56	1
S6011899	6	Port Input	14	65947	56	1
S6011899	6	Port Input	15	65947	57	1
S6011899	6	Port Input	14	65947	57	1
S6011899	6	Port Input	15	65948	57	1
S6011899	6	Port Input	14	65948	57	1
S6011899	6	Port Input	15	65948	57	1
S6011899	6	Port Input	14	65948	57	1
S6011899	6	Port Input	15	65948	58	1
S6011899	6	Port Input	14	65948	58	1
S6011899	6	Port Input	15	65948	58	1
S6011899	6	Port Input	14	65948	58	1
S6011899	6	Port Input	15	65948	58	1
S6011899	6	Port Input	14	65948	58	1
S6011899	6	Port Input	15	65948	58	1
S6011899	6	Port Input	14	65949	58	1
S6011899	6	Port Input	15	65949	58	1
S6011899	6	Port Input	14	65949	58	1
S6011899	6	Port Input	15	65949	59	1
S6011899	6	Port Input	14	65949	59	1
S6011899	6	Port Input	15	65949	59	1
S6011899	6	Port Input	14	65949	59	1
S6011899	6	Port Input	15	65949	59	1
S6011899	6	Port Input	14	65949	59	1
S6011899	6	Port Input	15	65950	59	1
S6011899	6	Port Input	14	65950	59	1
S6011899	6	Port Input	15	65950	60	1
S6011899	6	Port Input	14	65950	60	1
S6011899	6	Port Input	15	65950	60	1
S6011899	6	Port Input	14	65950	60	1
S6011899	6	Port Input	15	65951	61	1
S6011899	6	Port Input	14	65951	61	1
S6011899	6	Port Input	15	65951	61	1
S6011899	6	Port Input	14	65951	61	1
S6011899	6	Port Input	15	65951	61	1
S6011899	6	Port Input	14	65951	61	1
S6011899	6	Port Input	15	65951	61	1
S6011899	6	Port Input	14	65951	61	1
S6011899	6	Port Input	15	65952	62	1
S6011899	6	Port Input	14	65952	62	1
S6011899	6	Port Input	15	68254	2364	1
S6011899	6	Port Input	14	75344	9454	1
S6011899	6	Response	22	75344	9454	1
S6011899	7	Picture	20	75404	0	1	10416	1	0	next	hit	304
S6011899	7	Port Input	15	75479	75	1
S6011899	7	Port Input	14	75479	75	1
S6011899	7	Port Input	15	75479	75	1
S6011899	7	Port Input	14	75479	75	1
S6011899	7	Port Input	15	75490	86	1
S6011899	7	Port Input	14	75490	86	1
S6011899	7	Port Input	15	75495	91	1
S6011899	7	Port Input	14	75495	91	1
S6011899	7	Port Input	15	75495	91	1
S6011899	7	Port Input	14	75495	91	1
S6011899	7	Port Input	15	75535	131	1
S6011899	7	Port Input	14	75535	131	1
S6011899	7	Port Input	15	75543	139	1
S6011899	7	Port Input	14	75543	139	1
S6011899	7	Port Input	15	77903	2499	1
S6011899	7	Port Input	14	85779	10375	1
S6011899	7	Response	22	85779	10375	1
S6011899	8	Picture	20	85820	0	1	9583	1	0	next	hit	310
S6011899	8	Port Input	15	88366	2546	1
S6011899	8	Port Input	14	88366	2546	1
S6011899	8	Port Input	15	88371	2551	1
S6011899	8	Port Input	14	95368	9548	1
S6011899	8	Response	22	95368	9548	1
S6011899	8	Port Input	15	95368	9548	1
S6011899	8	Port Input	14	95369	9549	1
S6011899	9	Picture	20	95403	0	1	9861	1	0	next	hit	320
S6011899	9	Port Input	15	97974	2571	1
S6011899	9	Port Input	14	97974	2571	1
S6011899	9	Port Input	15	97974	2571	1
S6011899	9	Port Input	14	97974	2571	1
S6011899	9	Port Input	15	97974	2571	1
S6011899	9	Port Input	14	105236	9833	1
S6011899	9	Response	22	105236	9833	1
S6011899	10	Picture	20	105264	0	1	9444	1	0	next	hit	324
S6011899	10	Port Input	15	107824	2560	1
S6011899	10	Port Input	14	114657	9393	1
S6011899	10	Response	22	114657	9393	1
S6011899	11	Picture	20	114708	0	1	9722	1	0	next	hit	346
S6011899	11	Port Input	15	114788	80	1
S6011899	11	Port Input	14	114788	80	1
S6011899	11	Port Input	15	114788	80	1
S6011899	11	Port Input	14	114788	80	1
S6011899	11	Port Input	15	114790	81	1
S6011899	11	Port Input	14	114790	81	1
S6011899	11	Port Input	15	114792	84	1
S6011899	11	Port Input	14	114792	84	1
S6011899	11	Port Input	15	114793	85	1
S6011899	11	Port Input	14	114793	85	1
S6011899	11	Port Input	15	114795	86	1
S6011899	11	Port Input	14	114795	86	1
S6011899	11	Port Input	15	114795	87	1
S6011899	11	Port Input	14	114795	87	1
S6011899	11	Port Input	15	114795	87	1
S6011899	11	Port Input	14	114795	87	1
S6011899	11	Port Input	15	114803	94	1
S6011899	11	Port Input	14	114803	94	1
S6011899	11	Port Input	15	117265	2557	1
S6011899	11	Port Input	14	124366	9658	1
S6011899	11	Response	22	124366	9658	1
S6011899	12	Picture	20	124430	0	1	9166	1	0	next	hit	356
S6011899	12	Port Input	15	126863	2433	1
S6011899	12	Port Input	14	126863	2433	1
S6011899	12	Port Input	15	126863	2433	1
S6011899	12	Port Input	14	126863	2433	1
S6011899	12	Port Input	15	126863	2433	1
S6011899	12	Port Input	14	126863	2433	1
S6011899	12	Port Input	15	126863	2433	1
S6011899	12	Port Input	14	133586	9156	1
S6011899	12	Response	22	133586	9156	1
S6011899	13	Picture	20	133596	0	1	9652	1	0	next	hit	440
S6011899	13	Port Input	15	133719	123	1
S6011899	13	Port Input	14	133719	123	1
S6011899	13	Port Input	15	133719	123	1
S6011899	13	Port Input	14	133719	123	1
S6011899	13	Port Input	15	133719	123	1
S6011899	13	Port Input	14	133719	123	1
S6011899	13	Port Input	15	133728	131	1
S6011899	13	Port Input	14	133728	131	1
S6011899	13	Port Input	15	133728	131	1
S6011899	13	Port Input	14	133728	132	1
S6011899	13	Port Input	15	133729	132	1
S6011899	13	Port Input	14	133729	132	1
S6011899	13	Port Input	15	133729	133	1
S6011899	13	Port Input	14	133729	133	1
S6011899	13	Port Input	15	133731	135	1
S6011899	13	Port Input	14	133731	135	1
S6011899	13	Port Input	15	133733	136	1
S6011899	13	Port Input	14	133733	136	1
S6011899	13	Port Input	15	133733	137	1
S6011899	13	Port Input	14	133733	137	1
S6011899	13	Port Input	15	133733	137	1
S6011899	13	Port Input	14	133733	137	1
S6011899	13	Port Input	15	133751	155	1
S6011899	13	Port Input	14	133751	155	1
S6011899	13	Port Input	15	133752	155	1
S6011899	13	Port Input	14	133752	155	1
S6011899	13	Port Input	15	133754	158	1
S6011899	13	Port Input	14	133754	158	1
S6011899	13	Port Input	15	133755	158	1
S6011899	13	Port Input	14	133755	158	1
S6011899	13	Port Input	15	133755	159	1
S6011899	13	Port Input	14	133755	159	1
S6011899	13	Port Input	15	133756	159	1
S6011899	13	Port Input	14	133756	159	1
S6011899	13	Port Input	15	133761	164	1
S6011899	13	Port Input	14	133761	164	1
S6011899	13	Port Input	15	133772	175	1
S6011899	13	Port Input	14	133772	175	1
S6011899	13	Port Input	15	133772	175	1
S6011899	13	Port Input	14	133772	176	1
S6011899	13	Port Input	15	133773	176	1
S6011899	13	Port Input	14	133773	176	1
S6011899	13	Port Input	15	133774	177	1
S6011899	13	Port Input	14	133774	178	1
S6011899	13	Port Input	15	133775	178	1
S6011899	13	Port Input	14	133775	178	1
S6011899	13	Port Input	15	133775	179	1
S6011899	13	Port Input	14	133775	179	1
S6011899	13	Port Input	15	133776	179	1
S6011899	13	Port Input	14	133776	179	1
S6011899	13	Port Input	15	133776	180	1
S6011899	13	Port Input	14	133776	180	1
S6011899	13	Port Input	15	133787	191	1
S6011899	13	Port Input	14	133787	191	1
S6011899	13	Port Input	15	133788	191	1
S6011899	13	Port Input	14	133788	191	1
S6011899	13	Port Input	15	133788	191	1
S6011899	13	Port Input	14	133788	191	1
S6011899	13	Port Input	15	133799	203	1
S6011899	13	Port Input	14	133799	203	1
S6011899	13	Port Input	15	133803	207	1
S6011899	13	Port Input	14	133803	207	1
S6011899	13	Port Input	15	133806	209	1
S6011899	13	Port Input	14	133806	209	1
S6011899	13	Port Input	15	133806	209	1
S6011899	13	Port Input	14	133806	209	1
S6011899	13	Port Input	15	133810	214	1
S6011899	13	Port Input	14	133810	214	1
S6011899	13	Port Input	15	133817	220	1
S6011899	13	Port Input	14	133817	220	1
S6011899	13	Port Input	15	133821	224	1
S6011899	13	Port Input	14	133821	224	1
S6011899	13	Port Input	15	133824	227	1
S6011899	13	Port Input	14	133824	227	1
S6011899	13	Port Input	15	133826	230	1
S6011899	13	Port Input	14	133826	230	1
S6011899	13	Port Input	15	133849	253	1
S6011899	13	Port Input	14	133849	253	1
S6011899	13	Port Input	15	135994	2398	1
S6011899	13	Port Input	14	135994	2398	1
S6011899	13	Port Input	15	136145	2549	1
S6011899	13	Port Input	14	143200	9603	1
S6011899	13	Response	22	143200	9603	1
S6011899	14	Picture	20	143249	0	1	9027	1	0	next	hit	504
S6011899	14	Port Input	15	143344	95	1
S6011899	14	Port Input	14	143344	95	1
S6011899	14	Port Input	15	143346	97	1
S6011899	14	Port Input	14	143346	97	1
S6011899	14	Port Input	15	143346	97	1
S6011899	14	Port Input	14	143346	97	1
S6011899	14	Port Input	15	143347	98	1
S6011899	14	Port Input	14	143347	98	1
S6011899	14	Port Input	15	143347	98	1
S6011899	14	Port Input	14	143347	98	1
S6011899	14	Port Input	15	143347	98	1
S6011899	14	Port Input	14	143347	98	1
S6011899	14	Port Input	15	143347	98	1
S6011899	14	Port Input	14	143347	98	1
S6011899	14	Port Input	15	143347	98	1
S6011899	14	Port Input	14	143347	98	1
S6011899	14	Port Input	15	143348	99	1
S6011899	14	Port Input	14	143348	100	1
S6011899	14	Port Input	15	143350	101	1
S6011899	14	Port Input	14	143350	101	1
S6011899	14	Port Input	15	143353	104	1
S6011899	14	Port Input	14	143353	104	1
S6011899	14	Port Input	15	143353	104	1
S6011899	14	Port Input	14	143353	104	1
S6011899	14	Port Input	15	143355	106	1
S6011899	14	Port Input	14	143355	106	1
S6011899	14	Port Input	15	143355	106	1
S6011899	14	Port Input	14	143355	106	1
S6011899	14	Port Input	15	143355	107	1
S6011899	14	Port Input	14	143355	107	1
S6011899	14	Port Input	15	143356	107	1
S6011899	14	Port Input	14	143356	107	1
S6011899	14	Port Input	15	143359	110	1
S6011899	14	Port Input	14	143359	110	1
S6011899	14	Port Input	15	143359	110	1
S6011899	14	Port Input	14	143359	111	1
S6011899	14	Port Input	15	143360	111	1
S6011899	14	Port Input	14	143360	111	1
S6011899	14	Port Input	15	143363	114	1
S6011899	14	Port Input	14	143363	114	1
S6011899	14	Port Input	15	143364	115	1
S6011899	14	Port Input	14	143364	115	1
S6011899	14	Port Input	15	143364	115	1
S6011899	14	Port Input	14	143364	115	1
S6011899	14	Port Input	15	143366	117	1
S6011899	14	Port Input	14	143366	117	1
S6011899	14	Port Input	15	143366	117	1
S6011899	14	Port Input	14	143366	117	1
S6011899	14	Port Input	15	143368	119	1
S6011899	14	Port Input	14	143368	119	1
S6011899	14	Port Input	15	143369	120	1
S6011899	14	Port Input	14	143369	120	1
S6011899	14	Port Input	15	143369	120	1
S6011899	14	Port Input	14	143369	121	1
S6011899	14	Port Input	15	143379	130	1
S6011899	14	Port Input	14	143379	130	1
S6011899	14	Port Input	15	143380	131	1
S6011899	14	Port Input	14	143380	131	1
S6011899	14	Port Input	15	143382	133	1
S6011899	14	Port Input	14	143382	133	1
S6011899	14	Port Input	15	145729	2480	1
S6011899	14	Port Input	14	152231	8982	1
S6011899	14	Response	22	152231	8982	1
S6011899	15	Picture	20	152276	0	1	8958	1	0	next	hit	556
S6011899	15	Port Input	15	152384	108	1
S6011899	15	Port Input	14	152384	108	1
S6011899	15	Port Input	15	152387	110	1
S6011899	15	Port Input	14	152387	111	1
S6011899	15	Port Input	15	152393	117	1
S6011899	15	Port Input	14	152393	117	1
S6011899	15	Port Input	15	152394	117	1
S6011899	15	Port Input	14	152394	117	1
S6011899	15	Port Input	15	152395	119	1
S6011899	15	Port Input	14	152395	119	1
S6011899	15	Port Input	15	152396	120	1
S6011899	15	Port Input	14	152396	120	1
S6011899	15	Port Input	15	152397	120	1
S6011899	15	Port Input	14	152397	120	1
S6011899	15	Port Input	15	152397	120	1
S6011899	15	Port Input	14	152397	120	1
S6011899	15	Port Input	15	152397	121	1
S6011899	15	Port Input	14	152398	121	1
S6011899	15	Port Input	15	152398	121	1
S6011899	15	Port Input	14	152398	121	1
S6011899	15	Port Input	15	152398	122	1
S6011899	15	Port Input	14	152398	122	1
S6011899	15	Port Input	15	152399	122	1
S6011899	15	Port Input	14	152399	122	1
S6011899	15	Port Input	15	152399	123	1
S6011899	15	Port Input	14	152399	123	1
S6011899	15	Port Input	15	152400	124	1
S6011899	15	Port Input	14	152400	124	1
S6011899	15	Port Input	15	152401	125	1
S6011899	15	Port Input	14	152401	125	1
S6011899	15	Port Input	15	152404	128	1
S6011899	15	Port Input	14	152404	128	1
S6011899	15	Port Input	15	152416	140	1
S6011899	15	Port Input	14	152416	140	1
S6011899	15	Port Input	15	152434	158	1
S6011899	15	Port Input	14	152434	158	1
S6011899	15	Port Input	15	152445	169	1
S6011899	15	Port Input	14	152445	169	1
S6011899	15	Port Input	15	152446	169	1
S6011899	15	Port Input	14	152446	169	1
S6011899	15	Port Input	15	152446	170	1
S6011899	15	Port Input	14	152446	170	1
S6011899	15	Port Input	15	152453	177	1
S6011899	15	Port Input	14	152453	177	1
S6011899	15	Port Input	15	152453	177	1
S6011899	15	Port Input	14	152453	177	1
S6011899	15	Port Input	15	152458	182	1
S6011899	15	Port Input	14	152458	182	1
S6011899	15	Port Input	15	154850	2574	1
S6011899	15	Port Input	14	161220	8943	1
S6011899	15	Response	22	161220	8943	1
S6011899	16	Picture	20	161235	0	1	9097	1	0	next	hit	560
S6011899	16	Port Input	15	163535	2300	1
S6011899	16	Port Input	14	170308	9073	1
S6011899	16	Response	22	170308	9073	1
S6011899	17	Picture	20	170331	0	1	9375	1	0	next	hit	568
S6011899	17	Port Input	15	172864	2533	1
S6011899	17	Port Input	14	172864	2533	1
S6011899	17	Port Input	15	172864	2533	1
S6011899	17	Port Input	14	172864	2533	1
S6011899	17	Port Input	15	172865	2533	1
S6011899	17	Port Input	14	179653	9321	1
S6011899	17	Response	22	179653	9321	1
S6011899	18	Picture	20	179706	0	1	9652	1	0	next	hit	574
S6011899	18	Port Input	15	181933	2227	1
S6011899	18	Port Input	14	181933	2227	1
S6011899	18	Port Input	15	182083	2376	1
S6011899	18	Port Input	14	189292	9586	1
S6011899	18	Response	22	189292	9586	1
S6011899	19	Picture	20	189359	0	1	9444	1	0	next	hit	578
S6011899	19	Port Input	15	191762	2403	1
S6011899	19	Port Input	14	198769	9410	1
S6011899	19	Response	22	198769	9410	1
S6011899	20	Picture	20	198803	0	1	9166	1	0	next	hit	588
S6011899	20	Port Input	15	201095	2292	1
S6011899	20	Port Input	14	201095	2292	1
S6011899	20	Port Input	15	201095	2292	1
S6011899	20	Port Input	14	201095	2292	1
S6011899	20	Port Input	15	201095	2293	1
S6011899	20	Port Input	14	201095	2293	1
S6011899	20	Port Input	15	201095	2293	1
S6011899	20	Port Input	14	207922	9119	1
S6011899	20	Response	22	207922	9119	1
S6011899	21	Picture	20	207969	0	1	9514	1	0	next	hit	604
S6011899	21	Port Input	15	210399	2430	1
S6011899	21	Port Input	14	210399	2430	1
S6011899	21	Port Input	15	210399	2430	1
S6011899	21	Port Input	14	210399	2430	1
S6011899	21	Port Input	15	210400	2430	1
S6011899	21	Port Input	14	210400	2430	1
S6011899	21	Port Input	15	210400	2431	1
S6011899	21	Port Input	14	210400	2431	1
S6011899	21	Port Input	15	210400	2431	1
S6011899	21	Port Input	14	210400	2431	1
S6011899	21	Port Input	15	210401	2431	1
S6011899	21	Port Input	14	210401	2431	1
S6011899	21	Port Input	15	210401	2432	1
S6011899	21	Port Input	14	217409	9440	1
S6011899	21	Response	22	217409	9440	1
S6011899	21	Port Input	15	217409	9440	1
S6011899	21	Port Input	14	217409	9440	1
S6011899	22	Picture	20	217483	0	1	9930	1	0	next	hit	614
S6011899	22	Port Input	15	220282	2799	1
S6011899	22	Port Input	14	220282	2799	1
S6011899	22	Port Input	15	220282	2799	1
S6011899	22	Port Input	14	220282	2799	1
S6011899	22	Port Input	15	220282	2799	1
S6011899	22	Port Input	14	227401	9918	1
S6011899	22	Response	22	227401	9918	1
S6011899	23	Picture	20	227413	0	1	9444	1	0	next	hit	622
S6011899	23	Port Input	15	229775	2362	1
S6011899	23	Port Input	14	229775	2362	1
S6011899	23	Port Input	15	229775	2362	1
S6011899	23	Port Input	14	229775	2362	1
S6011899	23	Port Input	15	229775	2362	1
S6011899	23	Port Input	14	236847	9434	1
S6011899	23	Response	22	236847	9434	1
S6011899	24	Picture	20	236857	0	1	9514	1	0	next	hit	626
S6011899	24	Port Input	15	239411	2554	1
S6011899	24	Port Input	14	246294	9437	1
S6011899	24	Response	22	246294	9437	1
S6011899	25	Picture	20	246371	0	1	8889	1	0	next	hit	632
S6011899	25	Port Input	15	248890	2519	1
S6011899	25	Port Input	14	248890	2519	1
S6011899	25	Port Input	15	248890	2519	1
S6011899	25	Port Input	14	255232	8861	1
S6011899	25	Response	22	255232	8861	1
S6011899	26	Picture	20	255259	0	1	9375	1	0	next	hit	652
S6011899	26	Port Input	15	255815	556	1
S6011899	26	Port Input	14	255815	556	1
S6011899	26	Port Input	15	255817	557	1
S6011899	26	Port Input	14	255817	557	1
S6011899	26	Port Input	15	255826	567	1
S6011899	26	Port Input	14	255826	567	1
S6011899	26	Port Input	15	255828	568	1
S6011899	26	Port Input	14	255828	568	1
S6011899	26	Port Input	15	255832	573	1
S6011899	26	Port Input	14	255833	573	1
S6011899	26	Port Input	15	255838	578	1
S6011899	26	Port Input	14	255838	578	1
S6011899	26	Port Input	15	255840	580	1
S6011899	26	Port Input	14	255840	580	1
S6011899	26	Port Input	15	255876	616	1
S6011899	26	Port Input	14	255876	616	1
S6011899	26	Port Input	15	257820	2561	1
S6011899	26	Port Input	14	264596	9336	1
S6011899	26	Response	22	264596	9336	1
S6011899	27	Picture	20	264634	0	1	8680	1	0	next	hit	658
S6011899	27	Port Input	15	267038	2403	1
S6011899	27	Port Input	14	267038	2403	1
S6011899	27	Port Input	15	267038	2404	1
S6011899	27	Port Input	14	273286	8652	1
S6011899	27	Response	22	273286	8652	1
S6011899	28	Picture	20	273314	0	1	8333	1	0	next	hit	662
S6011899	28	Port Input	15	275547	2233	1
S6011899	28	Port Input	14	281588	8273	1
S6011899	28	Response	22	281588	8273	1
S6011899	29	Picture	20	281647	0	1	8889	1	0	next	hit	668
S6011899	29	Port Input	15	284200	2552	1
S6011899	29	Port Input	14	284200	2552	1
S6011899	29	Port Input	15	284202	2554	1
S6011899	29	Port Input	14	290473	8825	1
S6011899	29	Response	22	290473	8825	1
S6011899	30	Picture	20	290536	0	1	8541	1	0	next	hit	672
S6011899	30	Port Input	15	292920	2384	1
S6011899	30	Port Input	14	299022	8486	1
S6011899	30	Response	22	299022	8486	1
S6011899	31	Picture	20	299077	0	1	8819	1	0	next	hit	678
S6011899	31	Port Input	15	301519	2441	1
S6011899	31	Port Input	14	301519	2442	1
S6011899	31	Port Input	15	301519	2442	1
S6011899	31	Port Input	14	307869	8792	1
S6011899	31	Response	22	307869	8792	1
S6011899	32	Picture	20	307897	0	1	9166	1	0	next	hit	716
S6011899	32	Port Input	15	310167	2270	1
S6011899	32	Port Input	14	310167	2270	1
S6011899	32	Port Input	15	310167	2271	1
S6011899	32	Port Input	14	310167	2271	1
S6011899	32	Port Input	15	310168	2272	1
S6011899	32	Port Input	14	310168	2272	1
S6011899	32	Port Input	15	310169	2272	1
S6011899	32	Port Input	14	310169	2272	1
S6011899	32	Port Input	15	310169	2272	1
S6011899	32	Port Input	14	310169	2272	1
S6011899	32	Port Input	15	310172	2275	1
S6011899	32	Port Input	14	310172	2275	1
S6011899	32	Port Input	15	310175	2278	1
S6011899	32	Port Input	14	310175	2278	1
S6011899	32	Port Input	15	310175	2278	1
S6011899	32	Port Input	14	310175	2278	1
S6011899	32	Port Input	15	310175	2278	1
S6011899	32	Port Input	14	310175	2278	1
S6011899	32	Port Input	15	310175	2279	1
S6011899	32	Port Input	14	310175	2279	1
S6011899	32	Port Input	15	310176	2279	1
S6011899	32	Port Input	14	310176	2279	1
S6011899	32	Port Input	15	310176	2280	1
S6011899	32	Port Input	14	310176	2280	1
S6011899	32	Port Input	15	310177	2280	1
S6011899	32	Port Input	14	310177	2280	1
S6011899	32	Port Input	15	310179	2282	1
S6011899	32	Port Input	14	310179	2282	1
S6011899	32	Port Input	15	310186	2289	1
S6011899	32	Port Input	14	310186	2289	1
S6011899	32	Port Input	15	310293	2396	1
S6011899	32	Port Input	14	310293	2396	1
S6011899	32	Port Input	15	310293	2396	1
S6011899	32	Port Input	14	310293	2396	1
S6011899	32	Port Input	15	310293	2396	1
S6011899	32	Port Input	14	316995	9099	1
S6011899	32	Response	22	316995	9099	1
S6011899	33	Picture	20	317063	0	1	9166	1	0	next	hit	720
S6011899	33	Port Input	15	319418	2355	1
S6011899	33	Port Input	14	326211	9148	1
S6011899	33	Response	22	326211	9148	1
S6011899	33	Port Input	15	326211	9148	1
S6011899	33	Port Input	14	326212	9149	1
S6011899	34	Picture	20	326229	0	1	9236	1	0	next	hit	728
S6011899	34	Port Input	15	328580	2350	1
S6011899	34	Port Input	14	328580	2351	1
S6011899	34	Port Input	15	328580	2351	1
S6011899	34	Port Input	14	335405	9175	1
S6011899	34	Response	22	335405	9175	1
S6011899	35	Picture	20	335465	0	1	8403	1	0	next	hit	734
S6011899	35	Port Input	15	337854	2389	1
S6011899	35	Port Input	14	337854	2389	1
S6011899	35	Port Input	15	337854	2389	1
S6011899	35	Port Input	14	343809	8344	1
S6011899	35	Response	22	343809	8344	1
S6011899	36	Picture	20	343868	0	1	8611	1	0	next	hit	738
S6011899	36	Port Input	15	346294	2426	1
S6011899	36	Port Input	14	352440	8572	1
S6011899	36	Response	22	352440	8572	1
S6011899	37	Picture	20	352479	0	1	9166	1	0	next	hit	742
S6011899	37	Port Input	15	355208	2729	1
S6011899	37	Port Input	14	361602	9124	1
S6011899	37	Response	22	361602	9124	1
S6011899	38	Picture	20	361645	0	1	9305	1	0	next	hit	752
S6011899	38	Port Input	15	361827	182	1
S6011899	38	Port Input	14	361827	182	1
S6011899	38	Port Input	15	364110	2465	1
S6011899	38	Port Input	14	364110	2465	1
S6011899	38	Port Input	15	364329	2684	1
S6011899	38	Port Input	14	364329	2684	1
S6011899	38	Port Input	15	364329	2684	1
S6011899	38	Port Input	14	370884	9239	1
S6011899	38	Response	22	370884	9239	1
S6011899	39	Picture	20	370950	0	1	8889	1	0	next	hit	756
S6011899	39	Port Input	15	373674	2724	1
S6011899	39	Port Input	14	379803	8852	1
S6011899	39	Response	22	379803	8852	1
S6011899	40	Picture	20	379839	0	1	9097	1	0	next	hit	760
S6011899	40	Port Input	15	382471	2632	1
S6011899	40	Port Input	14	388890	9051	1
S6011899	40	Response	22	388890	9051	1
S6011899	40	Port Input	15	388890	9051	1
S6011899	40	Port Input	14	388890	9051	1
S6011899	41	Picture	20	388936	0	1	9375	1	0	next	hit	768
S6011899	41	Port Input	15	391876	2940	1
S6011899	41	Port Input	14	391876	2940	1
S6011899	41	Port Input	15	391876	2940	1
S6011899	41	Port Input	14	398250	9314	1
S6011899	41	Response	22	398250	9314	1
S6011899	42	Picture	20	398311	0	1	9375	1	0	next	hit	772
S6011899	42	Port Input	15	400676	2366	1
S6011899	42	Port Input	14	407635	9325	1
S6011899	42	Response	22	407635	9325	1
S6011899	43	Picture	20	407685	0	1	9583	1	0	next	hit	776
S6011899	43	Port Input	15	410644	2958	1
S6011899	43	Port Input	14	417251	9565	1
S6011899	43	Response	22	417251	9565	1
S6011899	44	Picture	20	417268	0	1	9166	1	0	next	hit	780
S6011899	44	Port Input	15	419837	2568	1
S6011899	44	Port Input	14	426403	9135	1
S6011899	44	Response	22	426403	9135	1
S6011899	45	Picture	20	426435	0	1	9514	1	0	next	hit	788
S6011899	45	Port Input	15	426999	565	1
S6011899	45	Port Input	14	426999	565	1
S6011899	45	Port Input	15	427021	587	1
S6011899	45	Port Input	14	427021	587	1
S6011899	45	Port Input	15	429206	2771	1
S6011899	45	Port Input	14	435873	9438	1
S6011899	45	Response	22	435873	9438	1
S6011899	46	Picture	20	435948	0	1	9236	1	0	next	hit	810
S6011899	46	Port Input	15	438578	2630	1
S6011899	46	Port Input	14	438578	2630	1
S6011899	46	Port Input	15	438584	2636	1
S6011899	46	Port Input	14	438584	2636	1
S6011899	46	Port Input	15	438585	2637	1
S6011899	46	Port Input	14	438585	2637	1
S6011899	46	Port Input	15	438586	2638	1
S6011899	46	Port Input	14	438586	2638	1
S6011899	46	Port Input	15	438586	2638	1
S6011899	46	Port Input	14	438586	2638	1
S6011899	46	Port Input	15	438587	2639	1
S6011899	46	Port Input	14	438587	2639	1
S6011899	46	Port Input	15	438621	2672	1
S6011899	46	Port Input	14	438621	2672	1
S6011899	46	Port Input	15	438622	2674	1
S6011899	46	Port Input	14	438622	2674	1
S6011899	46	Port Input	15	438873	2925	1
S6011899	46	Port Input	14	438873	2925	1
S6011899	46	Port Input	15	438873	2925	1
S6011899	46	Port Input	14	445130	9182	1
S6011899	46	Response	22	445130	9182	1
S6011899	47	Picture	20	445184	0	1	8611	1	0	next	hit	814
S6011899	47	Port Input	15	447894	2710	1
S6011899	47	Port Input	14	453777	8593	1
S6011899	47	Response	22	453777	8593	1
S6011899	48	Picture	20	453795	0	1	8680	1	0	next	hit	818
S6011899	48	Port Input	15	456756	2961	1
S6011899	48	Port Input	14	462444	8649	1
S6011899	48	Response	22	462444	8649	1
S6011899	49	Picture	20	462475	0	1	9375	1	0	next	hit	822
S6011899	49	Port Input	15	465268	2793	1
S6011899	49	Port Input	14	471825	9350	1
S6011899	49	Response	22	471825	9350	1
S6011899	50	Picture	20	471850	0	1	8750	1	0	next	hit	848
S6011899	50	Port Input	15	472532	682	1
S6011899	50	Port Input	14	472532	682	1
S6011899	50	Port Input	15	472535	685	1
S6011899	50	Port Input	14	472536	686	1
S6011899	50	Port Input	15	472576	726	1
S6011899	50	Port Input	14	472576	726	1
S6011899	50	Port Input	15	472595	745	1
S6011899	50	Port Input	14	472595	745	1
S6011899	50	Port Input	15	472625	775	1
S6011899	50	Port Input	14	472625	775	1
S6011899	50	Port Input	15	472649	799	1
S6011899	50	Port Input	14	472649	799	1
S6011899	50	Port Input	15	472830	980	1
S6011899	50	Port Input	14	472830	980	1
S6011899	50	Port Input	15	473053	1203	1
S6011899	50	Port Input	14	473053	1203	1
S6011899	50	Port Input	15	473068	1218	1
S6011899	50	Port Input	14	473068	1218	1
S6011899	50	Port Input	15	474510	2660	1
S6011899	50	Port Input	14	474510	2660	1
S6011899	50	Port Input	15	474513	2663	1
S6011899	50	Port Input	14	474513	2663	1
S6011899	50	Port Input	15	474750	2900	1
S6011899	50	Port Input	14	480590	8740	1
S6011899	50	Response	22	480590	8740	1
S6011899	51	Picture	20	480600	0	1	9305	1	0	next	hit	862
S6011899	51	Port Input	15	481425	825	1
S6011899	51	Port Input	14	481425	825	1
S6011899	51	Port Input	15	481443	843	1
S6011899	51	Port Input	14	481443	843	1
S6011899	51	Port Input	15	481478	879	1
S6011899	51	Port Input	14	481478	879	1
S6011899	51	Port Input	15	481548	948	1
S6011899	51	Port Input	14	481548	948	1
S6011899	51	Port Input	15	481573	973	1
S6011899	51	Port Input	14	481573	973	1
S6011899	51	Port Input	15	483463	2863	1
S6011899	51	Port Input	14	489855	9255	1
S6011899	51	Response	22	489855	9255	1
S6011899	52	Picture	20	489905	0	1	9514	1	0	next	hit	866
S6011899	52	Port Input	15	492883	2978	1
S6011899	52	Port Input	14	499386	9481	1
S6011899	52	Response	22	499386	9481	1
S6011899	53	Picture	20	499418	0	1	9583	1	0	next	hit	872
S6011899	53	Port Input	15	499733	315	1
S6011899	53	Port Input	14	499733	315	1
S6011899	53	Port Input	15	502583	3165	1
S6011899	53	Port Input	14	508990	9572	1
S6011899	53	Response	22	508990	9572	1
S6011899	54	Picture	20	509002	0	1	9375	1	0	next	hit	878
S6011899	54	Port Input	15	509269	267	1
S6011899	54	Port Input	14	509269	267	1
S6011899	54	Port Input	15	512181	3179	1
S6011899	54	Port Input	14	518329	9327	1
S6011899	54	Response	22	518329	9327	1
S6011899	55	Picture	20	518376	0	1	9375	1	0	next	hit	884
S6011899	55	Port Input	15	521429	3052	1
S6011899	55	Port Input	14	521429	3052	1
S6011899	55	Port Input	15	521430	3054	1
S6011899	55	Port Input	14	527726	9350	1
S6011899	55	Response	22	527726	9350	1
S6011899	56	Picture	20	527751	0	1	9583	1	0	next	hit	904
S6011899	56	Port Input	15	528043	292	1
S6011899	56	Port Input	14	528043	292	1
S6011899	56	Port Input	15	528054	303	1
S6011899	56	Port Input	14	528064	313	1
S6011899	56	Port Input	15	528066	315	1
S6011899	56	Port Input	14	528066	315	1
S6011899	56	Port Input	15	528073	322	1
S6011899	56	Port Input	14	528073	322	1
S6011899	56	Port Input	15	528083	332	1
S6011899	56	Port Input	14	528083	332	1
S6011899	56	Port Input	15	528139	388	1
S6011899	56	Port Input	14	528139	388	1
S6011899	56	Port Input	15	528143	392	1
S6011899	56	Port Input	14	528144	393	1
S6011899	56	Port Input	15	528679	928	1
S6011899	56	Port Input	14	528679	929	1
S6011899	56	Port Input	15	530829	3078	1
S6011899	56	Port Input	14	537277	9526	1
S6011899	56	Response	22	537277	9526	1
S6011899	57	Picture	20	537334	0	1	9305	1	0	next	hit	918
S6011899	57	Port Input	15	537522	188	1
S6011899	57	Port Input	14	537522	188	1
S6011899	57	Port Input	15	537530	196	1
S6011899	57	Port Input	14	537530	196	1
S6011899	57	Port Input	15	537531	197	1
S6011899	57	Port Input	14	537531	197	1
S6011899	57	Port Input	15	537536	202	1
S6011899	57	Port Input	14	537536	202	1
S6011899	57	Port Input	15	537540	206	1
S6011899	57	Port Input	14	537540	206	1
S6011899	57	Port Input	15	540537	3203	1
S6011899	57	Port Input	14	546565	9231	1
S6011899	57	Response	22	546565	9231	1
S6011899	58	Picture	20	546639	0	1	9236	1	0	next	hit	922
S6011899	58	Port Input	15	549617	2977	1
S6011899	58	Port Input	14	555845	9205	1
S6011899	58	Response	22	555845	9205	1
S6011899	59	Picture	20	555875	0	1	8889	1	0	next	hit	930
S6011899	59	Port Input	15	556191	316	1
S6011899	59	Port Input	14	556191	316	1
S6011899	59	Port Input	15	556191	316	1
S6011899	59	Port Input	14	556191	316	1
S6011899	59	Port Input	15	558767	2892	1
S6011899	59	Port Input	14	564756	8881	1
S6011899	59	Response	22	564756	8881	1
S6011899	60	Picture	20	564764	0	1	9236	1	0	next	hit	934
S6011899	60	Port Input	15	567654	2891	1
S6011899	60	Port Input	14	573960	9196	1
S6011899	60	Response	22	573960	9196	1
S6011899	61	Picture	20	574000	0	1	9583	1	0	next	hit	946
S6011899	61	Port Input	15	576858	2858	1
S6011899	61	Port Input	14	576858	2858	1
S6011899	61	Port Input	15	576859	2860	1
S6011899	61	Port Input	14	576859	2860	1
S6011899	61	Port Input	15	577153	3154	1
S6011899	61	Port Input	14	577153	3154	1
S6011899	61	Port Input	15	577153	3154	1
S6011899	61	Port Input	14	577153	3154	1
S6011899	61	Port Input	15	577153	3154	1
S6011899	61	Port Input	14	583572	9572	1
S6011899	61	Response	22	583572	9572	1
S6011899	62	Picture	20	583583	0	1	8958	1	0	next	hit	970
S6011899	62	Port Input	15	583827	245	1
S6011899	62	Port Input	14	583827	245	1
S6011899	62	Port Input	15	583843	261	1
S6011899	62	Port Input	14	583843	261	1
S6011899	62	Port Input	15	583852	269	1
S6011899	62	Port Input	14	583852	269	1
S6011899	62	Port Input	15	583857	274	1
S6011899	62	Port Input	14	583857	274	1
S6011899	62	Port Input	15	583860	277	1
S6011899	62	Port Input	14	583860	277	1
S6011899	62	Port Input	15	583866	284	1
S6011899	62	Port Input	14	583866	284	1
S6011899	62	Port Input	15	583867	284	1
S6011899	62	Port Input	14	583867	284	1
S6011899	62	Port Input	15	583971	388	1
S6011899	62	Port Input	14	583971	388	1
S6011899	62	Port Input	15	586432	2849	1
S6011899	62	Port Input	14	586432	2849	1
S6011899	62	Port Input	15	586432	2849	1
S6011899	62	Port Input	14	586432	2849	1
S6011899	62	Port Input	15	586432	2850	1
S6011899	62	Port Input	14	592519	8937	1
S6011899	62	Response	22	592519	8937	1
S6011899	63	Picture	20	592541	0	1	8750	1	0	next	hit	994
S6011899	63	Port Input	15	592962	422	1
S6011899	63	Port Input	14	592962	422	1
S6011899	63	Port Input	15	592967	427	1
S6011899	63	Port Input	14	592967	427	1
S6011899	63	Port Input	15	592968	427	1
S6011899	63	Port Input	14	592968	427	1
S6011899	63	Port Input	15	592968	427	1
S6011899	63	Port Input	14	592968	427	1
S6011899	63	Port Input	15	592970	429	1
S6011899	63	Port Input	14	592970	429	1
S6011899	63	Port Input	15	592970	430	1
S6011899	63	Port Input	14	592970	430	1
S6011899	63	Port Input	15	592974	434	1
S6011899	63	Port Input	14	592974	434	1
S6011899	63	Port Input	15	592975	435	1
S6011899	63	Port Input	14	592975	435	1
S6011899	63	Port Input	15	592976	435	1
S6011899	63	Port Input	14	592976	435	1
S6011899	63	Port Input	15	592977	436	1
S6011899	63	Port Input	14	592977	436	1
S6011899	63	Port Input	15	595316	2776	1
S6011899	63	Port Input	14	601273	8733	1
S6011899	63	Response	22	601273	8733	1
S6011899	64	Picture	20	601290	0	1	8819	1	0	next	hit	998
S6011899	64	Port Input	15	604025	2734	1
S6011899	64	Port Input	14	610064	8774	1
S6011899	64	Response	22	610064	8774	1
S6011899	65	Picture	20	610110	0	1	8402	1	0	next	hit	1038
S6011899	65	Port Input	15	610442	332	1
S6011899	65	Port Input	14	610442	332	1
S6011899	65	Port Input	15	610442	333	1
S6011899	65	Port Input	14	610442	333	1
S6011899	65	Port Input	15	610442	333	1
S6011899	65	Port Input	14	610442	333	1
S6011899	65	Port Input	15	610443	333	1
S6011899	65	Port Input	14	610443	333	1
S6011899	65	Port Input	15	610443	333	1
S6011899	65	Port Input	14	610443	333	1
S6011899	65	Port Input	15	610443	334	1
S6011899	65	Port Input	14	610443	334	1
S6011899	65	Port Input	15	610444	334	1
S6011899	65	Port Input	14	610444	334	1
S6011899	65	Port Input	15	610444	334	1
S6011899	65	Port Input	14	610444	334	1
S6011899	65	Port Input	15	610444	334	1
S6011899	65	Port Input	14	610444	335	1
S6011899	65	Port Input	15	610445	335	1
S6011899	65	Port Input	14	610445	336	1
S6011899	65	Port Input	15	610445	336	1
S6011899	65	Port Input	14	610446	336	1
S6011899	65	Port Input	15	610446	336	1
S6011899	65	Port Input	14	610446	336	1
S6011899	65	Port Input	15	610476	366	1
S6011899	65	Port Input	14	610476	366	1
S6011899	65	Port Input	15	610476	367	1
S6011899	65	Port Input	14	610476	367	1
S6011899	65	Port Input	15	610478	368	1
S6011899	65	Port Input	14	610478	368	1
S6011899	65	Port Input	15	610491	381	1
S6011899	65	Port Input	14	610491	381	1
S6011899	65	Port Input	15	610491	382	1
S6011899	65	Port Input	14	610491	382	1
S6011899	65	Port Input	15	610495	385	1
S6011899	65	Port Input	14	610495	385	1
S6011899	65	Port Input	15	612986	2876	1
S6011899	65	Port Input	14	618498	8388	1
S6011899	65	Response	22	618498	8388	1
S6011899	66	Picture	20	618512	0	1	9166	1	0	next	hit	1158
S6011899	66	Port Input	15	618788	276	1
S6011899	66	Port Input	14	618788	276	1
S6011899	66	Port Input	15	618797	285	1
S6011899	66	Port Input	14	618797	285	1
S6011899	66	Port Input	15	618805	293	1
S6011899	66	Port Input	14	618805	293	1
S6011899	66	Port Input	15	618815	303	1
S6011899	66	Port Input	14	618815	303	1
S6011899	66	Port Input	15	618820	308	1
S6011899	66	Port Input	14	618820	308	1
S6011899	66	Port Input	15	618822	310	1
S6011899	66	Port Input	14	618822	310	1
S6011899	66	Port Input	15	618836	324	1
S6011899	66	Port Input	14	618836	324	1
S6011899	66	Port Input	15	618841	329	1
S6011899	66	Port Input	14	618841	329	1
S6011899	66	Port Input	15	618841	329	1
S6011899	66	Port Input	14	618841	329	1
S6011899	66	Port Input	15	618851	339	1
S6011899	66	Port Input	14	618851	339	1
S6011899	66	Port Input	15	618854	342	1
S6011899	66	Port Input	14	618854	342	1
S6011899	66	Port Input	15	618854	342	1
S6011899	66	Port Input	14	618854	342	1
S6011899	66	Port Input	15	618854	342	1
S6011899	66	Port Input	14	618854	342	1
S6011899	66	Port Input	15	618855	343	1
S6011899	66	Port Input	14	618855	343	1
S6011899	66	Port Input	15	618856	344	1
S6011899	66	Port Input	14	618856	344	1
S6011899	66	Port Input	15	618857	345	1
S6011899	66	Port Input	14	618857	345	1
S6011899	66	Port Input	15	618859	347	1
S6011899	66	Port Input	14	618859	347	1
S6011899	66	Port Input	15	618860	348	1
S6011899	66	Port Input	14	618860	348	1
S6011899	66	Port Input	15	618862	350	1
S6011899	66	Port Input	14	618862	350	1
S6011899	66	Port Input	15	618862	350	1
S6011899	66	Port Input	14	618862	350	1
S6011899	66	Port Input	15	618864	352	1
S6011899	66	Port Input	14	618864	352	1
S6011899	66	Port Input	15	618864	352	1
S6011899	66	Port Input	14	618864	352	1
S6011899	66	Port Input	15	618864	352	1
S6011899	66	Port Input	14	618865	353	1
S6011899	66	Port Input	15	618867	355	1
S6011899	66	Port Input	14	618867	355	1
S6011899	66	Port Input	15	618868	356	1
S6011899	66	Port Input	14	618868	356	1
S6011899	66	Port Input	15	618868	356	1
S6011899	66	Port Input	14	618868	356	1
S6011899	66	Port Input	15	618871	359	1
S6011899	66	Port Input	14	618871	359	1
S6011899	66	Port Input	15	618872	360	1
S6011899	66	Port Input	14	618872	360	1
S6011899	66	Port Input	15	618873	361	1
S6011899	66	Port Input	14	618873	361	1
S6011899	66	Port Input	15	618873	361	1
S6011899	66	Port Input	14	618873	361	1
S6011899	66	Port Input	15	618874	362	1
S6011899	66	Port Input	14	618874	362	1
S6011899	66	Port Input	15	618878	366	1
S6011899	66	Port Input	14	618878	366	1
S6011899	66	Port Input	15	618878	366	1
S6011899	66	Port Input	14	618878	366	1
S6011899	66	Port Input	15	618879	367	1
S6011899	66	Port Input	14	618879	367	1
S6011899	66	Port Input	15	618879	367	1
S6011899	66	Port Input	14	618879	367	1
S6011899	66	Port Input	15	618880	368	1
S6011899	66	Port Input	14	618880	368	1
S6011899	66	Port Input	15	618881	369	1
S6011899	66	Port Input	14	618881	369	1
S6011899	66	Port Input	15	618882	370	1
S6011899	66	Port Input	14	618882	370	1
S6011899	66	Port Input	15	618884	372	1
S6011899	66	Port Input	14	618884	372	1
S6011899	66	Port Input	15	618884	372	1
S6011899	66	Port Input	14	618884	372	1
S6011899	66	Port Input	15	618884	372	1
S6011899	66	Port Input	14	618884	372	1
S6011899	66	Port Input	15	618885	373	1
S6011899	66	Port Input	14	618885	373	1
S6011899	66	Port Input	15	618886	374	1
S6011899	66	Port Input	14	618886	374	1
S6011899	66	Port Input	15	618886	374	1
S6011899	66	Port Input	14	618886	374	1
S6011899	66	Port Input	15	618887	375	1
S6011899	66	Port Input	14	618887	375	1
S6011899	66	Port Input	15	618887	375	1
S6011899	66	Port Input	14	618887	375	1
S6011899	66	Port Input	15	618887	375	1
S6011899	66	Port Input	14	618887	375	1
S6011899	66	Port Input	15	618888	376	1
S6011899	66	Port Input	14	618888	376	1
S6011899	66	Port Input	15	618889	377	1
S6011899	66	Port Input	14	618889	377	1
S6011899	66	Port Input	15	618889	377	1
S6011899	66	Port Input	14	618889	377	1
S6011899	66	Port Input	15	618890	378	1
S6011899	66	Port Input	14	618890	378	1
S6011899	66	Port Input	15	618892	380	1
S6011899	66	Port Input	14	618892	380	1
S6011899	66	Port Input	15	618893	381	1
S6011899	66	Port Input	14	618893	381	1
S6011899	66	Port Input	15	618897	385	1
S6011899	66	Port Input	14	618897	385	1
S6011899	66	Port Input	15	618901	389	1
S6011899	66	Port Input	14	618901	389	1
S6011899	66	Port Input	15	618924	412	1
S6011899	66	Port Input	14	618924	412	1
S6011899	66	Port Input	15	621479	2967	1
S6011899	66	Port Input	14	621479	2967	1
S6011899	66	Port Input	15	621679	3167	1
S6011899	66	Port Input	14	621679	3167	1
S6011899	66	Port Input	15	621679	3167	1
S6011899	66	Port Input	14	627637	9125	1
S6011899	66	Response	22	627637	9125	1
S6011899	67	Picture	20	627678	0	1	8750	1	0	next	hit	1164
S6011899	67	Port Input	15	630544	2866	1
S6011899	67	Port Input	14	630544	2866	1
S6011899	67	Port Input	15	630544	2866	1
S6011899	67	Port Input	14	636361	8682	1
S6011899	67	Response	22	636361	8682	1
S6011899	68	Picture	20	636428	0	1	8680	1	0	next	hit	1176
S6011899	68	Port Input	15	639218	2790	1
S6011899	68	Port Input	14	639218	2790	1
S6011899	68	Port Input	15	639218	2790	1
S6011899	68	Port Input	14	639218	2790	1
S6011899	68	Port Input	15	639219	2790	1
S6011899	68	Port Input	14	639219	2790	1
S6011899	68	Port Input	15	639219	2791	1
S6011899	68	Port Input	14	639219	2791	1
S6011899	68	Port Input	15	639219	2791	1
S6011899	68	Port Input	14	645102	8674	1
S6011899	68	Response	22	645102	8674	1
S6011899	69	Picture	20	645108	0	1	9583	1	0	next	hit	1214
S6011899	69	Port Input	15	645486	378	1
S6011899	69	Port Input	14	645486	378	1
S6011899	69	Port Input	15	645487	379	1
S6011899	69	Port Input	14	645487	379	1
S6011899	69	Port Input	15	645489	380	1
S6011899	69	Port Input	14	645489	380	1
S6011899	69	Port Input	15	645490	382	1
S6011899	69	Port Input	14	645490	382	1
S6011899	69	Port Input	15	645490	382	1
S6011899	69	Port Input	14	645490	382	1
S6011899	69	Port Input	15	645492	383	1
S6011899	69	Port Input	14	645492	383	1
S6011899	69	Port Input	15	645493	384	1
S6011899	69	Port Input	14	645493	384	1
S6011899	69	Port Input	15	645494	385	1
S6011899	69	Port Input	14	645494	385	1
S6011899	69	Port Input	15	645494	385	1
S6011899	69	Port Input	14	645494	386	1
S6011899	69	Port Input	15	645496	387	1
S6011899	69	Port Input	14	645496	387	1
S6011899	69	Port Input	15	645507	398	1
S6011899	69	Port Input	14	645507	398	1
S6011899	69	Port Input	15	645571	463	1
S6011899	69	Port Input	14	645571	463	1
S6011899	69	Port Input	15	645574	465	1
S6011899	69	Port Input	14	645574	465	1
S6011899	69	Port Input	15	645578	469	1
S6011899	69	Port Input	14	645579	471	1
S6011899	69	Port Input	15	645832	724	1
S6011899	69	Port Input	14	645832	724	1
S6011899	69	Port Input	15	645975	866	1
S6011899	69	Port Input	14	645975	866	1
S6011899	69	Port Input	15	646066	957	1
S6011899	69	Port Input	14	646066	958	1
S6011899	69	Port Input	15	648489	3380	1
S6011899	69	Port Input	14	654622	9514	1
S6011899	69	Response	22	654622	9514	1
S6011899	69	Port Input	15	654623	9514	1
S6011899	69	Port Input	14	654623	9514	1
S6011899	70	Picture	20	654691	0	1	9097	1	0	next	hit	1220
S6011899	70	Port Input	15	657854	3163	1
S6011899	70	Port Input	14	663716	9025	1
S6011899	70	Response	22	663716	9025	1
S6011899	71	Picture	20	663788	0	1	9236	1	0	next	hit	1226
S6011899	71	Port Input	15	664122	334	1
S6011899	71	Port Input	14	664122	334	1
S6011899	71	Port Input	15	667101	3312	1
S6011899	71	Port Input	14	672992	9204	1
S6011899	71	Response	22	672992	9204	1
S6011899	72	Picture	20	673024	0	1	8611	1	0	next	hit	1230
S6011899	72	Port Input	15	676129	3104	1
S6011899	72	Port Input	14	681601	8577	1
S6011899	72	Response	22	681601	8577	1
S6011899	72	Port Input	15	681601	8577	1
S6011899	72	Port Input	14	681602	8577	1
S6011899	73	Picture	20	681635	0	1	8472	1	0	next	hit	1280
S6011899	73	Port Input	15	681935	300	1
S6011899	73	Port Input	14	681935	300	1
S6011899	73	Port Input	15	681939	304	1
S6011899	73	Port Input	14	681939	304	1
S6011899	73	Port Input	15	681940	305	1
S6011899	73	Port Input	14	681940	305	1
S6011899	73	Port Input	15	681941	305	1
S6011899	73	Port Input	14	681941	306	1
S6011899	73	Port Input	15	681941	306	1
S6011899	73	Port Input	14	681941	306	1
S6011899	73	Port Input	15	681953	318	1
S6011899	73	Port Input	14	681954	318	1
S6011899	73	Port Input	15	684637	3002	1
S6011899	73	Port Input	14	684637	3002	1
S6011899	73	Port Input	15	684638	3003	1
S6011899	73	Port Input	14	684638	3003	1
S6011899	73	Port Input	15	684638	3003	1
S6011899	73	Port Input	14	684638	3003	1
S6011899	73	Port Input	15	684639	3004	1
S6011899	73	Port Input	14	684639	3004	1
S6011899	73	Port Input	15	684653	3018	1
S6011899	73	Port Input	14	684653	3018	1
S6011899	73	Port Input	15	684677	3042	1
S6011899	73	Port Input	14	684677	3042	1
S6011899	73	Port Input	15	684677	3042	1
S6011899	73	Port Input	14	684678	3042	1
S6011899	73	Port Input	15	684679	3044	1
S6011899	73	Port Input	14	684679	3044	1
S6011899	73	Port Input	15	684680	3045	1
S6011899	73	Port Input	14	684680	3045	1
S6011899	73	Port Input	15	684706	3071	1
S6011899	73	Port Input	14	684706	3071	1
S6011899	73	Port Input	15	684707	3072	1
S6011899	73	Port Input	14	684707	3072	1
S6011899	73	Port Input	15	684712	3077	1
S6011899	73	Port Input	14	684712	3077	1
S6011899	73	Port Input	15	684713	3078	1
S6011899	73	Port Input	14	684713	3078	1
S6011899	73	Port Input	15	684932	3297	1
S6011899	73	Port Input	14	684932	3297	1
S6011899	73	Port Input	15	684936	3301	1
S6011899	73	Port Input	14	684936	3301	1
S6011899	73	Port Input	15	684936	3301	1
S6011899	73	Port Input	14	684936	3301	1
S6011899	73	Port Input	15	684936	3301	1
S6011899	73	Port Input	14	690093	8457	1
S6011899	73	Response	22	690093	8457	1
S6011899	73	Port Input	15	690093	8457	1
S6011899	73	Port Input	14	690093	8458	1
S6011899	73	Port Input	15	690094	8459	3
S6011899	73	Port Input	14	690096	8461	1
S6011899	73	Port Input	15	690097	8462	1
S6011899	73	Port Input	14	690097	8462	1
S6011899	74	Picture	20	690107	0	1	10000	1	0	next	hit	1292
S6011899	74	Port Input	15	693695	3588	1
S6011899	74	Port Input	14	693695	3588	1
S6011899	74	Port Input	15	693695	3588	1
S6011899	74	Port Input	14	700089	9981	1
S6011899	74	Response	22	700089	9981	1
S6011899	75	Picture	20	700107	0	1	8819	1	0	next	hit	1298
S6011899	75	Port Input	15	703591	3484	1
S6011899	75	Port Input	14	703591	3484	1
S6011899	75	Port Input	15	703591	3484	1
S6011899	75	Port Input	14	708856	8749	1
S6011899	75	Response	22	708856	8749	1
S6011899	76	Picture	20	708926	0	1	9930	1	0	next	hit	1302
S6011899	76	Port Input	15	712577	3651	1
S6011899	76	Port Input	14	718843	9917	1
S6011899	76	Response	22	718843	9917	1
S6011899	77	Picture	20	718856	0	1	9514	1	0	next	hit	1312
S6011899	77	Port Input	15	719131	275	1
S6011899	77	Port Input	14	719131	275	1
S6011899	77	Port Input	15	719136	279	1
S6011899	77	Port Input	14	719136	279	1
S6011899	77	Port Input	15	722383	3527	1
S6011899	77	Port Input	14	722383	3527	1
S6011899	77	Port Input	15	722383	3527	1
S6011899	77	Port Input	14	728298	9442	1
S6011899	77	Response	22	728298	9442	1
S6011899	77	Port Input	15	728298	9442	1
S6011899	77	Port Input	14	728298	9442	1
S6011899	77	Port Input	15	728298	9442	1
S6011899	77	Port Input	14	728298	9442	1
S6011899	78	Picture	20	728370	0	1	9027	1	0	next	hit	1358
S6011899	78	Port Input	15	728566	197	1
S6011899	78	Port Input	14	728567	197	1
S6011899	78	Port Input	15	728567	197	1
S6011899	78	Port Input	14	728567	197	1
S6011899	78	Port Input	15	728567	197	1
S6011899	78	Port Input	14	728567	197	1
S6011899	78	Port Input	15	728567	197	1
S6011899	78	Port Input	14	728567	197	1
S6011899	78	Port Input	15	728567	198	1
S6011899	78	Port Input	14	728567	198	1
S6011899	78	Port Input	15	728568	198	1
S6011899	78	Port Input	14	728568	198	1
S6011899	78	Port Input	15	728571	201	1
S6011899	78	Port Input	14	728571	201	1
S6011899	78	Port Input	15	728607	238	1
S6011899	78	Port Input	14	728607	238	1
S6011899	78	Port Input	15	728618	248	1
S6011899	78	Port Input	14	728618	248	1
S6011899	78	Port Input	15	728619	249	1
S6011899	78	Port Input	14	728619	249	1
S6011899	78	Port Input	15	728621	251	1
S6011899	78	Port Input	14	728621	251	1
S6011899	78	Port Input	15	728647	277	1
S6011899	78	Port Input	14	728647	277	1
S6011899	78	Port Input	15	728673	303	1
S6011899	78	Port Input	14	728673	303	1
S6011899	78	Port Input	15	728709	339	1
S6011899	78	Port Input	14	728709	339	1
S6011899	78	Port Input	15	728877	507	1
S6011899	78	Port Input	14	728877	507	1
S6011899	78	Port Input	15	731303	2933	1
S6011899	78	Port Input	14	731303	2933	1
S6011899	78	Port Input	15	731323	2953	1
S6011899	78	Port Input	14	731323	2953	1
S6011899	78	Port Input	15	731342	2972	1
S6011899	78	Port Input	14	731342	2972	1
S6011899	78	Port Input	15	731353	2983	1
S6011899	78	Port Input	14	731353	2983	1
S6011899	78	Port Input	15	731740	3370	1
S6011899	78	Port Input	14	737353	8983	1
S6011899	78	Response	22	737353	8983	1
S6011899	79	Picture	20	737397	0	1	10069	1	0	next	hit	1436
S6011899	79	Port Input	15	737597	200	1
S6011899	79	Port Input	14	737597	200	1
S6011899	79	Port Input	15	737598	201	1
S6011899	79	Port Input	14	737598	201	1
S6011899	79	Port Input	15	737598	201	1
S6011899	79	Port Input	14	737598	201	1
S6011899	79	Port Input	15	737599	202	1
S6011899	79	Port Input	14	737599	202	1
S6011899	79	Port Input	15	737600	203	1
S6011899	79	Port Input	14	737601	203	1
S6011899	79	Port Input	15	737602	204	1
S6011899	79	Port Input	14	737602	205	1
S6011899	79	Port Input	15	737602	205	1
S6011899	79	Port Input	14	737602	205	1
S6011899	79	Port Input	15	737602	205	1
S6011899	79	Port Input	14	737602	205	1
S6011899	79	Port Input	15	737603	206	1
S6011899	79	Port Input	14	737603	206	1
S6011899	79	Port Input	15	737604	207	1
S6011899	79	Port Input	14	737604	207	1
S6011899	79	Port Input	15	737606	209	1
S6011899	79	Port Input	14	737606	209	1
S6011899	79	Port Input	15	737611	214	1
S6011899	79	Port Input	14	737611	214	1
S6011899	79	Port Input	15	737648	251	1
S6011899	79	Port Input	14	737648	251	1
S6011899	79	Port Input	15	737721	323	1
S6011899	79	Port Input	14	737721	323	1
S6011899	79	Port Input	15	737742	345	1
S6011899	79	Port Input	14	737742	345	1
S6011899	79	Port Input	15	737742	345	1
S6011899	79	Port Input	14	737742	345	1
S6011899	79	Port Input	15	737752	354	1
S6011899	79	Port Input	14	737752	354	1
S6011899	79	Port Input	15	737760	363	1
S6011899	79	Port Input	14	737760	363	1
S6011899	79	Port Input	15	737827	430	1
S6011899	79	Port Input	14	737827	430	1
S6011899	79	Port Input	15	737845	448	1
S6011899	79	Port Input	14	737845	448	1
S6011899	79	Port Input	15	740806	3408	1
S6011899	79	Port Input	14	740806	3408	1
S6011899	79	Port Input	15	740806	3409	1
S6011899	79	Port Input	14	740806	3409	1
S6011899	79	Port Input	15	740808	3411	1
S6011899	79	Port Input	14	740808	3411	1
S6011899	79	Port Input	15	740809	3412	1
S6011899	79	Port Input	14	740809	3412	1
S6011899	79	Port Input	15	740813	3415	1
S6011899	79	Port Input	14	740813	3415	1
S6011899	79	Port Input	15	740814	3417	1
S6011899	79	Port Input	14	740814	3417	1
S6011899	79	Port Input	15	740814	3417	1
S6011899	79	Port Input	14	740814	3417	1
S6011899	79	Port Input	15	740817	3419	1
S6011899	79	Port Input	14	740817	3419	1
S6011899	79	Port Input	15	740817	3420	1
S6011899	79	Port Input	14	740817	3420	1
S6011899	79	Port Input	15	740817	3420	1
S6011899	79	Port Input	14	740817	3420	1
S6011899	79	Port Input	15	740818	3420	1
S6011899	79	Port Input	14	740818	3420	1
S6011899	79	Port Input	15	740820	3422	1
S6011899	79	Port Input	14	740820	3422	1
S6011899	79	Port Input	15	740820	3423	1
S6011899	79	Port Input	14	740820	3423	1
S6011899	79	Port Input	15	740820	3423	1
S6011899	79	Port Input	14	740820	3423	1
S6011899	79	Port Input	15	740821	3424	1
S6011899	79	Port Input	14	740821	3424	1
S6011899	79	Port Input	15	740823	3426	1
S6011899	79	Port Input	14	740823	3426	1
S6011899	79	Port Input	15	741045	3648	1
S6011899	79	Port Input	14	741045	3648	1
S6011899	79	Port Input	15	741045	3648	1
S6011899	79	Port Input	14	747455	10058	1
S6011899	79	Response	22	747455	10058	1
S6011899	80	Picture	20	747466	0	1	10069	1	0	next	hit	1470
S6011899	80	Port Input	15	747739	273	1
S6011899	80	Port Input	14	747739	273	1
S6011899	80	Port Input	15	747740	274	1
S6011899	80	Port Input	14	747740	274	1
S6011899	80	Port Input	15	747740	274	1
S6011899	80	Port Input	14	747740	274	1
S6011899	80	Port Input	15	747746	280	1
S6011899	80	Port Input	14	747746	280	1
S6011899	80	Port Input	15	747746	280	1
S6011899	80	Port Input	14	747747	280	1
S6011899	80	Port Input	15	747748	281	1
S6011899	80	Port Input	14	747748	281	1
S6011899	80	Port Input	15	747770	304	1
S6011899	80	Port Input	14	747770	304	1
S6011899	80	Port Input	15	747770	304	1
S6011899	80	Port Input	14	747771	304	1
S6011899	80	Port Input	15	747773	307	1
S6011899	80	Port Input	14	747773	307	1
S6011899	80	Port Input	15	747949	482	1
S6011899	80	Port Input	14	747949	482	1
S6011899	80	Port Input	15	751163	3696	1
S6011899	80	Port Input	14	751163	3696	1
S6011899	80	Port Input	15	751163	3696	1
S6011899	80	Port Input	14	751163	3696	1
S6011899	80	Port Input	15	751163	3696	1
S6011899	80	Port Input	14	751163	3696	1
S6011899	80	Port Input	15	751163	3697	1
S6011899	80	Port Input	14	751163	3697	1
S6011899	80	Port Input	15	751163	3697	1
S6011899	80	Port Input	14	751164	3697	1
S6011899	80	Port Input	15	751164	3697	1
S6011899	80	Port Input	14	757517	10050	1
S6011899	80	Response	22	757517	10050	1
S6011899	81	Picture	20	757536	0	1	10486	1	0	next	hit	1478
S6011899	81	Port Input	15	757969	434	1
S6011899	81	Port Input	14	757969	434	1
S6011899	81	Port Input	15	761122	3586	1
S6011899	81	Port Input	14	761122	3586	1
S6011899	81	Port Input	15	761376	3840	1
S6011899	81	Port Input	14	767968	10433	1
S6011899	81	Response	22	767968	10433	1
S6011899	81	Port Input	15	767969	10433	1
S6011899	81	Port Input	14	767969	10433	1
S6011899	82	Picture	20	768021	0	1	10347	1	0	next	hit	1484
S6011899	82	Port Input	15	771881	3859	1
S6011899	82	Port Input	14	778357	10335	1
S6011899	82	Response	22	778357	10335	1
S6011899	83	Picture	20	778368	0	1	10625	1	0	next	hit	1498
S6011899	83	Port Input	15	778640	272	1
S6011899	83	Port Input	14	778640	272	1
S6011899	83	Port Input	15	778641	273	1
S6011899	83	Port Input	14	778641	273	1
S6011899	83	Port Input	15	778646	277	1
S6011899	83	Port Input	14	778646	277	1
S6011899	83	Port Input	15	778648	280	1
S6011899	83	Port Input	14	778648	280	1
S6011899	83	Port Input	15	782194	3825	1
S6011899	83	Port Input	14	782194	3825	1
S6011899	83	Port Input	15	782194	3825	1
S6011899	83	Port Input	14	788939	10571	1
S6011899	83	Response	22	788939	10571	1
S6011899	84	Picture	20	788993	0	1	10555	1	0	next	hit	1510
S6011899	84	Port Input	15	789295	302	1
S6011899	84	Port Input	14	789295	302	1
S6011899	84	Port Input	15	789300	307	1
S6011899	84	Port Input	14	789300	307	1
S6011899	84	Port Input	15	789301	308	1
S6011899	84	Port Input	14	789301	308	1
S6011899	84	Port Input	15	789312	319	1
S6011899	84	Port Input	14	789312	319	1
S6011899	84	Port Input	15	792550	3557	1
S6011899	84	Port Input	14	799502	10509	1
S6011899	84	Response	22	799502	10509	1
S6011899	85	Picture	20	799548	0	1	10416	1	0	next	hit	1518
S6011899	85	Port Input	15	803138	3589	1
S6011899	85	Port Input	14	803138	3589	1
S6011899	85	Port Input	15	803138	3590	1
S6011899	85	Port Input	14	803138	3590	1
S6011899	85	Port Input	15	803138	3590	1
S6011899	85	Port Input	14	809933	10384	1
S6011899	85	Response	22	809933	10384	1
S6011899	86	Picture	20	809964	0	1	10625	1	0	next	hit	1524
S6011899	86	Port Input	15	813282	3318	1
S6011899	86	Port Input	14	813282	3318	1
S6011899	86	Port Input	15	813283	3318	1
S6011899	86	Port Input	14	820520	10555	1
S6011899	86	Response	22	820520	10555	1
S6011899	87	Picture	20	820589	0	1	9930	1	0	next	hit	1530
S6011899	87	Port Input	15	820859	270	1
S6011899	87	Port Input	14	820859	270	1
S6011899	87	Port Input	15	823641	3052	1
S6011899	87	Port Input	14	830495	9906	1
S6011899	87	Response	22	830495	9906	1
S6011899	88	Picture	20	830519	0	1	10625	1	0	next	hit	1534
S6011899	88	Port Input	15	833685	3165	1
S6011899	88	Port Input	14	841109	10590	1
S6011899	88	Response	22	841109	10590	1
S6011899	89	Picture	20	841144	0	1	10416	1	0	next	hit	1554
S6011899	89	Port Input	15	844154	3010	1
S6011899	89	Port Input	14	844154	3010	1
S6011899	89	Port Input	15	844154	3010	1
S6011899	89	Port Input	14	844154	3010	1
S6011899	89	Port Input	15	844154	3010	1
S6011899	89	Port Input	14	844154	3010	1
S6011899	89	Port Input	15	844154	3010	1
S6011899	89	Port Input	14	844154	3010	1
S6011899	89	Port Input	15	844155	3010	1
S6011899	89	Port Input	14	844155	3011	1
S6011899	89	Port Input	15	844155	3011	1
S6011899	89	Port Input	14	844155	3011	1
S6011899	89	Port Input	15	844155	3011	1
S6011899	89	Port Input	14	844155	3011	1
S6011899	89	Port Input	15	844155	3011	1
S6011899	89	Port Input	14	844155	3011	1
S6011899	89	Port Input	15	844155	3011	1
S6011899	89	Port Input	14	851492	10348	1
S6011899	89	Response	22	851492	10348	1
S6011899	90	Picture	20	851560	0	1	9791	1	0	next	hit	1558
S6011899	90	Port Input	15	854501	2941	1
S6011899	90	Port Input	14	861328	9767	1
S6011899	90	Response	22	861328	9767	1
S6011899	91	Picture	20	861352	0	1	10139	1	0	next	hit	1564
S6011899	91	Port Input	15	864504	3152	1
S6011899	91	Port Input	14	864504	3152	1
S6011899	91	Port Input	15	864504	3153	1
S6011899	91	Port Input	14	871481	10129	1
S6011899	91	Response	22	871481	10129	1
S6011899	91	Port Input	15	871481	10129	1
S6011899	91	Port Input	14	871482	10130	1
S6011899	92	Picture	20	871490	0	1	10277	1	0	next	hit	1688
S6011899	92	Port Input	15	871852	362	1
S6011899	92	Port Input	14	871852	362	1
S6011899	92	Port Input	15	871853	362	1
S6011899	92	Port Input	14	871853	362	1
S6011899	92	Port Input	15	871853	363	1
S6011899	92	Port Input	14	871853	363	1
S6011899	92	Port Input	15	871858	368	1
S6011899	92	Port Input	14	871858	368	1
S6011899	92	Port Input	15	871861	371	1
S6011899	92	Port Input	14	871861	371	1
S6011899	92	Port Input	15	871862	372	1
S6011899	92	Port Input	14	871862	372	1
S6011899	92	Port Input	15	871871	381	1
S6011899	92	Port Input	14	871871	381	1
S6011899	92	Port Input	15	871875	385	1
S6011899	92	Port Input	14	871875	385	1
S6011899	92	Port Input	15	871876	385	1
S6011899	92	Port Input	14	871876	385	1
S6011899	92	Port Input	15	871878	387	1
S6011899	92	Port Input	14	871878	387	1
S6011899	92	Port Input	15	871879	388	1
S6011899	92	Port Input	14	871879	389	1
S6011899	92	Port Input	15	871880	390	1
S6011899	92	Port Input	14	871880	390	1
S6011899	92	Port Input	15	871887	396	1
S6011899	92	Port Input	14	871887	396	1
S6011899	92	Port Input	15	871887	397	1
S6011899	92	Port Input	14	871948	457	1
S6011899	92	Port Input	15	871948	458	1
S6011899	92	Port Input	14	871948	458	1
S6011899	92	Port Input	15	871950	460	1
S6011899	92	Port Input	14	871950	460	1
S6011899	92	Port Input	15	871950	460	1
S6011899	92	Port Input	14	871950	460	1
S6011899	92	Port Input	15	871952	462	1
S6011899	92	Port Input	14	871953	462	1
S6011899	92	Port Input	15	871953	463	1
S6011899	92	Port Input	14	871954	463	1
S6011899	92	Port Input	15	871967	476	1
S6011899	92	Port Input	14	871967	476	1
S6011899	92	Port Input	15	871978	488	1
S6011899	92	Port Input	14	871978	488	1
S6011899	92	Port Input	15	871979	488	1
S6011899	92	Port Input	14	871979	488	1
S6011899	92	Port Input	15	871981	491	1
S6011899	92	Port Input	14	871981	491	1
S6011899	92	Port Input	15	872004	514	1
S6011899	92	Port Input	14	872004	514	1
S6011899	92	Port Input	15	872004	514	1
S6011899	92	Port Input	14	872004	514	1
S6011899	92	Port Input	15	872005	514	1
S6011899	92	Port Input	14	872005	514	1
S6011899	92	Port Input	15	872005	515	1
S6011899	92	Port Input	14	872006	516	1
S6011899	92	Port Input	15	872008	517	1
S6011899	92	Port Input	14	872008	517	1
S6011899	92	Port Input	15	872008	518	1
S6011899	92	Port Input	14	872008	518	1
S6011899	92	Port Input	15	872008	518	1
S6011899	92	Port Input	14	872008	518	1
S6011899	92	Port Input	15	872011	520	1
S6011899	92	Port Input	14	872011	521	1
S6011899	92	Port Input	15	872012	522	1
S6011899	92	Port Input	14	872012	522	1
S6011899	92	Port Input	15	872012	522	1
S6011899	92	Port Input	14	872012	522	1
S6011899	92	Port Input	15	872019	528	1
S6011899	92	Port Input	14	872019	529	1
S6011899	92	Port Input	15	872021	530	1
S6011899	92	Port Input	14	872021	530	1
S6011899	92	Port Input	15	872021	531	1
S6011899	92	Port Input	14	872359	869	1
S6011899	92	Port Input	15	872377	887	1
S6011899	92	Port Input	14	872377	887	1
S6011899	92	Port Input	15	872384	894	1
S6011899	92	Port Input	14	872385	894	1
S6011899	92	Port Input	15	872388	897	1
S6011899	92	Port Input	14	872390	899	1
S6011899	92	Port Input	15	872421	931	1
S6011899	92	Port Input	14	872460	970	1
S6011899	92	Port Input	15	872565	1075	1
S6011899	92	Port Input	14	872565	1075	1
S6011899	92	Port Input	15	872578	1088	1
S6011899	92	Port Input	14	872591	1100	1
S6011899	92	Port Input	15	872619	1128	1
S6011899	92	Port Input	14	872619	1129	1
S6011899	92	Port Input	15	872669	1178	1
S6011899	92	Port Input	14	872671	1180	1
S6011899	92	Port Input	15	872737	1247	1
S6011899	92	Port Input	14	872738	1247	1
S6011899	92	Port Input	15	874364	2874	1
S6011899	92	Port Input	14	874364	2874	1
S6011899	92	Port Input	15	874395	2905	1
S6011899	92	Port Input	14	874395	2905	1
S6011899	92	Port Input	15	874692	3202	1
S6011899	92	Port Input	14	874692	3202	1
S6011899	92	Port Input	15	874693	3203	1
S6011899	92	Port Input	14	874693	3203	1
S6011899	92	Port Input	15	874694	3203	1
S6011899	92	Port Input	14	874694	3203	1
S6011899	92	Port Input	15	874696	3206	1
S6011899	92	Port Input	14	874696	3206	1
S6011899	92	Port Input	15	874709	3218	1
S6011899	92	Port Input	14	874709	3218	1
S6011899	92	Port Input	15	874709	3219	1
S6011899	92	Port Input	14	874709	3219	1
S6011899	92	Port Input	15	874709	3219	1
S6011899	92	Port Input	14	874709	3219	1
S6011899	92	Port Input	15	874710	3219	1
S6011899	92	Port Input	14	874712	3221	1
S6011899	92	Port Input	15	874712	3222	1
S6011899	92	Port Input	14	874712	3222	1
S6011899	92	Port Input	15	874712	3222	1
S6011899	92	Port Input	14	874713	3222	1
S6011899	92	Port Input	15	874713	3222	1
S6011899	92	Port Input	14	874713	3223	1
S6011899	92	Port Input	15	875003	3513	1
S6011899	92	Port Input	14	875003	3513	1
S6011899	92	Port Input	15	875004	3513	1
S6011899	92	Port Input	14	881750	10260	1
S6011899	92	Response	22	881750	10260	1
S6011899	93	Picture	20	881768	0	1	9930	1	0	next	hit	1692
S6011899	93	Port Input	15	884922	3154	1
S6011899	93	Port Input	14	891624	9856	1
S6011899	93	Response	22	891624	9856	1
S6011899	94	Picture	20	891698	0	1	9722	1	0	next	hit	1726
S6011899	94	Port Input	15	892105	407	1
S6011899	94	Port Input	14	892105	407	1
S6011899	94	Port Input	15	892111	413	1
S6011899	94	Port Input	14	892111	413	1
S6011899	94	Port Input	15	892116	418	1
S6011899	94	Port Input	14	892116	418	1
S6011899	94	Port Input	15	892117	419	1
S6011899	94	Port Input	14	892117	419	1
S6011899	94	Port Input	15	892117	419	1
S6011899	94	Port Input	14	892117	419	1
S6011899	94	Port Input	15	892124	426	1
S6011899	94	Port Input	14	892124	426	1
S6011899	94	Port Input	15	892124	426	1
S6011899	94	Port Input	14	892124	426	1
S6011899	94	Port Input	15	892127	429	1
S6011899	94	Port Input	14	892127	429	1
S6011899	94	Port Input	15	894650	2952	1
S6011899	94	Port Input	14	894650	2952	1
S6011899	94	Port Input	15	894651	2953	1
S6011899	94	Port Input	14	894651	2953	1
S6011899	94	Port Input	15	894651	2953	1
S6011899	94	Port Input	14	894651	2953	1
S6011899	94	Port Input	15	894652	2953	1
S6011899	94	Port Input	14	894652	2954	1
S6011899	94	Port Input	15	894896	3198	1
S6011899	94	Port Input	14	894896	3198	1
S6011899	94	Port Input	15	894896	3198	1
S6011899	94	Port Input	14	894896	3198	1
S6011899	94	Port Input	15	894897	3198	1
S6011899	94	Port Input	14	894897	3199	1
S6011899	94	Port Input	15	894897	3199	1
S6011899	94	Port Input	14	901383	9685	1
S6011899	94	Response	22	901383	9685	1
S6011899	95	Picture	20	901420	0	1	10486	1	0	next	hit	1748
S6011899	95	Port Input	15	901991	571	1
S6011899	95	Port Input	14	901991	571	1
S6011899	95	Port Input	15	902008	588	1
S6011899	95	Port Input	14	902008	588	1
S6011899	95	Port Input	15	902151	731	1
S6011899	95	Port Input	14	902151	731	1
S6011899	95	Port Input	15	902592	1172	1
S6011899	95	Port Input	14	902592	1172	1
S6011899	95	Port Input	15	904841	3421	1
S6011899	95	Port Input	14	904841	3421	1
S6011899	95	Port Input	15	904841	3421	1
S6011899	95	Port Input	14	904841	3421	1
S6011899	95	Port Input	15	904841	3422	1
S6011899	95	Port Input	14	904842	3422	1
S6011899	95	Port Input	15	904872	3452	1
S6011899	95	Port Input	14	904872	3452	1
S6011899	95	Port Input	15	905127	3707	1
S6011899	95	Port Input	14	905127	3707	1
S6011899	95	Port Input	15	905128	3708	1
S6011899	95	Port Input	14	911887	10467	1
S6011899	95	Response	22	911887	10467	1
S6011899	96	Picture	20	911906	0	1	11041	1	0	next	hit	1850
S6011899	96	Port Input	15	912560	654	1
S6011899	96	Port Input	14	912560	654	1
S6011899	96	Port Input	15	912561	655	1
S6011899	96	Port Input	14	912561	655	1
S6011899	96	Port Input	15	912561	655	1
S6011899	96	Port Input	14	912561	655	1
S6011899	96	Port Input	15	912564	658	1
S6011899	96	Port Input	14	912564	658	1
S6011899	96	Port Input	15	912564	659	1
S6011899	96	Port Input	14	912564	659	1
S6011899	96	Port Input	15	912565	659	1
S6011899	96	Port Input	14	912565	659	1
S6011899	96	Port Input	15	912569	664	1
S6011899	96	Port Input	14	912569	664	1
S6011899	96	Port Input	15	912571	666	1
S6011899	96	Port Input	14	912571	666	1
S6011899	96	Port Input	15	912572	667	1
S6011899	96	Port Input	14	912572	667	1
S6011899	96	Port Input	15	912573	667	1
S6011899	96	Port Input	14	912573	667	1
S6011899	96	Port Input	15	912573	667	1
S6011899	96	Port Input	14	912573	667	1
S6011899	96	Port Input	15	912573	668	1
S6011899	96	Port Input	14	912573	668	1
S6011899	96	Port Input	15	912574	668	1
S6011899	96	Port Input	14	912574	668	1
S6011899	96	Port Input	15	912575	669	1
S6011899	96	Port Input	14	912575	669	1
S6011899	96	Port Input	15	912575	669	1
S6011899	96	Port Input	14	912575	669	1
S6011899	96	Port Input	15	912575	669	1
S6011899	96	Port Input	14	912575	669	1
S6011899	96	Port Input	15	912576	671	1
S6011899	96	Port Input	14	912576	671	1
S6011899	96	Port Input	15	912577	671	1
S6011899	96	Port Input	14	912577	671	1
S6011899	96	Port Input	15	912577	672	1
S6011899	96	Port Input	14	912577	672	1
S6011899	96	Port Input	15	912578	672	1
S6011899	96	Port Input	14	912578	672	1
S6011899	96	Port Input	15	912578	673	1
S6011899	96	Port Input	14	912578	673	1
S6011899	96	Port Input	15	912580	674	1
S6011899	96	Port Input	14	912580	674	1
S6011899	96	Port Input	15	912582	676	1
S6011899	96	Port Input	14	912582	676	1
S6011899	96	Port Input	15	912584	678	1
S6011899	96	Port Input	14	912584	678	1
S6011899	96	Port Input	15	912584	678	1
S6011899	96	Port Input	14	912584	679	1
S6011899	96	Port Input	15	912585	679	1
S6011899	96	Port Input	14	912585	679	1
S6011899	96	Port Input	15	912588	682	1
S6011899	96	Port Input	14	912588	682	1
S6011899	96	Port Input	15	912590	684	1
S6011899	96	Port Input	14	912590	684	1
S6011899	96	Port Input	15	912593	688	1
S6011899	96	Port Input	14	912593	688	1
S6011899	96	Port Input	15	912597	691	1
S6011899	96	Port Input	14	912597	691	1
S6011899	96	Port Input	15	912604	699	1
S6011899	96	Port Input	14	912604	699	1
S6011899	96	Port Input	15	912607	701	1
S6011899	96	Port Input	14	912607	701	1
S6011899	96	Port Input	15	912607	702	1
S6011899	96	Port Input	14	912607	702	1
S6011899	96	Port Input	15	912608	702	1
S6011899	96	Port Input	14	912608	702	1
S6011899	96	Port Input	15	912616	710	1
S6011899	96	Port Input	14	912616	710	1
S6011899	96	Port Input	15	912616	711	1
S6011899	96	Port Input	14	912616	711	1
S6011899	96	Port Input	15	912619	713	1
S6011899	96	Port Input	14	912619	714	1
S6011899	96	Port Input	15	912622	716	1
S6011899	96	Port Input	14	912622	716	1
S6011899	96	Port Input	15	912623	717	1
S6011899	96	Port Input	14	912623	717	1
S6011899	96	Port Input	15	912623	717	1
S6011899	96	Port Input	14	912623	717	1
S6011899	96	Port Input	15	912624	718	1
S6011899	96	Port Input	14	912624	718	1
S6011899	96	Port Input	15	912627	721	1
S6011899	96	Port Input	14	912627	721	1
S6011899	96	Port Input	15	912628	722	1
S6011899	96	Port Input	14	912628	722	1
S6011899	96	Port Input	15	912628	723	1
S6011899	96	Port Input	14	912629	723	1
S6011899	96	Port Input	15	912629	723	1
S6011899	96	Port Input	14	912629	723	1
S6011899	96	Port Input	15	912631	725	1
S6011899	96	Port Input	14	912631	725	1
S6011899	96	Port Input	15	915501	3595	1
S6011899	96	Port Input	14	915501	3595	1
S6011899	96	Port Input	15	915502	3596	1
S6011899	96	Port Input	14	915502	3596	1
S6011899	96	Port Input	15	915502	3596	1
S6011899	96	Port Input	14	915502	3596	1
S6011899	96	Port Input	15	915502	3597	1
S6011899	96	Port Input	14	922918	11013	1
S6011899	96	Response	22	922918	11013	1
S6011899	97	Picture	20	922947	0	1	10625	1	0	next	hit	1908
S6011899	97	Port Input	15	926043	3096	1
S6011899	97	Port Input	14	926043	3096	1
S6011899	97	Port Input	15	926044	3097	1
S6011899	97	Port Input	14	926044	3097	1
S6011899	97	Port Input	15	926050	3102	1
S6011899	97	Port Input	14	926050	3103	1
S6011899	97	Port Input	15	926053	3106	1
S6011899	97	Port Input	14	926053	3106	1
S6011899	97	Port Input	15	926054	3107	1
S6011899	97	Port Input	14	926054	3107	1
S6011899	97	Port Input	15	926056	3109	1
S6011899	97	Port Input	14	926056	3109	1
S6011899	97	Port Input	15	926056	3109	1
S6011899	97	Port Input	14	926056	3109	1
S6011899	97	Port Input	15	926057	3110	1
S6011899	97	Port Input	14	926057	3110	1
S6011899	97	Port Input	15	926062	3115	1
S6011899	97	Port Input	14	926062	3115	1
S6011899	97	Port Input	15	926063	3116	1
S6011899	97	Port Input	14	926063	3116	1
S6011899	97	Port Input	15	926064	3116	1
S6011899	97	Port Input	14	926064	3117	1
S6011899	97	Port Input	15	926064	3117	1
S6011899	97	Port Input	14	926064	3117	1
S6011899	97	Port Input	15	926065	3118	1
S6011899	97	Port Input	14	926065	3118	1
S6011899	97	Port Input	15	926067	3120	1
S6011899	97	Port Input	14	926067	3120	1
S6011899	97	Port Input	15	926069	3122	1
S6011899	97	Port Input	14	926069	3122	1
S6011899	97	Port Input	15	926073	3125	1
S6011899	97	Port Input	14	926073	3125	1
S6011899	97	Port Input	15	926073	3126	1
S6011899	97	Port Input	14	926074	3126	1
S6011899	97	Port Input	15	926076	3129	1
S6011899	97	Port Input	14	926076	3129	1
S6011899	97	Port Input	15	926077	3130	1
S6011899	97	Port Input	14	926077	3130	1
S6011899	97	Port Input	15	926079	3132	1
S6011899	97	Port Input	14	926079	3132	1
S6011899	97	Port Input	15	926108	3161	1
S6011899	97	Port Input	14	926108	3161	1
S6011899	97	Port Input	15	926121	3174	1
S6011899	97	Port Input	14	926121	3174	1
S6011899	97	Port Input	15	926121	3174	1
S6011899	97	Port Input	14	926121	3174	1
S6011899	97	Port Input	15	926141	3194	1
S6011899	97	Port Input	14	926141	3194	1
S6011899	97	Port Input	15	926146	3199	1
S6011899	97	Port Input	14	926146	3199	1
S6011899	97	Port Input	15	926351	3404	1
S6011899	97	Port Input	14	926351	3404	1
S6011899	97	Port Input	15	926352	3405	1
S6011899	97	Port Input	14	926352	3405	1
S6011899	97	Port Input	15	926352	3405	1
S6011899	97	Port Input	14	933513	10566	1
S6011899	97	Response	22	933513	10566	1
S6011899	97	Port Input	15	933514	10567	1
S6011899	97	Port Input	14	933514	10567	1
S6011899	97	Port Input	15	933514	10567	1
S6011899	97	Port Input	14	933514	10567	3
S6011899	98	Picture	20	933572	0	1	10902	1	0	next	hit	2026
S6011899	98	Port Input	15	934158	587	1
S6011899	98	Port Input	14	934159	587	1
S6011899	98	Port Input	15	934159	587	1
S6011899	98	Port Input	14	934159	587	1
S6011899	98	Port Input	15	934162	590	1
S6011899	98	Port Input	14	934162	590	1
S6011899	98	Port Input	15	934162	590	1
S6011899	98	Port Input	14	934162	591	1
S6011899	98	Port Input	15	934162	591	1
S6011899	98	Port Input	14	934162	591	1
S6011899	98	Port Input	15	934164	592	1
S6011899	98	Port Input	14	934164	592	1
S6011899	98	Port Input	15	934165	593	1
S6011899	98	Port Input	14	934165	593	1
S6011899	98	Port Input	15	934170	598	1
S6011899	98	Port Input	14	934170	598	1
S6011899	98	Port Input	15	934178	606	1
S6011899	98	Port Input	14	934178	607	1
S6011899	98	Port Input	15	934183	611	1
S6011899	98	Port Input	14	934183	611	1
S6011899	98	Port Input	15	934185	613	1
S6011899	98	Port Input	14	934185	614	1
S6011899	98	Port Input	15	934191	619	1
S6011899	98	Port Input	14	934191	619	1
S6011899	98	Port Input	15	934192	620	1
S6011899	98	Port Input	14	934192	620	1
S6011899	98	Port Input	15	934194	622	1
S6011899	98	Port Input	14	934194	622	1
S6011899	98	Port Input	15	934202	631	1
S6011899	98	Port Input	14	934203	631	1
S6011899	98	Port Input	15	934204	632	1
S6011899	98	Port Input	14	934204	632	1
S6011899	98	Port Input	15	934205	633	1
S6011899	98	Port Input	14	934205	633	1
S6011899	98	Port Input	15	934205	634	1
S6011899	98	Port Input	14	934205	634	1
S6011899	98	Port Input	15	934225	653	1
S6011899	98	Port Input	14	934225	653	1
S6011899	98	Port Input	15	934228	656	1
S6011899	98	Port Input	14	934228	656	1
S6011899	98	Port Input	15	934233	661	1
S6011899	98	Port Input	14	934233	661	1
S6011899	98	Port Input	15	934246	674	1
S6011899	98	Port Input	14	934246	674	1
S6011899	98	Port Input	15	934286	714	1
S6011899	98	Port Input	14	934286	714	1
S6011899	98	Port Input	15	934338	766	1
S6011899	98	Port Input	14	934338	766	1
S6011899	98	Port Input	15	934350	779	1
S6011899	98	Port Input	14	934351	779	1
S6011899	98	Port Input	15	934358	786	1
S6011899	98	Port Input	14	934358	786	1
S6011899	98	Port Input	15	934363	791	1
S6011899	98	Port Input	14	934363	791	1
S6011899	98	Port Input	15	934387	815	1
S6011899	98	Port Input	14	934387	816	1
S6011899	98	Port Input	15	934388	816	1
S6011899	98	Port Input	14	934388	816	1
S6011899	98	Port Input	15	934388	816	1
S6011899	98	Port Input	14	934388	816	1
S6011899	98	Port Input	15	934388	816	1
S6011899	98	Port Input	14	934388	816	1
S6011899	98	Port Input	15	934388	816	1
S6011899	98	Port Input	14	934388	816	1
S6011899	98	Port Input	15	934388	816	1
S6011899	98	Port Input	14	934388	816	1
S6011899	98	Port Input	15	934390	819	1
S6011899	98	Port Input	14	934390	819	1
S6011899	98	Port Input	15	934400	828	1
S6011899	98	Port Input	14	934400	828	1
S6011899	98	Port Input	15	934405	833	1
S6011899	98	Port Input	14	934405	833	1
S6011899	98	Port Input	15	934405	833	1
S6011899	98	Port Input	14	934405	833	1
S6011899	98	Port Input	15	934432	860	1
S6011899	98	Port Input	14	934432	860	1
S6011899	98	Port Input	15	934432	860	1
S6011899	98	Port Input	14	934432	860	1
S6011899	98	Port Input	15	934432	860	1
S6011899	98	Port Input	14	934432	860	1
S6011899	98	Port Input	15	934439	868	1
S6011899	98	Port Input	14	934439	868	1
S6011899	98	Port Input	15	936765	3194	1
S6011899	98	Port Input	14	936766	3194	1
S6011899	98	Port Input	15	936812	3240	1
S6011899	98	Port Input	14	936812	3240	1
S6011899	98	Port Input	15	936813	3241	1
S6011899	98	Port Input	14	936813	3241	1
S6011899	98	Port Input	15	936815	3243	1
S6011899	98	Port Input	14	936815	3243	1
S6011899	98	Port Input	15	936837	3265	1
S6011899	98	Port Input	14	936837	3265	1
S6011899	98	Port Input	15	936837	3266	1
S6011899	98	Port Input	14	936837	3266	1
S6011899	98	Port Input	15	936840	3268	1
S6011899	98	Port Input	14	936840	3268	1
S6011899	98	Port Input	15	936860	3289	1
S6011899	98	Port Input	14	936861	3289	1
S6011899	98	Port Input	15	936861	3289	1
S6011899	98	Port Input	14	936861	3289	1
S6011899	98	Port Input	15	936862	3290	1
S6011899	98	Port Input	14	936862	3290	1
S6011899	98	Port Input	15	936862	3290	1
S6011899	98	Port Input	14	936862	3290	1
S6011899	98	Port Input	15	936862	3291	1
S6011899	98	Port Input	14	936862	3291	1
S6011899	98	Port Input	15	936866	3294	1
S6011899	98	Port Input	14	936866	3294	1
S6011899	98	Port Input	15	936867	3295	1
S6011899	98	Port Input	14	936867	3295	1
S6011899	98	Port Input	15	937106	3534	1
S6011899	98	Port Input	14	944412	10840	1
S6011899	98	Response	22	944412	10840	1
S6011899	99	Picture	20	944474	0	1	10555	1	0	next	hit	2044
S6011899	99	Port Input	15	944936	462	1
S6011899	99	Port Input	14	944936	462	1
S6011899	99	Port Input	15	944939	465	1
S6011899	99	Port Input	14	944939	465	1
S6011899	99	Port Input	15	944968	494	1
S6011899	99	Port Input	14	944968	494	1
S6011899	99	Port Input	15	944973	499	1
S6011899	99	Port Input	14	944974	500	1
S6011899	99	Port Input	15	944977	503	1
S6011899	99	Port Input	14	944977	503	1
S6011899	99	Port Input	15	944979	505	1
S6011899	99	Port Input	14	944981	507	1
S6011899	99	Port Input	15	947822	3348	1
S6011899	99	Port Input	14	947822	3348	1
S6011899	99	Port Input	15	947822	3348	1
S6011899	99	Port Input	14	955021	10547	1
S6011899	99	Response	22	955021	10547	1
S6011899	99	Port Input	15	955021	10547	1
S6011899	99	Port Input	14	955022	10547	1
S6011899	100	Picture	20	955029	0	1	10972	1	0	next	hit	2164
S6011899	100	Port Input	15	955669	640	1
S6011899	100	Port Input	14	955670	640	1
S6011899	100	Port Input	15	955670	640	1
S6011899	100	Port Input	14	955670	640	1
S6011899	100	Port Input	15	955676	646	1
S6011899	100	Port Input	14	955676	646	1
S6011899	100	Port Input	15	955677	648	1
S6011899	100	Port Input	14	955677	648	1
S6011899	100	Port Input	15	955680	651	1
S6011899	100	Port Input	14	955681	651	1
S6011899	100	Port Input	15	955681	651	1
S6011899	100	Port Input	14	955681	651	1
S6011899	100	Port Input	15	955681	652	1
S6011899	100	Port Input	14	955681	652	1
S6011899	100	Port Input	15	955681	652	1
S6011899	100	Port Input	14	955681	652	1
S6011899	100	Port Input	15	955681	652	1
S6011899	100	Port Input	14	955681	652	1
S6011899	100	Port Input	15	955682	652	1
S6011899	100	Port Input	14	955682	652	1
S6011899	100	Port Input	15	955689	660	1
S6011899	100	Port Input	14	955689	660	1
S6011899	100	Port Input	15	955689	660	1
S6011899	100	Port Input	14	955689	660	1
S6011899	100	Port Input	15	955689	660	1
S6011899	100	Port Input	14	955689	660	1
S6011899	100	Port Input	15	955690	660	1
S6011899	100	Port Input	14	955690	660	1
S6011899	100	Port Input	15	955690	661	1
S6011899	100	Port Input	14	955690	661	1
S6011899	100	Port Input	15	955691	661	1
S6011899	100	Port Input	14	955691	661	1
S6011899	100	Port Input	15	955691	662	1
S6011899	100	Port Input	14	955691	662	1
S6011899	100	Port Input	15	955692	662	1
S6011899	100	Port Input	14	955692	662	1
S6011899	100	Port Input	15	955692	662	1
S6011899	100	Port Input	14	955692	662	1
S6011899	100	Port Input	15	955692	663	1
S6011899	100	Port Input	14	955692	663	1
S6011899	100	Port Input	15	955694	664	1
S6011899	100	Port Input	14	955694	664	1
S6011899	100	Port Input	15	955694	665	1
S6011899	100	Port Input	14	955694	665	1
S6011899	100	Port Input	15	955695	665	1
S6011899	100	Port Input	14	955695	665	1
S6011899	100	Port Input	15	955695	666	1
S6011899	100	Port Input	14	955695	666	1
S6011899	100	Port Input	15	955696	666	1
S6011899	100	Port Input	14	955696	666	1
S6011899	100	Port Input	15	955696	666	1
S6011899	100	Port Input	14	955696	666	1
S6011899	100	Port Input	15	955696	667	1
S6011899	100	Port Input	14	955696	667	1
S6011899	100	Port Input	15	955696	667	1
S6011899	100	Port Input	14	955697	667	1
S6011899	100	Port Input	15	955697	667	1
S6011899	100	Port Input	14	955697	667	1
S6011899	100	Port Input	15	955699	670	1
S6011899	100	Port Input	14	955699	670	1
S6011899	100	Port Input	15	955704	675	1
S6011899	100	Port Input	14	955704	675	1
S6011899	100	Port Input	15	955708	679	1
S6011899	100	Port Input	14	955708	679	1
S6011899	100	Port Input	15	955716	686	1
S6011899	100	Port Input	14	955716	686	1
S6011899	100	Port Input	15	955744	714	1
S6011899	100	Port Input	14	955744	714	1
S6011899	100	Port Input	15	955744	715	1
S6011899	100	Port Input	14	955744	715	1
S6011899	100	Port Input	15	955753	723	1
S6011899	100	Port Input	14	955753	723	1
S6011899	100	Port Input	15	955758	729	1
S6011899	100	Port Input	14	955759	730	1
S6011899	100	Port Input	15	955773	744	1
S6011899	100	Port Input	14	955773	744	1
S6011899	100	Port Input	15	955785	756	1
S6011899	100	Port Input	14	955785	756	1
S6011899	100	Port Input	15	955810	780	1
S6011899	100	Port Input	14	955811	781	1
S6011899	100	Port Input	15	956032	1002	1
S6011899	100	Port Input	14	958154	3125	1
S6011899	100	Port Input	15	958156	3127	1
S6011899	100	Port Input	14	958156	3127	1
S6011899	100	Port Input	15	958157	3127	1
S6011899	100	Port Input	14	958157	3127	1
S6011899	100	Port Input	15	958157	3127	1
S6011899	100	Port Input	14	958157	3127	1
S6011899	100	Port Input	15	958157	3127	1
S6011899	100	Port Input	14	958157	3127	1
S6011899	100	Port Input	15	958157	3127	1
S6011899	100	Port Input	14	958157	3128	1
S6011899	100	Port Input	15	958157	3128	1
S6011899	100	Port Input	14	958158	3129	1
S6011899	100	Port Input	15	958160	3130	1
S6011899	100	Port Input	14	958160	3130	1
S6011899	100	Port Input	15	958160	3131	1
S6011899	100	Port Input	14	958160	3131	1
S6011899	100	Port Input	15	958161	3131	1
S6011899	100	Port Input	14	958161	3131	1
S6011899	100	Port Input	15	958161	3132	1
S6011899	100	Port Input	14	958161	3132	1
S6011899	100	Port Input	15	958161	3132	1
S6011899	100	Port Input	14	958161	3132	1
S6011899	100	Port Input	15	958162	3133	1
S6011899	100	Port Input	14	958162	3133	1
S6011899	100	Port Input	15	958162	3133	1
S6011899	100	Port Input	14	958162	3133	1
S6011899	100	Port Input	15	958163	3133	1
S6011899	100	Port Input	14	958163	3133	1
S6011899	100	Port Input	15	958163	3134	1
S6011899	100	Port Input	14	958163	3134	1
S6011899	100	Port Input	15	958506	3476	1
S6011899	100	Port Input	14	958506	3476	1
S6011899	100	Port Input	15	958506	3476	1
S6011899	100	Port Input	14	965969	10939	1
S6011899	100	Response	22	965969	10939	1
S6011899	101	Picture	20	966001	0	1	10694	1	0	next	hit	2228
S6011899	101	Port Input	15	966751	749	1
S6011899	101	Port Input	14	966751	749	1
S6011899	101	Port Input	15	966889	888	1
S6011899	101	Port Input	14	966889	888	1
S6011899	101	Port Input	15	966898	896	1
S6011899	101	Port Input	14	966898	897	1
S6011899	101	Port Input	15	966911	909	1
S6011899	101	Port Input	14	966911	909	1
S6011899	101	Port Input	15	966921	920	1
S6011899	101	Port Input	14	966922	921	1
S6011899	101	Port Input	15	966934	933	1
S6011899	101	Port Input	14	966934	933	1
S6011899	101	Port Input	15	966953	952	1
S6011899	101	Port Input	14	966953	952	1
S6011899	101	Port Input	15	966960	958	1
S6011899	101	Port Input	14	966960	958	1
S6011899	101	Port Input	15	967288	1287	1
S6011899	101	Port Input	14	967288	1287	1
S6011899	101	Port Input	15	968830	2829	1
S6011899	101	Port Input	14	968830	2829	1
S6011899	101	Port Input	15	968833	2832	1
S6011899	101	Port Input	14	968833	2832	1
S6011899	101	Port Input	15	968883	2882	1
S6011899	101	Port Input	14	968883	2882	1
S6011899	101	Port Input	15	968886	2884	1
S6011899	101	Port Input	14	968886	2885	1
S6011899	101	Port Input	15	968887	2885	1
S6011899	101	Port Input	14	968887	2886	1
S6011899	101	Port Input	15	968890	2889	1
S6011899	101	Port Input	14	968890	2889	1
S6011899	101	Port Input	15	968896	2894	1
S6011899	101	Port Input	14	968896	2894	1
S6011899	101	Port Input	15	968897	2896	1
S6011899	101	Port Input	14	968897	2896	1
S6011899	101	Port Input	15	968898	2897	1
S6011899	101	Port Input	14	968898	2897	1
S6011899	101	Port Input	15	968900	2898	1
S6011899	101	Port Input	14	968900	2898	1
S6011899	101	Port Input	15	968917	2916	1
S6011899	101	Port Input	14	968917	2916	1
S6011899	101	Port Input	15	968991	2989	1
S6011899	101	Port Input	14	968991	2989	1
S6011899	101	Port Input	15	969323	3321	1
S6011899	101	Port Input	14	969323	3321	1
S6011899	101	Port Input	15	969323	3322	1
S6011899	101	Port Input	14	969323	3322	1
S6011899	101	Port Input	15	969323	3322	1
S6011899	101	Port Input	14	969323	3322	1
S6011899	101	Port Input	15	969323	3322	1
S6011899	101	Port Input	14	969323	3322	1
S6011899	101	Port Input	15	969324	3323	1
S6011899	101	Port Input	14	969324	3323	1
S6011899	101	Port Input	15	969324	3323	1
S6011899	101	Port Input	14	969324	3323	1
S6011899	101	Port Input	15	969325	3323	1
S6011899	101	Port Input	14	969325	3323	1
S6011899	101	Port Input	15	969326	3324	1
S6011899	101	Port Input	14	969326	3324	1
S6011899	101	Port Input	15	969326	3325	1
S6011899	101	Port Input	14	969326	3325	1
S6011899	101	Port Input	15	969326	3325	1
S6011899	101	Port Input	14	976660	10659	2
S6011899	101	Response	22	976660	10659	2
S6011899	102	Picture	20	976695	0	1	11111	1	0	next	hit	2268
S6011899	102	Port Input	15	977107	411	1
S6011899	102	Port Input	14	977107	411	1
S6011899	102	Port Input	15	977108	413	1
S6011899	102	Port Input	14	977108	413	1
S6011899	102	Port Input	15	977108	413	1
S6011899	102	Port Input	14	977108	413	1
S6011899	102	Port Input	15	977109	413	1
S6011899	102	Port Input	14	977109	414	1
S6011899	102	Port Input	15	977109	414	1
S6011899	102	Port Input	14	977109	414	1
S6011899	102	Port Input	15	977113	417	1
S6011899	102	Port Input	14	977113	417	1
S6011899	102	Port Input	15	977115	419	1
S6011899	102	Port Input	14	977115	419	1
S6011899	102	Port Input	15	977116	421	1
S6011899	102	Port Input	14	977116	421	1
S6011899	102	Port Input	15	977116	421	1
S6011899	102	Port Input	14	977116	421	1
S6011899	102	Port Input	15	977117	421	1
S6011899	102	Port Input	14	977117	421	1
S6011899	102	Port Input	15	977117	422	1
S6011899	102	Port Input	14	977117	422	1
S6011899	102	Port Input	15	977117	422	1
S6011899	102	Port Input	14	977117	422	1
S6011899	102	Port Input	15	978136	1440	1
S6011899	102	Port Input	14	978136	1441	1
S6011899	102	Port Input	15	979582	2887	1
S6011899	102	Port Input	14	979582	2887	1
S6011899	102	Port Input	15	979771	3076	1
S6011899	102	Port Input	14	979771	3076	1
S6011899	102	Port Input	15	979920	3225	1
S6011899	102	Port Input	14	979920	3225	1
S6011899	102	Port Input	15	979920	3225	1
S6011899	102	Port Input	14	979920	3225	1
S6011899	102	Port Input	15	979923	3227	1
S6011899	102	Port Input	14	979923	3227	1
S6011899	102	Port Input	15	980190	3494	1
S6011899	102	Port Input	14	987255	10559	1
S6011899	102	Response	22	987255	10559	1
S6011899	103	Port Input	15	987814	508	1
S6011899	103	Port Input	14	987814	508	1
S6011899	103	Port Input	15	987814	508	1
S6011899	103	Port Input	14	987814	508	1
S6011899	103	Port Input	15	987814	508	1
S6011899	103	Port Input	14	987814	508	1
S6011899	103	Port Input	15	987814	508	1
S6011899	103	Port Input	14	987814	508	1
S6011899	103	Port Input	15	987815	508	1
S6011899	103	Port Input	14	987815	508	1
S6011899	103	Port Input	15	987871	564	1
S6011899	103	Port Input	14	987871	564	1
S6011899	103	Port Input	15	987884	578	1
S6011899	103	Port Input	14	987884	578	1
S6011899	103	Port Input	15	987885	578	1
S6011899	103	Port Input	14	987885	578	1
S6011899	103	Port Input	15	990465	3159	1
S6011899	103	Port Input	14	990573	3267	1
S6011899	103	Port Input	15	990608	3302	1
S6011899	103	Port Input	14	990608	3302	1
S6011899	103	Port Input	15	990639	3333	1
S6011899	103	Port Input	14	990639	3333	1
S6011899	103	Port Input	15	990642	3336	1
S6011899	103	Port Input	14	990642	3336	1
S6011899	103	Port Input	15	990643	3337	1
S6011899	103	Port Input	14	990646	3340	1
S6011899	103	Port Input	15	990647	3340	1
S6011899	103	Port Input	14	990647	3341	1
S6011899	103	Port Input	15	990648	3342	1
S6011899	103	Port Input	14	990648	3342	1
S6011899	103	Port Input	15	990921	3614	1
