Scenario - passive press generic training 1.2
Logfile written - 07/06/2023 12:23:41

Subject	Trial	Event Type	Code	Time	TTime	Uncertainty	Duration	Uncertainty	ReqTime	ReqDur	Stim Type	Pair Index

S6015425	1	Picture	83	69	0	1	5000	1	0	4950	other	0
S6015425	1	Picture	82	10069	10000	1	5000	1	9950	4950	other	0
S6015425	1	Picture	81	20068	19999	1	5000	1	19950	4950	other	0
S6015425	1	Picture	80	30068	29999	1	5000	1	29950	4950	other	0
S6015425	1	Picture	81	40068	39998	1	10000	1	39950	9950	other	0
S6015425	1	Port Input	14	46933	46863	1
S6015425	1	Response	100	46933	46863	1
S6015425	1	Port Input	15	46933	46864	1
S6015425	1	Port Input	14	46933	46864	1
S6015425	1	Port Input	15	46933	46864	1
S6015425	1	Port Input	14	46933	46864	1
S6015425	1	Port Input	15	46934	46864	1
S6015425	1	Port Input	14	46934	46864	1
S6015425	1	Port Input	15	46934	46864	1
S6015425	1	Port Input	14	46934	46865	1
S6015425	1	Port Input	15	46934	46865	1
S6015425	1	Port Input	14	46934	46865	1
S6015425	1	Port Input	15	46934	46865	1
S6015425	1	Port Input	14	46934	46865	1
S6015425	1	Port Input	15	50011	49941	1
S6015425	1	Port Input	14	50011	49942	1
S6015425	1	Port Input	15	50013	49943	1
S6015425	1	Port Input	14	50013	49943	1
S6015425	1	Port Input	15	50016	49947	1
S6015425	1	Port Input	14	50016	49947	1
S6015425	1	Port Input	15	50017	49948	1
S6015425	1	Port Input	14	50017	49948	1
S6015425	1	Port Input	15	50255	50185	1
S6015425	1	Port Input	14	50255	50185	1
S6015425	1	Port Input	15	50256	50187	1
S6015425	1	Port Input	14	50256	50187	1
S6015425	1	Port Input	15	50257	50188	1
S6015425	1	Port Input	14	50257	50188	1
S6015425	1	Port Input	15	50257	50188	1
S6015425	1	Port Input	14	50257	50188	1
S6015425	1	Port Input	15	50257	50188	1
S6015425	1	Port Input	14	50257	50188	1
S6015425	1	Port Input	15	50257	50188	1
S6015425	1	Port Input	14	50257	50188	1
S6015425	1	Port Input	15	50257	50188	1
S6015425	1	Port Input	14	50258	50188	1
S6015425	1	Port Input	15	50258	50188	1
S6015425	1	Port Input	14	50258	50188	1
S6015425	1	Port Input	15	50258	50188	1
S6015425	1	Port Input	14	50258	50189	1
S6015425	1	Port Input	15	50258	50189	1
S6015425	1	Port Input	14	50258	50189	1
S6015425	1	Port Input	15	50258	50189	1
S6015425	1	Picture	81	60067	59998	1	10000	1	59950	9950	other	0
S6015425	1	Port Input	14	65601	65532	1
S6015425	1	Response	100	65601	65532	1
S6015425	1	Port Input	15	65602	65532	1
S6015425	1	Port Input	14	65602	65532	1
S6015425	1	Port Input	15	65606	65537	1
S6015425	1	Port Input	14	65606	65537	1
S6015425	1	Port Input	15	68257	68188	1
S6015425	1	Port Input	14	68257	68188	1
S6015425	1	Port Input	15	68257	68188	1
S6015425	1	Port Input	14	68257	68188	1
S6015425	1	Port Input	15	68258	68189	1
S6015425	1	Port Input	14	68258	68189	1
S6015425	1	Port Input	15	68258	68189	1
S6015425	1	Port Input	14	68258	68189	1
S6015425	1	Port Input	15	68259	68189	1
S6015425	1	Port Input	14	68259	68189	1
S6015425	1	Port Input	15	68259	68190	1
S6015425	1	Port Input	14	68259	68190	1
S6015425	1	Port Input	15	68260	68191	1
S6015425	1	Port Input	14	68260	68191	1
S6015425	1	Port Input	15	68260	68191	1
S6015425	1	Port Input	14	68260	68191	1
S6015425	1	Port Input	15	68260	68191	1
S6015425	1	Picture	81	80066	79997	1	10000	1	79950	9950	other	0
S6015425	1	Port Input	14	84830	84761	1
S6015425	1	Response	100	84830	84761	1
S6015425	1	Port Input	15	84833	84763	1
S6015425	1	Port Input	14	84833	84763	1
S6015425	1	Port Input	15	84833	84763	1
S6015425	1	Port Input	14	84833	84764	1
S6015425	1	Port Input	15	84833	84764	1
S6015425	1	Port Input	14	84833	84764	1
S6015425	1	Port Input	15	84833	84764	1
S6015425	1	Port Input	14	84833	84764	1
S6015425	1	Port Input	15	84834	84765	1
S6015425	1	Port Input	14	84834	84765	1
S6015425	1	Port Input	15	84835	84766	1
S6015425	1	Port Input	14	84835	84766	1
S6015425	1	Port Input	15	84835	84766	1
S6015425	1	Port Input	14	84835	84766	1
S6015425	1	Port Input	15	84836	84766	1
S6015425	1	Port Input	14	84836	84766	1
S6015425	1	Port Input	15	84836	84767	1
S6015425	1	Port Input	14	84836	84767	1
S6015425	1	Port Input	15	85508	85439	1
S6015425	1	Port Input	14	85508	85439	1
S6015425	1	Port Input	15	85510	85440	1
S6015425	1	Port Input	14	85510	85440	1
S6015425	1	Port Input	15	85552	85482	1
S6015425	1	Port Input	14	85552	85482	1
S6015425	1	Port Input	15	85610	85541	1
S6015425	1	Port Input	14	85610	85541	1
S6015425	1	Port Input	15	85761	85692	1
S6015425	1	Port Input	14	85761	85692	1
S6015425	1	Port Input	15	87276	87207	1
S6015425	1	Port Input	14	87276	87207	1
S6015425	1	Port Input	15	87805	87736	1
S6015425	2	Port Input	14	102937	12801	3
S6015425	2	Response	100	102937	12801	3
S6015425	2	Port Input	15	102941	12806	3
S6015425	2	Port Input	14	102944	12809	1
S6015425	2	Port Input	15	102946	12810	1
S6015425	2	Port Input	14	102946	12811	1
S6015425	3	Port Input	15	106204	3222	8
S6015425	3	Port Input	14	119995	17013	8
S6015425	3	Response	100	119995	17013	8
S6015425	4	Port Input	15	123296	3231	8
S6015425	4	Port Input	14	139623	19558	1
S6015425	4	Response	100	139623	19558	1
S6015425	5	Port Input	15	143368	3721	8
S6015425	5	Port Input	14	160080	20433	1
S6015425	5	Response	100	160080	20433	1
S6015425	6	Port Input	15	163504	3372	8
S6015425	6	Port Input	14	181484	21352	8
S6015425	6	Response	100	181484	21352	8
S6015425	7	Port Input	15	184994	3474	8
S6015425	7	Port Input	14	203656	22135	8
S6015425	7	Response	100	203656	22135	8
S6015425	8	Port Input	15	207560	3818	1
S6015425	8	Port Input	14	225483	21741	8
S6015425	8	Response	100	225483	21741	8
S6015425	9	Port Input	15	228999	3453	8
S6015425	9	Port Input	14	246126	20580	8
S6015425	9	Response	100	246126	20580	8
S6015425	10	Port Input	15	249713	3542	8
S6015425	10	Port Input	14	268142	21972	7
S6015425	10	Response	100	268142	21972	7
S6015425	11	Port Input	15	271299	3115	7
S6015425	11	Port Input	14	289024	20840	7
S6015425	11	Response	100	289024	20840	7
S6015425	11	Port Input	15	289031	20847	1
S6015425	11	Port Input	14	289031	20847	7
S6015425	11	Port Input	15	289038	20854	1
S6015425	11	Port Input	14	289038	20854	1
S6015425	11	Port Input	15	289038	20854	1
S6015425	11	Port Input	14	289038	20855	1
S6015425	11	Port Input	15	289038	20855	1
S6015425	11	Port Input	14	289038	20855	1
S6015425	11	Port Input	15	289043	20859	1
S6015425	11	Port Input	14	289043	20859	1
S6015425	11	Port Input	15	289045	20862	1
S6015425	11	Port Input	14	289046	20862	1
S6015425	11	Port Input	15	289046	20862	1
S6015425	11	Port Input	14	289046	20862	1
S6015425	11	Port Input	15	289050	20867	1
S6015425	11	Port Input	14	289051	20867	1
S6015425	11	Port Input	15	289074	20890	1
S6015425	11	Port Input	14	289074	20891	1
S6015425	11	Port Input	15	289074	20891	1
S6015425	11	Port Input	14	289074	20891	1
S6015425	11	Port Input	15	289076	20893	1
S6015425	11	Port Input	14	289076	20893	1
S6015425	11	Port Input	15	289083	20900	1
S6015425	11	Port Input	14	289084	20900	1
S6015425	12	Port Input	15	292486	3401	8
S6015425	12	Port Input	14	311745	22660	7
S6015425	12	Response	100	311745	22660	8
