Scenario - Button
Logfile written - 09/10/2023 17:08:38

Subject	Trial	Event Type	Code	Time	TTime	Uncertainty	Duration	Uncertainty	ReqTime	ReqDur	Stim Type	Pair Index

S6010932	1	Picture	start	69	0	1	40554	1	0	next	other	0
S6010932	3	Picture	20	45137	0	1	23888	1	0	next	hit	4
S6010932	3	Port Input	14	68972	23835	1
S6010932	3	Response	22	68972	23835	1
S6010932	4	Picture	20	69025	0	1	13125	1	0	next	hit	8
S6010932	4	Port Input	15	73861	4836	1
S6010932	4	Port Input	14	82120	13094	1
S6010932	4	Response	22	82120	13094	1
S6010932	4	Port Input	15	82120	13094	1
S6010932	4	Port Input	14	82120	13095	1
S6010932	4	Port Input	15	82120	13095	1
S6010932	4	Port Input	14	82120	13095	2
S6010932	5	Picture	20	82150	0	1	12986	1	0	next	hit	24
S6010932	5	Port Input	15	86635	4485	1
S6010932	5	Port Input	14	86635	4485	1
S6010932	5	Port Input	15	86635	4486	1
S6010932	5	Port Input	14	86636	4486	1
S6010932	5	Port Input	15	86637	4488	1
S6010932	5	Port Input	14	86637	4488	1
S6010932	5	Port Input	15	86638	4488	1
S6010932	5	Port Input	14	86638	4488	1
S6010932	5	Port Input	15	86638	4489	1
S6010932	5	Port Input	14	95063	12913	1
S6010932	5	Response	22	95063	12913	1
S6010932	5	Port Input	15	95063	12913	1
S6010932	5	Port Input	14	95063	12914	1
S6010932	6	Picture	20	95135	0	1	13125	1	0	next	hit	32
S6010932	6	Port Input	15	99572	4437	1
S6010932	6	Port Input	14	99572	4437	1
S6010932	6	Port Input	15	99572	4437	1
S6010932	6	Port Input	14	108199	13063	1
S6010932	6	Response	22	108199	13063	1
S6010932	6	Port Input	15	108207	13071	1
S6010932	6	Port Input	14	108207	13071	1
S6010932	6	Port Input	15	108207	13072	1
S6010932	6	Port Input	14	108207	13072	1
S6010932	7	Picture	20	108260	0	1	14097	1	0	next	hit	40
S6010932	7	Port Input	15	113254	4994	1
S6010932	7	Port Input	14	122311	14051	1
S6010932	7	Response	22	122311	14051	1
S6010932	7	Port Input	15	122311	14051	1
S6010932	7	Port Input	14	122311	14051	1
S6010932	7	Port Input	15	122311	14051	1
S6010932	7	Port Input	14	122316	14057	1
S6010932	7	Port Input	15	122317	14057	1
S6010932	7	Port Input	14	122317	14057	1
S6010932	7	Port Input	15	122318	14058	1
S6010932	7	Port Input	14	122318	14058	1
S6010932	7	Port Input	15	122319	14059	1
S6010932	7	Port Input	14	122319	14059	1
S6010932	8	Picture	20	122356	0	1	14722	1	0	next	hit	54
S6010932	8	Port Input	15	127366	5010	1
S6010932	8	Port Input	14	137061	14704	1
S6010932	8	Response	22	137061	14704	1
S6010932	9	Picture	20	137078	0	1	14166	1	0	next	hit	64
S6010932	9	Port Input	15	141642	4564	1
S6010932	9	Port Input	14	141642	4564	1
S6010932	9	Port Input	15	141642	4564	1
S6010932	9	Port Input	14	141642	4564	1
S6010932	9	Port Input	15	141642	4564	1
S6010932	9	Port Input	14	141642	4564	1
S6010932	9	Port Input	15	141642	4564	1
S6010932	9	Port Input	14	151195	14116	1
S6010932	9	Response	22	151195	14116	1
S6010932	9	Port Input	15	151195	14117	1
S6010932	9	Port Input	14	151196	14118	5
S6010932	10	Picture	20	151244	0	1	14374	1	0	next	hit	82
S6010932	10	Port Input	15	155540	4295	1
S6010932	10	Port Input	14	155540	4295	1
S6010932	10	Port Input	15	155540	4296	1
S6010932	10	Port Input	14	155540	4296	1
S6010932	10	Port Input	15	155541	4296	1
S6010932	10	Port Input	14	155541	4296	1
S6010932	10	Port Input	15	155541	4296	1
S6010932	10	Port Input	14	155541	4296	1
S6010932	10	Port Input	15	155541	4297	1
S6010932	10	Port Input	14	155541	4297	1
S6010932	10	Port Input	15	155541	4297	1
S6010932	10	Port Input	14	155541	4297	1
S6010932	10	Port Input	15	155541	4297	1
S6010932	10	Port Input	14	165543	14299	1
S6010932	10	Response	22	165543	14299	1
S6010932	10	Port Input	15	165543	14299	1
S6010932	10	Port Input	14	165544	14300	1
S6010932	11	Picture	20	165619	0	1	14374	1	0	next	hit	90
S6010932	11	Port Input	15	169781	4162	1
S6010932	11	Port Input	14	169781	4162	1
S6010932	11	Port Input	15	169781	4162	1
S6010932	11	Port Input	14	179924	14306	1
S6010932	11	Response	22	179924	14306	1
S6010932	11	Port Input	15	179925	14306	1
S6010932	11	Port Input	14	179925	14306	1
S6010932	12	Picture	20	179993	0	1	14722	1	0	next	hit	102
S6010932	12	Port Input	15	184597	4604	1
S6010932	12	Port Input	14	184597	4604	1
S6010932	12	Port Input	15	184598	4605	1
S6010932	12	Port Input	14	184598	4605	1
S6010932	12	Port Input	15	184598	4605	1
S6010932	12	Port Input	14	184598	4605	1
S6010932	12	Port Input	15	184598	4605	1
S6010932	12	Port Input	14	194702	14709	1
S6010932	12	Response	22	194702	14709	1
S6010932	13	Picture	20	194715	0	1	16388	1	0	next	hit	116
S6010932	13	Port Input	15	199555	4840	1
S6010932	13	Port Input	14	199555	4840	1
S6010932	13	Port Input	15	199555	4840	1
S6010932	13	Port Input	14	199556	4841	1
S6010932	13	Port Input	15	199556	4841	1
S6010932	13	Port Input	14	199556	4841	1
S6010932	13	Port Input	15	199556	4841	1
S6010932	13	Port Input	14	199556	4842	1
S6010932	13	Port Input	15	199557	4842	1
S6010932	13	Port Input	14	199557	4842	1
S6010932	13	Port Input	15	199557	4842	1
S6010932	13	Port Input	14	211072	16357	1
S6010932	13	Response	22	211072	16357	1
S6010932	13	Port Input	15	211072	16357	1
S6010932	13	Port Input	14	211072	16357	1
S6010932	14	Picture	20	211103	0	1	14444	1	0	next	hit	126
S6010932	14	Port Input	15	215271	4168	1
S6010932	14	Port Input	14	215271	4168	1
S6010932	14	Port Input	15	215271	4168	1
S6010932	14	Port Input	14	215271	4168	1
S6010932	14	Port Input	15	215271	4168	1
S6010932	14	Port Input	14	225519	14415	1
S6010932	14	Response	22	225519	14415	1
S6010932	14	Port Input	15	225519	14416	1
S6010932	14	Port Input	14	225519	14416	1
S6010932	14	Port Input	15	225519	14416	1
S6010932	14	Port Input	14	225520	14417	4
S6010932	15	Picture	20	225547	0	1	14860	1	0	next	hit	136
S6010932	15	Port Input	15	230235	4688	1
S6010932	15	Port Input	14	230235	4688	1
S6010932	15	Port Input	15	230235	4688	1
S6010932	15	Port Input	14	240340	14793	1
S6010932	15	Response	22	240340	14793	1
S6010932	16	Picture	20	240408	0	1	14930	1	0	next	hit	154
S6010932	16	Port Input	15	244804	4397	1
S6010932	16	Port Input	14	244804	4397	1
S6010932	16	Port Input	15	244804	4397	1
S6010932	16	Port Input	14	244804	4397	1
S6010932	16	Port Input	15	244804	4397	1
S6010932	16	Port Input	14	244804	4397	1
S6010932	16	Port Input	15	244805	4397	1
S6010932	16	Port Input	14	244805	4397	1
S6010932	16	Port Input	15	244805	4397	1
S6010932	16	Port Input	14	244805	4397	1
S6010932	16	Port Input	15	244805	4397	1
S6010932	16	Port Input	14	244805	4397	1
S6010932	16	Port Input	15	244805	4398	1
S6010932	16	Port Input	14	244805	4398	1
S6010932	16	Port Input	15	244805	4398	1
S6010932	16	Port Input	14	255321	14914	1
S6010932	16	Response	22	255321	14914	1
S6010932	17	Picture	20	255338	0	1	13472	1	0	next	hit	160
S6010932	17	Port Input	15	259660	4322	1
S6010932	17	Port Input	14	259660	4322	1
S6010932	17	Port Input	15	259660	4322	1
S6010932	17	Port Input	14	268735	13397	1
S6010932	17	Response	22	268735	13397	1
S6010932	17	Port Input	15	268735	13397	1
S6010932	17	Port Input	14	268735	13398	1
S6010932	18	Picture	20	268809	0	1	13611	1	0	next	hit	166
S6010932	18	Port Input	15	273419	4610	1
S6010932	18	Port Input	14	282412	13603	1
S6010932	18	Response	22	282412	13603	1
S6010932	18	Port Input	15	282412	13603	1
S6010932	18	Port Input	14	282412	13603	1
S6010932	19	Picture	20	282420	0	1	14374	1	0	next	hit	176
S6010932	19	Port Input	15	286963	4543	1
S6010932	19	Port Input	14	286963	4543	1
S6010932	19	Port Input	15	286963	4544	1
S6010932	19	Port Input	14	286963	4544	1
S6010932	19	Port Input	15	286964	4544	1
S6010932	19	Port Input	14	296748	14328	1
S6010932	19	Response	22	296748	14328	1
S6010932	20	Picture	20	296794	0	1	13819	1	0	next	hit	180
S6010932	20	Port Input	15	301810	5016	1
S6010932	20	Port Input	14	310593	13799	1
S6010932	20	Response	22	310593	13799	1
S6010932	20	Port Input	15	310594	13799	1
S6010932	20	Port Input	14	310594	13799	1
S6010932	20	Port Input	15	310599	13804	1
S6010932	20	Port Input	14	310599	13805	1
S6010932	20	Port Input	15	310601	13806	1
S6010932	20	Port Input	14	310601	13806	1
S6010932	20	Port Input	15	310613	13819	1
S6010932	21	Picture	20	310613	0	1	15069	1	0	next	hit	204
S6010932	21	Port Input	14	310613	0	1
S6010932	21	Port Input	15	310614	0	1
S6010932	21	Port Input	14	310614	0	1
S6010932	21	Port Input	15	310614	0	1
S6010932	21	Port Input	14	310614	1	1
S6010932	21	Port Input	15	310616	2	1
S6010932	21	Port Input	14	310616	3	1
S6010932	21	Port Input	15	310646	33	1
S6010932	21	Port Input	14	310646	33	1
S6010932	21	Port Input	15	316157	5543	1
S6010932	21	Port Input	14	316157	5543	1
S6010932	21	Port Input	15	316157	5544	1
S6010932	21	Port Input	14	316157	5544	1
S6010932	21	Port Input	15	316157	5544	1
S6010932	21	Port Input	14	325669	15055	1
S6010932	21	Response	22	325669	15055	1
S6010932	21	Port Input	15	325669	15055	1
S6010932	21	Port Input	14	325669	15056	1
S6010932	21	Port Input	15	325669	15056	1
S6010932	21	Port Input	14	325670	15056	4
S6010932	22	Picture	20	325682	0	1	14791	1	0	next	hit	212
S6010932	22	Port Input	15	330461	4778	1
S6010932	22	Port Input	14	340460	14778	1
S6010932	22	Response	22	340460	14778	1
S6010932	23	Picture	20	340473	0	1	15069	1	0	next	hit	216
S6010932	23	Port Input	15	345365	4892	1
S6010932	23	Port Input	14	355478	15005	1
S6010932	23	Response	22	355478	15005	1
S6010932	24	Picture	20	355542	0	1	14027	1	0	next	hit	224
S6010932	24	Port Input	15	359792	4250	1
S6010932	24	Port Input	14	359792	4250	1
S6010932	24	Port Input	15	359792	4250	1
S6010932	24	Port Input	14	359792	4250	1
S6010932	24	Port Input	15	359792	4250	1
S6010932	24	Port Input	14	369533	13991	1
S6010932	24	Response	22	369533	13991	1
S6010932	24	Port Input	15	369533	13991	1
S6010932	24	Port Input	14	369539	13997	1
S6010932	24	Port Input	15	369539	13997	1
S6010932	24	Port Input	14	369539	13997	1
S6010932	24	Port Input	15	369540	13998	1
S6010932	24	Port Input	14	369540	13998	1
S6010932	25	Picture	20	369569	0	1	13055	1	0	next	hit	236
S6010932	25	Port Input	15	373732	4162	1
S6010932	25	Port Input	14	373732	4162	1
S6010932	25	Port Input	15	373732	4162	1
S6010932	25	Port Input	14	382557	12988	1
S6010932	25	Response	22	382557	12988	1
S6010932	26	Picture	20	382625	0	1	13263	1	0	next	hit	248
S6010932	26	Port Input	15	386624	3999	1
S6010932	26	Port Input	14	386624	3999	1
S6010932	26	Port Input	15	386624	3999	1
S6010932	26	Port Input	14	386624	3999	1
S6010932	26	Port Input	15	386624	3999	1
S6010932	26	Port Input	14	386624	3999	1
S6010932	26	Port Input	15	386624	4000	1
S6010932	26	Port Input	14	386624	4000	1
S6010932	26	Port Input	15	386624	4000	1
S6010932	26	Port Input	14	395828	13203	1
S6010932	26	Response	22	395828	13203	1
S6010932	27	Picture	20	395888	0	1	12291	1	0	next	hit	252
S6010932	27	Port Input	15	399989	4101	1
S6010932	27	Port Input	14	408141	12253	1
S6010932	27	Response	22	408141	12253	1
S6010932	27	Port Input	15	408141	12253	1
S6010932	27	Port Input	14	408141	12253	1
S6010932	28	Picture	20	408179	0	1	13333	1	0	next	hit	260
S6010932	28	Port Input	15	412327	4148	1
S6010932	28	Port Input	14	412327	4148	1
S6010932	28	Port Input	15	412327	4148	1
S6010932	28	Port Input	14	421468	13288	1
S6010932	28	Response	22	421468	13288	1
S6010932	29	Picture	20	421512	0	1	13263	1	0	next	hit	264
S6010932	29	Port Input	15	425833	4321	1
S6010932	29	Port Input	14	434761	13249	1
S6010932	29	Response	22	434761	13249	1
S6010932	30	Picture	20	434775	0	1	12638	1	0	next	hit	268
S6010932	30	Port Input	15	439352	4576	1
S6010932	30	Port Input	14	447370	12595	1
S6010932	30	Response	22	447370	12595	1
S6010932	30	Port Input	15	447370	12595	1
S6010932	30	Port Input	14	447371	12596	6
S6010932	31	Picture	20	447414	0	1	12500	1	0	next	hit	276
S6010932	31	Port Input	15	451626	4212	1
S6010932	31	Port Input	14	451626	4212	1
S6010932	31	Port Input	15	451626	4213	1
S6010932	31	Port Input	14	459840	12426	1
S6010932	31	Response	22	459840	12426	1
S6010932	31	Port Input	15	459841	12427	1
S6010932	31	Port Input	14	459841	12427	4
S6010932	31	Port Input	15	459845	12432	1
S6010932	31	Port Input	14	459846	12432	1
S6010932	31	Port Input	15	459846	12432	1
S6010932	31	Port Input	14	459846	12432	1
S6010932	32	Picture	20	459913	0	1	11944	1	0	next	hit	286
S6010932	32	Port Input	15	463523	3610	1
S6010932	32	Port Input	14	471823	11910	1
S6010932	32	Response	22	471823	11910	1
S6010932	32	Port Input	15	471823	11910	1
S6010932	32	Port Input	14	471824	11910	1
S6010932	33	Picture	20	471857	0	1	12569	1	0	next	hit	292
S6010932	33	Port Input	15	476145	4287	1
S6010932	33	Port Input	14	484363	12506	1
S6010932	33	Response	22	484363	12506	1
S6010932	33	Port Input	15	484363	12506	1
S6010932	33	Port Input	14	484363	12506	1
S6010932	33	Port Input	15	484364	12507	6
S6010932	33	Port Input	14	484370	12512	1
S6010932	33	Port Input	15	484370	12512	1
S6010932	33	Port Input	14	484370	12512	1
S6010932	33	Port Input	15	484370	12513	1
S6010932	33	Port Input	14	484370	12513	1
S6010932	33	Port Input	15	484373	12516	1
S6010932	33	Port Input	14	484373	12516	1
S6010932	34	Picture	20	484426	0	1	12638	1	0	next	hit	312
S6010932	34	Port Input	15	488853	4427	1
S6010932	34	Port Input	14	488853	4427	1
S6010932	34	Port Input	15	488854	4427	1
S6010932	34	Port Input	14	488854	4427	1
S6010932	34	Port Input	15	488854	4428	1
S6010932	34	Port Input	14	488854	4428	1
S6010932	34	Port Input	15	488854	4428	1
S6010932	34	Port Input	14	496991	12565	1
S6010932	34	Response	22	496991	12565	1
S6010932	35	Picture	20	497065	0	1	12152	1	0	next	hit	318
S6010932	35	Port Input	15	501096	4031	1
S6010932	35	Port Input	14	501096	4031	1
S6010932	35	Port Input	15	501096	4031	1
S6010932	35	Port Input	14	509151	12086	1
S6010932	35	Response	22	509151	12086	1
S6010932	36	Picture	20	509217	0	1	13541	1	0	next	hit	324
S6010932	36	Port Input	15	513811	4594	1
S6010932	36	Port Input	14	513811	4594	1
S6010932	36	Port Input	15	513811	4594	1
S6010932	36	Port Input	14	522742	13525	1
S6010932	36	Response	22	522742	13525	1
S6010932	37	Picture	20	522758	0	1	12083	1	0	next	hit	332
S6010932	37	Port Input	15	526677	3919	1
S6010932	37	Port Input	14	526677	3919	1
S6010932	37	Port Input	15	526678	3920	1
S6010932	37	Port Input	14	526679	3920	1
S6010932	37	Port Input	15	526679	3920	1
S6010932	37	Port Input	14	534813	12055	1
S6010932	37	Response	22	534813	12055	1
S6010932	38	Picture	20	534841	0	1	12986	1	0	next	hit	338
S6010932	38	Port Input	15	538855	4014	1
S6010932	38	Port Input	14	538855	4014	1
S6010932	38	Port Input	15	538855	4014	1
S6010932	38	Port Input	14	547786	12945	1
S6010932	38	Response	22	547786	12945	1
S6010932	39	Picture	20	547827	0	1	12638	1	0	next	hit	342
S6010932	39	Port Input	15	551908	4082	1
S6010932	39	Port Input	14	560452	12625	1
S6010932	39	Response	22	560452	12625	1
S6010932	40	Picture	20	560465	0	1	12847	1	0	next	hit	348
S6010932	40	Port Input	15	564302	3837	1
S6010932	40	Port Input	14	564302	3837	1
S6010932	40	Port Input	15	564302	3837	1
S6010932	40	Port Input	14	573280	12815	1
S6010932	40	Response	22	573280	12815	1
S6010932	41	Picture	20	573312	0	1	13333	1	0	next	hit	354
S6010932	41	Port Input	15	577201	3889	1
S6010932	41	Port Input	14	577201	3889	1
S6010932	41	Port Input	15	577201	3889	1
S6010932	41	Port Input	14	586573	13261	1
S6010932	41	Response	22	586573	13261	1
S6010932	42	Picture	20	586645	0	1	11805	1	0	next	hit	370
S6010932	42	Port Input	15	590572	3928	1
S6010932	42	Port Input	14	590572	3928	1
S6010932	42	Port Input	15	590575	3930	1
S6010932	42	Port Input	14	590575	3930	1
S6010932	42	Port Input	15	590581	3936	1
S6010932	42	Port Input	14	590581	3936	1
S6010932	42	Port Input	15	590585	3940	1
S6010932	42	Port Input	14	590585	3940	1
S6010932	42	Port Input	15	590586	3941	1
S6010932	42	Port Input	14	590586	3941	1
S6010932	42	Port Input	15	590586	3941	1
S6010932	42	Port Input	14	590586	3941	1
S6010932	42	Port Input	15	590586	3942	1
S6010932	42	Port Input	14	598416	11771	1
S6010932	42	Response	22	598416	11771	1
S6010932	42	Port Input	15	598416	11771	1
S6010932	42	Port Input	14	598416	11772	1
S6010932	43	Picture	20	598450	0	1	12291	1	0	next	hit	384
S6010932	43	Port Input	15	602818	4368	1
S6010932	43	Port Input	14	602818	4369	1
S6010932	43	Port Input	15	602819	4369	1
S6010932	43	Port Input	14	602819	4369	1
S6010932	43	Port Input	15	602819	4369	1
S6010932	43	Port Input	14	602819	4369	1
S6010932	43	Port Input	15	602819	4369	1
S6010932	43	Port Input	14	602819	4369	1
S6010932	43	Port Input	15	602819	4369	1
S6010932	43	Port Input	14	610669	12219	1
S6010932	43	Response	22	610669	12219	1
S6010932	44	Picture	20	610741	0	1	12291	1	0	next	hit	390
S6010932	44	Port Input	15	615001	4260	1
S6010932	44	Port Input	14	615001	4260	1
S6010932	44	Port Input	15	615001	4260	1
S6010932	44	Port Input	14	622983	12242	1
S6010932	44	Response	22	622983	12242	1
S6010932	45	Picture	20	623032	0	1	12708	1	0	next	hit	394
S6010932	45	Port Input	15	626938	3906	1
S6010932	45	Port Input	14	635724	12692	1
S6010932	45	Response	22	635724	12692	1
S6010932	46	Picture	20	635740	0	1	13750	1	0	next	hit	398
S6010932	46	Port Input	15	640130	4390	1
S6010932	46	Port Input	14	649462	13722	1
S6010932	46	Response	22	649462	13722	1
S6010932	47	Picture	20	649490	0	1	12291	1	0	next	hit	402
S6010932	47	Port Input	15	653216	3727	1
S6010932	47	Port Input	14	661733	12243	1
S6010932	47	Response	22	661733	12243	1
S6010932	48	Picture	20	661781	0	1	13194	1	0	next	hit	408
S6010932	48	Port Input	15	665987	4206	1
S6010932	48	Port Input	14	665987	4206	1
S6010932	48	Port Input	15	665987	4206	1
S6010932	48	Port Input	14	674900	13119	1
S6010932	48	Response	22	674900	13119	1
S6010932	49	Picture	20	674975	0	1	13749	1	0	next	hit	416
S6010932	49	Port Input	15	678938	3964	1
S6010932	49	Port Input	14	678938	3964	1
S6010932	49	Port Input	15	678938	3964	1
S6010932	49	Port Input	14	678939	3964	1
S6010932	49	Port Input	15	678939	3964	1
S6010932	49	Port Input	14	688671	13696	1
S6010932	49	Response	22	688671	13696	1
S6010932	50	Picture	20	688724	0	1	12222	1	0	next	hit	422
S6010932	50	Port Input	15	692579	3855	1
S6010932	50	Port Input	14	692579	3855	1
S6010932	50	Port Input	15	692579	3855	1
S6010932	50	Port Input	14	700922	12198	1
S6010932	50	Response	22	700922	12198	1
S6010932	50	Port Input	15	700923	12198	1
S6010932	50	Port Input	14	700923	12198	1
S6010932	51	Picture	20	700946	0	1	12361	1	0	next	hit	432
S6010932	51	Port Input	15	705350	4404	1
S6010932	51	Port Input	14	705350	4404	1
S6010932	51	Port Input	15	705350	4404	1
S6010932	51	Port Input	14	705350	4404	1
S6010932	51	Port Input	15	705350	4404	1
S6010932	51	Port Input	14	713289	12343	1
S6010932	51	Response	22	713289	12343	1
S6010932	52	Picture	20	713307	0	1	13055	1	0	next	hit	444
S6010932	52	Port Input	15	716800	3493	1
S6010932	52	Port Input	14	716800	3493	1
S6010932	52	Port Input	15	716800	3493	1
S6010932	52	Port Input	14	716800	3493	1
S6010932	52	Port Input	15	716800	3493	1
S6010932	52	Port Input	14	716800	3493	1
S6010932	52	Port Input	15	716800	3493	1
S6010932	52	Port Input	14	716800	3493	1
S6010932	52	Port Input	15	716800	3494	1
S6010932	52	Port Input	14	726324	13017	1
S6010932	52	Response	22	726324	13017	1
S6010932	53	Picture	20	726362	0	1	12986	1	0	next	hit	464
S6010932	53	Port Input	15	730434	4072	1
S6010932	53	Port Input	14	730434	4072	1
S6010932	53	Port Input	15	730439	4077	1
S6010932	53	Port Input	14	730439	4078	1
S6010932	53	Port Input	15	730440	4078	1
S6010932	53	Port Input	14	730440	4078	1
S6010932	53	Port Input	15	730440	4078	1
S6010932	53	Port Input	14	730440	4078	1
S6010932	53	Port Input	15	730443	4081	1
S6010932	53	Port Input	14	730443	4081	1
S6010932	53	Port Input	15	730443	4081	1
S6010932	53	Port Input	14	730443	4081	1
S6010932	53	Port Input	15	730443	4082	1
S6010932	53	Port Input	14	730443	4082	1
S6010932	53	Port Input	15	730443	4082	1
S6010932	53	Port Input	14	730444	4082	1
S6010932	53	Port Input	15	730444	4082	1
S6010932	53	Port Input	14	739330	12968	1
S6010932	53	Response	22	739330	12968	1
S6010932	53	Port Input	15	739330	12968	1
S6010932	53	Port Input	14	739330	12968	1
S6010932	54	Picture	20	739347	0	1	13055	1	0	next	hit	472
S6010932	54	Port Input	15	743006	3659	1
S6010932	54	Port Input	14	743006	3659	1
S6010932	54	Port Input	15	743006	3659	1
S6010932	54	Port Input	14	752361	13014	1
S6010932	54	Response	22	752361	13014	1
S6010932	54	Port Input	15	752361	13014	1
S6010932	54	Port Input	14	752361	13014	1
S6010932	54	Port Input	15	752361	13014	1
S6010932	54	Port Input	14	752362	13015	3
S6010932	55	Picture	20	752403	0	1	12847	1	0	next	hit	490
S6010932	55	Port Input	15	756365	3962	1
S6010932	55	Port Input	14	756365	3962	1
S6010932	55	Port Input	15	756394	3991	1
S6010932	55	Port Input	14	756394	3991	1
S6010932	55	Port Input	15	756394	3992	1
S6010932	55	Port Input	14	756394	3992	1
S6010932	55	Port Input	15	756394	3992	1
S6010932	55	Port Input	14	756394	3992	1
S6010932	55	Port Input	15	756395	3992	1
S6010932	55	Port Input	14	756395	3992	1
S6010932	55	Port Input	15	756395	3993	1
S6010932	55	Port Input	14	765225	12823	1
S6010932	55	Response	22	765225	12823	1
S6010932	56	Picture	20	765249	0	1	12638	1	0	next	hit	496
S6010932	56	Port Input	15	769377	4128	1
S6010932	56	Port Input	14	769377	4128	1
S6010932	56	Port Input	15	769377	4128	1
S6010932	56	Port Input	14	777819	12570	1
S6010932	56	Response	22	777819	12570	1
S6010932	57	Picture	20	777888	0	1	12638	1	0	next	hit	500
S6010932	57	Port Input	15	781376	3488	1
S6010932	57	Port Input	14	790493	12606	1
S6010932	57	Response	22	790493	12606	1
S6010932	58	Picture	20	790526	0	1	12777	1	0	next	hit	504
S6010932	58	Port Input	15	794059	3532	1
S6010932	58	Port Input	14	803269	12743	1
S6010932	58	Response	22	803269	12743	1
S6010932	58	Port Input	15	803269	12743	1
S6010932	58	Port Input	14	803269	12743	1
S6010932	59	Picture	20	803303	0	1	13541	1	0	next	hit	512
S6010932	59	Port Input	15	807481	4178	1
S6010932	59	Port Input	14	807481	4178	1
S6010932	59	Port Input	15	807481	4178	1
S6010932	59	Port Input	14	816786	13482	1
S6010932	59	Response	22	816786	13482	1
S6010932	60	Picture	20	816845	0	1	13472	1	0	next	hit	530
S6010932	60	Port Input	15	820983	4138	1
S6010932	60	Port Input	14	820983	4138	1
S6010932	60	Port Input	15	820983	4138	1
S6010932	60	Port Input	14	820983	4138	1
S6010932	60	Port Input	15	820983	4139	1
S6010932	60	Port Input	14	820983	4139	1
S6010932	60	Port Input	15	820983	4139	1
S6010932	60	Port Input	14	820983	4139	1
S6010932	60	Port Input	15	820983	4139	1
S6010932	60	Port Input	14	820983	4139	1
S6010932	60	Port Input	15	820983	4139	1
S6010932	60	Port Input	14	820984	4139	1
S6010932	60	Port Input	15	820984	4139	1
S6010932	60	Port Input	14	820984	4139	1
S6010932	60	Port Input	15	820984	4140	1
S6010932	60	Port Input	14	830305	13461	1
S6010932	60	Response	22	830305	13461	1
S6010932	60	Port Input	15	830305	13461	1
S6010932	60	Port Input	14	830306	13462	6
S6010932	61	Picture	20	830316	0	1	12569	1	0	next	hit	538
S6010932	61	Port Input	15	833715	3399	1
S6010932	61	Port Input	14	833715	3399	1
S6010932	61	Port Input	15	833716	3399	1
S6010932	61	Port Input	14	842869	12552	1
S6010932	61	Response	22	842869	12552	1
S6010932	62	Picture	20	842885	0	1	13819	1	0	next	hit	542
S6010932	62	Port Input	15	847126	4241	1
S6010932	62	Port Input	14	856663	13778	1
S6010932	62	Response	22	856663	13778	1
S6010932	63	Picture	20	856704	0	1	13611	1	0	next	hit	548
S6010932	63	Port Input	15	860359	3655	1
S6010932	63	Port Input	14	860359	3655	1
S6010932	63	Port Input	15	860360	3655	1
S6010932	63	Port Input	14	870264	13559	1
S6010932	63	Response	22	870264	13559	1
S6010932	64	Picture	20	870315	0	1	12916	1	0	next	hit	552
S6010932	64	Port Input	15	873976	3662	1
S6010932	64	Port Input	14	883154	12839	1
S6010932	64	Response	22	883154	12839	1
S6010932	64	Port Input	15	883155	12840	1
S6010932	64	Port Input	14	883155	12841	5
S6010932	65	Picture	20	883231	0	1	13402	1	0	next	hit	560
S6010932	65	Port Input	15	886842	3611	1
S6010932	65	Port Input	14	886843	3612	1
S6010932	65	Port Input	15	886843	3612	1
S6010932	65	Port Input	14	896564	13333	1
S6010932	65	Response	22	896564	13333	1
S6010932	66	Picture	20	896633	0	1	13680	1	0	next	hit	566
S6010932	66	Port Input	15	900218	3585	1
S6010932	66	Port Input	14	900218	3585	1
S6010932	66	Port Input	15	900219	3585	1
S6010932	66	Port Input	14	910241	13608	1
S6010932	66	Response	22	910241	13608	1
S6010932	67	Picture	20	910313	0	1	13125	1	0	next	hit	570
S6010932	67	Port Input	15	914409	4096	1
S6010932	67	Port Input	14	923401	13087	1
S6010932	67	Response	22	923401	13087	1
S6010932	67	Port Input	15	923401	13088	1
S6010932	67	Port Input	14	923401	13088	1
S6010932	68	Picture	20	923438	0	1	14097	1	0	next	hit	576
S6010932	68	Port Input	15	927791	4353	1
S6010932	68	Port Input	14	937469	14032	1
S6010932	68	Response	22	937469	14032	1
S6010932	69	Picture	20	937535	0	1	14027	1	0	next	hit	580
S6010932	69	Port Input	15	941468	3933	1
S6010932	69	Port Input	14	951547	14013	1
S6010932	69	Response	22	951547	14013	1
S6010932	69	Port Input	15	951548	14013	1
S6010932	69	Port Input	14	951548	14013	1
S6010932	70	Picture	20	951562	0	1	13611	1	0	next	hit	586
S6010932	70	Port Input	15	955458	3896	1
S6010932	70	Port Input	14	965108	13546	1
S6010932	70	Response	22	965108	13546	1
S6010932	71	Picture	20	965172	0	1	12500	1	0	next	hit	590
S6010932	71	Port Input	15	968573	3400	1
S6010932	71	Port Input	14	977634	12462	1
S6010932	71	Response	22	977634	12462	1
S6010932	72	Picture	20	977672	0	1	13958	1	0	next	hit	600
S6010932	72	Port Input	15	981501	3829	1
S6010932	72	Port Input	14	981501	3829	1
S6010932	72	Port Input	15	981502	3830	1
S6010932	72	Port Input	14	981502	3830	1
S6010932	72	Port Input	15	981502	3830	1
S6010932	72	Port Input	14	981502	3830	1
S6010932	72	Port Input	15	981502	3830	1
S6010932	72	Port Input	14	991560	13888	1
S6010932	72	Response	22	991560	13888	1
S6010932	72	Port Input	15	991560	13888	1
S6010932	72	Port Input	14	991560	13888	1
S6010932	73	Picture	20	991630	0	1	14027	1	0	next	hit	610
S6010932	73	Port Input	15	995518	3889	1
S6010932	73	Port Input	14	995518	3889	1
S6010932	73	Port Input	15	995519	3889	1
S6010932	73	Port Input	14	995519	3889	1
S6010932	73	Port Input	15	995519	3889	1
S6010932	73	Port Input	14	1005621	13991	1
S6010932	73	Response	22	1005621	13991	1
S6010932	74	Picture	20	1005657	0	1	13194	1	0	next	hit	614
S6010932	74	Port Input	15	1010167	4510	1
S6010932	74	Port Input	14	1018814	13157	1
S6010932	74	Response	22	1018814	13157	1
S6010932	74	Port Input	15	1018814	13157	1
S6010932	74	Port Input	14	1018814	13157	1
S6010932	75	Picture	20	1018851	0	1	14166	1	0	next	hit	620
S6010932	75	Port Input	15	1023189	4338	1
S6010932	75	Port Input	14	1032980	14129	1
S6010932	75	Response	22	1032980	14129	1
S6010932	76	Picture	20	1033017	0	1	13263	1	0	next	hit	624
S6010932	76	Port Input	15	1037024	4007	1
S6010932	76	Port Input	14	1046261	13244	1
S6010932	76	Response	22	1046261	13244	1
S6010932	77	Picture	20	1046281	0	1	13541	1	0	next	hit	628
S6010932	77	Port Input	15	1050011	3730	1
S6010932	77	Port Input	14	1059775	13495	1
S6010932	77	Response	22	1059775	13495	1
S6010932	78	Picture	20	1059822	0	1	14236	1	0	next	hit	638
S6010932	78	Port Input	15	1063593	3772	1
S6010932	78	Port Input	14	1063593	3772	1
S6010932	78	Port Input	15	1063594	3772	1
S6010932	78	Port Input	14	1063594	3772	1
S6010932	78	Port Input	15	1063594	3772	1
S6010932	78	Port Input	14	1063594	3772	1
S6010932	78	Port Input	15	1063594	3772	1
S6010932	78	Port Input	14	1074045	14223	1
S6010932	78	Response	22	1074045	14223	1
S6010932	79	Picture	20	1074057	0	1	13819	1	0	next	hit	644
S6010932	79	Port Input	15	1078066	4009	1
S6010932	79	Port Input	14	1078066	4009	1
S6010932	79	Port Input	15	1078066	4009	1
S6010932	79	Port Input	14	1087856	13799	1
S6010932	79	Response	22	1087856	13799	1
S6010932	80	Picture	20	1087876	0	1	13541	1	0	next	hit	652
S6010932	80	Port Input	15	1092150	4273	1
S6010932	80	Port Input	14	1092150	4273	1
S6010932	80	Port Input	15	1092150	4273	1
S6010932	80	Port Input	14	1092150	4273	1
S6010932	80	Port Input	15	1092150	4274	1
S6010932	80	Port Input	14	1101359	13483	1
S6010932	80	Response	22	1101359	13483	1
S6010932	81	Picture	20	1101417	0	1	13611	1	0	next	hit	656
S6010932	81	Port Input	15	1105302	3884	1
S6010932	81	Port Input	14	1114988	13571	1
S6010932	81	Response	22	1114988	13571	1
S6010932	82	Picture	20	1115028	0	1	13402	1	0	next	hit	660
S6010932	82	Port Input	15	1118682	3654	1
S6010932	82	Port Input	14	1128418	13390	1
S6010932	82	Response	22	1128418	13390	1
S6010932	83	Picture	20	1128430	0	1	12569	1	0	next	hit	674
S6010932	83	Port Input	15	1131795	3365	1
S6010932	83	Port Input	14	1131795	3365	1
S6010932	83	Port Input	15	1131795	3365	1
S6010932	83	Port Input	14	1131795	3365	1
S6010932	83	Port Input	15	1131796	3365	1
S6010932	83	Port Input	14	1131796	3365	1
S6010932	83	Port Input	15	1131796	3366	1
S6010932	83	Port Input	14	1131796	3366	1
S6010932	83	Port Input	15	1131796	3366	1
S6010932	83	Port Input	14	1131796	3366	1
S6010932	83	Port Input	15	1131796	3366	1
S6010932	83	Port Input	14	1140948	12517	1
S6010932	83	Response	22	1140948	12517	1
S6010932	83	Port Input	15	1140948	12517	1
S6010932	83	Port Input	14	1140948	12518	1
S6010932	83	Port Input	15	1140948	12518	1
S6010932	83	Port Input	14	1140948	12518	1
S6010932	84	Picture	20	1140999	0	1	14999	1	0	next	hit	688
S6010932	84	Port Input	15	1144456	3457	1
S6010932	84	Port Input	14	1144456	3457	1
S6010932	84	Port Input	15	1144457	3458	1
S6010932	84	Port Input	14	1144457	3458	1
S6010932	84	Port Input	15	1144457	3458	1
S6010932	84	Port Input	14	1144457	3458	1
S6010932	84	Port Input	15	1144457	3458	1
S6010932	84	Port Input	14	1155953	14954	1
S6010932	84	Response	22	1155953	14954	1
S6010932	84	Port Input	15	1155954	14955	1
S6010932	84	Port Input	14	1155954	14955	1
S6010932	85	Picture	20	1155999	0	1	14305	1	0	next	hit	700
S6010932	85	Port Input	15	1159756	3757	1
S6010932	85	Port Input	14	1159756	3757	1
S6010932	85	Port Input	15	1159756	3758	1
S6010932	85	Port Input	14	1159756	3758	1
S6010932	85	Port Input	15	1159757	3758	1
S6010932	85	Port Input	14	1159757	3758	1
S6010932	85	Port Input	15	1159757	3758	1
S6010932	85	Port Input	14	1170254	14255	1
S6010932	85	Response	22	1170254	14255	1
S6010932	86	Picture	20	1170304	0	1	12638	1	0	next	hit	712
S6010932	86	Port Input	15	1174015	3711	1
S6010932	86	Port Input	14	1174015	3711	1
S6010932	86	Port Input	15	1174015	3711	1
S6010932	86	Port Input	14	1174015	3711	1
S6010932	86	Port Input	15	1174015	3711	1
S6010932	86	Port Input	14	1174015	3711	1
S6010932	86	Port Input	15	1174015	3712	1
S6010932	86	Port Input	14	1174015	3712	1
S6010932	86	Port Input	15	1174016	3712	1
S6010932	86	Port Input	14	1182935	12631	1
S6010932	86	Response	22	1182935	12631	1
S6010932	87	Picture	20	1182942	0	1	12986	1	0	next	hit	718
S6010932	87	Port Input	15	1187252	4310	1
S6010932	87	Port Input	14	1187252	4310	1
S6010932	87	Port Input	15	1187253	4310	1
S6010932	87	Port Input	14	1195855	12913	1
S6010932	87	Response	22	1195855	12913	1
S6010932	87	Port Input	15	1195855	12913	1
S6010932	87	Port Input	14	1195855	12913	1
S6010932	88	Picture	20	1195928	0	1	13819	1	0	next	hit	732
S6010932	88	Port Input	15	1200418	4490	1
S6010932	88	Port Input	14	1200418	4490	1
S6010932	88	Port Input	15	1200418	4490	1
S6010932	88	Port Input	14	1200418	4490	1
S6010932	88	Port Input	15	1200419	4492	1
S6010932	88	Port Input	14	1200420	4492	1
S6010932	88	Port Input	15	1200420	4492	1
S6010932	88	Port Input	14	1200420	4492	1
S6010932	88	Port Input	15	1200420	4492	1
S6010932	88	Port Input	14	1209721	13793	1
S6010932	88	Response	22	1209721	13793	1
S6010932	89	Picture	20	1209747	0	1	14305	1	0	next	hit	754
S6010932	89	Port Input	15	1214081	4334	1
S6010932	89	Port Input	14	1214081	4334	1
S6010932	89	Port Input	15	1214081	4335	1
S6010932	89	Port Input	14	1214081	4335	1
S6010932	89	Port Input	15	1214081	4335	1
S6010932	89	Port Input	14	1214081	4335	1
S6010932	89	Port Input	15	1214082	4335	1
S6010932	89	Port Input	14	1214082	4335	1
S6010932	89	Port Input	15	1214082	4335	1
S6010932	89	Port Input	14	1214082	4335	1
S6010932	89	Port Input	15	1214082	4335	1
S6010932	89	Port Input	14	1214082	4335	1
S6010932	89	Port Input	15	1214082	4335	1
S6010932	89	Port Input	14	1214082	4335	1
S6010932	89	Port Input	15	1214082	4335	1
S6010932	89	Port Input	14	1214082	4336	1
S6010932	89	Port Input	15	1214082	4336	1
S6010932	89	Port Input	14	1214083	4336	1
S6010932	89	Port Input	15	1214083	4336	1
S6010932	89	Port Input	14	1223976	14230	1
S6010932	89	Response	22	1223976	14230	1
S6010932	90	Picture	20	1224052	0	1	13472	1	0	next	hit	758
S6010932	90	Port Input	15	1227968	3916	1
S6010932	90	Port Input	14	1237489	13437	1
S6010932	90	Response	22	1237489	13437	1
S6010932	90	Port Input	15	1237489	13438	1
S6010932	90	Port Input	14	1237490	13438	3
S6010932	90	Port Input	15	1237493	13441	1
S6010932	90	Port Input	14	1237493	13442	1
S6010932	91	Picture	20	1237524	0	1	14583	1	0	next	hit	768
S6010932	91	Port Input	15	1241692	4168	1
S6010932	91	Port Input	14	1241692	4169	1
S6010932	91	Port Input	15	1241693	4169	1
S6010932	91	Port Input	14	1252047	14523	1
S6010932	91	Response	22	1252047	14523	1
S6010932	91	Port Input	15	1252047	14524	1
S6010932	91	Port Input	14	1252047	14524	1
S6010932	92	Picture	20	1252106	0	1	14652	1	0	next	hit	778
S6010932	92	Port Input	15	1256085	3978	1
S6010932	92	Port Input	14	1256085	3978	1
S6010932	92	Port Input	15	1256085	3979	1
S6010932	92	Port Input	14	1256085	3979	1
S6010932	92	Port Input	15	1256085	3979	1
S6010932	92	Port Input	14	1266720	14614	1
S6010932	92	Response	22	1266720	14614	1
S6010932	93	Picture	20	1266759	0	1	14513	1	0	next	hit	782
S6010932	93	Port Input	15	1270194	3436	1
S6010932	93	Port Input	14	1281229	14470	1
S6010932	93	Response	22	1281229	14470	1
S6010932	94	Picture	20	1281272	0	1	14791	1	0	next	hit	786
S6010932	94	Port Input	15	1284933	3661	1
S6010932	94	Port Input	14	1295988	14716	1
S6010932	94	Response	22	1295988	14716	1
S6010932	94	Port Input	15	1295988	14717	1
S6010932	94	Port Input	14	1295989	14717	5
S6010932	95	Picture	20	1296063	0	1	13888	1	0	next	hit	792
S6010932	95	Port Input	15	1299657	3594	1
S6010932	95	Port Input	14	1309904	13841	1
S6010932	95	Response	22	1309904	13841	1
S6010932	96	Picture	20	1309951	0	1	13611	1	0	next	hit	796
S6010932	96	Port Input	15	1313209	3258	1
S6010932	96	Port Input	14	1323490	13538	1
S6010932	96	Response	22	1323490	13538	1
S6010932	96	Port Input	15	1323490	13538	1
S6010932	96	Port Input	14	1323490	13539	1
S6010932	97	Picture	20	1323562	0	1	13819	1	0	next	hit	804
S6010932	97	Port Input	15	1327821	4259	1
S6010932	97	Port Input	14	1327821	4259	1
S6010932	97	Port Input	15	1327821	4259	1
S6010932	97	Port Input	14	1337320	13758	1
S6010932	97	Response	22	1337320	13758	1
S6010932	97	Port Input	15	1337320	13758	1
S6010932	97	Port Input	14	1337321	13759	3
S6010932	97	Port Input	15	1337326	13764	1
S6010932	97	Port Input	14	1337326	13764	1
S6010932	97	Port Input	15	1337326	13764	1
S6010932	97	Port Input	14	1337326	13764	1
S6010932	97	Port Input	15	1337327	13765	1
S6010932	97	Port Input	14	1337327	13765	1
S6010932	98	Picture	20	1337381	0	1	14444	1	0	next	hit	818
S6010932	98	Port Input	15	1341425	4044	1
S6010932	98	Port Input	14	1341425	4044	1
S6010932	98	Port Input	15	1341425	4044	1
S6010932	98	Port Input	14	1351749	14368	1
S6010932	98	Response	22	1351749	14368	1
S6010932	98	Port Input	15	1351749	14368	1
S6010932	98	Port Input	14	1351749	14368	1
S6010932	99	Picture	20	1351825	0	1	14999	1	0	next	hit	828
S6010932	99	Port Input	15	1355784	3959	1
S6010932	99	Port Input	14	1355784	3959	1
S6010932	99	Port Input	15	1355784	3959	1
S6010932	99	Port Input	14	1355784	3959	1
S6010932	99	Port Input	15	1355785	3960	1
S6010932	99	Port Input	14	1366817	14992	1
S6010932	99	Response	22	1366817	14992	1
S6010932	100	Picture	20	1366824	0	1	14027	1	0	next	hit	832
S6010932	100	Port Input	15	1370242	3418	1
S6010932	100	Port Input	14	1380804	13980	1
S6010932	100	Response	22	1380804	13980	1
S6010932	100	Port Input	15	1380804	13980	1
S6010932	100	Port Input	14	1380804	13980	1
S6010932	101	Picture	20	1380852	0	1	14513	1	0	next	hit	838
S6010932	101	Port Input	15	1384576	3725	1
S6010932	101	Port Input	14	1395356	14505	1
S6010932	101	Response	22	1395356	14505	1
S6010932	102	Picture	20	1395365	0	1	15972	1	0	next	hit	842
S6010932	102	Port Input	15	1399172	3807	1
S6010932	102	Port Input	14	1410822	15457	1
S6010932	102	Response	22	1410822	15457	1
S6010932	103	Port Input	15	1415162	4325	1
S6010932	103	Port Input	14	1415162	4325	1
S6010932	103	Port Input	15	1415162	4325	1
