Scenario - passive press generic training 1.2
Logfile written - 10/02/2023 11:43:34

Subject	Trial	Event Type	Code	Time	TTime	Uncertainty	Duration	Uncertainty	ReqTime	ReqDur	Stim Type	Pair Index

S6012284	1	Picture	83	15	0	1	5000	1	0	4950	other	0
S6012284	1	Picture	82	10015	10000	1	5000	1	9950	4950	other	0
S6012284	1	Picture	81	20014	19999	1	5000	1	19950	4950	other	0
S6012284	1	Picture	80	30014	29999	1	5000	1	29950	4950	other	0
S6012284	1	Picture	81	40014	39999	1	10000	1	39950	9950	other	0
S6012284	1	Port Input	14	44999	44984	1
S6012284	1	Response	100	44999	44984	1
S6012284	1	Port Input	15	44999	44984	1
S6012284	1	Port Input	14	45000	44985	1
S6012284	1	Port Input	15	45000	44985	1
S6012284	1	Port Input	14	45000	44985	1
S6012284	1	Port Input	15	45000	44985	1
S6012284	1	Port Input	14	45000	44985	1
S6012284	1	Port Input	15	45000	44985	1
S6012284	1	Port Input	14	45000	44985	1
S6012284	1	Port Input	15	45000	44985	1
S6012284	1	Port Input	14	45000	44985	1
S6012284	1	Port Input	15	45000	44985	1
S6012284	1	Port Input	14	45000	44985	1
S6012284	1	Port Input	15	45001	44986	1
S6012284	1	Port Input	14	45001	44986	1
S6012284	1	Port Input	15	45001	44986	1
S6012284	1	Port Input	14	45001	44986	1
S6012284	1	Port Input	15	45002	44987	1
S6012284	1	Port Input	14	45002	44987	1
S6012284	1	Port Input	15	48127	48112	1
S6012284	1	Picture	81	60013	59998	1	10000	1	59950	9950	other	0
S6012284	1	Port Input	14	63298	63283	1
S6012284	1	Response	100	63298	63283	1
S6012284	1	Port Input	15	63298	63283	1
S6012284	1	Port Input	14	63298	63283	1
S6012284	1	Port Input	15	63299	63284	1
S6012284	1	Port Input	14	63299	63284	1
S6012284	1	Port Input	15	63299	63284	1
S6012284	1	Port Input	14	63299	63284	1
S6012284	1	Port Input	15	63299	63284	1
S6012284	1	Port Input	14	63299	63284	1
S6012284	1	Port Input	15	63299	63284	1
S6012284	1	Port Input	14	63299	63284	1
S6012284	1	Port Input	15	63299	63284	1
S6012284	1	Port Input	14	63299	63284	1
S6012284	1	Port Input	15	63300	63285	1
S6012284	1	Port Input	14	63300	63285	1
S6012284	1	Port Input	15	63300	63285	1
S6012284	1	Port Input	14	63300	63285	1
S6012284	1	Port Input	15	63300	63285	1
S6012284	1	Port Input	14	63300	63285	1
S6012284	1	Port Input	15	66895	66880	1
S6012284	1	Port Input	14	66895	66880	1
S6012284	1	Port Input	15	66895	66880	1
S6012284	1	Port Input	14	66895	66880	1
S6012284	1	Port Input	15	66895	66880	1
S6012284	1	Port Input	14	66895	66880	1
S6012284	1	Port Input	15	66895	66880	1
S6012284	1	Port Input	14	66895	66880	1
S6012284	1	Port Input	15	66895	66880	1
S6012284	1	Port Input	14	66895	66880	1
S6012284	1	Port Input	15	66895	66880	1
S6012284	1	Port Input	14	66895	66880	1
S6012284	1	Port Input	15	66896	66881	1
S6012284	1	Port Input	14	66896	66881	1
S6012284	1	Port Input	15	66896	66881	1
S6012284	1	Port Input	14	66896	66881	1
S6012284	1	Port Input	15	66896	66881	1
S6012284	1	Port Input	14	66896	66881	1
S6012284	1	Port Input	15	66897	66882	1
S6012284	1	Picture	81	80012	79997	1	10000	1	79950	9950	other	0
S6012284	1	Port Input	14	82184	82169	1
S6012284	1	Response	100	82184	82169	1
S6012284	1	Port Input	15	82184	82169	1
S6012284	1	Port Input	14	82184	82169	1
S6012284	1	Port Input	15	82184	82169	1
S6012284	1	Port Input	14	82185	82170	1
S6012284	1	Port Input	15	82185	82170	1
S6012284	1	Port Input	14	82185	82170	1
S6012284	1	Port Input	15	85651	85636	1
S6012284	1	Port Input	14	85651	85636	1
S6012284	1	Port Input	15	85651	85636	1
S6012284	1	Port Input	14	85651	85636	1
S6012284	1	Port Input	15	85651	85636	1
S6012284	1	Port Input	14	85651	85637	1
S6012284	1	Port Input	15	85652	85637	1
S6012284	1	Port Input	14	85652	85637	1
S6012284	1	Port Input	15	85652	85637	1
S6012284	1	Port Input	14	85652	85637	1
S6012284	1	Port Input	15	85652	85637	1
S6012284	2	Port Input	14	108477	18396	3
S6012284	2	Response	100	108477	18396	3
S6012284	3	Port Input	15	111884	3331	8
S6012284	3	Port Input	14	121106	12553	8
S6012284	3	Response	100	121106	12553	8
S6012284	4	Port Input	15	124767	3576	8
S6012284	4	Port Input	14	132457	11265	8
S6012284	4	Response	100	132457	11265	8
S6012284	5	Port Input	15	135428	2917	8
S6012284	5	Port Input	14	143264	10754	8
S6012284	5	Response	100	143264	10754	8
S6012284	6	Port Input	15	146226	2883	8
S6012284	6	Port Input	14	154619	11276	8
S6012284	6	Response	100	154619	11276	8
S6012284	7	Port Input	15	157398	2735	8
S6012284	7	Port Input	14	163978	9316	8
S6012284	7	Response	100	163978	9316	8
S6012284	8	Port Input	15	167079	3041	8
S6012284	8	Port Input	14	175896	11859	8
S6012284	8	Response	100	175896	11859	8
S6012284	9	Port Input	15	178851	2869	8
S6012284	9	Port Input	14	187243	11262	8
S6012284	9	Response	100	187243	11262	8
S6012284	10	Port Input	15	190189	2889	8
S6012284	10	Port Input	14	197780	10480	8
S6012284	10	Response	100	197780	10480	8
S6012284	11	Port Input	15	200671	2815	8
S6012284	11	Port Input	14	208092	10236	8
S6012284	11	Response	100	208092	10236	8
S6012284	12	Port Input	15	210981	2847	8
S6012284	12	Port Input	14	217648	9515	8
S6012284	12	Response	100	217648	9515	8
S6012284	13	Port Input	15	220376	2660	8
S6012284	13	Port Input	14	229533	11816	8
S6012284	13	Response	100	229533	11816	8
S6012284	14	Port Input	15	232309	2718	8
S6012284	14	Port Input	14	240737	11146	8
S6012284	14	Response	100	240737	11146	8
S6012284	14	Port Input	15	240745	11154	1
S6012284	14	Port Input	14	240745	11154	1
S6012284	15	Port Input	15	243454	2683	8
S6012284	15	Port Input	14	250732	9961	8
S6012284	15	Response	100	250732	9961	8
S6012284	16	Port Input	15	253484	2713	8
S6012284	16	Port Input	14	261210	10439	8
S6012284	16	Response	100	261210	10439	8
S6012284	17	Port Input	15	263805	2549	8
S6012284	17	Port Input	14	271637	10381	8
S6012284	17	Response	100	271637	10381	8
S6012284	18	Port Input	15	274414	2741	8
S6012284	18	Port Input	14	281767	10094	8
S6012284	18	Response	100	281767	10094	8
