Scenario - passive press generic training 1.2
Logfile written - 02/28/2023 12:01:22

Subject	Trial	Event Type	Code	Time	TTime	Uncertainty	Duration	Uncertainty	ReqTime	ReqDur	Stim Type	Pair Index

S6011159	1	Picture	83	11	0	1	5000	1	0	4950	other	0
S6011159	1	Picture	82	10011	10000	1	5000	1	9950	4950	other	0
S6011159	1	Picture	81	20010	19999	1	5000	1	19950	4950	other	0
S6011159	1	Picture	80	30010	29999	1	5000	1	29950	4950	other	0
S6011159	1	Picture	81	40010	39999	1	10000	1	39950	9950	other	0
S6011159	1	Port Input	14	46360	46349	1
S6011159	1	Response	100	46360	46349	1
S6011159	1	Port Input	15	46360	46349	1
S6011159	1	Port Input	14	46360	46349	1
S6011159	1	Port Input	15	46360	46349	1
S6011159	1	Port Input	14	46360	46349	1
S6011159	1	Port Input	15	46360	46349	1
S6011159	1	Port Input	14	46360	46349	1
S6011159	1	Port Input	15	46482	46470	1
S6011159	1	Port Input	14	46482	46470	1
S6011159	1	Port Input	15	46483	46472	1
S6011159	1	Port Input	14	46483	46472	1
S6011159	1	Port Input	15	46485	46474	1
S6011159	1	Port Input	14	46485	46474	1
S6011159	1	Port Input	15	46490	46478	1
S6011159	1	Port Input	14	46490	46478	1
S6011159	1	Port Input	15	46492	46481	1
S6011159	1	Port Input	14	46492	46481	1
S6011159	1	Port Input	15	46494	46483	1
S6011159	1	Port Input	14	46494	46483	1
S6011159	1	Port Input	15	46502	46491	1
S6011159	1	Port Input	14	46502	46491	1
S6011159	1	Port Input	15	46505	46494	1
S6011159	1	Port Input	14	46505	46494	1
S6011159	1	Port Input	15	46509	46498	1
S6011159	1	Port Input	14	46509	46498	1
S6011159	1	Port Input	15	46514	46503	1
S6011159	1	Port Input	14	46514	46503	1
S6011159	1	Port Input	15	46516	46505	1
S6011159	1	Port Input	14	46516	46505	1
S6011159	1	Port Input	15	46518	46507	1
S6011159	1	Port Input	14	46518	46507	1
S6011159	1	Port Input	15	46520	46509	1
S6011159	1	Port Input	14	46520	46509	1
S6011159	1	Port Input	15	46520	46509	1
S6011159	1	Port Input	14	46520	46509	1
S6011159	1	Port Input	15	46520	46509	1
S6011159	1	Port Input	14	46521	46509	1
S6011159	1	Port Input	15	46521	46510	1
S6011159	1	Port Input	14	46521	46510	1
S6011159	1	Port Input	15	46522	46511	1
S6011159	1	Port Input	14	46522	46511	1
S6011159	1	Port Input	15	46523	46512	1
S6011159	1	Port Input	14	46523	46512	1
S6011159	1	Port Input	15	46525	46514	1
S6011159	1	Port Input	14	46525	46514	1
S6011159	1	Port Input	15	46527	46516	1
S6011159	1	Port Input	14	46527	46516	1
S6011159	1	Port Input	15	46528	46517	1
S6011159	1	Port Input	14	46528	46517	1
S6011159	1	Port Input	15	46529	46517	1
S6011159	1	Port Input	14	46529	46517	1
S6011159	1	Port Input	15	46532	46521	1
S6011159	1	Port Input	14	46532	46521	1
S6011159	1	Port Input	15	46534	46522	1
S6011159	1	Port Input	14	46534	46523	1
S6011159	1	Port Input	15	46534	46523	1
S6011159	1	Port Input	14	46534	46523	1
S6011159	1	Port Input	15	46535	46524	1
S6011159	1	Port Input	14	46536	46524	1
S6011159	1	Port Input	15	46547	46536	1
S6011159	1	Port Input	14	46547	46536	1
S6011159	1	Port Input	15	46549	46538	1
S6011159	1	Port Input	14	46549	46538	1
S6011159	1	Port Input	15	46549	46538	1
S6011159	1	Port Input	14	46549	46538	1
S6011159	1	Port Input	15	46550	46538	1
S6011159	1	Port Input	14	46550	46538	1
S6011159	1	Port Input	15	46550	46539	1
S6011159	1	Port Input	14	46550	46539	1
S6011159	1	Port Input	15	46552	46541	1
S6011159	1	Port Input	14	46552	46541	1
S6011159	1	Port Input	15	46556	46545	1
S6011159	1	Port Input	14	46556	46545	1
S6011159	1	Port Input	15	46561	46550	1
S6011159	1	Port Input	14	46561	46550	1
S6011159	1	Port Input	15	46582	46571	1
S6011159	1	Port Input	14	46582	46571	1
S6011159	1	Port Input	15	46633	46622	1
S6011159	1	Port Input	14	46633	46622	1
S6011159	1	Port Input	15	46633	46622	1
S6011159	1	Port Input	14	46633	46622	1
S6011159	1	Port Input	15	46633	46622	1
S6011159	1	Port Input	14	46639	46627	1
S6011159	1	Port Input	15	46640	46628	1
S6011159	1	Port Input	14	46666	46655	1
S6011159	1	Port Input	15	46666	46655	1
S6011159	1	Port Input	14	46666	46655	1
S6011159	1	Port Input	15	46667	46655	1
S6011159	1	Port Input	14	46667	46656	1
S6011159	1	Port Input	15	46668	46656	1
S6011159	1	Port Input	14	46668	46656	1
S6011159	1	Port Input	15	46668	46657	1
S6011159	1	Port Input	14	46668	46657	1
S6011159	1	Port Input	15	46669	46658	1
S6011159	1	Port Input	14	46669	46658	1
S6011159	1	Port Input	15	46669	46658	1
S6011159	1	Port Input	14	46669	46658	1
S6011159	1	Port Input	15	46670	46659	1
S6011159	1	Port Input	14	46670	46659	1
S6011159	1	Port Input	15	46671	46659	1
S6011159	1	Port Input	14	46671	46660	1
S6011159	1	Port Input	15	46672	46661	1
S6011159	1	Port Input	14	46672	46661	1
S6011159	1	Port Input	15	46673	46662	1
S6011159	1	Port Input	14	46673	46662	1
S6011159	1	Port Input	15	46674	46663	1
S6011159	1	Port Input	14	46674	46663	1
S6011159	1	Port Input	15	46675	46664	1
S6011159	1	Port Input	14	46675	46664	1
S6011159	1	Port Input	15	46676	46665	1
S6011159	1	Port Input	14	46676	46665	1
S6011159	1	Port Input	15	46677	46665	1
S6011159	1	Port Input	14	46677	46665	1
S6011159	1	Port Input	15	46677	46666	1
S6011159	1	Port Input	14	46677	46666	1
S6011159	1	Port Input	15	46678	46667	1
S6011159	1	Port Input	14	46678	46667	1
S6011159	1	Port Input	15	46679	46668	1
S6011159	1	Port Input	14	46679	46668	1
S6011159	1	Port Input	15	46680	46668	1
S6011159	1	Port Input	14	46680	46668	1
S6011159	1	Port Input	15	46680	46669	1
S6011159	1	Port Input	14	46680	46669	1
S6011159	1	Port Input	15	46680	46669	1
S6011159	1	Port Input	14	46680	46669	1
S6011159	1	Port Input	15	46681	46670	1
S6011159	1	Port Input	14	46681	46670	1
S6011159	1	Port Input	15	46682	46671	1
S6011159	1	Port Input	14	46683	46672	1
S6011159	1	Port Input	15	46683	46672	1
S6011159	1	Port Input	14	46683	46672	1
S6011159	1	Port Input	15	46684	46673	1
S6011159	1	Port Input	14	46684	46673	1
S6011159	1	Port Input	15	46684	46673	1
S6011159	1	Port Input	14	46685	46673	1
S6011159	1	Port Input	15	46685	46674	1
S6011159	1	Port Input	14	46685	46674	1
S6011159	1	Port Input	15	46686	46675	1
S6011159	1	Port Input	14	46686	46675	1
S6011159	1	Port Input	15	46686	46675	1
S6011159	1	Port Input	14	46686	46675	1
S6011159	1	Port Input	15	46687	46676	1
S6011159	1	Port Input	14	46691	46680	1
S6011159	1	Port Input	15	46692	46681	1
S6011159	1	Port Input	14	46692	46681	1
S6011159	1	Port Input	15	46701	46690	1
S6011159	1	Port Input	14	46701	46690	1
S6011159	1	Port Input	15	46704	46692	1
S6011159	1	Port Input	14	46704	46692	1
S6011159	1	Port Input	15	46705	46694	1
S6011159	1	Port Input	14	46705	46694	1
S6011159	1	Port Input	15	46706	46695	1
S6011159	1	Port Input	14	46706	46695	1
S6011159	1	Port Input	15	46707	46696	1
S6011159	1	Port Input	14	46707	46696	1
S6011159	1	Port Input	15	46710	46699	1
S6011159	1	Port Input	14	46711	46699	1
S6011159	1	Port Input	15	46712	46701	1
S6011159	1	Port Input	14	46712	46701	1
S6011159	1	Port Input	15	46717	46706	1
S6011159	1	Port Input	14	46720	46708	1
S6011159	1	Port Input	15	46720	46709	1
S6011159	1	Port Input	14	46720	46709	1
S6011159	1	Port Input	15	46721	46710	1
S6011159	1	Port Input	14	46721	46710	1
S6011159	1	Port Input	15	46722	46711	1
S6011159	1	Port Input	14	46722	46711	1
S6011159	1	Port Input	15	46729	46718	1
S6011159	1	Port Input	14	46730	46718	1
S6011159	1	Port Input	15	46733	46722	1
S6011159	1	Port Input	14	46733	46722	1
S6011159	1	Port Input	15	46734	46723	1
S6011159	1	Port Input	14	46736	46725	1
S6011159	1	Port Input	15	46741	46729	1
S6011159	1	Port Input	14	46741	46730	1
S6011159	1	Port Input	15	46742	46731	1
S6011159	1	Port Input	14	46743	46731	1
S6011159	1	Port Input	15	46745	46733	1
S6011159	1	Port Input	14	46745	46734	1
S6011159	1	Port Input	15	46748	46736	1
S6011159	1	Port Input	14	46748	46736	1
S6011159	1	Port Input	15	46749	46738	1
S6011159	1	Port Input	14	46749	46738	1
S6011159	1	Port Input	15	46754	46743	1
S6011159	1	Port Input	14	46754	46743	1
S6011159	1	Port Input	15	46763	46752	1
S6011159	1	Port Input	14	46764	46752	1
S6011159	1	Port Input	15	46767	46756	1
S6011159	1	Port Input	14	46768	46757	1
S6011159	1	Port Input	15	46769	46758	1
S6011159	1	Port Input	14	46770	46759	1
S6011159	1	Port Input	15	46774	46763	1
S6011159	1	Port Input	14	46774	46763	1
S6011159	1	Port Input	15	46777	46766	1
S6011159	1	Port Input	14	46779	46768	1
S6011159	1	Port Input	15	46788	46777	1
S6011159	1	Port Input	14	46795	46784	1
S6011159	1	Port Input	15	46795	46784	1
S6011159	1	Port Input	14	46797	46786	1
S6011159	1	Port Input	15	46804	46793	1
S6011159	1	Port Input	14	46804	46793	1
S6011159	1	Port Input	15	46804	46793	1
S6011159	1	Port Input	14	46804	46793	1
S6011159	1	Port Input	15	46807	46796	1
S6011159	1	Port Input	14	46821	46810	1
S6011159	1	Port Input	15	46822	46811	1
S6011159	1	Port Input	14	46822	46811	1
S6011159	1	Port Input	15	46822	46811	1
S6011159	1	Port Input	14	46826	46815	1
S6011159	1	Port Input	15	46829	46818	1
S6011159	1	Port Input	14	46829	46818	1
S6011159	1	Port Input	15	46829	46818	1
S6011159	1	Port Input	14	46829	46818	1
S6011159	1	Port Input	15	46869	46857	1
S6011159	1	Port Input	14	46869	46858	1
S6011159	1	Port Input	15	46869	46858	1
S6011159	1	Port Input	14	46871	46860	1
S6011159	1	Port Input	15	46871	46860	1
S6011159	1	Port Input	14	46871	46860	1
S6011159	1	Port Input	15	46874	46863	1
S6011159	1	Port Input	14	47105	47093	1
S6011159	1	Port Input	15	47111	47100	1
S6011159	1	Port Input	14	47148	47137	1
S6011159	1	Port Input	15	47167	47155	1
S6011159	1	Port Input	14	47167	47156	1
S6011159	1	Port Input	15	47197	47186	1
S6011159	1	Port Input	14	47197	47186	1
S6011159	1	Port Input	15	47227	47216	1
S6011159	1	Port Input	14	47229	47218	1
S6011159	1	Port Input	15	47233	47222	1
S6011159	1	Port Input	14	47271	47260	1
S6011159	1	Port Input	15	47285	47274	1
S6011159	1	Port Input	14	47286	47275	1
S6011159	1	Port Input	15	47333	47322	1
S6011159	1	Port Input	14	47334	47322	1
S6011159	1	Port Input	15	47423	47412	1
S6011159	1	Port Input	14	47423	47412	1
S6011159	1	Port Input	15	47470	47459	1
S6011159	1	Port Input	14	47470	47459	1
S6011159	1	Port Input	15	47503	47492	1
S6011159	1	Port Input	14	47503	47492	1
S6011159	1	Port Input	15	47621	47610	1
S6011159	1	Port Input	14	47621	47610	1
S6011159	1	Port Input	15	48393	48382	1
S6011159	1	Port Input	14	48393	48382	1
S6011159	1	Port Input	15	48471	48460	1
S6011159	1	Port Input	14	48471	48460	1
S6011159	1	Port Input	15	48485	48473	1
S6011159	1	Port Input	14	48485	48474	1
S6011159	1	Port Input	15	48496	48485	1
S6011159	1	Port Input	14	48501	48490	1
S6011159	1	Port Input	15	48528	48517	1
S6011159	1	Port Input	14	48528	48517	1
S6011159	1	Port Input	15	48531	48520	1
S6011159	1	Port Input	14	48534	48523	1
S6011159	1	Port Input	15	48569	48558	1
S6011159	1	Port Input	14	48569	48558	1
S6011159	1	Port Input	15	48572	48561	1
S6011159	1	Port Input	14	48590	48579	1
S6011159	1	Port Input	15	48650	48639	1
S6011159	1	Port Input	14	48650	48639	1
S6011159	1	Port Input	15	48650	48639	1
S6011159	1	Port Input	14	48650	48639	1
S6011159	1	Port Input	15	48650	48639	1
S6011159	1	Port Input	14	48650	48639	1
S6011159	1	Port Input	15	48654	48643	1
S6011159	1	Port Input	14	48654	48643	1
S6011159	1	Port Input	15	48663	48652	1
S6011159	1	Port Input	14	48664	48652	1
S6011159	1	Port Input	15	48664	48653	1
S6011159	1	Port Input	14	48664	48653	1
S6011159	1	Port Input	15	48664	48653	1
S6011159	1	Port Input	14	48664	48653	1
S6011159	1	Port Input	15	48664	48653	1
S6011159	1	Port Input	14	48664	48653	1
S6011159	1	Port Input	15	48671	48660	1
S6011159	1	Port Input	14	48671	48660	1
S6011159	1	Port Input	15	48673	48661	1
S6011159	1	Port Input	14	48673	48661	1
S6011159	1	Port Input	15	48674	48663	1
S6011159	1	Port Input	14	48674	48663	1
S6011159	1	Port Input	15	48675	48663	1
S6011159	1	Port Input	14	48675	48664	1
S6011159	1	Port Input	15	48675	48664	1
S6011159	1	Port Input	14	48675	48664	1
S6011159	1	Port Input	15	48676	48665	1
S6011159	1	Port Input	14	48676	48665	1
S6011159	1	Port Input	15	48676	48665	1
S6011159	1	Port Input	14	48676	48665	1
S6011159	1	Port Input	15	48677	48666	1
S6011159	1	Port Input	14	48677	48666	1
S6011159	1	Port Input	15	48677	48666	1
S6011159	1	Port Input	14	48677	48666	1
S6011159	1	Port Input	15	48677	48666	1
S6011159	1	Port Input	14	48678	48666	1
S6011159	1	Port Input	15	48678	48667	1
S6011159	1	Port Input	14	48678	48667	1
S6011159	1	Port Input	15	48678	48667	1
S6011159	1	Port Input	14	48678	48667	1
S6011159	1	Port Input	15	48678	48667	1
S6011159	1	Port Input	14	48678	48667	1
S6011159	1	Port Input	15	48678	48667	1
S6011159	1	Port Input	14	48678	48667	1
S6011159	1	Port Input	15	48679	48667	1
S6011159	1	Port Input	14	48679	48668	1
S6011159	1	Port Input	15	48680	48668	1
S6011159	1	Port Input	14	48680	48669	1
S6011159	1	Port Input	15	48680	48669	1
S6011159	1	Port Input	14	48682	48671	1
S6011159	1	Port Input	15	48682	48671	1
S6011159	1	Port Input	14	48684	48673	1
S6011159	1	Port Input	15	48684	48673	1
S6011159	1	Port Input	14	48684	48673	1
S6011159	1	Port Input	15	48684	48673	1
S6011159	1	Port Input	14	48685	48673	1
S6011159	1	Port Input	15	48685	48674	1
S6011159	1	Port Input	14	48686	48675	1
S6011159	1	Port Input	15	48686	48675	1
S6011159	1	Port Input	14	48686	48675	1
S6011159	1	Port Input	15	48686	48675	1
S6011159	1	Port Input	14	48686	48675	1
S6011159	1	Port Input	15	48687	48675	1
S6011159	1	Port Input	14	48687	48675	1
S6011159	1	Port Input	15	48687	48675	1
S6011159	1	Port Input	14	48687	48676	1
S6011159	1	Port Input	15	48687	48676	1
S6011159	1	Port Input	14	48687	48676	1
S6011159	1	Port Input	15	48687	48676	1
S6011159	1	Port Input	14	48687	48676	1
S6011159	1	Port Input	15	48688	48677	1
S6011159	1	Port Input	14	48688	48677	1
S6011159	1	Port Input	15	48688	48677	1
S6011159	1	Port Input	14	48688	48677	1
S6011159	1	Port Input	15	48689	48677	1
S6011159	1	Port Input	14	48689	48677	1
S6011159	1	Port Input	15	48689	48678	1
S6011159	1	Port Input	14	48689	48678	1
S6011159	1	Port Input	15	48689	48678	1
S6011159	1	Port Input	14	48689	48678	1
S6011159	1	Port Input	15	48689	48678	1
S6011159	1	Port Input	14	48689	48678	1
S6011159	1	Port Input	15	48690	48678	1
S6011159	1	Port Input	14	48690	48678	1
S6011159	1	Port Input	15	48690	48679	1
S6011159	1	Port Input	14	48690	48679	1
S6011159	1	Port Input	15	48690	48679	1
S6011159	1	Port Input	14	48690	48679	1
S6011159	1	Port Input	15	48690	48679	1
S6011159	1	Port Input	14	48690	48679	1
S6011159	1	Port Input	15	48690	48679	1
S6011159	1	Port Input	14	48690	48679	1
S6011159	1	Port Input	15	48690	48679	1
S6011159	1	Port Input	14	48690	48679	1
S6011159	1	Port Input	15	48691	48679	1
S6011159	1	Port Input	14	48691	48679	1
S6011159	1	Port Input	15	48691	48679	1
S6011159	1	Port Input	14	48691	48680	1
S6011159	1	Port Input	15	48691	48680	1
S6011159	1	Port Input	14	48691	48680	1
S6011159	1	Port Input	15	48691	48680	1
S6011159	1	Port Input	14	48691	48680	1
S6011159	1	Port Input	15	48691	48680	1
S6011159	1	Port Input	14	48691	48680	1
S6011159	1	Port Input	15	48692	48680	1
S6011159	1	Port Input	14	48692	48680	1
S6011159	1	Port Input	15	48692	48680	1
S6011159	1	Port Input	14	48692	48681	1
S6011159	1	Port Input	15	48692	48681	1
S6011159	1	Port Input	14	48692	48681	1
S6011159	1	Port Input	15	48692	48681	1
S6011159	1	Port Input	14	48692	48681	1
S6011159	1	Port Input	15	48692	48681	1
S6011159	1	Port Input	14	48692	48681	1
S6011159	1	Port Input	15	48692	48681	1
S6011159	1	Port Input	14	48692	48681	1
S6011159	1	Port Input	15	48692	48681	1
S6011159	1	Port Input	14	48692	48681	1
S6011159	1	Port Input	15	48692	48681	1
S6011159	1	Port Input	14	48692	48681	1
S6011159	1	Port Input	15	48692	48681	1
S6011159	1	Port Input	14	48692	48681	1
S6011159	1	Port Input	15	48692	48681	1
S6011159	1	Port Input	14	48692	48681	1
S6011159	1	Port Input	15	48693	48681	1
S6011159	1	Port Input	14	48693	48681	1
S6011159	1	Port Input	15	48693	48681	1
S6011159	1	Port Input	14	48693	48682	1
S6011159	1	Port Input	15	48693	48682	1
S6011159	1	Port Input	14	48695	48684	1
S6011159	1	Port Input	15	48696	48685	1
S6011159	1	Port Input	14	48696	48685	1
S6011159	1	Port Input	15	48696	48685	1
S6011159	1	Port Input	14	48696	48685	1
S6011159	1	Port Input	15	48697	48686	1
S6011159	1	Port Input	14	48697	48686	1
S6011159	1	Port Input	15	48697	48686	1
S6011159	1	Port Input	14	48698	48686	1
S6011159	1	Port Input	15	48700	48689	1
S6011159	1	Port Input	14	48700	48689	1
S6011159	1	Port Input	15	48706	48695	1
S6011159	1	Port Input	14	48706	48695	1
S6011159	1	Port Input	15	48707	48696	1
S6011159	1	Port Input	14	48707	48696	1
S6011159	1	Port Input	15	48708	48697	1
S6011159	1	Port Input	14	48708	48697	1
S6011159	1	Port Input	15	48708	48697	1
S6011159	1	Port Input	14	48708	48697	1
S6011159	1	Port Input	15	48709	48698	1
S6011159	1	Port Input	14	48709	48698	1
S6011159	1	Port Input	15	48710	48698	1
S6011159	1	Port Input	14	48710	48698	1
S6011159	1	Port Input	15	48710	48699	1
S6011159	1	Port Input	14	48710	48699	1
S6011159	1	Port Input	15	48711	48700	1
S6011159	1	Port Input	14	48711	48700	1
S6011159	1	Port Input	15	48711	48700	1
S6011159	1	Port Input	14	48711	48700	1
S6011159	1	Port Input	15	48712	48700	1
S6011159	1	Port Input	14	48712	48700	1
S6011159	1	Port Input	15	48712	48701	1
S6011159	1	Port Input	14	48712	48701	1
S6011159	1	Port Input	15	48713	48702	1
S6011159	1	Port Input	14	48713	48702	1
S6011159	1	Port Input	15	48713	48702	1
S6011159	1	Port Input	14	48713	48702	1
S6011159	1	Port Input	15	48714	48703	1
S6011159	1	Port Input	14	48714	48703	1
S6011159	1	Port Input	15	48714	48703	1
S6011159	1	Port Input	14	48714	48703	1
S6011159	1	Port Input	15	48733	48722	1
S6011159	1	Port Input	14	48780	48769	1
S6011159	1	Port Input	15	48783	48772	1
S6011159	1	Port Input	14	48783	48772	1
S6011159	1	Port Input	15	48784	48773	1
S6011159	1	Port Input	14	48784	48773	1
S6011159	1	Port Input	15	48784	48773	1
S6011159	1	Port Input	14	48786	48775	1
S6011159	1	Port Input	15	48786	48775	1
S6011159	1	Port Input	14	48788	48777	1
S6011159	1	Port Input	15	48788	48777	1
S6011159	1	Port Input	14	48788	48777	1
S6011159	1	Port Input	15	48788	48777	1
S6011159	1	Port Input	14	48789	48778	1
S6011159	1	Port Input	15	48808	48797	1
S6011159	1	Port Input	14	48808	48797	1
S6011159	1	Port Input	15	48810	48799	1
S6011159	1	Port Input	14	48810	48799	1
S6011159	1	Port Input	15	49059	49048	1
S6011159	1	Picture	81	60009	59998	1	10000	1	59950	9950	other	0
S6011159	1	Port Input	14	62253	62242	1
S6011159	1	Response	100	62253	62242	1
S6011159	1	Port Input	15	62253	62242	1
S6011159	1	Port Input	14	62253	62242	1
S6011159	1	Port Input	15	62254	62243	1
S6011159	1	Port Input	14	62254	62243	1
S6011159	1	Port Input	15	62254	62243	1
S6011159	1	Port Input	14	62254	62243	1
S6011159	1	Port Input	15	62254	62243	1
S6011159	1	Port Input	14	62254	62243	1
S6011159	1	Port Input	15	62254	62243	1
S6011159	1	Port Input	14	62254	62243	1
S6011159	1	Port Input	15	62254	62243	1
S6011159	1	Port Input	14	62254	62243	1
S6011159	1	Port Input	15	62255	62243	1
S6011159	1	Port Input	14	62255	62243	1
S6011159	1	Port Input	15	62255	62244	1
S6011159	1	Port Input	14	62255	62244	1
S6011159	1	Port Input	15	62255	62244	1
S6011159	1	Port Input	14	62255	62244	1
S6011159	1	Port Input	15	62321	62310	1
S6011159	1	Port Input	14	62321	62310	1
S6011159	1	Port Input	15	62326	62315	1
S6011159	1	Port Input	14	62326	62315	1
S6011159	1	Port Input	15	62327	62316	1
S6011159	1	Port Input	14	62327	62316	1
S6011159	1	Port Input	15	62328	62317	1
S6011159	1	Port Input	14	62328	62317	1
S6011159	1	Port Input	15	62329	62317	1
S6011159	1	Port Input	14	62329	62317	1
S6011159	1	Port Input	15	62331	62320	1
S6011159	1	Port Input	14	62331	62320	1
S6011159	1	Port Input	15	62332	62320	1
S6011159	1	Port Input	14	62332	62320	1
S6011159	1	Port Input	15	62333	62322	1
S6011159	1	Port Input	14	62333	62322	1
S6011159	1	Port Input	15	62335	62324	1
S6011159	1	Port Input	14	62335	62324	1
S6011159	1	Port Input	15	62335	62324	1
S6011159	1	Port Input	14	62335	62324	1
S6011159	1	Port Input	15	62336	62325	1
S6011159	1	Port Input	14	62336	62325	1
S6011159	1	Port Input	15	62337	62326	1
S6011159	1	Port Input	14	62337	62326	1
S6011159	1	Port Input	15	62337	62326	1
S6011159	1	Port Input	14	62337	62326	1
S6011159	1	Port Input	15	62339	62328	1
S6011159	1	Port Input	14	62339	62328	1
S6011159	1	Port Input	15	62340	62329	1
S6011159	1	Port Input	14	62340	62329	1
S6011159	1	Port Input	15	62341	62329	1
S6011159	1	Port Input	14	62341	62329	1
S6011159	1	Port Input	15	62343	62331	1
S6011159	1	Port Input	14	62343	62331	1
S6011159	1	Port Input	15	62344	62333	1
S6011159	1	Port Input	14	62344	62333	1
S6011159	1	Port Input	15	62344	62333	1
S6011159	1	Port Input	14	62344	62333	1
S6011159	1	Port Input	15	62345	62334	1
S6011159	1	Port Input	14	62345	62334	1
S6011159	1	Port Input	15	62346	62335	1
S6011159	1	Port Input	14	62346	62335	1
S6011159	1	Port Input	15	62347	62336	1
S6011159	1	Port Input	14	62347	62336	1
S6011159	1	Port Input	15	62349	62338	1
S6011159	1	Port Input	14	62349	62338	1
S6011159	1	Port Input	15	62350	62339	1
S6011159	1	Port Input	14	62350	62339	1
S6011159	1	Port Input	15	62351	62340	1
S6011159	1	Port Input	14	62351	62340	1
S6011159	1	Port Input	15	62352	62340	1
S6011159	1	Port Input	14	62352	62340	1
S6011159	1	Port Input	15	62352	62341	1
S6011159	1	Port Input	14	62352	62341	1
S6011159	1	Port Input	15	62352	62341	1
S6011159	1	Port Input	14	62352	62341	1
S6011159	1	Port Input	15	62354	62342	1
S6011159	1	Port Input	14	62354	62342	1
S6011159	1	Port Input	15	62355	62344	1
S6011159	1	Port Input	14	62355	62344	1
S6011159	1	Port Input	15	62356	62344	1
S6011159	1	Port Input	14	62356	62344	1
S6011159	1	Port Input	15	62359	62348	1
S6011159	1	Port Input	14	62359	62348	1
S6011159	1	Port Input	15	62416	62405	1
S6011159	1	Port Input	14	62416	62405	1
S6011159	1	Port Input	15	62417	62406	1
S6011159	1	Port Input	14	62417	62406	1
S6011159	1	Port Input	15	62422	62411	1
S6011159	1	Port Input	14	62422	62411	1
S6011159	1	Port Input	15	62428	62417	1
S6011159	1	Port Input	14	64413	64402	1
S6011159	1	Port Input	15	64414	64402	1
S6011159	1	Port Input	14	64414	64403	1
S6011159	1	Port Input	15	64415	64404	1
S6011159	1	Port Input	14	64415	64404	1
S6011159	1	Port Input	15	64416	64405	1
S6011159	1	Port Input	14	64416	64405	1
S6011159	1	Port Input	15	64416	64405	1
S6011159	1	Port Input	14	64416	64405	1
S6011159	1	Port Input	15	64416	64405	1
S6011159	1	Port Input	14	64417	64405	1
S6011159	1	Port Input	15	64417	64406	1
S6011159	1	Port Input	14	64417	64406	1
S6011159	1	Port Input	15	64417	64406	1
S6011159	1	Port Input	14	64417	64406	1
S6011159	1	Port Input	15	64417	64406	1
S6011159	1	Port Input	14	64417	64406	1
S6011159	1	Port Input	15	64418	64406	1
S6011159	1	Port Input	14	64418	64406	1
S6011159	1	Port Input	15	64418	64407	1
S6011159	1	Port Input	14	64418	64407	1
S6011159	1	Port Input	15	64418	64407	1
S6011159	1	Port Input	14	64419	64407	1
S6011159	1	Port Input	15	64420	64408	1
S6011159	1	Port Input	14	64420	64408	1
S6011159	1	Port Input	15	64420	64409	1
S6011159	1	Port Input	14	64420	64409	1
S6011159	1	Port Input	15	64420	64409	1
S6011159	1	Port Input	14	64420	64409	1
S6011159	1	Port Input	15	64421	64410	1
S6011159	1	Port Input	14	64421	64410	1
S6011159	1	Port Input	15	64421	64410	1
S6011159	1	Port Input	14	64421	64410	1
S6011159	1	Port Input	15	64421	64410	1
S6011159	1	Port Input	14	64421	64410	1
S6011159	1	Port Input	15	64421	64410	1
S6011159	1	Port Input	14	64421	64410	1
S6011159	1	Port Input	15	64422	64411	1
S6011159	1	Port Input	14	64422	64411	1
S6011159	1	Port Input	15	64422	64411	1
S6011159	1	Port Input	14	64422	64411	1
S6011159	1	Port Input	15	64423	64411	1
S6011159	1	Port Input	14	64423	64411	1
S6011159	1	Port Input	15	64423	64412	1
S6011159	1	Port Input	14	64423	64412	1
S6011159	1	Port Input	15	64423	64412	1
S6011159	1	Port Input	14	64423	64412	1
S6011159	1	Port Input	15	64423	64412	1
S6011159	1	Port Input	14	64423	64412	1
S6011159	1	Port Input	15	64424	64412	1
S6011159	1	Port Input	14	64424	64412	1
S6011159	1	Port Input	15	64424	64413	1
S6011159	1	Port Input	14	64424	64413	1
S6011159	1	Port Input	15	64424	64413	1
S6011159	1	Port Input	14	64424	64413	1
S6011159	1	Port Input	15	64424	64413	1
S6011159	1	Port Input	14	64424	64413	1
S6011159	1	Port Input	15	64425	64413	1
S6011159	1	Port Input	14	64425	64413	1
S6011159	1	Port Input	15	64426	64415	1
S6011159	1	Port Input	14	64426	64415	1
S6011159	1	Port Input	15	64426	64415	1
S6011159	1	Port Input	14	64426	64415	1
S6011159	1	Port Input	15	64429	64418	1
S6011159	1	Port Input	14	64429	64418	1
S6011159	1	Port Input	15	64429	64418	1
S6011159	1	Port Input	14	64429	64418	1
S6011159	1	Port Input	15	64430	64419	1
S6011159	1	Port Input	14	64430	64419	1
S6011159	1	Port Input	15	64431	64420	1
S6011159	1	Port Input	14	64431	64420	1
S6011159	1	Port Input	15	64432	64421	1
S6011159	1	Port Input	14	64432	64421	1
S6011159	1	Port Input	15	64432	64421	1
S6011159	1	Port Input	14	64432	64421	1
S6011159	1	Port Input	15	64438	64427	1
S6011159	1	Port Input	14	64438	64427	1
S6011159	1	Port Input	15	64439	64428	1
S6011159	1	Port Input	14	64439	64428	1
S6011159	1	Port Input	15	64439	64428	1
S6011159	1	Port Input	14	64439	64428	1
S6011159	1	Port Input	15	64440	64428	1
S6011159	1	Port Input	14	64440	64428	1
S6011159	1	Port Input	15	64440	64429	1
S6011159	1	Port Input	14	64440	64429	1
S6011159	1	Port Input	15	64440	64429	1
S6011159	1	Port Input	14	64440	64429	1
S6011159	1	Port Input	15	64440	64429	1
S6011159	1	Port Input	14	64440	64429	1
S6011159	1	Port Input	15	64441	64430	1
S6011159	1	Port Input	14	64441	64430	1
S6011159	1	Port Input	15	64441	64430	1
S6011159	1	Port Input	14	64441	64430	1
S6011159	1	Port Input	15	64442	64430	1
S6011159	1	Port Input	14	64442	64431	1
S6011159	1	Port Input	15	64442	64431	1
S6011159	1	Port Input	14	64442	64431	1
S6011159	1	Port Input	15	64442	64431	1
S6011159	1	Port Input	14	64442	64431	1
S6011159	1	Port Input	15	64443	64432	1
S6011159	1	Port Input	14	64443	64432	1
S6011159	1	Port Input	15	64445	64434	1
S6011159	1	Port Input	14	64445	64434	1
S6011159	1	Port Input	15	64446	64435	1
S6011159	1	Port Input	14	64446	64435	1
S6011159	1	Port Input	15	64447	64436	1
S6011159	1	Port Input	14	64447	64436	1
S6011159	1	Port Input	15	64449	64438	1
S6011159	1	Port Input	14	64449	64438	1
S6011159	1	Port Input	15	64451	64439	1
S6011159	1	Port Input	14	64451	64439	1
S6011159	1	Port Input	15	64451	64440	1
S6011159	1	Port Input	14	64451	64440	1
S6011159	1	Port Input	15	64454	64443	1
S6011159	1	Port Input	14	64454	64443	1
S6011159	1	Port Input	15	64456	64445	1
S6011159	1	Port Input	14	64456	64445	1
S6011159	1	Port Input	15	64458	64447	1
S6011159	1	Port Input	14	64458	64447	1
S6011159	1	Port Input	15	64464	64452	1
S6011159	1	Port Input	14	64464	64452	1
S6011159	1	Port Input	15	64468	64457	1
S6011159	1	Port Input	14	64468	64457	1
S6011159	1	Port Input	15	64497	64486	1
S6011159	1	Port Input	14	64497	64486	1
S6011159	1	Port Input	15	64672	64661	1
S6011159	1	Port Input	14	64672	64661	1
S6011159	1	Port Input	15	64672	64661	1
S6011159	1	Port Input	14	64672	64661	1
S6011159	1	Port Input	15	64672	64661	1
S6011159	1	Picture	81	80009	79997	1	10000	1	79950	9950	other	0
S6011159	1	Port Input	14	80103	80092	1
S6011159	1	Response	100	80103	80092	1
S6011159	1	Port Input	15	80104	80093	1
S6011159	1	Port Input	14	80104	80093	1
S6011159	1	Port Input	15	80104	80093	1
S6011159	1	Port Input	14	80104	80093	1
S6011159	1	Port Input	15	80104	80093	1
S6011159	1	Port Input	14	80104	80093	1
S6011159	1	Port Input	15	80105	80093	1
S6011159	1	Port Input	14	80105	80093	1
S6011159	1	Port Input	15	80105	80093	1
S6011159	1	Port Input	14	80105	80093	1
S6011159	1	Port Input	15	80105	80094	1
S6011159	1	Port Input	14	80105	80094	1
S6011159	1	Port Input	15	80105	80094	1
S6011159	1	Port Input	14	80105	80094	1
S6011159	1	Port Input	15	80105	80094	1
S6011159	1	Port Input	14	80105	80094	1
S6011159	1	Port Input	15	80105	80094	1
S6011159	1	Port Input	14	80105	80094	1
S6011159	1	Port Input	15	80105	80094	1
S6011159	1	Port Input	14	80105	80094	1
S6011159	1	Port Input	15	80106	80094	1
S6011159	1	Port Input	14	80106	80094	1
S6011159	1	Port Input	15	80106	80094	1
S6011159	1	Port Input	14	80106	80094	1
S6011159	1	Port Input	15	80106	80094	1
S6011159	1	Port Input	14	80106	80094	1
S6011159	1	Port Input	15	80106	80095	1
S6011159	1	Port Input	14	80106	80095	1
S6011159	1	Port Input	15	80106	80095	1
S6011159	1	Port Input	14	80106	80095	1
S6011159	1	Port Input	15	80107	80095	1
S6011159	1	Port Input	14	80107	80095	1
S6011159	1	Port Input	15	80107	80096	1
S6011159	1	Port Input	14	80107	80096	1
S6011159	1	Port Input	15	80107	80096	1
S6011159	1	Port Input	14	80107	80096	1
S6011159	1	Port Input	15	80107	80096	1
S6011159	1	Port Input	14	80107	80096	1
S6011159	1	Port Input	15	80107	80096	1
S6011159	1	Port Input	14	80107	80096	1
S6011159	1	Port Input	15	80107	80096	1
S6011159	1	Port Input	14	80108	80096	1
S6011159	1	Port Input	15	80108	80097	1
S6011159	1	Port Input	14	80108	80097	1
S6011159	1	Port Input	15	80109	80098	1
S6011159	1	Port Input	14	80109	80098	1
S6011159	1	Port Input	15	80296	80285	1
S6011159	1	Port Input	14	80296	80285	1
S6011159	1	Port Input	15	80301	80290	1
S6011159	1	Port Input	14	80301	80290	1
S6011159	1	Port Input	15	80329	80318	1
S6011159	1	Port Input	14	80329	80318	1
S6011159	1	Port Input	15	80334	80323	1
S6011159	1	Port Input	14	80334	80323	1
S6011159	1	Port Input	15	80335	80324	1
S6011159	1	Port Input	14	80335	80324	1
S6011159	1	Port Input	15	80336	80324	1
S6011159	1	Port Input	14	80336	80324	1
S6011159	1	Port Input	15	80337	80326	1
S6011159	1	Port Input	14	80337	80326	1
S6011159	1	Port Input	15	80338	80327	1
S6011159	1	Port Input	14	80338	80327	1
S6011159	1	Port Input	15	80338	80327	1
S6011159	1	Port Input	14	80338	80327	1
S6011159	1	Port Input	15	80340	80329	1
S6011159	1	Port Input	14	80340	80329	1
S6011159	1	Port Input	15	80342	80330	1
S6011159	1	Port Input	14	80342	80330	1
S6011159	1	Port Input	15	80343	80332	1
S6011159	1	Port Input	14	80343	80332	1
S6011159	1	Port Input	15	80346	80335	1
S6011159	1	Port Input	14	80346	80335	1
S6011159	1	Port Input	15	80347	80336	1
S6011159	1	Port Input	14	80347	80336	1
S6011159	1	Port Input	15	80347	80336	1
S6011159	1	Port Input	14	80347	80336	1
S6011159	1	Port Input	15	80567	80556	1
S6011159	1	Port Input	14	80567	80556	1
S6011159	1	Port Input	15	80570	80559	1
S6011159	1	Port Input	14	80570	80559	1
S6011159	1	Port Input	15	80594	80583	1
S6011159	1	Port Input	14	80632	80621	1
S6011159	1	Port Input	15	80644	80633	1
S6011159	1	Port Input	14	80644	80633	1
S6011159	1	Port Input	15	80646	80635	1
S6011159	1	Port Input	14	80646	80635	1
S6011159	1	Port Input	15	80650	80639	1
S6011159	1	Port Input	14	80650	80639	1
S6011159	1	Port Input	15	80651	80639	1
S6011159	1	Port Input	14	80651	80640	1
S6011159	1	Port Input	15	80657	80646	1
S6011159	1	Port Input	14	80657	80646	1
S6011159	1	Port Input	15	80660	80649	1
S6011159	1	Port Input	14	80660	80649	1
S6011159	1	Port Input	15	80662	80651	1
S6011159	1	Port Input	14	80662	80651	1
S6011159	1	Port Input	15	80665	80654	1
S6011159	1	Port Input	14	80665	80654	1
S6011159	1	Port Input	15	80667	80656	1
S6011159	1	Port Input	14	80668	80656	1
S6011159	1	Port Input	15	80668	80657	1
S6011159	1	Port Input	14	80668	80657	1
S6011159	1	Port Input	15	80668	80657	1
S6011159	1	Port Input	14	80668	80657	1
S6011159	1	Port Input	15	80669	80658	1
S6011159	1	Port Input	14	80669	80658	1
S6011159	1	Port Input	15	80669	80658	1
S6011159	1	Port Input	14	80671	80660	1
S6011159	1	Port Input	15	80673	80661	1
S6011159	1	Port Input	14	80673	80661	1
S6011159	1	Port Input	15	80673	80662	1
S6011159	1	Port Input	14	80673	80662	1
S6011159	1	Port Input	15	80673	80662	1
S6011159	1	Port Input	14	80673	80662	1
S6011159	1	Port Input	15	80673	80662	1
S6011159	1	Port Input	14	80674	80662	1
S6011159	1	Port Input	15	80675	80664	1
S6011159	1	Port Input	14	80675	80664	1
S6011159	1	Port Input	15	80675	80664	1
S6011159	1	Port Input	14	80675	80664	1
S6011159	1	Port Input	15	80675	80664	1
S6011159	1	Port Input	14	80676	80665	1
S6011159	1	Port Input	15	80676	80665	1
S6011159	1	Port Input	14	80676	80665	1
S6011159	1	Port Input	15	80676	80665	1
S6011159	1	Port Input	14	80676	80665	1
S6011159	1	Port Input	15	80677	80665	1
S6011159	1	Port Input	14	80677	80665	1
S6011159	1	Port Input	15	80677	80666	1
S6011159	1	Port Input	14	80677	80666	1
S6011159	1	Port Input	15	80678	80667	1
S6011159	1	Port Input	14	80678	80667	1
S6011159	1	Port Input	15	80678	80667	1
S6011159	1	Port Input	14	80678	80667	1
S6011159	1	Port Input	15	80678	80667	1
S6011159	1	Port Input	14	80679	80668	1
S6011159	1	Port Input	15	80679	80668	1
S6011159	1	Port Input	14	80679	80668	1
S6011159	1	Port Input	15	80680	80669	1
S6011159	1	Port Input	14	80680	80669	1
S6011159	1	Port Input	15	80682	80671	1
S6011159	1	Port Input	14	80682	80671	1
S6011159	1	Port Input	15	80683	80672	1
S6011159	1	Port Input	14	82873	82862	1
S6011159	1	Port Input	15	82876	82865	1
S6011159	1	Port Input	14	82887	82875	1
S6011159	1	Port Input	15	82893	82882	1
S6011159	1	Port Input	14	82893	82882	1
S6011159	1	Port Input	15	82895	82884	1
S6011159	1	Port Input	14	82903	82892	1
S6011159	1	Port Input	15	82903	82892	1
S6011159	1	Port Input	14	82904	82893	1
S6011159	1	Port Input	15	82905	82894	1
S6011159	1	Port Input	14	82905	82894	1
S6011159	1	Port Input	15	82985	82974	1
S6011159	1	Port Input	14	82985	82974	1
S6011159	1	Port Input	15	83015	83003	1
S6011159	1	Port Input	14	83015	83003	1
S6011159	1	Port Input	15	83175	83164	1
S6011159	1	Port Input	14	83175	83164	1
S6011159	1	Port Input	15	83175	83164	1
S6011159	1	Port Input	14	83175	83164	1
S6011159	1	Port Input	15	83175	83164	1
S6011159	1	Port Input	14	83175	83164	1
S6011159	1	Port Input	15	83176	83164	1
S6011159	1	Port Input	14	83176	83164	1
S6011159	1	Port Input	15	83176	83165	1
S6011159	1	Port Input	14	83176	83165	1
S6011159	1	Port Input	15	83176	83165	1
S6011159	1	Port Input	14	83176	83165	1
S6011159	1	Port Input	15	83176	83165	1
S6011159	1	Port Input	14	83176	83165	1
S6011159	1	Port Input	15	83177	83165	1
S6011159	1	Port Input	14	83177	83165	1
S6011159	1	Port Input	15	83177	83165	1
S6011159	1	Port Input	14	83177	83166	1
S6011159	1	Port Input	15	83177	83166	1
S6011159	1	Port Input	14	83177	83166	1
S6011159	1	Port Input	15	83177	83166	1
S6011159	1	Port Input	14	83177	83166	1
S6011159	1	Port Input	15	83177	83166	1
S6011159	1	Port Input	14	83177	83166	1
S6011159	1	Port Input	15	83178	83166	1
S6011159	2	Port Input	14	99083	9006	1
S6011159	2	Response	100	99083	9006	1
S6011159	3	Port Input	15	99186	81	8
S6011159	3	Port Input	14	99193	88	1
S6011159	3	Port Input	15	99234	129	8
S6011159	3	Port Input	14	99241	136	1
S6011159	3	Port Input	15	99241	136	8
S6011159	3	Port Input	14	101659	2554	8
S6011159	3	Port Input	15	101666	2561	8
S6011159	3	Port Input	14	101697	2591	8
S6011159	3	Port Input	15	101704	2599	1
S6011159	3	Port Input	14	101704	2599	8
S6011159	3	Port Input	15	101939	2834	8
S6011159	3	Port Input	14	115527	16421	8
S6011159	3	Response	100	115527	16421	8
S6011159	4	Port Input	15	115767	204	8
S6011159	4	Port Input	14	118180	2617	8
S6011159	4	Port Input	15	118195	2632	1
S6011159	4	Port Input	14	118195	2632	8
S6011159	4	Port Input	15	118384	2821	8
S6011159	4	Port Input	14	130551	14988	8
S6011159	4	Response	100	130551	14988	8
S6011159	5	Port Input	15	130876	244	8
S6011159	5	Port Input	14	130884	252	1
S6011159	5	Port Input	15	132939	2307	1
S6011159	5	Port Input	14	132939	2307	8
S6011159	5	Port Input	15	133007	2376	8
S6011159	5	Port Input	14	133112	2480	8
S6011159	5	Port Input	15	133119	2487	1
S6011159	5	Port Input	14	133119	2487	1
S6011159	5	Port Input	15	133119	2488	8
S6011159	5	Port Input	14	133135	2503	8
S6011159	5	Port Input	15	133158	2526	1
S6011159	5	Port Input	14	133158	2526	1
S6011159	5	Port Input	15	133165	2533	1
S6011159	5	Port Input	14	133165	2534	8
S6011159	5	Port Input	15	133393	2761	8
S6011159	5	Port Input	14	145081	14449	8
S6011159	5	Response	100	145081	14449	8
S6011159	6	Port Input	15	145220	75	1
S6011159	6	Port Input	14	145220	75	1
S6011159	6	Port Input	15	145410	264	8
S6011159	6	Port Input	14	147499	2354	8
S6011159	6	Port Input	15	147507	2362	8
S6011159	6	Port Input	14	147529	2384	8
S6011159	6	Port Input	15	147735	2589	1
S6011159	6	Port Input	14	147735	2589	1
S6011159	6	Port Input	15	147735	2589	8
S6011159	6	Port Input	14	159834	14688	8
S6011159	6	Response	100	159834	14688	8
S6011159	7	Port Input	15	160072	205	8
S6011159	7	Port Input	14	160094	227	1
S6011159	7	Port Input	15	160094	227	8
S6011159	7	Port Input	14	160102	235	8
S6011159	7	Port Input	15	161955	2088	1
S6011159	7	Port Input	14	161955	2088	8
S6011159	7	Port Input	15	162039	2172	8
S6011159	7	Port Input	14	162091	2224	8
S6011159	7	Port Input	15	162121	2254	8
S6011159	7	Port Input	14	162128	2261	1
S6011159	7	Port Input	15	162136	2269	1
S6011159	7	Port Input	14	162136	2269	8
S6011159	7	Port Input	15	162159	2292	1
S6011159	7	Port Input	14	162159	2292	8
S6011159	7	Port Input	15	162174	2307	1
S6011159	7	Port Input	14	162174	2307	8
S6011159	7	Port Input	15	162181	2314	8
S6011159	7	Port Input	14	162189	2322	8
S6011159	7	Port Input	15	162429	2562	8
S6011159	7	Port Input	14	174246	14379	8
S6011159	7	Response	100	174246	14379	8
S6011159	8	Port Input	15	174477	166	8
S6011159	8	Port Input	14	174485	174	8
S6011159	8	Port Input	15	174492	181	1
S6011159	8	Port Input	14	174493	182	8
S6011159	8	Port Input	15	174576	265	8
S6011159	8	Port Input	14	174584	273	8
S6011159	8	Port Input	15	174667	356	8
S6011159	8	Port Input	14	174720	409	8
S6011159	8	Port Input	15	175917	1606	8
S6011159	8	Port Input	14	175925	1614	8
S6011159	8	Port Input	15	176271	1960	8
S6011159	8	Port Input	14	176278	1967	1
S6011159	8	Port Input	15	176293	1982	8
S6011159	8	Port Input	14	176301	1990	1
S6011159	8	Port Input	15	176301	1990	8
S6011159	8	Port Input	14	176438	2127	8
S6011159	8	Port Input	15	176634	2323	1
S6011159	8	Port Input	14	176635	2323	1
S6011159	8	Port Input	15	176635	2324	8
S6011159	8	Port Input	14	187901	13590	8
S6011159	8	Response	100	187901	13590	8
S6011159	8	Port Input	15	187909	13598	1
S6011159	8	Port Input	14	187909	13598	1
S6011159	9	Port Input	15	188092	101	1
S6011159	9	Port Input	14	188092	101	1
S6011159	9	Port Input	15	188115	123	8
S6011159	9	Port Input	14	188122	131	1
S6011159	9	Port Input	15	190252	2260	1
S6011159	9	Port Input	14	190252	2261	1
S6011159	9	Port Input	15	190500	2509	8
S6011159	9	Port Input	14	201643	13652	8
S6011159	9	Response	100	201643	13652	8
S6011159	10	Port Input	15	201883	212	8
S6011159	10	Port Input	14	201899	227	8
S6011159	10	Port Input	15	201913	242	8
S6011159	10	Port Input	14	201921	250	8
S6011159	10	Port Input	15	204097	2426	8
S6011159	10	Port Input	14	214828	13156	8
S6011159	10	Response	100	214828	13156	8
S6011159	11	Port Input	15	215061	196	8
S6011159	11	Port Input	14	217050	2185	8
S6011159	11	Port Input	15	217246	2381	8
S6011159	11	Port Input	14	228763	13898	1
S6011159	11	Response	100	228763	13898	1
S6011159	11	Port Input	15	228763	13898	1
S6011159	11	Port Input	14	228763	13898	9
S6011159	12	Port Input	15	228931	107	1
S6011159	12	Port Input	14	228931	108	1
S6011159	12	Port Input	15	228999	175	1
S6011159	12	Port Input	14	228999	175	1
S6011159	12	Port Input	15	229014	191	8
S6011159	12	Port Input	14	231100	2277	8
S6011159	12	Port Input	15	231297	2474	8
S6011159	12	Port Input	14	242775	13952	8
S6011159	12	Response	100	242775	13952	8
S6011159	13	Port Input	15	244855	2004	8
S6011159	13	Port Input	14	244862	2011	1
S6011159	13	Port Input	15	244877	2027	8
S6011159	13	Port Input	14	244945	2094	8
S6011159	13	Port Input	15	244952	2102	1
S6011159	13	Port Input	14	244952	2102	1
S6011159	13	Port Input	15	245178	2328	1
S6011159	13	Port Input	14	245178	2328	1
S6011159	13	Port Input	15	245178	2328	8
S6011159	13	Port Input	14	256562	13712	8
S6011159	13	Response	100	256562	13712	8
S6011159	14	Port Input	15	256759	159	8
S6011159	14	Port Input	14	256766	166	8
S6011159	14	Port Input	15	256789	189	8
S6011159	14	Port Input	14	256797	197	8
S6011159	14	Port Input	15	256827	227	1
S6011159	14	Port Input	14	256827	227	1
S6011159	14	Port Input	15	256835	235	8
S6011159	14	Port Input	14	256842	242	8
S6011159	14	Port Input	15	256895	295	8
S6011159	14	Port Input	14	256903	303	8
S6011159	14	Port Input	15	257016	416	8
S6011159	14	Port Input	14	257099	499	8
S6011159	14	Port Input	15	257115	515	8
S6011159	14	Port Input	14	258846	2246	8
S6011159	14	Port Input	15	259036	2436	8
S6011159	14	Port Input	14	269885	13285	8
S6011159	14	Response	100	269885	13285	8
