Scenario - passive press generic training 1.2
Logfile written - 11/15/2023 14:35:11

Subject	Trial	Event Type	Code	Time	TTime	Uncertainty	Duration	Uncertainty	ReqTime	ReqDur	Stim Type	Pair Index

S6012615	1	Picture	83	35	0	1	5000	1	0	4950	other	0
S6012615	1	Picture	82	10035	10000	1	5000	1	9950	4950	other	0
S6012615	1	Picture	81	20034	19999	1	5000	1	19950	4950	other	0
S6012615	1	Picture	80	30034	29999	1	5000	1	29950	4950	other	0
S6012615	1	Picture	81	40034	39999	1	10000	1	39950	9950	other	0
S6012615	1	Port Input	14	42844	42809	1
S6012615	1	Response	100	42844	42809	1
S6012615	1	Port Input	15	45011	44976	1
S6012615	1	Port Input	14	45011	44976	1
S6012615	1	Port Input	15	45011	44977	1
S6012615	1	Picture	81	60033	59998	1	10000	1	59950	9950	other	0
S6012615	1	Port Input	14	64519	64484	1
S6012615	1	Response	100	64519	64484	1
S6012615	1	Port Input	15	66390	66355	1
S6012615	1	Port Input	14	66390	66355	1
S6012615	1	Port Input	15	66390	66355	1
S6012615	1	Port Input	14	66390	66355	1
S6012615	1	Port Input	15	66391	66356	1
S6012615	1	Port Input	14	66391	66356	1
S6012615	1	Port Input	15	66391	66356	1
S6012615	1	Port Input	14	66391	66357	1
S6012615	1	Port Input	15	66392	66357	1
S6012615	1	Picture	81	80032	79998	1	10000	1	79950	9950	other	0
S6012615	1	Port Input	14	82832	82797	1
S6012615	1	Response	100	82832	82797	1
S6012615	1	Port Input	15	82832	82798	1
S6012615	1	Port Input	14	82833	82798	1
S6012615	1	Port Input	15	82833	82798	1
S6012615	1	Port Input	14	82833	82798	1
S6012615	1	Port Input	15	82834	82799	1
S6012615	1	Port Input	14	82834	82799	1
S6012615	1	Port Input	15	84849	84814	1
S6012615	1	Port Input	14	84849	84814	1
S6012615	1	Port Input	15	84849	84815	1
S6012615	1	Port Input	14	84849	84815	1
S6012615	1	Port Input	15	84850	84815	1
S6012615	2	Port Input	14	107885	17783	3
S6012615	2	Response	100	107885	17783	3
S6012615	3	Port Input	15	109957	2008	8
S6012615	3	Port Input	14	132465	24516	8
S6012615	3	Response	100	132465	24516	8
S6012615	4	Port Input	15	136981	4451	8
S6012615	4	Port Input	14	142593	10062	8
S6012615	4	Response	100	142593	10062	8
S6012615	5	Port Input	15	148281	5612	9
S6012615	5	Port Input	14	156266	13597	8
S6012615	5	Response	100	156266	13597	8
S6012615	6	Port Input	15	159039	2690	8
S6012615	6	Port Input	14	169310	12961	8
S6012615	6	Response	100	169310	12961	8
S6012615	7	Port Input	15	172741	3406	8
S6012615	7	Port Input	14	179623	10287	8
S6012615	7	Response	100	179623	10287	8
S6012615	8	Port Input	15	181829	2147	8
S6012615	8	Port Input	14	187255	7573	8
S6012615	8	Response	100	187255	7573	8
S6012615	9	Port Input	15	189326	2005	8
S6012615	9	Port Input	14	227403	40082	8
S6012615	9	Response	100	227403	40082	8
S6012615	9	Port Input	15	227411	40090	1
S6012615	9	Port Input	14	227411	40090	1
S6012615	10	Port Input	15	229245	1786	8
S6012615	10	Port Input	14	242837	15379	8
S6012615	10	Response	100	242837	15379	8
S6012615	11	Port Input	15	244750	1875	8
S6012615	11	Port Input	14	256224	13349	8
S6012615	11	Response	100	256224	13349	8
S6012615	12	Port Input	15	258273	1996	8
S6012615	12	Port Input	14	267590	11313	8
S6012615	12	Response	100	267590	11313	8
S6012615	13	Port Input	15	269516	1850	8
S6012615	13	Port Input	14	279937	12271	8
S6012615	13	Response	100	279937	12271	8
S6012615	14	Port Input	15	281579	1553	8
S6012615	14	Port Input	14	291750	11724	8
S6012615	14	Response	100	291750	11724	8
S6012615	15	Port Input	15	293445	1614	8
S6012615	15	Port Input	14	303421	11589	8
S6012615	15	Response	100	303421	11589	8
S6012615	16	Port Input	15	304970	1472	9
S6012615	16	Port Input	14	315342	11844	8
S6012615	16	Response	100	315342	11844	8
