Scenario - Push Button + tone (0ms)
Logfile written - 09/05/2023 11:35:46

Subject	Trial	Event Type	Code	Time	TTime	Uncertainty	Duration	Uncertainty	ReqTime	ReqDur	Stim Type	Pair Index

S6012581	1	Picture	start	17	0	1	40554	1	0	next	other	0
S6012581	3	Nothing	nothing	45072	0	0			0		hit	4
S6012581	3	Port Input	14	57469	12397	1
S6012581	3	Response	222	57469	12397	1
S6012581	4	Sound	20	57481	0	389			0		hit	14
S6012581	4	Port Input	15	60747	3266	1
S6012581	4	Port Input	14	60747	3266	1
S6012581	4	Port Input	15	60747	3266	1
S6012581	4	Port Input	14	60747	3266	1
S6012581	4	Port Input	15	60747	3266	1
S6012581	4	Port Input	14	60747	3266	1
S6012581	4	Port Input	15	60747	3266	1
S6012581	4	Port Input	14	73230	15749	1
S6012581	4	Response	222	73230	15749	1
S6012581	4	Port Input	15	73231	15750	1
S6012581	4	Port Input	14	73231	15750	1
S6012581	5	Sound	20	73231	0	5			0		hit	32
S6012581	5	Port Input	15	76458	3227	1
S6012581	5	Port Input	14	76458	3227	1
S6012581	5	Port Input	15	76466	3235	1
S6012581	5	Port Input	14	76466	3235	1
S6012581	5	Port Input	15	76466	3235	1
S6012581	5	Port Input	14	76466	3235	1
S6012581	5	Port Input	15	76466	3235	1
S6012581	5	Port Input	14	76466	3235	1
S6012581	5	Port Input	15	76467	3235	1
S6012581	5	Port Input	14	76467	3236	1
S6012581	5	Port Input	15	76467	3236	1
S6012581	5	Port Input	14	76467	3236	1
S6012581	5	Port Input	15	76467	3236	1
S6012581	5	Port Input	14	88771	15540	1
S6012581	5	Response	222	88771	15540	1
S6012581	6	Sound	20	88772	0	4			0		hit	38
S6012581	6	Port Input	15	91907	3135	1
S6012581	6	Port Input	14	91907	3136	1
S6012581	6	Port Input	15	91907	3136	1
S6012581	6	Port Input	14	104706	15934	1
S6012581	6	Response	222	104706	15934	1
S6012581	6	Port Input	15	104706	15934	1
S6012581	6	Port Input	14	104707	15935	1
S6012581	6	Port Input	15	104707	15935	1
S6012581	6	Port Input	14	104707	15935	1
S6012581	7	Sound	20	104707	0	4			0		hit	52
S6012581	7	Port Input	15	107667	2959	1
S6012581	7	Port Input	14	107667	2960	1
S6012581	7	Port Input	15	107667	2960	1
S6012581	7	Port Input	14	107667	2960	1
S6012581	7	Port Input	15	107667	2960	1
S6012581	7	Port Input	14	107667	2960	1
S6012581	7	Port Input	15	107667	2960	1
S6012581	7	Port Input	14	120386	15679	1
S6012581	7	Response	222	120386	15679	1
S6012581	8	Sound	20	120387	0	4			0		hit	92
S6012581	8	Port Input	15	123290	2904	1
S6012581	8	Port Input	14	123290	2904	1
S6012581	8	Port Input	15	123290	2904	1
S6012581	8	Port Input	14	123290	2904	1
S6012581	8	Port Input	15	123291	2904	1
S6012581	8	Port Input	14	123291	2904	1
S6012581	8	Port Input	15	123291	2904	1
S6012581	8	Port Input	14	123291	2904	1
S6012581	8	Port Input	15	123291	2904	1
S6012581	8	Port Input	14	123291	2904	1
S6012581	8	Port Input	15	123291	2904	1
S6012581	8	Port Input	14	123291	2904	1
S6012581	8	Port Input	15	123291	2904	1
S6012581	8	Port Input	14	123291	2904	1
S6012581	8	Port Input	15	123291	2905	1
S6012581	8	Port Input	14	123291	2905	1
S6012581	8	Port Input	15	123292	2905	1
S6012581	8	Port Input	14	123292	2905	1
S6012581	8	Port Input	15	123292	2905	1
S6012581	8	Port Input	14	123292	2905	1
S6012581	8	Port Input	15	123292	2905	1
S6012581	8	Port Input	14	123292	2905	1
S6012581	8	Port Input	15	123292	2905	1
S6012581	8	Port Input	14	123292	2905	1
S6012581	8	Port Input	15	123292	2906	1
S6012581	8	Port Input	14	123292	2906	1
S6012581	8	Port Input	15	123292	2906	1
S6012581	8	Port Input	14	123292	2906	1
S6012581	8	Port Input	15	123292	2906	1
S6012581	8	Port Input	14	123292	2906	1
S6012581	8	Port Input	15	123293	2906	1
S6012581	8	Port Input	14	123293	2906	1
S6012581	8	Port Input	15	123293	2907	1
S6012581	8	Port Input	14	123293	2907	1
S6012581	8	Port Input	15	123293	2907	1
S6012581	8	Port Input	14	123293	2907	1
S6012581	8	Port Input	15	123293	2907	1
S6012581	8	Port Input	14	135759	15373	1
S6012581	8	Response	222	135759	15373	1
S6012581	9	Sound	20	135760	0	5			0		hit	106
S6012581	9	Port Input	15	138796	3036	1
S6012581	9	Port Input	14	138797	3036	1
S6012581	9	Port Input	15	138797	3037	1
S6012581	9	Port Input	14	138797	3037	1
S6012581	9	Port Input	15	138799	3039	1
S6012581	9	Port Input	14	138799	3039	1
S6012581	9	Port Input	15	138801	3041	1
S6012581	9	Port Input	14	138801	3041	1
S6012581	9	Port Input	15	138802	3042	1
S6012581	9	Port Input	14	138802	3042	1
S6012581	9	Port Input	15	138802	3042	1
S6012581	9	Port Input	14	151241	15481	1
S6012581	9	Response	222	151241	15481	1
S6012581	9	Port Input	15	151241	15481	1
S6012581	9	Port Input	14	151242	15482	1
S6012581	10	Sound	20	151242	0	4			0		hit	114
S6012581	10	Port Input	15	154318	3076	1
S6012581	10	Port Input	14	154318	3076	1
S6012581	10	Port Input	15	154318	3076	1
S6012581	10	Port Input	14	166681	15439	1
S6012581	10	Response	222	166681	15439	1
S6012581	10	Port Input	15	166682	15439	1
S6012581	10	Port Input	14	166682	15440	1
S6012581	10	Port Input	15	166682	15440	1
S6012581	10	Port Input	14	166683	15441	5
S6012581	11	Sound	20	166683	0	5			0		hit	172
S6012581	11	Port Input	15	166687	4	1
S6012581	11	Port Input	14	166687	5	1
S6012581	11	Port Input	15	166688	5	1
S6012581	11	Port Input	14	166688	5	1
S6012581	11	Port Input	15	166688	5	1
S6012581	11	Port Input	14	166688	5	1
S6012581	11	Port Input	15	166690	7	1
S6012581	11	Port Input	14	166690	7	1
S6012581	11	Port Input	15	166690	7	1
S6012581	11	Port Input	14	166690	7	1
S6012581	11	Port Input	15	166690	7	1
S6012581	11	Port Input	14	166690	7	1
S6012581	11	Port Input	15	166690	7	1
S6012581	11	Port Input	14	166690	8	1
S6012581	11	Port Input	15	166691	8	1
S6012581	11	Port Input	14	166691	8	1
S6012581	11	Port Input	15	166691	8	1
S6012581	11	Port Input	14	166691	8	1
S6012581	11	Port Input	15	166691	8	1
S6012581	11	Port Input	14	166691	8	1
S6012581	11	Port Input	15	166693	10	1
S6012581	11	Port Input	14	166693	10	1
S6012581	11	Port Input	15	166693	10	1
S6012581	11	Port Input	14	166693	10	1
S6012581	11	Port Input	15	166694	11	1
S6012581	11	Port Input	14	166694	11	1
S6012581	11	Port Input	15	166694	12	1
S6012581	11	Port Input	14	166695	12	1
S6012581	11	Port Input	15	166695	12	1
S6012581	11	Port Input	14	166695	12	1
S6012581	11	Port Input	15	166695	12	1
S6012581	11	Port Input	14	166695	12	1
S6012581	11	Port Input	15	166696	13	1
S6012581	11	Port Input	14	166696	13	1
S6012581	11	Port Input	15	166696	13	1
S6012581	11	Port Input	14	166696	13	1
S6012581	11	Port Input	15	166696	13	1
S6012581	11	Port Input	14	166696	13	1
S6012581	11	Port Input	15	166697	14	1
S6012581	11	Port Input	14	166697	14	1
S6012581	11	Port Input	15	166697	14	1
S6012581	11	Port Input	14	166697	14	1
S6012581	11	Port Input	15	166698	15	1
S6012581	11	Port Input	14	166698	15	1
S6012581	11	Port Input	15	166703	20	1
S6012581	11	Port Input	14	166703	20	1
S6012581	11	Port Input	15	169771	3088	1
S6012581	11	Port Input	14	169771	3088	1
S6012581	11	Port Input	15	169772	3089	1
S6012581	11	Port Input	14	169772	3089	1
S6012581	11	Port Input	15	169772	3089	1
S6012581	11	Port Input	14	182191	15508	1
S6012581	11	Response	222	182191	15508	1
S6012581	11	Port Input	15	182191	15508	1
S6012581	11	Port Input	14	182192	15509	1
S6012581	12	Sound	20	182192	0	5			0		hit	184
S6012581	12	Port Input	15	185269	3076	1
S6012581	12	Port Input	14	185269	3076	1
S6012581	12	Port Input	15	185272	3079	1
S6012581	12	Port Input	14	185272	3080	1
S6012581	12	Port Input	15	185272	3080	1
S6012581	12	Port Input	14	185272	3080	1
S6012581	12	Port Input	15	185272	3080	1
S6012581	12	Port Input	14	198148	15956	1
S6012581	12	Response	222	198148	15956	1
S6012581	13	Sound	20	198149	0	4			0		hit	190
S6012581	13	Port Input	15	201029	2880	1
S6012581	13	Port Input	14	201029	2880	1
S6012581	13	Port Input	15	201029	2880	1
S6012581	13	Port Input	14	213057	14908	1
S6012581	13	Response	222	213057	14908	1
S6012581	14	Sound	20	213058	0	4			0		hit	198
S6012581	14	Port Input	15	216377	3319	1
S6012581	14	Port Input	14	216377	3319	1
S6012581	14	Port Input	15	216377	3319	1
S6012581	14	Port Input	14	216377	3319	1
S6012581	14	Port Input	15	216377	3319	1
S6012581	14	Port Input	14	228350	15292	1
S6012581	14	Response	222	228350	15292	1
S6012581	14	Port Input	15	228350	15292	1
S6012581	14	Port Input	14	228350	15292	1
S6012581	15	Sound	20	228351	0	5			0		hit	210
S6012581	15	Port Input	15	232162	3811	1
S6012581	15	Port Input	14	232162	3811	1
S6012581	15	Port Input	15	232162	3811	1
S6012581	15	Port Input	14	232162	3811	1
S6012581	15	Port Input	15	232162	3811	1
S6012581	15	Port Input	14	232163	3812	1
S6012581	15	Port Input	15	232163	3812	1
S6012581	15	Port Input	14	243987	15636	1
S6012581	15	Response	222	243987	15636	1
S6012581	16	Sound	20	243988	0	4			0		hit	220
S6012581	16	Port Input	15	247155	3167	1
S6012581	16	Port Input	14	247155	3167	1
S6012581	16	Port Input	15	247156	3168	1
S6012581	16	Port Input	14	247156	3168	1
S6012581	16	Port Input	15	247156	3168	1
S6012581	16	Port Input	14	247156	3168	1
S6012581	16	Port Input	15	247156	3168	1
S6012581	16	Port Input	14	258999	15011	1
S6012581	16	Response	222	258999	15011	1
S6012581	17	Sound	20	258999	0	5			0		hit	244
S6012581	17	Port Input	15	259004	5	1
S6012581	17	Port Input	14	259004	5	1
S6012581	17	Port Input	15	259004	5	1
S6012581	17	Port Input	14	259005	6	1
S6012581	17	Port Input	15	259014	15	1
S6012581	17	Port Input	14	259014	15	1
S6012581	17	Port Input	15	259018	18	1
S6012581	17	Port Input	14	259018	18	1
S6012581	17	Port Input	15	259019	20	1
S6012581	17	Port Input	14	259019	20	1
S6012581	17	Port Input	15	259020	20	1
S6012581	17	Port Input	14	259020	20	1
S6012581	17	Port Input	15	259021	22	1
S6012581	17	Port Input	14	259021	22	1
S6012581	17	Port Input	15	262364	3365	1
S6012581	17	Port Input	14	262364	3365	1
S6012581	17	Port Input	15	262495	3496	1
S6012581	17	Port Input	14	262495	3496	1
S6012581	17	Port Input	15	262496	3496	1
S6012581	17	Port Input	14	262496	3496	1
S6012581	17	Port Input	15	262496	3496	1
S6012581	17	Port Input	14	274264	15265	1
S6012581	17	Response	222	274264	15265	1
S6012581	17	Port Input	15	274264	15265	1
S6012581	17	Port Input	14	274264	15265	1
S6012581	18	Sound	20	274265	0	4			0		hit	316
S6012581	18	Port Input	15	274269	4	1
S6012581	18	Port Input	14	274269	4	1
S6012581	18	Port Input	15	274269	4	1
S6012581	18	Port Input	14	274269	4	1
S6012581	18	Port Input	15	274269	4	1
S6012581	18	Port Input	14	274269	5	1
S6012581	18	Port Input	15	274269	5	1
S6012581	18	Port Input	14	274270	5	1
S6012581	18	Port Input	15	274270	5	1
S6012581	18	Port Input	14	274270	5	1
S6012581	18	Port Input	15	274270	5	1
S6012581	18	Port Input	14	274270	5	1
S6012581	18	Port Input	15	274270	5	1
S6012581	18	Port Input	14	274270	5	1
S6012581	18	Port Input	15	274270	6	1
S6012581	18	Port Input	14	274270	6	1
S6012581	18	Port Input	15	274270	6	1
S6012581	18	Port Input	14	274270	6	1
S6012581	18	Port Input	15	274270	6	1
S6012581	18	Port Input	14	274270	6	1
S6012581	18	Port Input	15	274271	6	1
S6012581	18	Port Input	14	274271	6	1
S6012581	18	Port Input	15	274272	7	1
S6012581	18	Port Input	14	274272	7	1
S6012581	18	Port Input	15	274272	7	1
S6012581	18	Port Input	14	274272	7	1
S6012581	18	Port Input	15	274274	9	1
S6012581	18	Port Input	14	274274	9	1
S6012581	18	Port Input	15	274274	9	1
S6012581	18	Port Input	14	274274	9	1
S6012581	18	Port Input	15	274274	9	1
S6012581	18	Port Input	14	274274	9	1
S6012581	18	Port Input	15	274274	9	1
S6012581	18	Port Input	14	274274	9	1
S6012581	18	Port Input	15	274275	10	1
S6012581	18	Port Input	14	274275	10	1
S6012581	18	Port Input	15	274275	10	1
S6012581	18	Port Input	14	274275	10	1
S6012581	18	Port Input	15	274276	11	1
S6012581	18	Port Input	14	274276	12	1
S6012581	18	Port Input	15	274276	12	1
S6012581	18	Port Input	14	274276	12	1
S6012581	18	Port Input	15	274278	13	1
S6012581	18	Port Input	14	274278	13	1
S6012581	18	Port Input	15	274280	15	1
S6012581	18	Port Input	14	274280	15	1
S6012581	18	Port Input	15	274281	17	1
S6012581	18	Port Input	14	274281	17	1
S6012581	18	Port Input	15	274282	17	1
S6012581	18	Port Input	14	274282	17	1
S6012581	18	Port Input	15	274282	17	1
S6012581	18	Port Input	14	274282	17	1
S6012581	18	Port Input	15	277538	3273	1
S6012581	18	Port Input	14	277538	3273	1
S6012581	18	Port Input	15	277538	3273	1
S6012581	18	Port Input	14	277538	3273	1
S6012581	18	Port Input	15	277538	3274	1
S6012581	18	Port Input	14	277539	3274	1
S6012581	18	Port Input	15	277539	3274	1
S6012581	18	Port Input	14	277539	3274	1
S6012581	18	Port Input	15	277539	3274	1
S6012581	18	Port Input	14	277539	3274	1
S6012581	18	Port Input	15	277539	3274	1
S6012581	18	Port Input	14	277539	3275	1
S6012581	18	Port Input	15	277539	3275	1
S6012581	18	Port Input	14	277539	3275	1
S6012581	18	Port Input	15	277539	3275	1
S6012581	18	Port Input	14	289811	15546	1
S6012581	18	Response	222	289811	15546	1
S6012581	18	Port Input	15	289811	15547	1
S6012581	18	Port Input	14	289811	15547	1
S6012581	19	Sound	20	289812	0	4			0		hit	324
S6012581	19	Port Input	15	293371	3560	1
S6012581	19	Port Input	14	293371	3560	1
S6012581	19	Port Input	15	293372	3560	1
S6012581	19	Port Input	14	306142	16330	1
S6012581	19	Response	222	306142	16330	1
S6012581	19	Port Input	15	306142	16331	1
S6012581	19	Port Input	14	306143	16331	5
S6012581	20	Sound	20	306143	0	5			0		hit	342
S6012581	20	Port Input	15	306148	5	1
S6012581	20	Port Input	14	306148	5	1
S6012581	20	Port Input	15	306149	6	1
S6012581	20	Port Input	14	306149	6	1
S6012581	20	Port Input	15	306149	6	1
S6012581	20	Port Input	14	306149	6	1
S6012581	20	Port Input	15	306149	6	1
S6012581	20	Port Input	14	306149	6	1
S6012581	20	Port Input	15	309253	3110	1
S6012581	20	Port Input	14	309253	3110	1
S6012581	20	Port Input	15	309253	3110	1
S6012581	20	Port Input	14	309253	3111	1
S6012581	20	Port Input	15	309253	3111	1
S6012581	20	Port Input	14	321758	15616	1
S6012581	20	Response	222	321758	15616	1
S6012581	21	Sound	20	321759	0	5			0		hit	346
S6012581	21	Port Input	15	324928	3169	1
S6012581	21	Port Input	14	337235	15476	1
S6012581	21	Response	222	337235	15476	1
S6012581	21	Port Input	15	337235	15476	1
S6012581	21	Port Input	14	337236	15477	5
S6012581	22	Sound	20	337236	0	5			0		hit	354
S6012581	22	Port Input	15	340448	3212	1
S6012581	22	Port Input	14	340448	3212	1
S6012581	22	Port Input	15	340448	3213	1
S6012581	22	Port Input	14	352522	15286	1
S6012581	22	Response	222	352522	15286	1
S6012581	22	Port Input	15	352522	15286	1
S6012581	22	Port Input	14	352523	15287	1
S6012581	22	Port Input	15	352523	15287	1
S6012581	22	Port Input	14	352523	15287	1
S6012581	23	Sound	20	352523	0	4			0		hit	366
S6012581	23	Port Input	15	356191	3668	1
S6012581	23	Port Input	14	356191	3668	1
S6012581	23	Port Input	15	356192	3669	1
S6012581	23	Port Input	14	356192	3669	1
S6012581	23	Port Input	15	356192	3669	1
S6012581	23	Port Input	14	367721	15198	1
S6012581	23	Response	222	367721	15198	1
S6012581	23	Port Input	15	367721	15198	1
S6012581	23	Port Input	14	367721	15198	5
S6012581	24	Sound	20	367721	0	4			0		hit	372
S6012581	24	Port Input	15	371116	3395	1
S6012581	24	Port Input	14	382267	14545	1
S6012581	24	Response	222	382267	14545	1
S6012581	25	Sound	20	382268	0	4			0		hit	376
S6012581	25	Port Input	15	385703	3436	1
S6012581	25	Port Input	14	397360	15092	1
S6012581	25	Response	222	397360	15092	1
S6012581	26	Sound	20	397361	0	5			0		hit	390
S6012581	26	Port Input	15	400808	3447	1
S6012581	26	Port Input	14	400808	3447	1
S6012581	26	Port Input	15	400808	3447	1
S6012581	26	Port Input	14	400808	3447	1
S6012581	26	Port Input	15	400808	3448	1
S6012581	26	Port Input	14	400808	3448	1
S6012581	26	Port Input	15	400809	3448	1
S6012581	26	Port Input	14	400809	3448	1
S6012581	26	Port Input	15	400809	3448	1
S6012581	26	Port Input	14	400809	3448	1
S6012581	26	Port Input	15	400809	3448	1
S6012581	26	Port Input	14	411554	14193	1
S6012581	26	Response	222	411554	14193	1
S6012581	26	Port Input	15	411554	14193	1
S6012581	26	Port Input	14	411554	14193	1
S6012581	26	Port Input	15	411555	14194	5
S6012581	27	Sound	20	411555	0	5			0		hit	414
S6012581	27	Port Input	14	411559	4	1
S6012581	27	Port Input	15	411559	4	1
S6012581	27	Port Input	14	411559	4	1
S6012581	27	Port Input	15	411559	4	1
S6012581	27	Port Input	14	411559	5	1
S6012581	27	Port Input	15	411559	5	1
S6012581	27	Port Input	14	411559	5	1
S6012581	27	Port Input	15	411560	5	1
S6012581	27	Port Input	14	411560	5	1
S6012581	27	Port Input	15	411560	6	1
S6012581	27	Port Input	14	411560	6	1
S6012581	27	Port Input	15	411560	6	1
S6012581	27	Port Input	14	411560	6	1
S6012581	27	Port Input	15	411561	6	1
S6012581	27	Port Input	14	411561	6	1
S6012581	27	Port Input	15	411561	6	1
S6012581	27	Port Input	14	411561	6	1
S6012581	27	Port Input	15	414929	3374	1
S6012581	27	Port Input	14	425677	14123	1
S6012581	27	Response	222	425677	14123	1
S6012581	27	Port Input	15	425677	14123	1
S6012581	27	Port Input	14	425677	14123	1
S6012581	28	Sound	20	425678	0	5			0		hit	422
S6012581	28	Port Input	15	429265	3587	1
S6012581	28	Port Input	14	429265	3587	1
S6012581	28	Port Input	15	429265	3587	1
S6012581	28	Port Input	14	440190	14512	1
S6012581	28	Response	222	440190	14512	1
S6012581	28	Port Input	15	440190	14512	1
S6012581	28	Port Input	14	440190	14512	1
S6012581	28	Port Input	15	440190	14512	1
S6012581	28	Port Input	14	440190	14512	1
S6012581	29	Sound	20	440191	0	4			0		hit	432
S6012581	29	Port Input	15	443347	3157	1
S6012581	29	Port Input	14	443347	3157	1
S6012581	29	Port Input	15	443347	3157	1
S6012581	29	Port Input	14	454251	14061	1
S6012581	29	Response	222	454251	14061	1
S6012581	30	Sound	20	454252	0	5			0		hit	440
S6012581	30	Port Input	15	457452	3200	1
S6012581	30	Port Input	14	457452	3200	1
S6012581	30	Port Input	15	457452	3200	1
S6012581	30	Port Input	14	457452	3200	1
S6012581	30	Port Input	15	457452	3201	1
S6012581	30	Port Input	14	468395	14143	1
S6012581	30	Response	222	468395	14143	1
S6012581	30	Port Input	15	468395	14143	1
S6012581	31	Sound	20	468396	0	4			0		hit	678
S6012581	31	Port Input	14	468400	5	1
S6012581	31	Port Input	15	468401	5	1
S6012581	31	Port Input	14	468401	5	1
S6012581	31	Port Input	15	468401	6	1
S6012581	31	Port Input	14	468402	6	1
S6012581	31	Port Input	15	468402	6	1
S6012581	31	Port Input	14	468402	7	1
S6012581	31	Port Input	15	468403	7	1
S6012581	31	Port Input	14	468403	7	1
S6012581	31	Port Input	15	468403	7	1
S6012581	31	Port Input	14	468403	7	1
S6012581	31	Port Input	15	468403	7	1
S6012581	31	Port Input	14	468403	7	1
S6012581	31	Port Input	15	468403	8	1
S6012581	31	Port Input	14	468404	8	1
S6012581	31	Port Input	15	468404	8	1
S6012581	31	Port Input	14	468404	8	1
S6012581	31	Port Input	15	468404	8	1
S6012581	31	Port Input	14	468404	8	1
S6012581	31	Port Input	15	468404	8	1
S6012581	31	Port Input	14	468404	8	1
S6012581	31	Port Input	15	468404	9	1
S6012581	31	Port Input	14	468404	9	1
S6012581	31	Port Input	15	468405	10	1
S6012581	31	Port Input	14	468405	10	1
S6012581	31	Port Input	15	468406	10	1
S6012581	31	Port Input	14	468406	10	1
S6012581	31	Port Input	15	468406	11	1
S6012581	31	Port Input	14	468406	11	1
S6012581	31	Port Input	15	468407	11	1
S6012581	31	Port Input	14	468407	11	1
S6012581	31	Port Input	15	468407	11	1
S6012581	31	Port Input	14	468407	11	1
S6012581	31	Port Input	15	468407	11	1
S6012581	31	Port Input	14	468407	12	1
S6012581	31	Port Input	15	468407	12	1
S6012581	31	Port Input	14	468408	12	1
S6012581	31	Port Input	15	468408	12	1
S6012581	31	Port Input	14	468408	12	1
S6012581	31	Port Input	15	468408	12	1
S6012581	31	Port Input	14	468408	12	1
S6012581	31	Port Input	15	468408	13	1
S6012581	31	Port Input	14	468408	13	1
S6012581	31	Port Input	15	468409	13	1
S6012581	31	Port Input	14	468409	13	1
S6012581	31	Port Input	15	468410	14	1
S6012581	31	Port Input	14	468410	15	1
S6012581	31	Port Input	15	468410	15	1
S6012581	31	Port Input	14	468410	15	1
S6012581	31	Port Input	15	468411	15	1
S6012581	31	Port Input	14	468411	15	1
S6012581	31	Port Input	15	468411	15	1
S6012581	31	Port Input	14	468411	15	1
S6012581	31	Port Input	15	468411	15	1
S6012581	31	Port Input	14	468411	15	1
S6012581	31	Port Input	15	468411	16	1
S6012581	31	Port Input	14	468411	16	1
S6012581	31	Port Input	15	468412	16	1
S6012581	31	Port Input	14	468412	16	1
S6012581	31	Port Input	15	468412	16	1
S6012581	31	Port Input	14	468412	16	1
S6012581	31	Port Input	15	468412	16	1
S6012581	31	Port Input	14	468413	17	1
S6012581	31	Port Input	15	468414	18	1
S6012581	31	Port Input	14	468414	18	1
S6012581	31	Port Input	15	468415	19	1
S6012581	31	Port Input	14	468415	19	1
S6012581	31	Port Input	15	468415	19	1
S6012581	31	Port Input	14	468415	19	1
S6012581	31	Port Input	15	468415	20	1
S6012581	31	Port Input	14	468416	20	1
S6012581	31	Port Input	15	468416	20	1
S6012581	31	Port Input	14	468416	20	1
S6012581	31	Port Input	15	468417	21	1
S6012581	31	Port Input	14	468417	21	1
S6012581	31	Port Input	15	468417	21	1
S6012581	31	Port Input	14	468417	21	1
S6012581	31	Port Input	15	468418	22	1
S6012581	31	Port Input	14	468418	22	1
S6012581	31	Port Input	15	468418	22	1
S6012581	31	Port Input	14	468418	22	1
S6012581	31	Port Input	15	468418	22	1
S6012581	31	Port Input	14	468418	23	1
S6012581	31	Port Input	15	468419	23	1
S6012581	31	Port Input	14	468419	23	1
S6012581	31	Port Input	15	468419	23	1
S6012581	31	Port Input	14	468419	23	1
S6012581	31	Port Input	15	468419	24	1
S6012581	31	Port Input	14	468420	24	1
S6012581	31	Port Input	15	468420	24	1
S6012581	31	Port Input	14	468420	24	1
S6012581	31	Port Input	15	468420	24	1
S6012581	31	Port Input	14	468420	24	1
S6012581	31	Port Input	15	468420	25	1
S6012581	31	Port Input	14	468420	25	1
S6012581	31	Port Input	15	468421	25	1
S6012581	31	Port Input	14	468421	25	1
S6012581	31	Port Input	15	468421	25	1
S6012581	31	Port Input	14	468421	25	1
S6012581	31	Port Input	15	468421	25	1
S6012581	31	Port Input	14	468421	25	1
S6012581	31	Port Input	15	468421	26	1
S6012581	31	Port Input	14	468422	26	1
S6012581	31	Port Input	15	468422	26	1
S6012581	31	Port Input	14	468422	27	1
S6012581	31	Port Input	15	468422	27	1
S6012581	31	Port Input	14	468422	27	1
S6012581	31	Port Input	15	468424	28	1
S6012581	31	Port Input	14	468424	28	1
S6012581	31	Port Input	15	468424	29	1
S6012581	31	Port Input	14	468424	29	1
S6012581	31	Port Input	15	468425	29	1
S6012581	31	Port Input	14	468425	29	1
S6012581	31	Port Input	15	468425	29	1
S6012581	31	Port Input	14	468425	29	1
S6012581	31	Port Input	15	468425	30	1
S6012581	31	Port Input	14	468425	30	1
S6012581	31	Port Input	15	468426	30	1
S6012581	31	Port Input	14	468426	30	1
S6012581	31	Port Input	15	468426	30	1
S6012581	31	Port Input	14	468426	30	1
S6012581	31	Port Input	15	468427	31	1
S6012581	31	Port Input	14	468427	31	1
S6012581	31	Port Input	15	468427	31	1
S6012581	31	Port Input	14	468427	31	1
S6012581	31	Port Input	15	468428	32	1
S6012581	31	Port Input	14	468428	32	1
S6012581	31	Port Input	15	468428	32	1
S6012581	31	Port Input	14	468428	32	1
S6012581	31	Port Input	15	468429	33	1
S6012581	31	Port Input	14	468429	33	1
S6012581	31	Port Input	15	468429	33	1
S6012581	31	Port Input	14	468429	33	1
S6012581	31	Port Input	15	468430	34	1
S6012581	31	Port Input	14	468430	34	1
S6012581	31	Port Input	15	468430	35	1
S6012581	31	Port Input	14	468430	35	1
S6012581	31	Port Input	15	468431	35	1
S6012581	31	Port Input	14	468431	35	1
S6012581	31	Port Input	15	468431	35	1
S6012581	31	Port Input	14	468431	36	1
S6012581	31	Port Input	15	468432	36	1
S6012581	31	Port Input	14	468432	36	1
S6012581	31	Port Input	15	468432	36	1
S6012581	31	Port Input	14	468432	36	1
S6012581	31	Port Input	15	468432	36	1
S6012581	31	Port Input	14	468432	36	1
S6012581	31	Port Input	15	468432	36	1
S6012581	31	Port Input	14	468432	37	1
S6012581	31	Port Input	15	468433	37	1
S6012581	31	Port Input	14	468433	37	1
S6012581	31	Port Input	15	468433	37	1
S6012581	31	Port Input	14	468433	38	1
S6012581	31	Port Input	15	468434	38	1
S6012581	31	Port Input	14	468434	38	1
S6012581	31	Port Input	15	468435	39	1
S6012581	31	Port Input	14	468435	39	1
S6012581	31	Port Input	15	468435	39	1
S6012581	31	Port Input	14	468435	39	1
S6012581	31	Port Input	15	468435	39	1
S6012581	31	Port Input	14	468435	39	1
S6012581	31	Port Input	15	468435	39	1
S6012581	31	Port Input	14	468435	39	1
S6012581	31	Port Input	15	468436	41	1
S6012581	31	Port Input	14	468436	41	1
S6012581	31	Port Input	15	468437	41	1
S6012581	31	Port Input	14	468437	41	1
S6012581	31	Port Input	15	468437	41	1
S6012581	31	Port Input	14	468437	41	1
S6012581	31	Port Input	15	468437	41	1
S6012581	31	Port Input	14	468437	42	1
S6012581	31	Port Input	15	468438	42	1
S6012581	31	Port Input	14	468438	42	1
S6012581	31	Port Input	15	468440	44	1
S6012581	31	Port Input	14	468440	44	1
S6012581	31	Port Input	15	468443	47	1
S6012581	31	Port Input	14	468443	47	1
S6012581	31	Port Input	15	468446	50	1
S6012581	31	Port Input	14	468446	50	1
S6012581	31	Port Input	15	468447	51	1
S6012581	31	Port Input	14	468447	51	1
S6012581	31	Port Input	15	468447	51	1
S6012581	31	Port Input	14	468447	51	1
S6012581	31	Port Input	15	468447	52	1
S6012581	31	Port Input	14	468447	52	1
S6012581	31	Port Input	15	468448	52	1
S6012581	31	Port Input	14	468448	52	1
S6012581	31	Port Input	15	468449	53	1
S6012581	31	Port Input	14	468449	53	1
S6012581	31	Port Input	15	468449	53	1
S6012581	31	Port Input	14	468449	53	1
S6012581	31	Port Input	15	468450	54	1
S6012581	31	Port Input	14	468450	54	1
S6012581	31	Port Input	15	468450	55	1
S6012581	31	Port Input	14	468450	55	1
S6012581	31	Port Input	15	468451	55	1
S6012581	31	Port Input	14	468451	55	1
S6012581	31	Port Input	15	468451	56	1
S6012581	31	Port Input	14	468451	56	1
S6012581	31	Port Input	15	468452	57	1
S6012581	31	Port Input	14	468452	57	1
S6012581	31	Port Input	15	468453	57	1
S6012581	31	Port Input	14	468453	57	1
S6012581	31	Port Input	15	468457	61	1
S6012581	31	Port Input	14	468457	61	1
S6012581	31	Port Input	15	468457	61	1
S6012581	31	Port Input	14	468457	61	1
S6012581	31	Port Input	15	468458	62	1
S6012581	31	Port Input	14	468458	62	1
S6012581	31	Port Input	15	468460	64	1
S6012581	31	Port Input	14	468460	64	1
S6012581	31	Port Input	15	468460	65	1
S6012581	31	Port Input	14	468461	65	1
S6012581	31	Port Input	15	468462	67	1
S6012581	31	Port Input	14	468462	67	1
S6012581	31	Port Input	15	468464	68	1
S6012581	31	Port Input	14	468464	68	1
S6012581	31	Port Input	15	468467	71	1
S6012581	31	Port Input	14	468467	71	1
S6012581	31	Port Input	15	471869	3473	1
S6012581	31	Port Input	14	471869	3473	1
S6012581	31	Port Input	15	471869	3473	1
S6012581	31	Port Input	14	471869	3473	1
S6012581	31	Port Input	15	471869	3473	1
S6012581	31	Port Input	14	471869	3473	1
S6012581	31	Port Input	15	471869	3473	1
S6012581	31	Port Input	14	471869	3474	1
S6012581	31	Port Input	15	471869	3474	1
S6012581	31	Port Input	14	471869	3474	1
S6012581	31	Port Input	15	471869	3474	1
S6012581	31	Port Input	14	471869	3474	1
S6012581	31	Port Input	15	471870	3474	1
S6012581	31	Port Input	14	471870	3474	1
S6012581	31	Port Input	15	471870	3474	1
S6012581	31	Port Input	14	483415	15019	1
S6012581	31	Response	222	483415	15019	1
S6012581	31	Port Input	15	483416	15020	5
S6012581	32	Sound	20	483416	0	5			0		hit	820
S6012581	32	Port Input	14	483425	9	1
S6012581	32	Port Input	15	483425	9	1
S6012581	32	Port Input	14	483429	13	1
S6012581	32	Port Input	15	483429	13	1
S6012581	32	Port Input	14	483429	13	1
S6012581	32	Port Input	15	483429	14	1
S6012581	32	Port Input	14	483429	14	1
S6012581	32	Port Input	15	483429	14	1
S6012581	32	Port Input	14	483430	14	1
S6012581	32	Port Input	15	483430	14	1
S6012581	32	Port Input	14	483430	14	1
S6012581	32	Port Input	15	483430	14	1
S6012581	32	Port Input	14	483430	14	1
S6012581	32	Port Input	15	483430	14	1
S6012581	32	Port Input	14	483430	15	1
S6012581	32	Port Input	15	483430	15	1
S6012581	32	Port Input	14	483431	15	1
S6012581	32	Port Input	15	483431	15	1
S6012581	32	Port Input	14	483431	15	1
S6012581	32	Port Input	15	483431	15	1
S6012581	32	Port Input	14	483431	15	1
S6012581	32	Port Input	15	483431	15	1
S6012581	32	Port Input	14	483431	15	1
S6012581	32	Port Input	15	483431	16	1
S6012581	32	Port Input	14	483431	16	1
S6012581	32	Port Input	15	483431	16	1
S6012581	32	Port Input	14	483431	16	1
S6012581	32	Port Input	15	483431	16	1
S6012581	32	Port Input	14	483431	16	1
S6012581	32	Port Input	15	483432	16	1
S6012581	32	Port Input	14	483432	16	1
S6012581	32	Port Input	15	483432	16	1
S6012581	32	Port Input	14	483432	16	1
S6012581	32	Port Input	15	483432	16	1
S6012581	32	Port Input	14	483432	16	1
S6012581	32	Port Input	15	483433	17	1
S6012581	32	Port Input	14	483433	17	1
S6012581	32	Port Input	15	483433	18	1
S6012581	32	Port Input	14	483433	18	1
S6012581	32	Port Input	15	483433	18	1
S6012581	32	Port Input	14	483433	18	1
S6012581	32	Port Input	15	483434	18	1
S6012581	32	Port Input	14	483434	18	1
S6012581	32	Port Input	15	483434	19	1
S6012581	32	Port Input	14	483434	19	1
S6012581	32	Port Input	15	483435	19	1
S6012581	32	Port Input	14	483435	19	1
S6012581	32	Port Input	15	483435	19	1
S6012581	32	Port Input	14	483435	19	1
S6012581	32	Port Input	15	483435	19	1
S6012581	32	Port Input	14	483435	19	1
S6012581	32	Port Input	15	483435	20	1
S6012581	32	Port Input	14	483435	20	1
S6012581	32	Port Input	15	483435	20	1
S6012581	32	Port Input	14	483435	20	1
S6012581	32	Port Input	15	483436	20	1
S6012581	32	Port Input	14	483436	20	1
S6012581	32	Port Input	15	483436	20	1
S6012581	32	Port Input	14	483436	20	1
S6012581	32	Port Input	15	483436	20	1
S6012581	32	Port Input	14	483436	21	1
S6012581	32	Port Input	15	483436	21	1
S6012581	32	Port Input	14	483436	21	1
S6012581	32	Port Input	15	483436	21	1
S6012581	32	Port Input	14	483436	21	1
S6012581	32	Port Input	15	483437	21	1
S6012581	32	Port Input	14	483437	21	1
S6012581	32	Port Input	15	483437	21	1
S6012581	32	Port Input	14	483437	21	1
S6012581	32	Port Input	15	483437	21	1
S6012581	32	Port Input	14	483437	21	1
S6012581	32	Port Input	15	483437	22	1
S6012581	32	Port Input	14	483437	22	1
S6012581	32	Port Input	15	483437	22	1
S6012581	32	Port Input	14	483438	22	1
S6012581	32	Port Input	15	483438	22	1
S6012581	32	Port Input	14	483438	22	1
S6012581	32	Port Input	15	483438	22	1
S6012581	32	Port Input	14	483438	22	1
S6012581	32	Port Input	15	483438	23	1
S6012581	32	Port Input	14	483438	23	1
S6012581	32	Port Input	15	483438	23	1
S6012581	32	Port Input	14	483439	23	1
S6012581	32	Port Input	15	483439	23	1
S6012581	32	Port Input	14	483439	23	1
S6012581	32	Port Input	15	483439	23	1
S6012581	32	Port Input	14	483439	23	1
S6012581	32	Port Input	15	483439	24	1
S6012581	32	Port Input	14	483439	24	1
S6012581	32	Port Input	15	483440	24	1
S6012581	32	Port Input	14	483440	25	1
S6012581	32	Port Input	15	483440	25	1
S6012581	32	Port Input	14	483440	25	1
S6012581	32	Port Input	15	483440	25	1
S6012581	32	Port Input	14	483440	25	1
S6012581	32	Port Input	15	483441	25	1
S6012581	32	Port Input	14	483441	25	1
S6012581	32	Port Input	15	483441	26	1
S6012581	32	Port Input	14	483441	26	1
S6012581	32	Port Input	15	483442	26	1
S6012581	32	Port Input	14	483442	26	1
S6012581	32	Port Input	15	483442	26	1
S6012581	32	Port Input	14	483442	26	1
S6012581	32	Port Input	15	483443	27	1
S6012581	32	Port Input	14	483443	27	1
S6012581	32	Port Input	15	483443	27	1
S6012581	32	Port Input	14	483443	27	1
S6012581	32	Port Input	15	483443	28	1
S6012581	32	Port Input	14	483443	28	1
S6012581	32	Port Input	15	483444	28	1
S6012581	32	Port Input	14	483444	28	1
S6012581	32	Port Input	15	483444	28	1
S6012581	32	Port Input	14	483444	29	1
S6012581	32	Port Input	15	483444	29	1
S6012581	32	Port Input	14	483444	29	1
S6012581	32	Port Input	15	483444	29	1
S6012581	32	Port Input	14	483444	29	1
S6012581	32	Port Input	15	483445	29	1
S6012581	32	Port Input	14	483445	29	1
S6012581	32	Port Input	15	483445	30	1
S6012581	32	Port Input	14	483445	30	1
S6012581	32	Port Input	15	483446	30	1
S6012581	32	Port Input	14	483446	30	1
S6012581	32	Port Input	15	483448	32	1
S6012581	32	Port Input	14	483448	32	1
S6012581	32	Port Input	15	483449	33	1
S6012581	32	Port Input	14	483449	33	1
S6012581	32	Port Input	15	483449	33	1
S6012581	32	Port Input	14	483449	34	1
S6012581	32	Port Input	15	483449	34	1
S6012581	32	Port Input	14	483449	34	1
S6012581	32	Port Input	15	483451	35	1
S6012581	32	Port Input	14	483451	35	1
S6012581	32	Port Input	15	483451	36	1
S6012581	32	Port Input	14	483451	36	1
S6012581	32	Port Input	15	486590	3174	1
S6012581	32	Port Input	14	486590	3174	1
S6012581	32	Port Input	15	486590	3175	1
S6012581	32	Port Input	14	498078	14663	1
S6012581	32	Response	222	498078	14663	1
S6012581	32	Port Input	15	498079	14663	1
S6012581	32	Port Input	14	498079	14663	1
S6012581	33	Sound	20	498079	0	4			0		hit	826
S6012581	33	Port Input	15	501242	3163	1
S6012581	33	Port Input	14	512668	14589	1
S6012581	33	Response	222	512668	14589	1
S6012581	33	Port Input	15	512668	14589	1
S6012581	33	Port Input	14	512668	14589	1
S6012581	34	Sound	20	512669	0	5			0		hit	842
S6012581	34	Port Input	15	515869	3201	1
S6012581	34	Port Input	14	515869	3201	1
S6012581	34	Port Input	15	515870	3201	1
S6012581	34	Port Input	14	515870	3201	1
S6012581	34	Port Input	15	515871	3202	1
S6012581	34	Port Input	14	515871	3202	1
S6012581	34	Port Input	15	515871	3202	1
S6012581	34	Port Input	14	515871	3202	1
S6012581	34	Port Input	15	515871	3203	1
S6012581	34	Port Input	14	515872	3203	1
S6012581	34	Port Input	15	515872	3203	1
S6012581	34	Port Input	14	526590	13921	1
S6012581	34	Response	222	526590	13921	1
S6012581	35	Sound	20	526591	0	5			0		hit	848
S6012581	35	Port Input	15	530050	3460	1
S6012581	35	Port Input	14	530050	3460	1
S6012581	35	Port Input	15	530051	3460	1
S6012581	35	Port Input	14	540810	14219	1
S6012581	35	Response	222	540810	14219	1
S6012581	36	Sound	20	540811	0	5			0		hit	854
S6012581	36	Port Input	15	544343	3532	1
S6012581	36	Port Input	14	544343	3532	1
S6012581	36	Port Input	15	544343	3533	1
S6012581	36	Port Input	14	555125	14314	1
S6012581	36	Response	222	555125	14314	1
S6012581	36	Port Input	15	555125	14314	1
S6012581	36	Port Input	14	555125	14315	1
S6012581	37	Sound	20	555126	0	5			0		hit	888
S6012581	37	Port Input	15	558569	3443	1
S6012581	37	Port Input	14	558569	3443	1
S6012581	37	Port Input	15	558569	3443	1
S6012581	37	Port Input	14	558569	3443	1
S6012581	37	Port Input	15	558569	3443	1
S6012581	37	Port Input	14	558569	3443	1
S6012581	37	Port Input	15	558569	3444	1
S6012581	37	Port Input	14	558569	3444	1
S6012581	37	Port Input	15	558569	3444	1
S6012581	37	Port Input	14	558570	3444	1
S6012581	37	Port Input	15	558570	3444	1
S6012581	37	Port Input	14	558570	3444	1
S6012581	37	Port Input	15	558570	3444	1
S6012581	37	Port Input	14	558570	3444	1
S6012581	37	Port Input	15	558570	3445	1
S6012581	37	Port Input	14	558570	3445	1
S6012581	37	Port Input	15	558570	3445	1
S6012581	37	Port Input	14	558570	3445	1
S6012581	37	Port Input	15	558571	3445	1
S6012581	37	Port Input	14	558571	3445	1
S6012581	37	Port Input	15	558571	3445	1
S6012581	37	Port Input	14	558571	3445	1
S6012581	37	Port Input	15	558571	3445	1
S6012581	37	Port Input	14	558571	3445	1
S6012581	37	Port Input	15	558571	3446	1
S6012581	37	Port Input	14	558572	3446	1
S6012581	37	Port Input	15	558572	3446	1
S6012581	37	Port Input	14	558572	3446	1
S6012581	37	Port Input	15	558572	3446	1
S6012581	37	Port Input	14	569878	14753	1
S6012581	37	Response	222	569878	14753	1
S6012581	37	Port Input	15	569878	14753	1
S6012581	37	Port Input	14	569879	14753	1
S6012581	38	Sound	20	569879	0	5			0		hit	898
S6012581	38	Port Input	15	573109	3230	1
S6012581	38	Port Input	14	573109	3230	1
S6012581	38	Port Input	15	573109	3230	1
S6012581	38	Port Input	14	573109	3230	1
S6012581	38	Port Input	15	573109	3230	1
S6012581	38	Port Input	14	584955	15076	1
S6012581	38	Response	222	584955	15076	1
S6012581	38	Port Input	15	584955	15076	1
S6012581	38	Port Input	14	584955	15076	5
S6012581	39	Sound	20	584955	0	5			0		hit	908
S6012581	39	Port Input	15	587985	3029	1
S6012581	39	Port Input	14	587985	3029	1
S6012581	39	Port Input	15	587985	3029	1
S6012581	39	Port Input	14	587985	3029	1
S6012581	39	Port Input	15	587985	3030	1
S6012581	39	Port Input	14	599102	14147	1
S6012581	39	Response	222	599102	14147	1
S6012581	39	Port Input	15	599103	14147	1
S6012581	39	Port Input	14	599103	14148	4
S6012581	40	Sound	20	599103	0	4			0		hit	916
S6012581	40	Port Input	15	599109	6	1
S6012581	40	Port Input	14	599109	6	1
S6012581	40	Port Input	15	602458	3355	1
S6012581	40	Port Input	14	613897	14794	1
S6012581	40	Response	222	613897	14794	1
S6012581	41	Sound	20	613897	0	5			0		hit	926
S6012581	41	Port Input	15	616942	3045	1
S6012581	41	Port Input	14	616942	3045	1
S6012581	41	Port Input	15	616942	3045	1
S6012581	41	Port Input	14	616942	3045	1
S6012581	41	Port Input	15	616942	3045	1
S6012581	41	Port Input	14	616943	3045	1
S6012581	41	Port Input	15	616943	3045	1
S6012581	41	Port Input	14	628525	14627	1
S6012581	41	Response	222	628525	14627	1
S6012581	41	Port Input	15	628525	14627	1
S6012581	41	Port Input	14	628525	14628	1
S6012581	42	Sound	20	628526	0	4			0		hit	940
S6012581	42	Port Input	15	632013	3488	1
S6012581	42	Port Input	14	632013	3488	1
S6012581	42	Port Input	15	632014	3488	1
S6012581	42	Port Input	14	632014	3488	1
S6012581	42	Port Input	15	632014	3488	1
S6012581	42	Port Input	14	632014	3488	1
S6012581	42	Port Input	15	632014	3488	1
S6012581	42	Port Input	14	632014	3489	1
S6012581	42	Port Input	15	632014	3489	1
S6012581	42	Port Input	14	644073	15548	1
S6012581	42	Response	222	644073	15548	1
S6012581	43	Sound	20	644074	0	5			0		hit	944
S6012581	43	Port Input	15	647497	3422	1
S6012581	43	Port Input	14	658778	14704	1
S6012581	43	Response	222	658778	14704	1
S6012581	43	Port Input	15	658778	14704	1
S6012581	43	Port Input	14	658779	14704	5
S6012581	44	Sound	20	658779	0	5			0		hit	950
S6012581	44	Port Input	15	662255	3476	1
S6012581	44	Port Input	14	672899	14120	1
S6012581	44	Response	222	672899	14120	1
S6012581	44	Port Input	15	672899	14121	1
S6012581	45	Sound	20	672900	0	4			0		hit	1048
S6012581	45	Port Input	14	672904	4	1
S6012581	45	Port Input	15	672905	5	1
S6012581	45	Port Input	14	672905	5	1
S6012581	45	Port Input	15	672905	5	1
S6012581	45	Port Input	14	672905	5	1
S6012581	45	Port Input	15	672905	5	1
S6012581	45	Port Input	14	672905	6	1
S6012581	45	Port Input	15	672906	6	1
S6012581	45	Port Input	14	672906	6	1
S6012581	45	Port Input	15	672906	6	1
S6012581	45	Port Input	14	672906	6	1
S6012581	45	Port Input	15	672906	6	1
S6012581	45	Port Input	14	672906	6	1
S6012581	45	Port Input	15	672906	7	1
S6012581	45	Port Input	14	672906	7	1
S6012581	45	Port Input	15	672907	7	1
S6012581	45	Port Input	14	672907	7	1
S6012581	45	Port Input	15	672907	7	1
S6012581	45	Port Input	14	672907	7	1
S6012581	45	Port Input	15	672907	7	1
S6012581	45	Port Input	14	672907	8	1
S6012581	45	Port Input	15	672907	8	1
S6012581	45	Port Input	14	672908	8	1
S6012581	45	Port Input	15	672908	8	1
S6012581	45	Port Input	14	672908	8	1
S6012581	45	Port Input	15	672908	9	1
S6012581	45	Port Input	14	672909	9	1
S6012581	45	Port Input	15	672909	9	1
S6012581	45	Port Input	14	672909	9	1
S6012581	45	Port Input	15	672909	9	1
S6012581	45	Port Input	14	672909	10	1
S6012581	45	Port Input	15	672910	10	1
S6012581	45	Port Input	14	672910	10	1
S6012581	45	Port Input	15	672910	10	1
S6012581	45	Port Input	14	672910	10	1
S6012581	45	Port Input	15	672910	10	1
S6012581	45	Port Input	14	672910	10	1
S6012581	45	Port Input	15	672910	10	1
S6012581	45	Port Input	14	672910	10	1
S6012581	45	Port Input	15	672910	10	1
S6012581	45	Port Input	14	672910	10	1
S6012581	45	Port Input	15	672910	10	1
S6012581	45	Port Input	14	672910	11	1
S6012581	45	Port Input	15	672910	11	1
S6012581	45	Port Input	14	672910	11	1
S6012581	45	Port Input	15	672911	11	1
S6012581	45	Port Input	14	672911	11	1
S6012581	45	Port Input	15	672912	12	1
S6012581	45	Port Input	14	672912	12	1
S6012581	45	Port Input	15	672912	12	1
S6012581	45	Port Input	14	672912	12	1
S6012581	45	Port Input	15	672914	14	1
S6012581	45	Port Input	14	672914	14	1
S6012581	45	Port Input	15	672915	15	1
S6012581	45	Port Input	14	672915	15	1
S6012581	45	Port Input	15	672915	15	1
S6012581	45	Port Input	14	672915	15	1
S6012581	45	Port Input	15	672915	15	1
S6012581	45	Port Input	14	672915	15	1
S6012581	45	Port Input	15	672915	15	1
S6012581	45	Port Input	14	672915	15	1
S6012581	45	Port Input	15	672916	16	1
S6012581	45	Port Input	14	672916	16	1
S6012581	45	Port Input	15	672919	19	1
S6012581	45	Port Input	14	672919	20	1
S6012581	45	Port Input	15	672920	20	1
S6012581	45	Port Input	14	672920	20	1
S6012581	45	Port Input	15	672920	20	1
S6012581	45	Port Input	14	672920	20	1
S6012581	45	Port Input	15	672920	21	1
S6012581	45	Port Input	14	672921	21	1
S6012581	45	Port Input	15	672921	21	1
S6012581	45	Port Input	14	672921	22	1
S6012581	45	Port Input	15	672922	22	1
S6012581	45	Port Input	14	672922	22	1
S6012581	45	Port Input	15	672922	22	1
S6012581	45	Port Input	14	672922	23	1
S6012581	45	Port Input	15	672923	23	1
S6012581	45	Port Input	14	672923	23	1
S6012581	45	Port Input	15	672923	23	1
S6012581	45	Port Input	14	672923	23	1
S6012581	45	Port Input	15	672923	23	1
S6012581	45	Port Input	14	672923	23	1
S6012581	45	Port Input	15	672923	23	1
S6012581	45	Port Input	14	672924	24	1
S6012581	45	Port Input	15	672924	24	1
S6012581	45	Port Input	14	672924	24	1
S6012581	45	Port Input	15	672925	25	1
S6012581	45	Port Input	14	672925	25	1
S6012581	45	Port Input	15	672928	28	1
S6012581	45	Port Input	14	672928	28	1
S6012581	45	Port Input	15	676026	3126	1
S6012581	45	Port Input	14	676026	3126	1
S6012581	45	Port Input	15	676026	3126	1
S6012581	45	Port Input	14	687181	14281	1
S6012581	45	Response	222	687181	14281	1
S6012581	46	Sound	20	687182	0	4			0		hit	1052
S6012581	46	Port Input	15	690434	3252	1
S6012581	46	Port Input	14	701378	14197	1
S6012581	46	Response	222	701378	14197	1
S6012581	46	Port Input	15	701378	14197	1
S6012581	46	Port Input	14	701379	14198	5
S6012581	47	Sound	20	701379	0	4			0		hit	1058
S6012581	47	Port Input	15	704498	3119	1
S6012581	47	Port Input	14	715969	14590	1
S6012581	47	Response	222	715969	14590	1
S6012581	47	Port Input	15	715970	14591	5
S6012581	48	Sound	20	715970	0	4			0		hit	1076
S6012581	48	Port Input	14	715974	4	1
S6012581	48	Port Input	15	715975	4	1
S6012581	48	Port Input	14	715975	4	1
S6012581	48	Port Input	15	715975	4	1
S6012581	48	Port Input	14	715975	5	1
S6012581	48	Port Input	15	715975	5	1
S6012581	48	Port Input	14	715975	5	1
S6012581	48	Port Input	15	715976	6	1
S6012581	48	Port Input	14	715976	6	1
S6012581	48	Port Input	15	715976	6	1
S6012581	48	Port Input	14	715976	6	1
S6012581	48	Port Input	15	715976	6	1
S6012581	48	Port Input	14	715978	7	1
S6012581	48	Port Input	15	719133	3162	1
S6012581	48	Port Input	14	731329	15359	1
S6012581	48	Response	222	731329	15359	1
S6012581	49	Sound	20	731330	0	5			0		hit	1080
S6012581	49	Port Input	15	734496	3166	1
S6012581	49	Port Input	14	745561	14231	1
S6012581	49	Response	222	745561	14231	1
S6012581	49	Port Input	15	745561	14232	1
S6012581	49	Port Input	14	745561	14232	1
S6012581	50	Sound	20	745562	0	5			0		hit	1118
S6012581	50	Port Input	15	745566	4	1
S6012581	50	Port Input	14	745566	4	1
S6012581	50	Port Input	15	745566	4	1
S6012581	50	Port Input	14	745566	4	1
S6012581	50	Port Input	15	745566	5	1
S6012581	50	Port Input	14	745566	5	1
S6012581	50	Port Input	15	745567	5	1
S6012581	50	Port Input	14	745567	5	1
S6012581	50	Port Input	15	745567	5	1
S6012581	50	Port Input	14	745567	5	1
S6012581	50	Port Input	15	745567	5	1
S6012581	50	Port Input	14	745567	5	1
S6012581	50	Port Input	15	745567	6	1
S6012581	50	Port Input	14	745567	6	1
S6012581	50	Port Input	15	745568	6	1
S6012581	50	Port Input	14	745568	6	1
S6012581	50	Port Input	15	745568	6	1
S6012581	50	Port Input	14	745568	6	1
S6012581	50	Port Input	15	745568	6	1
S6012581	50	Port Input	14	745568	6	1
S6012581	50	Port Input	15	745568	6	1
S6012581	50	Port Input	14	745568	6	1
S6012581	50	Port Input	15	745569	7	1
S6012581	50	Port Input	14	745569	7	1
S6012581	50	Port Input	15	745569	7	1
S6012581	50	Port Input	14	745569	7	1
S6012581	50	Port Input	15	745569	7	1
S6012581	50	Port Input	14	745569	7	1
S6012581	50	Port Input	15	745569	7	1
S6012581	50	Port Input	14	745569	7	1
S6012581	50	Port Input	15	745569	8	1
S6012581	50	Port Input	14	745569	8	1
S6012581	50	Port Input	15	748686	3124	1
S6012581	50	Port Input	14	760817	15255	1
S6012581	50	Response	222	760817	15255	1
S6012581	51	Sound	20	760818	0	4			0		hit	1122
S6012581	51	Port Input	15	764244	3426	1
S6012581	51	Port Input	14	775900	15082	1
S6012581	51	Response	222	775900	15082	1
S6012581	51	Port Input	15	775900	15082	1
S6012581	51	Port Input	14	775900	15082	1
S6012581	51	Port Input	15	775900	15083	1
S6012581	52	Sound	20	775901	0	4			0		hit	1146
S6012581	52	Port Input	14	775905	4	1
S6012581	52	Port Input	15	775905	4	1
S6012581	52	Port Input	14	775905	4	1
S6012581	52	Port Input	15	775905	4	1
S6012581	52	Port Input	14	775905	5	1
S6012581	52	Port Input	15	775905	5	1
S6012581	52	Port Input	14	775905	5	1
S6012581	52	Port Input	15	775906	5	1
S6012581	52	Port Input	14	775906	5	1
S6012581	52	Port Input	15	778913	3013	1
S6012581	52	Port Input	14	778913	3013	1
S6012581	52	Port Input	15	778915	3014	1
S6012581	52	Port Input	14	778915	3014	1
S6012581	52	Port Input	15	778915	3014	1
S6012581	52	Port Input	14	778915	3014	1
S6012581	52	Port Input	15	778915	3014	1
S6012581	52	Port Input	14	778915	3014	1
S6012581	52	Port Input	15	778915	3014	1
S6012581	52	Port Input	14	790966	15066	1
S6012581	52	Response	222	790966	15066	1
S6012581	53	Sound	20	790967	0	4			0		hit	1154
S6012581	53	Port Input	15	794165	3198	1
S6012581	53	Port Input	14	794165	3198	1
S6012581	53	Port Input	15	794166	3199	1
S6012581	53	Port Input	14	794166	3199	1
S6012581	53	Port Input	15	794167	3200	1
S6012581	53	Port Input	14	805364	14397	1
S6012581	53	Response	222	805364	14397	1
S6012581	53	Port Input	15	805364	14397	1
S6012581	53	Port Input	14	805365	14398	5
S6012581	54	Sound	20	805365	0	4			0		hit	1160
S6012581	54	Port Input	15	808500	3135	1
S6012581	54	Port Input	14	820590	15225	1
S6012581	54	Response	222	820590	15225	1
S6012581	54	Port Input	15	820590	15226	1
S6012581	54	Port Input	14	820591	15226	1
S6012581	54	Port Input	15	820591	15226	1
S6012581	54	Port Input	14	820591	15226	5
S6012581	55	Sound	20	820591	0	4			0		hit	1168
S6012581	55	Port Input	15	823611	3020	1
S6012581	55	Port Input	14	834895	14304	1
S6012581	55	Response	222	834895	14304	1
S6012581	56	Sound	20	834896	0	4			0		hit	1172
S6012581	56	Port Input	15	838082	3186	1
S6012581	56	Port Input	14	849853	14957	1
S6012581	56	Response	222	849853	14957	1
S6012581	57	Sound	20	849854	0	4			0		hit	1176
S6012581	57	Port Input	15	852805	2951	1
S6012581	57	Port Input	14	864745	14891	1
S6012581	57	Response	222	864745	14891	1
S6012581	58	Sound	20	864746	0	4			0		hit	1180
S6012581	58	Port Input	15	867609	2863	1
S6012581	58	Port Input	14	879661	14915	1
S6012581	58	Response	222	879661	14915	1
S6012581	58	Port Input	15	879661	14915	1
S6012581	58	Port Input	14	879662	14916	4
S6012581	59	Sound	20	879662	0	4			0		hit	1186
S6012581	59	Port Input	15	882714	3052	1
S6012581	59	Port Input	14	894632	14970	1
S6012581	59	Response	222	894632	14970	1
S6012581	60	Sound	20	894633	0	4			0		hit	1190
S6012581	60	Port Input	15	897569	2936	1
S6012581	60	Port Input	14	909244	14611	1
S6012581	60	Response	222	909244	14611	1
S6012581	61	Sound	20	909245	0	4			0		hit	1194
S6012581	61	Port Input	15	912275	3030	1
S6012581	61	Port Input	14	923546	14301	1
S6012581	61	Response	222	923546	14301	1
S6012581	61	Port Input	15	923546	14302	1
S6012581	61	Port Input	14	923547	14302	1
S6012581	62	Sound	20	923547	0	4			0		hit	1208
S6012581	62	Port Input	15	926418	2871	1
S6012581	62	Port Input	14	926422	2875	1
S6012581	62	Port Input	15	926422	2875	1
S6012581	62	Port Input	14	926423	2876	1
S6012581	62	Port Input	15	926423	2876	1
S6012581	62	Port Input	14	926423	2876	1
S6012581	62	Port Input	15	926424	2877	1
S6012581	62	Port Input	14	926424	2877	1
S6012581	62	Port Input	15	926425	2878	1
S6012581	62	Port Input	14	937306	13759	1
S6012581	62	Response	222	937306	13759	1
S6012581	63	Sound	20	937307	0	4			0		hit	1212
S6012581	63	Port Input	15	940460	3154	1
S6012581	63	Port Input	14	951232	13926	1
S6012581	63	Response	222	951232	13926	1
S6012581	63	Port Input	15	951232	13926	1
S6012581	63	Port Input	14	951233	13926	1
S6012581	64	Sound	20	951233	0	4			0		hit	1222
S6012581	64	Port Input	15	954476	3243	1
S6012581	64	Port Input	14	954476	3243	1
S6012581	64	Port Input	15	954476	3243	1
S6012581	64	Port Input	14	954476	3243	1
S6012581	64	Port Input	15	954476	3243	1
S6012581	64	Port Input	14	965395	14162	1
S6012581	64	Response	222	965395	14162	1
S6012581	65	Sound	20	965396	0	4			0		hit	1226
S6012581	65	Port Input	15	968712	3316	1
S6012581	65	Port Input	14	979656	14259	1
S6012581	65	Response	222	979656	14259	1
S6012581	65	Port Input	15	979656	14260	1
S6012581	65	Port Input	14	979656	14260	1
S6012581	65	Port Input	15	979656	14260	5
S6012581	66	Sound	20	979657	0	5			0		hit	1234
S6012581	66	Port Input	14	979662	5	1
S6012581	66	Port Input	15	982795	3138	1
S6012581	66	Port Input	14	994338	14681	1
S6012581	66	Response	222	994338	14681	1
S6012581	67	Sound	20	994338	0	4			0		hit	1240
S6012581	67	Port Input	15	997309	2970	1
S6012581	67	Port Input	14	997309	2970	1
S6012581	67	Port Input	15	997309	2971	1
S6012581	67	Port Input	14	1009037	14699	1
S6012581	67	Response	222	1009037	14699	1
S6012581	68	Sound	20	1009038	0	5			0		hit	1244
S6012581	68	Port Input	15	1012338	3301	1
S6012581	68	Port Input	14	1024459	15421	1
S6012581	68	Response	222	1024459	15421	1
S6012581	69	Sound	20	1024460	0	5			0		hit	1250
S6012581	69	Port Input	15	1027450	2990	1
S6012581	69	Port Input	14	1027450	2990	1
S6012581	69	Port Input	15	1027450	2990	1
S6012581	69	Port Input	14	1039673	15213	1
S6012581	69	Response	222	1039673	15213	1
S6012581	69	Port Input	15	1039673	15213	1
S6012581	69	Port Input	14	1039673	15213	1
S6012581	70	Sound	20	1039673	0	4			0		hit	1258
S6012581	70	Port Input	15	1039679	5	1
S6012581	70	Port Input	14	1039679	5	1
S6012581	70	Port Input	15	1042484	2811	1
S6012581	70	Port Input	14	1054627	14953	1
S6012581	70	Response	222	1054627	14953	1
S6012581	70	Port Input	15	1054627	14954	1
S6012581	70	Port Input	14	1054627	14954	1
S6012581	71	Sound	20	1054628	0	4			0		hit	1272
S6012581	71	Port Input	15	1054632	4	1
S6012581	71	Port Input	14	1054632	4	1
S6012581	71	Port Input	15	1054632	5	1
S6012581	71	Port Input	14	1054632	5	1
S6012581	71	Port Input	15	1054632	5	1
S6012581	71	Port Input	14	1054632	5	1
S6012581	71	Port Input	15	1054640	13	1
S6012581	71	Port Input	14	1054640	13	1
S6012581	71	Port Input	15	1057378	2750	1
S6012581	71	Port Input	14	1069693	15065	1
S6012581	71	Response	222	1069693	15065	1
S6012581	72	Sound	20	1069693	0	4			0		hit	1280
S6012581	72	Port Input	15	1072514	2821	1
S6012581	72	Port Input	14	1072515	2821	1
S6012581	72	Port Input	15	1072515	2821	1
S6012581	72	Port Input	14	1072515	2822	1
S6012581	72	Port Input	15	1072515	2822	1
S6012581	72	Port Input	14	1084433	14739	1
S6012581	72	Response	222	1084433	14739	1
S6012581	73	Sound	20	1084433	0	4			0		hit	1298
S6012581	73	Port Input	15	1084437	4	1
S6012581	73	Port Input	14	1084437	4	1
S6012581	73	Port Input	15	1084438	4	1
S6012581	73	Port Input	14	1084438	4	1
S6012581	73	Port Input	15	1084438	4	1
S6012581	73	Port Input	14	1084438	4	1
S6012581	73	Port Input	15	1084438	5	1
S6012581	73	Port Input	14	1084438	5	1
S6012581	73	Port Input	15	1084438	5	1
S6012581	73	Port Input	14	1084438	5	1
S6012581	73	Port Input	15	1084438	5	1
S6012581	73	Port Input	14	1084438	5	1
S6012581	73	Port Input	15	1084439	5	1
S6012581	73	Port Input	14	1084439	5	1
S6012581	73	Port Input	15	1087390	2957	1
S6012581	73	Port Input	14	1100605	16172	1
S6012581	73	Response	222	1100605	16172	1
S6012581	74	Sound	20	1100606	0	4			0		hit	1302
S6012581	74	Port Input	15	1103354	2748	1
S6012581	74	Port Input	14	1116269	15663	1
S6012581	74	Response	222	1116269	15663	1
S6012581	75	Sound	20	1116270	0	4			0		hit	1306
S6012581	75	Port Input	15	1119239	2969	1
S6012581	75	Port Input	14	1131549	15279	1
S6012581	75	Response	222	1131549	15279	1
S6012581	75	Port Input	15	1131549	15280	1
S6012581	75	Port Input	14	1131550	15280	5
S6012581	76	Sound	20	1131550	0	4			0		hit	1318
S6012581	76	Port Input	15	1134571	3021	1
S6012581	76	Port Input	14	1134571	3021	1
S6012581	76	Port Input	15	1134571	3022	1
S6012581	76	Port Input	14	1134571	3022	1
S6012581	76	Port Input	15	1134572	3022	1
S6012581	76	Port Input	14	1134572	3022	1
S6012581	76	Port Input	15	1134572	3022	1
S6012581	76	Port Input	14	1146543	14993	1
S6012581	76	Response	222	1146543	14993	1
S6012581	76	Port Input	15	1146543	14993	1
S6012581	76	Port Input	14	1146543	14994	1
S6012581	77	Sound	20	1146544	0	4			0		hit	1330
S6012581	77	Port Input	15	1149419	2876	1
S6012581	77	Port Input	14	1149419	2876	1
S6012581	77	Port Input	15	1149420	2876	1
S6012581	77	Port Input	14	1149420	2876	1
S6012581	77	Port Input	15	1149421	2878	1
S6012581	77	Port Input	14	1149421	2878	1
S6012581	77	Port Input	15	1149422	2878	1
S6012581	77	Port Input	14	1161900	15356	1
S6012581	77	Response	222	1161900	15356	1
S6012581	77	Port Input	15	1161900	15356	1
S6012581	78	Sound	20	1161901	0	4			0		hit	1346
S6012581	78	Port Input	14	1161906	5	1
S6012581	78	Port Input	15	1161906	5	1
S6012581	78	Port Input	14	1161906	5	1
S6012581	78	Port Input	15	1164646	2746	1
S6012581	78	Port Input	14	1164646	2746	1
S6012581	78	Port Input	15	1164647	2746	1
S6012581	78	Port Input	14	1164647	2746	1
S6012581	78	Port Input	15	1164647	2746	1
S6012581	78	Port Input	14	1164647	2746	1
S6012581	78	Port Input	15	1164648	2747	1
S6012581	78	Port Input	14	1164648	2747	1
S6012581	78	Port Input	15	1164648	2747	1
S6012581	78	Port Input	14	1176897	14997	1
S6012581	78	Response	222	1176897	14997	1
S6012581	79	Sound	20	1176898	0	4			0		hit	1356
S6012581	79	Port Input	15	1179817	2919	1
S6012581	79	Port Input	14	1179817	2919	1
S6012581	79	Port Input	15	1179817	2919	1
S6012581	79	Port Input	14	1179817	2919	1
S6012581	79	Port Input	15	1179819	2921	1
S6012581	79	Port Input	14	1179819	2921	1
S6012581	79	Port Input	15	1179819	2921	1
S6012581	79	Port Input	14	1191997	15099	1
S6012581	79	Response	222	1191997	15099	1
S6012581	79	Port Input	15	1191997	15099	1
S6012581	79	Port Input	14	1191998	15100	5
S6012581	80	Sound	20	1191998	0	4			0		hit	1362
S6012581	80	Port Input	15	1194799	2801	1
S6012581	80	Port Input	14	1206491	14493	1
S6012581	80	Response	222	1206491	14493	1
S6012581	81	Sound	20	1206492	0	4			0		hit	1382
S6012581	81	Port Input	15	1209495	3004	1
S6012581	81	Port Input	14	1209495	3004	1
S6012581	81	Port Input	15	1209496	3004	1
S6012581	81	Port Input	14	1209496	3004	1
S6012581	81	Port Input	15	1209496	3005	1
S6012581	81	Port Input	14	1209496	3005	1
S6012581	81	Port Input	15	1209496	3005	1
S6012581	81	Port Input	14	1209496	3005	1
S6012581	81	Port Input	15	1209497	3006	1
S6012581	81	Port Input	14	1209497	3006	1
S6012581	81	Port Input	15	1209497	3006	1
S6012581	81	Port Input	14	1209497	3006	1
S6012581	81	Port Input	15	1209497	3006	1
S6012581	81	Port Input	14	1209497	3006	1
S6012581	81	Port Input	15	1209498	3006	1
S6012581	81	Port Input	14	1209498	3006	1
S6012581	81	Port Input	15	1209498	3007	1
S6012581	81	Port Input	14	1221639	15147	1
S6012581	81	Response	222	1221639	15147	1
S6012581	81	Port Input	15	1221639	15147	1
S6012581	81	Port Input	14	1221639	15147	1
S6012581	82	Sound	20	1221639	0	4			0		hit	1410
S6012581	82	Port Input	15	1221644	4	1
S6012581	82	Port Input	14	1221644	4	1
S6012581	82	Port Input	15	1221644	5	1
S6012581	82	Port Input	14	1221644	5	1
S6012581	82	Port Input	15	1221645	5	1
S6012581	82	Port Input	14	1221645	5	1
S6012581	82	Port Input	15	1221646	7	1
S6012581	82	Port Input	14	1221646	7	1
S6012581	82	Port Input	15	1221647	8	1
S6012581	82	Port Input	14	1221647	8	1
S6012581	82	Port Input	15	1221648	9	1
S6012581	82	Port Input	14	1221648	9	1
S6012581	82	Port Input	15	1221648	9	1
S6012581	82	Port Input	14	1221648	9	1
S6012581	82	Port Input	15	1221650	11	1
S6012581	82	Port Input	14	1221650	11	1
S6012581	82	Port Input	15	1221651	11	1
S6012581	82	Port Input	14	1221651	11	1
S6012581	82	Port Input	15	1221672	32	1
S6012581	82	Port Input	14	1221672	32	1
S6012581	82	Port Input	15	1224901	3262	1
S6012581	82	Port Input	14	1224902	3262	1
S6012581	82	Port Input	15	1224902	3263	1
S6012581	82	Port Input	14	1236267	14628	1
S6012581	82	Response	222	1236267	14628	1
S6012581	82	Port Input	15	1236267	14628	1
S6012581	82	Port Input	14	1236268	14629	4
S6012581	83	Sound	20	1236268	0	4			0		hit	1446
S6012581	83	Port Input	15	1236274	6	1
S6012581	83	Port Input	14	1236274	6	1
S6012581	83	Port Input	15	1236274	6	1
S6012581	83	Port Input	14	1236274	6	1
S6012581	83	Port Input	15	1236274	6	1
S6012581	83	Port Input	14	1236274	6	1
S6012581	83	Port Input	15	1236275	7	1
S6012581	83	Port Input	14	1236275	7	1
S6012581	83	Port Input	15	1236276	8	1
S6012581	83	Port Input	14	1236276	8	1
S6012581	83	Port Input	15	1236279	11	1
S6012581	83	Port Input	14	1236279	11	1
S6012581	83	Port Input	15	1236280	12	1
S6012581	83	Port Input	14	1236280	12	1
S6012581	83	Port Input	15	1239451	3183	1
S6012581	83	Port Input	14	1239451	3183	1
S6012581	83	Port Input	15	1239451	3183	1
S6012581	83	Port Input	14	1239451	3183	1
S6012581	83	Port Input	15	1239451	3183	1
S6012581	83	Port Input	14	1239451	3183	1
S6012581	83	Port Input	15	1239453	3184	1
S6012581	83	Port Input	14	1239453	3184	1
S6012581	83	Port Input	15	1239453	3185	1
S6012581	83	Port Input	14	1239453	3185	1
S6012581	83	Port Input	15	1239453	3185	1
S6012581	83	Port Input	14	1239453	3185	1
S6012581	83	Port Input	15	1239454	3185	1
S6012581	83	Port Input	14	1239454	3186	1
S6012581	83	Port Input	15	1239454	3186	1
S6012581	83	Port Input	14	1239454	3186	1
S6012581	83	Port Input	15	1239454	3186	1
S6012581	83	Port Input	14	1251884	15616	1
S6012581	83	Response	222	1251884	15616	1
S6012581	84	Sound	20	1251885	0	4			0		hit	1460
S6012581	84	Port Input	15	1254872	2987	1
S6012581	84	Port Input	14	1254872	2987	1
S6012581	84	Port Input	15	1254873	2988	1
S6012581	84	Port Input	14	1254873	2988	1
S6012581	84	Port Input	15	1254873	2988	1
S6012581	84	Port Input	14	1254873	2988	1
S6012581	84	Port Input	15	1254878	2993	1
S6012581	84	Port Input	14	1254878	2993	1
S6012581	84	Port Input	15	1254881	2996	1
S6012581	84	Port Input	14	1254881	2996	1
S6012581	84	Port Input	15	1254881	2996	1
S6012581	84	Port Input	14	1267150	15265	1
S6012581	84	Response	222	1267150	15265	1
S6012581	84	Port Input	15	1267150	15265	1
S6012581	84	Port Input	14	1267150	15265	1
S6012581	85	Sound	20	1267151	0	5			0		hit	1476
S6012581	85	Port Input	15	1269887	2736	1
S6012581	85	Port Input	14	1269887	2736	1
S6012581	85	Port Input	15	1269887	2737	1
S6012581	85	Port Input	14	1269887	2737	1
S6012581	85	Port Input	15	1269888	2737	1
S6012581	85	Port Input	14	1269888	2737	1
S6012581	85	Port Input	15	1269888	2737	1
S6012581	85	Port Input	14	1269888	2737	1
S6012581	85	Port Input	15	1269889	2738	1
S6012581	85	Port Input	14	1269889	2738	1
S6012581	85	Port Input	15	1269890	2739	1
S6012581	85	Port Input	14	1282504	15353	1
S6012581	85	Response	222	1282504	15353	1
S6012581	86	Sound	20	1282505	0	4			0		hit	1480
S6012581	86	Port Input	15	1285751	3247	1
S6012581	86	Port Input	14	1297963	15459	1
S6012581	86	Response	222	1297963	15459	1
S6012581	86	Port Input	15	1297963	15459	1
S6012581	86	Port Input	14	1297964	15459	1
S6012581	87	Sound	20	1297964	0	4			0		hit	1490
S6012581	87	Port Input	15	1301057	3094	1
S6012581	87	Port Input	14	1301057	3094	1
S6012581	87	Port Input	15	1301058	3094	1
S6012581	87	Port Input	14	1301058	3094	1
S6012581	87	Port Input	15	1301058	3094	1
S6012581	87	Port Input	14	1314706	16742	1
S6012581	87	Response	222	1314706	16742	1
S6012581	87	Port Input	15	1314707	16743	1
S6012581	87	Port Input	14	1314707	16743	1
S6012581	87	Port Input	15	1314707	16743	1
S6012581	88	Sound	20	1314707	0	4			0		hit	1560
S6012581	88	Port Input	14	1314711	4	1
S6012581	88	Port Input	15	1314711	4	1
S6012581	88	Port Input	14	1314711	4	1
S6012581	88	Port Input	15	1314712	5	1
S6012581	88	Port Input	14	1314712	5	1
S6012581	88	Port Input	15	1314712	5	1
S6012581	88	Port Input	14	1314713	6	1
S6012581	88	Port Input	15	1314713	6	1
S6012581	88	Port Input	14	1314713	6	1
S6012581	88	Port Input	15	1314713	6	1
S6012581	88	Port Input	14	1314713	6	1
S6012581	88	Port Input	15	1314713	6	1
S6012581	88	Port Input	14	1314713	6	1
S6012581	88	Port Input	15	1314715	8	1
S6012581	88	Port Input	14	1314715	8	1
S6012581	88	Port Input	15	1314715	8	1
S6012581	88	Port Input	14	1314715	8	1
S6012581	88	Port Input	15	1314715	8	1
S6012581	88	Port Input	14	1314715	8	1
S6012581	88	Port Input	15	1314716	9	1
S6012581	88	Port Input	14	1314716	9	1
S6012581	88	Port Input	15	1314717	9	1
S6012581	88	Port Input	14	1314717	10	1
S6012581	88	Port Input	15	1314717	10	1
S6012581	88	Port Input	14	1314717	10	1
S6012581	88	Port Input	15	1314717	10	1
S6012581	88	Port Input	14	1314717	10	1
S6012581	88	Port Input	15	1314717	10	1
S6012581	88	Port Input	14	1314717	10	1
S6012581	88	Port Input	15	1314717	10	1
S6012581	88	Port Input	14	1314717	10	1
S6012581	88	Port Input	15	1314717	10	1
S6012581	88	Port Input	14	1314718	10	1
S6012581	88	Port Input	15	1314718	11	1
S6012581	88	Port Input	14	1314718	11	1
S6012581	88	Port Input	15	1314718	11	1
S6012581	88	Port Input	14	1314718	11	1
S6012581	88	Port Input	15	1314718	11	1
S6012581	88	Port Input	14	1314718	11	1
S6012581	88	Port Input	15	1314718	11	1
S6012581	88	Port Input	14	1314718	11	1
S6012581	88	Port Input	15	1314718	11	1
S6012581	88	Port Input	14	1314718	11	1
S6012581	88	Port Input	15	1314719	12	1
S6012581	88	Port Input	14	1314719	12	1
S6012581	88	Port Input	15	1314719	12	1
S6012581	88	Port Input	14	1314719	12	1
S6012581	88	Port Input	15	1314719	12	1
S6012581	88	Port Input	14	1314719	12	1
S6012581	88	Port Input	15	1314721	14	1
S6012581	88	Port Input	14	1314721	14	1
S6012581	88	Port Input	15	1317681	2974	1
S6012581	88	Port Input	14	1317681	2974	1
S6012581	88	Port Input	15	1317684	2977	1
S6012581	88	Port Input	14	1317684	2977	1
S6012581	88	Port Input	15	1317684	2977	1
S6012581	88	Port Input	14	1317684	2977	1
S6012581	88	Port Input	15	1317685	2978	1
S6012581	88	Port Input	14	1317685	2978	1
S6012581	88	Port Input	15	1317685	2978	1
S6012581	88	Port Input	14	1317685	2978	1
S6012581	88	Port Input	15	1317685	2978	1
S6012581	88	Port Input	14	1317685	2978	1
S6012581	88	Port Input	15	1317685	2978	1
S6012581	88	Port Input	14	1329369	14662	1
S6012581	88	Response	222	1329369	14662	1
S6012581	88	Port Input	15	1329369	14662	1
S6012581	89	Sound	20	1329370	0	4			0		hit	1572
S6012581	89	Port Input	14	1329373	4	1
S6012581	89	Port Input	15	1329374	4	1
S6012581	89	Port Input	14	1329374	4	1
S6012581	89	Port Input	15	1329374	4	1
S6012581	89	Port Input	14	1329374	4	1
S6012581	89	Port Input	15	1332453	3083	1
S6012581	89	Port Input	14	1332453	3083	1
S6012581	89	Port Input	15	1332453	3083	1
S6012581	89	Port Input	14	1344414	15044	1
S6012581	89	Response	222	1344414	15044	1
S6012581	89	Port Input	15	1344414	15044	1
S6012581	89	Port Input	14	1344414	15045	1
S6012581	90	Sound	20	1344415	0	4			0		hit	1578
S6012581	90	Port Input	15	1347241	2826	1
S6012581	90	Port Input	14	1359705	15290	1
S6012581	90	Response	222	1359705	15290	1
S6012581	90	Port Input	15	1359705	15291	1
S6012581	90	Port Input	14	1359705	15291	1
S6012581	91	Sound	20	1359706	0	4			0		hit	1584
S6012581	91	Port Input	15	1362691	2985	1
S6012581	91	Port Input	14	1374146	14440	1
S6012581	91	Response	222	1374146	14440	1
S6012581	92	Sound	20	1374147	0	4			0		hit	1592
S6012581	92	Port Input	15	1377057	2911	1
S6012581	92	Port Input	14	1377058	2911	1
S6012581	92	Port Input	15	1377058	2911	1
S6012581	92	Port Input	14	1377058	2911	1
S6012581	92	Port Input	15	1377058	2911	1
S6012581	92	Port Input	14	1388922	14775	1
S6012581	92	Response	222	1388922	14775	1
S6012581	93	Sound	20	1388923	0	4			0		hit	1596
S6012581	93	Port Input	15	1391864	2941	1
S6012581	93	Port Input	14	1404355	15432	1
S6012581	93	Response	222	1404355	15432	1
S6012581	94	Sound	20	1404357	0	4			0		hit	1604
S6012581	94	Port Input	15	1407200	2844	1
S6012581	94	Port Input	14	1407200	2844	1
S6012581	94	Port Input	15	1407201	2844	1
S6012581	94	Port Input	14	1407201	2844	1
S6012581	94	Port Input	15	1407201	2845	1
S6012581	94	Port Input	14	1418834	14478	1
S6012581	94	Response	222	1418834	14478	1
S6012581	94	Port Input	15	1418835	14478	1
S6012581	94	Port Input	14	1418835	14479	4
S6012581	95	Sound	20	1418835	0	4			0		hit	1610
S6012581	95	Port Input	15	1421730	2895	1
S6012581	95	Port Input	14	1434083	15248	1
S6012581	95	Response	222	1434083	15248	1
S6012581	96	Sound	20	1434084	0	4			0		hit	1620
S6012581	96	Port Input	15	1437127	3042	1
S6012581	96	Port Input	14	1437127	3042	1
S6012581	96	Port Input	15	1437127	3043	1
S6012581	96	Port Input	14	1437127	3043	1
S6012581	96	Port Input	15	1437127	3043	1
S6012581	96	Port Input	14	1437127	3043	1
S6012581	96	Port Input	15	1437127	3043	1
S6012581	96	Port Input	14	1449227	15143	1
S6012581	96	Response	222	1449227	15143	1
S6012581	96	Port Input	15	1449228	15143	1
S6012581	96	Port Input	14	1449228	15144	4
S6012581	97	Sound	20	1449228	0	4			0		hit	1628
S6012581	97	Port Input	15	1452133	2905	1
S6012581	97	Port Input	14	1452133	2905	1
S6012581	97	Port Input	15	1452133	2905	1
S6012581	97	Port Input	14	1464343	15115	1
S6012581	97	Response	222	1464343	15115	1
S6012581	97	Port Input	15	1464344	15116	1
S6012581	98	Sound	20	1464344	0	4			0		hit	1668
S6012581	98	Port Input	14	1464349	5	1
S6012581	98	Port Input	15	1464350	6	1
S6012581	98	Port Input	14	1464350	6	1
S6012581	98	Port Input	15	1464350	6	1
S6012581	98	Port Input	14	1464350	6	1
S6012581	98	Port Input	15	1464350	6	1
S6012581	98	Port Input	14	1464350	6	1
S6012581	98	Port Input	15	1464350	6	1
S6012581	98	Port Input	14	1464350	6	1
S6012581	98	Port Input	15	1464350	6	1
S6012581	98	Port Input	14	1464351	6	1
S6012581	98	Port Input	15	1464351	7	1
S6012581	98	Port Input	14	1464351	7	1
S6012581	98	Port Input	15	1464351	7	1
S6012581	98	Port Input	14	1464351	7	1
S6012581	98	Port Input	15	1464352	8	1
S6012581	98	Port Input	14	1464352	8	1
S6012581	98	Port Input	15	1464352	8	1
S6012581	98	Port Input	14	1464352	8	1
S6012581	98	Port Input	15	1464352	8	1
S6012581	98	Port Input	14	1464352	8	1
S6012581	98	Port Input	15	1464352	8	1
S6012581	98	Port Input	14	1464352	8	1
S6012581	98	Port Input	15	1464353	9	1
S6012581	98	Port Input	14	1464353	9	1
S6012581	98	Port Input	15	1464353	9	1
S6012581	98	Port Input	14	1464353	9	1
S6012581	98	Port Input	15	1464354	10	1
S6012581	98	Port Input	14	1464354	10	1
S6012581	98	Port Input	15	1464354	10	1
S6012581	98	Port Input	14	1464354	10	1
S6012581	98	Port Input	15	1467129	2785	1
S6012581	98	Port Input	14	1467129	2785	1
S6012581	98	Port Input	15	1467129	2785	1
S6012581	98	Port Input	14	1467129	2785	1
S6012581	98	Port Input	15	1467132	2788	1
S6012581	98	Port Input	14	1479711	15366	1
S6012581	98	Response	222	1479711	15366	1
S6012581	98	Port Input	15	1479711	15366	1
S6012581	98	Port Input	14	1479711	15367	1
S6012581	98	Port Input	15	1479711	15367	1
S6012581	98	Port Input	14	1479711	15367	5
S6012581	99	Sound	20	1479711	0	4			0		hit	1682
S6012581	99	Port Input	15	1482628	2917	1
S6012581	99	Port Input	14	1482628	2917	1
S6012581	99	Port Input	15	1482629	2917	1
S6012581	99	Port Input	14	1482629	2917	1
S6012581	99	Port Input	15	1482629	2918	1
S6012581	99	Port Input	14	1482629	2918	1
S6012581	99	Port Input	15	1482629	2918	1
S6012581	99	Port Input	14	1494643	14931	1
S6012581	99	Response	222	1494643	14931	1
S6012581	99	Port Input	15	1494643	14932	1
S6012581	99	Port Input	14	1494643	14932	1
S6012581	100	Sound	20	1494643	0	4			0		hit	1742
S6012581	100	Port Input	15	1494647	4	1
S6012581	100	Port Input	14	1494648	4	1
S6012581	100	Port Input	15	1494648	4	1
S6012581	100	Port Input	14	1494648	4	1
S6012581	100	Port Input	15	1494649	5	1
S6012581	100	Port Input	14	1494649	5	1
S6012581	100	Port Input	15	1494651	7	1
S6012581	100	Port Input	14	1494651	7	1
S6012581	100	Port Input	15	1494651	8	1
S6012581	100	Port Input	14	1494651	8	1
S6012581	100	Port Input	15	1494652	8	1
S6012581	100	Port Input	14	1494652	8	1
S6012581	100	Port Input	15	1494652	8	1
S6012581	100	Port Input	14	1494652	8	1
S6012581	100	Port Input	15	1494652	8	1
S6012581	100	Port Input	14	1494652	8	1
S6012581	100	Port Input	15	1494652	9	1
S6012581	100	Port Input	14	1494652	9	1
S6012581	100	Port Input	15	1494652	9	1
S6012581	100	Port Input	14	1494652	9	1
S6012581	100	Port Input	15	1494652	9	1
S6012581	100	Port Input	14	1494652	9	1
S6012581	100	Port Input	15	1494654	10	1
S6012581	100	Port Input	14	1494654	10	1
S6012581	100	Port Input	15	1494654	11	1
S6012581	100	Port Input	14	1494654	11	1
S6012581	100	Port Input	15	1494655	12	1
S6012581	100	Port Input	14	1494655	12	1
S6012581	100	Port Input	15	1494656	13	1
S6012581	100	Port Input	14	1494656	13	1
S6012581	100	Port Input	15	1494656	13	1
S6012581	100	Port Input	14	1494656	13	1
S6012581	100	Port Input	15	1494656	13	1
S6012581	100	Port Input	14	1494656	13	1
S6012581	100	Port Input	15	1494657	13	1
S6012581	100	Port Input	14	1494657	13	1
S6012581	100	Port Input	15	1494657	13	1
S6012581	100	Port Input	14	1494657	14	1
S6012581	100	Port Input	15	1494657	14	1
S6012581	100	Port Input	14	1494657	14	1
S6012581	100	Port Input	15	1497451	2808	1
S6012581	100	Port Input	14	1497451	2808	1
S6012581	100	Port Input	15	1497452	2808	1
S6012581	100	Port Input	14	1497452	2808	1
S6012581	100	Port Input	15	1497453	2809	1
S6012581	100	Port Input	14	1497453	2809	1
S6012581	100	Port Input	15	1497453	2810	1
S6012581	100	Port Input	14	1497453	2810	1
S6012581	100	Port Input	15	1497453	2810	1
S6012581	100	Port Input	14	1497453	2810	1
S6012581	100	Port Input	15	1497454	2810	1
S6012581	100	Port Input	14	1497454	2810	1
S6012581	100	Port Input	15	1497454	2810	1
S6012581	100	Port Input	14	1497454	2811	1
S6012581	100	Port Input	15	1497454	2811	1
S6012581	100	Port Input	14	1509481	14838	1
S6012581	100	Response	222	1509481	14838	1
S6012581	100	Port Input	15	1509482	14838	1
S6012581	100	Port Input	14	1509482	14839	4
S6012581	101	Sound	20	1509482	0	4			0		hit	1748
S6012581	101	Port Input	15	1512383	2901	1
S6012581	101	Port Input	14	1523988	14506	1
S6012581	101	Response	222	1523988	14506	1
S6012581	101	Port Input	15	1523988	14506	1
S6012581	101	Port Input	14	1523988	14506	1
S6012581	102	Sound	20	1523989	0	4			0		other	0
S6012581	102	Port Input	15	1526858	2869	1

The following output port codes were not sent because of a conflict on the port.
Port	Code	Time(ms)
1	20	152409
