Scenario - Button
Logfile written - 11/11/2022 14:16:51

Subject	Trial	Event Type	Code	Time	TTime	Uncertainty	Duration	Uncertainty	ReqTime	ReqDur	Stim Type	Pair Index

S6010566	1	Picture	start	69	0	1	40554	1	0	next	other	0
S6010566	3	Picture	20	45137	0	1	7569	1	0	next	hit	4
S6010566	3	Port Input	14	52648	7511	1
S6010566	3	Response	22	52648	7511	1
S6010566	4	Picture	20	52706	0	1	12638	1	0	next	hit	10
S6010566	4	Port Input	15	56262	3556	1
S6010566	4	Port Input	14	56262	3556	1
S6010566	4	Port Input	15	56262	3556	1
S6010566	4	Port Input	14	65271	12565	1
S6010566	4	Response	22	65271	12565	1
S6010566	5	Picture	20	65345	0	1	12083	1	0	next	hit	128
S6010566	5	Port Input	15	67690	2345	1
S6010566	5	Port Input	14	67690	2345	1
S6010566	5	Port Input	15	67691	2346	1
S6010566	5	Port Input	14	67691	2346	1
S6010566	5	Port Input	15	67693	2348	1
S6010566	5	Port Input	14	67693	2348	1
S6010566	5	Port Input	15	67694	2349	1
S6010566	5	Port Input	14	67694	2349	1
S6010566	5	Port Input	15	67694	2349	1
S6010566	5	Port Input	14	67694	2349	1
S6010566	5	Port Input	15	67695	2350	1
S6010566	5	Port Input	14	67695	2351	1
S6010566	5	Port Input	15	67698	2353	1
S6010566	5	Port Input	14	67698	2353	1
S6010566	5	Port Input	15	67700	2355	1
S6010566	5	Port Input	14	67700	2355	1
S6010566	5	Port Input	15	67701	2356	1
S6010566	5	Port Input	14	67701	2356	1
S6010566	5	Port Input	15	67702	2357	1
S6010566	5	Port Input	14	67702	2357	1
S6010566	5	Port Input	15	67702	2357	1
S6010566	5	Port Input	14	67702	2357	1
S6010566	5	Port Input	15	67703	2358	1
S6010566	5	Port Input	14	67703	2358	1
S6010566	5	Port Input	15	67704	2359	1
S6010566	5	Port Input	14	67704	2359	1
S6010566	5	Port Input	15	67707	2362	1
S6010566	5	Port Input	14	67707	2362	1
S6010566	5	Port Input	15	67708	2363	1
S6010566	5	Port Input	14	67708	2363	1
S6010566	5	Port Input	15	67709	2364	1
S6010566	5	Port Input	14	67709	2364	1
S6010566	5	Port Input	15	67709	2364	1
S6010566	5	Port Input	14	67709	2364	1
S6010566	5	Port Input	15	67711	2366	1
S6010566	5	Port Input	14	67711	2366	1
S6010566	5	Port Input	15	67712	2367	1
S6010566	5	Port Input	14	67712	2367	1
S6010566	5	Port Input	15	67713	2368	1
S6010566	5	Port Input	14	67713	2368	1
S6010566	5	Port Input	15	67714	2369	1
S6010566	5	Port Input	14	67714	2369	1
S6010566	5	Port Input	15	67716	2372	1
S6010566	5	Port Input	14	67716	2372	1
S6010566	5	Port Input	15	67717	2372	1
S6010566	5	Port Input	14	67717	2372	1
S6010566	5	Port Input	15	67717	2372	1
S6010566	5	Port Input	14	67717	2372	1
S6010566	5	Port Input	15	67718	2373	1
S6010566	5	Port Input	14	67718	2373	1
S6010566	5	Port Input	15	67719	2374	1
S6010566	5	Port Input	14	67719	2374	1
S6010566	5	Port Input	15	67724	2379	1
S6010566	5	Port Input	14	67724	2379	1
S6010566	5	Port Input	15	67725	2380	1
S6010566	5	Port Input	14	67725	2380	1
S6010566	5	Port Input	15	67725	2380	1
S6010566	5	Port Input	14	67726	2381	1
S6010566	5	Port Input	15	67726	2381	1
S6010566	5	Port Input	14	67726	2381	1
S6010566	5	Port Input	15	67727	2382	1
S6010566	5	Port Input	14	67727	2382	1
S6010566	5	Port Input	15	67727	2382	1
S6010566	5	Port Input	14	67727	2382	1
S6010566	5	Port Input	15	67727	2382	1
S6010566	5	Port Input	14	67727	2382	1
S6010566	5	Port Input	15	67728	2383	1
S6010566	5	Port Input	14	67728	2383	1
S6010566	5	Port Input	15	67728	2383	1
S6010566	5	Port Input	14	67728	2383	1
S6010566	5	Port Input	15	67728	2383	1
S6010566	5	Port Input	14	67728	2383	1
S6010566	5	Port Input	15	67728	2383	1
S6010566	5	Port Input	14	67729	2384	1
S6010566	5	Port Input	15	67729	2384	1
S6010566	5	Port Input	14	67729	2384	1
S6010566	5	Port Input	15	67729	2384	1
S6010566	5	Port Input	14	67731	2386	1
S6010566	5	Port Input	15	67731	2386	1
S6010566	5	Port Input	14	67735	2390	1
S6010566	5	Port Input	15	67735	2390	1
S6010566	5	Port Input	14	67735	2390	1
S6010566	5	Port Input	15	67736	2391	1
S6010566	5	Port Input	14	67736	2391	1
S6010566	5	Port Input	15	67736	2391	1
S6010566	5	Port Input	14	67736	2391	1
S6010566	5	Port Input	15	67737	2392	1
S6010566	5	Port Input	14	67737	2392	1
S6010566	5	Port Input	15	67737	2392	1
S6010566	5	Port Input	14	67737	2392	1
S6010566	5	Port Input	15	67738	2393	1
S6010566	5	Port Input	14	67738	2393	1
S6010566	5	Port Input	15	67738	2393	1
S6010566	5	Port Input	14	67738	2393	1
S6010566	5	Port Input	15	67738	2393	1
S6010566	5	Port Input	14	67738	2393	1
S6010566	5	Port Input	15	67739	2394	1
S6010566	5	Port Input	14	67739	2394	1
S6010566	5	Port Input	15	67739	2394	1
S6010566	5	Port Input	14	67739	2394	1
S6010566	5	Port Input	15	67739	2394	1
S6010566	5	Port Input	14	67739	2394	1
S6010566	5	Port Input	15	67740	2395	1
S6010566	5	Port Input	14	67740	2395	1
S6010566	5	Port Input	15	67740	2395	1
S6010566	5	Port Input	14	67740	2396	1
S6010566	5	Port Input	15	67741	2396	1
S6010566	5	Port Input	14	67741	2396	1
S6010566	5	Port Input	15	67741	2396	1
S6010566	5	Port Input	14	67743	2398	1
S6010566	5	Port Input	15	67743	2398	1
S6010566	5	Port Input	14	67743	2398	1
S6010566	5	Port Input	15	67743	2398	1
S6010566	5	Port Input	14	67744	2399	1
S6010566	5	Port Input	15	67744	2399	1
S6010566	5	Port Input	14	77413	12068	1
S6010566	5	Response	22	77413	12068	1
S6010566	6	Picture	20	77428	0	1	10972	1	0	next	hit	134
S6010566	6	Port Input	15	79470	2043	1
S6010566	6	Port Input	14	79471	2043	1
S6010566	6	Port Input	15	79471	2043	1
S6010566	6	Port Input	14	88365	10937	1
S6010566	6	Response	22	88365	10937	1
S6010566	6	Port Input	15	88365	10937	1
S6010566	6	Port Input	14	88365	10937	1
S6010566	7	Picture	20	88400	0	1	12152	1	0	next	hit	140
S6010566	7	Port Input	15	90586	2186	1
S6010566	7	Port Input	14	100480	12081	1
S6010566	7	Response	22	100480	12081	1
S6010566	8	Picture	20	100552	0	1	10902	1	0	next	hit	144
S6010566	8	Port Input	15	102654	2102	1
S6010566	8	Port Input	14	111413	10861	1
S6010566	8	Response	22	111413	10861	1
S6010566	9	Picture	20	111455	0	1	11458	1	0	next	hit	150
S6010566	9	Port Input	15	113507	2053	1
S6010566	9	Port Input	14	113507	2053	1
S6010566	9	Port Input	15	113508	2053	1
S6010566	9	Port Input	14	122904	11449	1
S6010566	9	Response	22	122904	11449	1
S6010566	10	Picture	20	122913	0	1	11041	1	0	next	hit	234
S6010566	10	Port Input	15	123503	591	1
S6010566	10	Port Input	14	123503	591	1
S6010566	10	Port Input	15	123503	591	1
S6010566	10	Port Input	14	123503	591	1
S6010566	10	Port Input	15	123503	591	1
S6010566	10	Port Input	14	123504	591	1
S6010566	10	Port Input	15	123504	591	1
S6010566	10	Port Input	14	123504	591	1
S6010566	10	Port Input	15	123504	591	1
S6010566	10	Port Input	14	123504	591	1
S6010566	10	Port Input	15	123528	616	1
S6010566	10	Port Input	14	123528	616	1
S6010566	10	Port Input	15	123529	616	1
S6010566	10	Port Input	14	123529	616	1
S6010566	10	Port Input	15	123529	617	1
S6010566	10	Port Input	14	123529	617	1
S6010566	10	Port Input	15	123530	617	1
S6010566	10	Port Input	14	123530	617	1
S6010566	10	Port Input	15	123530	618	1
S6010566	10	Port Input	14	123530	618	1
S6010566	10	Port Input	15	123530	618	1
S6010566	10	Port Input	14	123531	618	1
S6010566	10	Port Input	15	123532	619	1
S6010566	10	Port Input	14	123532	619	1
S6010566	10	Port Input	15	123533	620	1
S6010566	10	Port Input	14	123533	620	1
S6010566	10	Port Input	15	123533	620	1
S6010566	10	Port Input	14	123533	620	1
S6010566	10	Port Input	15	123533	621	1
S6010566	10	Port Input	14	123533	621	1
S6010566	10	Port Input	15	123533	621	1
S6010566	10	Port Input	14	123533	621	1
S6010566	10	Port Input	15	123534	621	1
S6010566	10	Port Input	14	123534	621	1
S6010566	10	Port Input	15	123534	621	1
S6010566	10	Port Input	14	123534	622	1
S6010566	10	Port Input	15	123534	622	1
S6010566	10	Port Input	14	123534	622	1
S6010566	10	Port Input	15	123535	622	1
S6010566	10	Port Input	14	123535	622	1
S6010566	10	Port Input	15	123535	623	1
S6010566	10	Port Input	14	123535	623	1
S6010566	10	Port Input	15	123697	784	1
S6010566	10	Port Input	14	123697	784	1
S6010566	10	Port Input	15	123697	785	1
S6010566	10	Port Input	14	123698	785	1
S6010566	10	Port Input	15	123698	786	1
S6010566	10	Port Input	14	123707	794	1
S6010566	10	Port Input	15	123707	794	1
S6010566	10	Port Input	14	123707	794	1
S6010566	10	Port Input	15	123707	795	1
S6010566	10	Port Input	14	123708	795	1
S6010566	10	Port Input	15	123709	796	1
S6010566	10	Port Input	14	123709	797	1
S6010566	10	Port Input	15	123711	798	1
S6010566	10	Port Input	14	123711	798	1
S6010566	10	Port Input	15	123729	817	1
S6010566	10	Port Input	14	123729	817	1
S6010566	10	Port Input	15	124384	1471	1
S6010566	10	Port Input	14	124384	1471	1
S6010566	10	Port Input	15	124386	1473	1
S6010566	10	Port Input	14	124386	1473	1
S6010566	10	Port Input	15	124387	1475	1
S6010566	10	Port Input	14	124388	1475	1
S6010566	10	Port Input	15	124393	1480	1
S6010566	10	Port Input	14	124393	1480	1
S6010566	10	Port Input	15	124395	1483	1
S6010566	10	Port Input	14	124395	1483	1
S6010566	10	Port Input	15	124727	1815	1
S6010566	10	Port Input	14	124727	1815	1
S6010566	10	Port Input	15	124752	1839	1
S6010566	10	Port Input	14	124752	1839	1
S6010566	10	Port Input	15	124879	1966	1
S6010566	10	Port Input	14	124879	1966	1
S6010566	10	Port Input	15	125420	2507	1
S6010566	10	Port Input	14	125420	2507	1
S6010566	10	Port Input	15	125420	2507	1
S6010566	10	Port Input	14	125420	2507	1
S6010566	10	Port Input	15	125420	2508	1
S6010566	10	Port Input	14	125420	2508	1
S6010566	10	Port Input	15	125421	2508	1
S6010566	10	Port Input	14	133941	11029	1
S6010566	10	Response	22	133941	11029	1
S6010566	10	Port Input	15	133941	11029	1
S6010566	10	Port Input	14	133941	11029	1
S6010566	10	Port Input	15	133942	11029	1
S6010566	10	Port Input	14	133942	11030	4
S6010566	11	Picture	20	133954	0	1	11875	1	0	next	hit	252
S6010566	11	Port Input	15	136080	2126	1
S6010566	11	Port Input	14	136080	2126	1
S6010566	11	Port Input	15	136081	2127	1
S6010566	11	Port Input	14	136081	2127	1
S6010566	11	Port Input	15	136081	2128	1
S6010566	11	Port Input	14	136081	2128	1
S6010566	11	Port Input	15	136082	2128	1
S6010566	11	Port Input	14	136082	2128	1
S6010566	11	Port Input	15	136082	2128	1
S6010566	11	Port Input	14	136082	2128	1
S6010566	11	Port Input	15	136082	2128	1
S6010566	11	Port Input	14	145764	11810	1
S6010566	11	Response	22	145764	11810	1
S6010566	12	Picture	20	145828	0	1	10139	1	0	next	hit	260
S6010566	12	Port Input	15	147502	1673	1
S6010566	12	Port Input	14	147502	1673	1
S6010566	12	Port Input	15	147502	1673	1
S6010566	12	Port Input	14	147502	1673	1
S6010566	12	Port Input	15	147502	1673	1
S6010566	12	Port Input	14	155923	10094	1
S6010566	12	Response	22	155923	10094	1
S6010566	13	Picture	20	155967	0	1	12291	1	0	next	hit	264
S6010566	13	Port Input	15	157298	1331	1
S6010566	13	Port Input	14	168202	12235	1
S6010566	13	Response	22	168202	12235	1
S6010566	14	Picture	20	168258	0	1	9652	1	0	next	hit	280
S6010566	14	Port Input	15	169548	1289	1
S6010566	14	Port Input	14	169548	1289	1
S6010566	14	Port Input	15	169549	1291	1
S6010566	14	Port Input	14	169549	1291	1
S6010566	14	Port Input	15	169549	1291	1
S6010566	14	Port Input	14	169549	1291	1
S6010566	14	Port Input	15	169549	1291	1
S6010566	14	Port Input	14	169550	1291	1
S6010566	14	Port Input	15	169550	1291	1
S6010566	14	Port Input	14	169550	1291	1
S6010566	14	Port Input	15	169550	1291	1
S6010566	14	Port Input	14	169550	1291	1
S6010566	14	Port Input	15	169550	1291	1
S6010566	14	Port Input	14	177894	9635	1
S6010566	14	Response	22	177894	9635	1
S6010566	14	Port Input	15	177894	9635	1
S6010566	14	Port Input	14	177894	9636	1
S6010566	15	Picture	20	177911	0	1	10416	1	0	next	hit	298
S6010566	15	Port Input	15	179167	1256	1
S6010566	15	Port Input	14	179167	1256	1
S6010566	15	Port Input	15	179167	1256	1
S6010566	15	Port Input	14	179167	1256	1
S6010566	15	Port Input	15	179167	1257	1
S6010566	15	Port Input	14	179167	1257	1
S6010566	15	Port Input	15	179168	1258	1
S6010566	15	Port Input	14	179168	1258	1
S6010566	15	Port Input	15	179170	1260	1
S6010566	15	Port Input	14	179170	1260	1
S6010566	15	Port Input	15	179171	1260	1
S6010566	15	Port Input	14	179171	1260	1
S6010566	15	Port Input	15	179171	1260	1
S6010566	15	Port Input	14	188307	10396	1
S6010566	15	Response	22	188307	10396	1
S6010566	16	Picture	20	188327	0	1	12083	1	0	next	hit	308
S6010566	16	Port Input	15	189899	1572	1
S6010566	16	Port Input	14	189899	1572	1
S6010566	16	Port Input	15	189899	1572	1
S6010566	16	Port Input	14	189899	1572	1
S6010566	16	Port Input	15	189900	1573	1
S6010566	16	Port Input	14	189900	1573	1
S6010566	16	Port Input	15	189900	1573	1
S6010566	16	Port Input	14	200399	12072	1
S6010566	16	Response	22	200399	12072	1
S6010566	16	Port Input	15	200399	12072	1
S6010566	16	Port Input	14	200399	12072	1
S6010566	17	Picture	20	200410	0	1	12222	1	0	next	hit	316
S6010566	17	Port Input	15	201947	1537	1
S6010566	17	Port Input	14	201947	1537	1
S6010566	17	Port Input	15	201947	1537	1
S6010566	17	Port Input	14	212564	12154	1
S6010566	17	Response	22	212564	12154	1
S6010566	18	Picture	20	212632	0	1	13125	1	0	next	hit	322
S6010566	18	Port Input	15	214180	1549	1
S6010566	18	Port Input	14	214180	1549	1
S6010566	18	Port Input	15	214181	1549	1
S6010566	18	Port Input	14	225686	13054	1
S6010566	18	Response	22	225686	13054	1
S6010566	19	Picture	20	225756	0	1	12986	1	0	next	hit	346
S6010566	19	Port Input	15	227287	1531	1
S6010566	19	Port Input	14	227287	1531	1
S6010566	19	Port Input	15	227288	1531	1
S6010566	19	Port Input	14	227288	1531	1
S6010566	19	Port Input	15	227288	1532	1
S6010566	19	Port Input	14	227288	1532	1
S6010566	19	Port Input	15	227288	1532	1
S6010566	19	Port Input	14	227288	1532	1
S6010566	19	Port Input	15	227289	1532	1
S6010566	19	Port Input	14	227289	1532	1
S6010566	19	Port Input	15	227289	1533	1
S6010566	19	Port Input	14	227289	1533	1
S6010566	19	Port Input	15	227289	1533	1
S6010566	19	Port Input	14	227289	1533	1
S6010566	19	Port Input	15	227290	1533	1
S6010566	19	Port Input	14	227290	1534	1
S6010566	19	Port Input	15	227291	1534	1
S6010566	19	Port Input	14	227291	1534	1
S6010566	19	Port Input	15	227291	1534	1
S6010566	19	Port Input	14	227291	1535	1
S6010566	19	Port Input	15	227291	1535	1
S6010566	19	Port Input	14	238690	12934	1
S6010566	19	Response	22	238690	12934	1
S6010566	20	Picture	20	238742	0	1	10833	1	0	next	hit	350
S6010566	20	Port Input	15	240115	1372	1
S6010566	20	Port Input	14	249502	10760	1
S6010566	20	Response	22	249502	10760	1
S6010566	21	Picture	20	249575	0	1	11111	1	0	next	hit	354
S6010566	21	Port Input	15	250838	1263	1
S6010566	21	Port Input	14	260610	11035	1
S6010566	21	Response	22	260610	11035	1
S6010566	21	Port Input	15	260611	11035	1
S6010566	21	Port Input	14	260612	11037	4
S6010566	22	Picture	20	260686	0	1	12291	1	0	next	hit	380
S6010566	22	Port Input	15	262340	1654	1
S6010566	22	Port Input	14	262340	1654	1
S6010566	22	Port Input	15	262340	1655	1
S6010566	22	Port Input	14	262341	1655	1
S6010566	22	Port Input	15	262341	1655	1
S6010566	22	Port Input	14	262342	1656	1
S6010566	22	Port Input	15	262342	1656	1
S6010566	22	Port Input	14	262342	1656	1
S6010566	22	Port Input	15	262342	1657	1
S6010566	22	Port Input	14	262342	1657	1
S6010566	22	Port Input	15	262343	1657	1
S6010566	22	Port Input	14	262343	1657	1
S6010566	22	Port Input	15	262343	1657	1
S6010566	22	Port Input	14	262343	1657	1
S6010566	22	Port Input	15	262343	1657	1
S6010566	22	Port Input	14	262343	1657	1
S6010566	22	Port Input	15	262343	1657	1
S6010566	22	Port Input	14	262343	1657	1
S6010566	22	Port Input	15	262344	1658	1
S6010566	22	Port Input	14	262344	1659	1
S6010566	22	Port Input	15	262345	1659	1
S6010566	22	Port Input	14	272965	12279	1
S6010566	22	Response	22	272965	12279	1
S6010566	23	Picture	20	272977	0	1	13125	1	0	next	hit	392
S6010566	23	Port Input	15	274527	1550	1
S6010566	23	Port Input	14	274527	1550	1
S6010566	23	Port Input	15	274527	1550	1
S6010566	23	Port Input	14	274527	1550	1
S6010566	23	Port Input	15	274527	1550	1
S6010566	23	Port Input	14	274528	1551	1
S6010566	23	Port Input	15	274528	1551	1
S6010566	23	Port Input	14	274528	1551	1
S6010566	23	Port Input	15	274528	1551	1
S6010566	23	Port Input	14	286057	13080	1
S6010566	23	Response	22	286057	13080	1
S6010566	24	Picture	20	286102	0	1	12916	1	0	next	hit	396
S6010566	24	Port Input	15	287784	1682	1
S6010566	24	Port Input	14	298950	12848	1
S6010566	24	Response	22	298950	12848	1
S6010566	25	Picture	20	299018	0	1	12222	1	0	next	hit	402
S6010566	25	Port Input	15	300622	1604	1
S6010566	25	Port Input	14	300622	1604	1
S6010566	25	Port Input	15	300622	1604	1
S6010566	25	Port Input	14	311200	12182	1
S6010566	25	Response	22	311200	12182	1
S6010566	25	Port Input	15	311200	12182	1
S6010566	25	Port Input	14	311200	12182	1
S6010566	26	Picture	20	311240	0	1	13055	1	0	next	hit	418
S6010566	26	Port Input	15	312894	1654	1
S6010566	26	Port Input	14	312894	1654	1
S6010566	26	Port Input	15	312894	1655	1
S6010566	26	Port Input	14	312894	1655	1
S6010566	26	Port Input	15	312894	1655	1
S6010566	26	Port Input	14	312894	1655	1
S6010566	26	Port Input	15	312895	1655	1
S6010566	26	Port Input	14	312895	1655	1
S6010566	26	Port Input	15	312895	1655	1
S6010566	26	Port Input	14	312895	1655	1
S6010566	26	Port Input	15	312895	1655	1
S6010566	26	Port Input	14	324283	13043	1
S6010566	26	Response	22	324283	13043	1
S6010566	26	Port Input	15	324283	13043	1
S6010566	26	Port Input	14	324283	13043	1
S6010566	27	Picture	20	324295	0	1	12638	1	0	next	hit	426
S6010566	27	Port Input	15	326116	1821	1
S6010566	27	Port Input	14	326116	1821	1
S6010566	27	Port Input	15	326116	1821	1
S6010566	27	Port Input	14	336906	12611	1
S6010566	27	Response	22	336906	12611	1
S6010566	28	Picture	20	336933	0	1	12847	1	0	next	hit	434
S6010566	28	Port Input	15	338227	1294	1
S6010566	28	Port Input	14	338227	1294	1
S6010566	28	Port Input	15	338228	1294	1
S6010566	28	Port Input	14	338228	1294	1
S6010566	28	Port Input	15	338228	1295	1
S6010566	28	Port Input	14	349752	12818	1
S6010566	28	Response	22	349752	12818	1
S6010566	29	Picture	20	349780	0	1	12638	1	0	next	hit	438
S6010566	29	Port Input	15	351336	1556	1
S6010566	29	Port Input	14	362400	12620	1
S6010566	29	Response	22	362400	12620	1
S6010566	30	Picture	20	362419	0	1	12777	1	0	next	hit	444
S6010566	30	Port Input	15	364512	2094	1
S6010566	30	Port Input	14	364512	2094	1
S6010566	30	Port Input	15	364513	2095	1
S6010566	30	Port Input	14	375184	12765	1
S6010566	30	Response	22	375184	12765	1
S6010566	30	Port Input	15	375184	12765	1
S6010566	30	Port Input	14	375184	12766	1
S6010566	31	Picture	20	375196	0	1	13055	1	0	next	hit	452
S6010566	31	Port Input	15	376604	1408	1
S6010566	31	Port Input	14	376605	1409	1
S6010566	31	Port Input	15	376605	1409	1
S6010566	31	Port Input	14	388192	12996	1
S6010566	31	Response	22	388192	12996	1
S6010566	31	Port Input	15	388192	12996	1
S6010566	31	Port Input	14	388192	12996	1
S6010566	32	Picture	20	388251	0	1	12569	1	0	next	hit	458
S6010566	32	Port Input	15	389772	1521	1
S6010566	32	Port Input	14	400778	12527	1
S6010566	32	Response	22	400778	12527	1
S6010566	32	Port Input	15	400778	12527	1
S6010566	32	Port Input	14	400779	12528	1
S6010566	32	Port Input	15	400779	12528	1
S6010566	32	Port Input	14	400779	12528	1
S6010566	33	Picture	20	400820	0	1	11944	1	0	next	hit	476
S6010566	33	Port Input	15	402630	1810	1
S6010566	33	Port Input	14	402630	1810	1
S6010566	33	Port Input	15	402630	1810	1
S6010566	33	Port Input	14	402630	1810	1
S6010566	33	Port Input	15	402632	1812	1
S6010566	33	Port Input	14	402632	1812	1
S6010566	33	Port Input	15	402632	1812	1
S6010566	33	Port Input	14	402633	1813	1
S6010566	33	Port Input	15	402633	1813	1
S6010566	33	Port Input	14	402633	1813	1
S6010566	33	Port Input	15	402634	1813	1
S6010566	33	Port Input	14	412689	11869	1
S6010566	33	Response	22	412689	11869	1
S6010566	34	Picture	20	412764	0	1	11736	1	0	next	hit	488
S6010566	34	Port Input	15	414505	1741	1
S6010566	34	Port Input	14	414505	1741	1
S6010566	34	Port Input	15	414506	1742	1
S6010566	34	Port Input	14	414506	1742	1
S6010566	34	Port Input	15	414506	1742	1
S6010566	34	Port Input	14	414506	1742	1
S6010566	34	Port Input	15	414506	1742	1
S6010566	34	Port Input	14	414506	1742	1
S6010566	34	Port Input	15	414507	1742	1
S6010566	34	Port Input	14	424422	11658	1
S6010566	34	Response	22	424422	11658	1
S6010566	35	Picture	20	424500	0	1	11180	1	0	next	hit	516
S6010566	35	Port Input	15	426147	1647	1
S6010566	35	Port Input	14	426147	1647	1
S6010566	35	Port Input	15	426149	1649	1
S6010566	35	Port Input	14	426149	1650	1
S6010566	35	Port Input	15	426150	1650	1
S6010566	35	Port Input	14	426150	1650	1
S6010566	35	Port Input	15	426151	1651	1
S6010566	35	Port Input	14	426151	1651	1
S6010566	35	Port Input	15	426153	1653	1
S6010566	35	Port Input	14	426153	1653	1
S6010566	35	Port Input	15	426153	1653	1
S6010566	35	Port Input	14	426153	1653	1
S6010566	35	Port Input	15	426154	1654	1
S6010566	35	Port Input	14	426154	1654	1
S6010566	35	Port Input	15	426155	1655	1
S6010566	35	Port Input	14	426155	1655	1
S6010566	35	Port Input	15	426156	1656	1
S6010566	35	Port Input	14	426156	1656	1
S6010566	35	Port Input	15	426157	1657	1
S6010566	35	Port Input	14	426157	1657	1
S6010566	35	Port Input	15	426158	1658	1
S6010566	35	Port Input	14	426158	1658	1
S6010566	35	Port Input	15	426161	1661	1
S6010566	35	Port Input	14	426161	1661	1
S6010566	35	Port Input	15	426161	1661	1
S6010566	35	Port Input	14	435659	11159	1
S6010566	35	Response	22	435659	11159	1
S6010566	36	Picture	20	435680	0	1	12291	1	0	next	hit	530
S6010566	36	Port Input	15	437325	1645	1
S6010566	36	Port Input	14	437325	1645	1
S6010566	36	Port Input	15	437325	1645	1
S6010566	36	Port Input	14	437325	1645	1
S6010566	36	Port Input	15	437325	1645	1
S6010566	36	Port Input	14	437325	1645	1
S6010566	36	Port Input	15	437328	1647	1
S6010566	36	Port Input	14	437328	1647	1
S6010566	36	Port Input	15	437332	1652	1
S6010566	36	Port Input	14	437332	1652	1
S6010566	36	Port Input	15	437333	1652	1
S6010566	36	Port Input	14	447934	12254	1
S6010566	36	Response	22	447934	12254	1
S6010566	36	Port Input	15	447935	12254	1
S6010566	36	Port Input	14	447935	12255	3
S6010566	36	Port Input	15	447940	12260	1
S6010566	36	Port Input	14	447940	12260	1
S6010566	36	Port Input	15	447943	12263	1
S6010566	36	Port Input	14	447943	12263	1
S6010566	36	Port Input	15	447946	12266	1
S6010566	36	Port Input	14	447946	12266	1
S6010566	36	Port Input	15	447948	12268	1
S6010566	36	Port Input	14	447948	12268	1
S6010566	36	Port Input	15	447948	12268	1
S6010566	36	Port Input	14	447948	12268	1
S6010566	36	Port Input	15	447949	12269	1
S6010566	36	Port Input	14	447949	12269	1
S6010566	36	Port Input	15	447949	12269	1
S6010566	36	Port Input	14	447950	12269	1
S6010566	36	Port Input	15	447950	12270	1
S6010566	36	Port Input	14	447950	12270	1
S6010566	36	Port Input	15	447950	12270	1
S6010566	36	Port Input	14	447951	12270	1
S6010566	36	Port Input	15	447951	12271	1
S6010566	36	Port Input	14	447951	12271	1
S6010566	36	Port Input	15	447957	12277	1
S6010566	36	Port Input	14	447958	12277	1
S6010566	36	Port Input	15	447958	12278	1
S6010566	36	Port Input	14	447958	12278	1
S6010566	37	Picture	20	447971	0	1	11805	1	0	next	hit	566
S6010566	37	Port Input	15	449192	1221	1
S6010566	37	Port Input	14	449192	1221	1
S6010566	37	Port Input	15	449193	1221	1
S6010566	37	Port Input	14	449193	1221	1
S6010566	37	Port Input	15	449193	1221	1
S6010566	37	Port Input	14	449193	1221	1
S6010566	37	Port Input	15	449193	1221	1
S6010566	37	Port Input	14	459712	11740	1
S6010566	37	Response	22	459712	11740	1
S6010566	37	Port Input	15	459712	11741	1
S6010566	37	Port Input	14	459712	11741	1
S6010566	38	Picture	20	459777	0	1	11041	1	0	next	hit	580
S6010566	38	Port Input	15	461066	1289	1
S6010566	38	Port Input	14	461066	1289	1
S6010566	38	Port Input	15	461066	1290	1
S6010566	38	Port Input	14	461066	1290	1
S6010566	38	Port Input	15	461067	1291	1
S6010566	38	Port Input	14	461067	1291	1
S6010566	38	Port Input	15	461067	1291	1
S6010566	38	Port Input	14	461067	1291	1
S6010566	38	Port Input	15	461068	1291	1
S6010566	38	Port Input	14	470783	11007	1
S6010566	38	Response	22	470783	11007	1
S6010566	38	Port Input	15	470783	11007	1
S6010566	38	Port Input	14	470784	11007	1
S6010566	39	Picture	20	470818	0	1	12361	1	0	next	hit	634
S6010566	39	Port Input	15	472124	1307	1
S6010566	39	Port Input	14	472125	1307	1
S6010566	39	Port Input	15	472127	1309	1
S6010566	39	Port Input	14	472127	1309	1
S6010566	39	Port Input	15	472127	1309	1
S6010566	39	Port Input	14	472127	1309	1
S6010566	39	Port Input	15	472128	1310	1
S6010566	39	Port Input	14	472128	1310	1
S6010566	39	Port Input	15	472128	1310	1
S6010566	39	Port Input	14	472128	1310	1
S6010566	39	Port Input	15	472129	1311	1
S6010566	39	Port Input	14	472129	1311	1
S6010566	39	Port Input	15	472130	1312	1
S6010566	39	Port Input	14	472130	1312	1
S6010566	39	Port Input	15	472130	1312	1
S6010566	39	Port Input	14	472130	1313	1
S6010566	39	Port Input	15	472131	1313	1
S6010566	39	Port Input	14	472131	1313	1
S6010566	39	Port Input	15	472131	1313	1
S6010566	39	Port Input	14	472131	1313	1
S6010566	39	Port Input	15	472131	1313	1
S6010566	39	Port Input	14	472131	1313	1
S6010566	39	Port Input	15	472131	1314	1
S6010566	39	Port Input	14	472131	1314	1
S6010566	39	Port Input	15	472133	1315	1
S6010566	39	Port Input	14	472133	1315	1
S6010566	39	Port Input	15	472135	1317	1
S6010566	39	Port Input	14	472135	1317	1
S6010566	39	Port Input	15	472135	1318	1
S6010566	39	Port Input	14	472136	1318	1
S6010566	39	Port Input	15	472136	1318	1
S6010566	39	Port Input	14	472136	1318	1
S6010566	39	Port Input	15	472137	1319	1
S6010566	39	Port Input	14	472137	1319	1
S6010566	39	Port Input	15	472137	1319	1
S6010566	39	Port Input	14	472137	1319	1
S6010566	39	Port Input	15	472137	1320	1
S6010566	39	Port Input	14	472137	1320	1
S6010566	39	Port Input	15	472138	1320	1
S6010566	39	Port Input	14	472138	1320	1
S6010566	39	Port Input	15	472138	1320	1
S6010566	39	Port Input	14	472138	1320	1
S6010566	39	Port Input	15	472138	1320	1
S6010566	39	Port Input	14	472138	1320	1
S6010566	39	Port Input	15	472139	1321	1
S6010566	39	Port Input	14	472139	1321	1
S6010566	39	Port Input	15	472139	1321	1
S6010566	39	Port Input	14	472139	1321	1
S6010566	39	Port Input	15	472140	1322	1
S6010566	39	Port Input	14	483119	12301	1
S6010566	39	Response	22	483119	12301	1
S6010566	39	Port Input	15	483119	12301	1
S6010566	39	Port Input	14	483119	12301	1
S6010566	40	Picture	20	483179	0	1	12291	1	0	next	hit	642
S6010566	40	Port Input	15	484816	1637	1
S6010566	40	Port Input	14	484816	1638	1
S6010566	40	Port Input	15	484817	1638	1
S6010566	40	Port Input	14	495396	12217	1
S6010566	40	Response	22	495396	12217	1
S6010566	41	Picture	20	495470	0	1	11597	1	0	next	hit	686
S6010566	41	Port Input	15	497258	1788	1
S6010566	41	Port Input	14	497258	1788	1
S6010566	41	Port Input	15	497259	1790	1
S6010566	41	Port Input	14	497259	1790	1
S6010566	41	Port Input	15	497261	1791	1
S6010566	41	Port Input	14	497261	1791	1
S6010566	41	Port Input	15	497267	1797	1
S6010566	41	Port Input	14	497267	1797	1
S6010566	41	Port Input	15	497268	1798	1
S6010566	41	Port Input	14	497268	1798	1
S6010566	41	Port Input	15	497271	1801	1
S6010566	41	Port Input	14	497271	1801	1
S6010566	41	Port Input	15	497271	1801	1
S6010566	41	Port Input	14	497271	1802	1
S6010566	41	Port Input	15	497272	1802	1
S6010566	41	Port Input	14	497272	1802	1
S6010566	41	Port Input	15	497272	1803	1
S6010566	41	Port Input	14	497273	1803	1
S6010566	41	Port Input	15	497273	1803	1
S6010566	41	Port Input	14	497273	1803	1
S6010566	41	Port Input	15	497273	1803	1
S6010566	41	Port Input	14	497273	1803	1
S6010566	41	Port Input	15	497273	1804	1
S6010566	41	Port Input	14	497273	1804	1
S6010566	41	Port Input	15	497274	1804	1
S6010566	41	Port Input	14	497274	1804	1
S6010566	41	Port Input	15	497274	1804	1
S6010566	41	Port Input	14	497274	1804	1
S6010566	41	Port Input	15	497274	1804	1
S6010566	41	Port Input	14	497274	1804	1
S6010566	41	Port Input	15	497274	1804	1
S6010566	41	Port Input	14	497274	1804	1
S6010566	41	Port Input	15	497274	1805	1
S6010566	41	Port Input	14	497274	1805	1
S6010566	41	Port Input	15	497275	1805	1
S6010566	41	Port Input	14	497275	1805	1
S6010566	41	Port Input	15	497275	1805	1
S6010566	41	Port Input	14	497275	1805	1
S6010566	41	Port Input	15	497275	1806	1
S6010566	41	Port Input	14	497276	1806	1
S6010566	41	Port Input	15	497276	1806	1
S6010566	41	Port Input	14	506995	11526	1
S6010566	41	Response	22	506995	11526	1
S6010566	41	Port Input	15	506995	11526	1
S6010566	41	Port Input	14	506996	11526	1
S6010566	41	Port Input	15	506996	11526	1
S6010566	41	Port Input	14	506997	11527	5
S6010566	42	Picture	20	507067	0	1	10139	1	0	next	hit	702
S6010566	42	Port Input	15	508393	1326	1
S6010566	42	Port Input	14	508393	1326	1
S6010566	42	Port Input	15	508394	1327	1
S6010566	42	Port Input	14	508394	1327	1
S6010566	42	Port Input	15	508394	1328	1
S6010566	42	Port Input	14	508394	1328	1
S6010566	42	Port Input	15	508395	1329	1
S6010566	42	Port Input	14	508395	1329	1
S6010566	42	Port Input	15	508396	1329	1
S6010566	42	Port Input	14	517161	10094	1
S6010566	42	Response	22	517161	10094	1
S6010566	43	Picture	20	517205	0	1	10416	1	0	next	hit	716
S6010566	43	Port Input	15	518425	1220	1
S6010566	43	Port Input	14	518425	1220	1
S6010566	43	Port Input	15	518426	1221	1
S6010566	43	Port Input	14	518426	1221	1
S6010566	43	Port Input	15	518427	1221	1
S6010566	43	Port Input	14	518427	1221	1
S6010566	43	Port Input	15	518427	1222	1
S6010566	43	Port Input	14	518427	1222	1
S6010566	43	Port Input	15	518428	1223	1
S6010566	43	Port Input	14	518428	1223	1
S6010566	43	Port Input	15	518428	1223	1
S6010566	43	Port Input	14	527608	10403	1
S6010566	43	Response	22	527608	10403	1
S6010566	44	Picture	20	527622	0	1	11250	1	0	next	hit	734
S6010566	44	Port Input	15	529399	1778	1
S6010566	44	Port Input	14	529399	1778	1
S6010566	44	Port Input	15	529400	1778	1
S6010566	44	Port Input	14	529400	1778	1
S6010566	44	Port Input	15	529400	1779	1
S6010566	44	Port Input	14	529400	1779	1
S6010566	44	Port Input	15	529401	1779	1
S6010566	44	Port Input	14	529401	1780	1
S6010566	44	Port Input	15	529401	1780	1
S6010566	44	Port Input	14	529401	1780	1
S6010566	44	Port Input	15	529402	1780	1
S6010566	44	Port Input	14	529402	1780	1
S6010566	44	Port Input	15	529402	1780	1
S6010566	44	Port Input	14	529403	1781	1
S6010566	44	Port Input	15	529403	1781	1
S6010566	44	Port Input	14	538837	11216	1
S6010566	44	Response	22	538837	11216	1
S6010566	45	Picture	20	538871	0	1	11597	1	0	next	hit	738
S6010566	45	Port Input	15	541333	2462	1
S6010566	45	Port Input	14	550451	11579	1
S6010566	45	Response	22	550451	11579	1
S6010566	46	Picture	20	550468	0	1	13402	1	0	next	hit	746
S6010566	46	Port Input	15	551059	591	1
S6010566	46	Port Input	14	551059	591	1
S6010566	46	Port Input	15	552652	2184	1
S6010566	46	Port Input	14	552652	2184	1
S6010566	46	Port Input	15	552653	2184	1
S6010566	46	Port Input	14	563818	13350	1
S6010566	46	Response	22	563818	13350	1
S6010566	47	Picture	20	563870	0	1	11180	1	0	next	hit	750
S6010566	47	Port Input	15	565445	1575	1
S6010566	47	Port Input	14	574998	11128	1
S6010566	47	Response	22	574998	11128	1
S6010566	48	Picture	20	575051	0	1	11944	1	0	next	hit	764
S6010566	48	Port Input	15	576881	1831	1
S6010566	48	Port Input	14	576881	1831	1
S6010566	48	Port Input	15	576881	1831	1
S6010566	48	Port Input	14	576881	1831	1
S6010566	48	Port Input	15	576882	1831	1
S6010566	48	Port Input	14	576882	1831	1
S6010566	48	Port Input	15	576882	1831	1
S6010566	48	Port Input	14	576882	1831	1
S6010566	48	Port Input	15	576882	1832	1
S6010566	48	Port Input	14	576883	1832	1
S6010566	48	Port Input	15	576883	1833	1
S6010566	48	Port Input	14	586948	11897	1
S6010566	48	Response	22	586948	11897	1
S6010566	48	Port Input	15	586948	11897	1
S6010566	48	Port Input	14	586948	11897	1
S6010566	49	Picture	20	586995	0	1	11111	1	0	next	hit	770
S6010566	49	Port Input	15	588783	1788	1
S6010566	49	Port Input	14	598097	11102	1
S6010566	49	Response	22	598097	11102	1
S6010566	50	Picture	20	598105	0	1	10902	1	0	next	hit	776
S6010566	50	Port Input	15	599704	1599	1
S6010566	50	Port Input	14	599704	1599	1
S6010566	50	Port Input	15	599704	1599	1
S6010566	50	Port Input	14	608935	10829	1
S6010566	50	Response	22	608935	10829	1
S6010566	51	Picture	20	609008	0	1	10347	1	0	next	hit	784
S6010566	51	Port Input	15	610681	1674	1
S6010566	51	Port Input	14	610682	1674	1
S6010566	51	Port Input	15	610682	1675	1
S6010566	51	Port Input	14	610682	1675	1
S6010566	51	Port Input	15	610683	1675	1
S6010566	51	Port Input	14	619309	10301	1
S6010566	51	Response	22	619309	10301	1
S6010566	52	Picture	20	619355	0	1	11041	1	0	next	hit	798
S6010566	52	Port Input	15	621044	1689	1
S6010566	52	Port Input	14	621044	1689	1
S6010566	52	Port Input	15	621044	1689	1
S6010566	52	Port Input	14	621044	1689	1
S6010566	52	Port Input	15	621044	1690	1
S6010566	52	Port Input	14	621044	1690	1
S6010566	52	Port Input	15	621045	1690	1
S6010566	52	Port Input	14	621046	1691	1
S6010566	52	Port Input	15	621046	1691	1
S6010566	52	Port Input	14	621051	1696	1
S6010566	52	Port Input	15	621052	1697	1
S6010566	52	Port Input	14	630384	11030	1
S6010566	52	Response	22	630384	11030	1
S6010566	53	Picture	20	630396	0	1	9861	1	0	next	hit	812
S6010566	53	Port Input	15	632280	1884	1
S6010566	53	Port Input	14	632280	1884	1
S6010566	53	Port Input	15	632281	1885	1
S6010566	53	Port Input	14	632281	1885	1
S6010566	53	Port Input	15	632281	1885	1
S6010566	53	Port Input	14	632281	1885	1
S6010566	53	Port Input	15	632281	1885	1
S6010566	53	Port Input	14	632281	1885	1
S6010566	53	Port Input	15	632281	1885	1
S6010566	53	Port Input	14	632281	1885	1
S6010566	53	Port Input	15	632281	1885	1
S6010566	53	Port Input	14	640189	9793	1
S6010566	53	Response	22	640189	9793	1
S6010566	54	Picture	20	640257	0	1	10000	1	0	next	hit	818
S6010566	54	Port Input	15	642086	1829	1
S6010566	54	Port Input	14	642086	1829	1
S6010566	54	Port Input	15	642086	1829	1
S6010566	54	Port Input	14	650236	9979	1
S6010566	54	Response	22	650236	9979	1
S6010566	55	Picture	20	650257	0	1	10764	1	0	next	hit	822
S6010566	55	Port Input	15	652213	1956	1
S6010566	55	Port Input	14	661010	10753	1
S6010566	55	Response	22	661010	10753	1
S6010566	56	Picture	20	661020	0	1	11458	1	0	next	hit	826
S6010566	56	Port Input	15	662733	1713	1
S6010566	56	Port Input	14	672452	11432	1
S6010566	56	Response	22	672452	11432	1
S6010566	56	Port Input	15	672458	11438	1
S6010566	56	Port Input	14	672458	11438	1
S6010566	56	Port Input	15	672463	11443	1
S6010566	56	Port Input	14	672463	11443	1
S6010566	57	Picture	20	672478	0	1	11389	1	0	next	hit	834
S6010566	57	Port Input	15	674245	1767	1
S6010566	57	Port Input	14	683813	11335	1
S6010566	57	Response	22	683813	11335	1
S6010566	57	Port Input	15	683831	11353	1
S6010566	57	Port Input	14	683831	11353	1
S6010566	57	Port Input	15	683835	11357	1
S6010566	57	Port Input	14	683835	11357	1
S6010566	57	Port Input	15	683859	11381	1
S6010566	57	Port Input	14	683859	11381	1
S6010566	57	Port Input	15	683859	11381	1
S6010566	57	Port Input	14	683859	11381	1
S6010566	57	Port Input	15	683861	11383	1
S6010566	57	Port Input	14	683861	11383	1
S6010566	57	Port Input	15	683862	11384	1
S6010566	57	Port Input	14	683862	11384	1
S6010566	57	Port Input	15	683864	11386	1
S6010566	57	Port Input	14	683864	11386	1
S6010566	57	Port Input	15	683867	11388	1
S6010566	58	Picture	20	683867	0	1	11527	1	0	next	hit	900
S6010566	58	Port Input	14	683867	0	1
S6010566	58	Port Input	15	683867	1	1
S6010566	58	Port Input	14	683867	1	1
S6010566	58	Port Input	15	683871	5	1
S6010566	58	Port Input	14	683871	5	1
S6010566	58	Port Input	15	683872	5	1
S6010566	58	Port Input	14	683872	6	1
S6010566	58	Port Input	15	683873	6	1
S6010566	58	Port Input	14	683873	6	1
S6010566	58	Port Input	15	683873	7	1
S6010566	58	Port Input	14	683873	7	1
S6010566	58	Port Input	15	683874	7	1
S6010566	58	Port Input	14	683874	7	1
S6010566	58	Port Input	15	683874	7	1
S6010566	58	Port Input	14	683874	7	1
S6010566	58	Port Input	15	683874	8	1
S6010566	58	Port Input	14	683874	8	1
S6010566	58	Port Input	15	683875	8	1
S6010566	58	Port Input	14	683875	8	1
S6010566	58	Port Input	15	683875	8	1
S6010566	58	Port Input	14	683875	9	1
S6010566	58	Port Input	15	683875	9	1
S6010566	58	Port Input	14	683875	9	1
S6010566	58	Port Input	15	683877	11	1
S6010566	58	Port Input	14	683877	11	1
S6010566	58	Port Input	15	683878	11	1
S6010566	58	Port Input	14	683878	11	1
S6010566	58	Port Input	15	683878	12	1
S6010566	58	Port Input	14	683878	12	1
S6010566	58	Port Input	15	683879	12	1
S6010566	58	Port Input	14	683879	13	1
S6010566	58	Port Input	15	683880	13	1
S6010566	58	Port Input	14	683880	13	1
S6010566	58	Port Input	15	683880	14	1
S6010566	58	Port Input	14	683880	14	1
S6010566	58	Port Input	15	683881	15	1
S6010566	58	Port Input	14	683881	15	1
S6010566	58	Port Input	15	683885	18	1
S6010566	58	Port Input	14	683885	18	1
S6010566	58	Port Input	15	683892	26	1
S6010566	58	Port Input	14	683892	26	1
S6010566	58	Port Input	15	683893	26	1
S6010566	58	Port Input	14	683893	26	1
S6010566	58	Port Input	15	685404	1538	1
S6010566	58	Port Input	14	685404	1538	1
S6010566	58	Port Input	15	685404	1538	1
S6010566	58	Port Input	14	685404	1538	1
S6010566	58	Port Input	15	685405	1538	1
S6010566	58	Port Input	14	695380	11514	1
S6010566	58	Response	22	695380	11514	1
S6010566	58	Port Input	15	695380	11514	1
S6010566	58	Port Input	14	695381	11514	1
S6010566	59	Picture	20	695394	0	1	10694	1	0	next	hit	906
S6010566	59	Port Input	15	697228	1834	1
S6010566	59	Port Input	14	706019	10625	1
S6010566	59	Response	22	706019	10625	1
S6010566	60	Picture	20	706088	0	1	11250	1	0	next	hit	912
S6010566	60	Port Input	15	707975	1887	1
S6010566	60	Port Input	14	707975	1887	1
S6010566	60	Port Input	15	707976	1888	1
S6010566	60	Port Input	14	717275	11187	1
S6010566	60	Response	22	717275	11187	1
S6010566	60	Port Input	15	717275	11187	1
S6010566	60	Port Input	14	717276	11188	7
S6010566	61	Picture	20	717338	0	1	10972	1	0	next	hit	920
S6010566	61	Port Input	15	718928	1591	1
S6010566	61	Port Input	14	718928	1591	1
S6010566	61	Port Input	15	718929	1591	1
S6010566	61	Port Input	14	728281	10943	1
S6010566	61	Response	22	728281	10943	1
S6010566	62	Picture	20	728310	0	1	11111	1	0	next	hit	934
S6010566	62	Port Input	15	729984	1674	1
S6010566	62	Port Input	14	729984	1674	1
S6010566	62	Port Input	15	729984	1674	1
S6010566	62	Port Input	14	729984	1674	1
S6010566	62	Port Input	15	729984	1675	1
S6010566	62	Port Input	14	729984	1675	1
S6010566	62	Port Input	15	729984	1675	1
S6010566	62	Port Input	14	729984	1675	1
S6010566	62	Port Input	15	729985	1675	1
S6010566	62	Port Input	14	729985	1675	1
S6010566	62	Port Input	15	729985	1675	1
S6010566	62	Port Input	14	739394	11085	1
S6010566	62	Response	22	739394	11085	1
S6010566	63	Picture	20	739420	0	1	11527	1	0	next	hit	940
S6010566	63	Port Input	15	741430	2009	1
S6010566	63	Port Input	14	741430	2010	1
S6010566	63	Port Input	15	741430	2010	1
S6010566	63	Port Input	14	750916	11495	1
S6010566	63	Response	22	750916	11495	1
S6010566	64	Picture	20	750948	0	1	12014	1	0	next	hit	944
S6010566	64	Port Input	15	752964	2016	1
S6010566	64	Port Input	14	762889	11941	1
S6010566	64	Response	22	762889	11941	1
S6010566	64	Port Input	15	762889	11942	1
S6010566	64	Port Input	14	762893	11945	1
S6010566	64	Port Input	15	762894	11946	1
S6010566	64	Port Input	14	762894	11946	1
S6010566	64	Port Input	15	762894	11946	1
S6010566	64	Port Input	14	762894	11946	1
S6010566	64	Port Input	15	762895	11947	1
S6010566	64	Port Input	14	762895	11947	1
S6010566	64	Port Input	15	762895	11947	1
S6010566	64	Port Input	14	762895	11948	1
S6010566	64	Port Input	15	762895	11948	1
S6010566	64	Port Input	14	762896	11948	1
S6010566	64	Port Input	15	762896	11948	1
S6010566	64	Port Input	14	762896	11948	1
S6010566	64	Port Input	15	762896	11949	1
S6010566	64	Port Input	14	762897	11949	1
S6010566	64	Port Input	15	762897	11949	1
S6010566	64	Port Input	14	762897	11949	1
S6010566	64	Port Input	15	762897	11949	1
S6010566	64	Port Input	14	762897	11949	1
S6010566	64	Port Input	15	762897	11950	1
S6010566	64	Port Input	14	762897	11950	1
S6010566	64	Port Input	15	762898	11950	1
S6010566	64	Port Input	14	762898	11950	1
S6010566	64	Port Input	15	762899	11951	1
S6010566	64	Port Input	14	762899	11951	1
S6010566	65	Picture	20	762961	0	1	11805	1	0	next	hit	974
S6010566	65	Port Input	15	764759	1798	1
S6010566	65	Port Input	14	774747	11786	1
S6010566	65	Response	22	774747	11786	1
S6010566	66	Picture	20	774766	0	1	11250	1	0	next	hit	980
S6010566	66	Port Input	15	776402	1636	1
S6010566	66	Port Input	14	776402	1636	1
S6010566	66	Port Input	15	776403	1636	1
S6010566	66	Port Input	14	785954	11187	1
S6010566	66	Response	22	785954	11187	1
S6010566	67	Picture	20	786016	0	1	11389	1	0	next	hit	986
S6010566	67	Port Input	15	788379	2363	1
S6010566	67	Port Input	14	788379	2363	1
S6010566	67	Port Input	15	788379	2363	1
S6010566	67	Port Input	14	797396	11380	1
S6010566	67	Response	22	797396	11380	1
S6010566	67	Port Input	15	797396	11380	1
S6010566	67	Port Input	14	797396	11380	1
S6010566	67	Port Input	15	797396	11380	1
S6010566	67	Port Input	14	797396	11380	1
S6010566	68	Picture	20	797405	0	1	11180	1	0	next	hit	996
S6010566	68	Port Input	15	800089	2684	1
S6010566	68	Port Input	14	800089	2684	1
S6010566	68	Port Input	15	800089	2685	1
S6010566	68	Port Input	14	808526	11121	1
S6010566	68	Response	22	808526	11121	1
S6010566	68	Port Input	15	808534	11130	1
S6010566	68	Port Input	14	808534	11130	1
S6010566	69	Picture	20	808585	0	1	11389	1	0	next	hit	1004
S6010566	69	Port Input	15	810749	2164	1
S6010566	69	Port Input	14	810749	2164	1
S6010566	69	Port Input	15	810749	2164	1
S6010566	69	Port Input	14	819962	11377	1
S6010566	69	Response	22	819962	11377	1
S6010566	70	Picture	20	819973	0	1	10694	1	0	next	hit	1020
S6010566	70	Port Input	15	822135	2161	1
S6010566	70	Port Input	14	822135	2162	1
S6010566	70	Port Input	15	822135	2162	1
S6010566	70	Port Input	14	822135	2162	1
S6010566	70	Port Input	15	822137	2164	1
S6010566	70	Port Input	14	822137	2164	1
S6010566	70	Port Input	15	822137	2164	1
S6010566	70	Port Input	14	822138	2164	1
S6010566	70	Port Input	15	822138	2165	1
S6010566	70	Port Input	14	822138	2165	1
S6010566	70	Port Input	15	822138	2165	1
S6010566	70	Port Input	14	822138	2165	1
S6010566	70	Port Input	15	822138	2165	1
S6010566	70	Port Input	14	830630	10657	1
S6010566	70	Response	22	830630	10657	1
S6010566	70	Port Input	15	830631	10658	1
S6010566	70	Port Input	14	830631	10658	1
S6010566	70	Port Input	15	830632	10658	5
S6010566	70	Port Input	14	830642	10668	1
S6010566	70	Port Input	15	830642	10669	1
S6010566	70	Port Input	14	830642	10669	1
S6010566	70	Port Input	15	830643	10670	1
S6010566	70	Port Input	14	830644	10671	1
S6010566	70	Port Input	15	830646	10672	1
S6010566	70	Port Input	14	830651	10677	1
S6010566	70	Port Input	15	830651	10678	1
S6010566	70	Port Input	14	830654	10681	1
S6010566	70	Port Input	15	830654	10681	1
S6010566	70	Port Input	14	830655	10682	1
S6010566	70	Port Input	15	830655	10682	1
S6010566	70	Port Input	14	830656	10683	1
S6010566	70	Port Input	15	830657	10683	1
S6010566	70	Port Input	14	830660	10686	1
S6010566	70	Port Input	15	830660	10687	1
S6010566	70	Port Input	14	830660	10687	1
S6010566	70	Port Input	15	830661	10688	1
S6010566	70	Port Input	14	830662	10689	1
S6010566	70	Port Input	15	830663	10689	1
S6010566	70	Port Input	14	830663	10690	1
S6010566	70	Port Input	15	830663	10690	1
S6010566	71	Picture	20	830667	0	1	11944	1	0	next	hit	1054
S6010566	71	Port Input	14	830669	1	1
S6010566	71	Port Input	15	832802	2134	1
S6010566	71	Port Input	14	832802	2134	1
S6010566	71	Port Input	15	832802	2135	1
S6010566	71	Port Input	14	832802	2135	1
S6010566	71	Port Input	15	832802	2135	1
S6010566	71	Port Input	14	842594	11927	1
S6010566	71	Response	22	842594	11927	1
S6010566	71	Port Input	15	842595	11927	1
S6010566	71	Port Input	14	842595	11928	5
S6010566	72	Picture	20	842611	0	1	11875	1	0	next	hit	1066
S6010566	72	Port Input	15	844851	2240	1
S6010566	72	Port Input	14	844851	2240	1
S6010566	72	Port Input	15	844851	2240	1
S6010566	72	Port Input	14	844851	2240	1
S6010566	72	Port Input	15	844851	2240	1
S6010566	72	Port Input	14	844851	2240	1
S6010566	72	Port Input	15	844852	2240	1
S6010566	72	Port Input	14	854416	11805	1
S6010566	72	Response	22	854416	11805	1
S6010566	72	Port Input	15	854417	11805	1
S6010566	72	Port Input	14	854417	11805	1
S6010566	72	Port Input	15	854418	11806	3
S6010566	72	Port Input	14	854420	11809	1
S6010566	73	Picture	20	854486	0	1	12014	1	0	next	hit	1074
S6010566	73	Port Input	15	858210	3724	1
S6010566	73	Port Input	14	866453	11967	1
S6010566	73	Response	22	866453	11967	1
S6010566	74	Picture	20	866500	0	1	10972	1	0	next	hit	1080
S6010566	74	Port Input	15	869254	2754	1
S6010566	74	Port Input	14	869254	2754	1
S6010566	74	Port Input	15	869254	2755	1
S6010566	74	Port Input	14	877443	10943	1
S6010566	74	Response	22	877443	10943	1
S6010566	75	Picture	20	877471	0	1	11944	1	0	next	hit	1086
S6010566	75	Port Input	15	880178	2707	1
S6010566	75	Port Input	14	880180	2709	1
S6010566	75	Port Input	15	880180	2709	1
S6010566	75	Port Input	14	889356	11884	1
S6010566	75	Response	22	889356	11884	1
S6010566	75	Port Input	15	889356	11884	1
S6010566	75	Port Input	14	889356	11885	1
S6010566	76	Picture	20	889415	0	1	11250	1	0	next	hit	1094
S6010566	76	Port Input	15	891958	2543	1
S6010566	76	Port Input	14	891958	2543	1
S6010566	76	Port Input	15	891958	2543	1
S6010566	76	Port Input	14	900634	11218	1
S6010566	76	Response	22	900634	11218	1
S6010566	77	Picture	20	900665	0	1	10486	1	0	next	hit	1100
S6010566	77	Port Input	15	902745	2080	1
S6010566	77	Port Input	14	902745	2080	1
S6010566	77	Port Input	15	902746	2081	1
S6010566	77	Port Input	14	911123	10458	1
S6010566	77	Response	22	911123	10458	1
S6010566	78	Picture	20	911151	0	1	10486	1	0	next	hit	1108
S6010566	78	Port Input	15	913470	2319	1
S6010566	78	Port Input	14	913470	2319	1
S6010566	78	Port Input	15	913471	2320	1
S6010566	78	Port Input	14	913471	2320	1
S6010566	78	Port Input	15	913472	2321	1
S6010566	78	Port Input	14	921598	10447	1
S6010566	78	Response	22	921598	10447	1
S6010566	79	Picture	20	921637	0	1	11389	1	0	next	hit	1128
S6010566	79	Port Input	15	923742	2106	1
S6010566	79	Port Input	14	923742	2106	1
S6010566	79	Port Input	15	923743	2106	1
S6010566	79	Port Input	14	923743	2106	1
S6010566	79	Port Input	15	923743	2107	1
S6010566	79	Port Input	14	923743	2107	1
S6010566	79	Port Input	15	923744	2107	1
S6010566	79	Port Input	14	923744	2107	1
S6010566	79	Port Input	15	923744	2107	1
S6010566	79	Port Input	14	923744	2108	1
S6010566	79	Port Input	15	923745	2108	1
S6010566	79	Port Input	14	923745	2108	1
S6010566	79	Port Input	15	923745	2108	1
S6010566	79	Port Input	14	923745	2108	1
S6010566	79	Port Input	15	923745	2109	1
S6010566	79	Port Input	14	923746	2110	1
S6010566	79	Port Input	15	923747	2110	1
S6010566	79	Port Input	14	932961	11324	1
S6010566	79	Response	22	932961	11324	1
S6010566	80	Picture	20	933025	0	1	11180	1	0	next	hit	1132
S6010566	80	Port Input	15	935406	2381	1
S6010566	80	Port Input	14	944139	11114	1
S6010566	80	Response	22	944139	11114	1
S6010566	81	Picture	20	944205	0	1	11597	1	0	next	hit	1136
S6010566	81	Port Input	15	946707	2502	1
S6010566	81	Port Input	14	955750	11545	1
S6010566	81	Response	22	955750	11545	1
S6010566	82	Picture	20	955802	0	1	11597	1	0	next	hit	1146
S6010566	82	Port Input	15	957754	1952	1
S6010566	82	Port Input	14	957754	1952	1
S6010566	82	Port Input	15	957755	1952	1
S6010566	82	Port Input	14	957755	1952	1
S6010566	82	Port Input	15	957755	1953	1
S6010566	82	Port Input	14	957755	1953	1
S6010566	82	Port Input	15	957755	1953	1
S6010566	82	Port Input	14	967384	11582	1
S6010566	82	Response	22	967384	11582	1
S6010566	83	Picture	20	967399	0	1	11875	1	0	next	hit	1150
S6010566	83	Port Input	15	969508	2109	1
S6010566	83	Port Input	14	979201	11801	1
S6010566	83	Response	22	979201	11801	1
S6010566	83	Port Input	15	979201	11802	1
S6010566	83	Port Input	14	979207	11808	1
S6010566	83	Port Input	15	979207	11808	1
S6010566	83	Port Input	14	979207	11808	1
S6010566	83	Port Input	15	979208	11809	1
S6010566	83	Port Input	14	979208	11809	1
S6010566	83	Port Input	15	979208	11809	1
S6010566	83	Port Input	14	979208	11809	1
S6010566	83	Port Input	15	979208	11809	1
S6010566	83	Port Input	14	979209	11809	1
S6010566	83	Port Input	15	979209	11810	1
S6010566	83	Port Input	14	979209	11810	1
S6010566	83	Port Input	15	979209	11810	1
S6010566	83	Port Input	14	979209	11810	1
S6010566	83	Port Input	15	979210	11810	1
S6010566	83	Port Input	14	979210	11811	1
S6010566	83	Port Input	15	979210	11811	1
S6010566	83	Port Input	14	979210	11811	1
S6010566	83	Port Input	15	979210	11811	1
S6010566	83	Port Input	14	979211	11811	1
S6010566	83	Port Input	15	979211	11812	1
S6010566	83	Port Input	14	979211	11812	1
S6010566	83	Port Input	15	979211	11812	1
S6010566	83	Port Input	14	979211	11812	1
S6010566	83	Port Input	15	979212	11813	1
S6010566	83	Port Input	14	979212	11813	1
S6010566	83	Port Input	15	979212	11813	1
S6010566	83	Port Input	14	979212	11813	1
S6010566	83	Port Input	15	979213	11814	1
S6010566	83	Port Input	14	979213	11814	1
S6010566	84	Picture	20	979274	0	1	10625	1	0	next	hit	1188
S6010566	84	Port Input	15	981423	2149	1
S6010566	84	Port Input	14	981423	2149	1
S6010566	84	Port Input	15	981423	2150	1
S6010566	84	Port Input	14	981424	2150	1
S6010566	84	Port Input	15	981424	2150	1
S6010566	84	Port Input	14	989884	10610	1
S6010566	84	Response	22	989884	10610	1
S6010566	85	Picture	20	989898	0	1	10139	1	0	next	hit	1192
S6010566	85	Port Input	15	991907	2009	1
S6010566	85	Port Input	14	1000014	10116	1
S6010566	85	Response	22	1000014	10116	1
S6010566	85	Port Input	15	1000015	10116	1
S6010566	85	Port Input	14	1000015	10116	1
S6010566	86	Picture	20	1000037	0	1	10833	1	0	next	hit	1228
S6010566	86	Port Input	15	1002206	2169	1
S6010566	86	Port Input	14	1002206	2169	1
S6010566	86	Port Input	15	1002207	2170	1
S6010566	86	Port Input	14	1002207	2170	1
S6010566	86	Port Input	15	1002207	2170	1
S6010566	86	Port Input	14	1002207	2170	1
S6010566	86	Port Input	15	1002207	2170	1
S6010566	86	Port Input	14	1002207	2170	1
S6010566	86	Port Input	15	1002208	2171	1
S6010566	86	Port Input	14	1002208	2171	1
S6010566	86	Port Input	15	1002208	2171	1
S6010566	86	Port Input	14	1002208	2171	1
S6010566	86	Port Input	15	1002208	2171	1
S6010566	86	Port Input	14	1002208	2171	1
S6010566	86	Port Input	15	1002208	2171	1
S6010566	86	Port Input	14	1002208	2171	1
S6010566	86	Port Input	15	1002208	2171	1
S6010566	86	Port Input	14	1002208	2172	1
S6010566	86	Port Input	15	1002209	2172	1
S6010566	86	Port Input	14	1002209	2172	1
S6010566	86	Port Input	15	1002210	2173	1
S6010566	86	Port Input	14	1002210	2173	1
S6010566	86	Port Input	15	1002210	2173	1
S6010566	86	Port Input	14	1002210	2173	1
S6010566	86	Port Input	15	1002210	2173	1
S6010566	86	Port Input	14	1002210	2174	1
S6010566	86	Port Input	15	1002211	2174	1
S6010566	86	Port Input	14	1002211	2174	1
S6010566	86	Port Input	15	1002211	2174	1
S6010566	86	Port Input	14	1002227	2190	1
S6010566	86	Port Input	15	1002228	2191	1
S6010566	86	Port Input	14	1010816	10779	1
S6010566	86	Response	22	1010816	10779	1
S6010566	86	Port Input	15	1010816	10779	1
S6010566	86	Port Input	14	1010824	10787	1
S6010566	87	Picture	20	1010870	0	1	11180	1	0	next	hit	1236
S6010566	87	Port Input	15	1013162	2292	1
S6010566	87	Port Input	14	1013162	2292	1
S6010566	87	Port Input	15	1013163	2293	1
S6010566	87	Port Input	14	1021999	11129	1
S6010566	87	Response	22	1021999	11129	1
S6010566	87	Port Input	15	1021999	11129	1
S6010566	87	Port Input	14	1022009	11139	1
S6010566	87	Port Input	15	1022010	11140	1
S6010566	87	Port Input	14	1022011	11141	1
S6010566	87	Port Input	15	1022011	11141	1
S6010566	87	Port Input	14	1022018	11148	1
S6010566	87	Port Input	15	1022018	11148	1
S6010566	87	Port Input	14	1022019	11149	1
S6010566	87	Port Input	15	1022019	11149	1
S6010566	87	Port Input	14	1022019	11149	1
S6010566	87	Port Input	15	1022019	11149	1
S6010566	87	Port Input	14	1022020	11150	1
S6010566	87	Port Input	15	1022020	11151	1
S6010566	87	Port Input	14	1022021	11151	1
S6010566	87	Port Input	15	1022021	11151	1
S6010566	87	Port Input	14	1022021	11151	1
S6010566	87	Port Input	15	1022021	11151	1
S6010566	87	Port Input	14	1022021	11151	1
S6010566	87	Port Input	15	1022022	11152	1
S6010566	87	Port Input	14	1022022	11152	1
S6010566	87	Port Input	15	1022023	11153	1
S6010566	87	Port Input	14	1022023	11153	1
S6010566	87	Port Input	15	1022025	11155	1
S6010566	87	Port Input	14	1022025	11155	1
S6010566	87	Port Input	15	1022025	11156	1
S6010566	87	Port Input	14	1022026	11156	1
S6010566	87	Port Input	15	1022026	11156	1
S6010566	87	Port Input	14	1022026	11156	1
S6010566	87	Port Input	15	1022026	11157	1
S6010566	87	Port Input	14	1022027	11157	1
S6010566	87	Port Input	15	1022027	11157	1
S6010566	87	Port Input	14	1022027	11157	1
S6010566	88	Picture	20	1022050	0	1	9305	1	0	next	hit	1272
S6010566	88	Port Input	15	1024189	2139	1
S6010566	88	Port Input	14	1031310	9260	1
S6010566	88	Response	22	1031310	9260	1
S6010566	89	Picture	20	1031355	0	1	11875	1	0	next	hit	1290
S6010566	89	Port Input	15	1033430	2075	1
S6010566	89	Port Input	14	1033430	2075	1
S6010566	89	Port Input	15	1033430	2075	1
S6010566	89	Port Input	14	1033431	2075	1
S6010566	89	Port Input	15	1033431	2075	1
S6010566	89	Port Input	14	1033431	2075	1
S6010566	89	Port Input	15	1033432	2076	1
S6010566	89	Port Input	14	1033432	2076	1
S6010566	89	Port Input	15	1033432	2077	1
S6010566	89	Port Input	14	1033432	2077	1
S6010566	89	Port Input	15	1033432	2077	1
S6010566	89	Port Input	14	1033433	2077	1
S6010566	89	Port Input	15	1033433	2078	1
S6010566	89	Port Input	14	1033433	2078	1
S6010566	89	Port Input	15	1033433	2078	1
S6010566	89	Port Input	14	1043176	11820	1
S6010566	89	Response	22	1043176	11820	1
S6010566	90	Picture	20	1043230	0	1	12500	1	0	next	hit	1328
S6010566	90	Port Input	15	1045066	1836	1
S6010566	90	Port Input	14	1045066	1836	1
S6010566	90	Port Input	15	1045067	1837	1
S6010566	90	Port Input	14	1048412	5182	1
S6010566	90	Port Input	15	1050570	7340	1
S6010566	90	Port Input	14	1050570	7340	1
S6010566	90	Port Input	15	1050572	7342	1
S6010566	90	Port Input	14	1050573	7343	1
S6010566	90	Port Input	15	1050573	7343	1
S6010566	90	Port Input	14	1050574	7344	1
S6010566	90	Port Input	15	1050574	7344	1
S6010566	90	Port Input	14	1050574	7344	1
S6010566	90	Port Input	15	1050574	7344	1
S6010566	90	Port Input	14	1050574	7344	1
S6010566	90	Port Input	15	1050574	7344	1
S6010566	90	Port Input	14	1050574	7344	1
S6010566	90	Port Input	15	1050574	7344	1
S6010566	90	Port Input	14	1050574	7344	1
S6010566	90	Port Input	15	1050575	7345	1
S6010566	90	Port Input	14	1050575	7345	1
S6010566	90	Port Input	15	1050575	7345	1
S6010566	90	Port Input	14	1050575	7345	1
S6010566	90	Port Input	15	1050575	7345	1
S6010566	90	Port Input	14	1050576	7346	1
S6010566	90	Port Input	15	1050576	7346	1
S6010566	90	Port Input	14	1050576	7346	1
S6010566	90	Port Input	15	1050576	7346	1
S6010566	90	Port Input	14	1050576	7346	1
S6010566	90	Port Input	15	1050576	7346	1
S6010566	90	Port Input	14	1050576	7346	1
S6010566	90	Port Input	15	1050576	7346	1
S6010566	90	Port Input	14	1050576	7346	1
S6010566	90	Port Input	15	1050577	7347	1
S6010566	90	Port Input	14	1050577	7347	1
S6010566	90	Port Input	15	1050577	7347	1
S6010566	90	Port Input	14	1055706	12476	1
S6010566	90	Response	22	1055706	12476	1
S6010566	90	Port Input	15	1055706	12476	1
S6010566	90	Port Input	14	1055711	12481	1
S6010566	90	Port Input	15	1055714	12484	1
S6010566	90	Port Input	14	1055715	12485	1
S6010566	90	Port Input	15	1055715	12485	1
S6010566	90	Port Input	14	1055715	12485	1
S6010566	91	Picture	20	1055730	0	1	19583	1	0	next	hit	1374
S6010566	91	Port Input	15	1057735	2006	1
S6010566	91	Port Input	14	1057735	2006	1
S6010566	91	Port Input	15	1057736	2007	1
S6010566	91	Port Input	14	1057736	2007	1
S6010566	91	Port Input	15	1057737	2007	1
S6010566	91	Port Input	14	1057737	2007	1
S6010566	91	Port Input	15	1057737	2007	1
S6010566	91	Port Input	14	1061878	6148	1
S6010566	91	Port Input	15	1061881	6151	1
S6010566	91	Port Input	14	1061881	6151	1
S6010566	91	Port Input	15	1061881	6151	1
S6010566	91	Port Input	14	1061881	6151	1
S6010566	91	Port Input	15	1061881	6151	1
S6010566	91	Port Input	14	1061881	6152	1
S6010566	91	Port Input	15	1061881	6152	1
S6010566	91	Port Input	14	1061881	6152	1
S6010566	91	Port Input	15	1061881	6152	1
S6010566	91	Port Input	14	1061881	6152	1
S6010566	91	Port Input	15	1061882	6152	1
S6010566	91	Port Input	14	1061882	6152	1
S6010566	91	Port Input	15	1061882	6152	1
S6010566	91	Port Input	14	1061886	6156	1
S6010566	91	Port Input	15	1061887	6158	1
S6010566	91	Port Input	14	1061887	6158	1
S6010566	91	Port Input	15	1061888	6158	1
S6010566	91	Port Input	14	1061888	6158	1
S6010566	91	Port Input	15	1061888	6158	1
S6010566	91	Port Input	14	1061888	6158	1
S6010566	91	Port Input	15	1061889	6159	1
S6010566	91	Port Input	14	1061889	6159	1
S6010566	91	Port Input	15	1064330	8601	1
S6010566	91	Port Input	14	1064330	8601	1
S6010566	91	Port Input	15	1064331	8601	1
S6010566	91	Port Input	14	1064331	8601	1
S6010566	91	Port Input	15	1064331	8602	1
S6010566	91	Port Input	14	1064331	8602	1
S6010566	91	Port Input	15	1064333	8603	1
S6010566	91	Port Input	14	1075296	19566	1
S6010566	91	Response	22	1075296	19566	1
S6010566	92	Picture	20	1075312	0	1	15138	1	0	next	hit	1384
S6010566	92	Port Input	15	1077160	1847	1
S6010566	92	Port Input	14	1077160	1847	1
S6010566	92	Port Input	15	1077160	1847	1
S6010566	92	Port Input	14	1077160	1847	1
S6010566	92	Port Input	15	1077160	1848	1
S6010566	92	Port Input	14	1077161	1849	1
S6010566	92	Port Input	15	1077162	1849	1
S6010566	92	Port Input	14	1090393	15081	1
S6010566	92	Response	22	1090393	15081	1
S6010566	93	Picture	20	1090451	0	1	11111	1	0	next	hit	1388
S6010566	93	Port Input	15	1091485	1035	1
S6010566	93	Port Input	14	1101517	11066	1
S6010566	93	Response	22	1101517	11066	1
S6010566	94	Picture	20	1101561	0	1	11805	1	0	next	hit	1392
S6010566	94	Port Input	15	1103655	2093	1
S6010566	94	Port Input	14	1113337	11775	1
S6010566	94	Response	22	1113337	11775	1
S6010566	94	Port Input	15	1113342	11780	1
S6010566	94	Port Input	14	1113342	11780	1
S6010566	94	Port Input	15	1113344	11782	1
S6010566	94	Port Input	14	1113344	11782	1
S6010566	94	Port Input	15	1113344	11782	1
S6010566	94	Port Input	14	1113344	11783	1
S6010566	94	Port Input	15	1113344	11783	1
S6010566	94	Port Input	14	1113345	11783	1
S6010566	94	Port Input	15	1113345	11783	1
S6010566	94	Port Input	14	1113345	11783	1
S6010566	94	Port Input	15	1113345	11784	1
S6010566	94	Port Input	14	1113345	11784	1
S6010566	94	Port Input	15	1113346	11784	1
S6010566	94	Port Input	14	1113346	11785	1
S6010566	94	Port Input	15	1113347	11785	1
S6010566	94	Port Input	14	1113347	11785	1
S6010566	94	Port Input	15	1113348	11787	1
S6010566	94	Port Input	14	1113349	11787	1
S6010566	94	Port Input	15	1113350	11788	1
S6010566	94	Port Input	14	1113350	11788	1
S6010566	94	Port Input	15	1113350	11789	1
S6010566	94	Port Input	14	1113350	11789	1
S6010566	94	Port Input	15	1113352	11790	1
S6010566	94	Port Input	14	1113352	11791	1
S6010566	94	Port Input	15	1113353	11791	1
S6010566	94	Port Input	14	1113353	11791	1
S6010566	94	Port Input	15	1113356	11795	1
S6010566	94	Port Input	14	1113356	11795	1
S6010566	94	Port Input	15	1113357	11795	1
S6010566	94	Port Input	14	1113357	11796	1
S6010566	94	Port Input	15	1113357	11796	1
S6010566	94	Port Input	14	1113357	11796	1
S6010566	94	Port Input	15	1113358	11797	1
S6010566	94	Port Input	14	1113359	11797	1
S6010566	95	Picture	20	1113367	0	1	12430	1	0	next	hit	1434
S6010566	95	Port Input	15	1116013	2646	1
S6010566	95	Port Input	14	1116013	2646	1
S6010566	95	Port Input	15	1116013	2647	1
S6010566	95	Port Input	14	1116013	2647	1
S6010566	95	Port Input	15	1116014	2647	1
S6010566	95	Port Input	14	1125781	12415	1
S6010566	95	Response	22	1125781	12415	1
S6010566	96	Picture	20	1125797	0	1	11805	1	0	next	hit	1442
S6010566	96	Port Input	15	1128167	2370	1
S6010566	96	Port Input	14	1128167	2370	1
S6010566	96	Port Input	15	1128167	2370	1
S6010566	96	Port Input	14	1128167	2370	1
S6010566	96	Port Input	15	1128167	2371	1
S6010566	96	Port Input	14	1137553	11756	1
S6010566	96	Response	22	1137553	11756	1
S6010566	97	Picture	20	1137602	0	1	13541	1	0	next	hit	1450
S6010566	97	Port Input	15	1139559	1957	1
S6010566	97	Port Input	14	1139559	1957	1
S6010566	97	Port Input	15	1139559	1958	1
S6010566	97	Port Input	14	1139562	1960	1
S6010566	97	Port Input	15	1139562	1960	1
S6010566	97	Port Input	14	1151089	13487	1
S6010566	97	Response	22	1151089	13487	1
S6010566	97	Port Input	15	1151089	13487	1
S6010566	97	Port Input	14	1151089	13487	1
S6010566	97	Port Input	15	1151090	13488	5
S6010566	97	Port Input	14	1151100	13498	1
S6010566	97	Port Input	15	1151103	13501	1
S6010566	97	Port Input	14	1151103	13501	1
S6010566	97	Port Input	15	1151104	13502	1
S6010566	97	Port Input	14	1151105	13503	1
S6010566	97	Port Input	15	1151105	13503	1
S6010566	97	Port Input	14	1151105	13503	1
S6010566	97	Port Input	15	1151105	13503	1
S6010566	97	Port Input	14	1151106	13504	1
S6010566	97	Port Input	15	1151107	13505	1
S6010566	97	Port Input	14	1151108	13506	1
S6010566	97	Port Input	15	1151108	13506	1
S6010566	97	Port Input	14	1151108	13506	1
S6010566	97	Port Input	15	1151110	13508	1
S6010566	97	Port Input	14	1151111	13509	1
S6010566	97	Port Input	15	1151111	13510	1
S6010566	97	Port Input	14	1151119	13517	1
S6010566	97	Port Input	15	1151120	13518	1
S6010566	97	Port Input	14	1151120	13518	1
S6010566	97	Port Input	15	1151122	13520	1
S6010566	97	Port Input	14	1151122	13520	1
S6010566	97	Port Input	15	1151124	13522	1
S6010566	97	Port Input	14	1151124	13522	1
S6010566	97	Port Input	15	1151125	13523	1
S6010566	97	Port Input	14	1151125	13523	1
S6010566	97	Port Input	15	1151125	13523	1
S6010566	97	Port Input	14	1151126	13524	1
S6010566	97	Port Input	15	1151126	13524	1
S6010566	97	Port Input	14	1151126	13524	1
S6010566	97	Port Input	15	1151127	13525	1
S6010566	97	Port Input	14	1151127	13525	1
S6010566	97	Port Input	15	1151127	13526	1
S6010566	97	Port Input	14	1151128	13526	1
S6010566	97	Port Input	15	1151128	13526	1
S6010566	97	Port Input	14	1151128	13526	1
S6010566	97	Port Input	15	1151128	13526	1
S6010566	97	Port Input	14	1151128	13526	1
S6010566	97	Port Input	15	1151129	13527	1
S6010566	97	Port Input	14	1151129	13527	1
S6010566	97	Port Input	15	1151129	13527	1
S6010566	97	Port Input	14	1151129	13527	1
S6010566	97	Port Input	15	1151130	13528	1
S6010566	97	Port Input	14	1151130	13528	1
S6010566	98	Picture	20	1151143	0	1	11250	1	0	next	hit	1524
S6010566	98	Port Input	15	1153143	2000	1
S6010566	98	Port Input	14	1153144	2000	1
S6010566	98	Port Input	15	1153144	2001	1
S6010566	98	Port Input	14	1153144	2001	1
S6010566	98	Port Input	15	1153145	2001	1
S6010566	98	Port Input	14	1153145	2002	1
S6010566	98	Port Input	15	1153145	2002	1
S6010566	98	Port Input	14	1153145	2002	1
S6010566	98	Port Input	15	1153145	2002	1
S6010566	98	Port Input	14	1153147	2004	1
S6010566	98	Port Input	15	1153147	2004	1
S6010566	98	Port Input	14	1153147	2004	1
S6010566	98	Port Input	15	1153147	2004	1
S6010566	98	Port Input	14	1153149	2006	1
S6010566	98	Port Input	15	1153149	2006	1
S6010566	98	Port Input	14	1153149	2006	1
S6010566	98	Port Input	15	1153150	2006	1
S6010566	98	Port Input	14	1153150	2007	1
S6010566	98	Port Input	15	1153150	2007	1
S6010566	98	Port Input	14	1153151	2008	1
S6010566	98	Port Input	15	1153151	2008	1
S6010566	98	Port Input	14	1153158	2014	1
S6010566	98	Port Input	15	1153158	2015	1
S6010566	98	Port Input	14	1153158	2015	1
S6010566	98	Port Input	15	1153158	2015	1
S6010566	98	Port Input	14	1162332	11189	1
S6010566	98	Response	22	1162332	11189	1
S6010566	98	Port Input	15	1162332	11189	1
S6010566	98	Port Input	14	1162332	11189	1
S6010566	99	Picture	20	1162393	0	1	11875	1	0	next	hit	1536
S6010566	99	Port Input	15	1164328	1935	1
S6010566	99	Port Input	14	1164328	1935	1
S6010566	99	Port Input	15	1164328	1936	1
S6010566	99	Port Input	14	1164328	1936	1
S6010566	99	Port Input	15	1164329	1936	1
S6010566	99	Port Input	14	1164329	1936	1
S6010566	99	Port Input	15	1164329	1937	1
S6010566	99	Port Input	14	1174251	11858	1
S6010566	99	Response	22	1174251	11858	1
S6010566	100	Picture	20	1174267	0	1	12222	1	0	next	hit	1562
S6010566	100	Port Input	15	1176390	2122	1
S6010566	100	Port Input	14	1176390	2122	1
S6010566	100	Port Input	15	1176390	2122	1
S6010566	100	Port Input	14	1176390	2122	1
S6010566	100	Port Input	15	1176391	2123	1
S6010566	100	Port Input	14	1176391	2123	1
S6010566	100	Port Input	15	1176391	2124	1
S6010566	100	Port Input	14	1176391	2124	1
S6010566	100	Port Input	15	1176391	2124	1
S6010566	100	Port Input	14	1176391	2124	1
S6010566	100	Port Input	15	1176391	2124	1
S6010566	100	Port Input	14	1176391	2124	1
S6010566	100	Port Input	15	1176392	2124	1
S6010566	100	Port Input	14	1176392	2124	1
S6010566	100	Port Input	15	1176392	2124	1
S6010566	100	Port Input	14	1176392	2124	1
S6010566	100	Port Input	15	1176392	2125	1
S6010566	100	Port Input	14	1176392	2125	1
S6010566	100	Port Input	15	1176392	2125	1
S6010566	100	Port Input	14	1176392	2125	1
S6010566	100	Port Input	15	1176392	2125	1
S6010566	100	Port Input	14	1176392	2125	1
S6010566	100	Port Input	15	1176392	2125	1
S6010566	100	Port Input	14	1186479	12212	1
S6010566	100	Response	22	1186479	12212	1
S6010566	101	Picture	20	1186489	0	1	12014	1	0	next	hit	1566
S6010566	101	Port Input	15	1189287	2798	1
S6010566	101	Port Input	14	1198461	11972	1
S6010566	101	Response	22	1198461	11972	1
S6010566	101	Port Input	15	1198462	11973	1
S6010566	101	Port Input	14	1198463	11973	4
S6010566	101	Port Input	15	1198468	11979	1
S6010566	101	Port Input	14	1198468	11979	1
S6010566	101	Port Input	15	1198468	11979	1
S6010566	101	Port Input	14	1198469	11979	1
S6010566	101	Port Input	15	1198469	11979	1
S6010566	101	Port Input	14	1198469	11980	1
S6010566	101	Port Input	15	1198469	11980	1
S6010566	101	Port Input	14	1198469	11980	1
S6010566	101	Port Input	15	1198471	11981	1
S6010566	101	Port Input	14	1198471	11981	1
S6010566	102	Picture	20	1198503	0	1	11250	1	0	next	hit	1586
S6010566	102	Port Input	15	1200534	2031	1
S6010566	102	Port Input	14	1200534	2031	1
S6010566	102	Port Input	15	1200534	2031	1
S6010566	102	Port Input	14	1200534	2031	1
S6010566	102	Port Input	15	1200534	2031	1
S6010566	102	Port Input	14	1209237	10734	1
S6010566	102	Response	22	1209237	10734	1
S6010566	102	Port Input	15	1209237	10734	1
S6010566	102	Port Input	14	1209237	10734	2
S6010566	102	Port Input	15	1209239	10736	1
S6010566	102	Port Input	14	1209239	10737	1
S6010566	102	Port Input	15	1209239	10737	1
S6010566	102	Port Input	14	1209240	10737	1
S6010566	102	Port Input	15	1209240	10737	1
S6010566	102	Port Input	14	1209240	10737	1
S6010566	102	Port Input	15	1209240	10737	1
S6010566	102	Port Input	14	1209240	10737	1
S6010566	102	Port Input	15	1209240	10738	1
S6010566	102	Port Input	14	1209241	10738	1
S6010566	102	Port Input	15	1209241	10738	1
S6010566	102	Port Input	14	1209242	10740	1
S6010566	102	Port Input	15	1209242	10740	1
S6010566	102	Port Input	14	1209242	10740	1
S6010566	102	Port Input	15	1209242	10740	1
S6010566	102	Port Input	14	1209243	10740	1
S6010566	102	Port Input	15	1209243	10740	1
S6010566	102	Port Input	14	1209243	10740	1
S6010566	102	Port Input	15	1209243	10740	1
S6010566	102	Port Input	14	1209243	10741	1
S6010566	102	Port Input	15	1209244	10741	1
S6010566	102	Port Input	14	1209244	10741	1
S6010566	102	Port Input	15	1209244	10741	1
S6010566	102	Port Input	14	1209244	10741	1
S6010566	102	Port Input	15	1209244	10741	1
S6010566	102	Port Input	14	1209244	10742	1
S6010566	102	Port Input	15	1209245	10742	1
S6010566	102	Port Input	14	1209245	10742	1
S6010566	102	Port Input	15	1209245	10743	1
S6010566	102	Port Input	14	1209245	10743	1
S6010566	102	Port Input	15	1209245	10743	1
S6010566	102	Port Input	14	1209245	10743	1
S6010566	102	Port Input	15	1209246	10743	1
S6010566	102	Port Input	14	1209246	10743	1
S6010566	102	Port Input	15	1209246	10743	1
S6010566	102	Port Input	14	1209246	10743	1
S6010566	102	Port Input	15	1209247	10744	1
S6010566	102	Port Input	14	1209247	10744	1
S6010566	102	Port Input	15	1209247	10744	1
S6010566	102	Port Input	14	1209247	10744	1
S6010566	102	Port Input	15	1209247	10744	1
S6010566	102	Port Input	14	1209247	10744	1
S6010566	102	Port Input	15	1209248	10745	1
S6010566	102	Port Input	14	1209248	10745	1
S6010566	102	Port Input	15	1209248	10745	1
S6010566	102	Port Input	14	1209248	10745	1
S6010566	102	Port Input	15	1209248	10745	1
S6010566	102	Port Input	14	1209248	10745	1
S6010566	102	Port Input	15	1209248	10745	1
S6010566	102	Port Input	14	1209248	10745	1
S6010566	102	Port Input	15	1209248	10746	1
S6010566	102	Port Input	14	1209249	10746	1
S6010566	102	Port Input	15	1209249	10746	1
S6010566	102	Port Input	14	1209249	10746	1
S6010566	102	Port Input	15	1209249	10746	1
S6010566	102	Port Input	14	1209249	10746	1
S6010566	102	Port Input	15	1209249	10747	1
S6010566	102	Port Input	14	1209250	10747	1
S6010566	102	Port Input	15	1209250	10747	1
S6010566	102	Port Input	14	1209250	10747	1
S6010566	102	Port Input	15	1209250	10747	1
S6010566	102	Port Input	14	1209250	10747	1
S6010566	102	Port Input	15	1209251	10748	1
S6010566	102	Port Input	14	1209251	10748	1
S6010566	102	Port Input	15	1209251	10748	1
S6010566	102	Port Input	14	1209251	10748	1
S6010566	102	Port Input	15	1209251	10749	1
S6010566	102	Port Input	14	1209251	10749	1
S6010566	102	Port Input	15	1209251	10749	1
S6010566	102	Port Input	14	1209252	10749	1
S6010566	102	Port Input	15	1209252	10749	1
S6010566	102	Port Input	14	1209252	10749	1
S6010566	103	Port Input	15	1209258	5	1
S6010566	103	Port Input	14	1209258	5	1
S6010566	103	Port Input	15	1209258	5	1
S6010566	103	Port Input	14	1209258	5	1
S6010566	103	Port Input	15	1209258	6	1
S6010566	103	Port Input	14	1209258	6	1
S6010566	103	Port Input	15	1209258	6	1
S6010566	103	Port Input	14	1209258	6	1
S6010566	103	Port Input	15	1209258	6	1
S6010566	103	Port Input	14	1209258	6	1
S6010566	103	Port Input	15	1209258	6	1
S6010566	103	Port Input	14	1209258	6	1
S6010566	103	Port Input	15	1211469	2217	1
S6010566	103	Port Input	14	1211469	2217	1
S6010566	103	Port Input	15	1211469	2217	1
S6010566	103	Port Input	14	1211469	2217	1
S6010566	103	Port Input	15	1211470	2217	1
S6010566	103	Port Input	14	1211470	2217	1
S6010566	103	Port Input	15	1211471	2218	1
S6010566	103	Port Input	14	1211471	2218	1
S6010566	103	Port Input	15	1211472	2219	1
S6010566	103	Port Input	14	1211472	2220	1
S6010566	103	Port Input	15	1211473	2220	1
S6010566	103	Port Input	14	1211473	2220	1
S6010566	103	Port Input	15	1211473	2221	1
S6010566	103	Port Input	14	1211473	2221	1
S6010566	103	Port Input	15	1211474	2221	1
S6010566	103	Port Input	14	1211474	2221	1
S6010566	103	Port Input	15	1211475	2223	1
S6010566	103	Port Input	14	1211475	2223	1
S6010566	103	Port Input	15	1211475	2223	1
S6010566	103	Port Input	14	1211475	2223	1
S6010566	103	Port Input	15	1211476	2224	1
S6010566	103	Port Input	14	1211476	2224	1
S6010566	103	Port Input	15	1211477	2224	1
