Scenario - passive press generic training 1.2
Logfile written - 11/18/2020 12:23:56

Subject	Trial	Event Type	Code	Time	TTime	Uncertainty	Duration	Uncertainty	ReqTime	ReqDur	Stim Type	Pair Index

Sam_Pilot	1	Picture	83	166	0	1	5005	2	0	4950	other	0
Sam_Pilot	1	Picture	82	10176	10010	1	5005	2	9950	4950	other	0
Sam_Pilot	1	Picture	81	20186	20020	1	5005	2	19950	4950	other	0
Sam_Pilot	1	Picture	80	30196	30030	1	5005	2	29950	4950	other	0
Sam_Pilot	1	Picture	81	40205	40039	2	10010	3	39950	9950	other	0
Sam_Pilot	1	Port Input	14	48954	48788	2
Sam_Pilot	1	Response	100	48954	48788	2
Sam_Pilot	1	Port Input	15	49099	48933	1
Sam_Pilot	1	Port Input	14	49099	48933	1
Sam_Pilot	1	Port Input	15	49107	48941	1
Sam_Pilot	1	Port Input	14	49107	48941	1
Sam_Pilot	1	Port Input	15	49110	48944	1
Sam_Pilot	1	Port Input	14	49110	48944	1
Sam_Pilot	1	Port Input	15	49111	48945	1
Sam_Pilot	1	Port Input	14	49111	48945	1
Sam_Pilot	1	Port Input	15	49112	48946	1
Sam_Pilot	1	Port Input	14	49112	48946	1
Sam_Pilot	1	Port Input	15	49305	49139	1
Sam_Pilot	1	Port Input	14	49305	49139	1
Sam_Pilot	1	Port Input	15	49305	49139	1
Sam_Pilot	1	Port Input	14	49305	49139	1
Sam_Pilot	1	Port Input	15	49307	49141	1
Sam_Pilot	1	Port Input	14	49307	49141	1
Sam_Pilot	1	Port Input	15	49308	49142	1
Sam_Pilot	1	Port Input	14	49308	49142	1
Sam_Pilot	1	Port Input	15	49308	49142	1
Sam_Pilot	1	Port Input	14	49308	49142	1
Sam_Pilot	1	Port Input	15	49309	49143	1
Sam_Pilot	1	Port Input	14	49309	49143	1
Sam_Pilot	1	Port Input	15	49310	49144	1
Sam_Pilot	1	Port Input	14	49310	49144	1
Sam_Pilot	1	Port Input	15	49310	49144	1
Sam_Pilot	1	Port Input	14	49310	49144	1
Sam_Pilot	1	Port Input	15	49311	49145	1
Sam_Pilot	1	Port Input	14	49311	49145	1
Sam_Pilot	1	Port Input	15	49311	49145	1
Sam_Pilot	1	Port Input	14	49311	49145	1
Sam_Pilot	1	Port Input	15	49313	49147	1
Sam_Pilot	1	Port Input	14	49313	49147	1
Sam_Pilot	1	Port Input	15	49313	49147	1
Sam_Pilot	1	Port Input	14	49313	49147	1
Sam_Pilot	1	Port Input	15	49314	49148	1
Sam_Pilot	1	Port Input	14	49314	49148	1
Sam_Pilot	1	Port Input	15	49314	49148	1
Sam_Pilot	1	Port Input	14	49314	49148	1
Sam_Pilot	1	Port Input	15	49315	49149	1
Sam_Pilot	1	Port Input	14	49315	49149	1
Sam_Pilot	1	Port Input	15	49317	49151	1
Sam_Pilot	1	Port Input	14	49317	49151	1
Sam_Pilot	1	Port Input	15	49317	49151	2
Sam_Pilot	1	Port Input	14	49318	49152	1
Sam_Pilot	1	Port Input	15	49319	49153	1
Sam_Pilot	1	Port Input	14	49319	49153	1
Sam_Pilot	1	Port Input	15	49320	49154	1
Sam_Pilot	1	Port Input	14	49320	49154	1
Sam_Pilot	1	Port Input	15	49320	49154	1
Sam_Pilot	1	Port Input	14	49320	49154	1
Sam_Pilot	1	Port Input	15	49321	49155	1
Sam_Pilot	1	Port Input	14	49321	49155	1
Sam_Pilot	1	Port Input	15	49321	49155	1
Sam_Pilot	1	Port Input	14	49321	49155	1
Sam_Pilot	1	Port Input	15	49327	49161	1
Sam_Pilot	1	Port Input	14	49327	49161	1
Sam_Pilot	1	Port Input	15	49329	49163	1
Sam_Pilot	1	Port Input	14	49329	49163	1
Sam_Pilot	1	Port Input	15	49332	49166	1
Sam_Pilot	1	Port Input	14	49332	49166	1
Sam_Pilot	1	Port Input	15	49336	49170	1
Sam_Pilot	1	Port Input	14	49336	49170	1
Sam_Pilot	1	Port Input	15	49336	49170	1
Sam_Pilot	1	Port Input	14	49336	49170	1
Sam_Pilot	1	Port Input	15	49337	49171	1
Sam_Pilot	1	Port Input	14	49337	49171	1
Sam_Pilot	1	Port Input	15	49338	49172	1
Sam_Pilot	1	Port Input	14	49338	49172	1
Sam_Pilot	1	Port Input	15	49338	49172	2
Sam_Pilot	1	Port Input	14	49339	49173	1
Sam_Pilot	1	Port Input	15	49339	49173	1
Sam_Pilot	1	Port Input	14	49339	49173	2
Sam_Pilot	1	Port Input	15	49340	49174	1
Sam_Pilot	1	Port Input	14	49340	49174	1
Sam_Pilot	1	Port Input	15	49345	49179	1
Sam_Pilot	1	Port Input	14	49345	49179	1
Sam_Pilot	1	Port Input	15	49346	49180	1
Sam_Pilot	1	Port Input	14	49346	49180	1
Sam_Pilot	1	Port Input	15	49348	49182	1
Sam_Pilot	1	Port Input	14	49348	49182	1
Sam_Pilot	1	Port Input	15	49348	49182	1
Sam_Pilot	1	Port Input	14	49348	49182	1
Sam_Pilot	1	Port Input	15	49350	49184	1
Sam_Pilot	1	Port Input	14	49350	49184	1
Sam_Pilot	1	Port Input	15	49351	49185	1
Sam_Pilot	1	Port Input	14	49351	49185	1
Sam_Pilot	1	Port Input	15	49356	49190	1
Sam_Pilot	1	Port Input	14	49356	49190	1
Sam_Pilot	1	Port Input	15	49358	49192	1
Sam_Pilot	1	Port Input	14	49358	49192	1
Sam_Pilot	1	Port Input	15	49362	49196	1
Sam_Pilot	1	Port Input	14	49362	49196	1
Sam_Pilot	1	Port Input	15	49362	49196	1
Sam_Pilot	1	Port Input	14	49363	49197	1
Sam_Pilot	1	Port Input	15	49363	49197	1
Sam_Pilot	1	Port Input	14	49363	49197	1
Sam_Pilot	1	Port Input	15	49375	49209	1
Sam_Pilot	1	Port Input	14	49375	49209	1
Sam_Pilot	1	Port Input	15	49377	49211	1
Sam_Pilot	1	Port Input	14	49377	49211	1
Sam_Pilot	1	Port Input	15	49381	49215	1
Sam_Pilot	1	Port Input	14	49381	49215	1
Sam_Pilot	1	Port Input	15	49405	49239	1
Sam_Pilot	1	Port Input	14	49405	49239	1
Sam_Pilot	1	Port Input	15	49410	49244	1
Sam_Pilot	1	Port Input	14	49410	49244	1
Sam_Pilot	1	Port Input	15	49515	49349	1
Sam_Pilot	1	Port Input	14	49515	49349	1
Sam_Pilot	1	Port Input	15	49764	49598	1
Sam_Pilot	1	Port Input	14	49764	49598	1
Sam_Pilot	1	Port Input	15	50109	49943	1
Sam_Pilot	1	Port Input	14	50109	49943	1
Sam_Pilot	1	Port Input	15	50632	50466	1
Sam_Pilot	1	Port Input	14	50632	50466	1
Sam_Pilot	1	Port Input	15	50676	50510	1
Sam_Pilot	1	Port Input	14	50676	50510	1
Sam_Pilot	1	Port Input	15	50696	50530	1
Sam_Pilot	1	Port Input	14	50696	50530	1
Sam_Pilot	1	Port Input	15	50713	50547	1
Sam_Pilot	1	Port Input	14	50713	50547	1
Sam_Pilot	1	Port Input	15	50767	50601	1
Sam_Pilot	1	Port Input	14	50767	50601	1
Sam_Pilot	1	Port Input	15	50780	50614	1
Sam_Pilot	1	Port Input	14	50780	50614	1
Sam_Pilot	1	Port Input	15	50799	50633	1
Sam_Pilot	1	Port Input	14	50799	50633	1
Sam_Pilot	1	Port Input	15	50823	50657	1
Sam_Pilot	1	Port Input	14	50823	50657	1
Sam_Pilot	1	Port Input	15	50904	50738	1
Sam_Pilot	1	Port Input	14	50905	50739	1
Sam_Pilot	1	Port Input	15	50908	50742	1
Sam_Pilot	1	Port Input	14	50908	50742	1
Sam_Pilot	1	Port Input	15	50924	50758	1
Sam_Pilot	1	Port Input	14	50924	50758	1
Sam_Pilot	1	Port Input	15	50927	50761	1
Sam_Pilot	1	Port Input	14	50927	50761	1
Sam_Pilot	1	Port Input	15	50932	50766	1
Sam_Pilot	1	Port Input	14	50932	50766	1
Sam_Pilot	1	Port Input	15	50941	50775	1
Sam_Pilot	1	Port Input	14	50941	50775	1
Sam_Pilot	1	Port Input	15	50986	50820	1
Sam_Pilot	1	Port Input	14	50987	50821	1
Sam_Pilot	1	Port Input	15	50993	50827	1
Sam_Pilot	1	Port Input	14	50993	50827	1
Sam_Pilot	1	Port Input	15	51013	50847	1
Sam_Pilot	1	Port Input	14	51013	50847	1
Sam_Pilot	1	Port Input	15	51020	50854	1
Sam_Pilot	1	Port Input	14	51020	50854	1
Sam_Pilot	1	Port Input	15	51036	50870	1
Sam_Pilot	1	Port Input	14	51036	50870	1
Sam_Pilot	1	Port Input	15	51041	50875	1
Sam_Pilot	1	Port Input	14	51041	50875	1
Sam_Pilot	1	Port Input	15	51051	50885	1
Sam_Pilot	1	Port Input	14	51051	50885	1
Sam_Pilot	1	Port Input	15	51083	50917	1
Sam_Pilot	1	Port Input	14	51083	50917	1
Sam_Pilot	1	Port Input	15	51138	50972	1
Sam_Pilot	1	Port Input	14	51138	50972	1
Sam_Pilot	1	Port Input	15	51199	51033	1
Sam_Pilot	1	Port Input	14	51199	51033	1
Sam_Pilot	1	Port Input	15	51219	51053	1
Sam_Pilot	1	Port Input	14	51219	51053	1
Sam_Pilot	1	Port Input	15	51238	51072	1
Sam_Pilot	1	Port Input	14	51238	51072	1
Sam_Pilot	1	Port Input	15	51241	51075	1
Sam_Pilot	1	Port Input	14	51241	51075	1
Sam_Pilot	1	Port Input	15	51254	51088	1
Sam_Pilot	1	Port Input	14	51254	51088	1
Sam_Pilot	1	Port Input	15	51270	51104	1
Sam_Pilot	1	Port Input	14	51270	51104	1
Sam_Pilot	1	Port Input	15	51276	51110	1
Sam_Pilot	1	Port Input	14	51276	51110	1
Sam_Pilot	1	Port Input	15	51280	51114	1
Sam_Pilot	1	Port Input	14	51280	51114	1
Sam_Pilot	1	Port Input	15	51289	51123	1
Sam_Pilot	1	Port Input	14	51289	51123	1
Sam_Pilot	1	Port Input	15	51297	51131	1
Sam_Pilot	1	Port Input	14	51297	51131	1
Sam_Pilot	1	Port Input	15	51302	51136	1
Sam_Pilot	1	Port Input	14	51302	51136	1
Sam_Pilot	1	Port Input	15	51305	51139	1
Sam_Pilot	1	Port Input	14	51305	51139	1
Sam_Pilot	1	Port Input	15	51309	51143	1
Sam_Pilot	1	Port Input	14	51309	51143	1
Sam_Pilot	1	Port Input	15	51310	51144	2
Sam_Pilot	1	Port Input	14	51311	51145	1
Sam_Pilot	1	Port Input	15	51319	51153	2
Sam_Pilot	1	Port Input	14	51320	51154	1
Sam_Pilot	1	Port Input	15	51323	51157	1
Sam_Pilot	1	Port Input	14	51323	51157	1
Sam_Pilot	1	Port Input	15	51352	51186	2
Sam_Pilot	1	Port Input	14	51353	51187	1
Sam_Pilot	1	Port Input	15	51354	51188	1
Sam_Pilot	1	Port Input	14	51354	51188	1
Sam_Pilot	1	Port Input	15	51360	51194	1
Sam_Pilot	1	Port Input	14	51360	51194	1
Sam_Pilot	1	Port Input	15	51378	51212	1
Sam_Pilot	1	Port Input	14	51378	51212	1
Sam_Pilot	1	Port Input	15	51385	51219	1
Sam_Pilot	1	Port Input	14	51385	51219	2
Sam_Pilot	1	Port Input	15	51406	51240	1
Sam_Pilot	1	Port Input	14	51406	51240	1
Sam_Pilot	1	Port Input	15	51411	51245	1
Sam_Pilot	1	Port Input	14	51411	51245	1
Sam_Pilot	1	Port Input	15	51418	51252	1
Sam_Pilot	1	Port Input	14	51418	51252	1
Sam_Pilot	1	Port Input	15	51418	51252	1
Sam_Pilot	1	Port Input	14	51418	51252	1
Sam_Pilot	1	Port Input	15	51420	51254	1
Sam_Pilot	1	Port Input	14	51420	51254	1
Sam_Pilot	1	Port Input	15	51420	51254	1
Sam_Pilot	1	Port Input	14	51420	51254	1
Sam_Pilot	1	Port Input	15	51422	51256	1
Sam_Pilot	1	Port Input	14	51422	51256	1
Sam_Pilot	1	Port Input	15	51422	51256	1
Sam_Pilot	1	Port Input	14	51422	51256	1
Sam_Pilot	1	Port Input	15	51423	51257	1
Sam_Pilot	1	Port Input	14	51423	51257	1
Sam_Pilot	1	Port Input	15	51423	51257	1
Sam_Pilot	1	Port Input	14	51423	51257	1
Sam_Pilot	1	Port Input	15	51424	51258	1
Sam_Pilot	1	Port Input	14	51424	51258	1
Sam_Pilot	1	Port Input	15	51424	51258	1
Sam_Pilot	1	Port Input	14	51424	51258	1
Sam_Pilot	1	Port Input	15	51425	51259	1
Sam_Pilot	1	Port Input	14	51425	51259	1
Sam_Pilot	1	Port Input	15	51425	51259	1
Sam_Pilot	1	Port Input	14	51425	51259	1
Sam_Pilot	1	Port Input	15	51425	51259	2
Sam_Pilot	1	Port Input	14	51426	51260	1
Sam_Pilot	1	Port Input	15	51426	51260	1
Sam_Pilot	1	Port Input	14	51426	51260	1
Sam_Pilot	1	Port Input	15	51426	51260	1
Sam_Pilot	1	Port Input	14	51426	51260	1
Sam_Pilot	1	Port Input	15	51426	51260	1
Sam_Pilot	1	Port Input	14	51426	51260	1
Sam_Pilot	1	Port Input	15	51426	51260	1
Sam_Pilot	1	Port Input	14	51426	51260	1
Sam_Pilot	1	Port Input	15	51427	51261	2
Sam_Pilot	1	Port Input	14	51428	51262	1
Sam_Pilot	1	Port Input	15	51428	51262	1
Sam_Pilot	1	Port Input	14	51428	51262	1
Sam_Pilot	1	Port Input	15	51429	51263	1
Sam_Pilot	1	Port Input	14	51429	51263	1
Sam_Pilot	1	Port Input	15	51431	51265	1
Sam_Pilot	1	Port Input	14	51431	51265	1
Sam_Pilot	1	Port Input	15	51431	51265	1
Sam_Pilot	1	Port Input	14	51431	51265	1
Sam_Pilot	1	Port Input	15	51431	51265	2
Sam_Pilot	1	Port Input	14	51431	51265	2
Sam_Pilot	1	Port Input	15	51432	51266	1
Sam_Pilot	1	Port Input	14	51432	51266	1
Sam_Pilot	1	Port Input	15	51432	51266	2
Sam_Pilot	1	Port Input	14	51433	51267	1
Sam_Pilot	1	Port Input	15	51434	51268	1
Sam_Pilot	1	Port Input	14	51434	51268	1
Sam_Pilot	1	Port Input	15	51434	51268	1
Sam_Pilot	1	Port Input	14	51434	51268	1
Sam_Pilot	1	Port Input	15	51436	51270	1
Sam_Pilot	1	Port Input	14	51436	51270	1
Sam_Pilot	1	Port Input	15	51436	51270	1
Sam_Pilot	1	Port Input	14	51436	51270	1
Sam_Pilot	1	Port Input	15	51437	51271	1
Sam_Pilot	1	Port Input	14	51437	51271	1
Sam_Pilot	1	Port Input	15	51438	51272	1
Sam_Pilot	1	Port Input	14	51438	51272	1
Sam_Pilot	1	Port Input	15	51438	51272	1
Sam_Pilot	1	Port Input	14	51438	51272	1
Sam_Pilot	1	Port Input	15	51439	51273	1
Sam_Pilot	1	Port Input	14	51439	51273	1
Sam_Pilot	1	Port Input	15	51439	51273	1
Sam_Pilot	1	Port Input	14	51439	51273	1
Sam_Pilot	1	Port Input	15	51439	51273	1
Sam_Pilot	1	Port Input	14	51439	51273	1
Sam_Pilot	1	Port Input	15	51440	51274	1
Sam_Pilot	1	Port Input	14	51440	51274	1
Sam_Pilot	1	Port Input	15	51440	51274	1
Sam_Pilot	1	Port Input	14	51440	51274	1
Sam_Pilot	1	Port Input	15	51441	51275	1
Sam_Pilot	1	Port Input	14	51441	51275	1
Sam_Pilot	1	Port Input	15	51442	51276	1
Sam_Pilot	1	Port Input	14	51442	51276	1
Sam_Pilot	1	Port Input	15	51442	51276	1
Sam_Pilot	1	Port Input	14	51442	51276	1
Sam_Pilot	1	Port Input	15	51443	51277	1
Sam_Pilot	1	Port Input	14	51443	51277	1
Sam_Pilot	1	Port Input	15	51443	51277	1
Sam_Pilot	1	Port Input	14	51443	51277	1
Sam_Pilot	1	Port Input	15	51444	51278	1
Sam_Pilot	1	Port Input	14	51444	51278	1
Sam_Pilot	1	Port Input	15	51445	51279	1
Sam_Pilot	1	Port Input	14	51445	51279	1
Sam_Pilot	1	Port Input	15	51445	51279	1
Sam_Pilot	1	Port Input	14	51445	51279	1
Sam_Pilot	1	Port Input	15	51445	51279	1
Sam_Pilot	1	Port Input	14	51445	51279	1
Sam_Pilot	1	Port Input	15	51446	51280	1
Sam_Pilot	1	Port Input	14	51446	51280	1
Sam_Pilot	1	Port Input	15	51447	51281	1
Sam_Pilot	1	Port Input	14	51447	51281	1
Sam_Pilot	1	Port Input	15	51448	51282	1
Sam_Pilot	1	Port Input	14	51448	51282	1
Sam_Pilot	1	Port Input	15	51448	51282	1
Sam_Pilot	1	Port Input	14	51448	51282	1
Sam_Pilot	1	Port Input	15	51449	51283	1
Sam_Pilot	1	Port Input	14	51449	51283	1
Sam_Pilot	1	Port Input	15	51449	51283	1
Sam_Pilot	1	Port Input	14	51449	51283	1
Sam_Pilot	1	Port Input	15	51449	51283	1
Sam_Pilot	1	Port Input	14	51449	51283	1
Sam_Pilot	1	Port Input	15	51450	51284	1
Sam_Pilot	1	Port Input	14	51450	51284	1
Sam_Pilot	1	Port Input	15	51450	51284	1
Sam_Pilot	1	Port Input	14	51450	51284	1
Sam_Pilot	1	Port Input	15	51450	51284	1
Sam_Pilot	1	Port Input	14	51450	51284	1
Sam_Pilot	1	Port Input	15	51452	51286	1
Sam_Pilot	1	Port Input	14	51452	51286	1
Sam_Pilot	1	Port Input	15	51452	51286	1
Sam_Pilot	1	Port Input	14	51452	51286	1
Sam_Pilot	1	Port Input	15	51452	51286	1
Sam_Pilot	1	Port Input	14	51452	51286	1
Sam_Pilot	1	Port Input	15	51453	51287	1
Sam_Pilot	1	Port Input	14	51453	51287	1
Sam_Pilot	1	Port Input	15	51456	51290	1
Sam_Pilot	1	Port Input	14	51456	51290	1
Sam_Pilot	1	Port Input	15	51457	51291	1
Sam_Pilot	1	Port Input	14	51457	51291	1
Sam_Pilot	1	Port Input	15	51458	51292	1
Sam_Pilot	1	Port Input	14	51458	51292	1
Sam_Pilot	1	Port Input	15	51459	51293	1
Sam_Pilot	1	Port Input	14	51459	51293	1
Sam_Pilot	1	Port Input	15	51459	51293	1
Sam_Pilot	1	Port Input	14	51459	51293	1
Sam_Pilot	1	Port Input	15	51459	51293	2
Sam_Pilot	1	Port Input	14	51459	51293	2
Sam_Pilot	1	Port Input	15	51460	51294	1
Sam_Pilot	1	Port Input	14	51460	51294	1
Sam_Pilot	1	Port Input	15	51461	51295	1
Sam_Pilot	1	Port Input	14	51461	51295	1
Sam_Pilot	1	Port Input	15	51461	51295	2
Sam_Pilot	1	Port Input	14	51462	51296	1
Sam_Pilot	1	Port Input	15	51462	51296	1
Sam_Pilot	1	Port Input	14	51462	51296	1
Sam_Pilot	1	Port Input	15	51463	51297	1
Sam_Pilot	1	Port Input	14	51463	51297	1
Sam_Pilot	1	Port Input	15	51463	51297	2
Sam_Pilot	1	Port Input	14	51464	51298	1
Sam_Pilot	1	Port Input	15	51464	51298	1
Sam_Pilot	1	Port Input	14	51464	51298	1
Sam_Pilot	1	Port Input	15	51465	51299	1
Sam_Pilot	1	Port Input	14	51465	51299	1
Sam_Pilot	1	Port Input	15	51466	51300	1
Sam_Pilot	1	Port Input	14	51466	51300	1
Sam_Pilot	1	Port Input	15	51467	51301	1
Sam_Pilot	1	Port Input	14	51467	51301	1
Sam_Pilot	1	Port Input	15	51467	51301	1
Sam_Pilot	1	Port Input	14	51467	51301	1
Sam_Pilot	1	Port Input	15	51469	51303	1
Sam_Pilot	1	Port Input	14	51469	51303	1
Sam_Pilot	1	Port Input	15	51471	51305	1
Sam_Pilot	1	Port Input	14	51471	51305	1
Sam_Pilot	1	Port Input	15	51471	51305	1
Sam_Pilot	1	Port Input	14	51471	51305	1
Sam_Pilot	1	Port Input	15	51471	51305	1
Sam_Pilot	1	Port Input	14	51471	51305	1
Sam_Pilot	1	Port Input	15	51472	51306	1
Sam_Pilot	1	Port Input	14	51472	51306	1
Sam_Pilot	1	Port Input	15	51473	51307	1
Sam_Pilot	1	Port Input	14	51473	51307	1
Sam_Pilot	1	Port Input	15	51473	51307	1
Sam_Pilot	1	Port Input	14	51473	51307	1
Sam_Pilot	1	Port Input	15	51474	51308	1
Sam_Pilot	1	Port Input	14	51474	51308	1
Sam_Pilot	1	Port Input	15	51474	51308	1
Sam_Pilot	1	Port Input	14	51474	51308	1
Sam_Pilot	1	Port Input	15	51476	51310	1
Sam_Pilot	1	Port Input	14	51476	51310	1
Sam_Pilot	1	Port Input	15	51477	51311	1
Sam_Pilot	1	Port Input	14	51477	51311	1
Sam_Pilot	1	Port Input	15	51479	51313	1
Sam_Pilot	1	Port Input	14	51479	51313	1
Sam_Pilot	1	Port Input	15	51481	51315	1
Sam_Pilot	1	Port Input	14	51481	51315	1
Sam_Pilot	1	Port Input	15	51486	51320	1
Sam_Pilot	1	Port Input	14	51486	51320	1
Sam_Pilot	1	Port Input	15	51490	51324	1
Sam_Pilot	1	Port Input	14	51490	51324	1
Sam_Pilot	1	Port Input	15	51492	51326	1
Sam_Pilot	1	Port Input	14	51492	51326	1
Sam_Pilot	1	Port Input	15	51495	51329	1
Sam_Pilot	1	Port Input	14	51495	51329	1
Sam_Pilot	1	Port Input	15	51498	51332	1
Sam_Pilot	1	Port Input	14	51498	51332	1
Sam_Pilot	1	Port Input	15	51503	51337	1
Sam_Pilot	1	Port Input	14	51503	51337	1
Sam_Pilot	1	Port Input	15	51514	51348	1
Sam_Pilot	1	Port Input	14	51514	51348	1
Sam_Pilot	1	Port Input	15	51517	51351	1
Sam_Pilot	1	Port Input	14	51517	51351	1
Sam_Pilot	1	Port Input	15	51517	51351	1
Sam_Pilot	1	Port Input	14	51517	51351	1
Sam_Pilot	1	Port Input	15	51519	51353	1
Sam_Pilot	1	Port Input	14	51519	51353	2
Sam_Pilot	1	Port Input	15	51520	51354	1
Sam_Pilot	1	Port Input	14	51520	51354	1
Sam_Pilot	1	Port Input	15	51521	51355	1
Sam_Pilot	1	Port Input	14	51521	51355	1
Sam_Pilot	1	Port Input	15	51521	51355	1
Sam_Pilot	1	Port Input	14	51521	51355	1
Sam_Pilot	1	Port Input	15	51527	51361	1
Sam_Pilot	1	Port Input	14	51527	51361	1
Sam_Pilot	1	Port Input	15	51528	51362	1
Sam_Pilot	1	Port Input	14	51528	51362	1
Sam_Pilot	1	Port Input	15	51529	51363	1
Sam_Pilot	1	Port Input	14	51529	51363	1
Sam_Pilot	1	Port Input	15	51532	51366	1
Sam_Pilot	1	Port Input	14	51532	51366	1
Sam_Pilot	1	Port Input	15	51532	51366	1
Sam_Pilot	1	Port Input	14	51532	51366	1
Sam_Pilot	1	Port Input	15	51533	51367	1
Sam_Pilot	1	Port Input	14	51533	51367	1
Sam_Pilot	1	Port Input	15	51549	51383	1
Sam_Pilot	1	Port Input	14	51549	51383	1
Sam_Pilot	1	Port Input	15	51551	51385	1
Sam_Pilot	1	Port Input	14	51551	51385	1
Sam_Pilot	1	Port Input	15	51612	51446	1
Sam_Pilot	1	Port Input	14	51612	51446	1
Sam_Pilot	1	Port Input	15	51650	51484	1
Sam_Pilot	1	Port Input	14	51650	51484	1
Sam_Pilot	1	Port Input	15	51656	51490	1
Sam_Pilot	1	Port Input	14	51656	51490	1
Sam_Pilot	1	Port Input	15	51939	51773	1
Sam_Pilot	1	Port Input	14	51939	51773	1
Sam_Pilot	1	Port Input	15	51942	51776	1
Sam_Pilot	1	Port Input	14	51942	51776	1
Sam_Pilot	1	Port Input	15	51943	51777	1
Sam_Pilot	1	Port Input	14	51943	51777	1
Sam_Pilot	1	Port Input	15	51943	51777	1
Sam_Pilot	1	Picture	81	60225	60059	1	10010	2	59950	9950	other	0
Sam_Pilot	1	Port Input	14	66491	66325	1
Sam_Pilot	1	Port Input	15	66491	66325	1
Sam_Pilot	1	Port Input	14	66491	66325	1
Sam_Pilot	1	Response	100	66491	66325	1
Sam_Pilot	1	Port Input	15	66492	66326	1
Sam_Pilot	1	Port Input	14	66492	66326	1
Sam_Pilot	1	Port Input	15	66492	66326	1
Sam_Pilot	1	Port Input	14	66492	66326	1
Sam_Pilot	1	Port Input	15	66492	66326	1
Sam_Pilot	1	Port Input	14	66492	66326	1
Sam_Pilot	1	Port Input	15	66493	66327	1
Sam_Pilot	1	Port Input	14	66493	66327	1
Sam_Pilot	1	Port Input	15	66494	66328	1
Sam_Pilot	1	Port Input	14	66494	66328	1
Sam_Pilot	1	Port Input	15	66494	66328	1
Sam_Pilot	1	Port Input	14	66494	66328	1
Sam_Pilot	1	Port Input	15	66495	66329	1
Sam_Pilot	1	Port Input	14	66495	66329	1
Sam_Pilot	1	Port Input	15	68346	68180	1
Sam_Pilot	1	Port Input	14	68346	68180	1
Sam_Pilot	1	Port Input	15	68346	68180	1
Sam_Pilot	1	Port Input	14	68346	68180	1
Sam_Pilot	1	Port Input	15	68347	68181	1
Sam_Pilot	1	Port Input	14	68347	68181	1
Sam_Pilot	1	Port Input	15	68348	68182	1
Sam_Pilot	1	Port Input	14	68348	68182	1
Sam_Pilot	1	Port Input	15	68350	68184	1
Sam_Pilot	1	Port Input	14	68350	68184	1
Sam_Pilot	1	Port Input	15	68350	68184	1
Sam_Pilot	1	Port Input	14	68350	68184	1
Sam_Pilot	1	Port Input	15	68350	68184	1
Sam_Pilot	1	Port Input	14	68350	68184	1
Sam_Pilot	1	Port Input	15	68350	68184	2
Sam_Pilot	1	Port Input	14	68351	68185	1
Sam_Pilot	1	Port Input	15	68351	68185	1
Sam_Pilot	1	Port Input	14	68351	68185	1
Sam_Pilot	1	Port Input	15	68351	68185	1
Sam_Pilot	1	Port Input	14	68351	68185	1
Sam_Pilot	1	Port Input	15	68351	68185	1
Sam_Pilot	1	Port Input	14	68351	68185	1
Sam_Pilot	1	Port Input	15	68351	68185	1
Sam_Pilot	1	Port Input	14	68351	68185	1
Sam_Pilot	1	Port Input	15	68351	68185	1
Sam_Pilot	1	Port Input	14	68351	68185	2
Sam_Pilot	1	Port Input	15	68352	68186	1
Sam_Pilot	1	Port Input	14	68352	68186	1
Sam_Pilot	1	Port Input	15	68352	68186	1
Sam_Pilot	1	Port Input	14	68352	68186	1
Sam_Pilot	1	Port Input	15	68352	68186	1
Sam_Pilot	1	Picture	81	80245	80079	1	10010	2	79950	9950	other	0
Sam_Pilot	1	Port Input	14	82369	82203	1
Sam_Pilot	1	Port Input	15	82369	82203	1
Sam_Pilot	1	Port Input	14	82369	82203	1
Sam_Pilot	1	Port Input	15	82369	82203	1
Sam_Pilot	1	Port Input	14	82369	82203	1
Sam_Pilot	1	Port Input	15	82369	82203	1
Sam_Pilot	1	Port Input	14	82369	82203	1
Sam_Pilot	1	Response	100	82369	82203	1
Sam_Pilot	1	Port Input	15	82370	82204	1
Sam_Pilot	1	Port Input	14	82370	82204	1
Sam_Pilot	1	Port Input	15	82519	82353	1
Sam_Pilot	1	Port Input	14	82519	82353	1
Sam_Pilot	1	Port Input	15	82520	82354	1
Sam_Pilot	1	Port Input	14	82520	82354	1
Sam_Pilot	1	Port Input	15	82521	82355	1
Sam_Pilot	1	Port Input	14	82521	82355	1
Sam_Pilot	1	Port Input	15	82522	82356	1
Sam_Pilot	1	Port Input	14	82522	82356	1
Sam_Pilot	1	Port Input	15	82522	82356	1
Sam_Pilot	1	Port Input	14	82522	82356	1
Sam_Pilot	1	Port Input	15	82523	82357	1
Sam_Pilot	1	Port Input	14	82523	82357	1
Sam_Pilot	1	Port Input	15	82524	82358	1
Sam_Pilot	1	Port Input	14	82524	82358	1
Sam_Pilot	1	Port Input	15	82524	82358	1
Sam_Pilot	1	Port Input	14	82524	82358	1
Sam_Pilot	1	Port Input	15	82524	82358	1
Sam_Pilot	1	Port Input	14	82524	82358	1
Sam_Pilot	1	Port Input	15	82526	82360	1
Sam_Pilot	1	Port Input	14	82526	82360	1
Sam_Pilot	1	Port Input	15	82527	82361	1
Sam_Pilot	1	Port Input	14	82527	82361	1
Sam_Pilot	1	Port Input	15	82528	82362	1
Sam_Pilot	1	Port Input	14	82528	82362	1
Sam_Pilot	1	Port Input	15	82529	82363	1
Sam_Pilot	1	Port Input	14	82529	82363	1
Sam_Pilot	1	Port Input	15	82529	82363	1
Sam_Pilot	1	Port Input	14	82529	82363	1
Sam_Pilot	1	Port Input	15	82530	82364	1
Sam_Pilot	1	Port Input	14	82530	82364	1
Sam_Pilot	1	Port Input	15	82531	82365	1
Sam_Pilot	1	Port Input	14	82531	82365	1
Sam_Pilot	1	Port Input	15	82534	82368	1
Sam_Pilot	1	Port Input	14	82534	82368	1
Sam_Pilot	1	Port Input	15	82536	82370	1
Sam_Pilot	1	Port Input	14	82536	82370	1
Sam_Pilot	1	Port Input	15	82536	82370	1
Sam_Pilot	1	Port Input	14	82536	82370	1
Sam_Pilot	1	Port Input	15	82537	82371	1
Sam_Pilot	1	Port Input	14	82537	82371	1
Sam_Pilot	1	Port Input	15	82537	82371	1
Sam_Pilot	1	Port Input	14	82537	82371	1
Sam_Pilot	1	Port Input	15	82538	82372	1
Sam_Pilot	1	Port Input	14	82538	82372	1
Sam_Pilot	1	Port Input	15	82538	82372	1
Sam_Pilot	1	Port Input	14	82538	82372	1
Sam_Pilot	1	Port Input	15	82539	82373	1
Sam_Pilot	1	Port Input	14	82539	82373	2
Sam_Pilot	1	Port Input	15	82540	82374	1
Sam_Pilot	1	Port Input	14	82540	82374	1
Sam_Pilot	1	Port Input	15	82540	82374	1
Sam_Pilot	1	Port Input	14	82540	82374	1
Sam_Pilot	1	Port Input	15	82541	82375	1
Sam_Pilot	1	Port Input	14	82541	82375	1
Sam_Pilot	1	Port Input	15	82542	82376	1
Sam_Pilot	1	Port Input	14	82542	82376	1
Sam_Pilot	1	Port Input	15	82544	82378	1
Sam_Pilot	1	Port Input	14	82544	82378	1
Sam_Pilot	1	Port Input	15	82545	82379	1
Sam_Pilot	1	Port Input	14	82545	82379	1
Sam_Pilot	1	Port Input	15	82546	82380	1
Sam_Pilot	1	Port Input	14	82546	82380	1
Sam_Pilot	1	Port Input	15	82547	82381	1
Sam_Pilot	1	Port Input	14	82547	82381	1
Sam_Pilot	1	Port Input	15	82547	82381	1
Sam_Pilot	1	Port Input	14	82547	82381	1
Sam_Pilot	1	Port Input	15	82549	82383	1
Sam_Pilot	1	Port Input	14	82549	82383	1
Sam_Pilot	1	Port Input	15	82550	82384	1
Sam_Pilot	1	Port Input	14	82550	82384	1
Sam_Pilot	1	Port Input	15	82553	82387	1
Sam_Pilot	1	Port Input	14	82553	82387	1
Sam_Pilot	1	Port Input	15	82553	82387	1
Sam_Pilot	1	Port Input	14	82553	82387	1
Sam_Pilot	1	Port Input	15	82556	82390	1
Sam_Pilot	1	Port Input	14	82556	82390	1
Sam_Pilot	1	Port Input	15	82559	82393	1
Sam_Pilot	1	Port Input	14	82559	82393	1
Sam_Pilot	1	Port Input	15	82561	82395	1
Sam_Pilot	1	Port Input	14	82561	82395	1
Sam_Pilot	1	Port Input	15	82563	82397	1
Sam_Pilot	1	Port Input	14	82563	82397	1
Sam_Pilot	1	Port Input	15	82565	82399	1
Sam_Pilot	1	Port Input	14	82565	82399	1
Sam_Pilot	1	Port Input	15	82566	82400	1
Sam_Pilot	1	Port Input	14	82566	82400	1
Sam_Pilot	1	Port Input	15	82566	82400	1
Sam_Pilot	1	Port Input	14	82566	82400	1
Sam_Pilot	1	Port Input	15	82566	82400	1
Sam_Pilot	1	Port Input	14	82566	82400	1
Sam_Pilot	1	Port Input	15	82577	82411	1
Sam_Pilot	1	Port Input	14	82577	82411	1
Sam_Pilot	1	Port Input	15	82579	82413	1
Sam_Pilot	1	Port Input	14	82579	82413	1
Sam_Pilot	1	Port Input	15	82580	82414	1
Sam_Pilot	1	Port Input	14	82580	82414	1
Sam_Pilot	1	Port Input	15	82581	82415	1
Sam_Pilot	1	Port Input	14	82581	82415	1
Sam_Pilot	1	Port Input	15	82583	82417	1
Sam_Pilot	1	Port Input	14	82583	82417	1
Sam_Pilot	1	Port Input	15	82584	82418	1
Sam_Pilot	1	Port Input	14	82584	82418	1
Sam_Pilot	1	Port Input	15	82585	82419	1
Sam_Pilot	1	Port Input	14	82585	82419	1
Sam_Pilot	1	Port Input	15	82585	82419	1
Sam_Pilot	1	Port Input	14	82585	82419	1
Sam_Pilot	1	Port Input	15	82586	82420	1
Sam_Pilot	1	Port Input	14	82586	82420	1
Sam_Pilot	1	Port Input	15	82587	82421	1
Sam_Pilot	1	Port Input	14	82587	82421	1
Sam_Pilot	1	Port Input	15	82588	82422	1
Sam_Pilot	1	Port Input	14	82588	82422	1
Sam_Pilot	1	Port Input	15	82589	82423	1
Sam_Pilot	1	Port Input	14	82589	82423	1
Sam_Pilot	1	Port Input	15	82590	82424	2
Sam_Pilot	1	Port Input	14	82590	82424	2
Sam_Pilot	1	Port Input	15	82591	82425	1
Sam_Pilot	1	Port Input	14	82591	82425	2
Sam_Pilot	1	Port Input	15	82592	82426	1
Sam_Pilot	1	Port Input	14	82592	82426	1
Sam_Pilot	1	Port Input	15	82594	82428	1
Sam_Pilot	1	Port Input	14	82594	82428	1
Sam_Pilot	1	Port Input	15	82595	82429	1
Sam_Pilot	1	Port Input	14	82595	82429	1
Sam_Pilot	1	Port Input	15	82596	82430	1
Sam_Pilot	1	Port Input	14	82596	82430	1
Sam_Pilot	1	Port Input	15	82596	82430	1
Sam_Pilot	1	Port Input	14	82596	82430	1
Sam_Pilot	1	Port Input	15	82596	82430	1
Sam_Pilot	1	Port Input	14	82596	82430	1
Sam_Pilot	1	Port Input	15	82597	82431	1
Sam_Pilot	1	Port Input	14	82597	82431	1
Sam_Pilot	1	Port Input	15	82597	82431	1
Sam_Pilot	1	Port Input	14	82597	82431	1
Sam_Pilot	1	Port Input	15	82598	82432	1
Sam_Pilot	1	Port Input	14	82598	82432	1
Sam_Pilot	1	Port Input	15	82599	82433	1
Sam_Pilot	1	Port Input	14	82599	82433	1
Sam_Pilot	1	Port Input	15	82599	82433	1
Sam_Pilot	1	Port Input	14	82599	82433	1
Sam_Pilot	1	Port Input	15	82601	82435	1
Sam_Pilot	1	Port Input	14	82601	82435	1
Sam_Pilot	1	Port Input	15	82602	82436	1
Sam_Pilot	1	Port Input	14	82603	82437	1
Sam_Pilot	1	Port Input	15	82605	82439	1
Sam_Pilot	1	Port Input	14	82605	82439	1
Sam_Pilot	1	Port Input	15	82605	82439	1
Sam_Pilot	1	Port Input	14	82605	82439	1
Sam_Pilot	1	Port Input	15	82606	82440	1
Sam_Pilot	1	Port Input	14	82606	82440	1
Sam_Pilot	1	Port Input	15	82608	82442	1
Sam_Pilot	1	Port Input	14	82608	82442	1
Sam_Pilot	1	Port Input	15	82608	82442	1
Sam_Pilot	1	Port Input	14	82608	82442	1
Sam_Pilot	1	Port Input	15	82609	82443	2
Sam_Pilot	1	Port Input	14	82610	82444	1
Sam_Pilot	1	Port Input	15	82610	82444	1
Sam_Pilot	1	Port Input	14	82610	82444	1
Sam_Pilot	1	Port Input	15	82612	82446	1
Sam_Pilot	1	Port Input	14	82612	82446	1
Sam_Pilot	1	Port Input	15	82613	82447	1
Sam_Pilot	1	Port Input	14	82613	82447	1
Sam_Pilot	1	Port Input	15	82616	82450	1
Sam_Pilot	1	Port Input	14	82616	82450	1
Sam_Pilot	1	Port Input	15	82617	82451	1
Sam_Pilot	1	Port Input	14	82617	82451	1
Sam_Pilot	1	Port Input	15	82619	82453	1
Sam_Pilot	1	Port Input	14	82619	82453	1
Sam_Pilot	1	Port Input	15	82619	82453	1
Sam_Pilot	1	Port Input	14	82619	82453	1
Sam_Pilot	1	Port Input	15	82622	82456	1
Sam_Pilot	1	Port Input	14	82622	82456	1
Sam_Pilot	1	Port Input	15	82622	82456	1
Sam_Pilot	1	Port Input	14	82622	82456	1
Sam_Pilot	1	Port Input	15	82626	82460	1
Sam_Pilot	1	Port Input	14	82626	82460	1
Sam_Pilot	1	Port Input	15	82629	82463	1
Sam_Pilot	1	Port Input	14	82629	82463	1
Sam_Pilot	1	Port Input	15	82635	82469	1
Sam_Pilot	1	Port Input	14	82635	82469	1
Sam_Pilot	1	Port Input	15	82656	82490	1
Sam_Pilot	1	Port Input	14	82656	82490	1
Sam_Pilot	1	Port Input	15	82657	82491	1
Sam_Pilot	1	Port Input	14	82657	82491	1
Sam_Pilot	1	Port Input	15	82663	82497	1
Sam_Pilot	1	Port Input	14	82663	82497	1
Sam_Pilot	1	Port Input	15	82667	82501	1
Sam_Pilot	1	Port Input	14	82667	82501	1
Sam_Pilot	1	Port Input	15	82691	82525	1
Sam_Pilot	1	Port Input	14	82691	82525	1
Sam_Pilot	1	Port Input	15	82728	82562	1
Sam_Pilot	1	Port Input	14	82728	82562	1
Sam_Pilot	1	Port Input	15	82762	82596	1
Sam_Pilot	1	Port Input	14	82762	82596	1
Sam_Pilot	1	Port Input	15	82783	82617	1
Sam_Pilot	1	Port Input	14	82783	82617	1
Sam_Pilot	1	Port Input	15	84167	84001	1
Sam_Pilot	1	Port Input	14	84167	84001	1
Sam_Pilot	1	Port Input	15	84171	84005	1
Sam_Pilot	1	Port Input	14	84171	84005	1
Sam_Pilot	1	Port Input	15	84176	84010	1
Sam_Pilot	1	Port Input	14	84176	84010	1
Sam_Pilot	1	Port Input	15	84181	84015	1
Sam_Pilot	1	Port Input	14	84181	84015	1
Sam_Pilot	1	Port Input	15	84182	84016	2
Sam_Pilot	1	Port Input	14	84183	84017	1
Sam_Pilot	1	Port Input	15	84183	84017	1
Sam_Pilot	1	Port Input	14	84183	84017	1
Sam_Pilot	1	Port Input	15	84184	84018	1
Sam_Pilot	1	Port Input	14	84184	84018	1
Sam_Pilot	1	Port Input	15	84185	84019	1
Sam_Pilot	1	Port Input	14	84185	84019	1
Sam_Pilot	1	Port Input	15	84187	84021	1
Sam_Pilot	1	Port Input	14	84187	84021	1
Sam_Pilot	1	Port Input	15	84187	84021	1
Sam_Pilot	1	Port Input	14	84187	84021	1
Sam_Pilot	1	Port Input	15	84187	84021	1
Sam_Pilot	1	Port Input	14	84187	84021	1
Sam_Pilot	1	Port Input	15	84188	84022	1
Sam_Pilot	1	Port Input	14	84188	84022	1
Sam_Pilot	1	Port Input	15	84189	84023	1
Sam_Pilot	1	Port Input	14	84189	84023	1
Sam_Pilot	1	Port Input	15	84190	84024	1
Sam_Pilot	1	Port Input	14	84190	84024	1
Sam_Pilot	1	Port Input	15	84190	84024	1
Sam_Pilot	1	Port Input	14	84190	84024	1
Sam_Pilot	1	Port Input	15	84190	84024	1
Sam_Pilot	1	Port Input	14	84190	84024	1
Sam_Pilot	1	Port Input	15	84192	84026	1
Sam_Pilot	1	Port Input	14	84192	84026	1
Sam_Pilot	1	Port Input	15	84194	84028	1
Sam_Pilot	1	Port Input	14	84194	84028	1
Sam_Pilot	1	Port Input	15	84195	84029	1
Sam_Pilot	1	Port Input	14	84195	84029	1
Sam_Pilot	1	Port Input	15	84196	84030	1
Sam_Pilot	1	Port Input	14	84196	84030	1
Sam_Pilot	1	Port Input	15	84196	84030	1
Sam_Pilot	1	Port Input	14	84196	84030	1
Sam_Pilot	1	Port Input	15	84198	84032	1
Sam_Pilot	1	Port Input	14	84198	84032	1
Sam_Pilot	1	Port Input	15	84199	84033	1
Sam_Pilot	1	Port Input	14	84200	84034	1
Sam_Pilot	1	Port Input	15	84200	84034	1
Sam_Pilot	1	Port Input	14	84200	84034	1
Sam_Pilot	1	Port Input	15	84200	84034	1
Sam_Pilot	1	Port Input	14	84200	84034	1
Sam_Pilot	1	Port Input	15	84201	84035	1
Sam_Pilot	1	Port Input	14	84201	84035	1
Sam_Pilot	1	Port Input	15	84201	84035	1
Sam_Pilot	1	Port Input	14	84201	84035	1
Sam_Pilot	1	Port Input	15	84201	84035	1
Sam_Pilot	1	Port Input	14	84201	84035	1
Sam_Pilot	1	Port Input	15	84202	84036	1
Sam_Pilot	1	Port Input	14	84202	84036	1
Sam_Pilot	1	Port Input	15	84203	84037	1
Sam_Pilot	1	Port Input	14	84203	84037	1
Sam_Pilot	1	Port Input	15	84203	84037	1
Sam_Pilot	1	Port Input	14	84203	84037	1
Sam_Pilot	1	Port Input	15	84203	84037	1
Sam_Pilot	1	Port Input	14	84203	84037	1
Sam_Pilot	1	Port Input	15	84204	84038	1
Sam_Pilot	1	Port Input	14	84204	84038	1
Sam_Pilot	1	Port Input	15	84204	84038	1
Sam_Pilot	1	Port Input	14	84204	84038	1
Sam_Pilot	1	Port Input	15	84205	84039	1
Sam_Pilot	1	Port Input	14	84205	84039	1
Sam_Pilot	1	Port Input	15	84205	84039	1
Sam_Pilot	1	Port Input	14	84205	84039	1
Sam_Pilot	1	Port Input	15	84206	84040	1
Sam_Pilot	1	Port Input	14	84206	84040	1
Sam_Pilot	1	Port Input	15	84207	84041	1
Sam_Pilot	1	Port Input	14	84207	84041	1
Sam_Pilot	1	Port Input	15	84207	84041	1
Sam_Pilot	1	Port Input	14	84207	84041	1
Sam_Pilot	1	Port Input	15	84208	84042	1
Sam_Pilot	1	Port Input	14	84208	84042	2
Sam_Pilot	1	Port Input	15	84209	84043	1
Sam_Pilot	1	Port Input	14	84209	84043	1
Sam_Pilot	1	Port Input	15	84210	84044	2
Sam_Pilot	1	Port Input	14	84211	84045	1
Sam_Pilot	1	Port Input	15	84211	84045	1
Sam_Pilot	1	Port Input	14	84211	84045	1
Sam_Pilot	1	Port Input	15	84212	84046	1
Sam_Pilot	1	Port Input	14	84212	84046	1
Sam_Pilot	1	Port Input	15	84212	84046	1
Sam_Pilot	1	Port Input	14	84212	84046	1
Sam_Pilot	1	Port Input	15	84213	84047	1
Sam_Pilot	1	Port Input	14	84213	84047	1
Sam_Pilot	1	Port Input	15	84213	84047	1
Sam_Pilot	1	Port Input	14	84213	84047	1
Sam_Pilot	1	Port Input	15	84214	84048	1
Sam_Pilot	1	Port Input	14	84214	84048	1
Sam_Pilot	1	Port Input	15	84215	84049	1
Sam_Pilot	1	Port Input	14	84215	84049	1
Sam_Pilot	1	Port Input	15	84215	84049	1
Sam_Pilot	1	Port Input	14	84215	84049	1
Sam_Pilot	1	Port Input	15	84216	84050	1
Sam_Pilot	1	Port Input	14	84216	84050	1
Sam_Pilot	1	Port Input	15	84216	84050	1
Sam_Pilot	1	Port Input	14	84216	84050	1
Sam_Pilot	1	Port Input	15	84217	84051	1
Sam_Pilot	1	Port Input	14	84217	84051	1
Sam_Pilot	1	Port Input	15	84218	84052	1
Sam_Pilot	1	Port Input	14	84218	84052	1
Sam_Pilot	1	Port Input	15	84219	84053	1
Sam_Pilot	1	Port Input	14	84219	84053	1
Sam_Pilot	1	Port Input	15	84219	84053	1
Sam_Pilot	1	Port Input	14	84219	84053	1
Sam_Pilot	1	Port Input	15	84220	84054	1
Sam_Pilot	1	Port Input	14	84220	84054	1
Sam_Pilot	1	Port Input	15	84220	84054	1
Sam_Pilot	1	Port Input	14	84220	84054	2
Sam_Pilot	1	Port Input	15	84222	84056	1
Sam_Pilot	1	Port Input	14	84222	84056	1
Sam_Pilot	1	Port Input	15	84222	84056	1
Sam_Pilot	1	Port Input	14	84222	84056	1
Sam_Pilot	1	Port Input	15	84223	84057	1
Sam_Pilot	1	Port Input	14	84223	84057	1
Sam_Pilot	1	Port Input	15	84223	84057	1
Sam_Pilot	1	Port Input	14	84223	84057	1
Sam_Pilot	1	Port Input	15	84223	84057	1
Sam_Pilot	1	Port Input	14	84223	84057	1
Sam_Pilot	1	Port Input	15	84224	84058	1
Sam_Pilot	1	Port Input	14	84224	84058	1
Sam_Pilot	1	Port Input	15	84225	84059	1
Sam_Pilot	1	Port Input	14	84225	84059	1
Sam_Pilot	1	Port Input	15	84227	84061	1
Sam_Pilot	1	Port Input	14	84227	84061	1
Sam_Pilot	1	Port Input	15	84228	84062	1
Sam_Pilot	1	Port Input	14	84228	84062	1
Sam_Pilot	1	Port Input	15	84228	84062	1
Sam_Pilot	1	Port Input	14	84228	84062	1
Sam_Pilot	1	Port Input	15	84230	84064	1
Sam_Pilot	1	Port Input	14	84230	84064	1
Sam_Pilot	1	Port Input	15	84231	84065	1
Sam_Pilot	1	Port Input	14	84231	84065	1
Sam_Pilot	1	Port Input	15	84232	84066	1
Sam_Pilot	1	Port Input	14	84232	84066	1
Sam_Pilot	1	Port Input	15	84233	84067	1
Sam_Pilot	1	Port Input	14	84233	84067	1
Sam_Pilot	1	Port Input	15	84233	84067	1
Sam_Pilot	1	Port Input	14	84233	84067	2
Sam_Pilot	1	Port Input	15	84235	84069	1
Sam_Pilot	1	Port Input	14	84235	84069	1
Sam_Pilot	1	Port Input	15	84237	84071	1
Sam_Pilot	1	Port Input	14	84237	84071	1
Sam_Pilot	1	Port Input	15	84240	84074	1
Sam_Pilot	1	Port Input	14	84240	84074	1
Sam_Pilot	1	Port Input	15	84240	84074	1
Sam_Pilot	1	Port Input	14	84240	84074	1
Sam_Pilot	1	Port Input	15	84241	84075	1
Sam_Pilot	1	Port Input	14	84241	84075	1
Sam_Pilot	1	Port Input	15	84241	84075	1
Sam_Pilot	1	Port Input	14	84241	84075	1
Sam_Pilot	1	Port Input	15	84241	84075	1
Sam_Pilot	1	Port Input	14	84241	84075	1
Sam_Pilot	1	Port Input	15	84243	84077	1
Sam_Pilot	1	Port Input	14	84243	84077	1
Sam_Pilot	1	Port Input	15	84244	84078	1
Sam_Pilot	1	Port Input	14	84244	84078	1
Sam_Pilot	1	Port Input	15	84244	84078	1
Sam_Pilot	1	Port Input	14	84244	84078	1
Sam_Pilot	1	Port Input	15	84247	84081	1
Sam_Pilot	1	Port Input	14	84247	84081	1
Sam_Pilot	1	Port Input	15	84249	84083	1
Sam_Pilot	1	Port Input	14	84249	84083	1
Sam_Pilot	1	Port Input	15	84253	84087	1
Sam_Pilot	1	Port Input	14	84253	84087	1
Sam_Pilot	1	Port Input	15	84254	84088	1
Sam_Pilot	1	Port Input	14	84254	84088	1
Sam_Pilot	1	Port Input	15	84258	84092	1
Sam_Pilot	1	Port Input	14	84258	84092	1
Sam_Pilot	1	Port Input	15	84261	84095	1
Sam_Pilot	1	Port Input	14	84261	84095	1
Sam_Pilot	1	Port Input	15	84262	84096	1
Sam_Pilot	1	Port Input	14	84262	84096	1
Sam_Pilot	1	Port Input	15	84263	84097	1
Sam_Pilot	1	Port Input	14	84263	84097	1
Sam_Pilot	1	Port Input	15	84264	84098	1
Sam_Pilot	1	Port Input	14	84264	84098	1
Sam_Pilot	1	Port Input	15	84265	84099	1
Sam_Pilot	1	Port Input	14	84265	84099	1
Sam_Pilot	1	Port Input	15	84265	84099	1
Sam_Pilot	1	Port Input	14	84265	84099	1
Sam_Pilot	1	Port Input	15	84266	84100	1
Sam_Pilot	1	Port Input	14	84266	84100	1
Sam_Pilot	1	Port Input	15	84268	84102	1
Sam_Pilot	1	Port Input	14	84268	84102	1
Sam_Pilot	1	Port Input	15	84268	84102	1
Sam_Pilot	1	Port Input	14	84268	84102	1
Sam_Pilot	1	Port Input	15	84268	84102	1
Sam_Pilot	1	Port Input	14	84268	84102	2
Sam_Pilot	1	Port Input	15	84269	84103	1
Sam_Pilot	1	Port Input	14	84269	84103	1
Sam_Pilot	1	Port Input	15	84271	84105	1
Sam_Pilot	1	Port Input	14	84271	84105	1
Sam_Pilot	1	Port Input	15	84272	84106	1
Sam_Pilot	1	Port Input	14	84272	84106	1
Sam_Pilot	1	Port Input	15	84272	84106	1
Sam_Pilot	1	Port Input	14	84272	84106	1
Sam_Pilot	1	Port Input	15	84273	84107	1
Sam_Pilot	1	Port Input	14	84273	84107	1
Sam_Pilot	1	Port Input	15	84273	84107	1
Sam_Pilot	1	Port Input	14	84273	84107	1
Sam_Pilot	1	Port Input	15	84275	84109	1
Sam_Pilot	1	Port Input	14	84275	84109	1
Sam_Pilot	1	Port Input	15	84276	84110	1
Sam_Pilot	1	Port Input	14	84276	84110	1
Sam_Pilot	1	Port Input	15	84277	84111	1
Sam_Pilot	1	Port Input	14	84277	84111	1
Sam_Pilot	1	Port Input	15	84278	84112	1
Sam_Pilot	1	Port Input	14	84278	84112	1
Sam_Pilot	1	Port Input	15	84279	84113	1
Sam_Pilot	1	Port Input	14	84279	84113	1
Sam_Pilot	1	Port Input	15	84287	84121	1
Sam_Pilot	1	Port Input	14	84287	84121	1
Sam_Pilot	1	Port Input	15	84298	84132	1
Sam_Pilot	1	Port Input	14	84298	84132	1
Sam_Pilot	1	Port Input	15	84303	84137	1
Sam_Pilot	1	Port Input	14	84303	84137	1
Sam_Pilot	1	Port Input	15	84319	84153	1
Sam_Pilot	1	Port Input	14	84319	84153	1
Sam_Pilot	1	Port Input	15	84321	84155	1
Sam_Pilot	1	Port Input	14	84321	84155	1
Sam_Pilot	1	Port Input	15	84688	84522	1
Sam_Pilot	1	Port Input	14	84688	84522	1
Sam_Pilot	1	Port Input	15	84708	84542	1
Sam_Pilot	1	Port Input	14	84708	84542	1
Sam_Pilot	1	Port Input	15	84708	84542	1
Sam_Pilot	1	Port Input	14	84708	84542	1
Sam_Pilot	1	Port Input	15	84708	84542	1
Sam_Pilot	1	Port Input	14	84708	84542	1
Sam_Pilot	1	Port Input	15	84709	84543	1
Sam_Pilot	2	Port Input	14	111304	20883	3
Sam_Pilot	2	Response	100	111304	20883	3
Sam_Pilot	2	Port Input	15	111404	20983	1
Sam_Pilot	2	Port Input	14	111404	20983	1
Sam_Pilot	2	Port Input	15	111406	20985	1
Sam_Pilot	2	Port Input	14	111406	20985	1
Sam_Pilot	2	Port Input	15	111407	20986	1
Sam_Pilot	2	Port Input	14	111407	20986	1
Sam_Pilot	2	Port Input	15	111411	20990	1
Sam_Pilot	2	Port Input	14	111411	20990	1
Sam_Pilot	2	Port Input	15	111415	20994	1
Sam_Pilot	2	Port Input	14	111415	20994	1
Sam_Pilot	2	Port Input	15	111429	21008	1
Sam_Pilot	2	Port Input	14	111429	21008	1
Sam_Pilot	3	Port Input	15	111616	174	3
Sam_Pilot	3	Port Input	14	111618	176	1
Sam_Pilot	3	Port Input	15	111624	182	3
Sam_Pilot	3	Port Input	14	111626	184	4
Sam_Pilot	3	Port Input	15	111634	192	1
Sam_Pilot	3	Port Input	14	111634	192	1
Sam_Pilot	3	Port Input	15	111645	203	3
Sam_Pilot	3	Port Input	14	111648	206	1
Sam_Pilot	3	Port Input	15	111658	216	1
Sam_Pilot	3	Port Input	14	111658	216	1
Sam_Pilot	3	Port Input	15	111685	243	3
Sam_Pilot	3	Port Input	14	111687	245	2
Sam_Pilot	3	Port Input	15	111871	429	1
Sam_Pilot	3	Port Input	14	111871	429	4
Sam_Pilot	3	Port Input	15	112652	1210	1
Sam_Pilot	3	Port Input	14	112652	1210	4
Sam_Pilot	3	Port Input	15	112790	1348	1
Sam_Pilot	3	Port Input	14	112790	1348	3
Sam_Pilot	3	Port Input	15	112964	1522	1
Sam_Pilot	3	Port Input	14	112964	1522	1
Sam_Pilot	3	Port Input	15	112999	1557	3
Sam_Pilot	3	Port Input	14	113001	1559	1
Sam_Pilot	3	Port Input	15	113012	1570	1
Sam_Pilot	3	Port Input	14	113012	1570	4
Sam_Pilot	3	Port Input	15	113028	1586	1
Sam_Pilot	3	Port Input	14	113028	1586	1
Sam_Pilot	3	Port Input	15	113036	1594	1
Sam_Pilot	3	Port Input	14	113036	1594	1
Sam_Pilot	3	Port Input	15	113060	1618	1
Sam_Pilot	3	Port Input	14	113060	1618	1
Sam_Pilot	3	Port Input	15	113073	1631	4
Sam_Pilot	3	Port Input	14	113076	1634	1
Sam_Pilot	3	Port Input	15	113097	1655	1
Sam_Pilot	3	Port Input	14	113097	1655	1
Sam_Pilot	3	Port Input	15	113227	1785	1
Sam_Pilot	3	Port Input	14	113227	1785	3
Sam_Pilot	3	Port Input	15	113322	1880	4
Sam_Pilot	3	Port Input	14	113325	1883	1
Sam_Pilot	3	Port Input	15	113325	1883	3
Sam_Pilot	3	Port Input	14	130359	18917	1
Sam_Pilot	3	Port Input	15	130359	18917	1
Sam_Pilot	3	Port Input	14	130359	18917	1
Sam_Pilot	3	Response	100	130359	18917	1
Sam_Pilot	4	Port Input	15	132399	1938	1
Sam_Pilot	4	Port Input	14	132399	1938	1
Sam_Pilot	4	Port Input	15	132402	1941	1
Sam_Pilot	4	Port Input	14	132402	1941	1
Sam_Pilot	4	Port Input	15	132671	2210	1
Sam_Pilot	4	Port Input	14	132671	2210	1
Sam_Pilot	4	Port Input	15	132676	2215	1
Sam_Pilot	4	Port Input	14	149087	18626	4
Sam_Pilot	4	Response	100	149087	18626	4
Sam_Pilot	5	Port Input	15	149363	217	1
Sam_Pilot	5	Port Input	14	149363	217	1
Sam_Pilot	5	Port Input	15	150855	1709	4
Sam_Pilot	5	Port Input	14	150863	1717	4
Sam_Pilot	5	Port Input	15	151128	1982	3
Sam_Pilot	5	Port Input	14	151130	1984	4
Sam_Pilot	5	Port Input	15	151138	1992	1
Sam_Pilot	5	Port Input	14	151138	1992	1
Sam_Pilot	5	Port Input	15	151157	2011	1
Sam_Pilot	5	Port Input	14	151157	2011	4
Sam_Pilot	5	Port Input	15	151173	2027	4
Sam_Pilot	5	Port Input	14	151176	2030	1
Sam_Pilot	5	Port Input	15	151253	2107	4
Sam_Pilot	5	Port Input	14	151256	2110	1
Sam_Pilot	5	Port Input	15	151560	2414	4
Sam_Pilot	5	Port Input	14	151563	2417	1
Sam_Pilot	5	Port Input	15	151563	2417	1
Sam_Pilot	5	Port Input	14	165926	16780	4
Sam_Pilot	5	Response	100	165926	16780	4
Sam_Pilot	5	Port Input	15	165929	16783	1
Sam_Pilot	5	Port Input	14	165929	16783	4
Sam_Pilot	6	Port Input	15	168230	2234	4
Sam_Pilot	6	Port Input	14	183999	18003	4
Sam_Pilot	6	Response	100	183999	18003	4
Sam_Pilot	6	Port Input	15	184002	18006	3
Sam_Pilot	6	Port Input	14	184004	18008	1
Sam_Pilot	6	Port Input	15	184005	18009	1
Sam_Pilot	6	Port Input	14	184005	18009	1
Sam_Pilot	6	Port Input	15	184127	18131	1
Sam_Pilot	6	Port Input	14	184127	18131	1
Sam_Pilot	6	Port Input	15	184176	18180	1
Sam_Pilot	6	Port Input	14	184176	18180	1
Sam_Pilot	6	Port Input	15	184178	18182	1
Sam_Pilot	6	Port Input	14	184178	18182	2
Sam_Pilot	7	Port Input	15	186430	2250	4
Sam_Pilot	7	Port Input	14	201583	17403	4
Sam_Pilot	7	Response	100	201583	17403	4
Sam_Pilot	8	Port Input	15	201934	236	3
Sam_Pilot	8	Port Input	14	201936	238	1
Sam_Pilot	8	Port Input	15	203421	1723	1
Sam_Pilot	8	Port Input	14	203421	1723	4
Sam_Pilot	8	Port Input	15	203424	1726	1
Sam_Pilot	8	Port Input	14	203424	1726	1
Sam_Pilot	8	Port Input	15	203424	1726	1
Sam_Pilot	8	Port Input	14	203424	1726	4
Sam_Pilot	8	Port Input	15	203440	1742	1
Sam_Pilot	8	Port Input	14	203440	1742	1
Sam_Pilot	8	Port Input	15	203706	2008	1
Sam_Pilot	8	Port Input	14	203706	2008	1
Sam_Pilot	8	Port Input	15	203941	2243	1
Sam_Pilot	8	Port Input	14	203941	2243	2
Sam_Pilot	8	Port Input	15	203942	2244	3
Sam_Pilot	8	Port Input	14	218190	16492	4
Sam_Pilot	8	Response	100	218190	16492	4
Sam_Pilot	9	Port Input	15	218372	158	1
Sam_Pilot	9	Port Input	14	218372	158	1
Sam_Pilot	9	Port Input	15	218399	185	1
Sam_Pilot	9	Port Input	14	218399	185	1
Sam_Pilot	9	Port Input	15	218402	188	1
Sam_Pilot	9	Port Input	14	218402	188	1
Sam_Pilot	9	Port Input	15	218447	233	1
Sam_Pilot	9	Port Input	14	218447	233	1
Sam_Pilot	9	Port Input	15	218447	233	1
Sam_Pilot	9	Port Input	14	218447	233	4
Sam_Pilot	9	Port Input	15	218729	515	3
Sam_Pilot	9	Port Input	14	218731	517	1
Sam_Pilot	9	Port Input	15	220132	1918	3
Sam_Pilot	9	Port Input	14	220134	1920	1
Sam_Pilot	9	Port Input	15	220286	2072	4
Sam_Pilot	9	Port Input	14	220289	2075	3
Sam_Pilot	9	Port Input	15	220299	2085	1
Sam_Pilot	9	Port Input	14	220299	2085	1
Sam_Pilot	9	Port Input	15	220318	2104	1
Sam_Pilot	9	Port Input	14	220318	2104	1
Sam_Pilot	9	Port Input	15	220331	2117	1
Sam_Pilot	9	Port Input	14	220331	2117	4
Sam_Pilot	9	Port Input	15	220337	2123	1
Sam_Pilot	9	Port Input	14	220337	2123	1
Sam_Pilot	9	Port Input	15	220361	2147	1
Sam_Pilot	9	Port Input	14	220361	2147	3
Sam_Pilot	9	Port Input	15	220363	2149	1
Sam_Pilot	9	Port Input	14	220363	2149	1
Sam_Pilot	9	Port Input	15	220369	2155	1
Sam_Pilot	9	Port Input	14	220369	2155	3
Sam_Pilot	9	Port Input	15	220371	2157	1
Sam_Pilot	9	Port Input	14	220371	2157	1
Sam_Pilot	9	Port Input	15	220403	2189	1
Sam_Pilot	9	Port Input	14	220403	2189	4
Sam_Pilot	9	Port Input	15	220686	2472	4
Sam_Pilot	9	Port Input	14	236675	18461	4
Sam_Pilot	9	Response	100	236675	18461	4
Sam_Pilot	9	Port Input	15	236682	18468	1
Sam_Pilot	9	Port Input	14	236682	18468	1
Sam_Pilot	9	Port Input	15	236682	18468	1
Sam_Pilot	9	Port Input	14	236682	18468	1
Sam_Pilot	10	Port Input	15	237639	907	4
Sam_Pilot	10	Port Input	14	237642	910	1
Sam_Pilot	10	Port Input	15	239131	2399	4
Sam_Pilot	10	Port Input	14	254791	18059	1
Sam_Pilot	10	Response	100	254791	18059	1
Sam_Pilot	10	Port Input	15	254793	18061	1
Sam_Pilot	10	Port Input	14	254793	18061	1
Sam_Pilot	11	Port Input	15	255046	130	1
Sam_Pilot	11	Port Input	14	255046	130	4
Sam_Pilot	11	Port Input	15	257414	2498	1
Sam_Pilot	11	Port Input	14	257414	2498	1
Sam_Pilot	11	Port Input	15	257427	2511	1
Sam_Pilot	11	Port Input	14	257427	2511	2
Sam_Pilot	11	Port Input	15	257435	2519	1
Sam_Pilot	11	Port Input	14	257435	2519	4
Sam_Pilot	11	Port Input	15	257438	2522	4
Sam_Pilot	11	Port Input	14	257441	2525	1
Sam_Pilot	11	Port Input	15	258005	3089	3
Sam_Pilot	11	Port Input	14	258007	3091	2
Sam_Pilot	11	Port Input	15	258008	3092	1
Sam_Pilot	11	Port Input	14	273470	18554	4
Sam_Pilot	11	Response	100	273470	18554	4
Sam_Pilot	12	Port Input	15	276614	3012	4
Sam_Pilot	12	Port Input	14	292366	18764	3
Sam_Pilot	12	Response	100	292366	18764	4
Sam_Pilot	13	Port Input	15	295811	3358	5
Sam_Pilot	13	Port Input	14	311983	19530	4
Sam_Pilot	13	Response	100	311983	19530	4
Sam_Pilot	13	Port Input	15	311985	19532	2
Sam_Pilot	13	Port Input	14	311986	19533	3
Sam_Pilot	14	Port Input	15	312330	191	1
Sam_Pilot	14	Port Input	14	312330	191	1
Sam_Pilot	14	Port Input	15	312341	202	1
Sam_Pilot	14	Port Input	14	312341	202	4
Sam_Pilot	14	Port Input	15	312424	285	1
Sam_Pilot	14	Port Input	14	312424	285	4
Sam_Pilot	14	Port Input	15	312525	386	4
Sam_Pilot	14	Port Input	14	312528	389	1
Sam_Pilot	14	Port Input	15	315704	3565	1
Sam_Pilot	14	Port Input	14	315704	3565	1
Sam_Pilot	14	Port Input	15	315987	3848	1
Sam_Pilot	14	Port Input	14	331042	18903	3
Sam_Pilot	14	Response	100	331042	18903	3
Sam_Pilot	14	Port Input	15	331044	18905	1
Sam_Pilot	14	Port Input	14	331044	18905	4
Sam_Pilot	14	Port Input	15	331048	18909	1
Sam_Pilot	14	Port Input	14	331048	18909	1
Sam_Pilot	15	Port Input	15	334388	3230	1
Sam_Pilot	15	Port Input	14	334388	3230	1
Sam_Pilot	15	Port Input	15	334920	3762	1
Sam_Pilot	15	Port Input	14	334920	3762	1
Sam_Pilot	15	Port Input	15	334925	3767	1
Sam_Pilot	15	Port Input	14	334925	3767	1
Sam_Pilot	15	Port Input	15	334925	3767	4
Sam_Pilot	15	Port Input	14	350738	19580	3
Sam_Pilot	15	Response	100	350738	19580	4
Sam_Pilot	16	Port Input	15	355175	4331	3
Sam_Pilot	16	Port Input	14	370167	19323	3
Sam_Pilot	16	Response	100	370167	19323	3
