Scenario - passive press generic training 1.2
Logfile written - 12/22/2020 13:59:38

Subject	Trial	Event Type	Code	Time	TTime	Uncertainty	Duration	Uncertainty	ReqTime	ReqDur	Stim Type	Pair Index

Scott_Pilot	1	Picture	83	166	0	1	5005	2	0	4950	other	0
Scott_Pilot	1	Picture	82	10176	10010	1	5005	2	9950	4950	other	0
Scott_Pilot	1	Picture	81	20186	20020	1	5004	3	19950	4950	other	0
Scott_Pilot	1	Picture	80	30195	30029	1	5005	2	29950	4950	other	0
Scott_Pilot	1	Picture	81	40205	40039	1	10010	2	39950	9950	other	0
Scott_Pilot	1	Picture	81	60224	60058	2	10010	3	59950	9950	other	0
Scott_Pilot	1	Port Input	14	69685	69519	1
Scott_Pilot	1	Port Input	15	69685	69519	1
Scott_Pilot	1	Port Input	14	69685	69519	1
Scott_Pilot	1	Response	100	69685	69519	1
Scott_Pilot	1	Port Input	15	69686	69520	1
Scott_Pilot	1	Port Input	14	69686	69520	1
Scott_Pilot	1	Port Input	15	69686	69520	1
Scott_Pilot	1	Port Input	14	69686	69520	1
Scott_Pilot	1	Port Input	15	69686	69520	1
Scott_Pilot	1	Port Input	14	69686	69520	1
Scott_Pilot	1	Port Input	15	69686	69520	1
Scott_Pilot	1	Port Input	14	69687	69521	1
Scott_Pilot	1	Port Input	15	69687	69521	1
Scott_Pilot	1	Port Input	14	69687	69521	1
Scott_Pilot	1	Port Input	15	69687	69521	1
Scott_Pilot	1	Port Input	14	69687	69521	1
Scott_Pilot	1	Port Input	15	69687	69521	1
Scott_Pilot	1	Port Input	14	69688	69522	1
Scott_Pilot	1	Port Input	15	69688	69522	1
Scott_Pilot	1	Port Input	14	69688	69522	1
Scott_Pilot	1	Port Input	15	69688	69522	1
Scott_Pilot	1	Port Input	14	69688	69522	1
Scott_Pilot	1	Port Input	15	69688	69522	1
Scott_Pilot	1	Port Input	14	69689	69523	1
Scott_Pilot	1	Port Input	15	69690	69524	1
Scott_Pilot	1	Port Input	14	69690	69524	1
Scott_Pilot	1	Port Input	15	69690	69524	1
Scott_Pilot	1	Port Input	14	69690	69524	1
Scott_Pilot	1	Port Input	15	69690	69524	1
Scott_Pilot	1	Port Input	14	69690	69524	1
Scott_Pilot	1	Port Input	15	69690	69524	1
Scott_Pilot	1	Port Input	14	69691	69525	1
Scott_Pilot	1	Port Input	15	69691	69525	1
Scott_Pilot	1	Port Input	14	69691	69525	1
Scott_Pilot	1	Port Input	15	69691	69525	1
Scott_Pilot	1	Port Input	14	69691	69525	1
Scott_Pilot	1	Port Input	15	69691	69525	1
Scott_Pilot	1	Port Input	14	69691	69525	1
Scott_Pilot	1	Port Input	15	69692	69526	1
Scott_Pilot	1	Port Input	14	69692	69526	1
Scott_Pilot	1	Port Input	15	69692	69526	1
Scott_Pilot	1	Port Input	14	69692	69526	1
Scott_Pilot	1	Port Input	15	69692	69526	1
Scott_Pilot	1	Port Input	14	69692	69526	1
Scott_Pilot	1	Port Input	15	69692	69526	1
Scott_Pilot	1	Port Input	14	69692	69526	1
Scott_Pilot	1	Port Input	15	69692	69526	1
Scott_Pilot	1	Port Input	14	69692	69526	1
Scott_Pilot	1	Port Input	15	69692	69526	2
Scott_Pilot	1	Port Input	14	69693	69527	1
Scott_Pilot	1	Port Input	15	69694	69528	1
Scott_Pilot	1	Port Input	14	69694	69528	1
Scott_Pilot	1	Port Input	15	69694	69528	1
Scott_Pilot	1	Port Input	14	69694	69528	1
Scott_Pilot	1	Port Input	15	69695	69529	1
Scott_Pilot	1	Port Input	14	69695	69529	2
Scott_Pilot	1	Port Input	15	69696	69530	1
Scott_Pilot	1	Port Input	14	69696	69530	1
Scott_Pilot	1	Port Input	15	69696	69530	1
Scott_Pilot	1	Port Input	14	69696	69530	1
Scott_Pilot	1	Port Input	15	69697	69531	1
Scott_Pilot	1	Port Input	14	69697	69531	1
Scott_Pilot	1	Port Input	15	69697	69531	1
Scott_Pilot	1	Port Input	14	69697	69531	1
Scott_Pilot	1	Port Input	15	69697	69531	1
Scott_Pilot	1	Port Input	14	69697	69531	1
Scott_Pilot	1	Port Input	15	69698	69532	1
Scott_Pilot	1	Port Input	14	69698	69532	1
Scott_Pilot	1	Port Input	15	69698	69532	1
Scott_Pilot	1	Port Input	14	69698	69532	1
Scott_Pilot	1	Port Input	15	69699	69533	1
Scott_Pilot	1	Port Input	14	69699	69533	1
Scott_Pilot	1	Port Input	15	69699	69533	1
Scott_Pilot	1	Port Input	14	69699	69533	1
Scott_Pilot	1	Port Input	15	69699	69533	1
Scott_Pilot	1	Port Input	14	69699	69533	1
Scott_Pilot	1	Port Input	15	69700	69534	1
Scott_Pilot	1	Port Input	14	69700	69534	1
Scott_Pilot	1	Port Input	15	69700	69534	1
Scott_Pilot	1	Port Input	14	69700	69534	1
Scott_Pilot	1	Port Input	15	69702	69536	1
Scott_Pilot	1	Port Input	14	69702	69536	1
Scott_Pilot	1	Port Input	15	69702	69536	1
Scott_Pilot	1	Port Input	14	69702	69536	1
Scott_Pilot	1	Port Input	15	69731	69565	1
Scott_Pilot	1	Port Input	14	69731	69565	1
Scott_Pilot	1	Port Input	15	69734	69568	1
Scott_Pilot	1	Port Input	14	69734	69568	1
Scott_Pilot	1	Port Input	15	69734	69568	1
Scott_Pilot	1	Port Input	14	69734	69568	1
Scott_Pilot	1	Port Input	15	69734	69568	2
Scott_Pilot	1	Port Input	14	69735	69569	1
Scott_Pilot	1	Port Input	15	69735	69569	1
Scott_Pilot	1	Port Input	14	69735	69569	1
Scott_Pilot	1	Port Input	15	69735	69569	1
Scott_Pilot	1	Port Input	14	69735	69569	1
Scott_Pilot	1	Port Input	15	69736	69570	1
Scott_Pilot	1	Port Input	14	69736	69570	1
Scott_Pilot	1	Port Input	15	69736	69570	1
Scott_Pilot	1	Port Input	14	69736	69570	1
Scott_Pilot	1	Port Input	15	69738	69572	1
Scott_Pilot	1	Port Input	14	69738	69572	1
Scott_Pilot	1	Port Input	15	69738	69572	1
Scott_Pilot	1	Port Input	14	69738	69572	1
Scott_Pilot	1	Port Input	15	69738	69572	1
Scott_Pilot	1	Port Input	14	69738	69572	1
Scott_Pilot	1	Port Input	15	69739	69573	2
Scott_Pilot	1	Port Input	14	69740	69574	1
Scott_Pilot	1	Port Input	15	69740	69574	1
Scott_Pilot	1	Port Input	14	69740	69574	1
Scott_Pilot	1	Port Input	15	69741	69575	1
Scott_Pilot	1	Port Input	14	69741	69575	1
Scott_Pilot	1	Port Input	15	69742	69576	1
Scott_Pilot	1	Port Input	14	69742	69576	1
Scott_Pilot	1	Port Input	15	69742	69576	1
Scott_Pilot	1	Port Input	14	69742	69576	1
Scott_Pilot	1	Port Input	15	69742	69576	1
Scott_Pilot	1	Port Input	14	69742	69576	1
Scott_Pilot	1	Port Input	15	69742	69576	1
Scott_Pilot	1	Port Input	14	69742	69576	1
Scott_Pilot	1	Port Input	15	69742	69576	1
Scott_Pilot	1	Port Input	14	69742	69576	1
Scott_Pilot	1	Port Input	15	69742	69576	1
Scott_Pilot	1	Port Input	14	69742	69576	1
Scott_Pilot	1	Port Input	15	69744	69578	1
Scott_Pilot	1	Port Input	14	69744	69578	1
Scott_Pilot	1	Port Input	15	69744	69578	1
Scott_Pilot	1	Port Input	14	69744	69578	1
Scott_Pilot	1	Port Input	15	69750	69584	1
Scott_Pilot	1	Port Input	14	69750	69584	1
Scott_Pilot	1	Port Input	15	69750	69584	1
Scott_Pilot	1	Port Input	14	69750	69584	1
Scott_Pilot	1	Port Input	15	69751	69585	1
Scott_Pilot	1	Port Input	14	69751	69585	1
Scott_Pilot	1	Port Input	15	69752	69586	1
Scott_Pilot	1	Port Input	14	69752	69586	1
Scott_Pilot	1	Port Input	15	69753	69587	1
Scott_Pilot	1	Port Input	14	69753	69587	1
Scott_Pilot	1	Port Input	15	69753	69587	1
Scott_Pilot	1	Port Input	14	69753	69587	1
Scott_Pilot	1	Port Input	15	69753	69587	1
Scott_Pilot	1	Port Input	14	69753	69587	1
Scott_Pilot	1	Port Input	15	69754	69588	1
Scott_Pilot	1	Port Input	14	69754	69588	1
Scott_Pilot	1	Port Input	15	69754	69588	1
Scott_Pilot	1	Port Input	14	69754	69588	1
Scott_Pilot	1	Port Input	15	69755	69589	1
Scott_Pilot	1	Port Input	14	69755	69589	1
Scott_Pilot	1	Port Input	15	69755	69589	1
Scott_Pilot	1	Port Input	14	69755	69589	1
Scott_Pilot	1	Port Input	15	69756	69590	1
Scott_Pilot	1	Port Input	14	69756	69590	1
Scott_Pilot	1	Port Input	15	69759	69593	1
Scott_Pilot	1	Port Input	14	69759	69593	1
Scott_Pilot	1	Port Input	15	69759	69593	1
Scott_Pilot	1	Port Input	14	69759	69593	1
Scott_Pilot	1	Port Input	15	69760	69594	1
Scott_Pilot	1	Port Input	14	69760	69594	1
Scott_Pilot	1	Port Input	15	69760	69594	1
Scott_Pilot	1	Port Input	14	69760	69594	2
Scott_Pilot	1	Port Input	15	69760	69594	2
Scott_Pilot	1	Port Input	14	69761	69595	1
Scott_Pilot	1	Port Input	15	69761	69595	1
Scott_Pilot	1	Port Input	14	69761	69595	1
Scott_Pilot	1	Port Input	15	69762	69596	1
Scott_Pilot	1	Port Input	14	69762	69596	1
Scott_Pilot	1	Port Input	15	69762	69596	1
Scott_Pilot	1	Port Input	14	69762	69596	1
Scott_Pilot	1	Port Input	15	69762	69596	1
Scott_Pilot	1	Port Input	14	69762	69596	1
Scott_Pilot	1	Port Input	15	69762	69596	1
Scott_Pilot	1	Port Input	14	69762	69596	1
Scott_Pilot	1	Port Input	15	69762	69596	1
Scott_Pilot	1	Port Input	14	69762	69596	1
Scott_Pilot	1	Port Input	15	69763	69597	1
Scott_Pilot	1	Port Input	14	69763	69597	1
Scott_Pilot	1	Port Input	15	69765	69599	1
Scott_Pilot	1	Port Input	14	69765	69599	1
Scott_Pilot	1	Port Input	15	69765	69599	1
Scott_Pilot	1	Port Input	14	69765	69599	1
Scott_Pilot	1	Port Input	15	69767	69601	1
Scott_Pilot	1	Port Input	14	69767	69601	1
Scott_Pilot	1	Port Input	15	69768	69602	1
Scott_Pilot	1	Port Input	14	69768	69602	1
Scott_Pilot	1	Port Input	15	69768	69602	1
Scott_Pilot	1	Port Input	14	69768	69602	1
Scott_Pilot	1	Port Input	15	69768	69602	1
Scott_Pilot	1	Port Input	14	69768	69602	1
Scott_Pilot	1	Port Input	15	69770	69604	1
Scott_Pilot	1	Port Input	14	69770	69604	1
Scott_Pilot	1	Port Input	15	69770	69604	1
Scott_Pilot	1	Port Input	14	69770	69604	1
Scott_Pilot	1	Port Input	15	69770	69604	1
Scott_Pilot	1	Port Input	14	69770	69604	1
Scott_Pilot	1	Port Input	15	69770	69604	1
Scott_Pilot	1	Port Input	14	69770	69604	1
Scott_Pilot	1	Port Input	15	69771	69605	1
Scott_Pilot	1	Port Input	14	69771	69605	1
Scott_Pilot	1	Port Input	15	69771	69605	1
Scott_Pilot	1	Port Input	14	69771	69605	1
Scott_Pilot	1	Port Input	15	69772	69606	1
Scott_Pilot	1	Port Input	14	69772	69606	1
Scott_Pilot	1	Port Input	15	69772	69606	1
Scott_Pilot	1	Port Input	14	69772	69606	1
Scott_Pilot	1	Port Input	15	69773	69607	1
Scott_Pilot	1	Port Input	14	69773	69607	1
Scott_Pilot	1	Port Input	15	69774	69608	1
Scott_Pilot	1	Port Input	14	69774	69608	1
Scott_Pilot	1	Port Input	15	69777	69611	1
Scott_Pilot	1	Port Input	14	69777	69611	1
Scott_Pilot	1	Port Input	15	70237	70071	1
Scott_Pilot	1	Port Input	14	70237	70071	1
Scott_Pilot	1	Port Input	15	70238	70072	1
Scott_Pilot	1	Port Input	14	70238	70072	1
Scott_Pilot	1	Port Input	15	70239	70073	2
Scott_Pilot	1	Port Input	14	70239	70073	2
Scott_Pilot	1	Port Input	15	70242	70076	1
Scott_Pilot	1	Port Input	14	70242	70076	1
Scott_Pilot	1	Port Input	15	70243	70077	1
Scott_Pilot	1	Port Input	14	70243	70077	1
Scott_Pilot	1	Port Input	15	70243	70077	1
Scott_Pilot	1	Port Input	14	70243	70077	1
Scott_Pilot	1	Port Input	15	70244	70078	1
Scott_Pilot	1	Port Input	14	70244	70078	1
Scott_Pilot	1	Port Input	15	70244	70078	2
Scott_Pilot	1	Port Input	14	70245	70079	1
Scott_Pilot	1	Port Input	15	70245	70079	1
Scott_Pilot	1	Port Input	14	70245	70079	1
Scott_Pilot	1	Port Input	15	70249	70083	1
Scott_Pilot	1	Port Input	14	70249	70083	1
Scott_Pilot	1	Port Input	15	70252	70086	1
Scott_Pilot	1	Port Input	14	70252	70086	1
Scott_Pilot	1	Port Input	15	70254	70088	1
Scott_Pilot	1	Port Input	14	70254	70088	1
Scott_Pilot	1	Port Input	15	70257	70091	1
Scott_Pilot	1	Port Input	14	70257	70091	1
Scott_Pilot	1	Port Input	15	70259	70093	1
Scott_Pilot	1	Port Input	14	70259	70093	1
Scott_Pilot	1	Port Input	15	70264	70098	1
Scott_Pilot	1	Port Input	14	70264	70098	1
Scott_Pilot	1	Port Input	15	70266	70100	1
Scott_Pilot	1	Port Input	14	70266	70100	1
Scott_Pilot	1	Port Input	15	70266	70100	1
Scott_Pilot	1	Port Input	14	70266	70100	1
Scott_Pilot	1	Port Input	15	70267	70101	1
Scott_Pilot	1	Port Input	14	70267	70101	1
Scott_Pilot	1	Port Input	15	70270	70104	2
Scott_Pilot	1	Port Input	14	70271	70105	1
Scott_Pilot	1	Port Input	15	70276	70110	1
Scott_Pilot	1	Port Input	14	70276	70110	1
Scott_Pilot	1	Port Input	15	70283	70117	1
Scott_Pilot	1	Port Input	14	70283	70117	1
Scott_Pilot	1	Port Input	15	70285	70119	1
Scott_Pilot	1	Port Input	14	70285	70119	1
Scott_Pilot	1	Port Input	15	70297	70131	1
Scott_Pilot	1	Port Input	14	70297	70131	1
Scott_Pilot	1	Port Input	15	70310	70144	1
Scott_Pilot	1	Port Input	14	70310	70144	1
Scott_Pilot	1	Port Input	15	70322	70156	1
Scott_Pilot	1	Port Input	14	70322	70156	1
Scott_Pilot	1	Port Input	15	70322	70156	1
Scott_Pilot	1	Port Input	14	70322	70156	1
Scott_Pilot	1	Port Input	15	70323	70157	1
Scott_Pilot	1	Port Input	14	70323	70157	1
Scott_Pilot	1	Port Input	15	70325	70159	1
Scott_Pilot	1	Port Input	14	70325	70159	1
Scott_Pilot	1	Port Input	15	70331	70165	1
Scott_Pilot	1	Port Input	14	70331	70165	1
Scott_Pilot	1	Port Input	15	70333	70167	1
Scott_Pilot	1	Port Input	14	70333	70167	1
Scott_Pilot	1	Port Input	15	70334	70168	1
Scott_Pilot	1	Port Input	14	70335	70169	1
Scott_Pilot	1	Port Input	15	70335	70169	1
Scott_Pilot	1	Port Input	14	70335	70169	1
Scott_Pilot	1	Port Input	15	70341	70175	1
Scott_Pilot	1	Port Input	14	70341	70175	1
Scott_Pilot	1	Port Input	15	70347	70181	1
Scott_Pilot	1	Port Input	14	70347	70181	1
Scott_Pilot	1	Port Input	15	70351	70185	1
Scott_Pilot	1	Port Input	14	70351	70185	1
Scott_Pilot	1	Port Input	15	70353	70187	1
Scott_Pilot	1	Port Input	14	70353	70187	1
Scott_Pilot	1	Port Input	15	70356	70190	1
Scott_Pilot	1	Port Input	14	70356	70190	1
Scott_Pilot	1	Port Input	15	70359	70193	1
Scott_Pilot	1	Port Input	14	70359	70193	1
Scott_Pilot	1	Port Input	15	70365	70199	1
Scott_Pilot	1	Port Input	14	70365	70199	1
Scott_Pilot	1	Port Input	15	70367	70201	1
Scott_Pilot	1	Port Input	14	70367	70201	1
Scott_Pilot	1	Port Input	15	70368	70202	1
Scott_Pilot	1	Port Input	14	70368	70202	1
Scott_Pilot	1	Port Input	15	70369	70203	1
Scott_Pilot	1	Port Input	14	70369	70203	1
Scott_Pilot	1	Port Input	15	70369	70203	2
Scott_Pilot	1	Port Input	14	70370	70204	1
Scott_Pilot	1	Port Input	15	70371	70205	1
Scott_Pilot	1	Port Input	14	70371	70205	1
Scott_Pilot	1	Port Input	15	70388	70222	1
Scott_Pilot	1	Port Input	14	70388	70222	1
Scott_Pilot	1	Port Input	15	70388	70222	1
Scott_Pilot	1	Port Input	14	70388	70222	2
Scott_Pilot	1	Port Input	15	70392	70226	1
Scott_Pilot	1	Port Input	14	70392	70226	1
Scott_Pilot	1	Port Input	15	70410	70244	1
Scott_Pilot	1	Port Input	14	70410	70244	1
Scott_Pilot	1	Port Input	15	70416	70250	1
Scott_Pilot	1	Port Input	14	70416	70250	1
Scott_Pilot	1	Port Input	15	70417	70251	2
Scott_Pilot	1	Port Input	14	70418	70252	1
Scott_Pilot	1	Port Input	15	70427	70261	1
Scott_Pilot	1	Port Input	14	70427	70261	1
Scott_Pilot	1	Port Input	15	70427	70261	1
Scott_Pilot	1	Port Input	14	70427	70261	1
Scott_Pilot	1	Port Input	15	70429	70263	1
Scott_Pilot	1	Port Input	14	70429	70263	1
Scott_Pilot	1	Port Input	15	70429	70263	1
Scott_Pilot	1	Port Input	14	70429	70263	2
Scott_Pilot	1	Port Input	15	70430	70264	1
Scott_Pilot	1	Port Input	14	70430	70264	1
Scott_Pilot	1	Port Input	15	70430	70264	1
Scott_Pilot	1	Port Input	14	70430	70264	2
Scott_Pilot	1	Port Input	15	70434	70268	1
Scott_Pilot	1	Port Input	14	70434	70268	1
Scott_Pilot	1	Port Input	15	70438	70272	1
Scott_Pilot	1	Port Input	14	70438	70272	1
Scott_Pilot	1	Port Input	15	71403	71237	1
Scott_Pilot	1	Port Input	14	71403	71237	2
Scott_Pilot	1	Port Input	15	71420	71254	1
Scott_Pilot	1	Port Input	14	71420	71254	1
Scott_Pilot	1	Port Input	15	71423	71257	1
Scott_Pilot	1	Port Input	14	71423	71257	1
Scott_Pilot	1	Port Input	15	71424	71258	1
Scott_Pilot	1	Port Input	14	71424	71258	1
Scott_Pilot	1	Port Input	15	71427	71261	1
Scott_Pilot	1	Port Input	14	71427	71261	1
Scott_Pilot	1	Port Input	15	71428	71262	1
Scott_Pilot	1	Port Input	14	71428	71262	1
Scott_Pilot	1	Port Input	15	71437	71271	1
Scott_Pilot	1	Port Input	14	71437	71271	1
Scott_Pilot	1	Port Input	15	71437	71271	1
Scott_Pilot	1	Port Input	14	71437	71271	1
Scott_Pilot	1	Port Input	15	71445	71279	1
Scott_Pilot	1	Port Input	14	71445	71279	1
Scott_Pilot	1	Port Input	15	71445	71279	2
Scott_Pilot	1	Port Input	14	71446	71280	1
Scott_Pilot	1	Port Input	15	71448	71282	1
Scott_Pilot	1	Port Input	14	71448	71282	1
Scott_Pilot	1	Port Input	15	71451	71285	1
Scott_Pilot	1	Port Input	14	71451	71285	2
Scott_Pilot	1	Port Input	15	71453	71287	2
Scott_Pilot	1	Port Input	14	71454	71288	1
Scott_Pilot	1	Port Input	15	71457	71291	1
Scott_Pilot	1	Port Input	14	71457	71291	1
Scott_Pilot	1	Port Input	15	71458	71292	1
Scott_Pilot	1	Port Input	14	71458	71292	1
Scott_Pilot	1	Port Input	15	71461	71295	1
Scott_Pilot	1	Port Input	14	71461	71295	2
Scott_Pilot	1	Port Input	15	71463	71297	1
Scott_Pilot	1	Port Input	14	71463	71297	1
Scott_Pilot	1	Port Input	15	71465	71299	1
Scott_Pilot	1	Port Input	14	71465	71299	1
Scott_Pilot	1	Port Input	15	71466	71300	1
Scott_Pilot	1	Port Input	14	71466	71300	1
Scott_Pilot	1	Port Input	15	71466	71300	1
Scott_Pilot	1	Port Input	14	71466	71300	1
Scott_Pilot	1	Port Input	15	71467	71301	1
Scott_Pilot	1	Port Input	14	71467	71301	1
Scott_Pilot	1	Port Input	15	71468	71302	1
Scott_Pilot	1	Port Input	14	71468	71302	1
Scott_Pilot	1	Port Input	15	71468	71302	1
Scott_Pilot	1	Port Input	14	71468	71302	1
Scott_Pilot	1	Port Input	15	71469	71303	1
Scott_Pilot	1	Port Input	14	71469	71303	1
Scott_Pilot	1	Port Input	15	71470	71304	1
Scott_Pilot	1	Port Input	14	71470	71304	1
Scott_Pilot	1	Port Input	15	71471	71305	1
Scott_Pilot	1	Port Input	14	71471	71305	1
Scott_Pilot	1	Port Input	15	71472	71306	1
Scott_Pilot	1	Port Input	14	71472	71306	1
Scott_Pilot	1	Port Input	15	71473	71307	1
Scott_Pilot	1	Port Input	14	71473	71307	1
Scott_Pilot	1	Port Input	15	71473	71307	1
Scott_Pilot	1	Port Input	14	71473	71307	1
Scott_Pilot	1	Port Input	15	71473	71307	1
Scott_Pilot	1	Port Input	14	71473	71307	1
Scott_Pilot	1	Port Input	15	71474	71308	1
Scott_Pilot	1	Port Input	14	71474	71308	1
Scott_Pilot	1	Port Input	15	71475	71309	1
Scott_Pilot	1	Port Input	14	71475	71309	1
Scott_Pilot	1	Port Input	15	71476	71310	1
Scott_Pilot	1	Port Input	14	71476	71310	1
Scott_Pilot	1	Port Input	15	71477	71311	1
Scott_Pilot	1	Port Input	14	71477	71311	1
Scott_Pilot	1	Port Input	15	71477	71311	1
Scott_Pilot	1	Port Input	14	71477	71311	1
Scott_Pilot	1	Port Input	15	71481	71315	1
Scott_Pilot	1	Port Input	14	71481	71315	1
Scott_Pilot	1	Port Input	15	71488	71322	1
Scott_Pilot	1	Port Input	14	71488	71322	1
Scott_Pilot	1	Port Input	15	71488	71322	1
Scott_Pilot	1	Port Input	14	71488	71322	1
Scott_Pilot	1	Port Input	15	71494	71328	1
Scott_Pilot	1	Port Input	14	71494	71328	1
Scott_Pilot	1	Port Input	15	71494	71328	2
Scott_Pilot	1	Port Input	14	71494	71328	2
Scott_Pilot	1	Port Input	15	71495	71329	1
Scott_Pilot	1	Port Input	14	71495	71329	1
Scott_Pilot	1	Port Input	15	71497	71331	1
Scott_Pilot	1	Port Input	14	71497	71331	1
Scott_Pilot	1	Port Input	15	71498	71332	2
Scott_Pilot	1	Port Input	14	71498	71332	2
Scott_Pilot	1	Port Input	15	71499	71333	1
Scott_Pilot	1	Port Input	14	71499	71333	1
Scott_Pilot	1	Port Input	15	71499	71333	1
Scott_Pilot	1	Port Input	14	71499	71333	1
Scott_Pilot	1	Port Input	15	71500	71334	1
Scott_Pilot	1	Port Input	14	71500	71334	1
Scott_Pilot	1	Port Input	15	71500	71334	1
Scott_Pilot	1	Port Input	14	71500	71334	1
Scott_Pilot	1	Port Input	15	71503	71337	1
Scott_Pilot	1	Port Input	14	71503	71337	1
Scott_Pilot	1	Port Input	15	71506	71340	1
Scott_Pilot	1	Port Input	14	71506	71340	1
Scott_Pilot	1	Port Input	15	71508	71342	1
Scott_Pilot	1	Port Input	14	71509	71343	1
Scott_Pilot	1	Port Input	15	71509	71343	1
Scott_Pilot	1	Port Input	14	71509	71343	1
Scott_Pilot	1	Port Input	15	71511	71345	1
Scott_Pilot	1	Port Input	14	71511	71345	1
Scott_Pilot	1	Port Input	15	71511	71345	1
Scott_Pilot	1	Port Input	14	71511	71345	2
Scott_Pilot	1	Port Input	15	71512	71346	1
Scott_Pilot	1	Port Input	14	71512	71346	1
Scott_Pilot	1	Port Input	15	71512	71346	1
Scott_Pilot	1	Port Input	14	71512	71346	1
Scott_Pilot	1	Port Input	15	71512	71346	1
Scott_Pilot	1	Port Input	14	71512	71346	1
Scott_Pilot	1	Port Input	15	71513	71347	1
Scott_Pilot	1	Port Input	14	71513	71347	1
Scott_Pilot	1	Port Input	15	71514	71348	1
Scott_Pilot	1	Port Input	14	71514	71348	1
Scott_Pilot	1	Port Input	15	71514	71348	1
Scott_Pilot	1	Port Input	14	71514	71348	1
Scott_Pilot	1	Port Input	15	71515	71349	1
Scott_Pilot	1	Port Input	14	71515	71349	1
Scott_Pilot	1	Port Input	15	71515	71349	1
Scott_Pilot	1	Port Input	14	71515	71349	1
Scott_Pilot	1	Port Input	15	71515	71349	1
Scott_Pilot	1	Port Input	14	71515	71349	1
Scott_Pilot	1	Port Input	15	71517	71351	1
Scott_Pilot	1	Port Input	14	71517	71351	1
Scott_Pilot	1	Port Input	15	71518	71352	1
Scott_Pilot	1	Port Input	14	71518	71352	1
Scott_Pilot	1	Port Input	15	71519	71353	1
Scott_Pilot	1	Port Input	14	71519	71353	1
Scott_Pilot	1	Port Input	15	71520	71354	1
Scott_Pilot	1	Port Input	14	71520	71354	1
Scott_Pilot	1	Port Input	15	71520	71354	1
Scott_Pilot	1	Port Input	14	71520	71354	1
Scott_Pilot	1	Port Input	15	71520	71354	1
Scott_Pilot	1	Port Input	14	71520	71354	1
Scott_Pilot	1	Port Input	15	71522	71356	1
Scott_Pilot	1	Port Input	14	71522	71356	1
Scott_Pilot	1	Port Input	15	71524	71358	1
Scott_Pilot	1	Port Input	14	71524	71358	1
Scott_Pilot	1	Port Input	15	71526	71360	1
Scott_Pilot	1	Port Input	14	71526	71360	1
Scott_Pilot	1	Port Input	15	71528	71362	1
Scott_Pilot	1	Port Input	14	71528	71362	1
Scott_Pilot	1	Port Input	15	71530	71364	1
Scott_Pilot	1	Port Input	14	71530	71364	1
Scott_Pilot	1	Port Input	15	71533	71367	1
Scott_Pilot	1	Port Input	14	71533	71367	1
Scott_Pilot	1	Port Input	15	71534	71368	1
Scott_Pilot	1	Port Input	14	71534	71368	1
Scott_Pilot	1	Port Input	15	71534	71368	1
Scott_Pilot	1	Port Input	14	71534	71368	1
Scott_Pilot	1	Port Input	15	71534	71368	1
Scott_Pilot	1	Port Input	14	71534	71368	1
Scott_Pilot	1	Port Input	15	71534	71368	1
Scott_Pilot	1	Port Input	14	71534	71368	2
Scott_Pilot	1	Port Input	15	71536	71370	1
Scott_Pilot	1	Port Input	14	71536	71370	1
Scott_Pilot	1	Port Input	15	71537	71371	1
Scott_Pilot	1	Port Input	14	71537	71371	1
Scott_Pilot	1	Port Input	15	71538	71372	1
Scott_Pilot	1	Port Input	14	71538	71372	1
Scott_Pilot	1	Port Input	15	71539	71373	1
Scott_Pilot	1	Port Input	14	71539	71373	1
Scott_Pilot	1	Port Input	15	71542	71376	1
Scott_Pilot	1	Port Input	14	71542	71376	1
Scott_Pilot	1	Port Input	15	71543	71377	1
Scott_Pilot	1	Port Input	14	71543	71377	1
Scott_Pilot	1	Port Input	15	71823	71657	2
Scott_Pilot	1	Port Input	14	71824	71658	1
Scott_Pilot	1	Port Input	15	71824	71658	2
Scott_Pilot	1	Port Input	14	71825	71659	1
Scott_Pilot	1	Port Input	15	71825	71659	1
Scott_Pilot	1	Port Input	14	71825	71659	1
Scott_Pilot	1	Port Input	15	71826	71660	1
Scott_Pilot	1	Port Input	14	71826	71660	1
Scott_Pilot	1	Port Input	15	71828	71662	1
Scott_Pilot	1	Port Input	14	71828	71662	1
Scott_Pilot	1	Port Input	15	71837	71671	1
Scott_Pilot	1	Port Input	14	71837	71671	1
Scott_Pilot	1	Port Input	15	71842	71676	1
Scott_Pilot	1	Port Input	14	71842	71676	1
Scott_Pilot	1	Port Input	15	71845	71679	1
Scott_Pilot	1	Port Input	14	71845	71679	1
Scott_Pilot	1	Port Input	15	71850	71684	1
Scott_Pilot	1	Port Input	14	71850	71684	1
Scott_Pilot	1	Port Input	15	71850	71684	1
Scott_Pilot	1	Port Input	14	71850	71684	1
Scott_Pilot	1	Port Input	15	71851	71685	1
Scott_Pilot	1	Port Input	14	71851	71685	1
Scott_Pilot	1	Port Input	15	71851	71685	1
Scott_Pilot	1	Port Input	14	71851	71685	1
Scott_Pilot	1	Port Input	15	71851	71685	1
Scott_Pilot	1	Port Input	14	71851	71685	1
Scott_Pilot	1	Port Input	15	71851	71685	1
Scott_Pilot	1	Port Input	14	71851	71685	1
Scott_Pilot	1	Port Input	15	71852	71686	1
Scott_Pilot	1	Port Input	14	71852	71686	1
Scott_Pilot	1	Port Input	15	71854	71688	1
Scott_Pilot	1	Port Input	14	71854	71688	1
Scott_Pilot	1	Port Input	15	71855	71689	1
Scott_Pilot	1	Port Input	14	71855	71689	1
Scott_Pilot	1	Port Input	15	71855	71689	1
Scott_Pilot	1	Port Input	14	71855	71689	1
Scott_Pilot	1	Port Input	15	71855	71689	1
Scott_Pilot	1	Port Input	14	71855	71689	1
Scott_Pilot	1	Port Input	15	71855	71689	1
Scott_Pilot	1	Port Input	14	71855	71689	1
Scott_Pilot	1	Port Input	15	71855	71689	1
Scott_Pilot	1	Picture	81	80244	80078	1	10010	2	79950	9950	other	0
Scott_Pilot	1	Port Input	14	84884	84718	1
Scott_Pilot	1	Response	100	84884	84718	1
Scott_Pilot	1	Port Input	15	84885	84719	1
Scott_Pilot	1	Port Input	14	84885	84719	1
Scott_Pilot	1	Port Input	15	84885	84719	1
Scott_Pilot	1	Port Input	14	84885	84719	1
Scott_Pilot	1	Port Input	15	84885	84719	1
Scott_Pilot	1	Port Input	14	84885	84719	1
Scott_Pilot	1	Port Input	15	84885	84719	1
Scott_Pilot	1	Port Input	14	84885	84719	1
Scott_Pilot	1	Port Input	15	84885	84719	1
Scott_Pilot	1	Port Input	14	84885	84719	1
Scott_Pilot	1	Port Input	15	84886	84720	1
Scott_Pilot	1	Port Input	14	84886	84720	1
Scott_Pilot	1	Port Input	15	84887	84721	1
Scott_Pilot	1	Port Input	14	84887	84721	1
Scott_Pilot	1	Port Input	15	84888	84722	1
Scott_Pilot	1	Port Input	14	84888	84722	1
Scott_Pilot	1	Port Input	15	85032	84866	1
Scott_Pilot	1	Port Input	14	85032	84866	2
Scott_Pilot	1	Port Input	15	85033	84867	1
Scott_Pilot	1	Port Input	14	85033	84867	1
Scott_Pilot	1	Port Input	15	85037	84871	1
Scott_Pilot	1	Port Input	14	85037	84871	1
Scott_Pilot	1	Port Input	15	85037	84871	1
Scott_Pilot	1	Port Input	14	85037	84871	1
Scott_Pilot	1	Port Input	15	85038	84872	1
Scott_Pilot	1	Port Input	14	85038	84872	1
Scott_Pilot	1	Port Input	15	85040	84874	1
Scott_Pilot	1	Port Input	14	85040	84874	1
Scott_Pilot	1	Port Input	15	85040	84874	1
Scott_Pilot	1	Port Input	14	85040	84874	1
Scott_Pilot	1	Port Input	15	85041	84875	1
Scott_Pilot	1	Port Input	14	85041	84875	1
Scott_Pilot	1	Port Input	15	85041	84875	1
Scott_Pilot	1	Port Input	14	85041	84875	1
Scott_Pilot	1	Port Input	15	85043	84877	1
Scott_Pilot	1	Port Input	14	85043	84877	1
Scott_Pilot	1	Port Input	15	85044	84878	1
Scott_Pilot	1	Port Input	14	85044	84878	1
Scott_Pilot	1	Port Input	15	85045	84879	1
Scott_Pilot	1	Port Input	14	85045	84879	1
Scott_Pilot	1	Port Input	15	85045	84879	1
Scott_Pilot	1	Port Input	14	85045	84879	1
Scott_Pilot	1	Port Input	15	85045	84879	2
Scott_Pilot	1	Port Input	14	85046	84880	1
Scott_Pilot	1	Port Input	15	85046	84880	1
Scott_Pilot	1	Port Input	14	85046	84880	1
Scott_Pilot	1	Port Input	15	85046	84880	1
Scott_Pilot	1	Port Input	14	85046	84880	1
Scott_Pilot	1	Port Input	15	85047	84881	1
Scott_Pilot	1	Port Input	14	85047	84881	2
Scott_Pilot	1	Port Input	15	85050	84884	1
Scott_Pilot	1	Port Input	14	85050	84884	1
Scott_Pilot	1	Port Input	15	85050	84884	1
Scott_Pilot	1	Port Input	14	85050	84884	1
Scott_Pilot	1	Port Input	15	85051	84885	1
Scott_Pilot	1	Port Input	14	85051	84885	1
Scott_Pilot	1	Port Input	15	85052	84886	1
Scott_Pilot	1	Port Input	14	85052	84886	1
Scott_Pilot	1	Port Input	15	85052	84886	1
Scott_Pilot	1	Port Input	14	85052	84886	1
Scott_Pilot	1	Port Input	15	85053	84887	1
Scott_Pilot	1	Port Input	14	85053	84887	1
Scott_Pilot	1	Port Input	15	85055	84889	1
Scott_Pilot	1	Port Input	14	85055	84889	1
Scott_Pilot	1	Port Input	15	85056	84890	1
Scott_Pilot	1	Port Input	14	85056	84890	1
Scott_Pilot	1	Port Input	15	85058	84892	1
Scott_Pilot	1	Port Input	14	85058	84892	1
Scott_Pilot	1	Port Input	15	85059	84893	1
Scott_Pilot	1	Port Input	14	85059	84893	1
Scott_Pilot	1	Port Input	15	85060	84894	1
Scott_Pilot	1	Port Input	14	85060	84894	1
Scott_Pilot	1	Port Input	15	85061	84895	1
Scott_Pilot	1	Port Input	14	85061	84895	1
Scott_Pilot	1	Port Input	15	85061	84895	2
Scott_Pilot	1	Port Input	14	85061	84895	2
Scott_Pilot	1	Port Input	15	85062	84896	1
Scott_Pilot	1	Port Input	14	85062	84896	1
Scott_Pilot	1	Port Input	15	85062	84896	1
Scott_Pilot	1	Port Input	14	85062	84896	1
Scott_Pilot	1	Port Input	15	85062	84896	1
Scott_Pilot	1	Port Input	14	85062	84896	1
Scott_Pilot	1	Port Input	15	85063	84897	1
Scott_Pilot	1	Port Input	14	85063	84897	1
Scott_Pilot	1	Port Input	15	85063	84897	1
Scott_Pilot	1	Port Input	14	85063	84897	1
Scott_Pilot	1	Port Input	15	85064	84898	1
Scott_Pilot	1	Port Input	14	85064	84898	1
Scott_Pilot	1	Port Input	15	85065	84899	1
Scott_Pilot	1	Port Input	14	85065	84899	1
Scott_Pilot	1	Port Input	15	85065	84899	1
Scott_Pilot	1	Port Input	14	85065	84899	1
Scott_Pilot	1	Port Input	15	85065	84899	1
Scott_Pilot	1	Port Input	14	85065	84899	1
Scott_Pilot	1	Port Input	15	85066	84900	1
Scott_Pilot	1	Port Input	14	85066	84900	1
Scott_Pilot	1	Port Input	15	85066	84900	1
Scott_Pilot	1	Port Input	14	85066	84900	1
Scott_Pilot	1	Port Input	15	85066	84900	1
Scott_Pilot	1	Port Input	14	85066	84900	1
Scott_Pilot	1	Port Input	15	85067	84901	1
Scott_Pilot	1	Port Input	14	85067	84901	1
Scott_Pilot	1	Port Input	15	85067	84901	1
Scott_Pilot	1	Port Input	14	85067	84901	1
Scott_Pilot	1	Port Input	15	85067	84901	2
Scott_Pilot	1	Port Input	14	85068	84902	1
Scott_Pilot	1	Port Input	15	85068	84902	1
Scott_Pilot	1	Port Input	14	85068	84902	1
Scott_Pilot	1	Port Input	15	85070	84904	1
Scott_Pilot	1	Port Input	14	85070	84904	1
Scott_Pilot	1	Port Input	15	85070	84904	1
Scott_Pilot	1	Port Input	14	85070	84904	1
Scott_Pilot	1	Port Input	15	85071	84905	1
Scott_Pilot	1	Port Input	14	85071	84905	1
Scott_Pilot	1	Port Input	15	85071	84905	1
Scott_Pilot	1	Port Input	14	85071	84905	1
Scott_Pilot	1	Port Input	15	85071	84905	1
Scott_Pilot	1	Port Input	14	85071	84905	1
Scott_Pilot	1	Port Input	15	85072	84906	1
Scott_Pilot	1	Port Input	14	85072	84906	1
Scott_Pilot	1	Port Input	15	85073	84907	1
Scott_Pilot	1	Port Input	14	85073	84907	1
Scott_Pilot	1	Port Input	15	85103	84937	1
Scott_Pilot	1	Port Input	14	85103	84937	1
Scott_Pilot	1	Port Input	15	85105	84939	1
Scott_Pilot	1	Port Input	14	85105	84939	1
Scott_Pilot	1	Port Input	15	85106	84940	1
Scott_Pilot	1	Port Input	14	85106	84940	1
Scott_Pilot	1	Port Input	15	85107	84941	1
Scott_Pilot	1	Port Input	14	85107	84941	1
Scott_Pilot	1	Port Input	15	85118	84952	1
Scott_Pilot	1	Port Input	14	85118	84952	1
Scott_Pilot	1	Port Input	15	86950	86784	1
Scott_Pilot	1	Port Input	14	86950	86784	1
Scott_Pilot	1	Port Input	15	86977	86811	2
Scott_Pilot	1	Port Input	14	86977	86811	2
Scott_Pilot	1	Port Input	15	86978	86812	1
Scott_Pilot	1	Port Input	14	86978	86812	1
Scott_Pilot	1	Port Input	15	86985	86819	1
Scott_Pilot	1	Port Input	14	86985	86819	1
Scott_Pilot	1	Port Input	15	86991	86825	1
Scott_Pilot	1	Port Input	14	86991	86825	1
Scott_Pilot	1	Port Input	15	86993	86827	1
Scott_Pilot	1	Port Input	14	86993	86827	1
Scott_Pilot	1	Port Input	15	86996	86830	1
Scott_Pilot	1	Port Input	14	86996	86830	1
Scott_Pilot	1	Port Input	15	87005	86839	1
Scott_Pilot	1	Port Input	14	87005	86839	1
Scott_Pilot	1	Port Input	15	87025	86859	1
Scott_Pilot	1	Port Input	14	87025	86859	1
Scott_Pilot	1	Port Input	15	87053	86887	1
Scott_Pilot	1	Port Input	14	87053	86887	1
Scott_Pilot	1	Port Input	15	87112	86946	1
Scott_Pilot	1	Port Input	14	87112	86946	1
Scott_Pilot	1	Port Input	15	87115	86949	1
Scott_Pilot	1	Port Input	14	87115	86949	1
Scott_Pilot	1	Port Input	15	87122	86956	1
Scott_Pilot	1	Port Input	14	87122	86956	1
Scott_Pilot	1	Port Input	15	87135	86969	1
Scott_Pilot	1	Port Input	14	87135	86969	1
Scott_Pilot	1	Port Input	15	87136	86970	1
Scott_Pilot	1	Port Input	14	87136	86970	1
Scott_Pilot	1	Port Input	15	87136	86970	1
Scott_Pilot	1	Port Input	14	87136	86970	1
Scott_Pilot	1	Port Input	15	87138	86972	1
Scott_Pilot	1	Port Input	14	87138	86972	1
Scott_Pilot	1	Port Input	15	87140	86974	1
Scott_Pilot	1	Port Input	14	87140	86974	1
Scott_Pilot	1	Port Input	15	87146	86980	1
Scott_Pilot	1	Port Input	14	87146	86980	1
Scott_Pilot	1	Port Input	15	87147	86981	1
Scott_Pilot	1	Port Input	14	87147	86981	1
Scott_Pilot	1	Port Input	15	87147	86981	1
Scott_Pilot	1	Port Input	14	87147	86981	1
Scott_Pilot	1	Port Input	15	87148	86982	2
Scott_Pilot	1	Port Input	14	87148	86982	2
Scott_Pilot	1	Port Input	15	87149	86983	1
Scott_Pilot	1	Port Input	14	87149	86983	1
Scott_Pilot	1	Port Input	15	87150	86984	1
Scott_Pilot	1	Port Input	14	87150	86984	1
Scott_Pilot	1	Port Input	15	87150	86984	1
Scott_Pilot	1	Port Input	14	87150	86984	2
Scott_Pilot	1	Port Input	15	87151	86985	1
Scott_Pilot	1	Port Input	14	87151	86985	1
Scott_Pilot	1	Port Input	15	87151	86985	1
Scott_Pilot	1	Port Input	14	87151	86985	1
Scott_Pilot	1	Port Input	15	87151	86985	1
Scott_Pilot	1	Port Input	14	87151	86985	1
Scott_Pilot	1	Port Input	15	87152	86986	1
Scott_Pilot	1	Port Input	14	87152	86986	1
Scott_Pilot	1	Port Input	15	87152	86986	2
Scott_Pilot	1	Port Input	14	87153	86987	1
Scott_Pilot	1	Port Input	15	87153	86987	1
Scott_Pilot	1	Port Input	14	87153	86987	1
Scott_Pilot	1	Port Input	15	87153	86987	1
Scott_Pilot	1	Port Input	14	87153	86987	1
Scott_Pilot	1	Port Input	15	87154	86988	1
Scott_Pilot	1	Port Input	14	87154	86988	1
Scott_Pilot	1	Port Input	15	87154	86988	1
Scott_Pilot	1	Port Input	14	87154	86988	1
Scott_Pilot	1	Port Input	15	87154	86988	1
Scott_Pilot	1	Port Input	14	87154	86988	1
Scott_Pilot	1	Port Input	15	87155	86989	1
Scott_Pilot	1	Port Input	14	87155	86989	1
Scott_Pilot	1	Port Input	15	87156	86990	1
Scott_Pilot	1	Port Input	14	87156	86990	1
Scott_Pilot	1	Port Input	15	87156	86990	1
Scott_Pilot	1	Port Input	14	87156	86990	1
Scott_Pilot	1	Port Input	15	87156	86990	1
Scott_Pilot	1	Port Input	14	87156	86990	1
Scott_Pilot	1	Port Input	15	87157	86991	1
Scott_Pilot	1	Port Input	14	87157	86991	1
Scott_Pilot	1	Port Input	15	87158	86992	1
Scott_Pilot	1	Port Input	14	87158	86992	1
Scott_Pilot	1	Port Input	15	87158	86992	1
Scott_Pilot	1	Port Input	14	87158	86992	1
Scott_Pilot	1	Port Input	15	87158	86992	1
Scott_Pilot	1	Port Input	14	87158	86992	2
Scott_Pilot	1	Port Input	15	87159	86993	1
Scott_Pilot	1	Port Input	14	87159	86993	1
Scott_Pilot	1	Port Input	15	87159	86993	1
Scott_Pilot	1	Port Input	14	87159	86993	1
Scott_Pilot	1	Port Input	15	87160	86994	1
Scott_Pilot	1	Port Input	14	87160	86994	1
Scott_Pilot	1	Port Input	15	87160	86994	1
Scott_Pilot	1	Port Input	14	87160	86994	1
Scott_Pilot	1	Port Input	15	87160	86994	1
Scott_Pilot	1	Port Input	14	87160	86994	2
Scott_Pilot	1	Port Input	15	87161	86995	1
Scott_Pilot	1	Port Input	14	87161	86995	1
Scott_Pilot	1	Port Input	15	87161	86995	1
Scott_Pilot	1	Port Input	14	87161	86995	1
Scott_Pilot	1	Port Input	15	87162	86996	1
Scott_Pilot	1	Port Input	14	87162	86996	1
Scott_Pilot	1	Port Input	15	87162	86996	1
Scott_Pilot	1	Port Input	14	87162	86996	1
Scott_Pilot	1	Port Input	15	87163	86997	1
Scott_Pilot	1	Port Input	14	87163	86997	1
Scott_Pilot	1	Port Input	15	87163	86997	1
Scott_Pilot	1	Port Input	14	87163	86997	1
Scott_Pilot	1	Port Input	15	87164	86998	1
Scott_Pilot	1	Port Input	14	87164	86998	1
Scott_Pilot	1	Port Input	15	87164	86998	1
Scott_Pilot	1	Port Input	14	87164	86998	1
Scott_Pilot	1	Port Input	15	87165	86999	1
Scott_Pilot	1	Port Input	14	87165	86999	1
Scott_Pilot	1	Port Input	15	87166	87000	1
Scott_Pilot	1	Port Input	14	87166	87000	1
Scott_Pilot	1	Port Input	15	87166	87000	1
Scott_Pilot	1	Port Input	14	87166	87000	2
Scott_Pilot	1	Port Input	15	87167	87001	1
Scott_Pilot	1	Port Input	14	87167	87001	1
Scott_Pilot	1	Port Input	15	87168	87002	1
Scott_Pilot	1	Port Input	14	87168	87002	1
Scott_Pilot	1	Port Input	15	87169	87003	1
Scott_Pilot	1	Port Input	14	87169	87003	1
Scott_Pilot	1	Port Input	15	87170	87004	1
Scott_Pilot	1	Port Input	14	87170	87004	1
Scott_Pilot	1	Port Input	15	87171	87005	1
Scott_Pilot	1	Port Input	14	87171	87005	1
Scott_Pilot	1	Port Input	15	87171	87005	1
Scott_Pilot	1	Port Input	14	87171	87005	1
Scott_Pilot	1	Port Input	15	87172	87006	1
Scott_Pilot	1	Port Input	14	87172	87006	1
Scott_Pilot	1	Port Input	15	87173	87007	1
Scott_Pilot	1	Port Input	14	87173	87007	1
Scott_Pilot	1	Port Input	15	87173	87007	1
Scott_Pilot	1	Port Input	14	87173	87007	1
Scott_Pilot	1	Port Input	15	87173	87007	1
Scott_Pilot	1	Port Input	14	87173	87007	1
Scott_Pilot	1	Port Input	15	87173	87007	1
Scott_Pilot	1	Port Input	14	87173	87007	2
Scott_Pilot	1	Port Input	15	87174	87008	1
Scott_Pilot	1	Port Input	14	87174	87008	1
Scott_Pilot	1	Port Input	15	87176	87010	1
Scott_Pilot	1	Port Input	14	87176	87010	1
Scott_Pilot	1	Port Input	15	87178	87012	1
Scott_Pilot	1	Port Input	14	87178	87012	1
Scott_Pilot	1	Port Input	15	87179	87013	1
Scott_Pilot	1	Port Input	14	87179	87013	1
Scott_Pilot	1	Port Input	15	87179	87013	1
Scott_Pilot	1	Port Input	14	87179	87013	1
Scott_Pilot	1	Port Input	15	87180	87014	1
Scott_Pilot	1	Port Input	14	87180	87014	1
Scott_Pilot	1	Port Input	15	87180	87014	1
Scott_Pilot	1	Port Input	14	87180	87014	1
Scott_Pilot	1	Port Input	15	87180	87014	1
Scott_Pilot	1	Port Input	14	87180	87014	1
Scott_Pilot	1	Port Input	15	87183	87017	1
Scott_Pilot	1	Port Input	14	87183	87017	1
Scott_Pilot	1	Port Input	15	87184	87018	1
Scott_Pilot	1	Port Input	14	87184	87018	1
Scott_Pilot	1	Port Input	15	87187	87021	1
Scott_Pilot	1	Port Input	14	87188	87022	1
Scott_Pilot	1	Port Input	15	87188	87022	2
Scott_Pilot	1	Port Input	14	87189	87023	1
Scott_Pilot	1	Port Input	15	87189	87023	1
Scott_Pilot	1	Port Input	14	87189	87023	1
Scott_Pilot	1	Port Input	15	87191	87025	1
Scott_Pilot	1	Port Input	14	87191	87025	1
Scott_Pilot	1	Port Input	15	87193	87027	1
Scott_Pilot	1	Port Input	14	87193	87027	1
Scott_Pilot	1	Port Input	15	87193	87027	1
Scott_Pilot	1	Port Input	14	87193	87027	1
Scott_Pilot	1	Port Input	15	87194	87028	1
Scott_Pilot	1	Port Input	14	87194	87028	1
Scott_Pilot	1	Port Input	15	87195	87029	1
Scott_Pilot	1	Port Input	14	87195	87029	1
Scott_Pilot	1	Port Input	15	87196	87030	1
Scott_Pilot	1	Port Input	14	87196	87030	1
Scott_Pilot	1	Port Input	15	87203	87037	1
Scott_Pilot	1	Port Input	14	87203	87037	1
Scott_Pilot	1	Port Input	15	87203	87037	1
Scott_Pilot	1	Port Input	14	87203	87037	1
Scott_Pilot	1	Port Input	15	87204	87038	1
Scott_Pilot	1	Port Input	14	87204	87038	1
Scott_Pilot	1	Port Input	15	87204	87038	1
Scott_Pilot	1	Port Input	14	87204	87038	1
Scott_Pilot	1	Port Input	15	87204	87038	1
Scott_Pilot	1	Port Input	14	87204	87038	1
Scott_Pilot	1	Port Input	15	87205	87039	1
Scott_Pilot	1	Port Input	14	87205	87039	1
Scott_Pilot	1	Port Input	15	87206	87040	1
Scott_Pilot	1	Port Input	14	87206	87040	1
Scott_Pilot	1	Port Input	15	87208	87042	1
Scott_Pilot	1	Port Input	14	87208	87042	2
Scott_Pilot	1	Port Input	15	87210	87044	1
Scott_Pilot	1	Port Input	14	87210	87044	1
Scott_Pilot	1	Port Input	15	87210	87044	1
Scott_Pilot	1	Port Input	14	87210	87044	1
Scott_Pilot	1	Port Input	15	87212	87046	1
Scott_Pilot	1	Port Input	14	87212	87046	1
Scott_Pilot	1	Port Input	15	87212	87046	1
Scott_Pilot	1	Port Input	14	87212	87046	1
Scott_Pilot	1	Port Input	15	87214	87048	1
Scott_Pilot	1	Port Input	14	87214	87048	1
Scott_Pilot	1	Port Input	15	87215	87049	1
Scott_Pilot	1	Port Input	14	87215	87049	1
Scott_Pilot	1	Port Input	15	87215	87049	1
Scott_Pilot	1	Port Input	14	87215	87049	1
Scott_Pilot	1	Port Input	15	87215	87049	1
Scott_Pilot	1	Port Input	14	87215	87049	1
Scott_Pilot	1	Port Input	15	87216	87050	1
Scott_Pilot	1	Port Input	14	87216	87050	1
Scott_Pilot	1	Port Input	15	87216	87050	1
Scott_Pilot	1	Port Input	14	87216	87050	1
Scott_Pilot	1	Port Input	15	87216	87050	1
Scott_Pilot	1	Port Input	14	87216	87050	1
Scott_Pilot	1	Port Input	15	87218	87052	1
Scott_Pilot	1	Port Input	14	87218	87052	1
Scott_Pilot	1	Port Input	15	87218	87052	1
Scott_Pilot	1	Port Input	14	87218	87052	1
Scott_Pilot	1	Port Input	15	87219	87053	1
Scott_Pilot	1	Port Input	14	87219	87053	1
Scott_Pilot	1	Port Input	15	87220	87054	1
Scott_Pilot	1	Port Input	14	87220	87054	1
Scott_Pilot	1	Port Input	15	87220	87054	1
Scott_Pilot	1	Port Input	14	87220	87054	1
Scott_Pilot	1	Port Input	15	87220	87054	1
Scott_Pilot	1	Port Input	14	87220	87054	1
Scott_Pilot	1	Port Input	15	87221	87055	1
Scott_Pilot	1	Port Input	14	87221	87055	1
Scott_Pilot	1	Port Input	15	87221	87055	1
Scott_Pilot	1	Port Input	14	87221	87055	1
Scott_Pilot	1	Port Input	15	87221	87055	1
Scott_Pilot	1	Port Input	14	87221	87055	1
Scott_Pilot	1	Port Input	15	87221	87055	1
Scott_Pilot	1	Port Input	14	87221	87055	1
Scott_Pilot	1	Port Input	15	87223	87057	1
Scott_Pilot	1	Port Input	14	87223	87057	1
Scott_Pilot	1	Port Input	15	87224	87058	1
Scott_Pilot	1	Port Input	14	87224	87058	1
Scott_Pilot	1	Port Input	15	87225	87059	1
Scott_Pilot	1	Port Input	14	87225	87059	1
Scott_Pilot	1	Port Input	15	87226	87060	1
Scott_Pilot	1	Port Input	14	87226	87060	1
Scott_Pilot	1	Port Input	15	87227	87061	1
Scott_Pilot	1	Port Input	14	87227	87061	1
Scott_Pilot	1	Port Input	15	87229	87063	1
Scott_Pilot	1	Port Input	14	87229	87063	1
Scott_Pilot	1	Port Input	15	87231	87065	1
Scott_Pilot	1	Port Input	14	87231	87065	1
Scott_Pilot	1	Port Input	15	87232	87066	1
Scott_Pilot	1	Port Input	14	87232	87066	1
Scott_Pilot	1	Port Input	15	87236	87070	1
Scott_Pilot	1	Port Input	14	87236	87070	1
Scott_Pilot	1	Port Input	15	87237	87071	1
Scott_Pilot	1	Port Input	14	87237	87071	1
Scott_Pilot	1	Port Input	15	87244	87078	1
Scott_Pilot	1	Port Input	14	87244	87078	1
Scott_Pilot	1	Port Input	15	87408	87242	2
Scott_Pilot	1	Port Input	14	87409	87243	1
Scott_Pilot	1	Port Input	15	87555	87389	1
Scott_Pilot	1	Port Input	14	87555	87389	1
Scott_Pilot	1	Port Input	15	87555	87389	1
Scott_Pilot	1	Port Input	14	87555	87389	1
Scott_Pilot	1	Port Input	15	87555	87389	1
Scott_Pilot	1	Port Input	14	87555	87389	2
Scott_Pilot	1	Port Input	15	87556	87390	1
Scott_Pilot	2	Port Input	14	121795	31375	1
Scott_Pilot	2	Response	100	121795	31375	2
Scott_Pilot	2	Port Input	15	121798	31378	1
Scott_Pilot	2	Port Input	14	121798	31378	1
Scott_Pilot	2	Port Input	15	121801	31381	1
Scott_Pilot	2	Port Input	14	121801	31381	1
Scott_Pilot	3	Port Input	15	122082	131	1
Scott_Pilot	3	Port Input	14	122082	131	3
Scott_Pilot	3	Port Input	15	122085	134	3
Scott_Pilot	3	Port Input	14	122087	136	1
Scott_Pilot	3	Port Input	15	122122	171	1
Scott_Pilot	3	Port Input	14	122122	171	1
Scott_Pilot	3	Port Input	15	122124	173	1
Scott_Pilot	3	Port Input	14	122124	173	1
Scott_Pilot	3	Port Input	15	122127	176	4
Scott_Pilot	3	Port Input	14	122130	179	1
Scott_Pilot	3	Port Input	15	122130	179	1
Scott_Pilot	3	Port Input	14	122130	179	3
Scott_Pilot	3	Port Input	15	123777	1826	2
Scott_Pilot	3	Port Input	14	123778	1827	3
Scott_Pilot	3	Port Input	15	123783	1832	1
Scott_Pilot	3	Port Input	14	123783	1832	1
Scott_Pilot	3	Port Input	15	123783	1832	3
Scott_Pilot	3	Port Input	14	123785	1834	1
Scott_Pilot	3	Port Input	15	123819	1868	1
Scott_Pilot	3	Port Input	14	123819	1868	4
Scott_Pilot	3	Port Input	15	123835	1884	1
Scott_Pilot	3	Port Input	14	123835	1884	3
Scott_Pilot	3	Port Input	15	123845	1894	1
Scott_Pilot	3	Port Input	14	123845	1894	4
Scott_Pilot	3	Port Input	15	123848	1897	1
Scott_Pilot	3	Port Input	14	123848	1897	3
Scott_Pilot	3	Port Input	15	123866	1915	1
Scott_Pilot	3	Port Input	14	123866	1915	4
Scott_Pilot	3	Port Input	15	123869	1918	3
Scott_Pilot	3	Port Input	14	123871	1920	2
Scott_Pilot	3	Port Input	15	123895	1944	1
Scott_Pilot	3	Port Input	14	123895	1944	2
Scott_Pilot	3	Port Input	15	123898	1947	1
Scott_Pilot	3	Port Input	14	123898	1947	4
Scott_Pilot	3	Port Input	15	123906	1955	1
Scott_Pilot	3	Port Input	14	123906	1955	1
Scott_Pilot	3	Port Input	15	123906	1955	4
Scott_Pilot	3	Port Input	14	123909	1958	1
Scott_Pilot	3	Port Input	15	123909	1958	3
Scott_Pilot	3	Port Input	14	123911	1960	4
Scott_Pilot	3	Port Input	15	123914	1963	1
Scott_Pilot	3	Port Input	14	123914	1963	1
Scott_Pilot	3	Port Input	15	123919	1968	4
Scott_Pilot	3	Port Input	14	123922	1971	3
Scott_Pilot	3	Port Input	15	123925	1974	1
Scott_Pilot	3	Port Input	14	123925	1974	3
Scott_Pilot	3	Port Input	15	123930	1979	1
Scott_Pilot	3	Port Input	14	123930	1979	3
Scott_Pilot	3	Port Input	15	123932	1981	2
Scott_Pilot	3	Port Input	14	123933	1982	3
Scott_Pilot	3	Port Input	15	123935	1984	1
Scott_Pilot	3	Port Input	14	123935	1984	4
Scott_Pilot	3	Port Input	15	123938	1987	1
Scott_Pilot	3	Port Input	14	123938	1987	3
Scott_Pilot	3	Port Input	15	123940	1989	1
Scott_Pilot	3	Port Input	14	123940	1989	4
Scott_Pilot	3	Port Input	15	123943	1992	1
Scott_Pilot	3	Port Input	14	123943	1992	1
Scott_Pilot	3	Port Input	15	123948	1997	1
Scott_Pilot	3	Port Input	14	123948	1997	1
Scott_Pilot	3	Port Input	15	123951	2000	4
Scott_Pilot	3	Port Input	14	123954	2003	1
Scott_Pilot	3	Port Input	15	123954	2003	3
Scott_Pilot	3	Port Input	14	123956	2005	1
Scott_Pilot	3	Port Input	15	123977	2026	1
Scott_Pilot	3	Port Input	14	123977	2026	4
Scott_Pilot	3	Port Input	15	123986	2035	1
Scott_Pilot	3	Port Input	14	123986	2035	1
Scott_Pilot	3	Port Input	15	124037	2086	1
Scott_Pilot	3	Port Input	14	124037	2086	1
Scott_Pilot	3	Port Input	15	124045	2094	1
Scott_Pilot	3	Port Input	14	124045	2094	3
Scott_Pilot	3	Port Input	15	124058	2107	1
Scott_Pilot	3	Port Input	14	124058	2107	4
Scott_Pilot	3	Port Input	15	124092	2141	1
Scott_Pilot	3	Port Input	14	124092	2141	4
Scott_Pilot	3	Port Input	15	124284	2333	3
Scott_Pilot	3	Port Input	14	155836	33885	4
Scott_Pilot	3	Response	100	155836	33885	4
Scott_Pilot	4	Port Input	15	156012	28	1
Scott_Pilot	4	Port Input	14	156012	28	1
Scott_Pilot	4	Port Input	15	156015	31	3
Scott_Pilot	4	Port Input	14	156017	33	1
Scott_Pilot	4	Port Input	15	156023	39	4
Scott_Pilot	4	Port Input	14	156026	42	1
Scott_Pilot	4	Port Input	15	156044	60	1
Scott_Pilot	4	Port Input	14	156044	60	5
Scott_Pilot	4	Port Input	15	156128	144	1
Scott_Pilot	4	Port Input	14	156128	144	1
Scott_Pilot	4	Port Input	15	158803	2819	4
Scott_Pilot	4	Port Input	14	177402	21418	3
Scott_Pilot	4	Response	100	177402	21418	3
Scott_Pilot	4	Port Input	15	177404	21420	1
Scott_Pilot	4	Port Input	14	177404	21420	1
Scott_Pilot	4	Port Input	15	177407	21423	2
Scott_Pilot	4	Port Input	14	177408	21424	1
Scott_Pilot	4	Port Input	15	177408	21424	2
Scott_Pilot	4	Port Input	14	177409	21425	1
Scott_Pilot	5	Port Input	15	179861	2356	1
Scott_Pilot	5	Port Input	14	179861	2356	1
Scott_Pilot	5	Port Input	15	179867	2362	3
Scott_Pilot	5	Port Input	14	179869	2364	1
Scott_Pilot	5	Port Input	15	179869	2364	1
Scott_Pilot	5	Port Input	14	179869	2364	4
Scott_Pilot	5	Port Input	15	179872	2367	1
Scott_Pilot	5	Port Input	14	179872	2367	4
Scott_Pilot	5	Port Input	15	179880	2375	1
Scott_Pilot	5	Port Input	14	179883	2378	3
Scott_Pilot	5	Port Input	15	179899	2394	1
Scott_Pilot	5	Port Input	14	179899	2394	3
Scott_Pilot	5	Port Input	15	179904	2399	4
Scott_Pilot	5	Port Input	14	179907	2402	1
Scott_Pilot	5	Port Input	15	179909	2404	1
Scott_Pilot	5	Port Input	14	179909	2404	1
Scott_Pilot	5	Port Input	15	179917	2412	4
Scott_Pilot	5	Port Input	14	179920	2415	1
Scott_Pilot	5	Port Input	15	179923	2418	3
Scott_Pilot	5	Port Input	14	179925	2420	1
Scott_Pilot	5	Port Input	15	179933	2428	1
Scott_Pilot	5	Port Input	14	179933	2428	4
Scott_Pilot	5	Port Input	15	179938	2433	1
Scott_Pilot	5	Port Input	14	179938	2433	1
Scott_Pilot	5	Port Input	15	179938	2433	1
Scott_Pilot	5	Port Input	14	179938	2433	4
Scott_Pilot	5	Port Input	15	179966	2461	4
Scott_Pilot	5	Port Input	14	179969	2464	1
Scott_Pilot	5	Port Input	15	179978	2473	1
Scott_Pilot	5	Port Input	14	179978	2473	4
Scott_Pilot	5	Port Input	15	180001	2496	1
Scott_Pilot	5	Port Input	14	180001	2496	1
Scott_Pilot	5	Port Input	15	180014	2509	4
Scott_Pilot	5	Port Input	14	180017	2512	1
Scott_Pilot	5	Port Input	15	180017	2512	1
Scott_Pilot	5	Port Input	14	180017	2512	4
Scott_Pilot	5	Port Input	15	180020	2515	1
Scott_Pilot	5	Port Input	14	180020	2515	1
Scott_Pilot	5	Port Input	15	180033	2528	1
Scott_Pilot	5	Port Input	14	180033	2528	1
Scott_Pilot	5	Port Input	15	180038	2533	1
Scott_Pilot	5	Port Input	14	180038	2533	1
Scott_Pilot	5	Port Input	15	180067	2562	2
Scott_Pilot	5	Port Input	14	180068	2563	3
Scott_Pilot	5	Port Input	15	180070	2565	1
Scott_Pilot	5	Port Input	14	180070	2565	1
Scott_Pilot	5	Port Input	15	180070	2565	4
Scott_Pilot	5	Port Input	14	180073	2568	1
Scott_Pilot	5	Port Input	15	180108	2603	4
Scott_Pilot	5	Port Input	14	180111	2606	1
Scott_Pilot	5	Port Input	15	180111	2606	1
Scott_Pilot	5	Port Input	14	180111	2606	3
Scott_Pilot	5	Port Input	15	180116	2611	1
Scott_Pilot	5	Port Input	14	180116	2611	4
Scott_Pilot	5	Port Input	15	180119	2614	3
Scott_Pilot	5	Port Input	14	180121	2616	1
Scott_Pilot	5	Port Input	15	180132	2627	1
Scott_Pilot	5	Port Input	14	180132	2627	1
Scott_Pilot	5	Port Input	15	180143	2638	1
Scott_Pilot	5	Port Input	14	180143	2638	1
Scott_Pilot	5	Port Input	15	180145	2640	1
Scott_Pilot	5	Port Input	14	180145	2640	2
Scott_Pilot	5	Port Input	15	180335	2830	4
Scott_Pilot	5	Port Input	14	191898	14393	1
Scott_Pilot	5	Response	100	191898	14393	1
Scott_Pilot	6	Port Input	15	192246	227	1
Scott_Pilot	6	Port Input	14	192246	227	3
Scott_Pilot	6	Port Input	15	192249	230	1
Scott_Pilot	6	Port Input	14	192249	230	1
Scott_Pilot	6	Port Input	15	192251	232	4
Scott_Pilot	6	Port Input	14	192254	235	1
Scott_Pilot	6	Port Input	15	192262	243	2
Scott_Pilot	6	Port Input	14	192263	244	3
Scott_Pilot	6	Port Input	15	192265	246	1
Scott_Pilot	6	Port Input	14	192265	246	4
Scott_Pilot	6	Port Input	15	192289	270	1
Scott_Pilot	6	Port Input	14	192289	270	1
Scott_Pilot	6	Port Input	15	192292	273	1
Scott_Pilot	6	Port Input	14	192292	273	3
Scott_Pilot	6	Port Input	15	194146	2127	4
Scott_Pilot	6	Port Input	14	194149	2130	1
Scott_Pilot	6	Port Input	15	194160	2141	1
Scott_Pilot	6	Port Input	14	194160	2141	1
Scott_Pilot	6	Port Input	15	194165	2146	1
Scott_Pilot	6	Port Input	14	194165	2146	1
Scott_Pilot	6	Port Input	15	194656	2637	4
Scott_Pilot	6	Port Input	14	206824	14805	4
Scott_Pilot	6	Response	100	206824	14805	4
Scott_Pilot	7	Port Input	15	207213	346	1
Scott_Pilot	7	Port Input	14	207213	346	1
Scott_Pilot	7	Port Input	15	207218	351	1
Scott_Pilot	7	Port Input	14	207218	351	1
Scott_Pilot	7	Port Input	15	207226	359	1
Scott_Pilot	7	Port Input	14	207226	359	4
Scott_Pilot	7	Port Input	15	207242	375	4
Scott_Pilot	7	Port Input	14	207245	378	1
Scott_Pilot	7	Port Input	15	207250	383	1
Scott_Pilot	7	Port Input	14	207250	383	4
Scott_Pilot	7	Port Input	15	208858	1991	1
Scott_Pilot	7	Port Input	14	208858	1991	4
Scott_Pilot	7	Port Input	15	208863	1996	1
Scott_Pilot	7	Port Input	14	208863	1996	1
Scott_Pilot	7	Port Input	15	208863	1996	4
Scott_Pilot	7	Port Input	14	208866	1999	1
Scott_Pilot	7	Port Input	15	208871	2004	1
Scott_Pilot	7	Port Input	14	208871	2004	1
Scott_Pilot	7	Port Input	15	208874	2007	1
Scott_Pilot	7	Port Input	14	208874	2007	3
Scott_Pilot	7	Port Input	15	208876	2009	1
Scott_Pilot	7	Port Input	14	208876	2009	1
Scott_Pilot	7	Port Input	15	208903	2036	1
Scott_Pilot	7	Port Input	14	208903	2036	1
Scott_Pilot	7	Port Input	15	208908	2041	1
Scott_Pilot	7	Port Input	14	208908	2041	4
Scott_Pilot	7	Port Input	15	208921	2054	1
Scott_Pilot	7	Port Input	14	208921	2054	1
Scott_Pilot	7	Port Input	15	208924	2057	4
Scott_Pilot	7	Port Input	14	208927	2060	1
Scott_Pilot	7	Port Input	15	209030	2163	3
Scott_Pilot	7	Port Input	14	209032	2165	1
Scott_Pilot	7	Port Input	15	209043	2176	1
Scott_Pilot	7	Port Input	14	209043	2176	3
Scott_Pilot	7	Port Input	15	209168	2301	2
Scott_Pilot	7	Port Input	14	209169	2302	1
Scott_Pilot	7	Port Input	15	209177	2310	3
Scott_Pilot	7	Port Input	14	209179	2312	1
Scott_Pilot	7	Port Input	15	209193	2326	1
Scott_Pilot	7	Port Input	14	209193	2326	1
Scott_Pilot	7	Port Input	15	209219	2352	1
Scott_Pilot	7	Port Input	14	209219	2352	2
Scott_Pilot	7	Port Input	15	209222	2355	1
Scott_Pilot	7	Port Input	14	209222	2355	4
Scott_Pilot	7	Port Input	15	209230	2363	1
Scott_Pilot	7	Port Input	14	209230	2363	4
Scott_Pilot	7	Port Input	15	209414	2547	4
Scott_Pilot	7	Port Input	14	221842	14975	3
Scott_Pilot	7	Response	100	221842	14975	3
Scott_Pilot	8	Port Input	15	224587	2705	4
Scott_Pilot	8	Port Input	14	237233	15351	4
Scott_Pilot	8	Response	100	237233	15351	4
Scott_Pilot	9	Port Input	15	240070	2673	1
Scott_Pilot	9	Port Input	14	252618	15221	1
Scott_Pilot	9	Response	100	252618	15221	1
Scott_Pilot	10	Port Input	15	254861	2116	1
Scott_Pilot	10	Port Input	14	254861	2116	4
Scott_Pilot	10	Port Input	15	254910	2165	1
Scott_Pilot	10	Port Input	14	254910	2165	1
Scott_Pilot	10	Port Input	15	254991	2246	3
Scott_Pilot	10	Port Input	14	254993	2248	1
Scott_Pilot	10	Port Input	15	255361	2616	3
Scott_Pilot	10	Port Input	14	268307	15562	1
Scott_Pilot	10	Port Input	15	268307	15562	1
Scott_Pilot	10	Port Input	14	268307	15562	1
Scott_Pilot	10	Response	100	268307	15562	1
Scott_Pilot	11	Port Input	15	270560	2133	1
Scott_Pilot	11	Port Input	14	270560	2133	3
Scott_Pilot	11	Port Input	15	270570	2143	1
Scott_Pilot	11	Port Input	14	270570	2143	1
Scott_Pilot	11	Port Input	15	270583	2156	3
Scott_Pilot	11	Port Input	14	270585	2158	1
Scott_Pilot	11	Port Input	15	270591	2164	1
Scott_Pilot	11	Port Input	14	270591	2164	1
Scott_Pilot	11	Port Input	15	270594	2167	4
Scott_Pilot	11	Port Input	14	270597	2170	1
Scott_Pilot	11	Port Input	15	270600	2173	3
Scott_Pilot	11	Port Input	14	270602	2175	1
Scott_Pilot	11	Port Input	15	270626	2199	2
Scott_Pilot	11	Port Input	14	270626	2199	4
Scott_Pilot	11	Port Input	15	270640	2213	3
Scott_Pilot	11	Port Input	14	270642	2215	1
Scott_Pilot	11	Port Input	15	270668	2241	1
Scott_Pilot	11	Port Input	14	270668	2241	4
Scott_Pilot	11	Port Input	15	270674	2247	1
Scott_Pilot	11	Port Input	14	270674	2247	1
Scott_Pilot	11	Port Input	15	270688	2261	4
Scott_Pilot	11	Port Input	14	270691	2264	1
Scott_Pilot	11	Port Input	15	271071	2644	1
Scott_Pilot	11	Port Input	14	271071	2644	1
Scott_Pilot	11	Port Input	15	271071	2644	4
Scott_Pilot	11	Port Input	14	284448	16021	4
Scott_Pilot	11	Response	100	284448	16021	4
Scott_Pilot	12	Port Input	15	286906	2297	4
Scott_Pilot	12	Port Input	14	286909	2300	1
Scott_Pilot	12	Port Input	15	286909	2300	3
Scott_Pilot	12	Port Input	14	302836	18227	3
Scott_Pilot	12	Response	100	302836	18227	3
Scott_Pilot	12	Port Input	15	302838	18229	2
Scott_Pilot	12	Port Input	14	302839	18230	1
Scott_Pilot	12	Port Input	15	302839	18230	1
Scott_Pilot	12	Port Input	14	302839	18230	3
Scott_Pilot	13	Port Input	15	303139	179	1
Scott_Pilot	13	Port Input	14	303139	179	4
Scott_Pilot	13	Port Input	15	303142	182	1
Scott_Pilot	13	Port Input	14	303145	185	1
Scott_Pilot	13	Port Input	15	303150	190	1
Scott_Pilot	13	Port Input	14	303150	190	1
Scott_Pilot	13	Port Input	15	303155	195	2
Scott_Pilot	13	Port Input	14	303155	195	2
Scott_Pilot	13	Port Input	15	303158	198	1
Scott_Pilot	13	Port Input	14	303158	198	1
Scott_Pilot	13	Port Input	15	303161	201	1
Scott_Pilot	13	Port Input	14	303161	201	1
Scott_Pilot	13	Port Input	15	303166	206	1
Scott_Pilot	13	Port Input	14	303166	206	1
Scott_Pilot	13	Port Input	15	303169	209	4
Scott_Pilot	13	Port Input	14	303171	211	2
Scott_Pilot	13	Port Input	15	303174	214	1
Scott_Pilot	13	Port Input	14	303174	214	1
Scott_Pilot	13	Port Input	15	303195	235	2
Scott_Pilot	13	Port Input	14	303196	236	1
Scott_Pilot	13	Port Input	15	305718	2758	1
Scott_Pilot	13	Port Input	14	305718	2758	3
Scott_Pilot	13	Port Input	15	305958	2998	3
Scott_Pilot	13	Port Input	14	305960	3000	2
Scott_Pilot	13	Port Input	15	305961	3001	3
Scott_Pilot	13	Port Input	14	323654	20694	3
Scott_Pilot	13	Response	100	323654	20694	3
Scott_Pilot	13	Port Input	15	323656	20696	1
Scott_Pilot	13	Port Input	14	323656	20696	1
Scott_Pilot	14	Port Input	15	326029	2215	3
Scott_Pilot	14	Port Input	14	326031	2217	1
Scott_Pilot	14	Port Input	15	326340	2526	4
Scott_Pilot	14	Port Input	14	326343	2529	1
Scott_Pilot	14	Port Input	15	326354	2540	3
Scott_Pilot	14	Port Input	14	347650	23836	3
Scott_Pilot	14	Response	100	347650	23836	3
Scott_Pilot	15	Port Input	15	350949	3279	1
Scott_Pilot	15	Port Input	14	350949	3279	1
Scott_Pilot	15	Port Input	15	350949	3279	4
Scott_Pilot	15	Port Input	14	368937	21267	4
Scott_Pilot	15	Response	100	368937	21267	4
Scott_Pilot	16	Port Input	15	372093	3068	1
Scott_Pilot	16	Port Input	14	390028	21003	4
Scott_Pilot	16	Response	100	390028	21003	4
Scott_Pilot	16	Port Input	15	390068	21043	1
Scott_Pilot	16	Port Input	14	390068	21043	1
Scott_Pilot	16	Port Input	15	390068	21043	1
Scott_Pilot	16	Port Input	14	390068	21043	1
Scott_Pilot	17	Port Input	15	393410	3198	3
Scott_Pilot	17	Port Input	14	412270	22058	4
Scott_Pilot	17	Response	100	412270	22058	4
Scott_Pilot	18	Port Input	15	415871	3471	1
Scott_Pilot	18	Port Input	14	415871	3471	1
Scott_Pilot	18	Port Input	15	415871	3471	1
Scott_Pilot	18	Port Input	14	415871	3471	1
Scott_Pilot	18	Port Input	15	415874	3474	4
Scott_Pilot	18	Port Input	14	432060	19660	3
Scott_Pilot	18	Response	100	432060	19660	3
Scott_Pilot	18	Port Input	15	432062	19662	1
Scott_Pilot	18	Port Input	14	432062	19662	1
Scott_Pilot	19	Port Input	15	435162	3076	1
Scott_Pilot	19	Port Input	14	435162	3076	1
Scott_Pilot	19	Port Input	15	435167	3081	4
Scott_Pilot	19	Port Input	14	452850	20764	4
Scott_Pilot	19	Response	100	452850	20764	4
Scott_Pilot	20	Port Input	15	456788	3849	4
Scott_Pilot	20	Port Input	14	456791	3852	1
Scott_Pilot	20	Port Input	15	456794	3855	3
Scott_Pilot	20	Port Input	14	474374	21435	4
Scott_Pilot	20	Response	100	474374	21435	4
Scott_Pilot	20	Port Input	15	474376	21437	2
Scott_Pilot	20	Port Input	14	474377	21438	1
Scott_Pilot	21	Port Input	15	478005	3546	4
Scott_Pilot	21	Port Input	14	478008	3549	1
Scott_Pilot	21	Port Input	15	478308	3849	1
Scott_Pilot	21	Port Input	14	496089	21630	3
Scott_Pilot	21	Response	100	496089	21630	3
Scott_Pilot	22	Port Input	15	496729	581	1
Scott_Pilot	22	Port Input	14	496729	581	1
Scott_Pilot	22	Port Input	15	500334	4186	4
Scott_Pilot	22	Port Input	14	517305	21157	1
Scott_Pilot	22	Port Input	15	517305	21157	1
Scott_Pilot	22	Port Input	14	517305	21157	1
Scott_Pilot	22	Response	100	517305	21157	1
Scott_Pilot	23	Port Input	15	517804	469	1
Scott_Pilot	23	Port Input	14	517804	469	1
Scott_Pilot	23	Port Input	15	521195	3860	4
Scott_Pilot	23	Port Input	14	538604	21269	3
Scott_Pilot	23	Response	100	538604	21269	4
Scott_Pilot	24	Port Input	15	542644	3955	4
Scott_Pilot	24	Port Input	14	560272	21583	4
Scott_Pilot	24	Response	100	560272	21583	4
Scott_Pilot	25	Port Input	15	564163	3786	4
Scott_Pilot	25	Port Input	14	580721	20344	1
Scott_Pilot	25	Response	100	580721	20344	1
Scott_Pilot	25	Port Input	15	580760	20383	1
Scott_Pilot	25	Port Input	14	580760	20383	2
Scott_Pilot	26	Port Input	15	584795	3898	3
Scott_Pilot	26	Port Input	14	601310	20413	3
Scott_Pilot	26	Response	100	601310	20413	4
Scott_Pilot	27	Port Input	15	605674	4257	3
Scott_Pilot	27	Port Input	14	605676	4259	1
Scott_Pilot	27	Port Input	15	605676	4259	4
Scott_Pilot	27	Port Input	14	621740	20323	4
Scott_Pilot	27	Response	100	621740	20323	4
Scott_Pilot	27	Port Input	15	621743	20326	1
Scott_Pilot	27	Port Input	14	621743	20326	1
Scott_Pilot	27	Port Input	15	621747	20330	1
Scott_Pilot	27	Port Input	14	621747	20330	1
Scott_Pilot	28	Port Input	15	625845	4075	3
Scott_Pilot	28	Port Input	14	641659	19889	1
Scott_Pilot	28	Response	100	641659	19889	1
Scott_Pilot	29	Port Input	15	645237	3447	4
Scott_Pilot	29	Port Input	14	645240	3450	1
Scott_Pilot	29	Port Input	15	645243	3453	3
Scott_Pilot	29	Port Input	14	661334	19544	3
Scott_Pilot	29	Response	100	661334	19544	4
Scott_Pilot	30	Port Input	15	665522	4047	4
Scott_Pilot	30	Port Input	14	680971	19496	4
Scott_Pilot	30	Response	100	680971	19496	4
Scott_Pilot	31	Port Input	15	684709	3715	3
Scott_Pilot	31	Port Input	14	684711	3717	1
Scott_Pilot	31	Port Input	15	684711	3717	4
Scott_Pilot	31	Port Input	14	700979	19985	4
Scott_Pilot	31	Response	100	700979	19985	4
Scott_Pilot	31	Port Input	15	700982	19988	1
Scott_Pilot	31	Port Input	14	700986	19992	14
Scott_Pilot	31	Port Input	15	700999	20005	2
Scott_Pilot	31	Port Input	14	701000	20006	1
Scott_Pilot	31	Port Input	15	701001	20007	1
Scott_Pilot	31	Port Input	14	701001	20007	1
Scott_Pilot	31	Port Input	15	701003	20009	1
Scott_Pilot	31	Port Input	14	701003	20009	1
Scott_Pilot	32	Port Input	15	701625	611	1
Scott_Pilot	32	Port Input	14	701625	611	1
Scott_Pilot	32	Port Input	15	701628	614	1
Scott_Pilot	32	Port Input	14	701628	614	1
Scott_Pilot	32	Port Input	15	701642	628	1
Scott_Pilot	32	Port Input	14	701642	628	4
Scott_Pilot	32	Port Input	15	701651	637	3
Scott_Pilot	32	Port Input	14	701653	639	1
Scott_Pilot	32	Port Input	15	701653	639	1
Scott_Pilot	32	Port Input	14	701653	639	4
Scott_Pilot	32	Port Input	15	701675	661	1
Scott_Pilot	32	Port Input	14	701675	661	1
Scott_Pilot	32	Port Input	15	701680	666	1
Scott_Pilot	32	Port Input	14	701680	666	1
Scott_Pilot	32	Port Input	15	701736	722	1
Scott_Pilot	32	Port Input	14	701736	722	2
Scott_Pilot	32	Port Input	15	701763	749	4
Scott_Pilot	32	Port Input	14	701766	752	1
Scott_Pilot	32	Port Input	15	704971	3957	3
Scott_Pilot	32	Port Input	14	704973	3959	1
Scott_Pilot	32	Port Input	15	704976	3962	1
Scott_Pilot	32	Port Input	14	704976	3962	4
Scott_Pilot	32	Port Input	15	704979	3965	1
Scott_Pilot	32	Port Input	14	721506	20492	4
Scott_Pilot	32	Response	100	721506	20492	4
