Scenario - SSVEP
Logfile written - 09/13/2021 11:01:15

Subject	Trial	Event Type	Code	Time	TTime	Uncertainty	Duration	Uncertainty	ReqTime	ReqDur	Stim Type	Pair Index

KS_Pilot	2	Response	1	698799	637813	1
KS_Pilot	3	Picture	Pic1:3:grating1_cont1_or1,grating0, fix:1	712637	0	1	4947	1	0	next	other	0
KS_Pilot	3	Picture	Pic2:30:grating1_cont1_or1,grating0, fix:3	717584	4947	1	1767	1	4540	next	other	0
KS_Pilot	3	Picture	Pic3:0:grating1_cont1_or1,grating0, fix:1	719350	6713	1	1767	1	5890	next	other	0
KS_Pilot	3	Picture	Pic4:0:grating1_cont1_or1,grating0, fix:1	721117	8480	1	1767	1	7240	next	other	0
KS_Pilot	3	Picture	Pic5:0:grating1_cont1_or1,grating0, fix:1	722883	10246	1	1767	1	8590	next	other	0
KS_Pilot	3	Picture	Pic6:0:grating1_cont1_or1,grating0, fix:1	724650	12013	1	1884	1	9940	next	other	0
KS_Pilot	3	Picture	Pic7:0:grating1_cont1_or1,grating0, fix:1	726535	13898	1	1767	1	11290	next	other	0
KS_Pilot	3	Picture	Pic8:0:grating1_cont1_or1,grating0, fix:1	728301	15664	1	1767	1	12640	next	other	0
KS_Pilot	3	Picture	Pic9:0:grating1_cont1_or1,grating0, fix:1	730068	17431	1	1767	1	13990	next	other	0
KS_Pilot	3	Picture	Pic10:0:grating1_cont1_or1,grating0, fix:1	731834	19197	1	1767	1	15340	next	other	0
KS_Pilot	3	Picture	Pic11:0:grating1_cont1_or1,grating0, fix:1	733601	20964	1	1767	1	16690	next	other	0
KS_Pilot	3	Picture	Pic12:0:grating1_cont1_or1,grating0, fix:1	735368	22731	1	1767	1	18040	next	other	0
KS_Pilot	3	Picture	Pic13:0:grating1_cont1_or1,grating0, fix:1	737134	24497	1	1767	1	19390	next	other	0
KS_Pilot	3	Picture	Pic14:5:grating1_cont1_or1,grating0, fix:2	738901	26264	1	1767	1	20740	next	other	0
KS_Pilot	3	Picture	Pic15:0:grating1_cont1_or1,grating0, fix:1	740668	28031	1	1767	1	22090	next	other	0
KS_Pilot	3	Picture	Pic16:0:grating1_cont1_or1,grating0, fix:1	742434	29797	1	1767	1	23440	next	other	0
KS_Pilot	3	Picture	Pic17:0:grating1_cont1_or1,grating0, fix:1	744201	31564	1	1767	1	24790	next	other	0
KS_Pilot	3	Response	2	744430	31793	1
KS_Pilot	3	Picture	Pic18:0:grating1_cont1_or1,grating0, fix:1	745968	33331	1	1649	1	26140	next	other	0
KS_Pilot	4	Picture	Pic1:3:grating1_cont4_or1,grating0, fix:1	762220	0	1	5535	1	0	next	other	0
KS_Pilot	4	Picture	Pic2:13:grating1_cont4_or1,grating0, fix:3	767756	5535	1	1413	1	5520	next	other	0
KS_Pilot	4	Picture	Pic3:0:grating1_cont4_or1,grating0, fix:1	769169	6949	1	1413	1	6870	next	other	0
KS_Pilot	4	Picture	Pic4:0:grating1_cont4_or1,grating0, fix:1	770583	8362	1	1413	1	8220	next	other	0
KS_Pilot	4	Picture	Pic5:0:grating1_cont4_or1,grating0, fix:1	771996	9775	1	1413	1	9570	next	other	0
KS_Pilot	4	Picture	Pic6:0:grating1_cont4_or1,grating0, fix:1	773409	11189	1	1413	1	10920	next	other	0
KS_Pilot	4	Picture	Pic7:0:grating1_cont4_or1,grating0, fix:1	774822	12602	1	1413	1	12270	next	other	0
KS_Pilot	4	Picture	Pic8:0:grating1_cont4_or1,grating0, fix:1	776236	14015	1	1413	1	13620	next	other	0
KS_Pilot	4	Picture	Pic9:0:grating1_cont4_or1,grating0, fix:1	777649	15429	1	1413	1	14970	next	other	0
KS_Pilot	4	Picture	Pic10:0:grating1_cont4_or1,grating0, fix:1	779062	16842	1	1413	1	16320	next	other	0
KS_Pilot	4	Picture	Pic11:0:grating1_cont4_or1,grating0, fix:1	780476	18255	1	1413	1	17670	next	other	0
KS_Pilot	4	Picture	Pic12:0:grating1_cont4_or1,grating0, fix:1	781889	19669	1	1413	1	19020	next	other	0
KS_Pilot	4	Picture	Pic13:0:grating1_cont4_or1,grating0, fix:1	783302	21082	1	1413	1	20370	next	other	0
KS_Pilot	4	Picture	Pic14:0:grating1_cont4_or1,grating0, fix:1	784716	22495	1	1413	1	21720	next	other	0
KS_Pilot	4	Picture	Pic15:0:grating1_cont4_or1,grating0, fix:1	786129	23908	1	1413	1	23070	next	other	0
KS_Pilot	4	Picture	Pic16:0:grating1_cont4_or1,grating0, fix:1	787542	25322	1	1413	1	24420	next	other	0
KS_Pilot	4	Picture	Pic17:0:grating1_cont4_or1,grating0, fix:1	788956	26735	1	1413	1	25770	next	other	0
KS_Pilot	4	Picture	Pic18:0:grating1_cont4_or1,grating0, fix:1	790369	28148	1	1413	1	27120	next	other	0
KS_Pilot	4	Picture	Pic19:0:grating1_cont4_or1,grating0, fix:1	791782	29562	1	1531	1	28470	next	other	0
KS_Pilot	4	Picture	Pic20:4:grating1_cont4_or1,grating0, fix:1	793313	31093	1	4475	1	29820	next	other	0
KS_Pilot	5	Picture	Pic1:3:grating2_cont4_or1,grating2_cont1_or1, fix:1	812746	0	1	4947	1	0	next	other	0
KS_Pilot	5	Picture	Pic2:31:grating2_cont4_or1,grating2_cont1_or1, fix:3	817693	4947	1	1413	1	4890	next	other	0
KS_Pilot	5	Picture	Pic3:5:grating2_cont4_or1,grating2_cont1_or1, fix:2	819106	6360	1	1413	1	6240	next	other	0
KS_Pilot	5	Picture	Pic4:0:grating2_cont4_or1,grating2_cont1_or1, fix:1	820519	7773	1	1413	1	7590	next	other	0
KS_Pilot	5	Picture	Pic5:0:grating2_cont4_or1,grating2_cont1_or1, fix:1	821933	9187	1	1413	1	8940	next	other	0
KS_Pilot	5	Picture	Pic6:0:grating2_cont4_or1,grating2_cont1_or1, fix:1	823346	10600	1	1413	1	10290	next	other	0
KS_Pilot	5	Response	2	823869	11123	1
KS_Pilot	5	Picture	Pic7:0:grating2_cont4_or1,grating2_cont1_or1, fix:1	824759	12013	1	1413	1	11640	next	other	0
KS_Pilot	5	Picture	Pic8:0:grating2_cont4_or1,grating2_cont1_or1, fix:1	826173	13426	1	1413	1	12990	next	other	0
KS_Pilot	5	Picture	Pic9:0:grating2_cont4_or1,grating2_cont1_or1, fix:1	827586	14840	1	1413	1	14340	next	other	0
KS_Pilot	5	Picture	Pic10:0:grating2_cont4_or1,grating2_cont1_or1, fix:1	828999	16253	1	1413	1	15690	next	other	0
KS_Pilot	5	Picture	Pic11:0:grating2_cont4_or1,grating2_cont1_or1, fix:1	830413	17666	1	1413	1	17040	next	other	0
KS_Pilot	5	Picture	Pic12:0:grating2_cont4_or1,grating2_cont1_or1, fix:1	831826	19080	1	1413	1	18390	next	other	0
KS_Pilot	5	Picture	Pic13:0:grating2_cont4_or1,grating2_cont1_or1, fix:1	833239	20493	1	1413	1	19740	next	other	0
KS_Pilot	5	Picture	Pic14:0:grating2_cont4_or1,grating2_cont1_or1, fix:1	834652	21906	1	1413	1	21090	next	other	0
KS_Pilot	5	Picture	Pic15:0:grating2_cont4_or1,grating2_cont1_or1, fix:1	836066	23320	1	1413	1	22440	next	other	0
KS_Pilot	5	Picture	Pic16:0:grating2_cont4_or1,grating2_cont1_or1, fix:1	837479	24733	1	1413	1	23790	next	other	0
KS_Pilot	5	Picture	Pic17:0:grating2_cont4_or1,grating2_cont1_or1, fix:1	838892	26146	1	1413	1	25140	next	other	0
KS_Pilot	5	Picture	Pic18:0:grating2_cont4_or1,grating2_cont1_or1, fix:1	840306	27559	1	1413	1	26490	next	other	0
KS_Pilot	5	Picture	Pic19:0:grating2_cont4_or1,grating2_cont1_or1, fix:1	841719	28973	1	1413	1	27840	next	other	0
KS_Pilot	5	Picture	Pic20:4:grating2_cont4_or1,grating2_cont1_or1, fix:1	843132	30386	1	4593	1	29190	next	other	0
KS_Pilot	6	Picture	Pic1:3:grating2_cont5_or2,grating2_cont1_or2, fix:1	862565	0	1	5300	1	0	next	other	0
KS_Pilot	6	Picture	Pic2:131:grating2_cont5_or2,grating2_cont1_or2, fix:3	867865	5300	1	1413	1	5240	next	other	0
KS_Pilot	6	Picture	Pic3:0:grating2_cont5_or2,grating2_cont1_or2, fix:1	869278	6713	1	1413	1	6590	next	other	0
KS_Pilot	6	Picture	Pic4:0:grating2_cont5_or2,grating2_cont1_or2, fix:1	870692	8126	1	1413	1	7940	next	other	0
KS_Pilot	6	Picture	Pic5:0:grating2_cont5_or2,grating2_cont1_or2, fix:1	872105	9540	1	1413	1	9290	next	other	0
KS_Pilot	6	Picture	Pic6:0:grating2_cont5_or2,grating2_cont1_or2, fix:1	873518	10953	1	1413	1	10640	next	other	0
KS_Pilot	6	Picture	Pic7:5:grating2_cont5_or2,grating2_cont1_or2, fix:2	874932	12366	1	1413	1	11990	next	other	0
KS_Pilot	6	Picture	Pic8:0:grating2_cont5_or2,grating2_cont1_or2, fix:1	876345	13780	1	1413	1	13340	next	other	0
KS_Pilot	6	Picture	Pic9:0:grating2_cont5_or2,grating2_cont1_or2, fix:1	877758	15193	1	1413	1	14690	next	other	0
KS_Pilot	6	Response	2	878428	15863	1
KS_Pilot	6	Picture	Pic10:0:grating2_cont5_or2,grating2_cont1_or2, fix:1	879172	16606	1	1413	1	16040	next	other	0
KS_Pilot	6	Picture	Pic11:0:grating2_cont5_or2,grating2_cont1_or2, fix:1	880585	18020	1	1413	1	17390	next	other	0
KS_Pilot	6	Picture	Pic12:0:grating2_cont5_or2,grating2_cont1_or2, fix:1	881998	19433	1	1413	1	18740	next	other	0
KS_Pilot	6	Picture	Pic13:0:grating2_cont5_or2,grating2_cont1_or2, fix:1	883411	20846	1	1413	1	20090	next	other	0
KS_Pilot	6	Picture	Pic14:0:grating2_cont5_or2,grating2_cont1_or2, fix:1	884825	22260	1	1413	1	21440	next	other	0
KS_Pilot	6	Picture	Pic15:0:grating2_cont5_or2,grating2_cont1_or2, fix:1	886238	23673	1	1413	1	22790	next	other	0
KS_Pilot	6	Picture	Pic16:0:grating2_cont5_or2,grating2_cont1_or2, fix:1	887651	25086	1	1413	1	24140	next	other	0
KS_Pilot	6	Picture	Pic17:0:grating2_cont5_or2,grating2_cont1_or2, fix:1	889065	26500	1	1413	1	25490	next	other	0
KS_Pilot	6	Picture	Pic18:0:grating2_cont5_or2,grating2_cont1_or2, fix:1	890478	27913	1	1413	1	26840	next	other	0
KS_Pilot	6	Picture	Pic19:0:grating2_cont5_or2,grating2_cont1_or2, fix:1	891891	29326	1	1413	1	28190	next	other	0
KS_Pilot	6	Picture	Pic20:4:grating2_cont5_or2,grating2_cont1_or2, fix:1	893305	30739	1	4593	1	29540	next	other	0
KS_Pilot	7	Picture	Pic1:3:grating1_cont1_or1,grating0, fix:1	911560	0	1	4358	1	0	next	other	0
KS_Pilot	7	Picture	Pic2:130:grating1_cont1_or1,grating0, fix:3	915918	4358	1	1413	1	4270	next	other	0
KS_Pilot	7	Picture	Pic3:0:grating1_cont1_or1,grating0, fix:1	917331	5771	1	1413	1	5620	next	other	0
KS_Pilot	7	Picture	Pic4:0:grating1_cont1_or1,grating0, fix:1	918744	7184	1	1413	1	6970	next	other	0
KS_Pilot	7	Picture	Pic5:0:grating1_cont1_or1,grating0, fix:1	920157	8598	1	1413	1	8320	next	other	0
KS_Pilot	7	Picture	Pic6:0:grating1_cont1_or1,grating0, fix:1	921571	10011	1	1413	1	9670	next	other	0
KS_Pilot	7	Picture	Pic7:0:grating1_cont1_or1,grating0, fix:1	922984	11424	1	1413	1	11020	next	other	0
KS_Pilot	7	Picture	Pic8:0:grating1_cont1_or1,grating0, fix:1	924397	12838	1	1413	1	12370	next	other	0
KS_Pilot	7	Picture	Pic9:5:grating1_cont1_or1,grating0, fix:2	925811	14251	1	1413	1	13720	next	other	0
KS_Pilot	7	Picture	Pic10:0:grating1_cont1_or1,grating0, fix:1	927224	15664	1	1413	1	15070	next	other	0
KS_Pilot	7	Picture	Pic11:0:grating1_cont1_or1,grating0, fix:1	928637	17077	1	1413	1	16420	next	other	0
KS_Pilot	7	Picture	Pic12:0:grating1_cont1_or1,grating0, fix:1	930051	18491	1	1413	1	17770	next	other	0
KS_Pilot	7	Response	2	931069	19509	1
KS_Pilot	7	Picture	Pic13:0:grating1_cont1_or1,grating0, fix:1	931464	19904	1	1413	1	19120	next	other	0
KS_Pilot	7	Picture	Pic14:0:grating1_cont1_or1,grating0, fix:1	932877	21317	1	1413	1	20470	next	other	0
KS_Pilot	7	Picture	Pic15:0:grating1_cont1_or1,grating0, fix:1	934291	22731	1	1413	1	21820	next	other	0
KS_Pilot	7	Picture	Pic16:0:grating1_cont1_or1,grating0, fix:1	935704	24144	1	1413	1	23170	next	other	0
KS_Pilot	7	Picture	Pic17:0:grating1_cont1_or1,grating0, fix:1	937117	25557	1	1413	1	24520	next	other	0
KS_Pilot	7	Picture	Pic18:0:grating1_cont1_or1,grating0, fix:1	938530	26971	1	1413	1	25870	next	other	0
KS_Pilot	7	Picture	Pic19:0:grating1_cont1_or1,grating0, fix:1	939944	28384	1	1413	1	27220	next	other	0
KS_Pilot	7	Picture	Pic20:4:grating1_cont1_or1,grating0, fix:1	941357	29797	1	4593	1	28570	next	other	0
KS_Pilot	8	Picture	Pic1:3:grating1_cont2_or2,grating0, fix:1	961261	0	1	5182	1	0	next	other	0
KS_Pilot	8	Picture	Pic2:116:grating1_cont2_or2,grating0, fix:3	966443	5182	1	1413	1	5170	next	other	0
KS_Pilot	8	Picture	Pic3:0:grating1_cont2_or2,grating0, fix:1	967856	6595	1	1413	1	6520	next	other	0
KS_Pilot	8	Picture	Pic4:0:grating1_cont2_or2,grating0, fix:1	969270	8009	1	1413	1	7870	next	other	0
KS_Pilot	8	Picture	Pic5:0:grating1_cont2_or2,grating0, fix:1	970683	9422	1	1413	1	9220	next	other	0
KS_Pilot	8	Picture	Pic6:0:grating1_cont2_or2,grating0, fix:1	972096	10835	1	1413	1	10570	next	other	0
KS_Pilot	8	Picture	Pic7:0:grating1_cont2_or2,grating0, fix:1	973510	12249	1	1413	1	11920	next	other	0
KS_Pilot	8	Picture	Pic8:0:grating1_cont2_or2,grating0, fix:1	974923	13662	1	1413	1	13270	next	other	0
KS_Pilot	8	Picture	Pic9:0:grating1_cont2_or2,grating0, fix:1	976336	15075	1	1413	1	14620	next	other	0
KS_Pilot	8	Picture	Pic10:0:grating1_cont2_or2,grating0, fix:1	977750	16489	1	1413	1	15970	next	other	0
KS_Pilot	8	Picture	Pic11:0:grating1_cont2_or2,grating0, fix:1	979163	17902	1	1413	1	17320	next	other	0
KS_Pilot	8	Picture	Pic12:0:grating1_cont2_or2,grating0, fix:1	980576	19315	1	1413	1	18670	next	other	0
KS_Pilot	8	Picture	Pic13:0:grating1_cont2_or2,grating0, fix:1	981990	20728	1	1413	42	20020	next	other	0
KS_Pilot	8	Picture	Pic14:0:grating1_cont2_or2,grating0, fix:1	983403	22142	42	1413	42	21370	next	other	0
KS_Pilot	8	Picture	Pic15:0:grating1_cont2_or2,grating0, fix:1	984816	23555	1	1413	1	22720	next	other	0
KS_Pilot	8	Picture	Pic16:0:grating1_cont2_or2,grating0, fix:1	986229	24968	1	1413	1	24070	next	other	0
KS_Pilot	8	Picture	Pic17:0:grating1_cont2_or2,grating0, fix:1	987643	26382	1	1413	1	25420	next	other	0
KS_Pilot	8	Picture	Pic18:0:grating1_cont2_or2,grating0, fix:1	989056	27795	1	1413	1	26770	next	other	0
KS_Pilot	8	Picture	Pic19:0:grating1_cont2_or2,grating0, fix:1	990469	29208	1	1413	1	28120	next	other	0
KS_Pilot	8	Picture	Pic20:4:grating1_cont2_or2,grating0, fix:1	991883	30622	1	4593	1	29470	next	other	0
KS_Pilot	9	Picture	Pic1:3:grating2_cont5_or2,grating2_cont1_or2, fix:1	1010373	0	1	5889	1	0	next	other	0
KS_Pilot	9	Picture	Pic2:129:grating2_cont5_or2,grating2_cont1_or2, fix:3	1016262	5889	1	1413	1	5790	next	other	0
KS_Pilot	9	Picture	Pic3:0:grating2_cont5_or2,grating2_cont1_or2, fix:1	1017676	7302	1	1413	1	7140	next	other	0
KS_Pilot	9	Picture	Pic4:0:grating2_cont5_or2,grating2_cont1_or2, fix:1	1019089	8715	1	1413	1	8490	next	other	0
KS_Pilot	9	Picture	Pic5:0:grating2_cont5_or2,grating2_cont1_or2, fix:1	1020502	10129	1	1413	1	9840	next	other	0
KS_Pilot	9	Picture	Pic6:0:grating2_cont5_or2,grating2_cont1_or2, fix:1	1021915	11542	1	1413	1	11190	next	other	0
KS_Pilot	9	Picture	Pic7:0:grating2_cont5_or2,grating2_cont1_or2, fix:1	1023329	12955	1	1413	1	12540	next	other	0
KS_Pilot	9	Picture	Pic8:0:grating2_cont5_or2,grating2_cont1_or2, fix:1	1024742	14369	1	1413	1	13890	next	other	0
KS_Pilot	9	Picture	Pic9:0:grating2_cont5_or2,grating2_cont1_or2, fix:1	1026155	15782	1	1413	1	15240	next	other	0
KS_Pilot	9	Picture	Pic10:0:grating2_cont5_or2,grating2_cont1_or2, fix:1	1027569	17195	1	1413	1	16590	next	other	0
KS_Pilot	9	Picture	Pic11:0:grating2_cont5_or2,grating2_cont1_or2, fix:1	1028982	18608	1	1413	1	17940	next	other	0
KS_Pilot	9	Picture	Pic12:0:grating2_cont5_or2,grating2_cont1_or2, fix:1	1030395	20022	1	1413	1	19290	next	other	0
KS_Pilot	9	Picture	Pic13:0:grating2_cont5_or2,grating2_cont1_or2, fix:1	1031809	21435	1	1413	1	20640	next	other	0
KS_Pilot	9	Picture	Pic14:0:grating2_cont5_or2,grating2_cont1_or2, fix:1	1033222	22848	1	1413	1	21990	next	other	0
KS_Pilot	9	Picture	Pic15:0:grating2_cont5_or2,grating2_cont1_or2, fix:1	1034635	24262	1	1413	1	23340	next	other	0
KS_Pilot	9	Picture	Pic16:0:grating2_cont5_or2,grating2_cont1_or2, fix:1	1036048	25675	1	1413	1	24690	next	other	0
KS_Pilot	9	Picture	Pic17:0:grating2_cont5_or2,grating2_cont1_or2, fix:1	1037462	27088	1	1413	1	26040	next	other	0
KS_Pilot	9	Picture	Pic18:0:grating2_cont5_or2,grating2_cont1_or2, fix:1	1038875	28502	1	1413	1	27390	next	other	0
KS_Pilot	9	Picture	Pic19:0:grating2_cont5_or2,grating2_cont1_or2, fix:1	1040288	29915	1	1413	1	28740	next	other	0
KS_Pilot	9	Picture	Pic20:4:grating2_cont5_or2,grating2_cont1_or2, fix:1	1041702	31328	1	4476	1	30090	next	other	0
KS_Pilot	10	Picture	Pic1:3:grating2_cont2_or2,grating2_cont1_or2, fix:1	1061959	0	1	4947	1	0	next	other	0
KS_Pilot	10	Picture	Pic2:26:grating2_cont2_or2,grating2_cont1_or2, fix:3	1066906	4947	1	1413	1	4820	next	other	0
KS_Pilot	10	Picture	Pic3:0:grating2_cont2_or2,grating2_cont1_or2, fix:1	1068319	6360	1	1413	1	6170	next	other	0
KS_Pilot	10	Picture	Pic4:0:grating2_cont2_or2,grating2_cont1_or2, fix:1	1069732	7773	1	1413	1	7520	next	other	0
KS_Pilot	10	Picture	Pic5:0:grating2_cont2_or2,grating2_cont1_or2, fix:1	1071146	9187	1	1413	1	8870	next	other	0
KS_Pilot	10	Picture	Pic6:0:grating2_cont2_or2,grating2_cont1_or2, fix:1	1072559	10600	1	1413	1	10220	next	other	0
KS_Pilot	10	Picture	Pic7:0:grating2_cont2_or2,grating2_cont1_or2, fix:1	1073972	12013	1	1413	1	11570	next	other	0
KS_Pilot	10	Picture	Pic8:0:grating2_cont2_or2,grating2_cont1_or2, fix:1	1075386	13426	1	1413	1	12920	next	other	0
KS_Pilot	10	Picture	Pic9:0:grating2_cont2_or2,grating2_cont1_or2, fix:1	1076799	14840	1	1413	1	14270	next	other	0
KS_Pilot	10	Picture	Pic10:0:grating2_cont2_or2,grating2_cont1_or2, fix:1	1078212	16253	1	1413	1	15620	next	other	0
KS_Pilot	10	Picture	Pic11:0:grating2_cont2_or2,grating2_cont1_or2, fix:1	1079625	17666	1	1413	1	16970	next	other	0
KS_Pilot	10	Picture	Pic12:0:grating2_cont2_or2,grating2_cont1_or2, fix:1	1081039	19080	1	1413	1	18320	next	other	0
KS_Pilot	10	Picture	Pic13:0:grating2_cont2_or2,grating2_cont1_or2, fix:1	1082452	20493	1	1413	1	19670	next	other	0
KS_Pilot	10	Picture	Pic14:0:grating2_cont2_or2,grating2_cont1_or2, fix:1	1083865	21906	1	1413	1	21020	next	other	0
KS_Pilot	10	Picture	Pic15:0:grating2_cont2_or2,grating2_cont1_or2, fix:1	1085279	23320	1	1413	1	22370	next	other	0
KS_Pilot	10	Picture	Pic16:0:grating2_cont2_or2,grating2_cont1_or2, fix:1	1086692	24733	1	1413	1	23720	next	other	0
KS_Pilot	10	Picture	Pic17:0:grating2_cont2_or2,grating2_cont1_or2, fix:1	1088105	26146	1	1413	1	25070	next	other	0
KS_Pilot	10	Picture	Pic18:0:grating2_cont2_or2,grating2_cont1_or2, fix:1	1089519	27560	1	1413	1	26420	next	other	0
KS_Pilot	10	Picture	Pic19:0:grating2_cont2_or2,grating2_cont1_or2, fix:1	1090932	28973	1	1413	1	27770	next	other	0
KS_Pilot	10	Picture	Pic20:4:grating2_cont2_or2,grating2_cont1_or2, fix:1	1092345	30386	1	4475	1	29120	next	other	0
