Scenario - passive press generic training 1.2
Logfile written - 12/03/2019 15:59:21

Trial	Event Type	Code	Time	TTime	Uncertainty	Duration	Uncertainty	ReqTime	ReqDur	Stim Type	Pair Index

1	Picture	83	166	0	1	5004	2	0	4950	other	0
1	Picture	82	10174	10008	1	5004	2	9950	4950	other	0
1	Picture	81	20182	20016	1	5004	3	19950	4950	other	0
1	Picture	80	30190	30024	2	5004	4	29950	4950	other	0
1	Port Input	14	33836	33670	1
1	Port Input	15	33836	33670	1
1	Port Input	14	33837	33671	1
1	Port Input	15	33839	33673	1
1	Port Input	14	33839	33673	1
1	Port Input	15	33839	33673	1
1	Port Input	14	33839	33673	1
1	Port Input	15	33839	33673	1
1	Port Input	14	33840	33674	1
1	Port Input	15	33841	33675	1
1	Port Input	14	33841	33675	1
1	Port Input	15	33842	33676	1
1	Port Input	14	33842	33676	1
1	Port Input	15	33842	33676	1
1	Port Input	14	33842	33676	1
1	Port Input	15	33843	33677	1
1	Port Input	14	33843	33677	1
1	Port Input	15	33843	33677	1
1	Port Input	14	33843	33677	1
1	Port Input	15	33843	33677	1
1	Port Input	14	33843	33677	2
1	Port Input	15	33844	33678	1
1	Port Input	14	33844	33678	1
1	Port Input	15	33844	33678	1
1	Port Input	14	33844	33678	1
1	Port Input	15	33844	33678	1
1	Port Input	14	33844	33678	1
1	Port Input	15	33845	33679	1
1	Port Input	14	33845	33679	1
1	Port Input	15	33845	33679	1
1	Port Input	14	33845	33679	1
1	Port Input	15	33846	33680	1
1	Port Input	14	33846	33680	1
1	Port Input	15	33846	33680	1
1	Port Input	14	33846	33680	1
1	Port Input	15	33847	33681	1
1	Port Input	14	33847	33681	1
1	Port Input	15	33847	33681	1
1	Port Input	14	33847	33681	1
1	Port Input	15	33848	33682	1
1	Port Input	14	33848	33682	1
1	Port Input	15	33849	33683	1
1	Port Input	14	33849	33683	1
1	Port Input	15	33850	33684	1
1	Port Input	14	33850	33684	1
1	Port Input	15	33850	33684	1
1	Port Input	14	33850	33684	1
1	Port Input	15	33851	33685	1
1	Port Input	14	33851	33685	1
1	Port Input	15	33851	33685	1
1	Port Input	14	33851	33685	1
1	Port Input	15	33852	33686	1
1	Port Input	14	33852	33686	1
1	Port Input	15	36582	36416	1
1	Port Input	14	36582	36416	1
1	Port Input	15	36583	36417	1
1	Port Input	14	36583	36417	1
1	Port Input	15	36583	36417	1
1	Port Input	14	36584	36418	1
1	Port Input	15	36584	36418	1
1	Port Input	14	36584	36418	1
1	Port Input	15	36584	36418	1
1	Port Input	14	36584	36418	1
1	Port Input	15	36585	36419	1
1	Port Input	14	36585	36419	1
1	Port Input	15	36585	36419	1
1	Port Input	14	36585	36419	1
1	Port Input	15	36585	36419	1
1	Port Input	14	36585	36419	1
1	Port Input	15	36585	36419	1
1	Port Input	14	36585	36419	1
1	Port Input	15	36585	36419	1
1	Port Input	14	36585	36419	1
1	Port Input	15	36586	36420	1
1	Picture	81	40198	40032	2	10008	4	39950	9950	other	0
1	Port Input	14	43312	43146	1
1	Port Input	15	43312	43146	1
1	Port Input	14	43312	43146	1
1	Port Input	15	43312	43146	1
1	Port Input	14	43312	43146	1
1	Port Input	15	43312	43146	1
1	Port Input	14	43312	43146	1
1	Port Input	15	43312	43146	1
1	Port Input	14	43312	43146	1
1	Port Input	15	43312	43146	1
1	Port Input	14	43312	43146	1
1	Port Input	15	43312	43146	1
1	Port Input	14	43312	43146	1
1	Port Input	15	43313	43147	1
1	Port Input	14	43313	43147	1
1	Port Input	15	43313	43147	1
1	Port Input	14	43313	43147	1
1	Port Input	15	43313	43147	1
1	Port Input	14	43313	43147	1
1	Port Input	15	43313	43147	1
1	Port Input	14	43313	43147	1
1	Port Input	15	43313	43147	1
1	Port Input	14	43313	43147	1
1	Port Input	15	43313	43147	1
1	Port Input	14	43313	43147	1
1	Port Input	15	43313	43147	2
1	Port Input	14	43314	43148	1
1	Port Input	15	43314	43148	1
1	Port Input	14	43314	43148	1
1	Port Input	15	43315	43149	1
1	Port Input	14	43315	43149	1
1	Port Input	15	43440	43274	1
1	Port Input	14	43440	43274	1
1	Port Input	15	43440	43274	1
1	Port Input	14	43440	43274	1
1	Port Input	15	43442	43276	1
1	Port Input	14	43442	43276	1
1	Port Input	15	43443	43277	1
1	Port Input	14	43443	43277	1
1	Port Input	15	43443	43277	1
1	Port Input	14	43443	43277	1
1	Port Input	15	43443	43277	1
1	Port Input	14	43443	43277	1
1	Port Input	15	43443	43277	2
1	Port Input	14	43443	43277	2
1	Port Input	15	43444	43278	1
1	Port Input	14	43444	43278	1
1	Port Input	15	43444	43278	1
1	Port Input	14	43444	43278	1
1	Port Input	15	43444	43278	1
1	Port Input	14	43444	43278	1
1	Port Input	15	43444	43278	1
1	Port Input	14	43444	43278	1
1	Port Input	15	43447	43281	1
1	Port Input	14	43447	43281	1
1	Port Input	15	43470	43304	1
1	Port Input	14	43470	43304	1
1	Port Input	15	43474	43308	2
1	Port Input	14	43475	43309	1
1	Port Input	15	43476	43310	1
1	Port Input	14	43476	43310	1
1	Port Input	15	43477	43311	1
1	Port Input	14	43477	43311	1
1	Port Input	15	43478	43312	1
1	Port Input	14	43478	43312	1
1	Port Input	15	43479	43313	1
1	Port Input	14	43479	43313	1
1	Port Input	15	43481	43315	1
1	Port Input	14	43481	43315	1
1	Port Input	15	43481	43315	1
1	Port Input	14	43481	43315	1
1	Port Input	15	43492	43326	1
1	Port Input	14	43492	43326	1
1	Port Input	15	43492	43326	1
1	Port Input	14	43492	43326	1
1	Port Input	15	43497	43331	2
1	Port Input	14	43498	43332	1
1	Port Input	15	45603	45437	1
1	Port Input	14	45603	45437	1
1	Port Input	15	45603	45437	1
1	Port Input	14	45603	45437	1
1	Port Input	15	45604	45438	1
1	Port Input	14	45604	45438	1
1	Port Input	15	45607	45441	1
1	Port Input	14	45607	45441	1
1	Port Input	15	45607	45441	1
1	Port Input	14	45607	45441	1
1	Port Input	15	45608	45442	1
1	Port Input	14	45608	45442	1
1	Port Input	15	45609	45443	1
1	Port Input	14	45609	45443	1
1	Port Input	15	45700	45534	1
1	Port Input	14	45700	45534	1
1	Port Input	15	45701	45535	1
1	Port Input	14	45701	45535	1
1	Port Input	15	45704	45538	1
1	Port Input	14	45704	45538	1
1	Port Input	15	45704	45538	1
1	Port Input	14	45704	45538	1
1	Port Input	15	45706	45540	1
1	Port Input	14	45706	45540	1
1	Port Input	15	45707	45541	1
1	Port Input	14	45707	45541	1
1	Port Input	15	45707	45541	1
1	Port Input	14	45707	45541	1
1	Port Input	15	45707	45541	1
1	Port Input	14	45707	45541	1
1	Port Input	15	45708	45542	1
1	Port Input	14	45708	45542	1
1	Port Input	15	45708	45542	1
1	Port Input	14	45708	45542	1
1	Port Input	15	45708	45542	1
1	Port Input	14	45708	45542	1
1	Port Input	15	45709	45543	1
1	Port Input	14	45709	45543	1
1	Port Input	15	45709	45543	1
1	Port Input	14	45710	45544	1
1	Port Input	15	45710	45544	1
1	Port Input	14	45710	45544	1
1	Port Input	15	45710	45544	1
1	Port Input	14	45710	45544	1
1	Port Input	15	45710	45544	1
1	Port Input	14	45711	45545	1
1	Port Input	15	45711	45545	1
1	Port Input	14	45711	45545	1
1	Port Input	15	45711	45545	1
1	Port Input	14	45711	45545	1
1	Port Input	15	45711	45545	1
1	Port Input	14	45711	45545	1
1	Port Input	15	45711	45545	1
1	Port Input	14	45711	45545	1
1	Port Input	15	45711	45545	2
1	Port Input	14	45712	45546	1
1	Port Input	15	45712	45546	1
1	Port Input	14	45712	45546	1
1	Port Input	15	45712	45546	1
1	Port Input	14	45712	45546	1
1	Port Input	15	45712	45546	1
1	Port Input	14	45712	45546	1
1	Port Input	15	45712	45546	1
1	Port Input	14	45712	45546	1
1	Port Input	15	45712	45546	2
1	Port Input	14	45712	45546	2
1	Port Input	15	45713	45547	1
1	Port Input	14	45713	45547	1
1	Port Input	15	45713	45547	1
1	Port Input	14	45713	45547	1
1	Port Input	15	45713	45547	2
1	Port Input	14	45714	45548	1
1	Port Input	15	45714	45548	1
1	Port Input	14	45714	45548	1
1	Port Input	15	45714	45548	1
1	Port Input	14	45714	45548	1
1	Port Input	15	45714	45548	1
1	Port Input	14	45714	45548	1
1	Port Input	15	45714	45548	1
1	Port Input	14	45714	45548	1
1	Port Input	15	45714	45548	1
1	Port Input	14	45714	45548	1
1	Port Input	15	45715	45549	1
1	Port Input	14	45715	45549	1
1	Port Input	15	45715	45549	1
1	Port Input	14	45715	45549	1
1	Port Input	15	45716	45550	1
1	Port Input	14	45716	45550	1
1	Port Input	15	45716	45550	1
1	Port Input	14	45716	45550	2
1	Port Input	15	45717	45551	1
1	Port Input	14	45717	45551	1
1	Port Input	15	45717	45551	1
1	Port Input	14	45717	45551	1
1	Port Input	15	45718	45552	1
1	Port Input	14	45718	45552	1
1	Port Input	15	45718	45552	1
1	Port Input	14	45718	45552	1
1	Port Input	15	45718	45552	1
1	Port Input	14	45718	45552	1
1	Port Input	15	45719	45553	1
1	Port Input	14	45719	45553	1
1	Port Input	15	45719	45553	1
1	Port Input	14	45719	45553	1
1	Port Input	15	45720	45554	1
1	Port Input	14	45720	45554	1
1	Port Input	15	45728	45562	1
1	Port Input	14	45728	45562	1
1	Port Input	15	45730	45564	1
1	Port Input	14	45730	45564	1
1	Port Input	15	46141	45975	1
1	Port Input	14	46141	45975	1
1	Port Input	15	46143	45977	1
1	Port Input	14	46143	45977	1
1	Port Input	15	46144	45978	1
1	Port Input	14	46144	45978	1
1	Port Input	15	46145	45979	1
1	Port Input	14	46145	45979	1
1	Port Input	15	46145	45979	1
1	Port Input	14	46145	45979	1
1	Port Input	15	46149	45983	1
1	Port Input	14	46149	45983	1
1	Port Input	15	46149	45983	1
1	Port Input	14	46149	45983	1
1	Port Input	15	46151	45985	1
1	Port Input	14	46151	45985	1
1	Port Input	15	46151	45985	1
1	Port Input	14	46151	45985	1
1	Port Input	15	46152	45986	1
1	Port Input	14	46152	45986	1
1	Port Input	15	46152	45986	1
1	Port Input	14	46152	45986	1
1	Port Input	15	46152	45986	1
1	Port Input	14	46152	45986	1
1	Port Input	15	46152	45986	1
1	Port Input	14	46152	45986	1
1	Port Input	15	46153	45987	1
1	Picture	81	60214	60048	2	10009	3	59950	9950	other	0
1	Port Input	14	62228	62062	1
1	Port Input	15	62228	62062	1
1	Port Input	14	62228	62062	1
1	Port Input	15	62229	62063	1
1	Port Input	14	62229	62063	1
1	Port Input	15	62229	62063	1
1	Port Input	14	62229	62063	1
1	Port Input	15	62229	62063	1
1	Port Input	14	62229	62063	1
1	Port Input	15	62229	62063	1
1	Port Input	14	62229	62063	1
1	Port Input	15	62368	62202	1
1	Port Input	14	62368	62202	1
1	Port Input	15	62377	62211	1
1	Port Input	14	62377	62211	1
1	Port Input	15	62387	62221	1
1	Port Input	14	62387	62221	1
1	Port Input	15	62389	62223	1
1	Port Input	14	62389	62223	1
1	Port Input	15	62391	62225	1
1	Port Input	14	62391	62225	1
1	Port Input	15	62396	62230	1
1	Port Input	14	62396	62230	1
1	Port Input	15	62397	62231	1
1	Port Input	14	62397	62231	1
1	Port Input	15	62397	62231	1
1	Port Input	14	62397	62231	1
1	Port Input	15	62400	62234	1
1	Port Input	14	62400	62234	1
1	Port Input	15	62401	62235	1
1	Port Input	14	62401	62235	1
1	Port Input	15	64336	64170	1
1	Port Input	14	64336	64170	1
1	Port Input	15	64336	64170	1
1	Port Input	14	64336	64170	1
1	Port Input	15	64337	64171	1
1	Port Input	14	64337	64171	1
1	Port Input	15	64337	64171	1
1	Port Input	14	64337	64171	1
1	Port Input	15	64338	64172	1
1	Port Input	14	64338	64172	1
1	Port Input	15	64338	64172	1
1	Port Input	14	64338	64172	1
1	Port Input	15	64339	64173	1
1	Port Input	14	64339	64173	1
1	Port Input	15	64340	64174	1
1	Port Input	14	64340	64174	1
1	Port Input	15	64341	64175	1
1	Port Input	14	64341	64175	1
1	Port Input	15	64341	64175	1
1	Port Input	14	64341	64175	1
1	Port Input	15	64342	64176	1
1	Port Input	14	64342	64176	1
1	Port Input	15	64343	64177	1
1	Port Input	14	64343	64177	1
1	Port Input	15	64352	64186	1
1	Port Input	14	64352	64186	1
1	Port Input	15	64354	64188	1
1	Port Input	14	64354	64188	1
1	Port Input	15	64371	64205	2
1	Port Input	14	64372	64206	1
1	Port Input	15	64372	64206	1
1	Port Input	14	64372	64206	1
1	Port Input	15	64372	64206	1
1	Port Input	14	64372	64206	1
1	Port Input	15	64373	64207	1
1	Port Input	14	64373	64207	1
1	Port Input	15	64376	64210	1
1	Port Input	14	64376	64210	1
1	Port Input	15	64652	64486	1
1	Port Input	14	64652	64486	1
1	Port Input	15	64653	64487	1
1	Port Input	14	64653	64487	1
1	Port Input	15	64653	64487	1
1	Port Input	14	64653	64487	1
1	Port Input	15	64653	64487	2
1	Port Input	14	64653	64487	2
1	Port Input	15	64654	64488	1
1	Port Input	14	64654	64488	1
1	Port Input	15	64654	64488	1
1	Port Input	14	64654	64488	1
1	Port Input	15	64654	64488	1
1	Port Input	14	64654	64488	1
1	Port Input	15	64654	64488	1
1	Port Input	14	64654	64488	1
1	Port Input	15	64655	64489	1
1	Port Input	14	64655	64489	1
1	Port Input	15	64655	64489	1
1	Port Input	14	64655	64489	1
1	Port Input	15	64655	64489	1
1	Port Input	14	64655	64489	1
1	Port Input	15	64656	64490	1
1	Port Input	14	64656	64490	1
1	Port Input	15	64657	64491	1
1	Port Input	14	64657	64491	1
1	Port Input	15	64657	64491	1
1	Port Input	14	64657	64491	1
1	Port Input	15	64658	64492	1
1	Port Input	14	64658	64492	1
1	Port Input	15	64658	64492	1
1	Port Input	14	64658	64492	1
1	Port Input	15	64665	64499	1
1	Port Input	14	64665	64499	1
1	Port Input	15	64665	64499	1
1	Port Input	14	64665	64499	1
1	Port Input	15	64665	64499	1
1	Port Input	14	64665	64499	1
1	Port Input	15	64665	64499	2
1	Port Input	14	64665	64499	2
1	Port Input	15	64666	64500	1
1	Port Input	14	64666	64500	1
1	Port Input	15	64666	64500	1
1	Port Input	14	64666	64500	1
1	Port Input	15	64666	64500	1
1	Port Input	14	64666	64500	1
1	Port Input	15	64666	64500	1
1	Port Input	14	64666	64500	1
1	Port Input	15	64666	64500	1
1	Port Input	14	64666	64500	1
1	Port Input	15	64666	64500	1
1	Port Input	14	64666	64500	1
1	Port Input	15	64666	64500	1
1	Port Input	14	64666	64500	1
1	Port Input	15	64666	64500	1
1	Port Input	14	64666	64500	1
1	Port Input	15	64666	64500	1
1	Port Input	14	64666	64500	1
1	Port Input	15	64667	64501	1
1	Picture	81	80231	80065	1	10008	2	79950	9950	other	0
1	Port Input	14	81684	81518	2
1	Port Input	15	81685	81519	1
1	Port Input	14	81685	81519	1
1	Port Input	15	81685	81519	1
1	Port Input	14	81685	81519	1
1	Port Input	15	81685	81519	2
1	Port Input	14	81686	81520	1
1	Port Input	15	81686	81520	1
1	Port Input	14	81686	81520	1
1	Port Input	15	81686	81520	1
1	Port Input	14	81686	81520	1
1	Port Input	15	81686	81520	1
1	Port Input	14	81686	81520	1
1	Port Input	15	81686	81520	1
1	Port Input	14	81686	81520	1
1	Port Input	15	81687	81521	1
1	Port Input	14	81687	81521	1
1	Port Input	15	81687	81521	1
1	Port Input	14	81687	81521	1
1	Port Input	15	81687	81521	1
1	Port Input	14	81687	81521	1
1	Port Input	15	81687	81521	1
1	Port Input	14	81687	81521	1
1	Port Input	15	81688	81522	1
1	Port Input	14	81688	81522	1
1	Port Input	15	81688	81522	1
1	Port Input	14	81688	81522	1
1	Port Input	15	81688	81522	1
1	Port Input	14	81688	81522	1
1	Port Input	15	81688	81522	2
1	Port Input	14	81688	81522	2
1	Port Input	15	81689	81523	1
1	Port Input	14	81689	81523	1
1	Port Input	15	81690	81524	1
1	Port Input	14	81690	81524	1
1	Port Input	15	82022	81856	1
1	Port Input	14	82022	81856	1
1	Port Input	15	82028	81862	1
1	Port Input	14	82028	81862	1
1	Port Input	15	82053	81887	1
1	Port Input	14	82053	81887	1
1	Port Input	15	82054	81888	1
1	Port Input	14	82054	81888	1
1	Port Input	15	82054	81888	1
1	Port Input	14	82054	81888	1
1	Port Input	15	82054	81888	1
1	Port Input	14	82054	81888	2
1	Port Input	15	82055	81889	1
1	Port Input	14	82055	81889	1
1	Port Input	15	82055	81889	1
1	Port Input	14	82055	81889	1
1	Port Input	15	82057	81891	1
1	Port Input	14	82057	81891	1
1	Port Input	15	82060	81894	1
1	Port Input	14	82060	81894	1
1	Port Input	15	82069	81903	1
1	Port Input	14	82069	81903	1
1	Port Input	15	82073	81907	1
1	Port Input	14	82073	81907	1
1	Port Input	15	82076	81910	1
1	Port Input	14	82076	81910	1
1	Port Input	15	82077	81911	1
1	Port Input	14	82077	81911	1
1	Port Input	15	82081	81915	1
1	Port Input	14	82081	81915	1
1	Port Input	15	82081	81915	1
1	Port Input	14	82081	81915	1
1	Port Input	15	82083	81917	1
1	Port Input	14	82083	81917	1
1	Port Input	15	82084	81918	1
1	Port Input	14	82084	81918	1
1	Port Input	15	82084	81918	1
1	Port Input	14	82084	81918	1
1	Port Input	15	82085	81919	1
1	Port Input	14	82085	81919	1
1	Port Input	15	84274	84108	1
1	Port Input	14	84274	84108	1
1	Port Input	15	84274	84108	1
1	Port Input	14	84274	84108	1
1	Port Input	15	84276	84110	1
1	Port Input	14	84276	84110	1
1	Port Input	15	84277	84111	1
1	Port Input	14	84277	84111	1
1	Port Input	15	84277	84111	1
1	Port Input	14	84277	84111	1
1	Port Input	15	84279	84113	1
1	Port Input	14	84279	84113	1
1	Port Input	15	84280	84114	1
1	Port Input	14	84280	84114	1
1	Port Input	15	84281	84115	1
1	Port Input	14	84281	84115	1
1	Port Input	15	84281	84115	1
1	Port Input	14	84281	84115	1
1	Port Input	15	84284	84118	1
1	Port Input	14	84284	84118	1
1	Port Input	15	84284	84118	1
1	Port Input	14	84284	84118	1
1	Port Input	15	84284	84118	1
1	Port Input	14	84284	84118	1
1	Port Input	15	84285	84119	1
1	Port Input	14	84285	84119	1
1	Port Input	15	84289	84123	1
1	Port Input	14	84289	84123	1
1	Port Input	15	84293	84127	1
1	Port Input	14	84293	84127	1
1	Port Input	15	84488	84322	1
1	Port Input	14	84488	84322	1
1	Port Input	15	84488	84322	1
1	Port Input	14	84488	84322	1
1	Port Input	15	84490	84324	1
1	Port Input	14	84490	84324	1
1	Port Input	15	84498	84332	1
1	Port Input	14	84498	84332	1
1	Port Input	15	84498	84332	1
1	Port Input	14	84498	84332	1
1	Port Input	15	84498	84332	1
1	Port Input	14	84498	84332	1
1	Port Input	15	84498	84332	1
1	Port Input	14	84498	84332	1
1	Port Input	15	84498	84332	1
1	Port Input	14	84498	84332	2
1	Port Input	15	84499	84333	1
1	Port Input	14	84499	84333	1
1	Port Input	15	84499	84333	1
2	Port Input	14	101757	11351	4
2	Port Input	15	101760	11354	1
2	Port Input	14	101760	11354	4
2	Port Input	15	104867	14461	4
2	Port Input	14	104870	14464	1
2	Port Input	15	104873	14467	1
2	Port Input	7	110753	20347	4
2	Port Input	15	110756	20350	4
2	Port Input	7	110759	20353	1
2	Port Input	15	114161	23755	4
2	Port Input	11	117138	26732	4
2	Port Input	9	117197	26791	4
2	Port Input	13	119519	29113	4
2	Port Input	15	119554	29148	4
2	Response	100	121645	31239	4
3	Response	100	139728	17964	1
4	Response	100	158766	18987	5
5	Response	100	178287	19493	4
6	Response	100	197566	19256	4
7	Response	100	217164	19505	5
8	Response	100	236687	19346	5
9	Response	100	256925	20068	4
10	Response	100	276444	19404	5
11	Response	100	296445	19889	4
12	Response	100	316847	20275	4
13	Quit		335531	18610
